# JRE version: Java(TM) SE Runtime Environment (8.0_201-b09) (build 1.8.0_201-b09)
# Java VM: Java HotSpot(TM) 64-Bit Server VM (25.201-b09 mixed mode linux-amd64 compressed oops)
Heap:
 PSYoungGen      total 252416K, used 34573K [0x00000000eb900000, 0x00000000fed80000, 0x0000000100000000)
  eden space 188928K, 0% used [0x00000000eb900000,0x00000000eb900000,0x00000000f7180000)
  from space 63488K, 54% used [0x00000000f7180000,0x00000000f9343470,0x00000000faf80000)
  to   space 60928K, 0% used [0x00000000fb200000,0x00000000fb200000,0x00000000fed80000)
 ParOldGen       total 371200K, used 279286K [0x00000000c2a00000, 0x00000000d9480000, 0x00000000eb900000)
  object space 371200K, 75% used [0x00000000c2a00000,0x00000000d3abda98,0x00000000d9480000)
 Metaspace       used 62493K, capacity 70954K, committed 71168K, reserved 1112064K
  class space    used 5139K, capacity 9470K, committed 9472K, reserved 1048576K
GC Heap History (10 events):
Event: 188.769 GC heap after
Heap after GC invocations=100 (full 6):
 PSYoungGen      total 222720K, used 27604K [0x00000000eb900000, 0x00000000fdc80000, 0x0000000100000000)
  eden space 155136K, 0% used [0x00000000eb900000,0x00000000eb900000,0x00000000f5080000)
  from space 67584K, 40% used [0x00000000f9a80000,0x00000000fb5751b0,0x00000000fdc80000)
  to   space 71680K, 0% used [0x00000000f5080000,0x00000000f5080000,0x00000000f9680000)
 ParOldGen       total 371200K, used 266150K [0x00000000c2a00000, 0x00000000d9480000, 0x00000000eb900000)
  object space 371200K, 71% used [0x00000000c2a00000,0x00000000d2de9818,0x00000000d9480000)
 Metaspace       used 54024K, capacity 60264K, committed 60544K, reserved 1101824K
  class space    used 4639K, capacity 7709K, committed 7808K, reserved 1048576K
}
Event: 189.785 GC heap before
{Heap before GC invocations=101 (full 6):
 PSYoungGen      total 222720K, used 182740K [0x00000000eb900000, 0x00000000fdc80000, 0x0000000100000000)
  eden space 155136K, 100% used [0x00000000eb900000,0x00000000f5080000,0x00000000f5080000)
  from space 67584K, 40% used [0x00000000f9a80000,0x00000000fb5751b0,0x00000000fdc80000)
  to   space 71680K, 0% used [0x00000000f5080000,0x00000000f5080000,0x00000000f9680000)
 ParOldGen       total 371200K, used 266150K [0x00000000c2a00000, 0x00000000d9480000, 0x00000000eb900000)
  object space 371200K, 71% used [0x00000000c2a00000,0x00000000d2de9818,0x00000000d9480000)
 Metaspace       used 55293K, capacity 61912K, committed 62080K, reserved 1103872K
  class space    used 4717K, capacity 7989K, committed 8064K, reserved 1048576K
Event: 189.850 GC heap after
Heap after GC invocations=101 (full 6):
 PSYoungGen      total 226816K, used 30206K [0x00000000eb900000, 0x00000000fe600000, 0x0000000100000000)
  eden space 155136K, 0% used [0x00000000eb900000,0x00000000eb900000,0x00000000f5080000)
  from space 71680K, 42% used [0x00000000f5080000,0x00000000f6dffa50,0x00000000f9680000)
  to   space 68608K, 0% used [0x00000000fa300000,0x00000000fa300000,0x00000000fe600000)
 ParOldGen       total 371200K, used 266158K [0x00000000c2a00000, 0x00000000d9480000, 0x00000000eb900000)
  object space 371200K, 71% used [0x00000000c2a00000,0x00000000d2deb818,0x00000000d9480000)
 Metaspace       used 55293K, capacity 61912K, committed 62080K, reserved 1103872K
  class space    used 4717K, capacity 7989K, committed 8064K, reserved 1048576K
}
Event: 190.847 GC heap before
{Heap before GC invocations=102 (full 6):
 PSYoungGen      total 226816K, used 185342K [0x00000000eb900000, 0x00000000fe600000, 0x0000000100000000)
  eden space 155136K, 100% used [0x00000000eb900000,0x00000000f5080000,0x00000000f5080000)
  from space 71680K, 42% used [0x00000000f5080000,0x00000000f6dffa50,0x00000000f9680000)
  to   space 68608K, 0% used [0x00000000fa300000,0x00000000fa300000,0x00000000fe600000)
 ParOldGen       total 371200K, used 266158K [0x00000000c2a00000, 0x00000000d9480000, 0x00000000eb900000)
  object space 371200K, 71% used [0x00000000c2a00000,0x00000000d2deb818,0x00000000d9480000)
 Metaspace       used 56927K, capacity 63938K, committed 64128K, reserved 1105920K
  class space    used 4809K, capacity 8310K, committed 8320K, reserved 1048576K
Event: 190.902 GC heap after
Heap after GC invocations=102 (full 6):
 PSYoungGen      total 235520K, used 32110K [0x00000000eb900000, 0x00000000fe200000, 0x0000000100000000)
  eden space 171008K, 0% used [0x00000000eb900000,0x00000000eb900000,0x00000000f6000000)
  from space 64512K, 49% used [0x00000000fa300000,0x00000000fc25bba8,0x00000000fe200000)
  to   space 66560K, 0% used [0x00000000f6000000,0x00000000f6000000,0x00000000fa100000)
 ParOldGen       total 371200K, used 269413K [0x00000000c2a00000, 0x00000000d9480000, 0x00000000eb900000)
  object space 371200K, 72% used [0x00000000c2a00000,0x00000000d31197b8,0x00000000d9480000)
 Metaspace       used 56927K, capacity 63938K, committed 64128K, reserved 1105920K
  class space    used 4809K, capacity 8310K, committed 8320K, reserved 1048576K
}
Event: 191.749 GC heap before
{Heap before GC invocations=103 (full 6):
 PSYoungGen      total 235520K, used 203118K [0x00000000eb900000, 0x00000000fe200000, 0x0000000100000000)
  eden space 171008K, 100% used [0x00000000eb900000,0x00000000f6000000,0x00000000f6000000)
  from space 64512K, 49% used [0x00000000fa300000,0x00000000fc25bba8,0x00000000fe200000)
  to   space 66560K, 0% used [0x00000000f6000000,0x00000000f6000000,0x00000000fa100000)
 ParOldGen       total 371200K, used 269413K [0x00000000c2a00000, 0x00000000d9480000, 0x00000000eb900000)
  object space 371200K, 72% used [0x00000000c2a00000,0x00000000d31197b8,0x00000000d9480000)
 Metaspace       used 58697K, capacity 66134K, committed 66304K, reserved 1107968K
  class space    used 4912K, capacity 8670K, committed 8704K, reserved 1048576K
Event: 191.844 GC heap after
Heap after GC invocations=103 (full 6):
 PSYoungGen      total 237568K, used 32859K [0x00000000eb900000, 0x00000000ff180000, 0x0000000100000000)
  eden space 171008K, 0% used [0x00000000eb900000,0x00000000eb900000,0x00000000f6000000)
  from space 66560K, 49% used [0x00000000f6000000,0x00000000f8016f48,0x00000000fa100000)
  to   space 65024K, 0% used [0x00000000fb200000,0x00000000fb200000,0x00000000ff180000)
 ParOldGen       total 371200K, used 272054K [0x00000000c2a00000, 0x00000000d9480000, 0x00000000eb900000)
  object space 371200K, 73% used [0x00000000c2a00000,0x00000000d33ad878,0x00000000d9480000)
 Metaspace       used 58697K, capacity 66134K, committed 66304K, reserved 1107968K
  class space    used 4912K, capacity 8670K, committed 8704K, reserved 1048576K
}
Event: 194.163 GC heap before
{Heap before GC invocations=104 (full 6):
 PSYoungGen      total 237568K, used 203867K [0x00000000eb900000, 0x00000000ff180000, 0x0000000100000000)
  eden space 171008K, 100% used [0x00000000eb900000,0x00000000f6000000,0x00000000f6000000)
  from space 66560K, 49% used [0x00000000f6000000,0x00000000f8016f48,0x00000000fa100000)
  to   space 65024K, 0% used [0x00000000fb200000,0x00000000fb200000,0x00000000ff180000)
 ParOldGen       total 371200K, used 272054K [0x00000000c2a00000, 0x00000000d9480000, 0x00000000eb900000)
  object space 371200K, 73% used [0x00000000c2a00000,0x00000000d33ad878,0x00000000d9480000)
 Metaspace       used 60554K, capacity 68510K, committed 68736K, reserved 1110016K
  class space    used 5026K, capacity 9070K, committed 9088K, reserved 1048576K
Event: 194.234 GC heap after
Heap after GC invocations=104 (full 6):
 PSYoungGen      total 249856K, used 32523K [0x00000000eb900000, 0x00000000fed80000, 0x0000000100000000)
  eden space 188928K, 0% used [0x00000000eb900000,0x00000000eb900000,0x00000000f7180000)
  from space 60928K, 53% used [0x00000000fb200000,0x00000000fd1c2e90,0x00000000fed80000)
  to   space 63488K, 0% used [0x00000000f7180000,0x00000000f7180000,0x00000000faf80000)
 ParOldGen       total 371200K, used 276342K [0x00000000c2a00000, 0x00000000d9480000, 0x00000000eb900000)
  object space 371200K, 74% used [0x00000000c2a00000,0x00000000d37dd9b8,0x00000000d9480000)
 Metaspace       used 60554K, capacity 68510K, committed 68736K, reserved 1110016K
  class space    used 5026K, capacity 9070K, committed 9088K, reserved 1048576K
}
Event: 196.287 GC heap before
{Heap before GC invocations=105 (full 6):
 PSYoungGen      total 249856K, used 221451K [0x00000000eb900000, 0x00000000fed80000, 0x0000000100000000)
  eden space 188928K, 100% used [0x00000000eb900000,0x00000000f7180000,0x00000000f7180000)
  from space 60928K, 53% used [0x00000000fb200000,0x00000000fd1c2e90,0x00000000fed80000)
  to   space 63488K, 0% used [0x00000000f7180000,0x00000000f7180000,0x00000000faf80000)
 ParOldGen       total 371200K, used 276342K [0x00000000c2a00000, 0x00000000d9480000, 0x00000000eb900000)
  object space 371200K, 74% used [0x00000000c2a00000,0x00000000d37dd9b8,0x00000000d9480000)
 Metaspace       used 62493K, capacity 70954K, committed 71168K, reserved 1112064K
  class space    used 5139K, capacity 9470K, committed 9472K, reserved 1048576K

