# JRE version: Java(TM) SE Runtime Environment (8.0_201-b09) (build 1.8.0_201-b09)
# Java VM: Java HotSpot(TM) 64-Bit Server VM (25.201-b09 mixed mode linux-amd64 compressed oops)
Heap:
 PSYoungGen      total 209408K, used 2000K [0x00000000eb900000, 0x00000000f8d00000, 0x0000000100000000)
  eden space 202240K, 0% used [0x00000000eb900000,0x00000000eb900000,0x00000000f7e80000)
  from space 7168K, 27% used [0x00000000f7e80000,0x00000000f8074010,0x00000000f8580000)
  to   space 6656K, 0% used [0x00000000f8580000,0x00000000f8580000,0x00000000f8c00000)
 ParOldGen       total 42496K, used 21790K [0x00000000c2a00000, 0x00000000c5380000, 0x00000000eb900000)
  object space 42496K, 51% used [0x00000000c2a00000,0x00000000c3f47890,0x00000000c5380000)
 Metaspace       used 14189K, capacity 14662K, committed 14848K, reserved 1062912K
  class space    used 1607K, capacity 1747K, committed 1792K, reserved 1048576K
GC Heap History (10 events):
Event: 35.741 GC heap after
Heap after GC invocations=6 (full 0):
 PSYoungGen      total 70144K, used 4928K [0x00000000eb900000, 0x00000000f0400000, 0x0000000100000000)
  eden space 63488K, 0% used [0x00000000eb900000,0x00000000eb900000,0x00000000ef700000)
  from space 6656K, 74% used [0x00000000efd80000,0x00000000f0250060,0x00000000f0400000)
  to   space 6656K, 0% used [0x00000000ef700000,0x00000000ef700000,0x00000000efd80000)
 ParOldGen       total 42496K, used 8786K [0x00000000c2a00000, 0x00000000c5380000, 0x00000000eb900000)
  object space 42496K, 20% used [0x00000000c2a00000,0x00000000c3294938,0x00000000c5380000)
 Metaspace       used 14100K, capacity 14598K, committed 14848K, reserved 1062912K
  class space    used 1607K, capacity 1747K, committed 1792K, reserved 1048576K
}
Event: 36.346 GC heap before
{Heap before GC invocations=7 (full 0):
 PSYoungGen      total 70144K, used 68416K [0x00000000eb900000, 0x00000000f0400000, 0x0000000100000000)
  eden space 63488K, 100% used [0x00000000eb900000,0x00000000ef700000,0x00000000ef700000)
  from space 6656K, 74% used [0x00000000efd80000,0x00000000f0250060,0x00000000f0400000)
  to   space 6656K, 0% used [0x00000000ef700000,0x00000000ef700000,0x00000000efd80000)
 ParOldGen       total 42496K, used 8786K [0x00000000c2a00000, 0x00000000c5380000, 0x00000000eb900000)
  object space 42496K, 20% used [0x00000000c2a00000,0x00000000c3294938,0x00000000c5380000)
 Metaspace       used 14120K, capacity 14598K, committed 14848K, reserved 1062912K
  class space    used 1607K, capacity 1747K, committed 1792K, reserved 1048576K
Event: 36.388 GC heap after
Heap after GC invocations=7 (full 0):
 PSYoungGen      total 70144K, used 5392K [0x00000000eb900000, 0x00000000f4200000, 0x0000000100000000)
  eden space 63488K, 0% used [0x00000000eb900000,0x00000000eb900000,0x00000000ef700000)
  from space 6656K, 81% used [0x00000000ef700000,0x00000000efc44010,0x00000000efd80000)
  to   space 6656K, 0% used [0x00000000f3b80000,0x00000000f3b80000,0x00000000f4200000)
 ParOldGen       total 42496K, used 9303K [0x00000000c2a00000, 0x00000000c5380000, 0x00000000eb900000)
  object space 42496K, 21% used [0x00000000c2a00000,0x00000000c3315d98,0x00000000c5380000)
 Metaspace       used 14120K, capacity 14598K, committed 14848K, reserved 1062912K
  class space    used 1607K, capacity 1747K, committed 1792K, reserved 1048576K
}
Event: 36.846 GC heap before
{Heap before GC invocations=8 (full 0):
 PSYoungGen      total 70144K, used 68880K [0x00000000eb900000, 0x00000000f4200000, 0x0000000100000000)
  eden space 63488K, 100% used [0x00000000eb900000,0x00000000ef700000,0x00000000ef700000)
  from space 6656K, 81% used [0x00000000ef700000,0x00000000efc44010,0x00000000efd80000)
  to   space 6656K, 0% used [0x00000000f3b80000,0x00000000f3b80000,0x00000000f4200000)
 ParOldGen       total 42496K, used 9303K [0x00000000c2a00000, 0x00000000c5380000, 0x00000000eb900000)
  object space 42496K, 21% used [0x00000000c2a00000,0x00000000c3315d98,0x00000000c5380000)
 Metaspace       used 14134K, capacity 14598K, committed 14848K, reserved 1062912K
  class space    used 1607K, capacity 1747K, committed 1792K, reserved 1048576K
Event: 36.866 GC heap after
Heap after GC invocations=8 (full 0):
 PSYoungGen      total 133120K, used 5952K [0x00000000eb900000, 0x00000000f4300000, 0x0000000100000000)
  eden space 126464K, 0% used [0x00000000eb900000,0x00000000eb900000,0x00000000f3480000)
  from space 6656K, 89% used [0x00000000f3b80000,0x00000000f4150070,0x00000000f4200000)
  to   space 7168K, 0% used [0x00000000f3480000,0x00000000f3480000,0x00000000f3b80000)
 ParOldGen       total 42496K, used 10535K [0x00000000c2a00000, 0x00000000c5380000, 0x00000000eb900000)
  object space 42496K, 24% used [0x00000000c2a00000,0x00000000c3449d98,0x00000000c5380000)
 Metaspace       used 14134K, capacity 14598K, committed 14848K, reserved 1062912K
  class space    used 1607K, capacity 1747K, committed 1792K, reserved 1048576K
}
Event: 37.893 GC heap before
{Heap before GC invocations=9 (full 0):
 PSYoungGen      total 133120K, used 132416K [0x00000000eb900000, 0x00000000f4300000, 0x0000000100000000)
  eden space 126464K, 100% used [0x00000000eb900000,0x00000000f3480000,0x00000000f3480000)
  from space 6656K, 89% used [0x00000000f3b80000,0x00000000f4150070,0x00000000f4200000)
  to   space 7168K, 0% used [0x00000000f3480000,0x00000000f3480000,0x00000000f3b80000)
 ParOldGen       total 42496K, used 10535K [0x00000000c2a00000, 0x00000000c5380000, 0x00000000eb900000)
  object space 42496K, 24% used [0x00000000c2a00000,0x00000000c3449d98,0x00000000c5380000)
 Metaspace       used 14154K, capacity 14662K, committed 14848K, reserved 1062912K
  class space    used 1607K, capacity 1747K, committed 1792K, reserved 1048576K
Event: 37.921 GC heap after
Heap after GC invocations=9 (full 0):
 PSYoungGen      total 133632K, used 4608K [0x00000000eb900000, 0x00000000f8c00000, 0x0000000100000000)
  eden space 126464K, 0% used [0x00000000eb900000,0x00000000eb900000,0x00000000f3480000)
  from space 7168K, 64% used [0x00000000f3480000,0x00000000f39001d0,0x00000000f3b80000)
  to   space 6656K, 0% used [0x00000000f8580000,0x00000000f8580000,0x00000000f8c00000)
 ParOldGen       total 42496K, used 13701K [0x00000000c2a00000, 0x00000000c5380000, 0x00000000eb900000)
  object space 42496K, 32% used [0x00000000c2a00000,0x00000000c37617b8,0x00000000c5380000)
 Metaspace       used 14154K, capacity 14662K, committed 14848K, reserved 1062912K
  class space    used 1607K, capacity 1747K, committed 1792K, reserved 1048576K
}
Event: 38.706 GC heap before
{Heap before GC invocations=10 (full 0):
 PSYoungGen      total 133632K, used 131072K [0x00000000eb900000, 0x00000000f8c00000, 0x0000000100000000)
  eden space 126464K, 100% used [0x00000000eb900000,0x00000000f3480000,0x00000000f3480000)
  from space 7168K, 64% used [0x00000000f3480000,0x00000000f39001d0,0x00000000f3b80000)
  to   space 6656K, 0% used [0x00000000f8580000,0x00000000f8580000,0x00000000f8c00000)
 ParOldGen       total 42496K, used 13701K [0x00000000c2a00000, 0x00000000c5380000, 0x00000000eb900000)
  object space 42496K, 32% used [0x00000000c2a00000,0x00000000c37617b8,0x00000000c5380000)
 Metaspace       used 14176K, capacity 14662K, committed 14848K, reserved 1062912K
  class space    used 1607K, capacity 1747K, committed 1792K, reserved 1048576K
Event: 38.729 GC heap after
Heap after GC invocations=10 (full 0):
 PSYoungGen      total 208896K, used 5464K [0x00000000eb900000, 0x00000000f8d00000, 0x0000000100000000)
  eden space 202240K, 0% used [0x00000000eb900000,0x00000000eb900000,0x00000000f7e80000)
  from space 6656K, 82% used [0x00000000f8580000,0x00000000f8ad6238,0x00000000f8c00000)
  to   space 7168K, 0% used [0x00000000f7e80000,0x00000000f7e80000,0x00000000f8580000)
 ParOldGen       total 42496K, used 16393K [0x00000000c2a00000, 0x00000000c5380000, 0x00000000eb900000)
  object space 42496K, 38% used [0x00000000c2a00000,0x00000000c3a02708,0x00000000c5380000)
 Metaspace       used 14176K, capacity 14662K, committed 14848K, reserved 1062912K
  class space    used 1607K, capacity 1747K, committed 1792K, reserved 1048576K
}
Event: 40.043 GC heap before
{Heap before GC invocations=11 (full 0):
 PSYoungGen      total 208896K, used 207704K [0x00000000eb900000, 0x00000000f8d00000, 0x0000000100000000)
  eden space 202240K, 100% used [0x00000000eb900000,0x00000000f7e80000,0x00000000f7e80000)
  from space 6656K, 82% used [0x00000000f8580000,0x00000000f8ad6238,0x00000000f8c00000)
  to   space 7168K, 0% used [0x00000000f7e80000,0x00000000f7e80000,0x00000000f8580000)
 ParOldGen       total 42496K, used 16393K [0x00000000c2a00000, 0x00000000c5380000, 0x00000000eb900000)
  object space 42496K, 38% used [0x00000000c2a00000,0x00000000c3a02708,0x00000000c5380000)
 Metaspace       used 14189K, capacity 14662K, committed 14848K, reserved 1062912K
  class space    used 1607K, capacity 1747K, committed 1792K, reserved 1048576K

