# JRE version: Java(TM) SE Runtime Environment (8.0_201-b09) (build 1.8.0_201-b09)
# Java VM: Java HotSpot(TM) 64-Bit Server VM (25.201-b09 mixed mode linux-amd64 compressed oops)
Heap:
 PSYoungGen      total 63488K, used 46330K [0x00000000eb900000, 0x00000000f3900000, 0x0000000100000000)
  eden space 57344K, 70% used [0x00000000eb900000,0x00000000ee03eb30,0x00000000ef100000)
  from space 6144K, 100% used [0x00000000ef100000,0x00000000ef700000,0x00000000ef700000)
  to   space 8192K, 0% used [0x00000000f3100000,0x00000000f3100000,0x00000000f3900000)
 ParOldGen       total 42496K, used 15353K [0x00000000c2a00000, 0x00000000c5380000, 0x00000000eb900000)
  object space 42496K, 36% used [0x00000000c2a00000,0x00000000c38fe7d0,0x00000000c5380000)
 Metaspace       used 14749K, capacity 15198K, committed 15360K, reserved 1062912K
  class space    used 1628K, capacity 1767K, committed 1792K, reserved 1048576K
GC Heap History (10 events):
Event: 34.222 GC heap before
{Heap before GC invocations=6 (full 1):
 PSYoungGen      total 18432K, used 18416K [0x00000000eb900000, 0x00000000edd00000, 0x0000000100000000)
  eden space 15872K, 100% used [0x00000000eb900000,0x00000000ec880000,0x00000000ec880000)
  from space 2560K, 99% used [0x00000000ecb00000,0x00000000ecd7c010,0x00000000ecd80000)
  to   space 2560K, 0% used [0x00000000ec880000,0x00000000ec880000,0x00000000ecb00000)
 ParOldGen       total 42496K, used 8395K [0x00000000c2a00000, 0x00000000c5380000, 0x00000000eb900000)
  object space 42496K, 19% used [0x00000000c2a00000,0x00000000c3232f50,0x00000000c5380000)
 Metaspace       used 13739K, capacity 14112K, committed 14336K, reserved 1062912K
  class space    used 1586K, capacity 1702K, committed 1792K, reserved 1048576K
Event: 34.232 GC heap after
Heap after GC invocations=6 (full 1):
 PSYoungGen      total 18432K, used 2544K [0x00000000eb900000, 0x00000000edd00000, 0x0000000100000000)
  eden space 15872K, 0% used [0x00000000eb900000,0x00000000eb900000,0x00000000ec880000)
  from space 2560K, 99% used [0x00000000ec880000,0x00000000ecafc010,0x00000000ecb00000)
  to   space 2560K, 0% used [0x00000000eda80000,0x00000000eda80000,0x00000000edd00000)
 ParOldGen       total 42496K, used 9605K [0x00000000c2a00000, 0x00000000c5380000, 0x00000000eb900000)
  object space 42496K, 22% used [0x00000000c2a00000,0x00000000c3361450,0x00000000c5380000)
 Metaspace       used 13739K, capacity 14112K, committed 14336K, reserved 1062912K
  class space    used 1586K, capacity 1702K, committed 1792K, reserved 1048576K
}
Event: 34.800 GC heap before
{Heap before GC invocations=7 (full 1):
 PSYoungGen      total 18432K, used 18416K [0x00000000eb900000, 0x00000000edd00000, 0x0000000100000000)
  eden space 15872K, 100% used [0x00000000eb900000,0x00000000ec880000,0x00000000ec880000)
  from space 2560K, 99% used [0x00000000ec880000,0x00000000ecafc010,0x00000000ecb00000)
  to   space 2560K, 0% used [0x00000000eda80000,0x00000000eda80000,0x00000000edd00000)
 ParOldGen       total 42496K, used 9605K [0x00000000c2a00000, 0x00000000c5380000, 0x00000000eb900000)
  object space 42496K, 22% used [0x00000000c2a00000,0x00000000c3361450,0x00000000c5380000)
 Metaspace       used 13796K, capacity 14182K, committed 14336K, reserved 1062912K
  class space    used 1587K, capacity 1703K, committed 1792K, reserved 1048576K
Event: 34.812 GC heap after
Heap after GC invocations=7 (full 1):
 PSYoungGen      total 31744K, used 2528K [0x00000000eb900000, 0x00000000ee200000, 0x0000000100000000)
  eden space 29184K, 0% used [0x00000000eb900000,0x00000000eb900000,0x00000000ed580000)
  from space 2560K, 98% used [0x00000000eda80000,0x00000000edcf8010,0x00000000edd00000)
  to   space 5120K, 0% used [0x00000000ed580000,0x00000000ed580000,0x00000000eda80000)
 ParOldGen       total 42496K, used 10525K [0x00000000c2a00000, 0x00000000c5380000, 0x00000000eb900000)
  object space 42496K, 24% used [0x00000000c2a00000,0x00000000c34475b0,0x00000000c5380000)
 Metaspace       used 13796K, capacity 14182K, committed 14336K, reserved 1062912K
  class space    used 1587K, capacity 1703K, committed 1792K, reserved 1048576K
}
Event: 35.479 GC heap before
{Heap before GC invocations=8 (full 1):
 PSYoungGen      total 31744K, used 31712K [0x00000000eb900000, 0x00000000ee200000, 0x0000000100000000)
  eden space 29184K, 100% used [0x00000000eb900000,0x00000000ed580000,0x00000000ed580000)
  from space 2560K, 98% used [0x00000000eda80000,0x00000000edcf8010,0x00000000edd00000)
  to   space 5120K, 0% used [0x00000000ed580000,0x00000000ed580000,0x00000000eda80000)
 ParOldGen       total 42496K, used 10525K [0x00000000c2a00000, 0x00000000c5380000, 0x00000000eb900000)
  object space 42496K, 24% used [0x00000000c2a00000,0x00000000c34475b0,0x00000000c5380000)
 Metaspace       used 13861K, capacity 14246K, committed 14336K, reserved 1062912K
  class space    used 1587K, capacity 1703K, committed 1792K, reserved 1048576K
Event: 35.490 GC heap after
Heap after GC invocations=8 (full 1):
 PSYoungGen      total 34304K, used 4560K [0x00000000eb900000, 0x00000000efc00000, 0x0000000100000000)
  eden space 29184K, 0% used [0x00000000eb900000,0x00000000eb900000,0x00000000ed580000)
  from space 5120K, 89% used [0x00000000ed580000,0x00000000ed9f41c0,0x00000000eda80000)
  to   space 5120K, 0% used [0x00000000ef700000,0x00000000ef700000,0x00000000efc00000)
 ParOldGen       total 42496K, used 10525K [0x00000000c2a00000, 0x00000000c5380000, 0x00000000eb900000)
  object space 42496K, 24% used [0x00000000c2a00000,0x00000000c34475b0,0x00000000c5380000)
 Metaspace       used 13861K, capacity 14246K, committed 14336K, reserved 1062912K
  class space    used 1587K, capacity 1703K, committed 1792K, reserved 1048576K
}
Event: 36.039 GC heap before
{Heap before GC invocations=9 (full 1):
 PSYoungGen      total 34304K, used 33744K [0x00000000eb900000, 0x00000000efc00000, 0x0000000100000000)
  eden space 29184K, 100% used [0x00000000eb900000,0x00000000ed580000,0x00000000ed580000)
  from space 5120K, 89% used [0x00000000ed580000,0x00000000ed9f41c0,0x00000000eda80000)
  to   space 5120K, 0% used [0x00000000ef700000,0x00000000ef700000,0x00000000efc00000)
 ParOldGen       total 42496K, used 10525K [0x00000000c2a00000, 0x00000000c5380000, 0x00000000eb900000)
  object space 42496K, 24% used [0x00000000c2a00000,0x00000000c34475b0,0x00000000c5380000)
 Metaspace       used 13881K, capacity 14246K, committed 14336K, reserved 1062912K
  class space    used 1587K, capacity 1703K, committed 1792K, reserved 1048576K
Event: 36.063 GC heap after
Heap after GC invocations=9 (full 1):
 PSYoungGen      total 62464K, used 5088K [0x00000000eb900000, 0x00000000efe00000, 0x0000000100000000)
  eden space 57344K, 0% used [0x00000000eb900000,0x00000000eb900000,0x00000000ef100000)
  from space 5120K, 99% used [0x00000000ef700000,0x00000000efbf80a0,0x00000000efc00000)
  to   space 6144K, 0% used [0x00000000ef100000,0x00000000ef100000,0x00000000ef700000)
 ParOldGen       total 42496K, used 12233K [0x00000000c2a00000, 0x00000000c5380000, 0x00000000eb900000)
  object space 42496K, 28% used [0x00000000c2a00000,0x00000000c35f25c0,0x00000000c5380000)
 Metaspace       used 13881K, capacity 14246K, committed 14336K, reserved 1062912K
  class space    used 1587K, capacity 1703K, committed 1792K, reserved 1048576K
}
Event: 37.112 GC heap before
{Heap before GC invocations=10 (full 1):
 PSYoungGen      total 62464K, used 62432K [0x00000000eb900000, 0x00000000efe00000, 0x0000000100000000)
  eden space 57344K, 100% used [0x00000000eb900000,0x00000000ef100000,0x00000000ef100000)
  from space 5120K, 99% used [0x00000000ef700000,0x00000000efbf80a0,0x00000000efc00000)
  to   space 6144K, 0% used [0x00000000ef100000,0x00000000ef100000,0x00000000ef700000)
 ParOldGen       total 42496K, used 12233K [0x00000000c2a00000, 0x00000000c5380000, 0x00000000eb900000)
  object space 42496K, 28% used [0x00000000c2a00000,0x00000000c35f25c0,0x00000000c5380000)
 Metaspace       used 13905K, capacity 14246K, committed 14336K, reserved 1062912K
  class space    used 1587K, capacity 1703K, committed 1792K, reserved 1048576K
Event: 37.139 GC heap after
Heap after GC invocations=10 (full 1):
 PSYoungGen      total 63488K, used 6144K [0x00000000eb900000, 0x00000000f3900000, 0x0000000100000000)
  eden space 57344K, 0% used [0x00000000eb900000,0x00000000eb900000,0x00000000ef100000)
  from space 6144K, 100% used [0x00000000ef100000,0x00000000ef700000,0x00000000ef700000)
  to   space 8192K, 0% used [0x00000000f3100000,0x00000000f3100000,0x00000000f3900000)
 ParOldGen       total 42496K, used 15353K [0x00000000c2a00000, 0x00000000c5380000, 0x00000000eb900000)
  object space 42496K, 36% used [0x00000000c2a00000,0x00000000c38fe7d0,0x00000000c5380000)
 Metaspace       used 13905K, capacity 14246K, committed 14336K, reserved 1062912K
  class space    used 1587K, capacity 1703K, committed 1792K, reserved 1048576K
}

