# JRE version: Java(TM) SE Runtime Environment (8.0_201-b09) (build 1.8.0_201-b09)
# Java VM: Java HotSpot(TM) 64-Bit Server VM (25.201-b09 mixed mode linux-amd64 compressed oops)
Heap:
 PSYoungGen      total 200704K, used 416K [0x00000000eb900000, 0x00000000fad00000, 0x0000000100000000)
  eden space 195072K, 0% used [0x00000000eb900000,0x00000000eb900000,0x00000000f7780000)
  from space 5632K, 7% used [0x00000000fa200000,0x00000000fa268000,0x00000000fa780000)
  to   space 512K, 0% used [0x00000000fac80000,0x00000000fac80000,0x00000000fad00000)
 ParOldGen       total 42496K, used 9496K [0x00000000c2a00000, 0x00000000c5380000, 0x00000000eb900000)
  object space 42496K, 22% used [0x00000000c2a00000,0x00000000c33460c0,0x00000000c5380000)
 Metaspace       used 13716K, capacity 14136K, committed 14336K, reserved 1062912K
  class space    used 1589K, capacity 1706K, committed 1792K, reserved 1048576K
GC Heap History (10 events):
Event: 50.030 GC heap after
Heap after GC invocations=7 (full 1):
 PSYoungGen      total 63488K, used 2544K [0x00000000eb900000, 0x00000000f0100000, 0x0000000100000000)
  eden space 60928K, 0% used [0x00000000eb900000,0x00000000eb900000,0x00000000ef480000)
  from space 2560K, 99% used [0x00000000ef980000,0x00000000efbfc010,0x00000000efc00000)
  to   space 5120K, 0% used [0x00000000ef480000,0x00000000ef480000,0x00000000ef980000)
 ParOldGen       total 42496K, used 6864K [0x00000000c2a00000, 0x00000000c5380000, 0x00000000eb900000)
  object space 42496K, 16% used [0x00000000c2a00000,0x00000000c30b4368,0x00000000c5380000)
 Metaspace       used 13700K, capacity 14136K, committed 14336K, reserved 1062912K
  class space    used 1589K, capacity 1706K, committed 1792K, reserved 1048576K
}
Event: 50.296 GC heap before
{Heap before GC invocations=8 (full 1):
 PSYoungGen      total 63488K, used 63472K [0x00000000eb900000, 0x00000000f0100000, 0x0000000100000000)
  eden space 60928K, 100% used [0x00000000eb900000,0x00000000ef480000,0x00000000ef480000)
  from space 2560K, 99% used [0x00000000ef980000,0x00000000efbfc010,0x00000000efc00000)
  to   space 5120K, 0% used [0x00000000ef480000,0x00000000ef480000,0x00000000ef980000)
 ParOldGen       total 42496K, used 6864K [0x00000000c2a00000, 0x00000000c5380000, 0x00000000eb900000)
  object space 42496K, 16% used [0x00000000c2a00000,0x00000000c30b4368,0x00000000c5380000)
 Metaspace       used 13701K, capacity 14136K, committed 14336K, reserved 1062912K
  class space    used 1589K, capacity 1706K, committed 1792K, reserved 1048576K
Event: 50.312 GC heap after
Heap after GC invocations=8 (full 1):
 PSYoungGen      total 66048K, used 2640K [0x00000000eb900000, 0x00000000f3a00000, 0x0000000100000000)
  eden space 60928K, 0% used [0x00000000eb900000,0x00000000eb900000,0x00000000ef480000)
  from space 5120K, 51% used [0x00000000ef480000,0x00000000ef714010,0x00000000ef980000)
  to   space 5120K, 0% used [0x00000000f3500000,0x00000000f3500000,0x00000000f3a00000)
 ParOldGen       total 42496K, used 6872K [0x00000000c2a00000, 0x00000000c5380000, 0x00000000eb900000)
  object space 42496K, 16% used [0x00000000c2a00000,0x00000000c30b6368,0x00000000c5380000)
 Metaspace       used 13701K, capacity 14136K, committed 14336K, reserved 1062912K
  class space    used 1589K, capacity 1706K, committed 1792K, reserved 1048576K
}
Event: 50.512 GC heap before
{Heap before GC invocations=9 (full 1):
 PSYoungGen      total 66048K, used 63568K [0x00000000eb900000, 0x00000000f3a00000, 0x0000000100000000)
  eden space 60928K, 100% used [0x00000000eb900000,0x00000000ef480000,0x00000000ef480000)
  from space 5120K, 51% used [0x00000000ef480000,0x00000000ef714010,0x00000000ef980000)
  to   space 5120K, 0% used [0x00000000f3500000,0x00000000f3500000,0x00000000f3a00000)
 ParOldGen       total 42496K, used 6872K [0x00000000c2a00000, 0x00000000c5380000, 0x00000000eb900000)
  object space 42496K, 16% used [0x00000000c2a00000,0x00000000c30b6368,0x00000000c5380000)
 Metaspace       used 13702K, capacity 14136K, committed 14336K, reserved 1062912K
  class space    used 1589K, capacity 1706K, committed 1792K, reserved 1048576K
Event: 50.523 GC heap after
Heap after GC invocations=9 (full 1):
 PSYoungGen      total 126976K, used 816K [0x00000000eb900000, 0x00000000f3a00000, 0x0000000100000000)
  eden space 121856K, 0% used [0x00000000eb900000,0x00000000eb900000,0x00000000f3000000)
  from space 5120K, 15% used [0x00000000f3500000,0x00000000f35cc010,0x00000000f3a00000)
  to   space 5120K, 0% used [0x00000000f3000000,0x00000000f3000000,0x00000000f3500000)
 ParOldGen       total 42496K, used 8752K [0x00000000c2a00000, 0x00000000c5380000, 0x00000000eb900000)
  object space 42496K, 20% used [0x00000000c2a00000,0x00000000c328c0b0,0x00000000c5380000)
 Metaspace       used 13702K, capacity 14136K, committed 14336K, reserved 1062912K
  class space    used 1589K, capacity 1706K, committed 1792K, reserved 1048576K
}
Event: 50.959 GC heap before
{Heap before GC invocations=10 (full 1):
 PSYoungGen      total 126976K, used 122672K [0x00000000eb900000, 0x00000000f3a00000, 0x0000000100000000)
  eden space 121856K, 100% used [0x00000000eb900000,0x00000000f3000000,0x00000000f3000000)
  from space 5120K, 15% used [0x00000000f3500000,0x00000000f35cc010,0x00000000f3a00000)
  to   space 5120K, 0% used [0x00000000f3000000,0x00000000f3000000,0x00000000f3500000)
 ParOldGen       total 42496K, used 8752K [0x00000000c2a00000, 0x00000000c5380000, 0x00000000eb900000)
  object space 42496K, 20% used [0x00000000c2a00000,0x00000000c328c0b0,0x00000000c5380000)
 Metaspace       used 13704K, capacity 14136K, committed 14336K, reserved 1062912K
  class space    used 1589K, capacity 1706K, committed 1792K, reserved 1048576K
Event: 50.965 GC heap after
Heap after GC invocations=10 (full 1):
 PSYoungGen      total 126976K, used 160K [0x00000000eb900000, 0x00000000fb200000, 0x0000000100000000)
  eden space 121856K, 0% used [0x00000000eb900000,0x00000000eb900000,0x00000000f3000000)
  from space 5120K, 3% used [0x00000000f3000000,0x00000000f3028000,0x00000000f3500000)
  to   space 5632K, 0% used [0x00000000fac80000,0x00000000fac80000,0x00000000fb200000)
 ParOldGen       total 42496K, used 9416K [0x00000000c2a00000, 0x00000000c5380000, 0x00000000eb900000)
  object space 42496K, 22% used [0x00000000c2a00000,0x00000000c33320c0,0x00000000c5380000)
 Metaspace       used 13704K, capacity 14136K, committed 14336K, reserved 1062912K
  class space    used 1589K, capacity 1706K, committed 1792K, reserved 1048576K
}
Event: 51.183 GC heap before
{Heap before GC invocations=11 (full 1):
 PSYoungGen      total 126976K, used 122016K [0x00000000eb900000, 0x00000000fb200000, 0x0000000100000000)
  eden space 121856K, 100% used [0x00000000eb900000,0x00000000f3000000,0x00000000f3000000)
  from space 5120K, 3% used [0x00000000f3000000,0x00000000f3028000,0x00000000f3500000)
  to   space 5632K, 0% used [0x00000000fac80000,0x00000000fac80000,0x00000000fb200000)
 ParOldGen       total 42496K, used 9416K [0x00000000c2a00000, 0x00000000c5380000, 0x00000000eb900000)
  object space 42496K, 22% used [0x00000000c2a00000,0x00000000c33320c0,0x00000000c5380000)
 Metaspace       used 13706K, capacity 14136K, committed 14336K, reserved 1062912K
  class space    used 1589K, capacity 1706K, committed 1792K, reserved 1048576K
Event: 51.186 GC heap after
Heap after GC invocations=11 (full 1):
 PSYoungGen      total 195584K, used 256K [0x00000000eb900000, 0x00000000fad00000, 0x0000000100000000)
  eden space 195072K, 0% used [0x00000000eb900000,0x00000000eb900000,0x00000000f7780000)
  from space 512K, 50% used [0x00000000fac80000,0x00000000facc0000,0x00000000fad00000)
  to   space 5632K, 0% used [0x00000000fa200000,0x00000000fa200000,0x00000000fa780000)
 ParOldGen       total 42496K, used 9448K [0x00000000c2a00000, 0x00000000c5380000, 0x00000000eb900000)
  object space 42496K, 22% used [0x00000000c2a00000,0x00000000c333a0c0,0x00000000c5380000)
 Metaspace       used 13706K, capacity 14136K, committed 14336K, reserved 1062912K
  class space    used 1589K, capacity 1706K, committed 1792K, reserved 1048576K
}
Event: 51.853 GC heap before
{Heap before GC invocations=12 (full 1):
 PSYoungGen      total 195584K, used 195328K [0x00000000eb900000, 0x00000000fad00000, 0x0000000100000000)
  eden space 195072K, 100% used [0x00000000eb900000,0x00000000f7780000,0x00000000f7780000)
  from space 512K, 50% used [0x00000000fac80000,0x00000000facc0000,0x00000000fad00000)
  to   space 5632K, 0% used [0x00000000fa200000,0x00000000fa200000,0x00000000fa780000)
 ParOldGen       total 42496K, used 9448K [0x00000000c2a00000, 0x00000000c5380000, 0x00000000eb900000)
  object space 42496K, 22% used [0x00000000c2a00000,0x00000000c333a0c0,0x00000000c5380000)
 Metaspace       used 13716K, capacity 14136K, committed 14336K, reserved 1062912K
  class space    used 1589K, capacity 1706K, committed 1792K, reserved 1048576K

