# JRE version: Java(TM) SE Runtime Environment (8.0_201-b09) (build 1.8.0_201-b09)
# Java VM: Java HotSpot(TM) 64-Bit Server VM (25.201-b09 mixed mode linux-amd64 compressed oops)
Heap:
 PSYoungGen      total 305152K, used 26386K [0x00000000eb900000, 0x0000000100000000, 0x0000000100000000)
  eden space 278528K, 2% used [0x00000000eb900000,0x00000000ebf597e0,0x00000000fc900000)
  from space 26624K, 74% used [0x00000000fe600000,0x00000000ff96b020,0x0000000100000000)
  to   space 28160K, 0% used [0x00000000fc900000,0x00000000fc900000,0x00000000fe480000)
 ParOldGen       total 61952K, used 28703K [0x00000000c2a00000, 0x00000000c6680000, 0x00000000eb900000)
  object space 61952K, 46% used [0x00000000c2a00000,0x00000000c4607e40,0x00000000c6680000)
 Metaspace       used 28366K, capacity 29274K, committed 29440K, reserved 1075200K
  class space    used 3344K, capacity 3551K, committed 3584K, reserved 1048576K
GC Heap History (10 events):
Event: 47.791 GC heap before
{Heap before GC invocations=18 (full 2):
 PSYoungGen      total 273408K, used 269408K [0x00000000eb900000, 0x0000000100000000, 0x0000000100000000)
  eden space 253440K, 100% used [0x00000000eb900000,0x00000000fb080000,0x00000000fb080000)
  from space 19968K, 79% used [0x00000000fb080000,0x00000000fc018000,0x00000000fc400000)
  to   space 22016K, 0% used [0x00000000fea80000,0x00000000fea80000,0x0000000100000000)
 ParOldGen       total 61952K, used 28663K [0x00000000c2a00000, 0x00000000c6680000, 0x00000000eb900000)
  object space 61952K, 46% used [0x00000000c2a00000,0x00000000c45fde40,0x00000000c6680000)
 Metaspace       used 28088K, capacity 28922K, committed 29184K, reserved 1075200K
  class space    used 3333K, capacity 3535K, committed 3584K, reserved 1048576K
Event: 47.867 GC heap after
Heap after GC invocations=18 (full 2):
 PSYoungGen      total 311808K, used 14976K [0x00000000eb900000, 0x0000000100000000, 0x0000000100000000)
  eden space 289792K, 0% used [0x00000000eb900000,0x00000000eb900000,0x00000000fd400000)
  from space 22016K, 68% used [0x00000000fea80000,0x00000000ff920000,0x0000000100000000)
  to   space 22528K, 0% used [0x00000000fd400000,0x00000000fd400000,0x00000000fea00000)
 ParOldGen       total 61952K, used 28671K [0x00000000c2a00000, 0x00000000c6680000, 0x00000000eb900000)
  object space 61952K, 46% used [0x00000000c2a00000,0x00000000c45ffe40,0x00000000c6680000)
 Metaspace       used 28088K, capacity 28922K, committed 29184K, reserved 1075200K
  class space    used 3333K, capacity 3535K, committed 3584K, reserved 1048576K
}
Event: 50.327 GC heap before
{Heap before GC invocations=19 (full 2):
 PSYoungGen      total 311808K, used 304768K [0x00000000eb900000, 0x0000000100000000, 0x0000000100000000)
  eden space 289792K, 100% used [0x00000000eb900000,0x00000000fd400000,0x00000000fd400000)
  from space 22016K, 68% used [0x00000000fea80000,0x00000000ff920000,0x0000000100000000)
  to   space 22528K, 0% used [0x00000000fd400000,0x00000000fd400000,0x00000000fea00000)
 ParOldGen       total 61952K, used 28671K [0x00000000c2a00000, 0x00000000c6680000, 0x00000000eb900000)
  object space 61952K, 46% used [0x00000000c2a00000,0x00000000c45ffe40,0x00000000c6680000)
 Metaspace       used 28255K, capacity 29068K, committed 29184K, reserved 1075200K
  class space    used 3337K, capacity 3538K, committed 3584K, reserved 1048576K
Event: 50.401 GC heap after
Heap after GC invocations=19 (full 2):
 PSYoungGen      total 306688K, used 16833K [0x00000000eb900000, 0x0000000100000000, 0x0000000100000000)
  eden space 289792K, 0% used [0x00000000eb900000,0x00000000eb900000,0x00000000fd400000)
  from space 16896K, 99% used [0x00000000fd400000,0x00000000fe4706c0,0x00000000fe480000)
  to   space 24064K, 0% used [0x00000000fe880000,0x00000000fe880000,0x0000000100000000)
 ParOldGen       total 61952K, used 28679K [0x00000000c2a00000, 0x00000000c6680000, 0x00000000eb900000)
  object space 61952K, 46% used [0x00000000c2a00000,0x00000000c4601e40,0x00000000c6680000)
 Metaspace       used 28255K, capacity 29068K, committed 29184K, reserved 1075200K
  class space    used 3337K, capacity 3538K, committed 3584K, reserved 1048576K
}
Event: 53.315 GC heap before
{Heap before GC invocations=20 (full 2):
 PSYoungGen      total 306688K, used 306625K [0x00000000eb900000, 0x0000000100000000, 0x0000000100000000)
  eden space 289792K, 100% used [0x00000000eb900000,0x00000000fd400000,0x00000000fd400000)
  from space 16896K, 99% used [0x00000000fd400000,0x00000000fe4706c0,0x00000000fe480000)
  to   space 24064K, 0% used [0x00000000fe880000,0x00000000fe880000,0x0000000100000000)
 ParOldGen       total 61952K, used 28679K [0x00000000c2a00000, 0x00000000c6680000, 0x00000000eb900000)
  object space 61952K, 46% used [0x00000000c2a00000,0x00000000c4601e40,0x00000000c6680000)
 Metaspace       used 28292K, capacity 29110K, committed 29184K, reserved 1075200K
  class space    used 3341K, capacity 3545K, committed 3584K, reserved 1048576K
Event: 53.364 GC heap after
Heap after GC invocations=20 (full 2):
 PSYoungGen      total 306688K, used 18976K [0x00000000eb900000, 0x0000000100000000, 0x0000000100000000)
  eden space 282624K, 0% used [0x00000000eb900000,0x00000000eb900000,0x00000000fcd00000)
  from space 24064K, 78% used [0x00000000fe880000,0x00000000ffb08000,0x0000000100000000)
  to   space 26112K, 0% used [0x00000000fcd00000,0x00000000fcd00000,0x00000000fe680000)
 ParOldGen       total 61952K, used 28687K [0x00000000c2a00000, 0x00000000c6680000, 0x00000000eb900000)
  object space 61952K, 46% used [0x00000000c2a00000,0x00000000c4603e40,0x00000000c6680000)
 Metaspace       used 28292K, capacity 29110K, committed 29184K, reserved 1075200K
  class space    used 3341K, capacity 3545K, committed 3584K, reserved 1048576K
}
Event: 56.663 GC heap before
{Heap before GC invocations=21 (full 2):
 PSYoungGen      total 306688K, used 301600K [0x00000000eb900000, 0x0000000100000000, 0x0000000100000000)
  eden space 282624K, 100% used [0x00000000eb900000,0x00000000fcd00000,0x00000000fcd00000)
  from space 24064K, 78% used [0x00000000fe880000,0x00000000ffb08000,0x0000000100000000)
  to   space 26112K, 0% used [0x00000000fcd00000,0x00000000fcd00000,0x00000000fe680000)
 ParOldGen       total 61952K, used 28687K [0x00000000c2a00000, 0x00000000c6680000, 0x00000000eb900000)
  object space 61952K, 46% used [0x00000000c2a00000,0x00000000c4603e40,0x00000000c6680000)
 Metaspace       used 28314K, capacity 29134K, committed 29184K, reserved 1075200K
  class space    used 3343K, capacity 3549K, committed 3584K, reserved 1048576K
Event: 56.708 GC heap after
Heap after GC invocations=21 (full 2):
 PSYoungGen      total 300032K, used 16928K [0x00000000eb900000, 0x0000000100000000, 0x0000000100000000)
  eden space 282624K, 0% used [0x00000000eb900000,0x00000000eb900000,0x00000000fcd00000)
  from space 17408K, 97% used [0x00000000fcd00000,0x00000000fdd88000,0x00000000fde00000)
  to   space 26624K, 0% used [0x00000000fe600000,0x00000000fe600000,0x0000000100000000)
 ParOldGen       total 61952K, used 28695K [0x00000000c2a00000, 0x00000000c6680000, 0x00000000eb900000)
  object space 61952K, 46% used [0x00000000c2a00000,0x00000000c4605e40,0x00000000c6680000)
 Metaspace       used 28314K, capacity 29134K, committed 29184K, reserved 1075200K
  class space    used 3343K, capacity 3549K, committed 3584K, reserved 1048576K
}
Event: 59.827 GC heap before
{Heap before GC invocations=22 (full 2):
 PSYoungGen      total 300032K, used 299552K [0x00000000eb900000, 0x0000000100000000, 0x0000000100000000)
  eden space 282624K, 100% used [0x00000000eb900000,0x00000000fcd00000,0x00000000fcd00000)
  from space 17408K, 97% used [0x00000000fcd00000,0x00000000fdd88000,0x00000000fde00000)
  to   space 26624K, 0% used [0x00000000fe600000,0x00000000fe600000,0x0000000100000000)
 ParOldGen       total 61952K, used 28695K [0x00000000c2a00000, 0x00000000c6680000, 0x00000000eb900000)
  object space 61952K, 46% used [0x00000000c2a00000,0x00000000c4605e40,0x00000000c6680000)
 Metaspace       used 28366K, capacity 29274K, committed 29440K, reserved 1075200K
  class space    used 3344K, capacity 3551K, committed 3584K, reserved 1048576K
Event: 60.373 GC heap after
Heap after GC invocations=22 (full 2):
 PSYoungGen      total 305152K, used 19884K [0x00000000eb900000, 0x0000000100000000, 0x0000000100000000)
  eden space 278528K, 0% used [0x00000000eb900000,0x00000000eb900000,0x00000000fc900000)
  from space 26624K, 74% used [0x00000000fe600000,0x00000000ff96b020,0x0000000100000000)
  to   space 28160K, 0% used [0x00000000fc900000,0x00000000fc900000,0x00000000fe480000)
 ParOldGen       total 61952K, used 28703K [0x00000000c2a00000, 0x00000000c6680000, 0x00000000eb900000)
  object space 61952K, 46% used [0x00000000c2a00000,0x00000000c4607e40,0x00000000c6680000)
 Metaspace       used 28366K, capacity 29274K, committed 29440K, reserved 1075200K
  class space    used 3344K, capacity 3551K, committed 3584K, reserved 1048576K
}

