# JRE version: Java(TM) SE Runtime Environment (8.0_201-b09) (build 1.8.0_201-b09)
# Java VM: Java HotSpot(TM) 64-Bit Server VM (25.201-b09 mixed mode linux-amd64 compressed oops)
Heap:
 PSYoungGen      total 209920K, used 2080K [0x00000000eb900000, 0x00000000f8c80000, 0x0000000100000000)
  eden space 203264K, 0% used [0x00000000eb900000,0x00000000eb900000,0x00000000f7f80000)
  from space 6656K, 31% used [0x00000000f7f80000,0x00000000f8188020,0x00000000f8600000)
  to   space 6656K, 0% used [0x00000000f8600000,0x00000000f8600000,0x00000000f8c80000)
 ParOldGen       total 42496K, used 21895K [0x00000000c2a00000, 0x00000000c5380000, 0x00000000eb900000)
  object space 42496K, 51% used [0x00000000c2a00000,0x00000000c3f61f98,0x00000000c5380000)
 Metaspace       used 14234K, capacity 14756K, committed 14848K, reserved 1062912K
  class space    used 1614K, capacity 1755K, committed 1792K, reserved 1048576K
GC Heap History (10 events):
Event: 34.656 GC heap after
Heap after GC invocations=6 (full 0):
 PSYoungGen      total 69632K, used 4880K [0x00000000eb900000, 0x00000000f0300000, 0x0000000100000000)
  eden space 63488K, 0% used [0x00000000eb900000,0x00000000eb900000,0x00000000ef700000)
  from space 6144K, 79% used [0x00000000efd00000,0x00000000f01c4050,0x00000000f0300000)
  to   space 6144K, 0% used [0x00000000ef700000,0x00000000ef700000,0x00000000efd00000)
 ParOldGen       total 42496K, used 8936K [0x00000000c2a00000, 0x00000000c5380000, 0x00000000eb900000)
  object space 42496K, 21% used [0x00000000c2a00000,0x00000000c32ba290,0x00000000c5380000)
 Metaspace       used 14134K, capacity 14628K, committed 14848K, reserved 1062912K
  class space    used 1614K, capacity 1755K, committed 1792K, reserved 1048576K
}
Event: 35.465 GC heap before
{Heap before GC invocations=7 (full 0):
 PSYoungGen      total 69632K, used 68368K [0x00000000eb900000, 0x00000000f0300000, 0x0000000100000000)
  eden space 63488K, 100% used [0x00000000eb900000,0x00000000ef700000,0x00000000ef700000)
  from space 6144K, 79% used [0x00000000efd00000,0x00000000f01c4050,0x00000000f0300000)
  to   space 6144K, 0% used [0x00000000ef700000,0x00000000ef700000,0x00000000efd00000)
 ParOldGen       total 42496K, used 8936K [0x00000000c2a00000, 0x00000000c5380000, 0x00000000eb900000)
  object space 42496K, 21% used [0x00000000c2a00000,0x00000000c32ba290,0x00000000c5380000)
 Metaspace       used 14160K, capacity 14692K, committed 14848K, reserved 1062912K
  class space    used 1614K, capacity 1755K, committed 1792K, reserved 1048576K
Event: 35.483 GC heap after
Heap after GC invocations=7 (full 0):
 PSYoungGen      total 69632K, used 5056K [0x00000000eb900000, 0x00000000f4200000, 0x0000000100000000)
  eden space 63488K, 0% used [0x00000000eb900000,0x00000000eb900000,0x00000000ef700000)
  from space 6144K, 82% used [0x00000000ef700000,0x00000000efbf0020,0x00000000efd00000)
  to   space 6656K, 0% used [0x00000000f3b80000,0x00000000f3b80000,0x00000000f4200000)
 ParOldGen       total 42496K, used 9708K [0x00000000c2a00000, 0x00000000c5380000, 0x00000000eb900000)
  object space 42496K, 22% used [0x00000000c2a00000,0x00000000c337b360,0x00000000c5380000)
 Metaspace       used 14160K, capacity 14692K, committed 14848K, reserved 1062912K
  class space    used 1614K, capacity 1755K, committed 1792K, reserved 1048576K
}
Event: 35.962 GC heap before
{Heap before GC invocations=8 (full 0):
 PSYoungGen      total 69632K, used 68544K [0x00000000eb900000, 0x00000000f4200000, 0x0000000100000000)
  eden space 63488K, 100% used [0x00000000eb900000,0x00000000ef700000,0x00000000ef700000)
  from space 6144K, 82% used [0x00000000ef700000,0x00000000efbf0020,0x00000000efd00000)
  to   space 6656K, 0% used [0x00000000f3b80000,0x00000000f3b80000,0x00000000f4200000)
 ParOldGen       total 42496K, used 9708K [0x00000000c2a00000, 0x00000000c5380000, 0x00000000eb900000)
  object space 42496K, 22% used [0x00000000c2a00000,0x00000000c337b360,0x00000000c5380000)
 Metaspace       used 14175K, capacity 14692K, committed 14848K, reserved 1062912K
  class space    used 1614K, capacity 1755K, committed 1792K, reserved 1048576K
Event: 36.772 GC heap after
Heap after GC invocations=8 (full 0):
 PSYoungGen      total 133632K, used 5872K [0x00000000eb900000, 0x00000000f4200000, 0x0000000100000000)
  eden space 126976K, 0% used [0x00000000eb900000,0x00000000eb900000,0x00000000f3500000)
  from space 6656K, 88% used [0x00000000f3b80000,0x00000000f413c020,0x00000000f4200000)
  to   space 6656K, 0% used [0x00000000f3500000,0x00000000f3500000,0x00000000f3b80000)
 ParOldGen       total 42496K, used 10665K [0x00000000c2a00000, 0x00000000c5380000, 0x00000000eb900000)
  object space 42496K, 25% used [0x00000000c2a00000,0x00000000c346a770,0x00000000c5380000)
 Metaspace       used 14175K, capacity 14692K, committed 14848K, reserved 1062912K
  class space    used 1614K, capacity 1755K, committed 1792K, reserved 1048576K
}
Event: 37.545 GC heap before
{Heap before GC invocations=9 (full 0):
 PSYoungGen      total 133632K, used 132848K [0x00000000eb900000, 0x00000000f4200000, 0x0000000100000000)
  eden space 126976K, 100% used [0x00000000eb900000,0x00000000f3500000,0x00000000f3500000)
  from space 6656K, 88% used [0x00000000f3b80000,0x00000000f413c020,0x00000000f4200000)
  to   space 6656K, 0% used [0x00000000f3500000,0x00000000f3500000,0x00000000f3b80000)
 ParOldGen       total 42496K, used 10665K [0x00000000c2a00000, 0x00000000c5380000, 0x00000000eb900000)
  object space 42496K, 25% used [0x00000000c2a00000,0x00000000c346a770,0x00000000c5380000)
 Metaspace       used 14197K, capacity 14692K, committed 14848K, reserved 1062912K
  class space    used 1614K, capacity 1755K, committed 1792K, reserved 1048576K
Event: 37.562 GC heap after
Heap after GC invocations=9 (full 0):
 PSYoungGen      total 133632K, used 4576K [0x00000000eb900000, 0x00000000f8c80000, 0x0000000100000000)
  eden space 126976K, 0% used [0x00000000eb900000,0x00000000eb900000,0x00000000f3500000)
  from space 6656K, 68% used [0x00000000f3500000,0x00000000f39781d0,0x00000000f3b80000)
  to   space 6656K, 0% used [0x00000000f8600000,0x00000000f8600000,0x00000000f8c80000)
 ParOldGen       total 42496K, used 13809K [0x00000000c2a00000, 0x00000000c5380000, 0x00000000eb900000)
  object space 42496K, 32% used [0x00000000c2a00000,0x00000000c377c5d0,0x00000000c5380000)
 Metaspace       used 14197K, capacity 14692K, committed 14848K, reserved 1062912K
  class space    used 1614K, capacity 1755K, committed 1792K, reserved 1048576K
}
Event: 38.295 GC heap before
{Heap before GC invocations=10 (full 0):
 PSYoungGen      total 133632K, used 131552K [0x00000000eb900000, 0x00000000f8c80000, 0x0000000100000000)
  eden space 126976K, 100% used [0x00000000eb900000,0x00000000f3500000,0x00000000f3500000)
  from space 6656K, 68% used [0x00000000f3500000,0x00000000f39781d0,0x00000000f3b80000)
  to   space 6656K, 0% used [0x00000000f8600000,0x00000000f8600000,0x00000000f8c80000)
 ParOldGen       total 42496K, used 13809K [0x00000000c2a00000, 0x00000000c5380000, 0x00000000eb900000)
  object space 42496K, 32% used [0x00000000c2a00000,0x00000000c377c5d0,0x00000000c5380000)
 Metaspace       used 14231K, capacity 14692K, committed 14848K, reserved 1062912K
  class space    used 1614K, capacity 1755K, committed 1792K, reserved 1048576K
Event: 38.409 GC heap after
Heap after GC invocations=10 (full 0):
 PSYoungGen      total 209920K, used 5432K [0x00000000eb900000, 0x00000000f8c80000, 0x0000000100000000)
  eden space 203264K, 0% used [0x00000000eb900000,0x00000000eb900000,0x00000000f7f80000)
  from space 6656K, 81% used [0x00000000f8600000,0x00000000f8b4e258,0x00000000f8c80000)
  to   space 6656K, 0% used [0x00000000f7f80000,0x00000000f7f80000,0x00000000f8600000)
 ParOldGen       total 42496K, used 16505K [0x00000000c2a00000, 0x00000000c5380000, 0x00000000eb900000)
  object space 42496K, 38% used [0x00000000c2a00000,0x00000000c3a1e530,0x00000000c5380000)
 Metaspace       used 14231K, capacity 14692K, committed 14848K, reserved 1062912K
  class space    used 1614K, capacity 1755K, committed 1792K, reserved 1048576K
}
Event: 39.681 GC heap before
{Heap before GC invocations=11 (full 0):
 PSYoungGen      total 209920K, used 208696K [0x00000000eb900000, 0x00000000f8c80000, 0x0000000100000000)
  eden space 203264K, 100% used [0x00000000eb900000,0x00000000f7f80000,0x00000000f7f80000)
  from space 6656K, 81% used [0x00000000f8600000,0x00000000f8b4e258,0x00000000f8c80000)
  to   space 6656K, 0% used [0x00000000f7f80000,0x00000000f7f80000,0x00000000f8600000)
 ParOldGen       total 42496K, used 16505K [0x00000000c2a00000, 0x00000000c5380000, 0x00000000eb900000)
  object space 42496K, 38% used [0x00000000c2a00000,0x00000000c3a1e530,0x00000000c5380000)
 Metaspace       used 14234K, capacity 14756K, committed 14848K, reserved 1062912K
  class space    used 1614K, capacity 1755K, committed 1792K, reserved 1048576K

