# JRE version: Java(TM) SE Runtime Environment (8.0_201-b09) (build 1.8.0_201-b09)
# Java VM: Java HotSpot(TM) 64-Bit Server VM (25.201-b09 mixed mode linux-amd64 compressed oops)
Heap:
 PSYoungGen      total 267776K, used 141117K [0x00000000eb900000, 0x00000000ffb80000, 0x0000000100000000)
  eden space 204800K, 63% used [0x00000000eb900000,0x00000000f379f780,0x00000000f8100000)
  from space 62976K, 18% used [0x00000000fbe00000,0x00000000fc930000,0x00000000ffb80000)
  to   space 62464K, 0% used [0x00000000f8100000,0x00000000f8100000,0x00000000fbe00000)
 ParOldGen       total 214528K, used 174545K [0x00000000c2a00000, 0x00000000cfb80000, 0x00000000eb900000)
  object space 214528K, 81% used [0x00000000c2a00000,0x00000000cd474450,0x00000000cfb80000)
 Metaspace       used 31348K, capacity 32440K, committed 32512K, reserved 1077248K
  class space    used 3572K, capacity 3811K, committed 3840K, reserved 1048576K
GC Heap History (10 events):
Event: 93.227 GC heap before
{Heap before GC invocations=42 (full 4):
 PSYoungGen      total 208384K, used 208272K [0x00000000eb900000, 0x00000000ffd80000, 0x0000000100000000)
  eden space 190976K, 100% used [0x00000000eb900000,0x00000000f7380000,0x00000000f7380000)
  from space 17408K, 99% used [0x00000000f7380000,0x00000000f8464010,0x00000000f8480000)
  to   space 70144K, 0% used [0x00000000fb900000,0x00000000fb900000,0x00000000ffd80000)
 ParOldGen       total 214528K, used 172829K [0x00000000c2a00000, 0x00000000cfb80000, 0x00000000eb900000)
  object space 214528K, 80% used [0x00000000c2a00000,0x00000000cd2c7400,0x00000000cfb80000)
 Metaspace       used 31254K, capacity 32272K, committed 32512K, reserved 1077248K
  class space    used 3567K, capacity 3803K, committed 3840K, reserved 1048576K
Event: 93.264 GC heap after
Heap after GC invocations=42 (full 4):
 PSYoungGen      total 263168K, used 14304K [0x00000000eb900000, 0x0000000100000000, 0x0000000100000000)
  eden space 193024K, 0% used [0x00000000eb900000,0x00000000eb900000,0x00000000f7580000)
  from space 70144K, 20% used [0x00000000fb900000,0x00000000fc6f8000,0x00000000ffd80000)
  to   space 69120K, 0% used [0x00000000f7580000,0x00000000f7580000,0x00000000fb900000)
 ParOldGen       total 214528K, used 173181K [0x00000000c2a00000, 0x00000000cfb80000, 0x00000000eb900000)
  object space 214528K, 80% used [0x00000000c2a00000,0x00000000cd31f440,0x00000000cfb80000)
 Metaspace       used 31254K, capacity 32272K, committed 32512K, reserved 1077248K
  class space    used 3567K, capacity 3803K, committed 3840K, reserved 1048576K
}
Event: 93.966 GC heap before
{Heap before GC invocations=43 (full 4):
 PSYoungGen      total 263168K, used 207328K [0x00000000eb900000, 0x0000000100000000, 0x0000000100000000)
  eden space 193024K, 100% used [0x00000000eb900000,0x00000000f7580000,0x00000000f7580000)
  from space 70144K, 20% used [0x00000000fb900000,0x00000000fc6f8000,0x00000000ffd80000)
  to   space 69120K, 0% used [0x00000000f7580000,0x00000000f7580000,0x00000000fb900000)
 ParOldGen       total 214528K, used 173181K [0x00000000c2a00000, 0x00000000cfb80000, 0x00000000eb900000)
  object space 214528K, 80% used [0x00000000c2a00000,0x00000000cd31f440,0x00000000cfb80000)
 Metaspace       used 31254K, capacity 32272K, committed 32512K, reserved 1077248K
  class space    used 3567K, capacity 3803K, committed 3840K, reserved 1048576K
Event: 94.016 GC heap after
Heap after GC invocations=43 (full 4):
 PSYoungGen      total 262144K, used 13984K [0x00000000eb900000, 0x00000000ffc00000, 0x0000000100000000)
  eden space 193024K, 0% used [0x00000000eb900000,0x00000000eb900000,0x00000000f7580000)
  from space 69120K, 20% used [0x00000000f7580000,0x00000000f8328000,0x00000000fb900000)
  to   space 67584K, 0% used [0x00000000fba00000,0x00000000fba00000,0x00000000ffc00000)
 ParOldGen       total 214528K, used 173269K [0x00000000c2a00000, 0x00000000cfb80000, 0x00000000eb900000)
  object space 214528K, 80% used [0x00000000c2a00000,0x00000000cd335440,0x00000000cfb80000)
 Metaspace       used 31254K, capacity 32272K, committed 32512K, reserved 1077248K
  class space    used 3567K, capacity 3803K, committed 3840K, reserved 1048576K
}
Event: 95.450 GC heap before
{Heap before GC invocations=44 (full 4):
 PSYoungGen      total 262144K, used 207008K [0x00000000eb900000, 0x00000000ffc00000, 0x0000000100000000)
  eden space 193024K, 100% used [0x00000000eb900000,0x00000000f7580000,0x00000000f7580000)
  from space 69120K, 20% used [0x00000000f7580000,0x00000000f8328000,0x00000000fb900000)
  to   space 67584K, 0% used [0x00000000fba00000,0x00000000fba00000,0x00000000ffc00000)
 ParOldGen       total 214528K, used 173269K [0x00000000c2a00000, 0x00000000cfb80000, 0x00000000eb900000)
  object space 214528K, 80% used [0x00000000c2a00000,0x00000000cd335440,0x00000000cfb80000)
 Metaspace       used 31302K, capacity 32290K, committed 32512K, reserved 1077248K
  class space    used 3569K, capacity 3806K, committed 3840K, reserved 1048576K
Event: 95.505 GC heap after
Heap after GC invocations=44 (full 4):
 PSYoungGen      total 263680K, used 16592K [0x00000000eb900000, 0x00000000ffa80000, 0x0000000100000000)
  eden space 197632K, 0% used [0x00000000eb900000,0x00000000eb900000,0x00000000f7a00000)
  from space 66048K, 25% used [0x00000000fba00000,0x00000000fca34010,0x00000000ffa80000)
  to   space 65536K, 0% used [0x00000000f7a00000,0x00000000f7a00000,0x00000000fba00000)
 ParOldGen       total 214528K, used 173589K [0x00000000c2a00000, 0x00000000cfb80000, 0x00000000eb900000)
  object space 214528K, 80% used [0x00000000c2a00000,0x00000000cd385440,0x00000000cfb80000)
 Metaspace       used 31302K, capacity 32290K, committed 32512K, reserved 1077248K
  class space    used 3569K, capacity 3806K, committed 3840K, reserved 1048576K
}
Event: 96.878 GC heap before
{Heap before GC invocations=45 (full 4):
 PSYoungGen      total 263680K, used 214224K [0x00000000eb900000, 0x00000000ffa80000, 0x0000000100000000)
  eden space 197632K, 100% used [0x00000000eb900000,0x00000000f7a00000,0x00000000f7a00000)
  from space 66048K, 25% used [0x00000000fba00000,0x00000000fca34010,0x00000000ffa80000)
  to   space 65536K, 0% used [0x00000000f7a00000,0x00000000f7a00000,0x00000000fba00000)
 ParOldGen       total 214528K, used 173589K [0x00000000c2a00000, 0x00000000cfb80000, 0x00000000eb900000)
  object space 214528K, 80% used [0x00000000c2a00000,0x00000000cd385440,0x00000000cfb80000)
 Metaspace       used 31341K, capacity 32430K, committed 32512K, reserved 1077248K
  class space    used 3570K, capacity 3808K, committed 3840K, reserved 1048576K
Event: 96.927 GC heap after
Heap after GC invocations=45 (full 4):
 PSYoungGen      total 263168K, used 12160K [0x00000000eb900000, 0x00000000ffc80000, 0x0000000100000000)
  eden space 197632K, 0% used [0x00000000eb900000,0x00000000eb900000,0x00000000f7a00000)
  from space 65536K, 18% used [0x00000000f7a00000,0x00000000f85e0000,0x00000000fba00000)
  to   space 64000K, 0% used [0x00000000fbe00000,0x00000000fbe00000,0x00000000ffc80000)
 ParOldGen       total 214528K, used 174101K [0x00000000c2a00000, 0x00000000cfb80000, 0x00000000eb900000)
  object space 214528K, 81% used [0x00000000c2a00000,0x00000000cd405440,0x00000000cfb80000)
 Metaspace       used 31341K, capacity 32430K, committed 32512K, reserved 1077248K
  class space    used 3570K, capacity 3808K, committed 3840K, reserved 1048576K
}
Event: 97.824 GC heap before
{Heap before GC invocations=46 (full 4):
 PSYoungGen      total 263168K, used 209792K [0x00000000eb900000, 0x00000000ffc80000, 0x0000000100000000)
  eden space 197632K, 100% used [0x00000000eb900000,0x00000000f7a00000,0x00000000f7a00000)
  from space 65536K, 18% used [0x00000000f7a00000,0x00000000f85e0000,0x00000000fba00000)
  to   space 64000K, 0% used [0x00000000fbe00000,0x00000000fbe00000,0x00000000ffc80000)
 ParOldGen       total 214528K, used 174101K [0x00000000c2a00000, 0x00000000cfb80000, 0x00000000eb900000)
  object space 214528K, 81% used [0x00000000c2a00000,0x00000000cd405440,0x00000000cfb80000)
 Metaspace       used 31341K, capacity 32430K, committed 32512K, reserved 1077248K
  class space    used 3570K, capacity 3808K, committed 3840K, reserved 1048576K
Event: 97.879 GC heap after
Heap after GC invocations=46 (full 4):
 PSYoungGen      total 267776K, used 11456K [0x00000000eb900000, 0x00000000ffb80000, 0x0000000100000000)
  eden space 204800K, 0% used [0x00000000eb900000,0x00000000eb900000,0x00000000f8100000)
  from space 62976K, 18% used [0x00000000fbe00000,0x00000000fc930000,0x00000000ffb80000)
  to   space 62464K, 0% used [0x00000000f8100000,0x00000000f8100000,0x00000000fbe00000)
 ParOldGen       total 214528K, used 174545K [0x00000000c2a00000, 0x00000000cfb80000, 0x00000000eb900000)
  object space 214528K, 81% used [0x00000000c2a00000,0x00000000cd474450,0x00000000cfb80000)
 Metaspace       used 31341K, capacity 32430K, committed 32512K, reserved 1077248K
  class space    used 3570K, capacity 3808K, committed 3840K, reserved 1048576K
}

