# JRE version: Java(TM) SE Runtime Environment (8.0_201-b09) (build 1.8.0_201-b09)
# Java VM: Java HotSpot(TM) 64-Bit Server VM (25.201-b09 mixed mode linux-amd64 compressed oops)
Heap:
 PSYoungGen      total 194048K, used 178913K [0x00000000eb900000, 0x00000000fb880000, 0x0000000100000000)
  eden space 178176K, 91% used [0x00000000eb900000,0x00000000f5839518,0x00000000f6700000)
  from space 15872K, 99% used [0x00000000f6700000,0x00000000f767f040,0x00000000f7680000)
  to   space 19968K, 0% used [0x00000000fa500000,0x00000000fa500000,0x00000000fb880000)
 ParOldGen       total 74240K, used 43613K [0x00000000c2a00000, 0x00000000c7280000, 0x00000000eb900000)
  object space 74240K, 58% used [0x00000000c2a00000,0x00000000c54975b8,0x00000000c7280000)
 Metaspace       used 23060K, capacity 23754K, committed 23936K, reserved 1071104K
  class space    used 2477K, capacity 2671K, committed 2688K, reserved 1048576K
GC Heap History (10 events):
Event: 20.273 GC heap before
{Heap before GC invocations=13 (full 1):
 PSYoungGen      total 122880K, used 112877K [0x00000000eb900000, 0x00000000f6c80000, 0x0000000100000000)
  eden space 112640K, 91% used [0x00000000eb900000,0x00000000f1d43618,0x00000000f2700000)
  from space 10240K, 99% used [0x00000000f2700000,0x00000000f30f8060,0x00000000f3100000)
  to   space 16896K, 0% used [0x00000000f5c00000,0x00000000f5c00000,0x00000000f6c80000)
 ParOldGen       total 42496K, used 31100K [0x00000000c2a00000, 0x00000000c5380000, 0x00000000eb900000)
  object space 42496K, 73% used [0x00000000c2a00000,0x00000000c485f120,0x00000000c5380000)
 Metaspace       used 20644K, capacity 21082K, committed 21248K, reserved 1069056K
  class space    used 2282K, capacity 2435K, committed 2560K, reserved 1048576K
Event: 20.338 GC heap after
Heap after GC invocations=13 (full 1):
 PSYoungGen      total 166912K, used 9270K [0x00000000eb900000, 0x00000000f8a00000, 0x0000000100000000)
  eden space 150016K, 0% used [0x00000000eb900000,0x00000000eb900000,0x00000000f4b80000)
  from space 16896K, 54% used [0x00000000f5c00000,0x00000000f650da30,0x00000000f6c80000)
  to   space 16896K, 0% used [0x00000000f4b80000,0x00000000f4b80000,0x00000000f5c00000)
 ParOldGen       total 42496K, used 39007K [0x00000000c2a00000, 0x00000000c5380000, 0x00000000eb900000)
  object space 42496K, 91% used [0x00000000c2a00000,0x00000000c5017c78,0x00000000c5380000)
 Metaspace       used 20644K, capacity 21082K, committed 21248K, reserved 1069056K
  class space    used 2282K, capacity 2435K, committed 2560K, reserved 1048576K
}
Event: 20.339 GC heap before
{Heap before GC invocations=14 (full 2):
 PSYoungGen      total 166912K, used 9270K [0x00000000eb900000, 0x00000000f8a00000, 0x0000000100000000)
  eden space 150016K, 0% used [0x00000000eb900000,0x00000000eb900000,0x00000000f4b80000)
  from space 16896K, 54% used [0x00000000f5c00000,0x00000000f650da30,0x00000000f6c80000)
  to   space 16896K, 0% used [0x00000000f4b80000,0x00000000f4b80000,0x00000000f5c00000)
 ParOldGen       total 42496K, used 39007K [0x00000000c2a00000, 0x00000000c5380000, 0x00000000eb900000)
  object space 42496K, 91% used [0x00000000c2a00000,0x00000000c5017c78,0x00000000c5380000)
 Metaspace       used 20644K, capacity 21082K, committed 21248K, reserved 1069056K
  class space    used 2282K, capacity 2435K, committed 2560K, reserved 1048576K
Event: 21.170 GC heap after
Heap after GC invocations=14 (full 2):
 PSYoungGen      total 166912K, used 0K [0x00000000eb900000, 0x00000000f8a00000, 0x0000000100000000)
  eden space 150016K, 0% used [0x00000000eb900000,0x00000000eb900000,0x00000000f4b80000)
  from space 16896K, 0% used [0x00000000f5c00000,0x00000000f5c00000,0x00000000f6c80000)
  to   space 16896K, 0% used [0x00000000f4b80000,0x00000000f4b80000,0x00000000f5c00000)
 ParOldGen       total 74240K, used 38836K [0x00000000c2a00000, 0x00000000c7280000, 0x00000000eb900000)
  object space 74240K, 52% used [0x00000000c2a00000,0x00000000c4fed1b8,0x00000000c7280000)
 Metaspace       used 20644K, capacity 21082K, committed 21248K, reserved 1069056K
  class space    used 2282K, capacity 2435K, committed 2560K, reserved 1048576K
}
Event: 25.064 GC heap before
{Heap before GC invocations=15 (full 2):
 PSYoungGen      total 166912K, used 150016K [0x00000000eb900000, 0x00000000f8a00000, 0x0000000100000000)
  eden space 150016K, 100% used [0x00000000eb900000,0x00000000f4b80000,0x00000000f4b80000)
  from space 16896K, 0% used [0x00000000f5c00000,0x00000000f5c00000,0x00000000f6c80000)
  to   space 16896K, 0% used [0x00000000f4b80000,0x00000000f4b80000,0x00000000f5c00000)
 ParOldGen       total 74240K, used 38836K [0x00000000c2a00000, 0x00000000c7280000, 0x00000000eb900000)
  object space 74240K, 52% used [0x00000000c2a00000,0x00000000c4fed1b8,0x00000000c7280000)
 Metaspace       used 22145K, capacity 22558K, committed 22784K, reserved 1069056K
  class space    used 2406K, capacity 2541K, committed 2560K, reserved 1048576K
Event: 25.082 GC heap after
Heap after GC invocations=15 (full 2):
 PSYoungGen      total 166912K, used 4626K [0x00000000eb900000, 0x00000000f8900000, 0x0000000100000000)
  eden space 150016K, 0% used [0x00000000eb900000,0x00000000eb900000,0x00000000f4b80000)
  from space 16896K, 27% used [0x00000000f4b80000,0x00000000f5004a38,0x00000000f5c00000)
  to   space 16384K, 0% used [0x00000000f7900000,0x00000000f7900000,0x00000000f8900000)
 ParOldGen       total 74240K, used 38844K [0x00000000c2a00000, 0x00000000c7280000, 0x00000000eb900000)
  object space 74240K, 52% used [0x00000000c2a00000,0x00000000c4fef1b8,0x00000000c7280000)
 Metaspace       used 22145K, capacity 22558K, committed 22784K, reserved 1069056K
  class space    used 2406K, capacity 2541K, committed 2560K, reserved 1048576K
}
Event: 28.020 GC heap before
{Heap before GC invocations=16 (full 2):
 PSYoungGen      total 166912K, used 154642K [0x00000000eb900000, 0x00000000f8900000, 0x0000000100000000)
  eden space 150016K, 100% used [0x00000000eb900000,0x00000000f4b80000,0x00000000f4b80000)
  from space 16896K, 27% used [0x00000000f4b80000,0x00000000f5004a38,0x00000000f5c00000)
  to   space 16384K, 0% used [0x00000000f7900000,0x00000000f7900000,0x00000000f8900000)
 ParOldGen       total 74240K, used 38844K [0x00000000c2a00000, 0x00000000c7280000, 0x00000000eb900000)
  object space 74240K, 52% used [0x00000000c2a00000,0x00000000c4fef1b8,0x00000000c7280000)
 Metaspace       used 22373K, capacity 22830K, committed 23040K, reserved 1069056K
  class space    used 2415K, capacity 2543K, committed 2560K, reserved 1048576K
Event: 28.058 GC heap after
Heap after GC invocations=16 (full 2):
 PSYoungGen      total 191488K, used 6048K [0x00000000eb900000, 0x00000000f8600000, 0x0000000100000000)
  eden space 178176K, 0% used [0x00000000eb900000,0x00000000eb900000,0x00000000f6700000)
  from space 13312K, 45% used [0x00000000f7900000,0x00000000f7ee8010,0x00000000f8600000)
  to   space 15872K, 0% used [0x00000000f6700000,0x00000000f6700000,0x00000000f7680000)
 ParOldGen       total 74240K, used 38852K [0x00000000c2a00000, 0x00000000c7280000, 0x00000000eb900000)
  object space 74240K, 52% used [0x00000000c2a00000,0x00000000c4ff11b8,0x00000000c7280000)
 Metaspace       used 22373K, capacity 22830K, committed 23040K, reserved 1069056K
  class space    used 2415K, capacity 2543K, committed 2560K, reserved 1048576K
}
Event: 34.090 GC heap before
{Heap before GC invocations=17 (full 2):
 PSYoungGen      total 191488K, used 184224K [0x00000000eb900000, 0x00000000f8600000, 0x0000000100000000)
  eden space 178176K, 100% used [0x00000000eb900000,0x00000000f6700000,0x00000000f6700000)
  from space 13312K, 45% used [0x00000000f7900000,0x00000000f7ee8010,0x00000000f8600000)
  to   space 15872K, 0% used [0x00000000f6700000,0x00000000f6700000,0x00000000f7680000)
 ParOldGen       total 74240K, used 38852K [0x00000000c2a00000, 0x00000000c7280000, 0x00000000eb900000)
  object space 74240K, 52% used [0x00000000c2a00000,0x00000000c4ff11b8,0x00000000c7280000)
 Metaspace       used 23015K, capacity 23684K, committed 23936K, reserved 1071104K
  class space    used 2477K, capacity 2670K, committed 2688K, reserved 1048576K
Event: 34.805 GC heap after
Heap after GC invocations=17 (full 2):
 PSYoungGen      total 194048K, used 15868K [0x00000000eb900000, 0x00000000fb880000, 0x0000000100000000)
  eden space 178176K, 0% used [0x00000000eb900000,0x00000000eb900000,0x00000000f6700000)
  from space 15872K, 99% used [0x00000000f6700000,0x00000000f767f040,0x00000000f7680000)
  to   space 19968K, 0% used [0x00000000fa500000,0x00000000fa500000,0x00000000fb880000)
 ParOldGen       total 74240K, used 43613K [0x00000000c2a00000, 0x00000000c7280000, 0x00000000eb900000)
  object space 74240K, 58% used [0x00000000c2a00000,0x00000000c54975b8,0x00000000c7280000)
 Metaspace       used 23015K, capacity 23684K, committed 23936K, reserved 1071104K
  class space    used 2477K, capacity 2670K, committed 2688K, reserved 1048576K
}

