# JRE version: Java(TM) SE Runtime Environment (8.0_201-b09) (build 1.8.0_201-b09)
# Java VM: Java HotSpot(TM) 64-Bit Server VM (25.201-b09 mixed mode linux-amd64 compressed oops)
Heap:
 PSYoungGen      total 62464K, used 6080K [0x00000000eb900000, 0x00000000efd00000, 0x0000000100000000)
  eden space 55808K, 0% used [0x00000000eb900000,0x00000000eb900000,0x00000000eef80000)
  from space 6656K, 91% used [0x00000000eef80000,0x00000000ef570080,0x00000000ef600000)
  to   space 6144K, 0% used [0x00000000ef600000,0x00000000ef600000,0x00000000efc00000)
 ParOldGen       total 42496K, used 10168K [0x00000000c2a00000, 0x00000000c5380000, 0x00000000eb900000)
  object space 42496K, 23% used [0x00000000c2a00000,0x00000000c33ee370,0x00000000c5380000)
 Metaspace       used 13860K, capacity 14258K, committed 14592K, reserved 1062912K
  class space    used 1586K, capacity 1705K, committed 1792K, reserved 1048576K
GC Heap History (10 events):
Event: 95.764 GC heap after
Heap after GC invocations=5 (full 1):
 PSYoungGen      total 34304K, used 2550K [0x00000000eb900000, 0x00000000edd00000, 0x0000000100000000)
  eden space 31744K, 0% used [0x00000000eb900000,0x00000000eb900000,0x00000000ed800000)
  from space 2560K, 99% used [0x00000000eda80000,0x00000000edcfd810,0x00000000edd00000)
  to   space 2560K, 0% used [0x00000000ed800000,0x00000000ed800000,0x00000000eda80000)
 ParOldGen       total 42496K, used 6464K [0x00000000c2a00000, 0x00000000c5380000, 0x00000000eb900000)
  object space 42496K, 15% used [0x00000000c2a00000,0x00000000c3050180,0x00000000c5380000)
 Metaspace       used 13716K, capacity 14066K, committed 14336K, reserved 1062912K
  class space    used 1585K, capacity 1705K, committed 1792K, reserved 1048576K
}
Event: 98.455 GC heap before
{Heap before GC invocations=6 (full 1):
 PSYoungGen      total 34304K, used 34294K [0x00000000eb900000, 0x00000000edd00000, 0x0000000100000000)
  eden space 31744K, 100% used [0x00000000eb900000,0x00000000ed800000,0x00000000ed800000)
  from space 2560K, 99% used [0x00000000eda80000,0x00000000edcfd810,0x00000000edd00000)
  to   space 2560K, 0% used [0x00000000ed800000,0x00000000ed800000,0x00000000eda80000)
 ParOldGen       total 42496K, used 6464K [0x00000000c2a00000, 0x00000000c5380000, 0x00000000eb900000)
  object space 42496K, 15% used [0x00000000c2a00000,0x00000000c3050180,0x00000000c5380000)
 Metaspace       used 13747K, capacity 14130K, committed 14336K, reserved 1062912K
  class space    used 1585K, capacity 1705K, committed 1792K, reserved 1048576K
Event: 98.481 GC heap after
Heap after GC invocations=6 (full 1):
 PSYoungGen      total 34304K, used 2560K [0x00000000eb900000, 0x00000000edd00000, 0x0000000100000000)
  eden space 31744K, 0% used [0x00000000eb900000,0x00000000eb900000,0x00000000ed800000)
  from space 2560K, 100% used [0x00000000ed800000,0x00000000eda80000,0x00000000eda80000)
  to   space 2560K, 0% used [0x00000000eda80000,0x00000000eda80000,0x00000000edd00000)
 ParOldGen       total 42496K, used 7422K [0x00000000c2a00000, 0x00000000c5380000, 0x00000000eb900000)
  object space 42496K, 17% used [0x00000000c2a00000,0x00000000c313fa50,0x00000000c5380000)
 Metaspace       used 13747K, capacity 14130K, committed 14336K, reserved 1062912K
  class space    used 1585K, capacity 1705K, committed 1792K, reserved 1048576K
}
Event: 98.547 GC heap before
{Heap before GC invocations=7 (full 1):
 PSYoungGen      total 34304K, used 34304K [0x00000000eb900000, 0x00000000edd00000, 0x0000000100000000)
  eden space 31744K, 100% used [0x00000000eb900000,0x00000000ed800000,0x00000000ed800000)
  from space 2560K, 100% used [0x00000000ed800000,0x00000000eda80000,0x00000000eda80000)
  to   space 2560K, 0% used [0x00000000eda80000,0x00000000eda80000,0x00000000edd00000)
 ParOldGen       total 42496K, used 7422K [0x00000000c2a00000, 0x00000000c5380000, 0x00000000eb900000)
  object space 42496K, 17% used [0x00000000c2a00000,0x00000000c313fa50,0x00000000c5380000)
 Metaspace       used 13787K, capacity 14194K, committed 14592K, reserved 1062912K
  class space    used 1585K, capacity 1705K, committed 1792K, reserved 1048576K
Event: 98.607 GC heap after
Heap after GC invocations=7 (full 1):
 PSYoungGen      total 30720K, used 2560K [0x00000000eb900000, 0x00000000f0300000, 0x0000000100000000)
  eden space 28160K, 0% used [0x00000000eb900000,0x00000000eb900000,0x00000000ed480000)
  from space 2560K, 100% used [0x00000000eda80000,0x00000000edd00000,0x00000000edd00000)
  to   space 6144K, 0% used [0x00000000ed480000,0x00000000ed480000,0x00000000eda80000)
 ParOldGen       total 42496K, used 8106K [0x00000000c2a00000, 0x00000000c5380000, 0x00000000eb900000)
  object space 42496K, 19% used [0x00000000c2a00000,0x00000000c31eaaa0,0x00000000c5380000)
 Metaspace       used 13787K, capacity 14194K, committed 14592K, reserved 1062912K
  class space    used 1585K, capacity 1705K, committed 1792K, reserved 1048576K
}
Event: 98.851 GC heap before
{Heap before GC invocations=8 (full 1):
 PSYoungGen      total 30720K, used 30720K [0x00000000eb900000, 0x00000000f0300000, 0x0000000100000000)
  eden space 28160K, 100% used [0x00000000eb900000,0x00000000ed480000,0x00000000ed480000)
  from space 2560K, 100% used [0x00000000eda80000,0x00000000edd00000,0x00000000edd00000)
  to   space 6144K, 0% used [0x00000000ed480000,0x00000000ed480000,0x00000000eda80000)
 ParOldGen       total 42496K, used 8106K [0x00000000c2a00000, 0x00000000c5380000, 0x00000000eb900000)
  object space 42496K, 19% used [0x00000000c2a00000,0x00000000c31eaaa0,0x00000000c5380000)
 Metaspace       used 13817K, capacity 14194K, committed 14592K, reserved 1062912K
  class space    used 1585K, capacity 1705K, committed 1792K, reserved 1048576K
Event: 98.887 GC heap after
Heap after GC invocations=8 (full 1):
 PSYoungGen      total 34304K, used 4768K [0x00000000eb900000, 0x00000000efc00000, 0x0000000100000000)
  eden space 28160K, 0% used [0x00000000eb900000,0x00000000eb900000,0x00000000ed480000)
  from space 6144K, 77% used [0x00000000ed480000,0x00000000ed928070,0x00000000eda80000)
  to   space 6144K, 0% used [0x00000000ef600000,0x00000000ef600000,0x00000000efc00000)
 ParOldGen       total 42496K, used 8114K [0x00000000c2a00000, 0x00000000c5380000, 0x00000000eb900000)
  object space 42496K, 19% used [0x00000000c2a00000,0x00000000c31ecaa0,0x00000000c5380000)
 Metaspace       used 13817K, capacity 14194K, committed 14592K, reserved 1062912K
  class space    used 1585K, capacity 1705K, committed 1792K, reserved 1048576K
}
Event: 99.189 GC heap before
{Heap before GC invocations=9 (full 1):
 PSYoungGen      total 34304K, used 32928K [0x00000000eb900000, 0x00000000efc00000, 0x0000000100000000)
  eden space 28160K, 100% used [0x00000000eb900000,0x00000000ed480000,0x00000000ed480000)
  from space 6144K, 77% used [0x00000000ed480000,0x00000000ed928070,0x00000000eda80000)
  to   space 6144K, 0% used [0x00000000ef600000,0x00000000ef600000,0x00000000efc00000)
 ParOldGen       total 42496K, used 8114K [0x00000000c2a00000, 0x00000000c5380000, 0x00000000eb900000)
  object space 42496K, 19% used [0x00000000c2a00000,0x00000000c31ecaa0,0x00000000c5380000)
 Metaspace       used 13844K, capacity 14258K, committed 14592K, reserved 1062912K
  class space    used 1585K, capacity 1705K, committed 1792K, reserved 1048576K
Event: 99.226 GC heap after
Heap after GC invocations=9 (full 1):
 PSYoungGen      total 61952K, used 5680K [0x00000000eb900000, 0x00000000efd00000, 0x0000000100000000)
  eden space 55808K, 0% used [0x00000000eb900000,0x00000000eb900000,0x00000000eef80000)
  from space 6144K, 92% used [0x00000000ef600000,0x00000000efb8c030,0x00000000efc00000)
  to   space 6656K, 0% used [0x00000000eef80000,0x00000000eef80000,0x00000000ef600000)
 ParOldGen       total 42496K, used 9110K [0x00000000c2a00000, 0x00000000c5380000, 0x00000000eb900000)
  object space 42496K, 21% used [0x00000000c2a00000,0x00000000c32e5900,0x00000000c5380000)
 Metaspace       used 13844K, capacity 14258K, committed 14592K, reserved 1062912K
  class space    used 1585K, capacity 1705K, committed 1792K, reserved 1048576K
}
Event: 99.749 GC heap before
{Heap before GC invocations=10 (full 1):
 PSYoungGen      total 61952K, used 61488K [0x00000000eb900000, 0x00000000efd00000, 0x0000000100000000)
  eden space 55808K, 100% used [0x00000000eb900000,0x00000000eef80000,0x00000000eef80000)
  from space 6144K, 92% used [0x00000000ef600000,0x00000000efb8c030,0x00000000efc00000)
  to   space 6656K, 0% used [0x00000000eef80000,0x00000000eef80000,0x00000000ef600000)
 ParOldGen       total 42496K, used 9110K [0x00000000c2a00000, 0x00000000c5380000, 0x00000000eb900000)
  object space 42496K, 21% used [0x00000000c2a00000,0x00000000c32e5900,0x00000000c5380000)
 Metaspace       used 13860K, capacity 14258K, committed 14592K, reserved 1062912K
  class space    used 1586K, capacity 1705K, committed 1792K, reserved 1048576K

