# JRE version: Java(TM) SE Runtime Environment (8.0_201-b09) (build 1.8.0_201-b09)
# Java VM: Java HotSpot(TM) 64-Bit Server VM (25.201-b09 mixed mode linux-amd64 compressed oops)
Heap:
 PSYoungGen      total 299008K, used 0K [0x00000000eb900000, 0x00000000ffc80000, 0x0000000100000000)
  eden space 268800K, 0% used [0x00000000eb900000,0x00000000eb900000,0x00000000fbf80000)
  from space 30208K, 0% used [0x00000000fdf00000,0x00000000fdf00000,0x00000000ffc80000)
  to   space 31232K, 0% used [0x00000000fbf80000,0x00000000fbf80000,0x00000000fde00000)
 ParOldGen       total 167936K, used 151112K [0x00000000c2a00000, 0x00000000cce00000, 0x00000000eb900000)
  object space 167936K, 89% used [0x00000000c2a00000,0x00000000cbd921f8,0x00000000cce00000)
 Metaspace       used 22850K, capacity 23401K, committed 23680K, reserved 1071104K
  class space    used 2419K, capacity 2590K, committed 2688K, reserved 1048576K
GC Heap History (10 events):
Event: 109.506 GC heap after
Heap after GC invocations=46 (full 4):
 PSYoungGen      total 292352K, used 6144K [0x00000000eb900000, 0x00000000ffc00000, 0x0000000100000000)
  eden space 257024K, 0% used [0x00000000eb900000,0x00000000eb900000,0x00000000fb400000)
  from space 35328K, 17% used [0x00000000fd980000,0x00000000fdf80060,0x00000000ffc00000)
  to   space 36864K, 0% used [0x00000000fb400000,0x00000000fb400000,0x00000000fd800000)
 ParOldGen       total 167936K, used 138003K [0x00000000c2a00000, 0x00000000cce00000, 0x00000000eb900000)
  object space 167936K, 82% used [0x00000000c2a00000,0x00000000cb0c4e68,0x00000000cce00000)
 Metaspace       used 22715K, capacity 23337K, committed 23680K, reserved 1071104K
  class space    used 2419K, capacity 2590K, committed 2688K, reserved 1048576K
}
Event: 110.198 GC heap before
{Heap before GC invocations=47 (full 4):
 PSYoungGen      total 292352K, used 263168K [0x00000000eb900000, 0x00000000ffc00000, 0x0000000100000000)
  eden space 257024K, 100% used [0x00000000eb900000,0x00000000fb400000,0x00000000fb400000)
  from space 35328K, 17% used [0x00000000fd980000,0x00000000fdf80060,0x00000000ffc00000)
  to   space 36864K, 0% used [0x00000000fb400000,0x00000000fb400000,0x00000000fd800000)
 ParOldGen       total 167936K, used 138003K [0x00000000c2a00000, 0x00000000cce00000, 0x00000000eb900000)
  object space 167936K, 82% used [0x00000000c2a00000,0x00000000cb0c4e68,0x00000000cce00000)
 Metaspace       used 22767K, capacity 23401K, committed 23680K, reserved 1071104K
  class space    used 2419K, capacity 2590K, committed 2688K, reserved 1048576K
Event: 110.222 GC heap after
Heap after GC invocations=47 (full 4):
 PSYoungGen      total 293888K, used 4576K [0x00000000eb900000, 0x00000000ffe80000, 0x0000000100000000)
  eden space 257024K, 0% used [0x00000000eb900000,0x00000000eb900000,0x00000000fb400000)
  from space 36864K, 12% used [0x00000000fb400000,0x00000000fb8780a0,0x00000000fd800000)
  to   space 35328K, 0% used [0x00000000fdc00000,0x00000000fdc00000,0x00000000ffe80000)
 ParOldGen       total 167936K, used 144000K [0x00000000c2a00000, 0x00000000cce00000, 0x00000000eb900000)
  object space 167936K, 85% used [0x00000000c2a00000,0x00000000cb6a0118,0x00000000cce00000)
 Metaspace       used 22767K, capacity 23401K, committed 23680K, reserved 1071104K
  class space    used 2419K, capacity 2590K, committed 2688K, reserved 1048576K
}
Event: 110.990 GC heap before
{Heap before GC invocations=48 (full 4):
 PSYoungGen      total 293888K, used 261600K [0x00000000eb900000, 0x00000000ffe80000, 0x0000000100000000)
  eden space 257024K, 100% used [0x00000000eb900000,0x00000000fb400000,0x00000000fb400000)
  from space 36864K, 12% used [0x00000000fb400000,0x00000000fb8780a0,0x00000000fd800000)
  to   space 35328K, 0% used [0x00000000fdc00000,0x00000000fdc00000,0x00000000ffe80000)
 ParOldGen       total 167936K, used 144000K [0x00000000c2a00000, 0x00000000cce00000, 0x00000000eb900000)
  object space 167936K, 85% used [0x00000000c2a00000,0x00000000cb6a0118,0x00000000cce00000)
 Metaspace       used 22788K, capacity 23401K, committed 23680K, reserved 1071104K
  class space    used 2419K, capacity 2590K, committed 2688K, reserved 1048576K
Event: 111.034 GC heap after
Heap after GC invocations=48 (full 4):
 PSYoungGen      total 294912K, used 6976K [0x00000000eb900000, 0x00000000ffb80000, 0x0000000100000000)
  eden space 262656K, 0% used [0x00000000eb900000,0x00000000eb900000,0x00000000fb980000)
  from space 32256K, 21% used [0x00000000fdc00000,0x00000000fe2d0040,0x00000000ffb80000)
  to   space 33792K, 0% used [0x00000000fb980000,0x00000000fb980000,0x00000000fda80000)
 ParOldGen       total 167936K, used 148424K [0x00000000c2a00000, 0x00000000cce00000, 0x00000000eb900000)
  object space 167936K, 88% used [0x00000000c2a00000,0x00000000cbaf22f8,0x00000000cce00000)
 Metaspace       used 22788K, capacity 23401K, committed 23680K, reserved 1071104K
  class space    used 2419K, capacity 2590K, committed 2688K, reserved 1048576K
}
Event: 111.871 GC heap before
{Heap before GC invocations=49 (full 4):
 PSYoungGen      total 294912K, used 269632K [0x00000000eb900000, 0x00000000ffb80000, 0x0000000100000000)
  eden space 262656K, 100% used [0x00000000eb900000,0x00000000fb980000,0x00000000fb980000)
  from space 32256K, 21% used [0x00000000fdc00000,0x00000000fe2d0040,0x00000000ffb80000)
  to   space 33792K, 0% used [0x00000000fb980000,0x00000000fb980000,0x00000000fda80000)
 ParOldGen       total 167936K, used 148424K [0x00000000c2a00000, 0x00000000cce00000, 0x00000000eb900000)
  object space 167936K, 88% used [0x00000000c2a00000,0x00000000cbaf22f8,0x00000000cce00000)
 Metaspace       used 22844K, capacity 23401K, committed 23680K, reserved 1071104K
  class space    used 2419K, capacity 2590K, committed 2688K, reserved 1048576K
Event: 111.897 GC heap after
Heap after GC invocations=49 (full 4):
 PSYoungGen      total 296448K, used 4304K [0x00000000eb900000, 0x00000000ffe80000, 0x0000000100000000)
  eden space 262656K, 0% used [0x00000000eb900000,0x00000000eb900000,0x00000000fb980000)
  from space 33792K, 12% used [0x00000000fb980000,0x00000000fbdb4030,0x00000000fda80000)
  to   space 32256K, 0% used [0x00000000fdf00000,0x00000000fdf00000,0x00000000ffe80000)
 ParOldGen       total 167936K, used 155089K [0x00000000c2a00000, 0x00000000cce00000, 0x00000000eb900000)
  object space 167936K, 92% used [0x00000000c2a00000,0x00000000cc174638,0x00000000cce00000)
 Metaspace       used 22844K, capacity 23401K, committed 23680K, reserved 1071104K
  class space    used 2419K, capacity 2590K, committed 2688K, reserved 1048576K
}
Event: 112.514 GC heap before
{Heap before GC invocations=50 (full 4):
 PSYoungGen      total 296448K, used 266960K [0x00000000eb900000, 0x00000000ffe80000, 0x0000000100000000)
  eden space 262656K, 100% used [0x00000000eb900000,0x00000000fb980000,0x00000000fb980000)
  from space 33792K, 12% used [0x00000000fb980000,0x00000000fbdb4030,0x00000000fda80000)
  to   space 32256K, 0% used [0x00000000fdf00000,0x00000000fdf00000,0x00000000ffe80000)
 ParOldGen       total 167936K, used 155089K [0x00000000c2a00000, 0x00000000cce00000, 0x00000000eb900000)
  object space 167936K, 92% used [0x00000000c2a00000,0x00000000cc174638,0x00000000cce00000)
 Metaspace       used 22850K, capacity 23401K, committed 23680K, reserved 1071104K
  class space    used 2419K, capacity 2590K, committed 2688K, reserved 1048576K
Event: 112.553 GC heap after
Heap after GC invocations=50 (full 4):
 PSYoungGen      total 299008K, used 4736K [0x00000000eb900000, 0x00000000ffc80000, 0x0000000100000000)
  eden space 268800K, 0% used [0x00000000eb900000,0x00000000eb900000,0x00000000fbf80000)
  from space 30208K, 15% used [0x00000000fdf00000,0x00000000fe3a0060,0x00000000ffc80000)
  to   space 31232K, 0% used [0x00000000fbf80000,0x00000000fbf80000,0x00000000fde00000)
 ParOldGen       total 167936K, used 159073K [0x00000000c2a00000, 0x00000000cce00000, 0x00000000eb900000)
  object space 167936K, 94% used [0x00000000c2a00000,0x00000000cc5587d8,0x00000000cce00000)
 Metaspace       used 22850K, capacity 23401K, committed 23680K, reserved 1071104K
  class space    used 2419K, capacity 2590K, committed 2688K, reserved 1048576K
}
Event: 112.554 GC heap before
{Heap before GC invocations=51 (full 5):
 PSYoungGen      total 299008K, used 4736K [0x00000000eb900000, 0x00000000ffc80000, 0x0000000100000000)
  eden space 268800K, 0% used [0x00000000eb900000,0x00000000eb900000,0x00000000fbf80000)
  from space 30208K, 15% used [0x00000000fdf00000,0x00000000fe3a0060,0x00000000ffc80000)
  to   space 31232K, 0% used [0x00000000fbf80000,0x00000000fbf80000,0x00000000fde00000)
 ParOldGen       total 167936K, used 159073K [0x00000000c2a00000, 0x00000000cce00000, 0x00000000eb900000)
  object space 167936K, 94% used [0x00000000c2a00000,0x00000000cc5587d8,0x00000000cce00000)
 Metaspace       used 22850K, capacity 23401K, committed 23680K, reserved 1071104K
  class space    used 2419K, capacity 2590K, committed 2688K, reserved 1048576K

