# JRE version: Java(TM) SE Runtime Environment (8.0_201-b09) (build 1.8.0_201-b09)
# Java VM: Java HotSpot(TM) 64-Bit Server VM (25.201-b09 mixed mode linux-amd64 compressed oops)
Heap:
 PSYoungGen      total 235008K, used 27287K [0x00000000eb900000, 0x0000000100000000, 0x0000000100000000)
  eden space 164864K, 0% used [0x00000000eb900000,0x00000000eb900000,0x00000000f5a00000)
  from space 70144K, 38% used [0x00000000f5a00000,0x00000000f74a5fc8,0x00000000f9e80000)
  to   space 92672K, 0% used [0x00000000fa580000,0x00000000fa580000,0x0000000100000000)
 ParOldGen       total 185344K, used 185191K [0x00000000c2a00000, 0x00000000cdf00000, 0x00000000eb900000)
  object space 185344K, 99% used [0x00000000c2a00000,0x00000000cded9f30,0x00000000cdf00000)
 Metaspace       used 32309K, capacity 33466K, committed 33792K, reserved 1079296K
  class space    used 3262K, capacity 3517K, committed 3584K, reserved 1048576K
GC Heap History (10 events):
Event: 147.269 GC heap after
Heap after GC invocations=67 (full 4):
 PSYoungGen      total 284160K, used 28796K [0x00000000eb900000, 0x0000000100000000, 0x0000000100000000)
  eden space 233472K, 0% used [0x00000000eb900000,0x00000000eb900000,0x00000000f9d00000)
  from space 50688K, 56% used [0x00000000f9d00000,0x00000000fb91f230,0x00000000fce80000)
  to   space 50176K, 0% used [0x00000000fcf00000,0x00000000fcf00000,0x0000000100000000)
 ParOldGen       total 185344K, used 131222K [0x00000000c2a00000, 0x00000000cdf00000, 0x00000000eb900000)
  object space 185344K, 70% used [0x00000000c2a00000,0x00000000caa25918,0x00000000cdf00000)
 Metaspace       used 28584K, capacity 29718K, committed 29952K, reserved 1075200K
  class space    used 3056K, capacity 3319K, committed 3328K, reserved 1048576K
}
Event: 152.286 GC heap before
{Heap before GC invocations=68 (full 4):
 PSYoungGen      total 284160K, used 262268K [0x00000000eb900000, 0x0000000100000000, 0x0000000100000000)
  eden space 233472K, 100% used [0x00000000eb900000,0x00000000f9d00000,0x00000000f9d00000)
  from space 50688K, 56% used [0x00000000f9d00000,0x00000000fb91f230,0x00000000fce80000)
  to   space 50176K, 0% used [0x00000000fcf00000,0x00000000fcf00000,0x0000000100000000)
 ParOldGen       total 185344K, used 131222K [0x00000000c2a00000, 0x00000000cdf00000, 0x00000000eb900000)
  object space 185344K, 70% used [0x00000000c2a00000,0x00000000caa25918,0x00000000cdf00000)
 Metaspace       used 31661K, capacity 32796K, committed 33024K, reserved 1079296K
  class space    used 3255K, capacity 3512K, committed 3584K, reserved 1048576K
Event: 152.387 GC heap after
Heap after GC invocations=68 (full 4):
 PSYoungGen      total 268288K, used 50174K [0x00000000eb900000, 0x0000000100000000, 0x0000000100000000)
  eden space 218112K, 0% used [0x00000000eb900000,0x00000000eb900000,0x00000000f8e00000)
  from space 50176K, 99% used [0x00000000fcf00000,0x00000000fffff878,0x0000000100000000)
  to   space 58368K, 0% used [0x00000000f8e00000,0x00000000f8e00000,0x00000000fc700000)
 ParOldGen       total 185344K, used 134936K [0x00000000c2a00000, 0x00000000cdf00000, 0x00000000eb900000)
  object space 185344K, 72% used [0x00000000c2a00000,0x00000000cadc6220,0x00000000cdf00000)
 Metaspace       used 31661K, capacity 32796K, committed 33024K, reserved 1079296K
  class space    used 3255K, capacity 3512K, committed 3584K, reserved 1048576K
}
Event: 155.176 GC heap before
{Heap before GC invocations=69 (full 4):
 PSYoungGen      total 268288K, used 268286K [0x00000000eb900000, 0x0000000100000000, 0x0000000100000000)
  eden space 218112K, 100% used [0x00000000eb900000,0x00000000f8e00000,0x00000000f8e00000)
  from space 50176K, 99% used [0x00000000fcf00000,0x00000000fffff878,0x0000000100000000)
  to   space 58368K, 0% used [0x00000000f8e00000,0x00000000f8e00000,0x00000000fc700000)
 ParOldGen       total 185344K, used 134936K [0x00000000c2a00000, 0x00000000cdf00000, 0x00000000eb900000)
  object space 185344K, 72% used [0x00000000c2a00000,0x00000000cadc6220,0x00000000cdf00000)
 Metaspace       used 31988K, capacity 33134K, committed 33280K, reserved 1079296K
  class space    used 3257K, capacity 3515K, committed 3584K, reserved 1048576K
Event: 155.316 GC heap after
Heap after GC invocations=69 (full 4):
 PSYoungGen      total 276480K, used 58353K [0x00000000eb900000, 0x0000000100000000, 0x0000000100000000)
  eden space 218112K, 0% used [0x00000000eb900000,0x00000000eb900000,0x00000000f8e00000)
  from space 58368K, 99% used [0x00000000f8e00000,0x00000000fc6fc4c0,0x00000000fc700000)
  to   space 58368K, 0% used [0x00000000fc700000,0x00000000fc700000,0x0000000100000000)
 ParOldGen       total 185344K, used 147616K [0x00000000c2a00000, 0x00000000cdf00000, 0x00000000eb900000)
  object space 185344K, 79% used [0x00000000c2a00000,0x00000000cba28130,0x00000000cdf00000)
 Metaspace       used 31988K, capacity 33134K, committed 33280K, reserved 1079296K
  class space    used 3257K, capacity 3515K, committed 3584K, reserved 1048576K
}
Event: 158.153 GC heap before
{Heap before GC invocations=70 (full 4):
 PSYoungGen      total 276480K, used 276465K [0x00000000eb900000, 0x0000000100000000, 0x0000000100000000)
  eden space 218112K, 100% used [0x00000000eb900000,0x00000000f8e00000,0x00000000f8e00000)
  from space 58368K, 99% used [0x00000000f8e00000,0x00000000fc6fc4c0,0x00000000fc700000)
  to   space 58368K, 0% used [0x00000000fc700000,0x00000000fc700000,0x0000000100000000)
 ParOldGen       total 185344K, used 147616K [0x00000000c2a00000, 0x00000000cdf00000, 0x00000000eb900000)
  object space 185344K, 79% used [0x00000000c2a00000,0x00000000cba28130,0x00000000cdf00000)
 Metaspace       used 32183K, capacity 33326K, committed 33536K, reserved 1079296K
  class space    used 3261K, capacity 3515K, committed 3584K, reserved 1048576K
Event: 158.318 GC heap after
Heap after GC invocations=70 (full 4):
 PSYoungGen      total 223232K, used 58339K [0x00000000eb900000, 0x0000000100000000, 0x0000000100000000)
  eden space 164864K, 0% used [0x00000000eb900000,0x00000000eb900000,0x00000000f5a00000)
  from space 58368K, 99% used [0x00000000fc700000,0x00000000ffff8ca8,0x0000000100000000)
  to   space 84992K, 0% used [0x00000000f5a00000,0x00000000f5a00000,0x00000000fad00000)
 ParOldGen       total 185344K, used 167958K [0x00000000c2a00000, 0x00000000cdf00000, 0x00000000eb900000)
  object space 185344K, 90% used [0x00000000c2a00000,0x00000000cce05a80,0x00000000cdf00000)
 Metaspace       used 32183K, capacity 33326K, committed 33536K, reserved 1079296K
  class space    used 3261K, capacity 3515K, committed 3584K, reserved 1048576K
}
Event: 161.036 GC heap before
{Heap before GC invocations=71 (full 4):
 PSYoungGen      total 223232K, used 223203K [0x00000000eb900000, 0x0000000100000000, 0x0000000100000000)
  eden space 164864K, 100% used [0x00000000eb900000,0x00000000f5a00000,0x00000000f5a00000)
  from space 58368K, 99% used [0x00000000fc700000,0x00000000ffff8ca8,0x0000000100000000)
  to   space 84992K, 0% used [0x00000000f5a00000,0x00000000f5a00000,0x00000000fad00000)
 ParOldGen       total 185344K, used 167958K [0x00000000c2a00000, 0x00000000cdf00000, 0x00000000eb900000)
  object space 185344K, 90% used [0x00000000c2a00000,0x00000000cce05a80,0x00000000cdf00000)
 Metaspace       used 32309K, capacity 33466K, committed 33792K, reserved 1079296K
  class space    used 3262K, capacity 3517K, committed 3584K, reserved 1048576K
Event: 161.149 GC heap after
Heap after GC invocations=71 (full 4):
 PSYoungGen      total 235008K, used 70014K [0x00000000eb900000, 0x0000000100000000, 0x0000000100000000)
  eden space 164864K, 0% used [0x00000000eb900000,0x00000000eb900000,0x00000000f5a00000)
  from space 70144K, 99% used [0x00000000f5a00000,0x00000000f9e5f808,0x00000000f9e80000)
  to   space 92672K, 0% used [0x00000000fa580000,0x00000000fa580000,0x0000000100000000)
 ParOldGen       total 185344K, used 173894K [0x00000000c2a00000, 0x00000000cdf00000, 0x00000000eb900000)
  object space 185344K, 93% used [0x00000000c2a00000,0x00000000cd3d18b0,0x00000000cdf00000)
 Metaspace       used 32309K, capacity 33466K, committed 33792K, reserved 1079296K
  class space    used 3262K, capacity 3517K, committed 3584K, reserved 1048576K
}
Event: 161.150 GC heap before
{Heap before GC invocations=72 (full 5):
 PSYoungGen      total 235008K, used 70014K [0x00000000eb900000, 0x0000000100000000, 0x0000000100000000)
  eden space 164864K, 0% used [0x00000000eb900000,0x00000000eb900000,0x00000000f5a00000)
  from space 70144K, 99% used [0x00000000f5a00000,0x00000000f9e5f808,0x00000000f9e80000)
  to   space 92672K, 0% used [0x00000000fa580000,0x00000000fa580000,0x0000000100000000)
 ParOldGen       total 185344K, used 173894K [0x00000000c2a00000, 0x00000000cdf00000, 0x00000000eb900000)
  object space 185344K, 93% used [0x00000000c2a00000,0x00000000cd3d18b0,0x00000000cdf00000)
 Metaspace       used 32309K, capacity 33466K, committed 33792K, reserved 1079296K
  class space    used 3262K, capacity 3517K, committed 3584K, reserved 1048576K

