# JRE version: Java(TM) SE Runtime Environment (8.0_201-b09) (build 1.8.0_201-b09)
# Java VM: Java HotSpot(TM) 64-Bit Server VM (25.201-b09 mixed mode linux-amd64 compressed oops)
Heap:
 PSYoungGen      total 104448K, used 6440K [0x00000000eb900000, 0x00000000f3b00000, 0x0000000100000000)
  eden space 93696K, 0% used [0x00000000eb900000,0x00000000eb900000,0x00000000f1480000)
  from space 10752K, 59% used [0x00000000f2600000,0x00000000f2c4a040,0x00000000f3080000)
  to   space 8192K, 0% used [0x00000000f3300000,0x00000000f3300000,0x00000000f3b00000)
 ParOldGen       total 42496K, used 21694K [0x00000000c2a00000, 0x00000000c5380000, 0x00000000eb900000)
  object space 42496K, 51% used [0x00000000c2a00000,0x00000000c3f2fbd8,0x00000000c5380000)
 Metaspace       used 14973K, capacity 15474K, committed 15616K, reserved 1062912K
  class space    used 1639K, capacity 1779K, committed 1792K, reserved 1048576K
GC Heap History (10 events):
Event: 34.257 GC heap after
Heap after GC invocations=7 (full 1):
 PSYoungGen      total 32256K, used 2560K [0x00000000eb900000, 0x00000000ee100000, 0x0000000100000000)
  eden space 29696K, 0% used [0x00000000eb900000,0x00000000eb900000,0x00000000ed600000)
  from space 2560K, 100% used [0x00000000eda80000,0x00000000edd00000,0x00000000edd00000)
  to   space 4608K, 0% used [0x00000000ed600000,0x00000000ed600000,0x00000000eda80000)
 ParOldGen       total 42496K, used 7958K [0x00000000c2a00000, 0x00000000c5380000, 0x00000000eb900000)
  object space 42496K, 18% used [0x00000000c2a00000,0x00000000c31c58f0,0x00000000c5380000)
 Metaspace       used 13663K, capacity 13998K, committed 14336K, reserved 1062912K
  class space    used 1564K, capacity 1667K, committed 1792K, reserved 1048576K
}
Event: 34.949 GC heap before
{Heap before GC invocations=8 (full 1):
 PSYoungGen      total 32256K, used 32256K [0x00000000eb900000, 0x00000000ee100000, 0x0000000100000000)
  eden space 29696K, 100% used [0x00000000eb900000,0x00000000ed600000,0x00000000ed600000)
  from space 2560K, 100% used [0x00000000eda80000,0x00000000edd00000,0x00000000edd00000)
  to   space 4608K, 0% used [0x00000000ed600000,0x00000000ed600000,0x00000000eda80000)
 ParOldGen       total 42496K, used 7958K [0x00000000c2a00000, 0x00000000c5380000, 0x00000000eb900000)
  object space 42496K, 18% used [0x00000000c2a00000,0x00000000c31c58f0,0x00000000c5380000)
 Metaspace       used 13737K, capacity 14062K, committed 14336K, reserved 1062912K
  class space    used 1565K, capacity 1667K, committed 1792K, reserved 1048576K
Event: 34.965 GC heap after
Heap after GC invocations=8 (full 1):
 PSYoungGen      total 34304K, used 4544K [0x00000000eb900000, 0x00000000efd00000, 0x0000000100000000)
  eden space 29696K, 0% used [0x00000000eb900000,0x00000000eb900000,0x00000000ed600000)
  from space 4608K, 98% used [0x00000000ed600000,0x00000000eda70010,0x00000000eda80000)
  to   space 5120K, 0% used [0x00000000ef800000,0x00000000ef800000,0x00000000efd00000)
 ParOldGen       total 42496K, used 7966K [0x00000000c2a00000, 0x00000000c5380000, 0x00000000eb900000)
  object space 42496K, 18% used [0x00000000c2a00000,0x00000000c31c78f0,0x00000000c5380000)
 Metaspace       used 13737K, capacity 14062K, committed 14336K, reserved 1062912K
  class space    used 1565K, capacity 1667K, committed 1792K, reserved 1048576K
}
Event: 35.699 GC heap before
{Heap before GC invocations=9 (full 1):
 PSYoungGen      total 34304K, used 34240K [0x00000000eb900000, 0x00000000efd00000, 0x0000000100000000)
  eden space 29696K, 100% used [0x00000000eb900000,0x00000000ed600000,0x00000000ed600000)
  from space 4608K, 98% used [0x00000000ed600000,0x00000000eda70010,0x00000000eda80000)
  to   space 5120K, 0% used [0x00000000ef800000,0x00000000ef800000,0x00000000efd00000)
 ParOldGen       total 42496K, used 7966K [0x00000000c2a00000, 0x00000000c5380000, 0x00000000eb900000)
  object space 42496K, 18% used [0x00000000c2a00000,0x00000000c31c78f0,0x00000000c5380000)
 Metaspace       used 13774K, capacity 14126K, committed 14336K, reserved 1062912K
  class space    used 1565K, capacity 1667K, committed 1792K, reserved 1048576K
Event: 35.736 GC heap after
Heap after GC invocations=9 (full 1):
 PSYoungGen      total 63488K, used 5088K [0x00000000eb900000, 0x00000000eff00000, 0x0000000100000000)
  eden space 58368K, 0% used [0x00000000eb900000,0x00000000eb900000,0x00000000ef200000)
  from space 5120K, 99% used [0x00000000ef800000,0x00000000efcf8090,0x00000000efd00000)
  to   space 6144K, 0% used [0x00000000ef200000,0x00000000ef200000,0x00000000ef800000)
 ParOldGen       total 42496K, used 9330K [0x00000000c2a00000, 0x00000000c5380000, 0x00000000eb900000)
  object space 42496K, 21% used [0x00000000c2a00000,0x00000000c331cb08,0x00000000c5380000)
 Metaspace       used 13774K, capacity 14126K, committed 14336K, reserved 1062912K
  class space    used 1565K, capacity 1667K, committed 1792K, reserved 1048576K
}
Event: 38.444 GC heap before
{Heap before GC invocations=10 (full 1):
 PSYoungGen      total 63488K, used 63456K [0x00000000eb900000, 0x00000000eff00000, 0x0000000100000000)
  eden space 58368K, 100% used [0x00000000eb900000,0x00000000ef200000,0x00000000ef200000)
  from space 5120K, 99% used [0x00000000ef800000,0x00000000efcf8090,0x00000000efd00000)
  to   space 6144K, 0% used [0x00000000ef200000,0x00000000ef200000,0x00000000ef800000)
 ParOldGen       total 42496K, used 9330K [0x00000000c2a00000, 0x00000000c5380000, 0x00000000eb900000)
  object space 42496K, 21% used [0x00000000c2a00000,0x00000000c331cb08,0x00000000c5380000)
 Metaspace       used 13803K, capacity 14126K, committed 14336K, reserved 1062912K
  class space    used 1565K, capacity 1667K, committed 1792K, reserved 1048576K
Event: 38.515 GC heap after
Heap after GC invocations=10 (full 1):
 PSYoungGen      total 64512K, used 6112K [0x00000000eb900000, 0x00000000f3b00000, 0x0000000100000000)
  eden space 58368K, 0% used [0x00000000eb900000,0x00000000eb900000,0x00000000ef200000)
  from space 6144K, 99% used [0x00000000ef200000,0x00000000ef7f8010,0x00000000ef800000)
  to   space 8192K, 0% used [0x00000000f3300000,0x00000000f3300000,0x00000000f3b00000)
 ParOldGen       total 42496K, used 12621K [0x00000000c2a00000, 0x00000000c5380000, 0x00000000eb900000)
  object space 42496K, 29% used [0x00000000c2a00000,0x00000000c3653718,0x00000000c5380000)
 Metaspace       used 13803K, capacity 14126K, committed 14336K, reserved 1062912K
  class space    used 1565K, capacity 1667K, committed 1792K, reserved 1048576K
}
Event: 40.846 GC heap before
{Heap before GC invocations=11 (full 1):
 PSYoungGen      total 64512K, used 64480K [0x00000000eb900000, 0x00000000f3b00000, 0x0000000100000000)
  eden space 58368K, 100% used [0x00000000eb900000,0x00000000ef200000,0x00000000ef200000)
  from space 6144K, 99% used [0x00000000ef200000,0x00000000ef7f8010,0x00000000ef800000)
  to   space 8192K, 0% used [0x00000000f3300000,0x00000000f3300000,0x00000000f3b00000)
 ParOldGen       total 42496K, used 12621K [0x00000000c2a00000, 0x00000000c5380000, 0x00000000eb900000)
  object space 42496K, 29% used [0x00000000c2a00000,0x00000000c3653718,0x00000000c5380000)
 Metaspace       used 14889K, capacity 15374K, committed 15616K, reserved 1062912K
  class space    used 1635K, capacity 1775K, committed 1792K, reserved 1048576K
Event: 40.902 GC heap after
Heap after GC invocations=11 (full 1):
 PSYoungGen      total 101888K, used 8160K [0x00000000eb900000, 0x00000000f3b00000, 0x0000000100000000)
  eden space 93696K, 0% used [0x00000000eb900000,0x00000000eb900000,0x00000000f1480000)
  from space 8192K, 99% used [0x00000000f3300000,0x00000000f3af8010,0x00000000f3b00000)
  to   space 10752K, 0% used [0x00000000f2600000,0x00000000f2600000,0x00000000f3080000)
 ParOldGen       total 42496K, used 17274K [0x00000000c2a00000, 0x00000000c5380000, 0x00000000eb900000)
  object space 42496K, 40% used [0x00000000c2a00000,0x00000000c3adeb48,0x00000000c5380000)
 Metaspace       used 14889K, capacity 15374K, committed 15616K, reserved 1062912K
  class space    used 1635K, capacity 1775K, committed 1792K, reserved 1048576K
}
Event: 61.856 GC heap before
{Heap before GC invocations=12 (full 1):
 PSYoungGen      total 101888K, used 101856K [0x00000000eb900000, 0x00000000f3b00000, 0x0000000100000000)
  eden space 93696K, 100% used [0x00000000eb900000,0x00000000f1480000,0x00000000f1480000)
  from space 8192K, 99% used [0x00000000f3300000,0x00000000f3af8010,0x00000000f3b00000)
  to   space 10752K, 0% used [0x00000000f2600000,0x00000000f2600000,0x00000000f3080000)
 ParOldGen       total 42496K, used 17274K [0x00000000c2a00000, 0x00000000c5380000, 0x00000000eb900000)
  object space 42496K, 40% used [0x00000000c2a00000,0x00000000c3adeb48,0x00000000c5380000)
 Metaspace       used 14973K, capacity 15474K, committed 15616K, reserved 1062912K
  class space    used 1639K, capacity 1779K, committed 1792K, reserved 1048576K

