# JRE version: Java(TM) SE Runtime Environment (8.0_201-b09) (build 1.8.0_201-b09)
# Java VM: Java HotSpot(TM) 64-Bit Server VM (25.201-b09 mixed mode linux-amd64 compressed oops)
Heap:
 PSYoungGen      total 250880K, used 14617K [0x00000000eb900000, 0x00000000fc300000, 0x0000000100000000)
  eden space 231936K, 0% used [0x00000000eb900000,0x00000000eb900000,0x00000000f9b80000)
  from space 18944K, 77% used [0x00000000fb080000,0x00000000fbec6748,0x00000000fc300000)
  to   space 19456K, 0% used [0x00000000f9b80000,0x00000000f9b80000,0x00000000fae80000)
 ParOldGen       total 73216K, used 38787K [0x00000000c2a00000, 0x00000000c7180000, 0x00000000eb900000)
  object space 73216K, 52% used [0x00000000c2a00000,0x00000000c4fe0c88,0x00000000c7180000)
 Metaspace       used 23095K, capacity 23782K, committed 23936K, reserved 1071104K
  class space    used 2473K, capacity 2665K, committed 2688K, reserved 1048576K
GC Heap History (10 events):
Event: 8.301 GC heap after
Heap after GC invocations=9 (full 1):
 PSYoungGen      total 125952K, used 7140K [0x00000000eb900000, 0x00000000f4100000, 0x0000000100000000)
  eden space 118784K, 0% used [0x00000000eb900000,0x00000000eb900000,0x00000000f2d00000)
  from space 7168K, 99% used [0x00000000f3600000,0x00000000f3cf93a8,0x00000000f3d00000)
  to   space 9216K, 0% used [0x00000000f2d00000,0x00000000f2d00000,0x00000000f3600000)
 ParOldGen       total 42496K, used 14407K [0x00000000c2a00000, 0x00000000c5380000, 0x00000000eb900000)
  object space 42496K, 33% used [0x00000000c2a00000,0x00000000c3811e20,0x00000000c5380000)
 Metaspace       used 16341K, capacity 16528K, committed 16768K, reserved 1064960K
  class space    used 1831K, capacity 1910K, committed 1920K, reserved 1048576K
}
Event: 15.321 GC heap before
{Heap before GC invocations=10 (full 1):
 PSYoungGen      total 125952K, used 125924K [0x00000000eb900000, 0x00000000f4100000, 0x0000000100000000)
  eden space 118784K, 100% used [0x00000000eb900000,0x00000000f2d00000,0x00000000f2d00000)
  from space 7168K, 99% used [0x00000000f3600000,0x00000000f3cf93a8,0x00000000f3d00000)
  to   space 9216K, 0% used [0x00000000f2d00000,0x00000000f2d00000,0x00000000f3600000)
 ParOldGen       total 42496K, used 14407K [0x00000000c2a00000, 0x00000000c5380000, 0x00000000eb900000)
  object space 42496K, 33% used [0x00000000c2a00000,0x00000000c3811e20,0x00000000c5380000)
 Metaspace       used 19086K, capacity 19386K, committed 19712K, reserved 1067008K
  class space    used 2135K, capacity 2226K, committed 2304K, reserved 1048576K
Event: 15.492 GC heap after
Heap after GC invocations=10 (full 1):
 PSYoungGen      total 128000K, used 9188K [0x00000000eb900000, 0x00000000fc300000, 0x0000000100000000)
  eden space 118784K, 0% used [0x00000000eb900000,0x00000000eb900000,0x00000000f2d00000)
  from space 9216K, 99% used [0x00000000f2d00000,0x00000000f35f93b8,0x00000000f3600000)
  to   space 17408K, 0% used [0x00000000fb200000,0x00000000fb200000,0x00000000fc300000)
 ParOldGen       total 42496K, used 32214K [0x00000000c2a00000, 0x00000000c5380000, 0x00000000eb900000)
  object space 42496K, 75% used [0x00000000c2a00000,0x00000000c4975948,0x00000000c5380000)
 Metaspace       used 19086K, capacity 19386K, committed 19712K, reserved 1067008K
  class space    used 2135K, capacity 2226K, committed 2304K, reserved 1048576K
}
Event: 19.860 GC heap before
{Heap before GC invocations=11 (full 1):
 PSYoungGen      total 128000K, used 111056K [0x00000000eb900000, 0x00000000fc300000, 0x0000000100000000)
  eden space 118784K, 85% used [0x00000000eb900000,0x00000000f1c7acf0,0x00000000f2d00000)
  from space 9216K, 99% used [0x00000000f2d00000,0x00000000f35f93b8,0x00000000f3600000)
  to   space 17408K, 0% used [0x00000000fb200000,0x00000000fb200000,0x00000000fc300000)
 ParOldGen       total 42496K, used 32214K [0x00000000c2a00000, 0x00000000c5380000, 0x00000000eb900000)
  object space 42496K, 75% used [0x00000000c2a00000,0x00000000c4975948,0x00000000c5380000)
 Metaspace       used 20618K, capacity 21082K, committed 21248K, reserved 1069056K
  class space    used 2270K, capacity 2435K, committed 2560K, reserved 1048576K
Event: 19.916 GC heap after
Heap after GC invocations=11 (full 1):
 PSYoungGen      total 206336K, used 15401K [0x00000000eb900000, 0x00000000fc180000, 0x0000000100000000)
  eden space 190464K, 0% used [0x00000000eb900000,0x00000000eb900000,0x00000000f7300000)
  from space 15872K, 97% used [0x00000000fb200000,0x00000000fc10a620,0x00000000fc180000)
  to   space 19456K, 0% used [0x00000000f9b80000,0x00000000f9b80000,0x00000000fae80000)
 ParOldGen       total 42496K, used 35311K [0x00000000c2a00000, 0x00000000c5380000, 0x00000000eb900000)
  object space 42496K, 83% used [0x00000000c2a00000,0x00000000c4c7bcc0,0x00000000c5380000)
 Metaspace       used 20618K, capacity 21082K, committed 21248K, reserved 1069056K
  class space    used 2270K, capacity 2435K, committed 2560K, reserved 1048576K
}
Event: 19.916 GC heap before
{Heap before GC invocations=12 (full 2):
 PSYoungGen      total 206336K, used 15401K [0x00000000eb900000, 0x00000000fc180000, 0x0000000100000000)
  eden space 190464K, 0% used [0x00000000eb900000,0x00000000eb900000,0x00000000f7300000)
  from space 15872K, 97% used [0x00000000fb200000,0x00000000fc10a620,0x00000000fc180000)
  to   space 19456K, 0% used [0x00000000f9b80000,0x00000000f9b80000,0x00000000fae80000)
 ParOldGen       total 42496K, used 35311K [0x00000000c2a00000, 0x00000000c5380000, 0x00000000eb900000)
  object space 42496K, 83% used [0x00000000c2a00000,0x00000000c4c7bcc0,0x00000000c5380000)
 Metaspace       used 20618K, capacity 21082K, committed 21248K, reserved 1069056K
  class space    used 2270K, capacity 2435K, committed 2560K, reserved 1048576K
Event: 20.690 GC heap after
Heap after GC invocations=12 (full 2):
 PSYoungGen      total 206336K, used 0K [0x00000000eb900000, 0x00000000fc180000, 0x0000000100000000)
  eden space 190464K, 0% used [0x00000000eb900000,0x00000000eb900000,0x00000000f7300000)
  from space 15872K, 0% used [0x00000000fb200000,0x00000000fb200000,0x00000000fc180000)
  to   space 19456K, 0% used [0x00000000f9b80000,0x00000000f9b80000,0x00000000fae80000)
 ParOldGen       total 73216K, used 38771K [0x00000000c2a00000, 0x00000000c7180000, 0x00000000eb900000)
  object space 73216K, 52% used [0x00000000c2a00000,0x00000000c4fdcc88,0x00000000c7180000)
 Metaspace       used 20618K, capacity 21082K, committed 21248K, reserved 1069056K
  class space    used 2270K, capacity 2435K, committed 2560K, reserved 1048576K
}
Event: 25.710 GC heap before
{Heap before GC invocations=13 (full 2):
 PSYoungGen      total 206336K, used 190464K [0x00000000eb900000, 0x00000000fc180000, 0x0000000100000000)
  eden space 190464K, 100% used [0x00000000eb900000,0x00000000f7300000,0x00000000f7300000)
  from space 15872K, 0% used [0x00000000fb200000,0x00000000fb200000,0x00000000fc180000)
  to   space 19456K, 0% used [0x00000000f9b80000,0x00000000f9b80000,0x00000000fae80000)
 ParOldGen       total 73216K, used 38771K [0x00000000c2a00000, 0x00000000c7180000, 0x00000000eb900000)
  object space 73216K, 52% used [0x00000000c2a00000,0x00000000c4fdcc88,0x00000000c7180000)
 Metaspace       used 22175K, capacity 22626K, committed 22784K, reserved 1069056K
  class space    used 2405K, capacity 2541K, committed 2560K, reserved 1048576K
Event: 25.738 GC heap after
Heap after GC invocations=13 (full 2):
 PSYoungGen      total 251392K, used 5125K [0x00000000eb900000, 0x00000000fc300000, 0x0000000100000000)
  eden space 231936K, 0% used [0x00000000eb900000,0x00000000eb900000,0x00000000f9b80000)
  from space 19456K, 26% used [0x00000000f9b80000,0x00000000fa081708,0x00000000fae80000)
  to   space 18944K, 0% used [0x00000000fb080000,0x00000000fb080000,0x00000000fc300000)
 ParOldGen       total 73216K, used 38779K [0x00000000c2a00000, 0x00000000c7180000, 0x00000000eb900000)
  object space 73216K, 52% used [0x00000000c2a00000,0x00000000c4fdec88,0x00000000c7180000)
 Metaspace       used 22175K, capacity 22626K, committed 22784K, reserved 1069056K
  class space    used 2405K, capacity 2541K, committed 2560K, reserved 1048576K
}
Event: 34.024 GC heap before
{Heap before GC invocations=14 (full 2):
 PSYoungGen      total 251392K, used 237061K [0x00000000eb900000, 0x00000000fc300000, 0x0000000100000000)
  eden space 231936K, 100% used [0x00000000eb900000,0x00000000f9b80000,0x00000000f9b80000)
  from space 19456K, 26% used [0x00000000f9b80000,0x00000000fa081708,0x00000000fae80000)
  to   space 18944K, 0% used [0x00000000fb080000,0x00000000fb080000,0x00000000fc300000)
 ParOldGen       total 73216K, used 38779K [0x00000000c2a00000, 0x00000000c7180000, 0x00000000eb900000)
  object space 73216K, 52% used [0x00000000c2a00000,0x00000000c4fdec88,0x00000000c7180000)
 Metaspace       used 23095K, capacity 23782K, committed 23936K, reserved 1071104K
  class space    used 2473K, capacity 2665K, committed 2688K, reserved 1048576K

