# JRE version: Java(TM) SE Runtime Environment (8.0_201-b09) (build 1.8.0_201-b09)
# Java VM: Java HotSpot(TM) 64-Bit Server VM (25.201-b09 mixed mode linux-amd64 compressed oops)
Heap:
 PSYoungGen      total 126464K, used 4928K [0x00000000eb900000, 0x00000000f3a00000, 0x0000000100000000)
  eden space 120832K, 0% used [0x00000000eb900000,0x00000000eb900000,0x00000000f2f00000)
  from space 5632K, 87% used [0x00000000f2f00000,0x00000000f33d00a0,0x00000000f3480000)
  to   space 5632K, 0% used [0x00000000f3480000,0x00000000f3480000,0x00000000f3a00000)
 ParOldGen       total 42496K, used 12022K [0x00000000c2a00000, 0x00000000c5380000, 0x00000000eb900000)
  object space 42496K, 28% used [0x00000000c2a00000,0x00000000c35bdb10,0x00000000c5380000)
 Metaspace       used 14051K, capacity 14524K, committed 14592K, reserved 1062912K
  class space    used 1603K, capacity 1748K, committed 1792K, reserved 1048576K
GC Heap History (10 events):
Event: 60.189 GC heap after
Heap after GC invocations=5 (full 1):
 PSYoungGen      total 34304K, used 2528K [0x00000000eb900000, 0x00000000efc00000, 0x0000000100000000)
  eden space 31744K, 0% used [0x00000000eb900000,0x00000000eb900000,0x00000000ed800000)
  from space 2560K, 98% used [0x00000000eda80000,0x00000000edcf8020,0x00000000edd00000)
  to   space 2560K, 0% used [0x00000000ed800000,0x00000000ed800000,0x00000000eda80000)
 ParOldGen       total 42496K, used 6728K [0x00000000c2a00000, 0x00000000c5380000, 0x00000000eb900000)
  object space 42496K, 15% used [0x00000000c2a00000,0x00000000c3092398,0x00000000c5380000)
 Metaspace       used 13906K, capacity 14396K, committed 14592K, reserved 1062912K
  class space    used 1603K, capacity 1748K, committed 1792K, reserved 1048576K
}
Event: 60.927 GC heap before
{Heap before GC invocations=6 (full 1):
 PSYoungGen      total 34304K, used 34272K [0x00000000eb900000, 0x00000000efc00000, 0x0000000100000000)
  eden space 31744K, 100% used [0x00000000eb900000,0x00000000ed800000,0x00000000ed800000)
  from space 2560K, 98% used [0x00000000eda80000,0x00000000edcf8020,0x00000000edd00000)
  to   space 2560K, 0% used [0x00000000ed800000,0x00000000ed800000,0x00000000eda80000)
 ParOldGen       total 42496K, used 6728K [0x00000000c2a00000, 0x00000000c5380000, 0x00000000eb900000)
  object space 42496K, 15% used [0x00000000c2a00000,0x00000000c3092398,0x00000000c5380000)
 Metaspace       used 13962K, capacity 14460K, committed 14592K, reserved 1062912K
  class space    used 1603K, capacity 1748K, committed 1792K, reserved 1048576K
Event: 60.951 GC heap after
Heap after GC invocations=6 (full 1):
 PSYoungGen      total 34304K, used 2560K [0x00000000eb900000, 0x00000000efc00000, 0x0000000100000000)
  eden space 31744K, 0% used [0x00000000eb900000,0x00000000eb900000,0x00000000ed800000)
  from space 2560K, 100% used [0x00000000ed800000,0x00000000eda80000,0x00000000eda80000)
  to   space 2560K, 0% used [0x00000000ef980000,0x00000000ef980000,0x00000000efc00000)
 ParOldGen       total 42496K, used 8227K [0x00000000c2a00000, 0x00000000c5380000, 0x00000000eb900000)
  object space 42496K, 19% used [0x00000000c2a00000,0x00000000c3208fc0,0x00000000c5380000)
 Metaspace       used 13962K, capacity 14460K, committed 14592K, reserved 1062912K
  class space    used 1603K, capacity 1748K, committed 1792K, reserved 1048576K
}
Event: 61.681 GC heap before
{Heap before GC invocations=7 (full 1):
 PSYoungGen      total 34304K, used 34304K [0x00000000eb900000, 0x00000000efc00000, 0x0000000100000000)
  eden space 31744K, 100% used [0x00000000eb900000,0x00000000ed800000,0x00000000ed800000)
  from space 2560K, 100% used [0x00000000ed800000,0x00000000eda80000,0x00000000eda80000)
  to   space 2560K, 0% used [0x00000000ef980000,0x00000000ef980000,0x00000000efc00000)
 ParOldGen       total 42496K, used 8227K [0x00000000c2a00000, 0x00000000c5380000, 0x00000000eb900000)
  object space 42496K, 19% used [0x00000000c2a00000,0x00000000c3208fc0,0x00000000c5380000)
 Metaspace       used 13981K, capacity 14460K, committed 14592K, reserved 1062912K
  class space    used 1603K, capacity 1748K, committed 1792K, reserved 1048576K
Event: 61.700 GC heap after
Heap after GC invocations=7 (full 1):
 PSYoungGen      total 62976K, used 2560K [0x00000000eb900000, 0x00000000f0200000, 0x0000000100000000)
  eden space 60416K, 0% used [0x00000000eb900000,0x00000000eb900000,0x00000000ef400000)
  from space 2560K, 100% used [0x00000000ef980000,0x00000000efc00000,0x00000000efc00000)
  to   space 5632K, 0% used [0x00000000ef400000,0x00000000ef400000,0x00000000ef980000)
 ParOldGen       total 42496K, used 10138K [0x00000000c2a00000, 0x00000000c5380000, 0x00000000eb900000)
  object space 42496K, 23% used [0x00000000c2a00000,0x00000000c33e69d0,0x00000000c5380000)
 Metaspace       used 13981K, capacity 14460K, committed 14592K, reserved 1062912K
  class space    used 1603K, capacity 1748K, committed 1792K, reserved 1048576K
}
Event: 62.797 GC heap before
{Heap before GC invocations=8 (full 1):
 PSYoungGen      total 62976K, used 62976K [0x00000000eb900000, 0x00000000f0200000, 0x0000000100000000)
  eden space 60416K, 100% used [0x00000000eb900000,0x00000000ef400000,0x00000000ef400000)
  from space 2560K, 100% used [0x00000000ef980000,0x00000000efc00000,0x00000000efc00000)
  to   space 5632K, 0% used [0x00000000ef400000,0x00000000ef400000,0x00000000ef980000)
 ParOldGen       total 42496K, used 10138K [0x00000000c2a00000, 0x00000000c5380000, 0x00000000eb900000)
  object space 42496K, 23% used [0x00000000c2a00000,0x00000000c33e69d0,0x00000000c5380000)
 Metaspace       used 14006K, capacity 14524K, committed 14592K, reserved 1062912K
  class space    used 1603K, capacity 1748K, committed 1792K, reserved 1048576K
Event: 62.817 GC heap after
Heap after GC invocations=8 (full 1):
 PSYoungGen      total 66048K, used 3520K [0x00000000eb900000, 0x00000000f3a00000, 0x0000000100000000)
  eden space 60416K, 0% used [0x00000000eb900000,0x00000000eb900000,0x00000000ef400000)
  from space 5632K, 62% used [0x00000000ef400000,0x00000000ef770010,0x00000000ef980000)
  to   space 5632K, 0% used [0x00000000f3480000,0x00000000f3480000,0x00000000f3a00000)
 ParOldGen       total 42496K, used 10138K [0x00000000c2a00000, 0x00000000c5380000, 0x00000000eb900000)
  object space 42496K, 23% used [0x00000000c2a00000,0x00000000c33e69d0,0x00000000c5380000)
 Metaspace       used 14006K, capacity 14524K, committed 14592K, reserved 1062912K
  class space    used 1603K, capacity 1748K, committed 1792K, reserved 1048576K
}
Event: 63.664 GC heap before
{Heap before GC invocations=9 (full 1):
 PSYoungGen      total 66048K, used 63936K [0x00000000eb900000, 0x00000000f3a00000, 0x0000000100000000)
  eden space 60416K, 100% used [0x00000000eb900000,0x00000000ef400000,0x00000000ef400000)
  from space 5632K, 62% used [0x00000000ef400000,0x00000000ef770010,0x00000000ef980000)
  to   space 5632K, 0% used [0x00000000f3480000,0x00000000f3480000,0x00000000f3a00000)
 ParOldGen       total 42496K, used 10138K [0x00000000c2a00000, 0x00000000c5380000, 0x00000000eb900000)
  object space 42496K, 23% used [0x00000000c2a00000,0x00000000c33e69d0,0x00000000c5380000)
 Metaspace       used 14018K, capacity 14524K, committed 14592K, reserved 1062912K
  class space    used 1603K, capacity 1748K, committed 1792K, reserved 1048576K
Event: 63.685 GC heap after
Heap after GC invocations=9 (full 1):
 PSYoungGen      total 126464K, used 4208K [0x00000000eb900000, 0x00000000f3a00000, 0x0000000100000000)
  eden space 120832K, 0% used [0x00000000eb900000,0x00000000eb900000,0x00000000f2f00000)
  from space 5632K, 74% used [0x00000000f3480000,0x00000000f389c020,0x00000000f3a00000)
  to   space 5632K, 0% used [0x00000000f2f00000,0x00000000f2f00000,0x00000000f3480000)
 ParOldGen       total 42496K, used 10982K [0x00000000c2a00000, 0x00000000c5380000, 0x00000000eb900000)
  object space 42496K, 25% used [0x00000000c2a00000,0x00000000c34b9b10,0x00000000c5380000)
 Metaspace       used 14018K, capacity 14524K, committed 14592K, reserved 1062912K
  class space    used 1603K, capacity 1748K, committed 1792K, reserved 1048576K
}
Event: 65.867 GC heap before
{Heap before GC invocations=10 (full 1):
 PSYoungGen      total 126464K, used 125040K [0x00000000eb900000, 0x00000000f3a00000, 0x0000000100000000)
  eden space 120832K, 100% used [0x00000000eb900000,0x00000000f2f00000,0x00000000f2f00000)
  from space 5632K, 74% used [0x00000000f3480000,0x00000000f389c020,0x00000000f3a00000)
  to   space 5632K, 0% used [0x00000000f2f00000,0x00000000f2f00000,0x00000000f3480000)
 ParOldGen       total 42496K, used 10982K [0x00000000c2a00000, 0x00000000c5380000, 0x00000000eb900000)
  object space 42496K, 25% used [0x00000000c2a00000,0x00000000c34b9b10,0x00000000c5380000)
 Metaspace       used 14051K, capacity 14524K, committed 14592K, reserved 1062912K
  class space    used 1603K, capacity 1748K, committed 1792K, reserved 1048576K

