# JRE version: Java(TM) SE Runtime Environment (8.0_201-b09) (build 1.8.0_201-b09)
# Java VM: Java HotSpot(TM) 64-Bit Server VM (25.201-b09 mixed mode linux-amd64 compressed oops)
Heap:
 PSYoungGen      total 305152K, used 220800K [0x00000000eb900000, 0x0000000100000000, 0x0000000100000000)
  eden space 277504K, 72% used [0x00000000eb900000,0x00000000f7d18360,0x00000000fc800000)
  from space 27648K, 72% used [0x00000000fe500000,0x00000000ff888000,0x0000000100000000)
  to   space 28672K, 0% used [0x00000000fc800000,0x00000000fc800000,0x00000000fe400000)
 ParOldGen       total 60416K, used 28782K [0x00000000c2a00000, 0x00000000c6500000, 0x00000000eb900000)
  object space 60416K, 47% used [0x00000000c2a00000,0x00000000c461bbf0,0x00000000c6500000)
 Metaspace       used 28507K, capacity 29490K, committed 29824K, reserved 1075200K
  class space    used 3371K, capacity 3589K, committed 3712K, reserved 1048576K
GC Heap History (10 events):
Event: 44.346 GC heap before
{Heap before GC invocations=22 (full 2):
 PSYoungGen      total 302592K, used 302272K [0x00000000eb900000, 0x0000000100000000, 0x0000000100000000)
  eden space 284672K, 100% used [0x00000000eb900000,0x00000000fcf00000,0x00000000fcf00000)
  from space 17920K, 98% used [0x00000000fcf00000,0x00000000fe030000,0x00000000fe080000)
  to   space 26112K, 0% used [0x00000000fe680000,0x00000000fe680000,0x0000000100000000)
 ParOldGen       total 60416K, used 28750K [0x00000000c2a00000, 0x00000000c6500000, 0x00000000eb900000)
  object space 60416K, 47% used [0x00000000c2a00000,0x00000000c4613bf0,0x00000000c6500000)
 Metaspace       used 28341K, capacity 29294K, committed 29440K, reserved 1075200K
  class space    used 3356K, capacity 3567K, committed 3584K, reserved 1048576K
Event: 44.400 GC heap after
Heap after GC invocations=22 (full 2):
 PSYoungGen      total 307712K, used 16384K [0x00000000eb900000, 0x0000000100000000, 0x0000000100000000)
  eden space 281600K, 0% used [0x00000000eb900000,0x00000000eb900000,0x00000000fcc00000)
  from space 26112K, 62% used [0x00000000fe680000,0x00000000ff680000,0x0000000100000000)
  to   space 26624K, 0% used [0x00000000fcc00000,0x00000000fcc00000,0x00000000fe600000)
 ParOldGen       total 60416K, used 28758K [0x00000000c2a00000, 0x00000000c6500000, 0x00000000eb900000)
  object space 60416K, 47% used [0x00000000c2a00000,0x00000000c4615bf0,0x00000000c6500000)
 Metaspace       used 28341K, capacity 29294K, committed 29440K, reserved 1075200K
  class space    used 3356K, capacity 3567K, committed 3584K, reserved 1048576K
}
Event: 46.628 GC heap before
{Heap before GC invocations=23 (full 2):
 PSYoungGen      total 307712K, used 297984K [0x00000000eb900000, 0x0000000100000000, 0x0000000100000000)
  eden space 281600K, 100% used [0x00000000eb900000,0x00000000fcc00000,0x00000000fcc00000)
  from space 26112K, 62% used [0x00000000fe680000,0x00000000ff680000,0x0000000100000000)
  to   space 26624K, 0% used [0x00000000fcc00000,0x00000000fcc00000,0x00000000fe600000)
 ParOldGen       total 60416K, used 28758K [0x00000000c2a00000, 0x00000000c6500000, 0x00000000eb900000)
  object space 60416K, 47% used [0x00000000c2a00000,0x00000000c4615bf0,0x00000000c6500000)
 Metaspace       used 28407K, capacity 29336K, committed 29440K, reserved 1075200K
  class space    used 3361K, capacity 3574K, committed 3584K, reserved 1048576K
Event: 46.693 GC heap after
Heap after GC invocations=23 (full 2):
 PSYoungGen      total 299008K, used 17344K [0x00000000eb900000, 0x0000000100000000, 0x0000000100000000)
  eden space 281600K, 0% used [0x00000000eb900000,0x00000000eb900000,0x00000000fcc00000)
  from space 17408K, 99% used [0x00000000fcc00000,0x00000000fdcf0000,0x00000000fdd00000)
  to   space 27136K, 0% used [0x00000000fe580000,0x00000000fe580000,0x0000000100000000)
 ParOldGen       total 60416K, used 28766K [0x00000000c2a00000, 0x00000000c6500000, 0x00000000eb900000)
  object space 60416K, 47% used [0x00000000c2a00000,0x00000000c4617bf0,0x00000000c6500000)
 Metaspace       used 28407K, capacity 29336K, committed 29440K, reserved 1075200K
  class space    used 3361K, capacity 3574K, committed 3584K, reserved 1048576K
}
Event: 49.271 GC heap before
{Heap before GC invocations=24 (full 2):
 PSYoungGen      total 299008K, used 298944K [0x00000000eb900000, 0x0000000100000000, 0x0000000100000000)
  eden space 281600K, 100% used [0x00000000eb900000,0x00000000fcc00000,0x00000000fcc00000)
  from space 17408K, 99% used [0x00000000fcc00000,0x00000000fdcf0000,0x00000000fdd00000)
  to   space 27136K, 0% used [0x00000000fe580000,0x00000000fe580000,0x0000000100000000)
 ParOldGen       total 60416K, used 28766K [0x00000000c2a00000, 0x00000000c6500000, 0x00000000eb900000)
  object space 60416K, 47% used [0x00000000c2a00000,0x00000000c4617bf0,0x00000000c6500000)
 Metaspace       used 28480K, capacity 29414K, committed 29568K, reserved 1075200K
  class space    used 3369K, capacity 3587K, committed 3712K, reserved 1048576K
Event: 49.329 GC heap after
Heap after GC invocations=24 (full 2):
 PSYoungGen      total 306688K, used 17504K [0x00000000eb900000, 0x0000000100000000, 0x0000000100000000)
  eden space 279552K, 0% used [0x00000000eb900000,0x00000000eb900000,0x00000000fca00000)
  from space 27136K, 64% used [0x00000000fe580000,0x00000000ff698000,0x0000000100000000)
  to   space 27648K, 0% used [0x00000000fca00000,0x00000000fca00000,0x00000000fe500000)
 ParOldGen       total 60416K, used 28774K [0x00000000c2a00000, 0x00000000c6500000, 0x00000000eb900000)
  object space 60416K, 47% used [0x00000000c2a00000,0x00000000c4619bf0,0x00000000c6500000)
 Metaspace       used 28480K, capacity 29414K, committed 29568K, reserved 1075200K
  class space    used 3369K, capacity 3587K, committed 3712K, reserved 1048576K
}
Event: 50.907 GC heap before
{Heap before GC invocations=25 (full 2):
 PSYoungGen      total 306688K, used 297056K [0x00000000eb900000, 0x0000000100000000, 0x0000000100000000)
  eden space 279552K, 100% used [0x00000000eb900000,0x00000000fca00000,0x00000000fca00000)
  from space 27136K, 64% used [0x00000000fe580000,0x00000000ff698000,0x0000000100000000)
  to   space 27648K, 0% used [0x00000000fca00000,0x00000000fca00000,0x00000000fe500000)
 ParOldGen       total 60416K, used 28774K [0x00000000c2a00000, 0x00000000c6500000, 0x00000000eb900000)
  object space 60416K, 47% used [0x00000000c2a00000,0x00000000c4619bf0,0x00000000c6500000)
 Metaspace       used 28484K, capacity 29420K, committed 29568K, reserved 1075200K
  class space    used 3370K, capacity 3588K, committed 3712K, reserved 1048576K
Event: 50.972 GC heap after
Heap after GC invocations=25 (full 2):
 PSYoungGen      total 307200K, used 16928K [0x00000000eb900000, 0x0000000100000000, 0x0000000100000000)
  eden space 279552K, 0% used [0x00000000eb900000,0x00000000eb900000,0x00000000fca00000)
  from space 27648K, 61% used [0x00000000fca00000,0x00000000fda88000,0x00000000fe500000)
  to   space 27648K, 0% used [0x00000000fe500000,0x00000000fe500000,0x0000000100000000)
 ParOldGen       total 60416K, used 28782K [0x00000000c2a00000, 0x00000000c6500000, 0x00000000eb900000)
  object space 60416K, 47% used [0x00000000c2a00000,0x00000000c461bbf0,0x00000000c6500000)
 Metaspace       used 28484K, capacity 29420K, committed 29568K, reserved 1075200K
  class space    used 3370K, capacity 3588K, committed 3712K, reserved 1048576K
}
Event: 53.530 GC heap before
{Heap before GC invocations=26 (full 2):
 PSYoungGen      total 307200K, used 296480K [0x00000000eb900000, 0x0000000100000000, 0x0000000100000000)
  eden space 279552K, 100% used [0x00000000eb900000,0x00000000fca00000,0x00000000fca00000)
  from space 27648K, 61% used [0x00000000fca00000,0x00000000fda88000,0x00000000fe500000)
  to   space 27648K, 0% used [0x00000000fe500000,0x00000000fe500000,0x0000000100000000)
 ParOldGen       total 60416K, used 28782K [0x00000000c2a00000, 0x00000000c6500000, 0x00000000eb900000)
  object space 60416K, 47% used [0x00000000c2a00000,0x00000000c461bbf0,0x00000000c6500000)
 Metaspace       used 28498K, capacity 29490K, committed 29824K, reserved 1075200K
  class space    used 3371K, capacity 3589K, committed 3712K, reserved 1048576K
Event: 53.679 GC heap after
Heap after GC invocations=26 (full 2):
 PSYoungGen      total 305152K, used 20000K [0x00000000eb900000, 0x0000000100000000, 0x0000000100000000)
  eden space 277504K, 0% used [0x00000000eb900000,0x00000000eb900000,0x00000000fc800000)
  from space 27648K, 72% used [0x00000000fe500000,0x00000000ff888000,0x0000000100000000)
  to   space 28672K, 0% used [0x00000000fc800000,0x00000000fc800000,0x00000000fe400000)
 ParOldGen       total 60416K, used 28782K [0x00000000c2a00000, 0x00000000c6500000, 0x00000000eb900000)
  object space 60416K, 47% used [0x00000000c2a00000,0x00000000c461bbf0,0x00000000c6500000)
 Metaspace       used 28498K, capacity 29490K, committed 29824K, reserved 1075200K
  class space    used 3371K, capacity 3589K, committed 3712K, reserved 1048576K
}

