# JRE version: Java(TM) SE Runtime Environment (8.0_201-b09) (build 1.8.0_201-b09)
# Java VM: Java HotSpot(TM) 64-Bit Server VM (25.201-b09 mixed mode linux-amd64 compressed oops)
Heap:
 PSYoungGen      total 158208K, used 5600K [0x00000000eb900000, 0x00000000f7a80000, 0x0000000100000000)
  eden space 152576K, 0% used [0x00000000eb900000,0x00000000eb900000,0x00000000f4e00000)
  from space 5632K, 99% used [0x00000000f4e00000,0x00000000f5378020,0x00000000f5380000)
  to   space 5632K, 0% used [0x00000000f5380000,0x00000000f5380000,0x00000000f5900000)
 ParOldGen       total 42496K, used 25856K [0x00000000c2a00000, 0x00000000c5380000, 0x00000000eb900000)
  object space 42496K, 60% used [0x00000000c2a00000,0x00000000c4340288,0x00000000c5380000)
 Metaspace       used 18449K, capacity 19014K, committed 19200K, reserved 1067008K
  class space    used 2078K, capacity 2249K, committed 2304K, reserved 1048576K
GC Heap History (10 events):
Event: 108.440 GC heap after
Heap after GC invocations=9 (full 1):
 PSYoungGen      total 64512K, used 4052K [0x00000000eb900000, 0x00000000efd00000, 0x0000000100000000)
  eden space 59392K, 0% used [0x00000000eb900000,0x00000000eb900000,0x00000000ef300000)
  from space 5120K, 79% used [0x00000000ef800000,0x00000000efbf50b0,0x00000000efd00000)
  to   space 5120K, 0% used [0x00000000ef300000,0x00000000ef300000,0x00000000ef800000)
 ParOldGen       total 42496K, used 10681K [0x00000000c2a00000, 0x00000000c5380000, 0x00000000eb900000)
  object space 42496K, 25% used [0x00000000c2a00000,0x00000000c346e628,0x00000000c5380000)
 Metaspace       used 13901K, capacity 14298K, committed 14592K, reserved 1062912K
  class space    used 1570K, capacity 1697K, committed 1792K, reserved 1048576K
}
Event: 109.743 GC heap before
{Heap before GC invocations=10 (full 1):
 PSYoungGen      total 64512K, used 63444K [0x00000000eb900000, 0x00000000efd00000, 0x0000000100000000)
  eden space 59392K, 100% used [0x00000000eb900000,0x00000000ef300000,0x00000000ef300000)
  from space 5120K, 79% used [0x00000000ef800000,0x00000000efbf50b0,0x00000000efd00000)
  to   space 5120K, 0% used [0x00000000ef300000,0x00000000ef300000,0x00000000ef800000)
 ParOldGen       total 42496K, used 10681K [0x00000000c2a00000, 0x00000000c5380000, 0x00000000eb900000)
  object space 42496K, 25% used [0x00000000c2a00000,0x00000000c346e628,0x00000000c5380000)
 Metaspace       used 13930K, capacity 14298K, committed 14592K, reserved 1062912K
  class space    used 1570K, capacity 1697K, committed 1792K, reserved 1048576K
Event: 109.759 GC heap after
Heap after GC invocations=10 (full 1):
 PSYoungGen      total 64512K, used 5118K [0x00000000eb900000, 0x00000000f3800000, 0x0000000100000000)
  eden space 59392K, 0% used [0x00000000eb900000,0x00000000eb900000,0x00000000ef300000)
  from space 5120K, 99% used [0x00000000ef300000,0x00000000ef7ff990,0x00000000ef800000)
  to   space 5632K, 0% used [0x00000000f3280000,0x00000000f3280000,0x00000000f3800000)
 ParOldGen       total 42496K, used 11441K [0x00000000c2a00000, 0x00000000c5380000, 0x00000000eb900000)
  object space 42496K, 26% used [0x00000000c2a00000,0x00000000c352c628,0x00000000c5380000)
 Metaspace       used 13930K, capacity 14298K, committed 14592K, reserved 1062912K
  class space    used 1570K, capacity 1697K, committed 1792K, reserved 1048576K
}
Event: 110.180 GC heap before
{Heap before GC invocations=11 (full 1):
 PSYoungGen      total 64512K, used 64510K [0x00000000eb900000, 0x00000000f3800000, 0x0000000100000000)
  eden space 59392K, 100% used [0x00000000eb900000,0x00000000ef300000,0x00000000ef300000)
  from space 5120K, 99% used [0x00000000ef300000,0x00000000ef7ff990,0x00000000ef800000)
  to   space 5632K, 0% used [0x00000000f3280000,0x00000000f3280000,0x00000000f3800000)
 ParOldGen       total 42496K, used 11441K [0x00000000c2a00000, 0x00000000c5380000, 0x00000000eb900000)
  object space 42496K, 26% used [0x00000000c2a00000,0x00000000c352c628,0x00000000c5380000)
 Metaspace       used 13937K, capacity 14298K, committed 14592K, reserved 1062912K
  class space    used 1570K, capacity 1697K, committed 1792K, reserved 1048576K
Event: 110.201 GC heap after
Heap after GC invocations=11 (full 1):
 PSYoungGen      total 98816K, used 3582K [0x00000000eb900000, 0x00000000f3600000, 0x0000000100000000)
  eden space 95232K, 0% used [0x00000000eb900000,0x00000000eb900000,0x00000000f1600000)
  from space 3584K, 99% used [0x00000000f3280000,0x00000000f35ff990,0x00000000f3600000)
  to   space 5632K, 0% used [0x00000000f2b00000,0x00000000f2b00000,0x00000000f3080000)
 ParOldGen       total 42496K, used 13425K [0x00000000c2a00000, 0x00000000c5380000, 0x00000000eb900000)
  object space 42496K, 31% used [0x00000000c2a00000,0x00000000c371c628,0x00000000c5380000)
 Metaspace       used 13937K, capacity 14298K, committed 14592K, reserved 1062912K
  class space    used 1570K, capacity 1697K, committed 1792K, reserved 1048576K
}
Event: 111.014 GC heap before
{Heap before GC invocations=12 (full 1):
 PSYoungGen      total 98816K, used 98814K [0x00000000eb900000, 0x00000000f3600000, 0x0000000100000000)
  eden space 95232K, 100% used [0x00000000eb900000,0x00000000f1600000,0x00000000f1600000)
  from space 3584K, 99% used [0x00000000f3280000,0x00000000f35ff990,0x00000000f3600000)
  to   space 5632K, 0% used [0x00000000f2b00000,0x00000000f2b00000,0x00000000f3080000)
 ParOldGen       total 42496K, used 13425K [0x00000000c2a00000, 0x00000000c5380000, 0x00000000eb900000)
  object space 42496K, 31% used [0x00000000c2a00000,0x00000000c371c628,0x00000000c5380000)
 Metaspace       used 13946K, capacity 14298K, committed 14592K, reserved 1062912K
  class space    used 1570K, capacity 1697K, committed 1792K, reserved 1048576K
Event: 111.036 GC heap after
Heap after GC invocations=12 (full 1):
 PSYoungGen      total 122368K, used 2400K [0x00000000eb900000, 0x00000000f5900000, 0x0000000100000000)
  eden space 116736K, 0% used [0x00000000eb900000,0x00000000eb900000,0x00000000f2b00000)
  from space 5632K, 42% used [0x00000000f2b00000,0x00000000f2d58000,0x00000000f3080000)
  to   space 5632K, 0% used [0x00000000f5380000,0x00000000f5380000,0x00000000f5900000)
 ParOldGen       total 42496K, used 16443K [0x00000000c2a00000, 0x00000000c5380000, 0x00000000eb900000)
  object space 42496K, 38% used [0x00000000c2a00000,0x00000000c3a0efc8,0x00000000c5380000)
 Metaspace       used 13946K, capacity 14298K, committed 14592K, reserved 1062912K
  class space    used 1570K, capacity 1697K, committed 1792K, reserved 1048576K
}
Event: 113.014 GC heap before
{Heap before GC invocations=13 (full 1):
 PSYoungGen      total 122368K, used 119136K [0x00000000eb900000, 0x00000000f5900000, 0x0000000100000000)
  eden space 116736K, 100% used [0x00000000eb900000,0x00000000f2b00000,0x00000000f2b00000)
  from space 5632K, 42% used [0x00000000f2b00000,0x00000000f2d58000,0x00000000f3080000)
  to   space 5632K, 0% used [0x00000000f5380000,0x00000000f5380000,0x00000000f5900000)
 ParOldGen       total 42496K, used 16443K [0x00000000c2a00000, 0x00000000c5380000, 0x00000000eb900000)
  object space 42496K, 38% used [0x00000000c2a00000,0x00000000c3a0efc8,0x00000000c5380000)
 Metaspace       used 15556K, capacity 15988K, committed 16256K, reserved 1062912K
  class space    used 1747K, capacity 1904K, committed 1920K, reserved 1048576K
Event: 113.066 GC heap after
Heap after GC invocations=13 (full 1):
 PSYoungGen      total 158208K, used 4422K [0x00000000eb900000, 0x00000000f7a80000, 0x0000000100000000)
  eden space 152576K, 0% used [0x00000000eb900000,0x00000000eb900000,0x00000000f4e00000)
  from space 5632K, 78% used [0x00000000f5380000,0x00000000f57d1b78,0x00000000f5900000)
  to   space 5632K, 0% used [0x00000000f4e00000,0x00000000f4e00000,0x00000000f5380000)
 ParOldGen       total 42496K, used 18756K [0x00000000c2a00000, 0x00000000c5380000, 0x00000000eb900000)
  object space 42496K, 44% used [0x00000000c2a00000,0x00000000c3c51128,0x00000000c5380000)
 Metaspace       used 15556K, capacity 15988K, committed 16256K, reserved 1062912K
  class space    used 1747K, capacity 1904K, committed 1920K, reserved 1048576K
}
Event: 123.824 GC heap before
{Heap before GC invocations=14 (full 1):
 PSYoungGen      total 158208K, used 156998K [0x00000000eb900000, 0x00000000f7a80000, 0x0000000100000000)
  eden space 152576K, 100% used [0x00000000eb900000,0x00000000f4e00000,0x00000000f4e00000)
  from space 5632K, 78% used [0x00000000f5380000,0x00000000f57d1b78,0x00000000f5900000)
  to   space 5632K, 0% used [0x00000000f4e00000,0x00000000f4e00000,0x00000000f5380000)
 ParOldGen       total 42496K, used 18756K [0x00000000c2a00000, 0x00000000c5380000, 0x00000000eb900000)
  object space 42496K, 44% used [0x00000000c2a00000,0x00000000c3c51128,0x00000000c5380000)
 Metaspace       used 18449K, capacity 19014K, committed 19200K, reserved 1067008K
  class space    used 2078K, capacity 2249K, committed 2304K, reserved 1048576K

