# JRE version: Java(TM) SE Runtime Environment (8.0_201-b09) (build 1.8.0_201-b09)
# Java VM: Java HotSpot(TM) 64-Bit Server VM (25.201-b09 mixed mode linux-amd64 compressed oops)
Heap:
 PSYoungGen      total 224256K, used 0K [0x00000000eb900000, 0x00000000fdd00000, 0x0000000100000000)
  eden space 198144K, 0% used [0x00000000eb900000,0x00000000eb900000,0x00000000f7a80000)
  from space 26112K, 0% used [0x00000000f7a80000,0x00000000f7a80000,0x00000000f9400000)
  to   space 24576K, 0% used [0x00000000fc500000,0x00000000fc500000,0x00000000fdd00000)
 ParOldGen       total 76288K, used 73934K [0x00000000c2a00000, 0x00000000c7480000, 0x00000000eb900000)
  object space 76288K, 96% used [0x00000000c2a00000,0x00000000c7233828,0x00000000c7480000)
 Metaspace       used 23314K, capacity 24012K, committed 24192K, reserved 1071104K
  class space    used 2487K, capacity 2674K, committed 2688K, reserved 1048576K
GC Heap History (10 events):
Event: 21.741 GC heap after
Heap after GC invocations=15 (full 2):
 PSYoungGen      total 167424K, used 4564K [0x00000000eb900000, 0x00000000f8700000, 0x0000000100000000)
  eden space 150016K, 0% used [0x00000000eb900000,0x00000000eb900000,0x00000000f4b80000)
  from space 17408K, 26% used [0x00000000f4b80000,0x00000000f4ff53f8,0x00000000f5c80000)
  to   space 16896K, 0% used [0x00000000f7680000,0x00000000f7680000,0x00000000f8700000)
 ParOldGen       total 76288K, used 39746K [0x00000000c2a00000, 0x00000000c7480000, 0x00000000eb900000)
  object space 76288K, 52% used [0x00000000c2a00000,0x00000000c50d0a50,0x00000000c7480000)
 Metaspace       used 22152K, capacity 22562K, committed 22784K, reserved 1069056K
  class space    used 2406K, capacity 2541K, committed 2560K, reserved 1048576K
}
Event: 23.902 GC heap before
{Heap before GC invocations=16 (full 2):
 PSYoungGen      total 167424K, used 154580K [0x00000000eb900000, 0x00000000f8700000, 0x0000000100000000)
  eden space 150016K, 100% used [0x00000000eb900000,0x00000000f4b80000,0x00000000f4b80000)
  from space 17408K, 26% used [0x00000000f4b80000,0x00000000f4ff53f8,0x00000000f5c80000)
  to   space 16896K, 0% used [0x00000000f7680000,0x00000000f7680000,0x00000000f8700000)
 ParOldGen       total 76288K, used 39746K [0x00000000c2a00000, 0x00000000c7480000, 0x00000000eb900000)
  object space 76288K, 52% used [0x00000000c2a00000,0x00000000c50d0a50,0x00000000c7480000)
 Metaspace       used 22208K, capacity 22634K, committed 22784K, reserved 1069056K
  class space    used 2408K, capacity 2545K, committed 2560K, reserved 1048576K
Event: 23.918 GC heap after
Heap after GC invocations=16 (full 2):
 PSYoungGen      total 186880K, used 4992K [0x00000000eb900000, 0x00000000f8300000, 0x0000000100000000)
  eden space 174080K, 0% used [0x00000000eb900000,0x00000000eb900000,0x00000000f6300000)
  from space 12800K, 39% used [0x00000000f7680000,0x00000000f7b60010,0x00000000f8300000)
  to   space 16384K, 0% used [0x00000000f6300000,0x00000000f6300000,0x00000000f7300000)
 ParOldGen       total 76288K, used 39754K [0x00000000c2a00000, 0x00000000c7480000, 0x00000000eb900000)
  object space 76288K, 52% used [0x00000000c2a00000,0x00000000c50d2a50,0x00000000c7480000)
 Metaspace       used 22208K, capacity 22634K, committed 22784K, reserved 1069056K
  class space    used 2408K, capacity 2545K, committed 2560K, reserved 1048576K
}
Event: 29.865 GC heap before
{Heap before GC invocations=17 (full 2):
 PSYoungGen      total 186880K, used 179072K [0x00000000eb900000, 0x00000000f8300000, 0x0000000100000000)
  eden space 174080K, 100% used [0x00000000eb900000,0x00000000f6300000,0x00000000f6300000)
  from space 12800K, 39% used [0x00000000f7680000,0x00000000f7b60010,0x00000000f8300000)
  to   space 16384K, 0% used [0x00000000f6300000,0x00000000f6300000,0x00000000f7300000)
 ParOldGen       total 76288K, used 39754K [0x00000000c2a00000, 0x00000000c7480000, 0x00000000eb900000)
  object space 76288K, 52% used [0x00000000c2a00000,0x00000000c50d2a50,0x00000000c7480000)
 Metaspace       used 23133K, capacity 23836K, committed 23936K, reserved 1071104K
  class space    used 2474K, capacity 2666K, committed 2688K, reserved 1048576K
Event: 30.023 GC heap after
Heap after GC invocations=17 (full 2):
 PSYoungGen      total 190464K, used 16368K [0x00000000eb900000, 0x00000000fa780000, 0x0000000100000000)
  eden space 174080K, 0% used [0x00000000eb900000,0x00000000eb900000,0x00000000f6300000)
  from space 16384K, 99% used [0x00000000f6300000,0x00000000f72fc030,0x00000000f7300000)
  to   space 19968K, 0% used [0x00000000f9400000,0x00000000f9400000,0x00000000fa780000)
 ParOldGen       total 76288K, used 42356K [0x00000000c2a00000, 0x00000000c7480000, 0x00000000eb900000)
  object space 76288K, 55% used [0x00000000c2a00000,0x00000000c535d378,0x00000000c7480000)
 Metaspace       used 23133K, capacity 23836K, committed 23936K, reserved 1071104K
  class space    used 2474K, capacity 2666K, committed 2688K, reserved 1048576K
}
Event: 36.261 GC heap before
{Heap before GC invocations=18 (full 2):
 PSYoungGen      total 190464K, used 190448K [0x00000000eb900000, 0x00000000fa780000, 0x0000000100000000)
  eden space 174080K, 100% used [0x00000000eb900000,0x00000000f6300000,0x00000000f6300000)
  from space 16384K, 99% used [0x00000000f6300000,0x00000000f72fc030,0x00000000f7300000)
  to   space 19968K, 0% used [0x00000000f9400000,0x00000000f9400000,0x00000000fa780000)
 ParOldGen       total 76288K, used 42356K [0x00000000c2a00000, 0x00000000c7480000, 0x00000000eb900000)
  object space 76288K, 55% used [0x00000000c2a00000,0x00000000c535d378,0x00000000c7480000)
 Metaspace       used 23249K, capacity 23942K, committed 24192K, reserved 1071104K
  class space    used 2486K, capacity 2673K, committed 2688K, reserved 1048576K
Event: 37.731 GC heap after
Heap after GC invocations=18 (full 2):
 PSYoungGen      total 218112K, used 19968K [0x00000000eb900000, 0x00000000fc700000, 0x0000000100000000)
  eden space 198144K, 0% used [0x00000000eb900000,0x00000000eb900000,0x00000000f7a80000)
  from space 19968K, 100% used [0x00000000f9400000,0x00000000fa780000,0x00000000fa780000)
  to   space 26112K, 0% used [0x00000000f7a80000,0x00000000f7a80000,0x00000000f9400000)
 ParOldGen       total 76288K, used 50208K [0x00000000c2a00000, 0x00000000c7480000, 0x00000000eb900000)
  object space 76288K, 65% used [0x00000000c2a00000,0x00000000c5b08218,0x00000000c7480000)
 Metaspace       used 23249K, capacity 23942K, committed 24192K, reserved 1071104K
  class space    used 2486K, capacity 2673K, committed 2688K, reserved 1048576K
}
Event: 43.302 GC heap before
{Heap before GC invocations=19 (full 2):
 PSYoungGen      total 218112K, used 218112K [0x00000000eb900000, 0x00000000fc700000, 0x0000000100000000)
  eden space 198144K, 100% used [0x00000000eb900000,0x00000000f7a80000,0x00000000f7a80000)
  from space 19968K, 100% used [0x00000000f9400000,0x00000000fa780000,0x00000000fa780000)
  to   space 26112K, 0% used [0x00000000f7a80000,0x00000000f7a80000,0x00000000f9400000)
 ParOldGen       total 76288K, used 50208K [0x00000000c2a00000, 0x00000000c7480000, 0x00000000eb900000)
  object space 76288K, 65% used [0x00000000c2a00000,0x00000000c5b08218,0x00000000c7480000)
 Metaspace       used 23314K, capacity 24012K, committed 24192K, reserved 1071104K
  class space    used 2487K, capacity 2674K, committed 2688K, reserved 1048576K
Event: 43.398 GC heap after
Heap after GC invocations=19 (full 2):
 PSYoungGen      total 224256K, used 9888K [0x00000000eb900000, 0x00000000fdd00000, 0x0000000100000000)
  eden space 198144K, 0% used [0x00000000eb900000,0x00000000eb900000,0x00000000f7a80000)
  from space 26112K, 37% used [0x00000000f7a80000,0x00000000f8428000,0x00000000f9400000)
  to   space 24576K, 0% used [0x00000000fc500000,0x00000000fc500000,0x00000000fdd00000)
 ParOldGen       total 76288K, used 68799K [0x00000000c2a00000, 0x00000000c7480000, 0x00000000eb900000)
  object space 76288K, 90% used [0x00000000c2a00000,0x00000000c6d2fd88,0x00000000c7480000)
 Metaspace       used 23314K, capacity 24012K, committed 24192K, reserved 1071104K
  class space    used 2487K, capacity 2674K, committed 2688K, reserved 1048576K
}
Event: 43.398 GC heap before
{Heap before GC invocations=20 (full 3):
 PSYoungGen      total 224256K, used 9888K [0x00000000eb900000, 0x00000000fdd00000, 0x0000000100000000)
  eden space 198144K, 0% used [0x00000000eb900000,0x00000000eb900000,0x00000000f7a80000)
  from space 26112K, 37% used [0x00000000f7a80000,0x00000000f8428000,0x00000000f9400000)
  to   space 24576K, 0% used [0x00000000fc500000,0x00000000fc500000,0x00000000fdd00000)
 ParOldGen       total 76288K, used 68799K [0x00000000c2a00000, 0x00000000c7480000, 0x00000000eb900000)
  object space 76288K, 90% used [0x00000000c2a00000,0x00000000c6d2fd88,0x00000000c7480000)
 Metaspace       used 23314K, capacity 24012K, committed 24192K, reserved 1071104K
  class space    used 2487K, capacity 2674K, committed 2688K, reserved 1048576K

