# JRE version: Java(TM) SE Runtime Environment (8.0_201-b09) (build 1.8.0_201-b09)
# Java VM: Java HotSpot(TM) 64-Bit Server VM (25.201-b09 mixed mode linux-amd64 compressed oops)
Heap:
 PSYoungGen      total 32256K, used 3792K [0x00000000eb900000, 0x00000000edd00000, 0x0000000100000000)
  eden space 27648K, 0% used [0x00000000eb900000,0x00000000eb900000,0x00000000ed400000)
  from space 4608K, 82% used [0x00000000ed400000,0x00000000ed7b4070,0x00000000ed880000)
  to   space 4608K, 0% used [0x00000000ed880000,0x00000000ed880000,0x00000000edd00000)
 ParOldGen       total 42496K, used 8495K [0x00000000c2a00000, 0x00000000c5380000, 0x00000000eb900000)
  object space 42496K, 19% used [0x00000000c2a00000,0x00000000c324bd68,0x00000000c5380000)
 Metaspace       used 14134K, capacity 14634K, committed 14848K, reserved 1062912K
  class space    used 1604K, capacity 1742K, committed 1792K, reserved 1048576K
GC Heap History (10 events):
Event: 38.889 GC heap after
Heap after GC invocations=5 (full 1):
 PSYoungGen      total 18432K, used 2556K [0x00000000eb900000, 0x00000000ecd80000, 0x0000000100000000)
  eden space 15872K, 0% used [0x00000000eb900000,0x00000000eb900000,0x00000000ec880000)
  from space 2560K, 99% used [0x00000000ecb00000,0x00000000ecd7f198,0x00000000ecd80000)
  to   space 2560K, 0% used [0x00000000ec880000,0x00000000ec880000,0x00000000ecb00000)
 ParOldGen       total 42496K, used 5035K [0x00000000c2a00000, 0x00000000c5380000, 0x00000000eb900000)
  object space 42496K, 11% used [0x00000000c2a00000,0x00000000c2eeaf88,0x00000000c5380000)
 Metaspace       used 13965K, capacity 14442K, committed 14592K, reserved 1062912K
  class space    used 1604K, capacity 1742K, committed 1792K, reserved 1048576K
}
Event: 39.285 GC heap before
{Heap before GC invocations=6 (full 1):
 PSYoungGen      total 18432K, used 18428K [0x00000000eb900000, 0x00000000ecd80000, 0x0000000100000000)
  eden space 15872K, 100% used [0x00000000eb900000,0x00000000ec880000,0x00000000ec880000)
  from space 2560K, 99% used [0x00000000ecb00000,0x00000000ecd7f198,0x00000000ecd80000)
  to   space 2560K, 0% used [0x00000000ec880000,0x00000000ec880000,0x00000000ecb00000)
 ParOldGen       total 42496K, used 5035K [0x00000000c2a00000, 0x00000000c5380000, 0x00000000eb900000)
  object space 42496K, 11% used [0x00000000c2a00000,0x00000000c2eeaf88,0x00000000c5380000)
 Metaspace       used 14028K, capacity 14506K, committed 14592K, reserved 1062912K
  class space    used 1604K, capacity 1742K, committed 1792K, reserved 1048576K
Event: 39.291 GC heap after
Heap after GC invocations=6 (full 1):
 PSYoungGen      total 18432K, used 2556K [0x00000000eb900000, 0x00000000ecd80000, 0x0000000100000000)
  eden space 15872K, 0% used [0x00000000eb900000,0x00000000eb900000,0x00000000ec880000)
  from space 2560K, 99% used [0x00000000ec880000,0x00000000ecaff020,0x00000000ecb00000)
  to   space 2560K, 0% used [0x00000000ecb00000,0x00000000ecb00000,0x00000000ecd80000)
 ParOldGen       total 42496K, used 5817K [0x00000000c2a00000, 0x00000000c5380000, 0x00000000eb900000)
  object space 42496K, 13% used [0x00000000c2a00000,0x00000000c2fae738,0x00000000c5380000)
 Metaspace       used 14028K, capacity 14506K, committed 14592K, reserved 1062912K
  class space    used 1604K, capacity 1742K, committed 1792K, reserved 1048576K
}
Event: 39.619 GC heap before
{Heap before GC invocations=7 (full 1):
 PSYoungGen      total 18432K, used 18428K [0x00000000eb900000, 0x00000000ecd80000, 0x0000000100000000)
  eden space 15872K, 100% used [0x00000000eb900000,0x00000000ec880000,0x00000000ec880000)
  from space 2560K, 99% used [0x00000000ec880000,0x00000000ecaff020,0x00000000ecb00000)
  to   space 2560K, 0% used [0x00000000ecb00000,0x00000000ecb00000,0x00000000ecd80000)
 ParOldGen       total 42496K, used 5817K [0x00000000c2a00000, 0x00000000c5380000, 0x00000000eb900000)
  object space 42496K, 13% used [0x00000000c2a00000,0x00000000c2fae738,0x00000000c5380000)
 Metaspace       used 14062K, capacity 14506K, committed 14592K, reserved 1062912K
  class space    used 1604K, capacity 1742K, committed 1792K, reserved 1048576K
Event: 39.645 GC heap after
Heap after GC invocations=7 (full 1):
 PSYoungGen      total 16384K, used 2560K [0x00000000eb900000, 0x00000000ee100000, 0x0000000100000000)
  eden space 13824K, 0% used [0x00000000eb900000,0x00000000eb900000,0x00000000ec680000)
  from space 2560K, 100% used [0x00000000ecb00000,0x00000000ecd80000,0x00000000ecd80000)
  to   space 4608K, 0% used [0x00000000ec680000,0x00000000ec680000,0x00000000ecb00000)
 ParOldGen       total 42496K, used 6562K [0x00000000c2a00000, 0x00000000c5380000, 0x00000000eb900000)
  object space 42496K, 15% used [0x00000000c2a00000,0x00000000c3068be0,0x00000000c5380000)
 Metaspace       used 14062K, capacity 14506K, committed 14592K, reserved 1062912K
  class space    used 1604K, capacity 1742K, committed 1792K, reserved 1048576K
}
Event: 39.872 GC heap before
{Heap before GC invocations=8 (full 1):
 PSYoungGen      total 16384K, used 16384K [0x00000000eb900000, 0x00000000ee100000, 0x0000000100000000)
  eden space 13824K, 100% used [0x00000000eb900000,0x00000000ec680000,0x00000000ec680000)
  from space 2560K, 100% used [0x00000000ecb00000,0x00000000ecd80000,0x00000000ecd80000)
  to   space 4608K, 0% used [0x00000000ec680000,0x00000000ec680000,0x00000000ecb00000)
 ParOldGen       total 42496K, used 6562K [0x00000000c2a00000, 0x00000000c5380000, 0x00000000eb900000)
  object space 42496K, 15% used [0x00000000c2a00000,0x00000000c3068be0,0x00000000c5380000)
 Metaspace       used 14098K, capacity 14570K, committed 14848K, reserved 1062912K
  class space    used 1604K, capacity 1742K, committed 1792K, reserved 1048576K
Event: 39.900 GC heap after
Heap after GC invocations=8 (full 1):
 PSYoungGen      total 18432K, used 2816K [0x00000000eb900000, 0x00000000edd00000, 0x0000000100000000)
  eden space 13824K, 0% used [0x00000000eb900000,0x00000000eb900000,0x00000000ec680000)
  from space 4608K, 61% used [0x00000000ec680000,0x00000000ec940000,0x00000000ecb00000)
  to   space 4608K, 0% used [0x00000000ed880000,0x00000000ed880000,0x00000000edd00000)
 ParOldGen       total 42496K, used 6570K [0x00000000c2a00000, 0x00000000c5380000, 0x00000000eb900000)
  object space 42496K, 15% used [0x00000000c2a00000,0x00000000c306abe0,0x00000000c5380000)
 Metaspace       used 14098K, capacity 14570K, committed 14848K, reserved 1062912K
  class space    used 1604K, capacity 1742K, committed 1792K, reserved 1048576K
}
Event: 40.064 GC heap before
{Heap before GC invocations=9 (full 1):
 PSYoungGen      total 18432K, used 16640K [0x00000000eb900000, 0x00000000edd00000, 0x0000000100000000)
  eden space 13824K, 100% used [0x00000000eb900000,0x00000000ec680000,0x00000000ec680000)
  from space 4608K, 61% used [0x00000000ec680000,0x00000000ec940000,0x00000000ecb00000)
  to   space 4608K, 0% used [0x00000000ed880000,0x00000000ed880000,0x00000000edd00000)
 ParOldGen       total 42496K, used 6570K [0x00000000c2a00000, 0x00000000c5380000, 0x00000000eb900000)
  object space 42496K, 15% used [0x00000000c2a00000,0x00000000c306abe0,0x00000000c5380000)
 Metaspace       used 14118K, capacity 14570K, committed 14848K, reserved 1062912K
  class space    used 1604K, capacity 1742K, committed 1792K, reserved 1048576K
Event: 40.090 GC heap after
Heap after GC invocations=9 (full 1):
 PSYoungGen      total 32256K, used 3412K [0x00000000eb900000, 0x00000000edd00000, 0x0000000100000000)
  eden space 27648K, 0% used [0x00000000eb900000,0x00000000eb900000,0x00000000ed400000)
  from space 4608K, 74% used [0x00000000ed880000,0x00000000edbd5168,0x00000000edd00000)
  to   space 4608K, 0% used [0x00000000ed400000,0x00000000ed400000,0x00000000ed880000)
 ParOldGen       total 42496K, used 7291K [0x00000000c2a00000, 0x00000000c5380000, 0x00000000eb900000)
  object space 42496K, 17% used [0x00000000c2a00000,0x00000000c311ec00,0x00000000c5380000)
 Metaspace       used 14118K, capacity 14570K, committed 14848K, reserved 1062912K
  class space    used 1604K, capacity 1742K, committed 1792K, reserved 1048576K
}
Event: 40.517 GC heap before
{Heap before GC invocations=10 (full 1):
 PSYoungGen      total 32256K, used 31060K [0x00000000eb900000, 0x00000000edd00000, 0x0000000100000000)
  eden space 27648K, 100% used [0x00000000eb900000,0x00000000ed400000,0x00000000ed400000)
  from space 4608K, 74% used [0x00000000ed880000,0x00000000edbd5168,0x00000000edd00000)
  to   space 4608K, 0% used [0x00000000ed400000,0x00000000ed400000,0x00000000ed880000)
 ParOldGen       total 42496K, used 7291K [0x00000000c2a00000, 0x00000000c5380000, 0x00000000eb900000)
  object space 42496K, 17% used [0x00000000c2a00000,0x00000000c311ec00,0x00000000c5380000)
 Metaspace       used 14134K, capacity 14634K, committed 14848K, reserved 1062912K
  class space    used 1604K, capacity 1742K, committed 1792K, reserved 1048576K

