# JRE version: Java(TM) SE Runtime Environment (8.0_201-b09) (build 1.8.0_201-b09)
# Java VM: Java HotSpot(TM) 64-Bit Server VM (25.201-b09 mixed mode linux-amd64 compressed oops)
Heap:
 PSYoungGen      total 232448K, used 0K [0x00000000eb900000, 0x00000000ffa00000, 0x0000000100000000)
  eden space 134144K, 0% used [0x00000000eb900000,0x00000000eb900000,0x00000000f3c00000)
  from space 98304K, 0% used [0x00000000f9880000,0x00000000f9880000,0x00000000ff880000)
  to   space 94720K, 0% used [0x00000000f3c00000,0x00000000f3c00000,0x00000000f9880000)
 ParOldGen       total 234496K, used 205422K [0x00000000c2a00000, 0x00000000d0f00000, 0x00000000eb900000)
  object space 234496K, 87% used [0x00000000c2a00000,0x00000000cf29b940,0x00000000d0f00000)
 Metaspace       used 56591K, capacity 58872K, committed 59224K, reserved 1101824K
  class space    used 6492K, capacity 6961K, committed 7040K, reserved 1048576K
GC Heap History (10 events):
Event: 216.883 GC heap after
Heap after GC invocations=143 (full 5):
 PSYoungGen      total 228352K, used 77524K [0x00000000eb900000, 0x0000000100000000, 0x0000000100000000)
  eden space 130048K, 0% used [0x00000000eb900000,0x00000000eb900000,0x00000000f3800000)
  from space 98304K, 78% used [0x00000000fa000000,0x00000000febb51c0,0x0000000100000000)
  to   space 102400K, 0% used [0x00000000f3800000,0x00000000f3800000,0x00000000f9c00000)
 ParOldGen       total 234496K, used 195289K [0x00000000c2a00000, 0x00000000d0f00000, 0x00000000eb900000)
  object space 234496K, 83% used [0x00000000c2a00000,0x00000000ce8b6738,0x00000000d0f00000)
 Metaspace       used 55835K, capacity 58094K, committed 58456K, reserved 1101824K
  class space    used 6461K, capacity 6922K, committed 7040K, reserved 1048576K
}
Event: 217.771 GC heap before
{Heap before GC invocations=144 (full 5):
 PSYoungGen      total 228352K, used 207572K [0x00000000eb900000, 0x0000000100000000, 0x0000000100000000)
  eden space 130048K, 100% used [0x00000000eb900000,0x00000000f3800000,0x00000000f3800000)
  from space 98304K, 78% used [0x00000000fa000000,0x00000000febb51c0,0x0000000100000000)
  to   space 102400K, 0% used [0x00000000f3800000,0x00000000f3800000,0x00000000f9c00000)
 ParOldGen       total 234496K, used 195289K [0x00000000c2a00000, 0x00000000d0f00000, 0x00000000eb900000)
  object space 234496K, 83% used [0x00000000c2a00000,0x00000000ce8b6738,0x00000000d0f00000)
 Metaspace       used 56020K, capacity 58260K, committed 58456K, reserved 1101824K
  class space    used 6468K, capacity 6955K, committed 7040K, reserved 1048576K
Event: 217.804 GC heap after
Heap after GC invocations=144 (full 5):
 PSYoungGen      total 201216K, used 71084K [0x00000000eb900000, 0x0000000100000000, 0x0000000100000000)
  eden space 130048K, 0% used [0x00000000eb900000,0x00000000eb900000,0x00000000f3800000)
  from space 71168K, 99% used [0x00000000f3800000,0x00000000f7d6b2d8,0x00000000f7d80000)
  to   space 102912K, 0% used [0x00000000f9b80000,0x00000000f9b80000,0x0000000100000000)
 ParOldGen       total 234496K, used 205986K [0x00000000c2a00000, 0x00000000d0f00000, 0x00000000eb900000)
  object space 234496K, 87% used [0x00000000c2a00000,0x00000000cf328be8,0x00000000d0f00000)
 Metaspace       used 56020K, capacity 58260K, committed 58456K, reserved 1101824K
  class space    used 6468K, capacity 6955K, committed 7040K, reserved 1048576K
}
Event: 218.834 GC heap before
{Heap before GC invocations=145 (full 5):
 PSYoungGen      total 201216K, used 201132K [0x00000000eb900000, 0x0000000100000000, 0x0000000100000000)
  eden space 130048K, 100% used [0x00000000eb900000,0x00000000f3800000,0x00000000f3800000)
  from space 71168K, 99% used [0x00000000f3800000,0x00000000f7d6b2d8,0x00000000f7d80000)
  to   space 102912K, 0% used [0x00000000f9b80000,0x00000000f9b80000,0x0000000100000000)
 ParOldGen       total 234496K, used 205986K [0x00000000c2a00000, 0x00000000d0f00000, 0x00000000eb900000)
  object space 234496K, 87% used [0x00000000c2a00000,0x00000000cf328be8,0x00000000d0f00000)
 Metaspace       used 56217K, capacity 58476K, committed 58712K, reserved 1101824K
  class space    used 6477K, capacity 6959K, committed 7040K, reserved 1048576K
Event: 218.856 GC heap after
Heap after GC invocations=145 (full 5):
 PSYoungGen      total 233472K, used 65327K [0x00000000eb900000, 0x0000000100000000, 0x0000000100000000)
  eden space 130560K, 0% used [0x00000000eb900000,0x00000000eb900000,0x00000000f3880000)
  from space 102912K, 63% used [0x00000000f9b80000,0x00000000fdb4bfd8,0x0000000100000000)
  to   space 101376K, 0% used [0x00000000f3880000,0x00000000f3880000,0x00000000f9b80000)
 ParOldGen       total 234496K, used 212307K [0x00000000c2a00000, 0x00000000d0f00000, 0x00000000eb900000)
  object space 234496K, 90% used [0x00000000c2a00000,0x00000000cf954d98,0x00000000d0f00000)
 Metaspace       used 56217K, capacity 58476K, committed 58712K, reserved 1101824K
  class space    used 6477K, capacity 6959K, committed 7040K, reserved 1048576K
}
Event: 219.751 GC heap before
{Heap before GC invocations=146 (full 5):
 PSYoungGen      total 233472K, used 195887K [0x00000000eb900000, 0x0000000100000000, 0x0000000100000000)
  eden space 130560K, 100% used [0x00000000eb900000,0x00000000f3880000,0x00000000f3880000)
  from space 102912K, 63% used [0x00000000f9b80000,0x00000000fdb4bfd8,0x0000000100000000)
  to   space 101376K, 0% used [0x00000000f3880000,0x00000000f3880000,0x00000000f9b80000)
 ParOldGen       total 234496K, used 212307K [0x00000000c2a00000, 0x00000000d0f00000, 0x00000000eb900000)
  object space 234496K, 90% used [0x00000000c2a00000,0x00000000cf954d98,0x00000000d0f00000)
 Metaspace       used 56414K, capacity 58674K, committed 58968K, reserved 1101824K
  class space    used 6485K, capacity 6960K, committed 7040K, reserved 1048576K
Event: 219.801 GC heap after
Heap after GC invocations=146 (full 5):
 PSYoungGen      total 193024K, used 62128K [0x00000000eb900000, 0x00000000ff880000, 0x0000000100000000)
  eden space 130560K, 0% used [0x00000000eb900000,0x00000000eb900000,0x00000000f3880000)
  from space 62464K, 99% used [0x00000000f3880000,0x00000000f752c240,0x00000000f7580000)
  to   space 98304K, 0% used [0x00000000f9880000,0x00000000f9880000,0x00000000ff880000)
 ParOldGen       total 234496K, used 218731K [0x00000000c2a00000, 0x00000000d0f00000, 0x00000000eb900000)
  object space 234496K, 93% used [0x00000000c2a00000,0x00000000cff9af78,0x00000000d0f00000)
 Metaspace       used 56414K, capacity 58674K, committed 58968K, reserved 1101824K
  class space    used 6485K, capacity 6960K, committed 7040K, reserved 1048576K
}
Event: 220.814 GC heap before
{Heap before GC invocations=147 (full 5):
 PSYoungGen      total 193024K, used 192688K [0x00000000eb900000, 0x00000000ff880000, 0x0000000100000000)
  eden space 130560K, 100% used [0x00000000eb900000,0x00000000f3880000,0x00000000f3880000)
  from space 62464K, 99% used [0x00000000f3880000,0x00000000f752c240,0x00000000f7580000)
  to   space 98304K, 0% used [0x00000000f9880000,0x00000000f9880000,0x00000000ff880000)
 ParOldGen       total 234496K, used 218731K [0x00000000c2a00000, 0x00000000d0f00000, 0x00000000eb900000)
  object space 234496K, 93% used [0x00000000c2a00000,0x00000000cff9af78,0x00000000d0f00000)
 Metaspace       used 56591K, capacity 58872K, committed 59224K, reserved 1101824K
  class space    used 6492K, capacity 6961K, committed 7040K, reserved 1048576K
Event: 220.837 GC heap after
Heap after GC invocations=147 (full 5):
 PSYoungGen      total 232448K, used 58329K [0x00000000eb900000, 0x00000000ffa00000, 0x0000000100000000)
  eden space 134144K, 0% used [0x00000000eb900000,0x00000000eb900000,0x00000000f3c00000)
  from space 98304K, 59% used [0x00000000f9880000,0x00000000fd1764c0,0x00000000ff880000)
  to   space 94720K, 0% used [0x00000000f3c00000,0x00000000f3c00000,0x00000000f9880000)
 ParOldGen       total 234496K, used 224964K [0x00000000c2a00000, 0x00000000d0f00000, 0x00000000eb900000)
  object space 234496K, 95% used [0x00000000c2a00000,0x00000000d05b1138,0x00000000d0f00000)
 Metaspace       used 56591K, capacity 58872K, committed 59224K, reserved 1101824K
  class space    used 6492K, capacity 6961K, committed 7040K, reserved 1048576K
}
Event: 220.838 GC heap before
{Heap before GC invocations=148 (full 6):
 PSYoungGen      total 232448K, used 58329K [0x00000000eb900000, 0x00000000ffa00000, 0x0000000100000000)
  eden space 134144K, 0% used [0x00000000eb900000,0x00000000eb900000,0x00000000f3c00000)
  from space 98304K, 59% used [0x00000000f9880000,0x00000000fd1764c0,0x00000000ff880000)
  to   space 94720K, 0% used [0x00000000f3c00000,0x00000000f3c00000,0x00000000f9880000)
 ParOldGen       total 234496K, used 224964K [0x00000000c2a00000, 0x00000000d0f00000, 0x00000000eb900000)
  object space 234496K, 95% used [0x00000000c2a00000,0x00000000d05b1138,0x00000000d0f00000)
 Metaspace       used 56591K, capacity 58872K, committed 59224K, reserved 1101824K
  class space    used 6492K, capacity 6961K, committed 7040K, reserved 1048576K

