# JRE version: Java(TM) SE Runtime Environment (8.0_201-b09) (build 1.8.0_201-b09)
# Java VM: Java HotSpot(TM) 64-Bit Server VM (25.201-b09 mixed mode linux-amd64 compressed oops)
Heap:
 PSYoungGen      total 296960K, used 184898K [0x00000000eb900000, 0x00000000ffe00000, 0x0000000100000000)
  eden space 280064K, 63% used [0x00000000eb900000,0x00000000f6734c80,0x00000000fca80000)
  from space 16896K, 38% used [0x00000000fda00000,0x00000000fe05bcd8,0x00000000fea80000)
  to   space 15872K, 0% used [0x00000000fca80000,0x00000000fca80000,0x00000000fda00000)
 ParOldGen       total 58368K, used 32190K [0x00000000c2a00000, 0x00000000c6300000, 0x00000000eb900000)
  object space 58368K, 55% used [0x00000000c2a00000,0x00000000c496f870,0x00000000c6300000)
 Metaspace       used 23693K, capacity 24398K, committed 24576K, reserved 1071104K
  class space    used 2552K, capacity 2739K, committed 2816K, reserved 1048576K
GC Heap History (10 events):
Event: 17.544 GC heap before
{Heap before GC invocations=10 (full 1):
 PSYoungGen      total 132608K, used 131008K [0x00000000eb900000, 0x00000000f4800000, 0x0000000100000000)
  eden space 121856K, 100% used [0x00000000eb900000,0x00000000f3000000,0x00000000f3000000)
  from space 10752K, 85% used [0x00000000f3b80000,0x00000000f4470040,0x00000000f4600000)
  to   space 11776K, 0% used [0x00000000f3000000,0x00000000f3000000,0x00000000f3b80000)
 ParOldGen       total 42496K, used 21080K [0x00000000c2a00000, 0x00000000c5380000, 0x00000000eb900000)
  object space 42496K, 49% used [0x00000000c2a00000,0x00000000c3e961e0,0x00000000c5380000)
 Metaspace       used 20657K, capacity 21056K, committed 21248K, reserved 1069056K
  class space    used 2341K, capacity 2468K, committed 2560K, reserved 1048576K
Event: 17.625 GC heap after
Heap after GC invocations=10 (full 1):
 PSYoungGen      total 133632K, used 11744K [0x00000000eb900000, 0x00000000fc800000, 0x0000000100000000)
  eden space 121856K, 0% used [0x00000000eb900000,0x00000000eb900000,0x00000000f3000000)
  from space 11776K, 99% used [0x00000000f3000000,0x00000000f3b780a0,0x00000000f3b80000)
  to   space 16896K, 0% used [0x00000000fb780000,0x00000000fb780000,0x00000000fc800000)
 ParOldGen       total 42496K, used 29510K [0x00000000c2a00000, 0x00000000c5380000, 0x00000000eb900000)
  object space 42496K, 69% used [0x00000000c2a00000,0x00000000c46d19f0,0x00000000c5380000)
 Metaspace       used 20657K, capacity 21056K, committed 21248K, reserved 1069056K
  class space    used 2341K, capacity 2468K, committed 2560K, reserved 1048576K
}
Event: 17.656 GC heap before
{Heap before GC invocations=11 (full 1):
 PSYoungGen      total 133632K, used 13637K [0x00000000eb900000, 0x00000000fc800000, 0x0000000100000000)
  eden space 121856K, 1% used [0x00000000eb900000,0x00000000ebad9558,0x00000000f3000000)
  from space 11776K, 99% used [0x00000000f3000000,0x00000000f3b780a0,0x00000000f3b80000)
  to   space 16896K, 0% used [0x00000000fb780000,0x00000000fb780000,0x00000000fc800000)
 ParOldGen       total 42496K, used 29510K [0x00000000c2a00000, 0x00000000c5380000, 0x00000000eb900000)
  object space 42496K, 69% used [0x00000000c2a00000,0x00000000c46d19f0,0x00000000c5380000)
 Metaspace       used 20807K, capacity 21152K, committed 21248K, reserved 1069056K
  class space    used 2363K, capacity 2500K, committed 2560K, reserved 1048576K
Event: 17.697 GC heap after
Heap after GC invocations=11 (full 1):
 PSYoungGen      total 204800K, used 9332K [0x00000000eb900000, 0x00000000fc100000, 0x0000000100000000)
  eden space 195072K, 0% used [0x00000000eb900000,0x00000000eb900000,0x00000000f7780000)
  from space 9728K, 95% used [0x00000000fb780000,0x00000000fc09d000,0x00000000fc100000)
  to   space 16896K, 0% used [0x00000000fa000000,0x00000000fa000000,0x00000000fb080000)
 ParOldGen       total 42496K, used 32045K [0x00000000c2a00000, 0x00000000c5380000, 0x00000000eb900000)
  object space 42496K, 75% used [0x00000000c2a00000,0x00000000c494b760,0x00000000c5380000)
 Metaspace       used 20807K, capacity 21152K, committed 21248K, reserved 1069056K
  class space    used 2363K, capacity 2500K, committed 2560K, reserved 1048576K
}
Event: 17.697 GC heap before
{Heap before GC invocations=12 (full 2):
 PSYoungGen      total 204800K, used 9332K [0x00000000eb900000, 0x00000000fc100000, 0x0000000100000000)
  eden space 195072K, 0% used [0x00000000eb900000,0x00000000eb900000,0x00000000f7780000)
  from space 9728K, 95% used [0x00000000fb780000,0x00000000fc09d000,0x00000000fc100000)
  to   space 16896K, 0% used [0x00000000fa000000,0x00000000fa000000,0x00000000fb080000)
 ParOldGen       total 42496K, used 32045K [0x00000000c2a00000, 0x00000000c5380000, 0x00000000eb900000)
  object space 42496K, 75% used [0x00000000c2a00000,0x00000000c494b760,0x00000000c5380000)
 Metaspace       used 20807K, capacity 21152K, committed 21248K, reserved 1069056K
  class space    used 2363K, capacity 2500K, committed 2560K, reserved 1048576K
Event: 18.432 GC heap after
Heap after GC invocations=12 (full 2):
 PSYoungGen      total 204800K, used 0K [0x00000000eb900000, 0x00000000fc100000, 0x0000000100000000)
  eden space 195072K, 0% used [0x00000000eb900000,0x00000000eb900000,0x00000000f7780000)
  from space 9728K, 0% used [0x00000000fb780000,0x00000000fb780000,0x00000000fc100000)
  to   space 16896K, 0% used [0x00000000fa000000,0x00000000fa000000,0x00000000fb080000)
 ParOldGen       total 58368K, used 29842K [0x00000000c2a00000, 0x00000000c6300000, 0x00000000eb900000)
  object space 58368K, 51% used [0x00000000c2a00000,0x00000000c4724b60,0x00000000c6300000)
 Metaspace       used 20807K, capacity 21152K, committed 21248K, reserved 1069056K
  class space    used 2363K, capacity 2500K, committed 2560K, reserved 1048576K
}
Event: 23.167 GC heap before
{Heap before GC invocations=13 (full 2):
 PSYoungGen      total 204800K, used 195072K [0x00000000eb900000, 0x00000000fc100000, 0x0000000100000000)
  eden space 195072K, 100% used [0x00000000eb900000,0x00000000f7780000,0x00000000f7780000)
  from space 9728K, 0% used [0x00000000fb780000,0x00000000fb780000,0x00000000fc100000)
  to   space 16896K, 0% used [0x00000000fa000000,0x00000000fa000000,0x00000000fb080000)
 ParOldGen       total 58368K, used 29842K [0x00000000c2a00000, 0x00000000c6300000, 0x00000000eb900000)
  object space 58368K, 51% used [0x00000000c2a00000,0x00000000c4724b60,0x00000000c6300000)
 Metaspace       used 22121K, capacity 22606K, committed 22912K, reserved 1069056K
  class space    used 2456K, capacity 2577K, committed 2688K, reserved 1048576K
Event: 23.184 GC heap after
Heap after GC invocations=13 (full 2):
 PSYoungGen      total 253440K, used 3220K [0x00000000eb900000, 0x00000000fea80000, 0x0000000100000000)
  eden space 236544K, 0% used [0x00000000eb900000,0x00000000eb900000,0x00000000fa000000)
  from space 16896K, 19% used [0x00000000fa000000,0x00000000fa3253e8,0x00000000fb080000)
  to   space 16896K, 0% used [0x00000000fda00000,0x00000000fda00000,0x00000000fea80000)
 ParOldGen       total 58368K, used 29850K [0x00000000c2a00000, 0x00000000c6300000, 0x00000000eb900000)
  object space 58368K, 51% used [0x00000000c2a00000,0x00000000c4726b60,0x00000000c6300000)
 Metaspace       used 22121K, capacity 22606K, committed 22912K, reserved 1069056K
  class space    used 2456K, capacity 2577K, committed 2688K, reserved 1048576K
}
Event: 36.614 GC heap before
{Heap before GC invocations=14 (full 2):
 PSYoungGen      total 253440K, used 239764K [0x00000000eb900000, 0x00000000fea80000, 0x0000000100000000)
  eden space 236544K, 100% used [0x00000000eb900000,0x00000000fa000000,0x00000000fa000000)
  from space 16896K, 19% used [0x00000000fa000000,0x00000000fa3253e8,0x00000000fb080000)
  to   space 16896K, 0% used [0x00000000fda00000,0x00000000fda00000,0x00000000fea80000)
 ParOldGen       total 58368K, used 29850K [0x00000000c2a00000, 0x00000000c6300000, 0x00000000eb900000)
  object space 58368K, 51% used [0x00000000c2a00000,0x00000000c4726b60,0x00000000c6300000)
 Metaspace       used 23534K, capacity 24142K, committed 24320K, reserved 1071104K
  class space    used 2543K, capacity 2727K, committed 2816K, reserved 1048576K
Event: 37.035 GC heap after
Heap after GC invocations=14 (full 2):
 PSYoungGen      total 296960K, used 6511K [0x00000000eb900000, 0x00000000ffe00000, 0x0000000100000000)
  eden space 280064K, 0% used [0x00000000eb900000,0x00000000eb900000,0x00000000fca80000)
  from space 16896K, 38% used [0x00000000fda00000,0x00000000fe05bcd8,0x00000000fea80000)
  to   space 15872K, 0% used [0x00000000fca80000,0x00000000fca80000,0x00000000fda00000)
 ParOldGen       total 58368K, used 32190K [0x00000000c2a00000, 0x00000000c6300000, 0x00000000eb900000)
  object space 58368K, 55% used [0x00000000c2a00000,0x00000000c496f870,0x00000000c6300000)
 Metaspace       used 23534K, capacity 24142K, committed 24320K, reserved 1071104K
  class space    used 2543K, capacity 2727K, committed 2816K, reserved 1048576K
}

