# JRE version: Java(TM) SE Runtime Environment (8.0_201-b09) (build 1.8.0_201-b09)
# Java VM: Java HotSpot(TM) 64-Bit Server VM (25.201-b09 mixed mode linux-amd64 compressed oops)
Heap:
 PSYoungGen      total 126976K, used 160K [0x00000000eb900000, 0x00000000f3a00000, 0x0000000100000000)
  eden space 121856K, 0% used [0x00000000eb900000,0x00000000eb900000,0x00000000f3000000)
  from space 5120K, 3% used [0x00000000f3000000,0x00000000f3028000,0x00000000f3500000)
  to   space 5120K, 0% used [0x00000000f3500000,0x00000000f3500000,0x00000000f3a00000)
 ParOldGen       total 42496K, used 9291K [0x00000000c2a00000, 0x00000000c5380000, 0x00000000eb900000)
  object space 42496K, 21% used [0x00000000c2a00000,0x00000000c3312d30,0x00000000c5380000)
 Metaspace       used 13806K, capacity 14172K, committed 14336K, reserved 1062912K
  class space    used 1598K, capacity 1712K, committed 1792K, reserved 1048576K
GC Heap History (10 events):
Event: 39.836 GC heap after
Heap after GC invocations=5 (full 1):
 PSYoungGen      total 34304K, used 2560K [0x00000000eb900000, 0x00000000edd00000, 0x0000000100000000)
  eden space 31744K, 0% used [0x00000000eb900000,0x00000000eb900000,0x00000000ed800000)
  from space 2560K, 100% used [0x00000000eda80000,0x00000000edd00000,0x00000000edd00000)
  to   space 2560K, 0% used [0x00000000ed800000,0x00000000ed800000,0x00000000eda80000)
 ParOldGen       total 42496K, used 6680K [0x00000000c2a00000, 0x00000000c5380000, 0x00000000eb900000)
  object space 42496K, 15% used [0x00000000c2a00000,0x00000000c30863b8,0x00000000c5380000)
 Metaspace       used 13801K, capacity 14172K, committed 14336K, reserved 1062912K
  class space    used 1598K, capacity 1712K, committed 1792K, reserved 1048576K
}
Event: 40.081 GC heap before
{Heap before GC invocations=6 (full 1):
 PSYoungGen      total 34304K, used 34304K [0x00000000eb900000, 0x00000000edd00000, 0x0000000100000000)
  eden space 31744K, 100% used [0x00000000eb900000,0x00000000ed800000,0x00000000ed800000)
  from space 2560K, 100% used [0x00000000eda80000,0x00000000edd00000,0x00000000edd00000)
  to   space 2560K, 0% used [0x00000000ed800000,0x00000000ed800000,0x00000000eda80000)
 ParOldGen       total 42496K, used 6680K [0x00000000c2a00000, 0x00000000c5380000, 0x00000000eb900000)
  object space 42496K, 15% used [0x00000000c2a00000,0x00000000c30863b8,0x00000000c5380000)
 Metaspace       used 13802K, capacity 14172K, committed 14336K, reserved 1062912K
  class space    used 1598K, capacity 1712K, committed 1792K, reserved 1048576K
Event: 40.109 GC heap after
Heap after GC invocations=6 (full 1):
 PSYoungGen      total 34304K, used 2560K [0x00000000eb900000, 0x00000000efc00000, 0x0000000100000000)
  eden space 31744K, 0% used [0x00000000eb900000,0x00000000eb900000,0x00000000ed800000)
  from space 2560K, 100% used [0x00000000ed800000,0x00000000eda80000,0x00000000eda80000)
  to   space 2560K, 0% used [0x00000000ef980000,0x00000000ef980000,0x00000000efc00000)
 ParOldGen       total 42496K, used 6760K [0x00000000c2a00000, 0x00000000c5380000, 0x00000000eb900000)
  object space 42496K, 15% used [0x00000000c2a00000,0x00000000c309a3b8,0x00000000c5380000)
 Metaspace       used 13802K, capacity 14172K, committed 14336K, reserved 1062912K
  class space    used 1598K, capacity 1712K, committed 1792K, reserved 1048576K
}
Event: 40.290 GC heap before
{Heap before GC invocations=7 (full 1):
 PSYoungGen      total 34304K, used 34304K [0x00000000eb900000, 0x00000000efc00000, 0x0000000100000000)
  eden space 31744K, 100% used [0x00000000eb900000,0x00000000ed800000,0x00000000ed800000)
  from space 2560K, 100% used [0x00000000ed800000,0x00000000eda80000,0x00000000eda80000)
  to   space 2560K, 0% used [0x00000000ef980000,0x00000000ef980000,0x00000000efc00000)
 ParOldGen       total 42496K, used 6760K [0x00000000c2a00000, 0x00000000c5380000, 0x00000000eb900000)
  object space 42496K, 15% used [0x00000000c2a00000,0x00000000c309a3b8,0x00000000c5380000)
 Metaspace       used 13803K, capacity 14172K, committed 14336K, reserved 1062912K
  class space    used 1598K, capacity 1712K, committed 1792K, reserved 1048576K
Event: 40.296 GC heap after
Heap after GC invocations=7 (full 1):
 PSYoungGen      total 63488K, used 2528K [0x00000000eb900000, 0x00000000f0100000, 0x0000000100000000)
  eden space 60928K, 0% used [0x00000000eb900000,0x00000000eb900000,0x00000000ef480000)
  from space 2560K, 98% used [0x00000000ef980000,0x00000000efbf8000,0x00000000efc00000)
  to   space 5120K, 0% used [0x00000000ef480000,0x00000000ef480000,0x00000000ef980000)
 ParOldGen       total 42496K, used 6760K [0x00000000c2a00000, 0x00000000c5380000, 0x00000000eb900000)
  object space 42496K, 15% used [0x00000000c2a00000,0x00000000c309a3b8,0x00000000c5380000)
 Metaspace       used 13803K, capacity 14172K, committed 14336K, reserved 1062912K
  class space    used 1598K, capacity 1712K, committed 1792K, reserved 1048576K
}
Event: 40.808 GC heap before
{Heap before GC invocations=8 (full 1):
 PSYoungGen      total 63488K, used 63456K [0x00000000eb900000, 0x00000000f0100000, 0x0000000100000000)
  eden space 60928K, 100% used [0x00000000eb900000,0x00000000ef480000,0x00000000ef480000)
  from space 2560K, 98% used [0x00000000ef980000,0x00000000efbf8000,0x00000000efc00000)
  to   space 5120K, 0% used [0x00000000ef480000,0x00000000ef480000,0x00000000ef980000)
 ParOldGen       total 42496K, used 6760K [0x00000000c2a00000, 0x00000000c5380000, 0x00000000eb900000)
  object space 42496K, 15% used [0x00000000c2a00000,0x00000000c309a3b8,0x00000000c5380000)
 Metaspace       used 13804K, capacity 14172K, committed 14336K, reserved 1062912K
  class space    used 1598K, capacity 1712K, committed 1792K, reserved 1048576K
Event: 40.823 GC heap after
Heap after GC invocations=8 (full 1):
 PSYoungGen      total 66048K, used 2592K [0x00000000eb900000, 0x00000000f3a00000, 0x0000000100000000)
  eden space 60928K, 0% used [0x00000000eb900000,0x00000000eb900000,0x00000000ef480000)
  from space 5120K, 50% used [0x00000000ef480000,0x00000000ef708000,0x00000000ef980000)
  to   space 5120K, 0% used [0x00000000f3500000,0x00000000f3500000,0x00000000f3a00000)
 ParOldGen       total 42496K, used 6760K [0x00000000c2a00000, 0x00000000c5380000, 0x00000000eb900000)
  object space 42496K, 15% used [0x00000000c2a00000,0x00000000c309a3b8,0x00000000c5380000)
 Metaspace       used 13804K, capacity 14172K, committed 14336K, reserved 1062912K
  class space    used 1598K, capacity 1712K, committed 1792K, reserved 1048576K
}
Event: 41.113 GC heap before
{Heap before GC invocations=9 (full 1):
 PSYoungGen      total 66048K, used 63520K [0x00000000eb900000, 0x00000000f3a00000, 0x0000000100000000)
  eden space 60928K, 100% used [0x00000000eb900000,0x00000000ef480000,0x00000000ef480000)
  from space 5120K, 50% used [0x00000000ef480000,0x00000000ef708000,0x00000000ef980000)
  to   space 5120K, 0% used [0x00000000f3500000,0x00000000f3500000,0x00000000f3a00000)
 ParOldGen       total 42496K, used 6760K [0x00000000c2a00000, 0x00000000c5380000, 0x00000000eb900000)
  object space 42496K, 15% used [0x00000000c2a00000,0x00000000c309a3b8,0x00000000c5380000)
 Metaspace       used 13804K, capacity 14172K, committed 14336K, reserved 1062912K
  class space    used 1598K, capacity 1712K, committed 1792K, reserved 1048576K
Event: 41.150 GC heap after
Heap after GC invocations=9 (full 1):
 PSYoungGen      total 126976K, used 800K [0x00000000eb900000, 0x00000000f3a00000, 0x0000000100000000)
  eden space 121856K, 0% used [0x00000000eb900000,0x00000000eb900000,0x00000000f3000000)
  from space 5120K, 15% used [0x00000000f3500000,0x00000000f35c8000,0x00000000f3a00000)
  to   space 5120K, 0% used [0x00000000f3000000,0x00000000f3000000,0x00000000f3500000)
 ParOldGen       total 42496K, used 8643K [0x00000000c2a00000, 0x00000000c5380000, 0x00000000eb900000)
  object space 42496K, 20% used [0x00000000c2a00000,0x00000000c3270d30,0x00000000c5380000)
 Metaspace       used 13804K, capacity 14172K, committed 14336K, reserved 1062912K
  class space    used 1598K, capacity 1712K, committed 1792K, reserved 1048576K
}
Event: 41.944 GC heap before
{Heap before GC invocations=10 (full 1):
 PSYoungGen      total 126976K, used 122656K [0x00000000eb900000, 0x00000000f3a00000, 0x0000000100000000)
  eden space 121856K, 100% used [0x00000000eb900000,0x00000000f3000000,0x00000000f3000000)
  from space 5120K, 15% used [0x00000000f3500000,0x00000000f35c8000,0x00000000f3a00000)
  to   space 5120K, 0% used [0x00000000f3000000,0x00000000f3000000,0x00000000f3500000)
 ParOldGen       total 42496K, used 8643K [0x00000000c2a00000, 0x00000000c5380000, 0x00000000eb900000)
  object space 42496K, 20% used [0x00000000c2a00000,0x00000000c3270d30,0x00000000c5380000)
 Metaspace       used 13806K, capacity 14172K, committed 14336K, reserved 1062912K
  class space    used 1598K, capacity 1712K, committed 1792K, reserved 1048576K

