# JRE version: Java(TM) SE Runtime Environment (8.0_201-b09) (build 1.8.0_201-b09)
# Java VM: Java HotSpot(TM) 64-Bit Server VM (25.201-b09 mixed mode linux-amd64 compressed oops)
Heap:
 PSYoungGen      total 225792K, used 0K [0x00000000eb900000, 0x00000000fe880000, 0x0000000100000000)
  eden space 153600K, 0% used [0x00000000eb900000,0x00000000eb900000,0x00000000f4f00000)
  from space 72192K, 0% used [0x00000000f4f00000,0x00000000f4f00000,0x00000000f9580000)
  to   space 72704K, 0% used [0x00000000fa180000,0x00000000fa180000,0x00000000fe880000)
 ParOldGen       total 362496K, used 302818K [0x00000000c2a00000, 0x00000000d8c00000, 0x00000000eb900000)
  object space 362496K, 83% used [0x00000000c2a00000,0x00000000d51b8bc8,0x00000000d8c00000)
 Metaspace       used 64065K, capacity 72832K, committed 72960K, reserved 1112064K
  class space    used 5245K, capacity 9777K, committed 9856K, reserved 1048576K
GC Heap History (10 events):
Event: 195.830 GC heap after
Heap after GC invocations=85 (full 6):
 PSYoungGen      total 209408K, used 36740K [0x00000000eb900000, 0x00000000fd080000, 0x0000000100000000)
  eden space 137728K, 0% used [0x00000000eb900000,0x00000000eb900000,0x00000000f3f80000)
  from space 71680K, 51% used [0x00000000f3f80000,0x00000000f6361000,0x00000000f8580000)
  to   space 70144K, 0% used [0x00000000f8c00000,0x00000000f8c00000,0x00000000fd080000)
 ParOldGen       total 362496K, used 258649K [0x00000000c2a00000, 0x00000000d8c00000, 0x00000000eb900000)
  object space 362496K, 71% used [0x00000000c2a00000,0x00000000d2696720,0x00000000d8c00000)
 Metaspace       used 58665K, capacity 65980K, committed 66048K, reserved 1105920K
  class space    used 4926K, capacity 8655K, committed 8704K, reserved 1048576K
}
Event: 196.708 GC heap before
{Heap before GC invocations=86 (full 6):
 PSYoungGen      total 209408K, used 174468K [0x00000000eb900000, 0x00000000fd080000, 0x0000000100000000)
  eden space 137728K, 100% used [0x00000000eb900000,0x00000000f3f80000,0x00000000f3f80000)
  from space 71680K, 51% used [0x00000000f3f80000,0x00000000f6361000,0x00000000f8580000)
  to   space 70144K, 0% used [0x00000000f8c00000,0x00000000f8c00000,0x00000000fd080000)
 ParOldGen       total 362496K, used 258649K [0x00000000c2a00000, 0x00000000d8c00000, 0x00000000eb900000)
  object space 362496K, 71% used [0x00000000c2a00000,0x00000000d2696720,0x00000000d8c00000)
 Metaspace       used 60172K, capacity 67874K, committed 68224K, reserved 1107968K
  class space    used 5017K, capacity 8976K, committed 9088K, reserved 1048576K
Event: 196.741 GC heap after
Heap after GC invocations=86 (full 6):
 PSYoungGen      total 216064K, used 40448K [0x00000000eb900000, 0x00000000fd080000, 0x0000000100000000)
  eden space 145920K, 0% used [0x00000000eb900000,0x00000000eb900000,0x00000000f4780000)
  from space 70144K, 57% used [0x00000000f8c00000,0x00000000fb3801b0,0x00000000fd080000)
  to   space 70144K, 0% used [0x00000000f4780000,0x00000000f4780000,0x00000000f8c00000)
 ParOldGen       total 362496K, used 258657K [0x00000000c2a00000, 0x00000000d8c00000, 0x00000000eb900000)
  object space 362496K, 71% used [0x00000000c2a00000,0x00000000d2698720,0x00000000d8c00000)
 Metaspace       used 60172K, capacity 67874K, committed 68224K, reserved 1107968K
  class space    used 5017K, capacity 8976K, committed 9088K, reserved 1048576K
}
Event: 197.476 GC heap before
{Heap before GC invocations=87 (full 6):
 PSYoungGen      total 216064K, used 186368K [0x00000000eb900000, 0x00000000fd080000, 0x0000000100000000)
  eden space 145920K, 100% used [0x00000000eb900000,0x00000000f4780000,0x00000000f4780000)
  from space 70144K, 57% used [0x00000000f8c00000,0x00000000fb3801b0,0x00000000fd080000)
  to   space 70144K, 0% used [0x00000000f4780000,0x00000000f4780000,0x00000000f8c00000)
 ParOldGen       total 362496K, used 258657K [0x00000000c2a00000, 0x00000000d8c00000, 0x00000000eb900000)
  object space 362496K, 71% used [0x00000000c2a00000,0x00000000d2698720,0x00000000d8c00000)
 Metaspace       used 61498K, capacity 69654K, committed 69760K, reserved 1110016K
  class space    used 5094K, capacity 9256K, committed 9344K, reserved 1048576K
Event: 197.506 GC heap after
Heap after GC invocations=87 (full 6):
 PSYoungGen      total 216064K, used 43352K [0x00000000eb900000, 0x00000000fda80000, 0x0000000100000000)
  eden space 145920K, 0% used [0x00000000eb900000,0x00000000eb900000,0x00000000f4780000)
  from space 70144K, 61% used [0x00000000f4780000,0x00000000f71d63e0,0x00000000f8c00000)
  to   space 70656K, 0% used [0x00000000f9580000,0x00000000f9580000,0x00000000fda80000)
 ParOldGen       total 362496K, used 258665K [0x00000000c2a00000, 0x00000000d8c00000, 0x00000000eb900000)
  object space 362496K, 71% used [0x00000000c2a00000,0x00000000d269a720,0x00000000d8c00000)
 Metaspace       used 61498K, capacity 69654K, committed 69760K, reserved 1110016K
  class space    used 5094K, capacity 9256K, committed 9344K, reserved 1048576K
}
Event: 198.165 GC heap before
{Heap before GC invocations=88 (full 6):
 PSYoungGen      total 216064K, used 189272K [0x00000000eb900000, 0x00000000fda80000, 0x0000000100000000)
  eden space 145920K, 100% used [0x00000000eb900000,0x00000000f4780000,0x00000000f4780000)
  from space 70144K, 61% used [0x00000000f4780000,0x00000000f71d63e0,0x00000000f8c00000)
  to   space 70656K, 0% used [0x00000000f9580000,0x00000000f9580000,0x00000000fda80000)
 ParOldGen       total 362496K, used 258665K [0x00000000c2a00000, 0x00000000d8c00000, 0x00000000eb900000)
  object space 362496K, 71% used [0x00000000c2a00000,0x00000000d269a720,0x00000000d8c00000)
 Metaspace       used 63072K, capacity 71612K, committed 71808K, reserved 1112064K
  class space    used 5187K, capacity 9577K, committed 9600K, reserved 1048576K
Event: 198.203 GC heap after
Heap after GC invocations=88 (full 6):
 PSYoungGen      total 224256K, used 46958K [0x00000000eb900000, 0x00000000fde00000, 0x0000000100000000)
  eden space 153600K, 0% used [0x00000000eb900000,0x00000000eb900000,0x00000000f4f00000)
  from space 70656K, 66% used [0x00000000f9580000,0x00000000fc35b810,0x00000000fda80000)
  to   space 72192K, 0% used [0x00000000f4f00000,0x00000000f4f00000,0x00000000f9580000)
 ParOldGen       total 362496K, used 258665K [0x00000000c2a00000, 0x00000000d8c00000, 0x00000000eb900000)
  object space 362496K, 71% used [0x00000000c2a00000,0x00000000d269a720,0x00000000d8c00000)
 Metaspace       used 63072K, capacity 71612K, committed 71808K, reserved 1112064K
  class space    used 5187K, capacity 9577K, committed 9600K, reserved 1048576K
}
Event: 198.640 GC heap before
{Heap before GC invocations=89 (full 6):
 PSYoungGen      total 224256K, used 144102K [0x00000000eb900000, 0x00000000fde00000, 0x0000000100000000)
  eden space 153600K, 63% used [0x00000000eb900000,0x00000000f17de398,0x00000000f4f00000)
  from space 70656K, 66% used [0x00000000f9580000,0x00000000fc35b810,0x00000000fda80000)
  to   space 72192K, 0% used [0x00000000f4f00000,0x00000000f4f00000,0x00000000f9580000)
 ParOldGen       total 362496K, used 258665K [0x00000000c2a00000, 0x00000000d8c00000, 0x00000000eb900000)
  object space 362496K, 71% used [0x00000000c2a00000,0x00000000d269a720,0x00000000d8c00000)
 Metaspace       used 64065K, capacity 72832K, committed 72960K, reserved 1112064K
  class space    used 5245K, capacity 9777K, committed 9856K, reserved 1048576K
Event: 198.680 GC heap after
Heap after GC invocations=89 (full 6):
 PSYoungGen      total 225792K, used 44879K [0x00000000eb900000, 0x00000000fe880000, 0x0000000100000000)
  eden space 153600K, 0% used [0x00000000eb900000,0x00000000eb900000,0x00000000f4f00000)
  from space 72192K, 62% used [0x00000000f4f00000,0x00000000f7ad3cb0,0x00000000f9580000)
  to   space 72704K, 0% used [0x00000000fa180000,0x00000000fa180000,0x00000000fe880000)
 ParOldGen       total 362496K, used 261642K [0x00000000c2a00000, 0x00000000d8c00000, 0x00000000eb900000)
  object space 362496K, 72% used [0x00000000c2a00000,0x00000000d2982800,0x00000000d8c00000)
 Metaspace       used 64065K, capacity 72832K, committed 72960K, reserved 1112064K
  class space    used 5245K, capacity 9777K, committed 9856K, reserved 1048576K
}
Event: 198.681 GC heap before
{Heap before GC invocations=90 (full 7):
 PSYoungGen      total 225792K, used 44879K [0x00000000eb900000, 0x00000000fe880000, 0x0000000100000000)
  eden space 153600K, 0% used [0x00000000eb900000,0x00000000eb900000,0x00000000f4f00000)
  from space 72192K, 62% used [0x00000000f4f00000,0x00000000f7ad3cb0,0x00000000f9580000)
  to   space 72704K, 0% used [0x00000000fa180000,0x00000000fa180000,0x00000000fe880000)
 ParOldGen       total 362496K, used 261642K [0x00000000c2a00000, 0x00000000d8c00000, 0x00000000eb900000)
  object space 362496K, 72% used [0x00000000c2a00000,0x00000000d2982800,0x00000000d8c00000)
 Metaspace       used 64065K, capacity 72832K, committed 72960K, reserved 1112064K
  class space    used 5245K, capacity 9777K, committed 9856K, reserved 1048576K

