# JRE version: Java(TM) SE Runtime Environment (8.0_201-b09) (build 1.8.0_201-b09)
# Java VM: Java HotSpot(TM) 64-Bit Server VM (25.201-b09 mixed mode linux-amd64 compressed oops)
Heap:
 PSYoungGen      total 287232K, used 261927K [0x00000000eb900000, 0x0000000100000000, 0x0000000100000000)
  eden space 239616K, 97% used [0x00000000eb900000,0x00000000f9c105e0,0x00000000fa300000)
  from space 47616K, 61% used [0x00000000fa300000,0x00000000fbfb9a18,0x00000000fd180000)
  to   space 47616K, 0% used [0x00000000fd180000,0x00000000fd180000,0x0000000100000000)
 ParOldGen       total 143872K, used 81893K [0x00000000c2a00000, 0x00000000cb680000, 0x00000000eb900000)
  object space 143872K, 56% used [0x00000000c2a00000,0x00000000c79f97d8,0x00000000cb680000)
 Metaspace       used 41849K, capacity 45844K, committed 61440K, reserved 1101824K
  class space    used 4953K, capacity 6684K, committed 9472K, reserved 1048576K
GC Heap History (10 events):
Event: 141.024 GC heap before
{Heap before GC invocations=41 (full 3):
 PSYoungGen      total 305664K, used 305280K [0x00000000eb900000, 0x0000000100000000, 0x0000000100000000)
  eden space 279552K, 100% used [0x00000000eb900000,0x00000000fca00000,0x00000000fca00000)
  from space 26112K, 98% used [0x00000000fca00000,0x00000000fe320020,0x00000000fe380000)
  to   space 29184K, 0% used [0x00000000fe380000,0x00000000fe380000,0x0000000100000000)
 ParOldGen       total 84480K, used 44175K [0x00000000c2a00000, 0x00000000c7c80000, 0x00000000eb900000)
  object space 84480K, 52% used [0x00000000c2a00000,0x00000000c5523f80,0x00000000c7c80000)
 Metaspace       used 45043K, capacity 52260K, committed 52480K, reserved 1095680K
  class space    used 5580K, capacity 7067K, committed 7168K, reserved 1048576K
Event: 141.122 GC heap after
Heap after GC invocations=41 (full 3):
 PSYoungGen      total 288256K, used 29173K [0x00000000eb900000, 0x0000000100000000, 0x0000000100000000)
  eden space 259072K, 0% used [0x00000000eb900000,0x00000000eb900000,0x00000000fb600000)
  from space 29184K, 99% used [0x00000000fe380000,0x00000000ffffd7b8,0x0000000100000000)
  to   space 37888K, 0% used [0x00000000fb600000,0x00000000fb600000,0x00000000fdb00000)
 ParOldGen       total 84480K, used 56080K [0x00000000c2a00000, 0x00000000c7c80000, 0x00000000eb900000)
  object space 84480K, 66% used [0x00000000c2a00000,0x00000000c60c4050,0x00000000c7c80000)
 Metaspace       used 45043K, capacity 52260K, committed 52480K, reserved 1095680K
  class space    used 5580K, capacity 7067K, committed 7168K, reserved 1048576K
}
Event: 152.215 GC heap before
{Heap before GC invocations=42 (full 3):
 PSYoungGen      total 288256K, used 288245K [0x00000000eb900000, 0x0000000100000000, 0x0000000100000000)
  eden space 259072K, 100% used [0x00000000eb900000,0x00000000fb600000,0x00000000fb600000)
  from space 29184K, 99% used [0x00000000fe380000,0x00000000ffffd7b8,0x0000000100000000)
  to   space 37888K, 0% used [0x00000000fb600000,0x00000000fb600000,0x00000000fdb00000)
 ParOldGen       total 84480K, used 56080K [0x00000000c2a00000, 0x00000000c7c80000, 0x00000000eb900000)
  object space 84480K, 66% used [0x00000000c2a00000,0x00000000c60c4050,0x00000000c7c80000)
 Metaspace       used 45755K, capacity 53026K, committed 53248K, reserved 1095680K
  class space    used 5592K, capacity 7088K, committed 7168K, reserved 1048576K
Event: 152.432 GC heap after
Heap after GC invocations=42 (full 3):
 PSYoungGen      total 296960K, used 37882K [0x00000000eb900000, 0x0000000100000000, 0x0000000100000000)
  eden space 259072K, 0% used [0x00000000eb900000,0x00000000eb900000,0x00000000fb600000)
  from space 37888K, 99% used [0x00000000fb600000,0x00000000fdafeac8,0x00000000fdb00000)
  to   space 37888K, 0% used [0x00000000fdb00000,0x00000000fdb00000,0x0000000100000000)
 ParOldGen       total 84480K, used 75349K [0x00000000c2a00000, 0x00000000c7c80000, 0x00000000eb900000)
  object space 84480K, 89% used [0x00000000c2a00000,0x00000000c73954b0,0x00000000c7c80000)
 Metaspace       used 45755K, capacity 53026K, committed 53248K, reserved 1095680K
  class space    used 5592K, capacity 7088K, committed 7168K, reserved 1048576K
}
Event: 152.432 GC heap before
{Heap before GC invocations=43 (full 4):
 PSYoungGen      total 296960K, used 37882K [0x00000000eb900000, 0x0000000100000000, 0x0000000100000000)
  eden space 259072K, 0% used [0x00000000eb900000,0x00000000eb900000,0x00000000fb600000)
  from space 37888K, 99% used [0x00000000fb600000,0x00000000fdafeac8,0x00000000fdb00000)
  to   space 37888K, 0% used [0x00000000fdb00000,0x00000000fdb00000,0x0000000100000000)
 ParOldGen       total 84480K, used 75349K [0x00000000c2a00000, 0x00000000c7c80000, 0x00000000eb900000)
  object space 84480K, 89% used [0x00000000c2a00000,0x00000000c73954b0,0x00000000c7c80000)
 Metaspace       used 45755K, capacity 53026K, committed 53248K, reserved 1095680K
  class space    used 5592K, capacity 7088K, committed 7168K, reserved 1048576K
Event: 153.202 GC heap after
Heap after GC invocations=43 (full 4):
 PSYoungGen      total 296960K, used 0K [0x00000000eb900000, 0x0000000100000000, 0x0000000100000000)
  eden space 259072K, 0% used [0x00000000eb900000,0x00000000eb900000,0x00000000fb600000)
  from space 37888K, 0% used [0x00000000fb600000,0x00000000fb600000,0x00000000fdb00000)
  to   space 37888K, 0% used [0x00000000fdb00000,0x00000000fdb00000,0x0000000100000000)
 ParOldGen       total 143872K, used 81877K [0x00000000c2a00000, 0x00000000cb680000, 0x00000000eb900000)
  object space 143872K, 56% used [0x00000000c2a00000,0x00000000c79f57d8,0x00000000cb680000)
 Metaspace       used 35049K, capacity 35896K, committed 53248K, reserved 1095680K
  class space    used 4008K, capacity 4233K, committed 7168K, reserved 1048576K
}
Event: 173.735 GC heap before
{Heap before GC invocations=44 (full 4):
 PSYoungGen      total 296960K, used 259072K [0x00000000eb900000, 0x0000000100000000, 0x0000000100000000)
  eden space 259072K, 100% used [0x00000000eb900000,0x00000000fb600000,0x00000000fb600000)
  from space 37888K, 0% used [0x00000000fb600000,0x00000000fb600000,0x00000000fdb00000)
  to   space 37888K, 0% used [0x00000000fdb00000,0x00000000fdb00000,0x0000000100000000)
 ParOldGen       total 143872K, used 81877K [0x00000000c2a00000, 0x00000000cb680000, 0x00000000eb900000)
  object space 143872K, 56% used [0x00000000c2a00000,0x00000000c79f57d8,0x00000000cb680000)
 Metaspace       used 38704K, capacity 40362K, committed 57088K, reserved 1097728K
  class space    used 4469K, capacity 5063K, committed 7936K, reserved 1048576K
Event: 174.994 GC heap after
Heap after GC invocations=44 (full 4):
 PSYoungGen      total 277504K, used 21819K [0x00000000eb900000, 0x0000000100000000, 0x0000000100000000)
  eden space 239616K, 0% used [0x00000000eb900000,0x00000000eb900000,0x00000000fa300000)
  from space 37888K, 57% used [0x00000000fdb00000,0x00000000ff04eea8,0x0000000100000000)
  to   space 47616K, 0% used [0x00000000fa300000,0x00000000fa300000,0x00000000fd180000)
 ParOldGen       total 143872K, used 81885K [0x00000000c2a00000, 0x00000000cb680000, 0x00000000eb900000)
  object space 143872K, 56% used [0x00000000c2a00000,0x00000000c79f77d8,0x00000000cb680000)
 Metaspace       used 38704K, capacity 40362K, committed 57088K, reserved 1097728K
  class space    used 4469K, capacity 5063K, committed 7936K, reserved 1048576K
}
Event: 185.179 GC heap before
{Heap before GC invocations=45 (full 4):
 PSYoungGen      total 277504K, used 261435K [0x00000000eb900000, 0x0000000100000000, 0x0000000100000000)
  eden space 239616K, 100% used [0x00000000eb900000,0x00000000fa300000,0x00000000fa300000)
  from space 37888K, 57% used [0x00000000fdb00000,0x00000000ff04eea8,0x0000000100000000)
  to   space 47616K, 0% used [0x00000000fa300000,0x00000000fa300000,0x00000000fd180000)
 ParOldGen       total 143872K, used 81885K [0x00000000c2a00000, 0x00000000cb680000, 0x00000000eb900000)
  object space 143872K, 56% used [0x00000000c2a00000,0x00000000c79f77d8,0x00000000cb680000)
 Metaspace       used 40472K, capacity 43490K, committed 59776K, reserved 1099776K
  class space    used 4741K, capacity 6012K, committed 8832K, reserved 1048576K
Event: 185.265 GC heap after
Heap after GC invocations=45 (full 4):
 PSYoungGen      total 287232K, used 29414K [0x00000000eb900000, 0x0000000100000000, 0x0000000100000000)
  eden space 239616K, 0% used [0x00000000eb900000,0x00000000eb900000,0x00000000fa300000)
  from space 47616K, 61% used [0x00000000fa300000,0x00000000fbfb9a18,0x00000000fd180000)
  to   space 47616K, 0% used [0x00000000fd180000,0x00000000fd180000,0x0000000100000000)
 ParOldGen       total 143872K, used 81893K [0x00000000c2a00000, 0x00000000cb680000, 0x00000000eb900000)
  object space 143872K, 56% used [0x00000000c2a00000,0x00000000c79f97d8,0x00000000cb680000)
 Metaspace       used 40472K, capacity 43490K, committed 59776K, reserved 1099776K
  class space    used 4741K, capacity 6012K, committed 8832K, reserved 1048576K
}

