# JRE version: Java(TM) SE Runtime Environment (8.0_201-b09) (build 1.8.0_201-b09)
# Java VM: Java HotSpot(TM) 64-Bit Server VM (25.201-b09 mixed mode linux-amd64 compressed oops)
Heap:
 PSYoungGen      total 184832K, used 33819K [0x00000000eb900000, 0x0000000100000000, 0x0000000100000000)
  eden space 115712K, 0% used [0x00000000eb900000,0x00000000eb900000,0x00000000f2a00000)
  from space 69120K, 48% used [0x00000000f2a00000,0x00000000f4b06c48,0x00000000f6d80000)
  to   space 111616K, 0% used [0x00000000f9300000,0x00000000f9300000,0x0000000100000000)
 ParOldGen       total 180224K, used 180219K [0x00000000c2a00000, 0x00000000cda00000, 0x00000000eb900000)
  object space 180224K, 99% used [0x00000000c2a00000,0x00000000cd9fec50,0x00000000cda00000)
 Metaspace       used 36306K, capacity 37514K, committed 37888K, reserved 1083392K
  class space    used 4032K, capacity 4317K, committed 4352K, reserved 1048576K
GC Heap History (10 events):
Event: 160.226 GC heap after
Heap after GC invocations=75 (full 4):
 PSYoungGen      total 255488K, used 68655K [0x00000000eb900000, 0x0000000100000000, 0x0000000100000000)
  eden space 186368K, 0% used [0x00000000eb900000,0x00000000eb900000,0x00000000f6f00000)
  from space 69120K, 99% used [0x00000000f6f00000,0x00000000fb20bc08,0x00000000fb280000)
  to   space 79360K, 0% used [0x00000000fb280000,0x00000000fb280000,0x0000000100000000)
 ParOldGen       total 180224K, used 160897K [0x00000000c2a00000, 0x00000000cda00000, 0x00000000eb900000)
  object space 180224K, 89% used [0x00000000c2a00000,0x00000000cc720690,0x00000000cda00000)
 Metaspace       used 35896K, capacity 37086K, committed 37376K, reserved 1083392K
  class space    used 4002K, capacity 4283K, committed 4352K, reserved 1048576K
}
Event: 162.359 GC heap before
{Heap before GC invocations=76 (full 4):
 PSYoungGen      total 255488K, used 255023K [0x00000000eb900000, 0x0000000100000000, 0x0000000100000000)
  eden space 186368K, 100% used [0x00000000eb900000,0x00000000f6f00000,0x00000000f6f00000)
  from space 69120K, 99% used [0x00000000f6f00000,0x00000000fb20bc08,0x00000000fb280000)
  to   space 79360K, 0% used [0x00000000fb280000,0x00000000fb280000,0x0000000100000000)
 ParOldGen       total 180224K, used 160897K [0x00000000c2a00000, 0x00000000cda00000, 0x00000000eb900000)
  object space 180224K, 89% used [0x00000000c2a00000,0x00000000cc720690,0x00000000cda00000)
 Metaspace       used 35995K, capacity 37220K, committed 37376K, reserved 1083392K
  class space    used 4003K, capacity 4284K, committed 4352K, reserved 1048576K
Event: 162.479 GC heap after
Heap after GC invocations=76 (full 4):
 PSYoungGen      total 223744K, used 79348K [0x00000000eb900000, 0x0000000100000000, 0x0000000100000000)
  eden space 144384K, 0% used [0x00000000eb900000,0x00000000eb900000,0x00000000f4600000)
  from space 79360K, 99% used [0x00000000fb280000,0x00000000ffffd270,0x0000000100000000)
  to   space 95232K, 0% used [0x00000000f4600000,0x00000000f4600000,0x00000000fa300000)
 ParOldGen       total 180224K, used 162031K [0x00000000c2a00000, 0x00000000cda00000, 0x00000000eb900000)
  object space 180224K, 89% used [0x00000000c2a00000,0x00000000cc83bda0,0x00000000cda00000)
 Metaspace       used 35995K, capacity 37220K, committed 37376K, reserved 1083392K
  class space    used 4003K, capacity 4284K, committed 4352K, reserved 1048576K
}
Event: 164.452 GC heap before
{Heap before GC invocations=77 (full 4):
 PSYoungGen      total 223744K, used 223732K [0x00000000eb900000, 0x0000000100000000, 0x0000000100000000)
  eden space 144384K, 100% used [0x00000000eb900000,0x00000000f4600000,0x00000000f4600000)
  from space 79360K, 99% used [0x00000000fb280000,0x00000000ffffd270,0x0000000100000000)
  to   space 95232K, 0% used [0x00000000f4600000,0x00000000f4600000,0x00000000fa300000)
 ParOldGen       total 180224K, used 162031K [0x00000000c2a00000, 0x00000000cda00000, 0x00000000eb900000)
  object space 180224K, 89% used [0x00000000c2a00000,0x00000000cc83bda0,0x00000000cda00000)
 Metaspace       used 36078K, capacity 37284K, committed 37632K, reserved 1083392K
  class space    used 4003K, capacity 4284K, committed 4352K, reserved 1048576K
Event: 164.562 GC heap after
Heap after GC invocations=77 (full 4):
 PSYoungGen      total 216064K, used 71357K [0x00000000eb900000, 0x0000000100000000, 0x0000000100000000)
  eden space 144384K, 0% used [0x00000000eb900000,0x00000000eb900000,0x00000000f4600000)
  from space 71680K, 99% used [0x00000000f4600000,0x00000000f8baf5f0,0x00000000f8c00000)
  to   space 101376K, 0% used [0x00000000f9d00000,0x00000000f9d00000,0x0000000100000000)
 ParOldGen       total 180224K, used 167423K [0x00000000c2a00000, 0x00000000cda00000, 0x00000000eb900000)
  object space 180224K, 92% used [0x00000000c2a00000,0x00000000ccd7fee0,0x00000000cda00000)
 Metaspace       used 36078K, capacity 37284K, committed 37632K, reserved 1083392K
  class space    used 4003K, capacity 4284K, committed 4352K, reserved 1048576K
}
Event: 166.280 GC heap before
{Heap before GC invocations=78 (full 4):
 PSYoungGen      total 216064K, used 215741K [0x00000000eb900000, 0x0000000100000000, 0x0000000100000000)
  eden space 144384K, 100% used [0x00000000eb900000,0x00000000f4600000,0x00000000f4600000)
  from space 71680K, 99% used [0x00000000f4600000,0x00000000f8baf5f0,0x00000000f8c00000)
  to   space 101376K, 0% used [0x00000000f9d00000,0x00000000f9d00000,0x0000000100000000)
 ParOldGen       total 180224K, used 167423K [0x00000000c2a00000, 0x00000000cda00000, 0x00000000eb900000)
  object space 180224K, 92% used [0x00000000c2a00000,0x00000000ccd7fee0,0x00000000cda00000)
 Metaspace       used 36307K, capacity 37520K, committed 37888K, reserved 1083392K
  class space    used 4033K, capacity 4318K, committed 4352K, reserved 1048576K
Event: 166.418 GC heap after
Heap after GC invocations=78 (full 4):
 PSYoungGen      total 217088K, used 80835K [0x00000000eb900000, 0x0000000100000000, 0x0000000100000000)
  eden space 115712K, 0% used [0x00000000eb900000,0x00000000eb900000,0x00000000f2a00000)
  from space 101376K, 79% used [0x00000000f9d00000,0x00000000febf0df0,0x0000000100000000)
  to   space 109568K, 0% used [0x00000000f2a00000,0x00000000f2a00000,0x00000000f9500000)
 ParOldGen       total 180224K, used 167431K [0x00000000c2a00000, 0x00000000cda00000, 0x00000000eb900000)
  object space 180224K, 92% used [0x00000000c2a00000,0x00000000ccd81ee0,0x00000000cda00000)
 Metaspace       used 36307K, capacity 37520K, committed 37888K, reserved 1083392K
  class space    used 4033K, capacity 4318K, committed 4352K, reserved 1048576K
}
Event: 168.126 GC heap before
{Heap before GC invocations=79 (full 4):
 PSYoungGen      total 217088K, used 196547K [0x00000000eb900000, 0x0000000100000000, 0x0000000100000000)
  eden space 115712K, 100% used [0x00000000eb900000,0x00000000f2a00000,0x00000000f2a00000)
  from space 101376K, 79% used [0x00000000f9d00000,0x00000000febf0df0,0x0000000100000000)
  to   space 109568K, 0% used [0x00000000f2a00000,0x00000000f2a00000,0x00000000f9500000)
 ParOldGen       total 180224K, used 167431K [0x00000000c2a00000, 0x00000000cda00000, 0x00000000eb900000)
  object space 180224K, 92% used [0x00000000c2a00000,0x00000000ccd81ee0,0x00000000cda00000)
 Metaspace       used 36314K, capacity 37526K, committed 37888K, reserved 1083392K
  class space    used 4033K, capacity 4319K, committed 4352K, reserved 1048576K
Event: 168.326 GC heap after
Heap after GC invocations=79 (full 4):
 PSYoungGen      total 184832K, used 68749K [0x00000000eb900000, 0x0000000100000000, 0x0000000100000000)
  eden space 115712K, 0% used [0x00000000eb900000,0x00000000eb900000,0x00000000f2a00000)
  from space 69120K, 99% used [0x00000000f2a00000,0x00000000f6d234a0,0x00000000f6d80000)
  to   space 111616K, 0% used [0x00000000f9300000,0x00000000f9300000,0x0000000100000000)
 ParOldGen       total 180224K, used 178144K [0x00000000c2a00000, 0x00000000cda00000, 0x00000000eb900000)
  object space 180224K, 98% used [0x00000000c2a00000,0x00000000cd7f8160,0x00000000cda00000)
 Metaspace       used 36314K, capacity 37526K, committed 37888K, reserved 1083392K
  class space    used 4033K, capacity 4319K, committed 4352K, reserved 1048576K
}
Event: 168.326 GC heap before
{Heap before GC invocations=80 (full 5):
 PSYoungGen      total 184832K, used 68749K [0x00000000eb900000, 0x0000000100000000, 0x0000000100000000)
  eden space 115712K, 0% used [0x00000000eb900000,0x00000000eb900000,0x00000000f2a00000)
  from space 69120K, 99% used [0x00000000f2a00000,0x00000000f6d234a0,0x00000000f6d80000)
  to   space 111616K, 0% used [0x00000000f9300000,0x00000000f9300000,0x0000000100000000)
 ParOldGen       total 180224K, used 178144K [0x00000000c2a00000, 0x00000000cda00000, 0x00000000eb900000)
  object space 180224K, 98% used [0x00000000c2a00000,0x00000000cd7f8160,0x00000000cda00000)
 Metaspace       used 36314K, capacity 37526K, committed 37888K, reserved 1083392K
  class space    used 4033K, capacity 4319K, committed 4352K, reserved 1048576K

