# JRE version: Java(TM) SE Runtime Environment (8.0_201-b09) (build 1.8.0_201-b09)
# Java VM: Java HotSpot(TM) 64-Bit Server VM (25.201-b09 mixed mode linux-amd64 compressed oops)
Heap:
 PSYoungGen      total 127488K, used 8298K [0x00000000eb900000, 0x00000000f4100000, 0x0000000100000000)
  eden space 118272K, 0% used [0x00000000eb900000,0x00000000eb900000,0x00000000f2c80000)
  from space 9216K, 90% used [0x00000000f2c80000,0x00000000f349aab8,0x00000000f3580000)
  to   space 6656K, 0% used [0x00000000f3580000,0x00000000f3580000,0x00000000f3c00000)
 ParOldGen       total 42496K, used 19147K [0x00000000c2a00000, 0x00000000c5380000, 0x00000000eb900000)
  object space 42496K, 45% used [0x00000000c2a00000,0x00000000c3cb2df0,0x00000000c5380000)
 Metaspace       used 14959K, capacity 15482K, committed 15616K, reserved 1062912K
  class space    used 1639K, capacity 1781K, committed 1792K, reserved 1048576K
GC Heap History (10 events):
Event: 19.786 GC heap after
Heap after GC invocations=5 (full 1):
 PSYoungGen      total 34304K, used 2560K [0x00000000eb900000, 0x00000000edd00000, 0x0000000100000000)
  eden space 31744K, 0% used [0x00000000eb900000,0x00000000eb900000,0x00000000ed800000)
  from space 2560K, 100% used [0x00000000eda80000,0x00000000edd00000,0x00000000edd00000)
  to   space 2560K, 0% used [0x00000000ed800000,0x00000000ed800000,0x00000000eda80000)
 ParOldGen       total 42496K, used 8235K [0x00000000c2a00000, 0x00000000c5380000, 0x00000000eb900000)
  object space 42496K, 19% used [0x00000000c2a00000,0x00000000c320aee8,0x00000000c5380000)
 Metaspace       used 13583K, capacity 13992K, committed 14336K, reserved 1062912K
  class space    used 1564K, capacity 1666K, committed 1792K, reserved 1048576K
}
Event: 20.588 GC heap before
{Heap before GC invocations=6 (full 1):
 PSYoungGen      total 34304K, used 34304K [0x00000000eb900000, 0x00000000edd00000, 0x0000000100000000)
  eden space 31744K, 100% used [0x00000000eb900000,0x00000000ed800000,0x00000000ed800000)
  from space 2560K, 100% used [0x00000000eda80000,0x00000000edd00000,0x00000000edd00000)
  to   space 2560K, 0% used [0x00000000ed800000,0x00000000ed800000,0x00000000eda80000)
 ParOldGen       total 42496K, used 8235K [0x00000000c2a00000, 0x00000000c5380000, 0x00000000eb900000)
  object space 42496K, 19% used [0x00000000c2a00000,0x00000000c320aee8,0x00000000c5380000)
 Metaspace       used 13674K, capacity 14056K, committed 14336K, reserved 1062912K
  class space    used 1564K, capacity 1666K, committed 1792K, reserved 1048576K
Event: 20.623 GC heap after
Heap after GC invocations=6 (full 1):
 PSYoungGen      total 34304K, used 2560K [0x00000000eb900000, 0x00000000efc00000, 0x0000000100000000)
  eden space 31744K, 0% used [0x00000000eb900000,0x00000000eb900000,0x00000000ed800000)
  from space 2560K, 100% used [0x00000000ed800000,0x00000000eda80000,0x00000000eda80000)
  to   space 2560K, 0% used [0x00000000ef980000,0x00000000ef980000,0x00000000efc00000)
 ParOldGen       total 42496K, used 10398K [0x00000000c2a00000, 0x00000000c5380000, 0x00000000eb900000)
  object space 42496K, 24% used [0x00000000c2a00000,0x00000000c3427938,0x00000000c5380000)
 Metaspace       used 13674K, capacity 14056K, committed 14336K, reserved 1062912K
  class space    used 1564K, capacity 1666K, committed 1792K, reserved 1048576K
}
Event: 21.106 GC heap before
{Heap before GC invocations=7 (full 1):
 PSYoungGen      total 34304K, used 34304K [0x00000000eb900000, 0x00000000efc00000, 0x0000000100000000)
  eden space 31744K, 100% used [0x00000000eb900000,0x00000000ed800000,0x00000000ed800000)
  from space 2560K, 100% used [0x00000000ed800000,0x00000000eda80000,0x00000000eda80000)
  to   space 2560K, 0% used [0x00000000ef980000,0x00000000ef980000,0x00000000efc00000)
 ParOldGen       total 42496K, used 10398K [0x00000000c2a00000, 0x00000000c5380000, 0x00000000eb900000)
  object space 42496K, 24% used [0x00000000c2a00000,0x00000000c3427938,0x00000000c5380000)
 Metaspace       used 13719K, capacity 14056K, committed 14336K, reserved 1062912K
  class space    used 1564K, capacity 1666K, committed 1792K, reserved 1048576K
Event: 21.121 GC heap after
Heap after GC invocations=7 (full 1):
 PSYoungGen      total 62976K, used 2560K [0x00000000eb900000, 0x00000000f0200000, 0x0000000100000000)
  eden space 60416K, 0% used [0x00000000eb900000,0x00000000eb900000,0x00000000ef400000)
  from space 2560K, 100% used [0x00000000ef980000,0x00000000efc00000,0x00000000efc00000)
  to   space 5632K, 0% used [0x00000000ef400000,0x00000000ef400000,0x00000000ef980000)
 ParOldGen       total 42496K, used 12400K [0x00000000c2a00000, 0x00000000c5380000, 0x00000000eb900000)
  object space 42496K, 29% used [0x00000000c2a00000,0x00000000c361c070,0x00000000c5380000)
 Metaspace       used 13719K, capacity 14056K, committed 14336K, reserved 1062912K
  class space    used 1564K, capacity 1666K, committed 1792K, reserved 1048576K
}
Event: 22.169 GC heap before
{Heap before GC invocations=8 (full 1):
 PSYoungGen      total 62976K, used 62976K [0x00000000eb900000, 0x00000000f0200000, 0x0000000100000000)
  eden space 60416K, 100% used [0x00000000eb900000,0x00000000ef400000,0x00000000ef400000)
  from space 2560K, 100% used [0x00000000ef980000,0x00000000efc00000,0x00000000efc00000)
  to   space 5632K, 0% used [0x00000000ef400000,0x00000000ef400000,0x00000000ef980000)
 ParOldGen       total 42496K, used 12400K [0x00000000c2a00000, 0x00000000c5380000, 0x00000000eb900000)
  object space 42496K, 29% used [0x00000000c2a00000,0x00000000c361c070,0x00000000c5380000)
 Metaspace       used 13760K, capacity 14126K, committed 14336K, reserved 1062912K
  class space    used 1564K, capacity 1667K, committed 1792K, reserved 1048576K
Event: 22.195 GC heap after
Heap after GC invocations=8 (full 1):
 PSYoungGen      total 66048K, used 5608K [0x00000000eb900000, 0x00000000f3c00000, 0x0000000100000000)
  eden space 60416K, 0% used [0x00000000eb900000,0x00000000eb900000,0x00000000ef400000)
  from space 5632K, 99% used [0x00000000ef400000,0x00000000ef97a1b8,0x00000000ef980000)
  to   space 6656K, 0% used [0x00000000f3580000,0x00000000f3580000,0x00000000f3c00000)
 ParOldGen       total 42496K, used 13904K [0x00000000c2a00000, 0x00000000c5380000, 0x00000000eb900000)
  object space 42496K, 32% used [0x00000000c2a00000,0x00000000c3794080,0x00000000c5380000)
 Metaspace       used 13760K, capacity 14126K, committed 14336K, reserved 1062912K
  class space    used 1564K, capacity 1667K, committed 1792K, reserved 1048576K
}
Event: 24.133 GC heap before
{Heap before GC invocations=9 (full 1):
 PSYoungGen      total 66048K, used 66024K [0x00000000eb900000, 0x00000000f3c00000, 0x0000000100000000)
  eden space 60416K, 100% used [0x00000000eb900000,0x00000000ef400000,0x00000000ef400000)
  from space 5632K, 99% used [0x00000000ef400000,0x00000000ef97a1b8,0x00000000ef980000)
  to   space 6656K, 0% used [0x00000000f3580000,0x00000000f3580000,0x00000000f3c00000)
 ParOldGen       total 42496K, used 13904K [0x00000000c2a00000, 0x00000000c5380000, 0x00000000eb900000)
  object space 42496K, 32% used [0x00000000c2a00000,0x00000000c3794080,0x00000000c5380000)
 Metaspace       used 14757K, capacity 15192K, committed 15360K, reserved 1062912K
  class space    used 1626K, capacity 1766K, committed 1792K, reserved 1048576K
Event: 24.192 GC heap after
Heap after GC invocations=9 (full 1):
 PSYoungGen      total 124928K, used 6628K [0x00000000eb900000, 0x00000000f4100000, 0x0000000100000000)
  eden space 118272K, 0% used [0x00000000eb900000,0x00000000eb900000,0x00000000f2c80000)
  from space 6656K, 99% used [0x00000000f3580000,0x00000000f3bf9288,0x00000000f3c00000)
  to   space 9216K, 0% used [0x00000000f2c80000,0x00000000f2c80000,0x00000000f3580000)
 ParOldGen       total 42496K, used 18179K [0x00000000c2a00000, 0x00000000c5380000, 0x00000000eb900000)
  object space 42496K, 42% used [0x00000000c2a00000,0x00000000c3bc0dc0,0x00000000c5380000)
 Metaspace       used 14757K, capacity 15192K, committed 15360K, reserved 1062912K
  class space    used 1626K, capacity 1766K, committed 1792K, reserved 1048576K
}
Event: 49.052 GC heap before
{Heap before GC invocations=10 (full 1):
 PSYoungGen      total 124928K, used 124900K [0x00000000eb900000, 0x00000000f4100000, 0x0000000100000000)
  eden space 118272K, 100% used [0x00000000eb900000,0x00000000f2c80000,0x00000000f2c80000)
  from space 6656K, 99% used [0x00000000f3580000,0x00000000f3bf9288,0x00000000f3c00000)
  to   space 9216K, 0% used [0x00000000f2c80000,0x00000000f2c80000,0x00000000f3580000)
 ParOldGen       total 42496K, used 18179K [0x00000000c2a00000, 0x00000000c5380000, 0x00000000eb900000)
  object space 42496K, 42% used [0x00000000c2a00000,0x00000000c3bc0dc0,0x00000000c5380000)
 Metaspace       used 14959K, capacity 15482K, committed 15616K, reserved 1062912K
  class space    used 1639K, capacity 1781K, committed 1792K, reserved 1048576K

