# JRE version: Java(TM) SE Runtime Environment (8.0_201-b09) (build 1.8.0_201-b09)
# Java VM: Java HotSpot(TM) 64-Bit Server VM (25.201-b09 mixed mode linux-amd64 compressed oops)
Heap:
 PSYoungGen      total 309760K, used 247951K [0x00000000eb900000, 0x0000000100000000, 0x0000000100000000)
  eden space 291840K, 78% used [0x00000000eb900000,0x00000000f99abc90,0x00000000fd600000)
  from space 17920K, 99% used [0x00000000fee80000,0x00000000ffff8030,0x0000000100000000)
  to   space 21504K, 0% used [0x00000000fd600000,0x00000000fd600000,0x00000000feb00000)
 ParOldGen       total 70656K, used 38267K [0x00000000c2a00000, 0x00000000c6f00000, 0x00000000eb900000)
  object space 70656K, 54% used [0x00000000c2a00000,0x00000000c4f5ec58,0x00000000c6f00000)
 Metaspace       used 22804K, capacity 23394K, committed 23680K, reserved 1071104K
  class space    used 2472K, capacity 2653K, committed 2688K, reserved 1048576K
GC Heap History (10 events):
Event: 20.371 GC heap before
{Heap before GC invocations=10 (full 1):
 PSYoungGen      total 125952K, used 125944K [0x00000000eb900000, 0x00000000f3f00000, 0x0000000100000000)
  eden space 119296K, 100% used [0x00000000eb900000,0x00000000f2d80000,0x00000000f2d80000)
  from space 6656K, 99% used [0x00000000f3580000,0x00000000f3bfe1a8,0x00000000f3c00000)
  to   space 8192K, 0% used [0x00000000f2d80000,0x00000000f2d80000,0x00000000f3580000)
 ParOldGen       total 42496K, used 13527K [0x00000000c2a00000, 0x00000000c5380000, 0x00000000eb900000)
  object space 42496K, 31% used [0x00000000c2a00000,0x00000000c3735c00,0x00000000c5380000)
 Metaspace       used 18884K, capacity 19186K, committed 19456K, reserved 1067008K
  class space    used 2133K, capacity 2223K, committed 2304K, reserved 1048576K
Event: 20.646 GC heap after
Heap after GC invocations=10 (full 1):
 PSYoungGen      total 127488K, used 8184K [0x00000000eb900000, 0x00000000fc200000, 0x0000000100000000)
  eden space 119296K, 0% used [0x00000000eb900000,0x00000000eb900000,0x00000000f2d80000)
  from space 8192K, 99% used [0x00000000f2d80000,0x00000000f357e1d8,0x00000000f3580000)
  to   space 16384K, 0% used [0x00000000fb200000,0x00000000fb200000,0x00000000fc200000)
 ParOldGen       total 42496K, used 30368K [0x00000000c2a00000, 0x00000000c5380000, 0x00000000eb900000)
  object space 42496K, 71% used [0x00000000c2a00000,0x00000000c47a8068,0x00000000c5380000)
 Metaspace       used 18884K, capacity 19186K, committed 19456K, reserved 1067008K
  class space    used 2133K, capacity 2223K, committed 2304K, reserved 1048576K
}
Event: 25.647 GC heap before
{Heap before GC invocations=11 (full 1):
 PSYoungGen      total 127488K, used 127480K [0x00000000eb900000, 0x00000000fc200000, 0x0000000100000000)
  eden space 119296K, 100% used [0x00000000eb900000,0x00000000f2d80000,0x00000000f2d80000)
  from space 8192K, 99% used [0x00000000f2d80000,0x00000000f357e1d8,0x00000000f3580000)
  to   space 16384K, 0% used [0x00000000fb200000,0x00000000fb200000,0x00000000fc200000)
 ParOldGen       total 42496K, used 30368K [0x00000000c2a00000, 0x00000000c5380000, 0x00000000eb900000)
  object space 42496K, 71% used [0x00000000c2a00000,0x00000000c47a8068,0x00000000c5380000)
 Metaspace       used 19690K, capacity 20086K, committed 20352K, reserved 1067008K
  class space    used 2215K, capacity 2324K, committed 2432K, reserved 1048576K
Event: 25.745 GC heap after
Heap after GC invocations=11 (full 1):
 PSYoungGen      total 206848K, used 15796K [0x00000000eb900000, 0x00000000fc180000, 0x0000000100000000)
  eden space 190976K, 0% used [0x00000000eb900000,0x00000000eb900000,0x00000000f7380000)
  from space 15872K, 99% used [0x00000000fb200000,0x00000000fc16d108,0x00000000fc180000)
  to   space 18432K, 0% used [0x00000000f9d80000,0x00000000f9d80000,0x00000000faf80000)
 ParOldGen       total 42496K, used 33444K [0x00000000c2a00000, 0x00000000c5380000, 0x00000000eb900000)
  object space 42496K, 78% used [0x00000000c2a00000,0x00000000c4aa92a0,0x00000000c5380000)
 Metaspace       used 19690K, capacity 20086K, committed 20352K, reserved 1067008K
  class space    used 2215K, capacity 2324K, committed 2432K, reserved 1048576K
}
Event: 30.235 GC heap before
{Heap before GC invocations=12 (full 1):
 PSYoungGen      total 206848K, used 43576K [0x00000000eb900000, 0x00000000fc180000, 0x0000000100000000)
  eden space 190976K, 14% used [0x00000000eb900000,0x00000000ed421168,0x00000000f7380000)
  from space 15872K, 99% used [0x00000000fb200000,0x00000000fc16d108,0x00000000fc180000)
  to   space 18432K, 0% used [0x00000000f9d80000,0x00000000f9d80000,0x00000000faf80000)
 ParOldGen       total 42496K, used 33444K [0x00000000c2a00000, 0x00000000c5380000, 0x00000000eb900000)
  object space 42496K, 78% used [0x00000000c2a00000,0x00000000c4aa92a0,0x00000000c5380000)
 Metaspace       used 20742K, capacity 21066K, committed 21248K, reserved 1069056K
  class space    used 2328K, capacity 2435K, committed 2560K, reserved 1048576K
Event: 30.302 GC heap after
Heap after GC invocations=12 (full 1):
 PSYoungGen      total 252416K, used 9258K [0x00000000eb900000, 0x0000000100000000, 0x0000000100000000)
  eden space 233984K, 0% used [0x00000000eb900000,0x00000000eb900000,0x00000000f9d80000)
  from space 18432K, 50% used [0x00000000f9d80000,0x00000000fa68a858,0x00000000faf80000)
  to   space 17920K, 0% used [0x00000000fee80000,0x00000000fee80000,0x0000000100000000)
 ParOldGen       total 42496K, used 38376K [0x00000000c2a00000, 0x00000000c5380000, 0x00000000eb900000)
  object space 42496K, 90% used [0x00000000c2a00000,0x00000000c4f7a3f8,0x00000000c5380000)
 Metaspace       used 20742K, capacity 21066K, committed 21248K, reserved 1069056K
  class space    used 2328K, capacity 2435K, committed 2560K, reserved 1048576K
}
Event: 30.302 GC heap before
{Heap before GC invocations=13 (full 2):
 PSYoungGen      total 252416K, used 9258K [0x00000000eb900000, 0x0000000100000000, 0x0000000100000000)
  eden space 233984K, 0% used [0x00000000eb900000,0x00000000eb900000,0x00000000f9d80000)
  from space 18432K, 50% used [0x00000000f9d80000,0x00000000fa68a858,0x00000000faf80000)
  to   space 17920K, 0% used [0x00000000fee80000,0x00000000fee80000,0x0000000100000000)
 ParOldGen       total 42496K, used 38376K [0x00000000c2a00000, 0x00000000c5380000, 0x00000000eb900000)
  object space 42496K, 90% used [0x00000000c2a00000,0x00000000c4f7a3f8,0x00000000c5380000)
 Metaspace       used 20742K, capacity 21066K, committed 21248K, reserved 1069056K
  class space    used 2328K, capacity 2435K, committed 2560K, reserved 1048576K
Event: 31.183 GC heap after
Heap after GC invocations=13 (full 2):
 PSYoungGen      total 252416K, used 0K [0x00000000eb900000, 0x0000000100000000, 0x0000000100000000)
  eden space 233984K, 0% used [0x00000000eb900000,0x00000000eb900000,0x00000000f9d80000)
  from space 18432K, 0% used [0x00000000f9d80000,0x00000000f9d80000,0x00000000faf80000)
  to   space 17920K, 0% used [0x00000000fee80000,0x00000000fee80000,0x0000000100000000)
 ParOldGen       total 70656K, used 36774K [0x00000000c2a00000, 0x00000000c6f00000, 0x00000000eb900000)
  object space 70656K, 52% used [0x00000000c2a00000,0x00000000c4de9a28,0x00000000c6f00000)
 Metaspace       used 20742K, capacity 21066K, committed 21248K, reserved 1069056K
  class space    used 2328K, capacity 2435K, committed 2560K, reserved 1048576K
}
Event: 47.052 GC heap before
{Heap before GC invocations=14 (full 2):
 PSYoungGen      total 252416K, used 233984K [0x00000000eb900000, 0x0000000100000000, 0x0000000100000000)
  eden space 233984K, 100% used [0x00000000eb900000,0x00000000f9d80000,0x00000000f9d80000)
  from space 18432K, 0% used [0x00000000f9d80000,0x00000000f9d80000,0x00000000faf80000)
  to   space 17920K, 0% used [0x00000000fee80000,0x00000000fee80000,0x0000000100000000)
 ParOldGen       total 70656K, used 36774K [0x00000000c2a00000, 0x00000000c6f00000, 0x00000000eb900000)
  object space 70656K, 52% used [0x00000000c2a00000,0x00000000c4de9a28,0x00000000c6f00000)
 Metaspace       used 22635K, capacity 23236K, committed 23424K, reserved 1071104K
  class space    used 2461K, capacity 2648K, committed 2688K, reserved 1048576K
Event: 47.209 GC heap after
Heap after GC invocations=14 (full 2):
 PSYoungGen      total 309760K, used 17888K [0x00000000eb900000, 0x0000000100000000, 0x0000000100000000)
  eden space 291840K, 0% used [0x00000000eb900000,0x00000000eb900000,0x00000000fd600000)
  from space 17920K, 99% used [0x00000000fee80000,0x00000000ffff8030,0x0000000100000000)
  to   space 21504K, 0% used [0x00000000fd600000,0x00000000fd600000,0x00000000feb00000)
 ParOldGen       total 70656K, used 38267K [0x00000000c2a00000, 0x00000000c6f00000, 0x00000000eb900000)
  object space 70656K, 54% used [0x00000000c2a00000,0x00000000c4f5ec58,0x00000000c6f00000)
 Metaspace       used 22635K, capacity 23236K, committed 23424K, reserved 1071104K
  class space    used 2461K, capacity 2648K, committed 2688K, reserved 1048576K
}

