# JRE version: Java(TM) SE Runtime Environment (8.0_201-b09) (build 1.8.0_201-b09)
# Java VM: Java HotSpot(TM) 64-Bit Server VM (25.201-b09 mixed mode linux-amd64 compressed oops)
Heap:
 PSYoungGen      total 48128K, used 4184K [0x00000000eb900000, 0x00000000ef600000, 0x0000000100000000)
  eden space 43008K, 0% used [0x00000000eb900000,0x00000000eb900000,0x00000000ee300000)
  from space 5120K, 81% used [0x00000000eec00000,0x00000000ef0161b8,0x00000000ef100000)
  to   space 4096K, 0% used [0x00000000ef200000,0x00000000ef200000,0x00000000ef600000)
 ParOldGen       total 42496K, used 13606K [0x00000000c2a00000, 0x00000000c5380000, 0x00000000eb900000)
  object space 42496K, 32% used [0x00000000c2a00000,0x00000000c37498b0,0x00000000c5380000)
 Metaspace       used 14028K, capacity 14410K, committed 14592K, reserved 1062912K
  class space    used 1596K, capacity 1709K, committed 1792K, reserved 1048576K
GC Heap History (10 events):
Event: 49.567 GC heap after
Heap after GC invocations=7 (full 1):
 PSYoungGen      total 15872K, used 2528K [0x00000000eb900000, 0x00000000ee200000, 0x0000000100000000)
  eden space 13312K, 0% used [0x00000000eb900000,0x00000000eb900000,0x00000000ec600000)
  from space 2560K, 98% used [0x00000000ecb00000,0x00000000ecd78060,0x00000000ecd80000)
  to   space 5120K, 0% used [0x00000000ec600000,0x00000000ec600000,0x00000000ecb00000)
 ParOldGen       total 42496K, used 7991K [0x00000000c2a00000, 0x00000000c5380000, 0x00000000eb900000)
  object space 42496K, 18% used [0x00000000c2a00000,0x00000000c31cdd60,0x00000000c5380000)
 Metaspace       used 13874K, capacity 14218K, committed 14592K, reserved 1062912K
  class space    used 1596K, capacity 1709K, committed 1792K, reserved 1048576K
}
Event: 49.908 GC heap before
{Heap before GC invocations=8 (full 1):
 PSYoungGen      total 15872K, used 15840K [0x00000000eb900000, 0x00000000ee200000, 0x0000000100000000)
  eden space 13312K, 100% used [0x00000000eb900000,0x00000000ec600000,0x00000000ec600000)
  from space 2560K, 98% used [0x00000000ecb00000,0x00000000ecd78060,0x00000000ecd80000)
  to   space 5120K, 0% used [0x00000000ec600000,0x00000000ec600000,0x00000000ecb00000)
 ParOldGen       total 42496K, used 7991K [0x00000000c2a00000, 0x00000000c5380000, 0x00000000eb900000)
  object space 42496K, 18% used [0x00000000c2a00000,0x00000000c31cdd60,0x00000000c5380000)
 Metaspace       used 13912K, capacity 14346K, committed 14592K, reserved 1062912K
  class space    used 1596K, capacity 1709K, committed 1792K, reserved 1048576K
Event: 49.928 GC heap after
Heap after GC invocations=8 (full 1):
 PSYoungGen      total 18432K, used 3520K [0x00000000eb900000, 0x00000000edd00000, 0x0000000100000000)
  eden space 13312K, 0% used [0x00000000eb900000,0x00000000eb900000,0x00000000ec600000)
  from space 5120K, 68% used [0x00000000ec600000,0x00000000ec970060,0x00000000ecb00000)
  to   space 5120K, 0% used [0x00000000ed800000,0x00000000ed800000,0x00000000edd00000)
 ParOldGen       total 42496K, used 7999K [0x00000000c2a00000, 0x00000000c5380000, 0x00000000eb900000)
  object space 42496K, 18% used [0x00000000c2a00000,0x00000000c31cfd60,0x00000000c5380000)
 Metaspace       used 13912K, capacity 14346K, committed 14592K, reserved 1062912K
  class space    used 1596K, capacity 1709K, committed 1792K, reserved 1048576K
}
Event: 50.192 GC heap before
{Heap before GC invocations=9 (full 1):
 PSYoungGen      total 18432K, used 16832K [0x00000000eb900000, 0x00000000edd00000, 0x0000000100000000)
  eden space 13312K, 100% used [0x00000000eb900000,0x00000000ec600000,0x00000000ec600000)
  from space 5120K, 68% used [0x00000000ec600000,0x00000000ec970060,0x00000000ecb00000)
  to   space 5120K, 0% used [0x00000000ed800000,0x00000000ed800000,0x00000000edd00000)
 ParOldGen       total 42496K, used 7999K [0x00000000c2a00000, 0x00000000c5380000, 0x00000000eb900000)
  object space 42496K, 18% used [0x00000000c2a00000,0x00000000c31cfd60,0x00000000c5380000)
 Metaspace       used 13921K, capacity 14346K, committed 14592K, reserved 1062912K
  class space    used 1596K, capacity 1709K, committed 1792K, reserved 1048576K
Event: 50.209 GC heap after
Heap after GC invocations=9 (full 1):
 PSYoungGen      total 30720K, used 3648K [0x00000000eb900000, 0x00000000edc00000, 0x0000000100000000)
  eden space 26624K, 0% used [0x00000000eb900000,0x00000000eb900000,0x00000000ed300000)
  from space 4096K, 89% used [0x00000000ed800000,0x00000000edb90010,0x00000000edc00000)
  to   space 4608K, 0% used [0x00000000ed300000,0x00000000ed300000,0x00000000ed780000)
 ParOldGen       total 42496K, used 8462K [0x00000000c2a00000, 0x00000000c5380000, 0x00000000eb900000)
  object space 42496K, 19% used [0x00000000c2a00000,0x00000000c3243b30,0x00000000c5380000)
 Metaspace       used 13921K, capacity 14346K, committed 14592K, reserved 1062912K
  class space    used 1596K, capacity 1709K, committed 1792K, reserved 1048576K
}
Event: 51.105 GC heap before
{Heap before GC invocations=10 (full 1):
 PSYoungGen      total 30720K, used 30272K [0x00000000eb900000, 0x00000000edc00000, 0x0000000100000000)
  eden space 26624K, 100% used [0x00000000eb900000,0x00000000ed300000,0x00000000ed300000)
  from space 4096K, 89% used [0x00000000ed800000,0x00000000edb90010,0x00000000edc00000)
  to   space 4608K, 0% used [0x00000000ed300000,0x00000000ed300000,0x00000000ed780000)
 ParOldGen       total 42496K, used 8462K [0x00000000c2a00000, 0x00000000c5380000, 0x00000000eb900000)
  object space 42496K, 19% used [0x00000000c2a00000,0x00000000c3243b30,0x00000000c5380000)
 Metaspace       used 13977K, capacity 14410K, committed 14592K, reserved 1062912K
  class space    used 1596K, capacity 1709K, committed 1792K, reserved 1048576K
Event: 51.127 GC heap after
Heap after GC invocations=10 (full 1):
 PSYoungGen      total 31232K, used 4240K [0x00000000eb900000, 0x00000000ef700000, 0x0000000100000000)
  eden space 26624K, 0% used [0x00000000eb900000,0x00000000eb900000,0x00000000ed300000)
  from space 4608K, 92% used [0x00000000ed300000,0x00000000ed7241c0,0x00000000ed780000)
  to   space 5120K, 0% used [0x00000000ef200000,0x00000000ef200000,0x00000000ef700000)
 ParOldGen       total 42496K, used 9438K [0x00000000c2a00000, 0x00000000c5380000, 0x00000000eb900000)
  object space 42496K, 22% used [0x00000000c2a00000,0x00000000c3337b30,0x00000000c5380000)
 Metaspace       used 13977K, capacity 14410K, committed 14592K, reserved 1062912K
  class space    used 1596K, capacity 1709K, committed 1792K, reserved 1048576K
}
Event: 51.895 GC heap before
{Heap before GC invocations=11 (full 1):
 PSYoungGen      total 31232K, used 30864K [0x00000000eb900000, 0x00000000ef700000, 0x0000000100000000)
  eden space 26624K, 100% used [0x00000000eb900000,0x00000000ed300000,0x00000000ed300000)
  from space 4608K, 92% used [0x00000000ed300000,0x00000000ed7241c0,0x00000000ed780000)
  to   space 5120K, 0% used [0x00000000ef200000,0x00000000ef200000,0x00000000ef700000)
 ParOldGen       total 42496K, used 9438K [0x00000000c2a00000, 0x00000000c5380000, 0x00000000eb900000)
  object space 42496K, 22% used [0x00000000c2a00000,0x00000000c3337b30,0x00000000c5380000)
 Metaspace       used 14003K, capacity 14410K, committed 14592K, reserved 1062912K
  class space    used 1596K, capacity 1709K, committed 1792K, reserved 1048576K
Event: 51.917 GC heap after
Heap after GC invocations=11 (full 1):
 PSYoungGen      total 47104K, used 4048K [0x00000000eb900000, 0x00000000ef600000, 0x0000000100000000)
  eden space 43008K, 0% used [0x00000000eb900000,0x00000000eb900000,0x00000000ee300000)
  from space 4096K, 98% used [0x00000000ef200000,0x00000000ef5f41c0,0x00000000ef600000)
  to   space 5120K, 0% used [0x00000000eec00000,0x00000000eec00000,0x00000000ef100000)
 ParOldGen       total 42496K, used 11466K [0x00000000c2a00000, 0x00000000c5380000, 0x00000000eb900000)
  object space 42496K, 26% used [0x00000000c2a00000,0x00000000c3532b40,0x00000000c5380000)
 Metaspace       used 14003K, capacity 14410K, committed 14592K, reserved 1062912K
  class space    used 1596K, capacity 1709K, committed 1792K, reserved 1048576K
}
Event: 53.068 GC heap before
{Heap before GC invocations=12 (full 1):
 PSYoungGen      total 47104K, used 47056K [0x00000000eb900000, 0x00000000ef600000, 0x0000000100000000)
  eden space 43008K, 100% used [0x00000000eb900000,0x00000000ee300000,0x00000000ee300000)
  from space 4096K, 98% used [0x00000000ef200000,0x00000000ef5f41c0,0x00000000ef600000)
  to   space 5120K, 0% used [0x00000000eec00000,0x00000000eec00000,0x00000000ef100000)
 ParOldGen       total 42496K, used 11466K [0x00000000c2a00000, 0x00000000c5380000, 0x00000000eb900000)
  object space 42496K, 26% used [0x00000000c2a00000,0x00000000c3532b40,0x00000000c5380000)
 Metaspace       used 14028K, capacity 14410K, committed 14592K, reserved 1062912K
  class space    used 1596K, capacity 1709K, committed 1792K, reserved 1048576K

