# JRE version: Java(TM) SE Runtime Environment (8.0_201-b09) (build 1.8.0_201-b09)
# Java VM: Java HotSpot(TM) 64-Bit Server VM (25.201-b09 mixed mode linux-amd64 compressed oops)
Heap:
 PSYoungGen      total 245248K, used 154181K [0x00000000eb900000, 0x00000000faf80000, 0x0000000100000000)
  eden space 239616K, 64% used [0x00000000eb900000,0x00000000f4ed9710,0x00000000fa300000)
  from space 5632K, 13% used [0x00000000fa900000,0x00000000fa9b8000,0x00000000fae80000)
  to   space 6144K, 0% used [0x00000000fa300000,0x00000000fa300000,0x00000000fa900000)
 ParOldGen       total 42496K, used 21575K [0x00000000c2a00000, 0x00000000c5380000, 0x00000000eb900000)
  object space 42496K, 50% used [0x00000000c2a00000,0x00000000c3f11c70,0x00000000c5380000)
 Metaspace       used 15035K, capacity 15540K, committed 15616K, reserved 1062912K
  class space    used 1646K, capacity 1768K, committed 1792K, reserved 1048576K
GC Heap History (10 events):
Event: 26.448 GC heap before
{Heap before GC invocations=11 (full 1):
 PSYoungGen      total 64000K, used 62320K [0x00000000eb900000, 0x00000000f3600000, 0x0000000100000000)
  eden space 58368K, 100% used [0x00000000eb900000,0x00000000ef200000,0x00000000ef200000)
  from space 5632K, 70% used [0x00000000ef200000,0x00000000ef5dc010,0x00000000ef780000)
  to   space 5632K, 0% used [0x00000000f3080000,0x00000000f3080000,0x00000000f3600000)
 ParOldGen       total 42496K, used 8608K [0x00000000c2a00000, 0x00000000c5380000, 0x00000000eb900000)
  object space 42496K, 20% used [0x00000000c2a00000,0x00000000c3268010,0x00000000c5380000)
 Metaspace       used 14163K, capacity 14682K, committed 14848K, reserved 1062912K
  class space    used 1611K, capacity 1753K, committed 1792K, reserved 1048576K
Event: 26.518 GC heap after
Heap after GC invocations=11 (full 1):
 PSYoungGen      total 97792K, used 3760K [0x00000000eb900000, 0x00000000f3480000, 0x0000000100000000)
  eden space 93696K, 0% used [0x00000000eb900000,0x00000000eb900000,0x00000000f1480000)
  from space 4096K, 91% used [0x00000000f3080000,0x00000000f342c020,0x00000000f3480000)
  to   space 5632K, 0% used [0x00000000f2980000,0x00000000f2980000,0x00000000f2f00000)
 ParOldGen       total 42496K, used 10657K [0x00000000c2a00000, 0x00000000c5380000, 0x00000000eb900000)
  object space 42496K, 25% used [0x00000000c2a00000,0x00000000c34685d8,0x00000000c5380000)
 Metaspace       used 14163K, capacity 14682K, committed 14848K, reserved 1062912K
  class space    used 1611K, capacity 1753K, committed 1792K, reserved 1048576K
}
Event: 27.818 GC heap before
{Heap before GC invocations=12 (full 1):
 PSYoungGen      total 97792K, used 97456K [0x00000000eb900000, 0x00000000f3480000, 0x0000000100000000)
  eden space 93696K, 100% used [0x00000000eb900000,0x00000000f1480000,0x00000000f1480000)
  from space 4096K, 91% used [0x00000000f3080000,0x00000000f342c020,0x00000000f3480000)
  to   space 5632K, 0% used [0x00000000f2980000,0x00000000f2980000,0x00000000f2f00000)
 ParOldGen       total 42496K, used 10657K [0x00000000c2a00000, 0x00000000c5380000, 0x00000000eb900000)
  object space 42496K, 25% used [0x00000000c2a00000,0x00000000c34685d8,0x00000000c5380000)
 Metaspace       used 14178K, capacity 14682K, committed 14848K, reserved 1062912K
  class space    used 1611K, capacity 1753K, committed 1792K, reserved 1048576K
Event: 27.864 GC heap after
Heap after GC invocations=12 (full 1):
 PSYoungGen      total 120832K, used 2592K [0x00000000eb900000, 0x00000000f5680000, 0x0000000100000000)
  eden space 115200K, 0% used [0x00000000eb900000,0x00000000eb900000,0x00000000f2980000)
  from space 5632K, 46% used [0x00000000f2980000,0x00000000f2c08010,0x00000000f2f00000)
  to   space 5632K, 0% used [0x00000000f5100000,0x00000000f5100000,0x00000000f5680000)
 ParOldGen       total 42496K, used 12441K [0x00000000c2a00000, 0x00000000c5380000, 0x00000000eb900000)
  object space 42496K, 29% used [0x00000000c2a00000,0x00000000c3626608,0x00000000c5380000)
 Metaspace       used 14178K, capacity 14682K, committed 14848K, reserved 1062912K
  class space    used 1611K, capacity 1753K, committed 1792K, reserved 1048576K
}
Event: 28.397 GC heap before
{Heap before GC invocations=13 (full 1):
 PSYoungGen      total 120832K, used 117792K [0x00000000eb900000, 0x00000000f5680000, 0x0000000100000000)
  eden space 115200K, 100% used [0x00000000eb900000,0x00000000f2980000,0x00000000f2980000)
  from space 5632K, 46% used [0x00000000f2980000,0x00000000f2c08010,0x00000000f2f00000)
  to   space 5632K, 0% used [0x00000000f5100000,0x00000000f5100000,0x00000000f5680000)
 ParOldGen       total 42496K, used 12441K [0x00000000c2a00000, 0x00000000c5380000, 0x00000000eb900000)
  object space 42496K, 29% used [0x00000000c2a00000,0x00000000c3626608,0x00000000c5380000)
 Metaspace       used 14197K, capacity 14682K, committed 14848K, reserved 1062912K
  class space    used 1611K, capacity 1753K, committed 1792K, reserved 1048576K
Event: 28.417 GC heap after
Heap after GC invocations=13 (full 1):
 PSYoungGen      total 155648K, used 4712K [0x00000000eb900000, 0x00000000f7800000, 0x0000000100000000)
  eden space 150016K, 0% used [0x00000000eb900000,0x00000000eb900000,0x00000000f4b80000)
  from space 5632K, 83% used [0x00000000f5100000,0x00000000f559a248,0x00000000f5680000)
  to   space 5632K, 0% used [0x00000000f4b80000,0x00000000f4b80000,0x00000000f5100000)
 ParOldGen       total 42496K, used 14769K [0x00000000c2a00000, 0x00000000c5380000, 0x00000000eb900000)
  object space 42496K, 34% used [0x00000000c2a00000,0x00000000c386c558,0x00000000c5380000)
 Metaspace       used 14197K, capacity 14682K, committed 14848K, reserved 1062912K
  class space    used 1611K, capacity 1753K, committed 1792K, reserved 1048576K
}
Event: 29.242 GC heap before
{Heap before GC invocations=14 (full 1):
 PSYoungGen      total 155648K, used 154728K [0x00000000eb900000, 0x00000000f7800000, 0x0000000100000000)
  eden space 150016K, 100% used [0x00000000eb900000,0x00000000f4b80000,0x00000000f4b80000)
  from space 5632K, 83% used [0x00000000f5100000,0x00000000f559a248,0x00000000f5680000)
  to   space 5632K, 0% used [0x00000000f4b80000,0x00000000f4b80000,0x00000000f5100000)
 ParOldGen       total 42496K, used 14769K [0x00000000c2a00000, 0x00000000c5380000, 0x00000000eb900000)
  object space 42496K, 34% used [0x00000000c2a00000,0x00000000c386c558,0x00000000c5380000)
 Metaspace       used 14201K, capacity 14682K, committed 14848K, reserved 1062912K
  class space    used 1611K, capacity 1753K, committed 1792K, reserved 1048576K
Event: 29.300 GC heap after
Heap after GC invocations=14 (full 1):
 PSYoungGen      total 155648K, used 2400K [0x00000000eb900000, 0x00000000fae80000, 0x0000000100000000)
  eden space 150016K, 0% used [0x00000000eb900000,0x00000000eb900000,0x00000000f4b80000)
  from space 5632K, 42% used [0x00000000f4b80000,0x00000000f4dd8000,0x00000000f5100000)
  to   space 5632K, 0% used [0x00000000fa900000,0x00000000fa900000,0x00000000fae80000)
 ParOldGen       total 42496K, used 19244K [0x00000000c2a00000, 0x00000000c5380000, 0x00000000eb900000)
  object space 42496K, 45% used [0x00000000c2a00000,0x00000000c3ccb030,0x00000000c5380000)
 Metaspace       used 14201K, capacity 14682K, committed 14848K, reserved 1062912K
  class space    used 1611K, capacity 1753K, committed 1792K, reserved 1048576K
}
Event: 30.338 GC heap before
{Heap before GC invocations=15 (full 1):
 PSYoungGen      total 155648K, used 152416K [0x00000000eb900000, 0x00000000fae80000, 0x0000000100000000)
  eden space 150016K, 100% used [0x00000000eb900000,0x00000000f4b80000,0x00000000f4b80000)
  from space 5632K, 42% used [0x00000000f4b80000,0x00000000f4dd8000,0x00000000f5100000)
  to   space 5632K, 0% used [0x00000000fa900000,0x00000000fa900000,0x00000000fae80000)
 ParOldGen       total 42496K, used 19244K [0x00000000c2a00000, 0x00000000c5380000, 0x00000000eb900000)
  object space 42496K, 45% used [0x00000000c2a00000,0x00000000c3ccb030,0x00000000c5380000)
 Metaspace       used 14201K, capacity 14682K, committed 14848K, reserved 1062912K
  class space    used 1611K, capacity 1753K, committed 1792K, reserved 1048576K
Event: 30.354 GC heap after
Heap after GC invocations=15 (full 1):
 PSYoungGen      total 245248K, used 736K [0x00000000eb900000, 0x00000000faf80000, 0x0000000100000000)
  eden space 239616K, 0% used [0x00000000eb900000,0x00000000eb900000,0x00000000fa300000)
  from space 5632K, 13% used [0x00000000fa900000,0x00000000fa9b8000,0x00000000fae80000)
  to   space 6144K, 0% used [0x00000000fa300000,0x00000000fa300000,0x00000000fa900000)
 ParOldGen       total 42496K, used 21575K [0x00000000c2a00000, 0x00000000c5380000, 0x00000000eb900000)
  object space 42496K, 50% used [0x00000000c2a00000,0x00000000c3f11c70,0x00000000c5380000)
 Metaspace       used 14201K, capacity 14682K, committed 14848K, reserved 1062912K
  class space    used 1611K, capacity 1753K, committed 1792K, reserved 1048576K
}

