# JRE version: Java(TM) SE Runtime Environment (8.0_201-b09) (build 1.8.0_201-b09)
# Java VM: Java HotSpot(TM) 64-Bit Server VM (25.201-b09 mixed mode linux-amd64 compressed oops)
Heap:
 PSYoungGen      total 120320K, used 92883K [0x00000000eb900000, 0x00000000f5700000, 0x0000000100000000)
  eden space 113664K, 76% used [0x00000000eb900000,0x00000000f0e20b78,0x00000000f2800000)
  from space 6656K, 85% used [0x00000000f2800000,0x00000000f2d941c0,0x00000000f2e80000)
  to   space 7168K, 0% used [0x00000000f5000000,0x00000000f5000000,0x00000000f5700000)
 ParOldGen       total 42496K, used 14607K [0x00000000c2a00000, 0x00000000c5380000, 0x00000000eb900000)
  object space 42496K, 34% used [0x00000000c2a00000,0x00000000c3843e10,0x00000000c5380000)
 Metaspace       used 13922K, capacity 14264K, committed 14592K, reserved 1062912K
  class space    used 1586K, capacity 1706K, committed 1792K, reserved 1048576K
GC Heap History (10 events):
Event: 76.824 GC heap before
{Heap before GC invocations=8 (full 1):
 PSYoungGen      total 31232K, used 31228K [0x00000000eb900000, 0x00000000ee300000, 0x0000000100000000)
  eden space 28672K, 100% used [0x00000000eb900000,0x00000000ed500000,0x00000000ed500000)
  from space 2560K, 99% used [0x00000000eda80000,0x00000000edcff130,0x00000000edd00000)
  to   space 5632K, 0% used [0x00000000ed500000,0x00000000ed500000,0x00000000eda80000)
 ParOldGen       total 42496K, used 6500K [0x00000000c2a00000, 0x00000000c5380000, 0x00000000eb900000)
  object space 42496K, 15% used [0x00000000c2a00000,0x00000000c30592c0,0x00000000c5380000)
 Metaspace       used 13789K, capacity 14200K, committed 14336K, reserved 1062912K
  class space    used 1586K, capacity 1706K, committed 1792K, reserved 1048576K
Event: 76.852 GC heap after
Heap after GC invocations=8 (full 1):
 PSYoungGen      total 34304K, used 3516K [0x00000000eb900000, 0x00000000efb00000, 0x0000000100000000)
  eden space 28672K, 0% used [0x00000000eb900000,0x00000000eb900000,0x00000000ed500000)
  from space 5632K, 62% used [0x00000000ed500000,0x00000000ed86f130,0x00000000eda80000)
  to   space 5120K, 0% used [0x00000000ef600000,0x00000000ef600000,0x00000000efb00000)
 ParOldGen       total 42496K, used 6508K [0x00000000c2a00000, 0x00000000c5380000, 0x00000000eb900000)
  object space 42496K, 15% used [0x00000000c2a00000,0x00000000c305b2c0,0x00000000c5380000)
 Metaspace       used 13789K, capacity 14200K, committed 14336K, reserved 1062912K
  class space    used 1586K, capacity 1706K, committed 1792K, reserved 1048576K
}
Event: 77.009 GC heap before
{Heap before GC invocations=9 (full 1):
 PSYoungGen      total 34304K, used 32188K [0x00000000eb900000, 0x00000000efb00000, 0x0000000100000000)
  eden space 28672K, 100% used [0x00000000eb900000,0x00000000ed500000,0x00000000ed500000)
  from space 5632K, 62% used [0x00000000ed500000,0x00000000ed86f130,0x00000000eda80000)
  to   space 5120K, 0% used [0x00000000ef600000,0x00000000ef600000,0x00000000efb00000)
 ParOldGen       total 42496K, used 6508K [0x00000000c2a00000, 0x00000000c5380000, 0x00000000eb900000)
  object space 42496K, 15% used [0x00000000c2a00000,0x00000000c305b2c0,0x00000000c5380000)
 Metaspace       used 13808K, capacity 14200K, committed 14336K, reserved 1062912K
  class space    used 1586K, capacity 1706K, committed 1792K, reserved 1048576K
Event: 77.016 GC heap after
Heap after GC invocations=9 (full 1):
 PSYoungGen      total 62464K, used 2368K [0x00000000eb900000, 0x00000000efb00000, 0x0000000100000000)
  eden space 57344K, 0% used [0x00000000eb900000,0x00000000eb900000,0x00000000ef100000)
  from space 5120K, 46% used [0x00000000ef600000,0x00000000ef850000,0x00000000efb00000)
  to   space 5120K, 0% used [0x00000000ef100000,0x00000000ef100000,0x00000000ef600000)
 ParOldGen       total 42496K, used 8201K [0x00000000c2a00000, 0x00000000c5380000, 0x00000000eb900000)
  object space 42496K, 19% used [0x00000000c2a00000,0x00000000c3202500,0x00000000c5380000)
 Metaspace       used 13808K, capacity 14200K, committed 14336K, reserved 1062912K
  class space    used 1586K, capacity 1706K, committed 1792K, reserved 1048576K
}
Event: 77.625 GC heap before
{Heap before GC invocations=10 (full 1):
 PSYoungGen      total 62464K, used 59712K [0x00000000eb900000, 0x00000000efb00000, 0x0000000100000000)
  eden space 57344K, 100% used [0x00000000eb900000,0x00000000ef100000,0x00000000ef100000)
  from space 5120K, 46% used [0x00000000ef600000,0x00000000ef850000,0x00000000efb00000)
  to   space 5120K, 0% used [0x00000000ef100000,0x00000000ef100000,0x00000000ef600000)
 ParOldGen       total 42496K, used 8201K [0x00000000c2a00000, 0x00000000c5380000, 0x00000000eb900000)
  object space 42496K, 19% used [0x00000000c2a00000,0x00000000c3202500,0x00000000c5380000)
 Metaspace       used 13856K, capacity 14264K, committed 14592K, reserved 1062912K
  class space    used 1586K, capacity 1706K, committed 1792K, reserved 1048576K
Event: 77.634 GC heap after
Heap after GC invocations=10 (full 1):
 PSYoungGen      total 62464K, used 5088K [0x00000000eb900000, 0x00000000f3500000, 0x0000000100000000)
  eden space 57344K, 0% used [0x00000000eb900000,0x00000000eb900000,0x00000000ef100000)
  from space 5120K, 99% used [0x00000000ef100000,0x00000000ef5f8040,0x00000000ef600000)
  to   space 6144K, 0% used [0x00000000f2f00000,0x00000000f2f00000,0x00000000f3500000)
 ParOldGen       total 42496K, used 9384K [0x00000000c2a00000, 0x00000000c5380000, 0x00000000eb900000)
  object space 42496K, 22% used [0x00000000c2a00000,0x00000000c332a020,0x00000000c5380000)
 Metaspace       used 13856K, capacity 14264K, committed 14592K, reserved 1062912K
  class space    used 1586K, capacity 1706K, committed 1792K, reserved 1048576K
}
Event: 78.143 GC heap before
{Heap before GC invocations=11 (full 1):
 PSYoungGen      total 62464K, used 62432K [0x00000000eb900000, 0x00000000f3500000, 0x0000000100000000)
  eden space 57344K, 100% used [0x00000000eb900000,0x00000000ef100000,0x00000000ef100000)
  from space 5120K, 99% used [0x00000000ef100000,0x00000000ef5f8040,0x00000000ef600000)
  to   space 6144K, 0% used [0x00000000f2f00000,0x00000000f2f00000,0x00000000f3500000)
 ParOldGen       total 42496K, used 9384K [0x00000000c2a00000, 0x00000000c5380000, 0x00000000eb900000)
  object space 42496K, 22% used [0x00000000c2a00000,0x00000000c332a020,0x00000000c5380000)
 Metaspace       used 13886K, capacity 14264K, committed 14592K, reserved 1062912K
  class space    used 1586K, capacity 1706K, committed 1792K, reserved 1048576K
Event: 78.150 GC heap after
Heap after GC invocations=11 (full 1):
 PSYoungGen      total 98304K, used 5680K [0x00000000eb900000, 0x00000000f3500000, 0x0000000100000000)
  eden space 92160K, 0% used [0x00000000eb900000,0x00000000eb900000,0x00000000f1300000)
  from space 6144K, 92% used [0x00000000f2f00000,0x00000000f348c030,0x00000000f3500000)
  to   space 6656K, 0% used [0x00000000f2800000,0x00000000f2800000,0x00000000f2e80000)
 ParOldGen       total 42496K, used 10394K [0x00000000c2a00000, 0x00000000c5380000, 0x00000000eb900000)
  object space 42496K, 24% used [0x00000000c2a00000,0x00000000c3426aa0,0x00000000c5380000)
 Metaspace       used 13886K, capacity 14264K, committed 14592K, reserved 1062912K
  class space    used 1586K, capacity 1706K, committed 1792K, reserved 1048576K
}
Event: 79.030 GC heap before
{Heap before GC invocations=12 (full 1):
 PSYoungGen      total 98304K, used 97840K [0x00000000eb900000, 0x00000000f3500000, 0x0000000100000000)
  eden space 92160K, 100% used [0x00000000eb900000,0x00000000f1300000,0x00000000f1300000)
  from space 6144K, 92% used [0x00000000f2f00000,0x00000000f348c030,0x00000000f3500000)
  to   space 6656K, 0% used [0x00000000f2800000,0x00000000f2800000,0x00000000f2e80000)
 ParOldGen       total 42496K, used 10394K [0x00000000c2a00000, 0x00000000c5380000, 0x00000000eb900000)
  object space 42496K, 24% used [0x00000000c2a00000,0x00000000c3426aa0,0x00000000c5380000)
 Metaspace       used 13916K, capacity 14264K, committed 14592K, reserved 1062912K
  class space    used 1586K, capacity 1706K, committed 1792K, reserved 1048576K
Event: 79.051 GC heap after
Heap after GC invocations=12 (full 1):
 PSYoungGen      total 120320K, used 5712K [0x00000000eb900000, 0x00000000f5700000, 0x0000000100000000)
  eden space 113664K, 0% used [0x00000000eb900000,0x00000000eb900000,0x00000000f2800000)
  from space 6656K, 85% used [0x00000000f2800000,0x00000000f2d941c0,0x00000000f2e80000)
  to   space 7168K, 0% used [0x00000000f5000000,0x00000000f5000000,0x00000000f5700000)
 ParOldGen       total 42496K, used 14607K [0x00000000c2a00000, 0x00000000c5380000, 0x00000000eb900000)
  object space 42496K, 34% used [0x00000000c2a00000,0x00000000c3843e10,0x00000000c5380000)
 Metaspace       used 13916K, capacity 14264K, committed 14592K, reserved 1062912K
  class space    used 1586K, capacity 1706K, committed 1792K, reserved 1048576K
}

