# JRE version: Java(TM) SE Runtime Environment (8.0_201-b09) (build 1.8.0_201-b09)
# Java VM: Java HotSpot(TM) 64-Bit Server VM (25.201-b09 mixed mode linux-amd64 compressed oops)
Heap:
 PSYoungGen      total 320512K, used 240883K [0x00000000eb900000, 0x0000000100000000, 0x0000000100000000)
  eden space 307712K, 78% used [0x00000000eb900000,0x00000000fa43cd28,0x00000000fe580000)
  from space 12800K, 0% used [0x00000000fe580000,0x00000000fe580000,0x00000000ff200000)
  to   space 14336K, 0% used [0x00000000ff200000,0x00000000ff200000,0x0000000100000000)
 ParOldGen       total 212480K, used 136186K [0x00000000c2a00000, 0x00000000cf980000, 0x00000000eb900000)
  object space 212480K, 64% used [0x00000000c2a00000,0x00000000caefeb88,0x00000000cf980000)
 Metaspace       used 24252K, capacity 24843K, committed 24960K, reserved 1071104K
  class space    used 2441K, capacity 2594K, committed 2688K, reserved 1048576K
GC Heap History (10 events):
Event: 128.398 GC heap before
{Heap before GC invocations=137 (full 5):
 PSYoungGen      total 309760K, used 309344K [0x00000000eb900000, 0x00000000fff00000, 0x0000000100000000)
  eden space 306176K, 100% used [0x00000000eb900000,0x00000000fe400000,0x00000000fe400000)
  from space 3584K, 88% used [0x00000000fe400000,0x00000000fe718000,0x00000000fe780000)
  to   space 13824K, 0% used [0x00000000ff180000,0x00000000ff180000,0x00000000fff00000)
 ParOldGen       total 208896K, used 193225K [0x00000000c2a00000, 0x00000000cf600000, 0x00000000eb900000)
  object space 208896K, 92% used [0x00000000c2a00000,0x00000000ce6b2480,0x00000000cf600000)
 Metaspace       used 23267K, capacity 23785K, committed 23936K, reserved 1071104K
  class space    used 2431K, capacity 2590K, committed 2688K, reserved 1048576K
Event: 128.404 GC heap after
Heap after GC invocations=137 (full 5):
 PSYoungGen      total 320000K, used 3168K [0x00000000eb900000, 0x0000000100000000, 0x0000000100000000)
  eden space 306176K, 0% used [0x00000000eb900000,0x00000000eb900000,0x00000000fe400000)
  from space 13824K, 22% used [0x00000000ff180000,0x00000000ff498000,0x00000000fff00000)
  to   space 13824K, 0% used [0x00000000fe400000,0x00000000fe400000,0x00000000ff180000)
 ParOldGen       total 208896K, used 193225K [0x00000000c2a00000, 0x00000000cf600000, 0x00000000eb900000)
  object space 208896K, 92% used [0x00000000c2a00000,0x00000000ce6b2480,0x00000000cf600000)
 Metaspace       used 23267K, capacity 23785K, committed 23936K, reserved 1071104K
  class space    used 2431K, capacity 2590K, committed 2688K, reserved 1048576K
}
Event: 128.803 GC heap before
{Heap before GC invocations=138 (full 5):
 PSYoungGen      total 320000K, used 309344K [0x00000000eb900000, 0x0000000100000000, 0x0000000100000000)
  eden space 306176K, 100% used [0x00000000eb900000,0x00000000fe400000,0x00000000fe400000)
  from space 13824K, 22% used [0x00000000ff180000,0x00000000ff498000,0x00000000fff00000)
  to   space 13824K, 0% used [0x00000000fe400000,0x00000000fe400000,0x00000000ff180000)
 ParOldGen       total 208896K, used 193225K [0x00000000c2a00000, 0x00000000cf600000, 0x00000000eb900000)
  object space 208896K, 92% used [0x00000000c2a00000,0x00000000ce6b2480,0x00000000cf600000)
 Metaspace       used 23275K, capacity 23795K, committed 23936K, reserved 1071104K
  class space    used 2432K, capacity 2593K, committed 2688K, reserved 1048576K
Event: 128.806 GC heap after
Heap after GC invocations=138 (full 5):
 PSYoungGen      total 320000K, used 3424K [0x00000000eb900000, 0x00000000fff00000, 0x0000000100000000)
  eden space 306176K, 0% used [0x00000000eb900000,0x00000000eb900000,0x00000000fe400000)
  from space 13824K, 24% used [0x00000000fe400000,0x00000000fe758000,0x00000000ff180000)
  to   space 13312K, 0% used [0x00000000ff200000,0x00000000ff200000,0x00000000fff00000)
 ParOldGen       total 208896K, used 193233K [0x00000000c2a00000, 0x00000000cf600000, 0x00000000eb900000)
  object space 208896K, 92% used [0x00000000c2a00000,0x00000000ce6b4480,0x00000000cf600000)
 Metaspace       used 23275K, capacity 23795K, committed 23936K, reserved 1071104K
  class space    used 2432K, capacity 2593K, committed 2688K, reserved 1048576K
}
Event: 130.136 GC heap before
{Heap before GC invocations=139 (full 5):
 PSYoungGen      total 320000K, used 309600K [0x00000000eb900000, 0x00000000fff00000, 0x0000000100000000)
  eden space 306176K, 100% used [0x00000000eb900000,0x00000000fe400000,0x00000000fe400000)
  from space 13824K, 24% used [0x00000000fe400000,0x00000000fe758000,0x00000000ff180000)
  to   space 13312K, 0% used [0x00000000ff200000,0x00000000ff200000,0x00000000fff00000)
 ParOldGen       total 208896K, used 193233K [0x00000000c2a00000, 0x00000000cf600000, 0x00000000eb900000)
  object space 208896K, 92% used [0x00000000c2a00000,0x00000000ce6b4480,0x00000000cf600000)
 Metaspace       used 23338K, capacity 23925K, committed 24192K, reserved 1071104K
  class space    used 2438K, capacity 2594K, committed 2688K, reserved 1048576K
Event: 130.141 GC heap after
Heap after GC invocations=139 (full 5):
 PSYoungGen      total 320512K, used 4115K [0x00000000eb900000, 0x00000000ffe80000, 0x0000000100000000)
  eden space 307712K, 0% used [0x00000000eb900000,0x00000000eb900000,0x00000000fe580000)
  from space 12800K, 32% used [0x00000000ff200000,0x00000000ff604ec8,0x00000000ffe80000)
  to   space 12800K, 0% used [0x00000000fe580000,0x00000000fe580000,0x00000000ff200000)
 ParOldGen       total 208896K, used 193241K [0x00000000c2a00000, 0x00000000cf600000, 0x00000000eb900000)
  object space 208896K, 92% used [0x00000000c2a00000,0x00000000ce6b6480,0x00000000cf600000)
 Metaspace       used 23338K, capacity 23925K, committed 24192K, reserved 1071104K
  class space    used 2438K, capacity 2594K, committed 2688K, reserved 1048576K
}
Event: 136.573 GC heap before
{Heap before GC invocations=140 (full 5):
 PSYoungGen      total 320512K, used 311827K [0x00000000eb900000, 0x00000000ffe80000, 0x0000000100000000)
  eden space 307712K, 100% used [0x00000000eb900000,0x00000000fe580000,0x00000000fe580000)
  from space 12800K, 32% used [0x00000000ff200000,0x00000000ff604ec8,0x00000000ffe80000)
  to   space 12800K, 0% used [0x00000000fe580000,0x00000000fe580000,0x00000000ff200000)
 ParOldGen       total 208896K, used 193241K [0x00000000c2a00000, 0x00000000cf600000, 0x00000000eb900000)
  object space 208896K, 92% used [0x00000000c2a00000,0x00000000ce6b6480,0x00000000cf600000)
 Metaspace       used 23830K, capacity 24393K, committed 24704K, reserved 1071104K
  class space    used 2441K, capacity 2594K, committed 2688K, reserved 1048576K
Event: 136.702 GC heap after
Heap after GC invocations=140 (full 5):
 PSYoungGen      total 320512K, used 12768K [0x00000000eb900000, 0x0000000100000000, 0x0000000100000000)
  eden space 307712K, 0% used [0x00000000eb900000,0x00000000eb900000,0x00000000fe580000)
  from space 12800K, 99% used [0x00000000fe580000,0x00000000ff1f8150,0x00000000ff200000)
  to   space 14336K, 0% used [0x00000000ff200000,0x00000000ff200000,0x0000000100000000)
 ParOldGen       total 210432K, used 209946K [0x00000000c2a00000, 0x00000000cf780000, 0x00000000eb900000)
  object space 210432K, 99% used [0x00000000c2a00000,0x00000000cf706838,0x00000000cf780000)
 Metaspace       used 23830K, capacity 24393K, committed 24704K, reserved 1071104K
  class space    used 2441K, capacity 2594K, committed 2688K, reserved 1048576K
}
Event: 136.702 GC heap before
{Heap before GC invocations=141 (full 6):
 PSYoungGen      total 320512K, used 12768K [0x00000000eb900000, 0x0000000100000000, 0x0000000100000000)
  eden space 307712K, 0% used [0x00000000eb900000,0x00000000eb900000,0x00000000fe580000)
  from space 12800K, 99% used [0x00000000fe580000,0x00000000ff1f8150,0x00000000ff200000)
  to   space 14336K, 0% used [0x00000000ff200000,0x00000000ff200000,0x0000000100000000)
 ParOldGen       total 210432K, used 209946K [0x00000000c2a00000, 0x00000000cf780000, 0x00000000eb900000)
  object space 210432K, 99% used [0x00000000c2a00000,0x00000000cf706838,0x00000000cf780000)
 Metaspace       used 23830K, capacity 24393K, committed 24704K, reserved 1071104K
  class space    used 2441K, capacity 2594K, committed 2688K, reserved 1048576K
Event: 137.839 GC heap after
Heap after GC invocations=141 (full 6):
 PSYoungGen      total 320512K, used 0K [0x00000000eb900000, 0x0000000100000000, 0x0000000100000000)
  eden space 307712K, 0% used [0x00000000eb900000,0x00000000eb900000,0x00000000fe580000)
  from space 12800K, 0% used [0x00000000fe580000,0x00000000fe580000,0x00000000ff200000)
  to   space 14336K, 0% used [0x00000000ff200000,0x00000000ff200000,0x0000000100000000)
 ParOldGen       total 212480K, used 136186K [0x00000000c2a00000, 0x00000000cf980000, 0x00000000eb900000)
  object space 212480K, 64% used [0x00000000c2a00000,0x00000000caefeb88,0x00000000cf980000)
 Metaspace       used 23830K, capacity 24393K, committed 24704K, reserved 1071104K
  class space    used 2441K, capacity 2594K, committed 2688K, reserved 1048576K
}

