# JRE version: Java(TM) SE Runtime Environment (8.0_201-b09) (build 1.8.0_201-b09)
# Java VM: Java HotSpot(TM) 64-Bit Server VM (25.201-b09 mixed mode linux-amd64 compressed oops)
Heap:
 PSYoungGen      total 247808K, used 7648K [0x00000000eb900000, 0x00000000fb280000, 0x0000000100000000)
  eden space 240128K, 0% used [0x00000000eb900000,0x00000000eb900000,0x00000000fa380000)
  from space 7680K, 99% used [0x00000000fa380000,0x00000000faaf8010,0x00000000fab00000)
  to   space 7680K, 0% used [0x00000000fab00000,0x00000000fab00000,0x00000000fb280000)
 ParOldGen       total 42496K, used 33371K [0x00000000c2a00000, 0x00000000c5380000, 0x00000000eb900000)
  object space 42496K, 78% used [0x00000000c2a00000,0x00000000c4a96e78,0x00000000c5380000)
 Metaspace       used 14748K, capacity 15205K, committed 15360K, reserved 1062912K
  class space    used 1602K, capacity 1720K, committed 1792K, reserved 1048576K
GC Heap History (10 events):
Event: 79.279 GC heap after
Heap after GC invocations=11 (full 1):
 PSYoungGen      total 99840K, used 5680K [0x00000000eb900000, 0x00000000f3700000, 0x0000000100000000)
  eden space 93696K, 0% used [0x00000000eb900000,0x00000000eb900000,0x00000000f1480000)
  from space 6144K, 92% used [0x00000000f3100000,0x00000000f368c010,0x00000000f3700000)
  to   space 6656K, 0% used [0x00000000f2a00000,0x00000000f2a00000,0x00000000f3080000)
 ParOldGen       total 42496K, used 10349K [0x00000000c2a00000, 0x00000000c5380000, 0x00000000eb900000)
  object space 42496K, 24% used [0x00000000c2a00000,0x00000000c341b408,0x00000000c5380000)
 Metaspace       used 13824K, capacity 14194K, committed 14592K, reserved 1062912K
  class space    used 1586K, capacity 1705K, committed 1792K, reserved 1048576K
}
Event: 80.137 GC heap before
{Heap before GC invocations=12 (full 1):
 PSYoungGen      total 99840K, used 99376K [0x00000000eb900000, 0x00000000f3700000, 0x0000000100000000)
  eden space 93696K, 100% used [0x00000000eb900000,0x00000000f1480000,0x00000000f1480000)
  from space 6144K, 92% used [0x00000000f3100000,0x00000000f368c010,0x00000000f3700000)
  to   space 6656K, 0% used [0x00000000f2a00000,0x00000000f2a00000,0x00000000f3080000)
 ParOldGen       total 42496K, used 10349K [0x00000000c2a00000, 0x00000000c5380000, 0x00000000eb900000)
  object space 42496K, 24% used [0x00000000c2a00000,0x00000000c341b408,0x00000000c5380000)
 Metaspace       used 13863K, capacity 14258K, committed 14592K, reserved 1062912K
  class space    used 1586K, capacity 1705K, committed 1792K, reserved 1048576K
Event: 80.177 GC heap after
Heap after GC invocations=12 (full 1):
 PSYoungGen      total 122368K, used 5584K [0x00000000eb900000, 0x00000000f5980000, 0x0000000100000000)
  eden space 115712K, 0% used [0x00000000eb900000,0x00000000eb900000,0x00000000f2a00000)
  from space 6656K, 83% used [0x00000000f2a00000,0x00000000f2f740b0,0x00000000f3080000)
  to   space 7168K, 0% used [0x00000000f5280000,0x00000000f5280000,0x00000000f5980000)
 ParOldGen       total 42496K, used 14536K [0x00000000c2a00000, 0x00000000c5380000, 0x00000000eb900000)
  object space 42496K, 34% used [0x00000000c2a00000,0x00000000c38321d8,0x00000000c5380000)
 Metaspace       used 13863K, capacity 14258K, committed 14592K, reserved 1062912K
  class space    used 1586K, capacity 1705K, committed 1792K, reserved 1048576K
}
Event: 80.872 GC heap before
{Heap before GC invocations=13 (full 1):
 PSYoungGen      total 122368K, used 121296K [0x00000000eb900000, 0x00000000f5980000, 0x0000000100000000)
  eden space 115712K, 100% used [0x00000000eb900000,0x00000000f2a00000,0x00000000f2a00000)
  from space 6656K, 83% used [0x00000000f2a00000,0x00000000f2f740b0,0x00000000f3080000)
  to   space 7168K, 0% used [0x00000000f5280000,0x00000000f5280000,0x00000000f5980000)
 ParOldGen       total 42496K, used 14536K [0x00000000c2a00000, 0x00000000c5380000, 0x00000000eb900000)
  object space 42496K, 34% used [0x00000000c2a00000,0x00000000c38321d8,0x00000000c5380000)
 Metaspace       used 13891K, capacity 14322K, committed 14592K, reserved 1062912K
  class space    used 1586K, capacity 1705K, committed 1792K, reserved 1048576K
Event: 80.910 GC heap after
Heap after GC invocations=13 (full 1):
 PSYoungGen      total 157184K, used 2608K [0x00000000eb900000, 0x00000000f7c00000, 0x0000000100000000)
  eden space 150016K, 0% used [0x00000000eb900000,0x00000000eb900000,0x00000000f4b80000)
  from space 7168K, 36% used [0x00000000f5280000,0x00000000f550c010,0x00000000f5980000)
  to   space 7168K, 0% used [0x00000000f4b80000,0x00000000f4b80000,0x00000000f5280000)
 ParOldGen       total 42496K, used 20015K [0x00000000c2a00000, 0x00000000c5380000, 0x00000000eb900000)
  object space 42496K, 47% used [0x00000000c2a00000,0x00000000c3d8bf78,0x00000000c5380000)
 Metaspace       used 13891K, capacity 14322K, committed 14592K, reserved 1062912K
  class space    used 1586K, capacity 1705K, committed 1792K, reserved 1048576K
}
Event: 81.951 GC heap before
{Heap before GC invocations=14 (full 1):
 PSYoungGen      total 157184K, used 152624K [0x00000000eb900000, 0x00000000f7c00000, 0x0000000100000000)
  eden space 150016K, 100% used [0x00000000eb900000,0x00000000f4b80000,0x00000000f4b80000)
  from space 7168K, 36% used [0x00000000f5280000,0x00000000f550c010,0x00000000f5980000)
  to   space 7168K, 0% used [0x00000000f4b80000,0x00000000f4b80000,0x00000000f5280000)
 ParOldGen       total 42496K, used 20015K [0x00000000c2a00000, 0x00000000c5380000, 0x00000000eb900000)
  object space 42496K, 47% used [0x00000000c2a00000,0x00000000c3d8bf78,0x00000000c5380000)
 Metaspace       used 13922K, capacity 14322K, committed 14592K, reserved 1062912K
  class space    used 1586K, capacity 1705K, committed 1792K, reserved 1048576K
Event: 81.982 GC heap after
Heap after GC invocations=14 (full 1):
 PSYoungGen      total 157184K, used 5712K [0x00000000eb900000, 0x00000000fb280000, 0x0000000100000000)
  eden space 150016K, 0% used [0x00000000eb900000,0x00000000eb900000,0x00000000f4b80000)
  from space 7168K, 79% used [0x00000000f4b80000,0x00000000f5114130,0x00000000f5280000)
  to   space 7680K, 0% used [0x00000000fab00000,0x00000000fab00000,0x00000000fb280000)
 ParOldGen       total 42496K, used 22457K [0x00000000c2a00000, 0x00000000c5380000, 0x00000000eb900000)
  object space 42496K, 52% used [0x00000000c2a00000,0x00000000c3fee758,0x00000000c5380000)
 Metaspace       used 13922K, capacity 14322K, committed 14592K, reserved 1062912K
  class space    used 1586K, capacity 1705K, committed 1792K, reserved 1048576K
}
Event: 82.707 GC heap before
{Heap before GC invocations=15 (full 1):
 PSYoungGen      total 157184K, used 155728K [0x00000000eb900000, 0x00000000fb280000, 0x0000000100000000)
  eden space 150016K, 100% used [0x00000000eb900000,0x00000000f4b80000,0x00000000f4b80000)
  from space 7168K, 79% used [0x00000000f4b80000,0x00000000f5114130,0x00000000f5280000)
  to   space 7680K, 0% used [0x00000000fab00000,0x00000000fab00000,0x00000000fb280000)
 ParOldGen       total 42496K, used 22457K [0x00000000c2a00000, 0x00000000c5380000, 0x00000000eb900000)
  object space 42496K, 52% used [0x00000000c2a00000,0x00000000c3fee758,0x00000000c5380000)
 Metaspace       used 13923K, capacity 14322K, committed 14592K, reserved 1062912K
  class space    used 1586K, capacity 1705K, committed 1792K, reserved 1048576K
Event: 82.776 GC heap after
Heap after GC invocations=15 (full 1):
 PSYoungGen      total 247808K, used 896K [0x00000000eb900000, 0x00000000fb280000, 0x0000000100000000)
  eden space 240128K, 0% used [0x00000000eb900000,0x00000000eb900000,0x00000000fa380000)
  from space 7680K, 11% used [0x00000000fab00000,0x00000000fabe0000,0x00000000fb280000)
  to   space 7680K, 0% used [0x00000000fa380000,0x00000000fa380000,0x00000000fab00000)
 ParOldGen       total 42496K, used 28092K [0x00000000c2a00000, 0x00000000c5380000, 0x00000000eb900000)
  object space 42496K, 66% used [0x00000000c2a00000,0x00000000c456f2f8,0x00000000c5380000)
 Metaspace       used 13923K, capacity 14322K, committed 14592K, reserved 1062912K
  class space    used 1586K, capacity 1705K, committed 1792K, reserved 1048576K
}
Event: 91.343 GC heap before
{Heap before GC invocations=16 (full 1):
 PSYoungGen      total 247808K, used 241024K [0x00000000eb900000, 0x00000000fb280000, 0x0000000100000000)
  eden space 240128K, 100% used [0x00000000eb900000,0x00000000fa380000,0x00000000fa380000)
  from space 7680K, 11% used [0x00000000fab00000,0x00000000fabe0000,0x00000000fb280000)
  to   space 7680K, 0% used [0x00000000fa380000,0x00000000fa380000,0x00000000fab00000)
 ParOldGen       total 42496K, used 28092K [0x00000000c2a00000, 0x00000000c5380000, 0x00000000eb900000)
  object space 42496K, 66% used [0x00000000c2a00000,0x00000000c456f2f8,0x00000000c5380000)
 Metaspace       used 14748K, capacity 15205K, committed 15360K, reserved 1062912K
  class space    used 1602K, capacity 1720K, committed 1792K, reserved 1048576K

