# JRE version: Java(TM) SE Runtime Environment (8.0_201-b09) (build 1.8.0_201-b09)
# Java VM: Java HotSpot(TM) 64-Bit Server VM (25.201-b09 mixed mode linux-amd64 compressed oops)
Heap:
 PSYoungGen      total 276480K, used 116657K [0x00000000eb900000, 0x00000000fe080000, 0x0000000100000000)
  eden space 259584K, 39% used [0x00000000eb900000,0x00000000f1d2ca90,0x00000000fb680000)
  from space 16896K, 83% used [0x00000000fc880000,0x00000000fd63fa80,0x00000000fd900000)
  to   space 18432K, 0% used [0x00000000fb680000,0x00000000fb680000,0x00000000fc880000)
 ParOldGen       total 76288K, used 39819K [0x00000000c2a00000, 0x00000000c7480000, 0x00000000eb900000)
  object space 76288K, 52% used [0x00000000c2a00000,0x00000000c50e2e48,0x00000000c7480000)
 Metaspace       used 22848K, capacity 23416K, committed 23680K, reserved 1071104K
  class space    used 2463K, capacity 2623K, committed 2688K, reserved 1048576K
GC Heap History (10 events):
Event: 18.847 GC heap before
{Heap before GC invocations=12 (full 2):
 PSYoungGen      total 132096K, used 118784K [0x00000000eb900000, 0x00000000fc800000, 0x0000000100000000)
  eden space 118784K, 100% used [0x00000000eb900000,0x00000000f2d00000,0x00000000f2d00000)
  from space 13312K, 0% used [0x00000000f2d00000,0x00000000f2d00000,0x00000000f3a00000)
  to   space 19968K, 0% used [0x00000000fb480000,0x00000000fb480000,0x00000000fc800000)
 ParOldGen       total 76288K, used 39803K [0x00000000c2a00000, 0x00000000c7480000, 0x00000000eb900000)
  object space 76288K, 52% used [0x00000000c2a00000,0x00000000c50dee48,0x00000000c7480000)
 Metaspace       used 21807K, capacity 22214K, committed 22528K, reserved 1069056K
  class space    used 2399K, capacity 2540K, committed 2560K, reserved 1048576K
Event: 18.870 GC heap after
Heap after GC invocations=12 (full 2):
 PSYoungGen      total 152064K, used 7290K [0x00000000eb900000, 0x00000000fbc00000, 0x0000000100000000)
  eden space 144384K, 0% used [0x00000000eb900000,0x00000000eb900000,0x00000000f4600000)
  from space 7680K, 94% used [0x00000000fb480000,0x00000000fbb9e8f0,0x00000000fbc00000)
  to   space 18944K, 0% used [0x00000000f9700000,0x00000000f9700000,0x00000000fa980000)
 ParOldGen       total 76288K, used 39811K [0x00000000c2a00000, 0x00000000c7480000, 0x00000000eb900000)
  object space 76288K, 52% used [0x00000000c2a00000,0x00000000c50e0e48,0x00000000c7480000)
 Metaspace       used 21807K, capacity 22214K, committed 22528K, reserved 1069056K
  class space    used 2399K, capacity 2540K, committed 2560K, reserved 1048576K
}
Event: 20.640 GC heap before
{Heap before GC invocations=13 (full 2):
 PSYoungGen      total 152064K, used 151674K [0x00000000eb900000, 0x00000000fbc00000, 0x0000000100000000)
  eden space 144384K, 100% used [0x00000000eb900000,0x00000000f4600000,0x00000000f4600000)
  from space 7680K, 94% used [0x00000000fb480000,0x00000000fbb9e8f0,0x00000000fbc00000)
  to   space 18944K, 0% used [0x00000000f9700000,0x00000000f9700000,0x00000000fa980000)
 ParOldGen       total 76288K, used 39811K [0x00000000c2a00000, 0x00000000c7480000, 0x00000000eb900000)
  object space 76288K, 52% used [0x00000000c2a00000,0x00000000c50e0e48,0x00000000c7480000)
 Metaspace       used 21936K, capacity 22346K, committed 22528K, reserved 1069056K
  class space    used 2399K, capacity 2540K, committed 2560K, reserved 1048576K
Event: 20.658 GC heap after
Heap after GC invocations=13 (full 2):
 PSYoungGen      total 179712K, used 6784K [0x00000000eb900000, 0x00000000fb500000, 0x0000000100000000)
  eden space 172544K, 0% used [0x00000000eb900000,0x00000000eb900000,0x00000000f6180000)
  from space 7168K, 94% used [0x00000000f9700000,0x00000000f9da0240,0x00000000f9e00000)
  to   space 18432K, 0% used [0x00000000fa300000,0x00000000fa300000,0x00000000fb500000)
 ParOldGen       total 76288K, used 39811K [0x00000000c2a00000, 0x00000000c7480000, 0x00000000eb900000)
  object space 76288K, 52% used [0x00000000c2a00000,0x00000000c50e0e48,0x00000000c7480000)
 Metaspace       used 21936K, capacity 22346K, committed 22528K, reserved 1069056K
  class space    used 2399K, capacity 2540K, committed 2560K, reserved 1048576K
}
Event: 22.108 GC heap before
{Heap before GC invocations=14 (full 2):
 PSYoungGen      total 179712K, used 179328K [0x00000000eb900000, 0x00000000fb500000, 0x0000000100000000)
  eden space 172544K, 100% used [0x00000000eb900000,0x00000000f6180000,0x00000000f6180000)
  from space 7168K, 94% used [0x00000000f9700000,0x00000000f9da0240,0x00000000f9e00000)
  to   space 18432K, 0% used [0x00000000fa300000,0x00000000fa300000,0x00000000fb500000)
 ParOldGen       total 76288K, used 39811K [0x00000000c2a00000, 0x00000000c7480000, 0x00000000eb900000)
  object space 76288K, 52% used [0x00000000c2a00000,0x00000000c50e0e48,0x00000000c7480000)
 Metaspace       used 21961K, capacity 22346K, committed 22528K, reserved 1069056K
  class space    used 2399K, capacity 2540K, committed 2560K, reserved 1048576K
Event: 22.133 GC heap after
Heap after GC invocations=14 (full 2):
 PSYoungGen      total 214016K, used 8288K [0x00000000eb900000, 0x00000000fab80000, 0x0000000100000000)
  eden space 205312K, 0% used [0x00000000eb900000,0x00000000eb900000,0x00000000f8180000)
  from space 8704K, 95% used [0x00000000fa300000,0x00000000fab18240,0x00000000fab80000)
  to   space 17408K, 0% used [0x00000000f8980000,0x00000000f8980000,0x00000000f9a80000)
 ParOldGen       total 76288K, used 39811K [0x00000000c2a00000, 0x00000000c7480000, 0x00000000eb900000)
  object space 76288K, 52% used [0x00000000c2a00000,0x00000000c50e0e48,0x00000000c7480000)
 Metaspace       used 21961K, capacity 22346K, committed 22528K, reserved 1069056K
  class space    used 2399K, capacity 2540K, committed 2560K, reserved 1048576K
}
Event: 24.095 GC heap before
{Heap before GC invocations=15 (full 2):
 PSYoungGen      total 214016K, used 213600K [0x00000000eb900000, 0x00000000fab80000, 0x0000000100000000)
  eden space 205312K, 100% used [0x00000000eb900000,0x00000000f8180000,0x00000000f8180000)
  from space 8704K, 95% used [0x00000000fa300000,0x00000000fab18240,0x00000000fab80000)
  to   space 17408K, 0% used [0x00000000f8980000,0x00000000f8980000,0x00000000f9a80000)
 ParOldGen       total 76288K, used 39811K [0x00000000c2a00000, 0x00000000c7480000, 0x00000000eb900000)
  object space 76288K, 52% used [0x00000000c2a00000,0x00000000c50e0e48,0x00000000c7480000)
 Metaspace       used 21995K, capacity 22410K, committed 22528K, reserved 1069056K
  class space    used 2399K, capacity 2540K, committed 2560K, reserved 1048576K
Event: 24.268 GC heap after
Heap after GC invocations=15 (full 2):
 PSYoungGen      total 230912K, used 9856K [0x00000000eb900000, 0x00000000fd900000, 0x0000000100000000)
  eden space 213504K, 0% used [0x00000000eb900000,0x00000000eb900000,0x00000000f8980000)
  from space 17408K, 56% used [0x00000000f8980000,0x00000000f9320240,0x00000000f9a80000)
  to   space 16896K, 0% used [0x00000000fc880000,0x00000000fc880000,0x00000000fd900000)
 ParOldGen       total 76288K, used 39811K [0x00000000c2a00000, 0x00000000c7480000, 0x00000000eb900000)
  object space 76288K, 52% used [0x00000000c2a00000,0x00000000c50e0e48,0x00000000c7480000)
 Metaspace       used 21995K, capacity 22410K, committed 22528K, reserved 1069056K
  class space    used 2399K, capacity 2540K, committed 2560K, reserved 1048576K
}
Event: 31.188 GC heap before
{Heap before GC invocations=16 (full 2):
 PSYoungGen      total 230912K, used 223360K [0x00000000eb900000, 0x00000000fd900000, 0x0000000100000000)
  eden space 213504K, 100% used [0x00000000eb900000,0x00000000f8980000,0x00000000f8980000)
  from space 17408K, 56% used [0x00000000f8980000,0x00000000f9320240,0x00000000f9a80000)
  to   space 16896K, 0% used [0x00000000fc880000,0x00000000fc880000,0x00000000fd900000)
 ParOldGen       total 76288K, used 39811K [0x00000000c2a00000, 0x00000000c7480000, 0x00000000eb900000)
  object space 76288K, 52% used [0x00000000c2a00000,0x00000000c50e0e48,0x00000000c7480000)
 Metaspace       used 22654K, capacity 23250K, committed 23424K, reserved 1071104K
  class space    used 2450K, capacity 2616K, committed 2688K, reserved 1048576K
Event: 31.272 GC heap after
Heap after GC invocations=16 (full 2):
 PSYoungGen      total 276480K, used 14078K [0x00000000eb900000, 0x00000000fe080000, 0x0000000100000000)
  eden space 259584K, 0% used [0x00000000eb900000,0x00000000eb900000,0x00000000fb680000)
  from space 16896K, 83% used [0x00000000fc880000,0x00000000fd63fa80,0x00000000fd900000)
  to   space 18432K, 0% used [0x00000000fb680000,0x00000000fb680000,0x00000000fc880000)
 ParOldGen       total 76288K, used 39819K [0x00000000c2a00000, 0x00000000c7480000, 0x00000000eb900000)
  object space 76288K, 52% used [0x00000000c2a00000,0x00000000c50e2e48,0x00000000c7480000)
 Metaspace       used 22654K, capacity 23250K, committed 23424K, reserved 1071104K
  class space    used 2450K, capacity 2616K, committed 2688K, reserved 1048576K
}

