# JRE version: Java(TM) SE Runtime Environment (8.0_201-b09) (build 1.8.0_201-b09)
# Java VM: Java HotSpot(TM) 64-Bit Server VM (25.201-b09 mixed mode linux-amd64 compressed oops)
Heap:
 PSYoungGen      total 18432K, used 4456K [0x00000000eb900000, 0x00000000ecf00000, 0x0000000100000000)
  eden space 14336K, 13% used [0x00000000eb900000,0x00000000ebad6000,0x00000000ec700000)
  from space 4096K, 62% used [0x00000000ec700000,0x00000000ec984010,0x00000000ecb00000)
  to   space 4096K, 0% used [0x00000000ecb00000,0x00000000ecb00000,0x00000000ecf00000)
 ParOldGen       total 42496K, used 5227K [0x00000000c2a00000, 0x00000000c5380000, 0x00000000eb900000)
  object space 42496K, 12% used [0x00000000c2a00000,0x00000000c2f1ad68,0x00000000c5380000)
 Metaspace       used 14064K, capacity 14538K, committed 14848K, reserved 1062912K
  class space    used 1597K, capacity 1726K, committed 1792K, reserved 1048576K
GC Heap History (10 events):
Event: 25.454 GC heap before
{Heap before GC invocations=4 (full 1):
 PSYoungGen      total 18432K, used 18414K [0x00000000eb900000, 0x00000000ecd80000, 0x0000000100000000)
  eden space 15872K, 100% used [0x00000000eb900000,0x00000000ec880000,0x00000000ec880000)
  from space 2560K, 99% used [0x00000000ecb00000,0x00000000ecd7bbd8,0x00000000ecd80000)
  to   space 2560K, 0% used [0x00000000ec880000,0x00000000ec880000,0x00000000ecb00000)
 ParOldGen       total 42496K, used 4606K [0x00000000c2a00000, 0x00000000c5380000, 0x00000000eb900000)
  object space 42496K, 10% used [0x00000000c2a00000,0x00000000c2e7faa0,0x00000000c5380000)
 Metaspace       used 13302K, capacity 13710K, committed 13952K, reserved 1060864K
  class space    used 1540K, capacity 1657K, committed 1664K, reserved 1048576K
Event: 25.466 GC heap after
Heap after GC invocations=4 (full 1):
 PSYoungGen      total 18432K, used 2320K [0x00000000eb900000, 0x00000000ecd80000, 0x0000000100000000)
  eden space 15872K, 0% used [0x00000000eb900000,0x00000000eb900000,0x00000000ec880000)
  from space 2560K, 90% used [0x00000000ec880000,0x00000000ecac4010,0x00000000ecb00000)
  to   space 2560K, 0% used [0x00000000ecb00000,0x00000000ecb00000,0x00000000ecd80000)
 ParOldGen       total 42496K, used 4614K [0x00000000c2a00000, 0x00000000c5380000, 0x00000000eb900000)
  object space 42496K, 10% used [0x00000000c2a00000,0x00000000c2e81aa0,0x00000000c5380000)
 Metaspace       used 13302K, capacity 13710K, committed 13952K, reserved 1060864K
  class space    used 1540K, capacity 1657K, committed 1664K, reserved 1048576K
}
Event: 33.214 GC heap before
{Heap before GC invocations=5 (full 1):
 PSYoungGen      total 18432K, used 18192K [0x00000000eb900000, 0x00000000ecd80000, 0x0000000100000000)
  eden space 15872K, 100% used [0x00000000eb900000,0x00000000ec880000,0x00000000ec880000)
  from space 2560K, 90% used [0x00000000ec880000,0x00000000ecac4010,0x00000000ecb00000)
  to   space 2560K, 0% used [0x00000000ecb00000,0x00000000ecb00000,0x00000000ecd80000)
 ParOldGen       total 42496K, used 4614K [0x00000000c2a00000, 0x00000000c5380000, 0x00000000eb900000)
  object space 42496K, 10% used [0x00000000c2a00000,0x00000000c2e81aa0,0x00000000c5380000)
 Metaspace       used 13915K, capacity 14434K, committed 14592K, reserved 1062912K
  class space    used 1590K, capacity 1720K, committed 1792K, reserved 1048576K
Event: 33.224 GC heap after
Heap after GC invocations=5 (full 1):
 PSYoungGen      total 18432K, used 2544K [0x00000000eb900000, 0x00000000ecd80000, 0x0000000100000000)
  eden space 15872K, 0% used [0x00000000eb900000,0x00000000eb900000,0x00000000ec880000)
  from space 2560K, 99% used [0x00000000ecb00000,0x00000000ecd7c010,0x00000000ecd80000)
  to   space 2560K, 0% used [0x00000000ec880000,0x00000000ec880000,0x00000000ecb00000)
 ParOldGen       total 42496K, used 4979K [0x00000000c2a00000, 0x00000000c5380000, 0x00000000eb900000)
  object space 42496K, 11% used [0x00000000c2a00000,0x00000000c2edcd28,0x00000000c5380000)
 Metaspace       used 13915K, capacity 14434K, committed 14592K, reserved 1062912K
  class space    used 1590K, capacity 1720K, committed 1792K, reserved 1048576K
}
Event: 38.832 GC heap before
{Heap before GC invocations=6 (full 1):
 PSYoungGen      total 18432K, used 18416K [0x00000000eb900000, 0x00000000ecd80000, 0x0000000100000000)
  eden space 15872K, 100% used [0x00000000eb900000,0x00000000ec880000,0x00000000ec880000)
  from space 2560K, 99% used [0x00000000ecb00000,0x00000000ecd7c010,0x00000000ecd80000)
  to   space 2560K, 0% used [0x00000000ec880000,0x00000000ec880000,0x00000000ecb00000)
 ParOldGen       total 42496K, used 4979K [0x00000000c2a00000, 0x00000000c5380000, 0x00000000eb900000)
  object space 42496K, 11% used [0x00000000c2a00000,0x00000000c2edcd28,0x00000000c5380000)
 Metaspace       used 13952K, capacity 14452K, committed 14592K, reserved 1062912K
  class space    used 1594K, capacity 1723K, committed 1792K, reserved 1048576K
Event: 38.838 GC heap after
Heap after GC invocations=6 (full 1):
 PSYoungGen      total 18432K, used 2544K [0x00000000eb900000, 0x00000000ecd80000, 0x0000000100000000)
  eden space 15872K, 0% used [0x00000000eb900000,0x00000000eb900000,0x00000000ec880000)
  from space 2560K, 99% used [0x00000000ec880000,0x00000000ecafc010,0x00000000ecb00000)
  to   space 2560K, 0% used [0x00000000ecb00000,0x00000000ecb00000,0x00000000ecd80000)
 ParOldGen       total 42496K, used 5027K [0x00000000c2a00000, 0x00000000c5380000, 0x00000000eb900000)
  object space 42496K, 11% used [0x00000000c2a00000,0x00000000c2ee8d28,0x00000000c5380000)
 Metaspace       used 13952K, capacity 14452K, committed 14592K, reserved 1062912K
  class space    used 1594K, capacity 1723K, committed 1792K, reserved 1048576K
}
Event: 72.714 GC heap before
{Heap before GC invocations=7 (full 1):
 PSYoungGen      total 18432K, used 18416K [0x00000000eb900000, 0x00000000ecd80000, 0x0000000100000000)
  eden space 15872K, 100% used [0x00000000eb900000,0x00000000ec880000,0x00000000ec880000)
  from space 2560K, 99% used [0x00000000ec880000,0x00000000ecafc010,0x00000000ecb00000)
  to   space 2560K, 0% used [0x00000000ecb00000,0x00000000ecb00000,0x00000000ecd80000)
 ParOldGen       total 42496K, used 5027K [0x00000000c2a00000, 0x00000000c5380000, 0x00000000eb900000)
  object space 42496K, 11% used [0x00000000c2a00000,0x00000000c2ee8d28,0x00000000c5380000)
 Metaspace       used 13979K, capacity 14462K, committed 14592K, reserved 1062912K
  class space    used 1595K, capacity 1724K, committed 1792K, reserved 1048576K
Event: 72.725 GC heap after
Heap after GC invocations=7 (full 1):
 PSYoungGen      total 16896K, used 2544K [0x00000000eb900000, 0x00000000ed080000, 0x0000000100000000)
  eden space 14336K, 0% used [0x00000000eb900000,0x00000000eb900000,0x00000000ec700000)
  from space 2560K, 99% used [0x00000000ecb00000,0x00000000ecd7c010,0x00000000ecd80000)
  to   space 4096K, 0% used [0x00000000ec700000,0x00000000ec700000,0x00000000ecb00000)
 ParOldGen       total 42496K, used 5219K [0x00000000c2a00000, 0x00000000c5380000, 0x00000000eb900000)
  object space 42496K, 12% used [0x00000000c2a00000,0x00000000c2f18d68,0x00000000c5380000)
 Metaspace       used 13979K, capacity 14462K, committed 14592K, reserved 1062912K
  class space    used 1595K, capacity 1724K, committed 1792K, reserved 1048576K
}
Event: 99.318 GC heap before
{Heap before GC invocations=8 (full 1):
 PSYoungGen      total 16896K, used 16880K [0x00000000eb900000, 0x00000000ed080000, 0x0000000100000000)
  eden space 14336K, 100% used [0x00000000eb900000,0x00000000ec700000,0x00000000ec700000)
  from space 2560K, 99% used [0x00000000ecb00000,0x00000000ecd7c010,0x00000000ecd80000)
  to   space 4096K, 0% used [0x00000000ec700000,0x00000000ec700000,0x00000000ecb00000)
 ParOldGen       total 42496K, used 5219K [0x00000000c2a00000, 0x00000000c5380000, 0x00000000eb900000)
  object space 42496K, 12% used [0x00000000c2a00000,0x00000000c2f18d68,0x00000000c5380000)
 Metaspace       used 14052K, capacity 14532K, committed 14848K, reserved 1062912K
  class space    used 1596K, capacity 1725K, committed 1792K, reserved 1048576K
Event: 99.359 GC heap after
Heap after GC invocations=8 (full 1):
 PSYoungGen      total 18432K, used 2576K [0x00000000eb900000, 0x00000000ecf00000, 0x0000000100000000)
  eden space 14336K, 0% used [0x00000000eb900000,0x00000000eb900000,0x00000000ec700000)
  from space 4096K, 62% used [0x00000000ec700000,0x00000000ec984010,0x00000000ecb00000)
  to   space 4096K, 0% used [0x00000000ecb00000,0x00000000ecb00000,0x00000000ecf00000)
 ParOldGen       total 42496K, used 5227K [0x00000000c2a00000, 0x00000000c5380000, 0x00000000eb900000)
  object space 42496K, 12% used [0x00000000c2a00000,0x00000000c2f1ad68,0x00000000c5380000)
 Metaspace       used 14052K, capacity 14532K, committed 14848K, reserved 1062912K
  class space    used 1596K, capacity 1725K, committed 1792K, reserved 1048576K
}

