# JRE version: Java(TM) SE Runtime Environment (8.0_201-b09) (build 1.8.0_201-b09)
# Java VM: Java HotSpot(TM) 64-Bit Server VM (25.201-b09 mixed mode linux-amd64 compressed oops)
Heap:
 PSYoungGen      total 281088K, used 261188K [0x00000000eb900000, 0x0000000100000000, 0x0000000100000000)
  eden space 236544K, 93% used [0x00000000eb900000,0x00000000f91ddae8,0x00000000fa000000)
  from space 44544K, 87% used [0x00000000fd480000,0x00000000ffab3748,0x0000000100000000)
  to   space 49152K, 0% used [0x00000000fa000000,0x00000000fa000000,0x00000000fd000000)
 ParOldGen       total 168448K, used 142025K [0x00000000c2a00000, 0x00000000cce80000, 0x00000000eb900000)
  object space 168448K, 84% used [0x00000000c2a00000,0x00000000cb4b2710,0x00000000cce80000)
 Metaspace       used 34932K, capacity 36128K, committed 36352K, reserved 1081344K
  class space    used 3977K, capacity 4264K, committed 4352K, reserved 1048576K
GC Heap History (10 events):
Event: 140.072 GC heap before
{Heap before GC invocations=58 (full 4):
 PSYoungGen      total 285184K, used 252080K [0x00000000eb900000, 0x0000000100000000, 0x0000000100000000)
  eden space 241152K, 100% used [0x00000000eb900000,0x00000000fa480000,0x00000000fa480000)
  from space 44032K, 24% used [0x00000000fa480000,0x00000000faf2c270,0x00000000fcf80000)
  to   space 44544K, 0% used [0x00000000fd480000,0x00000000fd480000,0x0000000100000000)
 ParOldGen       total 168448K, used 138745K [0x00000000c2a00000, 0x00000000cce80000, 0x00000000eb900000)
  object space 168448K, 82% used [0x00000000c2a00000,0x00000000cb17e650,0x00000000cce80000)
 Metaspace       used 28699K, capacity 29868K, committed 29952K, reserved 1075200K
  class space    used 3323K, capacity 3578K, committed 3584K, reserved 1048576K
Event: 140.112 GC heap after
Heap after GC invocations=58 (full 4):
 PSYoungGen      total 288256K, used 16224K [0x00000000eb900000, 0x00000000ffd80000, 0x0000000100000000)
  eden space 246272K, 0% used [0x00000000eb900000,0x00000000eb900000,0x00000000fa980000)
  from space 41984K, 38% used [0x00000000fd480000,0x00000000fe4583c0,0x00000000ffd80000)
  to   space 43008K, 0% used [0x00000000fa980000,0x00000000fa980000,0x00000000fd380000)
 ParOldGen       total 168448K, used 138761K [0x00000000c2a00000, 0x00000000cce80000, 0x00000000eb900000)
  object space 168448K, 82% used [0x00000000c2a00000,0x00000000cb182650,0x00000000cce80000)
 Metaspace       used 28699K, capacity 29868K, committed 29952K, reserved 1075200K
  class space    used 3323K, capacity 3578K, committed 3584K, reserved 1048576K
}
Event: 142.740 GC heap before
{Heap before GC invocations=59 (full 4):
 PSYoungGen      total 288256K, used 262496K [0x00000000eb900000, 0x00000000ffd80000, 0x0000000100000000)
  eden space 246272K, 100% used [0x00000000eb900000,0x00000000fa980000,0x00000000fa980000)
  from space 41984K, 38% used [0x00000000fd480000,0x00000000fe4583c0,0x00000000ffd80000)
  to   space 43008K, 0% used [0x00000000fa980000,0x00000000fa980000,0x00000000fd380000)
 ParOldGen       total 168448K, used 138761K [0x00000000c2a00000, 0x00000000cce80000, 0x00000000eb900000)
  object space 168448K, 82% used [0x00000000c2a00000,0x00000000cb182650,0x00000000cce80000)
 Metaspace       used 28752K, capacity 29910K, committed 30080K, reserved 1075200K
  class space    used 3327K, capacity 3585K, committed 3712K, reserved 1048576K
Event: 142.805 GC heap after
Heap after GC invocations=59 (full 4):
 PSYoungGen      total 289280K, used 20193K [0x00000000eb900000, 0x00000000ffe00000, 0x0000000100000000)
  eden space 246272K, 0% used [0x00000000eb900000,0x00000000eb900000,0x00000000fa980000)
  from space 43008K, 46% used [0x00000000fa980000,0x00000000fbd384a0,0x00000000fd380000)
  to   space 41472K, 0% used [0x00000000fd580000,0x00000000fd580000,0x00000000ffe00000)
 ParOldGen       total 168448K, used 138769K [0x00000000c2a00000, 0x00000000cce80000, 0x00000000eb900000)
  object space 168448K, 82% used [0x00000000c2a00000,0x00000000cb184650,0x00000000cce80000)
 Metaspace       used 28752K, capacity 29910K, committed 30080K, reserved 1075200K
  class space    used 3327K, capacity 3585K, committed 3712K, reserved 1048576K
}
Event: 147.847 GC heap before
{Heap before GC invocations=60 (full 4):
 PSYoungGen      total 289280K, used 266465K [0x00000000eb900000, 0x00000000ffe00000, 0x0000000100000000)
  eden space 246272K, 100% used [0x00000000eb900000,0x00000000fa980000,0x00000000fa980000)
  from space 43008K, 46% used [0x00000000fa980000,0x00000000fbd384a0,0x00000000fd380000)
  to   space 41472K, 0% used [0x00000000fd580000,0x00000000fd580000,0x00000000ffe00000)
 ParOldGen       total 168448K, used 138769K [0x00000000c2a00000, 0x00000000cce80000, 0x00000000eb900000)
  object space 168448K, 82% used [0x00000000c2a00000,0x00000000cb184650,0x00000000cce80000)
 Metaspace       used 28814K, capacity 30004K, committed 30336K, reserved 1075200K
  class space    used 3330K, capacity 3590K, committed 3712K, reserved 1048576K
Event: 148.000 GC heap after
Heap after GC invocations=60 (full 4):
 PSYoungGen      total 291328K, used 25894K [0x00000000eb900000, 0x00000000ffd80000, 0x0000000100000000)
  eden space 250368K, 0% used [0x00000000eb900000,0x00000000eb900000,0x00000000fad80000)
  from space 40960K, 63% used [0x00000000fd580000,0x00000000feec9a98,0x00000000ffd80000)
  to   space 40960K, 0% used [0x00000000fad80000,0x00000000fad80000,0x00000000fd580000)
 ParOldGen       total 168448K, used 138785K [0x00000000c2a00000, 0x00000000cce80000, 0x00000000eb900000)
  object space 168448K, 82% used [0x00000000c2a00000,0x00000000cb188650,0x00000000cce80000)
 Metaspace       used 28814K, capacity 30004K, committed 30336K, reserved 1075200K
  class space    used 3330K, capacity 3590K, committed 3712K, reserved 1048576K
}
Event: 154.169 GC heap before
{Heap before GC invocations=61 (full 4):
 PSYoungGen      total 291328K, used 276262K [0x00000000eb900000, 0x00000000ffd80000, 0x0000000100000000)
  eden space 250368K, 100% used [0x00000000eb900000,0x00000000fad80000,0x00000000fad80000)
  from space 40960K, 63% used [0x00000000fd580000,0x00000000feec9a98,0x00000000ffd80000)
  to   space 40960K, 0% used [0x00000000fad80000,0x00000000fad80000,0x00000000fd580000)
 ParOldGen       total 168448K, used 138785K [0x00000000c2a00000, 0x00000000cce80000, 0x00000000eb900000)
  object space 168448K, 82% used [0x00000000c2a00000,0x00000000cb188650,0x00000000cce80000)
 Metaspace       used 28861K, capacity 30004K, committed 30336K, reserved 1075200K
  class space    used 3333K, capacity 3590K, committed 3712K, reserved 1048576K
Event: 154.301 GC heap after
Heap after GC invocations=61 (full 4):
 PSYoungGen      total 290304K, used 39654K [0x00000000eb900000, 0x0000000100000000, 0x0000000100000000)
  eden space 250368K, 0% used [0x00000000eb900000,0x00000000eb900000,0x00000000fad80000)
  from space 39936K, 99% used [0x00000000fad80000,0x00000000fd439ab8,0x00000000fd480000)
  to   space 44544K, 0% used [0x00000000fd480000,0x00000000fd480000,0x0000000100000000)
 ParOldGen       total 168448K, used 138793K [0x00000000c2a00000, 0x00000000cce80000, 0x00000000eb900000)
  object space 168448K, 82% used [0x00000000c2a00000,0x00000000cb18a650,0x00000000cce80000)
 Metaspace       used 28861K, capacity 30004K, committed 30336K, reserved 1075200K
  class space    used 3333K, capacity 3590K, committed 3712K, reserved 1048576K
}
Event: 157.013 GC heap before
{Heap before GC invocations=62 (full 4):
 PSYoungGen      total 290304K, used 290022K [0x00000000eb900000, 0x0000000100000000, 0x0000000100000000)
  eden space 250368K, 100% used [0x00000000eb900000,0x00000000fad80000,0x00000000fad80000)
  from space 39936K, 99% used [0x00000000fad80000,0x00000000fd439ab8,0x00000000fd480000)
  to   space 44544K, 0% used [0x00000000fd480000,0x00000000fd480000,0x0000000100000000)
 ParOldGen       total 168448K, used 138793K [0x00000000c2a00000, 0x00000000cce80000, 0x00000000eb900000)
  object space 168448K, 82% used [0x00000000c2a00000,0x00000000cb18a650,0x00000000cce80000)
 Metaspace       used 32961K, capacity 34164K, committed 34432K, reserved 1079296K
  class space    used 3859K, capacity 4102K, committed 4224K, reserved 1048576K
Event: 157.430 GC heap after
Heap after GC invocations=62 (full 4):
 PSYoungGen      total 281088K, used 39117K [0x00000000eb900000, 0x0000000100000000, 0x0000000100000000)
  eden space 236544K, 0% used [0x00000000eb900000,0x00000000eb900000,0x00000000fa000000)
  from space 44544K, 87% used [0x00000000fd480000,0x00000000ffab3748,0x0000000100000000)
  to   space 49152K, 0% used [0x00000000fa000000,0x00000000fa000000,0x00000000fd000000)
 ParOldGen       total 168448K, used 142025K [0x00000000c2a00000, 0x00000000cce80000, 0x00000000eb900000)
  object space 168448K, 84% used [0x00000000c2a00000,0x00000000cb4b2710,0x00000000cce80000)
 Metaspace       used 32961K, capacity 34164K, committed 34432K, reserved 1079296K
  class space    used 3859K, capacity 4102K, committed 4224K, reserved 1048576K
}

