# JRE version: Java(TM) SE Runtime Environment (8.0_201-b09) (build 1.8.0_201-b09)
# Java VM: Java HotSpot(TM) 64-Bit Server VM (25.201-b09 mixed mode linux-amd64 compressed oops)
Heap:
 PSYoungGen      total 227328K, used 158166K [0x00000000eb900000, 0x00000000fcf00000, 0x0000000100000000)
  eden space 207872K, 73% used [0x00000000eb900000,0x00000000f4e65b60,0x00000000f8400000)
  from space 19456K, 26% used [0x00000000f8400000,0x00000000f8910000,0x00000000f9700000)
  to   space 18432K, 0% used [0x00000000fbd00000,0x00000000fbd00000,0x00000000fcf00000)
 ParOldGen       total 71168K, used 35874K [0x00000000c2a00000, 0x00000000c6f80000, 0x00000000eb900000)
  object space 71168K, 50% used [0x00000000c2a00000,0x00000000c4d08928,0x00000000c6f80000)
 Metaspace       used 22569K, capacity 23154K, committed 23424K, reserved 1071104K
  class space    used 2477K, capacity 2633K, committed 2688K, reserved 1048576K
GC Heap History (10 events):
Event: 14.603 GC heap before
{Heap before GC invocations=11 (full 2):
 PSYoungGen      total 130048K, used 13808K [0x00000000eb900000, 0x00000000fc400000, 0x0000000100000000)
  eden space 116224K, 0% used [0x00000000eb900000,0x00000000eb900000,0x00000000f2a80000)
  from space 13824K, 99% used [0x00000000f2a80000,0x00000000f37fc060,0x00000000f3800000)
  to   space 20480K, 0% used [0x00000000fb000000,0x00000000fb000000,0x00000000fc400000)
 ParOldGen       total 42496K, used 32404K [0x00000000c2a00000, 0x00000000c5380000, 0x00000000eb900000)
  object space 42496K, 76% used [0x00000000c2a00000,0x00000000c49a50c8,0x00000000c5380000)
 Metaspace       used 20728K, capacity 21100K, committed 21248K, reserved 1069056K
  class space    used 2343K, capacity 2468K, committed 2560K, reserved 1048576K
Event: 15.065 GC heap after
Heap after GC invocations=11 (full 2):
 PSYoungGen      total 130048K, used 0K [0x00000000eb900000, 0x00000000fc400000, 0x0000000100000000)
  eden space 116224K, 0% used [0x00000000eb900000,0x00000000eb900000,0x00000000f2a80000)
  from space 13824K, 0% used [0x00000000f2a80000,0x00000000f2a80000,0x00000000f3800000)
  to   space 20480K, 0% used [0x00000000fb000000,0x00000000fb000000,0x00000000fc400000)
 ParOldGen       total 71168K, used 35842K [0x00000000c2a00000, 0x00000000c6f80000, 0x00000000eb900000)
  object space 71168K, 50% used [0x00000000c2a00000,0x00000000c4d00928,0x00000000c6f80000)
 Metaspace       used 20728K, capacity 21100K, committed 21248K, reserved 1069056K
  class space    used 2343K, capacity 2468K, committed 2560K, reserved 1048576K
}
Event: 16.972 GC heap before
{Heap before GC invocations=12 (full 2):
 PSYoungGen      total 130048K, used 116224K [0x00000000eb900000, 0x00000000fc400000, 0x0000000100000000)
  eden space 116224K, 100% used [0x00000000eb900000,0x00000000f2a80000,0x00000000f2a80000)
  from space 13824K, 0% used [0x00000000f2a80000,0x00000000f2a80000,0x00000000f3800000)
  to   space 20480K, 0% used [0x00000000fb000000,0x00000000fb000000,0x00000000fc400000)
 ParOldGen       total 71168K, used 35842K [0x00000000c2a00000, 0x00000000c6f80000, 0x00000000eb900000)
  object space 71168K, 50% used [0x00000000c2a00000,0x00000000c4d00928,0x00000000c6f80000)
 Metaspace       used 21433K, capacity 21832K, committed 22016K, reserved 1069056K
  class space    used 2395K, capacity 2540K, committed 2560K, reserved 1048576K
Event: 16.975 GC heap after
Heap after GC invocations=12 (full 2):
 PSYoungGen      total 145408K, used 1539K [0x00000000eb900000, 0x00000000fb200000, 0x0000000100000000)
  eden space 143360K, 0% used [0x00000000eb900000,0x00000000eb900000,0x00000000f4500000)
  from space 2048K, 75% used [0x00000000fb000000,0x00000000fb180e30,0x00000000fb200000)
  to   space 20480K, 0% used [0x00000000f8a00000,0x00000000f8a00000,0x00000000f9e00000)
 ParOldGen       total 71168K, used 35850K [0x00000000c2a00000, 0x00000000c6f80000, 0x00000000eb900000)
  object space 71168K, 50% used [0x00000000c2a00000,0x00000000c4d02928,0x00000000c6f80000)
 Metaspace       used 21433K, capacity 21832K, committed 22016K, reserved 1069056K
  class space    used 2395K, capacity 2540K, committed 2560K, reserved 1048576K
}
Event: 18.897 GC heap before
{Heap before GC invocations=13 (full 2):
 PSYoungGen      total 145408K, used 144899K [0x00000000eb900000, 0x00000000fb200000, 0x0000000100000000)
  eden space 143360K, 100% used [0x00000000eb900000,0x00000000f4500000,0x00000000f4500000)
  from space 2048K, 75% used [0x00000000fb000000,0x00000000fb180e30,0x00000000fb200000)
  to   space 20480K, 0% used [0x00000000f8a00000,0x00000000f8a00000,0x00000000f9e00000)
 ParOldGen       total 71168K, used 35850K [0x00000000c2a00000, 0x00000000c6f80000, 0x00000000eb900000)
  object space 71168K, 50% used [0x00000000c2a00000,0x00000000c4d02928,0x00000000c6f80000)
 Metaspace       used 21493K, capacity 21964K, committed 22272K, reserved 1069056K
  class space    used 2395K, capacity 2540K, committed 2560K, reserved 1048576K
Event: 18.914 GC heap after
Heap after GC invocations=13 (full 2):
 PSYoungGen      total 176128K, used 2336K [0x00000000eb900000, 0x00000000fb080000, 0x0000000100000000)
  eden space 173568K, 0% used [0x00000000eb900000,0x00000000eb900000,0x00000000f6280000)
  from space 2560K, 91% used [0x00000000f8a00000,0x00000000f8c48000,0x00000000f8c80000)
  to   space 19968K, 0% used [0x00000000f9d00000,0x00000000f9d00000,0x00000000fb080000)
 ParOldGen       total 71168K, used 35858K [0x00000000c2a00000, 0x00000000c6f80000, 0x00000000eb900000)
  object space 71168K, 50% used [0x00000000c2a00000,0x00000000c4d04928,0x00000000c6f80000)
 Metaspace       used 21493K, capacity 21964K, committed 22272K, reserved 1069056K
  class space    used 2395K, capacity 2540K, committed 2560K, reserved 1048576K
}
Event: 20.264 GC heap before
{Heap before GC invocations=14 (full 2):
 PSYoungGen      total 176128K, used 175904K [0x00000000eb900000, 0x00000000fb080000, 0x0000000100000000)
  eden space 173568K, 100% used [0x00000000eb900000,0x00000000f6280000,0x00000000f6280000)
  from space 2560K, 91% used [0x00000000f8a00000,0x00000000f8c48000,0x00000000f8c80000)
  to   space 19968K, 0% used [0x00000000f9d00000,0x00000000f9d00000,0x00000000fb080000)
 ParOldGen       total 71168K, used 35858K [0x00000000c2a00000, 0x00000000c6f80000, 0x00000000eb900000)
  object space 71168K, 50% used [0x00000000c2a00000,0x00000000c4d04928,0x00000000c6f80000)
 Metaspace       used 21529K, capacity 21964K, committed 22272K, reserved 1069056K
  class space    used 2395K, capacity 2540K, committed 2560K, reserved 1048576K
Event: 20.280 GC heap after
Heap after GC invocations=14 (full 2):
 PSYoungGen      total 221184K, used 3616K [0x00000000eb900000, 0x00000000faa00000, 0x0000000100000000)
  eden space 207872K, 0% used [0x00000000eb900000,0x00000000eb900000,0x00000000f8400000)
  from space 13312K, 27% used [0x00000000f9d00000,0x00000000fa088000,0x00000000faa00000)
  to   space 19456K, 0% used [0x00000000f8400000,0x00000000f8400000,0x00000000f9700000)
 ParOldGen       total 71168K, used 35866K [0x00000000c2a00000, 0x00000000c6f80000, 0x00000000eb900000)
  object space 71168K, 50% used [0x00000000c2a00000,0x00000000c4d06928,0x00000000c6f80000)
 Metaspace       used 21529K, capacity 21964K, committed 22272K, reserved 1069056K
  class space    used 2395K, capacity 2540K, committed 2560K, reserved 1048576K
}
Event: 21.719 GC heap before
{Heap before GC invocations=15 (full 2):
 PSYoungGen      total 221184K, used 211488K [0x00000000eb900000, 0x00000000faa00000, 0x0000000100000000)
  eden space 207872K, 100% used [0x00000000eb900000,0x00000000f8400000,0x00000000f8400000)
  from space 13312K, 27% used [0x00000000f9d00000,0x00000000fa088000,0x00000000faa00000)
  to   space 19456K, 0% used [0x00000000f8400000,0x00000000f8400000,0x00000000f9700000)
 ParOldGen       total 71168K, used 35866K [0x00000000c2a00000, 0x00000000c6f80000, 0x00000000eb900000)
  object space 71168K, 50% used [0x00000000c2a00000,0x00000000c4d06928,0x00000000c6f80000)
 Metaspace       used 21571K, capacity 22028K, committed 22272K, reserved 1069056K
  class space    used 2395K, capacity 2540K, committed 2560K, reserved 1048576K
Event: 21.740 GC heap after
Heap after GC invocations=15 (full 2):
 PSYoungGen      total 227328K, used 5184K [0x00000000eb900000, 0x00000000fcf00000, 0x0000000100000000)
  eden space 207872K, 0% used [0x00000000eb900000,0x00000000eb900000,0x00000000f8400000)
  from space 19456K, 26% used [0x00000000f8400000,0x00000000f8910000,0x00000000f9700000)
  to   space 18432K, 0% used [0x00000000fbd00000,0x00000000fbd00000,0x00000000fcf00000)
 ParOldGen       total 71168K, used 35874K [0x00000000c2a00000, 0x00000000c6f80000, 0x00000000eb900000)
  object space 71168K, 50% used [0x00000000c2a00000,0x00000000c4d08928,0x00000000c6f80000)
 Metaspace       used 21571K, capacity 22028K, committed 22272K, reserved 1069056K
  class space    used 2395K, capacity 2540K, committed 2560K, reserved 1048576K
}

