# JRE version: Java(TM) SE Runtime Environment (8.0_201-b09) (build 1.8.0_201-b09)
# Java VM: Java HotSpot(TM) 64-Bit Server VM (25.201-b09 mixed mode linux-amd64 compressed oops)
Heap:
 PSYoungGen      total 246272K, used 244264K [0x00000000eb900000, 0x00000000ff980000, 0x0000000100000000)
  eden space 235520K, 100% used [0x00000000eb900000,0x00000000f9f00000,0x00000000f9f00000)
  from space 10752K, 81% used [0x00000000f9f00000,0x00000000fa78a2d8,0x00000000fa980000)
  to   space 11264K, 0% used [0x00000000fee80000,0x00000000fee80000,0x00000000ff980000)
 ParOldGen       total 42496K, used 20764K [0x00000000c2a00000, 0x00000000c5380000, 0x00000000eb900000)
  object space 42496K, 48% used [0x00000000c2a00000,0x00000000c3e47378,0x00000000c5380000)
 Metaspace       used 13965K, capacity 14322K, committed 14592K, reserved 1062912K
  class space    used 1586K, capacity 1705K, committed 1792K, reserved 1048576K
GC Heap History (10 events):
Event: 140.344 GC heap before
{Heap before GC invocations=8 (full 1):
 PSYoungGen      total 62464K, used 62460K [0x00000000eb900000, 0x00000000f0300000, 0x0000000100000000)
  eden space 59904K, 100% used [0x00000000eb900000,0x00000000ef380000,0x00000000ef380000)
  from space 2560K, 99% used [0x00000000ef980000,0x00000000efbff110,0x00000000efc00000)
  to   space 6144K, 0% used [0x00000000ef380000,0x00000000ef380000,0x00000000ef980000)
 ParOldGen       total 42496K, used 8144K [0x00000000c2a00000, 0x00000000c5380000, 0x00000000eb900000)
  object space 42496K, 19% used [0x00000000c2a00000,0x00000000c31f41c8,0x00000000c5380000)
 Metaspace       used 13835K, capacity 14258K, committed 14592K, reserved 1062912K
  class space    used 1585K, capacity 1705K, committed 1792K, reserved 1048576K
Event: 140.427 GC heap after
Heap after GC invocations=8 (full 1):
 PSYoungGen      total 66048K, used 6140K [0x00000000eb900000, 0x00000000f3c00000, 0x0000000100000000)
  eden space 59904K, 0% used [0x00000000eb900000,0x00000000eb900000,0x00000000ef380000)
  from space 6144K, 99% used [0x00000000ef380000,0x00000000ef97f110,0x00000000ef980000)
  to   space 7168K, 0% used [0x00000000f3500000,0x00000000f3500000,0x00000000f3c00000)
 ParOldGen       total 42496K, used 8624K [0x00000000c2a00000, 0x00000000c5380000, 0x00000000eb900000)
  object space 42496K, 20% used [0x00000000c2a00000,0x00000000c326c268,0x00000000c5380000)
 Metaspace       used 13835K, capacity 14258K, committed 14592K, reserved 1062912K
  class space    used 1585K, capacity 1705K, committed 1792K, reserved 1048576K
}
Event: 141.051 GC heap before
{Heap before GC invocations=9 (full 1):
 PSYoungGen      total 66048K, used 66044K [0x00000000eb900000, 0x00000000f3c00000, 0x0000000100000000)
  eden space 59904K, 100% used [0x00000000eb900000,0x00000000ef380000,0x00000000ef380000)
  from space 6144K, 99% used [0x00000000ef380000,0x00000000ef97f110,0x00000000ef980000)
  to   space 7168K, 0% used [0x00000000f3500000,0x00000000f3500000,0x00000000f3c00000)
 ParOldGen       total 42496K, used 8624K [0x00000000c2a00000, 0x00000000c5380000, 0x00000000eb900000)
  object space 42496K, 20% used [0x00000000c2a00000,0x00000000c326c268,0x00000000c5380000)
 Metaspace       used 13855K, capacity 14258K, committed 14592K, reserved 1062912K
  class space    used 1586K, capacity 1705K, committed 1792K, reserved 1048576K
Event: 141.070 GC heap after
Heap after GC invocations=9 (full 1):
 PSYoungGen      total 126464K, used 6592K [0x00000000eb900000, 0x00000000f3d00000, 0x0000000100000000)
  eden space 119296K, 0% used [0x00000000eb900000,0x00000000eb900000,0x00000000f2d80000)
  from space 7168K, 91% used [0x00000000f3500000,0x00000000f3b70000,0x00000000f3c00000)
  to   space 7680K, 0% used [0x00000000f2d80000,0x00000000f2d80000,0x00000000f3500000)
 ParOldGen       total 42496K, used 9716K [0x00000000c2a00000, 0x00000000c5380000, 0x00000000eb900000)
  object space 42496K, 22% used [0x00000000c2a00000,0x00000000c337d388,0x00000000c5380000)
 Metaspace       used 13855K, capacity 14258K, committed 14592K, reserved 1062912K
  class space    used 1586K, capacity 1705K, committed 1792K, reserved 1048576K
}
Event: 142.318 GC heap before
{Heap before GC invocations=10 (full 1):
 PSYoungGen      total 126464K, used 125888K [0x00000000eb900000, 0x00000000f3d00000, 0x0000000100000000)
  eden space 119296K, 100% used [0x00000000eb900000,0x00000000f2d80000,0x00000000f2d80000)
  from space 7168K, 91% used [0x00000000f3500000,0x00000000f3b70000,0x00000000f3c00000)
  to   space 7680K, 0% used [0x00000000f2d80000,0x00000000f2d80000,0x00000000f3500000)
 ParOldGen       total 42496K, used 9716K [0x00000000c2a00000, 0x00000000c5380000, 0x00000000eb900000)
  object space 42496K, 22% used [0x00000000c2a00000,0x00000000c337d388,0x00000000c5380000)
 Metaspace       used 13887K, capacity 14258K, committed 14592K, reserved 1062912K
  class space    used 1586K, capacity 1705K, committed 1792K, reserved 1048576K
Event: 142.362 GC heap after
Heap after GC invocations=10 (full 1):
 PSYoungGen      total 126976K, used 7680K [0x00000000eb900000, 0x00000000fb600000, 0x0000000100000000)
  eden space 119296K, 0% used [0x00000000eb900000,0x00000000eb900000,0x00000000f2d80000)
  from space 7680K, 100% used [0x00000000f2d80000,0x00000000f3500000,0x00000000f3500000)
  to   space 10240K, 0% used [0x00000000fac00000,0x00000000fac00000,0x00000000fb600000)
 ParOldGen       total 42496K, used 13025K [0x00000000c2a00000, 0x00000000c5380000, 0x00000000eb900000)
  object space 42496K, 30% used [0x00000000c2a00000,0x00000000c36b8468,0x00000000c5380000)
 Metaspace       used 13887K, capacity 14258K, committed 14592K, reserved 1062912K
  class space    used 1586K, capacity 1705K, committed 1792K, reserved 1048576K
}
Event: 142.965 GC heap before
{Heap before GC invocations=11 (full 1):
 PSYoungGen      total 126976K, used 126976K [0x00000000eb900000, 0x00000000fb600000, 0x0000000100000000)
  eden space 119296K, 100% used [0x00000000eb900000,0x00000000f2d80000,0x00000000f2d80000)
  from space 7680K, 100% used [0x00000000f2d80000,0x00000000f3500000,0x00000000f3500000)
  to   space 10240K, 0% used [0x00000000fac00000,0x00000000fac00000,0x00000000fb600000)
 ParOldGen       total 42496K, used 13025K [0x00000000c2a00000, 0x00000000c5380000, 0x00000000eb900000)
  object space 42496K, 30% used [0x00000000c2a00000,0x00000000c36b8468,0x00000000c5380000)
 Metaspace       used 13907K, capacity 14322K, committed 14592K, reserved 1062912K
  class space    used 1586K, capacity 1705K, committed 1792K, reserved 1048576K
Event: 142.998 GC heap after
Heap after GC invocations=11 (full 1):
 PSYoungGen      total 199168K, used 7744K [0x00000000eb900000, 0x00000000fb400000, 0x0000000100000000)
  eden space 190976K, 0% used [0x00000000eb900000,0x00000000eb900000,0x00000000f7380000)
  from space 8192K, 94% used [0x00000000fac00000,0x00000000fb390020,0x00000000fb400000)
  to   space 10752K, 0% used [0x00000000f9f00000,0x00000000f9f00000,0x00000000fa980000)
 ParOldGen       total 42496K, used 16628K [0x00000000c2a00000, 0x00000000c5380000, 0x00000000eb900000)
  object space 42496K, 39% used [0x00000000c2a00000,0x00000000c3a3d238,0x00000000c5380000)
 Metaspace       used 13907K, capacity 14322K, committed 14592K, reserved 1062912K
  class space    used 1586K, capacity 1705K, committed 1792K, reserved 1048576K
}
Event: 144.767 GC heap before
{Heap before GC invocations=12 (full 1):
 PSYoungGen      total 199168K, used 198720K [0x00000000eb900000, 0x00000000fb400000, 0x0000000100000000)
  eden space 190976K, 100% used [0x00000000eb900000,0x00000000f7380000,0x00000000f7380000)
  from space 8192K, 94% used [0x00000000fac00000,0x00000000fb390020,0x00000000fb400000)
  to   space 10752K, 0% used [0x00000000f9f00000,0x00000000f9f00000,0x00000000fa980000)
 ParOldGen       total 42496K, used 16628K [0x00000000c2a00000, 0x00000000c5380000, 0x00000000eb900000)
  object space 42496K, 39% used [0x00000000c2a00000,0x00000000c3a3d238,0x00000000c5380000)
 Metaspace       used 13943K, capacity 14322K, committed 14592K, reserved 1062912K
  class space    used 1586K, capacity 1705K, committed 1792K, reserved 1048576K
Event: 144.806 GC heap after
Heap after GC invocations=12 (full 1):
 PSYoungGen      total 246272K, used 8744K [0x00000000eb900000, 0x00000000ff980000, 0x0000000100000000)
  eden space 235520K, 0% used [0x00000000eb900000,0x00000000eb900000,0x00000000f9f00000)
  from space 10752K, 81% used [0x00000000f9f00000,0x00000000fa78a2d8,0x00000000fa980000)
  to   space 11264K, 0% used [0x00000000fee80000,0x00000000fee80000,0x00000000ff980000)
 ParOldGen       total 42496K, used 20764K [0x00000000c2a00000, 0x00000000c5380000, 0x00000000eb900000)
  object space 42496K, 48% used [0x00000000c2a00000,0x00000000c3e47378,0x00000000c5380000)
 Metaspace       used 13943K, capacity 14322K, committed 14592K, reserved 1062912K
  class space    used 1586K, capacity 1705K, committed 1792K, reserved 1048576K
}

