# JRE version: Java(TM) SE Runtime Environment (8.0_201-b09) (build 1.8.0_201-b09)
# Java VM: Java HotSpot(TM) 64-Bit Server VM (25.201-b09 mixed mode linux-amd64 compressed oops)
Heap:
 PSYoungGen      total 126464K, used 5232K [0x00000000eb900000, 0x00000000f3a00000, 0x0000000100000000)
  eden space 120832K, 0% used [0x00000000eb900000,0x00000000eb900000,0x00000000f2f00000)
  from space 5632K, 92% used [0x00000000f2f00000,0x00000000f341c1e0,0x00000000f3480000)
  to   space 5632K, 0% used [0x00000000f3480000,0x00000000f3480000,0x00000000f3a00000)
 ParOldGen       total 42496K, used 11480K [0x00000000c2a00000, 0x00000000c5380000, 0x00000000eb900000)
  object space 42496K, 27% used [0x00000000c2a00000,0x00000000c35361b0,0x00000000c5380000)
 Metaspace       used 13971K, capacity 14334K, committed 14592K, reserved 1062912K
  class space    used 1594K, capacity 1707K, committed 1792K, reserved 1048576K
GC Heap History (10 events):
Event: 72.108 GC heap after
Heap after GC invocations=5 (full 1):
 PSYoungGen      total 34304K, used 2560K [0x00000000eb900000, 0x00000000efc00000, 0x0000000100000000)
  eden space 31744K, 0% used [0x00000000eb900000,0x00000000eb900000,0x00000000ed800000)
  from space 2560K, 100% used [0x00000000eda80000,0x00000000edd00000,0x00000000edd00000)
  to   space 2560K, 0% used [0x00000000ed800000,0x00000000ed800000,0x00000000eda80000)
 ParOldGen       total 42496K, used 6280K [0x00000000c2a00000, 0x00000000c5380000, 0x00000000eb900000)
  object space 42496K, 14% used [0x00000000c2a00000,0x00000000c30221b0,0x00000000c5380000)
 Metaspace       used 13831K, capacity 14206K, committed 14336K, reserved 1062912K
  class space    used 1594K, capacity 1707K, committed 1792K, reserved 1048576K
}
Event: 73.240 GC heap before
{Heap before GC invocations=6 (full 1):
 PSYoungGen      total 34304K, used 34304K [0x00000000eb900000, 0x00000000efc00000, 0x0000000100000000)
  eden space 31744K, 100% used [0x00000000eb900000,0x00000000ed800000,0x00000000ed800000)
  from space 2560K, 100% used [0x00000000eda80000,0x00000000edd00000,0x00000000edd00000)
  to   space 2560K, 0% used [0x00000000ed800000,0x00000000ed800000,0x00000000eda80000)
 ParOldGen       total 42496K, used 6280K [0x00000000c2a00000, 0x00000000c5380000, 0x00000000eb900000)
  object space 42496K, 14% used [0x00000000c2a00000,0x00000000c30221b0,0x00000000c5380000)
 Metaspace       used 13873K, capacity 14270K, committed 14592K, reserved 1062912K
  class space    used 1594K, capacity 1707K, committed 1792K, reserved 1048576K
Event: 73.255 GC heap after
Heap after GC invocations=6 (full 1):
 PSYoungGen      total 34304K, used 2560K [0x00000000eb900000, 0x00000000efc00000, 0x0000000100000000)
  eden space 31744K, 0% used [0x00000000eb900000,0x00000000eb900000,0x00000000ed800000)
  from space 2560K, 100% used [0x00000000ed800000,0x00000000eda80000,0x00000000eda80000)
  to   space 2560K, 0% used [0x00000000ef980000,0x00000000ef980000,0x00000000efc00000)
 ParOldGen       total 42496K, used 7842K [0x00000000c2a00000, 0x00000000c5380000, 0x00000000eb900000)
  object space 42496K, 18% used [0x00000000c2a00000,0x00000000c31a8900,0x00000000c5380000)
 Metaspace       used 13873K, capacity 14270K, committed 14592K, reserved 1062912K
  class space    used 1594K, capacity 1707K, committed 1792K, reserved 1048576K
}
Event: 74.046 GC heap before
{Heap before GC invocations=7 (full 1):
 PSYoungGen      total 34304K, used 34304K [0x00000000eb900000, 0x00000000efc00000, 0x0000000100000000)
  eden space 31744K, 100% used [0x00000000eb900000,0x00000000ed800000,0x00000000ed800000)
  from space 2560K, 100% used [0x00000000ed800000,0x00000000eda80000,0x00000000eda80000)
  to   space 2560K, 0% used [0x00000000ef980000,0x00000000ef980000,0x00000000efc00000)
 ParOldGen       total 42496K, used 7842K [0x00000000c2a00000, 0x00000000c5380000, 0x00000000eb900000)
  object space 42496K, 18% used [0x00000000c2a00000,0x00000000c31a8900,0x00000000c5380000)
 Metaspace       used 13891K, capacity 14270K, committed 14592K, reserved 1062912K
  class space    used 1594K, capacity 1707K, committed 1792K, reserved 1048576K
Event: 74.068 GC heap after
Heap after GC invocations=7 (full 1):
 PSYoungGen      total 62976K, used 2532K [0x00000000eb900000, 0x00000000f0200000, 0x0000000100000000)
  eden space 60416K, 0% used [0x00000000eb900000,0x00000000eb900000,0x00000000ef400000)
  from space 2560K, 98% used [0x00000000ef980000,0x00000000efbf9130,0x00000000efc00000)
  to   space 5632K, 0% used [0x00000000ef400000,0x00000000ef400000,0x00000000ef980000)
 ParOldGen       total 42496K, used 9828K [0x00000000c2a00000, 0x00000000c5380000, 0x00000000eb900000)
  object space 42496K, 23% used [0x00000000c2a00000,0x00000000c3399000,0x00000000c5380000)
 Metaspace       used 13891K, capacity 14270K, committed 14592K, reserved 1062912K
  class space    used 1594K, capacity 1707K, committed 1792K, reserved 1048576K
}
Event: 75.314 GC heap before
{Heap before GC invocations=8 (full 1):
 PSYoungGen      total 62976K, used 62948K [0x00000000eb900000, 0x00000000f0200000, 0x0000000100000000)
  eden space 60416K, 100% used [0x00000000eb900000,0x00000000ef400000,0x00000000ef400000)
  from space 2560K, 98% used [0x00000000ef980000,0x00000000efbf9130,0x00000000efc00000)
  to   space 5632K, 0% used [0x00000000ef400000,0x00000000ef400000,0x00000000ef980000)
 ParOldGen       total 42496K, used 9828K [0x00000000c2a00000, 0x00000000c5380000, 0x00000000eb900000)
  object space 42496K, 23% used [0x00000000c2a00000,0x00000000c3399000,0x00000000c5380000)
 Metaspace       used 13926K, capacity 14334K, committed 14592K, reserved 1062912K
  class space    used 1594K, capacity 1707K, committed 1792K, reserved 1048576K
Event: 75.334 GC heap after
Heap after GC invocations=8 (full 1):
 PSYoungGen      total 66048K, used 3492K [0x00000000eb900000, 0x00000000f3a00000, 0x0000000100000000)
  eden space 60416K, 0% used [0x00000000eb900000,0x00000000eb900000,0x00000000ef400000)
  from space 5632K, 62% used [0x00000000ef400000,0x00000000ef769190,0x00000000ef980000)
  to   space 5632K, 0% used [0x00000000f3480000,0x00000000f3480000,0x00000000f3a00000)
 ParOldGen       total 42496K, used 9828K [0x00000000c2a00000, 0x00000000c5380000, 0x00000000eb900000)
  object space 42496K, 23% used [0x00000000c2a00000,0x00000000c3399000,0x00000000c5380000)
 Metaspace       used 13926K, capacity 14334K, committed 14592K, reserved 1062912K
  class space    used 1594K, capacity 1707K, committed 1792K, reserved 1048576K
}
Event: 76.224 GC heap before
{Heap before GC invocations=9 (full 1):
 PSYoungGen      total 66048K, used 63908K [0x00000000eb900000, 0x00000000f3a00000, 0x0000000100000000)
  eden space 60416K, 100% used [0x00000000eb900000,0x00000000ef400000,0x00000000ef400000)
  from space 5632K, 62% used [0x00000000ef400000,0x00000000ef769190,0x00000000ef980000)
  to   space 5632K, 0% used [0x00000000f3480000,0x00000000f3480000,0x00000000f3a00000)
 ParOldGen       total 42496K, used 9828K [0x00000000c2a00000, 0x00000000c5380000, 0x00000000eb900000)
  object space 42496K, 23% used [0x00000000c2a00000,0x00000000c3399000,0x00000000c5380000)
 Metaspace       used 13945K, capacity 14334K, committed 14592K, reserved 1062912K
  class space    used 1594K, capacity 1707K, committed 1792K, reserved 1048576K
Event: 76.244 GC heap after
Heap after GC invocations=9 (full 1):
 PSYoungGen      total 126464K, used 4368K [0x00000000eb900000, 0x00000000f3a00000, 0x0000000100000000)
  eden space 120832K, 0% used [0x00000000eb900000,0x00000000eb900000,0x00000000f2f00000)
  from space 5632K, 77% used [0x00000000f3480000,0x00000000f38c4020,0x00000000f3a00000)
  to   space 5632K, 0% used [0x00000000f2f00000,0x00000000f2f00000,0x00000000f3480000)
 ParOldGen       total 42496K, used 10424K [0x00000000c2a00000, 0x00000000c5380000, 0x00000000eb900000)
  object space 42496K, 24% used [0x00000000c2a00000,0x00000000c342e170,0x00000000c5380000)
 Metaspace       used 13945K, capacity 14334K, committed 14592K, reserved 1062912K
  class space    used 1594K, capacity 1707K, committed 1792K, reserved 1048576K
}
Event: 79.113 GC heap before
{Heap before GC invocations=10 (full 1):
 PSYoungGen      total 126464K, used 125200K [0x00000000eb900000, 0x00000000f3a00000, 0x0000000100000000)
  eden space 120832K, 100% used [0x00000000eb900000,0x00000000f2f00000,0x00000000f2f00000)
  from space 5632K, 77% used [0x00000000f3480000,0x00000000f38c4020,0x00000000f3a00000)
  to   space 5632K, 0% used [0x00000000f2f00000,0x00000000f2f00000,0x00000000f3480000)
 ParOldGen       total 42496K, used 10424K [0x00000000c2a00000, 0x00000000c5380000, 0x00000000eb900000)
  object space 42496K, 24% used [0x00000000c2a00000,0x00000000c342e170,0x00000000c5380000)
 Metaspace       used 13971K, capacity 14334K, committed 14592K, reserved 1062912K
  class space    used 1594K, capacity 1707K, committed 1792K, reserved 1048576K

