# JRE version: Java(TM) SE Runtime Environment (8.0_201-b09) (build 1.8.0_201-b09)
# Java VM: Java HotSpot(TM) 64-Bit Server VM (25.201-b09 mixed mode linux-amd64 compressed oops)
Heap:
 PSYoungGen      total 268800K, used 8024K [0x00000000eb900000, 0x0000000100000000, 0x0000000100000000)
  eden space 234496K, 0% used [0x00000000eb900000,0x00000000eb900000,0x00000000f9e00000)
  from space 34304K, 23% used [0x00000000f9e00000,0x00000000fa5d61e0,0x00000000fbf80000)
  to   space 37376K, 0% used [0x00000000fdb80000,0x00000000fdb80000,0x0000000100000000)
 ParOldGen       total 73728K, used 73286K [0x00000000c2a00000, 0x00000000c7200000, 0x00000000eb900000)
  object space 73728K, 99% used [0x00000000c2a00000,0x00000000c7191980,0x00000000c7200000)
 Metaspace       used 25714K, capacity 26420K, committed 26752K, reserved 1073152K
  class space    used 2932K, capacity 3126K, committed 3200K, reserved 1048576K
GC Heap History (10 events):
Event: 20.264 GC heap after
Heap after GC invocations=13 (full 2):
 PSYoungGen      total 179712K, used 11613K [0x00000000eb900000, 0x00000000fb300000, 0x0000000100000000)
  eden space 167936K, 0% used [0x00000000eb900000,0x00000000eb900000,0x00000000f5d00000)
  from space 11776K, 98% used [0x00000000f9a00000,0x00000000fa557778,0x00000000fa580000)
  to   space 13824K, 0% used [0x00000000fa580000,0x00000000fa580000,0x00000000fb300000)
 ParOldGen       total 73728K, used 37492K [0x00000000c2a00000, 0x00000000c7200000, 0x00000000eb900000)
  object space 73728K, 50% used [0x00000000c2a00000,0x00000000c4e9d0e0,0x00000000c7200000)
 Metaspace       used 22213K, capacity 22626K, committed 22784K, reserved 1069056K
  class space    used 2405K, capacity 2541K, committed 2560K, reserved 1048576K
}
Event: 23.228 GC heap before
{Heap before GC invocations=14 (full 2):
 PSYoungGen      total 179712K, used 179549K [0x00000000eb900000, 0x00000000fb300000, 0x0000000100000000)
  eden space 167936K, 100% used [0x00000000eb900000,0x00000000f5d00000,0x00000000f5d00000)
  from space 11776K, 98% used [0x00000000f9a00000,0x00000000fa557778,0x00000000fa580000)
  to   space 13824K, 0% used [0x00000000fa580000,0x00000000fa580000,0x00000000fb300000)
 ParOldGen       total 73728K, used 37492K [0x00000000c2a00000, 0x00000000c7200000, 0x00000000eb900000)
  object space 73728K, 50% used [0x00000000c2a00000,0x00000000c4e9d0e0,0x00000000c7200000)
 Metaspace       used 22767K, capacity 23356K, committed 23424K, reserved 1071104K
  class space    used 2450K, capacity 2626K, committed 2688K, reserved 1048576K
Event: 23.307 GC heap after
Heap after GC invocations=14 (full 2):
 PSYoungGen      total 214016K, used 13814K [0x00000000eb900000, 0x00000000fb300000, 0x0000000100000000)
  eden space 200192K, 0% used [0x00000000eb900000,0x00000000eb900000,0x00000000f7c80000)
  from space 13824K, 99% used [0x00000000fa580000,0x00000000fb2fd8c0,0x00000000fb300000)
  to   space 21504K, 0% used [0x00000000f8900000,0x00000000f8900000,0x00000000f9e00000)
 ParOldGen       total 73728K, used 41586K [0x00000000c2a00000, 0x00000000c7200000, 0x00000000eb900000)
  object space 73728K, 56% used [0x00000000c2a00000,0x00000000c529c8a0,0x00000000c7200000)
 Metaspace       used 22767K, capacity 23356K, committed 23424K, reserved 1071104K
  class space    used 2450K, capacity 2626K, committed 2688K, reserved 1048576K
}
Event: 33.215 GC heap before
{Heap before GC invocations=15 (full 2):
 PSYoungGen      total 214016K, used 214006K [0x00000000eb900000, 0x00000000fb300000, 0x0000000100000000)
  eden space 200192K, 100% used [0x00000000eb900000,0x00000000f7c80000,0x00000000f7c80000)
  from space 13824K, 99% used [0x00000000fa580000,0x00000000fb2fd8c0,0x00000000fb300000)
  to   space 21504K, 0% used [0x00000000f8900000,0x00000000f8900000,0x00000000f9e00000)
 ParOldGen       total 73728K, used 41586K [0x00000000c2a00000, 0x00000000c7200000, 0x00000000eb900000)
  object space 73728K, 56% used [0x00000000c2a00000,0x00000000c529c8a0,0x00000000c7200000)
 Metaspace       used 24874K, capacity 25592K, committed 25856K, reserved 1073152K
  class space    used 2773K, capacity 2988K, committed 3072K, reserved 1048576K
Event: 33.520 GC heap after
Heap after GC invocations=15 (full 2):
 PSYoungGen      total 234496K, used 21488K [0x00000000eb900000, 0x00000000fda80000, 0x0000000100000000)
  eden space 212992K, 0% used [0x00000000eb900000,0x00000000eb900000,0x00000000f8900000)
  from space 21504K, 99% used [0x00000000f8900000,0x00000000f9dfc030,0x00000000f9e00000)
  to   space 27648K, 0% used [0x00000000fbf80000,0x00000000fbf80000,0x00000000fda80000)
 ParOldGen       total 73728K, used 48868K [0x00000000c2a00000, 0x00000000c7200000, 0x00000000eb900000)
  object space 73728K, 66% used [0x00000000c2a00000,0x00000000c59b9248,0x00000000c7200000)
 Metaspace       used 24874K, capacity 25592K, committed 25856K, reserved 1073152K
  class space    used 2773K, capacity 2988K, committed 3072K, reserved 1048576K
}
Event: 38.934 GC heap before
{Heap before GC invocations=16 (full 2):
 PSYoungGen      total 234496K, used 234480K [0x00000000eb900000, 0x00000000fda80000, 0x0000000100000000)
  eden space 212992K, 100% used [0x00000000eb900000,0x00000000f8900000,0x00000000f8900000)
  from space 21504K, 99% used [0x00000000f8900000,0x00000000f9dfc030,0x00000000f9e00000)
  to   space 27648K, 0% used [0x00000000fbf80000,0x00000000fbf80000,0x00000000fda80000)
 ParOldGen       total 73728K, used 48868K [0x00000000c2a00000, 0x00000000c7200000, 0x00000000eb900000)
  object space 73728K, 66% used [0x00000000c2a00000,0x00000000c59b9248,0x00000000c7200000)
 Metaspace       used 25632K, capacity 26344K, committed 26496K, reserved 1073152K
  class space    used 2931K, capacity 3124K, committed 3200K, reserved 1048576K
Event: 39.199 GC heap after
Heap after GC invocations=16 (full 2):
 PSYoungGen      total 262144K, used 27632K [0x00000000eb900000, 0x00000000ffd00000, 0x0000000100000000)
  eden space 234496K, 0% used [0x00000000eb900000,0x00000000eb900000,0x00000000f9e00000)
  from space 27648K, 99% used [0x00000000fbf80000,0x00000000fda7c010,0x00000000fda80000)
  to   space 34304K, 0% used [0x00000000f9e00000,0x00000000f9e00000,0x00000000fbf80000)
 ParOldGen       total 73728K, used 55587K [0x00000000c2a00000, 0x00000000c7200000, 0x00000000eb900000)
  object space 73728K, 75% used [0x00000000c2a00000,0x00000000c6048d38,0x00000000c7200000)
 Metaspace       used 25632K, capacity 26344K, committed 26496K, reserved 1073152K
  class space    used 2931K, capacity 3124K, committed 3200K, reserved 1048576K
}
Event: 43.995 GC heap before
{Heap before GC invocations=17 (full 2):
 PSYoungGen      total 262144K, used 262128K [0x00000000eb900000, 0x00000000ffd00000, 0x0000000100000000)
  eden space 234496K, 100% used [0x00000000eb900000,0x00000000f9e00000,0x00000000f9e00000)
  from space 27648K, 99% used [0x00000000fbf80000,0x00000000fda7c010,0x00000000fda80000)
  to   space 34304K, 0% used [0x00000000f9e00000,0x00000000f9e00000,0x00000000fbf80000)
 ParOldGen       total 73728K, used 55587K [0x00000000c2a00000, 0x00000000c7200000, 0x00000000eb900000)
  object space 73728K, 75% used [0x00000000c2a00000,0x00000000c6048d38,0x00000000c7200000)
 Metaspace       used 25714K, capacity 26420K, committed 26752K, reserved 1073152K
  class space    used 2932K, capacity 3126K, committed 3200K, reserved 1048576K
Event: 44.140 GC heap after
Heap after GC invocations=17 (full 2):
 PSYoungGen      total 268800K, used 26656K [0x00000000eb900000, 0x0000000100000000, 0x0000000100000000)
  eden space 234496K, 0% used [0x00000000eb900000,0x00000000eb900000,0x00000000f9e00000)
  from space 34304K, 77% used [0x00000000f9e00000,0x00000000fb808000,0x00000000fbf80000)
  to   space 37376K, 0% used [0x00000000fdb80000,0x00000000fdb80000,0x0000000100000000)
 ParOldGen       total 73728K, used 67889K [0x00000000c2a00000, 0x00000000c7200000, 0x00000000eb900000)
  object space 73728K, 92% used [0x00000000c2a00000,0x00000000c6c4c448,0x00000000c7200000)
 Metaspace       used 25714K, capacity 26420K, committed 26752K, reserved 1073152K
  class space    used 2932K, capacity 3126K, committed 3200K, reserved 1048576K
}
Event: 44.140 GC heap before
{Heap before GC invocations=18 (full 3):
 PSYoungGen      total 268800K, used 26656K [0x00000000eb900000, 0x0000000100000000, 0x0000000100000000)
  eden space 234496K, 0% used [0x00000000eb900000,0x00000000eb900000,0x00000000f9e00000)
  from space 34304K, 77% used [0x00000000f9e00000,0x00000000fb808000,0x00000000fbf80000)
  to   space 37376K, 0% used [0x00000000fdb80000,0x00000000fdb80000,0x0000000100000000)
 ParOldGen       total 73728K, used 67889K [0x00000000c2a00000, 0x00000000c7200000, 0x00000000eb900000)
  object space 73728K, 92% used [0x00000000c2a00000,0x00000000c6c4c448,0x00000000c7200000)
 Metaspace       used 25714K, capacity 26420K, committed 26752K, reserved 1073152K
  class space    used 2932K, capacity 3126K, committed 3200K, reserved 1048576K

