# JRE version: Java(TM) SE Runtime Environment (8.0_201-b09) (build 1.8.0_201-b09)
# Java VM: Java HotSpot(TM) 64-Bit Server VM (25.201-b09 mixed mode linux-amd64 compressed oops)
Heap:
 PSYoungGen      total 32256K, used 15179K [0x00000000eb900000, 0x00000000ee100000, 0x0000000100000000)
  eden space 29696K, 42% used [0x00000000eb900000,0x00000000ec557f50,0x00000000ed600000)
  from space 2560K, 99% used [0x00000000eda80000,0x00000000edcfb020,0x00000000edd00000)
  to   space 4608K, 0% used [0x00000000ed600000,0x00000000ed600000,0x00000000eda80000)
 ParOldGen       total 42496K, used 5423K [0x00000000c2a00000, 0x00000000c5380000, 0x00000000eb900000)
  object space 42496K, 12% used [0x00000000c2a00000,0x00000000c2f4bec8,0x00000000c5380000)
 Metaspace       used 14783K, capacity 15318K, committed 15488K, reserved 1062912K
  class space    used 1670K, capacity 1813K, committed 1920K, reserved 1048576K
GC Heap History (10 events):
Event: 2.148 GC heap before
{Heap before GC invocations=3 (full 1):
 PSYoungGen      total 18432K, used 2560K [0x00000000eb900000, 0x00000000ecd80000, 0x0000000100000000)
  eden space 15872K, 0% used [0x00000000eb900000,0x00000000eb900000,0x00000000ec880000)
  from space 2560K, 100% used [0x00000000ecb00000,0x00000000ecd80000,0x00000000ecd80000)
  to   space 2560K, 0% used [0x00000000ec880000,0x00000000ec880000,0x00000000ecb00000)
 ParOldGen       total 42496K, used 1645K [0x00000000c2a00000, 0x00000000c5380000, 0x00000000eb900000)
  object space 42496K, 3% used [0x00000000c2a00000,0x00000000c2b9b528,0x00000000c5380000)
 Metaspace       used 10185K, capacity 10348K, committed 10624K, reserved 1058816K
  class space    used 1230K, capacity 1319K, committed 1408K, reserved 1048576K
Event: 2.176 GC heap after
Heap after GC invocations=3 (full 1):
 PSYoungGen      total 18432K, used 0K [0x00000000eb900000, 0x00000000ecd80000, 0x0000000100000000)
  eden space 15872K, 0% used [0x00000000eb900000,0x00000000eb900000,0x00000000ec880000)
  from space 2560K, 0% used [0x00000000ecb00000,0x00000000ecb00000,0x00000000ecd80000)
  to   space 2560K, 0% used [0x00000000ec880000,0x00000000ec880000,0x00000000ecb00000)
 ParOldGen       total 42496K, used 2560K [0x00000000c2a00000, 0x00000000c5380000, 0x00000000eb900000)
  object space 42496K, 6% used [0x00000000c2a00000,0x00000000c2c802c0,0x00000000c5380000)
 Metaspace       used 10177K, capacity 10338K, committed 10624K, reserved 1058816K
  class space    used 1229K, capacity 1317K, committed 1408K, reserved 1048576K
}
Event: 28.809 GC heap before
{Heap before GC invocations=4 (full 1):
 PSYoungGen      total 18432K, used 15872K [0x00000000eb900000, 0x00000000ecd80000, 0x0000000100000000)
  eden space 15872K, 100% used [0x00000000eb900000,0x00000000ec880000,0x00000000ec880000)
  from space 2560K, 0% used [0x00000000ecb00000,0x00000000ecb00000,0x00000000ecd80000)
  to   space 2560K, 0% used [0x00000000ec880000,0x00000000ec880000,0x00000000ecb00000)
 ParOldGen       total 42496K, used 2560K [0x00000000c2a00000, 0x00000000c5380000, 0x00000000eb900000)
  object space 42496K, 6% used [0x00000000c2a00000,0x00000000c2c802c0,0x00000000c5380000)
 Metaspace       used 13447K, capacity 13850K, committed 14080K, reserved 1060864K
  class space    used 1580K, capacity 1701K, committed 1792K, reserved 1048576K
Event: 28.839 GC heap after
Heap after GC invocations=4 (full 1):
 PSYoungGen      total 18432K, used 2530K [0x00000000eb900000, 0x00000000ecd80000, 0x0000000100000000)
  eden space 15872K, 0% used [0x00000000eb900000,0x00000000eb900000,0x00000000ec880000)
  from space 2560K, 98% used [0x00000000ec880000,0x00000000ecaf88b8,0x00000000ecb00000)
  to   space 2560K, 0% used [0x00000000ecb00000,0x00000000ecb00000,0x00000000ecd80000)
 ParOldGen       total 42496K, used 3468K [0x00000000c2a00000, 0x00000000c5380000, 0x00000000eb900000)
  object space 42496K, 8% used [0x00000000c2a00000,0x00000000c2d63058,0x00000000c5380000)
 Metaspace       used 13447K, capacity 13850K, committed 14080K, reserved 1060864K
  class space    used 1580K, capacity 1701K, committed 1792K, reserved 1048576K
}
Event: 29.601 GC heap before
{Heap before GC invocations=5 (full 1):
 PSYoungGen      total 18432K, used 18402K [0x00000000eb900000, 0x00000000ecd80000, 0x0000000100000000)
  eden space 15872K, 100% used [0x00000000eb900000,0x00000000ec880000,0x00000000ec880000)
  from space 2560K, 98% used [0x00000000ec880000,0x00000000ecaf88b8,0x00000000ecb00000)
  to   space 2560K, 0% used [0x00000000ecb00000,0x00000000ecb00000,0x00000000ecd80000)
 ParOldGen       total 42496K, used 3468K [0x00000000c2a00000, 0x00000000c5380000, 0x00000000eb900000)
  object space 42496K, 8% used [0x00000000c2a00000,0x00000000c2d63058,0x00000000c5380000)
 Metaspace       used 13587K, capacity 13920K, committed 14080K, reserved 1060864K
  class space    used 1582K, capacity 1702K, committed 1792K, reserved 1048576K
Event: 29.637 GC heap after
Heap after GC invocations=5 (full 1):
 PSYoungGen      total 18432K, used 2208K [0x00000000eb900000, 0x00000000edd00000, 0x0000000100000000)
  eden space 15872K, 0% used [0x00000000eb900000,0x00000000eb900000,0x00000000ec880000)
  from space 2560K, 86% used [0x00000000ecb00000,0x00000000ecd28020,0x00000000ecd80000)
  to   space 2560K, 0% used [0x00000000ec880000,0x00000000ec880000,0x00000000ecb00000)
 ParOldGen       total 42496K, used 3468K [0x00000000c2a00000, 0x00000000c5380000, 0x00000000eb900000)
  object space 42496K, 8% used [0x00000000c2a00000,0x00000000c2d63058,0x00000000c5380000)
 Metaspace       used 13587K, capacity 13920K, committed 14080K, reserved 1060864K
  class space    used 1582K, capacity 1702K, committed 1792K, reserved 1048576K
}
Event: 33.340 GC heap before
{Heap before GC invocations=6 (full 1):
 PSYoungGen      total 18432K, used 18080K [0x00000000eb900000, 0x00000000edd00000, 0x0000000100000000)
  eden space 15872K, 100% used [0x00000000eb900000,0x00000000ec880000,0x00000000ec880000)
  from space 2560K, 86% used [0x00000000ecb00000,0x00000000ecd28020,0x00000000ecd80000)
  to   space 2560K, 0% used [0x00000000ec880000,0x00000000ec880000,0x00000000ecb00000)
 ParOldGen       total 42496K, used 3468K [0x00000000c2a00000, 0x00000000c5380000, 0x00000000eb900000)
  object space 42496K, 8% used [0x00000000c2a00000,0x00000000c2d63058,0x00000000c5380000)
 Metaspace       used 14442K, capacity 14918K, committed 15232K, reserved 1062912K
  class space    used 1647K, capacity 1801K, committed 1920K, reserved 1048576K
Event: 33.391 GC heap after
Heap after GC invocations=6 (full 1):
 PSYoungGen      total 18432K, used 2560K [0x00000000eb900000, 0x00000000edd00000, 0x0000000100000000)
  eden space 15872K, 0% used [0x00000000eb900000,0x00000000eb900000,0x00000000ec880000)
  from space 2560K, 100% used [0x00000000ec880000,0x00000000ecb00000,0x00000000ecb00000)
  to   space 2560K, 0% used [0x00000000eda80000,0x00000000eda80000,0x00000000edd00000)
 ParOldGen       total 42496K, used 4470K [0x00000000c2a00000, 0x00000000c5380000, 0x00000000eb900000)
  object space 42496K, 10% used [0x00000000c2a00000,0x00000000c2e5d9d0,0x00000000c5380000)
 Metaspace       used 14442K, capacity 14918K, committed 15232K, reserved 1062912K
  class space    used 1647K, capacity 1801K, committed 1920K, reserved 1048576K
}
Event: 41.216 GC heap before
{Heap before GC invocations=7 (full 1):
 PSYoungGen      total 18432K, used 18432K [0x00000000eb900000, 0x00000000edd00000, 0x0000000100000000)
  eden space 15872K, 100% used [0x00000000eb900000,0x00000000ec880000,0x00000000ec880000)
  from space 2560K, 100% used [0x00000000ec880000,0x00000000ecb00000,0x00000000ecb00000)
  to   space 2560K, 0% used [0x00000000eda80000,0x00000000eda80000,0x00000000edd00000)
 ParOldGen       total 42496K, used 4470K [0x00000000c2a00000, 0x00000000c5380000, 0x00000000eb900000)
  object space 42496K, 10% used [0x00000000c2a00000,0x00000000c2e5d9d0,0x00000000c5380000)
 Metaspace       used 14752K, capacity 15296K, committed 15488K, reserved 1062912K
  class space    used 1669K, capacity 1810K, committed 1920K, reserved 1048576K
Event: 41.229 GC heap after
Heap after GC invocations=7 (full 1):
 PSYoungGen      total 32256K, used 2540K [0x00000000eb900000, 0x00000000ee100000, 0x0000000100000000)
  eden space 29696K, 0% used [0x00000000eb900000,0x00000000eb900000,0x00000000ed600000)
  from space 2560K, 99% used [0x00000000eda80000,0x00000000edcfb020,0x00000000edd00000)
  to   space 4608K, 0% used [0x00000000ed600000,0x00000000ed600000,0x00000000eda80000)
 ParOldGen       total 42496K, used 5423K [0x00000000c2a00000, 0x00000000c5380000, 0x00000000eb900000)
  object space 42496K, 12% used [0x00000000c2a00000,0x00000000c2f4bec8,0x00000000c5380000)
 Metaspace       used 14752K, capacity 15296K, committed 15488K, reserved 1062912K
  class space    used 1669K, capacity 1810K, committed 1920K, reserved 1048576K
}

