# JRE version: Java(TM) SE Runtime Environment (8.0_201-b09) (build 1.8.0_201-b09)
# Java VM: Java HotSpot(TM) 64-Bit Server VM (25.201-b09 mixed mode linux-amd64 compressed oops)
Heap:
 PSYoungGen      total 65536K, used 6133K [0x00000000eb900000, 0x00000000eff00000, 0x0000000100000000)
  eden space 59392K, 0% used [0x00000000eb900000,0x00000000eb900000,0x00000000ef300000)
  from space 6144K, 99% used [0x00000000ef300000,0x00000000ef8fd610,0x00000000ef900000)
  to   space 6144K, 0% used [0x00000000ef900000,0x00000000ef900000,0x00000000eff00000)
 ParOldGen       total 42496K, used 18660K [0x00000000c2a00000, 0x00000000c5380000, 0x00000000eb900000)
  object space 42496K, 43% used [0x00000000c2a00000,0x00000000c3c39398,0x00000000c5380000)
 Metaspace       used 14436K, capacity 14872K, committed 15104K, reserved 1062912K
  class space    used 1625K, capacity 1738K, committed 1792K, reserved 1048576K
GC Heap History (10 events):
Event: 23.974 GC heap after
Heap after GC invocations=5 (full 1):
 PSYoungGen      total 18432K, used 2560K [0x00000000eb900000, 0x00000000ecd80000, 0x0000000100000000)
  eden space 15872K, 0% used [0x00000000eb900000,0x00000000eb900000,0x00000000ec880000)
  from space 2560K, 100% used [0x00000000ecb00000,0x00000000ecd80000,0x00000000ecd80000)
  to   space 2560K, 0% used [0x00000000ec880000,0x00000000ec880000,0x00000000ecb00000)
 ParOldGen       total 42496K, used 4906K [0x00000000c2a00000, 0x00000000c5380000, 0x00000000eb900000)
  object space 42496K, 11% used [0x00000000c2a00000,0x00000000c2ecabf0,0x00000000c5380000)
 Metaspace       used 13591K, capacity 13984K, committed 14080K, reserved 1060864K
  class space    used 1582K, capacity 1702K, committed 1792K, reserved 1048576K
}
Event: 24.408 GC heap before
{Heap before GC invocations=6 (full 1):
 PSYoungGen      total 18432K, used 18432K [0x00000000eb900000, 0x00000000ecd80000, 0x0000000100000000)
  eden space 15872K, 100% used [0x00000000eb900000,0x00000000ec880000,0x00000000ec880000)
  from space 2560K, 100% used [0x00000000ecb00000,0x00000000ecd80000,0x00000000ecd80000)
  to   space 2560K, 0% used [0x00000000ec880000,0x00000000ec880000,0x00000000ecb00000)
 ParOldGen       total 42496K, used 4906K [0x00000000c2a00000, 0x00000000c5380000, 0x00000000eb900000)
  object space 42496K, 11% used [0x00000000c2a00000,0x00000000c2ecabf0,0x00000000c5380000)
 Metaspace       used 13662K, capacity 14048K, committed 14336K, reserved 1062912K
  class space    used 1582K, capacity 1702K, committed 1792K, reserved 1048576K
Event: 24.430 GC heap after
Heap after GC invocations=6 (full 1):
 PSYoungGen      total 18432K, used 2560K [0x00000000eb900000, 0x00000000edd00000, 0x0000000100000000)
  eden space 15872K, 0% used [0x00000000eb900000,0x00000000eb900000,0x00000000ec880000)
  from space 2560K, 100% used [0x00000000ec880000,0x00000000ecb00000,0x00000000ecb00000)
  to   space 2560K, 0% used [0x00000000eda80000,0x00000000eda80000,0x00000000edd00000)
 ParOldGen       total 42496K, used 6119K [0x00000000c2a00000, 0x00000000c5380000, 0x00000000eb900000)
  object space 42496K, 14% used [0x00000000c2a00000,0x00000000c2ff9e70,0x00000000c5380000)
 Metaspace       used 13662K, capacity 14048K, committed 14336K, reserved 1062912K
  class space    used 1582K, capacity 1702K, committed 1792K, reserved 1048576K
}
Event: 24.842 GC heap before
{Heap before GC invocations=7 (full 1):
 PSYoungGen      total 18432K, used 18432K [0x00000000eb900000, 0x00000000edd00000, 0x0000000100000000)
  eden space 15872K, 100% used [0x00000000eb900000,0x00000000ec880000,0x00000000ec880000)
  from space 2560K, 100% used [0x00000000ec880000,0x00000000ecb00000,0x00000000ecb00000)
  to   space 2560K, 0% used [0x00000000eda80000,0x00000000eda80000,0x00000000edd00000)
 ParOldGen       total 42496K, used 6119K [0x00000000c2a00000, 0x00000000c5380000, 0x00000000eb900000)
  object space 42496K, 14% used [0x00000000c2a00000,0x00000000c2ff9e70,0x00000000c5380000)
 Metaspace       used 13719K, capacity 14118K, committed 14336K, reserved 1062912K
  class space    used 1583K, capacity 1703K, committed 1792K, reserved 1048576K
Event: 24.849 GC heap after
Heap after GC invocations=7 (full 1):
 PSYoungGen      total 32256K, used 2560K [0x00000000eb900000, 0x00000000ee100000, 0x0000000100000000)
  eden space 29696K, 0% used [0x00000000eb900000,0x00000000eb900000,0x00000000ed600000)
  from space 2560K, 100% used [0x00000000eda80000,0x00000000edd00000,0x00000000edd00000)
  to   space 4608K, 0% used [0x00000000ed600000,0x00000000ed600000,0x00000000eda80000)
 ParOldGen       total 42496K, used 7111K [0x00000000c2a00000, 0x00000000c5380000, 0x00000000eb900000)
  object space 42496K, 16% used [0x00000000c2a00000,0x00000000c30f1e48,0x00000000c5380000)
 Metaspace       used 13719K, capacity 14118K, committed 14336K, reserved 1062912K
  class space    used 1583K, capacity 1703K, committed 1792K, reserved 1048576K
}
Event: 26.026 GC heap before
{Heap before GC invocations=8 (full 1):
 PSYoungGen      total 32256K, used 32256K [0x00000000eb900000, 0x00000000ee100000, 0x0000000100000000)
  eden space 29696K, 100% used [0x00000000eb900000,0x00000000ed600000,0x00000000ed600000)
  from space 2560K, 100% used [0x00000000eda80000,0x00000000edd00000,0x00000000edd00000)
  to   space 4608K, 0% used [0x00000000ed600000,0x00000000ed600000,0x00000000eda80000)
 ParOldGen       total 42496K, used 7111K [0x00000000c2a00000, 0x00000000c5380000, 0x00000000eb900000)
  object space 42496K, 16% used [0x00000000c2a00000,0x00000000c30f1e48,0x00000000c5380000)
 Metaspace       used 14205K, capacity 14618K, committed 14848K, reserved 1062912K
  class space    used 1616K, capacity 1729K, committed 1792K, reserved 1048576K
Event: 26.066 GC heap after
Heap after GC invocations=8 (full 1):
 PSYoungGen      total 34304K, used 4608K [0x00000000eb900000, 0x00000000eff00000, 0x0000000100000000)
  eden space 29696K, 0% used [0x00000000eb900000,0x00000000eb900000,0x00000000ed600000)
  from space 4608K, 100% used [0x00000000ed600000,0x00000000eda80000,0x00000000eda80000)
  to   space 6144K, 0% used [0x00000000ef900000,0x00000000ef900000,0x00000000eff00000)
 ParOldGen       total 42496K, used 8931K [0x00000000c2a00000, 0x00000000c5380000, 0x00000000eb900000)
  object space 42496K, 21% used [0x00000000c2a00000,0x00000000c32b8ef8,0x00000000c5380000)
 Metaspace       used 14205K, capacity 14618K, committed 14848K, reserved 1062912K
  class space    used 1616K, capacity 1729K, committed 1792K, reserved 1048576K
}
Event: 61.797 GC heap before
{Heap before GC invocations=9 (full 1):
 PSYoungGen      total 34304K, used 34304K [0x00000000eb900000, 0x00000000eff00000, 0x0000000100000000)
  eden space 29696K, 100% used [0x00000000eb900000,0x00000000ed600000,0x00000000ed600000)
  from space 4608K, 100% used [0x00000000ed600000,0x00000000eda80000,0x00000000eda80000)
  to   space 6144K, 0% used [0x00000000ef900000,0x00000000ef900000,0x00000000eff00000)
 ParOldGen       total 42496K, used 8931K [0x00000000c2a00000, 0x00000000c5380000, 0x00000000eb900000)
  object space 42496K, 21% used [0x00000000c2a00000,0x00000000c32b8ef8,0x00000000c5380000)
 Metaspace       used 14329K, capacity 14790K, committed 14848K, reserved 1062912K
  class space    used 1622K, capacity 1735K, committed 1792K, reserved 1048576K
Event: 61.909 GC heap after
Heap after GC invocations=9 (full 1):
 PSYoungGen      total 65536K, used 4725K [0x00000000eb900000, 0x00000000eff00000, 0x0000000100000000)
  eden space 59392K, 0% used [0x00000000eb900000,0x00000000eb900000,0x00000000ef300000)
  from space 6144K, 76% used [0x00000000ef900000,0x00000000efd9d610,0x00000000eff00000)
  to   space 6144K, 0% used [0x00000000ef300000,0x00000000ef300000,0x00000000ef900000)
 ParOldGen       total 42496K, used 9715K [0x00000000c2a00000, 0x00000000c5380000, 0x00000000eb900000)
  object space 42496K, 22% used [0x00000000c2a00000,0x00000000c337cf48,0x00000000c5380000)
 Metaspace       used 14329K, capacity 14790K, committed 14848K, reserved 1062912K
  class space    used 1622K, capacity 1735K, committed 1792K, reserved 1048576K
}
Event: 78.385 GC heap before
{Heap before GC invocations=10 (full 1):
 PSYoungGen      total 65536K, used 64117K [0x00000000eb900000, 0x00000000eff00000, 0x0000000100000000)
  eden space 59392K, 100% used [0x00000000eb900000,0x00000000ef300000,0x00000000ef300000)
  from space 6144K, 76% used [0x00000000ef900000,0x00000000efd9d610,0x00000000eff00000)
  to   space 6144K, 0% used [0x00000000ef300000,0x00000000ef300000,0x00000000ef900000)
 ParOldGen       total 42496K, used 9715K [0x00000000c2a00000, 0x00000000c5380000, 0x00000000eb900000)
  object space 42496K, 22% used [0x00000000c2a00000,0x00000000c337cf48,0x00000000c5380000)
 Metaspace       used 14436K, capacity 14872K, committed 15104K, reserved 1062912K
  class space    used 1625K, capacity 1738K, committed 1792K, reserved 1048576K

