# JRE version: Java(TM) SE Runtime Environment (8.0_201-b09) (build 1.8.0_201-b09)
# Java VM: Java HotSpot(TM) 64-Bit Server VM (25.201-b09 mixed mode linux-amd64 compressed oops)
Heap:
 PSYoungGen      total 263168K, used 55141K [0x00000000eb900000, 0x0000000100000000, 0x0000000100000000)
  eden space 208896K, 0% used [0x00000000eb900000,0x00000000eb9dcc88,0x00000000f8500000)
  from space 54272K, 99% used [0x00000000fcb00000,0x00000000ffffc930,0x0000000100000000)
  to   space 62976K, 0% used [0x00000000f8500000,0x00000000f8500000,0x00000000fc280000)
 ParOldGen       total 152064K, used 100664K [0x00000000c2a00000, 0x00000000cbe80000, 0x00000000eb900000)
  object space 152064K, 66% used [0x00000000c2a00000,0x00000000c8c4e008,0x00000000cbe80000)
 Metaspace       used 30948K, capacity 31764K, committed 32128K, reserved 1077248K
  class space    used 3181K, capacity 3391K, committed 3456K, reserved 1048576K
GC Heap History (10 events):
Event: 137.130 GC heap before
{Heap before GC invocations=48 (full 4):
 PSYoungGen      total 285184K, used 284800K [0x00000000eb900000, 0x0000000100000000, 0x0000000100000000)
  eden space 251904K, 100% used [0x00000000eb900000,0x00000000faf00000,0x00000000faf00000)
  from space 33280K, 98% used [0x00000000faf00000,0x00000000fcf202e0,0x00000000fcf80000)
  to   space 43520K, 0% used [0x00000000fd580000,0x00000000fd580000,0x0000000100000000)
 ParOldGen       total 152064K, used 89227K [0x00000000c2a00000, 0x00000000cbe80000, 0x00000000eb900000)
  object space 152064K, 58% used [0x00000000c2a00000,0x00000000c8122d40,0x00000000cbe80000)
 Metaspace       used 24476K, capacity 25262K, committed 25600K, reserved 1073152K
  class space    used 2533K, capacity 2718K, committed 2816K, reserved 1048576K
Event: 137.166 GC heap after
Heap after GC invocations=48 (full 4):
 PSYoungGen      total 284160K, used 37823K [0x00000000eb900000, 0x0000000100000000, 0x0000000100000000)
  eden space 240640K, 0% used [0x00000000eb900000,0x00000000eb900000,0x00000000fa400000)
  from space 43520K, 86% used [0x00000000fd580000,0x00000000ffa6ff60,0x0000000100000000)
  to   space 47104K, 0% used [0x00000000fa400000,0x00000000fa400000,0x00000000fd200000)
 ParOldGen       total 152064K, used 89235K [0x00000000c2a00000, 0x00000000cbe80000, 0x00000000eb900000)
  object space 152064K, 58% used [0x00000000c2a00000,0x00000000c8124d40,0x00000000cbe80000)
 Metaspace       used 24476K, capacity 25262K, committed 25600K, reserved 1073152K
  class space    used 2533K, capacity 2718K, committed 2816K, reserved 1048576K
}
Event: 140.338 GC heap before
{Heap before GC invocations=49 (full 4):
 PSYoungGen      total 284160K, used 278463K [0x00000000eb900000, 0x0000000100000000, 0x0000000100000000)
  eden space 240640K, 100% used [0x00000000eb900000,0x00000000fa400000,0x00000000fa400000)
  from space 43520K, 86% used [0x00000000fd580000,0x00000000ffa6ff60,0x0000000100000000)
  to   space 47104K, 0% used [0x00000000fa400000,0x00000000fa400000,0x00000000fd200000)
 ParOldGen       total 152064K, used 89235K [0x00000000c2a00000, 0x00000000cbe80000, 0x00000000eb900000)
  object space 152064K, 58% used [0x00000000c2a00000,0x00000000c8124d40,0x00000000cbe80000)
 Metaspace       used 24476K, capacity 25262K, committed 25600K, reserved 1073152K
  class space    used 2533K, capacity 2718K, committed 2816K, reserved 1048576K
Event: 140.373 GC heap after
Heap after GC invocations=49 (full 4):
 PSYoungGen      total 280064K, used 39391K [0x00000000eb900000, 0x0000000100000000, 0x0000000100000000)
  eden space 240640K, 0% used [0x00000000eb900000,0x00000000eb900000,0x00000000fa400000)
  from space 39424K, 99% used [0x00000000fa400000,0x00000000fca77d20,0x00000000fca80000)
  to   space 50176K, 0% used [0x00000000fcf00000,0x00000000fcf00000,0x0000000100000000)
 ParOldGen       total 152064K, used 89235K [0x00000000c2a00000, 0x00000000cbe80000, 0x00000000eb900000)
  object space 152064K, 58% used [0x00000000c2a00000,0x00000000c8124d40,0x00000000cbe80000)
 Metaspace       used 24476K, capacity 25262K, committed 25600K, reserved 1073152K
  class space    used 2533K, capacity 2718K, committed 2816K, reserved 1048576K
}
Event: 144.622 GC heap before
{Heap before GC invocations=50 (full 4):
 PSYoungGen      total 280064K, used 280031K [0x00000000eb900000, 0x0000000100000000, 0x0000000100000000)
  eden space 240640K, 100% used [0x00000000eb900000,0x00000000fa400000,0x00000000fa400000)
  from space 39424K, 99% used [0x00000000fa400000,0x00000000fca77d20,0x00000000fca80000)
  to   space 50176K, 0% used [0x00000000fcf00000,0x00000000fcf00000,0x0000000100000000)
 ParOldGen       total 152064K, used 89235K [0x00000000c2a00000, 0x00000000cbe80000, 0x00000000eb900000)
  object space 152064K, 58% used [0x00000000c2a00000,0x00000000c8124d40,0x00000000cbe80000)
 Metaspace       used 25735K, capacity 26446K, committed 26752K, reserved 1073152K
  class space    used 2692K, capacity 2878K, committed 2944K, reserved 1048576K
Event: 144.697 GC heap after
Heap after GC invocations=50 (full 4):
 PSYoungGen      total 284672K, used 31273K [0x00000000eb900000, 0x0000000100000000, 0x0000000100000000)
  eden space 234496K, 0% used [0x00000000eb900000,0x00000000eb900000,0x00000000f9e00000)
  from space 50176K, 62% used [0x00000000fcf00000,0x00000000fed8a4c0,0x0000000100000000)
  to   space 50176K, 0% used [0x00000000f9e00000,0x00000000f9e00000,0x00000000fcf00000)
 ParOldGen       total 152064K, used 92019K [0x00000000c2a00000, 0x00000000cbe80000, 0x00000000eb900000)
  object space 152064K, 60% used [0x00000000c2a00000,0x00000000c83dcc98,0x00000000cbe80000)
 Metaspace       used 25735K, capacity 26446K, committed 26752K, reserved 1073152K
  class space    used 2692K, capacity 2878K, committed 2944K, reserved 1048576K
}
Event: 153.363 GC heap before
{Heap before GC invocations=51 (full 4):
 PSYoungGen      total 284672K, used 265769K [0x00000000eb900000, 0x0000000100000000, 0x0000000100000000)
  eden space 234496K, 100% used [0x00000000eb900000,0x00000000f9e00000,0x00000000f9e00000)
  from space 50176K, 62% used [0x00000000fcf00000,0x00000000fed8a4c0,0x0000000100000000)
  to   space 50176K, 0% used [0x00000000f9e00000,0x00000000f9e00000,0x00000000fcf00000)
 ParOldGen       total 152064K, used 92019K [0x00000000c2a00000, 0x00000000cbe80000, 0x00000000eb900000)
  object space 152064K, 60% used [0x00000000c2a00000,0x00000000c83dcc98,0x00000000cbe80000)
 Metaspace       used 30508K, capacity 31310K, committed 31616K, reserved 1077248K
  class space    used 3180K, capacity 3390K, committed 3456K, reserved 1048576K
Event: 153.466 GC heap after
Heap after GC invocations=51 (full 4):
 PSYoungGen      total 279040K, used 44306K [0x00000000eb900000, 0x0000000100000000, 0x0000000100000000)
  eden space 234496K, 0% used [0x00000000eb900000,0x00000000eb900000,0x00000000f9e00000)
  from space 44544K, 99% used [0x00000000f9e00000,0x00000000fc9449a8,0x00000000fc980000)
  to   space 54272K, 0% used [0x00000000fcb00000,0x00000000fcb00000,0x0000000100000000)
 ParOldGen       total 152064K, used 96631K [0x00000000c2a00000, 0x00000000cbe80000, 0x00000000eb900000)
  object space 152064K, 63% used [0x00000000c2a00000,0x00000000c885dcd8,0x00000000cbe80000)
 Metaspace       used 30508K, capacity 31310K, committed 31616K, reserved 1077248K
  class space    used 3180K, capacity 3390K, committed 3456K, reserved 1048576K
}
Event: 162.460 GC heap before
{Heap before GC invocations=52 (full 4):
 PSYoungGen      total 279040K, used 278802K [0x00000000eb900000, 0x0000000100000000, 0x0000000100000000)
  eden space 234496K, 100% used [0x00000000eb900000,0x00000000f9e00000,0x00000000f9e00000)
  from space 44544K, 99% used [0x00000000f9e00000,0x00000000fc9449a8,0x00000000fc980000)
  to   space 54272K, 0% used [0x00000000fcb00000,0x00000000fcb00000,0x0000000100000000)
 ParOldGen       total 152064K, used 96631K [0x00000000c2a00000, 0x00000000cbe80000, 0x00000000eb900000)
  object space 152064K, 63% used [0x00000000c2a00000,0x00000000c885dcd8,0x00000000cbe80000)
 Metaspace       used 30948K, capacity 31764K, committed 32128K, reserved 1077248K
  class space    used 3181K, capacity 3391K, committed 3456K, reserved 1048576K
Event: 163.064 GC heap after
Heap after GC invocations=52 (full 4):
 PSYoungGen      total 263168K, used 54258K [0x00000000eb900000, 0x0000000100000000, 0x0000000100000000)
  eden space 208896K, 0% used [0x00000000eb900000,0x00000000eb900000,0x00000000f8500000)
  from space 54272K, 99% used [0x00000000fcb00000,0x00000000ffffc930,0x0000000100000000)
  to   space 62976K, 0% used [0x00000000f8500000,0x00000000f8500000,0x00000000fc280000)
 ParOldGen       total 152064K, used 100664K [0x00000000c2a00000, 0x00000000cbe80000, 0x00000000eb900000)
  object space 152064K, 66% used [0x00000000c2a00000,0x00000000c8c4e008,0x00000000cbe80000)
 Metaspace       used 30948K, capacity 31764K, committed 32128K, reserved 1077248K
  class space    used 3181K, capacity 3391K, committed 3456K, reserved 1048576K
}

