# JRE version: Java(TM) SE Runtime Environment (8.0_201-b09) (build 1.8.0_201-b09)
# Java VM: Java HotSpot(TM) 64-Bit Server VM (25.201-b09 mixed mode linux-amd64 compressed oops)
Heap:
 PSYoungGen      total 121856K, used 4768K [0x00000000eb900000, 0x00000000f5780000, 0x0000000100000000)
  eden space 116224K, 0% used [0x00000000eb900000,0x00000000eb900000,0x00000000f2a80000)
  from space 5632K, 84% used [0x00000000f5200000,0x00000000f56a81c0,0x00000000f5780000)
  to   space 5632K, 0% used [0x00000000f2a80000,0x00000000f2a80000,0x00000000f3000000)
 ParOldGen       total 42496K, used 14515K [0x00000000c2a00000, 0x00000000c5380000, 0x00000000eb900000)
  object space 42496K, 34% used [0x00000000c2a00000,0x00000000c382ce58,0x00000000c5380000)
 Metaspace       used 13975K, capacity 14398K, committed 14592K, reserved 1062912K
  class space    used 1594K, capacity 1707K, committed 1792K, reserved 1048576K
GC Heap History (10 events):
Event: 57.227 GC heap after
Heap after GC invocations=8 (full 1):
 PSYoungGen      total 34304K, used 4132K [0x00000000eb900000, 0x00000000efd00000, 0x0000000100000000)
  eden space 29696K, 0% used [0x00000000eb900000,0x00000000eb900000,0x00000000ed600000)
  from space 4608K, 89% used [0x00000000ed600000,0x00000000eda09170,0x00000000eda80000)
  to   space 5120K, 0% used [0x00000000ef800000,0x00000000ef800000,0x00000000efd00000)
 ParOldGen       total 42496K, used 5972K [0x00000000c2a00000, 0x00000000c5380000, 0x00000000eb900000)
  object space 42496K, 14% used [0x00000000c2a00000,0x00000000c2fd51f0,0x00000000c5380000)
 Metaspace       used 13872K, capacity 14270K, committed 14592K, reserved 1062912K
  class space    used 1594K, capacity 1707K, committed 1792K, reserved 1048576K
}
Event: 57.896 GC heap before
{Heap before GC invocations=9 (full 1):
 PSYoungGen      total 34304K, used 33828K [0x00000000eb900000, 0x00000000efd00000, 0x0000000100000000)
  eden space 29696K, 100% used [0x00000000eb900000,0x00000000ed600000,0x00000000ed600000)
  from space 4608K, 89% used [0x00000000ed600000,0x00000000eda09170,0x00000000eda80000)
  to   space 5120K, 0% used [0x00000000ef800000,0x00000000ef800000,0x00000000efd00000)
 ParOldGen       total 42496K, used 5972K [0x00000000c2a00000, 0x00000000c5380000, 0x00000000eb900000)
  object space 42496K, 14% used [0x00000000c2a00000,0x00000000c2fd51f0,0x00000000c5380000)
 Metaspace       used 13889K, capacity 14270K, committed 14592K, reserved 1062912K
  class space    used 1594K, capacity 1707K, committed 1792K, reserved 1048576K
Event: 57.931 GC heap after
Heap after GC invocations=9 (full 1):
 PSYoungGen      total 64000K, used 4992K [0x00000000eb900000, 0x00000000efe00000, 0x0000000100000000)
  eden space 58880K, 0% used [0x00000000eb900000,0x00000000eb900000,0x00000000ef280000)
  from space 5120K, 97% used [0x00000000ef800000,0x00000000efce0060,0x00000000efd00000)
  to   space 5632K, 0% used [0x00000000ef280000,0x00000000ef280000,0x00000000ef800000)
 ParOldGen       total 42496K, used 6904K [0x00000000c2a00000, 0x00000000c5380000, 0x00000000eb900000)
  object space 42496K, 16% used [0x00000000c2a00000,0x00000000c30be3a0,0x00000000c5380000)
 Metaspace       used 13889K, capacity 14270K, committed 14592K, reserved 1062912K
  class space    used 1594K, capacity 1707K, committed 1792K, reserved 1048576K
}
Event: 58.946 GC heap before
{Heap before GC invocations=10 (full 1):
 PSYoungGen      total 64000K, used 63872K [0x00000000eb900000, 0x00000000efe00000, 0x0000000100000000)
  eden space 58880K, 100% used [0x00000000eb900000,0x00000000ef280000,0x00000000ef280000)
  from space 5120K, 97% used [0x00000000ef800000,0x00000000efce0060,0x00000000efd00000)
  to   space 5632K, 0% used [0x00000000ef280000,0x00000000ef280000,0x00000000ef800000)
 ParOldGen       total 42496K, used 6904K [0x00000000c2a00000, 0x00000000c5380000, 0x00000000eb900000)
  object space 42496K, 16% used [0x00000000c2a00000,0x00000000c30be3a0,0x00000000c5380000)
 Metaspace       used 13924K, capacity 14334K, committed 14592K, reserved 1062912K
  class space    used 1594K, capacity 1707K, committed 1792K, reserved 1048576K
Event: 58.997 GC heap after
Heap after GC invocations=10 (full 1):
 PSYoungGen      total 64512K, used 4176K [0x00000000eb900000, 0x00000000f3700000, 0x0000000100000000)
  eden space 58880K, 0% used [0x00000000eb900000,0x00000000eb900000,0x00000000ef280000)
  from space 5632K, 74% used [0x00000000ef280000,0x00000000ef694010,0x00000000ef800000)
  to   space 5632K, 0% used [0x00000000f3180000,0x00000000f3180000,0x00000000f3700000)
 ParOldGen       total 42496K, used 8389K [0x00000000c2a00000, 0x00000000c5380000, 0x00000000eb900000)
  object space 42496K, 19% used [0x00000000c2a00000,0x00000000c3231458,0x00000000c5380000)
 Metaspace       used 13924K, capacity 14334K, committed 14592K, reserved 1062912K
  class space    used 1594K, capacity 1707K, committed 1792K, reserved 1048576K
}
Event: 59.812 GC heap before
{Heap before GC invocations=11 (full 1):
 PSYoungGen      total 64512K, used 63056K [0x00000000eb900000, 0x00000000f3700000, 0x0000000100000000)
  eden space 58880K, 100% used [0x00000000eb900000,0x00000000ef280000,0x00000000ef280000)
  from space 5632K, 74% used [0x00000000ef280000,0x00000000ef694010,0x00000000ef800000)
  to   space 5632K, 0% used [0x00000000f3180000,0x00000000f3180000,0x00000000f3700000)
 ParOldGen       total 42496K, used 8389K [0x00000000c2a00000, 0x00000000c5380000, 0x00000000eb900000)
  object space 42496K, 19% used [0x00000000c2a00000,0x00000000c3231458,0x00000000c5380000)
 Metaspace       used 13937K, capacity 14334K, committed 14592K, reserved 1062912K
  class space    used 1594K, capacity 1707K, committed 1792K, reserved 1048576K
Event: 59.839 GC heap after
Heap after GC invocations=11 (full 1):
 PSYoungGen      total 98304K, used 4080K [0x00000000eb900000, 0x00000000f3580000, 0x0000000100000000)
  eden space 94208K, 0% used [0x00000000eb900000,0x00000000eb900000,0x00000000f1500000)
  from space 4096K, 99% used [0x00000000f3180000,0x00000000f357c020,0x00000000f3580000)
  to   space 5632K, 0% used [0x00000000f2a80000,0x00000000f2a80000,0x00000000f3000000)
 ParOldGen       total 42496K, used 10081K [0x00000000c2a00000, 0x00000000c5380000, 0x00000000eb900000)
  object space 42496K, 23% used [0x00000000c2a00000,0x00000000c33d84d8,0x00000000c5380000)
 Metaspace       used 13937K, capacity 14334K, committed 14592K, reserved 1062912K
  class space    used 1594K, capacity 1707K, committed 1792K, reserved 1048576K
}
Event: 61.489 GC heap before
{Heap before GC invocations=12 (full 1):
 PSYoungGen      total 98304K, used 98288K [0x00000000eb900000, 0x00000000f3580000, 0x0000000100000000)
  eden space 94208K, 100% used [0x00000000eb900000,0x00000000f1500000,0x00000000f1500000)
  from space 4096K, 99% used [0x00000000f3180000,0x00000000f357c020,0x00000000f3580000)
  to   space 5632K, 0% used [0x00000000f2a80000,0x00000000f2a80000,0x00000000f3000000)
 ParOldGen       total 42496K, used 10081K [0x00000000c2a00000, 0x00000000c5380000, 0x00000000eb900000)
  object space 42496K, 23% used [0x00000000c2a00000,0x00000000c33d84d8,0x00000000c5380000)
 Metaspace       used 13951K, capacity 14334K, committed 14592K, reserved 1062912K
  class space    used 1594K, capacity 1707K, committed 1792K, reserved 1048576K
Event: 61.500 GC heap after
Heap after GC invocations=12 (full 1):
 PSYoungGen      total 121856K, used 2176K [0x00000000eb900000, 0x00000000f5780000, 0x0000000100000000)
  eden space 116224K, 0% used [0x00000000eb900000,0x00000000eb900000,0x00000000f2a80000)
  from space 5632K, 38% used [0x00000000f2a80000,0x00000000f2ca0010,0x00000000f3000000)
  to   space 5632K, 0% used [0x00000000f5200000,0x00000000f5200000,0x00000000f5780000)
 ParOldGen       total 42496K, used 12574K [0x00000000c2a00000, 0x00000000c5380000, 0x00000000eb900000)
  object space 42496K, 29% used [0x00000000c2a00000,0x00000000c36479a0,0x00000000c5380000)
 Metaspace       used 13951K, capacity 14334K, committed 14592K, reserved 1062912K
  class space    used 1594K, capacity 1707K, committed 1792K, reserved 1048576K
}
Event: 63.609 GC heap before
{Heap before GC invocations=13 (full 1):
 PSYoungGen      total 121856K, used 118400K [0x00000000eb900000, 0x00000000f5780000, 0x0000000100000000)
  eden space 116224K, 100% used [0x00000000eb900000,0x00000000f2a80000,0x00000000f2a80000)
  from space 5632K, 38% used [0x00000000f2a80000,0x00000000f2ca0010,0x00000000f3000000)
  to   space 5632K, 0% used [0x00000000f5200000,0x00000000f5200000,0x00000000f5780000)
 ParOldGen       total 42496K, used 12574K [0x00000000c2a00000, 0x00000000c5380000, 0x00000000eb900000)
  object space 42496K, 29% used [0x00000000c2a00000,0x00000000c36479a0,0x00000000c5380000)
 Metaspace       used 13975K, capacity 14398K, committed 14592K, reserved 1062912K
  class space    used 1594K, capacity 1707K, committed 1792K, reserved 1048576K

