# JRE version: Java(TM) SE Runtime Environment (8.0_201-b09) (build 1.8.0_201-b09)
# Java VM: Java HotSpot(TM) 64-Bit Server VM (25.201-b09 mixed mode linux-amd64 compressed oops)
Heap:
 PSYoungGen      total 248320K, used 19436K [0x00000000eb900000, 0x00000000fbe80000, 0x0000000100000000)
  eden space 228864K, 0% used [0x00000000eb900000,0x00000000eb900000,0x00000000f9880000)
  from space 19456K, 99% used [0x00000000fab80000,0x00000000fbe7b058,0x00000000fbe80000)
  to   space 13312K, 0% used [0x00000000f9d80000,0x00000000f9d80000,0x00000000faa80000)
 ParOldGen       total 74240K, used 46710K [0x00000000c2a00000, 0x00000000c7280000, 0x00000000eb900000)
  object space 74240K, 62% used [0x00000000c2a00000,0x00000000c579d850,0x00000000c7280000)
 Metaspace       used 23045K, capacity 23634K, committed 23680K, reserved 1071104K
  class space    used 2485K, capacity 2655K, committed 2688K, reserved 1048576K
GC Heap History (10 events):
Event: 10.802 GC heap after
Heap after GC invocations=9 (full 1):
 PSYoungGen      total 125952K, used 6648K [0x00000000eb900000, 0x00000000f3f00000, 0x0000000100000000)
  eden space 119296K, 0% used [0x00000000eb900000,0x00000000eb900000,0x00000000f2d80000)
  from space 6656K, 99% used [0x00000000f3580000,0x00000000f3bfe2c8,0x00000000f3c00000)
  to   space 8192K, 0% used [0x00000000f2d80000,0x00000000f2d80000,0x00000000f3580000)
 ParOldGen       total 42496K, used 13455K [0x00000000c2a00000, 0x00000000c5380000, 0x00000000eb900000)
  object space 42496K, 31% used [0x00000000c2a00000,0x00000000c3723f08,0x00000000c5380000)
 Metaspace       used 16377K, capacity 16592K, committed 16768K, reserved 1064960K
  class space    used 1832K, capacity 1910K, committed 1920K, reserved 1048576K
}
Event: 19.549 GC heap before
{Heap before GC invocations=10 (full 1):
 PSYoungGen      total 125952K, used 125944K [0x00000000eb900000, 0x00000000f3f00000, 0x0000000100000000)
  eden space 119296K, 100% used [0x00000000eb900000,0x00000000f2d80000,0x00000000f2d80000)
  from space 6656K, 99% used [0x00000000f3580000,0x00000000f3bfe2c8,0x00000000f3c00000)
  to   space 8192K, 0% used [0x00000000f2d80000,0x00000000f2d80000,0x00000000f3580000)
 ParOldGen       total 42496K, used 13455K [0x00000000c2a00000, 0x00000000c5380000, 0x00000000eb900000)
  object space 42496K, 31% used [0x00000000c2a00000,0x00000000c3723f08,0x00000000c5380000)
 Metaspace       used 18922K, capacity 19256K, committed 19712K, reserved 1067008K
  class space    used 2133K, capacity 2224K, committed 2304K, reserved 1048576K
Event: 19.672 GC heap after
Heap after GC invocations=10 (full 1):
 PSYoungGen      total 127488K, used 8184K [0x00000000eb900000, 0x00000000fc200000, 0x0000000100000000)
  eden space 119296K, 0% used [0x00000000eb900000,0x00000000eb900000,0x00000000f2d80000)
  from space 8192K, 99% used [0x00000000f2d80000,0x00000000f357e2c8,0x00000000f3580000)
  to   space 16384K, 0% used [0x00000000fb200000,0x00000000fb200000,0x00000000fc200000)
 ParOldGen       total 42496K, used 30485K [0x00000000c2a00000, 0x00000000c5380000, 0x00000000eb900000)
  object space 42496K, 71% used [0x00000000c2a00000,0x00000000c47c55d0,0x00000000c5380000)
 Metaspace       used 18922K, capacity 19256K, committed 19712K, reserved 1067008K
  class space    used 2133K, capacity 2224K, committed 2304K, reserved 1048576K
}
Event: 24.729 GC heap before
{Heap before GC invocations=11 (full 1):
 PSYoungGen      total 127488K, used 127480K [0x00000000eb900000, 0x00000000fc200000, 0x0000000100000000)
  eden space 119296K, 100% used [0x00000000eb900000,0x00000000f2d80000,0x00000000f2d80000)
  from space 8192K, 99% used [0x00000000f2d80000,0x00000000f357e2c8,0x00000000f3580000)
  to   space 16384K, 0% used [0x00000000fb200000,0x00000000fb200000,0x00000000fc200000)
 ParOldGen       total 42496K, used 30485K [0x00000000c2a00000, 0x00000000c5380000, 0x00000000eb900000)
  object space 42496K, 71% used [0x00000000c2a00000,0x00000000c47c55d0,0x00000000c5380000)
 Metaspace       used 19706K, capacity 20086K, committed 20352K, reserved 1067008K
  class space    used 2214K, capacity 2324K, committed 2432K, reserved 1048576K
Event: 24.839 GC heap after
Heap after GC invocations=11 (full 1):
 PSYoungGen      total 206848K, used 15764K [0x00000000eb900000, 0x00000000fc180000, 0x0000000100000000)
  eden space 190976K, 0% used [0x00000000eb900000,0x00000000eb900000,0x00000000f7380000)
  from space 15872K, 99% used [0x00000000fb200000,0x00000000fc165258,0x00000000fc180000)
  to   space 18432K, 0% used [0x00000000f9d80000,0x00000000f9d80000,0x00000000faf80000)
 ParOldGen       total 42496K, used 33745K [0x00000000c2a00000, 0x00000000c5380000, 0x00000000eb900000)
  object space 42496K, 79% used [0x00000000c2a00000,0x00000000c4af4610,0x00000000c5380000)
 Metaspace       used 19706K, capacity 20086K, committed 20352K, reserved 1067008K
  class space    used 2214K, capacity 2324K, committed 2432K, reserved 1048576K
}
Event: 24.839 GC heap before
{Heap before GC invocations=12 (full 2):
 PSYoungGen      total 206848K, used 15764K [0x00000000eb900000, 0x00000000fc180000, 0x0000000100000000)
  eden space 190976K, 0% used [0x00000000eb900000,0x00000000eb900000,0x00000000f7380000)
  from space 15872K, 99% used [0x00000000fb200000,0x00000000fc165258,0x00000000fc180000)
  to   space 18432K, 0% used [0x00000000f9d80000,0x00000000f9d80000,0x00000000faf80000)
 ParOldGen       total 42496K, used 33745K [0x00000000c2a00000, 0x00000000c5380000, 0x00000000eb900000)
  object space 42496K, 79% used [0x00000000c2a00000,0x00000000c4af4610,0x00000000c5380000)
 Metaspace       used 19706K, capacity 20086K, committed 20352K, reserved 1067008K
  class space    used 2214K, capacity 2324K, committed 2432K, reserved 1048576K
Event: 25.822 GC heap after
Heap after GC invocations=12 (full 2):
 PSYoungGen      total 206848K, used 0K [0x00000000eb900000, 0x00000000fc180000, 0x0000000100000000)
  eden space 190976K, 0% used [0x00000000eb900000,0x00000000eb900000,0x00000000f7380000)
  from space 15872K, 0% used [0x00000000fb200000,0x00000000fb200000,0x00000000fc180000)
  to   space 18432K, 0% used [0x00000000f9d80000,0x00000000f9d80000,0x00000000faf80000)
 ParOldGen       total 74240K, used 39104K [0x00000000c2a00000, 0x00000000c7280000, 0x00000000eb900000)
  object space 74240K, 52% used [0x00000000c2a00000,0x00000000c5030108,0x00000000c7280000)
 Metaspace       used 19706K, capacity 20086K, committed 20352K, reserved 1067008K
  class space    used 2214K, capacity 2324K, committed 2432K, reserved 1048576K
}
Event: 47.704 GC heap before
{Heap before GC invocations=13 (full 2):
 PSYoungGen      total 206848K, used 190976K [0x00000000eb900000, 0x00000000fc180000, 0x0000000100000000)
  eden space 190976K, 100% used [0x00000000eb900000,0x00000000f7380000,0x00000000f7380000)
  from space 15872K, 0% used [0x00000000fb200000,0x00000000fb200000,0x00000000fc180000)
  to   space 18432K, 0% used [0x00000000f9d80000,0x00000000f9d80000,0x00000000faf80000)
 ParOldGen       total 74240K, used 39104K [0x00000000c2a00000, 0x00000000c7280000, 0x00000000eb900000)
  object space 74240K, 52% used [0x00000000c2a00000,0x00000000c5030108,0x00000000c7280000)
 Metaspace       used 22703K, capacity 23284K, committed 23424K, reserved 1071104K
  class space    used 2472K, capacity 2650K, committed 2688K, reserved 1048576K
Event: 47.872 GC heap after
Heap after GC invocations=13 (full 2):
 PSYoungGen      total 242176K, used 13289K [0x00000000eb900000, 0x00000000fbe80000, 0x0000000100000000)
  eden space 228864K, 0% used [0x00000000eb900000,0x00000000eb900000,0x00000000f9880000)
  from space 13312K, 99% used [0x00000000f9d80000,0x00000000faa7a6d8,0x00000000faa80000)
  to   space 19456K, 0% used [0x00000000fab80000,0x00000000fab80000,0x00000000fbe80000)
 ParOldGen       total 74240K, used 39112K [0x00000000c2a00000, 0x00000000c7280000, 0x00000000eb900000)
  object space 74240K, 52% used [0x00000000c2a00000,0x00000000c5032108,0x00000000c7280000)
 Metaspace       used 22703K, capacity 23284K, committed 23424K, reserved 1071104K
  class space    used 2472K, capacity 2650K, committed 2688K, reserved 1048576K
}
Event: 59.207 GC heap before
{Heap before GC invocations=14 (full 2):
 PSYoungGen      total 242176K, used 242153K [0x00000000eb900000, 0x00000000fbe80000, 0x0000000100000000)
  eden space 228864K, 100% used [0x00000000eb900000,0x00000000f9880000,0x00000000f9880000)
  from space 13312K, 99% used [0x00000000f9d80000,0x00000000faa7a6d8,0x00000000faa80000)
  to   space 19456K, 0% used [0x00000000fab80000,0x00000000fab80000,0x00000000fbe80000)
 ParOldGen       total 74240K, used 39112K [0x00000000c2a00000, 0x00000000c7280000, 0x00000000eb900000)
  object space 74240K, 52% used [0x00000000c2a00000,0x00000000c5032108,0x00000000c7280000)
 Metaspace       used 23045K, capacity 23634K, committed 23680K, reserved 1071104K
  class space    used 2485K, capacity 2655K, committed 2688K, reserved 1048576K

