# JRE version: Java(TM) SE Runtime Environment (8.0_201-b09) (build 1.8.0_201-b09)
# Java VM: Java HotSpot(TM) 64-Bit Server VM (25.201-b09 mixed mode linux-amd64 compressed oops)
Heap:
 PSYoungGen      total 202752K, used 6520K [0x00000000eb900000, 0x00000000fb200000, 0x0000000100000000)
  eden space 194560K, 0% used [0x00000000eb900000,0x00000000eb900000,0x00000000f7700000)
  from space 8192K, 79% used [0x00000000fa200000,0x00000000fa85e258,0x00000000faa00000)
  to   space 6144K, 0% used [0x00000000fac00000,0x00000000fac00000,0x00000000fb200000)
 ParOldGen       total 42496K, used 15206K [0x00000000c2a00000, 0x00000000c5380000, 0x00000000eb900000)
  object space 42496K, 35% used [0x00000000c2a00000,0x00000000c38d9b48,0x00000000c5380000)
 Metaspace       used 13977K, capacity 14398K, committed 14592K, reserved 1062912K
  class space    used 1594K, capacity 1707K, committed 1792K, reserved 1048576K
GC Heap History (10 events):
Event: 34.942 GC heap after
Heap after GC invocations=7 (full 1):
 PSYoungGen      total 63488K, used 2548K [0x00000000eb900000, 0x00000000f0100000, 0x0000000100000000)
  eden space 60928K, 0% used [0x00000000eb900000,0x00000000eb900000,0x00000000ef480000)
  from space 2560K, 99% used [0x00000000ef980000,0x00000000efbfd130,0x00000000efc00000)
  to   space 5120K, 0% used [0x00000000ef480000,0x00000000ef480000,0x00000000ef980000)
 ParOldGen       total 42496K, used 7773K [0x00000000c2a00000, 0x00000000c5380000, 0x00000000eb900000)
  object space 42496K, 18% used [0x00000000c2a00000,0x00000000c3197488,0x00000000c5380000)
 Metaspace       used 13857K, capacity 14206K, committed 14336K, reserved 1062912K
  class space    used 1594K, capacity 1707K, committed 1792K, reserved 1048576K
}
Event: 35.815 GC heap before
{Heap before GC invocations=8 (full 1):
 PSYoungGen      total 63488K, used 63476K [0x00000000eb900000, 0x00000000f0100000, 0x0000000100000000)
  eden space 60928K, 100% used [0x00000000eb900000,0x00000000ef480000,0x00000000ef480000)
  from space 2560K, 99% used [0x00000000ef980000,0x00000000efbfd130,0x00000000efc00000)
  to   space 5120K, 0% used [0x00000000ef480000,0x00000000ef480000,0x00000000ef980000)
 ParOldGen       total 42496K, used 7773K [0x00000000c2a00000, 0x00000000c5380000, 0x00000000eb900000)
  object space 42496K, 18% used [0x00000000c2a00000,0x00000000c3197488,0x00000000c5380000)
 Metaspace       used 13879K, capacity 14270K, committed 14592K, reserved 1062912K
  class space    used 1594K, capacity 1707K, committed 1792K, reserved 1048576K
Event: 35.830 GC heap after
Heap after GC invocations=8 (full 1):
 PSYoungGen      total 66048K, used 4500K [0x00000000eb900000, 0x00000000f3b00000, 0x0000000100000000)
  eden space 60928K, 0% used [0x00000000eb900000,0x00000000eb900000,0x00000000ef480000)
  from space 5120K, 87% used [0x00000000ef480000,0x00000000ef8e5150,0x00000000ef980000)
  to   space 5632K, 0% used [0x00000000f3580000,0x00000000f3580000,0x00000000f3b00000)
 ParOldGen       total 42496K, used 7781K [0x00000000c2a00000, 0x00000000c5380000, 0x00000000eb900000)
  object space 42496K, 18% used [0x00000000c2a00000,0x00000000c3199488,0x00000000c5380000)
 Metaspace       used 13879K, capacity 14270K, committed 14592K, reserved 1062912K
  class space    used 1594K, capacity 1707K, committed 1792K, reserved 1048576K
}
Event: 36.342 GC heap before
{Heap before GC invocations=9 (full 1):
 PSYoungGen      total 66048K, used 65428K [0x00000000eb900000, 0x00000000f3b00000, 0x0000000100000000)
  eden space 60928K, 100% used [0x00000000eb900000,0x00000000ef480000,0x00000000ef480000)
  from space 5120K, 87% used [0x00000000ef480000,0x00000000ef8e5150,0x00000000ef980000)
  to   space 5632K, 0% used [0x00000000f3580000,0x00000000f3580000,0x00000000f3b00000)
 ParOldGen       total 42496K, used 7781K [0x00000000c2a00000, 0x00000000c5380000, 0x00000000eb900000)
  object space 42496K, 18% used [0x00000000c2a00000,0x00000000c3199488,0x00000000c5380000)
 Metaspace       used 13907K, capacity 14270K, committed 14592K, reserved 1062912K
  class space    used 1594K, capacity 1707K, committed 1792K, reserved 1048576K
Event: 36.360 GC heap after
Heap after GC invocations=9 (full 1):
 PSYoungGen      total 126976K, used 5424K [0x00000000eb900000, 0x00000000f3c00000, 0x0000000100000000)
  eden space 121344K, 0% used [0x00000000eb900000,0x00000000eb900000,0x00000000f2f80000)
  from space 5632K, 96% used [0x00000000f3580000,0x00000000f3acc020,0x00000000f3b00000)
  to   space 6144K, 0% used [0x00000000f2f80000,0x00000000f2f80000,0x00000000f3580000)
 ParOldGen       total 42496K, used 8665K [0x00000000c2a00000, 0x00000000c5380000, 0x00000000eb900000)
  object space 42496K, 20% used [0x00000000c2a00000,0x00000000c32765d8,0x00000000c5380000)
 Metaspace       used 13907K, capacity 14270K, committed 14592K, reserved 1062912K
  class space    used 1594K, capacity 1707K, committed 1792K, reserved 1048576K
}
Event: 37.283 GC heap before
{Heap before GC invocations=10 (full 1):
 PSYoungGen      total 126976K, used 126768K [0x00000000eb900000, 0x00000000f3c00000, 0x0000000100000000)
  eden space 121344K, 100% used [0x00000000eb900000,0x00000000f2f80000,0x00000000f2f80000)
  from space 5632K, 96% used [0x00000000f3580000,0x00000000f3acc020,0x00000000f3b00000)
  to   space 6144K, 0% used [0x00000000f2f80000,0x00000000f2f80000,0x00000000f3580000)
 ParOldGen       total 42496K, used 8665K [0x00000000c2a00000, 0x00000000c5380000, 0x00000000eb900000)
  object space 42496K, 20% used [0x00000000c2a00000,0x00000000c32765d8,0x00000000c5380000)
 Metaspace       used 13925K, capacity 14270K, committed 14592K, reserved 1062912K
  class space    used 1594K, capacity 1707K, committed 1792K, reserved 1048576K
Event: 37.299 GC heap after
Heap after GC invocations=10 (full 1):
 PSYoungGen      total 127488K, used 5072K [0x00000000eb900000, 0x00000000fb200000, 0x0000000100000000)
  eden space 121344K, 0% used [0x00000000eb900000,0x00000000eb900000,0x00000000f2f80000)
  from space 6144K, 82% used [0x00000000f2f80000,0x00000000f3474020,0x00000000f3580000)
  to   space 6144K, 0% used [0x00000000fac00000,0x00000000fac00000,0x00000000fb200000)
 ParOldGen       total 42496K, used 9857K [0x00000000c2a00000, 0x00000000c5380000, 0x00000000eb900000)
  object space 42496K, 23% used [0x00000000c2a00000,0x00000000c33a05d8,0x00000000c5380000)
 Metaspace       used 13925K, capacity 14270K, committed 14592K, reserved 1062912K
  class space    used 1594K, capacity 1707K, committed 1792K, reserved 1048576K
}
Event: 38.018 GC heap before
{Heap before GC invocations=11 (full 1):
 PSYoungGen      total 127488K, used 126416K [0x00000000eb900000, 0x00000000fb200000, 0x0000000100000000)
  eden space 121344K, 100% used [0x00000000eb900000,0x00000000f2f80000,0x00000000f2f80000)
  from space 6144K, 82% used [0x00000000f2f80000,0x00000000f3474020,0x00000000f3580000)
  to   space 6144K, 0% used [0x00000000fac00000,0x00000000fac00000,0x00000000fb200000)
 ParOldGen       total 42496K, used 9857K [0x00000000c2a00000, 0x00000000c5380000, 0x00000000eb900000)
  object space 42496K, 23% used [0x00000000c2a00000,0x00000000c33a05d8,0x00000000c5380000)
 Metaspace       used 13950K, capacity 14334K, committed 14592K, reserved 1062912K
  class space    used 1594K, capacity 1707K, committed 1792K, reserved 1048576K
Event: 38.093 GC heap after
Heap after GC invocations=11 (full 1):
 PSYoungGen      total 200704K, used 6128K [0x00000000eb900000, 0x00000000fb200000, 0x0000000100000000)
  eden space 194560K, 0% used [0x00000000eb900000,0x00000000eb900000,0x00000000f7700000)
  from space 6144K, 99% used [0x00000000fac00000,0x00000000fb1fc0b0,0x00000000fb200000)
  to   space 8192K, 0% used [0x00000000fa200000,0x00000000fa200000,0x00000000faa00000)
 ParOldGen       total 42496K, used 13400K [0x00000000c2a00000, 0x00000000c5380000, 0x00000000eb900000)
  object space 42496K, 31% used [0x00000000c2a00000,0x00000000c3716080,0x00000000c5380000)
 Metaspace       used 13950K, capacity 14334K, committed 14592K, reserved 1062912K
  class space    used 1594K, capacity 1707K, committed 1792K, reserved 1048576K
}
Event: 39.999 GC heap before
{Heap before GC invocations=12 (full 1):
 PSYoungGen      total 200704K, used 200688K [0x00000000eb900000, 0x00000000fb200000, 0x0000000100000000)
  eden space 194560K, 100% used [0x00000000eb900000,0x00000000f7700000,0x00000000f7700000)
  from space 6144K, 99% used [0x00000000fac00000,0x00000000fb1fc0b0,0x00000000fb200000)
  to   space 8192K, 0% used [0x00000000fa200000,0x00000000fa200000,0x00000000faa00000)
 ParOldGen       total 42496K, used 13400K [0x00000000c2a00000, 0x00000000c5380000, 0x00000000eb900000)
  object space 42496K, 31% used [0x00000000c2a00000,0x00000000c3716080,0x00000000c5380000)
 Metaspace       used 13977K, capacity 14398K, committed 14592K, reserved 1062912K
  class space    used 1594K, capacity 1707K, committed 1792K, reserved 1048576K

