# JRE version: Java(TM) SE Runtime Environment (8.0_201-b09) (build 1.8.0_201-b09)
# Java VM: Java HotSpot(TM) 64-Bit Server VM (25.201-b09 mixed mode linux-amd64 compressed oops)
Heap:
 PSYoungGen      total 287232K, used 38233K [0x00000000eb900000, 0x00000000ffb80000, 0x0000000100000000)
  eden space 248320K, 13% used [0x00000000eb900000,0x00000000ed9764d0,0x00000000fab80000)
  from space 38912K, 12% used [0x00000000fd580000,0x00000000fda60000,0x00000000ffb80000)
  to   space 40960K, 0% used [0x00000000fab80000,0x00000000fab80000,0x00000000fd380000)
 ParOldGen       total 141312K, used 55512K [0x00000000c2a00000, 0x00000000cb400000, 0x00000000eb900000)
  object space 141312K, 39% used [0x00000000c2a00000,0x00000000c60360b8,0x00000000cb400000)
 Metaspace       used 24252K, capacity 24876K, committed 25088K, reserved 1071104K
  class space    used 2534K, capacity 2704K, committed 2816K, reserved 1048576K
GC Heap History (10 events):
Event: 47.498 GC heap before
{Heap before GC invocations=26 (full 4):
 PSYoungGen      total 286720K, used 238720K [0x00000000eb900000, 0x0000000100000000, 0x0000000100000000)
  eden space 238592K, 100% used [0x00000000eb900000,0x00000000fa200000,0x00000000fa200000)
  from space 48128K, 0% used [0x00000000fa200000,0x00000000fa220000,0x00000000fd100000)
  to   space 48128K, 0% used [0x00000000fd100000,0x00000000fd100000,0x0000000100000000)
 ParOldGen       total 141312K, used 55488K [0x00000000c2a00000, 0x00000000cb400000, 0x00000000eb900000)
  object space 141312K, 39% used [0x00000000c2a00000,0x00000000c60300b8,0x00000000cb400000)
 Metaspace       used 24140K, capacity 24812K, committed 25088K, reserved 1071104K
  class space    used 2534K, capacity 2704K, committed 2816K, reserved 1048576K
Event: 47.503 GC heap after
Heap after GC invocations=26 (full 4):
 PSYoungGen      total 284672K, used 3584K [0x00000000eb900000, 0x00000000ffe00000, 0x0000000100000000)
  eden space 238592K, 0% used [0x00000000eb900000,0x00000000eb900000,0x00000000fa200000)
  from space 46080K, 7% used [0x00000000fd100000,0x00000000fd480020,0x00000000ffe00000)
  to   space 47104K, 0% used [0x00000000fa200000,0x00000000fa200000,0x00000000fd000000)
 ParOldGen       total 141312K, used 55496K [0x00000000c2a00000, 0x00000000cb400000, 0x00000000eb900000)
  object space 141312K, 39% used [0x00000000c2a00000,0x00000000c60320b8,0x00000000cb400000)
 Metaspace       used 24140K, capacity 24812K, committed 25088K, reserved 1071104K
  class space    used 2534K, capacity 2704K, committed 2816K, reserved 1048576K
}
Event: 48.558 GC heap before
{Heap before GC invocations=27 (full 4):
 PSYoungGen      total 284672K, used 242176K [0x00000000eb900000, 0x00000000ffe00000, 0x0000000100000000)
  eden space 238592K, 100% used [0x00000000eb900000,0x00000000fa200000,0x00000000fa200000)
  from space 46080K, 7% used [0x00000000fd100000,0x00000000fd480020,0x00000000ffe00000)
  to   space 47104K, 0% used [0x00000000fa200000,0x00000000fa200000,0x00000000fd000000)
 ParOldGen       total 141312K, used 55496K [0x00000000c2a00000, 0x00000000cb400000, 0x00000000eb900000)
  object space 141312K, 39% used [0x00000000c2a00000,0x00000000c60320b8,0x00000000cb400000)
 Metaspace       used 24142K, capacity 24812K, committed 25088K, reserved 1071104K
  class space    used 2534K, capacity 2704K, committed 2816K, reserved 1048576K
Event: 48.565 GC heap after
Heap after GC invocations=27 (full 4):
 PSYoungGen      total 285696K, used 3872K [0x00000000eb900000, 0x00000000fff00000, 0x0000000100000000)
  eden space 238592K, 0% used [0x00000000eb900000,0x00000000eb900000,0x00000000fa200000)
  from space 47104K, 8% used [0x00000000fa200000,0x00000000fa5c8000,0x00000000fd000000)
  to   space 46080K, 0% used [0x00000000fd200000,0x00000000fd200000,0x00000000fff00000)
 ParOldGen       total 141312K, used 55496K [0x00000000c2a00000, 0x00000000cb400000, 0x00000000eb900000)
  object space 141312K, 39% used [0x00000000c2a00000,0x00000000c60320b8,0x00000000cb400000)
 Metaspace       used 24142K, capacity 24812K, committed 25088K, reserved 1071104K
  class space    used 2534K, capacity 2704K, committed 2816K, reserved 1048576K
}
Event: 49.545 GC heap before
{Heap before GC invocations=28 (full 4):
 PSYoungGen      total 285696K, used 242464K [0x00000000eb900000, 0x00000000fff00000, 0x0000000100000000)
  eden space 238592K, 100% used [0x00000000eb900000,0x00000000fa200000,0x00000000fa200000)
  from space 47104K, 8% used [0x00000000fa200000,0x00000000fa5c8000,0x00000000fd000000)
  to   space 46080K, 0% used [0x00000000fd200000,0x00000000fd200000,0x00000000fff00000)
 ParOldGen       total 141312K, used 55496K [0x00000000c2a00000, 0x00000000cb400000, 0x00000000eb900000)
  object space 141312K, 39% used [0x00000000c2a00000,0x00000000c60320b8,0x00000000cb400000)
 Metaspace       used 24223K, capacity 24876K, committed 25088K, reserved 1071104K
  class space    used 2534K, capacity 2704K, committed 2816K, reserved 1048576K
Event: 49.560 GC heap after
Heap after GC invocations=28 (full 4):
 PSYoungGen      total 283648K, used 17060K [0x00000000eb900000, 0x00000000ffb00000, 0x0000000100000000)
  eden space 241664K, 0% used [0x00000000eb900000,0x00000000eb900000,0x00000000fa500000)
  from space 41984K, 40% used [0x00000000fd200000,0x00000000fe2a9310,0x00000000ffb00000)
  to   space 44032K, 0% used [0x00000000fa500000,0x00000000fa500000,0x00000000fd000000)
 ParOldGen       total 141312K, used 55504K [0x00000000c2a00000, 0x00000000cb400000, 0x00000000eb900000)
  object space 141312K, 39% used [0x00000000c2a00000,0x00000000c60340b8,0x00000000cb400000)
 Metaspace       used 24223K, capacity 24876K, committed 25088K, reserved 1071104K
  class space    used 2534K, capacity 2704K, committed 2816K, reserved 1048576K
}
Event: 50.607 GC heap before
{Heap before GC invocations=29 (full 4):
 PSYoungGen      total 283648K, used 258724K [0x00000000eb900000, 0x00000000ffb00000, 0x0000000100000000)
  eden space 241664K, 100% used [0x00000000eb900000,0x00000000fa500000,0x00000000fa500000)
  from space 41984K, 40% used [0x00000000fd200000,0x00000000fe2a9310,0x00000000ffb00000)
  to   space 44032K, 0% used [0x00000000fa500000,0x00000000fa500000,0x00000000fd000000)
 ParOldGen       total 141312K, used 55504K [0x00000000c2a00000, 0x00000000cb400000, 0x00000000eb900000)
  object space 141312K, 39% used [0x00000000c2a00000,0x00000000c60340b8,0x00000000cb400000)
 Metaspace       used 24252K, capacity 24876K, committed 25088K, reserved 1071104K
  class space    used 2534K, capacity 2704K, committed 2816K, reserved 1048576K
Event: 50.623 GC heap after
Heap after GC invocations=29 (full 4):
 PSYoungGen      total 285696K, used 4928K [0x00000000eb900000, 0x00000000fff00000, 0x0000000100000000)
  eden space 241664K, 0% used [0x00000000eb900000,0x00000000eb900000,0x00000000fa500000)
  from space 44032K, 11% used [0x00000000fa500000,0x00000000fa9d0020,0x00000000fd000000)
  to   space 42496K, 0% used [0x00000000fd580000,0x00000000fd580000,0x00000000fff00000)
 ParOldGen       total 141312K, used 55512K [0x00000000c2a00000, 0x00000000cb400000, 0x00000000eb900000)
  object space 141312K, 39% used [0x00000000c2a00000,0x00000000c60360b8,0x00000000cb400000)
 Metaspace       used 24252K, capacity 24876K, committed 25088K, reserved 1071104K
  class space    used 2534K, capacity 2704K, committed 2816K, reserved 1048576K
}
Event: 51.670 GC heap before
{Heap before GC invocations=30 (full 4):
 PSYoungGen      total 285696K, used 246592K [0x00000000eb900000, 0x00000000fff00000, 0x0000000100000000)
  eden space 241664K, 100% used [0x00000000eb900000,0x00000000fa500000,0x00000000fa500000)
  from space 44032K, 11% used [0x00000000fa500000,0x00000000fa9d0020,0x00000000fd000000)
  to   space 42496K, 0% used [0x00000000fd580000,0x00000000fd580000,0x00000000fff00000)
 ParOldGen       total 141312K, used 55512K [0x00000000c2a00000, 0x00000000cb400000, 0x00000000eb900000)
  object space 141312K, 39% used [0x00000000c2a00000,0x00000000c60360b8,0x00000000cb400000)
 Metaspace       used 24252K, capacity 24876K, committed 25088K, reserved 1071104K
  class space    used 2534K, capacity 2704K, committed 2816K, reserved 1048576K
Event: 51.690 GC heap after
Heap after GC invocations=30 (full 4):
 PSYoungGen      total 287232K, used 4992K [0x00000000eb900000, 0x00000000ffb80000, 0x0000000100000000)
  eden space 248320K, 0% used [0x00000000eb900000,0x00000000eb900000,0x00000000fab80000)
  from space 38912K, 12% used [0x00000000fd580000,0x00000000fda60000,0x00000000ffb80000)
  to   space 40960K, 0% used [0x00000000fab80000,0x00000000fab80000,0x00000000fd380000)
 ParOldGen       total 141312K, used 55512K [0x00000000c2a00000, 0x00000000cb400000, 0x00000000eb900000)
  object space 141312K, 39% used [0x00000000c2a00000,0x00000000c60360b8,0x00000000cb400000)
 Metaspace       used 24252K, capacity 24876K, committed 25088K, reserved 1071104K
  class space    used 2534K, capacity 2704K, committed 2816K, reserved 1048576K
}

