# JRE version: Java(TM) SE Runtime Environment (8.0_201-b09) (build 1.8.0_201-b09)
# Java VM: Java HotSpot(TM) 64-Bit Server VM (25.201-b09 mixed mode linux-amd64 compressed oops)
Heap:
 PSYoungGen      total 63488K, used 4702K [0x00000000eb900000, 0x00000000efd00000, 0x0000000100000000)
  eden space 57856K, 0% used [0x00000000eb900000,0x00000000eb900000,0x00000000ef180000)
  from space 5632K, 83% used [0x00000000ef180000,0x00000000ef617980,0x00000000ef700000)
  to   space 5120K, 0% used [0x00000000ef700000,0x00000000ef700000,0x00000000efc00000)
 ParOldGen       total 42496K, used 11186K [0x00000000c2a00000, 0x00000000c5380000, 0x00000000eb900000)
  object space 42496K, 26% used [0x00000000c2a00000,0x00000000c34ec9b8,0x00000000c5380000)
 Metaspace       used 13579K, capacity 13954K, committed 14208K, reserved 1062912K
  class space    used 1540K, capacity 1657K, committed 1664K, reserved 1048576K
GC Heap History (10 events):
Event: 87.680 GC heap after
Heap after GC invocations=5 (full 1):
 PSYoungGen      total 18432K, used 2560K [0x00000000eb900000, 0x00000000edd00000, 0x0000000100000000)
  eden space 15872K, 0% used [0x00000000eb900000,0x00000000eb900000,0x00000000ec880000)
  from space 2560K, 100% used [0x00000000ecb00000,0x00000000ecd80000,0x00000000ecd80000)
  to   space 2560K, 0% used [0x00000000ec880000,0x00000000ec880000,0x00000000ecb00000)
 ParOldGen       total 42496K, used 7493K [0x00000000c2a00000, 0x00000000c5380000, 0x00000000eb900000)
  object space 42496K, 17% used [0x00000000c2a00000,0x00000000c31514e8,0x00000000c5380000)
 Metaspace       used 13312K, capacity 13692K, committed 13952K, reserved 1060864K
  class space    used 1539K, capacity 1656K, committed 1664K, reserved 1048576K
}
Event: 87.977 GC heap before
{Heap before GC invocations=6 (full 1):
 PSYoungGen      total 18432K, used 18432K [0x00000000eb900000, 0x00000000edd00000, 0x0000000100000000)
  eden space 15872K, 100% used [0x00000000eb900000,0x00000000ec880000,0x00000000ec880000)
  from space 2560K, 100% used [0x00000000ecb00000,0x00000000ecd80000,0x00000000ecd80000)
  to   space 2560K, 0% used [0x00000000ec880000,0x00000000ec880000,0x00000000ecb00000)
 ParOldGen       total 42496K, used 7493K [0x00000000c2a00000, 0x00000000c5380000, 0x00000000eb900000)
  object space 42496K, 17% used [0x00000000c2a00000,0x00000000c31514e8,0x00000000c5380000)
 Metaspace       used 13367K, capacity 13756K, committed 13952K, reserved 1060864K
  class space    used 1539K, capacity 1656K, committed 1664K, reserved 1048576K
Event: 88.012 GC heap after
Heap after GC invocations=6 (full 1):
 PSYoungGen      total 18432K, used 2560K [0x00000000eb900000, 0x00000000edd00000, 0x0000000100000000)
  eden space 15872K, 0% used [0x00000000eb900000,0x00000000eb900000,0x00000000ec880000)
  from space 2560K, 100% used [0x00000000ec880000,0x00000000ecb00000,0x00000000ecb00000)
  to   space 2560K, 0% used [0x00000000eda80000,0x00000000eda80000,0x00000000edd00000)
 ParOldGen       total 42496K, used 8373K [0x00000000c2a00000, 0x00000000c5380000, 0x00000000eb900000)
  object space 42496K, 19% used [0x00000000c2a00000,0x00000000c322d518,0x00000000c5380000)
 Metaspace       used 13367K, capacity 13756K, committed 13952K, reserved 1060864K
  class space    used 1539K, capacity 1656K, committed 1664K, reserved 1048576K
}
Event: 88.361 GC heap before
{Heap before GC invocations=7 (full 1):
 PSYoungGen      total 18432K, used 18432K [0x00000000eb900000, 0x00000000edd00000, 0x0000000100000000)
  eden space 15872K, 100% used [0x00000000eb900000,0x00000000ec880000,0x00000000ec880000)
  from space 2560K, 100% used [0x00000000ec880000,0x00000000ecb00000,0x00000000ecb00000)
  to   space 2560K, 0% used [0x00000000eda80000,0x00000000eda80000,0x00000000edd00000)
 ParOldGen       total 42496K, used 8373K [0x00000000c2a00000, 0x00000000c5380000, 0x00000000eb900000)
  object space 42496K, 19% used [0x00000000c2a00000,0x00000000c322d518,0x00000000c5380000)
 Metaspace       used 13441K, capacity 13820K, committed 13952K, reserved 1060864K
  class space    used 1539K, capacity 1656K, committed 1664K, reserved 1048576K
Event: 88.380 GC heap after
Heap after GC invocations=7 (full 1):
 PSYoungGen      total 31744K, used 2560K [0x00000000eb900000, 0x00000000ee200000, 0x0000000100000000)
  eden space 29184K, 0% used [0x00000000eb900000,0x00000000eb900000,0x00000000ed580000)
  from space 2560K, 100% used [0x00000000eda80000,0x00000000edd00000,0x00000000edd00000)
  to   space 5120K, 0% used [0x00000000ed580000,0x00000000ed580000,0x00000000eda80000)
 ParOldGen       total 42496K, used 9277K [0x00000000c2a00000, 0x00000000c5380000, 0x00000000eb900000)
  object space 42496K, 21% used [0x00000000c2a00000,0x00000000c330f5a8,0x00000000c5380000)
 Metaspace       used 13441K, capacity 13820K, committed 13952K, reserved 1060864K
  class space    used 1539K, capacity 1656K, committed 1664K, reserved 1048576K
}
Event: 89.797 GC heap before
{Heap before GC invocations=8 (full 1):
 PSYoungGen      total 31744K, used 31744K [0x00000000eb900000, 0x00000000ee200000, 0x0000000100000000)
  eden space 29184K, 100% used [0x00000000eb900000,0x00000000ed580000,0x00000000ed580000)
  from space 2560K, 100% used [0x00000000eda80000,0x00000000edd00000,0x00000000edd00000)
  to   space 5120K, 0% used [0x00000000ed580000,0x00000000ed580000,0x00000000eda80000)
 ParOldGen       total 42496K, used 9277K [0x00000000c2a00000, 0x00000000c5380000, 0x00000000eb900000)
  object space 42496K, 21% used [0x00000000c2a00000,0x00000000c330f5a8,0x00000000c5380000)
 Metaspace       used 13507K, capacity 13820K, committed 13952K, reserved 1060864K
  class space    used 1539K, capacity 1656K, committed 1664K, reserved 1048576K
Event: 89.826 GC heap after
Heap after GC invocations=8 (full 1):
 PSYoungGen      total 34304K, used 4148K [0x00000000eb900000, 0x00000000efc00000, 0x0000000100000000)
  eden space 29184K, 0% used [0x00000000eb900000,0x00000000eb900000,0x00000000ed580000)
  from space 5120K, 81% used [0x00000000ed580000,0x00000000ed98d0a0,0x00000000eda80000)
  to   space 5120K, 0% used [0x00000000ef700000,0x00000000ef700000,0x00000000efc00000)
 ParOldGen       total 42496K, used 9285K [0x00000000c2a00000, 0x00000000c5380000, 0x00000000eb900000)
  object space 42496K, 21% used [0x00000000c2a00000,0x00000000c33115a8,0x00000000c5380000)
 Metaspace       used 13507K, capacity 13820K, committed 13952K, reserved 1060864K
  class space    used 1539K, capacity 1656K, committed 1664K, reserved 1048576K
}
Event: 90.185 GC heap before
{Heap before GC invocations=9 (full 1):
 PSYoungGen      total 34304K, used 33332K [0x00000000eb900000, 0x00000000efc00000, 0x0000000100000000)
  eden space 29184K, 100% used [0x00000000eb900000,0x00000000ed580000,0x00000000ed580000)
  from space 5120K, 81% used [0x00000000ed580000,0x00000000ed98d0a0,0x00000000eda80000)
  to   space 5120K, 0% used [0x00000000ef700000,0x00000000ef700000,0x00000000efc00000)
 ParOldGen       total 42496K, used 9285K [0x00000000c2a00000, 0x00000000c5380000, 0x00000000eb900000)
  object space 42496K, 21% used [0x00000000c2a00000,0x00000000c33115a8,0x00000000c5380000)
 Metaspace       used 13540K, capacity 13884K, committed 13952K, reserved 1060864K
  class space    used 1539K, capacity 1656K, committed 1664K, reserved 1048576K
Event: 90.210 GC heap after
Heap after GC invocations=9 (full 1):
 PSYoungGen      total 62976K, used 4468K [0x00000000eb900000, 0x00000000efd00000, 0x0000000100000000)
  eden space 57856K, 0% used [0x00000000eb900000,0x00000000eb900000,0x00000000ef180000)
  from space 5120K, 87% used [0x00000000ef700000,0x00000000efb5d0a0,0x00000000efc00000)
  to   space 5632K, 0% used [0x00000000ef180000,0x00000000ef180000,0x00000000ef700000)
 ParOldGen       total 42496K, used 9874K [0x00000000c2a00000, 0x00000000c5380000, 0x00000000eb900000)
  object space 42496K, 23% used [0x00000000c2a00000,0x00000000c33a49b8,0x00000000c5380000)
 Metaspace       used 13540K, capacity 13884K, committed 13952K, reserved 1060864K
  class space    used 1539K, capacity 1656K, committed 1664K, reserved 1048576K
}
Event: 91.907 GC heap before
{Heap before GC invocations=10 (full 1):
 PSYoungGen      total 62976K, used 62324K [0x00000000eb900000, 0x00000000efd00000, 0x0000000100000000)
  eden space 57856K, 100% used [0x00000000eb900000,0x00000000ef180000,0x00000000ef180000)
  from space 5120K, 87% used [0x00000000ef700000,0x00000000efb5d0a0,0x00000000efc00000)
  to   space 5632K, 0% used [0x00000000ef180000,0x00000000ef180000,0x00000000ef700000)
 ParOldGen       total 42496K, used 9874K [0x00000000c2a00000, 0x00000000c5380000, 0x00000000eb900000)
  object space 42496K, 23% used [0x00000000c2a00000,0x00000000c33a49b8,0x00000000c5380000)
 Metaspace       used 13579K, capacity 13954K, committed 14208K, reserved 1062912K
  class space    used 1540K, capacity 1657K, committed 1664K, reserved 1048576K

