# JRE version: Java(TM) SE Runtime Environment (8.0_201-b09) (build 1.8.0_201-b09)
# Java VM: Java HotSpot(TM) 64-Bit Server VM (25.201-b09 mixed mode linux-amd64 compressed oops)
Heap:
 PSYoungGen      total 283648K, used 0K [0x00000000eb900000, 0x0000000100000000, 0x0000000100000000)
  eden space 232448K, 0% used [0x00000000eb900000,0x00000000eb900000,0x00000000f9c00000)
  from space 51200K, 0% used [0x00000000f9c00000,0x00000000f9c00000,0x00000000fce00000)
  to   space 51200K, 0% used [0x00000000fce00000,0x00000000fce00000,0x0000000100000000)
 ParOldGen       total 195072K, used 86010K [0x00000000c2a00000, 0x00000000ce880000, 0x00000000eb900000)
  object space 195072K, 44% used [0x00000000c2a00000,0x00000000c7dfeb68,0x00000000ce880000)
 Metaspace       used 23777K, capacity 24392K, committed 24576K, reserved 1071104K
  class space    used 2518K, capacity 2698K, committed 2816K, reserved 1048576K
GC Heap History (10 events):
Event: 78.750 GC heap after
Heap after GC invocations=17 (full 2):
 PSYoungGen      total 318464K, used 16375K [0x00000000eb900000, 0x0000000100000000, 0x0000000100000000)
  eden space 302080K, 0% used [0x00000000eb900000,0x00000000eb900000,0x00000000fe000000)
  from space 16384K, 99% used [0x00000000fe000000,0x00000000feffde30,0x00000000ff000000)
  to   space 16384K, 0% used [0x00000000ff000000,0x00000000ff000000,0x0000000100000000)
 ParOldGen       total 89088K, used 88097K [0x00000000c2a00000, 0x00000000c8100000, 0x00000000eb900000)
  object space 89088K, 98% used [0x00000000c2a00000,0x00000000c8008748,0x00000000c8100000)
 Metaspace       used 23534K, capacity 24198K, committed 24448K, reserved 1071104K
  class space    used 2503K, capacity 2687K, committed 2688K, reserved 1048576K
}
Event: 78.750 GC heap before
{Heap before GC invocations=18 (full 3):
 PSYoungGen      total 318464K, used 16375K [0x00000000eb900000, 0x0000000100000000, 0x0000000100000000)
  eden space 302080K, 0% used [0x00000000eb900000,0x00000000eb900000,0x00000000fe000000)
  from space 16384K, 99% used [0x00000000fe000000,0x00000000feffde30,0x00000000ff000000)
  to   space 16384K, 0% used [0x00000000ff000000,0x00000000ff000000,0x0000000100000000)
 ParOldGen       total 89088K, used 88097K [0x00000000c2a00000, 0x00000000c8100000, 0x00000000eb900000)
  object space 89088K, 98% used [0x00000000c2a00000,0x00000000c8008748,0x00000000c8100000)
 Metaspace       used 23534K, capacity 24198K, committed 24448K, reserved 1071104K
  class space    used 2503K, capacity 2687K, committed 2688K, reserved 1048576K
Event: 80.185 GC heap after
Heap after GC invocations=18 (full 3):
 PSYoungGen      total 318464K, used 11732K [0x00000000eb900000, 0x0000000100000000, 0x0000000100000000)
  eden space 302080K, 0% used [0x00000000eb900000,0x00000000eb900000,0x00000000fe000000)
  from space 16384K, 71% used [0x00000000fe000000,0x00000000feb75390,0x00000000ff000000)
  to   space 16384K, 0% used [0x00000000ff000000,0x00000000ff000000,0x0000000100000000)
 ParOldGen       total 156672K, used 88594K [0x00000000c2a00000, 0x00000000cc300000, 0x00000000eb900000)
  object space 156672K, 56% used [0x00000000c2a00000,0x00000000c8084a90,0x00000000cc300000)
 Metaspace       used 23534K, capacity 24198K, committed 24448K, reserved 1071104K
  class space    used 2503K, capacity 2687K, committed 2688K, reserved 1048576K
}
Event: 83.768 GC heap before
{Heap before GC invocations=19 (full 3):
 PSYoungGen      total 318464K, used 313812K [0x00000000eb900000, 0x0000000100000000, 0x0000000100000000)
  eden space 302080K, 100% used [0x00000000eb900000,0x00000000fe000000,0x00000000fe000000)
  from space 16384K, 71% used [0x00000000fe000000,0x00000000feb75390,0x00000000ff000000)
  to   space 16384K, 0% used [0x00000000ff000000,0x00000000ff000000,0x0000000100000000)
 ParOldGen       total 156672K, used 88594K [0x00000000c2a00000, 0x00000000cc300000, 0x00000000eb900000)
  object space 156672K, 56% used [0x00000000c2a00000,0x00000000c8084a90,0x00000000cc300000)
 Metaspace       used 23748K, capacity 24392K, committed 24576K, reserved 1071104K
  class space    used 2518K, capacity 2698K, committed 2816K, reserved 1048576K
Event: 83.924 GC heap after
Heap after GC invocations=19 (full 3):
 PSYoungGen      total 248832K, used 16364K [0x00000000eb900000, 0x0000000100000000, 0x0000000100000000)
  eden space 232448K, 0% used [0x00000000eb900000,0x00000000eb900000,0x00000000f9c00000)
  from space 16384K, 99% used [0x00000000ff000000,0x00000000ffffb018,0x0000000100000000)
  to   space 51200K, 0% used [0x00000000f9c00000,0x00000000f9c00000,0x00000000fce00000)
 ParOldGen       total 156672K, used 136304K [0x00000000c2a00000, 0x00000000cc300000, 0x00000000eb900000)
  object space 156672K, 87% used [0x00000000c2a00000,0x00000000caf1c3d8,0x00000000cc300000)
 Metaspace       used 23748K, capacity 24392K, committed 24576K, reserved 1071104K
  class space    used 2518K, capacity 2698K, committed 2816K, reserved 1048576K
}
Event: 83.924 GC heap before
{Heap before GC invocations=20 (full 4):
 PSYoungGen      total 248832K, used 16364K [0x00000000eb900000, 0x0000000100000000, 0x0000000100000000)
  eden space 232448K, 0% used [0x00000000eb900000,0x00000000eb900000,0x00000000f9c00000)
  from space 16384K, 99% used [0x00000000ff000000,0x00000000ffffb018,0x0000000100000000)
  to   space 51200K, 0% used [0x00000000f9c00000,0x00000000f9c00000,0x00000000fce00000)
 ParOldGen       total 156672K, used 136304K [0x00000000c2a00000, 0x00000000cc300000, 0x00000000eb900000)
  object space 156672K, 87% used [0x00000000c2a00000,0x00000000caf1c3d8,0x00000000cc300000)
 Metaspace       used 23748K, capacity 24392K, committed 24576K, reserved 1071104K
  class space    used 2518K, capacity 2698K, committed 2816K, reserved 1048576K
Event: 84.538 GC heap after
Heap after GC invocations=20 (full 4):
 PSYoungGen      total 248832K, used 0K [0x00000000eb900000, 0x0000000100000000, 0x0000000100000000)
  eden space 232448K, 0% used [0x00000000eb900000,0x00000000eb900000,0x00000000f9c00000)
  from space 16384K, 0% used [0x00000000ff000000,0x00000000ff000000,0x0000000100000000)
  to   space 51200K, 0% used [0x00000000f9c00000,0x00000000f9c00000,0x00000000fce00000)
 ParOldGen       total 195072K, used 92988K [0x00000000c2a00000, 0x00000000ce880000, 0x00000000eb900000)
  object space 195072K, 47% used [0x00000000c2a00000,0x00000000c84cf180,0x00000000ce880000)
 Metaspace       used 23748K, capacity 24392K, committed 24576K, reserved 1071104K
  class space    used 2518K, capacity 2698K, committed 2816K, reserved 1048576K
}
Event: 86.096 GC heap before
{Heap before GC invocations=21 (full 4):
 PSYoungGen      total 248832K, used 232448K [0x00000000eb900000, 0x0000000100000000, 0x0000000100000000)
  eden space 232448K, 100% used [0x00000000eb900000,0x00000000f9c00000,0x00000000f9c00000)
  from space 16384K, 0% used [0x00000000ff000000,0x00000000ff000000,0x0000000100000000)
  to   space 51200K, 0% used [0x00000000f9c00000,0x00000000f9c00000,0x00000000fce00000)
 ParOldGen       total 195072K, used 92988K [0x00000000c2a00000, 0x00000000ce880000, 0x00000000eb900000)
  object space 195072K, 47% used [0x00000000c2a00000,0x00000000c84cf180,0x00000000ce880000)
 Metaspace       used 23777K, capacity 24392K, committed 24576K, reserved 1071104K
  class space    used 2518K, capacity 2698K, committed 2816K, reserved 1048576K
Event: 86.182 GC heap after
Heap after GC invocations=21 (full 4):
 PSYoungGen      total 283648K, used 51187K [0x00000000eb900000, 0x0000000100000000, 0x0000000100000000)
  eden space 232448K, 0% used [0x00000000eb900000,0x00000000eb900000,0x00000000f9c00000)
  from space 51200K, 99% used [0x00000000f9c00000,0x00000000fcdfcc58,0x00000000fce00000)
  to   space 51200K, 0% used [0x00000000fce00000,0x00000000fce00000,0x0000000100000000)
 ParOldGen       total 195072K, used 159735K [0x00000000c2a00000, 0x00000000ce880000, 0x00000000eb900000)
  object space 195072K, 81% used [0x00000000c2a00000,0x00000000cc5fde28,0x00000000ce880000)
 Metaspace       used 23777K, capacity 24392K, committed 24576K, reserved 1071104K
  class space    used 2518K, capacity 2698K, committed 2816K, reserved 1048576K
}
Event: 86.182 GC heap before
{Heap before GC invocations=22 (full 5):
 PSYoungGen      total 283648K, used 51187K [0x00000000eb900000, 0x0000000100000000, 0x0000000100000000)
  eden space 232448K, 0% used [0x00000000eb900000,0x00000000eb900000,0x00000000f9c00000)
  from space 51200K, 99% used [0x00000000f9c00000,0x00000000fcdfcc58,0x00000000fce00000)
  to   space 51200K, 0% used [0x00000000fce00000,0x00000000fce00000,0x0000000100000000)
 ParOldGen       total 195072K, used 159735K [0x00000000c2a00000, 0x00000000ce880000, 0x00000000eb900000)
  object space 195072K, 81% used [0x00000000c2a00000,0x00000000cc5fde28,0x00000000ce880000)
 Metaspace       used 23777K, capacity 24392K, committed 24576K, reserved 1071104K
  class space    used 2518K, capacity 2698K, committed 2816K, reserved 1048576K

