# JRE version: Java(TM) SE Runtime Environment (8.0_201-b09) (build 1.8.0_201-b09)
# Java VM: Java HotSpot(TM) 64-Bit Server VM (25.201-b09 mixed mode linux-amd64 compressed oops)
Heap:
 PSYoungGen      total 245760K, used 51747K [0x00000000eb900000, 0x00000000fae80000, 0x0000000100000000)
  eden space 240128K, 21% used [0x00000000eb900000,0x00000000eeac8e40,0x00000000fa380000)
  from space 5632K, 13% used [0x00000000fa900000,0x00000000fa9c0000,0x00000000fae80000)
  to   space 5632K, 0% used [0x00000000fa380000,0x00000000fa380000,0x00000000fa900000)
 ParOldGen       total 42496K, used 9462K [0x00000000c2a00000, 0x00000000c5380000, 0x00000000eb900000)
  object space 42496K, 22% used [0x00000000c2a00000,0x00000000c333d9a0,0x00000000c5380000)
 Metaspace       used 14614K, capacity 15124K, committed 15488K, reserved 1062912K
  class space    used 1654K, capacity 1800K, committed 1920K, reserved 1048576K
GC Heap History (10 events):
Event: 41.403 GC heap before
{Heap before GC invocations=11 (full 1):
 PSYoungGen      total 63488K, used 58496K [0x00000000eb900000, 0x00000000f3600000, 0x0000000100000000)
  eden space 58368K, 100% used [0x00000000eb900000,0x00000000ef200000,0x00000000ef200000)
  from space 5120K, 2% used [0x00000000ef200000,0x00000000ef220000,0x00000000ef700000)
  to   space 5632K, 0% used [0x00000000f3080000,0x00000000f3080000,0x00000000f3600000)
 ParOldGen       total 42496K, used 9286K [0x00000000c2a00000, 0x00000000c5380000, 0x00000000eb900000)
  object space 42496K, 21% used [0x00000000c2a00000,0x00000000c33119a0,0x00000000c5380000)
 Metaspace       used 13688K, capacity 14072K, committed 14336K, reserved 1062912K
  class space    used 1589K, capacity 1706K, committed 1792K, reserved 1048576K
Event: 41.405 GC heap after
Heap after GC invocations=11 (full 1):
 PSYoungGen      total 94208K, used 96K [0x00000000eb900000, 0x00000000f3100000, 0x0000000100000000)
  eden space 93696K, 0% used [0x00000000eb900000,0x00000000eb900000,0x00000000f1480000)
  from space 512K, 18% used [0x00000000f3080000,0x00000000f3098000,0x00000000f3100000)
  to   space 5632K, 0% used [0x00000000f2600000,0x00000000f2600000,0x00000000f2b80000)
 ParOldGen       total 42496K, used 9326K [0x00000000c2a00000, 0x00000000c5380000, 0x00000000eb900000)
  object space 42496K, 21% used [0x00000000c2a00000,0x00000000c331b9a0,0x00000000c5380000)
 Metaspace       used 13688K, capacity 14072K, committed 14336K, reserved 1062912K
  class space    used 1589K, capacity 1706K, committed 1792K, reserved 1048576K
}
Event: 42.135 GC heap before
{Heap before GC invocations=12 (full 1):
 PSYoungGen      total 94208K, used 93792K [0x00000000eb900000, 0x00000000f3100000, 0x0000000100000000)
  eden space 93696K, 100% used [0x00000000eb900000,0x00000000f1480000,0x00000000f1480000)
  from space 512K, 18% used [0x00000000f3080000,0x00000000f3098000,0x00000000f3100000)
  to   space 5632K, 0% used [0x00000000f2600000,0x00000000f2600000,0x00000000f2b80000)
 ParOldGen       total 42496K, used 9326K [0x00000000c2a00000, 0x00000000c5380000, 0x00000000eb900000)
  object space 42496K, 21% used [0x00000000c2a00000,0x00000000c331b9a0,0x00000000c5380000)
 Metaspace       used 13690K, capacity 14072K, committed 14336K, reserved 1062912K
  class space    used 1589K, capacity 1706K, committed 1792K, reserved 1048576K
Event: 42.137 GC heap after
Heap after GC invocations=12 (full 1):
 PSYoungGen      total 117248K, used 160K [0x00000000eb900000, 0x00000000f5680000, 0x0000000100000000)
  eden space 111616K, 0% used [0x00000000eb900000,0x00000000eb900000,0x00000000f2600000)
  from space 5632K, 2% used [0x00000000f2600000,0x00000000f2628000,0x00000000f2b80000)
  to   space 5632K, 0% used [0x00000000f5100000,0x00000000f5100000,0x00000000f5680000)
 ParOldGen       total 42496K, used 9350K [0x00000000c2a00000, 0x00000000c5380000, 0x00000000eb900000)
  object space 42496K, 22% used [0x00000000c2a00000,0x00000000c33219a0,0x00000000c5380000)
 Metaspace       used 13690K, capacity 14072K, committed 14336K, reserved 1062912K
  class space    used 1589K, capacity 1706K, committed 1792K, reserved 1048576K
}
Event: 43.119 GC heap before
{Heap before GC invocations=13 (full 1):
 PSYoungGen      total 117248K, used 111776K [0x00000000eb900000, 0x00000000f5680000, 0x0000000100000000)
  eden space 111616K, 100% used [0x00000000eb900000,0x00000000f2600000,0x00000000f2600000)
  from space 5632K, 2% used [0x00000000f2600000,0x00000000f2628000,0x00000000f2b80000)
  to   space 5632K, 0% used [0x00000000f5100000,0x00000000f5100000,0x00000000f5680000)
 ParOldGen       total 42496K, used 9350K [0x00000000c2a00000, 0x00000000c5380000, 0x00000000eb900000)
  object space 42496K, 22% used [0x00000000c2a00000,0x00000000c33219a0,0x00000000c5380000)
 Metaspace       used 13691K, capacity 14072K, committed 14336K, reserved 1062912K
  class space    used 1589K, capacity 1706K, committed 1792K, reserved 1048576K
Event: 43.123 GC heap after
Heap after GC invocations=13 (full 1):
 PSYoungGen      total 155648K, used 224K [0x00000000eb900000, 0x00000000f7280000, 0x0000000100000000)
  eden space 150016K, 0% used [0x00000000eb900000,0x00000000eb900000,0x00000000f4b80000)
  from space 5632K, 3% used [0x00000000f5100000,0x00000000f5138000,0x00000000f5680000)
  to   space 5632K, 0% used [0x00000000f4b80000,0x00000000f4b80000,0x00000000f5100000)
 ParOldGen       total 42496K, used 9390K [0x00000000c2a00000, 0x00000000c5380000, 0x00000000eb900000)
  object space 42496K, 22% used [0x00000000c2a00000,0x00000000c332b9a0,0x00000000c5380000)
 Metaspace       used 13691K, capacity 14072K, committed 14336K, reserved 1062912K
  class space    used 1589K, capacity 1706K, committed 1792K, reserved 1048576K
}
Event: 45.115 GC heap before
{Heap before GC invocations=14 (full 1):
 PSYoungGen      total 155648K, used 150240K [0x00000000eb900000, 0x00000000f7280000, 0x0000000100000000)
  eden space 150016K, 100% used [0x00000000eb900000,0x00000000f4b80000,0x00000000f4b80000)
  from space 5632K, 3% used [0x00000000f5100000,0x00000000f5138000,0x00000000f5680000)
  to   space 5632K, 0% used [0x00000000f4b80000,0x00000000f4b80000,0x00000000f5100000)
 ParOldGen       total 42496K, used 9390K [0x00000000c2a00000, 0x00000000c5380000, 0x00000000eb900000)
  object space 42496K, 22% used [0x00000000c2a00000,0x00000000c332b9a0,0x00000000c5380000)
 Metaspace       used 13695K, capacity 14072K, committed 14336K, reserved 1062912K
  class space    used 1589K, capacity 1706K, committed 1792K, reserved 1048576K
Event: 45.118 GC heap after
Heap after GC invocations=14 (full 1):
 PSYoungGen      total 155648K, used 320K [0x00000000eb900000, 0x00000000fae80000, 0x0000000100000000)
  eden space 150016K, 0% used [0x00000000eb900000,0x00000000eb900000,0x00000000f4b80000)
  from space 5632K, 5% used [0x00000000f4b80000,0x00000000f4bd0000,0x00000000f5100000)
  to   space 5632K, 0% used [0x00000000fa900000,0x00000000fa900000,0x00000000fae80000)
 ParOldGen       total 42496K, used 9422K [0x00000000c2a00000, 0x00000000c5380000, 0x00000000eb900000)
  object space 42496K, 22% used [0x00000000c2a00000,0x00000000c33339a0,0x00000000c5380000)
 Metaspace       used 13695K, capacity 14072K, committed 14336K, reserved 1062912K
  class space    used 1589K, capacity 1706K, committed 1792K, reserved 1048576K
}
Event: 46.244 GC heap before
{Heap before GC invocations=15 (full 1):
 PSYoungGen      total 155648K, used 150336K [0x00000000eb900000, 0x00000000fae80000, 0x0000000100000000)
  eden space 150016K, 100% used [0x00000000eb900000,0x00000000f4b80000,0x00000000f4b80000)
  from space 5632K, 5% used [0x00000000f4b80000,0x00000000f4bd0000,0x00000000f5100000)
  to   space 5632K, 0% used [0x00000000fa900000,0x00000000fa900000,0x00000000fae80000)
 ParOldGen       total 42496K, used 9422K [0x00000000c2a00000, 0x00000000c5380000, 0x00000000eb900000)
  object space 42496K, 22% used [0x00000000c2a00000,0x00000000c33339a0,0x00000000c5380000)
 Metaspace       used 13737K, capacity 14072K, committed 14336K, reserved 1062912K
  class space    used 1589K, capacity 1706K, committed 1792K, reserved 1048576K
Event: 46.248 GC heap after
Heap after GC invocations=15 (full 1):
 PSYoungGen      total 245760K, used 768K [0x00000000eb900000, 0x00000000fae80000, 0x0000000100000000)
  eden space 240128K, 0% used [0x00000000eb900000,0x00000000eb900000,0x00000000fa380000)
  from space 5632K, 13% used [0x00000000fa900000,0x00000000fa9c0000,0x00000000fae80000)
  to   space 5632K, 0% used [0x00000000fa380000,0x00000000fa380000,0x00000000fa900000)
 ParOldGen       total 42496K, used 9462K [0x00000000c2a00000, 0x00000000c5380000, 0x00000000eb900000)
  object space 42496K, 22% used [0x00000000c2a00000,0x00000000c333d9a0,0x00000000c5380000)
 Metaspace       used 13737K, capacity 14072K, committed 14336K, reserved 1062912K
  class space    used 1589K, capacity 1706K, committed 1792K, reserved 1048576K
}

