# JRE version: Java(TM) SE Runtime Environment (8.0_201-b09) (build 1.8.0_201-b09)
# Java VM: Java HotSpot(TM) 64-Bit Server VM (25.201-b09 mixed mode linux-amd64 compressed oops)
Heap:
 PSYoungGen      total 58368K, used 56789K [0x00000000eb900000, 0x00000000f0980000, 0x0000000100000000)
  eden space 53248K, 97% used [0x00000000eb900000,0x00000000eeb77268,0x00000000eed00000)
  from space 5120K, 99% used [0x00000000eed00000,0x00000000ef1fe2c8,0x00000000ef200000)
  to   space 6656K, 0% used [0x00000000f0300000,0x00000000f0300000,0x00000000f0980000)
 ParOldGen       total 42496K, used 15478K [0x00000000c2a00000, 0x00000000c5380000, 0x00000000eb900000)
  object space 42496K, 36% used [0x00000000c2a00000,0x00000000c391daa8,0x00000000c5380000)
 Metaspace       used 14799K, capacity 15256K, committed 15360K, reserved 1062912K
  class space    used 1628K, capacity 1766K, committed 1792K, reserved 1048576K
GC Heap History (10 events):
Event: 24.919 GC heap before
{Heap before GC invocations=8 (full 1):
 PSYoungGen      total 15872K, used 15872K [0x00000000eb900000, 0x00000000ee200000, 0x0000000100000000)
  eden space 13312K, 100% used [0x00000000eb900000,0x00000000ec600000,0x00000000ec600000)
  from space 2560K, 100% used [0x00000000ecb00000,0x00000000ecd80000,0x00000000ecd80000)
  to   space 5120K, 0% used [0x00000000ec600000,0x00000000ec600000,0x00000000ecb00000)
 ParOldGen       total 42496K, used 9561K [0x00000000c2a00000, 0x00000000c5380000, 0x00000000eb900000)
  object space 42496K, 22% used [0x00000000c2a00000,0x00000000c3356528,0x00000000c5380000)
 Metaspace       used 13780K, capacity 14170K, committed 14336K, reserved 1062912K
  class space    used 1583K, capacity 1701K, committed 1792K, reserved 1048576K
Event: 24.939 GC heap after
Heap after GC invocations=8 (full 1):
 PSYoungGen      total 18432K, used 3392K [0x00000000eb900000, 0x00000000edc00000, 0x0000000100000000)
  eden space 13312K, 0% used [0x00000000eb900000,0x00000000eb900000,0x00000000ec600000)
  from space 5120K, 66% used [0x00000000ec600000,0x00000000ec950010,0x00000000ecb00000)
  to   space 4608K, 0% used [0x00000000ed780000,0x00000000ed780000,0x00000000edc00000)
 ParOldGen       total 42496K, used 9561K [0x00000000c2a00000, 0x00000000c5380000, 0x00000000eb900000)
  object space 42496K, 22% used [0x00000000c2a00000,0x00000000c3356528,0x00000000c5380000)
 Metaspace       used 13780K, capacity 14170K, committed 14336K, reserved 1062912K
  class space    used 1583K, capacity 1701K, committed 1792K, reserved 1048576K
}
Event: 25.173 GC heap before
{Heap before GC invocations=9 (full 1):
 PSYoungGen      total 18432K, used 16704K [0x00000000eb900000, 0x00000000edc00000, 0x0000000100000000)
  eden space 13312K, 100% used [0x00000000eb900000,0x00000000ec600000,0x00000000ec600000)
  from space 5120K, 66% used [0x00000000ec600000,0x00000000ec950010,0x00000000ecb00000)
  to   space 4608K, 0% used [0x00000000ed780000,0x00000000ed780000,0x00000000edc00000)
 ParOldGen       total 42496K, used 9561K [0x00000000c2a00000, 0x00000000c5380000, 0x00000000eb900000)
  object space 42496K, 22% used [0x00000000c2a00000,0x00000000c3356528,0x00000000c5380000)
 Metaspace       used 13805K, capacity 14170K, committed 14336K, reserved 1062912K
  class space    used 1583K, capacity 1701K, committed 1792K, reserved 1048576K
Event: 25.198 GC heap after
Heap after GC invocations=9 (full 1):
 PSYoungGen      total 31232K, used 3696K [0x00000000eb900000, 0x00000000edc00000, 0x0000000100000000)
  eden space 26624K, 0% used [0x00000000eb900000,0x00000000eb900000,0x00000000ed300000)
  from space 4608K, 80% used [0x00000000ed780000,0x00000000edb1c060,0x00000000edc00000)
  to   space 4608K, 0% used [0x00000000ed300000,0x00000000ed300000,0x00000000ed780000)
 ParOldGen       total 42496K, used 10027K [0x00000000c2a00000, 0x00000000c5380000, 0x00000000eb900000)
  object space 42496K, 23% used [0x00000000c2a00000,0x00000000c33cac90,0x00000000c5380000)
 Metaspace       used 13805K, capacity 14170K, committed 14336K, reserved 1062912K
  class space    used 1583K, capacity 1701K, committed 1792K, reserved 1048576K
}
Event: 25.735 GC heap before
{Heap before GC invocations=10 (full 1):
 PSYoungGen      total 31232K, used 30320K [0x00000000eb900000, 0x00000000edc00000, 0x0000000100000000)
  eden space 26624K, 100% used [0x00000000eb900000,0x00000000ed300000,0x00000000ed300000)
  from space 4608K, 80% used [0x00000000ed780000,0x00000000edb1c060,0x00000000edc00000)
  to   space 4608K, 0% used [0x00000000ed300000,0x00000000ed300000,0x00000000ed780000)
 ParOldGen       total 42496K, used 10027K [0x00000000c2a00000, 0x00000000c5380000, 0x00000000eb900000)
  object space 42496K, 23% used [0x00000000c2a00000,0x00000000c33cac90,0x00000000c5380000)
 Metaspace       used 13864K, capacity 14240K, committed 14336K, reserved 1062912K
  class space    used 1584K, capacity 1702K, committed 1792K, reserved 1048576K
Event: 25.780 GC heap after
Heap after GC invocations=10 (full 1):
 PSYoungGen      total 31232K, used 4272K [0x00000000eb900000, 0x00000000ef700000, 0x0000000100000000)
  eden space 26624K, 0% used [0x00000000eb900000,0x00000000eb900000,0x00000000ed300000)
  from space 4608K, 92% used [0x00000000ed300000,0x00000000ed72c1c0,0x00000000ed780000)
  to   space 5120K, 0% used [0x00000000ef200000,0x00000000ef200000,0x00000000ef700000)
 ParOldGen       total 42496K, used 11275K [0x00000000c2a00000, 0x00000000c5380000, 0x00000000eb900000)
  object space 42496K, 26% used [0x00000000c2a00000,0x00000000c3502c90,0x00000000c5380000)
 Metaspace       used 13864K, capacity 14240K, committed 14336K, reserved 1062912K
  class space    used 1584K, capacity 1702K, committed 1792K, reserved 1048576K
}
Event: 26.244 GC heap before
{Heap before GC invocations=11 (full 1):
 PSYoungGen      total 31232K, used 30896K [0x00000000eb900000, 0x00000000ef700000, 0x0000000100000000)
  eden space 26624K, 100% used [0x00000000eb900000,0x00000000ed300000,0x00000000ed300000)
  from space 4608K, 92% used [0x00000000ed300000,0x00000000ed72c1c0,0x00000000ed780000)
  to   space 5120K, 0% used [0x00000000ef200000,0x00000000ef200000,0x00000000ef700000)
 ParOldGen       total 42496K, used 11275K [0x00000000c2a00000, 0x00000000c5380000, 0x00000000eb900000)
  object space 42496K, 26% used [0x00000000c2a00000,0x00000000c3502c90,0x00000000c5380000)
 Metaspace       used 13878K, capacity 14240K, committed 14336K, reserved 1062912K
  class space    used 1584K, capacity 1702K, committed 1792K, reserved 1048576K
Event: 26.259 GC heap after
Heap after GC invocations=11 (full 1):
 PSYoungGen      total 48128K, used 4672K [0x00000000eb900000, 0x00000000ef700000, 0x0000000100000000)
  eden space 43008K, 0% used [0x00000000eb900000,0x00000000eb900000,0x00000000ee300000)
  from space 5120K, 91% used [0x00000000ef200000,0x00000000ef690090,0x00000000ef700000)
  to   space 5120K, 0% used [0x00000000eed00000,0x00000000eed00000,0x00000000ef200000)
 ParOldGen       total 42496K, used 12900K [0x00000000c2a00000, 0x00000000c5380000, 0x00000000eb900000)
  object space 42496K, 30% used [0x00000000c2a00000,0x00000000c36992a0,0x00000000c5380000)
 Metaspace       used 13878K, capacity 14240K, committed 14336K, reserved 1062912K
  class space    used 1584K, capacity 1702K, committed 1792K, reserved 1048576K
}
Event: 27.012 GC heap before
{Heap before GC invocations=12 (full 1):
 PSYoungGen      total 48128K, used 47680K [0x00000000eb900000, 0x00000000ef700000, 0x0000000100000000)
  eden space 43008K, 100% used [0x00000000eb900000,0x00000000ee300000,0x00000000ee300000)
  from space 5120K, 91% used [0x00000000ef200000,0x00000000ef690090,0x00000000ef700000)
  to   space 5120K, 0% used [0x00000000eed00000,0x00000000eed00000,0x00000000ef200000)
 ParOldGen       total 42496K, used 12900K [0x00000000c2a00000, 0x00000000c5380000, 0x00000000eb900000)
  object space 42496K, 30% used [0x00000000c2a00000,0x00000000c36992a0,0x00000000c5380000)
 Metaspace       used 13893K, capacity 14240K, committed 14336K, reserved 1062912K
  class space    used 1584K, capacity 1702K, committed 1792K, reserved 1048576K
Event: 27.051 GC heap after
Heap after GC invocations=12 (full 1):
 PSYoungGen      total 58368K, used 5112K [0x00000000eb900000, 0x00000000f0980000, 0x0000000100000000)
  eden space 53248K, 0% used [0x00000000eb900000,0x00000000eb900000,0x00000000eed00000)
  from space 5120K, 99% used [0x00000000eed00000,0x00000000ef1fe2c8,0x00000000ef200000)
  to   space 6656K, 0% used [0x00000000f0300000,0x00000000f0300000,0x00000000f0980000)
 ParOldGen       total 42496K, used 15478K [0x00000000c2a00000, 0x00000000c5380000, 0x00000000eb900000)
  object space 42496K, 36% used [0x00000000c2a00000,0x00000000c391daa8,0x00000000c5380000)
 Metaspace       used 13893K, capacity 14240K, committed 14336K, reserved 1062912K
  class space    used 1584K, capacity 1702K, committed 1792K, reserved 1048576K
}

