# JRE version: Java(TM) SE Runtime Environment (8.0_201-b09) (build 1.8.0_201-b09)
# Java VM: Java HotSpot(TM) 64-Bit Server VM (25.201-b09 mixed mode linux-amd64 compressed oops)
Heap:
 PSYoungGen      total 244736K, used 13917K [0x00000000eb900000, 0x00000000fba80000, 0x0000000100000000)
  eden space 225792K, 0% used [0x00000000eb900000,0x00000000eb900000,0x00000000f9580000)
  from space 18944K, 73% used [0x00000000fa800000,0x00000000fb597748,0x00000000fba80000)
  to   space 5120K, 0% used [0x00000000f9b80000,0x00000000f9b80000,0x00000000fa080000)
 ParOldGen       total 74240K, used 38878K [0x00000000c2a00000, 0x00000000c7280000, 0x00000000eb900000)
  object space 74240K, 52% used [0x00000000c2a00000,0x00000000c4ff79b8,0x00000000c7280000)
 Metaspace       used 23121K, capacity 23836K, committed 23936K, reserved 1071104K
  class space    used 2475K, capacity 2666K, committed 2688K, reserved 1048576K
GC Heap History (10 events):
Event: 6.919 GC heap after
Heap after GC invocations=9 (full 1):
 PSYoungGen      total 125952K, used 7140K [0x00000000eb900000, 0x00000000f4100000, 0x0000000100000000)
  eden space 118784K, 0% used [0x00000000eb900000,0x00000000eb900000,0x00000000f2d00000)
  from space 7168K, 99% used [0x00000000f3600000,0x00000000f3cf9388,0x00000000f3d00000)
  to   space 9216K, 0% used [0x00000000f2d00000,0x00000000f2d00000,0x00000000f3600000)
 ParOldGen       total 42496K, used 14908K [0x00000000c2a00000, 0x00000000c5380000, 0x00000000eb900000)
  object space 42496K, 35% used [0x00000000c2a00000,0x00000000c388f090,0x00000000c5380000)
 Metaspace       used 16774K, capacity 16984K, committed 17280K, reserved 1064960K
  class space    used 1837K, capacity 1914K, committed 1920K, reserved 1048576K
}
Event: 11.624 GC heap before
{Heap before GC invocations=10 (full 1):
 PSYoungGen      total 125952K, used 125924K [0x00000000eb900000, 0x00000000f4100000, 0x0000000100000000)
  eden space 118784K, 100% used [0x00000000eb900000,0x00000000f2d00000,0x00000000f2d00000)
  from space 7168K, 99% used [0x00000000f3600000,0x00000000f3cf9388,0x00000000f3d00000)
  to   space 9216K, 0% used [0x00000000f2d00000,0x00000000f2d00000,0x00000000f3600000)
 ParOldGen       total 42496K, used 14908K [0x00000000c2a00000, 0x00000000c5380000, 0x00000000eb900000)
  object space 42496K, 35% used [0x00000000c2a00000,0x00000000c388f090,0x00000000c5380000)
 Metaspace       used 19071K, capacity 19322K, committed 19712K, reserved 1067008K
  class space    used 2135K, capacity 2226K, committed 2304K, reserved 1048576K
Event: 11.792 GC heap after
Heap after GC invocations=10 (full 1):
 PSYoungGen      total 128000K, used 9204K [0x00000000eb900000, 0x00000000fc400000, 0x0000000100000000)
  eden space 118784K, 0% used [0x00000000eb900000,0x00000000eb900000,0x00000000f2d00000)
  from space 9216K, 99% used [0x00000000f2d00000,0x00000000f35fd3b8,0x00000000f3600000)
  to   space 17920K, 0% used [0x00000000fb280000,0x00000000fb280000,0x00000000fc400000)
 ParOldGen       total 42496K, used 32678K [0x00000000c2a00000, 0x00000000c5380000, 0x00000000eb900000)
  object space 42496K, 76% used [0x00000000c2a00000,0x00000000c49e98c8,0x00000000c5380000)
 Metaspace       used 19071K, capacity 19322K, committed 19712K, reserved 1067008K
  class space    used 2135K, capacity 2226K, committed 2304K, reserved 1048576K
}
Event: 14.961 GC heap before
{Heap before GC invocations=11 (full 1):
 PSYoungGen      total 128000K, used 103524K [0x00000000eb900000, 0x00000000fc400000, 0x0000000100000000)
  eden space 118784K, 79% used [0x00000000eb900000,0x00000000f151bc98,0x00000000f2d00000)
  from space 9216K, 99% used [0x00000000f2d00000,0x00000000f35fd3b8,0x00000000f3600000)
  to   space 17920K, 0% used [0x00000000fb280000,0x00000000fb280000,0x00000000fc400000)
 ParOldGen       total 42496K, used 32678K [0x00000000c2a00000, 0x00000000c5380000, 0x00000000eb900000)
  object space 42496K, 76% used [0x00000000c2a00000,0x00000000c49e98c8,0x00000000c5380000)
 Metaspace       used 20703K, capacity 21082K, committed 21248K, reserved 1069056K
  class space    used 2290K, capacity 2435K, committed 2560K, reserved 1048576K
Event: 15.028 GC heap after
Heap after GC invocations=11 (full 1):
 PSYoungGen      total 205824K, used 15129K [0x00000000eb900000, 0x00000000fc180000, 0x0000000100000000)
  eden space 190464K, 0% used [0x00000000eb900000,0x00000000eb900000,0x00000000f7300000)
  from space 15360K, 98% used [0x00000000fb280000,0x00000000fc146560,0x00000000fc180000)
  to   space 19456K, 0% used [0x00000000f9b80000,0x00000000f9b80000,0x00000000fae80000)
 ParOldGen       total 42496K, used 35806K [0x00000000c2a00000, 0x00000000c5380000, 0x00000000eb900000)
  object space 42496K, 84% used [0x00000000c2a00000,0x00000000c4cf78c8,0x00000000c5380000)
 Metaspace       used 20703K, capacity 21082K, committed 21248K, reserved 1069056K
  class space    used 2290K, capacity 2435K, committed 2560K, reserved 1048576K
}
Event: 15.028 GC heap before
{Heap before GC invocations=12 (full 2):
 PSYoungGen      total 205824K, used 15129K [0x00000000eb900000, 0x00000000fc180000, 0x0000000100000000)
  eden space 190464K, 0% used [0x00000000eb900000,0x00000000eb900000,0x00000000f7300000)
  from space 15360K, 98% used [0x00000000fb280000,0x00000000fc146560,0x00000000fc180000)
  to   space 19456K, 0% used [0x00000000f9b80000,0x00000000f9b80000,0x00000000fae80000)
 ParOldGen       total 42496K, used 35806K [0x00000000c2a00000, 0x00000000c5380000, 0x00000000eb900000)
  object space 42496K, 84% used [0x00000000c2a00000,0x00000000c4cf78c8,0x00000000c5380000)
 Metaspace       used 20703K, capacity 21082K, committed 21248K, reserved 1069056K
  class space    used 2290K, capacity 2435K, committed 2560K, reserved 1048576K
Event: 15.746 GC heap after
Heap after GC invocations=12 (full 2):
 PSYoungGen      total 205824K, used 0K [0x00000000eb900000, 0x00000000fc180000, 0x0000000100000000)
  eden space 190464K, 0% used [0x00000000eb900000,0x00000000eb900000,0x00000000f7300000)
  from space 15360K, 0% used [0x00000000fb280000,0x00000000fb280000,0x00000000fc180000)
  to   space 19456K, 0% used [0x00000000f9b80000,0x00000000f9b80000,0x00000000fae80000)
 ParOldGen       total 74240K, used 38862K [0x00000000c2a00000, 0x00000000c7280000, 0x00000000eb900000)
  object space 74240K, 52% used [0x00000000c2a00000,0x00000000c4ff39b8,0x00000000c7280000)
 Metaspace       used 20703K, capacity 21082K, committed 21248K, reserved 1069056K
  class space    used 2290K, capacity 2435K, committed 2560K, reserved 1048576K
}
Event: 19.640 GC heap before
{Heap before GC invocations=13 (full 2):
 PSYoungGen      total 205824K, used 190464K [0x00000000eb900000, 0x00000000fc180000, 0x0000000100000000)
  eden space 190464K, 100% used [0x00000000eb900000,0x00000000f7300000,0x00000000f7300000)
  from space 15360K, 0% used [0x00000000fb280000,0x00000000fb280000,0x00000000fc180000)
  to   space 19456K, 0% used [0x00000000f9b80000,0x00000000f9b80000,0x00000000fae80000)
 ParOldGen       total 74240K, used 38862K [0x00000000c2a00000, 0x00000000c7280000, 0x00000000eb900000)
  object space 74240K, 52% used [0x00000000c2a00000,0x00000000c4ff39b8,0x00000000c7280000)
 Metaspace       used 22176K, capacity 22562K, committed 22784K, reserved 1069056K
  class space    used 2405K, capacity 2541K, committed 2560K, reserved 1048576K
Event: 19.654 GC heap after
Heap after GC invocations=13 (full 2):
 PSYoungGen      total 230912K, used 4947K [0x00000000eb900000, 0x00000000fba80000, 0x0000000100000000)
  eden space 225792K, 0% used [0x00000000eb900000,0x00000000eb900000,0x00000000f9580000)
  from space 5120K, 96% used [0x00000000f9b80000,0x00000000fa054f48,0x00000000fa080000)
  to   space 18944K, 0% used [0x00000000fa800000,0x00000000fa800000,0x00000000fba80000)
 ParOldGen       total 74240K, used 38870K [0x00000000c2a00000, 0x00000000c7280000, 0x00000000eb900000)
  object space 74240K, 52% used [0x00000000c2a00000,0x00000000c4ff59b8,0x00000000c7280000)
 Metaspace       used 22176K, capacity 22562K, committed 22784K, reserved 1069056K
  class space    used 2405K, capacity 2541K, committed 2560K, reserved 1048576K
}
Event: 26.687 GC heap before
{Heap before GC invocations=14 (full 2):
 PSYoungGen      total 230912K, used 230739K [0x00000000eb900000, 0x00000000fba80000, 0x0000000100000000)
  eden space 225792K, 100% used [0x00000000eb900000,0x00000000f9580000,0x00000000f9580000)
  from space 5120K, 96% used [0x00000000f9b80000,0x00000000fa054f48,0x00000000fa080000)
  to   space 18944K, 0% used [0x00000000fa800000,0x00000000fa800000,0x00000000fba80000)
 ParOldGen       total 74240K, used 38870K [0x00000000c2a00000, 0x00000000c7280000, 0x00000000eb900000)
  object space 74240K, 52% used [0x00000000c2a00000,0x00000000c4ff59b8,0x00000000c7280000)
 Metaspace       used 23121K, capacity 23836K, committed 23936K, reserved 1071104K
  class space    used 2475K, capacity 2666K, committed 2688K, reserved 1048576K

