# JRE version: Java(TM) SE Runtime Environment (8.0_201-b09) (build 1.8.0_201-b09)
# Java VM: Java HotSpot(TM) 64-Bit Server VM (25.201-b09 mixed mode linux-amd64 compressed oops)
Heap:
 PSYoungGen      total 66048K, used 5080K [0x00000000eb900000, 0x00000000f0100000, 0x0000000100000000)
  eden space 60928K, 0% used [0x00000000eb900000,0x00000000eb900000,0x00000000ef480000)
  from space 5120K, 99% used [0x00000000ef480000,0x00000000ef9761e0,0x00000000ef980000)
  to   space 2560K, 0% used [0x00000000ef980000,0x00000000ef980000,0x00000000efc00000)
 ParOldGen       total 42496K, used 11582K [0x00000000c2a00000, 0x00000000c5380000, 0x00000000eb900000)
  object space 42496K, 27% used [0x00000000c2a00000,0x00000000c354fa20,0x00000000c5380000)
 Metaspace       used 14113K, capacity 14516K, committed 14848K, reserved 1062912K
  class space    used 1596K, capacity 1708K, committed 1792K, reserved 1048576K
GC Heap History (10 events):
Event: 82.332 GC heap after
Heap after GC invocations=3 (full 1):
 PSYoungGen      total 18432K, used 2554K [0x00000000eb900000, 0x00000000ecd80000, 0x0000000100000000)
  eden space 15872K, 0% used [0x00000000eb900000,0x00000000eb900000,0x00000000ec880000)
  from space 2560K, 99% used [0x00000000ecb00000,0x00000000ecd7ea58,0x00000000ecd80000)
  to   space 2560K, 0% used [0x00000000ec880000,0x00000000ec880000,0x00000000ecb00000)
 ParOldGen       total 42496K, used 5871K [0x00000000c2a00000, 0x00000000c5380000, 0x00000000eb900000)
  object space 42496K, 13% used [0x00000000c2a00000,0x00000000c2fbbe58,0x00000000c5380000)
 Metaspace       used 12810K, capacity 13206K, committed 13440K, reserved 1060864K
  class space    used 1510K, capacity 1633K, committed 1664K, reserved 1048576K
}
Event: 82.868 GC heap before
{Heap before GC invocations=4 (full 1):
 PSYoungGen      total 18432K, used 18426K [0x00000000eb900000, 0x00000000ecd80000, 0x0000000100000000)
  eden space 15872K, 100% used [0x00000000eb900000,0x00000000ec880000,0x00000000ec880000)
  from space 2560K, 99% used [0x00000000ecb00000,0x00000000ecd7ea58,0x00000000ecd80000)
  to   space 2560K, 0% used [0x00000000ec880000,0x00000000ec880000,0x00000000ecb00000)
 ParOldGen       total 42496K, used 5871K [0x00000000c2a00000, 0x00000000c5380000, 0x00000000eb900000)
  object space 42496K, 13% used [0x00000000c2a00000,0x00000000c2fbbe58,0x00000000c5380000)
 Metaspace       used 13198K, capacity 13634K, committed 13824K, reserved 1060864K
  class space    used 1533K, capacity 1673K, committed 1792K, reserved 1048576K
Event: 82.885 GC heap after
Heap after GC invocations=4 (full 1):
 PSYoungGen      total 18432K, used 2550K [0x00000000eb900000, 0x00000000edd00000, 0x0000000100000000)
  eden space 15872K, 0% used [0x00000000eb900000,0x00000000eb900000,0x00000000ec880000)
  from space 2560K, 99% used [0x00000000ec880000,0x00000000ecafd810,0x00000000ecb00000)
  to   space 2560K, 0% used [0x00000000eda80000,0x00000000eda80000,0x00000000edd00000)
 ParOldGen       total 42496K, used 6781K [0x00000000c2a00000, 0x00000000c5380000, 0x00000000eb900000)
  object space 42496K, 15% used [0x00000000c2a00000,0x00000000c309f5e8,0x00000000c5380000)
 Metaspace       used 13198K, capacity 13634K, committed 13824K, reserved 1060864K
  class space    used 1533K, capacity 1673K, committed 1792K, reserved 1048576K
}
Event: 83.397 GC heap before
{Heap before GC invocations=5 (full 1):
 PSYoungGen      total 18432K, used 18422K [0x00000000eb900000, 0x00000000edd00000, 0x0000000100000000)
  eden space 15872K, 100% used [0x00000000eb900000,0x00000000ec880000,0x00000000ec880000)
  from space 2560K, 99% used [0x00000000ec880000,0x00000000ecafd810,0x00000000ecb00000)
  to   space 2560K, 0% used [0x00000000eda80000,0x00000000eda80000,0x00000000edd00000)
 ParOldGen       total 42496K, used 6781K [0x00000000c2a00000, 0x00000000c5380000, 0x00000000eb900000)
  object space 42496K, 15% used [0x00000000c2a00000,0x00000000c309f5e8,0x00000000c5380000)
 Metaspace       used 13854K, capacity 14254K, committed 14592K, reserved 1062912K
  class space    used 1593K, capacity 1707K, committed 1792K, reserved 1048576K
Event: 83.422 GC heap after
Heap after GC invocations=5 (full 1):
 PSYoungGen      total 34304K, used 2538K [0x00000000eb900000, 0x00000000edd00000, 0x0000000100000000)
  eden space 31744K, 0% used [0x00000000eb900000,0x00000000eb900000,0x00000000ed800000)
  from space 2560K, 99% used [0x00000000eda80000,0x00000000edcfa850,0x00000000edd00000)
  to   space 2560K, 0% used [0x00000000ed800000,0x00000000ed800000,0x00000000eda80000)
 ParOldGen       total 42496K, used 8156K [0x00000000c2a00000, 0x00000000c5380000, 0x00000000eb900000)
  object space 42496K, 19% used [0x00000000c2a00000,0x00000000c31f70b0,0x00000000c5380000)
 Metaspace       used 13854K, capacity 14254K, committed 14592K, reserved 1062912K
  class space    used 1593K, capacity 1707K, committed 1792K, reserved 1048576K
}
Event: 84.206 GC heap before
{Heap before GC invocations=6 (full 1):
 PSYoungGen      total 34304K, used 34282K [0x00000000eb900000, 0x00000000edd00000, 0x0000000100000000)
  eden space 31744K, 100% used [0x00000000eb900000,0x00000000ed800000,0x00000000ed800000)
  from space 2560K, 99% used [0x00000000eda80000,0x00000000edcfa850,0x00000000edd00000)
  to   space 2560K, 0% used [0x00000000ed800000,0x00000000ed800000,0x00000000eda80000)
 ParOldGen       total 42496K, used 8156K [0x00000000c2a00000, 0x00000000c5380000, 0x00000000eb900000)
  object space 42496K, 19% used [0x00000000c2a00000,0x00000000c31f70b0,0x00000000c5380000)
 Metaspace       used 13990K, capacity 14388K, committed 14592K, reserved 1062912K
  class space    used 1596K, capacity 1708K, committed 1792K, reserved 1048576K
Event: 84.224 GC heap after
Heap after GC invocations=6 (full 1):
 PSYoungGen      total 34304K, used 2560K [0x00000000eb900000, 0x00000000efc00000, 0x0000000100000000)
  eden space 31744K, 0% used [0x00000000eb900000,0x00000000eb900000,0x00000000ed800000)
  from space 2560K, 100% used [0x00000000ed800000,0x00000000eda80000,0x00000000eda80000)
  to   space 2560K, 0% used [0x00000000ef980000,0x00000000ef980000,0x00000000efc00000)
 ParOldGen       total 42496K, used 9850K [0x00000000c2a00000, 0x00000000c5380000, 0x00000000eb900000)
  object space 42496K, 23% used [0x00000000c2a00000,0x00000000c339e9b0,0x00000000c5380000)
 Metaspace       used 13990K, capacity 14388K, committed 14592K, reserved 1062912K
  class space    used 1596K, capacity 1708K, committed 1792K, reserved 1048576K
}
Event: 84.646 GC heap before
{Heap before GC invocations=7 (full 1):
 PSYoungGen      total 34304K, used 34304K [0x00000000eb900000, 0x00000000efc00000, 0x0000000100000000)
  eden space 31744K, 100% used [0x00000000eb900000,0x00000000ed800000,0x00000000ed800000)
  from space 2560K, 100% used [0x00000000ed800000,0x00000000eda80000,0x00000000eda80000)
  to   space 2560K, 0% used [0x00000000ef980000,0x00000000ef980000,0x00000000efc00000)
 ParOldGen       total 42496K, used 9850K [0x00000000c2a00000, 0x00000000c5380000, 0x00000000eb900000)
  object space 42496K, 23% used [0x00000000c2a00000,0x00000000c339e9b0,0x00000000c5380000)
 Metaspace       used 14059K, capacity 14452K, committed 14592K, reserved 1062912K
  class space    used 1596K, capacity 1708K, committed 1792K, reserved 1048576K
Event: 84.665 GC heap after
Heap after GC invocations=7 (full 1):
 PSYoungGen      total 63488K, used 2548K [0x00000000eb900000, 0x00000000f0100000, 0x0000000100000000)
  eden space 60928K, 0% used [0x00000000eb900000,0x00000000eb900000,0x00000000ef480000)
  from space 2560K, 99% used [0x00000000ef980000,0x00000000efbfd0a0,0x00000000efc00000)
  to   space 5120K, 0% used [0x00000000ef480000,0x00000000ef480000,0x00000000ef980000)
 ParOldGen       total 42496K, used 11582K [0x00000000c2a00000, 0x00000000c5380000, 0x00000000eb900000)
  object space 42496K, 27% used [0x00000000c2a00000,0x00000000c354fa20,0x00000000c5380000)
 Metaspace       used 14059K, capacity 14452K, committed 14592K, reserved 1062912K
  class space    used 1596K, capacity 1708K, committed 1792K, reserved 1048576K
}
Event: 85.254 GC heap before
{Heap before GC invocations=8 (full 1):
 PSYoungGen      total 63488K, used 63476K [0x00000000eb900000, 0x00000000f0100000, 0x0000000100000000)
  eden space 60928K, 100% used [0x00000000eb900000,0x00000000ef480000,0x00000000ef480000)
  from space 2560K, 99% used [0x00000000ef980000,0x00000000efbfd0a0,0x00000000efc00000)
  to   space 5120K, 0% used [0x00000000ef480000,0x00000000ef480000,0x00000000ef980000)
 ParOldGen       total 42496K, used 11582K [0x00000000c2a00000, 0x00000000c5380000, 0x00000000eb900000)
  object space 42496K, 27% used [0x00000000c2a00000,0x00000000c354fa20,0x00000000c5380000)
 Metaspace       used 14113K, capacity 14516K, committed 14848K, reserved 1062912K
  class space    used 1596K, capacity 1708K, committed 1792K, reserved 1048576K

