# JRE version: Java(TM) SE Runtime Environment (8.0_201-b09) (build 1.8.0_201-b09)
# Java VM: Java HotSpot(TM) 64-Bit Server VM (25.201-b09 mixed mode linux-amd64 compressed oops)
Heap:
 PSYoungGen      total 296448K, used 49933K [0x00000000eb900000, 0x0000000100000000, 0x0000000100000000)
  eden space 260096K, 10% used [0x00000000eb900000,0x00000000ed433578,0x00000000fb700000)
  from space 36352K, 60% used [0x00000000fdc80000,0x00000000ff210000,0x0000000100000000)
  to   space 37376K, 0% used [0x00000000fb700000,0x00000000fb700000,0x00000000fdb80000)
 ParOldGen       total 129024K, used 79817K [0x00000000c2a00000, 0x00000000ca800000, 0x00000000eb900000)
  object space 129024K, 61% used [0x00000000c2a00000,0x00000000c77f2578,0x00000000ca800000)
 Metaspace       used 23470K, capacity 24106K, committed 24192K, reserved 1071104K
  class space    used 2483K, capacity 2665K, committed 2688K, reserved 1048576K
GC Heap History (10 events):
Event: 34.712 GC heap before
{Heap before GC invocations=15 (full 2):
 PSYoungGen      total 244736K, used 240166K [0x00000000eb900000, 0x00000000fe880000, 0x0000000100000000)
  eden space 225792K, 100% used [0x00000000eb900000,0x00000000f9580000,0x00000000f9580000)
  from space 18944K, 75% used [0x00000000fa900000,0x00000000fb709840,0x00000000fbb80000)
  to   space 19968K, 0% used [0x00000000f9580000,0x00000000f9580000,0x00000000fa900000)
 ParOldGen       total 74240K, used 38778K [0x00000000c2a00000, 0x00000000c7280000, 0x00000000eb900000)
  object space 74240K, 52% used [0x00000000c2a00000,0x00000000c4fde998,0x00000000c7280000)
 Metaspace       used 23241K, capacity 23890K, committed 23936K, reserved 1071104K
  class space    used 2481K, capacity 2661K, committed 2688K, reserved 1048576K
Event: 34.871 GC heap after
Heap after GC invocations=15 (full 2):
 PSYoungGen      total 245760K, used 19936K [0x00000000eb900000, 0x00000000ff580000, 0x0000000100000000)
  eden space 225792K, 0% used [0x00000000eb900000,0x00000000eb900000,0x00000000f9580000)
  from space 19968K, 99% used [0x00000000f9580000,0x00000000fa8f8010,0x00000000fa900000)
  to   space 26624K, 0% used [0x00000000fdb80000,0x00000000fdb80000,0x00000000ff580000)
 ParOldGen       total 74240K, used 47309K [0x00000000c2a00000, 0x00000000c7280000, 0x00000000eb900000)
  object space 74240K, 63% used [0x00000000c2a00000,0x00000000c5833508,0x00000000c7280000)
 Metaspace       used 23241K, capacity 23890K, committed 23936K, reserved 1071104K
  class space    used 2481K, capacity 2661K, committed 2688K, reserved 1048576K
}
Event: 40.464 GC heap before
{Heap before GC invocations=16 (full 2):
 PSYoungGen      total 245760K, used 245728K [0x00000000eb900000, 0x00000000ff580000, 0x0000000100000000)
  eden space 225792K, 100% used [0x00000000eb900000,0x00000000f9580000,0x00000000f9580000)
  from space 19968K, 99% used [0x00000000f9580000,0x00000000fa8f8010,0x00000000fa900000)
  to   space 26624K, 0% used [0x00000000fdb80000,0x00000000fdb80000,0x00000000ff580000)
 ParOldGen       total 74240K, used 47309K [0x00000000c2a00000, 0x00000000c7280000, 0x00000000eb900000)
  object space 74240K, 63% used [0x00000000c2a00000,0x00000000c5833508,0x00000000c7280000)
 Metaspace       used 23308K, capacity 23954K, committed 24192K, reserved 1071104K
  class space    used 2481K, capacity 2661K, committed 2688K, reserved 1048576K
Event: 40.861 GC heap after
Heap after GC invocations=16 (full 2):
 PSYoungGen      total 291328K, used 26608K [0x00000000eb900000, 0x0000000100000000, 0x0000000100000000)
  eden space 264704K, 0% used [0x00000000eb900000,0x00000000eb900000,0x00000000fbb80000)
  from space 26624K, 99% used [0x00000000fdb80000,0x00000000ff57c010,0x00000000ff580000)
  to   space 32768K, 0% used [0x00000000fbb80000,0x00000000fbb80000,0x00000000fdb80000)
 ParOldGen       total 74240K, used 53015K [0x00000000c2a00000, 0x00000000c7280000, 0x00000000eb900000)
  object space 74240K, 71% used [0x00000000c2a00000,0x00000000c5dc5c30,0x00000000c7280000)
 Metaspace       used 23308K, capacity 23954K, committed 24192K, reserved 1071104K
  class space    used 2481K, capacity 2661K, committed 2688K, reserved 1048576K
}
Event: 43.767 GC heap before
{Heap before GC invocations=17 (full 2):
 PSYoungGen      total 291328K, used 291312K [0x00000000eb900000, 0x0000000100000000, 0x0000000100000000)
  eden space 264704K, 100% used [0x00000000eb900000,0x00000000fbb80000,0x00000000fbb80000)
  from space 26624K, 99% used [0x00000000fdb80000,0x00000000ff57c010,0x00000000ff580000)
  to   space 32768K, 0% used [0x00000000fbb80000,0x00000000fbb80000,0x00000000fdb80000)
 ParOldGen       total 74240K, used 53015K [0x00000000c2a00000, 0x00000000c7280000, 0x00000000eb900000)
  object space 74240K, 71% used [0x00000000c2a00000,0x00000000c5dc5c30,0x00000000c7280000)
 Metaspace       used 23379K, capacity 24018K, committed 24192K, reserved 1071104K
  class space    used 2481K, capacity 2661K, committed 2688K, reserved 1048576K
Event: 43.944 GC heap after
Heap after GC invocations=17 (full 2):
 PSYoungGen      total 297472K, used 27552K [0x00000000eb900000, 0x0000000100000000, 0x0000000100000000)
  eden space 264704K, 0% used [0x00000000eb900000,0x00000000eb900000,0x00000000fbb80000)
  from space 32768K, 84% used [0x00000000fbb80000,0x00000000fd668000,0x00000000fdb80000)
  to   space 36352K, 0% used [0x00000000fdc80000,0x00000000fdc80000,0x0000000100000000)
 ParOldGen       total 74240K, used 65452K [0x00000000c2a00000, 0x00000000c7280000, 0x00000000eb900000)
  object space 74240K, 88% used [0x00000000c2a00000,0x00000000c69eb2c0,0x00000000c7280000)
 Metaspace       used 23379K, capacity 24018K, committed 24192K, reserved 1071104K
  class space    used 2481K, capacity 2661K, committed 2688K, reserved 1048576K
}
Event: 43.944 GC heap before
{Heap before GC invocations=18 (full 3):
 PSYoungGen      total 297472K, used 27552K [0x00000000eb900000, 0x0000000100000000, 0x0000000100000000)
  eden space 264704K, 0% used [0x00000000eb900000,0x00000000eb900000,0x00000000fbb80000)
  from space 32768K, 84% used [0x00000000fbb80000,0x00000000fd668000,0x00000000fdb80000)
  to   space 36352K, 0% used [0x00000000fdc80000,0x00000000fdc80000,0x0000000100000000)
 ParOldGen       total 74240K, used 65452K [0x00000000c2a00000, 0x00000000c7280000, 0x00000000eb900000)
  object space 74240K, 88% used [0x00000000c2a00000,0x00000000c69eb2c0,0x00000000c7280000)
 Metaspace       used 23379K, capacity 24018K, committed 24192K, reserved 1071104K
  class space    used 2481K, capacity 2661K, committed 2688K, reserved 1048576K
Event: 45.730 GC heap after
Heap after GC invocations=18 (full 3):
 PSYoungGen      total 297472K, used 13890K [0x00000000eb900000, 0x0000000100000000, 0x0000000100000000)
  eden space 264704K, 0% used [0x00000000eb900000,0x00000000eb900000,0x00000000fbb80000)
  from space 32768K, 42% used [0x00000000fbb80000,0x00000000fc910960,0x00000000fdb80000)
  to   space 36352K, 0% used [0x00000000fdc80000,0x00000000fdc80000,0x0000000100000000)
 ParOldGen       total 129024K, used 73892K [0x00000000c2a00000, 0x00000000ca800000, 0x00000000eb900000)
  object space 129024K, 57% used [0x00000000c2a00000,0x00000000c7229198,0x00000000ca800000)
 Metaspace       used 23379K, capacity 24018K, committed 24192K, reserved 1071104K
  class space    used 2481K, capacity 2661K, committed 2688K, reserved 1048576K
}
Event: 48.130 GC heap before
{Heap before GC invocations=19 (full 3):
 PSYoungGen      total 297472K, used 278594K [0x00000000eb900000, 0x0000000100000000, 0x0000000100000000)
  eden space 264704K, 100% used [0x00000000eb900000,0x00000000fbb80000,0x00000000fbb80000)
  from space 32768K, 42% used [0x00000000fbb80000,0x00000000fc910960,0x00000000fdb80000)
  to   space 36352K, 0% used [0x00000000fdc80000,0x00000000fdc80000,0x0000000100000000)
 ParOldGen       total 129024K, used 73892K [0x00000000c2a00000, 0x00000000ca800000, 0x00000000eb900000)
  object space 129024K, 57% used [0x00000000c2a00000,0x00000000c7229198,0x00000000ca800000)
 Metaspace       used 23466K, capacity 24106K, committed 24192K, reserved 1071104K
  class space    used 2483K, capacity 2665K, committed 2688K, reserved 1048576K
Event: 48.352 GC heap after
Heap after GC invocations=19 (full 3):
 PSYoungGen      total 296448K, used 22080K [0x00000000eb900000, 0x0000000100000000, 0x0000000100000000)
  eden space 260096K, 0% used [0x00000000eb900000,0x00000000eb900000,0x00000000fb700000)
  from space 36352K, 60% used [0x00000000fdc80000,0x00000000ff210000,0x0000000100000000)
  to   space 37376K, 0% used [0x00000000fb700000,0x00000000fb700000,0x00000000fdb80000)
 ParOldGen       total 129024K, used 79817K [0x00000000c2a00000, 0x00000000ca800000, 0x00000000eb900000)
  object space 129024K, 61% used [0x00000000c2a00000,0x00000000c77f2578,0x00000000ca800000)
 Metaspace       used 23466K, capacity 24106K, committed 24192K, reserved 1071104K
  class space    used 2483K, capacity 2665K, committed 2688K, reserved 1048576K
}

