# JRE version: Java(TM) SE Runtime Environment (8.0_201-b09) (build 1.8.0_201-b09)
# Java VM: Java HotSpot(TM) 64-Bit Server VM (25.201-b09 mixed mode linux-amd64 compressed oops)
Heap:
 PSYoungGen      total 264192K, used 5567K [0x00000000eb900000, 0x0000000100000000, 0x0000000100000000)
  eden space 222208K, 0% used [0x00000000eb900000,0x00000000eb900000,0x00000000f9200000)
  from space 41984K, 13% used [0x00000000fd700000,0x00000000fdc6fff8,0x0000000100000000)
  to   space 56320K, 0% used [0x00000000f9200000,0x00000000f9200000,0x00000000fc900000)
 ParOldGen       total 129024K, used 128889K [0x00000000c2a00000, 0x00000000ca800000, 0x00000000eb900000)
  object space 129024K, 99% used [0x00000000c2a00000,0x00000000ca7de798,0x00000000ca800000)
 Metaspace       used 25052K, capacity 26154K, committed 26496K, reserved 1073152K
  class space    used 2602K, capacity 2857K, committed 2944K, reserved 1048576K
GC Heap History (10 events):
Event: 82.319 GC heap after
Heap after GC invocations=37 (full 3):
 PSYoungGen      total 297472K, used 13376K [0x00000000eb900000, 0x00000000ffa80000, 0x0000000100000000)
  eden space 266752K, 0% used [0x00000000eb900000,0x00000000eb900000,0x00000000fbd80000)
  from space 30720K, 43% used [0x00000000fdc80000,0x00000000fe990000,0x00000000ffa80000)
  to   space 31232K, 0% used [0x00000000fbd80000,0x00000000fbd80000,0x00000000fdc00000)
 ParOldGen       total 129024K, used 107823K [0x00000000c2a00000, 0x00000000ca800000, 0x00000000eb900000)
  object space 129024K, 83% used [0x00000000c2a00000,0x00000000c934bca0,0x00000000ca800000)
 Metaspace       used 24403K, capacity 25222K, committed 25344K, reserved 1071104K
  class space    used 2560K, capacity 2787K, committed 2816K, reserved 1048576K
}
Event: 85.953 GC heap before
{Heap before GC invocations=38 (full 3):
 PSYoungGen      total 297472K, used 280128K [0x00000000eb900000, 0x00000000ffa80000, 0x0000000100000000)
  eden space 266752K, 100% used [0x00000000eb900000,0x00000000fbd80000,0x00000000fbd80000)
  from space 30720K, 43% used [0x00000000fdc80000,0x00000000fe990000,0x00000000ffa80000)
  to   space 31232K, 0% used [0x00000000fbd80000,0x00000000fbd80000,0x00000000fdc00000)
 ParOldGen       total 129024K, used 107823K [0x00000000c2a00000, 0x00000000ca800000, 0x00000000eb900000)
  object space 129024K, 83% used [0x00000000c2a00000,0x00000000c934bca0,0x00000000ca800000)
 Metaspace       used 24637K, capacity 25636K, committed 25984K, reserved 1073152K
  class space    used 2584K, capacity 2824K, committed 2944K, reserved 1048576K
Event: 86.007 GC heap after
Heap after GC invocations=38 (full 3):
 PSYoungGen      total 297984K, used 28956K [0x00000000eb900000, 0x0000000100000000, 0x0000000100000000)
  eden space 266752K, 0% used [0x00000000eb900000,0x00000000eb900000,0x00000000fbd80000)
  from space 31232K, 92% used [0x00000000fbd80000,0x00000000fd9c7270,0x00000000fdc00000)
  to   space 35328K, 0% used [0x00000000fdd80000,0x00000000fdd80000,0x0000000100000000)
 ParOldGen       total 129024K, used 107831K [0x00000000c2a00000, 0x00000000ca800000, 0x00000000eb900000)
  object space 129024K, 83% used [0x00000000c2a00000,0x00000000c934dca0,0x00000000ca800000)
 Metaspace       used 24637K, capacity 25636K, committed 25984K, reserved 1073152K
  class space    used 2584K, capacity 2824K, committed 2944K, reserved 1048576K
}
Event: 89.556 GC heap before
{Heap before GC invocations=39 (full 3):
 PSYoungGen      total 297984K, used 295708K [0x00000000eb900000, 0x0000000100000000, 0x0000000100000000)
  eden space 266752K, 100% used [0x00000000eb900000,0x00000000fbd80000,0x00000000fbd80000)
  from space 31232K, 92% used [0x00000000fbd80000,0x00000000fd9c7270,0x00000000fdc00000)
  to   space 35328K, 0% used [0x00000000fdd80000,0x00000000fdd80000,0x0000000100000000)
 ParOldGen       total 129024K, used 107831K [0x00000000c2a00000, 0x00000000ca800000, 0x00000000eb900000)
  object space 129024K, 83% used [0x00000000c2a00000,0x00000000c934dca0,0x00000000ca800000)
 Metaspace       used 25000K, capacity 26030K, committed 26240K, reserved 1073152K
  class space    used 2596K, capacity 2847K, committed 2944K, reserved 1048576K
Event: 89.616 GC heap after
Heap after GC invocations=39 (full 3):
 PSYoungGen      total 286208K, used 35302K [0x00000000eb900000, 0x0000000100000000, 0x0000000100000000)
  eden space 250880K, 0% used [0x00000000eb900000,0x00000000eb900000,0x00000000fae00000)
  from space 35328K, 99% used [0x00000000fdd80000,0x00000000ffff9958,0x0000000100000000)
  to   space 41984K, 0% used [0x00000000fae00000,0x00000000fae00000,0x00000000fd700000)
 ParOldGen       total 129024K, used 112514K [0x00000000c2a00000, 0x00000000ca800000, 0x00000000eb900000)
  object space 129024K, 87% used [0x00000000c2a00000,0x00000000c97e09d8,0x00000000ca800000)
 Metaspace       used 25000K, capacity 26030K, committed 26240K, reserved 1073152K
  class space    used 2596K, capacity 2847K, committed 2944K, reserved 1048576K
}
Event: 92.884 GC heap before
{Heap before GC invocations=40 (full 3):
 PSYoungGen      total 286208K, used 286182K [0x00000000eb900000, 0x0000000100000000, 0x0000000100000000)
  eden space 250880K, 100% used [0x00000000eb900000,0x00000000fae00000,0x00000000fae00000)
  from space 35328K, 99% used [0x00000000fdd80000,0x00000000ffff9958,0x0000000100000000)
  to   space 41984K, 0% used [0x00000000fae00000,0x00000000fae00000,0x00000000fd700000)
 ParOldGen       total 129024K, used 112514K [0x00000000c2a00000, 0x00000000ca800000, 0x00000000eb900000)
  object space 129024K, 87% used [0x00000000c2a00000,0x00000000c97e09d8,0x00000000ca800000)
 Metaspace       used 25031K, capacity 26124K, committed 26240K, reserved 1073152K
  class space    used 2599K, capacity 2852K, committed 2944K, reserved 1048576K
Event: 92.988 GC heap after
Heap after GC invocations=40 (full 3):
 PSYoungGen      total 292864K, used 41960K [0x00000000eb900000, 0x0000000100000000, 0x0000000100000000)
  eden space 250880K, 0% used [0x00000000eb900000,0x00000000eb900000,0x00000000fae00000)
  from space 41984K, 99% used [0x00000000fae00000,0x00000000fd6fa258,0x00000000fd700000)
  to   space 41984K, 0% used [0x00000000fd700000,0x00000000fd700000,0x0000000100000000)
 ParOldGen       total 129024K, used 116542K [0x00000000c2a00000, 0x00000000ca800000, 0x00000000eb900000)
  object space 129024K, 90% used [0x00000000c2a00000,0x00000000c9bcfba8,0x00000000ca800000)
 Metaspace       used 25031K, capacity 26124K, committed 26240K, reserved 1073152K
  class space    used 2599K, capacity 2852K, committed 2944K, reserved 1048576K
}
Event: 95.348 GC heap before
{Heap before GC invocations=41 (full 3):
 PSYoungGen      total 292864K, used 292840K [0x00000000eb900000, 0x0000000100000000, 0x0000000100000000)
  eden space 250880K, 100% used [0x00000000eb900000,0x00000000fae00000,0x00000000fae00000)
  from space 41984K, 99% used [0x00000000fae00000,0x00000000fd6fa258,0x00000000fd700000)
  to   space 41984K, 0% used [0x00000000fd700000,0x00000000fd700000,0x0000000100000000)
 ParOldGen       total 129024K, used 116542K [0x00000000c2a00000, 0x00000000ca800000, 0x00000000eb900000)
  object space 129024K, 90% used [0x00000000c2a00000,0x00000000c9bcfba8,0x00000000ca800000)
 Metaspace       used 25052K, capacity 26154K, committed 26496K, reserved 1073152K
  class space    used 2602K, capacity 2857K, committed 2944K, reserved 1048576K
Event: 95.399 GC heap after
Heap after GC invocations=41 (full 3):
 PSYoungGen      total 264192K, used 41975K [0x00000000eb900000, 0x0000000100000000, 0x0000000100000000)
  eden space 222208K, 0% used [0x00000000eb900000,0x00000000eb900000,0x00000000f9200000)
  from space 41984K, 99% used [0x00000000fd700000,0x00000000ffffde88,0x0000000100000000)
  to   space 56320K, 0% used [0x00000000f9200000,0x00000000f9200000,0x00000000fc900000)
 ParOldGen       total 129024K, used 119798K [0x00000000c2a00000, 0x00000000ca800000, 0x00000000eb900000)
  object space 129024K, 92% used [0x00000000c2a00000,0x00000000c9efda48,0x00000000ca800000)
 Metaspace       used 25052K, capacity 26154K, committed 26496K, reserved 1073152K
  class space    used 2602K, capacity 2857K, committed 2944K, reserved 1048576K
}
Event: 95.400 GC heap before
{Heap before GC invocations=42 (full 4):
 PSYoungGen      total 264192K, used 41975K [0x00000000eb900000, 0x0000000100000000, 0x0000000100000000)
  eden space 222208K, 0% used [0x00000000eb900000,0x00000000eb900000,0x00000000f9200000)
  from space 41984K, 99% used [0x00000000fd700000,0x00000000ffffde88,0x0000000100000000)
  to   space 56320K, 0% used [0x00000000f9200000,0x00000000f9200000,0x00000000fc900000)
 ParOldGen       total 129024K, used 119798K [0x00000000c2a00000, 0x00000000ca800000, 0x00000000eb900000)
  object space 129024K, 92% used [0x00000000c2a00000,0x00000000c9efda48,0x00000000ca800000)
 Metaspace       used 25052K, capacity 26154K, committed 26496K, reserved 1073152K
  class space    used 2602K, capacity 2857K, committed 2944K, reserved 1048576K

