# JRE version: Java(TM) SE Runtime Environment (8.0_201-b09) (build 1.8.0_201-b09)
# Java VM: Java HotSpot(TM) 64-Bit Server VM (25.201-b09 mixed mode linux-amd64 compressed oops)
Heap:
 PSYoungGen      total 120832K, used 10208K [0x00000000eb900000, 0x00000000f5d00000, 0x0000000100000000)
  eden space 110592K, 0% used [0x00000000eb900000,0x00000000eb900000,0x00000000f2500000)
  from space 10240K, 99% used [0x00000000f5300000,0x00000000f5cf8030,0x00000000f5d00000)
  to   space 10240K, 0% used [0x00000000f2500000,0x00000000f2500000,0x00000000f2f00000)
 ParOldGen       total 42496K, used 35208K [0x00000000c2a00000, 0x00000000c5380000, 0x00000000eb900000)
  object space 42496K, 82% used [0x00000000c2a00000,0x00000000c4c62310,0x00000000c5380000)
 Metaspace       used 14996K, capacity 15486K, committed 15616K, reserved 1062912K
  class space    used 1641K, capacity 1781K, committed 1792K, reserved 1048576K
GC Heap History (10 events):
Event: 33.388 GC heap after
Heap after GC invocations=8 (full 1):
 PSYoungGen      total 34304K, used 4464K [0x00000000eb900000, 0x00000000efc00000, 0x0000000100000000)
  eden space 29184K, 0% used [0x00000000eb900000,0x00000000eb900000,0x00000000ed580000)
  from space 5120K, 87% used [0x00000000ed580000,0x00000000ed9dc060,0x00000000eda80000)
  to   space 5120K, 0% used [0x00000000ef700000,0x00000000ef700000,0x00000000efc00000)
 ParOldGen       total 42496K, used 8047K [0x00000000c2a00000, 0x00000000c5380000, 0x00000000eb900000)
  object space 42496K, 18% used [0x00000000c2a00000,0x00000000c31dbc48,0x00000000c5380000)
 Metaspace       used 13754K, capacity 14100K, committed 14336K, reserved 1062912K
  class space    used 1582K, capacity 1700K, committed 1792K, reserved 1048576K
}
Event: 33.474 GC heap before
{Heap before GC invocations=9 (full 1):
 PSYoungGen      total 34304K, used 33648K [0x00000000eb900000, 0x00000000efc00000, 0x0000000100000000)
  eden space 29184K, 100% used [0x00000000eb900000,0x00000000ed580000,0x00000000ed580000)
  from space 5120K, 87% used [0x00000000ed580000,0x00000000ed9dc060,0x00000000eda80000)
  to   space 5120K, 0% used [0x00000000ef700000,0x00000000ef700000,0x00000000efc00000)
 ParOldGen       total 42496K, used 8047K [0x00000000c2a00000, 0x00000000c5380000, 0x00000000eb900000)
  object space 42496K, 18% used [0x00000000c2a00000,0x00000000c31dbc48,0x00000000c5380000)
 Metaspace       used 13791K, capacity 14164K, committed 14336K, reserved 1062912K
  class space    used 1582K, capacity 1700K, committed 1792K, reserved 1048576K
Event: 33.487 GC heap after
Heap after GC invocations=9 (full 1):
 PSYoungGen      total 62464K, used 5104K [0x00000000eb900000, 0x00000000efe00000, 0x0000000100000000)
  eden space 57344K, 0% used [0x00000000eb900000,0x00000000eb900000,0x00000000ef100000)
  from space 5120K, 99% used [0x00000000ef700000,0x00000000efbfc0b0,0x00000000efc00000)
  to   space 6144K, 0% used [0x00000000ef100000,0x00000000ef100000,0x00000000ef700000)
 ParOldGen       total 42496K, used 9405K [0x00000000c2a00000, 0x00000000c5380000, 0x00000000eb900000)
  object space 42496K, 22% used [0x00000000c2a00000,0x00000000c332f458,0x00000000c5380000)
 Metaspace       used 13791K, capacity 14164K, committed 14336K, reserved 1062912K
  class space    used 1582K, capacity 1700K, committed 1792K, reserved 1048576K
}
Event: 33.791 GC heap before
{Heap before GC invocations=10 (full 1):
 PSYoungGen      total 62464K, used 62448K [0x00000000eb900000, 0x00000000efe00000, 0x0000000100000000)
  eden space 57344K, 100% used [0x00000000eb900000,0x00000000ef100000,0x00000000ef100000)
  from space 5120K, 99% used [0x00000000ef700000,0x00000000efbfc0b0,0x00000000efc00000)
  to   space 6144K, 0% used [0x00000000ef100000,0x00000000ef100000,0x00000000ef700000)
 ParOldGen       total 42496K, used 9405K [0x00000000c2a00000, 0x00000000c5380000, 0x00000000eb900000)
  object space 42496K, 22% used [0x00000000c2a00000,0x00000000c332f458,0x00000000c5380000)
 Metaspace       used 13842K, capacity 14228K, committed 14336K, reserved 1062912K
  class space    used 1582K, capacity 1700K, committed 1792K, reserved 1048576K
Event: 33.915 GC heap after
Heap after GC invocations=10 (full 1):
 PSYoungGen      total 63488K, used 6112K [0x00000000eb900000, 0x00000000f3900000, 0x0000000100000000)
  eden space 57344K, 0% used [0x00000000eb900000,0x00000000eb900000,0x00000000ef100000)
  from space 6144K, 99% used [0x00000000ef100000,0x00000000ef6f8010,0x00000000ef700000)
  to   space 8192K, 0% used [0x00000000f3100000,0x00000000f3100000,0x00000000f3900000)
 ParOldGen       total 42496K, used 12716K [0x00000000c2a00000, 0x00000000c5380000, 0x00000000eb900000)
  object space 42496K, 29% used [0x00000000c2a00000,0x00000000c366b040,0x00000000c5380000)
 Metaspace       used 13842K, capacity 14228K, committed 14336K, reserved 1062912K
  class space    used 1582K, capacity 1700K, committed 1792K, reserved 1048576K
}
Event: 36.311 GC heap before
{Heap before GC invocations=11 (full 1):
 PSYoungGen      total 63488K, used 63456K [0x00000000eb900000, 0x00000000f3900000, 0x0000000100000000)
  eden space 57344K, 100% used [0x00000000eb900000,0x00000000ef100000,0x00000000ef100000)
  from space 6144K, 99% used [0x00000000ef100000,0x00000000ef6f8010,0x00000000ef700000)
  to   space 8192K, 0% used [0x00000000f3100000,0x00000000f3100000,0x00000000f3900000)
 ParOldGen       total 42496K, used 12716K [0x00000000c2a00000, 0x00000000c5380000, 0x00000000eb900000)
  object space 42496K, 29% used [0x00000000c2a00000,0x00000000c366b040,0x00000000c5380000)
 Metaspace       used 14697K, capacity 15174K, committed 15360K, reserved 1062912K
  class space    used 1624K, capacity 1763K, committed 1792K, reserved 1048576K
Event: 36.348 GC heap after
Heap after GC invocations=11 (full 1):
 PSYoungGen      total 100352K, used 8164K [0x00000000eb900000, 0x00000000f3900000, 0x0000000100000000)
  eden space 92160K, 0% used [0x00000000eb900000,0x00000000eb900000,0x00000000f1300000)
  from space 8192K, 99% used [0x00000000f3100000,0x00000000f38f9288,0x00000000f3900000)
  to   space 10240K, 0% used [0x00000000f2500000,0x00000000f2500000,0x00000000f2f00000)
 ParOldGen       total 42496K, used 15987K [0x00000000c2a00000, 0x00000000c5380000, 0x00000000eb900000)
  object space 42496K, 37% used [0x00000000c2a00000,0x00000000c399cde8,0x00000000c5380000)
 Metaspace       used 14697K, capacity 15174K, committed 15360K, reserved 1062912K
  class space    used 1624K, capacity 1763K, committed 1792K, reserved 1048576K
}
Event: 67.607 GC heap before
{Heap before GC invocations=12 (full 1):
 PSYoungGen      total 100352K, used 100324K [0x00000000eb900000, 0x00000000f3900000, 0x0000000100000000)
  eden space 92160K, 100% used [0x00000000eb900000,0x00000000f1300000,0x00000000f1300000)
  from space 8192K, 99% used [0x00000000f3100000,0x00000000f38f9288,0x00000000f3900000)
  to   space 10240K, 0% used [0x00000000f2500000,0x00000000f2500000,0x00000000f2f00000)
 ParOldGen       total 42496K, used 15987K [0x00000000c2a00000, 0x00000000c5380000, 0x00000000eb900000)
  object space 42496K, 37% used [0x00000000c2a00000,0x00000000c399cde8,0x00000000c5380000)
 Metaspace       used 14983K, capacity 15486K, committed 15616K, reserved 1062912K
  class space    used 1641K, capacity 1781K, committed 1792K, reserved 1048576K
Event: 67.652 GC heap after
Heap after GC invocations=12 (full 1):
 PSYoungGen      total 120832K, used 6690K [0x00000000eb900000, 0x00000000f5d00000, 0x0000000100000000)
  eden space 110592K, 0% used [0x00000000eb900000,0x00000000eb900000,0x00000000f2500000)
  from space 10240K, 65% used [0x00000000f2500000,0x00000000f2b88ad8,0x00000000f2f00000)
  to   space 10240K, 0% used [0x00000000f5300000,0x00000000f5300000,0x00000000f5d00000)
 ParOldGen       total 42496K, used 20311K [0x00000000c2a00000, 0x00000000c5380000, 0x00000000eb900000)
  object space 42496K, 47% used [0x00000000c2a00000,0x00000000c3dd5e78,0x00000000c5380000)
 Metaspace       used 14983K, capacity 15486K, committed 15616K, reserved 1062912K
  class space    used 1641K, capacity 1781K, committed 1792K, reserved 1048576K
}
Event: 80.648 GC heap before
{Heap before GC invocations=13 (full 1):
 PSYoungGen      total 120832K, used 117282K [0x00000000eb900000, 0x00000000f5d00000, 0x0000000100000000)
  eden space 110592K, 100% used [0x00000000eb900000,0x00000000f2500000,0x00000000f2500000)
  from space 10240K, 65% used [0x00000000f2500000,0x00000000f2b88ad8,0x00000000f2f00000)
  to   space 10240K, 0% used [0x00000000f5300000,0x00000000f5300000,0x00000000f5d00000)
 ParOldGen       total 42496K, used 20311K [0x00000000c2a00000, 0x00000000c5380000, 0x00000000eb900000)
  object space 42496K, 47% used [0x00000000c2a00000,0x00000000c3dd5e78,0x00000000c5380000)
 Metaspace       used 14996K, capacity 15486K, committed 15616K, reserved 1062912K
  class space    used 1641K, capacity 1781K, committed 1792K, reserved 1048576K

