# JRE version: Java(TM) SE Runtime Environment (8.0_201-b09) (build 1.8.0_201-b09)
# Java VM: Java HotSpot(TM) 64-Bit Server VM (25.201-b09 mixed mode linux-amd64 compressed oops)
Heap:
 PSYoungGen      total 66048K, used 6112K [0x00000000eb900000, 0x00000000f0300000, 0x0000000100000000)
  eden space 59904K, 0% used [0x00000000eb900000,0x00000000eb900000,0x00000000ef380000)
  from space 6144K, 99% used [0x00000000ef380000,0x00000000ef978010,0x00000000ef980000)
  to   space 2560K, 0% used [0x00000000ef980000,0x00000000ef980000,0x00000000efc00000)
 ParOldGen       total 42496K, used 14759K [0x00000000c2a00000, 0x00000000c5380000, 0x00000000eb900000)
  object space 42496K, 34% used [0x00000000c2a00000,0x00000000c3869d88,0x00000000c5380000)
 Metaspace       used 14750K, capacity 15296K, committed 15488K, reserved 1062912K
  class space    used 1650K, capacity 1798K, committed 1920K, reserved 1048576K
GC Heap History (10 events):
Event: 1.866 GC heap after
Heap after GC invocations=3 (full 0):
 PSYoungGen      total 18432K, used 2528K [0x00000000eb900000, 0x00000000edd00000, 0x0000000100000000)
  eden space 15872K, 0% used [0x00000000eb900000,0x00000000eb900000,0x00000000ec880000)
  from space 2560K, 98% used [0x00000000ec880000,0x00000000ecaf8030,0x00000000ecb00000)
  to   space 2560K, 0% used [0x00000000eda80000,0x00000000eda80000,0x00000000edd00000)
 ParOldGen       total 42496K, used 7621K [0x00000000c2a00000, 0x00000000c5380000, 0x00000000eb900000)
  object space 42496K, 17% used [0x00000000c2a00000,0x00000000c31717d0,0x00000000c5380000)
 Metaspace       used 8281K, capacity 8358K, committed 8448K, reserved 1056768K
  class space    used 996K, capacity 1012K, committed 1024K, reserved 1048576K
}
Event: 2.250 GC heap before
{Heap before GC invocations=4 (full 0):
 PSYoungGen      total 18432K, used 16176K [0x00000000eb900000, 0x00000000edd00000, 0x0000000100000000)
  eden space 15872K, 85% used [0x00000000eb900000,0x00000000ec6541a8,0x00000000ec880000)
  from space 2560K, 98% used [0x00000000ec880000,0x00000000ecaf8030,0x00000000ecb00000)
  to   space 2560K, 0% used [0x00000000eda80000,0x00000000eda80000,0x00000000edd00000)
 ParOldGen       total 42496K, used 7621K [0x00000000c2a00000, 0x00000000c5380000, 0x00000000eb900000)
  object space 42496K, 17% used [0x00000000c2a00000,0x00000000c31717d0,0x00000000c5380000)
 Metaspace       used 10167K, capacity 10316K, committed 10624K, reserved 1058816K
  class space    used 1228K, capacity 1287K, committed 1408K, reserved 1048576K
Event: 2.278 GC heap after
Heap after GC invocations=4 (full 0):
 PSYoungGen      total 34304K, used 2528K [0x00000000eb900000, 0x00000000edd00000, 0x0000000100000000)
  eden space 31744K, 0% used [0x00000000eb900000,0x00000000eb900000,0x00000000ed800000)
  from space 2560K, 98% used [0x00000000eda80000,0x00000000edcf8030,0x00000000edd00000)
  to   space 2560K, 0% used [0x00000000ed800000,0x00000000ed800000,0x00000000eda80000)
 ParOldGen       total 42496K, used 10018K [0x00000000c2a00000, 0x00000000c5380000, 0x00000000eb900000)
  object space 42496K, 23% used [0x00000000c2a00000,0x00000000c33c8ac8,0x00000000c5380000)
 Metaspace       used 10167K, capacity 10316K, committed 10624K, reserved 1058816K
  class space    used 1228K, capacity 1287K, committed 1408K, reserved 1048576K
}
Event: 2.278 GC heap before
{Heap before GC invocations=5 (full 1):
 PSYoungGen      total 34304K, used 2528K [0x00000000eb900000, 0x00000000edd00000, 0x0000000100000000)
  eden space 31744K, 0% used [0x00000000eb900000,0x00000000eb900000,0x00000000ed800000)
  from space 2560K, 98% used [0x00000000eda80000,0x00000000edcf8030,0x00000000edd00000)
  to   space 2560K, 0% used [0x00000000ed800000,0x00000000ed800000,0x00000000eda80000)
 ParOldGen       total 42496K, used 10018K [0x00000000c2a00000, 0x00000000c5380000, 0x00000000eb900000)
  object space 42496K, 23% used [0x00000000c2a00000,0x00000000c33c8ac8,0x00000000c5380000)
 Metaspace       used 10167K, capacity 10316K, committed 10624K, reserved 1058816K
  class space    used 1228K, capacity 1287K, committed 1408K, reserved 1048576K
Event: 2.518 GC heap after
Heap after GC invocations=5 (full 1):
 PSYoungGen      total 34304K, used 0K [0x00000000eb900000, 0x00000000edd00000, 0x0000000100000000)
  eden space 31744K, 0% used [0x00000000eb900000,0x00000000eb900000,0x00000000ed800000)
  from space 2560K, 0% used [0x00000000eda80000,0x00000000eda80000,0x00000000edd00000)
  to   space 2560K, 0% used [0x00000000ed800000,0x00000000ed800000,0x00000000eda80000)
 ParOldGen       total 42496K, used 10855K [0x00000000c2a00000, 0x00000000c5380000, 0x00000000eb900000)
  object space 42496K, 25% used [0x00000000c2a00000,0x00000000c3499f80,0x00000000c5380000)
 Metaspace       used 10159K, capacity 10306K, committed 10624K, reserved 1058816K
  class space    used 1226K, capacity 1285K, committed 1408K, reserved 1048576K
}
Event: 42.042 GC heap before
{Heap before GC invocations=6 (full 1):
 PSYoungGen      total 34304K, used 31744K [0x00000000eb900000, 0x00000000edd00000, 0x0000000100000000)
  eden space 31744K, 100% used [0x00000000eb900000,0x00000000ed800000,0x00000000ed800000)
  from space 2560K, 0% used [0x00000000eda80000,0x00000000eda80000,0x00000000edd00000)
  to   space 2560K, 0% used [0x00000000ed800000,0x00000000ed800000,0x00000000eda80000)
 ParOldGen       total 42496K, used 10855K [0x00000000c2a00000, 0x00000000c5380000, 0x00000000eb900000)
  object space 42496K, 25% used [0x00000000c2a00000,0x00000000c3499f80,0x00000000c5380000)
 Metaspace       used 13723K, capacity 14134K, committed 14336K, reserved 1062912K
  class space    used 1591K, capacity 1706K, committed 1792K, reserved 1048576K
Event: 42.186 GC heap after
Heap after GC invocations=6 (full 1):
 PSYoungGen      total 34304K, used 2558K [0x00000000eb900000, 0x00000000efc00000, 0x0000000100000000)
  eden space 31744K, 0% used [0x00000000eb900000,0x00000000eb900000,0x00000000ed800000)
  from space 2560K, 99% used [0x00000000ed800000,0x00000000eda7f8f0,0x00000000eda80000)
  to   space 2560K, 0% used [0x00000000ef980000,0x00000000ef980000,0x00000000efc00000)
 ParOldGen       total 42496K, used 12752K [0x00000000c2a00000, 0x00000000c5380000, 0x00000000eb900000)
  object space 42496K, 30% used [0x00000000c2a00000,0x00000000c3674018,0x00000000c5380000)
 Metaspace       used 13723K, capacity 14134K, committed 14336K, reserved 1062912K
  class space    used 1591K, capacity 1706K, committed 1792K, reserved 1048576K
}
Event: 43.638 GC heap before
{Heap before GC invocations=7 (full 1):
 PSYoungGen      total 34304K, used 34302K [0x00000000eb900000, 0x00000000efc00000, 0x0000000100000000)
  eden space 31744K, 100% used [0x00000000eb900000,0x00000000ed800000,0x00000000ed800000)
  from space 2560K, 99% used [0x00000000ed800000,0x00000000eda7f8f0,0x00000000eda80000)
  to   space 2560K, 0% used [0x00000000ef980000,0x00000000ef980000,0x00000000efc00000)
 ParOldGen       total 42496K, used 12752K [0x00000000c2a00000, 0x00000000c5380000, 0x00000000eb900000)
  object space 42496K, 30% used [0x00000000c2a00000,0x00000000c3674018,0x00000000c5380000)
 Metaspace       used 13852K, capacity 14262K, committed 14592K, reserved 1062912K
  class space    used 1591K, capacity 1706K, committed 1792K, reserved 1048576K
Event: 43.686 GC heap after
Heap after GC invocations=7 (full 1):
 PSYoungGen      total 62464K, used 2528K [0x00000000eb900000, 0x00000000f0300000, 0x0000000100000000)
  eden space 59904K, 0% used [0x00000000eb900000,0x00000000eb900000,0x00000000ef380000)
  from space 2560K, 98% used [0x00000000ef980000,0x00000000efbf8020,0x00000000efc00000)
  to   space 6144K, 0% used [0x00000000ef380000,0x00000000ef380000,0x00000000ef980000)
 ParOldGen       total 42496K, used 14127K [0x00000000c2a00000, 0x00000000c5380000, 0x00000000eb900000)
  object space 42496K, 33% used [0x00000000c2a00000,0x00000000c37cbc40,0x00000000c5380000)
 Metaspace       used 13852K, capacity 14262K, committed 14592K, reserved 1062912K
  class space    used 1591K, capacity 1706K, committed 1792K, reserved 1048576K
}
Event: 46.775 GC heap before
{Heap before GC invocations=8 (full 1):
 PSYoungGen      total 62464K, used 62432K [0x00000000eb900000, 0x00000000f0300000, 0x0000000100000000)
  eden space 59904K, 100% used [0x00000000eb900000,0x00000000ef380000,0x00000000ef380000)
  from space 2560K, 98% used [0x00000000ef980000,0x00000000efbf8020,0x00000000efc00000)
  to   space 6144K, 0% used [0x00000000ef380000,0x00000000ef380000,0x00000000ef980000)
 ParOldGen       total 42496K, used 14127K [0x00000000c2a00000, 0x00000000c5380000, 0x00000000eb900000)
  object space 42496K, 33% used [0x00000000c2a00000,0x00000000c37cbc40,0x00000000c5380000)
 Metaspace       used 14750K, capacity 15296K, committed 15488K, reserved 1062912K
  class space    used 1650K, capacity 1798K, committed 1920K, reserved 1048576K

