# JRE version: Java(TM) SE Runtime Environment (8.0_201-b09) (build 1.8.0_201-b09)
# Java VM: Java HotSpot(TM) 64-Bit Server VM (25.201-b09 mixed mode linux-amd64 compressed oops)
Heap:
 PSYoungGen      total 316416K, used 9872K [0x00000000eb900000, 0x00000000fff00000, 0x0000000100000000)
  eden space 299008K, 0% used [0x00000000eb900000,0x00000000eb900000,0x00000000fdd00000)
  from space 17408K, 56% used [0x00000000fdd00000,0x00000000fe6a4010,0x00000000fee00000)
  to   space 16896K, 0% used [0x00000000fee80000,0x00000000fee80000,0x00000000fff00000)
 ParOldGen       total 48128K, used 37926K [0x00000000c2a00000, 0x00000000c5900000, 0x00000000eb900000)
  object space 48128K, 78% used [0x00000000c2a00000,0x00000000c4f099d8,0x00000000c5900000)
 Metaspace       used 21599K, capacity 22274K, committed 22400K, reserved 1069056K
  class space    used 2233K, capacity 2389K, committed 2432K, reserved 1048576K
GC Heap History (10 events):
Event: 63.611 GC heap after
Heap after GC invocations=32 (full 2):
 PSYoungGen      total 314368K, used 7008K [0x00000000eb900000, 0x00000000ffe80000, 0x0000000100000000)
  eden space 296448K, 0% used [0x00000000eb900000,0x00000000eb900000,0x00000000fda80000)
  from space 17920K, 39% used [0x00000000fed00000,0x00000000ff3d8000,0x00000000ffe80000)
  to   space 18432K, 0% used [0x00000000fda80000,0x00000000fda80000,0x00000000fec80000)
 ParOldGen       total 48128K, used 37710K [0x00000000c2a00000, 0x00000000c5900000, 0x00000000eb900000)
  object space 48128K, 78% used [0x00000000c2a00000,0x00000000c4ed39d8,0x00000000c5900000)
 Metaspace       used 21330K, capacity 21972K, committed 22144K, reserved 1069056K
  class space    used 2217K, capacity 2354K, committed 2432K, reserved 1048576K
}
Event: 66.437 GC heap before
{Heap before GC invocations=33 (full 2):
 PSYoungGen      total 314368K, used 303456K [0x00000000eb900000, 0x00000000ffe80000, 0x0000000100000000)
  eden space 296448K, 100% used [0x00000000eb900000,0x00000000fda80000,0x00000000fda80000)
  from space 17920K, 39% used [0x00000000fed00000,0x00000000ff3d8000,0x00000000ffe80000)
  to   space 18432K, 0% used [0x00000000fda80000,0x00000000fda80000,0x00000000fec80000)
 ParOldGen       total 48128K, used 37710K [0x00000000c2a00000, 0x00000000c5900000, 0x00000000eb900000)
  object space 48128K, 78% used [0x00000000c2a00000,0x00000000c4ed39d8,0x00000000c5900000)
 Metaspace       used 21354K, capacity 22036K, committed 22144K, reserved 1069056K
  class space    used 2217K, capacity 2354K, committed 2432K, reserved 1048576K
Event: 66.448 GC heap after
Heap after GC invocations=33 (full 2):
 PSYoungGen      total 314880K, used 8352K [0x00000000eb900000, 0x00000000fff80000, 0x0000000100000000)
  eden space 296448K, 0% used [0x00000000eb900000,0x00000000eb900000,0x00000000fda80000)
  from space 18432K, 45% used [0x00000000fda80000,0x00000000fe2a8000,0x00000000fec80000)
  to   space 17920K, 0% used [0x00000000fee00000,0x00000000fee00000,0x00000000fff80000)
 ParOldGen       total 48128K, used 37710K [0x00000000c2a00000, 0x00000000c5900000, 0x00000000eb900000)
  object space 48128K, 78% used [0x00000000c2a00000,0x00000000c4ed39d8,0x00000000c5900000)
 Metaspace       used 21354K, capacity 22036K, committed 22144K, reserved 1069056K
  class space    used 2217K, capacity 2354K, committed 2432K, reserved 1048576K
}
Event: 69.363 GC heap before
{Heap before GC invocations=34 (full 2):
 PSYoungGen      total 314880K, used 304800K [0x00000000eb900000, 0x00000000fff80000, 0x0000000100000000)
  eden space 296448K, 100% used [0x00000000eb900000,0x00000000fda80000,0x00000000fda80000)
  from space 18432K, 45% used [0x00000000fda80000,0x00000000fe2a8000,0x00000000fec80000)
  to   space 17920K, 0% used [0x00000000fee00000,0x00000000fee00000,0x00000000fff80000)
 ParOldGen       total 48128K, used 37710K [0x00000000c2a00000, 0x00000000c5900000, 0x00000000eb900000)
  object space 48128K, 78% used [0x00000000c2a00000,0x00000000c4ed39d8,0x00000000c5900000)
 Metaspace       used 21378K, capacity 22036K, committed 22144K, reserved 1069056K
  class space    used 2217K, capacity 2354K, committed 2432K, reserved 1048576K
Event: 69.377 GC heap after
Heap after GC invocations=34 (full 2):
 PSYoungGen      total 316416K, used 11488K [0x00000000eb900000, 0x00000000fff80000, 0x0000000100000000)
  eden space 298496K, 0% used [0x00000000eb900000,0x00000000eb900000,0x00000000fdc80000)
  from space 17920K, 64% used [0x00000000fee00000,0x00000000ff938000,0x00000000fff80000)
  to   space 17920K, 0% used [0x00000000fdc80000,0x00000000fdc80000,0x00000000fee00000)
 ParOldGen       total 48128K, used 37710K [0x00000000c2a00000, 0x00000000c5900000, 0x00000000eb900000)
  object space 48128K, 78% used [0x00000000c2a00000,0x00000000c4ed39d8,0x00000000c5900000)
 Metaspace       used 21378K, capacity 22036K, committed 22144K, reserved 1069056K
  class space    used 2217K, capacity 2354K, committed 2432K, reserved 1048576K
}
Event: 75.591 GC heap before
{Heap before GC invocations=35 (full 2):
 PSYoungGen      total 316416K, used 309984K [0x00000000eb900000, 0x00000000fff80000, 0x0000000100000000)
  eden space 298496K, 100% used [0x00000000eb900000,0x00000000fdc80000,0x00000000fdc80000)
  from space 17920K, 64% used [0x00000000fee00000,0x00000000ff938000,0x00000000fff80000)
  to   space 17920K, 0% used [0x00000000fdc80000,0x00000000fdc80000,0x00000000fee00000)
 ParOldGen       total 48128K, used 37710K [0x00000000c2a00000, 0x00000000c5900000, 0x00000000eb900000)
  object space 48128K, 78% used [0x00000000c2a00000,0x00000000c4ed39d8,0x00000000c5900000)
 Metaspace       used 21534K, capacity 22210K, committed 22400K, reserved 1069056K
  class space    used 2232K, capacity 2389K, committed 2432K, reserved 1048576K
Event: 75.603 GC heap after
Heap after GC invocations=35 (full 2):
 PSYoungGen      total 316416K, used 4020K [0x00000000eb900000, 0x0000000100000000, 0x0000000100000000)
  eden space 298496K, 0% used [0x00000000eb900000,0x00000000eb900000,0x00000000fdc80000)
  from space 17920K, 22% used [0x00000000fdc80000,0x00000000fe06d268,0x00000000fee00000)
  to   space 17920K, 0% used [0x00000000fee80000,0x00000000fee80000,0x0000000100000000)
 ParOldGen       total 48128K, used 37710K [0x00000000c2a00000, 0x00000000c5900000, 0x00000000eb900000)
  object space 48128K, 78% used [0x00000000c2a00000,0x00000000c4ed39d8,0x00000000c5900000)
 Metaspace       used 21534K, capacity 22210K, committed 22400K, reserved 1069056K
  class space    used 2232K, capacity 2389K, committed 2432K, reserved 1048576K
}
Event: 81.832 GC heap before
{Heap before GC invocations=36 (full 2):
 PSYoungGen      total 316416K, used 302516K [0x00000000eb900000, 0x0000000100000000, 0x0000000100000000)
  eden space 298496K, 100% used [0x00000000eb900000,0x00000000fdc80000,0x00000000fdc80000)
  from space 17920K, 22% used [0x00000000fdc80000,0x00000000fe06d268,0x00000000fee00000)
  to   space 17920K, 0% used [0x00000000fee80000,0x00000000fee80000,0x0000000100000000)
 ParOldGen       total 48128K, used 37710K [0x00000000c2a00000, 0x00000000c5900000, 0x00000000eb900000)
  object space 48128K, 78% used [0x00000000c2a00000,0x00000000c4ed39d8,0x00000000c5900000)
 Metaspace       used 21586K, capacity 22274K, committed 22400K, reserved 1069056K
  class space    used 2233K, capacity 2389K, committed 2432K, reserved 1048576K
Event: 81.861 GC heap after
Heap after GC invocations=36 (full 2):
 PSYoungGen      total 315904K, used 6560K [0x00000000eb900000, 0x00000000fff00000, 0x0000000100000000)
  eden space 299008K, 0% used [0x00000000eb900000,0x00000000eb900000,0x00000000fdd00000)
  from space 16896K, 38% used [0x00000000fee80000,0x00000000ff4e8000,0x00000000fff00000)
  to   space 17408K, 0% used [0x00000000fdd00000,0x00000000fdd00000,0x00000000fee00000)
 ParOldGen       total 48128K, used 37846K [0x00000000c2a00000, 0x00000000c5900000, 0x00000000eb900000)
  object space 48128K, 78% used [0x00000000c2a00000,0x00000000c4ef59d8,0x00000000c5900000)
 Metaspace       used 21586K, capacity 22274K, committed 22400K, reserved 1069056K
  class space    used 2233K, capacity 2389K, committed 2432K, reserved 1048576K
}
Event: 93.545 GC heap before
{Heap before GC invocations=37 (full 2):
 PSYoungGen      total 315904K, used 305568K [0x00000000eb900000, 0x00000000fff00000, 0x0000000100000000)
  eden space 299008K, 100% used [0x00000000eb900000,0x00000000fdd00000,0x00000000fdd00000)
  from space 16896K, 38% used [0x00000000fee80000,0x00000000ff4e8000,0x00000000fff00000)
  to   space 17408K, 0% used [0x00000000fdd00000,0x00000000fdd00000,0x00000000fee00000)
 ParOldGen       total 48128K, used 37846K [0x00000000c2a00000, 0x00000000c5900000, 0x00000000eb900000)
  object space 48128K, 78% used [0x00000000c2a00000,0x00000000c4ef59d8,0x00000000c5900000)
 Metaspace       used 21599K, capacity 22274K, committed 22400K, reserved 1069056K
  class space    used 2233K, capacity 2389K, committed 2432K, reserved 1048576K

