# JRE version: Java(TM) SE Runtime Environment (8.0_201-b09) (build 1.8.0_201-b09)
# Java VM: Java HotSpot(TM) 64-Bit Server VM (25.201-b09 mixed mode linux-amd64 compressed oops)
Heap:
 PSYoungGen      total 32256K, used 7930K [0x00000000eb900000, 0x00000000ede00000, 0x0000000100000000)
  eden space 29696K, 18% used [0x00000000eb900000,0x00000000ebe52908,0x00000000ed600000)
  from space 2560K, 96% used [0x00000000ed680000,0x00000000ed8ec010,0x00000000ed900000)
  to   space 4096K, 0% used [0x00000000eda00000,0x00000000eda00000,0x00000000ede00000)
 ParOldGen       total 42496K, used 4938K [0x00000000c2a00000, 0x00000000c5380000, 0x00000000eb900000)
  object space 42496K, 11% used [0x00000000c2a00000,0x00000000c2ed29f0,0x00000000c5380000)
 Metaspace       used 14054K, capacity 14526K, committed 14848K, reserved 1062912K
  class space    used 1602K, capacity 1724K, committed 1792K, reserved 1048576K
GC Heap History (10 events):
Event: 20.631 GC heap before
{Heap before GC invocations=4 (full 1):
 PSYoungGen      total 18432K, used 18424K [0x00000000eb900000, 0x00000000ecd80000, 0x0000000100000000)
  eden space 15872K, 100% used [0x00000000eb900000,0x00000000ec880000,0x00000000ec880000)
  from space 2560K, 99% used [0x00000000ecb00000,0x00000000ecd7e298,0x00000000ecd80000)
  to   space 2560K, 0% used [0x00000000ec880000,0x00000000ec880000,0x00000000ecb00000)
 ParOldGen       total 42496K, used 4558K [0x00000000c2a00000, 0x00000000c5380000, 0x00000000eb900000)
  object space 42496K, 10% used [0x00000000c2a00000,0x00000000c2e73b38,0x00000000c5380000)
 Metaspace       used 13333K, capacity 13676K, committed 13696K, reserved 1060864K
  class space    used 1559K, capacity 1662K, committed 1664K, reserved 1048576K
Event: 20.654 GC heap after
Heap after GC invocations=4 (full 1):
 PSYoungGen      total 18432K, used 2208K [0x00000000eb900000, 0x00000000edd00000, 0x0000000100000000)
  eden space 15872K, 0% used [0x00000000eb900000,0x00000000eb900000,0x00000000ec880000)
  from space 2560K, 86% used [0x00000000ec880000,0x00000000ecaa8020,0x00000000ecb00000)
  to   space 2560K, 0% used [0x00000000eda80000,0x00000000eda80000,0x00000000edd00000)
 ParOldGen       total 42496K, used 4558K [0x00000000c2a00000, 0x00000000c5380000, 0x00000000eb900000)
  object space 42496K, 10% used [0x00000000c2a00000,0x00000000c2e73b38,0x00000000c5380000)
 Metaspace       used 13333K, capacity 13676K, committed 13696K, reserved 1060864K
  class space    used 1559K, capacity 1662K, committed 1664K, reserved 1048576K
}
Event: 31.500 GC heap before
{Heap before GC invocations=5 (full 1):
 PSYoungGen      total 18432K, used 18080K [0x00000000eb900000, 0x00000000edd00000, 0x0000000100000000)
  eden space 15872K, 100% used [0x00000000eb900000,0x00000000ec880000,0x00000000ec880000)
  from space 2560K, 86% used [0x00000000ec880000,0x00000000ecaa8020,0x00000000ecb00000)
  to   space 2560K, 0% used [0x00000000eda80000,0x00000000eda80000,0x00000000edd00000)
 ParOldGen       total 42496K, used 4558K [0x00000000c2a00000, 0x00000000c5380000, 0x00000000eb900000)
  object space 42496K, 10% used [0x00000000c2a00000,0x00000000c2e73b38,0x00000000c5380000)
 Metaspace       used 13804K, capacity 14216K, committed 14336K, reserved 1062912K
  class space    used 1592K, capacity 1717K, committed 1792K, reserved 1048576K
Event: 31.525 GC heap after
Heap after GC invocations=5 (full 1):
 PSYoungGen      total 34304K, used 2560K [0x00000000eb900000, 0x00000000edd00000, 0x0000000100000000)
  eden space 31744K, 0% used [0x00000000eb900000,0x00000000eb900000,0x00000000ed800000)
  from space 2560K, 100% used [0x00000000eda80000,0x00000000edd00000,0x00000000edd00000)
  to   space 2560K, 0% used [0x00000000ed800000,0x00000000ed800000,0x00000000eda80000)
 ParOldGen       total 42496K, used 4794K [0x00000000c2a00000, 0x00000000c5380000, 0x00000000eb900000)
  object space 42496K, 11% used [0x00000000c2a00000,0x00000000c2eae9f0,0x00000000c5380000)
 Metaspace       used 13804K, capacity 14216K, committed 14336K, reserved 1062912K
  class space    used 1592K, capacity 1717K, committed 1792K, reserved 1048576K
}
Event: 36.463 GC heap before
{Heap before GC invocations=6 (full 1):
 PSYoungGen      total 34304K, used 34295K [0x00000000eb900000, 0x00000000edd00000, 0x0000000100000000)
  eden space 31744K, 99% used [0x00000000eb900000,0x00000000ed7fdd10,0x00000000ed800000)
  from space 2560K, 100% used [0x00000000eda80000,0x00000000edd00000,0x00000000edd00000)
  to   space 2560K, 0% used [0x00000000ed800000,0x00000000ed800000,0x00000000eda80000)
 ParOldGen       total 42496K, used 4794K [0x00000000c2a00000, 0x00000000c5380000, 0x00000000eb900000)
  object space 42496K, 11% used [0x00000000c2a00000,0x00000000c2eae9f0,0x00000000c5380000)
 Metaspace       used 13876K, capacity 14378K, committed 14592K, reserved 1062912K
  class space    used 1597K, capacity 1722K, committed 1792K, reserved 1048576K
Event: 36.474 GC heap after
Heap after GC invocations=6 (full 1):
 PSYoungGen      total 34304K, used 2528K [0x00000000eb900000, 0x00000000edd00000, 0x0000000100000000)
  eden space 31744K, 0% used [0x00000000eb900000,0x00000000eb900000,0x00000000ed800000)
  from space 2560K, 98% used [0x00000000ed800000,0x00000000eda78020,0x00000000eda80000)
  to   space 2560K, 0% used [0x00000000eda80000,0x00000000eda80000,0x00000000edd00000)
 ParOldGen       total 42496K, used 4794K [0x00000000c2a00000, 0x00000000c5380000, 0x00000000eb900000)
  object space 42496K, 11% used [0x00000000c2a00000,0x00000000c2eae9f0,0x00000000c5380000)
 Metaspace       used 13876K, capacity 14378K, committed 14592K, reserved 1062912K
  class space    used 1597K, capacity 1722K, committed 1792K, reserved 1048576K
}
Event: 50.101 GC heap before
{Heap before GC invocations=7 (full 1):
 PSYoungGen      total 34304K, used 34272K [0x00000000eb900000, 0x00000000edd00000, 0x0000000100000000)
  eden space 31744K, 100% used [0x00000000eb900000,0x00000000ed800000,0x00000000ed800000)
  from space 2560K, 98% used [0x00000000ed800000,0x00000000eda78020,0x00000000eda80000)
  to   space 2560K, 0% used [0x00000000eda80000,0x00000000eda80000,0x00000000edd00000)
 ParOldGen       total 42496K, used 4794K [0x00000000c2a00000, 0x00000000c5380000, 0x00000000eb900000)
  object space 42496K, 11% used [0x00000000c2a00000,0x00000000c2eae9f0,0x00000000c5380000)
 Metaspace       used 13893K, capacity 14386K, committed 14592K, reserved 1062912K
  class space    used 1597K, capacity 1722K, committed 1792K, reserved 1048576K
Event: 50.120 GC heap after
Heap after GC invocations=7 (full 1):
 PSYoungGen      total 32768K, used 2540K [0x00000000eb900000, 0x00000000edf00000, 0x0000000100000000)
  eden space 30208K, 0% used [0x00000000eb900000,0x00000000eb900000,0x00000000ed680000)
  from space 2560K, 99% used [0x00000000eda80000,0x00000000edcfb040,0x00000000edd00000)
  to   space 4096K, 0% used [0x00000000ed680000,0x00000000ed680000,0x00000000eda80000)
 ParOldGen       total 42496K, used 4930K [0x00000000c2a00000, 0x00000000c5380000, 0x00000000eb900000)
  object space 42496K, 11% used [0x00000000c2a00000,0x00000000c2ed09f0,0x00000000c5380000)
 Metaspace       used 13893K, capacity 14386K, committed 14592K, reserved 1062912K
  class space    used 1597K, capacity 1722K, committed 1792K, reserved 1048576K
}
Event: 76.137 GC heap before
{Heap before GC invocations=8 (full 1):
 PSYoungGen      total 32768K, used 32748K [0x00000000eb900000, 0x00000000edf00000, 0x0000000100000000)
  eden space 30208K, 100% used [0x00000000eb900000,0x00000000ed680000,0x00000000ed680000)
  from space 2560K, 99% used [0x00000000eda80000,0x00000000edcfb040,0x00000000edd00000)
  to   space 4096K, 0% used [0x00000000ed680000,0x00000000ed680000,0x00000000eda80000)
 ParOldGen       total 42496K, used 4930K [0x00000000c2a00000, 0x00000000c5380000, 0x00000000eb900000)
  object space 42496K, 11% used [0x00000000c2a00000,0x00000000c2ed09f0,0x00000000c5380000)
 Metaspace       used 14020K, capacity 14526K, committed 14848K, reserved 1062912K
  class space    used 1602K, capacity 1724K, committed 1792K, reserved 1048576K
Event: 76.160 GC heap after
Heap after GC invocations=8 (full 1):
 PSYoungGen      total 32256K, used 2480K [0x00000000eb900000, 0x00000000ede00000, 0x0000000100000000)
  eden space 29696K, 0% used [0x00000000eb900000,0x00000000eb900000,0x00000000ed600000)
  from space 2560K, 96% used [0x00000000ed680000,0x00000000ed8ec010,0x00000000ed900000)
  to   space 4096K, 0% used [0x00000000eda00000,0x00000000eda00000,0x00000000ede00000)
 ParOldGen       total 42496K, used 4938K [0x00000000c2a00000, 0x00000000c5380000, 0x00000000eb900000)
  object space 42496K, 11% used [0x00000000c2a00000,0x00000000c2ed29f0,0x00000000c5380000)
 Metaspace       used 14020K, capacity 14526K, committed 14848K, reserved 1062912K
  class space    used 1602K, capacity 1724K, committed 1792K, reserved 1048576K
}

