# JRE version: Java(TM) SE Runtime Environment (8.0_201-b09) (build 1.8.0_201-b09)
# Java VM: Java HotSpot(TM) 64-Bit Server VM (25.201-b09 mixed mode linux-amd64 compressed oops)
Heap:
 PSYoungGen      total 278528K, used 8252K [0x00000000eb900000, 0x0000000100000000, 0x0000000100000000)
  eden space 250880K, 0% used [0x00000000eb900000,0x00000000eb900000,0x00000000fae00000)
  from space 27648K, 29% used [0x00000000fae00000,0x00000000fb60f280,0x00000000fc900000)
  to   space 44032K, 0% used [0x00000000fd500000,0x00000000fd500000,0x0000000100000000)
 ParOldGen       total 164864K, used 164546K [0x00000000c2a00000, 0x00000000ccb00000, 0x00000000eb900000)
  object space 164864K, 99% used [0x00000000c2a00000,0x00000000ccab0b10,0x00000000ccb00000)
 Metaspace       used 31827K, capacity 32760K, committed 32896K, reserved 1079296K
  class space    used 3217K, capacity 3444K, committed 3456K, reserved 1048576K
GC Heap History (10 events):
Event: 149.992 GC heap after
Heap after GC invocations=45 (full 4):
 PSYoungGen      total 312320K, used 22496K [0x00000000eb900000, 0x0000000100000000, 0x0000000100000000)
  eden space 289792K, 0% used [0x00000000eb900000,0x00000000eb900000,0x00000000fd400000)
  from space 22528K, 99% used [0x00000000fd400000,0x00000000fe9f82a0,0x00000000fea00000)
  to   space 22528K, 0% used [0x00000000fea00000,0x00000000fea00000,0x0000000100000000)
 ParOldGen       total 164864K, used 97832K [0x00000000c2a00000, 0x00000000ccb00000, 0x00000000eb900000)
  object space 164864K, 59% used [0x00000000c2a00000,0x00000000c898a248,0x00000000ccb00000)
 Metaspace       used 24893K, capacity 25724K, committed 25856K, reserved 1073152K
  class space    used 2562K, capacity 2770K, committed 2816K, reserved 1048576K
}
Event: 157.625 GC heap before
{Heap before GC invocations=46 (full 4):
 PSYoungGen      total 312320K, used 312288K [0x00000000eb900000, 0x0000000100000000, 0x0000000100000000)
  eden space 289792K, 100% used [0x00000000eb900000,0x00000000fd400000,0x00000000fd400000)
  from space 22528K, 99% used [0x00000000fd400000,0x00000000fe9f82a0,0x00000000fea00000)
  to   space 22528K, 0% used [0x00000000fea00000,0x00000000fea00000,0x0000000100000000)
 ParOldGen       total 164864K, used 97832K [0x00000000c2a00000, 0x00000000ccb00000, 0x00000000eb900000)
  object space 164864K, 59% used [0x00000000c2a00000,0x00000000c898a248,0x00000000ccb00000)
 Metaspace       used 24985K, capacity 25796K, committed 26112K, reserved 1073152K
  class space    used 2566K, capacity 2770K, committed 2816K, reserved 1048576K
Event: 157.703 GC heap after
Heap after GC invocations=46 (full 4):
 PSYoungGen      total 289792K, used 22496K [0x00000000eb900000, 0x0000000100000000, 0x0000000100000000)
  eden space 267264K, 0% used [0x00000000eb900000,0x00000000eb900000,0x00000000fbe00000)
  from space 22528K, 99% used [0x00000000fea00000,0x00000000ffff8220,0x0000000100000000)
  to   space 33792K, 0% used [0x00000000fbe00000,0x00000000fbe00000,0x00000000fdf00000)
 ParOldGen       total 164864K, used 109197K [0x00000000c2a00000, 0x00000000ccb00000, 0x00000000eb900000)
  object space 164864K, 66% used [0x00000000c2a00000,0x00000000c94a34e8,0x00000000ccb00000)
 Metaspace       used 24985K, capacity 25796K, committed 26112K, reserved 1073152K
  class space    used 2566K, capacity 2770K, committed 2816K, reserved 1048576K
}
Event: 163.842 GC heap before
{Heap before GC invocations=47 (full 4):
 PSYoungGen      total 289792K, used 289760K [0x00000000eb900000, 0x0000000100000000, 0x0000000100000000)
  eden space 267264K, 100% used [0x00000000eb900000,0x00000000fbe00000,0x00000000fbe00000)
  from space 22528K, 99% used [0x00000000fea00000,0x00000000ffff8220,0x0000000100000000)
  to   space 33792K, 0% used [0x00000000fbe00000,0x00000000fbe00000,0x00000000fdf00000)
 ParOldGen       total 164864K, used 109197K [0x00000000c2a00000, 0x00000000ccb00000, 0x00000000eb900000)
  object space 164864K, 66% used [0x00000000c2a00000,0x00000000c94a34e8,0x00000000ccb00000)
 Metaspace       used 30773K, capacity 31588K, committed 31872K, reserved 1077248K
  class space    used 3215K, capacity 3442K, committed 3456K, reserved 1048576K
Event: 163.967 GC heap after
Heap after GC invocations=47 (full 4):
 PSYoungGen      total 301056K, used 16436K [0x00000000eb900000, 0x0000000100000000, 0x0000000100000000)
  eden space 267264K, 0% used [0x00000000eb900000,0x00000000eb900000,0x00000000fbe00000)
  from space 33792K, 48% used [0x00000000fbe00000,0x00000000fce0d298,0x00000000fdf00000)
  to   space 33280K, 0% used [0x00000000fdf80000,0x00000000fdf80000,0x0000000100000000)
 ParOldGen       total 164864K, used 127450K [0x00000000c2a00000, 0x00000000ccb00000, 0x00000000eb900000)
  object space 164864K, 77% used [0x00000000c2a00000,0x00000000ca676ab8,0x00000000ccb00000)
 Metaspace       used 30773K, capacity 31588K, committed 31872K, reserved 1077248K
  class space    used 3215K, capacity 3442K, committed 3456K, reserved 1048576K
}
Event: 171.649 GC heap before
{Heap before GC invocations=48 (full 4):
 PSYoungGen      total 301056K, used 283700K [0x00000000eb900000, 0x0000000100000000, 0x0000000100000000)
  eden space 267264K, 100% used [0x00000000eb900000,0x00000000fbe00000,0x00000000fbe00000)
  from space 33792K, 48% used [0x00000000fbe00000,0x00000000fce0d298,0x00000000fdf00000)
  to   space 33280K, 0% used [0x00000000fdf80000,0x00000000fdf80000,0x0000000100000000)
 ParOldGen       total 164864K, used 127450K [0x00000000c2a00000, 0x00000000ccb00000, 0x00000000eb900000)
  object space 164864K, 77% used [0x00000000c2a00000,0x00000000ca676ab8,0x00000000ccb00000)
 Metaspace       used 31609K, capacity 32500K, committed 32640K, reserved 1079296K
  class space    used 3217K, capacity 3444K, committed 3456K, reserved 1048576K
Event: 171.720 GC heap after
Heap after GC invocations=48 (full 4):
 PSYoungGen      total 284160K, used 33273K [0x00000000eb900000, 0x0000000100000000, 0x0000000100000000)
  eden space 250880K, 0% used [0x00000000eb900000,0x00000000eb900000,0x00000000fae00000)
  from space 33280K, 99% used [0x00000000fdf80000,0x00000000ffffe448,0x0000000100000000)
  to   space 41984K, 0% used [0x00000000fae00000,0x00000000fae00000,0x00000000fd700000)
 ParOldGen       total 164864K, used 135671K [0x00000000c2a00000, 0x00000000ccb00000, 0x00000000eb900000)
  object space 164864K, 82% used [0x00000000c2a00000,0x00000000cae7ddd8,0x00000000ccb00000)
 Metaspace       used 31609K, capacity 32500K, committed 32640K, reserved 1079296K
  class space    used 3217K, capacity 3444K, committed 3456K, reserved 1048576K
}
Event: 177.156 GC heap before
{Heap before GC invocations=49 (full 4):
 PSYoungGen      total 284160K, used 284153K [0x00000000eb900000, 0x0000000100000000, 0x0000000100000000)
  eden space 250880K, 100% used [0x00000000eb900000,0x00000000fae00000,0x00000000fae00000)
  from space 33280K, 99% used [0x00000000fdf80000,0x00000000ffffe448,0x0000000100000000)
  to   space 41984K, 0% used [0x00000000fae00000,0x00000000fae00000,0x00000000fd700000)
 ParOldGen       total 164864K, used 135671K [0x00000000c2a00000, 0x00000000ccb00000, 0x00000000eb900000)
  object space 164864K, 82% used [0x00000000c2a00000,0x00000000cae7ddd8,0x00000000ccb00000)
 Metaspace       used 31827K, capacity 32760K, committed 32896K, reserved 1079296K
  class space    used 3217K, capacity 3444K, committed 3456K, reserved 1048576K
Event: 177.370 GC heap after
Heap after GC invocations=49 (full 4):
 PSYoungGen      total 278528K, used 27221K [0x00000000eb900000, 0x0000000100000000, 0x0000000100000000)
  eden space 250880K, 0% used [0x00000000eb900000,0x00000000eb900000,0x00000000fae00000)
  from space 27648K, 98% used [0x00000000fae00000,0x00000000fc895560,0x00000000fc900000)
  to   space 44032K, 0% used [0x00000000fd500000,0x00000000fd500000,0x0000000100000000)
 ParOldGen       total 164864K, used 164630K [0x00000000c2a00000, 0x00000000ccb00000, 0x00000000eb900000)
  object space 164864K, 99% used [0x00000000c2a00000,0x00000000ccac5b20,0x00000000ccb00000)
 Metaspace       used 31827K, capacity 32760K, committed 32896K, reserved 1079296K
  class space    used 3217K, capacity 3444K, committed 3456K, reserved 1048576K
}
Event: 177.370 GC heap before
{Heap before GC invocations=50 (full 5):
 PSYoungGen      total 278528K, used 27221K [0x00000000eb900000, 0x0000000100000000, 0x0000000100000000)
  eden space 250880K, 0% used [0x00000000eb900000,0x00000000eb900000,0x00000000fae00000)
  from space 27648K, 98% used [0x00000000fae00000,0x00000000fc895560,0x00000000fc900000)
  to   space 44032K, 0% used [0x00000000fd500000,0x00000000fd500000,0x0000000100000000)
 ParOldGen       total 164864K, used 164630K [0x00000000c2a00000, 0x00000000ccb00000, 0x00000000eb900000)
  object space 164864K, 99% used [0x00000000c2a00000,0x00000000ccac5b20,0x00000000ccb00000)
 Metaspace       used 31827K, capacity 32760K, committed 32896K, reserved 1079296K
  class space    used 3217K, capacity 3444K, committed 3456K, reserved 1048576K

