# JRE version: Java(TM) SE Runtime Environment (8.0_201-b09) (build 1.8.0_201-b09)
# Java VM: Java HotSpot(TM) 64-Bit Server VM (25.201-b09 mixed mode linux-amd64 compressed oops)
Heap:
 PSYoungGen      total 156672K, used 352K [0x00000000eb900000, 0x00000000f7380000, 0x0000000100000000)
  eden space 151040K, 0% used [0x00000000eb900000,0x00000000eb900000,0x00000000f4c80000)
  from space 5632K, 6% used [0x00000000f4c80000,0x00000000f4cd8000,0x00000000f5200000)
  to   space 5632K, 0% used [0x00000000f5200000,0x00000000f5200000,0x00000000f5780000)
 ParOldGen       total 42496K, used 7871K [0x00000000c2a00000, 0x00000000c5380000, 0x00000000eb900000)
  object space 42496K, 18% used [0x00000000c2a00000,0x00000000c31aff20,0x00000000c5380000)
 Metaspace       used 13724K, capacity 14054K, committed 14336K, reserved 1062912K
  class space    used 1586K, capacity 1703K, committed 1792K, reserved 1048576K
GC Heap History (10 events):
Event: 42.755 GC heap after
Heap after GC invocations=9 (full 1):
 PSYoungGen      total 63488K, used 1392K [0x00000000eb900000, 0x00000000efd00000, 0x0000000100000000)
  eden space 58880K, 0% used [0x00000000eb900000,0x00000000eb900000,0x00000000ef280000)
  from space 4608K, 30% used [0x00000000ef780000,0x00000000ef8dc010,0x00000000efc00000)
  to   space 5120K, 0% used [0x00000000ef280000,0x00000000ef280000,0x00000000ef780000)
 ParOldGen       total 42496K, used 6475K [0x00000000c2a00000, 0x00000000c5380000, 0x00000000eb900000)
  object space 42496K, 15% used [0x00000000c2a00000,0x00000000c3052f00,0x00000000c5380000)
 Metaspace       used 13717K, capacity 14054K, committed 14336K, reserved 1062912K
  class space    used 1586K, capacity 1703K, committed 1792K, reserved 1048576K
}
Event: 43.333 GC heap before
{Heap before GC invocations=10 (full 1):
 PSYoungGen      total 63488K, used 60272K [0x00000000eb900000, 0x00000000efd00000, 0x0000000100000000)
  eden space 58880K, 100% used [0x00000000eb900000,0x00000000ef280000,0x00000000ef280000)
  from space 4608K, 30% used [0x00000000ef780000,0x00000000ef8dc010,0x00000000efc00000)
  to   space 5120K, 0% used [0x00000000ef280000,0x00000000ef280000,0x00000000ef780000)
 ParOldGen       total 42496K, used 6475K [0x00000000c2a00000, 0x00000000c5380000, 0x00000000eb900000)
  object space 42496K, 15% used [0x00000000c2a00000,0x00000000c3052f00,0x00000000c5380000)
 Metaspace       used 13718K, capacity 14054K, committed 14336K, reserved 1062912K
  class space    used 1586K, capacity 1703K, committed 1792K, reserved 1048576K
Event: 43.338 GC heap after
Heap after GC invocations=10 (full 1):
 PSYoungGen      total 64000K, used 128K [0x00000000eb900000, 0x00000000f3600000, 0x0000000100000000)
  eden space 58880K, 0% used [0x00000000eb900000,0x00000000eb900000,0x00000000ef280000)
  from space 5120K, 2% used [0x00000000ef280000,0x00000000ef2a0000,0x00000000ef780000)
  to   space 5120K, 0% used [0x00000000f3100000,0x00000000f3100000,0x00000000f3600000)
 ParOldGen       total 42496K, used 7719K [0x00000000c2a00000, 0x00000000c5380000, 0x00000000eb900000)
  object space 42496K, 18% used [0x00000000c2a00000,0x00000000c3189f20,0x00000000c5380000)
 Metaspace       used 13718K, capacity 14054K, committed 14336K, reserved 1062912K
  class space    used 1586K, capacity 1703K, committed 1792K, reserved 1048576K
}
Event: 43.766 GC heap before
{Heap before GC invocations=11 (full 1):
 PSYoungGen      total 64000K, used 59008K [0x00000000eb900000, 0x00000000f3600000, 0x0000000100000000)
  eden space 58880K, 100% used [0x00000000eb900000,0x00000000ef280000,0x00000000ef280000)
  from space 5120K, 2% used [0x00000000ef280000,0x00000000ef2a0000,0x00000000ef780000)
  to   space 5120K, 0% used [0x00000000f3100000,0x00000000f3100000,0x00000000f3600000)
 ParOldGen       total 42496K, used 7719K [0x00000000c2a00000, 0x00000000c5380000, 0x00000000eb900000)
  object space 42496K, 18% used [0x00000000c2a00000,0x00000000c3189f20,0x00000000c5380000)
 Metaspace       used 13718K, capacity 14054K, committed 14336K, reserved 1062912K
  class space    used 1586K, capacity 1703K, committed 1792K, reserved 1048576K
Event: 43.768 GC heap after
Heap after GC invocations=11 (full 1):
 PSYoungGen      total 94720K, used 96K [0x00000000eb900000, 0x00000000f3180000, 0x0000000100000000)
  eden space 94208K, 0% used [0x00000000eb900000,0x00000000eb900000,0x00000000f1500000)
  from space 512K, 18% used [0x00000000f3100000,0x00000000f3118000,0x00000000f3180000)
  to   space 5632K, 0% used [0x00000000f2680000,0x00000000f2680000,0x00000000f2c00000)
 ParOldGen       total 42496K, used 7751K [0x00000000c2a00000, 0x00000000c5380000, 0x00000000eb900000)
  object space 42496K, 18% used [0x00000000c2a00000,0x00000000c3191f20,0x00000000c5380000)
 Metaspace       used 13718K, capacity 14054K, committed 14336K, reserved 1062912K
  class space    used 1586K, capacity 1703K, committed 1792K, reserved 1048576K
}
Event: 44.377 GC heap before
{Heap before GC invocations=12 (full 1):
 PSYoungGen      total 94720K, used 94304K [0x00000000eb900000, 0x00000000f3180000, 0x0000000100000000)
  eden space 94208K, 100% used [0x00000000eb900000,0x00000000f1500000,0x00000000f1500000)
  from space 512K, 18% used [0x00000000f3100000,0x00000000f3118000,0x00000000f3180000)
  to   space 5632K, 0% used [0x00000000f2680000,0x00000000f2680000,0x00000000f2c00000)
 ParOldGen       total 42496K, used 7751K [0x00000000c2a00000, 0x00000000c5380000, 0x00000000eb900000)
  object space 42496K, 18% used [0x00000000c2a00000,0x00000000c3191f20,0x00000000c5380000)
 Metaspace       used 13720K, capacity 14054K, committed 14336K, reserved 1062912K
  class space    used 1586K, capacity 1703K, committed 1792K, reserved 1048576K
Event: 44.379 GC heap after
Heap after GC invocations=12 (full 1):
 PSYoungGen      total 117760K, used 128K [0x00000000eb900000, 0x00000000f5780000, 0x0000000100000000)
  eden space 112128K, 0% used [0x00000000eb900000,0x00000000eb900000,0x00000000f2680000)
  from space 5632K, 2% used [0x00000000f2680000,0x00000000f26a0000,0x00000000f2c00000)
  to   space 5632K, 0% used [0x00000000f5200000,0x00000000f5200000,0x00000000f5780000)
 ParOldGen       total 42496K, used 7783K [0x00000000c2a00000, 0x00000000c5380000, 0x00000000eb900000)
  object space 42496K, 18% used [0x00000000c2a00000,0x00000000c3199f20,0x00000000c5380000)
 Metaspace       used 13720K, capacity 14054K, committed 14336K, reserved 1062912K
  class space    used 1586K, capacity 1703K, committed 1792K, reserved 1048576K
}
Event: 44.985 GC heap before
{Heap before GC invocations=13 (full 1):
 PSYoungGen      total 117760K, used 112256K [0x00000000eb900000, 0x00000000f5780000, 0x0000000100000000)
  eden space 112128K, 100% used [0x00000000eb900000,0x00000000f2680000,0x00000000f2680000)
  from space 5632K, 2% used [0x00000000f2680000,0x00000000f26a0000,0x00000000f2c00000)
  to   space 5632K, 0% used [0x00000000f5200000,0x00000000f5200000,0x00000000f5780000)
 ParOldGen       total 42496K, used 7783K [0x00000000c2a00000, 0x00000000c5380000, 0x00000000eb900000)
  object space 42496K, 18% used [0x00000000c2a00000,0x00000000c3199f20,0x00000000c5380000)
 Metaspace       used 13721K, capacity 14054K, committed 14336K, reserved 1062912K
  class space    used 1586K, capacity 1703K, committed 1792K, reserved 1048576K
Event: 44.991 GC heap after
Heap after GC invocations=13 (full 1):
 PSYoungGen      total 156672K, used 256K [0x00000000eb900000, 0x00000000f7380000, 0x0000000100000000)
  eden space 151040K, 0% used [0x00000000eb900000,0x00000000eb900000,0x00000000f4c80000)
  from space 5632K, 4% used [0x00000000f5200000,0x00000000f5240000,0x00000000f5780000)
  to   space 5632K, 0% used [0x00000000f4c80000,0x00000000f4c80000,0x00000000f5200000)
 ParOldGen       total 42496K, used 7831K [0x00000000c2a00000, 0x00000000c5380000, 0x00000000eb900000)
  object space 42496K, 18% used [0x00000000c2a00000,0x00000000c31a5f20,0x00000000c5380000)
 Metaspace       used 13721K, capacity 14054K, committed 14336K, reserved 1062912K
  class space    used 1586K, capacity 1703K, committed 1792K, reserved 1048576K
}
Event: 45.895 GC heap before
{Heap before GC invocations=14 (full 1):
 PSYoungGen      total 156672K, used 151296K [0x00000000eb900000, 0x00000000f7380000, 0x0000000100000000)
  eden space 151040K, 100% used [0x00000000eb900000,0x00000000f4c80000,0x00000000f4c80000)
  from space 5632K, 4% used [0x00000000f5200000,0x00000000f5240000,0x00000000f5780000)
  to   space 5632K, 0% used [0x00000000f4c80000,0x00000000f4c80000,0x00000000f5200000)
 ParOldGen       total 42496K, used 7831K [0x00000000c2a00000, 0x00000000c5380000, 0x00000000eb900000)
  object space 42496K, 18% used [0x00000000c2a00000,0x00000000c31a5f20,0x00000000c5380000)
 Metaspace       used 13724K, capacity 14054K, committed 14336K, reserved 1062912K
  class space    used 1586K, capacity 1703K, committed 1792K, reserved 1048576K

