# JRE version: Java(TM) SE Runtime Environment (8.0_201-b09) (build 1.8.0_201-b09)
# Java VM: Java HotSpot(TM) 64-Bit Server VM (25.201-b09 mixed mode linux-amd64 compressed oops)
Heap:
 PSYoungGen      total 313856K, used 310064K [0x00000000eb900000, 0x0000000100000000, 0x0000000100000000)
  eden space 295936K, 100% used [0x00000000eb900000,0x00000000fda00000,0x00000000fda00000)
  from space 17920K, 78% used [0x00000000fee80000,0x00000000ffc4c010,0x0000000100000000)
  to   space 19456K, 0% used [0x00000000fda00000,0x00000000fda00000,0x00000000fed00000)
 ParOldGen       total 79360K, used 47072K [0x00000000c2a00000, 0x00000000c7780000, 0x00000000eb900000)
  object space 79360K, 59% used [0x00000000c2a00000,0x00000000c57f8048,0x00000000c7780000)
 Metaspace       used 24092K, capacity 24722K, committed 25088K, reserved 1071104K
  class space    used 2532K, capacity 2701K, committed 2816K, reserved 1048576K
GC Heap History (10 events):
Event: 15.788 GC heap before
{Heap before GC invocations=14 (full 1):
 PSYoungGen      total 316928K, used 251389K [0x00000000eb900000, 0x0000000100000000, 0x0000000100000000)
  eden space 309248K, 78% used [0x00000000eb900000,0x00000000fa700b10,0x00000000fe700000)
  from space 7680K, 99% used [0x00000000ff180000,0x00000000ff8fea78,0x00000000ff900000)
  to   space 10752K, 0% used [0x00000000fe700000,0x00000000fe700000,0x00000000ff180000)
 ParOldGen       total 42496K, used 23271K [0x00000000c2a00000, 0x00000000c5380000, 0x00000000eb900000)
  object space 42496K, 54% used [0x00000000c2a00000,0x00000000c40b9ff0,0x00000000c5380000)
 Metaspace       used 20870K, capacity 21178K, committed 21296K, reserved 1069056K
  class space    used 2310K, capacity 2403K, committed 2432K, reserved 1048576K
Event: 15.903 GC heap after
Heap after GC invocations=14 (full 1):
 PSYoungGen      total 320000K, used 10740K [0x00000000eb900000, 0x0000000100000000, 0x0000000100000000)
  eden space 309248K, 0% used [0x00000000eb900000,0x00000000eb900000,0x00000000fe700000)
  from space 10752K, 99% used [0x00000000fe700000,0x00000000ff17d2f8,0x00000000ff180000)
  to   space 14848K, 0% used [0x00000000ff180000,0x00000000ff180000,0x0000000100000000)
 ParOldGen       total 42496K, used 41709K [0x00000000c2a00000, 0x00000000c5380000, 0x00000000eb900000)
  object space 42496K, 98% used [0x00000000c2a00000,0x00000000c52bb7d8,0x00000000c5380000)
 Metaspace       used 20870K, capacity 21178K, committed 21296K, reserved 1069056K
  class space    used 2310K, capacity 2403K, committed 2432K, reserved 1048576K
}
Event: 15.903 GC heap before
{Heap before GC invocations=15 (full 2):
 PSYoungGen      total 320000K, used 10740K [0x00000000eb900000, 0x0000000100000000, 0x0000000100000000)
  eden space 309248K, 0% used [0x00000000eb900000,0x00000000eb900000,0x00000000fe700000)
  from space 10752K, 99% used [0x00000000fe700000,0x00000000ff17d2f8,0x00000000ff180000)
  to   space 14848K, 0% used [0x00000000ff180000,0x00000000ff180000,0x0000000100000000)
 ParOldGen       total 42496K, used 41709K [0x00000000c2a00000, 0x00000000c5380000, 0x00000000eb900000)
  object space 42496K, 98% used [0x00000000c2a00000,0x00000000c52bb7d8,0x00000000c5380000)
 Metaspace       used 20870K, capacity 21178K, committed 21296K, reserved 1069056K
  class space    used 2310K, capacity 2403K, committed 2432K, reserved 1048576K
Event: 16.560 GC heap after
Heap after GC invocations=15 (full 2):
 PSYoungGen      total 320000K, used 5101K [0x00000000eb900000, 0x0000000100000000, 0x0000000100000000)
  eden space 309248K, 0% used [0x00000000eb900000,0x00000000eb900000,0x00000000fe700000)
  from space 10752K, 47% used [0x00000000fe700000,0x00000000febfb4d0,0x00000000ff180000)
  to   space 14848K, 0% used [0x00000000ff180000,0x00000000ff180000,0x0000000100000000)
 ParOldGen       total 79360K, used 41985K [0x00000000c2a00000, 0x00000000c7780000, 0x00000000eb900000)
  object space 79360K, 52% used [0x00000000c2a00000,0x00000000c5300408,0x00000000c7780000)
 Metaspace       used 20870K, capacity 21178K, committed 21296K, reserved 1069056K
  class space    used 2310K, capacity 2403K, committed 2432K, reserved 1048576K
}
Event: 28.488 GC heap before
{Heap before GC invocations=16 (full 2):
 PSYoungGen      total 320000K, used 314349K [0x00000000eb900000, 0x0000000100000000, 0x0000000100000000)
  eden space 309248K, 100% used [0x00000000eb900000,0x00000000fe700000,0x00000000fe700000)
  from space 10752K, 47% used [0x00000000fe700000,0x00000000febfb4d0,0x00000000ff180000)
  to   space 14848K, 0% used [0x00000000ff180000,0x00000000ff180000,0x0000000100000000)
 ParOldGen       total 79360K, used 41985K [0x00000000c2a00000, 0x00000000c7780000, 0x00000000eb900000)
  object space 79360K, 52% used [0x00000000c2a00000,0x00000000c5300408,0x00000000c7780000)
 Metaspace       used 23485K, capacity 24034K, committed 24320K, reserved 1071104K
  class space    used 2519K, capacity 2693K, committed 2816K, reserved 1048576K
Event: 28.735 GC heap after
Heap after GC invocations=16 (full 2):
 PSYoungGen      total 313856K, used 7836K [0x00000000eb900000, 0x0000000100000000, 0x0000000100000000)
  eden space 299008K, 0% used [0x00000000eb900000,0x00000000eb900000,0x00000000fdd00000)
  from space 14848K, 52% used [0x00000000ff180000,0x00000000ff927120,0x0000000100000000)
  to   space 17920K, 0% used [0x00000000fdd00000,0x00000000fdd00000,0x00000000fee80000)
 ParOldGen       total 79360K, used 47056K [0x00000000c2a00000, 0x00000000c7780000, 0x00000000eb900000)
  object space 79360K, 59% used [0x00000000c2a00000,0x00000000c57f4048,0x00000000c7780000)
 Metaspace       used 23485K, capacity 24034K, committed 24320K, reserved 1071104K
  class space    used 2519K, capacity 2693K, committed 2816K, reserved 1048576K
}
Event: 33.552 GC heap before
{Heap before GC invocations=17 (full 2):
 PSYoungGen      total 313856K, used 306844K [0x00000000eb900000, 0x0000000100000000, 0x0000000100000000)
  eden space 299008K, 100% used [0x00000000eb900000,0x00000000fdd00000,0x00000000fdd00000)
  from space 14848K, 52% used [0x00000000ff180000,0x00000000ff927120,0x0000000100000000)
  to   space 17920K, 0% used [0x00000000fdd00000,0x00000000fdd00000,0x00000000fee80000)
 ParOldGen       total 79360K, used 47056K [0x00000000c2a00000, 0x00000000c7780000, 0x00000000eb900000)
  object space 79360K, 59% used [0x00000000c2a00000,0x00000000c57f4048,0x00000000c7780000)
 Metaspace       used 23727K, capacity 24308K, committed 24576K, reserved 1071104K
  class space    used 2521K, capacity 2696K, committed 2816K, reserved 1048576K
Event: 33.583 GC heap after
Heap after GC invocations=17 (full 2):
 PSYoungGen      total 316928K, used 10688K [0x00000000eb900000, 0x0000000100000000, 0x0000000100000000)
  eden space 299008K, 0% used [0x00000000eb900000,0x00000000eb900000,0x00000000fdd00000)
  from space 17920K, 59% used [0x00000000fdd00000,0x00000000fe770000,0x00000000fee80000)
  to   space 17920K, 0% used [0x00000000fee80000,0x00000000fee80000,0x0000000100000000)
 ParOldGen       total 79360K, used 47064K [0x00000000c2a00000, 0x00000000c7780000, 0x00000000eb900000)
  object space 79360K, 59% used [0x00000000c2a00000,0x00000000c57f6048,0x00000000c7780000)
 Metaspace       used 23727K, capacity 24308K, committed 24576K, reserved 1071104K
  class space    used 2521K, capacity 2696K, committed 2816K, reserved 1048576K
}
Event: 36.162 GC heap before
{Heap before GC invocations=18 (full 2):
 PSYoungGen      total 316928K, used 309696K [0x00000000eb900000, 0x0000000100000000, 0x0000000100000000)
  eden space 299008K, 100% used [0x00000000eb900000,0x00000000fdd00000,0x00000000fdd00000)
  from space 17920K, 59% used [0x00000000fdd00000,0x00000000fe770000,0x00000000fee80000)
  to   space 17920K, 0% used [0x00000000fee80000,0x00000000fee80000,0x0000000100000000)
 ParOldGen       total 79360K, used 47064K [0x00000000c2a00000, 0x00000000c7780000, 0x00000000eb900000)
  object space 79360K, 59% used [0x00000000c2a00000,0x00000000c57f6048,0x00000000c7780000)
 Metaspace       used 23797K, capacity 24448K, committed 24576K, reserved 1071104K
  class space    used 2522K, capacity 2698K, committed 2816K, reserved 1048576K
Event: 36.220 GC heap after
Heap after GC invocations=18 (full 2):
 PSYoungGen      total 313856K, used 14128K [0x00000000eb900000, 0x0000000100000000, 0x0000000100000000)
  eden space 295936K, 0% used [0x00000000eb900000,0x00000000eb900000,0x00000000fda00000)
  from space 17920K, 78% used [0x00000000fee80000,0x00000000ffc4c010,0x0000000100000000)
  to   space 19456K, 0% used [0x00000000fda00000,0x00000000fda00000,0x00000000fed00000)
 ParOldGen       total 79360K, used 47072K [0x00000000c2a00000, 0x00000000c7780000, 0x00000000eb900000)
  object space 79360K, 59% used [0x00000000c2a00000,0x00000000c57f8048,0x00000000c7780000)
 Metaspace       used 23797K, capacity 24448K, committed 24576K, reserved 1071104K
  class space    used 2522K, capacity 2698K, committed 2816K, reserved 1048576K
}

