# JRE version: Java(TM) SE Runtime Environment (8.0_201-b09) (build 1.8.0_201-b09)
# Java VM: Java HotSpot(TM) 64-Bit Server VM (25.201-b09 mixed mode linux-amd64 compressed oops)
Heap:
 PSYoungGen      total 250368K, used 17776K [0x00000000eb900000, 0x00000000fcb00000, 0x0000000100000000)
  eden space 222720K, 0% used [0x00000000eb900000,0x00000000eb900000,0x00000000f9280000)
  from space 27648K, 64% used [0x00000000f9280000,0x00000000fa3dc010,0x00000000fad80000)
  to   space 29184K, 0% used [0x00000000fad80000,0x00000000fad80000,0x00000000fca00000)
 ParOldGen       total 124928K, used 72552K [0x00000000c2a00000, 0x00000000ca400000, 0x00000000eb900000)
  object space 124928K, 58% used [0x00000000c2a00000,0x00000000c70da058,0x00000000ca400000)
 Metaspace       used 23260K, capacity 24018K, committed 24320K, reserved 1071104K
  class space    used 2501K, capacity 2708K, committed 2816K, reserved 1048576K
GC Heap History (10 events):
Event: 39.523 GC heap after
Heap after GC invocations=19 (full 2):
 PSYoungGen      total 189952K, used 18432K [0x00000000eb900000, 0x00000000fac80000, 0x0000000100000000)
  eden space 171520K, 0% used [0x00000000eb900000,0x00000000eb900000,0x00000000f6080000)
  from space 18432K, 100% used [0x00000000f6080000,0x00000000f7280000,0x00000000f7280000)
  to   space 24064K, 0% used [0x00000000f9500000,0x00000000f9500000,0x00000000fac80000)
 ParOldGen       total 73728K, used 49007K [0x00000000c2a00000, 0x00000000c7200000, 0x00000000eb900000)
  object space 73728K, 66% used [0x00000000c2a00000,0x00000000c59dbe10,0x00000000c7200000)
 Metaspace       used 23010K, capacity 23724K, committed 24064K, reserved 1071104K
  class space    used 2492K, capacity 2691K, committed 2816K, reserved 1048576K
}
Event: 42.248 GC heap before
{Heap before GC invocations=20 (full 2):
 PSYoungGen      total 189952K, used 189952K [0x00000000eb900000, 0x00000000fac80000, 0x0000000100000000)
  eden space 171520K, 100% used [0x00000000eb900000,0x00000000f6080000,0x00000000f6080000)
  from space 18432K, 100% used [0x00000000f6080000,0x00000000f7280000,0x00000000f7280000)
  to   space 24064K, 0% used [0x00000000f9500000,0x00000000f9500000,0x00000000fac80000)
 ParOldGen       total 73728K, used 49007K [0x00000000c2a00000, 0x00000000c7200000, 0x00000000eb900000)
  object space 73728K, 66% used [0x00000000c2a00000,0x00000000c59dbe10,0x00000000c7200000)
 Metaspace       used 23089K, capacity 23842K, committed 24064K, reserved 1071104K
  class space    used 2497K, capacity 2700K, committed 2816K, reserved 1048576K
Event: 42.377 GC heap after
Heap after GC invocations=20 (full 2):
 PSYoungGen      total 218624K, used 24048K [0x00000000eb900000, 0x00000000faf00000, 0x0000000100000000)
  eden space 194560K, 0% used [0x00000000eb900000,0x00000000eb900000,0x00000000f7700000)
  from space 24064K, 99% used [0x00000000f9500000,0x00000000fac7c010,0x00000000fac80000)
  to   space 28672K, 0% used [0x00000000f7700000,0x00000000f7700000,0x00000000f9300000)
 ParOldGen       total 73728K, used 51558K [0x00000000c2a00000, 0x00000000c7200000, 0x00000000eb900000)
  object space 73728K, 69% used [0x00000000c2a00000,0x00000000c5c599d8,0x00000000c7200000)
 Metaspace       used 23089K, capacity 23842K, committed 24064K, reserved 1071104K
  class space    used 2497K, capacity 2700K, committed 2816K, reserved 1048576K
}
Event: 45.712 GC heap before
{Heap before GC invocations=21 (full 2):
 PSYoungGen      total 218624K, used 218608K [0x00000000eb900000, 0x00000000faf00000, 0x0000000100000000)
  eden space 194560K, 100% used [0x00000000eb900000,0x00000000f7700000,0x00000000f7700000)
  from space 24064K, 99% used [0x00000000f9500000,0x00000000fac7c010,0x00000000fac80000)
  to   space 28672K, 0% used [0x00000000f7700000,0x00000000f7700000,0x00000000f9300000)
 ParOldGen       total 73728K, used 51558K [0x00000000c2a00000, 0x00000000c7200000, 0x00000000eb900000)
  object space 73728K, 69% used [0x00000000c2a00000,0x00000000c5c599d8,0x00000000c7200000)
 Metaspace       used 23160K, capacity 23936K, committed 24064K, reserved 1071104K
  class space    used 2500K, capacity 2705K, committed 2816K, reserved 1048576K
Event: 45.809 GC heap after
Heap after GC invocations=21 (full 2):
 PSYoungGen      total 223232K, used 17744K [0x00000000eb900000, 0x00000000fca00000, 0x0000000100000000)
  eden space 194560K, 0% used [0x00000000eb900000,0x00000000eb900000,0x00000000f7700000)
  from space 28672K, 61% used [0x00000000f7700000,0x00000000f8854030,0x00000000f9300000)
  to   space 29184K, 0% used [0x00000000fad80000,0x00000000fad80000,0x00000000fca00000)
 ParOldGen       total 73728K, used 66005K [0x00000000c2a00000, 0x00000000c7200000, 0x00000000eb900000)
  object space 73728K, 89% used [0x00000000c2a00000,0x00000000c6a75500,0x00000000c7200000)
 Metaspace       used 23160K, capacity 23936K, committed 24064K, reserved 1071104K
  class space    used 2500K, capacity 2705K, committed 2816K, reserved 1048576K
}
Event: 45.809 GC heap before
{Heap before GC invocations=22 (full 3):
 PSYoungGen      total 223232K, used 17744K [0x00000000eb900000, 0x00000000fca00000, 0x0000000100000000)
  eden space 194560K, 0% used [0x00000000eb900000,0x00000000eb900000,0x00000000f7700000)
  from space 28672K, 61% used [0x00000000f7700000,0x00000000f8854030,0x00000000f9300000)
  to   space 29184K, 0% used [0x00000000fad80000,0x00000000fad80000,0x00000000fca00000)
 ParOldGen       total 73728K, used 66005K [0x00000000c2a00000, 0x00000000c7200000, 0x00000000eb900000)
  object space 73728K, 89% used [0x00000000c2a00000,0x00000000c6a75500,0x00000000c7200000)
 Metaspace       used 23160K, capacity 23936K, committed 24064K, reserved 1071104K
  class space    used 2500K, capacity 2705K, committed 2816K, reserved 1048576K
Event: 46.464 GC heap after
Heap after GC invocations=22 (full 3):
 PSYoungGen      total 223232K, used 0K [0x00000000eb900000, 0x00000000fca00000, 0x0000000100000000)
  eden space 194560K, 0% used [0x00000000eb900000,0x00000000eb900000,0x00000000f7700000)
  from space 28672K, 0% used [0x00000000f7700000,0x00000000f7700000,0x00000000f9300000)
  to   space 29184K, 0% used [0x00000000fad80000,0x00000000fad80000,0x00000000fca00000)
 ParOldGen       total 124928K, used 72536K [0x00000000c2a00000, 0x00000000ca400000, 0x00000000eb900000)
  object space 124928K, 58% used [0x00000000c2a00000,0x00000000c70d6058,0x00000000ca400000)
 Metaspace       used 23160K, capacity 23936K, committed 24064K, reserved 1071104K
  class space    used 2500K, capacity 2705K, committed 2816K, reserved 1048576K
}
Event: 48.980 GC heap before
{Heap before GC invocations=23 (full 3):
 PSYoungGen      total 223232K, used 194560K [0x00000000eb900000, 0x00000000fca00000, 0x0000000100000000)
  eden space 194560K, 100% used [0x00000000eb900000,0x00000000f7700000,0x00000000f7700000)
  from space 28672K, 0% used [0x00000000f7700000,0x00000000f7700000,0x00000000f9300000)
  to   space 29184K, 0% used [0x00000000fad80000,0x00000000fad80000,0x00000000fca00000)
 ParOldGen       total 124928K, used 72536K [0x00000000c2a00000, 0x00000000ca400000, 0x00000000eb900000)
  object space 124928K, 58% used [0x00000000c2a00000,0x00000000c70d6058,0x00000000ca400000)
 Metaspace       used 23233K, capacity 24018K, committed 24320K, reserved 1071104K
  class space    used 2501K, capacity 2708K, committed 2816K, reserved 1048576K
Event: 49.017 GC heap after
Heap after GC invocations=23 (full 3):
 PSYoungGen      total 251904K, used 10880K [0x00000000eb900000, 0x00000000fcb00000, 0x0000000100000000)
  eden space 222720K, 0% used [0x00000000eb900000,0x00000000eb900000,0x00000000f9280000)
  from space 29184K, 37% used [0x00000000fad80000,0x00000000fb820000,0x00000000fca00000)
  to   space 27648K, 0% used [0x00000000f9280000,0x00000000f9280000,0x00000000fad80000)
 ParOldGen       total 124928K, used 72544K [0x00000000c2a00000, 0x00000000ca400000, 0x00000000eb900000)
  object space 124928K, 58% used [0x00000000c2a00000,0x00000000c70d8058,0x00000000ca400000)
 Metaspace       used 23233K, capacity 24018K, committed 24320K, reserved 1071104K
  class space    used 2501K, capacity 2708K, committed 2816K, reserved 1048576K
}
Event: 52.208 GC heap before
{Heap before GC invocations=24 (full 3):
 PSYoungGen      total 251904K, used 233600K [0x00000000eb900000, 0x00000000fcb00000, 0x0000000100000000)
  eden space 222720K, 100% used [0x00000000eb900000,0x00000000f9280000,0x00000000f9280000)
  from space 29184K, 37% used [0x00000000fad80000,0x00000000fb820000,0x00000000fca00000)
  to   space 27648K, 0% used [0x00000000f9280000,0x00000000f9280000,0x00000000fad80000)
 ParOldGen       total 124928K, used 72544K [0x00000000c2a00000, 0x00000000ca400000, 0x00000000eb900000)
  object space 124928K, 58% used [0x00000000c2a00000,0x00000000c70d8058,0x00000000ca400000)
 Metaspace       used 23260K, capacity 24018K, committed 24320K, reserved 1071104K
  class space    used 2501K, capacity 2708K, committed 2816K, reserved 1048576K

