# JRE version: Java(TM) SE Runtime Environment (8.0_201-b09) (build 1.8.0_201-b09)
# Java VM: Java HotSpot(TM) 64-Bit Server VM (25.201-b09 mixed mode linux-amd64 compressed oops)
Heap:
 PSYoungGen      total 274432K, used 2269K [0x00000000eb900000, 0x0000000100000000, 0x0000000100000000)
  eden space 219136K, 0% used [0x00000000eb900000,0x00000000eb900000,0x00000000f8f00000)
  from space 55296K, 4% used [0x00000000fc300000,0x00000000fc537518,0x00000000ff900000)
  to   space 53248K, 0% used [0x00000000f8f00000,0x00000000f8f00000,0x00000000fc300000)
 ParOldGen       total 120832K, used 120592K [0x00000000c2a00000, 0x00000000ca000000, 0x00000000eb900000)
  object space 120832K, 99% used [0x00000000c2a00000,0x00000000c9fc4240,0x00000000ca000000)
 Metaspace       used 22658K, capacity 23337K, committed 23680K, reserved 1071104K
  class space    used 2419K, capacity 2590K, committed 2688K, reserved 1048576K
GC Heap History (10 events):
Event: 103.794 GC heap after
Heap after GC invocations=41 (full 3):
 PSYoungGen      total 272384K, used 42912K [0x00000000eb900000, 0x0000000100000000, 0x0000000100000000)
  eden space 222208K, 0% used [0x00000000eb900000,0x00000000eb900000,0x00000000f9200000)
  from space 50176K, 85% used [0x00000000fcf00000,0x00000000ff8e8320,0x0000000100000000)
  to   space 56320K, 0% used [0x00000000f9200000,0x00000000f9200000,0x00000000fc900000)
 ParOldGen       total 120832K, used 71877K [0x00000000c2a00000, 0x00000000ca000000, 0x00000000eb900000)
  object space 120832K, 59% used [0x00000000c2a00000,0x00000000c70315b0,0x00000000ca000000)
 Metaspace       used 22613K, capacity 23209K, committed 23424K, reserved 1071104K
  class space    used 2419K, capacity 2590K, committed 2688K, reserved 1048576K
}
Event: 104.197 GC heap before
{Heap before GC invocations=42 (full 3):
 PSYoungGen      total 272384K, used 265120K [0x00000000eb900000, 0x0000000100000000, 0x0000000100000000)
  eden space 222208K, 100% used [0x00000000eb900000,0x00000000f9200000,0x00000000f9200000)
  from space 50176K, 85% used [0x00000000fcf00000,0x00000000ff8e8320,0x0000000100000000)
  to   space 56320K, 0% used [0x00000000f9200000,0x00000000f9200000,0x00000000fc900000)
 ParOldGen       total 120832K, used 71877K [0x00000000c2a00000, 0x00000000ca000000, 0x00000000eb900000)
  object space 120832K, 59% used [0x00000000c2a00000,0x00000000c70315b0,0x00000000ca000000)
 Metaspace       used 22619K, capacity 23209K, committed 23424K, reserved 1071104K
  class space    used 2419K, capacity 2590K, committed 2688K, reserved 1048576K
Event: 104.277 GC heap after
Heap after GC invocations=42 (full 3):
 PSYoungGen      total 260096K, used 37456K [0x00000000eb900000, 0x0000000100000000, 0x0000000100000000)
  eden space 222208K, 0% used [0x00000000eb900000,0x00000000eb900000,0x00000000f9200000)
  from space 37888K, 98% used [0x00000000f9200000,0x00000000fb694370,0x00000000fb700000)
  to   space 59392K, 0% used [0x00000000fc600000,0x00000000fc600000,0x0000000100000000)
 ParOldGen       total 120832K, used 81838K [0x00000000c2a00000, 0x00000000ca000000, 0x00000000eb900000)
  object space 120832K, 67% used [0x00000000c2a00000,0x00000000c79eba20,0x00000000ca000000)
 Metaspace       used 22619K, capacity 23209K, committed 23424K, reserved 1071104K
  class space    used 2419K, capacity 2590K, committed 2688K, reserved 1048576K
}
Event: 104.870 GC heap before
{Heap before GC invocations=43 (full 3):
 PSYoungGen      total 260096K, used 259664K [0x00000000eb900000, 0x0000000100000000, 0x0000000100000000)
  eden space 222208K, 100% used [0x00000000eb900000,0x00000000f9200000,0x00000000f9200000)
  from space 37888K, 98% used [0x00000000f9200000,0x00000000fb694370,0x00000000fb700000)
  to   space 59392K, 0% used [0x00000000fc600000,0x00000000fc600000,0x0000000100000000)
 ParOldGen       total 120832K, used 81838K [0x00000000c2a00000, 0x00000000ca000000, 0x00000000eb900000)
  object space 120832K, 67% used [0x00000000c2a00000,0x00000000c79eba20,0x00000000ca000000)
 Metaspace       used 22635K, capacity 23209K, committed 23424K, reserved 1071104K
  class space    used 2419K, capacity 2590K, committed 2688K, reserved 1048576K
Event: 104.946 GC heap after
Heap after GC invocations=43 (full 3):
 PSYoungGen      total 276480K, used 29344K [0x00000000eb900000, 0x0000000100000000, 0x0000000100000000)
  eden space 217088K, 0% used [0x00000000eb900000,0x00000000eb900000,0x00000000f8d00000)
  from space 59392K, 49% used [0x00000000fc600000,0x00000000fe2a8200,0x0000000100000000)
  to   space 58368K, 0% used [0x00000000f8d00000,0x00000000f8d00000,0x00000000fc600000)
 ParOldGen       total 120832K, used 92911K [0x00000000c2a00000, 0x00000000ca000000, 0x00000000eb900000)
  object space 120832K, 76% used [0x00000000c2a00000,0x00000000c84bbec0,0x00000000ca000000)
 Metaspace       used 22635K, capacity 23209K, committed 23424K, reserved 1071104K
  class space    used 2419K, capacity 2590K, committed 2688K, reserved 1048576K
}
Event: 105.611 GC heap before
{Heap before GC invocations=44 (full 3):
 PSYoungGen      total 276480K, used 246432K [0x00000000eb900000, 0x0000000100000000, 0x0000000100000000)
  eden space 217088K, 100% used [0x00000000eb900000,0x00000000f8d00000,0x00000000f8d00000)
  from space 59392K, 49% used [0x00000000fc600000,0x00000000fe2a8200,0x0000000100000000)
  to   space 58368K, 0% used [0x00000000f8d00000,0x00000000f8d00000,0x00000000fc600000)
 ParOldGen       total 120832K, used 92911K [0x00000000c2a00000, 0x00000000ca000000, 0x00000000eb900000)
  object space 120832K, 76% used [0x00000000c2a00000,0x00000000c84bbec0,0x00000000ca000000)
 Metaspace       used 22656K, capacity 23337K, committed 23680K, reserved 1071104K
  class space    used 2419K, capacity 2590K, committed 2688K, reserved 1048576K
Event: 105.654 GC heap after
Heap after GC invocations=44 (full 3):
 PSYoungGen      total 241152K, used 24032K [0x00000000eb900000, 0x00000000ff900000, 0x0000000100000000)
  eden space 217088K, 0% used [0x00000000eb900000,0x00000000eb900000,0x00000000f8d00000)
  from space 24064K, 99% used [0x00000000f8d00000,0x00000000fa478160,0x00000000fa480000)
  to   space 55296K, 0% used [0x00000000fc300000,0x00000000fc300000,0x00000000ff900000)
 ParOldGen       total 120832K, used 103824K [0x00000000c2a00000, 0x00000000ca000000, 0x00000000eb900000)
  object space 120832K, 85% used [0x00000000c2a00000,0x00000000c8f64320,0x00000000ca000000)
 Metaspace       used 22656K, capacity 23337K, committed 23680K, reserved 1071104K
  class space    used 2419K, capacity 2590K, committed 2688K, reserved 1048576K
}
Event: 106.146 GC heap before
{Heap before GC invocations=45 (full 3):
 PSYoungGen      total 241152K, used 241120K [0x00000000eb900000, 0x00000000ff900000, 0x0000000100000000)
  eden space 217088K, 100% used [0x00000000eb900000,0x00000000f8d00000,0x00000000f8d00000)
  from space 24064K, 99% used [0x00000000f8d00000,0x00000000fa478160,0x00000000fa480000)
  to   space 55296K, 0% used [0x00000000fc300000,0x00000000fc300000,0x00000000ff900000)
 ParOldGen       total 120832K, used 103824K [0x00000000c2a00000, 0x00000000ca000000, 0x00000000eb900000)
  object space 120832K, 85% used [0x00000000c2a00000,0x00000000c8f64320,0x00000000ca000000)
 Metaspace       used 22658K, capacity 23337K, committed 23680K, reserved 1071104K
  class space    used 2419K, capacity 2590K, committed 2688K, reserved 1048576K
Event: 106.233 GC heap after
Heap after GC invocations=45 (full 3):
 PSYoungGen      total 274432K, used 17200K [0x00000000eb900000, 0x0000000100000000, 0x0000000100000000)
  eden space 219136K, 0% used [0x00000000eb900000,0x00000000eb900000,0x00000000f8f00000)
  from space 55296K, 31% used [0x00000000fc300000,0x00000000fd3cc170,0x00000000ff900000)
  to   space 53248K, 0% used [0x00000000f8f00000,0x00000000f8f00000,0x00000000fc300000)
 ParOldGen       total 120832K, used 112317K [0x00000000c2a00000, 0x00000000ca000000, 0x00000000eb900000)
  object space 120832K, 92% used [0x00000000c2a00000,0x00000000c97af760,0x00000000ca000000)
 Metaspace       used 22658K, capacity 23337K, committed 23680K, reserved 1071104K
  class space    used 2419K, capacity 2590K, committed 2688K, reserved 1048576K
}
Event: 106.233 GC heap before
{Heap before GC invocations=46 (full 4):
 PSYoungGen      total 274432K, used 17200K [0x00000000eb900000, 0x0000000100000000, 0x0000000100000000)
  eden space 219136K, 0% used [0x00000000eb900000,0x00000000eb900000,0x00000000f8f00000)
  from space 55296K, 31% used [0x00000000fc300000,0x00000000fd3cc170,0x00000000ff900000)
  to   space 53248K, 0% used [0x00000000f8f00000,0x00000000f8f00000,0x00000000fc300000)
 ParOldGen       total 120832K, used 112317K [0x00000000c2a00000, 0x00000000ca000000, 0x00000000eb900000)
  object space 120832K, 92% used [0x00000000c2a00000,0x00000000c97af760,0x00000000ca000000)
 Metaspace       used 22658K, capacity 23337K, committed 23680K, reserved 1071104K
  class space    used 2419K, capacity 2590K, committed 2688K, reserved 1048576K

