# JRE version: Java(TM) SE Runtime Environment (8.0_201-b09) (build 1.8.0_201-b09)
# Java VM: Java HotSpot(TM) 64-Bit Server VM (25.201-b09 mixed mode linux-amd64 compressed oops)
Heap:
 PSYoungGen      total 126464K, used 4400K [0x00000000eb900000, 0x00000000f3a00000, 0x0000000100000000)
  eden space 120832K, 0% used [0x00000000eb900000,0x00000000eb900000,0x00000000f2f00000)
  from space 5632K, 78% used [0x00000000f2f00000,0x00000000f334c0b0,0x00000000f3480000)
  to   space 5632K, 0% used [0x00000000f3480000,0x00000000f3480000,0x00000000f3a00000)
 ParOldGen       total 42496K, used 12815K [0x00000000c2a00000, 0x00000000c5380000, 0x00000000eb900000)
  object space 42496K, 30% used [0x00000000c2a00000,0x00000000c3683fe0,0x00000000c5380000)
 Metaspace       used 14230K, capacity 14688K, committed 14848K, reserved 1062912K
  class space    used 1614K, capacity 1754K, committed 1792K, reserved 1048576K
GC Heap History (10 events):
Event: 39.746 GC heap after
Heap after GC invocations=5 (full 1):
 PSYoungGen      total 34304K, used 2532K [0x00000000eb900000, 0x00000000efc00000, 0x0000000100000000)
  eden space 31744K, 0% used [0x00000000eb900000,0x00000000eb900000,0x00000000ed800000)
  from space 2560K, 98% used [0x00000000eda80000,0x00000000edcf9150,0x00000000edd00000)
  to   space 2560K, 0% used [0x00000000ed800000,0x00000000ed800000,0x00000000eda80000)
 ParOldGen       total 42496K, used 6834K [0x00000000c2a00000, 0x00000000c5380000, 0x00000000eb900000)
  object space 42496K, 16% used [0x00000000c2a00000,0x00000000c30ac9c8,0x00000000c5380000)
 Metaspace       used 14101K, capacity 14624K, committed 14848K, reserved 1062912K
  class space    used 1614K, capacity 1754K, committed 1792K, reserved 1048576K
}
Event: 40.154 GC heap before
{Heap before GC invocations=6 (full 1):
 PSYoungGen      total 34304K, used 34276K [0x00000000eb900000, 0x00000000efc00000, 0x0000000100000000)
  eden space 31744K, 100% used [0x00000000eb900000,0x00000000ed800000,0x00000000ed800000)
  from space 2560K, 98% used [0x00000000eda80000,0x00000000edcf9150,0x00000000edd00000)
  to   space 2560K, 0% used [0x00000000ed800000,0x00000000ed800000,0x00000000eda80000)
 ParOldGen       total 42496K, used 6834K [0x00000000c2a00000, 0x00000000c5380000, 0x00000000eb900000)
  object space 42496K, 16% used [0x00000000c2a00000,0x00000000c30ac9c8,0x00000000c5380000)
 Metaspace       used 14142K, capacity 14624K, committed 14848K, reserved 1062912K
  class space    used 1614K, capacity 1754K, committed 1792K, reserved 1048576K
Event: 40.169 GC heap after
Heap after GC invocations=6 (full 1):
 PSYoungGen      total 34304K, used 2560K [0x00000000eb900000, 0x00000000efc00000, 0x0000000100000000)
  eden space 31744K, 0% used [0x00000000eb900000,0x00000000eb900000,0x00000000ed800000)
  from space 2560K, 100% used [0x00000000ed800000,0x00000000eda80000,0x00000000eda80000)
  to   space 2560K, 0% used [0x00000000ef980000,0x00000000ef980000,0x00000000efc00000)
 ParOldGen       total 42496K, used 8361K [0x00000000c2a00000, 0x00000000c5380000, 0x00000000eb900000)
  object space 42496K, 19% used [0x00000000c2a00000,0x00000000c322a5b0,0x00000000c5380000)
 Metaspace       used 14142K, capacity 14624K, committed 14848K, reserved 1062912K
  class space    used 1614K, capacity 1754K, committed 1792K, reserved 1048576K
}
Event: 40.634 GC heap before
{Heap before GC invocations=7 (full 1):
 PSYoungGen      total 34304K, used 34304K [0x00000000eb900000, 0x00000000efc00000, 0x0000000100000000)
  eden space 31744K, 100% used [0x00000000eb900000,0x00000000ed800000,0x00000000ed800000)
  from space 2560K, 100% used [0x00000000ed800000,0x00000000eda80000,0x00000000eda80000)
  to   space 2560K, 0% used [0x00000000ef980000,0x00000000ef980000,0x00000000efc00000)
 ParOldGen       total 42496K, used 8361K [0x00000000c2a00000, 0x00000000c5380000, 0x00000000eb900000)
  object space 42496K, 19% used [0x00000000c2a00000,0x00000000c322a5b0,0x00000000c5380000)
 Metaspace       used 14159K, capacity 14624K, committed 14848K, reserved 1062912K
  class space    used 1614K, capacity 1754K, committed 1792K, reserved 1048576K
Event: 40.650 GC heap after
Heap after GC invocations=7 (full 1):
 PSYoungGen      total 62976K, used 2560K [0x00000000eb900000, 0x00000000f0200000, 0x0000000100000000)
  eden space 60416K, 0% used [0x00000000eb900000,0x00000000eb900000,0x00000000ef400000)
  from space 2560K, 100% used [0x00000000ef980000,0x00000000efc00000,0x00000000efc00000)
  to   space 5632K, 0% used [0x00000000ef400000,0x00000000ef400000,0x00000000ef980000)
 ParOldGen       total 42496K, used 10279K [0x00000000c2a00000, 0x00000000c5380000, 0x00000000eb900000)
  object space 42496K, 24% used [0x00000000c2a00000,0x00000000c3409fc0,0x00000000c5380000)
 Metaspace       used 14159K, capacity 14624K, committed 14848K, reserved 1062912K
  class space    used 1614K, capacity 1754K, committed 1792K, reserved 1048576K
}
Event: 41.180 GC heap before
{Heap before GC invocations=8 (full 1):
 PSYoungGen      total 62976K, used 62976K [0x00000000eb900000, 0x00000000f0200000, 0x0000000100000000)
  eden space 60416K, 100% used [0x00000000eb900000,0x00000000ef400000,0x00000000ef400000)
  from space 2560K, 100% used [0x00000000ef980000,0x00000000efc00000,0x00000000efc00000)
  to   space 5632K, 0% used [0x00000000ef400000,0x00000000ef400000,0x00000000ef980000)
 ParOldGen       total 42496K, used 10279K [0x00000000c2a00000, 0x00000000c5380000, 0x00000000eb900000)
  object space 42496K, 24% used [0x00000000c2a00000,0x00000000c3409fc0,0x00000000c5380000)
 Metaspace       used 14191K, capacity 14688K, committed 14848K, reserved 1062912K
  class space    used 1614K, capacity 1754K, committed 1792K, reserved 1048576K
Event: 41.200 GC heap after
Heap after GC invocations=8 (full 1):
 PSYoungGen      total 66048K, used 3488K [0x00000000eb900000, 0x00000000f3a00000, 0x0000000100000000)
  eden space 60416K, 0% used [0x00000000eb900000,0x00000000eb900000,0x00000000ef400000)
  from space 5632K, 61% used [0x00000000ef400000,0x00000000ef768010,0x00000000ef980000)
  to   space 5632K, 0% used [0x00000000f3480000,0x00000000f3480000,0x00000000f3a00000)
 ParOldGen       total 42496K, used 10279K [0x00000000c2a00000, 0x00000000c5380000, 0x00000000eb900000)
  object space 42496K, 24% used [0x00000000c2a00000,0x00000000c3409fc0,0x00000000c5380000)
 Metaspace       used 14191K, capacity 14688K, committed 14848K, reserved 1062912K
  class space    used 1614K, capacity 1754K, committed 1792K, reserved 1048576K
}
Event: 41.721 GC heap before
{Heap before GC invocations=9 (full 1):
 PSYoungGen      total 66048K, used 63904K [0x00000000eb900000, 0x00000000f3a00000, 0x0000000100000000)
  eden space 60416K, 100% used [0x00000000eb900000,0x00000000ef400000,0x00000000ef400000)
  from space 5632K, 61% used [0x00000000ef400000,0x00000000ef768010,0x00000000ef980000)
  to   space 5632K, 0% used [0x00000000f3480000,0x00000000f3480000,0x00000000f3a00000)
 ParOldGen       total 42496K, used 10279K [0x00000000c2a00000, 0x00000000c5380000, 0x00000000eb900000)
  object space 42496K, 24% used [0x00000000c2a00000,0x00000000c3409fc0,0x00000000c5380000)
 Metaspace       used 14204K, capacity 14688K, committed 14848K, reserved 1062912K
  class space    used 1614K, capacity 1754K, committed 1792K, reserved 1048576K
Event: 41.737 GC heap after
Heap after GC invocations=9 (full 1):
 PSYoungGen      total 126464K, used 3760K [0x00000000eb900000, 0x00000000f3a00000, 0x0000000100000000)
  eden space 120832K, 0% used [0x00000000eb900000,0x00000000eb900000,0x00000000f2f00000)
  from space 5632K, 66% used [0x00000000f3480000,0x00000000f382c020,0x00000000f3a00000)
  to   space 5632K, 0% used [0x00000000f2f00000,0x00000000f2f00000,0x00000000f3480000)
 ParOldGen       total 42496K, used 11599K [0x00000000c2a00000, 0x00000000c5380000, 0x00000000eb900000)
  object space 42496K, 27% used [0x00000000c2a00000,0x00000000c3553fe0,0x00000000c5380000)
 Metaspace       used 14204K, capacity 14688K, committed 14848K, reserved 1062912K
  class space    used 1614K, capacity 1754K, committed 1792K, reserved 1048576K
}
Event: 42.998 GC heap before
{Heap before GC invocations=10 (full 1):
 PSYoungGen      total 126464K, used 124592K [0x00000000eb900000, 0x00000000f3a00000, 0x0000000100000000)
  eden space 120832K, 100% used [0x00000000eb900000,0x00000000f2f00000,0x00000000f2f00000)
  from space 5632K, 66% used [0x00000000f3480000,0x00000000f382c020,0x00000000f3a00000)
  to   space 5632K, 0% used [0x00000000f2f00000,0x00000000f2f00000,0x00000000f3480000)
 ParOldGen       total 42496K, used 11599K [0x00000000c2a00000, 0x00000000c5380000, 0x00000000eb900000)
  object space 42496K, 27% used [0x00000000c2a00000,0x00000000c3553fe0,0x00000000c5380000)
 Metaspace       used 14230K, capacity 14688K, committed 14848K, reserved 1062912K
  class space    used 1614K, capacity 1754K, committed 1792K, reserved 1048576K

