# JRE version: Java(TM) SE Runtime Environment (8.0_201-b09) (build 1.8.0_201-b09)
# Java VM: Java HotSpot(TM) 64-Bit Server VM (25.201-b09 mixed mode linux-amd64 compressed oops)
Heap:
 PSYoungGen      total 32768K, used 4070K [0x00000000eb900000, 0x00000000edd00000, 0x0000000100000000)
  eden space 28672K, 0% used [0x00000000eb900000,0x00000000eb900000,0x00000000ed500000)
  from space 4096K, 99% used [0x00000000ed500000,0x00000000ed8f9870,0x00000000ed900000)
  to   space 4096K, 0% used [0x00000000ed900000,0x00000000ed900000,0x00000000edd00000)
 ParOldGen       total 42496K, used 7094K [0x00000000c2a00000, 0x00000000c5380000, 0x00000000eb900000)
  object space 42496K, 16% used [0x00000000c2a00000,0x00000000c30ed980,0x00000000c5380000)
 Metaspace       used 14594K, capacity 15050K, committed 15232K, reserved 1062912K
  class space    used 1651K, capacity 1799K, committed 1920K, reserved 1048576K
GC Heap History (10 events):
Event: 38.572 GC heap after
Heap after GC invocations=5 (full 1):
 PSYoungGen      total 18432K, used 2528K [0x00000000eb900000, 0x00000000ecd80000, 0x0000000100000000)
  eden space 15872K, 0% used [0x00000000eb900000,0x00000000eb900000,0x00000000ec880000)
  from space 2560K, 98% used [0x00000000ecb00000,0x00000000ecd78020,0x00000000ecd80000)
  to   space 2560K, 0% used [0x00000000ec880000,0x00000000ec880000,0x00000000ecb00000)
 ParOldGen       total 42496K, used 4142K [0x00000000c2a00000, 0x00000000c5380000, 0x00000000eb900000)
  object space 42496K, 9% used [0x00000000c2a00000,0x00000000c2e0b818,0x00000000c5380000)
 Metaspace       used 13883K, capacity 14338K, committed 14592K, reserved 1062912K
  class space    used 1611K, capacity 1749K, committed 1792K, reserved 1048576K
}
Event: 39.544 GC heap before
{Heap before GC invocations=6 (full 1):
 PSYoungGen      total 18432K, used 18400K [0x00000000eb900000, 0x00000000ecd80000, 0x0000000100000000)
  eden space 15872K, 100% used [0x00000000eb900000,0x00000000ec880000,0x00000000ec880000)
  from space 2560K, 98% used [0x00000000ecb00000,0x00000000ecd78020,0x00000000ecd80000)
  to   space 2560K, 0% used [0x00000000ec880000,0x00000000ec880000,0x00000000ecb00000)
 ParOldGen       total 42496K, used 4142K [0x00000000c2a00000, 0x00000000c5380000, 0x00000000eb900000)
  object space 42496K, 9% used [0x00000000c2a00000,0x00000000c2e0b818,0x00000000c5380000)
 Metaspace       used 13944K, capacity 14402K, committed 14592K, reserved 1062912K
  class space    used 1611K, capacity 1749K, committed 1792K, reserved 1048576K
Event: 39.555 GC heap after
Heap after GC invocations=6 (full 1):
 PSYoungGen      total 18432K, used 2540K [0x00000000eb900000, 0x00000000ecd80000, 0x0000000100000000)
  eden space 15872K, 0% used [0x00000000eb900000,0x00000000eb900000,0x00000000ec880000)
  from space 2560K, 99% used [0x00000000ec880000,0x00000000ecafb040,0x00000000ecb00000)
  to   space 2560K, 0% used [0x00000000ecb00000,0x00000000ecb00000,0x00000000ecd80000)
 ParOldGen       total 42496K, used 4494K [0x00000000c2a00000, 0x00000000c5380000, 0x00000000eb900000)
  object space 42496K, 10% used [0x00000000c2a00000,0x00000000c2e63828,0x00000000c5380000)
 Metaspace       used 13944K, capacity 14402K, committed 14592K, reserved 1062912K
  class space    used 1611K, capacity 1749K, committed 1792K, reserved 1048576K
}
Event: 40.414 GC heap before
{Heap before GC invocations=7 (full 1):
 PSYoungGen      total 18432K, used 18412K [0x00000000eb900000, 0x00000000ecd80000, 0x0000000100000000)
  eden space 15872K, 100% used [0x00000000eb900000,0x00000000ec880000,0x00000000ec880000)
  from space 2560K, 99% used [0x00000000ec880000,0x00000000ecafb040,0x00000000ecb00000)
  to   space 2560K, 0% used [0x00000000ecb00000,0x00000000ecb00000,0x00000000ecd80000)
 ParOldGen       total 42496K, used 4494K [0x00000000c2a00000, 0x00000000c5380000, 0x00000000eb900000)
  object space 42496K, 10% used [0x00000000c2a00000,0x00000000c2e63828,0x00000000c5380000)
 Metaspace       used 13987K, capacity 14402K, committed 14592K, reserved 1062912K
  class space    used 1612K, capacity 1749K, committed 1792K, reserved 1048576K
Event: 40.432 GC heap after
Heap after GC invocations=7 (full 1):
 PSYoungGen      total 16896K, used 2544K [0x00000000eb900000, 0x00000000ed080000, 0x0000000100000000)
  eden space 14336K, 0% used [0x00000000eb900000,0x00000000eb900000,0x00000000ec700000)
  from space 2560K, 99% used [0x00000000ecb00000,0x00000000ecd7c010,0x00000000ecd80000)
  to   space 4096K, 0% used [0x00000000ec700000,0x00000000ec700000,0x00000000ecb00000)
 ParOldGen       total 42496K, used 5164K [0x00000000c2a00000, 0x00000000c5380000, 0x00000000eb900000)
  object space 42496K, 12% used [0x00000000c2a00000,0x00000000c2f0b2d8,0x00000000c5380000)
 Metaspace       used 13987K, capacity 14402K, committed 14592K, reserved 1062912K
  class space    used 1612K, capacity 1749K, committed 1792K, reserved 1048576K
}
Event: 41.036 GC heap before
{Heap before GC invocations=8 (full 1):
 PSYoungGen      total 16896K, used 16880K [0x00000000eb900000, 0x00000000ed080000, 0x0000000100000000)
  eden space 14336K, 100% used [0x00000000eb900000,0x00000000ec700000,0x00000000ec700000)
  from space 2560K, 99% used [0x00000000ecb00000,0x00000000ecd7c010,0x00000000ecd80000)
  to   space 4096K, 0% used [0x00000000ec700000,0x00000000ec700000,0x00000000ecb00000)
 ParOldGen       total 42496K, used 5164K [0x00000000c2a00000, 0x00000000c5380000, 0x00000000eb900000)
  object space 42496K, 12% used [0x00000000c2a00000,0x00000000c2f0b2d8,0x00000000c5380000)
 Metaspace       used 14010K, capacity 14402K, committed 14592K, reserved 1062912K
  class space    used 1612K, capacity 1749K, committed 1792K, reserved 1048576K
Event: 41.061 GC heap after
Heap after GC invocations=8 (full 1):
 PSYoungGen      total 18432K, used 2976K [0x00000000eb900000, 0x00000000edd00000, 0x0000000100000000)
  eden space 14336K, 0% used [0x00000000eb900000,0x00000000eb900000,0x00000000ec700000)
  from space 4096K, 72% used [0x00000000ec700000,0x00000000ec9e8000,0x00000000ecb00000)
  to   space 4096K, 0% used [0x00000000ed900000,0x00000000ed900000,0x00000000edd00000)
 ParOldGen       total 42496K, used 5164K [0x00000000c2a00000, 0x00000000c5380000, 0x00000000eb900000)
  object space 42496K, 12% used [0x00000000c2a00000,0x00000000c2f0b2d8,0x00000000c5380000)
 Metaspace       used 14010K, capacity 14402K, committed 14592K, reserved 1062912K
  class space    used 1612K, capacity 1749K, committed 1792K, reserved 1048576K
}
Event: 41.739 GC heap before
{Heap before GC invocations=9 (full 1):
 PSYoungGen      total 18432K, used 17312K [0x00000000eb900000, 0x00000000edd00000, 0x0000000100000000)
  eden space 14336K, 100% used [0x00000000eb900000,0x00000000ec700000,0x00000000ec700000)
  from space 4096K, 72% used [0x00000000ec700000,0x00000000ec9e8000,0x00000000ecb00000)
  to   space 4096K, 0% used [0x00000000ed900000,0x00000000ed900000,0x00000000edd00000)
 ParOldGen       total 42496K, used 5164K [0x00000000c2a00000, 0x00000000c5380000, 0x00000000eb900000)
  object space 42496K, 12% used [0x00000000c2a00000,0x00000000c2f0b2d8,0x00000000c5380000)
 Metaspace       used 14034K, capacity 14466K, committed 14592K, reserved 1062912K
  class space    used 1613K, capacity 1749K, committed 1792K, reserved 1048576K
Event: 41.816 GC heap after
Heap after GC invocations=9 (full 1):
 PSYoungGen      total 32768K, used 2496K [0x00000000eb900000, 0x00000000edd00000, 0x0000000100000000)
  eden space 28672K, 0% used [0x00000000eb900000,0x00000000eb900000,0x00000000ed500000)
  from space 4096K, 60% used [0x00000000ed900000,0x00000000edb70000,0x00000000edd00000)
  to   space 4096K, 0% used [0x00000000ed500000,0x00000000ed500000,0x00000000ed900000)
 ParOldGen       total 42496K, used 6228K [0x00000000c2a00000, 0x00000000c5380000, 0x00000000eb900000)
  object space 42496K, 14% used [0x00000000c2a00000,0x00000000c3015378,0x00000000c5380000)
 Metaspace       used 14034K, capacity 14466K, committed 14592K, reserved 1062912K
  class space    used 1613K, capacity 1749K, committed 1792K, reserved 1048576K
}
Event: 50.700 GC heap before
{Heap before GC invocations=10 (full 1):
 PSYoungGen      total 32768K, used 31168K [0x00000000eb900000, 0x00000000edd00000, 0x0000000100000000)
  eden space 28672K, 100% used [0x00000000eb900000,0x00000000ed500000,0x00000000ed500000)
  from space 4096K, 60% used [0x00000000ed900000,0x00000000edb70000,0x00000000edd00000)
  to   space 4096K, 0% used [0x00000000ed500000,0x00000000ed500000,0x00000000ed900000)
 ParOldGen       total 42496K, used 6228K [0x00000000c2a00000, 0x00000000c5380000, 0x00000000eb900000)
  object space 42496K, 14% used [0x00000000c2a00000,0x00000000c3015378,0x00000000c5380000)
 Metaspace       used 14594K, capacity 15050K, committed 15232K, reserved 1062912K
  class space    used 1651K, capacity 1799K, committed 1920K, reserved 1048576K

