# JRE version: Java(TM) SE Runtime Environment (8.0_201-b09) (build 1.8.0_201-b09)
# Java VM: Java HotSpot(TM) 64-Bit Server VM (25.201-b09 mixed mode linux-amd64 compressed oops)
Heap:
 PSYoungGen      total 260096K, used 66934K [0x00000000eb900000, 0x0000000100000000, 0x0000000100000000)
  eden space 187392K, 18% used [0x00000000eb900000,0x00000000eda4f2e8,0x00000000f7000000)
  from space 72704K, 45% used [0x00000000fb480000,0x00000000fd48e6e0,0x00000000ffb80000)
  to   space 70144K, 0% used [0x00000000f7000000,0x00000000f7000000,0x00000000fb480000)
 ParOldGen       total 150016K, used 91403K [0x00000000c2a00000, 0x00000000cbc80000, 0x00000000eb900000)
  object space 150016K, 60% used [0x00000000c2a00000,0x00000000c8342cd0,0x00000000cbc80000)
 Metaspace       used 34625K, capacity 35598K, committed 35712K, reserved 1081344K
  class space    used 3601K, capacity 3882K, committed 3968K, reserved 1048576K
GC Heap History (10 events):
Event: 144.187 GC heap before
{Heap before GC invocations=46 (full 4):
 PSYoungGen      total 255488K, used 50039K [0x00000000eb900000, 0x00000000ffc80000, 0x0000000100000000)
  eden space 183808K, 0% used [0x00000000eb900000,0x00000000eb900000,0x00000000f6c80000)
  from space 71680K, 69% used [0x00000000fb680000,0x00000000fe75dfa0,0x00000000ffc80000)
  to   space 73728K, 0% used [0x00000000f6c80000,0x00000000f6c80000,0x00000000fb480000)
 ParOldGen       total 107008K, used 100130K [0x00000000c2a00000, 0x00000000c9280000, 0x00000000eb900000)
  object space 107008K, 93% used [0x00000000c2a00000,0x00000000c8bc8aa8,0x00000000c9280000)
 Metaspace       used 29717K, capacity 30420K, committed 30592K, reserved 1077248K
  class space    used 3180K, capacity 3372K, committed 3456K, reserved 1048576K
Event: 144.974 GC heap after
Heap after GC invocations=46 (full 4):
 PSYoungGen      total 255488K, used 0K [0x00000000eb900000, 0x00000000ffc80000, 0x0000000100000000)
  eden space 183808K, 0% used [0x00000000eb900000,0x00000000eb900000,0x00000000f6c80000)
  from space 71680K, 0% used [0x00000000fb680000,0x00000000fb680000,0x00000000ffc80000)
  to   space 73728K, 0% used [0x00000000f6c80000,0x00000000f6c80000,0x00000000fb480000)
 ParOldGen       total 150016K, used 91379K [0x00000000c2a00000, 0x00000000cbc80000, 0x00000000eb900000)
  object space 150016K, 60% used [0x00000000c2a00000,0x00000000c833ccd0,0x00000000cbc80000)
 Metaspace       used 29717K, capacity 30420K, committed 30592K, reserved 1077248K
  class space    used 3180K, capacity 3372K, committed 3456K, reserved 1048576K
}
Event: 148.329 GC heap before
{Heap before GC invocations=47 (full 4):
 PSYoungGen      total 255488K, used 183808K [0x00000000eb900000, 0x00000000ffc80000, 0x0000000100000000)
  eden space 183808K, 100% used [0x00000000eb900000,0x00000000f6c80000,0x00000000f6c80000)
  from space 71680K, 0% used [0x00000000fb680000,0x00000000fb680000,0x00000000ffc80000)
  to   space 73728K, 0% used [0x00000000f6c80000,0x00000000f6c80000,0x00000000fb480000)
 ParOldGen       total 150016K, used 91379K [0x00000000c2a00000, 0x00000000cbc80000, 0x00000000eb900000)
  object space 150016K, 60% used [0x00000000c2a00000,0x00000000c833ccd0,0x00000000cbc80000)
 Metaspace       used 30419K, capacity 31130K, committed 31360K, reserved 1077248K
  class space    used 3181K, capacity 3373K, committed 3456K, reserved 1048576K
Event: 148.360 GC heap after
Heap after GC invocations=47 (full 4):
 PSYoungGen      total 257536K, used 18161K [0x00000000eb900000, 0x0000000100000000, 0x0000000100000000)
  eden space 183808K, 0% used [0x00000000eb900000,0x00000000eb900000,0x00000000f6c80000)
  from space 73728K, 24% used [0x00000000f6c80000,0x00000000f7e3c440,0x00000000fb480000)
  to   space 75264K, 0% used [0x00000000fb680000,0x00000000fb680000,0x0000000100000000)
 ParOldGen       total 150016K, used 91387K [0x00000000c2a00000, 0x00000000cbc80000, 0x00000000eb900000)
  object space 150016K, 60% used [0x00000000c2a00000,0x00000000c833ecd0,0x00000000cbc80000)
 Metaspace       used 30419K, capacity 31130K, committed 31360K, reserved 1077248K
  class space    used 3181K, capacity 3373K, committed 3456K, reserved 1048576K
}
Event: 151.674 GC heap before
{Heap before GC invocations=48 (full 4):
 PSYoungGen      total 257536K, used 201969K [0x00000000eb900000, 0x0000000100000000, 0x0000000100000000)
  eden space 183808K, 100% used [0x00000000eb900000,0x00000000f6c80000,0x00000000f6c80000)
  from space 73728K, 24% used [0x00000000f6c80000,0x00000000f7e3c440,0x00000000fb480000)
  to   space 75264K, 0% used [0x00000000fb680000,0x00000000fb680000,0x0000000100000000)
 ParOldGen       total 150016K, used 91387K [0x00000000c2a00000, 0x00000000cbc80000, 0x00000000eb900000)
  object space 150016K, 60% used [0x00000000c2a00000,0x00000000c833ecd0,0x00000000cbc80000)
 Metaspace       used 30597K, capacity 31322K, committed 31616K, reserved 1077248K
  class space    used 3181K, capacity 3373K, committed 3456K, reserved 1048576K
Event: 151.707 GC heap after
Heap after GC invocations=48 (full 4):
 PSYoungGen      total 260096K, used 23107K [0x00000000eb900000, 0x0000000100000000, 0x0000000100000000)
  eden space 184832K, 0% used [0x00000000eb900000,0x00000000eb900000,0x00000000f6d80000)
  from space 75264K, 30% used [0x00000000fb680000,0x00000000fcd10eb0,0x0000000100000000)
  to   space 74752K, 0% used [0x00000000f6d80000,0x00000000f6d80000,0x00000000fb680000)
 ParOldGen       total 150016K, used 91395K [0x00000000c2a00000, 0x00000000cbc80000, 0x00000000eb900000)
  object space 150016K, 60% used [0x00000000c2a00000,0x00000000c8340cd0,0x00000000cbc80000)
 Metaspace       used 30597K, capacity 31322K, committed 31616K, reserved 1077248K
  class space    used 3181K, capacity 3373K, committed 3456K, reserved 1048576K
}
Event: 156.623 GC heap before
{Heap before GC invocations=49 (full 4):
 PSYoungGen      total 260096K, used 207939K [0x00000000eb900000, 0x0000000100000000, 0x0000000100000000)
  eden space 184832K, 100% used [0x00000000eb900000,0x00000000f6d80000,0x00000000f6d80000)
  from space 75264K, 30% used [0x00000000fb680000,0x00000000fcd10eb0,0x0000000100000000)
  to   space 74752K, 0% used [0x00000000f6d80000,0x00000000f6d80000,0x00000000fb680000)
 ParOldGen       total 150016K, used 91395K [0x00000000c2a00000, 0x00000000cbc80000, 0x00000000eb900000)
  object space 150016K, 60% used [0x00000000c2a00000,0x00000000c8340cd0,0x00000000cbc80000)
 Metaspace       used 30669K, capacity 31386K, committed 31616K, reserved 1077248K
  class space    used 3182K, capacity 3373K, committed 3456K, reserved 1048576K
Event: 156.651 GC heap after
Heap after GC invocations=49 (full 4):
 PSYoungGen      total 214528K, used 29251K [0x00000000eb900000, 0x00000000ffb80000, 0x0000000100000000)
  eden space 184832K, 0% used [0x00000000eb900000,0x00000000eb900000,0x00000000f6d80000)
  from space 29696K, 98% used [0x00000000f6d80000,0x00000000f8a10d78,0x00000000f8a80000)
  to   space 72704K, 0% used [0x00000000fb480000,0x00000000fb480000,0x00000000ffb80000)
 ParOldGen       total 150016K, used 91395K [0x00000000c2a00000, 0x00000000cbc80000, 0x00000000eb900000)
  object space 150016K, 60% used [0x00000000c2a00000,0x00000000c8340cd0,0x00000000cbc80000)
 Metaspace       used 30669K, capacity 31386K, committed 31616K, reserved 1077248K
  class space    used 3182K, capacity 3373K, committed 3456K, reserved 1048576K
}
Event: 167.491 GC heap before
{Heap before GC invocations=50 (full 4):
 PSYoungGen      total 214528K, used 214083K [0x00000000eb900000, 0x00000000ffb80000, 0x0000000100000000)
  eden space 184832K, 100% used [0x00000000eb900000,0x00000000f6d80000,0x00000000f6d80000)
  from space 29696K, 98% used [0x00000000f6d80000,0x00000000f8a10d78,0x00000000f8a80000)
  to   space 72704K, 0% used [0x00000000fb480000,0x00000000fb480000,0x00000000ffb80000)
 ParOldGen       total 150016K, used 91395K [0x00000000c2a00000, 0x00000000cbc80000, 0x00000000eb900000)
  object space 150016K, 60% used [0x00000000c2a00000,0x00000000c8340cd0,0x00000000cbc80000)
 Metaspace       used 34318K, capacity 35286K, committed 35456K, reserved 1081344K
  class space    used 3576K, capacity 3842K, committed 3968K, reserved 1048576K
Event: 167.694 GC heap after
Heap after GC invocations=50 (full 4):
 PSYoungGen      total 260096K, used 32825K [0x00000000eb900000, 0x0000000100000000, 0x0000000100000000)
  eden space 187392K, 0% used [0x00000000eb900000,0x00000000eb900000,0x00000000f7000000)
  from space 72704K, 45% used [0x00000000fb480000,0x00000000fd48e6e0,0x00000000ffb80000)
  to   space 70144K, 0% used [0x00000000f7000000,0x00000000f7000000,0x00000000fb480000)
 ParOldGen       total 150016K, used 91403K [0x00000000c2a00000, 0x00000000cbc80000, 0x00000000eb900000)
  object space 150016K, 60% used [0x00000000c2a00000,0x00000000c8342cd0,0x00000000cbc80000)
 Metaspace       used 34318K, capacity 35286K, committed 35456K, reserved 1081344K
  class space    used 3576K, capacity 3842K, committed 3968K, reserved 1048576K
}

