# JRE version: Java(TM) SE Runtime Environment (8.0_201-b09) (build 1.8.0_201-b09)
# Java VM: Java HotSpot(TM) 64-Bit Server VM (25.201-b09 mixed mode linux-amd64 compressed oops)
Heap:
 PSYoungGen      total 34304K, used 3888K [0x00000000eb900000, 0x00000000ee100000, 0x0000000100000000)
  eden space 29696K, 0% used [0x00000000eb900000,0x00000000eb900000,0x00000000ed600000)
  from space 4608K, 84% used [0x00000000ed600000,0x00000000ed9cc010,0x00000000eda80000)
  to   space 2560K, 0% used [0x00000000eda80000,0x00000000eda80000,0x00000000edd00000)
 ParOldGen       total 42496K, used 4041K [0x00000000c2a00000, 0x00000000c5380000, 0x00000000eb900000)
  object space 42496K, 9% used [0x00000000c2a00000,0x00000000c2df26a0,0x00000000c5380000)
 Metaspace       used 14455K, capacity 14980K, committed 15232K, reserved 1062912K
  class space    used 1646K, capacity 1805K, committed 1920K, reserved 1048576K
GC Heap History (10 events):
Event: 1.571 GC heap after
Heap after GC invocations=3 (full 1):
 PSYoungGen      total 18432K, used 0K [0x00000000eb900000, 0x00000000ecd80000, 0x0000000100000000)
  eden space 15872K, 0% used [0x00000000eb900000,0x00000000eb900000,0x00000000ec880000)
  from space 2560K, 0% used [0x00000000ecb00000,0x00000000ecb00000,0x00000000ecd80000)
  to   space 2560K, 0% used [0x00000000ec880000,0x00000000ec880000,0x00000000ecb00000)
 ParOldGen       total 42496K, used 2458K [0x00000000c2a00000, 0x00000000c5380000, 0x00000000eb900000)
  object space 42496K, 5% used [0x00000000c2a00000,0x00000000c2c66868,0x00000000c5380000)
 Metaspace       used 10133K, capacity 10242K, committed 10624K, reserved 1058816K
  class space    used 1225K, capacity 1285K, committed 1408K, reserved 1048576K
}
Event: 21.464 GC heap before
{Heap before GC invocations=4 (full 1):
 PSYoungGen      total 18432K, used 15872K [0x00000000eb900000, 0x00000000ecd80000, 0x0000000100000000)
  eden space 15872K, 100% used [0x00000000eb900000,0x00000000ec880000,0x00000000ec880000)
  from space 2560K, 0% used [0x00000000ecb00000,0x00000000ecb00000,0x00000000ecd80000)
  to   space 2560K, 0% used [0x00000000ec880000,0x00000000ec880000,0x00000000ecb00000)
 ParOldGen       total 42496K, used 2458K [0x00000000c2a00000, 0x00000000c5380000, 0x00000000eb900000)
  object space 42496K, 5% used [0x00000000c2a00000,0x00000000c2c66868,0x00000000c5380000)
 Metaspace       used 13546K, capacity 13944K, committed 14080K, reserved 1060864K
  class space    used 1591K, capacity 1706K, committed 1792K, reserved 1048576K
Event: 21.471 GC heap after
Heap after GC invocations=4 (full 1):
 PSYoungGen      total 18432K, used 2544K [0x00000000eb900000, 0x00000000ecd80000, 0x0000000100000000)
  eden space 15872K, 0% used [0x00000000eb900000,0x00000000eb900000,0x00000000ec880000)
  from space 2560K, 99% used [0x00000000ec880000,0x00000000ecafc108,0x00000000ecb00000)
  to   space 2560K, 0% used [0x00000000ecb00000,0x00000000ecb00000,0x00000000ecd80000)
 ParOldGen       total 42496K, used 3581K [0x00000000c2a00000, 0x00000000c5380000, 0x00000000eb900000)
  object space 42496K, 8% used [0x00000000c2a00000,0x00000000c2d7f670,0x00000000c5380000)
 Metaspace       used 13546K, capacity 13944K, committed 14080K, reserved 1060864K
  class space    used 1591K, capacity 1706K, committed 1792K, reserved 1048576K
}
Event: 22.225 GC heap before
{Heap before GC invocations=5 (full 1):
 PSYoungGen      total 18432K, used 18412K [0x00000000eb900000, 0x00000000ecd80000, 0x0000000100000000)
  eden space 15872K, 99% used [0x00000000eb900000,0x00000000ec87f2b0,0x00000000ec880000)
  from space 2560K, 99% used [0x00000000ec880000,0x00000000ecafc108,0x00000000ecb00000)
  to   space 2560K, 0% used [0x00000000ecb00000,0x00000000ecb00000,0x00000000ecd80000)
 ParOldGen       total 42496K, used 3581K [0x00000000c2a00000, 0x00000000c5380000, 0x00000000eb900000)
  object space 42496K, 8% used [0x00000000c2a00000,0x00000000c2d7f670,0x00000000c5380000)
 Metaspace       used 13655K, capacity 14078K, committed 14336K, reserved 1062912K
  class space    used 1592K, capacity 1707K, committed 1792K, reserved 1048576K
Event: 22.230 GC heap after
Heap after GC invocations=5 (full 1):
 PSYoungGen      total 18432K, used 1932K [0x00000000eb900000, 0x00000000ecd80000, 0x0000000100000000)
  eden space 15872K, 0% used [0x00000000eb900000,0x00000000eb900000,0x00000000ec880000)
  from space 2560K, 75% used [0x00000000ecb00000,0x00000000ecce3040,0x00000000ecd80000)
  to   space 2560K, 0% used [0x00000000ec880000,0x00000000ec880000,0x00000000ecb00000)
 ParOldGen       total 42496K, used 3581K [0x00000000c2a00000, 0x00000000c5380000, 0x00000000eb900000)
  object space 42496K, 8% used [0x00000000c2a00000,0x00000000c2d7f670,0x00000000c5380000)
 Metaspace       used 13655K, capacity 14078K, committed 14336K, reserved 1062912K
  class space    used 1592K, capacity 1707K, committed 1792K, reserved 1048576K
}
Event: 22.613 GC heap before
{Heap before GC invocations=6 (full 1):
 PSYoungGen      total 18432K, used 17804K [0x00000000eb900000, 0x00000000ecd80000, 0x0000000100000000)
  eden space 15872K, 100% used [0x00000000eb900000,0x00000000ec880000,0x00000000ec880000)
  from space 2560K, 75% used [0x00000000ecb00000,0x00000000ecce3040,0x00000000ecd80000)
  to   space 2560K, 0% used [0x00000000ec880000,0x00000000ec880000,0x00000000ecb00000)
 ParOldGen       total 42496K, used 3581K [0x00000000c2a00000, 0x00000000c5380000, 0x00000000eb900000)
  object space 42496K, 8% used [0x00000000c2a00000,0x00000000c2d7f670,0x00000000c5380000)
 Metaspace       used 13721K, capacity 14078K, committed 14336K, reserved 1062912K
  class space    used 1593K, capacity 1707K, committed 1792K, reserved 1048576K
Event: 22.629 GC heap after
Heap after GC invocations=6 (full 1):
 PSYoungGen      total 18432K, used 2380K [0x00000000eb900000, 0x00000000edd00000, 0x0000000100000000)
  eden space 15872K, 0% used [0x00000000eb900000,0x00000000eb900000,0x00000000ec880000)
  from space 2560K, 92% used [0x00000000ec880000,0x00000000ecad3020,0x00000000ecb00000)
  to   space 2560K, 0% used [0x00000000eda80000,0x00000000eda80000,0x00000000edd00000)
 ParOldGen       total 42496K, used 3581K [0x00000000c2a00000, 0x00000000c5380000, 0x00000000eb900000)
  object space 42496K, 8% used [0x00000000c2a00000,0x00000000c2d7f670,0x00000000c5380000)
 Metaspace       used 13721K, capacity 14078K, committed 14336K, reserved 1062912K
  class space    used 1593K, capacity 1707K, committed 1792K, reserved 1048576K
}
Event: 22.946 GC heap before
{Heap before GC invocations=7 (full 1):
 PSYoungGen      total 18432K, used 18252K [0x00000000eb900000, 0x00000000edd00000, 0x0000000100000000)
  eden space 15872K, 100% used [0x00000000eb900000,0x00000000ec880000,0x00000000ec880000)
  from space 2560K, 92% used [0x00000000ec880000,0x00000000ecad3020,0x00000000ecb00000)
  to   space 2560K, 0% used [0x00000000eda80000,0x00000000eda80000,0x00000000edd00000)
 ParOldGen       total 42496K, used 3581K [0x00000000c2a00000, 0x00000000c5380000, 0x00000000eb900000)
  object space 42496K, 8% used [0x00000000c2a00000,0x00000000c2d7f670,0x00000000c5380000)
 Metaspace       used 13798K, capacity 14148K, committed 14336K, reserved 1062912K
  class space    used 1595K, capacity 1708K, committed 1792K, reserved 1048576K
Event: 22.959 GC heap after
Heap after GC invocations=7 (full 1):
 PSYoungGen      total 32256K, used 2544K [0x00000000eb900000, 0x00000000ee100000, 0x0000000100000000)
  eden space 29696K, 0% used [0x00000000eb900000,0x00000000eb900000,0x00000000ed600000)
  from space 2560K, 99% used [0x00000000eda80000,0x00000000edcfc010,0x00000000edd00000)
  to   space 4608K, 0% used [0x00000000ed600000,0x00000000ed600000,0x00000000eda80000)
 ParOldGen       total 42496K, used 4033K [0x00000000c2a00000, 0x00000000c5380000, 0x00000000eb900000)
  object space 42496K, 9% used [0x00000000c2a00000,0x00000000c2df06a0,0x00000000c5380000)
 Metaspace       used 13798K, capacity 14148K, committed 14336K, reserved 1062912K
  class space    used 1595K, capacity 1708K, committed 1792K, reserved 1048576K
}
Event: 44.040 GC heap before
{Heap before GC invocations=8 (full 1):
 PSYoungGen      total 32256K, used 32240K [0x00000000eb900000, 0x00000000ee100000, 0x0000000100000000)
  eden space 29696K, 100% used [0x00000000eb900000,0x00000000ed600000,0x00000000ed600000)
  from space 2560K, 99% used [0x00000000eda80000,0x00000000edcfc010,0x00000000edd00000)
  to   space 4608K, 0% used [0x00000000ed600000,0x00000000ed600000,0x00000000eda80000)
 ParOldGen       total 42496K, used 4033K [0x00000000c2a00000, 0x00000000c5380000, 0x00000000eb900000)
  object space 42496K, 9% used [0x00000000c2a00000,0x00000000c2df06a0,0x00000000c5380000)
 Metaspace       used 14455K, capacity 14980K, committed 15232K, reserved 1062912K
  class space    used 1646K, capacity 1805K, committed 1920K, reserved 1048576K

