# JRE version: Java(TM) SE Runtime Environment (8.0_201-b09) (build 1.8.0_201-b09)
# Java VM: Java HotSpot(TM) 64-Bit Server VM (25.201-b09 mixed mode linux-amd64 compressed oops)
Heap:
 PSYoungGen      total 64000K, used 5600K [0x00000000eb900000, 0x00000000efd00000, 0x0000000100000000)
  eden space 58368K, 0% used [0x00000000eb900000,0x00000000eb900000,0x00000000ef200000)
  from space 5632K, 99% used [0x00000000ef200000,0x00000000ef7780a0,0x00000000ef780000)
  to   space 5632K, 0% used [0x00000000ef780000,0x00000000ef780000,0x00000000efd00000)
 ParOldGen       total 42496K, used 13052K [0x00000000c2a00000, 0x00000000c5380000, 0x00000000eb900000)
  object space 42496K, 30% used [0x00000000c2a00000,0x00000000c36bf170,0x00000000c5380000)
 Metaspace       used 13760K, capacity 14142K, committed 14336K, reserved 1062912K
  class space    used 1569K, capacity 1665K, committed 1792K, reserved 1048576K
GC Heap History (10 events):
Event: 37.013 GC heap after
Heap after GC invocations=5 (full 1):
 PSYoungGen      total 18432K, used 2556K [0x00000000eb900000, 0x00000000edd00000, 0x0000000100000000)
  eden space 15872K, 0% used [0x00000000eb900000,0x00000000eb900000,0x00000000ec880000)
  from space 2560K, 99% used [0x00000000ecb00000,0x00000000ecd7f3d8,0x00000000ecd80000)
  to   space 2560K, 0% used [0x00000000ec880000,0x00000000ec880000,0x00000000ecb00000)
 ParOldGen       total 42496K, used 8087K [0x00000000c2a00000, 0x00000000c5380000, 0x00000000eb900000)
  object space 42496K, 19% used [0x00000000c2a00000,0x00000000c31e5cc8,0x00000000c5380000)
 Metaspace       used 13561K, capacity 13886K, committed 14080K, reserved 1060864K
  class space    used 1568K, capacity 1665K, committed 1792K, reserved 1048576K
}
Event: 37.265 GC heap before
{Heap before GC invocations=6 (full 1):
 PSYoungGen      total 18432K, used 18428K [0x00000000eb900000, 0x00000000edd00000, 0x0000000100000000)
  eden space 15872K, 100% used [0x00000000eb900000,0x00000000ec880000,0x00000000ec880000)
  from space 2560K, 99% used [0x00000000ecb00000,0x00000000ecd7f3d8,0x00000000ecd80000)
  to   space 2560K, 0% used [0x00000000ec880000,0x00000000ec880000,0x00000000ecb00000)
 ParOldGen       total 42496K, used 8087K [0x00000000c2a00000, 0x00000000c5380000, 0x00000000eb900000)
  object space 42496K, 19% used [0x00000000c2a00000,0x00000000c31e5cc8,0x00000000c5380000)
 Metaspace       used 13640K, capacity 14014K, committed 14336K, reserved 1062912K
  class space    used 1569K, capacity 1665K, committed 1792K, reserved 1048576K
Event: 37.288 GC heap after
Heap after GC invocations=6 (full 1):
 PSYoungGen      total 18432K, used 2560K [0x00000000eb900000, 0x00000000edd00000, 0x0000000100000000)
  eden space 15872K, 0% used [0x00000000eb900000,0x00000000eb900000,0x00000000ec880000)
  from space 2560K, 100% used [0x00000000ec880000,0x00000000ecb00000,0x00000000ecb00000)
  to   space 2560K, 0% used [0x00000000eda80000,0x00000000eda80000,0x00000000edd00000)
 ParOldGen       total 42496K, used 9191K [0x00000000c2a00000, 0x00000000c5380000, 0x00000000eb900000)
  object space 42496K, 21% used [0x00000000c2a00000,0x00000000c32f9d08,0x00000000c5380000)
 Metaspace       used 13640K, capacity 14014K, committed 14336K, reserved 1062912K
  class space    used 1569K, capacity 1665K, committed 1792K, reserved 1048576K
}
Event: 37.480 GC heap before
{Heap before GC invocations=7 (full 1):
 PSYoungGen      total 18432K, used 18432K [0x00000000eb900000, 0x00000000edd00000, 0x0000000100000000)
  eden space 15872K, 100% used [0x00000000eb900000,0x00000000ec880000,0x00000000ec880000)
  from space 2560K, 100% used [0x00000000ec880000,0x00000000ecb00000,0x00000000ecb00000)
  to   space 2560K, 0% used [0x00000000eda80000,0x00000000eda80000,0x00000000edd00000)
 ParOldGen       total 42496K, used 9191K [0x00000000c2a00000, 0x00000000c5380000, 0x00000000eb900000)
  object space 42496K, 21% used [0x00000000c2a00000,0x00000000c32f9d08,0x00000000c5380000)
 Metaspace       used 13678K, capacity 14078K, committed 14336K, reserved 1062912K
  class space    used 1569K, capacity 1665K, committed 1792K, reserved 1048576K
Event: 37.500 GC heap after
Heap after GC invocations=7 (full 1):
 PSYoungGen      total 31744K, used 2528K [0x00000000eb900000, 0x00000000ee200000, 0x0000000100000000)
  eden space 29184K, 0% used [0x00000000eb900000,0x00000000eb900000,0x00000000ed580000)
  from space 2560K, 98% used [0x00000000eda80000,0x00000000edcf8060,0x00000000edd00000)
  to   space 5120K, 0% used [0x00000000ed580000,0x00000000ed580000,0x00000000eda80000)
 ParOldGen       total 42496K, used 10184K [0x00000000c2a00000, 0x00000000c5380000, 0x00000000eb900000)
  object space 42496K, 23% used [0x00000000c2a00000,0x00000000c33f2100,0x00000000c5380000)
 Metaspace       used 13678K, capacity 14078K, committed 14336K, reserved 1062912K
  class space    used 1569K, capacity 1665K, committed 1792K, reserved 1048576K
}
Event: 37.845 GC heap before
{Heap before GC invocations=8 (full 1):
 PSYoungGen      total 31744K, used 31712K [0x00000000eb900000, 0x00000000ee200000, 0x0000000100000000)
  eden space 29184K, 100% used [0x00000000eb900000,0x00000000ed580000,0x00000000ed580000)
  from space 2560K, 98% used [0x00000000eda80000,0x00000000edcf8060,0x00000000edd00000)
  to   space 5120K, 0% used [0x00000000ed580000,0x00000000ed580000,0x00000000eda80000)
 ParOldGen       total 42496K, used 10184K [0x00000000c2a00000, 0x00000000c5380000, 0x00000000eb900000)
  object space 42496K, 23% used [0x00000000c2a00000,0x00000000c33f2100,0x00000000c5380000)
 Metaspace       used 13736K, capacity 14078K, committed 14336K, reserved 1062912K
  class space    used 1569K, capacity 1665K, committed 1792K, reserved 1048576K
Event: 37.872 GC heap after
Heap after GC invocations=8 (full 1):
 PSYoungGen      total 34304K, used 4512K [0x00000000eb900000, 0x00000000efd00000, 0x0000000100000000)
  eden space 29184K, 0% used [0x00000000eb900000,0x00000000eb900000,0x00000000ed580000)
  from space 5120K, 88% used [0x00000000ed580000,0x00000000ed9e8010,0x00000000eda80000)
  to   space 5632K, 0% used [0x00000000ef780000,0x00000000ef780000,0x00000000efd00000)
 ParOldGen       total 42496K, used 10192K [0x00000000c2a00000, 0x00000000c5380000, 0x00000000eb900000)
  object space 42496K, 23% used [0x00000000c2a00000,0x00000000c33f4100,0x00000000c5380000)
 Metaspace       used 13736K, capacity 14078K, committed 14336K, reserved 1062912K
  class space    used 1569K, capacity 1665K, committed 1792K, reserved 1048576K
}
Event: 38.196 GC heap before
{Heap before GC invocations=9 (full 1):
 PSYoungGen      total 34304K, used 33696K [0x00000000eb900000, 0x00000000efd00000, 0x0000000100000000)
  eden space 29184K, 100% used [0x00000000eb900000,0x00000000ed580000,0x00000000ed580000)
  from space 5120K, 88% used [0x00000000ed580000,0x00000000ed9e8010,0x00000000eda80000)
  to   space 5632K, 0% used [0x00000000ef780000,0x00000000ef780000,0x00000000efd00000)
 ParOldGen       total 42496K, used 10192K [0x00000000c2a00000, 0x00000000c5380000, 0x00000000eb900000)
  object space 42496K, 23% used [0x00000000c2a00000,0x00000000c33f4100,0x00000000c5380000)
 Metaspace       used 13749K, capacity 14142K, committed 14336K, reserved 1062912K
  class space    used 1569K, capacity 1665K, committed 1792K, reserved 1048576K
Event: 38.217 GC heap after
Heap after GC invocations=9 (full 1):
 PSYoungGen      total 64000K, used 4480K [0x00000000eb900000, 0x00000000efd00000, 0x0000000100000000)
  eden space 58368K, 0% used [0x00000000eb900000,0x00000000eb900000,0x00000000ef200000)
  from space 5632K, 79% used [0x00000000ef780000,0x00000000efbe00a0,0x00000000efd00000)
  to   space 5632K, 0% used [0x00000000ef200000,0x00000000ef200000,0x00000000ef780000)
 ParOldGen       total 42496K, used 11740K [0x00000000c2a00000, 0x00000000c5380000, 0x00000000eb900000)
  object space 42496K, 27% used [0x00000000c2a00000,0x00000000c3577160,0x00000000c5380000)
 Metaspace       used 13749K, capacity 14142K, committed 14336K, reserved 1062912K
  class space    used 1569K, capacity 1665K, committed 1792K, reserved 1048576K
}
Event: 38.736 GC heap before
{Heap before GC invocations=10 (full 1):
 PSYoungGen      total 64000K, used 62848K [0x00000000eb900000, 0x00000000efd00000, 0x0000000100000000)
  eden space 58368K, 100% used [0x00000000eb900000,0x00000000ef200000,0x00000000ef200000)
  from space 5632K, 79% used [0x00000000ef780000,0x00000000efbe00a0,0x00000000efd00000)
  to   space 5632K, 0% used [0x00000000ef200000,0x00000000ef200000,0x00000000ef780000)
 ParOldGen       total 42496K, used 11740K [0x00000000c2a00000, 0x00000000c5380000, 0x00000000eb900000)
  object space 42496K, 27% used [0x00000000c2a00000,0x00000000c3577160,0x00000000c5380000)
 Metaspace       used 13760K, capacity 14142K, committed 14336K, reserved 1062912K
  class space    used 1569K, capacity 1665K, committed 1792K, reserved 1048576K

