# JRE version: Java(TM) SE Runtime Environment (8.0_201-b09) (build 1.8.0_201-b09)
# Java VM: Java HotSpot(TM) 64-Bit Server VM (25.201-b09 mixed mode linux-amd64 compressed oops)
Heap:
 PSYoungGen      total 64000K, used 4576K [0x00000000eb900000, 0x00000000efc00000, 0x0000000100000000)
  eden space 59392K, 0% used [0x00000000eb900000,0x00000000eb900000,0x00000000ef300000)
  from space 4608K, 99% used [0x00000000ef300000,0x00000000ef778010,0x00000000ef780000)
  to   space 4608K, 0% used [0x00000000ef780000,0x00000000ef780000,0x00000000efc00000)
 ParOldGen       total 42496K, used 10903K [0x00000000c2a00000, 0x00000000c5380000, 0x00000000eb900000)
  object space 42496K, 25% used [0x00000000c2a00000,0x00000000c34a5d88,0x00000000c5380000)
 Metaspace       used 14230K, capacity 14722K, committed 14848K, reserved 1062912K
  class space    used 1596K, capacity 1724K, committed 1792K, reserved 1048576K
GC Heap History (10 events):
Event: 32.005 GC heap after
Heap after GC invocations=5 (full 1):
 PSYoungGen      total 18432K, used 2558K [0x00000000eb900000, 0x00000000edd00000, 0x0000000100000000)
  eden space 15872K, 0% used [0x00000000eb900000,0x00000000eb900000,0x00000000ec880000)
  from space 2560K, 99% used [0x00000000ecb00000,0x00000000ecd7f830,0x00000000ecd80000)
  to   space 2560K, 0% used [0x00000000ec880000,0x00000000ec880000,0x00000000ecb00000)
 ParOldGen       total 42496K, used 6400K [0x00000000c2a00000, 0x00000000c5380000, 0x00000000eb900000)
  object space 42496K, 15% used [0x00000000c2a00000,0x00000000c3040370,0x00000000c5380000)
 Metaspace       used 13419K, capacity 13804K, committed 13952K, reserved 1060864K
  class space    used 1559K, capacity 1662K, committed 1664K, reserved 1048576K
}
Event: 32.423 GC heap before
{Heap before GC invocations=6 (full 1):
 PSYoungGen      total 18432K, used 18430K [0x00000000eb900000, 0x00000000edd00000, 0x0000000100000000)
  eden space 15872K, 100% used [0x00000000eb900000,0x00000000ec880000,0x00000000ec880000)
  from space 2560K, 99% used [0x00000000ecb00000,0x00000000ecd7f830,0x00000000ecd80000)
  to   space 2560K, 0% used [0x00000000ec880000,0x00000000ec880000,0x00000000ecb00000)
 ParOldGen       total 42496K, used 6400K [0x00000000c2a00000, 0x00000000c5380000, 0x00000000eb900000)
  object space 42496K, 15% used [0x00000000c2a00000,0x00000000c3040370,0x00000000c5380000)
 Metaspace       used 13429K, capacity 13804K, committed 13952K, reserved 1060864K
  class space    used 1559K, capacity 1662K, committed 1664K, reserved 1048576K
Event: 32.435 GC heap after
Heap after GC invocations=6 (full 1):
 PSYoungGen      total 18432K, used 2350K [0x00000000eb900000, 0x00000000edd00000, 0x0000000100000000)
  eden space 15872K, 0% used [0x00000000eb900000,0x00000000eb900000,0x00000000ec880000)
  from space 2560K, 91% used [0x00000000ec880000,0x00000000ecacb840,0x00000000ecb00000)
  to   space 2560K, 0% used [0x00000000eda80000,0x00000000eda80000,0x00000000edd00000)
 ParOldGen       total 42496K, used 6400K [0x00000000c2a00000, 0x00000000c5380000, 0x00000000eb900000)
  object space 42496K, 15% used [0x00000000c2a00000,0x00000000c3040370,0x00000000c5380000)
 Metaspace       used 13429K, capacity 13804K, committed 13952K, reserved 1060864K
  class space    used 1559K, capacity 1662K, committed 1664K, reserved 1048576K
}
Event: 33.091 GC heap before
{Heap before GC invocations=7 (full 1):
 PSYoungGen      total 18432K, used 18222K [0x00000000eb900000, 0x00000000edd00000, 0x0000000100000000)
  eden space 15872K, 100% used [0x00000000eb900000,0x00000000ec880000,0x00000000ec880000)
  from space 2560K, 91% used [0x00000000ec880000,0x00000000ecacb840,0x00000000ecb00000)
  to   space 2560K, 0% used [0x00000000eda80000,0x00000000eda80000,0x00000000edd00000)
 ParOldGen       total 42496K, used 6400K [0x00000000c2a00000, 0x00000000c5380000, 0x00000000eb900000)
  object space 42496K, 15% used [0x00000000c2a00000,0x00000000c3040370,0x00000000c5380000)
 Metaspace       used 13456K, capacity 13804K, committed 13952K, reserved 1060864K
  class space    used 1559K, capacity 1662K, committed 1664K, reserved 1048576K
Event: 33.103 GC heap after
Heap after GC invocations=7 (full 1):
 PSYoungGen      total 32256K, used 2558K [0x00000000eb900000, 0x00000000ee100000, 0x0000000100000000)
  eden space 29696K, 0% used [0x00000000eb900000,0x00000000eb900000,0x00000000ed600000)
  from space 2560K, 99% used [0x00000000eda80000,0x00000000edcff830,0x00000000edd00000)
  to   space 4608K, 0% used [0x00000000ed600000,0x00000000ed600000,0x00000000eda80000)
 ParOldGen       total 42496K, used 6488K [0x00000000c2a00000, 0x00000000c5380000, 0x00000000eb900000)
  object space 42496K, 15% used [0x00000000c2a00000,0x00000000c3056370,0x00000000c5380000)
 Metaspace       used 13456K, capacity 13804K, committed 13952K, reserved 1060864K
  class space    used 1559K, capacity 1662K, committed 1664K, reserved 1048576K
}
Event: 35.660 GC heap before
{Heap before GC invocations=8 (full 1):
 PSYoungGen      total 32256K, used 32254K [0x00000000eb900000, 0x00000000ee100000, 0x0000000100000000)
  eden space 29696K, 100% used [0x00000000eb900000,0x00000000ed600000,0x00000000ed600000)
  from space 2560K, 99% used [0x00000000eda80000,0x00000000edcff830,0x00000000edd00000)
  to   space 4608K, 0% used [0x00000000ed600000,0x00000000ed600000,0x00000000eda80000)
 ParOldGen       total 42496K, used 6488K [0x00000000c2a00000, 0x00000000c5380000, 0x00000000eb900000)
  object space 42496K, 15% used [0x00000000c2a00000,0x00000000c3056370,0x00000000c5380000)
 Metaspace       used 13544K, capacity 13868K, committed 13952K, reserved 1060864K
  class space    used 1559K, capacity 1662K, committed 1664K, reserved 1048576K
Event: 38.671 GC heap after
Heap after GC invocations=8 (full 1):
 PSYoungGen      total 34304K, used 3486K [0x00000000eb900000, 0x00000000efc00000, 0x0000000100000000)
  eden space 29696K, 0% used [0x00000000eb900000,0x00000000eb900000,0x00000000ed600000)
  from space 4608K, 75% used [0x00000000ed600000,0x00000000ed967830,0x00000000eda80000)
  to   space 4608K, 0% used [0x00000000ef780000,0x00000000ef780000,0x00000000efc00000)
 ParOldGen       total 42496K, used 6496K [0x00000000c2a00000, 0x00000000c5380000, 0x00000000eb900000)
  object space 42496K, 15% used [0x00000000c2a00000,0x00000000c3058370,0x00000000c5380000)
 Metaspace       used 13544K, capacity 13868K, committed 13952K, reserved 1060864K
  class space    used 1559K, capacity 1662K, committed 1664K, reserved 1048576K
}
Event: 38.916 GC heap before
{Heap before GC invocations=9 (full 1):
 PSYoungGen      total 34304K, used 33182K [0x00000000eb900000, 0x00000000efc00000, 0x0000000100000000)
  eden space 29696K, 100% used [0x00000000eb900000,0x00000000ed600000,0x00000000ed600000)
  from space 4608K, 75% used [0x00000000ed600000,0x00000000ed967830,0x00000000eda80000)
  to   space 4608K, 0% used [0x00000000ef780000,0x00000000ef780000,0x00000000efc00000)
 ParOldGen       total 42496K, used 6496K [0x00000000c2a00000, 0x00000000c5380000, 0x00000000eb900000)
  object space 42496K, 15% used [0x00000000c2a00000,0x00000000c3058370,0x00000000c5380000)
 Metaspace       used 13611K, capacity 13996K, committed 14208K, reserved 1062912K
  class space    used 1560K, capacity 1662K, committed 1664K, reserved 1048576K
Event: 39.795 GC heap after
Heap after GC invocations=9 (full 1):
 PSYoungGen      total 64000K, used 3168K [0x00000000eb900000, 0x00000000efc00000, 0x0000000100000000)
  eden space 59392K, 0% used [0x00000000eb900000,0x00000000eb900000,0x00000000ef300000)
  from space 4608K, 68% used [0x00000000ef780000,0x00000000efa98060,0x00000000efc00000)
  to   space 4608K, 0% used [0x00000000ef300000,0x00000000ef300000,0x00000000ef780000)
 ParOldGen       total 42496K, used 8422K [0x00000000c2a00000, 0x00000000c5380000, 0x00000000eb900000)
  object space 42496K, 19% used [0x00000000c2a00000,0x00000000c3239a48,0x00000000c5380000)
 Metaspace       used 13611K, capacity 13996K, committed 14208K, reserved 1062912K
  class space    used 1560K, capacity 1662K, committed 1664K, reserved 1048576K
}
Event: 61.192 GC heap before
{Heap before GC invocations=10 (full 1):
 PSYoungGen      total 64000K, used 62560K [0x00000000eb900000, 0x00000000efc00000, 0x0000000100000000)
  eden space 59392K, 100% used [0x00000000eb900000,0x00000000ef300000,0x00000000ef300000)
  from space 4608K, 68% used [0x00000000ef780000,0x00000000efa98060,0x00000000efc00000)
  to   space 4608K, 0% used [0x00000000ef300000,0x00000000ef300000,0x00000000ef780000)
 ParOldGen       total 42496K, used 8422K [0x00000000c2a00000, 0x00000000c5380000, 0x00000000eb900000)
  object space 42496K, 19% used [0x00000000c2a00000,0x00000000c3239a48,0x00000000c5380000)
 Metaspace       used 14230K, capacity 14722K, committed 14848K, reserved 1062912K
  class space    used 1596K, capacity 1724K, committed 1792K, reserved 1048576K

