# JRE version: Java(TM) SE Runtime Environment (8.0_201-b09) (build 1.8.0_201-b09)
# Java VM: Java HotSpot(TM) 64-Bit Server VM (25.201-b09 mixed mode linux-amd64 compressed oops)
Heap:
 PSYoungGen      total 223232K, used 1544K [0x00000000eb900000, 0x0000000100000000, 0x0000000100000000)
  eden space 111616K, 0% used [0x00000000eb900000,0x00000000eb900000,0x00000000f2600000)
  from space 111616K, 1% used [0x00000000f9300000,0x00000000f9482250,0x0000000100000000)
  to   space 111616K, 0% used [0x00000000f2600000,0x00000000f2600000,0x00000000f9300000)
 ParOldGen       total 259584K, used 259277K [0x00000000c2a00000, 0x00000000d2780000, 0x00000000eb900000)
  object space 259584K, 99% used [0x00000000c2a00000,0x00000000d27337a8,0x00000000d2780000)
 Metaspace       used 41614K, capacity 44508K, committed 44588K, reserved 1089536K
  class space    used 3948K, capacity 5186K, committed 5248K, reserved 1048576K
GC Heap History (10 events):
Event: 169.025 GC heap after
Heap after GC invocations=81 (full 5):
 PSYoungGen      total 223232K, used 87099K [0x00000000eb900000, 0x0000000100000000, 0x0000000100000000)
  eden space 111616K, 0% used [0x00000000eb900000,0x00000000eb900000,0x00000000f2600000)
  from space 111616K, 78% used [0x00000000f9300000,0x00000000fe80ed48,0x0000000100000000)
  to   space 111616K, 0% used [0x00000000f2600000,0x00000000f2600000,0x00000000f9300000)
 ParOldGen       total 259584K, used 171862K [0x00000000c2a00000, 0x00000000d2780000, 0x00000000eb900000)
  object space 259584K, 66% used [0x00000000c2a00000,0x00000000cd1d5a60,0x00000000d2780000)
 Metaspace       used 37030K, capacity 38674K, committed 38912K, reserved 1083392K
  class space    used 3679K, capacity 4252K, committed 4352K, reserved 1048576K
}
Event: 170.096 GC heap before
{Heap before GC invocations=82 (full 5):
 PSYoungGen      total 223232K, used 198715K [0x00000000eb900000, 0x0000000100000000, 0x0000000100000000)
  eden space 111616K, 100% used [0x00000000eb900000,0x00000000f2600000,0x00000000f2600000)
  from space 111616K, 78% used [0x00000000f9300000,0x00000000fe80ed48,0x0000000100000000)
  to   space 111616K, 0% used [0x00000000f2600000,0x00000000f2600000,0x00000000f9300000)
 ParOldGen       total 259584K, used 171862K [0x00000000c2a00000, 0x00000000d2780000, 0x00000000eb900000)
  object space 259584K, 66% used [0x00000000c2a00000,0x00000000cd1d5a60,0x00000000d2780000)
 Metaspace       used 38263K, capacity 40224K, committed 40448K, reserved 1085440K
  class space    used 3755K, capacity 4506K, committed 4608K, reserved 1048576K
Event: 170.183 GC heap after
Heap after GC invocations=82 (full 5):
 PSYoungGen      total 223232K, used 88792K [0x00000000eb900000, 0x0000000100000000, 0x0000000100000000)
  eden space 111616K, 0% used [0x00000000eb900000,0x00000000eb900000,0x00000000f2600000)
  from space 111616K, 79% used [0x00000000f2600000,0x00000000f7cb6010,0x00000000f9300000)
  to   space 111616K, 0% used [0x00000000f9300000,0x00000000f9300000,0x0000000100000000)
 ParOldGen       total 259584K, used 173479K [0x00000000c2a00000, 0x00000000d2780000, 0x00000000eb900000)
  object space 259584K, 66% used [0x00000000c2a00000,0x00000000cd369fd8,0x00000000d2780000)
 Metaspace       used 38263K, capacity 40224K, committed 40448K, reserved 1085440K
  class space    used 3755K, capacity 4506K, committed 4608K, reserved 1048576K
}
Event: 171.423 GC heap before
{Heap before GC invocations=83 (full 5):
 PSYoungGen      total 223232K, used 200408K [0x00000000eb900000, 0x0000000100000000, 0x0000000100000000)
  eden space 111616K, 100% used [0x00000000eb900000,0x00000000f2600000,0x00000000f2600000)
  from space 111616K, 79% used [0x00000000f2600000,0x00000000f7cb6010,0x00000000f9300000)
  to   space 111616K, 0% used [0x00000000f9300000,0x00000000f9300000,0x0000000100000000)
 ParOldGen       total 259584K, used 173479K [0x00000000c2a00000, 0x00000000d2780000, 0x00000000eb900000)
  object space 259584K, 66% used [0x00000000c2a00000,0x00000000cd369fd8,0x00000000d2780000)
 Metaspace       used 39563K, capacity 41986K, committed 42240K, reserved 1087488K
  class space    used 3833K, capacity 4784K, committed 4864K, reserved 1048576K
Event: 171.521 GC heap after
Heap after GC invocations=83 (full 5):
 PSYoungGen      total 223232K, used 66300K [0x00000000eb900000, 0x0000000100000000, 0x0000000100000000)
  eden space 111616K, 0% used [0x00000000eb900000,0x00000000eb900000,0x00000000f2600000)
  from space 111616K, 59% used [0x00000000f9300000,0x00000000fd3bf120,0x0000000100000000)
  to   space 111616K, 0% used [0x00000000f2600000,0x00000000f2600000,0x00000000f9300000)
 ParOldGen       total 259584K, used 198172K [0x00000000c2a00000, 0x00000000d2780000, 0x00000000eb900000)
  object space 259584K, 76% used [0x00000000c2a00000,0x00000000ceb87318,0x00000000d2780000)
 Metaspace       used 39563K, capacity 41986K, committed 42240K, reserved 1087488K
  class space    used 3833K, capacity 4784K, committed 4864K, reserved 1048576K
}
Event: 173.099 GC heap before
{Heap before GC invocations=84 (full 5):
 PSYoungGen      total 223232K, used 177916K [0x00000000eb900000, 0x0000000100000000, 0x0000000100000000)
  eden space 111616K, 100% used [0x00000000eb900000,0x00000000f2600000,0x00000000f2600000)
  from space 111616K, 59% used [0x00000000f9300000,0x00000000fd3bf120,0x0000000100000000)
  to   space 111616K, 0% used [0x00000000f2600000,0x00000000f2600000,0x00000000f9300000)
 ParOldGen       total 259584K, used 198172K [0x00000000c2a00000, 0x00000000d2780000, 0x00000000eb900000)
  object space 259584K, 76% used [0x00000000c2a00000,0x00000000ceb87318,0x00000000d2780000)
 Metaspace       used 40608K, capacity 43284K, committed 43392K, reserved 1087488K
  class space    used 3889K, capacity 4986K, committed 4992K, reserved 1048576K
Event: 173.166 GC heap after
Heap after GC invocations=84 (full 5):
 PSYoungGen      total 223232K, used 45833K [0x00000000eb900000, 0x0000000100000000, 0x0000000100000000)
  eden space 111616K, 0% used [0x00000000eb900000,0x00000000eb900000,0x00000000f2600000)
  from space 111616K, 41% used [0x00000000f2600000,0x00000000f52c2730,0x00000000f9300000)
  to   space 111616K, 0% used [0x00000000f9300000,0x00000000f9300000,0x0000000100000000)
 ParOldGen       total 259584K, used 220886K [0x00000000c2a00000, 0x00000000d2780000, 0x00000000eb900000)
  object space 259584K, 85% used [0x00000000c2a00000,0x00000000d01b5af8,0x00000000d2780000)
 Metaspace       used 40608K, capacity 43284K, committed 43392K, reserved 1087488K
  class space    used 3889K, capacity 4986K, committed 4992K, reserved 1048576K
}
Event: 174.088 GC heap before
{Heap before GC invocations=85 (full 5):
 PSYoungGen      total 223232K, used 136421K [0x00000000eb900000, 0x0000000100000000, 0x0000000100000000)
  eden space 111616K, 81% used [0x00000000eb900000,0x00000000f1176dc8,0x00000000f2600000)
  from space 111616K, 41% used [0x00000000f2600000,0x00000000f52c2730,0x00000000f9300000)
  to   space 111616K, 0% used [0x00000000f9300000,0x00000000f9300000,0x0000000100000000)
 ParOldGen       total 259584K, used 220886K [0x00000000c2a00000, 0x00000000d2780000, 0x00000000eb900000)
  object space 259584K, 85% used [0x00000000c2a00000,0x00000000d01b5af8,0x00000000d2780000)
 Metaspace       used 41614K, capacity 44508K, committed 44588K, reserved 1089536K
  class space    used 3948K, capacity 5186K, committed 5248K, reserved 1048576K
Event: 174.153 GC heap after
Heap after GC invocations=85 (full 5):
 PSYoungGen      total 223232K, used 26687K [0x00000000eb900000, 0x0000000100000000, 0x0000000100000000)
  eden space 111616K, 0% used [0x00000000eb900000,0x00000000eb900000,0x00000000f2600000)
  from space 111616K, 23% used [0x00000000f9300000,0x00000000fad0ff18,0x0000000100000000)
  to   space 111616K, 0% used [0x00000000f2600000,0x00000000f2600000,0x00000000f9300000)
 ParOldGen       total 259584K, used 242008K [0x00000000c2a00000, 0x00000000d2780000, 0x00000000eb900000)
  object space 259584K, 93% used [0x00000000c2a00000,0x00000000d1656238,0x00000000d2780000)
 Metaspace       used 41614K, capacity 44508K, committed 44588K, reserved 1089536K
  class space    used 3948K, capacity 5186K, committed 5248K, reserved 1048576K
}
Event: 174.153 GC heap before
{Heap before GC invocations=86 (full 6):
 PSYoungGen      total 223232K, used 26687K [0x00000000eb900000, 0x0000000100000000, 0x0000000100000000)
  eden space 111616K, 0% used [0x00000000eb900000,0x00000000eb900000,0x00000000f2600000)
  from space 111616K, 23% used [0x00000000f9300000,0x00000000fad0ff18,0x0000000100000000)
  to   space 111616K, 0% used [0x00000000f2600000,0x00000000f2600000,0x00000000f9300000)
 ParOldGen       total 259584K, used 242008K [0x00000000c2a00000, 0x00000000d2780000, 0x00000000eb900000)
  object space 259584K, 93% used [0x00000000c2a00000,0x00000000d1656238,0x00000000d2780000)
 Metaspace       used 41614K, capacity 44508K, committed 44588K, reserved 1089536K
  class space    used 3948K, capacity 5186K, committed 5248K, reserved 1048576K

