# JRE version: Java(TM) SE Runtime Environment (8.0_201-b09) (build 1.8.0_201-b09)
# Java VM: Java HotSpot(TM) 64-Bit Server VM (25.201-b09 mixed mode linux-amd64 compressed oops)
Heap:
 PSYoungGen      total 263168K, used 25180K [0x00000000eb900000, 0x00000000ff280000, 0x0000000100000000)
  eden space 205312K, 0% used [0x00000000eb900000,0x00000000eb900000,0x00000000f8180000)
  from space 57856K, 43% used [0x00000000f8180000,0x00000000f9a17150,0x00000000fba00000)
  to   space 54784K, 0% used [0x00000000fbd00000,0x00000000fbd00000,0x00000000ff280000)
 ParOldGen       total 382464K, used 276011K [0x00000000c2a00000, 0x00000000d9f80000, 0x00000000eb900000)
  object space 382464K, 72% used [0x00000000c2a00000,0x00000000d378ac98,0x00000000d9f80000)
 Metaspace       used 60627K, capacity 68566K, committed 68736K, reserved 1110016K
  class space    used 5052K, capacity 9070K, committed 9088K, reserved 1048576K
GC Heap History (10 events):
Event: 186.640 GC heap after
Heap after GC invocations=86 (full 6):
 PSYoungGen      total 244224K, used 0K [0x00000000eb900000, 0x00000000fef00000, 0x0000000100000000)
  eden space 177152K, 0% used [0x00000000eb900000,0x00000000eb900000,0x00000000f6600000)
  from space 67072K, 0% used [0x00000000fad80000,0x00000000fad80000,0x00000000fef00000)
  to   space 70144K, 0% used [0x00000000f6600000,0x00000000f6600000,0x00000000faa80000)
 ParOldGen       total 382464K, used 276003K [0x00000000c2a00000, 0x00000000d9f80000, 0x00000000eb900000)
  object space 382464K, 72% used [0x00000000c2a00000,0x00000000d3788c98,0x00000000d9f80000)
 Metaspace       used 50876K, capacity 56176K, committed 56320K, reserved 1097728K
  class space    used 4484K, capacity 7072K, committed 7168K, reserved 1048576K
}
Event: 188.149 GC heap before
{Heap before GC invocations=87 (full 6):
 PSYoungGen      total 244224K, used 177152K [0x00000000eb900000, 0x00000000fef00000, 0x0000000100000000)
  eden space 177152K, 100% used [0x00000000eb900000,0x00000000f6600000,0x00000000f6600000)
  from space 67072K, 0% used [0x00000000fad80000,0x00000000fad80000,0x00000000fef00000)
  to   space 70144K, 0% used [0x00000000f6600000,0x00000000f6600000,0x00000000faa80000)
 ParOldGen       total 382464K, used 276003K [0x00000000c2a00000, 0x00000000d9f80000, 0x00000000eb900000)
  object space 382464K, 72% used [0x00000000c2a00000,0x00000000d3788c98,0x00000000d9f80000)
 Metaspace       used 52613K, capacity 58358K, committed 58496K, reserved 1099776K
  class space    used 4586K, capacity 7430K, committed 7552K, reserved 1048576K
Event: 188.156 GC heap after
Heap after GC invocations=87 (full 6):
 PSYoungGen      total 247296K, used 8062K [0x00000000eb900000, 0x00000000ff900000, 0x0000000100000000)
  eden space 177152K, 0% used [0x00000000eb900000,0x00000000eb900000,0x00000000f6600000)
  from space 70144K, 11% used [0x00000000f6600000,0x00000000f6ddf878,0x00000000faa80000)
  to   space 68096K, 0% used [0x00000000fb680000,0x00000000fb680000,0x00000000ff900000)
 ParOldGen       total 382464K, used 276003K [0x00000000c2a00000, 0x00000000d9f80000, 0x00000000eb900000)
  object space 382464K, 72% used [0x00000000c2a00000,0x00000000d3788c98,0x00000000d9f80000)
 Metaspace       used 52613K, capacity 58358K, committed 58496K, reserved 1099776K
  class space    used 4586K, capacity 7430K, committed 7552K, reserved 1048576K
}
Event: 189.656 GC heap before
{Heap before GC invocations=88 (full 6):
 PSYoungGen      total 247296K, used 185214K [0x00000000eb900000, 0x00000000ff900000, 0x0000000100000000)
  eden space 177152K, 100% used [0x00000000eb900000,0x00000000f6600000,0x00000000f6600000)
  from space 70144K, 11% used [0x00000000f6600000,0x00000000f6ddf878,0x00000000faa80000)
  to   space 68096K, 0% used [0x00000000fb680000,0x00000000fb680000,0x00000000ff900000)
 ParOldGen       total 382464K, used 276003K [0x00000000c2a00000, 0x00000000d9f80000, 0x00000000eb900000)
  object space 382464K, 72% used [0x00000000c2a00000,0x00000000d3788c98,0x00000000d9f80000)
 Metaspace       used 54428K, capacity 60698K, committed 60800K, reserved 1101824K
  class space    used 4692K, capacity 7794K, committed 7808K, reserved 1048576K
Event: 189.669 GC heap after
Heap after GC invocations=88 (full 6):
 PSYoungGen      total 250368K, used 11476K [0x00000000eb900000, 0x00000000ff180000, 0x0000000100000000)
  eden space 189952K, 0% used [0x00000000eb900000,0x00000000eb900000,0x00000000f7280000)
  from space 60416K, 18% used [0x00000000fb680000,0x00000000fc1b5338,0x00000000ff180000)
  to   space 65024K, 0% used [0x00000000f7280000,0x00000000f7280000,0x00000000fb200000)
 ParOldGen       total 382464K, used 276003K [0x00000000c2a00000, 0x00000000d9f80000, 0x00000000eb900000)
  object space 382464K, 72% used [0x00000000c2a00000,0x00000000d3788c98,0x00000000d9f80000)
 Metaspace       used 54428K, capacity 60698K, committed 60800K, reserved 1101824K
  class space    used 4692K, capacity 7794K, committed 7808K, reserved 1048576K
}
Event: 190.963 GC heap before
{Heap before GC invocations=89 (full 6):
 PSYoungGen      total 250368K, used 201428K [0x00000000eb900000, 0x00000000ff180000, 0x0000000100000000)
  eden space 189952K, 100% used [0x00000000eb900000,0x00000000f7280000,0x00000000f7280000)
  from space 60416K, 18% used [0x00000000fb680000,0x00000000fc1b5338,0x00000000ff180000)
  to   space 65024K, 0% used [0x00000000f7280000,0x00000000f7280000,0x00000000fb200000)
 ParOldGen       total 382464K, used 276003K [0x00000000c2a00000, 0x00000000d9f80000, 0x00000000eb900000)
  object space 382464K, 72% used [0x00000000c2a00000,0x00000000d3788c98,0x00000000d9f80000)
 Metaspace       used 56524K, capacity 63302K, committed 63616K, reserved 1103872K
  class space    used 4814K, capacity 8230K, committed 8320K, reserved 1048576K
Event: 190.998 GC heap after
Heap after GC invocations=89 (full 6):
 PSYoungGen      total 254976K, used 16160K [0x00000000eb900000, 0x00000000ff900000, 0x0000000100000000)
  eden space 189952K, 0% used [0x00000000eb900000,0x00000000eb900000,0x00000000f7280000)
  from space 65024K, 24% used [0x00000000f7280000,0x00000000f8248008,0x00000000fb200000)
  to   space 61440K, 0% used [0x00000000fbd00000,0x00000000fbd00000,0x00000000ff900000)
 ParOldGen       total 382464K, used 276003K [0x00000000c2a00000, 0x00000000d9f80000, 0x00000000eb900000)
  object space 382464K, 72% used [0x00000000c2a00000,0x00000000d3788c98,0x00000000d9f80000)
 Metaspace       used 56524K, capacity 63302K, committed 63616K, reserved 1103872K
  class space    used 4814K, capacity 8230K, committed 8320K, reserved 1048576K
}
Event: 192.470 GC heap before
{Heap before GC invocations=90 (full 6):
 PSYoungGen      total 254976K, used 206112K [0x00000000eb900000, 0x00000000ff900000, 0x0000000100000000)
  eden space 189952K, 100% used [0x00000000eb900000,0x00000000f7280000,0x00000000f7280000)
  from space 65024K, 24% used [0x00000000f7280000,0x00000000f8248008,0x00000000fb200000)
  to   space 61440K, 0% used [0x00000000fbd00000,0x00000000fbd00000,0x00000000ff900000)
 ParOldGen       total 382464K, used 276003K [0x00000000c2a00000, 0x00000000d9f80000, 0x00000000eb900000)
  object space 382464K, 72% used [0x00000000c2a00000,0x00000000d3788c98,0x00000000d9f80000)
 Metaspace       used 58486K, capacity 65810K, committed 66048K, reserved 1105920K
  class space    used 4928K, capacity 8630K, committed 8704K, reserved 1048576K
Event: 192.507 GC heap after
Heap after GC invocations=90 (full 6):
 PSYoungGen      total 260096K, used 21507K [0x00000000eb900000, 0x00000000ff280000, 0x0000000100000000)
  eden space 205312K, 0% used [0x00000000eb900000,0x00000000eb900000,0x00000000f8180000)
  from space 54784K, 39% used [0x00000000fbd00000,0x00000000fd200ff8,0x00000000ff280000)
  to   space 57856K, 0% used [0x00000000f8180000,0x00000000f8180000,0x00000000fba00000)
 ParOldGen       total 382464K, used 276003K [0x00000000c2a00000, 0x00000000d9f80000, 0x00000000eb900000)
  object space 382464K, 72% used [0x00000000c2a00000,0x00000000d3788c98,0x00000000d9f80000)
 Metaspace       used 58486K, capacity 65810K, committed 66048K, reserved 1105920K
  class space    used 4928K, capacity 8630K, committed 8704K, reserved 1048576K
}
Event: 196.407 GC heap before
{Heap before GC invocations=91 (full 6):
 PSYoungGen      total 260096K, used 226819K [0x00000000eb900000, 0x00000000ff280000, 0x0000000100000000)
  eden space 205312K, 100% used [0x00000000eb900000,0x00000000f8180000,0x00000000f8180000)
  from space 54784K, 39% used [0x00000000fbd00000,0x00000000fd200ff8,0x00000000ff280000)
  to   space 57856K, 0% used [0x00000000f8180000,0x00000000f8180000,0x00000000fba00000)
 ParOldGen       total 382464K, used 276003K [0x00000000c2a00000, 0x00000000d9f80000, 0x00000000eb900000)
  object space 382464K, 72% used [0x00000000c2a00000,0x00000000d3788c98,0x00000000d9f80000)
 Metaspace       used 60627K, capacity 68566K, committed 68736K, reserved 1110016K
  class space    used 5052K, capacity 9070K, committed 9088K, reserved 1048576K

