# JRE version: Java(TM) SE Runtime Environment (8.0_201-b09) (build 1.8.0_201-b09)
# Java VM: Java HotSpot(TM) 64-Bit Server VM (25.201-b09 mixed mode linux-amd64 compressed oops)
Heap:
 PSYoungGen      total 34304K, used 4393K [0x00000000eb900000, 0x00000000ee200000, 0x0000000100000000)
  eden space 29184K, 0% used [0x00000000eb900000,0x00000000eb900000,0x00000000ed580000)
  from space 5120K, 85% used [0x00000000ed580000,0x00000000ed9ca7f0,0x00000000eda80000)
  to   space 2560K, 0% used [0x00000000eda80000,0x00000000eda80000,0x00000000edd00000)
 ParOldGen       total 42496K, used 10188K [0x00000000c2a00000, 0x00000000c5380000, 0x00000000eb900000)
  object space 42496K, 23% used [0x00000000c2a00000,0x00000000c33f3158,0x00000000c5380000)
 Metaspace       used 13508K, capacity 13838K, committed 13952K, reserved 1060864K
  class space    used 1554K, capacity 1657K, committed 1664K, reserved 1048576K
GC Heap History (10 events):
Event: 31.109 GC heap after
Heap after GC invocations=3 (full 1):
 PSYoungGen      total 18432K, used 2559K [0x00000000eb900000, 0x00000000ecd80000, 0x0000000100000000)
  eden space 15872K, 0% used [0x00000000eb900000,0x00000000eb900000,0x00000000ec880000)
  from space 2560K, 99% used [0x00000000ecb00000,0x00000000ecd7ff80,0x00000000ecd80000)
  to   space 2560K, 0% used [0x00000000ec880000,0x00000000ec880000,0x00000000ecb00000)
 ParOldGen       total 42496K, used 6049K [0x00000000c2a00000, 0x00000000c5380000, 0x00000000eb900000)
  object space 42496K, 14% used [0x00000000c2a00000,0x00000000c2fe8550,0x00000000c5380000)
 Metaspace       used 12971K, capacity 13378K, committed 13440K, reserved 1060864K
  class space    used 1542K, capacity 1655K, committed 1664K, reserved 1048576K
}
Event: 32.496 GC heap before
{Heap before GC invocations=4 (full 1):
 PSYoungGen      total 18432K, used 18431K [0x00000000eb900000, 0x00000000ecd80000, 0x0000000100000000)
  eden space 15872K, 100% used [0x00000000eb900000,0x00000000ec880000,0x00000000ec880000)
  from space 2560K, 99% used [0x00000000ecb00000,0x00000000ecd7ff80,0x00000000ecd80000)
  to   space 2560K, 0% used [0x00000000ec880000,0x00000000ec880000,0x00000000ecb00000)
 ParOldGen       total 42496K, used 6049K [0x00000000c2a00000, 0x00000000c5380000, 0x00000000eb900000)
  object space 42496K, 14% used [0x00000000c2a00000,0x00000000c2fe8550,0x00000000c5380000)
 Metaspace       used 13313K, capacity 13710K, committed 13952K, reserved 1060864K
  class space    used 1554K, capacity 1657K, committed 1664K, reserved 1048576K
Event: 32.513 GC heap after
Heap after GC invocations=4 (full 1):
 PSYoungGen      total 18432K, used 2559K [0x00000000eb900000, 0x00000000ecd80000, 0x0000000100000000)
  eden space 15872K, 0% used [0x00000000eb900000,0x00000000eb900000,0x00000000ec880000)
  from space 2560K, 99% used [0x00000000ec880000,0x00000000ecafff60,0x00000000ecb00000)
  to   space 2560K, 0% used [0x00000000ecb00000,0x00000000ecb00000,0x00000000ecd80000)
 ParOldGen       total 42496K, used 7070K [0x00000000c2a00000, 0x00000000c5380000, 0x00000000eb900000)
  object space 42496K, 16% used [0x00000000c2a00000,0x00000000c30e7ac8,0x00000000c5380000)
 Metaspace       used 13313K, capacity 13710K, committed 13952K, reserved 1060864K
  class space    used 1554K, capacity 1657K, committed 1664K, reserved 1048576K
}
Event: 33.051 GC heap before
{Heap before GC invocations=5 (full 1):
 PSYoungGen      total 18432K, used 18431K [0x00000000eb900000, 0x00000000ecd80000, 0x0000000100000000)
  eden space 15872K, 100% used [0x00000000eb900000,0x00000000ec880000,0x00000000ec880000)
  from space 2560K, 99% used [0x00000000ec880000,0x00000000ecafff60,0x00000000ecb00000)
  to   space 2560K, 0% used [0x00000000ecb00000,0x00000000ecb00000,0x00000000ecd80000)
 ParOldGen       total 42496K, used 7070K [0x00000000c2a00000, 0x00000000c5380000, 0x00000000eb900000)
  object space 42496K, 16% used [0x00000000c2a00000,0x00000000c30e7ac8,0x00000000c5380000)
 Metaspace       used 13375K, capacity 13774K, committed 13952K, reserved 1060864K
  class space    used 1554K, capacity 1657K, committed 1664K, reserved 1048576K
Event: 33.068 GC heap after
Heap after GC invocations=5 (full 1):
 PSYoungGen      total 18432K, used 2559K [0x00000000eb900000, 0x00000000edd00000, 0x0000000100000000)
  eden space 15872K, 0% used [0x00000000eb900000,0x00000000eb900000,0x00000000ec880000)
  from space 2560K, 99% used [0x00000000ecb00000,0x00000000ecd7ff60,0x00000000ecd80000)
  to   space 2560K, 0% used [0x00000000ec880000,0x00000000ec880000,0x00000000ecb00000)
 ParOldGen       total 42496K, used 8162K [0x00000000c2a00000, 0x00000000c5380000, 0x00000000eb900000)
  object space 42496K, 19% used [0x00000000c2a00000,0x00000000c31f8af8,0x00000000c5380000)
 Metaspace       used 13375K, capacity 13774K, committed 13952K, reserved 1060864K
  class space    used 1554K, capacity 1657K, committed 1664K, reserved 1048576K
}
Event: 33.618 GC heap before
{Heap before GC invocations=6 (full 1):
 PSYoungGen      total 18432K, used 18431K [0x00000000eb900000, 0x00000000edd00000, 0x0000000100000000)
  eden space 15872K, 100% used [0x00000000eb900000,0x00000000ec880000,0x00000000ec880000)
  from space 2560K, 99% used [0x00000000ecb00000,0x00000000ecd7ff60,0x00000000ecd80000)
  to   space 2560K, 0% used [0x00000000ec880000,0x00000000ec880000,0x00000000ecb00000)
 ParOldGen       total 42496K, used 8162K [0x00000000c2a00000, 0x00000000c5380000, 0x00000000eb900000)
  object space 42496K, 19% used [0x00000000c2a00000,0x00000000c31f8af8,0x00000000c5380000)
 Metaspace       used 13432K, capacity 13774K, committed 13952K, reserved 1060864K
  class space    used 1554K, capacity 1657K, committed 1664K, reserved 1048576K
Event: 33.622 GC heap after
Heap after GC invocations=6 (full 1):
 PSYoungGen      total 18432K, used 2543K [0x00000000eb900000, 0x00000000edd00000, 0x0000000100000000)
  eden space 15872K, 0% used [0x00000000eb900000,0x00000000eb900000,0x00000000ec880000)
  from space 2560K, 99% used [0x00000000ec880000,0x00000000ecafbfb0,0x00000000ecb00000)
  to   space 2560K, 0% used [0x00000000eda80000,0x00000000eda80000,0x00000000edd00000)
 ParOldGen       total 42496K, used 9262K [0x00000000c2a00000, 0x00000000c5380000, 0x00000000eb900000)
  object space 42496K, 21% used [0x00000000c2a00000,0x00000000c330bb18,0x00000000c5380000)
 Metaspace       used 13432K, capacity 13774K, committed 13952K, reserved 1060864K
  class space    used 1554K, capacity 1657K, committed 1664K, reserved 1048576K
}
Event: 34.211 GC heap before
{Heap before GC invocations=7 (full 1):
 PSYoungGen      total 18432K, used 18415K [0x00000000eb900000, 0x00000000edd00000, 0x0000000100000000)
  eden space 15872K, 100% used [0x00000000eb900000,0x00000000ec880000,0x00000000ec880000)
  from space 2560K, 99% used [0x00000000ec880000,0x00000000ecafbfb0,0x00000000ecb00000)
  to   space 2560K, 0% used [0x00000000eda80000,0x00000000eda80000,0x00000000edd00000)
 ParOldGen       total 42496K, used 9262K [0x00000000c2a00000, 0x00000000c5380000, 0x00000000eb900000)
  object space 42496K, 21% used [0x00000000c2a00000,0x00000000c330bb18,0x00000000c5380000)
 Metaspace       used 13463K, capacity 13838K, committed 13952K, reserved 1060864K
  class space    used 1554K, capacity 1657K, committed 1664K, reserved 1048576K
Event: 34.229 GC heap after
Heap after GC invocations=7 (full 1):
 PSYoungGen      total 31744K, used 2553K [0x00000000eb900000, 0x00000000ee200000, 0x0000000100000000)
  eden space 29184K, 0% used [0x00000000eb900000,0x00000000eb900000,0x00000000ed580000)
  from space 2560K, 99% used [0x00000000eda80000,0x00000000edcfe7a0,0x00000000edd00000)
  to   space 5120K, 0% used [0x00000000ed580000,0x00000000ed580000,0x00000000eda80000)
 ParOldGen       total 42496K, used 10188K [0x00000000c2a00000, 0x00000000c5380000, 0x00000000eb900000)
  object space 42496K, 23% used [0x00000000c2a00000,0x00000000c33f3158,0x00000000c5380000)
 Metaspace       used 13463K, capacity 13838K, committed 13952K, reserved 1060864K
  class space    used 1554K, capacity 1657K, committed 1664K, reserved 1048576K
}
Event: 34.952 GC heap before
{Heap before GC invocations=8 (full 1):
 PSYoungGen      total 31744K, used 31737K [0x00000000eb900000, 0x00000000ee200000, 0x0000000100000000)
  eden space 29184K, 100% used [0x00000000eb900000,0x00000000ed580000,0x00000000ed580000)
  from space 2560K, 99% used [0x00000000eda80000,0x00000000edcfe7a0,0x00000000edd00000)
  to   space 5120K, 0% used [0x00000000ed580000,0x00000000ed580000,0x00000000eda80000)
 ParOldGen       total 42496K, used 10188K [0x00000000c2a00000, 0x00000000c5380000, 0x00000000eb900000)
  object space 42496K, 23% used [0x00000000c2a00000,0x00000000c33f3158,0x00000000c5380000)
 Metaspace       used 13508K, capacity 13838K, committed 13952K, reserved 1060864K
  class space    used 1554K, capacity 1657K, committed 1664K, reserved 1048576K

