# JRE version: Java(TM) SE Runtime Environment (8.0_201-b09) (build 1.8.0_201-b09)
# Java VM: Java HotSpot(TM) 64-Bit Server VM (25.201-b09 mixed mode linux-amd64 compressed oops)
Heap:
 PSYoungGen      total 100352K, used 20849K [0x00000000eb900000, 0x00000000f3900000, 0x0000000100000000)
  eden space 92160K, 13% used [0x00000000eb900000,0x00000000ec5631d8,0x00000000f1300000)
  from space 8192K, 99% used [0x00000000f3100000,0x00000000f38f9288,0x00000000f3900000)
  to   space 10240K, 0% used [0x00000000f2500000,0x00000000f2500000,0x00000000f2f00000)
 ParOldGen       total 42496K, used 16370K [0x00000000c2a00000, 0x00000000c5380000, 0x00000000eb900000)
  object space 42496K, 38% used [0x00000000c2a00000,0x00000000c39fcbb8,0x00000000c5380000)
 Metaspace       used 14895K, capacity 15374K, committed 15616K, reserved 1062912K
  class space    used 1633K, capacity 1775K, committed 1792K, reserved 1048576K
GC Heap History (10 events):
Event: 48.922 GC heap before
{Heap before GC invocations=7 (full 1):
 PSYoungGen      total 18432K, used 18432K [0x00000000eb900000, 0x00000000edd00000, 0x0000000100000000)
  eden space 15872K, 100% used [0x00000000eb900000,0x00000000ec880000,0x00000000ec880000)
  from space 2560K, 100% used [0x00000000ec880000,0x00000000ecb00000,0x00000000ecb00000)
  to   space 2560K, 0% used [0x00000000eda80000,0x00000000eda80000,0x00000000edd00000)
 ParOldGen       total 42496K, used 6798K [0x00000000c2a00000, 0x00000000c5380000, 0x00000000eb900000)
  object space 42496K, 15% used [0x00000000c2a00000,0x00000000c30a3a10,0x00000000c5380000)
 Metaspace       used 13777K, capacity 14118K, committed 14336K, reserved 1062912K
  class space    used 1586K, capacity 1703K, committed 1792K, reserved 1048576K
Event: 48.945 GC heap after
Heap after GC invocations=7 (full 1):
 PSYoungGen      total 31744K, used 2560K [0x00000000eb900000, 0x00000000ee200000, 0x0000000100000000)
  eden space 29184K, 0% used [0x00000000eb900000,0x00000000eb900000,0x00000000ed580000)
  from space 2560K, 100% used [0x00000000eda80000,0x00000000edd00000,0x00000000edd00000)
  to   space 5120K, 0% used [0x00000000ed580000,0x00000000ed580000,0x00000000eda80000)
 ParOldGen       total 42496K, used 8058K [0x00000000c2a00000, 0x00000000c5380000, 0x00000000eb900000)
  object space 42496K, 18% used [0x00000000c2a00000,0x00000000c31deba0,0x00000000c5380000)
 Metaspace       used 13777K, capacity 14118K, committed 14336K, reserved 1062912K
  class space    used 1586K, capacity 1703K, committed 1792K, reserved 1048576K
}
Event: 49.572 GC heap before
{Heap before GC invocations=8 (full 1):
 PSYoungGen      total 31744K, used 31744K [0x00000000eb900000, 0x00000000ee200000, 0x0000000100000000)
  eden space 29184K, 100% used [0x00000000eb900000,0x00000000ed580000,0x00000000ed580000)
  from space 2560K, 100% used [0x00000000eda80000,0x00000000edd00000,0x00000000edd00000)
  to   space 5120K, 0% used [0x00000000ed580000,0x00000000ed580000,0x00000000eda80000)
 ParOldGen       total 42496K, used 8058K [0x00000000c2a00000, 0x00000000c5380000, 0x00000000eb900000)
  object space 42496K, 18% used [0x00000000c2a00000,0x00000000c31deba0,0x00000000c5380000)
 Metaspace       used 13851K, capacity 14246K, committed 14336K, reserved 1062912K
  class space    used 1586K, capacity 1703K, committed 1792K, reserved 1048576K
Event: 49.587 GC heap after
Heap after GC invocations=8 (full 1):
 PSYoungGen      total 34304K, used 4416K [0x00000000eb900000, 0x00000000efc00000, 0x0000000100000000)
  eden space 29184K, 0% used [0x00000000eb900000,0x00000000eb900000,0x00000000ed580000)
  from space 5120K, 86% used [0x00000000ed580000,0x00000000ed9d0010,0x00000000eda80000)
  to   space 5120K, 0% used [0x00000000ef700000,0x00000000ef700000,0x00000000efc00000)
 ParOldGen       total 42496K, used 8066K [0x00000000c2a00000, 0x00000000c5380000, 0x00000000eb900000)
  object space 42496K, 18% used [0x00000000c2a00000,0x00000000c31e0ba0,0x00000000c5380000)
 Metaspace       used 13851K, capacity 14246K, committed 14336K, reserved 1062912K
  class space    used 1586K, capacity 1703K, committed 1792K, reserved 1048576K
}
Event: 50.076 GC heap before
{Heap before GC invocations=9 (full 1):
 PSYoungGen      total 34304K, used 33600K [0x00000000eb900000, 0x00000000efc00000, 0x0000000100000000)
  eden space 29184K, 100% used [0x00000000eb900000,0x00000000ed580000,0x00000000ed580000)
  from space 5120K, 86% used [0x00000000ed580000,0x00000000ed9d0010,0x00000000eda80000)
  to   space 5120K, 0% used [0x00000000ef700000,0x00000000ef700000,0x00000000efc00000)
 ParOldGen       total 42496K, used 8066K [0x00000000c2a00000, 0x00000000c5380000, 0x00000000eb900000)
  object space 42496K, 18% used [0x00000000c2a00000,0x00000000c31e0ba0,0x00000000c5380000)
 Metaspace       used 13887K, capacity 14310K, committed 14592K, reserved 1062912K
  class space    used 1586K, capacity 1703K, committed 1792K, reserved 1048576K
Event: 50.106 GC heap after
Heap after GC invocations=9 (full 1):
 PSYoungGen      total 62464K, used 5088K [0x00000000eb900000, 0x00000000efe00000, 0x0000000100000000)
  eden space 57344K, 0% used [0x00000000eb900000,0x00000000eb900000,0x00000000ef100000)
  from space 5120K, 99% used [0x00000000ef700000,0x00000000efbf81d0,0x00000000efc00000)
  to   space 6144K, 0% used [0x00000000ef100000,0x00000000ef100000,0x00000000ef700000)
 ParOldGen       total 42496K, used 9312K [0x00000000c2a00000, 0x00000000c5380000, 0x00000000eb900000)
  object space 42496K, 21% used [0x00000000c2a00000,0x00000000c3318200,0x00000000c5380000)
 Metaspace       used 13887K, capacity 14310K, committed 14592K, reserved 1062912K
  class space    used 1586K, capacity 1703K, committed 1792K, reserved 1048576K
}
Event: 52.001 GC heap before
{Heap before GC invocations=10 (full 1):
 PSYoungGen      total 62464K, used 62432K [0x00000000eb900000, 0x00000000efe00000, 0x0000000100000000)
  eden space 57344K, 100% used [0x00000000eb900000,0x00000000ef100000,0x00000000ef100000)
  from space 5120K, 99% used [0x00000000ef700000,0x00000000efbf81d0,0x00000000efc00000)
  to   space 6144K, 0% used [0x00000000ef100000,0x00000000ef100000,0x00000000ef700000)
 ParOldGen       total 42496K, used 9312K [0x00000000c2a00000, 0x00000000c5380000, 0x00000000eb900000)
  object space 42496K, 21% used [0x00000000c2a00000,0x00000000c3318200,0x00000000c5380000)
 Metaspace       used 13925K, capacity 14310K, committed 14592K, reserved 1062912K
  class space    used 1586K, capacity 1703K, committed 1792K, reserved 1048576K
Event: 52.084 GC heap after
Heap after GC invocations=10 (full 1):
 PSYoungGen      total 63488K, used 6136K [0x00000000eb900000, 0x00000000f3900000, 0x0000000100000000)
  eden space 57344K, 0% used [0x00000000eb900000,0x00000000eb900000,0x00000000ef100000)
  from space 6144K, 99% used [0x00000000ef100000,0x00000000ef6fe1a8,0x00000000ef700000)
  to   space 8192K, 0% used [0x00000000f3100000,0x00000000f3100000,0x00000000f3900000)
 ParOldGen       total 42496K, used 12520K [0x00000000c2a00000, 0x00000000c5380000, 0x00000000eb900000)
  object space 42496K, 29% used [0x00000000c2a00000,0x00000000c363a360,0x00000000c5380000)
 Metaspace       used 13925K, capacity 14310K, committed 14592K, reserved 1062912K
  class space    used 1586K, capacity 1703K, committed 1792K, reserved 1048576K
}
Event: 55.377 GC heap before
{Heap before GC invocations=11 (full 1):
 PSYoungGen      total 63488K, used 63480K [0x00000000eb900000, 0x00000000f3900000, 0x0000000100000000)
  eden space 57344K, 100% used [0x00000000eb900000,0x00000000ef100000,0x00000000ef100000)
  from space 6144K, 99% used [0x00000000ef100000,0x00000000ef6fe1a8,0x00000000ef700000)
  to   space 8192K, 0% used [0x00000000f3100000,0x00000000f3100000,0x00000000f3900000)
 ParOldGen       total 42496K, used 12520K [0x00000000c2a00000, 0x00000000c5380000, 0x00000000eb900000)
  object space 42496K, 29% used [0x00000000c2a00000,0x00000000c363a360,0x00000000c5380000)
 Metaspace       used 14841K, capacity 15274K, committed 15360K, reserved 1062912K
  class space    used 1629K, capacity 1769K, committed 1792K, reserved 1048576K
Event: 55.464 GC heap after
Heap after GC invocations=11 (full 1):
 PSYoungGen      total 100352K, used 8164K [0x00000000eb900000, 0x00000000f3900000, 0x0000000100000000)
  eden space 92160K, 0% used [0x00000000eb900000,0x00000000eb900000,0x00000000f1300000)
  from space 8192K, 99% used [0x00000000f3100000,0x00000000f38f9288,0x00000000f3900000)
  to   space 10240K, 0% used [0x00000000f2500000,0x00000000f2500000,0x00000000f2f00000)
 ParOldGen       total 42496K, used 16370K [0x00000000c2a00000, 0x00000000c5380000, 0x00000000eb900000)
  object space 42496K, 38% used [0x00000000c2a00000,0x00000000c39fcbb8,0x00000000c5380000)
 Metaspace       used 14841K, capacity 15274K, committed 15360K, reserved 1062912K
  class space    used 1629K, capacity 1769K, committed 1792K, reserved 1048576K
}

