# JRE version: Java(TM) SE Runtime Environment (8.0_201-b09) (build 1.8.0_201-b09)
# Java VM: Java HotSpot(TM) 64-Bit Server VM (25.201-b09 mixed mode linux-amd64 compressed oops)
Heap:
 PSYoungGen      total 297472K, used 129871K [0x00000000eb900000, 0x00000000ffa00000, 0x0000000100000000)
  eden space 266240K, 44% used [0x00000000eb900000,0x00000000f2c83f40,0x00000000fbd00000)
  from space 31232K, 37% used [0x00000000fdb80000,0x00000000fe6d0000,0x00000000ffa00000)
  to   space 31232K, 0% used [0x00000000fbd00000,0x00000000fbd00000,0x00000000fdb80000)
 ParOldGen       total 130560K, used 112566K [0x00000000c2a00000, 0x00000000ca980000, 0x00000000eb900000)
  object space 130560K, 86% used [0x00000000c2a00000,0x00000000c97eda28,0x00000000ca980000)
 Metaspace       used 24154K, capacity 24934K, committed 25088K, reserved 1071104K
  class space    used 2532K, capacity 2745K, committed 2816K, reserved 1048576K
GC Heap History (10 events):
Event: 63.340 GC heap before
{Heap before GC invocations=29 (full 3):
 PSYoungGen      total 250368K, used 250368K [0x00000000eb900000, 0x00000000ffd00000, 0x0000000100000000)
  eden space 247808K, 100% used [0x00000000eb900000,0x00000000fab00000,0x00000000fab00000)
  from space 2560K, 100% used [0x00000000fab00000,0x00000000fad80000,0x00000000fad80000)
  to   space 41472K, 0% used [0x00000000fd480000,0x00000000fd480000,0x00000000ffd00000)
 ParOldGen       total 130560K, used 112542K [0x00000000c2a00000, 0x00000000ca980000, 0x00000000eb900000)
  object space 130560K, 86% used [0x00000000c2a00000,0x00000000c97e7a28,0x00000000ca980000)
 Metaspace       used 24002K, capacity 24762K, committed 25088K, reserved 1071104K
  class space    used 2522K, capacity 2727K, committed 2816K, reserved 1048576K
Event: 63.360 GC heap after
Heap after GC invocations=29 (full 3):
 PSYoungGen      total 291840K, used 6400K [0x00000000eb900000, 0x0000000100000000, 0x0000000100000000)
  eden space 250368K, 0% used [0x00000000eb900000,0x00000000eb900000,0x00000000fad80000)
  from space 41472K, 15% used [0x00000000fd480000,0x00000000fdac0000,0x00000000ffd00000)
  to   space 39936K, 0% used [0x00000000fad80000,0x00000000fad80000,0x00000000fd480000)
 ParOldGen       total 130560K, used 112542K [0x00000000c2a00000, 0x00000000ca980000, 0x00000000eb900000)
  object space 130560K, 86% used [0x00000000c2a00000,0x00000000c97e7a28,0x00000000ca980000)
 Metaspace       used 24002K, capacity 24762K, committed 25088K, reserved 1071104K
  class space    used 2522K, capacity 2727K, committed 2816K, reserved 1048576K
}
Event: 64.650 GC heap before
{Heap before GC invocations=30 (full 3):
 PSYoungGen      total 291840K, used 256768K [0x00000000eb900000, 0x0000000100000000, 0x0000000100000000)
  eden space 250368K, 100% used [0x00000000eb900000,0x00000000fad80000,0x00000000fad80000)
  from space 41472K, 15% used [0x00000000fd480000,0x00000000fdac0000,0x00000000ffd00000)
  to   space 39936K, 0% used [0x00000000fad80000,0x00000000fad80000,0x00000000fd480000)
 ParOldGen       total 130560K, used 112542K [0x00000000c2a00000, 0x00000000ca980000, 0x00000000eb900000)
  object space 130560K, 86% used [0x00000000c2a00000,0x00000000c97e7a28,0x00000000ca980000)
 Metaspace       used 24042K, capacity 24792K, committed 25088K, reserved 1071104K
  class space    used 2525K, capacity 2732K, committed 2816K, reserved 1048576K
Event: 64.687 GC heap after
Heap after GC invocations=30 (full 3):
 PSYoungGen      total 290304K, used 8608K [0x00000000eb900000, 0x00000000ff980000, 0x0000000100000000)
  eden space 250368K, 0% used [0x00000000eb900000,0x00000000eb900000,0x00000000fad80000)
  from space 39936K, 21% used [0x00000000fad80000,0x00000000fb5e8000,0x00000000fd480000)
  to   space 37376K, 0% used [0x00000000fd500000,0x00000000fd500000,0x00000000ff980000)
 ParOldGen       total 130560K, used 112550K [0x00000000c2a00000, 0x00000000ca980000, 0x00000000eb900000)
  object space 130560K, 86% used [0x00000000c2a00000,0x00000000c97e9a28,0x00000000ca980000)
 Metaspace       used 24042K, capacity 24792K, committed 25088K, reserved 1071104K
  class space    used 2525K, capacity 2732K, committed 2816K, reserved 1048576K
}
Event: 65.914 GC heap before
{Heap before GC invocations=31 (full 3):
 PSYoungGen      total 290304K, used 258976K [0x00000000eb900000, 0x00000000ff980000, 0x0000000100000000)
  eden space 250368K, 100% used [0x00000000eb900000,0x00000000fad80000,0x00000000fad80000)
  from space 39936K, 21% used [0x00000000fad80000,0x00000000fb5e8000,0x00000000fd480000)
  to   space 37376K, 0% used [0x00000000fd500000,0x00000000fd500000,0x00000000ff980000)
 ParOldGen       total 130560K, used 112550K [0x00000000c2a00000, 0x00000000ca980000, 0x00000000eb900000)
  object space 130560K, 86% used [0x00000000c2a00000,0x00000000c97e9a28,0x00000000ca980000)
 Metaspace       used 24071K, capacity 24828K, committed 25088K, reserved 1071104K
  class space    used 2528K, capacity 2738K, committed 2816K, reserved 1048576K
Event: 65.956 GC heap after
Heap after GC invocations=31 (full 3):
 PSYoungGen      total 292352K, used 9728K [0x00000000eb900000, 0x00000000ff880000, 0x0000000100000000)
  eden space 256000K, 0% used [0x00000000eb900000,0x00000000eb900000,0x00000000fb300000)
  from space 36352K, 26% used [0x00000000fd500000,0x00000000fde80000,0x00000000ff880000)
  to   space 34816K, 0% used [0x00000000fb300000,0x00000000fb300000,0x00000000fd500000)
 ParOldGen       total 130560K, used 112550K [0x00000000c2a00000, 0x00000000ca980000, 0x00000000eb900000)
  object space 130560K, 86% used [0x00000000c2a00000,0x00000000c97e9a28,0x00000000ca980000)
 Metaspace       used 24071K, capacity 24828K, committed 25088K, reserved 1071104K
  class space    used 2528K, capacity 2738K, committed 2816K, reserved 1048576K
}
Event: 67.881 GC heap before
{Heap before GC invocations=32 (full 3):
 PSYoungGen      total 292352K, used 265728K [0x00000000eb900000, 0x00000000ff880000, 0x0000000100000000)
  eden space 256000K, 100% used [0x00000000eb900000,0x00000000fb300000,0x00000000fb300000)
  from space 36352K, 26% used [0x00000000fd500000,0x00000000fde80000,0x00000000ff880000)
  to   space 34816K, 0% used [0x00000000fb300000,0x00000000fb300000,0x00000000fd500000)
 ParOldGen       total 130560K, used 112550K [0x00000000c2a00000, 0x00000000ca980000, 0x00000000eb900000)
  object space 130560K, 86% used [0x00000000c2a00000,0x00000000c97e9a28,0x00000000ca980000)
 Metaspace       used 24148K, capacity 24928K, committed 25088K, reserved 1071104K
  class space    used 2531K, capacity 2744K, committed 2816K, reserved 1048576K
Event: 67.962 GC heap after
Heap after GC invocations=32 (full 3):
 PSYoungGen      total 290816K, used 13536K [0x00000000eb900000, 0x00000000ffc80000, 0x0000000100000000)
  eden space 256000K, 0% used [0x00000000eb900000,0x00000000eb900000,0x00000000fb300000)
  from space 34816K, 38% used [0x00000000fb300000,0x00000000fc038000,0x00000000fd500000)
  to   space 33792K, 0% used [0x00000000fdb80000,0x00000000fdb80000,0x00000000ffc80000)
 ParOldGen       total 130560K, used 112558K [0x00000000c2a00000, 0x00000000ca980000, 0x00000000eb900000)
  object space 130560K, 86% used [0x00000000c2a00000,0x00000000c97eba28,0x00000000ca980000)
 Metaspace       used 24148K, capacity 24928K, committed 25088K, reserved 1071104K
  class space    used 2531K, capacity 2744K, committed 2816K, reserved 1048576K
}
Event: 70.746 GC heap before
{Heap before GC invocations=33 (full 3):
 PSYoungGen      total 290816K, used 269536K [0x00000000eb900000, 0x00000000ffc80000, 0x0000000100000000)
  eden space 256000K, 100% used [0x00000000eb900000,0x00000000fb300000,0x00000000fb300000)
  from space 34816K, 38% used [0x00000000fb300000,0x00000000fc038000,0x00000000fd500000)
  to   space 33792K, 0% used [0x00000000fdb80000,0x00000000fdb80000,0x00000000ffc80000)
 ParOldGen       total 130560K, used 112558K [0x00000000c2a00000, 0x00000000ca980000, 0x00000000eb900000)
  object space 130560K, 86% used [0x00000000c2a00000,0x00000000c97eba28,0x00000000ca980000)
 Metaspace       used 24154K, capacity 24934K, committed 25088K, reserved 1071104K
  class space    used 2532K, capacity 2745K, committed 2816K, reserved 1048576K
Event: 71.016 GC heap after
Heap after GC invocations=33 (full 3):
 PSYoungGen      total 297472K, used 11584K [0x00000000eb900000, 0x00000000ffa00000, 0x0000000100000000)
  eden space 266240K, 0% used [0x00000000eb900000,0x00000000eb900000,0x00000000fbd00000)
  from space 31232K, 37% used [0x00000000fdb80000,0x00000000fe6d0000,0x00000000ffa00000)
  to   space 31232K, 0% used [0x00000000fbd00000,0x00000000fbd00000,0x00000000fdb80000)
 ParOldGen       total 130560K, used 112566K [0x00000000c2a00000, 0x00000000ca980000, 0x00000000eb900000)
  object space 130560K, 86% used [0x00000000c2a00000,0x00000000c97eda28,0x00000000ca980000)
 Metaspace       used 24154K, capacity 24934K, committed 25088K, reserved 1071104K
  class space    used 2532K, capacity 2745K, committed 2816K, reserved 1048576K
}

