# JRE version: Java(TM) SE Runtime Environment (8.0_201-b09) (build 1.8.0_201-b09)
# Java VM: Java HotSpot(TM) 64-Bit Server VM (25.201-b09 mixed mode linux-amd64 compressed oops)
Heap:
 PSYoungGen      total 223232K, used 168448K [0x00000000eb900000, 0x00000000fcf00000, 0x0000000100000000)
  eden space 203264K, 76% used [0x00000000eb900000,0x00000000f4fe01b8,0x00000000f7f80000)
  from space 19968K, 69% used [0x00000000f7f80000,0x00000000f8d20000,0x00000000f9300000)
  to   space 20992K, 0% used [0x00000000fba80000,0x00000000fba80000,0x00000000fcf00000)
 ParOldGen       total 62464K, used 30010K [0x00000000c2a00000, 0x00000000c6700000, 0x00000000eb900000)
  object space 62464K, 48% used [0x00000000c2a00000,0x00000000c474e9a8,0x00000000c6700000)
 Metaspace       used 23772K, capacity 24430K, committed 24576K, reserved 1071104K
  class space    used 2555K, capacity 2727K, committed 2816K, reserved 1048576K
GC Heap History (10 events):
Event: 14.127 GC heap before
{Heap before GC invocations=11 (full 2):
 PSYoungGen      total 125440K, used 14816K [0x00000000eb900000, 0x00000000fb800000, 0x0000000100000000)
  eden space 110592K, 0% used [0x00000000eb900000,0x00000000eb900000,0x00000000f2500000)
  from space 14848K, 99% used [0x00000000f2500000,0x00000000f33780a0,0x00000000f3380000)
  to   space 19968K, 0% used [0x00000000fa480000,0x00000000fa480000,0x00000000fb800000)
 ParOldGen       total 42496K, used 27798K [0x00000000c2a00000, 0x00000000c5380000, 0x00000000eb900000)
  object space 42496K, 65% used [0x00000000c2a00000,0x00000000c4525a10,0x00000000c5380000)
 Metaspace       used 20741K, capacity 21078K, committed 21248K, reserved 1069056K
  class space    used 2377K, capacity 2501K, committed 2560K, reserved 1048576K
Event: 14.527 GC heap after
Heap after GC invocations=11 (full 2):
 PSYoungGen      total 125440K, used 0K [0x00000000eb900000, 0x00000000fb800000, 0x0000000100000000)
  eden space 110592K, 0% used [0x00000000eb900000,0x00000000eb900000,0x00000000f2500000)
  from space 14848K, 0% used [0x00000000f2500000,0x00000000f2500000,0x00000000f3380000)
  to   space 19968K, 0% used [0x00000000fa480000,0x00000000fa480000,0x00000000fb800000)
 ParOldGen       total 62464K, used 29978K [0x00000000c2a00000, 0x00000000c6700000, 0x00000000eb900000)
  object space 62464K, 47% used [0x00000000c2a00000,0x00000000c47469a8,0x00000000c6700000)
 Metaspace       used 20741K, capacity 21078K, committed 21248K, reserved 1069056K
  class space    used 2377K, capacity 2501K, committed 2560K, reserved 1048576K
}
Event: 18.867 GC heap before
{Heap before GC invocations=12 (full 2):
 PSYoungGen      total 125440K, used 110592K [0x00000000eb900000, 0x00000000fb800000, 0x0000000100000000)
  eden space 110592K, 100% used [0x00000000eb900000,0x00000000f2500000,0x00000000f2500000)
  from space 14848K, 0% used [0x00000000f2500000,0x00000000f2500000,0x00000000f3380000)
  to   space 19968K, 0% used [0x00000000fa480000,0x00000000fa480000,0x00000000fb800000)
 ParOldGen       total 62464K, used 29978K [0x00000000c2a00000, 0x00000000c6700000, 0x00000000eb900000)
  object space 62464K, 47% used [0x00000000c2a00000,0x00000000c47469a8,0x00000000c6700000)
 Metaspace       used 22387K, capacity 22890K, committed 23168K, reserved 1069056K
  class space    used 2484K, capacity 2641K, committed 2688K, reserved 1048576K
Event: 18.888 GC heap after
Heap after GC invocations=12 (full 2):
 PSYoungGen      total 141824K, used 4297K [0x00000000eb900000, 0x00000000fa900000, 0x0000000100000000)
  eden space 137216K, 0% used [0x00000000eb900000,0x00000000eb900000,0x00000000f3f00000)
  from space 4608K, 93% used [0x00000000fa480000,0x00000000fa8b24e8,0x00000000fa900000)
  to   space 19968K, 0% used [0x00000000f8200000,0x00000000f8200000,0x00000000f9580000)
 ParOldGen       total 62464K, used 29986K [0x00000000c2a00000, 0x00000000c6700000, 0x00000000eb900000)
  object space 62464K, 48% used [0x00000000c2a00000,0x00000000c47489a8,0x00000000c6700000)
 Metaspace       used 22387K, capacity 22890K, committed 23168K, reserved 1069056K
  class space    used 2484K, capacity 2641K, committed 2688K, reserved 1048576K
}
Event: 25.002 GC heap before
{Heap before GC invocations=13 (full 2):
 PSYoungGen      total 141824K, used 141513K [0x00000000eb900000, 0x00000000fa900000, 0x0000000100000000)
  eden space 137216K, 100% used [0x00000000eb900000,0x00000000f3f00000,0x00000000f3f00000)
  from space 4608K, 93% used [0x00000000fa480000,0x00000000fa8b24e8,0x00000000fa900000)
  to   space 19968K, 0% used [0x00000000f8200000,0x00000000f8200000,0x00000000f9580000)
 ParOldGen       total 62464K, used 29986K [0x00000000c2a00000, 0x00000000c6700000, 0x00000000eb900000)
  object space 62464K, 48% used [0x00000000c2a00000,0x00000000c47489a8,0x00000000c6700000)
 Metaspace       used 23144K, capacity 23786K, committed 24064K, reserved 1071104K
  class space    used 2531K, capacity 2705K, committed 2816K, reserved 1048576K
Event: 25.093 GC heap after
Heap after GC invocations=13 (full 2):
 PSYoungGen      total 177152K, used 8256K [0x00000000eb900000, 0x00000000fa500000, 0x0000000100000000)
  eden space 168448K, 0% used [0x00000000eb900000,0x00000000eb900000,0x00000000f5d80000)
  from space 8704K, 94% used [0x00000000f8200000,0x00000000f8a10000,0x00000000f8a80000)
  to   space 18432K, 0% used [0x00000000f9300000,0x00000000f9300000,0x00000000fa500000)
 ParOldGen       total 62464K, used 29994K [0x00000000c2a00000, 0x00000000c6700000, 0x00000000eb900000)
  object space 62464K, 48% used [0x00000000c2a00000,0x00000000c474a9a8,0x00000000c6700000)
 Metaspace       used 23144K, capacity 23786K, committed 24064K, reserved 1071104K
  class space    used 2531K, capacity 2705K, committed 2816K, reserved 1048576K
}
Event: 30.382 GC heap before
{Heap before GC invocations=14 (full 2):
 PSYoungGen      total 177152K, used 176704K [0x00000000eb900000, 0x00000000fa500000, 0x0000000100000000)
  eden space 168448K, 100% used [0x00000000eb900000,0x00000000f5d80000,0x00000000f5d80000)
  from space 8704K, 94% used [0x00000000f8200000,0x00000000f8a10000,0x00000000f8a80000)
  to   space 18432K, 0% used [0x00000000f9300000,0x00000000f9300000,0x00000000fa500000)
 ParOldGen       total 62464K, used 29994K [0x00000000c2a00000, 0x00000000c6700000, 0x00000000eb900000)
  object space 62464K, 48% used [0x00000000c2a00000,0x00000000c474a9a8,0x00000000c6700000)
 Metaspace       used 23504K, capacity 24090K, committed 24320K, reserved 1071104K
  class space    used 2546K, capacity 2713K, committed 2816K, reserved 1048576K
Event: 30.424 GC heap after
Heap after GC invocations=14 (full 2):
 PSYoungGen      total 221696K, used 14080K [0x00000000eb900000, 0x00000000fa680000, 0x0000000100000000)
  eden space 203264K, 0% used [0x00000000eb900000,0x00000000eb900000,0x00000000f7f80000)
  from space 18432K, 76% used [0x00000000f9300000,0x00000000fa0c0000,0x00000000fa500000)
  to   space 19968K, 0% used [0x00000000f7f80000,0x00000000f7f80000,0x00000000f9300000)
 ParOldGen       total 62464K, used 30002K [0x00000000c2a00000, 0x00000000c6700000, 0x00000000eb900000)
  object space 62464K, 48% used [0x00000000c2a00000,0x00000000c474c9a8,0x00000000c6700000)
 Metaspace       used 23504K, capacity 24090K, committed 24320K, reserved 1071104K
  class space    used 2546K, capacity 2713K, committed 2816K, reserved 1048576K
}
Event: 36.183 GC heap before
{Heap before GC invocations=15 (full 2):
 PSYoungGen      total 221696K, used 217344K [0x00000000eb900000, 0x00000000fa680000, 0x0000000100000000)
  eden space 203264K, 100% used [0x00000000eb900000,0x00000000f7f80000,0x00000000f7f80000)
  from space 18432K, 76% used [0x00000000f9300000,0x00000000fa0c0000,0x00000000fa500000)
  to   space 19968K, 0% used [0x00000000f7f80000,0x00000000f7f80000,0x00000000f9300000)
 ParOldGen       total 62464K, used 30002K [0x00000000c2a00000, 0x00000000c6700000, 0x00000000eb900000)
  object space 62464K, 48% used [0x00000000c2a00000,0x00000000c474c9a8,0x00000000c6700000)
 Metaspace       used 23652K, capacity 24312K, committed 24576K, reserved 1071104K
  class space    used 2550K, capacity 2718K, committed 2816K, reserved 1048576K
Event: 36.240 GC heap after
Heap after GC invocations=15 (full 2):
 PSYoungGen      total 223232K, used 13952K [0x00000000eb900000, 0x00000000fcf00000, 0x0000000100000000)
  eden space 203264K, 0% used [0x00000000eb900000,0x00000000eb900000,0x00000000f7f80000)
  from space 19968K, 69% used [0x00000000f7f80000,0x00000000f8d20000,0x00000000f9300000)
  to   space 20992K, 0% used [0x00000000fba80000,0x00000000fba80000,0x00000000fcf00000)
 ParOldGen       total 62464K, used 30010K [0x00000000c2a00000, 0x00000000c6700000, 0x00000000eb900000)
  object space 62464K, 48% used [0x00000000c2a00000,0x00000000c474e9a8,0x00000000c6700000)
 Metaspace       used 23652K, capacity 24312K, committed 24576K, reserved 1071104K
  class space    used 2550K, capacity 2718K, committed 2816K, reserved 1048576K
}

