# JRE version: Java(TM) SE Runtime Environment (8.0_201-b09) (build 1.8.0_201-b09)
# Java VM: Java HotSpot(TM) 64-Bit Server VM (25.201-b09 mixed mode linux-amd64 compressed oops)
Heap:
 PSYoungGen      total 18432K, used 7352K [0x00000000eb900000, 0x00000000ecf00000, 0x0000000100000000)
  eden space 14336K, 30% used [0x00000000eb900000,0x00000000ebd563b0,0x00000000ec700000)
  from space 4096K, 71% used [0x00000000ec700000,0x00000000ec9d8020,0x00000000ecb00000)
  to   space 4096K, 0% used [0x00000000ecb00000,0x00000000ecb00000,0x00000000ecf00000)
 ParOldGen       total 42496K, used 3995K [0x00000000c2a00000, 0x00000000c5380000, 0x00000000eb900000)
  object space 42496K, 9% used [0x00000000c2a00000,0x00000000c2de6f00,0x00000000c5380000)
 Metaspace       used 14446K, capacity 14938K, committed 15232K, reserved 1062912K
  class space    used 1661K, capacity 1803K, committed 1920K, reserved 1048576K
GC Heap History (10 events):
Event: 23.347 GC heap before
{Heap before GC invocations=4 (full 1):
 PSYoungGen      total 18432K, used 15872K [0x00000000eb900000, 0x00000000ecd80000, 0x0000000100000000)
  eden space 15872K, 100% used [0x00000000eb900000,0x00000000ec880000,0x00000000ec880000)
  from space 2560K, 0% used [0x00000000ecb00000,0x00000000ecb00000,0x00000000ecd80000)
  to   space 2560K, 0% used [0x00000000ec880000,0x00000000ec880000,0x00000000ecb00000)
 ParOldGen       total 42496K, used 2676K [0x00000000c2a00000, 0x00000000c5380000, 0x00000000eb900000)
  object space 42496K, 6% used [0x00000000c2a00000,0x00000000c2c9d3d8,0x00000000c5380000)
 Metaspace       used 13377K, capacity 13742K, committed 14080K, reserved 1060864K
  class space    used 1563K, capacity 1668K, committed 1792K, reserved 1048576K
Event: 23.354 GC heap after
Heap after GC invocations=4 (full 1):
 PSYoungGen      total 18432K, used 2532K [0x00000000eb900000, 0x00000000ecd80000, 0x0000000100000000)
  eden space 15872K, 0% used [0x00000000eb900000,0x00000000eb900000,0x00000000ec880000)
  from space 2560K, 98% used [0x00000000ec880000,0x00000000ecaf9150,0x00000000ecb00000)
  to   space 2560K, 0% used [0x00000000ecb00000,0x00000000ecb00000,0x00000000ecd80000)
 ParOldGen       total 42496K, used 3543K [0x00000000c2a00000, 0x00000000c5380000, 0x00000000eb900000)
  object space 42496K, 8% used [0x00000000c2a00000,0x00000000c2d75e10,0x00000000c5380000)
 Metaspace       used 13377K, capacity 13742K, committed 14080K, reserved 1060864K
  class space    used 1563K, capacity 1668K, committed 1792K, reserved 1048576K
}
Event: 24.706 GC heap before
{Heap before GC invocations=5 (full 1):
 PSYoungGen      total 18432K, used 18404K [0x00000000eb900000, 0x00000000ecd80000, 0x0000000100000000)
  eden space 15872K, 100% used [0x00000000eb900000,0x00000000ec880000,0x00000000ec880000)
  from space 2560K, 98% used [0x00000000ec880000,0x00000000ecaf9150,0x00000000ecb00000)
  to   space 2560K, 0% used [0x00000000ecb00000,0x00000000ecb00000,0x00000000ecd80000)
 ParOldGen       total 42496K, used 3543K [0x00000000c2a00000, 0x00000000c5380000, 0x00000000eb900000)
  object space 42496K, 8% used [0x00000000c2a00000,0x00000000c2d75e10,0x00000000c5380000)
 Metaspace       used 13500K, capacity 13870K, committed 14080K, reserved 1060864K
  class space    used 1566K, capacity 1668K, committed 1792K, reserved 1048576K
Event: 24.710 GC heap after
Heap after GC invocations=5 (full 1):
 PSYoungGen      total 18432K, used 2112K [0x00000000eb900000, 0x00000000ecd80000, 0x0000000100000000)
  eden space 15872K, 0% used [0x00000000eb900000,0x00000000eb900000,0x00000000ec880000)
  from space 2560K, 82% used [0x00000000ecb00000,0x00000000ecd10000,0x00000000ecd80000)
  to   space 2560K, 0% used [0x00000000ec880000,0x00000000ec880000,0x00000000ecb00000)
 ParOldGen       total 42496K, used 3543K [0x00000000c2a00000, 0x00000000c5380000, 0x00000000eb900000)
  object space 42496K, 8% used [0x00000000c2a00000,0x00000000c2d75e10,0x00000000c5380000)
 Metaspace       used 13500K, capacity 13870K, committed 14080K, reserved 1060864K
  class space    used 1566K, capacity 1668K, committed 1792K, reserved 1048576K
}
Event: 25.217 GC heap before
{Heap before GC invocations=6 (full 1):
 PSYoungGen      total 18432K, used 17984K [0x00000000eb900000, 0x00000000ecd80000, 0x0000000100000000)
  eden space 15872K, 100% used [0x00000000eb900000,0x00000000ec880000,0x00000000ec880000)
  from space 2560K, 82% used [0x00000000ecb00000,0x00000000ecd10000,0x00000000ecd80000)
  to   space 2560K, 0% used [0x00000000ec880000,0x00000000ec880000,0x00000000ecb00000)
 ParOldGen       total 42496K, used 3543K [0x00000000c2a00000, 0x00000000c5380000, 0x00000000eb900000)
  object space 42496K, 8% used [0x00000000c2a00000,0x00000000c2d75e10,0x00000000c5380000)
 Metaspace       used 13551K, capacity 13940K, committed 14080K, reserved 1060864K
  class space    used 1566K, capacity 1669K, committed 1792K, reserved 1048576K
Event: 25.228 GC heap after
Heap after GC invocations=6 (full 1):
 PSYoungGen      total 18432K, used 2352K [0x00000000eb900000, 0x00000000ecd80000, 0x0000000100000000)
  eden space 15872K, 0% used [0x00000000eb900000,0x00000000eb900000,0x00000000ec880000)
  from space 2560K, 91% used [0x00000000ec880000,0x00000000ecacc010,0x00000000ecb00000)
  to   space 2560K, 0% used [0x00000000ecb00000,0x00000000ecb00000,0x00000000ecd80000)
 ParOldGen       total 42496K, used 3551K [0x00000000c2a00000, 0x00000000c5380000, 0x00000000eb900000)
  object space 42496K, 8% used [0x00000000c2a00000,0x00000000c2d77e10,0x00000000c5380000)
 Metaspace       used 13551K, capacity 13940K, committed 14080K, reserved 1060864K
  class space    used 1566K, capacity 1669K, committed 1792K, reserved 1048576K
}
Event: 26.269 GC heap before
{Heap before GC invocations=7 (full 1):
 PSYoungGen      total 18432K, used 18224K [0x00000000eb900000, 0x00000000ecd80000, 0x0000000100000000)
  eden space 15872K, 100% used [0x00000000eb900000,0x00000000ec880000,0x00000000ec880000)
  from space 2560K, 91% used [0x00000000ec880000,0x00000000ecacc010,0x00000000ecb00000)
  to   space 2560K, 0% used [0x00000000ecb00000,0x00000000ecb00000,0x00000000ecd80000)
 ParOldGen       total 42496K, used 3551K [0x00000000c2a00000, 0x00000000c5380000, 0x00000000eb900000)
  object space 42496K, 8% used [0x00000000c2a00000,0x00000000c2d77e10,0x00000000c5380000)
 Metaspace       used 14090K, capacity 14636K, committed 14848K, reserved 1062912K
  class space    used 1632K, capacity 1758K, committed 1792K, reserved 1048576K
Event: 26.281 GC heap after
Heap after GC invocations=7 (full 1):
 PSYoungGen      total 16896K, used 2528K [0x00000000eb900000, 0x00000000ed080000, 0x0000000100000000)
  eden space 14336K, 0% used [0x00000000eb900000,0x00000000eb900000,0x00000000ec700000)
  from space 2560K, 98% used [0x00000000ecb00000,0x00000000ecd78020,0x00000000ecd80000)
  to   space 4096K, 0% used [0x00000000ec700000,0x00000000ec700000,0x00000000ecb00000)
 ParOldGen       total 42496K, used 3987K [0x00000000c2a00000, 0x00000000c5380000, 0x00000000eb900000)
  object space 42496K, 9% used [0x00000000c2a00000,0x00000000c2de4f00,0x00000000c5380000)
 Metaspace       used 14090K, capacity 14636K, committed 14848K, reserved 1062912K
  class space    used 1632K, capacity 1758K, committed 1792K, reserved 1048576K
}
Event: 40.274 GC heap before
{Heap before GC invocations=8 (full 1):
 PSYoungGen      total 16896K, used 16864K [0x00000000eb900000, 0x00000000ed080000, 0x0000000100000000)
  eden space 14336K, 100% used [0x00000000eb900000,0x00000000ec700000,0x00000000ec700000)
  from space 2560K, 98% used [0x00000000ecb00000,0x00000000ecd78020,0x00000000ecd80000)
  to   space 4096K, 0% used [0x00000000ec700000,0x00000000ec700000,0x00000000ecb00000)
 ParOldGen       total 42496K, used 3987K [0x00000000c2a00000, 0x00000000c5380000, 0x00000000eb900000)
  object space 42496K, 9% used [0x00000000c2a00000,0x00000000c2de4f00,0x00000000c5380000)
 Metaspace       used 14404K, capacity 14874K, committed 15232K, reserved 1062912K
  class space    used 1659K, capacity 1803K, committed 1920K, reserved 1048576K
Event: 40.359 GC heap after
Heap after GC invocations=8 (full 1):
 PSYoungGen      total 18432K, used 2912K [0x00000000eb900000, 0x00000000ecf00000, 0x0000000100000000)
  eden space 14336K, 0% used [0x00000000eb900000,0x00000000eb900000,0x00000000ec700000)
  from space 4096K, 71% used [0x00000000ec700000,0x00000000ec9d8020,0x00000000ecb00000)
  to   space 4096K, 0% used [0x00000000ecb00000,0x00000000ecb00000,0x00000000ecf00000)
 ParOldGen       total 42496K, used 3995K [0x00000000c2a00000, 0x00000000c5380000, 0x00000000eb900000)
  object space 42496K, 9% used [0x00000000c2a00000,0x00000000c2de6f00,0x00000000c5380000)
 Metaspace       used 14404K, capacity 14874K, committed 15232K, reserved 1062912K
  class space    used 1659K, capacity 1803K, committed 1920K, reserved 1048576K
}

