# JRE version: Java(TM) SE Runtime Environment (8.0_201-b09) (build 1.8.0_201-b09)
# Java VM: Java HotSpot(TM) 64-Bit Server VM (25.201-b09 mixed mode linux-amd64 compressed oops)
Heap:
 PSYoungGen      total 248832K, used 61509K [0x00000000eb900000, 0x00000000ff600000, 0x0000000100000000)
  eden space 229888K, 19% used [0x00000000eb900000,0x00000000ee445740,0x00000000f9980000)
  from space 18944K, 90% used [0x00000000fae80000,0x00000000fbf4c030,0x00000000fc100000)
  to   space 21504K, 0% used [0x00000000f9980000,0x00000000f9980000,0x00000000fae80000)
 ParOldGen       total 74240K, used 39770K [0x00000000c2a00000, 0x00000000c7280000, 0x00000000eb900000)
  object space 74240K, 53% used [0x00000000c2a00000,0x00000000c50d6a60,0x00000000c7280000)
 Metaspace       used 22995K, capacity 23700K, committed 23936K, reserved 1071104K
  class space    used 2470K, capacity 2662K, committed 2688K, reserved 1048576K
GC Heap History (10 events):
Event: 11.656 GC heap before
{Heap before GC invocations=10 (full 1):
 PSYoungGen      total 125952K, used 125952K [0x00000000eb900000, 0x00000000f4100000, 0x0000000100000000)
  eden space 118784K, 100% used [0x00000000eb900000,0x00000000f2d00000,0x00000000f2d00000)
  from space 7168K, 100% used [0x00000000f3600000,0x00000000f3d00000,0x00000000f3d00000)
  to   space 9216K, 0% used [0x00000000f2d00000,0x00000000f2d00000,0x00000000f3600000)
 ParOldGen       total 42496K, used 14872K [0x00000000c2a00000, 0x00000000c5380000, 0x00000000eb900000)
  object space 42496K, 34% used [0x00000000c2a00000,0x00000000c38863d0,0x00000000c5380000)
 Metaspace       used 19066K, capacity 19322K, committed 19712K, reserved 1067008K
  class space    used 2135K, capacity 2226K, committed 2304K, reserved 1048576K
Event: 11.785 GC heap after
Heap after GC invocations=10 (full 1):
 PSYoungGen      total 128000K, used 9184K [0x00000000eb900000, 0x00000000fc400000, 0x0000000100000000)
  eden space 118784K, 0% used [0x00000000eb900000,0x00000000eb900000,0x00000000f2d00000)
  from space 9216K, 99% used [0x00000000f2d00000,0x00000000f35f8030,0x00000000f3600000)
  to   space 17920K, 0% used [0x00000000fb280000,0x00000000fb280000,0x00000000fc400000)
 ParOldGen       total 42496K, used 32700K [0x00000000c2a00000, 0x00000000c5380000, 0x00000000eb900000)
  object space 42496K, 76% used [0x00000000c2a00000,0x00000000c49ef078,0x00000000c5380000)
 Metaspace       used 19066K, capacity 19322K, committed 19712K, reserved 1067008K
  class space    used 2135K, capacity 2226K, committed 2304K, reserved 1048576K
}
Event: 14.623 GC heap before
{Heap before GC invocations=11 (full 1):
 PSYoungGen      total 128000K, used 103568K [0x00000000eb900000, 0x00000000fc400000, 0x0000000100000000)
  eden space 118784K, 79% used [0x00000000eb900000,0x00000000f152c320,0x00000000f2d00000)
  from space 9216K, 99% used [0x00000000f2d00000,0x00000000f35f8030,0x00000000f3600000)
  to   space 17920K, 0% used [0x00000000fb280000,0x00000000fb280000,0x00000000fc400000)
 ParOldGen       total 42496K, used 32700K [0x00000000c2a00000, 0x00000000c5380000, 0x00000000eb900000)
  object space 42496K, 76% used [0x00000000c2a00000,0x00000000c49ef078,0x00000000c5380000)
 Metaspace       used 20719K, capacity 21086K, committed 21248K, reserved 1069056K
  class space    used 2286K, capacity 2435K, committed 2560K, reserved 1048576K
Event: 14.697 GC heap after
Heap after GC invocations=11 (full 1):
 PSYoungGen      total 205824K, used 14960K [0x00000000eb900000, 0x00000000fc180000, 0x0000000100000000)
  eden space 190464K, 0% used [0x00000000eb900000,0x00000000eb900000,0x00000000f7300000)
  from space 15360K, 97% used [0x00000000fb280000,0x00000000fc11c070,0x00000000fc180000)
  to   space 19456K, 0% used [0x00000000f9b80000,0x00000000f9b80000,0x00000000fae80000)
 ParOldGen       total 42496K, used 35892K [0x00000000c2a00000, 0x00000000c5380000, 0x00000000eb900000)
  object space 42496K, 84% used [0x00000000c2a00000,0x00000000c4d0d138,0x00000000c5380000)
 Metaspace       used 20719K, capacity 21086K, committed 21248K, reserved 1069056K
  class space    used 2286K, capacity 2435K, committed 2560K, reserved 1048576K
}
Event: 14.697 GC heap before
{Heap before GC invocations=12 (full 2):
 PSYoungGen      total 205824K, used 14960K [0x00000000eb900000, 0x00000000fc180000, 0x0000000100000000)
  eden space 190464K, 0% used [0x00000000eb900000,0x00000000eb900000,0x00000000f7300000)
  from space 15360K, 97% used [0x00000000fb280000,0x00000000fc11c070,0x00000000fc180000)
  to   space 19456K, 0% used [0x00000000f9b80000,0x00000000f9b80000,0x00000000fae80000)
 ParOldGen       total 42496K, used 35892K [0x00000000c2a00000, 0x00000000c5380000, 0x00000000eb900000)
  object space 42496K, 84% used [0x00000000c2a00000,0x00000000c4d0d138,0x00000000c5380000)
 Metaspace       used 20719K, capacity 21086K, committed 21248K, reserved 1069056K
  class space    used 2286K, capacity 2435K, committed 2560K, reserved 1048576K
Event: 15.349 GC heap after
Heap after GC invocations=12 (full 2):
 PSYoungGen      total 205824K, used 0K [0x00000000eb900000, 0x00000000fc180000, 0x0000000100000000)
  eden space 190464K, 0% used [0x00000000eb900000,0x00000000eb900000,0x00000000f7300000)
  from space 15360K, 0% used [0x00000000fb280000,0x00000000fb280000,0x00000000fc180000)
  to   space 19456K, 0% used [0x00000000f9b80000,0x00000000f9b80000,0x00000000fae80000)
 ParOldGen       total 74240K, used 39754K [0x00000000c2a00000, 0x00000000c7280000, 0x00000000eb900000)
  object space 74240K, 53% used [0x00000000c2a00000,0x00000000c50d2a60,0x00000000c7280000)
 Metaspace       used 20719K, capacity 21086K, committed 21248K, reserved 1069056K
  class space    used 2286K, capacity 2435K, committed 2560K, reserved 1048576K
}
Event: 19.079 GC heap before
{Heap before GC invocations=13 (full 2):
 PSYoungGen      total 205824K, used 190464K [0x00000000eb900000, 0x00000000fc180000, 0x0000000100000000)
  eden space 190464K, 100% used [0x00000000eb900000,0x00000000f7300000,0x00000000f7300000)
  from space 15360K, 0% used [0x00000000fb280000,0x00000000fb280000,0x00000000fc180000)
  to   space 19456K, 0% used [0x00000000f9b80000,0x00000000f9b80000,0x00000000fae80000)
 ParOldGen       total 74240K, used 39754K [0x00000000c2a00000, 0x00000000c7280000, 0x00000000eb900000)
  object space 74240K, 53% used [0x00000000c2a00000,0x00000000c50d2a60,0x00000000c7280000)
 Metaspace       used 22208K, capacity 22626K, committed 22784K, reserved 1069056K
  class space    used 2405K, capacity 2541K, committed 2560K, reserved 1048576K
Event: 19.095 GC heap after
Heap after GC invocations=13 (full 2):
 PSYoungGen      total 251392K, used 4965K [0x00000000eb900000, 0x00000000fc100000, 0x0000000100000000)
  eden space 231936K, 0% used [0x00000000eb900000,0x00000000eb900000,0x00000000f9b80000)
  from space 19456K, 25% used [0x00000000f9b80000,0x00000000fa0594a8,0x00000000fae80000)
  to   space 18944K, 0% used [0x00000000fae80000,0x00000000fae80000,0x00000000fc100000)
 ParOldGen       total 74240K, used 39762K [0x00000000c2a00000, 0x00000000c7280000, 0x00000000eb900000)
  object space 74240K, 53% used [0x00000000c2a00000,0x00000000c50d4a60,0x00000000c7280000)
 Metaspace       used 22208K, capacity 22626K, committed 22784K, reserved 1069056K
  class space    used 2405K, capacity 2541K, committed 2560K, reserved 1048576K
}
Event: 24.768 GC heap before
{Heap before GC invocations=14 (full 2):
 PSYoungGen      total 251392K, used 236901K [0x00000000eb900000, 0x00000000fc100000, 0x0000000100000000)
  eden space 231936K, 100% used [0x00000000eb900000,0x00000000f9b80000,0x00000000f9b80000)
  from space 19456K, 25% used [0x00000000f9b80000,0x00000000fa0594a8,0x00000000fae80000)
  to   space 18944K, 0% used [0x00000000fae80000,0x00000000fae80000,0x00000000fc100000)
 ParOldGen       total 74240K, used 39762K [0x00000000c2a00000, 0x00000000c7280000, 0x00000000eb900000)
  object space 74240K, 53% used [0x00000000c2a00000,0x00000000c50d4a60,0x00000000c7280000)
 Metaspace       used 22983K, capacity 23636K, committed 23680K, reserved 1071104K
  class space    used 2470K, capacity 2662K, committed 2688K, reserved 1048576K
Event: 24.901 GC heap after
Heap after GC invocations=14 (full 2):
 PSYoungGen      total 248832K, used 17200K [0x00000000eb900000, 0x00000000ff600000, 0x0000000100000000)
  eden space 229888K, 0% used [0x00000000eb900000,0x00000000eb900000,0x00000000f9980000)
  from space 18944K, 90% used [0x00000000fae80000,0x00000000fbf4c030,0x00000000fc100000)
  to   space 21504K, 0% used [0x00000000f9980000,0x00000000f9980000,0x00000000fae80000)
 ParOldGen       total 74240K, used 39770K [0x00000000c2a00000, 0x00000000c7280000, 0x00000000eb900000)
  object space 74240K, 53% used [0x00000000c2a00000,0x00000000c50d6a60,0x00000000c7280000)
 Metaspace       used 22983K, capacity 23636K, committed 23680K, reserved 1071104K
  class space    used 2470K, capacity 2662K, committed 2688K, reserved 1048576K
}

