# JRE version: Java(TM) SE Runtime Environment (8.0_201-b09) (build 1.8.0_201-b09)
# Java VM: Java HotSpot(TM) 64-Bit Server VM (25.201-b09 mixed mode linux-amd64 compressed oops)
Heap:
 PSYoungGen      total 18432K, used 14675K [0x00000000eb900000, 0x00000000ecf80000, 0x0000000100000000)
  eden space 13824K, 89% used [0x00000000eb900000,0x00000000ec51cf68,0x00000000ec680000)
  from space 4608K, 49% used [0x00000000ec680000,0x00000000ec8b8000,0x00000000ecb00000)
  to   space 4608K, 0% used [0x00000000ecb00000,0x00000000ecb00000,0x00000000ecf80000)
 ParOldGen       total 42496K, used 3583K [0x00000000c2a00000, 0x00000000c5380000, 0x00000000eb900000)
  object space 42496K, 8% used [0x00000000c2a00000,0x00000000c2d7fc28,0x00000000c5380000)
 Metaspace       used 14201K, capacity 14638K, committed 14848K, reserved 1062912K
  class space    used 1627K, capacity 1767K, committed 1792K, reserved 1048576K
GC Heap History (10 events):
Event: 18.711 GC heap before
{Heap before GC invocations=4 (full 1):
 PSYoungGen      total 18432K, used 15872K [0x00000000eb900000, 0x00000000ecd80000, 0x0000000100000000)
  eden space 15872K, 100% used [0x00000000eb900000,0x00000000ec880000,0x00000000ec880000)
  from space 2560K, 0% used [0x00000000ecb00000,0x00000000ecb00000,0x00000000ecd80000)
  to   space 2560K, 0% used [0x00000000ec880000,0x00000000ec880000,0x00000000ecb00000)
 ParOldGen       total 42496K, used 2597K [0x00000000c2a00000, 0x00000000c5380000, 0x00000000eb900000)
  object space 42496K, 6% used [0x00000000c2a00000,0x00000000c2c89468,0x00000000c5380000)
 Metaspace       used 13500K, capacity 13898K, committed 14080K, reserved 1060864K
  class space    used 1590K, capacity 1710K, committed 1792K, reserved 1048576K
Event: 18.723 GC heap after
Heap after GC invocations=4 (full 1):
 PSYoungGen      total 18432K, used 2545K [0x00000000eb900000, 0x00000000ecd80000, 0x0000000100000000)
  eden space 15872K, 0% used [0x00000000eb900000,0x00000000eb900000,0x00000000ec880000)
  from space 2560K, 99% used [0x00000000ec880000,0x00000000ecafc780,0x00000000ecb00000)
  to   space 2560K, 0% used [0x00000000ecb00000,0x00000000ecb00000,0x00000000ecd80000)
 ParOldGen       total 42496K, used 3567K [0x00000000c2a00000, 0x00000000c5380000, 0x00000000eb900000)
  object space 42496K, 8% used [0x00000000c2a00000,0x00000000c2d7bc28,0x00000000c5380000)
 Metaspace       used 13500K, capacity 13898K, committed 14080K, reserved 1060864K
  class space    used 1590K, capacity 1710K, committed 1792K, reserved 1048576K
}
Event: 19.369 GC heap before
{Heap before GC invocations=5 (full 1):
 PSYoungGen      total 18432K, used 18417K [0x00000000eb900000, 0x00000000ecd80000, 0x0000000100000000)
  eden space 15872K, 100% used [0x00000000eb900000,0x00000000ec880000,0x00000000ec880000)
  from space 2560K, 99% used [0x00000000ec880000,0x00000000ecafc780,0x00000000ecb00000)
  to   space 2560K, 0% used [0x00000000ecb00000,0x00000000ecb00000,0x00000000ecd80000)
 ParOldGen       total 42496K, used 3567K [0x00000000c2a00000, 0x00000000c5380000, 0x00000000eb900000)
  object space 42496K, 8% used [0x00000000c2a00000,0x00000000c2d7bc28,0x00000000c5380000)
 Metaspace       used 13590K, capacity 14032K, committed 14336K, reserved 1062912K
  class space    used 1591K, capacity 1711K, committed 1792K, reserved 1048576K
Event: 19.373 GC heap after
Heap after GC invocations=5 (full 1):
 PSYoungGen      total 18432K, used 1728K [0x00000000eb900000, 0x00000000ecd80000, 0x0000000100000000)
  eden space 15872K, 0% used [0x00000000eb900000,0x00000000eb900000,0x00000000ec880000)
  from space 2560K, 67% used [0x00000000ecb00000,0x00000000eccb0020,0x00000000ecd80000)
  to   space 2560K, 0% used [0x00000000ec880000,0x00000000ec880000,0x00000000ecb00000)
 ParOldGen       total 42496K, used 3567K [0x00000000c2a00000, 0x00000000c5380000, 0x00000000eb900000)
  object space 42496K, 8% used [0x00000000c2a00000,0x00000000c2d7bc28,0x00000000c5380000)
 Metaspace       used 13590K, capacity 14032K, committed 14336K, reserved 1062912K
  class space    used 1591K, capacity 1711K, committed 1792K, reserved 1048576K
}
Event: 26.004 GC heap before
{Heap before GC invocations=6 (full 1):
 PSYoungGen      total 18432K, used 17600K [0x00000000eb900000, 0x00000000ecd80000, 0x0000000100000000)
  eden space 15872K, 100% used [0x00000000eb900000,0x00000000ec880000,0x00000000ec880000)
  from space 2560K, 67% used [0x00000000ecb00000,0x00000000eccb0020,0x00000000ecd80000)
  to   space 2560K, 0% used [0x00000000ec880000,0x00000000ec880000,0x00000000ecb00000)
 ParOldGen       total 42496K, used 3567K [0x00000000c2a00000, 0x00000000c5380000, 0x00000000eb900000)
  object space 42496K, 8% used [0x00000000c2a00000,0x00000000c2d7bc28,0x00000000c5380000)
 Metaspace       used 14087K, capacity 14554K, committed 14592K, reserved 1062912K
  class space    used 1625K, capacity 1765K, committed 1792K, reserved 1048576K
Event: 26.010 GC heap after
Heap after GC invocations=6 (full 1):
 PSYoungGen      total 18432K, used 2304K [0x00000000eb900000, 0x00000000ecd80000, 0x0000000100000000)
  eden space 15872K, 0% used [0x00000000eb900000,0x00000000eb900000,0x00000000ec880000)
  from space 2560K, 90% used [0x00000000ec880000,0x00000000ecac0000,0x00000000ecb00000)
  to   space 2560K, 0% used [0x00000000ecb00000,0x00000000ecb00000,0x00000000ecd80000)
 ParOldGen       total 42496K, used 3567K [0x00000000c2a00000, 0x00000000c5380000, 0x00000000eb900000)
  object space 42496K, 8% used [0x00000000c2a00000,0x00000000c2d7bc28,0x00000000c5380000)
 Metaspace       used 14087K, capacity 14554K, committed 14592K, reserved 1062912K
  class space    used 1625K, capacity 1765K, committed 1792K, reserved 1048576K
}
Event: 36.912 GC heap before
{Heap before GC invocations=7 (full 1):
 PSYoungGen      total 18432K, used 18176K [0x00000000eb900000, 0x00000000ecd80000, 0x0000000100000000)
  eden space 15872K, 100% used [0x00000000eb900000,0x00000000ec880000,0x00000000ec880000)
  from space 2560K, 90% used [0x00000000ec880000,0x00000000ecac0000,0x00000000ecb00000)
  to   space 2560K, 0% used [0x00000000ecb00000,0x00000000ecb00000,0x00000000ecd80000)
 ParOldGen       total 42496K, used 3567K [0x00000000c2a00000, 0x00000000c5380000, 0x00000000eb900000)
  object space 42496K, 8% used [0x00000000c2a00000,0x00000000c2d7bc28,0x00000000c5380000)
 Metaspace       used 14146K, capacity 14570K, committed 14848K, reserved 1062912K
  class space    used 1627K, capacity 1767K, committed 1792K, reserved 1048576K
Event: 36.925 GC heap after
Heap after GC invocations=7 (full 1):
 PSYoungGen      total 16384K, used 2352K [0x00000000eb900000, 0x00000000ed180000, 0x0000000100000000)
  eden space 13824K, 0% used [0x00000000eb900000,0x00000000eb900000,0x00000000ec680000)
  from space 2560K, 91% used [0x00000000ecb00000,0x00000000ecd4c010,0x00000000ecd80000)
  to   space 4608K, 0% used [0x00000000ec680000,0x00000000ec680000,0x00000000ecb00000)
 ParOldGen       total 42496K, used 3575K [0x00000000c2a00000, 0x00000000c5380000, 0x00000000eb900000)
  object space 42496K, 8% used [0x00000000c2a00000,0x00000000c2d7dc28,0x00000000c5380000)
 Metaspace       used 14146K, capacity 14570K, committed 14848K, reserved 1062912K
  class space    used 1627K, capacity 1767K, committed 1792K, reserved 1048576K
}
Event: 49.169 GC heap before
{Heap before GC invocations=8 (full 1):
 PSYoungGen      total 16384K, used 16176K [0x00000000eb900000, 0x00000000ed180000, 0x0000000100000000)
  eden space 13824K, 100% used [0x00000000eb900000,0x00000000ec680000,0x00000000ec680000)
  from space 2560K, 91% used [0x00000000ecb00000,0x00000000ecd4c010,0x00000000ecd80000)
  to   space 4608K, 0% used [0x00000000ec680000,0x00000000ec680000,0x00000000ecb00000)
 ParOldGen       total 42496K, used 3575K [0x00000000c2a00000, 0x00000000c5380000, 0x00000000eb900000)
  object space 42496K, 8% used [0x00000000c2a00000,0x00000000c2d7dc28,0x00000000c5380000)
 Metaspace       used 14163K, capacity 14638K, committed 14848K, reserved 1062912K
  class space    used 1627K, capacity 1767K, committed 1792K, reserved 1048576K
Event: 49.229 GC heap after
Heap after GC invocations=8 (full 1):
 PSYoungGen      total 18432K, used 2272K [0x00000000eb900000, 0x00000000ecf80000, 0x0000000100000000)
  eden space 13824K, 0% used [0x00000000eb900000,0x00000000eb900000,0x00000000ec680000)
  from space 4608K, 49% used [0x00000000ec680000,0x00000000ec8b8000,0x00000000ecb00000)
  to   space 4608K, 0% used [0x00000000ecb00000,0x00000000ecb00000,0x00000000ecf80000)
 ParOldGen       total 42496K, used 3583K [0x00000000c2a00000, 0x00000000c5380000, 0x00000000eb900000)
  object space 42496K, 8% used [0x00000000c2a00000,0x00000000c2d7fc28,0x00000000c5380000)
 Metaspace       used 14163K, capacity 14638K, committed 14848K, reserved 1062912K
  class space    used 1627K, capacity 1767K, committed 1792K, reserved 1048576K
}

