# JRE version: Java(TM) SE Runtime Environment (8.0_201-b09) (build 1.8.0_201-b09)
# Java VM: Java HotSpot(TM) 64-Bit Server VM (25.201-b09 mixed mode linux-amd64 compressed oops)
Heap:
 PSYoungGen      total 263680K, used 27120K [0x00000000eb900000, 0x00000000fee80000, 0x0000000100000000)
  eden space 234496K, 0% used [0x00000000eb900000,0x00000000eb900000,0x00000000f9e00000)
  from space 29184K, 92% used [0x00000000f9e00000,0x00000000fb87c010,0x00000000fba80000)
  to   space 24576K, 0% used [0x00000000fba80000,0x00000000fba80000,0x00000000fd280000)
 ParOldGen       total 131584K, used 81335K [0x00000000c2a00000, 0x00000000caa80000, 0x00000000eb900000)
  object space 131584K, 61% used [0x00000000c2a00000,0x00000000c796df98,0x00000000caa80000)
 Metaspace       used 27102K, capacity 27754K, committed 28032K, reserved 1073152K
  class space    used 3204K, capacity 3393K, committed 3456K, reserved 1048576K
GC Heap History (10 events):
Event: 41.731 GC heap after
Heap after GC invocations=19 (full 2):
 PSYoungGen      total 220672K, used 9104K [0x00000000eb900000, 0x00000000fcf80000, 0x0000000100000000)
  eden space 194560K, 0% used [0x00000000eb900000,0x00000000eb900000,0x00000000f7700000)
  from space 26112K, 34% used [0x00000000f7700000,0x00000000f7fe4010,0x00000000f9080000)
  to   space 24576K, 0% used [0x00000000fb780000,0x00000000fb780000,0x00000000fcf80000)
 ParOldGen       total 74752K, used 70366K [0x00000000c2a00000, 0x00000000c7300000, 0x00000000eb900000)
  object space 74752K, 94% used [0x00000000c2a00000,0x00000000c6eb78f8,0x00000000c7300000)
 Metaspace       used 26897K, capacity 27608K, committed 27776K, reserved 1073152K
  class space    used 3202K, capacity 3390K, committed 3456K, reserved 1048576K
}
Event: 41.731 GC heap before
{Heap before GC invocations=20 (full 3):
 PSYoungGen      total 220672K, used 9104K [0x00000000eb900000, 0x00000000fcf80000, 0x0000000100000000)
  eden space 194560K, 0% used [0x00000000eb900000,0x00000000eb900000,0x00000000f7700000)
  from space 26112K, 34% used [0x00000000f7700000,0x00000000f7fe4010,0x00000000f9080000)
  to   space 24576K, 0% used [0x00000000fb780000,0x00000000fb780000,0x00000000fcf80000)
 ParOldGen       total 74752K, used 70366K [0x00000000c2a00000, 0x00000000c7300000, 0x00000000eb900000)
  object space 74752K, 94% used [0x00000000c2a00000,0x00000000c6eb78f8,0x00000000c7300000)
 Metaspace       used 26897K, capacity 27608K, committed 27776K, reserved 1073152K
  class space    used 3202K, capacity 3390K, committed 3456K, reserved 1048576K
Event: 43.354 GC heap after
Heap after GC invocations=20 (full 3):
 PSYoungGen      total 220672K, used 0K [0x00000000eb900000, 0x00000000fcf80000, 0x0000000100000000)
  eden space 194560K, 0% used [0x00000000eb900000,0x00000000eb900000,0x00000000f7700000)
  from space 26112K, 0% used [0x00000000f7700000,0x00000000f7700000,0x00000000f9080000)
  to   space 24576K, 0% used [0x00000000fb780000,0x00000000fb780000,0x00000000fcf80000)
 ParOldGen       total 131584K, used 71662K [0x00000000c2a00000, 0x00000000caa80000, 0x00000000eb900000)
  object space 131584K, 54% used [0x00000000c2a00000,0x00000000c6ffba18,0x00000000caa80000)
 Metaspace       used 26893K, capacity 27602K, committed 27776K, reserved 1073152K
  class space    used 3201K, capacity 3389K, committed 3456K, reserved 1048576K
}
Event: 45.380 GC heap before
{Heap before GC invocations=21 (full 3):
 PSYoungGen      total 220672K, used 194560K [0x00000000eb900000, 0x00000000fcf80000, 0x0000000100000000)
  eden space 194560K, 100% used [0x00000000eb900000,0x00000000f7700000,0x00000000f7700000)
  from space 26112K, 0% used [0x00000000f7700000,0x00000000f7700000,0x00000000f9080000)
  to   space 24576K, 0% used [0x00000000fb780000,0x00000000fb780000,0x00000000fcf80000)
 ParOldGen       total 131584K, used 71662K [0x00000000c2a00000, 0x00000000caa80000, 0x00000000eb900000)
  object space 131584K, 54% used [0x00000000c2a00000,0x00000000c6ffba18,0x00000000caa80000)
 Metaspace       used 26916K, capacity 27608K, committed 27776K, reserved 1073152K
  class space    used 3202K, capacity 3390K, committed 3456K, reserved 1048576K
Event: 45.418 GC heap after
Heap after GC invocations=21 (full 3):
 PSYoungGen      total 228352K, used 11104K [0x00000000eb900000, 0x00000000fc280000, 0x0000000100000000)
  eden space 217088K, 0% used [0x00000000eb900000,0x00000000eb900000,0x00000000f8d00000)
  from space 11264K, 98% used [0x00000000fb780000,0x00000000fc258000,0x00000000fc280000)
  to   space 23552K, 0% used [0x00000000f9480000,0x00000000f9480000,0x00000000fab80000)
 ParOldGen       total 131584K, used 71670K [0x00000000c2a00000, 0x00000000caa80000, 0x00000000eb900000)
  object space 131584K, 54% used [0x00000000c2a00000,0x00000000c6ffda18,0x00000000caa80000)
 Metaspace       used 26916K, capacity 27608K, committed 27776K, reserved 1073152K
  class space    used 3202K, capacity 3390K, committed 3456K, reserved 1048576K
}
Event: 49.929 GC heap before
{Heap before GC invocations=22 (full 3):
 PSYoungGen      total 228352K, used 228192K [0x00000000eb900000, 0x00000000fc280000, 0x0000000100000000)
  eden space 217088K, 100% used [0x00000000eb900000,0x00000000f8d00000,0x00000000f8d00000)
  from space 11264K, 98% used [0x00000000fb780000,0x00000000fc258000,0x00000000fc280000)
  to   space 23552K, 0% used [0x00000000f9480000,0x00000000f9480000,0x00000000fab80000)
 ParOldGen       total 131584K, used 71670K [0x00000000c2a00000, 0x00000000caa80000, 0x00000000eb900000)
  object space 131584K, 54% used [0x00000000c2a00000,0x00000000c6ffda18,0x00000000caa80000)
 Metaspace       used 26951K, capacity 27608K, committed 27776K, reserved 1073152K
  class space    used 3202K, capacity 3390K, committed 3456K, reserved 1048576K
Event: 49.961 GC heap after
Heap after GC invocations=22 (full 3):
 PSYoungGen      total 248320K, used 16736K [0x00000000eb900000, 0x00000000fd280000, 0x0000000100000000)
  eden space 224768K, 0% used [0x00000000eb900000,0x00000000eb900000,0x00000000f9480000)
  from space 23552K, 71% used [0x00000000f9480000,0x00000000fa4d8020,0x00000000fab80000)
  to   space 24576K, 0% used [0x00000000fba80000,0x00000000fba80000,0x00000000fd280000)
 ParOldGen       total 131584K, used 71678K [0x00000000c2a00000, 0x00000000caa80000, 0x00000000eb900000)
  object space 131584K, 54% used [0x00000000c2a00000,0x00000000c6fffa18,0x00000000caa80000)
 Metaspace       used 26951K, capacity 27608K, committed 27776K, reserved 1073152K
  class space    used 3202K, capacity 3390K, committed 3456K, reserved 1048576K
}
Event: 51.845 GC heap before
{Heap before GC invocations=23 (full 3):
 PSYoungGen      total 248320K, used 241504K [0x00000000eb900000, 0x00000000fd280000, 0x0000000100000000)
  eden space 224768K, 100% used [0x00000000eb900000,0x00000000f9480000,0x00000000f9480000)
  from space 23552K, 71% used [0x00000000f9480000,0x00000000fa4d8020,0x00000000fab80000)
  to   space 24576K, 0% used [0x00000000fba80000,0x00000000fba80000,0x00000000fd280000)
 ParOldGen       total 131584K, used 71678K [0x00000000c2a00000, 0x00000000caa80000, 0x00000000eb900000)
  object space 131584K, 54% used [0x00000000c2a00000,0x00000000c6fffa18,0x00000000caa80000)
 Metaspace       used 27024K, capacity 27748K, committed 28032K, reserved 1073152K
  class space    used 3203K, capacity 3392K, committed 3456K, reserved 1048576K
Event: 51.989 GC heap after
Heap after GC invocations=23 (full 3):
 PSYoungGen      total 259072K, used 24560K [0x00000000eb900000, 0x00000000fee80000, 0x0000000100000000)
  eden space 234496K, 0% used [0x00000000eb900000,0x00000000eb900000,0x00000000f9e00000)
  from space 24576K, 99% used [0x00000000fba80000,0x00000000fd27c010,0x00000000fd280000)
  to   space 29184K, 0% used [0x00000000f9e00000,0x00000000f9e00000,0x00000000fba80000)
 ParOldGen       total 131584K, used 73114K [0x00000000c2a00000, 0x00000000caa80000, 0x00000000eb900000)
  object space 131584K, 55% used [0x00000000c2a00000,0x00000000c7166b48,0x00000000caa80000)
 Metaspace       used 27024K, capacity 27748K, committed 28032K, reserved 1073152K
  class space    used 3203K, capacity 3392K, committed 3456K, reserved 1048576K
}
Event: 54.176 GC heap before
{Heap before GC invocations=24 (full 3):
 PSYoungGen      total 259072K, used 259056K [0x00000000eb900000, 0x00000000fee80000, 0x0000000100000000)
  eden space 234496K, 100% used [0x00000000eb900000,0x00000000f9e00000,0x00000000f9e00000)
  from space 24576K, 99% used [0x00000000fba80000,0x00000000fd27c010,0x00000000fd280000)
  to   space 29184K, 0% used [0x00000000f9e00000,0x00000000f9e00000,0x00000000fba80000)
 ParOldGen       total 131584K, used 73114K [0x00000000c2a00000, 0x00000000caa80000, 0x00000000eb900000)
  object space 131584K, 55% used [0x00000000c2a00000,0x00000000c7166b48,0x00000000caa80000)
 Metaspace       used 27102K, capacity 27754K, committed 28032K, reserved 1073152K
  class space    used 3204K, capacity 3393K, committed 3456K, reserved 1048576K

