# JRE version: Java(TM) SE Runtime Environment (8.0_201-b09) (build 1.8.0_201-b09)
# Java VM: Java HotSpot(TM) 64-Bit Server VM (25.201-b09 mixed mode linux-amd64 compressed oops)
Heap:
 PSYoungGen      total 126464K, used 5168K [0x00000000eb900000, 0x00000000f3a00000, 0x0000000100000000)
  eden space 120832K, 0% used [0x00000000eb900000,0x00000000eb900000,0x00000000f2f00000)
  from space 5632K, 91% used [0x00000000f2f00000,0x00000000f340c0b0,0x00000000f3480000)
  to   space 5632K, 0% used [0x00000000f3480000,0x00000000f3480000,0x00000000f3a00000)
 ParOldGen       total 42496K, used 11857K [0x00000000c2a00000, 0x00000000c5380000, 0x00000000eb900000)
  object space 42496K, 27% used [0x00000000c2a00000,0x00000000c3594720,0x00000000c5380000)
 Metaspace       used 14169K, capacity 14682K, committed 14848K, reserved 1062912K
  class space    used 1612K, capacity 1753K, committed 1792K, reserved 1048576K
GC Heap History (10 events):
Event: 51.187 GC heap after
Heap after GC invocations=5 (full 1):
 PSYoungGen      total 34304K, used 2556K [0x00000000eb900000, 0x00000000edd00000, 0x0000000100000000)
  eden space 31744K, 0% used [0x00000000eb900000,0x00000000eb900000,0x00000000ed800000)
  from space 2560K, 99% used [0x00000000eda80000,0x00000000edcff150,0x00000000edd00000)
  to   space 2560K, 0% used [0x00000000ed800000,0x00000000ed800000,0x00000000eda80000)
 ParOldGen       total 42496K, used 6751K [0x00000000c2a00000, 0x00000000c5380000, 0x00000000eb900000)
  object space 42496K, 15% used [0x00000000c2a00000,0x00000000c3097ca0,0x00000000c5380000)
 Metaspace       used 14036K, capacity 14490K, committed 14592K, reserved 1062912K
  class space    used 1612K, capacity 1753K, committed 1792K, reserved 1048576K
}
Event: 52.072 GC heap before
{Heap before GC invocations=6 (full 1):
 PSYoungGen      total 34304K, used 34300K [0x00000000eb900000, 0x00000000edd00000, 0x0000000100000000)
  eden space 31744K, 100% used [0x00000000eb900000,0x00000000ed800000,0x00000000ed800000)
  from space 2560K, 99% used [0x00000000eda80000,0x00000000edcff150,0x00000000edd00000)
  to   space 2560K, 0% used [0x00000000ed800000,0x00000000ed800000,0x00000000eda80000)
 ParOldGen       total 42496K, used 6751K [0x00000000c2a00000, 0x00000000c5380000, 0x00000000eb900000)
  object space 42496K, 15% used [0x00000000c2a00000,0x00000000c3097ca0,0x00000000c5380000)
 Metaspace       used 14088K, capacity 14554K, committed 14848K, reserved 1062912K
  class space    used 1612K, capacity 1753K, committed 1792K, reserved 1048576K
Event: 52.095 GC heap after
Heap after GC invocations=6 (full 1):
 PSYoungGen      total 34304K, used 2540K [0x00000000eb900000, 0x00000000efc00000, 0x0000000100000000)
  eden space 31744K, 0% used [0x00000000eb900000,0x00000000eb900000,0x00000000ed800000)
  from space 2560K, 99% used [0x00000000ed800000,0x00000000eda7b140,0x00000000eda80000)
  to   space 2560K, 0% used [0x00000000ef980000,0x00000000ef980000,0x00000000efc00000)
 ParOldGen       total 42496K, used 8299K [0x00000000c2a00000, 0x00000000c5380000, 0x00000000eb900000)
  object space 42496K, 19% used [0x00000000c2a00000,0x00000000c321af70,0x00000000c5380000)
 Metaspace       used 14088K, capacity 14554K, committed 14848K, reserved 1062912K
  class space    used 1612K, capacity 1753K, committed 1792K, reserved 1048576K
}
Event: 52.951 GC heap before
{Heap before GC invocations=7 (full 1):
 PSYoungGen      total 34304K, used 34284K [0x00000000eb900000, 0x00000000efc00000, 0x0000000100000000)
  eden space 31744K, 100% used [0x00000000eb900000,0x00000000ed800000,0x00000000ed800000)
  from space 2560K, 99% used [0x00000000ed800000,0x00000000eda7b140,0x00000000eda80000)
  to   space 2560K, 0% used [0x00000000ef980000,0x00000000ef980000,0x00000000efc00000)
 ParOldGen       total 42496K, used 8299K [0x00000000c2a00000, 0x00000000c5380000, 0x00000000eb900000)
  object space 42496K, 19% used [0x00000000c2a00000,0x00000000c321af70,0x00000000c5380000)
 Metaspace       used 14109K, capacity 14554K, committed 14848K, reserved 1062912K
  class space    used 1612K, capacity 1753K, committed 1792K, reserved 1048576K
Event: 52.973 GC heap after
Heap after GC invocations=7 (full 1):
 PSYoungGen      total 62976K, used 2544K [0x00000000eb900000, 0x00000000f0200000, 0x0000000100000000)
  eden space 60416K, 0% used [0x00000000eb900000,0x00000000eb900000,0x00000000ef400000)
  from space 2560K, 99% used [0x00000000ef980000,0x00000000efbfc140,0x00000000efc00000)
  to   space 5632K, 0% used [0x00000000ef400000,0x00000000ef400000,0x00000000ef980000)
 ParOldGen       total 42496K, used 10206K [0x00000000c2a00000, 0x00000000c5380000, 0x00000000eb900000)
  object space 42496K, 24% used [0x00000000c2a00000,0x00000000c33f7990,0x00000000c5380000)
 Metaspace       used 14109K, capacity 14554K, committed 14848K, reserved 1062912K
  class space    used 1612K, capacity 1753K, committed 1792K, reserved 1048576K
}
Event: 53.927 GC heap before
{Heap before GC invocations=8 (full 1):
 PSYoungGen      total 62976K, used 62960K [0x00000000eb900000, 0x00000000f0200000, 0x0000000100000000)
  eden space 60416K, 100% used [0x00000000eb900000,0x00000000ef400000,0x00000000ef400000)
  from space 2560K, 99% used [0x00000000ef980000,0x00000000efbfc140,0x00000000efc00000)
  to   space 5632K, 0% used [0x00000000ef400000,0x00000000ef400000,0x00000000ef980000)
 ParOldGen       total 42496K, used 10206K [0x00000000c2a00000, 0x00000000c5380000, 0x00000000eb900000)
  object space 42496K, 24% used [0x00000000c2a00000,0x00000000c33f7990,0x00000000c5380000)
 Metaspace       used 14134K, capacity 14618K, committed 14848K, reserved 1062912K
  class space    used 1612K, capacity 1753K, committed 1792K, reserved 1048576K
Event: 53.958 GC heap after
Heap after GC invocations=8 (full 1):
 PSYoungGen      total 66048K, used 3456K [0x00000000eb900000, 0x00000000f3a00000, 0x0000000100000000)
  eden space 60416K, 0% used [0x00000000eb900000,0x00000000eb900000,0x00000000ef400000)
  from space 5632K, 61% used [0x00000000ef400000,0x00000000ef760140,0x00000000ef980000)
  to   space 5632K, 0% used [0x00000000f3480000,0x00000000f3480000,0x00000000f3a00000)
 ParOldGen       total 42496K, used 10206K [0x00000000c2a00000, 0x00000000c5380000, 0x00000000eb900000)
  object space 42496K, 24% used [0x00000000c2a00000,0x00000000c33f7990,0x00000000c5380000)
 Metaspace       used 14134K, capacity 14618K, committed 14848K, reserved 1062912K
  class space    used 1612K, capacity 1753K, committed 1792K, reserved 1048576K
}
Event: 54.826 GC heap before
{Heap before GC invocations=9 (full 1):
 PSYoungGen      total 66048K, used 63872K [0x00000000eb900000, 0x00000000f3a00000, 0x0000000100000000)
  eden space 60416K, 100% used [0x00000000eb900000,0x00000000ef400000,0x00000000ef400000)
  from space 5632K, 61% used [0x00000000ef400000,0x00000000ef760140,0x00000000ef980000)
  to   space 5632K, 0% used [0x00000000f3480000,0x00000000f3480000,0x00000000f3a00000)
 ParOldGen       total 42496K, used 10206K [0x00000000c2a00000, 0x00000000c5380000, 0x00000000eb900000)
  object space 42496K, 24% used [0x00000000c2a00000,0x00000000c33f7990,0x00000000c5380000)
 Metaspace       used 14146K, capacity 14618K, committed 14848K, reserved 1062912K
  class space    used 1612K, capacity 1753K, committed 1792K, reserved 1048576K
Event: 54.847 GC heap after
Heap after GC invocations=9 (full 1):
 PSYoungGen      total 126464K, used 4064K [0x00000000eb900000, 0x00000000f3a00000, 0x0000000100000000)
  eden space 120832K, 0% used [0x00000000eb900000,0x00000000eb900000,0x00000000f2f00000)
  from space 5632K, 72% used [0x00000000f3480000,0x00000000f3878010,0x00000000f3a00000)
  to   space 5632K, 0% used [0x00000000f2f00000,0x00000000f2f00000,0x00000000f3480000)
 ParOldGen       total 42496K, used 11201K [0x00000000c2a00000, 0x00000000c5380000, 0x00000000eb900000)
  object space 42496K, 26% used [0x00000000c2a00000,0x00000000c34f0720,0x00000000c5380000)
 Metaspace       used 14146K, capacity 14618K, committed 14848K, reserved 1062912K
  class space    used 1612K, capacity 1753K, committed 1792K, reserved 1048576K
}
Event: 56.875 GC heap before
{Heap before GC invocations=10 (full 1):
 PSYoungGen      total 126464K, used 124896K [0x00000000eb900000, 0x00000000f3a00000, 0x0000000100000000)
  eden space 120832K, 100% used [0x00000000eb900000,0x00000000f2f00000,0x00000000f2f00000)
  from space 5632K, 72% used [0x00000000f3480000,0x00000000f3878010,0x00000000f3a00000)
  to   space 5632K, 0% used [0x00000000f2f00000,0x00000000f2f00000,0x00000000f3480000)
 ParOldGen       total 42496K, used 11201K [0x00000000c2a00000, 0x00000000c5380000, 0x00000000eb900000)
  object space 42496K, 26% used [0x00000000c2a00000,0x00000000c34f0720,0x00000000c5380000)
 Metaspace       used 14169K, capacity 14682K, committed 14848K, reserved 1062912K
  class space    used 1612K, capacity 1753K, committed 1792K, reserved 1048576K

