# JRE version: Java(TM) SE Runtime Environment (8.0_201-b09) (build 1.8.0_201-b09)
# Java VM: Java HotSpot(TM) 64-Bit Server VM (25.201-b09 mixed mode linux-amd64 compressed oops)
Heap:
 PSYoungGen      total 125952K, used 9208K [0x00000000eb900000, 0x00000000f3f00000, 0x0000000100000000)
  eden space 116736K, 0% used [0x00000000eb900000,0x00000000eb900000,0x00000000f2b00000)
  from space 9216K, 99% used [0x00000000f2b00000,0x00000000f33fe1b8,0x00000000f3400000)
  to   space 7168K, 0% used [0x00000000f3400000,0x00000000f3400000,0x00000000f3b00000)
 ParOldGen       total 42496K, used 36759K [0x00000000c2a00000, 0x00000000c5380000, 0x00000000eb900000)
  object space 42496K, 86% used [0x00000000c2a00000,0x00000000c4de5c78,0x00000000c5380000)
 Metaspace       used 14996K, capacity 15560K, committed 15616K, reserved 1062912K
  class space    used 1648K, capacity 1781K, committed 1792K, reserved 1048576K
GC Heap History (10 events):
Event: 55.885 GC heap after
Heap after GC invocations=5 (full 1):
 PSYoungGen      total 34304K, used 2560K [0x00000000eb900000, 0x00000000efc00000, 0x0000000100000000)
  eden space 31744K, 0% used [0x00000000eb900000,0x00000000eb900000,0x00000000ed800000)
  from space 2560K, 100% used [0x00000000eda80000,0x00000000edd00000,0x00000000edd00000)
  to   space 2560K, 0% used [0x00000000ed800000,0x00000000ed800000,0x00000000eda80000)
 ParOldGen       total 42496K, used 7884K [0x00000000c2a00000, 0x00000000c5380000, 0x00000000eb900000)
  object space 42496K, 18% used [0x00000000c2a00000,0x00000000c31b3160,0x00000000c5380000)
 Metaspace       used 13769K, capacity 14144K, committed 14336K, reserved 1062912K
  class space    used 1572K, capacity 1671K, committed 1792K, reserved 1048576K
}
Event: 56.494 GC heap before
{Heap before GC invocations=6 (full 1):
 PSYoungGen      total 34304K, used 34304K [0x00000000eb900000, 0x00000000efc00000, 0x0000000100000000)
  eden space 31744K, 100% used [0x00000000eb900000,0x00000000ed800000,0x00000000ed800000)
  from space 2560K, 100% used [0x00000000eda80000,0x00000000edd00000,0x00000000edd00000)
  to   space 2560K, 0% used [0x00000000ed800000,0x00000000ed800000,0x00000000eda80000)
 ParOldGen       total 42496K, used 7884K [0x00000000c2a00000, 0x00000000c5380000, 0x00000000eb900000)
  object space 42496K, 18% used [0x00000000c2a00000,0x00000000c31b3160,0x00000000c5380000)
 Metaspace       used 13815K, capacity 14208K, committed 14336K, reserved 1062912K
  class space    used 1572K, capacity 1671K, committed 1792K, reserved 1048576K
Event: 56.525 GC heap after
Heap after GC invocations=6 (full 1):
 PSYoungGen      total 34304K, used 2560K [0x00000000eb900000, 0x00000000efc00000, 0x0000000100000000)
  eden space 31744K, 0% used [0x00000000eb900000,0x00000000eb900000,0x00000000ed800000)
  from space 2560K, 100% used [0x00000000ed800000,0x00000000eda80000,0x00000000eda80000)
  to   space 2560K, 0% used [0x00000000ef980000,0x00000000ef980000,0x00000000efc00000)
 ParOldGen       total 42496K, used 9687K [0x00000000c2a00000, 0x00000000c5380000, 0x00000000eb900000)
  object space 42496K, 22% used [0x00000000c2a00000,0x00000000c3375c60,0x00000000c5380000)
 Metaspace       used 13815K, capacity 14208K, committed 14336K, reserved 1062912K
  class space    used 1572K, capacity 1671K, committed 1792K, reserved 1048576K
}
Event: 57.005 GC heap before
{Heap before GC invocations=7 (full 1):
 PSYoungGen      total 34304K, used 34304K [0x00000000eb900000, 0x00000000efc00000, 0x0000000100000000)
  eden space 31744K, 100% used [0x00000000eb900000,0x00000000ed800000,0x00000000ed800000)
  from space 2560K, 100% used [0x00000000ed800000,0x00000000eda80000,0x00000000eda80000)
  to   space 2560K, 0% used [0x00000000ef980000,0x00000000ef980000,0x00000000efc00000)
 ParOldGen       total 42496K, used 9687K [0x00000000c2a00000, 0x00000000c5380000, 0x00000000eb900000)
  object space 42496K, 22% used [0x00000000c2a00000,0x00000000c3375c60,0x00000000c5380000)
 Metaspace       used 13868K, capacity 14208K, committed 14336K, reserved 1062912K
  class space    used 1572K, capacity 1671K, committed 1792K, reserved 1048576K
Event: 57.017 GC heap after
Heap after GC invocations=7 (full 1):
 PSYoungGen      total 61952K, used 2560K [0x00000000eb900000, 0x00000000f0400000, 0x0000000100000000)
  eden space 59392K, 0% used [0x00000000eb900000,0x00000000eb900000,0x00000000ef300000)
  from space 2560K, 100% used [0x00000000ef980000,0x00000000efc00000,0x00000000efc00000)
  to   space 6656K, 0% used [0x00000000ef300000,0x00000000ef300000,0x00000000ef980000)
 ParOldGen       total 42496K, used 12100K [0x00000000c2a00000, 0x00000000c5380000, 0x00000000eb900000)
  object space 42496K, 28% used [0x00000000c2a00000,0x00000000c35d11e0,0x00000000c5380000)
 Metaspace       used 13868K, capacity 14208K, committed 14336K, reserved 1062912K
  class space    used 1572K, capacity 1671K, committed 1792K, reserved 1048576K
}
Event: 57.937 GC heap before
{Heap before GC invocations=8 (full 1):
 PSYoungGen      total 61952K, used 61952K [0x00000000eb900000, 0x00000000f0400000, 0x0000000100000000)
  eden space 59392K, 100% used [0x00000000eb900000,0x00000000ef300000,0x00000000ef300000)
  from space 2560K, 100% used [0x00000000ef980000,0x00000000efc00000,0x00000000efc00000)
  to   space 6656K, 0% used [0x00000000ef300000,0x00000000ef300000,0x00000000ef980000)
 ParOldGen       total 42496K, used 12100K [0x00000000c2a00000, 0x00000000c5380000, 0x00000000eb900000)
  object space 42496K, 28% used [0x00000000c2a00000,0x00000000c35d11e0,0x00000000c5380000)
 Metaspace       used 13908K, capacity 14272K, committed 14592K, reserved 1062912K
  class space    used 1572K, capacity 1671K, committed 1792K, reserved 1048576K
Event: 57.980 GC heap after
Heap after GC invocations=8 (full 1):
 PSYoungGen      total 66048K, used 5960K [0x00000000eb900000, 0x00000000f3b00000, 0x0000000100000000)
  eden space 59392K, 0% used [0x00000000eb900000,0x00000000eb900000,0x00000000ef300000)
  from space 6656K, 89% used [0x00000000ef300000,0x00000000ef8d21c8,0x00000000ef980000)
  to   space 7168K, 0% used [0x00000000f3400000,0x00000000f3400000,0x00000000f3b00000)
 ParOldGen       total 42496K, used 12100K [0x00000000c2a00000, 0x00000000c5380000, 0x00000000eb900000)
  object space 42496K, 28% used [0x00000000c2a00000,0x00000000c35d11e0,0x00000000c5380000)
 Metaspace       used 13908K, capacity 14272K, committed 14592K, reserved 1062912K
  class space    used 1572K, capacity 1671K, committed 1792K, reserved 1048576K
}
Event: 79.135 GC heap before
{Heap before GC invocations=9 (full 1):
 PSYoungGen      total 66048K, used 65352K [0x00000000eb900000, 0x00000000f3b00000, 0x0000000100000000)
  eden space 59392K, 100% used [0x00000000eb900000,0x00000000ef300000,0x00000000ef300000)
  from space 6656K, 89% used [0x00000000ef300000,0x00000000ef8d21c8,0x00000000ef980000)
  to   space 7168K, 0% used [0x00000000f3400000,0x00000000f3400000,0x00000000f3b00000)
 ParOldGen       total 42496K, used 12100K [0x00000000c2a00000, 0x00000000c5380000, 0x00000000eb900000)
  object space 42496K, 28% used [0x00000000c2a00000,0x00000000c35d11e0,0x00000000c5380000)
 Metaspace       used 14841K, capacity 15318K, committed 15360K, reserved 1062912K
  class space    used 1638K, capacity 1774K, committed 1792K, reserved 1048576K
Event: 79.206 GC heap after
Heap after GC invocations=9 (full 1):
 PSYoungGen      total 123904K, used 7160K [0x00000000eb900000, 0x00000000f3f00000, 0x0000000100000000)
  eden space 116736K, 0% used [0x00000000eb900000,0x00000000eb900000,0x00000000f2b00000)
  from space 7168K, 99% used [0x00000000f3400000,0x00000000f3afe1b8,0x00000000f3b00000)
  to   space 9216K, 0% used [0x00000000f2b00000,0x00000000f2b00000,0x00000000f3400000)
 ParOldGen       total 42496K, used 15731K [0x00000000c2a00000, 0x00000000c5380000, 0x00000000eb900000)
  object space 42496K, 37% used [0x00000000c2a00000,0x00000000c395ce38,0x00000000c5380000)
 Metaspace       used 14841K, capacity 15318K, committed 15360K, reserved 1062912K
  class space    used 1638K, capacity 1774K, committed 1792K, reserved 1048576K
}
Event: 162.356 GC heap before
{Heap before GC invocations=10 (full 1):
 PSYoungGen      total 123904K, used 123896K [0x00000000eb900000, 0x00000000f3f00000, 0x0000000100000000)
  eden space 116736K, 100% used [0x00000000eb900000,0x00000000f2b00000,0x00000000f2b00000)
  from space 7168K, 99% used [0x00000000f3400000,0x00000000f3afe1b8,0x00000000f3b00000)
  to   space 9216K, 0% used [0x00000000f2b00000,0x00000000f2b00000,0x00000000f3400000)
 ParOldGen       total 42496K, used 15731K [0x00000000c2a00000, 0x00000000c5380000, 0x00000000eb900000)
  object space 42496K, 37% used [0x00000000c2a00000,0x00000000c395ce38,0x00000000c5380000)
 Metaspace       used 14996K, capacity 15560K, committed 15616K, reserved 1062912K
  class space    used 1648K, capacity 1781K, committed 1792K, reserved 1048576K

