# JRE version: Java(TM) SE Runtime Environment (8.0_201-b09) (build 1.8.0_201-b09)
# Java VM: Java HotSpot(TM) 64-Bit Server VM (25.201-b09 mixed mode linux-amd64 compressed oops)
Heap:
 PSYoungGen      total 245760K, used 230377K [0x00000000eb900000, 0x00000000ff580000, 0x0000000100000000)
  eden space 238592K, 94% used [0x00000000eb900000,0x00000000f94fa460,0x00000000fa200000)
  from space 7168K, 71% used [0x00000000fa200000,0x00000000fa700020,0x00000000fa900000)
  to   space 7168K, 0% used [0x00000000fee80000,0x00000000fee80000,0x00000000ff580000)
 ParOldGen       total 42496K, used 17529K [0x00000000c2a00000, 0x00000000c5380000, 0x00000000eb900000)
  object space 42496K, 41% used [0x00000000c2a00000,0x00000000c3b1e490,0x00000000c5380000)
 Metaspace       used 15010K, capacity 15516K, committed 15616K, reserved 1062912K
  class space    used 1645K, capacity 1766K, committed 1792K, reserved 1048576K
GC Heap History (10 events):
Event: 40.400 GC heap before
{Heap before GC invocations=8 (full 1):
 PSYoungGen      total 62976K, used 62964K [0x00000000eb900000, 0x00000000f0200000, 0x0000000100000000)
  eden space 60416K, 100% used [0x00000000eb900000,0x00000000ef400000,0x00000000ef400000)
  from space 2560K, 99% used [0x00000000ef980000,0x00000000efbfd120,0x00000000efc00000)
  to   space 5632K, 0% used [0x00000000ef400000,0x00000000ef400000,0x00000000ef980000)
 ParOldGen       total 42496K, used 10128K [0x00000000c2a00000, 0x00000000c5380000, 0x00000000eb900000)
  object space 42496K, 23% used [0x00000000c2a00000,0x00000000c33e4330,0x00000000c5380000)
 Metaspace       used 14062K, capacity 14558K, committed 14848K, reserved 1062912K
  class space    used 1600K, capacity 1745K, committed 1792K, reserved 1048576K
Event: 40.470 GC heap after
Heap after GC invocations=8 (full 1):
 PSYoungGen      total 66048K, used 3344K [0x00000000eb900000, 0x00000000f3a00000, 0x0000000100000000)
  eden space 60416K, 0% used [0x00000000eb900000,0x00000000eb900000,0x00000000ef400000)
  from space 5632K, 59% used [0x00000000ef400000,0x00000000ef744060,0x00000000ef980000)
  to   space 5632K, 0% used [0x00000000f3480000,0x00000000f3480000,0x00000000f3a00000)
 ParOldGen       total 42496K, used 10128K [0x00000000c2a00000, 0x00000000c5380000, 0x00000000eb900000)
  object space 42496K, 23% used [0x00000000c2a00000,0x00000000c33e4330,0x00000000c5380000)
 Metaspace       used 14062K, capacity 14558K, committed 14848K, reserved 1062912K
  class space    used 1600K, capacity 1745K, committed 1792K, reserved 1048576K
}
Event: 41.289 GC heap before
{Heap before GC invocations=9 (full 1):
 PSYoungGen      total 66048K, used 63760K [0x00000000eb900000, 0x00000000f3a00000, 0x0000000100000000)
  eden space 60416K, 100% used [0x00000000eb900000,0x00000000ef400000,0x00000000ef400000)
  from space 5632K, 59% used [0x00000000ef400000,0x00000000ef744060,0x00000000ef980000)
  to   space 5632K, 0% used [0x00000000f3480000,0x00000000f3480000,0x00000000f3a00000)
 ParOldGen       total 42496K, used 10128K [0x00000000c2a00000, 0x00000000c5380000, 0x00000000eb900000)
  object space 42496K, 23% used [0x00000000c2a00000,0x00000000c33e4330,0x00000000c5380000)
 Metaspace       used 14067K, capacity 14558K, committed 14848K, reserved 1062912K
  class space    used 1600K, capacity 1745K, committed 1792K, reserved 1048576K
Event: 41.306 GC heap after
Heap after GC invocations=9 (full 1):
 PSYoungGen      total 126464K, used 4352K [0x00000000eb900000, 0x00000000f3a00000, 0x0000000100000000)
  eden space 120832K, 0% used [0x00000000eb900000,0x00000000eb900000,0x00000000f2f00000)
  from space 5632K, 77% used [0x00000000f3480000,0x00000000f38c00a0,0x00000000f3a00000)
  to   space 5632K, 0% used [0x00000000f2f00000,0x00000000f2f00000,0x00000000f3480000)
 ParOldGen       total 42496K, used 10829K [0x00000000c2a00000, 0x00000000c5380000, 0x00000000eb900000)
  object space 42496K, 25% used [0x00000000c2a00000,0x00000000c3493450,0x00000000c5380000)
 Metaspace       used 14067K, capacity 14558K, committed 14848K, reserved 1062912K
  class space    used 1600K, capacity 1745K, committed 1792K, reserved 1048576K
}
Event: 42.574 GC heap before
{Heap before GC invocations=10 (full 1):
 PSYoungGen      total 126464K, used 125184K [0x00000000eb900000, 0x00000000f3a00000, 0x0000000100000000)
  eden space 120832K, 100% used [0x00000000eb900000,0x00000000f2f00000,0x00000000f2f00000)
  from space 5632K, 77% used [0x00000000f3480000,0x00000000f38c00a0,0x00000000f3a00000)
  to   space 5632K, 0% used [0x00000000f2f00000,0x00000000f2f00000,0x00000000f3480000)
 ParOldGen       total 42496K, used 10829K [0x00000000c2a00000, 0x00000000c5380000, 0x00000000eb900000)
  object space 42496K, 25% used [0x00000000c2a00000,0x00000000c3493450,0x00000000c5380000)
 Metaspace       used 14098K, capacity 14558K, committed 14848K, reserved 1062912K
  class space    used 1600K, capacity 1745K, committed 1792K, reserved 1048576K
Event: 42.596 GC heap after
Heap after GC invocations=10 (full 1):
 PSYoungGen      total 126464K, used 4688K [0x00000000eb900000, 0x00000000fb000000, 0x0000000100000000)
  eden space 120832K, 0% used [0x00000000eb900000,0x00000000eb900000,0x00000000f2f00000)
  from space 5632K, 83% used [0x00000000f2f00000,0x00000000f33941e0,0x00000000f3480000)
  to   space 5632K, 0% used [0x00000000faa80000,0x00000000faa80000,0x00000000fb000000)
 ParOldGen       total 42496K, used 12221K [0x00000000c2a00000, 0x00000000c5380000, 0x00000000eb900000)
  object space 42496K, 28% used [0x00000000c2a00000,0x00000000c35ef450,0x00000000c5380000)
 Metaspace       used 14098K, capacity 14558K, committed 14848K, reserved 1062912K
  class space    used 1600K, capacity 1745K, committed 1792K, reserved 1048576K
}
Event: 43.404 GC heap before
{Heap before GC invocations=11 (full 1):
 PSYoungGen      total 126464K, used 125520K [0x00000000eb900000, 0x00000000fb000000, 0x0000000100000000)
  eden space 120832K, 100% used [0x00000000eb900000,0x00000000f2f00000,0x00000000f2f00000)
  from space 5632K, 83% used [0x00000000f2f00000,0x00000000f33941e0,0x00000000f3480000)
  to   space 5632K, 0% used [0x00000000faa80000,0x00000000faa80000,0x00000000fb000000)
 ParOldGen       total 42496K, used 12221K [0x00000000c2a00000, 0x00000000c5380000, 0x00000000eb900000)
  object space 42496K, 28% used [0x00000000c2a00000,0x00000000c35ef450,0x00000000c5380000)
 Metaspace       used 14113K, capacity 14558K, committed 14848K, reserved 1062912K
  class space    used 1600K, capacity 1745K, committed 1792K, reserved 1048576K
Event: 43.423 GC heap after
Heap after GC invocations=11 (full 1):
 PSYoungGen      total 199168K, used 5616K [0x00000000eb900000, 0x00000000fb000000, 0x0000000100000000)
  eden space 193536K, 0% used [0x00000000eb900000,0x00000000eb900000,0x00000000f7600000)
  from space 5632K, 99% used [0x00000000faa80000,0x00000000faffc0c0,0x00000000fb000000)
  to   space 7168K, 0% used [0x00000000fa200000,0x00000000fa200000,0x00000000fa900000)
 ParOldGen       total 42496K, used 14784K [0x00000000c2a00000, 0x00000000c5380000, 0x00000000eb900000)
  object space 42496K, 34% used [0x00000000c2a00000,0x00000000c3870110,0x00000000c5380000)
 Metaspace       used 14113K, capacity 14558K, committed 14848K, reserved 1062912K
  class space    used 1600K, capacity 1745K, committed 1792K, reserved 1048576K
}
Event: 45.019 GC heap before
{Heap before GC invocations=12 (full 1):
 PSYoungGen      total 199168K, used 199152K [0x00000000eb900000, 0x00000000fb000000, 0x0000000100000000)
  eden space 193536K, 100% used [0x00000000eb900000,0x00000000f7600000,0x00000000f7600000)
  from space 5632K, 99% used [0x00000000faa80000,0x00000000faffc0c0,0x00000000fb000000)
  to   space 7168K, 0% used [0x00000000fa200000,0x00000000fa200000,0x00000000fa900000)
 ParOldGen       total 42496K, used 14784K [0x00000000c2a00000, 0x00000000c5380000, 0x00000000eb900000)
  object space 42496K, 34% used [0x00000000c2a00000,0x00000000c3870110,0x00000000c5380000)
 Metaspace       used 14117K, capacity 14558K, committed 14848K, reserved 1062912K
  class space    used 1600K, capacity 1745K, committed 1792K, reserved 1048576K
Event: 45.045 GC heap after
Heap after GC invocations=12 (full 1):
 PSYoungGen      total 245760K, used 5120K [0x00000000eb900000, 0x00000000ff580000, 0x0000000100000000)
  eden space 238592K, 0% used [0x00000000eb900000,0x00000000eb900000,0x00000000fa200000)
  from space 7168K, 71% used [0x00000000fa200000,0x00000000fa700020,0x00000000fa900000)
  to   space 7168K, 0% used [0x00000000fee80000,0x00000000fee80000,0x00000000ff580000)
 ParOldGen       total 42496K, used 17529K [0x00000000c2a00000, 0x00000000c5380000, 0x00000000eb900000)
  object space 42496K, 41% used [0x00000000c2a00000,0x00000000c3b1e490,0x00000000c5380000)
 Metaspace       used 14117K, capacity 14558K, committed 14848K, reserved 1062912K
  class space    used 1600K, capacity 1745K, committed 1792K, reserved 1048576K
}

