# JRE version: Java(TM) SE Runtime Environment (8.0_201-b09) (build 1.8.0_201-b09)
# Java VM: Java HotSpot(TM) 64-Bit Server VM (25.201-b09 mixed mode linux-amd64 compressed oops)
Heap:
 PSYoungGen      total 108032K, used 1776K [0x00000000eb900000, 0x00000000f2880000, 0x0000000100000000)
  eden space 101888K, 0% used [0x00000000eb900000,0x00000000eb900000,0x00000000f1c80000)
  from space 6144K, 28% used [0x00000000f1c80000,0x00000000f1e3c120,0x00000000f2280000)
  to   space 6144K, 0% used [0x00000000f2280000,0x00000000f2280000,0x00000000f2880000)
 ParOldGen       total 42496K, used 17029K [0x00000000c2a00000, 0x00000000c5380000, 0x00000000eb900000)
  object space 42496K, 40% used [0x00000000c2a00000,0x00000000c3aa1710,0x00000000c5380000)
 Metaspace       used 14333K, capacity 14820K, committed 15104K, reserved 1062912K
  class space    used 1616K, capacity 1752K, committed 1792K, reserved 1048576K
GC Heap History (10 events):
Event: 34.409 GC heap after
Heap after GC invocations=6 (full 0):
 PSYoungGen      total 38400K, used 2768K [0x00000000eb900000, 0x00000000ee500000, 0x0000000100000000)
  eden space 31744K, 0% used [0x00000000eb900000,0x00000000eb900000,0x00000000ed800000)
  from space 6656K, 41% used [0x00000000ede80000,0x00000000ee134010,0x00000000ee500000)
  to   space 6656K, 0% used [0x00000000ed800000,0x00000000ed800000,0x00000000ede80000)
 ParOldGen       total 42496K, used 8708K [0x00000000c2a00000, 0x00000000c5380000, 0x00000000eb900000)
  object space 42496K, 20% used [0x00000000c2a00000,0x00000000c32811e0,0x00000000c5380000)
 Metaspace       used 14223K, capacity 14686K, committed 14848K, reserved 1062912K
  class space    used 1616K, capacity 1751K, committed 1792K, reserved 1048576K
}
Event: 34.987 GC heap before
{Heap before GC invocations=7 (full 0):
 PSYoungGen      total 38400K, used 34512K [0x00000000eb900000, 0x00000000ee500000, 0x0000000100000000)
  eden space 31744K, 100% used [0x00000000eb900000,0x00000000ed800000,0x00000000ed800000)
  from space 6656K, 41% used [0x00000000ede80000,0x00000000ee134010,0x00000000ee500000)
  to   space 6656K, 0% used [0x00000000ed800000,0x00000000ed800000,0x00000000ede80000)
 ParOldGen       total 42496K, used 8708K [0x00000000c2a00000, 0x00000000c5380000, 0x00000000eb900000)
  object space 42496K, 20% used [0x00000000c2a00000,0x00000000c32811e0,0x00000000c5380000)
 Metaspace       used 14256K, capacity 14750K, committed 14848K, reserved 1062912K
  class space    used 1616K, capacity 1751K, committed 1792K, reserved 1048576K
Event: 35.005 GC heap after
Heap after GC invocations=7 (full 0):
 PSYoungGen      total 38400K, used 4256K [0x00000000eb900000, 0x00000000f0400000, 0x0000000100000000)
  eden space 31744K, 0% used [0x00000000eb900000,0x00000000eb900000,0x00000000ed800000)
  from space 6656K, 63% used [0x00000000ed800000,0x00000000edc28060,0x00000000ede80000)
  to   space 6656K, 0% used [0x00000000efd80000,0x00000000efd80000,0x00000000f0400000)
 ParOldGen       total 42496K, used 9721K [0x00000000c2a00000, 0x00000000c5380000, 0x00000000eb900000)
  object space 42496K, 22% used [0x00000000c2a00000,0x00000000c337e6b0,0x00000000c5380000)
 Metaspace       used 14256K, capacity 14750K, committed 14848K, reserved 1062912K
  class space    used 1616K, capacity 1751K, committed 1792K, reserved 1048576K
}
Event: 35.459 GC heap before
{Heap before GC invocations=8 (full 0):
 PSYoungGen      total 38400K, used 36000K [0x00000000eb900000, 0x00000000f0400000, 0x0000000100000000)
  eden space 31744K, 100% used [0x00000000eb900000,0x00000000ed800000,0x00000000ed800000)
  from space 6656K, 63% used [0x00000000ed800000,0x00000000edc28060,0x00000000ede80000)
  to   space 6656K, 0% used [0x00000000efd80000,0x00000000efd80000,0x00000000f0400000)
 ParOldGen       total 42496K, used 9721K [0x00000000c2a00000, 0x00000000c5380000, 0x00000000eb900000)
  object space 42496K, 22% used [0x00000000c2a00000,0x00000000c337e6b0,0x00000000c5380000)
 Metaspace       used 14267K, capacity 14750K, committed 14848K, reserved 1062912K
  class space    used 1616K, capacity 1751K, committed 1792K, reserved 1048576K
Event: 35.476 GC heap after
Heap after GC invocations=8 (full 0):
 PSYoungGen      total 69120K, used 4176K [0x00000000eb900000, 0x00000000f0300000, 0x0000000100000000)
  eden space 63488K, 0% used [0x00000000eb900000,0x00000000eb900000,0x00000000ef700000)
  from space 5632K, 74% used [0x00000000efd80000,0x00000000f0194010,0x00000000f0300000)
  to   space 6144K, 0% used [0x00000000ef700000,0x00000000ef700000,0x00000000efd00000)
 ParOldGen       total 42496K, used 10657K [0x00000000c2a00000, 0x00000000c5380000, 0x00000000eb900000)
  object space 42496K, 25% used [0x00000000c2a00000,0x00000000c34686b0,0x00000000c5380000)
 Metaspace       used 14267K, capacity 14750K, committed 14848K, reserved 1062912K
  class space    used 1616K, capacity 1751K, committed 1792K, reserved 1048576K
}
Event: 36.321 GC heap before
{Heap before GC invocations=9 (full 0):
 PSYoungGen      total 69120K, used 67664K [0x00000000eb900000, 0x00000000f0300000, 0x0000000100000000)
  eden space 63488K, 100% used [0x00000000eb900000,0x00000000ef700000,0x00000000ef700000)
  from space 5632K, 74% used [0x00000000efd80000,0x00000000f0194010,0x00000000f0300000)
  to   space 6144K, 0% used [0x00000000ef700000,0x00000000ef700000,0x00000000efd00000)
 ParOldGen       total 42496K, used 10657K [0x00000000c2a00000, 0x00000000c5380000, 0x00000000eb900000)
  object space 42496K, 25% used [0x00000000c2a00000,0x00000000c34686b0,0x00000000c5380000)
 Metaspace       used 14298K, capacity 14756K, committed 14848K, reserved 1062912K
  class space    used 1616K, capacity 1752K, committed 1792K, reserved 1048576K
Event: 36.352 GC heap after
Heap after GC invocations=9 (full 0):
 PSYoungGen      total 69632K, used 4112K [0x00000000eb900000, 0x00000000f2880000, 0x0000000100000000)
  eden space 63488K, 0% used [0x00000000eb900000,0x00000000eb900000,0x00000000ef700000)
  from space 6144K, 66% used [0x00000000ef700000,0x00000000efb04020,0x00000000efd00000)
  to   space 6144K, 0% used [0x00000000f2280000,0x00000000f2280000,0x00000000f2880000)
 ParOldGen       total 42496K, used 11516K [0x00000000c2a00000, 0x00000000c5380000, 0x00000000eb900000)
  object space 42496K, 27% used [0x00000000c2a00000,0x00000000c353f140,0x00000000c5380000)
 Metaspace       used 14298K, capacity 14756K, committed 14848K, reserved 1062912K
  class space    used 1616K, capacity 1752K, committed 1792K, reserved 1048576K
}
Event: 36.960 GC heap before
{Heap before GC invocations=10 (full 0):
 PSYoungGen      total 69632K, used 67600K [0x00000000eb900000, 0x00000000f2880000, 0x0000000100000000)
  eden space 63488K, 100% used [0x00000000eb900000,0x00000000ef700000,0x00000000ef700000)
  from space 6144K, 66% used [0x00000000ef700000,0x00000000efb04020,0x00000000efd00000)
  to   space 6144K, 0% used [0x00000000f2280000,0x00000000f2280000,0x00000000f2880000)
 ParOldGen       total 42496K, used 11516K [0x00000000c2a00000, 0x00000000c5380000, 0x00000000eb900000)
  object space 42496K, 27% used [0x00000000c2a00000,0x00000000c353f140,0x00000000c5380000)
 Metaspace       used 14311K, capacity 14756K, committed 14848K, reserved 1062912K
  class space    used 1616K, capacity 1752K, committed 1792K, reserved 1048576K
Event: 36.981 GC heap after
Heap after GC invocations=10 (full 0):
 PSYoungGen      total 108032K, used 2288K [0x00000000eb900000, 0x00000000f2880000, 0x0000000100000000)
  eden space 101888K, 0% used [0x00000000eb900000,0x00000000eb900000,0x00000000f1c80000)
  from space 6144K, 37% used [0x00000000f2280000,0x00000000f24bc0b0,0x00000000f2880000)
  to   space 6144K, 0% used [0x00000000f1c80000,0x00000000f1c80000,0x00000000f2280000)
 ParOldGen       total 42496K, used 14805K [0x00000000c2a00000, 0x00000000c5380000, 0x00000000eb900000)
  object space 42496K, 34% used [0x00000000c2a00000,0x00000000c3875720,0x00000000c5380000)
 Metaspace       used 14311K, capacity 14756K, committed 14848K, reserved 1062912K
  class space    used 1616K, capacity 1752K, committed 1792K, reserved 1048576K
}
Event: 38.767 GC heap before
{Heap before GC invocations=11 (full 0):
 PSYoungGen      total 108032K, used 104176K [0x00000000eb900000, 0x00000000f2880000, 0x0000000100000000)
  eden space 101888K, 100% used [0x00000000eb900000,0x00000000f1c80000,0x00000000f1c80000)
  from space 6144K, 37% used [0x00000000f2280000,0x00000000f24bc0b0,0x00000000f2880000)
  to   space 6144K, 0% used [0x00000000f1c80000,0x00000000f1c80000,0x00000000f2280000)
 ParOldGen       total 42496K, used 14805K [0x00000000c2a00000, 0x00000000c5380000, 0x00000000eb900000)
  object space 42496K, 34% used [0x00000000c2a00000,0x00000000c3875720,0x00000000c5380000)
 Metaspace       used 14333K, capacity 14820K, committed 15104K, reserved 1062912K
  class space    used 1616K, capacity 1752K, committed 1792K, reserved 1048576K

