# JRE version: Java(TM) SE Runtime Environment (8.0_201-b09) (build 1.8.0_201-b09)
# Java VM: Java HotSpot(TM) 64-Bit Server VM (25.201-b09 mixed mode linux-amd64 compressed oops)
Heap:
 PSYoungGen      total 99328K, used 160K [0x00000000eb900000, 0x00000000f3100000, 0x0000000100000000)
  eden space 93696K, 0% used [0x00000000eb900000,0x00000000eb900000,0x00000000f1480000)
  from space 5632K, 2% used [0x00000000f2600000,0x00000000f2628000,0x00000000f2b80000)
  to   space 512K, 0% used [0x00000000f3080000,0x00000000f3080000,0x00000000f3100000)
 ParOldGen       total 42496K, used 8059K [0x00000000c2a00000, 0x00000000c5380000, 0x00000000eb900000)
  object space 42496K, 18% used [0x00000000c2a00000,0x00000000c31dec08,0x00000000c5380000)
 Metaspace       used 13890K, capacity 14242K, committed 14592K, reserved 1062912K
  class space    used 1603K, capacity 1713K, committed 1792K, reserved 1048576K
GC Heap History (10 events):
Event: 42.225 GC heap after
Heap after GC invocations=7 (full 1):
 PSYoungGen      total 31744K, used 2552K [0x00000000eb900000, 0x00000000ee200000, 0x0000000100000000)
  eden space 29184K, 0% used [0x00000000eb900000,0x00000000eb900000,0x00000000ed580000)
  from space 2560K, 99% used [0x00000000eda80000,0x00000000edcfe010,0x00000000edd00000)
  to   space 5120K, 0% used [0x00000000ed580000,0x00000000ed580000,0x00000000eda80000)
 ParOldGen       total 42496K, used 5414K [0x00000000c2a00000, 0x00000000c5380000, 0x00000000eb900000)
  object space 42496K, 12% used [0x00000000c2a00000,0x00000000c2f49970,0x00000000c5380000)
 Metaspace       used 13882K, capacity 14242K, committed 14592K, reserved 1062912K
  class space    used 1603K, capacity 1713K, committed 1792K, reserved 1048576K
}
Event: 42.502 GC heap before
{Heap before GC invocations=8 (full 1):
 PSYoungGen      total 31744K, used 31736K [0x00000000eb900000, 0x00000000ee200000, 0x0000000100000000)
  eden space 29184K, 100% used [0x00000000eb900000,0x00000000ed580000,0x00000000ed580000)
  from space 2560K, 99% used [0x00000000eda80000,0x00000000edcfe010,0x00000000edd00000)
  to   space 5120K, 0% used [0x00000000ed580000,0x00000000ed580000,0x00000000eda80000)
 ParOldGen       total 42496K, used 5414K [0x00000000c2a00000, 0x00000000c5380000, 0x00000000eb900000)
  object space 42496K, 12% used [0x00000000c2a00000,0x00000000c2f49970,0x00000000c5380000)
 Metaspace       used 13884K, capacity 14242K, committed 14592K, reserved 1062912K
  class space    used 1603K, capacity 1713K, committed 1792K, reserved 1048576K
Event: 42.525 GC heap after
Heap after GC invocations=8 (full 1):
 PSYoungGen      total 34304K, used 2638K [0x00000000eb900000, 0x00000000efc00000, 0x0000000100000000)
  eden space 29184K, 0% used [0x00000000eb900000,0x00000000eb900000,0x00000000ed580000)
  from space 5120K, 51% used [0x00000000ed580000,0x00000000ed813820,0x00000000eda80000)
  to   space 5120K, 0% used [0x00000000ef700000,0x00000000ef700000,0x00000000efc00000)
 ParOldGen       total 42496K, used 5414K [0x00000000c2a00000, 0x00000000c5380000, 0x00000000eb900000)
  object space 42496K, 12% used [0x00000000c2a00000,0x00000000c2f49970,0x00000000c5380000)
 Metaspace       used 13884K, capacity 14242K, committed 14592K, reserved 1062912K
  class space    used 1603K, capacity 1713K, committed 1792K, reserved 1048576K
}
Event: 42.741 GC heap before
{Heap before GC invocations=9 (full 1):
 PSYoungGen      total 34304K, used 31822K [0x00000000eb900000, 0x00000000efc00000, 0x0000000100000000)
  eden space 29184K, 100% used [0x00000000eb900000,0x00000000ed580000,0x00000000ed580000)
  from space 5120K, 51% used [0x00000000ed580000,0x00000000ed813820,0x00000000eda80000)
  to   space 5120K, 0% used [0x00000000ef700000,0x00000000ef700000,0x00000000efc00000)
 ParOldGen       total 42496K, used 5414K [0x00000000c2a00000, 0x00000000c5380000, 0x00000000eb900000)
  object space 42496K, 12% used [0x00000000c2a00000,0x00000000c2f49970,0x00000000c5380000)
 Metaspace       used 13886K, capacity 14242K, committed 14592K, reserved 1062912K
  class space    used 1603K, capacity 1713K, committed 1792K, reserved 1048576K
Event: 42.786 GC heap after
Heap after GC invocations=9 (full 1):
 PSYoungGen      total 63488K, used 1264K [0x00000000eb900000, 0x00000000efc00000, 0x0000000100000000)
  eden space 58368K, 0% used [0x00000000eb900000,0x00000000eb900000,0x00000000ef200000)
  from space 5120K, 24% used [0x00000000ef700000,0x00000000ef83c010,0x00000000efc00000)
  to   space 5120K, 0% used [0x00000000ef200000,0x00000000ef200000,0x00000000ef700000)
 ParOldGen       total 42496K, used 6866K [0x00000000c2a00000, 0x00000000c5380000, 0x00000000eb900000)
  object space 42496K, 16% used [0x00000000c2a00000,0x00000000c30b4bf8,0x00000000c5380000)
 Metaspace       used 13886K, capacity 14242K, committed 14592K, reserved 1062912K
  class space    used 1603K, capacity 1713K, committed 1792K, reserved 1048576K
}
Event: 43.896 GC heap before
{Heap before GC invocations=10 (full 1):
 PSYoungGen      total 63488K, used 59632K [0x00000000eb900000, 0x00000000efc00000, 0x0000000100000000)
  eden space 58368K, 100% used [0x00000000eb900000,0x00000000ef200000,0x00000000ef200000)
  from space 5120K, 24% used [0x00000000ef700000,0x00000000ef83c010,0x00000000efc00000)
  to   space 5120K, 0% used [0x00000000ef200000,0x00000000ef200000,0x00000000ef700000)
 ParOldGen       total 42496K, used 6866K [0x00000000c2a00000, 0x00000000c5380000, 0x00000000eb900000)
  object space 42496K, 16% used [0x00000000c2a00000,0x00000000c30b4bf8,0x00000000c5380000)
 Metaspace       used 13888K, capacity 14242K, committed 14592K, reserved 1062912K
  class space    used 1603K, capacity 1713K, committed 1792K, reserved 1048576K
Event: 43.952 GC heap after
Heap after GC invocations=10 (full 1):
 PSYoungGen      total 63488K, used 160K [0x00000000eb900000, 0x00000000f3600000, 0x0000000100000000)
  eden space 58368K, 0% used [0x00000000eb900000,0x00000000eb900000,0x00000000ef200000)
  from space 5120K, 3% used [0x00000000ef200000,0x00000000ef228000,0x00000000ef700000)
  to   space 5632K, 0% used [0x00000000f3080000,0x00000000f3080000,0x00000000f3600000)
 ParOldGen       total 42496K, used 7963K [0x00000000c2a00000, 0x00000000c5380000, 0x00000000eb900000)
  object space 42496K, 18% used [0x00000000c2a00000,0x00000000c31c6c08,0x00000000c5380000)
 Metaspace       used 13888K, capacity 14242K, committed 14592K, reserved 1062912K
  class space    used 1603K, capacity 1713K, committed 1792K, reserved 1048576K
}
Event: 44.377 GC heap before
{Heap before GC invocations=11 (full 1):
 PSYoungGen      total 63488K, used 58528K [0x00000000eb900000, 0x00000000f3600000, 0x0000000100000000)
  eden space 58368K, 100% used [0x00000000eb900000,0x00000000ef200000,0x00000000ef200000)
  from space 5120K, 3% used [0x00000000ef200000,0x00000000ef228000,0x00000000ef700000)
  to   space 5632K, 0% used [0x00000000f3080000,0x00000000f3080000,0x00000000f3600000)
 ParOldGen       total 42496K, used 7963K [0x00000000c2a00000, 0x00000000c5380000, 0x00000000eb900000)
  object space 42496K, 18% used [0x00000000c2a00000,0x00000000c31c6c08,0x00000000c5380000)
 Metaspace       used 13888K, capacity 14242K, committed 14592K, reserved 1062912K
  class space    used 1603K, capacity 1713K, committed 1792K, reserved 1048576K
Event: 45.232 GC heap after
Heap after GC invocations=11 (full 1):
 PSYoungGen      total 94208K, used 224K [0x00000000eb900000, 0x00000000f3100000, 0x0000000100000000)
  eden space 93696K, 0% used [0x00000000eb900000,0x00000000eb900000,0x00000000f1480000)
  from space 512K, 43% used [0x00000000f3080000,0x00000000f30b8000,0x00000000f3100000)
  to   space 5632K, 0% used [0x00000000f2600000,0x00000000f2600000,0x00000000f2b80000)
 ParOldGen       total 42496K, used 8019K [0x00000000c2a00000, 0x00000000c5380000, 0x00000000eb900000)
  object space 42496K, 18% used [0x00000000c2a00000,0x00000000c31d4c08,0x00000000c5380000)
 Metaspace       used 13888K, capacity 14242K, committed 14592K, reserved 1062912K
  class space    used 1603K, capacity 1713K, committed 1792K, reserved 1048576K
}
Event: 46.175 GC heap before
{Heap before GC invocations=12 (full 1):
 PSYoungGen      total 94208K, used 93920K [0x00000000eb900000, 0x00000000f3100000, 0x0000000100000000)
  eden space 93696K, 100% used [0x00000000eb900000,0x00000000f1480000,0x00000000f1480000)
  from space 512K, 43% used [0x00000000f3080000,0x00000000f30b8000,0x00000000f3100000)
  to   space 5632K, 0% used [0x00000000f2600000,0x00000000f2600000,0x00000000f2b80000)
 ParOldGen       total 42496K, used 8019K [0x00000000c2a00000, 0x00000000c5380000, 0x00000000eb900000)
  object space 42496K, 18% used [0x00000000c2a00000,0x00000000c31d4c08,0x00000000c5380000)
 Metaspace       used 13890K, capacity 14242K, committed 14592K, reserved 1062912K
  class space    used 1603K, capacity 1713K, committed 1792K, reserved 1048576K

