# JRE version: Java(TM) SE Runtime Environment (8.0_201-b09) (build 1.8.0_201-b09)
# Java VM: Java HotSpot(TM) 64-Bit Server VM (25.201-b09 mixed mode linux-amd64 compressed oops)
Heap:
 PSYoungGen      total 290816K, used 2984K [0x00000000eb900000, 0x00000000ffe80000, 0x0000000100000000)
  eden space 246784K, 0% used [0x00000000eb900000,0x00000000eb900000,0x00000000faa00000)
  from space 44032K, 6% used [0x00000000faa00000,0x00000000facea2c0,0x00000000fd500000)
  to   space 41472K, 0% used [0x00000000fd600000,0x00000000fd600000,0x00000000ffe80000)
 ParOldGen       total 75264K, used 74985K [0x00000000c2a00000, 0x00000000c7380000, 0x00000000eb900000)
  object space 75264K, 99% used [0x00000000c2a00000,0x00000000c733a490,0x00000000c7380000)
 Metaspace       used 23389K, capacity 24046K, committed 24192K, reserved 1071104K
  class space    used 2496K, capacity 2679K, committed 2688K, reserved 1048576K
GC Heap History (10 events):
Event: 72.285 GC heap after
Heap after GC invocations=15 (full 2):
 PSYoungGen      total 251392K, used 25056K [0x00000000eb900000, 0x0000000100000000, 0x0000000100000000)
  eden space 226304K, 0% used [0x00000000eb900000,0x00000000eb900000,0x00000000f9600000)
  from space 25088K, 99% used [0x00000000f9600000,0x00000000fae78020,0x00000000fae80000)
  to   space 32256K, 0% used [0x00000000fe080000,0x00000000fe080000,0x0000000100000000)
 ParOldGen       total 75264K, used 48150K [0x00000000c2a00000, 0x00000000c7380000, 0x00000000eb900000)
  object space 75264K, 63% used [0x00000000c2a00000,0x00000000c5905888,0x00000000c7380000)
 Metaspace       used 23129K, capacity 23730K, committed 23936K, reserved 1071104K
  class space    used 2489K, capacity 2669K, committed 2688K, reserved 1048576K
}
Event: 78.646 GC heap before
{Heap before GC invocations=16 (full 2):
 PSYoungGen      total 251392K, used 251360K [0x00000000eb900000, 0x0000000100000000, 0x0000000100000000)
  eden space 226304K, 100% used [0x00000000eb900000,0x00000000f9600000,0x00000000f9600000)
  from space 25088K, 99% used [0x00000000f9600000,0x00000000fae78020,0x00000000fae80000)
  to   space 32256K, 0% used [0x00000000fe080000,0x00000000fe080000,0x0000000100000000)
 ParOldGen       total 75264K, used 48150K [0x00000000c2a00000, 0x00000000c7380000, 0x00000000eb900000)
  object space 75264K, 63% used [0x00000000c2a00000,0x00000000c5905888,0x00000000c7380000)
 Metaspace       used 23347K, capacity 24004K, committed 24192K, reserved 1071104K
  class space    used 2492K, capacity 2672K, committed 2688K, reserved 1048576K
Event: 78.882 GC heap after
Heap after GC invocations=16 (full 2):
 PSYoungGen      total 294400K, used 28317K [0x00000000eb900000, 0x0000000100000000, 0x0000000100000000)
  eden space 262144K, 0% used [0x00000000eb900000,0x00000000eb900000,0x00000000fb900000)
  from space 32256K, 87% used [0x00000000fe080000,0x00000000ffc27708,0x0000000100000000)
  to   space 36352K, 0% used [0x00000000fb900000,0x00000000fb900000,0x00000000fdc80000)
 ParOldGen       total 75264K, used 56007K [0x00000000c2a00000, 0x00000000c7380000, 0x00000000eb900000)
  object space 75264K, 74% used [0x00000000c2a00000,0x00000000c60b1c00,0x00000000c7380000)
 Metaspace       used 23347K, capacity 24004K, committed 24192K, reserved 1071104K
  class space    used 2492K, capacity 2672K, committed 2688K, reserved 1048576K
}
Event: 80.633 GC heap before
{Heap before GC invocations=17 (full 2):
 PSYoungGen      total 294400K, used 290461K [0x00000000eb900000, 0x0000000100000000, 0x0000000100000000)
  eden space 262144K, 100% used [0x00000000eb900000,0x00000000fb900000,0x00000000fb900000)
  from space 32256K, 87% used [0x00000000fe080000,0x00000000ffc27708,0x0000000100000000)
  to   space 36352K, 0% used [0x00000000fb900000,0x00000000fb900000,0x00000000fdc80000)
 ParOldGen       total 75264K, used 56007K [0x00000000c2a00000, 0x00000000c7380000, 0x00000000eb900000)
  object space 75264K, 74% used [0x00000000c2a00000,0x00000000c60b1c00,0x00000000c7380000)
 Metaspace       used 23377K, capacity 24034K, committed 24192K, reserved 1071104K
  class space    used 2495K, capacity 2677K, committed 2688K, reserved 1048576K
Event: 80.724 GC heap after
Heap after GC invocations=17 (full 2):
 PSYoungGen      total 293376K, used 31012K [0x00000000eb900000, 0x0000000100000000, 0x0000000100000000)
  eden space 262144K, 0% used [0x00000000eb900000,0x00000000eb900000,0x00000000fb900000)
  from space 31232K, 99% used [0x00000000fb900000,0x00000000fd749368,0x00000000fd780000)
  to   space 40448K, 0% used [0x00000000fd880000,0x00000000fd880000,0x0000000100000000)
 ParOldGen       total 75264K, used 56015K [0x00000000c2a00000, 0x00000000c7380000, 0x00000000eb900000)
  object space 75264K, 74% used [0x00000000c2a00000,0x00000000c60b3c00,0x00000000c7380000)
 Metaspace       used 23377K, capacity 24034K, committed 24192K, reserved 1071104K
  class space    used 2495K, capacity 2677K, committed 2688K, reserved 1048576K
}
Event: 81.372 GC heap before
{Heap before GC invocations=18 (full 2):
 PSYoungGen      total 293376K, used 293156K [0x00000000eb900000, 0x0000000100000000, 0x0000000100000000)
  eden space 262144K, 100% used [0x00000000eb900000,0x00000000fb900000,0x00000000fb900000)
  from space 31232K, 99% used [0x00000000fb900000,0x00000000fd749368,0x00000000fd780000)
  to   space 40448K, 0% used [0x00000000fd880000,0x00000000fd880000,0x0000000100000000)
 ParOldGen       total 75264K, used 56015K [0x00000000c2a00000, 0x00000000c7380000, 0x00000000eb900000)
  object space 75264K, 74% used [0x00000000c2a00000,0x00000000c60b3c00,0x00000000c7380000)
 Metaspace       used 23377K, capacity 24034K, committed 24192K, reserved 1071104K
  class space    used 2495K, capacity 2677K, committed 2688K, reserved 1048576K
Event: 81.448 GC heap after
Heap after GC invocations=18 (full 2):
 PSYoungGen      total 287232K, used 32445K [0x00000000eb900000, 0x0000000100000000, 0x0000000100000000)
  eden space 246784K, 0% used [0x00000000eb900000,0x00000000eb900000,0x00000000faa00000)
  from space 40448K, 80% used [0x00000000fd880000,0x00000000ff82f770,0x0000000100000000)
  to   space 44032K, 0% used [0x00000000faa00000,0x00000000faa00000,0x00000000fd500000)
 ParOldGen       total 75264K, used 56015K [0x00000000c2a00000, 0x00000000c7380000, 0x00000000eb900000)
  object space 75264K, 74% used [0x00000000c2a00000,0x00000000c60b3c00,0x00000000c7380000)
 Metaspace       used 23377K, capacity 24034K, committed 24192K, reserved 1071104K
  class space    used 2495K, capacity 2677K, committed 2688K, reserved 1048576K
}
Event: 83.469 GC heap before
{Heap before GC invocations=19 (full 2):
 PSYoungGen      total 287232K, used 279229K [0x00000000eb900000, 0x0000000100000000, 0x0000000100000000)
  eden space 246784K, 100% used [0x00000000eb900000,0x00000000faa00000,0x00000000faa00000)
  from space 40448K, 80% used [0x00000000fd880000,0x00000000ff82f770,0x0000000100000000)
  to   space 44032K, 0% used [0x00000000faa00000,0x00000000faa00000,0x00000000fd500000)
 ParOldGen       total 75264K, used 56015K [0x00000000c2a00000, 0x00000000c7380000, 0x00000000eb900000)
  object space 75264K, 74% used [0x00000000c2a00000,0x00000000c60b3c00,0x00000000c7380000)
 Metaspace       used 23389K, capacity 24046K, committed 24192K, reserved 1071104K
  class space    used 2496K, capacity 2679K, committed 2688K, reserved 1048576K
Event: 83.613 GC heap after
Heap after GC invocations=19 (full 2):
 PSYoungGen      total 290816K, used 16896K [0x00000000eb900000, 0x00000000ffe80000, 0x0000000100000000)
  eden space 246784K, 0% used [0x00000000eb900000,0x00000000eb900000,0x00000000faa00000)
  from space 44032K, 38% used [0x00000000faa00000,0x00000000fba80000,0x00000000fd500000)
  to   space 41472K, 0% used [0x00000000fd600000,0x00000000fd600000,0x00000000ffe80000)
 ParOldGen       total 75264K, used 70181K [0x00000000c2a00000, 0x00000000c7380000, 0x00000000eb900000)
  object space 75264K, 93% used [0x00000000c2a00000,0x00000000c6e89420,0x00000000c7380000)
 Metaspace       used 23389K, capacity 24046K, committed 24192K, reserved 1071104K
  class space    used 2496K, capacity 2679K, committed 2688K, reserved 1048576K
}
Event: 83.613 GC heap before
{Heap before GC invocations=20 (full 3):
 PSYoungGen      total 290816K, used 16896K [0x00000000eb900000, 0x00000000ffe80000, 0x0000000100000000)
  eden space 246784K, 0% used [0x00000000eb900000,0x00000000eb900000,0x00000000faa00000)
  from space 44032K, 38% used [0x00000000faa00000,0x00000000fba80000,0x00000000fd500000)
  to   space 41472K, 0% used [0x00000000fd600000,0x00000000fd600000,0x00000000ffe80000)
 ParOldGen       total 75264K, used 70181K [0x00000000c2a00000, 0x00000000c7380000, 0x00000000eb900000)
  object space 75264K, 93% used [0x00000000c2a00000,0x00000000c6e89420,0x00000000c7380000)
 Metaspace       used 23389K, capacity 24046K, committed 24192K, reserved 1071104K
  class space    used 2496K, capacity 2679K, committed 2688K, reserved 1048576K

