# JRE version: Java(TM) SE Runtime Environment (8.0_201-b09) (build 1.8.0_201-b09)
# Java VM: Java HotSpot(TM) 64-Bit Server VM (25.201-b09 mixed mode linux-amd64 compressed oops)
Heap:
 PSYoungGen      total 266752K, used 65357K [0x00000000eb900000, 0x00000000ff980000, 0x0000000100000000)
  eden space 211456K, 18% used [0x00000000eb900000,0x00000000edf14a20,0x00000000f8780000)
  from space 55296K, 47% used [0x00000000fc380000,0x00000000fdd3eae8,0x00000000ff980000)
  to   space 58368K, 0% used [0x00000000f8780000,0x00000000f8780000,0x00000000fc080000)
 ParOldGen       total 163840K, used 102310K [0x00000000c2a00000, 0x00000000cca00000, 0x00000000eb900000)
  object space 163840K, 62% used [0x00000000c2a00000,0x00000000c8de9a00,0x00000000cca00000)
 Metaspace       used 39394K, capacity 41476K, committed 41600K, reserved 1087488K
  class space    used 3981K, capacity 4463K, committed 4480K, reserved 1048576K
GC Heap History (10 events):
Event: 152.720 GC heap before
{Heap before GC invocations=40 (full 4):
 PSYoungGen      total 257536K, used 51702K [0x00000000eb900000, 0x0000000100000000, 0x0000000100000000)
  eden space 205824K, 0% used [0x00000000eb900000,0x00000000eb900000,0x00000000f8200000)
  from space 51712K, 99% used [0x00000000fcd80000,0x00000000ffffdb40,0x0000000100000000)
  to   space 64512K, 0% used [0x00000000f8200000,0x00000000f8200000,0x00000000fc100000)
 ParOldGen       total 115712K, used 109547K [0x00000000c2a00000, 0x00000000c9b00000, 0x00000000eb900000)
  object space 115712K, 94% used [0x00000000c2a00000,0x00000000c94fae18,0x00000000c9b00000)
 Metaspace       used 30440K, capacity 31200K, committed 31360K, reserved 1077248K
  class space    used 3182K, capacity 3374K, committed 3456K, reserved 1048576K
Event: 153.444 GC heap after
Heap after GC invocations=40 (full 4):
 PSYoungGen      total 257536K, used 0K [0x00000000eb900000, 0x0000000100000000, 0x0000000100000000)
  eden space 205824K, 0% used [0x00000000eb900000,0x00000000eb900000,0x00000000f8200000)
  from space 51712K, 0% used [0x00000000fcd80000,0x00000000fcd80000,0x0000000100000000)
  to   space 64512K, 0% used [0x00000000f8200000,0x00000000f8200000,0x00000000fc100000)
 ParOldGen       total 163840K, used 102286K [0x00000000c2a00000, 0x00000000cca00000, 0x00000000eb900000)
  object space 163840K, 62% used [0x00000000c2a00000,0x00000000c8de3a00,0x00000000cca00000)
 Metaspace       used 30440K, capacity 31200K, committed 31360K, reserved 1077248K
  class space    used 3182K, capacity 3374K, committed 3456K, reserved 1048576K
}
Event: 156.240 GC heap before
{Heap before GC invocations=41 (full 4):
 PSYoungGen      total 257536K, used 205824K [0x00000000eb900000, 0x0000000100000000, 0x0000000100000000)
  eden space 205824K, 100% used [0x00000000eb900000,0x00000000f8200000,0x00000000f8200000)
  from space 51712K, 0% used [0x00000000fcd80000,0x00000000fcd80000,0x0000000100000000)
  to   space 64512K, 0% used [0x00000000f8200000,0x00000000f8200000,0x00000000fc100000)
 ParOldGen       total 163840K, used 102286K [0x00000000c2a00000, 0x00000000cca00000, 0x00000000eb900000)
  object space 163840K, 62% used [0x00000000c2a00000,0x00000000c8de3a00,0x00000000cca00000)
 Metaspace       used 30641K, capacity 31392K, committed 31616K, reserved 1077248K
  class space    used 3182K, capacity 3374K, committed 3456K, reserved 1048576K
Event: 156.266 GC heap after
Heap after GC invocations=41 (full 4):
 PSYoungGen      total 270336K, used 20443K [0x00000000eb900000, 0x0000000100000000, 0x0000000100000000)
  eden space 205824K, 0% used [0x00000000eb900000,0x00000000eb900000,0x00000000f8200000)
  from space 64512K, 31% used [0x00000000f8200000,0x00000000f95f6f80,0x00000000fc100000)
  to   space 64000K, 0% used [0x00000000fc180000,0x00000000fc180000,0x0000000100000000)
 ParOldGen       total 163840K, used 102294K [0x00000000c2a00000, 0x00000000cca00000, 0x00000000eb900000)
  object space 163840K, 62% used [0x00000000c2a00000,0x00000000c8de5a00,0x00000000cca00000)
 Metaspace       used 30641K, capacity 31392K, committed 31616K, reserved 1077248K
  class space    used 3182K, capacity 3374K, committed 3456K, reserved 1048576K
}
Event: 164.229 GC heap before
{Heap before GC invocations=42 (full 4):
 PSYoungGen      total 270336K, used 226267K [0x00000000eb900000, 0x0000000100000000, 0x0000000100000000)
  eden space 205824K, 100% used [0x00000000eb900000,0x00000000f8200000,0x00000000f8200000)
  from space 64512K, 31% used [0x00000000f8200000,0x00000000f95f6f80,0x00000000fc100000)
  to   space 64000K, 0% used [0x00000000fc180000,0x00000000fc180000,0x0000000100000000)
 ParOldGen       total 163840K, used 102294K [0x00000000c2a00000, 0x00000000cca00000, 0x00000000eb900000)
  object space 163840K, 62% used [0x00000000c2a00000,0x00000000c8de5a00,0x00000000cca00000)
 Metaspace       used 34741K, capacity 35820K, committed 35968K, reserved 1081344K
  class space    used 3619K, capacity 3891K, committed 3968K, reserved 1048576K
Event: 164.253 GC heap after
Heap after GC invocations=42 (full 4):
 PSYoungGen      total 266752K, used 21184K [0x00000000eb900000, 0x00000000ffc80000, 0x0000000100000000)
  eden space 206336K, 0% used [0x00000000eb900000,0x00000000eb900000,0x00000000f8280000)
  from space 60416K, 35% used [0x00000000fc180000,0x00000000fd630368,0x00000000ffc80000)
  to   space 62464K, 0% used [0x00000000f8280000,0x00000000f8280000,0x00000000fbf80000)
 ParOldGen       total 163840K, used 102302K [0x00000000c2a00000, 0x00000000cca00000, 0x00000000eb900000)
  object space 163840K, 62% used [0x00000000c2a00000,0x00000000c8de7a00,0x00000000cca00000)
 Metaspace       used 34741K, capacity 35820K, committed 35968K, reserved 1081344K
  class space    used 3619K, capacity 3891K, committed 3968K, reserved 1048576K
}
Event: 174.017 GC heap before
{Heap before GC invocations=43 (full 4):
 PSYoungGen      total 266752K, used 227520K [0x00000000eb900000, 0x00000000ffc80000, 0x0000000100000000)
  eden space 206336K, 100% used [0x00000000eb900000,0x00000000f8280000,0x00000000f8280000)
  from space 60416K, 35% used [0x00000000fc180000,0x00000000fd630368,0x00000000ffc80000)
  to   space 62464K, 0% used [0x00000000f8280000,0x00000000f8280000,0x00000000fbf80000)
 ParOldGen       total 163840K, used 102302K [0x00000000c2a00000, 0x00000000cca00000, 0x00000000eb900000)
  object space 163840K, 62% used [0x00000000c2a00000,0x00000000c8de7a00,0x00000000cca00000)
 Metaspace       used 36952K, capacity 38492K, committed 38784K, reserved 1083392K
  class space    used 3789K, capacity 4163K, committed 4224K, reserved 1048576K
Event: 174.045 GC heap after
Heap after GC invocations=43 (full 4):
 PSYoungGen      total 268800K, used 23178K [0x00000000eb900000, 0x00000000fff00000, 0x0000000100000000)
  eden space 206336K, 0% used [0x00000000eb900000,0x00000000eb900000,0x00000000f8280000)
  from space 62464K, 37% used [0x00000000f8280000,0x00000000f9922a30,0x00000000fbf80000)
  to   space 60928K, 0% used [0x00000000fc380000,0x00000000fc380000,0x00000000fff00000)
 ParOldGen       total 163840K, used 102310K [0x00000000c2a00000, 0x00000000cca00000, 0x00000000eb900000)
  object space 163840K, 62% used [0x00000000c2a00000,0x00000000c8de9a00,0x00000000cca00000)
 Metaspace       used 36952K, capacity 38492K, committed 38784K, reserved 1083392K
  class space    used 3789K, capacity 4163K, committed 4224K, reserved 1048576K
}
Event: 184.624 GC heap before
{Heap before GC invocations=44 (full 4):
 PSYoungGen      total 268800K, used 229514K [0x00000000eb900000, 0x00000000fff00000, 0x0000000100000000)
  eden space 206336K, 100% used [0x00000000eb900000,0x00000000f8280000,0x00000000f8280000)
  from space 62464K, 37% used [0x00000000f8280000,0x00000000f9922a30,0x00000000fbf80000)
  to   space 60928K, 0% used [0x00000000fc380000,0x00000000fc380000,0x00000000fff00000)
 ParOldGen       total 163840K, used 102310K [0x00000000c2a00000, 0x00000000cca00000, 0x00000000eb900000)
  object space 163840K, 62% used [0x00000000c2a00000,0x00000000c8de9a00,0x00000000cca00000)
 Metaspace       used 38954K, capacity 40972K, committed 41088K, reserved 1085440K
  class space    used 3955K, capacity 4423K, committed 4480K, reserved 1048576K
Event: 184.647 GC heap after
Heap after GC invocations=44 (full 4):
 PSYoungGen      total 266752K, used 26362K [0x00000000eb900000, 0x00000000ff980000, 0x0000000100000000)
  eden space 211456K, 0% used [0x00000000eb900000,0x00000000eb900000,0x00000000f8780000)
  from space 55296K, 47% used [0x00000000fc380000,0x00000000fdd3eae8,0x00000000ff980000)
  to   space 58368K, 0% used [0x00000000f8780000,0x00000000f8780000,0x00000000fc080000)
 ParOldGen       total 163840K, used 102310K [0x00000000c2a00000, 0x00000000cca00000, 0x00000000eb900000)
  object space 163840K, 62% used [0x00000000c2a00000,0x00000000c8de9a00,0x00000000cca00000)
 Metaspace       used 38954K, capacity 40972K, committed 41088K, reserved 1085440K
  class space    used 3955K, capacity 4423K, committed 4480K, reserved 1048576K
}

