# JRE version: Java(TM) SE Runtime Environment (8.0_201-b09) (build 1.8.0_201-b09)
# Java VM: Java HotSpot(TM) 64-Bit Server VM (25.201-b09 mixed mode linux-amd64 compressed oops)
Heap:
 PSYoungGen      total 66048K, used 4592K [0x00000000eb900000, 0x00000000f0000000, 0x0000000100000000)
  eden space 61440K, 0% used [0x00000000eb900000,0x00000000eb900000,0x00000000ef500000)
  from space 4608K, 99% used [0x00000000ef500000,0x00000000ef97c050,0x00000000ef980000)
  to   space 2560K, 0% used [0x00000000ef980000,0x00000000ef980000,0x00000000efc00000)
 ParOldGen       total 42496K, used 8650K [0x00000000c2a00000, 0x00000000c5380000, 0x00000000eb900000)
  object space 42496K, 20% used [0x00000000c2a00000,0x00000000c3272b40,0x00000000c5380000)
 Metaspace       used 13739K, capacity 14072K, committed 14336K, reserved 1062912K
  class space    used 1562K, capacity 1664K, committed 1792K, reserved 1048576K
GC Heap History (10 events):
Event: 28.854 GC heap after
Heap after GC invocations=3 (full 1):
 PSYoungGen      total 18432K, used 2553K [0x00000000eb900000, 0x00000000ecd80000, 0x0000000100000000)
  eden space 15872K, 0% used [0x00000000eb900000,0x00000000eb900000,0x00000000ec880000)
  from space 2560K, 99% used [0x00000000ecb00000,0x00000000ecd7e7f8,0x00000000ecd80000)
  to   space 2560K, 0% used [0x00000000ec880000,0x00000000ec880000,0x00000000ecb00000)
 ParOldGen       total 42496K, used 5297K [0x00000000c2a00000, 0x00000000c5380000, 0x00000000eb900000)
  object space 42496K, 12% used [0x00000000c2a00000,0x00000000c2f2c468,0x00000000c5380000)
 Metaspace       used 13301K, capacity 13682K, committed 13824K, reserved 1060864K
  class space    used 1561K, capacity 1663K, committed 1792K, reserved 1048576K
}
Event: 32.062 GC heap before
{Heap before GC invocations=4 (full 1):
 PSYoungGen      total 18432K, used 18425K [0x00000000eb900000, 0x00000000ecd80000, 0x0000000100000000)
  eden space 15872K, 100% used [0x00000000eb900000,0x00000000ec880000,0x00000000ec880000)
  from space 2560K, 99% used [0x00000000ecb00000,0x00000000ecd7e7f8,0x00000000ecd80000)
  to   space 2560K, 0% used [0x00000000ec880000,0x00000000ec880000,0x00000000ecb00000)
 ParOldGen       total 42496K, used 5297K [0x00000000c2a00000, 0x00000000c5380000, 0x00000000eb900000)
  object space 42496K, 12% used [0x00000000c2a00000,0x00000000c2f2c468,0x00000000c5380000)
 Metaspace       used 13463K, capacity 13816K, committed 14080K, reserved 1060864K
  class space    used 1562K, capacity 1664K, committed 1792K, reserved 1048576K
Event: 32.153 GC heap after
Heap after GC invocations=4 (full 1):
 PSYoungGen      total 18432K, used 2552K [0x00000000eb900000, 0x00000000edd00000, 0x0000000100000000)
  eden space 15872K, 0% used [0x00000000eb900000,0x00000000eb900000,0x00000000ec880000)
  from space 2560K, 99% used [0x00000000ec880000,0x00000000ecafe030,0x00000000ecb00000)
  to   space 2560K, 0% used [0x00000000eda80000,0x00000000eda80000,0x00000000edd00000)
 ParOldGen       total 42496K, used 5827K [0x00000000c2a00000, 0x00000000c5380000, 0x00000000eb900000)
  object space 42496K, 13% used [0x00000000c2a00000,0x00000000c2fb0e20,0x00000000c5380000)
 Metaspace       used 13463K, capacity 13816K, committed 14080K, reserved 1060864K
  class space    used 1562K, capacity 1664K, committed 1792K, reserved 1048576K
}
Event: 32.974 GC heap before
{Heap before GC invocations=5 (full 1):
 PSYoungGen      total 18432K, used 18424K [0x00000000eb900000, 0x00000000edd00000, 0x0000000100000000)
  eden space 15872K, 100% used [0x00000000eb900000,0x00000000ec880000,0x00000000ec880000)
  from space 2560K, 99% used [0x00000000ec880000,0x00000000ecafe030,0x00000000ecb00000)
  to   space 2560K, 0% used [0x00000000eda80000,0x00000000eda80000,0x00000000edd00000)
 ParOldGen       total 42496K, used 5827K [0x00000000c2a00000, 0x00000000c5380000, 0x00000000eb900000)
  object space 42496K, 13% used [0x00000000c2a00000,0x00000000c2fb0e20,0x00000000c5380000)
 Metaspace       used 13503K, capacity 13880K, committed 14080K, reserved 1060864K
  class space    used 1562K, capacity 1664K, committed 1792K, reserved 1048576K
Event: 32.989 GC heap after
Heap after GC invocations=5 (full 1):
 PSYoungGen      total 34304K, used 2528K [0x00000000eb900000, 0x00000000edd00000, 0x0000000100000000)
  eden space 31744K, 0% used [0x00000000eb900000,0x00000000eb900000,0x00000000ed800000)
  from space 2560K, 98% used [0x00000000eda80000,0x00000000edcf8020,0x00000000edd00000)
  to   space 2560K, 0% used [0x00000000ed800000,0x00000000ed800000,0x00000000eda80000)
 ParOldGen       total 42496K, used 6350K [0x00000000c2a00000, 0x00000000c5380000, 0x00000000eb900000)
  object space 42496K, 14% used [0x00000000c2a00000,0x00000000c3033a70,0x00000000c5380000)
 Metaspace       used 13503K, capacity 13880K, committed 14080K, reserved 1060864K
  class space    used 1562K, capacity 1664K, committed 1792K, reserved 1048576K
}
Event: 35.790 GC heap before
{Heap before GC invocations=6 (full 1):
 PSYoungGen      total 34304K, used 34272K [0x00000000eb900000, 0x00000000edd00000, 0x0000000100000000)
  eden space 31744K, 100% used [0x00000000eb900000,0x00000000ed800000,0x00000000ed800000)
  from space 2560K, 98% used [0x00000000eda80000,0x00000000edcf8020,0x00000000edd00000)
  to   space 2560K, 0% used [0x00000000ed800000,0x00000000ed800000,0x00000000eda80000)
 ParOldGen       total 42496K, used 6350K [0x00000000c2a00000, 0x00000000c5380000, 0x00000000eb900000)
  object space 42496K, 14% used [0x00000000c2a00000,0x00000000c3033a70,0x00000000c5380000)
 Metaspace       used 13556K, capacity 13880K, committed 14080K, reserved 1060864K
  class space    used 1562K, capacity 1664K, committed 1792K, reserved 1048576K
Event: 35.804 GC heap after
Heap after GC invocations=6 (full 1):
 PSYoungGen      total 34304K, used 2560K [0x00000000eb900000, 0x00000000efc00000, 0x0000000100000000)
  eden space 31744K, 0% used [0x00000000eb900000,0x00000000eb900000,0x00000000ed800000)
  from space 2560K, 100% used [0x00000000ed800000,0x00000000eda80000,0x00000000eda80000)
  to   space 2560K, 0% used [0x00000000ef980000,0x00000000ef980000,0x00000000efc00000)
 ParOldGen       total 42496K, used 6534K [0x00000000c2a00000, 0x00000000c5380000, 0x00000000eb900000)
  object space 42496K, 15% used [0x00000000c2a00000,0x00000000c3061ac0,0x00000000c5380000)
 Metaspace       used 13556K, capacity 13880K, committed 14080K, reserved 1060864K
  class space    used 1562K, capacity 1664K, committed 1792K, reserved 1048576K
}
Event: 37.007 GC heap before
{Heap before GC invocations=7 (full 1):
 PSYoungGen      total 34304K, used 34304K [0x00000000eb900000, 0x00000000efc00000, 0x0000000100000000)
  eden space 31744K, 100% used [0x00000000eb900000,0x00000000ed800000,0x00000000ed800000)
  from space 2560K, 100% used [0x00000000ed800000,0x00000000eda80000,0x00000000eda80000)
  to   space 2560K, 0% used [0x00000000ef980000,0x00000000ef980000,0x00000000efc00000)
 ParOldGen       total 42496K, used 6534K [0x00000000c2a00000, 0x00000000c5380000, 0x00000000eb900000)
  object space 42496K, 15% used [0x00000000c2a00000,0x00000000c3061ac0,0x00000000c5380000)
 Metaspace       used 13656K, capacity 14008K, committed 14336K, reserved 1062912K
  class space    used 1562K, capacity 1664K, committed 1792K, reserved 1048576K
Event: 37.037 GC heap after
Heap after GC invocations=7 (full 1):
 PSYoungGen      total 64000K, used 2560K [0x00000000eb900000, 0x00000000f0000000, 0x0000000100000000)
  eden space 61440K, 0% used [0x00000000eb900000,0x00000000eb900000,0x00000000ef500000)
  from space 2560K, 100% used [0x00000000ef980000,0x00000000efc00000,0x00000000efc00000)
  to   space 4608K, 0% used [0x00000000ef500000,0x00000000ef500000,0x00000000ef980000)
 ParOldGen       total 42496K, used 7542K [0x00000000c2a00000, 0x00000000c5380000, 0x00000000eb900000)
  object space 42496K, 17% used [0x00000000c2a00000,0x00000000c315db30,0x00000000c5380000)
 Metaspace       used 13656K, capacity 14008K, committed 14336K, reserved 1062912K
  class space    used 1562K, capacity 1664K, committed 1792K, reserved 1048576K
}
Event: 39.561 GC heap before
{Heap before GC invocations=8 (full 1):
 PSYoungGen      total 64000K, used 64000K [0x00000000eb900000, 0x00000000f0000000, 0x0000000100000000)
  eden space 61440K, 100% used [0x00000000eb900000,0x00000000ef500000,0x00000000ef500000)
  from space 2560K, 100% used [0x00000000ef980000,0x00000000efc00000,0x00000000efc00000)
  to   space 4608K, 0% used [0x00000000ef500000,0x00000000ef500000,0x00000000ef980000)
 ParOldGen       total 42496K, used 7542K [0x00000000c2a00000, 0x00000000c5380000, 0x00000000eb900000)
  object space 42496K, 17% used [0x00000000c2a00000,0x00000000c315db30,0x00000000c5380000)
 Metaspace       used 13739K, capacity 14072K, committed 14336K, reserved 1062912K
  class space    used 1562K, capacity 1664K, committed 1792K, reserved 1048576K

