# JRE version: Java(TM) SE Runtime Environment (8.0_201-b09) (build 1.8.0_201-b09)
# Java VM: Java HotSpot(TM) 64-Bit Server VM (25.201-b09 mixed mode linux-amd64 compressed oops)
Heap:
 PSYoungGen      total 123904K, used 55803K [0x00000000eb900000, 0x00000000f4500000, 0x0000000100000000)
  eden space 121344K, 43% used [0x00000000eb900000,0x00000000eed06c30,0x00000000f2f80000)
  from space 2560K, 98% used [0x00000000f3780000,0x00000000f39f8120,0x00000000f3a00000)
  to   space 8192K, 0% used [0x00000000f2f80000,0x00000000f2f80000,0x00000000f3780000)
 ParOldGen       total 42496K, used 15661K [0x00000000c2a00000, 0x00000000c5380000, 0x00000000eb900000)
  object space 42496K, 36% used [0x00000000c2a00000,0x00000000c394b5d8,0x00000000c5380000)
 Metaspace       used 14793K, capacity 15312K, committed 15360K, reserved 1062912K
  class space    used 1635K, capacity 1773K, committed 1792K, reserved 1048576K
GC Heap History (10 events):
Event: 2.360 GC heap before
{Heap before GC invocations=3 (full 1):
 PSYoungGen      total 34304K, used 2528K [0x00000000eb900000, 0x00000000edd00000, 0x0000000100000000)
  eden space 31744K, 0% used [0x00000000eb900000,0x00000000eb900000,0x00000000ed800000)
  from space 2560K, 98% used [0x00000000eda80000,0x00000000edcf8030,0x00000000edd00000)
  to   space 2560K, 0% used [0x00000000ed800000,0x00000000ed800000,0x00000000eda80000)
 ParOldGen       total 42496K, used 1675K [0x00000000c2a00000, 0x00000000c5380000, 0x00000000eb900000)
  object space 42496K, 3% used [0x00000000c2a00000,0x00000000c2ba2d70,0x00000000c5380000)
 Metaspace       used 10158K, capacity 10316K, committed 10624K, reserved 1058816K
  class space    used 1227K, capacity 1287K, committed 1408K, reserved 1048576K
Event: 2.404 GC heap after
Heap after GC invocations=3 (full 1):
 PSYoungGen      total 34304K, used 0K [0x00000000eb900000, 0x00000000edd00000, 0x0000000100000000)
  eden space 31744K, 0% used [0x00000000eb900000,0x00000000eb900000,0x00000000ed800000)
  from space 2560K, 0% used [0x00000000eda80000,0x00000000eda80000,0x00000000edd00000)
  to   space 2560K, 0% used [0x00000000ed800000,0x00000000ed800000,0x00000000eda80000)
 ParOldGen       total 42496K, used 2630K [0x00000000c2a00000, 0x00000000c5380000, 0x00000000eb900000)
  object space 42496K, 6% used [0x00000000c2a00000,0x00000000c2c91980,0x00000000c5380000)
 Metaspace       used 10150K, capacity 10306K, committed 10624K, reserved 1058816K
  class space    used 1225K, capacity 1285K, committed 1408K, reserved 1048576K
}
Event: 30.833 GC heap before
{Heap before GC invocations=4 (full 1):
 PSYoungGen      total 34304K, used 31744K [0x00000000eb900000, 0x00000000edd00000, 0x0000000100000000)
  eden space 31744K, 100% used [0x00000000eb900000,0x00000000ed800000,0x00000000ed800000)
  from space 2560K, 0% used [0x00000000eda80000,0x00000000eda80000,0x00000000edd00000)
  to   space 2560K, 0% used [0x00000000ed800000,0x00000000ed800000,0x00000000eda80000)
 ParOldGen       total 42496K, used 2630K [0x00000000c2a00000, 0x00000000c5380000, 0x00000000eb900000)
  object space 42496K, 6% used [0x00000000c2a00000,0x00000000c2c91980,0x00000000c5380000)
 Metaspace       used 13656K, capacity 14066K, committed 14336K, reserved 1062912K
  class space    used 1587K, capacity 1705K, committed 1792K, reserved 1048576K
Event: 34.877 GC heap after
Heap after GC invocations=4 (full 1):
 PSYoungGen      total 34304K, used 2560K [0x00000000eb900000, 0x00000000efc00000, 0x0000000100000000)
  eden space 31744K, 0% used [0x00000000eb900000,0x00000000eb900000,0x00000000ed800000)
  from space 2560K, 100% used [0x00000000ed800000,0x00000000eda80000,0x00000000eda80000)
  to   space 2560K, 0% used [0x00000000ef980000,0x00000000ef980000,0x00000000efc00000)
 ParOldGen       total 42496K, used 5240K [0x00000000c2a00000, 0x00000000c5380000, 0x00000000eb900000)
  object space 42496K, 12% used [0x00000000c2a00000,0x00000000c2f1e1d0,0x00000000c5380000)
 Metaspace       used 13656K, capacity 14066K, committed 14336K, reserved 1062912K
  class space    used 1587K, capacity 1705K, committed 1792K, reserved 1048576K
}
Event: 37.184 GC heap before
{Heap before GC invocations=5 (full 1):
 PSYoungGen      total 34304K, used 34304K [0x00000000eb900000, 0x00000000efc00000, 0x0000000100000000)
  eden space 31744K, 100% used [0x00000000eb900000,0x00000000ed800000,0x00000000ed800000)
  from space 2560K, 100% used [0x00000000ed800000,0x00000000eda80000,0x00000000eda80000)
  to   space 2560K, 0% used [0x00000000ef980000,0x00000000ef980000,0x00000000efc00000)
 ParOldGen       total 42496K, used 5240K [0x00000000c2a00000, 0x00000000c5380000, 0x00000000eb900000)
  object space 42496K, 12% used [0x00000000c2a00000,0x00000000c2f1e1d0,0x00000000c5380000)
 Metaspace       used 13821K, capacity 14194K, committed 14336K, reserved 1062912K
  class space    used 1587K, capacity 1705K, committed 1792K, reserved 1048576K
Event: 37.203 GC heap after
Heap after GC invocations=5 (full 1):
 PSYoungGen      total 66048K, used 2544K [0x00000000eb900000, 0x00000000efc00000, 0x0000000100000000)
  eden space 63488K, 0% used [0x00000000eb900000,0x00000000eb900000,0x00000000ef700000)
  from space 2560K, 99% used [0x00000000ef980000,0x00000000efbfc050,0x00000000efc00000)
  to   space 2560K, 0% used [0x00000000ef700000,0x00000000ef700000,0x00000000ef980000)
 ParOldGen       total 42496K, used 7883K [0x00000000c2a00000, 0x00000000c5380000, 0x00000000eb900000)
  object space 42496K, 18% used [0x00000000c2a00000,0x00000000c31b2d78,0x00000000c5380000)
 Metaspace       used 13821K, capacity 14194K, committed 14336K, reserved 1062912K
  class space    used 1587K, capacity 1705K, committed 1792K, reserved 1048576K
}
Event: 38.671 GC heap before
{Heap before GC invocations=6 (full 1):
 PSYoungGen      total 66048K, used 66032K [0x00000000eb900000, 0x00000000efc00000, 0x0000000100000000)
  eden space 63488K, 100% used [0x00000000eb900000,0x00000000ef700000,0x00000000ef700000)
  from space 2560K, 99% used [0x00000000ef980000,0x00000000efbfc050,0x00000000efc00000)
  to   space 2560K, 0% used [0x00000000ef700000,0x00000000ef700000,0x00000000ef980000)
 ParOldGen       total 42496K, used 7883K [0x00000000c2a00000, 0x00000000c5380000, 0x00000000eb900000)
  object space 42496K, 18% used [0x00000000c2a00000,0x00000000c31b2d78,0x00000000c5380000)
 Metaspace       used 13929K, capacity 14322K, committed 14592K, reserved 1062912K
  class space    used 1587K, capacity 1705K, committed 1792K, reserved 1048576K
Event: 38.702 GC heap after
Heap after GC invocations=6 (full 1):
 PSYoungGen      total 66048K, used 2528K [0x00000000eb900000, 0x00000000f3a00000, 0x0000000100000000)
  eden space 63488K, 0% used [0x00000000eb900000,0x00000000eb900000,0x00000000ef700000)
  from space 2560K, 98% used [0x00000000ef700000,0x00000000ef9780a0,0x00000000ef980000)
  to   space 2560K, 0% used [0x00000000f3780000,0x00000000f3780000,0x00000000f3a00000)
 ParOldGen       total 42496K, used 12013K [0x00000000c2a00000, 0x00000000c5380000, 0x00000000eb900000)
  object space 42496K, 28% used [0x00000000c2a00000,0x00000000c35bb400,0x00000000c5380000)
 Metaspace       used 13929K, capacity 14322K, committed 14592K, reserved 1062912K
  class space    used 1587K, capacity 1705K, committed 1792K, reserved 1048576K
}
Event: 39.686 GC heap before
{Heap before GC invocations=7 (full 1):
 PSYoungGen      total 66048K, used 66016K [0x00000000eb900000, 0x00000000f3a00000, 0x0000000100000000)
  eden space 63488K, 100% used [0x00000000eb900000,0x00000000ef700000,0x00000000ef700000)
  from space 2560K, 98% used [0x00000000ef700000,0x00000000ef9780a0,0x00000000ef980000)
  to   space 2560K, 0% used [0x00000000f3780000,0x00000000f3780000,0x00000000f3a00000)
 ParOldGen       total 42496K, used 12013K [0x00000000c2a00000, 0x00000000c5380000, 0x00000000eb900000)
  object space 42496K, 28% used [0x00000000c2a00000,0x00000000c35bb400,0x00000000c5380000)
 Metaspace       used 13980K, capacity 14386K, committed 14592K, reserved 1062912K
  class space    used 1588K, capacity 1705K, committed 1792K, reserved 1048576K
Event: 39.707 GC heap after
Heap after GC invocations=7 (full 1):
 PSYoungGen      total 123904K, used 2528K [0x00000000eb900000, 0x00000000f4500000, 0x0000000100000000)
  eden space 121344K, 0% used [0x00000000eb900000,0x00000000eb900000,0x00000000f2f80000)
  from space 2560K, 98% used [0x00000000f3780000,0x00000000f39f8120,0x00000000f3a00000)
  to   space 8192K, 0% used [0x00000000f2f80000,0x00000000f2f80000,0x00000000f3780000)
 ParOldGen       total 42496K, used 15661K [0x00000000c2a00000, 0x00000000c5380000, 0x00000000eb900000)
  object space 42496K, 36% used [0x00000000c2a00000,0x00000000c394b5d8,0x00000000c5380000)
 Metaspace       used 13980K, capacity 14386K, committed 14592K, reserved 1062912K
  class space    used 1588K, capacity 1705K, committed 1792K, reserved 1048576K
}

