# JRE version: Java(TM) SE Runtime Environment (8.0_201-b09) (build 1.8.0_201-b09)
# Java VM: Java HotSpot(TM) 64-Bit Server VM (25.201-b09 mixed mode linux-amd64 compressed oops)
Heap:
 PSYoungGen      total 279040K, used 6812K [0x00000000eb900000, 0x0000000100000000, 0x0000000100000000)
  eden space 247296K, 0% used [0x00000000eb900000,0x00000000eb900000,0x00000000faa80000)
  from space 31744K, 21% used [0x00000000faa80000,0x00000000fb127140,0x00000000fc980000)
  to   space 33792K, 0% used [0x00000000fdf00000,0x00000000fdf00000,0x0000000100000000)
 ParOldGen       total 75264K, used 75157K [0x00000000c2a00000, 0x00000000c7380000, 0x00000000eb900000)
  object space 75264K, 99% used [0x00000000c2a00000,0x00000000c73654f0,0x00000000c7380000)
 Metaspace       used 23400K, capacity 24086K, committed 24192K, reserved 1071104K
  class space    used 2492K, capacity 2673K, committed 2688K, reserved 1048576K
GC Heap History (10 events):
Event: 20.652 GC heap after
Heap after GC invocations=13 (full 2):
 PSYoungGen      total 225792K, used 4791K [0x00000000eb900000, 0x00000000fb580000, 0x0000000100000000)
  eden space 220672K, 0% used [0x00000000eb900000,0x00000000eb900000,0x00000000f9080000)
  from space 5120K, 93% used [0x00000000f9a00000,0x00000000f9eaddc0,0x00000000f9f00000)
  to   space 18944K, 0% used [0x00000000fa300000,0x00000000fa300000,0x00000000fb580000)
 ParOldGen       total 75264K, used 38820K [0x00000000c2a00000, 0x00000000c7380000, 0x00000000eb900000)
  object space 75264K, 51% used [0x00000000c2a00000,0x00000000c4fe9190,0x00000000c7380000)
 Metaspace       used 22178K, capacity 22562K, committed 22784K, reserved 1069056K
  class space    used 2406K, capacity 2541K, committed 2560K, reserved 1048576K
}
Event: 26.365 GC heap before
{Heap before GC invocations=14 (full 2):
 PSYoungGen      total 225792K, used 225463K [0x00000000eb900000, 0x00000000fb580000, 0x0000000100000000)
  eden space 220672K, 100% used [0x00000000eb900000,0x00000000f9080000,0x00000000f9080000)
  from space 5120K, 93% used [0x00000000f9a00000,0x00000000f9eaddc0,0x00000000f9f00000)
  to   space 18944K, 0% used [0x00000000fa300000,0x00000000fa300000,0x00000000fb580000)
 ParOldGen       total 75264K, used 38820K [0x00000000c2a00000, 0x00000000c7380000, 0x00000000eb900000)
  object space 75264K, 51% used [0x00000000c2a00000,0x00000000c4fe9190,0x00000000c7380000)
 Metaspace       used 23084K, capacity 23764K, committed 23936K, reserved 1071104K
  class space    used 2472K, capacity 2662K, committed 2688K, reserved 1048576K
Event: 26.479 GC heap after
Heap after GC invocations=14 (full 2):
 PSYoungGen      total 238592K, used 13485K [0x00000000eb900000, 0x00000000fdb00000, 0x0000000100000000)
  eden space 219648K, 0% used [0x00000000eb900000,0x00000000eb900000,0x00000000f8f80000)
  from space 18944K, 71% used [0x00000000fa300000,0x00000000fb02b738,0x00000000fb580000)
  to   space 19968K, 0% used [0x00000000f8f80000,0x00000000f8f80000,0x00000000fa300000)
 ParOldGen       total 75264K, used 38828K [0x00000000c2a00000, 0x00000000c7380000, 0x00000000eb900000)
  object space 75264K, 51% used [0x00000000c2a00000,0x00000000c4feb190,0x00000000c7380000)
 Metaspace       used 23084K, capacity 23764K, committed 23936K, reserved 1071104K
  class space    used 2472K, capacity 2662K, committed 2688K, reserved 1048576K
}
Event: 35.846 GC heap before
{Heap before GC invocations=15 (full 2):
 PSYoungGen      total 238592K, used 233133K [0x00000000eb900000, 0x00000000fdb00000, 0x0000000100000000)
  eden space 219648K, 100% used [0x00000000eb900000,0x00000000f8f80000,0x00000000f8f80000)
  from space 18944K, 71% used [0x00000000fa300000,0x00000000fb02b738,0x00000000fb580000)
  to   space 19968K, 0% used [0x00000000f8f80000,0x00000000f8f80000,0x00000000fa300000)
 ParOldGen       total 75264K, used 38828K [0x00000000c2a00000, 0x00000000c7380000, 0x00000000eb900000)
  object space 75264K, 51% used [0x00000000c2a00000,0x00000000c4feb190,0x00000000c7380000)
 Metaspace       used 23247K, capacity 23934K, committed 24192K, reserved 1071104K
  class space    used 2485K, capacity 2669K, committed 2688K, reserved 1048576K
Event: 35.964 GC heap after
Heap after GC invocations=15 (full 2):
 PSYoungGen      total 239616K, used 19936K [0x00000000eb900000, 0x00000000fe200000, 0x0000000100000000)
  eden space 219648K, 0% used [0x00000000eb900000,0x00000000eb900000,0x00000000f8f80000)
  from space 19968K, 99% used [0x00000000f8f80000,0x00000000fa2f8010,0x00000000fa300000)
  to   space 25088K, 0% used [0x00000000fc980000,0x00000000fc980000,0x00000000fe200000)
 ParOldGen       total 75264K, used 44760K [0x00000000c2a00000, 0x00000000c7380000, 0x00000000eb900000)
  object space 75264K, 59% used [0x00000000c2a00000,0x00000000c55b6000,0x00000000c7380000)
 Metaspace       used 23247K, capacity 23934K, committed 24192K, reserved 1071104K
  class space    used 2485K, capacity 2669K, committed 2688K, reserved 1048576K
}
Event: 40.101 GC heap before
{Heap before GC invocations=16 (full 2):
 PSYoungGen      total 239616K, used 239584K [0x00000000eb900000, 0x00000000fe200000, 0x0000000100000000)
  eden space 219648K, 100% used [0x00000000eb900000,0x00000000f8f80000,0x00000000f8f80000)
  from space 19968K, 99% used [0x00000000f8f80000,0x00000000fa2f8010,0x00000000fa300000)
  to   space 25088K, 0% used [0x00000000fc980000,0x00000000fc980000,0x00000000fe200000)
 ParOldGen       total 75264K, used 44760K [0x00000000c2a00000, 0x00000000c7380000, 0x00000000eb900000)
  object space 75264K, 59% used [0x00000000c2a00000,0x00000000c55b6000,0x00000000c7380000)
 Metaspace       used 23361K, capacity 24074K, committed 24192K, reserved 1071104K
  class space    used 2491K, capacity 2671K, committed 2688K, reserved 1048576K
Event: 40.254 GC heap after
Heap after GC invocations=16 (full 2):
 PSYoungGen      total 272384K, used 25072K [0x00000000eb900000, 0x00000000ff500000, 0x0000000100000000)
  eden space 247296K, 0% used [0x00000000eb900000,0x00000000eb900000,0x00000000faa80000)
  from space 25088K, 99% used [0x00000000fc980000,0x00000000fe1fc010,0x00000000fe200000)
  to   space 31744K, 0% used [0x00000000faa80000,0x00000000faa80000,0x00000000fc980000)
 ParOldGen       total 75264K, used 51413K [0x00000000c2a00000, 0x00000000c7380000, 0x00000000eb900000)
  object space 75264K, 68% used [0x00000000c2a00000,0x00000000c5c35718,0x00000000c7380000)
 Metaspace       used 23361K, capacity 24074K, committed 24192K, reserved 1071104K
  class space    used 2491K, capacity 2671K, committed 2688K, reserved 1048576K
}
Event: 43.151 GC heap before
{Heap before GC invocations=17 (full 2):
 PSYoungGen      total 272384K, used 272368K [0x00000000eb900000, 0x00000000ff500000, 0x0000000100000000)
  eden space 247296K, 100% used [0x00000000eb900000,0x00000000faa80000,0x00000000faa80000)
  from space 25088K, 99% used [0x00000000fc980000,0x00000000fe1fc010,0x00000000fe200000)
  to   space 31744K, 0% used [0x00000000faa80000,0x00000000faa80000,0x00000000fc980000)
 ParOldGen       total 75264K, used 51413K [0x00000000c2a00000, 0x00000000c7380000, 0x00000000eb900000)
  object space 75264K, 68% used [0x00000000c2a00000,0x00000000c5c35718,0x00000000c7380000)
 Metaspace       used 23400K, capacity 24086K, committed 24192K, reserved 1071104K
  class space    used 2492K, capacity 2673K, committed 2688K, reserved 1048576K
Event: 43.294 GC heap after
Heap after GC invocations=17 (full 2):
 PSYoungGen      total 279040K, used 22352K [0x00000000eb900000, 0x0000000100000000, 0x0000000100000000)
  eden space 247296K, 0% used [0x00000000eb900000,0x00000000eb900000,0x00000000faa80000)
  from space 31744K, 70% used [0x00000000faa80000,0x00000000fc054010,0x00000000fc980000)
  to   space 33792K, 0% used [0x00000000fdf00000,0x00000000fdf00000,0x0000000100000000)
 ParOldGen       total 75264K, used 64091K [0x00000000c2a00000, 0x00000000c7380000, 0x00000000eb900000)
  object space 75264K, 85% used [0x00000000c2a00000,0x00000000c6896d78,0x00000000c7380000)
 Metaspace       used 23400K, capacity 24086K, committed 24192K, reserved 1071104K
  class space    used 2492K, capacity 2673K, committed 2688K, reserved 1048576K
}
Event: 43.294 GC heap before
{Heap before GC invocations=18 (full 3):
 PSYoungGen      total 279040K, used 22352K [0x00000000eb900000, 0x0000000100000000, 0x0000000100000000)
  eden space 247296K, 0% used [0x00000000eb900000,0x00000000eb900000,0x00000000faa80000)
  from space 31744K, 70% used [0x00000000faa80000,0x00000000fc054010,0x00000000fc980000)
  to   space 33792K, 0% used [0x00000000fdf00000,0x00000000fdf00000,0x0000000100000000)
 ParOldGen       total 75264K, used 64091K [0x00000000c2a00000, 0x00000000c7380000, 0x00000000eb900000)
  object space 75264K, 85% used [0x00000000c2a00000,0x00000000c6896d78,0x00000000c7380000)
 Metaspace       used 23400K, capacity 24086K, committed 24192K, reserved 1071104K
  class space    used 2492K, capacity 2673K, committed 2688K, reserved 1048576K

