# JRE version: Java(TM) SE Runtime Environment (8.0_201-b09) (build 1.8.0_201-b09)
# Java VM: Java HotSpot(TM) 64-Bit Server VM (25.201-b09 mixed mode linux-amd64 compressed oops)
Heap:
 PSYoungGen      total 126464K, used 9866K [0x00000000eb900000, 0x00000000f4200000, 0x0000000100000000)
  eden space 115712K, 0% used [0x00000000eb900000,0x00000000eb900000,0x00000000f2a00000)
  from space 10752K, 91% used [0x00000000f2a00000,0x00000000f33a2bd8,0x00000000f3480000)
  to   space 7680K, 0% used [0x00000000f3480000,0x00000000f3480000,0x00000000f3c00000)
 ParOldGen       total 42496K, used 18740K [0x00000000c2a00000, 0x00000000c5380000, 0x00000000eb900000)
  object space 42496K, 44% used [0x00000000c2a00000,0x00000000c3c4d3a8,0x00000000c5380000)
 Metaspace       used 14929K, capacity 15418K, committed 15616K, reserved 1062912K
  class space    used 1639K, capacity 1781K, committed 1792K, reserved 1048576K
GC Heap History (10 events):
Event: 30.319 GC heap after
Heap after GC invocations=5 (full 1):
 PSYoungGen      total 34304K, used 2544K [0x00000000eb900000, 0x00000000efc00000, 0x0000000100000000)
  eden space 31744K, 0% used [0x00000000eb900000,0x00000000eb900000,0x00000000ed800000)
  from space 2560K, 99% used [0x00000000eda80000,0x00000000edcfc050,0x00000000edd00000)
  to   space 2560K, 0% used [0x00000000ed800000,0x00000000ed800000,0x00000000eda80000)
 ParOldGen       total 42496K, used 7836K [0x00000000c2a00000, 0x00000000c5380000, 0x00000000eb900000)
  object space 42496K, 18% used [0x00000000c2a00000,0x00000000c31a72e0,0x00000000c5380000)
 Metaspace       used 13723K, capacity 14118K, committed 14336K, reserved 1062912K
  class space    used 1584K, capacity 1703K, committed 1792K, reserved 1048576K
}
Event: 30.723 GC heap before
{Heap before GC invocations=6 (full 1):
 PSYoungGen      total 34304K, used 34288K [0x00000000eb900000, 0x00000000efc00000, 0x0000000100000000)
  eden space 31744K, 100% used [0x00000000eb900000,0x00000000ed800000,0x00000000ed800000)
  from space 2560K, 99% used [0x00000000eda80000,0x00000000edcfc050,0x00000000edd00000)
  to   space 2560K, 0% used [0x00000000ed800000,0x00000000ed800000,0x00000000eda80000)
 ParOldGen       total 42496K, used 7836K [0x00000000c2a00000, 0x00000000c5380000, 0x00000000eb900000)
  object space 42496K, 18% used [0x00000000c2a00000,0x00000000c31a72e0,0x00000000c5380000)
 Metaspace       used 13788K, capacity 14182K, committed 14336K, reserved 1062912K
  class space    used 1584K, capacity 1703K, committed 1792K, reserved 1048576K
Event: 30.752 GC heap after
Heap after GC invocations=6 (full 1):
 PSYoungGen      total 34304K, used 2560K [0x00000000eb900000, 0x00000000efc00000, 0x0000000100000000)
  eden space 31744K, 0% used [0x00000000eb900000,0x00000000eb900000,0x00000000ed800000)
  from space 2560K, 100% used [0x00000000ed800000,0x00000000eda80000,0x00000000eda80000)
  to   space 2560K, 0% used [0x00000000ef980000,0x00000000ef980000,0x00000000efc00000)
 ParOldGen       total 42496K, used 9871K [0x00000000c2a00000, 0x00000000c5380000, 0x00000000eb900000)
  object space 42496K, 23% used [0x00000000c2a00000,0x00000000c33a3f50,0x00000000c5380000)
 Metaspace       used 13788K, capacity 14182K, committed 14336K, reserved 1062912K
  class space    used 1584K, capacity 1703K, committed 1792K, reserved 1048576K
}
Event: 31.176 GC heap before
{Heap before GC invocations=7 (full 1):
 PSYoungGen      total 34304K, used 34304K [0x00000000eb900000, 0x00000000efc00000, 0x0000000100000000)
  eden space 31744K, 100% used [0x00000000eb900000,0x00000000ed800000,0x00000000ed800000)
  from space 2560K, 100% used [0x00000000ed800000,0x00000000eda80000,0x00000000eda80000)
  to   space 2560K, 0% used [0x00000000ef980000,0x00000000ef980000,0x00000000efc00000)
 ParOldGen       total 42496K, used 9871K [0x00000000c2a00000, 0x00000000c5380000, 0x00000000eb900000)
  object space 42496K, 23% used [0x00000000c2a00000,0x00000000c33a3f50,0x00000000c5380000)
 Metaspace       used 13825K, capacity 14246K, committed 14336K, reserved 1062912K
  class space    used 1584K, capacity 1703K, committed 1792K, reserved 1048576K
Event: 31.196 GC heap after
Heap after GC invocations=7 (full 1):
 PSYoungGen      total 61952K, used 2560K [0x00000000eb900000, 0x00000000f0400000, 0x0000000100000000)
  eden space 59392K, 0% used [0x00000000eb900000,0x00000000eb900000,0x00000000ef300000)
  from space 2560K, 100% used [0x00000000ef980000,0x00000000efc00000,0x00000000efc00000)
  to   space 6656K, 0% used [0x00000000ef300000,0x00000000ef300000,0x00000000ef980000)
 ParOldGen       total 42496K, used 12023K [0x00000000c2a00000, 0x00000000c5380000, 0x00000000eb900000)
  object space 42496K, 28% used [0x00000000c2a00000,0x00000000c35bdeb8,0x00000000c5380000)
 Metaspace       used 13825K, capacity 14246K, committed 14336K, reserved 1062912K
  class space    used 1584K, capacity 1703K, committed 1792K, reserved 1048576K
}
Event: 31.993 GC heap before
{Heap before GC invocations=8 (full 1):
 PSYoungGen      total 61952K, used 61952K [0x00000000eb900000, 0x00000000f0400000, 0x0000000100000000)
  eden space 59392K, 100% used [0x00000000eb900000,0x00000000ef300000,0x00000000ef300000)
  from space 2560K, 100% used [0x00000000ef980000,0x00000000efc00000,0x00000000efc00000)
  to   space 6656K, 0% used [0x00000000ef300000,0x00000000ef300000,0x00000000ef980000)
 ParOldGen       total 42496K, used 12023K [0x00000000c2a00000, 0x00000000c5380000, 0x00000000eb900000)
  object space 42496K, 28% used [0x00000000c2a00000,0x00000000c35bdeb8,0x00000000c5380000)
 Metaspace       used 13855K, capacity 14246K, committed 14336K, reserved 1062912K
  class space    used 1584K, capacity 1703K, committed 1792K, reserved 1048576K
Event: 32.035 GC heap after
Heap after GC invocations=8 (full 1):
 PSYoungGen      total 66048K, used 6648K [0x00000000eb900000, 0x00000000f3c00000, 0x0000000100000000)
  eden space 59392K, 0% used [0x00000000eb900000,0x00000000eb900000,0x00000000ef300000)
  from space 6656K, 99% used [0x00000000ef300000,0x00000000ef97e2c8,0x00000000ef980000)
  to   space 7680K, 0% used [0x00000000f3480000,0x00000000f3480000,0x00000000f3c00000)
 ParOldGen       total 42496K, used 12411K [0x00000000c2a00000, 0x00000000c5380000, 0x00000000eb900000)
  object space 42496K, 29% used [0x00000000c2a00000,0x00000000c361eec8,0x00000000c5380000)
 Metaspace       used 13855K, capacity 14246K, committed 14336K, reserved 1062912K
  class space    used 1584K, capacity 1703K, committed 1792K, reserved 1048576K
}
Event: 34.024 GC heap before
{Heap before GC invocations=9 (full 1):
 PSYoungGen      total 66048K, used 66040K [0x00000000eb900000, 0x00000000f3c00000, 0x0000000100000000)
  eden space 59392K, 100% used [0x00000000eb900000,0x00000000ef300000,0x00000000ef300000)
  from space 6656K, 99% used [0x00000000ef300000,0x00000000ef97e2c8,0x00000000ef980000)
  to   space 7680K, 0% used [0x00000000f3480000,0x00000000f3480000,0x00000000f3c00000)
 ParOldGen       total 42496K, used 12411K [0x00000000c2a00000, 0x00000000c5380000, 0x00000000eb900000)
  object space 42496K, 29% used [0x00000000c2a00000,0x00000000c361eec8,0x00000000c5380000)
 Metaspace       used 14839K, capacity 15310K, committed 15360K, reserved 1062912K
  class space    used 1634K, capacity 1775K, committed 1792K, reserved 1048576K
Event: 34.073 GC heap after
Heap after GC invocations=9 (full 1):
 PSYoungGen      total 123392K, used 7652K [0x00000000eb900000, 0x00000000f4200000, 0x0000000100000000)
  eden space 115712K, 0% used [0x00000000eb900000,0x00000000eb900000,0x00000000f2a00000)
  from space 7680K, 99% used [0x00000000f3480000,0x00000000f3bf93a8,0x00000000f3c00000)
  to   space 10752K, 0% used [0x00000000f2a00000,0x00000000f2a00000,0x00000000f3480000)
 ParOldGen       total 42496K, used 18188K [0x00000000c2a00000, 0x00000000c5380000, 0x00000000eb900000)
  object space 42496K, 42% used [0x00000000c2a00000,0x00000000c3bc33a8,0x00000000c5380000)
 Metaspace       used 14839K, capacity 15310K, committed 15360K, reserved 1062912K
  class space    used 1634K, capacity 1775K, committed 1792K, reserved 1048576K
}
Event: 63.439 GC heap before
{Heap before GC invocations=10 (full 1):
 PSYoungGen      total 123392K, used 123364K [0x00000000eb900000, 0x00000000f4200000, 0x0000000100000000)
  eden space 115712K, 100% used [0x00000000eb900000,0x00000000f2a00000,0x00000000f2a00000)
  from space 7680K, 99% used [0x00000000f3480000,0x00000000f3bf93a8,0x00000000f3c00000)
  to   space 10752K, 0% used [0x00000000f2a00000,0x00000000f2a00000,0x00000000f3480000)
 ParOldGen       total 42496K, used 18188K [0x00000000c2a00000, 0x00000000c5380000, 0x00000000eb900000)
  object space 42496K, 42% used [0x00000000c2a00000,0x00000000c3bc33a8,0x00000000c5380000)
 Metaspace       used 14929K, capacity 15418K, committed 15616K, reserved 1062912K
  class space    used 1639K, capacity 1781K, committed 1792K, reserved 1048576K

