# JRE version: Java(TM) SE Runtime Environment (8.0_201-b09) (build 1.8.0_201-b09)
# Java VM: Java HotSpot(TM) 64-Bit Server VM (25.201-b09 mixed mode linux-amd64 compressed oops)
Heap:
 PSYoungGen      total 242176K, used 0K [0x00000000eb900000, 0x0000000100000000, 0x0000000100000000)
  eden space 149504K, 0% used [0x00000000eb900000,0x00000000eb900000,0x00000000f4b00000)
  from space 92672K, 0% used [0x00000000fa580000,0x00000000fa580000,0x0000000100000000)
  to   space 92672K, 0% used [0x00000000f4b00000,0x00000000f4b00000,0x00000000fa580000)
 ParOldGen       total 293888K, used 290108K [0x00000000c2a00000, 0x00000000d4900000, 0x00000000eb900000)
  object space 293888K, 98% used [0x00000000c2a00000,0x00000000d454f328,0x00000000d4900000)
 Metaspace       used 48281K, capacity 52896K, committed 53120K, reserved 1095680K
  class space    used 4346K, capacity 6513K, committed 6528K, reserved 1048576K
GC Heap History (10 events):
Event: 170.849 GC heap after
Heap after GC invocations=93 (full 5):
 PSYoungGen      total 241664K, used 48874K [0x00000000eb900000, 0x0000000100000000, 0x0000000100000000)
  eden space 144896K, 0% used [0x00000000eb900000,0x00000000eb900000,0x00000000f4680000)
  from space 96768K, 50% used [0x00000000fa180000,0x00000000fd13a8c8,0x0000000100000000)
  to   space 93184K, 0% used [0x00000000f4680000,0x00000000f4680000,0x00000000fa180000)
 ParOldGen       total 293888K, used 230097K [0x00000000c2a00000, 0x00000000d4900000, 0x00000000eb900000)
  object space 293888K, 78% used [0x00000000c2a00000,0x00000000d0ab47f0,0x00000000d4900000)
 Metaspace       used 41954K, capacity 44884K, committed 44928K, reserved 1089536K
  class space    used 3983K, capacity 5233K, committed 5248K, reserved 1048576K
}
Event: 171.966 GC heap before
{Heap before GC invocations=94 (full 5):
 PSYoungGen      total 241664K, used 193770K [0x00000000eb900000, 0x0000000100000000, 0x0000000100000000)
  eden space 144896K, 100% used [0x00000000eb900000,0x00000000f4680000,0x00000000f4680000)
  from space 96768K, 50% used [0x00000000fa180000,0x00000000fd13a8c8,0x0000000100000000)
  to   space 93184K, 0% used [0x00000000f4680000,0x00000000f4680000,0x00000000fa180000)
 ParOldGen       total 293888K, used 230097K [0x00000000c2a00000, 0x00000000d4900000, 0x00000000eb900000)
  object space 293888K, 78% used [0x00000000c2a00000,0x00000000d0ab47f0,0x00000000d4900000)
 Metaspace       used 43506K, capacity 46840K, committed 47104K, reserved 1091584K
  class space    used 4074K, capacity 5553K, committed 5632K, reserved 1048576K
Event: 172.011 GC heap after
Heap after GC invocations=94 (full 5):
 PSYoungGen      total 178688K, used 33759K [0x00000000eb900000, 0x00000000ffa80000, 0x0000000100000000)
  eden space 144896K, 0% used [0x00000000eb900000,0x00000000eb900000,0x00000000f4680000)
  from space 33792K, 99% used [0x00000000f4680000,0x00000000f6777d28,0x00000000f6780000)
  to   space 92160K, 0% used [0x00000000fa080000,0x00000000fa080000,0x00000000ffa80000)
 ParOldGen       total 293888K, used 249739K [0x00000000c2a00000, 0x00000000d4900000, 0x00000000eb900000)
  object space 293888K, 84% used [0x00000000c2a00000,0x00000000d1de2eb0,0x00000000d4900000)
 Metaspace       used 43506K, capacity 46840K, committed 47104K, reserved 1091584K
  class space    used 4074K, capacity 5553K, committed 5632K, reserved 1048576K
}
Event: 172.866 GC heap before
{Heap before GC invocations=95 (full 5):
 PSYoungGen      total 178688K, used 178655K [0x00000000eb900000, 0x00000000ffa80000, 0x0000000100000000)
  eden space 144896K, 100% used [0x00000000eb900000,0x00000000f4680000,0x00000000f4680000)
  from space 33792K, 99% used [0x00000000f4680000,0x00000000f6777d28,0x00000000f6780000)
  to   space 92160K, 0% used [0x00000000fa080000,0x00000000fa080000,0x00000000ffa80000)
 ParOldGen       total 293888K, used 249739K [0x00000000c2a00000, 0x00000000d4900000, 0x00000000eb900000)
  object space 293888K, 84% used [0x00000000c2a00000,0x00000000d1de2eb0,0x00000000d4900000)
 Metaspace       used 45141K, capacity 48984K, committed 49152K, reserved 1093632K
  class space    used 4165K, capacity 5873K, committed 5888K, reserved 1048576K
Event: 172.915 GC heap after
Heap after GC invocations=95 (full 5):
 PSYoungGen      total 236544K, used 23395K [0x00000000eb900000, 0x0000000100000000, 0x0000000100000000)
  eden space 144384K, 0% used [0x00000000eb900000,0x00000000eb900000,0x00000000f4600000)
  from space 92160K, 25% used [0x00000000fa080000,0x00000000fb758e08,0x00000000ffa80000)
  to   space 92672K, 0% used [0x00000000f4600000,0x00000000f4600000,0x00000000fa080000)
 ParOldGen       total 293888K, used 263341K [0x00000000c2a00000, 0x00000000d4900000, 0x00000000eb900000)
  object space 293888K, 89% used [0x00000000c2a00000,0x00000000d2b2b648,0x00000000d4900000)
 Metaspace       used 45141K, capacity 48984K, committed 49152K, reserved 1093632K
  class space    used 4165K, capacity 5873K, committed 5888K, reserved 1048576K
}
Event: 174.058 GC heap before
{Heap before GC invocations=96 (full 5):
 PSYoungGen      total 236544K, used 167779K [0x00000000eb900000, 0x0000000100000000, 0x0000000100000000)
  eden space 144384K, 100% used [0x00000000eb900000,0x00000000f4600000,0x00000000f4600000)
  from space 92160K, 25% used [0x00000000fa080000,0x00000000fb758e08,0x00000000ffa80000)
  to   space 92672K, 0% used [0x00000000f4600000,0x00000000f4600000,0x00000000fa080000)
 ParOldGen       total 293888K, used 263341K [0x00000000c2a00000, 0x00000000d4900000, 0x00000000eb900000)
  object space 293888K, 89% used [0x00000000c2a00000,0x00000000d2b2b648,0x00000000d4900000)
 Metaspace       used 46719K, capacity 50940K, committed 51072K, reserved 1093632K
  class space    used 4256K, capacity 6193K, committed 6272K, reserved 1048576K
Event: 174.109 GC heap after
Heap after GC invocations=96 (full 5):
 PSYoungGen      total 237056K, used 21111K [0x00000000eb900000, 0x0000000100000000, 0x0000000100000000)
  eden space 144384K, 0% used [0x00000000eb900000,0x00000000eb900000,0x00000000f4600000)
  from space 92672K, 22% used [0x00000000f4600000,0x00000000f5a9dc78,0x00000000fa080000)
  to   space 92672K, 0% used [0x00000000fa580000,0x00000000fa580000,0x0000000100000000)
 ParOldGen       total 293888K, used 268981K [0x00000000c2a00000, 0x00000000d4900000, 0x00000000eb900000)
  object space 293888K, 91% used [0x00000000c2a00000,0x00000000d30ad7e8,0x00000000d4900000)
 Metaspace       used 46719K, capacity 50940K, committed 51072K, reserved 1093632K
  class space    used 4256K, capacity 6193K, committed 6272K, reserved 1048576K
}
Event: 175.451 GC heap before
{Heap before GC invocations=97 (full 5):
 PSYoungGen      total 237056K, used 165495K [0x00000000eb900000, 0x0000000100000000, 0x0000000100000000)
  eden space 144384K, 100% used [0x00000000eb900000,0x00000000f4600000,0x00000000f4600000)
  from space 92672K, 22% used [0x00000000f4600000,0x00000000f5a9dc78,0x00000000fa080000)
  to   space 92672K, 0% used [0x00000000fa580000,0x00000000fa580000,0x0000000100000000)
 ParOldGen       total 293888K, used 268981K [0x00000000c2a00000, 0x00000000d4900000, 0x00000000eb900000)
  object space 293888K, 91% used [0x00000000c2a00000,0x00000000d30ad7e8,0x00000000d4900000)
 Metaspace       used 48281K, capacity 52896K, committed 53120K, reserved 1095680K
  class space    used 4346K, capacity 6513K, committed 6528K, reserved 1048576K
Event: 175.478 GC heap after
Heap after GC invocations=97 (full 5):
 PSYoungGen      total 242176K, used 18454K [0x00000000eb900000, 0x0000000100000000, 0x0000000100000000)
  eden space 149504K, 0% used [0x00000000eb900000,0x00000000eb900000,0x00000000f4b00000)
  from space 92672K, 19% used [0x00000000fa580000,0x00000000fb785ae8,0x0000000100000000)
  to   space 92672K, 0% used [0x00000000f4b00000,0x00000000f4b00000,0x00000000fa580000)
 ParOldGen       total 293888K, used 275830K [0x00000000c2a00000, 0x00000000d4900000, 0x00000000eb900000)
  object space 293888K, 93% used [0x00000000c2a00000,0x00000000d375d9e8,0x00000000d4900000)
 Metaspace       used 48281K, capacity 52896K, committed 53120K, reserved 1095680K
  class space    used 4346K, capacity 6513K, committed 6528K, reserved 1048576K
}
Event: 175.479 GC heap before
{Heap before GC invocations=98 (full 6):
 PSYoungGen      total 242176K, used 18454K [0x00000000eb900000, 0x0000000100000000, 0x0000000100000000)
  eden space 149504K, 0% used [0x00000000eb900000,0x00000000eb900000,0x00000000f4b00000)
  from space 92672K, 19% used [0x00000000fa580000,0x00000000fb785ae8,0x0000000100000000)
  to   space 92672K, 0% used [0x00000000f4b00000,0x00000000f4b00000,0x00000000fa580000)
 ParOldGen       total 293888K, used 275830K [0x00000000c2a00000, 0x00000000d4900000, 0x00000000eb900000)
  object space 293888K, 93% used [0x00000000c2a00000,0x00000000d375d9e8,0x00000000d4900000)
 Metaspace       used 48281K, capacity 52896K, committed 53120K, reserved 1095680K
  class space    used 4346K, capacity 6513K, committed 6528K, reserved 1048576K

