# JRE version: Java(TM) SE Runtime Environment (8.0_201-b09) (build 1.8.0_201-b09)
# Java VM: Java HotSpot(TM) 64-Bit Server VM (25.201-b09 mixed mode linux-amd64 compressed oops)
Heap:
 PSYoungGen      total 34304K, used 4582K [0x00000000eb900000, 0x00000000ee100000, 0x0000000100000000)
  eden space 29696K, 0% used [0x00000000eb900000,0x00000000eb900000,0x00000000ed600000)
  from space 4608K, 99% used [0x00000000ed600000,0x00000000eda79830,0x00000000eda80000)
  to   space 2560K, 0% used [0x00000000eda80000,0x00000000eda80000,0x00000000edd00000)
 ParOldGen       total 42496K, used 8605K [0x00000000c2a00000, 0x00000000c5380000, 0x00000000eb900000)
  object space 42496K, 20% used [0x00000000c2a00000,0x00000000c3267438,0x00000000c5380000)
 Metaspace       used 14254K, capacity 14670K, committed 14848K, reserved 1062912K
  class space    used 1613K, capacity 1727K, committed 1792K, reserved 1048576K
GC Heap History (10 events):
Event: 2.436 GC heap after
Heap after GC invocations=3 (full 1):
 PSYoungGen      total 18432K, used 0K [0x00000000eb900000, 0x00000000ecd80000, 0x0000000100000000)
  eden space 15872K, 0% used [0x00000000eb900000,0x00000000eb900000,0x00000000ec880000)
  from space 2560K, 0% used [0x00000000ecb00000,0x00000000ecb00000,0x00000000ecd80000)
  to   space 2560K, 0% used [0x00000000ec880000,0x00000000ec880000,0x00000000ecb00000)
 ParOldGen       total 42496K, used 2825K [0x00000000c2a00000, 0x00000000c5380000, 0x00000000eb900000)
  object space 42496K, 6% used [0x00000000c2a00000,0x00000000c2cc2560,0x00000000c5380000)
 Metaspace       used 10210K, capacity 10364K, committed 10624K, reserved 1058816K
  class space    used 1238K, capacity 1324K, committed 1408K, reserved 1048576K
}
Event: 36.272 GC heap before
{Heap before GC invocations=4 (full 1):
 PSYoungGen      total 18432K, used 15872K [0x00000000eb900000, 0x00000000ecd80000, 0x0000000100000000)
  eden space 15872K, 100% used [0x00000000eb900000,0x00000000ec880000,0x00000000ec880000)
  from space 2560K, 0% used [0x00000000ecb00000,0x00000000ecb00000,0x00000000ecd80000)
  to   space 2560K, 0% used [0x00000000ec880000,0x00000000ec880000,0x00000000ecb00000)
 ParOldGen       total 42496K, used 2825K [0x00000000c2a00000, 0x00000000c5380000, 0x00000000eb900000)
  object space 42496K, 6% used [0x00000000c2a00000,0x00000000c2cc2560,0x00000000c5380000)
 Metaspace       used 13446K, capacity 13786K, committed 14080K, reserved 1060864K
  class space    used 1579K, capacity 1701K, committed 1792K, reserved 1048576K
Event: 36.344 GC heap after
Heap after GC invocations=4 (full 1):
 PSYoungGen      total 18432K, used 2553K [0x00000000eb900000, 0x00000000ecd80000, 0x0000000100000000)
  eden space 15872K, 0% used [0x00000000eb900000,0x00000000eb900000,0x00000000ec880000)
  from space 2560K, 99% used [0x00000000ec880000,0x00000000ecafe4e8,0x00000000ecb00000)
  to   space 2560K, 0% used [0x00000000ecb00000,0x00000000ecb00000,0x00000000ecd80000)
 ParOldGen       total 42496K, used 4336K [0x00000000c2a00000, 0x00000000c5380000, 0x00000000eb900000)
  object space 42496K, 10% used [0x00000000c2a00000,0x00000000c2e3c318,0x00000000c5380000)
 Metaspace       used 13446K, capacity 13786K, committed 14080K, reserved 1060864K
  class space    used 1579K, capacity 1701K, committed 1792K, reserved 1048576K
}
Event: 37.303 GC heap before
{Heap before GC invocations=5 (full 1):
 PSYoungGen      total 18432K, used 18425K [0x00000000eb900000, 0x00000000ecd80000, 0x0000000100000000)
  eden space 15872K, 100% used [0x00000000eb900000,0x00000000ec880000,0x00000000ec880000)
  from space 2560K, 99% used [0x00000000ec880000,0x00000000ecafe4e8,0x00000000ecb00000)
  to   space 2560K, 0% used [0x00000000ecb00000,0x00000000ecb00000,0x00000000ecd80000)
 ParOldGen       total 42496K, used 4336K [0x00000000c2a00000, 0x00000000c5380000, 0x00000000eb900000)
  object space 42496K, 10% used [0x00000000c2a00000,0x00000000c2e3c318,0x00000000c5380000)
 Metaspace       used 13641K, capacity 14054K, committed 14336K, reserved 1062912K
  class space    used 1583K, capacity 1703K, committed 1792K, reserved 1048576K
Event: 37.316 GC heap after
Heap after GC invocations=5 (full 1):
 PSYoungGen      total 18432K, used 2528K [0x00000000eb900000, 0x00000000ecd80000, 0x0000000100000000)
  eden space 15872K, 0% used [0x00000000eb900000,0x00000000eb900000,0x00000000ec880000)
  from space 2560K, 98% used [0x00000000ecb00000,0x00000000ecd78020,0x00000000ecd80000)
  to   space 2560K, 0% used [0x00000000ec880000,0x00000000ec880000,0x00000000ecb00000)
 ParOldGen       total 42496K, used 4787K [0x00000000c2a00000, 0x00000000c5380000, 0x00000000eb900000)
  object space 42496K, 11% used [0x00000000c2a00000,0x00000000c2eacf68,0x00000000c5380000)
 Metaspace       used 13641K, capacity 14054K, committed 14336K, reserved 1062912K
  class space    used 1583K, capacity 1703K, committed 1792K, reserved 1048576K
}
Event: 37.848 GC heap before
{Heap before GC invocations=6 (full 1):
 PSYoungGen      total 18432K, used 18400K [0x00000000eb900000, 0x00000000ecd80000, 0x0000000100000000)
  eden space 15872K, 100% used [0x00000000eb900000,0x00000000ec880000,0x00000000ec880000)
  from space 2560K, 98% used [0x00000000ecb00000,0x00000000ecd78020,0x00000000ecd80000)
  to   space 2560K, 0% used [0x00000000ec880000,0x00000000ec880000,0x00000000ecb00000)
 ParOldGen       total 42496K, used 4787K [0x00000000c2a00000, 0x00000000c5380000, 0x00000000eb900000)
  object space 42496K, 11% used [0x00000000c2a00000,0x00000000c2eacf68,0x00000000c5380000)
 Metaspace       used 13735K, capacity 14118K, committed 14336K, reserved 1062912K
  class space    used 1583K, capacity 1703K, committed 1792K, reserved 1048576K
Event: 37.862 GC heap after
Heap after GC invocations=6 (full 1):
 PSYoungGen      total 18432K, used 2560K [0x00000000eb900000, 0x00000000edd00000, 0x0000000100000000)
  eden space 15872K, 0% used [0x00000000eb900000,0x00000000eb900000,0x00000000ec880000)
  from space 2560K, 100% used [0x00000000ec880000,0x00000000ecb00000,0x00000000ecb00000)
  to   space 2560K, 0% used [0x00000000eda80000,0x00000000eda80000,0x00000000edd00000)
 ParOldGen       total 42496K, used 6140K [0x00000000c2a00000, 0x00000000c5380000, 0x00000000eb900000)
  object space 42496K, 14% used [0x00000000c2a00000,0x00000000c2fff228,0x00000000c5380000)
 Metaspace       used 13735K, capacity 14118K, committed 14336K, reserved 1062912K
  class space    used 1583K, capacity 1703K, committed 1792K, reserved 1048576K
}
Event: 38.248 GC heap before
{Heap before GC invocations=7 (full 1):
 PSYoungGen      total 18432K, used 18432K [0x00000000eb900000, 0x00000000edd00000, 0x0000000100000000)
  eden space 15872K, 100% used [0x00000000eb900000,0x00000000ec880000,0x00000000ec880000)
  from space 2560K, 100% used [0x00000000ec880000,0x00000000ecb00000,0x00000000ecb00000)
  to   space 2560K, 0% used [0x00000000eda80000,0x00000000eda80000,0x00000000edd00000)
 ParOldGen       total 42496K, used 6140K [0x00000000c2a00000, 0x00000000c5380000, 0x00000000eb900000)
  object space 42496K, 14% used [0x00000000c2a00000,0x00000000c2fff228,0x00000000c5380000)
 Metaspace       used 13770K, capacity 14182K, committed 14336K, reserved 1062912K
  class space    used 1583K, capacity 1703K, committed 1792K, reserved 1048576K
Event: 38.267 GC heap after
Heap after GC invocations=7 (full 1):
 PSYoungGen      total 32256K, used 2560K [0x00000000eb900000, 0x00000000ee100000, 0x0000000100000000)
  eden space 29696K, 0% used [0x00000000eb900000,0x00000000eb900000,0x00000000ed600000)
  from space 2560K, 100% used [0x00000000eda80000,0x00000000edd00000,0x00000000edd00000)
  to   space 4608K, 0% used [0x00000000ed600000,0x00000000ed600000,0x00000000eda80000)
 ParOldGen       total 42496K, used 7093K [0x00000000c2a00000, 0x00000000c5380000, 0x00000000eb900000)
  object space 42496K, 16% used [0x00000000c2a00000,0x00000000c30ed530,0x00000000c5380000)
 Metaspace       used 13770K, capacity 14182K, committed 14336K, reserved 1062912K
  class space    used 1583K, capacity 1703K, committed 1792K, reserved 1048576K
}
Event: 41.600 GC heap before
{Heap before GC invocations=8 (full 1):
 PSYoungGen      total 32256K, used 32256K [0x00000000eb900000, 0x00000000ee100000, 0x0000000100000000)
  eden space 29696K, 100% used [0x00000000eb900000,0x00000000ed600000,0x00000000ed600000)
  from space 2560K, 100% used [0x00000000eda80000,0x00000000edd00000,0x00000000edd00000)
  to   space 4608K, 0% used [0x00000000ed600000,0x00000000ed600000,0x00000000eda80000)
 ParOldGen       total 42496K, used 7093K [0x00000000c2a00000, 0x00000000c5380000, 0x00000000eb900000)
  object space 42496K, 16% used [0x00000000c2a00000,0x00000000c30ed530,0x00000000c5380000)
 Metaspace       used 14254K, capacity 14670K, committed 14848K, reserved 1062912K
  class space    used 1613K, capacity 1727K, committed 1792K, reserved 1048576K

