# JRE version: Java(TM) SE Runtime Environment (8.0_201-b09) (build 1.8.0_201-b09)
# Java VM: Java HotSpot(TM) 64-Bit Server VM (25.201-b09 mixed mode linux-amd64 compressed oops)
Heap:
 PSYoungGen      total 18432K, used 2188K [0x00000000eb900000, 0x00000000ecf80000, 0x0000000100000000)
  eden space 13824K, 0% used [0x00000000eb900000,0x00000000eb900000,0x00000000ec680000)
  from space 4608K, 47% used [0x00000000ecb00000,0x00000000ecd23020,0x00000000ecf80000)
  to   space 4608K, 0% used [0x00000000ec680000,0x00000000ec680000,0x00000000ecb00000)
 ParOldGen       total 42496K, used 5089K [0x00000000c2a00000, 0x00000000c5380000, 0x00000000eb900000)
  object space 42496K, 11% used [0x00000000c2a00000,0x00000000c2ef8708,0x00000000c5380000)
 Metaspace       used 14496K, capacity 14946K, committed 15232K, reserved 1062912K
  class space    used 1665K, capacity 1805K, committed 1920K, reserved 1048576K
GC Heap History (10 events):
Event: 22.778 GC heap after
Heap after GC invocations=4 (full 1):
 PSYoungGen      total 18432K, used 2558K [0x00000000eb900000, 0x00000000ecd80000, 0x0000000100000000)
  eden space 15872K, 0% used [0x00000000eb900000,0x00000000eb900000,0x00000000ec880000)
  from space 2560K, 99% used [0x00000000ec880000,0x00000000ecaff978,0x00000000ecb00000)
  to   space 2560K, 0% used [0x00000000ecb00000,0x00000000ecb00000,0x00000000ecd80000)
 ParOldGen       total 42496K, used 3558K [0x00000000c2a00000, 0x00000000c5380000, 0x00000000eb900000)
  object space 42496K, 8% used [0x00000000c2a00000,0x00000000c2d79ab8,0x00000000c5380000)
 Metaspace       used 13465K, capacity 13862K, committed 14080K, reserved 1060864K
  class space    used 1582K, capacity 1704K, committed 1792K, reserved 1048576K
}
Event: 24.008 GC heap before
{Heap before GC invocations=5 (full 1):
 PSYoungGen      total 18432K, used 18430K [0x00000000eb900000, 0x00000000ecd80000, 0x0000000100000000)
  eden space 15872K, 100% used [0x00000000eb900000,0x00000000ec880000,0x00000000ec880000)
  from space 2560K, 99% used [0x00000000ec880000,0x00000000ecaff978,0x00000000ecb00000)
  to   space 2560K, 0% used [0x00000000ecb00000,0x00000000ecb00000,0x00000000ecd80000)
 ParOldGen       total 42496K, used 3558K [0x00000000c2a00000, 0x00000000c5380000, 0x00000000eb900000)
  object space 42496K, 8% used [0x00000000c2a00000,0x00000000c2d79ab8,0x00000000c5380000)
 Metaspace       used 13589K, capacity 13990K, committed 14080K, reserved 1060864K
  class space    used 1584K, capacity 1704K, committed 1792K, reserved 1048576K
Event: 24.013 GC heap after
Heap after GC invocations=5 (full 1):
 PSYoungGen      total 18432K, used 2048K [0x00000000eb900000, 0x00000000ecd80000, 0x0000000100000000)
  eden space 15872K, 0% used [0x00000000eb900000,0x00000000eb900000,0x00000000ec880000)
  from space 2560K, 80% used [0x00000000ecb00000,0x00000000ecd00000,0x00000000ecd80000)
  to   space 2560K, 0% used [0x00000000ec880000,0x00000000ec880000,0x00000000ecb00000)
 ParOldGen       total 42496K, used 3558K [0x00000000c2a00000, 0x00000000c5380000, 0x00000000eb900000)
  object space 42496K, 8% used [0x00000000c2a00000,0x00000000c2d79ab8,0x00000000c5380000)
 Metaspace       used 13589K, capacity 13990K, committed 14080K, reserved 1060864K
  class space    used 1584K, capacity 1704K, committed 1792K, reserved 1048576K
}
Event: 24.460 GC heap before
{Heap before GC invocations=6 (full 1):
 PSYoungGen      total 18432K, used 17920K [0x00000000eb900000, 0x00000000ecd80000, 0x0000000100000000)
  eden space 15872K, 100% used [0x00000000eb900000,0x00000000ec880000,0x00000000ec880000)
  from space 2560K, 80% used [0x00000000ecb00000,0x00000000ecd00000,0x00000000ecd80000)
  to   space 2560K, 0% used [0x00000000ec880000,0x00000000ec880000,0x00000000ecb00000)
 ParOldGen       total 42496K, used 3558K [0x00000000c2a00000, 0x00000000c5380000, 0x00000000eb900000)
  object space 42496K, 8% used [0x00000000c2a00000,0x00000000c2d79ab8,0x00000000c5380000)
 Metaspace       used 13652K, capacity 13996K, committed 14336K, reserved 1062912K
  class space    used 1585K, capacity 1705K, committed 1792K, reserved 1048576K
Event: 24.464 GC heap after
Heap after GC invocations=6 (full 1):
 PSYoungGen      total 18432K, used 2272K [0x00000000eb900000, 0x00000000ecd80000, 0x0000000100000000)
  eden space 15872K, 0% used [0x00000000eb900000,0x00000000eb900000,0x00000000ec880000)
  from space 2560K, 88% used [0x00000000ec880000,0x00000000ecab8000,0x00000000ecb00000)
  to   space 2560K, 0% used [0x00000000ecb00000,0x00000000ecb00000,0x00000000ecd80000)
 ParOldGen       total 42496K, used 3558K [0x00000000c2a00000, 0x00000000c5380000, 0x00000000eb900000)
  object space 42496K, 8% used [0x00000000c2a00000,0x00000000c2d79ab8,0x00000000c5380000)
 Metaspace       used 13652K, capacity 13996K, committed 14336K, reserved 1062912K
  class space    used 1585K, capacity 1705K, committed 1792K, reserved 1048576K
}
Event: 25.423 GC heap before
{Heap before GC invocations=7 (full 1):
 PSYoungGen      total 18432K, used 18144K [0x00000000eb900000, 0x00000000ecd80000, 0x0000000100000000)
  eden space 15872K, 100% used [0x00000000eb900000,0x00000000ec880000,0x00000000ec880000)
  from space 2560K, 88% used [0x00000000ec880000,0x00000000ecab8000,0x00000000ecb00000)
  to   space 2560K, 0% used [0x00000000ecb00000,0x00000000ecb00000,0x00000000ecd80000)
 ParOldGen       total 42496K, used 3558K [0x00000000c2a00000, 0x00000000c5380000, 0x00000000eb900000)
  object space 42496K, 8% used [0x00000000c2a00000,0x00000000c2d79ab8,0x00000000c5380000)
 Metaspace       used 14263K, capacity 14734K, committed 14848K, reserved 1062912K
  class space    used 1647K, capacity 1765K, committed 1792K, reserved 1048576K
Event: 25.437 GC heap after
Heap after GC invocations=7 (full 1):
 PSYoungGen      total 16384K, used 2544K [0x00000000eb900000, 0x00000000ed180000, 0x0000000100000000)
  eden space 13824K, 0% used [0x00000000eb900000,0x00000000eb900000,0x00000000ec680000)
  from space 2560K, 99% used [0x00000000ecb00000,0x00000000ecd7c010,0x00000000ecd80000)
  to   space 4608K, 0% used [0x00000000ec680000,0x00000000ec680000,0x00000000ecb00000)
 ParOldGen       total 42496K, used 4244K [0x00000000c2a00000, 0x00000000c5380000, 0x00000000eb900000)
  object space 42496K, 9% used [0x00000000c2a00000,0x00000000c2e25228,0x00000000c5380000)
 Metaspace       used 14263K, capacity 14734K, committed 14848K, reserved 1062912K
  class space    used 1647K, capacity 1765K, committed 1792K, reserved 1048576K
}
Event: 32.479 GC heap before
{Heap before GC invocations=8 (full 1):
 PSYoungGen      total 16384K, used 16368K [0x00000000eb900000, 0x00000000ed180000, 0x0000000100000000)
  eden space 13824K, 100% used [0x00000000eb900000,0x00000000ec680000,0x00000000ec680000)
  from space 2560K, 99% used [0x00000000ecb00000,0x00000000ecd7c010,0x00000000ecd80000)
  to   space 4608K, 0% used [0x00000000ec680000,0x00000000ec680000,0x00000000ecb00000)
 ParOldGen       total 42496K, used 4244K [0x00000000c2a00000, 0x00000000c5380000, 0x00000000eb900000)
  object space 42496K, 9% used [0x00000000c2a00000,0x00000000c2e25228,0x00000000c5380000)
 Metaspace       used 14413K, capacity 14864K, committed 15232K, reserved 1062912K
  class space    used 1661K, capacity 1802K, committed 1920K, reserved 1048576K
Event: 32.497 GC heap after
Heap after GC invocations=8 (full 1):
 PSYoungGen      total 18432K, used 2806K [0x00000000eb900000, 0x00000000ecf80000, 0x0000000100000000)
  eden space 13824K, 0% used [0x00000000eb900000,0x00000000eb900000,0x00000000ec680000)
  from space 4608K, 60% used [0x00000000ec680000,0x00000000ec93d810,0x00000000ecb00000)
  to   space 4608K, 0% used [0x00000000ecb00000,0x00000000ecb00000,0x00000000ecf80000)
 ParOldGen       total 42496K, used 4244K [0x00000000c2a00000, 0x00000000c5380000, 0x00000000eb900000)
  object space 42496K, 9% used [0x00000000c2a00000,0x00000000c2e25228,0x00000000c5380000)
 Metaspace       used 14413K, capacity 14864K, committed 15232K, reserved 1062912K
  class space    used 1661K, capacity 1802K, committed 1920K, reserved 1048576K
}
Event: 75.086 GC heap before
{Heap before GC invocations=9 (full 1):
 PSYoungGen      total 18432K, used 16630K [0x00000000eb900000, 0x00000000ecf80000, 0x0000000100000000)
  eden space 13824K, 100% used [0x00000000eb900000,0x00000000ec680000,0x00000000ec680000)
  from space 4608K, 60% used [0x00000000ec680000,0x00000000ec93d810,0x00000000ecb00000)
  to   space 4608K, 0% used [0x00000000ecb00000,0x00000000ecb00000,0x00000000ecf80000)
 ParOldGen       total 42496K, used 4244K [0x00000000c2a00000, 0x00000000c5380000, 0x00000000eb900000)
  object space 42496K, 9% used [0x00000000c2a00000,0x00000000c2e25228,0x00000000c5380000)
 Metaspace       used 14496K, capacity 14946K, committed 15232K, reserved 1062912K
  class space    used 1665K, capacity 1805K, committed 1920K, reserved 1048576K

