# JRE version: Java(TM) SE Runtime Environment (8.0_201-b09) (build 1.8.0_201-b09)
# Java VM: Java HotSpot(TM) 64-Bit Server VM (25.201-b09 mixed mode linux-amd64 compressed oops)
Heap:
 PSYoungGen      total 64512K, used 5104K [0x00000000eb900000, 0x00000000efd00000, 0x0000000100000000)
  eden space 59392K, 0% used [0x00000000eb900000,0x00000000eb900000,0x00000000ef300000)
  from space 5120K, 99% used [0x00000000ef300000,0x00000000ef7fc060,0x00000000ef800000)
  to   space 5120K, 0% used [0x00000000ef800000,0x00000000ef800000,0x00000000efd00000)
 ParOldGen       total 42496K, used 9968K [0x00000000c2a00000, 0x00000000c5380000, 0x00000000eb900000)
  object space 42496K, 23% used [0x00000000c2a00000,0x00000000c33bc0e8,0x00000000c5380000)
 Metaspace       used 14241K, capacity 14722K, committed 14848K, reserved 1062912K
  class space    used 1596K, capacity 1724K, committed 1792K, reserved 1048576K
GC Heap History (10 events):
Event: 24.996 GC heap after
Heap after GC invocations=5 (full 1):
 PSYoungGen      total 18432K, used 2560K [0x00000000eb900000, 0x00000000edd00000, 0x0000000100000000)
  eden space 15872K, 0% used [0x00000000eb900000,0x00000000eb900000,0x00000000ec880000)
  from space 2560K, 100% used [0x00000000ecb00000,0x00000000ecd80000,0x00000000ecd80000)
  to   space 2560K, 0% used [0x00000000ec880000,0x00000000ec880000,0x00000000ecb00000)
 ParOldGen       total 42496K, used 6114K [0x00000000c2a00000, 0x00000000c5380000, 0x00000000eb900000)
  object space 42496K, 14% used [0x00000000c2a00000,0x00000000c2ff8b40,0x00000000c5380000)
 Metaspace       used 13416K, capacity 13810K, committed 14080K, reserved 1060864K
  class space    used 1563K, capacity 1663K, committed 1792K, reserved 1048576K
}
Event: 25.469 GC heap before
{Heap before GC invocations=6 (full 1):
 PSYoungGen      total 18432K, used 18432K [0x00000000eb900000, 0x00000000edd00000, 0x0000000100000000)
  eden space 15872K, 100% used [0x00000000eb900000,0x00000000ec880000,0x00000000ec880000)
  from space 2560K, 100% used [0x00000000ecb00000,0x00000000ecd80000,0x00000000ecd80000)
  to   space 2560K, 0% used [0x00000000ec880000,0x00000000ec880000,0x00000000ecb00000)
 ParOldGen       total 42496K, used 6114K [0x00000000c2a00000, 0x00000000c5380000, 0x00000000eb900000)
  object space 42496K, 14% used [0x00000000c2a00000,0x00000000c2ff8b40,0x00000000c5380000)
 Metaspace       used 13431K, capacity 13810K, committed 14080K, reserved 1060864K
  class space    used 1563K, capacity 1663K, committed 1792K, reserved 1048576K
Event: 25.487 GC heap after
Heap after GC invocations=6 (full 1):
 PSYoungGen      total 18432K, used 2560K [0x00000000eb900000, 0x00000000edd00000, 0x0000000100000000)
  eden space 15872K, 0% used [0x00000000eb900000,0x00000000eb900000,0x00000000ec880000)
  from space 2560K, 100% used [0x00000000ec880000,0x00000000ecb00000,0x00000000ecb00000)
  to   space 2560K, 0% used [0x00000000eda80000,0x00000000eda80000,0x00000000edd00000)
 ParOldGen       total 42496K, used 6122K [0x00000000c2a00000, 0x00000000c5380000, 0x00000000eb900000)
  object space 42496K, 14% used [0x00000000c2a00000,0x00000000c2ffab40,0x00000000c5380000)
 Metaspace       used 13431K, capacity 13810K, committed 14080K, reserved 1060864K
  class space    used 1563K, capacity 1663K, committed 1792K, reserved 1048576K
}
Event: 25.941 GC heap before
{Heap before GC invocations=7 (full 1):
 PSYoungGen      total 18432K, used 18432K [0x00000000eb900000, 0x00000000edd00000, 0x0000000100000000)
  eden space 15872K, 100% used [0x00000000eb900000,0x00000000ec880000,0x00000000ec880000)
  from space 2560K, 100% used [0x00000000ec880000,0x00000000ecb00000,0x00000000ecb00000)
  to   space 2560K, 0% used [0x00000000eda80000,0x00000000eda80000,0x00000000edd00000)
 ParOldGen       total 42496K, used 6122K [0x00000000c2a00000, 0x00000000c5380000, 0x00000000eb900000)
  object space 42496K, 14% used [0x00000000c2a00000,0x00000000c2ffab40,0x00000000c5380000)
 Metaspace       used 13459K, capacity 13810K, committed 14080K, reserved 1060864K
  class space    used 1563K, capacity 1663K, committed 1792K, reserved 1048576K
Event: 25.956 GC heap after
Heap after GC invocations=7 (full 1):
 PSYoungGen      total 32256K, used 2560K [0x00000000eb900000, 0x00000000ee100000, 0x0000000100000000)
  eden space 29696K, 0% used [0x00000000eb900000,0x00000000eb900000,0x00000000ed600000)
  from space 2560K, 100% used [0x00000000eda80000,0x00000000edd00000,0x00000000edd00000)
  to   space 4608K, 0% used [0x00000000ed600000,0x00000000ed600000,0x00000000eda80000)
 ParOldGen       total 42496K, used 6341K [0x00000000c2a00000, 0x00000000c5380000, 0x00000000eb900000)
  object space 42496K, 14% used [0x00000000c2a00000,0x00000000c30314b8,0x00000000c5380000)
 Metaspace       used 13459K, capacity 13810K, committed 14080K, reserved 1060864K
  class space    used 1563K, capacity 1663K, committed 1792K, reserved 1048576K
}
Event: 27.233 GC heap before
{Heap before GC invocations=8 (full 1):
 PSYoungGen      total 32256K, used 32256K [0x00000000eb900000, 0x00000000ee100000, 0x0000000100000000)
  eden space 29696K, 100% used [0x00000000eb900000,0x00000000ed600000,0x00000000ed600000)
  from space 2560K, 100% used [0x00000000eda80000,0x00000000edd00000,0x00000000edd00000)
  to   space 4608K, 0% used [0x00000000ed600000,0x00000000ed600000,0x00000000eda80000)
 ParOldGen       total 42496K, used 6341K [0x00000000c2a00000, 0x00000000c5380000, 0x00000000eb900000)
  object space 42496K, 14% used [0x00000000c2a00000,0x00000000c30314b8,0x00000000c5380000)
 Metaspace       used 13571K, capacity 13938K, committed 14080K, reserved 1060864K
  class space    used 1563K, capacity 1663K, committed 1792K, reserved 1048576K
Event: 27.248 GC heap after
Heap after GC invocations=8 (full 1):
 PSYoungGen      total 34304K, used 3888K [0x00000000eb900000, 0x00000000efd00000, 0x0000000100000000)
  eden space 29696K, 0% used [0x00000000eb900000,0x00000000eb900000,0x00000000ed600000)
  from space 4608K, 84% used [0x00000000ed600000,0x00000000ed9cc010,0x00000000eda80000)
  to   space 5120K, 0% used [0x00000000ef800000,0x00000000ef800000,0x00000000efd00000)
 ParOldGen       total 42496K, used 6341K [0x00000000c2a00000, 0x00000000c5380000, 0x00000000eb900000)
  object space 42496K, 14% used [0x00000000c2a00000,0x00000000c30314b8,0x00000000c5380000)
 Metaspace       used 13571K, capacity 13938K, committed 14080K, reserved 1060864K
  class space    used 1563K, capacity 1663K, committed 1792K, reserved 1048576K
}
Event: 28.576 GC heap before
{Heap before GC invocations=9 (full 1):
 PSYoungGen      total 34304K, used 33584K [0x00000000eb900000, 0x00000000efd00000, 0x0000000100000000)
  eden space 29696K, 100% used [0x00000000eb900000,0x00000000ed600000,0x00000000ed600000)
  from space 4608K, 84% used [0x00000000ed600000,0x00000000ed9cc010,0x00000000eda80000)
  to   space 5120K, 0% used [0x00000000ef800000,0x00000000ef800000,0x00000000efd00000)
 ParOldGen       total 42496K, used 6341K [0x00000000c2a00000, 0x00000000c5380000, 0x00000000eb900000)
  object space 42496K, 14% used [0x00000000c2a00000,0x00000000c30314b8,0x00000000c5380000)
 Metaspace       used 13631K, capacity 14002K, committed 14336K, reserved 1062912K
  class space    used 1563K, capacity 1663K, committed 1792K, reserved 1048576K
Event: 28.670 GC heap after
Heap after GC invocations=9 (full 1):
 PSYoungGen      total 64512K, used 3696K [0x00000000eb900000, 0x00000000efd00000, 0x0000000100000000)
  eden space 59392K, 0% used [0x00000000eb900000,0x00000000eb900000,0x00000000ef300000)
  from space 5120K, 72% used [0x00000000ef800000,0x00000000efb9c050,0x00000000efd00000)
  to   space 5120K, 0% used [0x00000000ef300000,0x00000000ef300000,0x00000000ef800000)
 ParOldGen       total 42496K, used 8364K [0x00000000c2a00000, 0x00000000c5380000, 0x00000000eb900000)
  object space 42496K, 19% used [0x00000000c2a00000,0x00000000c322b290,0x00000000c5380000)
 Metaspace       used 13631K, capacity 14002K, committed 14336K, reserved 1062912K
  class space    used 1563K, capacity 1663K, committed 1792K, reserved 1048576K
}
Event: 37.954 GC heap before
{Heap before GC invocations=10 (full 1):
 PSYoungGen      total 64512K, used 63088K [0x00000000eb900000, 0x00000000efd00000, 0x0000000100000000)
  eden space 59392K, 100% used [0x00000000eb900000,0x00000000ef300000,0x00000000ef300000)
  from space 5120K, 72% used [0x00000000ef800000,0x00000000efb9c050,0x00000000efd00000)
  to   space 5120K, 0% used [0x00000000ef300000,0x00000000ef300000,0x00000000ef800000)
 ParOldGen       total 42496K, used 8364K [0x00000000c2a00000, 0x00000000c5380000, 0x00000000eb900000)
  object space 42496K, 19% used [0x00000000c2a00000,0x00000000c322b290,0x00000000c5380000)
 Metaspace       used 14241K, capacity 14722K, committed 14848K, reserved 1062912K
  class space    used 1596K, capacity 1724K, committed 1792K, reserved 1048576K

