# JRE version: Java(TM) SE Runtime Environment (8.0_201-b09) (build 1.8.0_201-b09)
# Java VM: Java HotSpot(TM) 64-Bit Server VM (25.201-b09 mixed mode linux-amd64 compressed oops)
Heap:
 PSYoungGen      total 64000K, used 3920K [0x00000000eb900000, 0x00000000efe00000, 0x0000000100000000)
  eden space 58368K, 0% used [0x00000000eb900000,0x00000000eb900000,0x00000000ef200000)
  from space 5632K, 69% used [0x00000000ef200000,0x00000000ef5d4070,0x00000000ef780000)
  to   space 4608K, 0% used [0x00000000ef780000,0x00000000ef780000,0x00000000efc00000)
 ParOldGen       total 42496K, used 8718K [0x00000000c2a00000, 0x00000000c5380000, 0x00000000eb900000)
  object space 42496K, 20% used [0x00000000c2a00000,0x00000000c3283948,0x00000000c5380000)
 Metaspace       used 14141K, capacity 14676K, committed 14848K, reserved 1062912K
  class space    used 1613K, capacity 1752K, committed 1792K, reserved 1048576K
GC Heap History (10 events):
Event: 52.527 GC heap after
Heap after GC invocations=5 (full 1):
 PSYoungGen      total 18432K, used 2540K [0x00000000eb900000, 0x00000000edd00000, 0x0000000100000000)
  eden space 15872K, 0% used [0x00000000eb900000,0x00000000eb900000,0x00000000ec880000)
  from space 2560K, 99% used [0x00000000ecb00000,0x00000000ecd7b140,0x00000000ecd80000)
  to   space 2560K, 0% used [0x00000000ec880000,0x00000000ec880000,0x00000000ecb00000)
 ParOldGen       total 42496K, used 4851K [0x00000000c2a00000, 0x00000000c5380000, 0x00000000eb900000)
  object space 42496K, 11% used [0x00000000c2a00000,0x00000000c2ebcc38,0x00000000c5380000)
 Metaspace       used 13948K, capacity 14420K, committed 14592K, reserved 1062912K
  class space    used 1613K, capacity 1752K, committed 1792K, reserved 1048576K
}
Event: 52.811 GC heap before
{Heap before GC invocations=6 (full 1):
 PSYoungGen      total 18432K, used 18412K [0x00000000eb900000, 0x00000000edd00000, 0x0000000100000000)
  eden space 15872K, 100% used [0x00000000eb900000,0x00000000ec880000,0x00000000ec880000)
  from space 2560K, 99% used [0x00000000ecb00000,0x00000000ecd7b140,0x00000000ecd80000)
  to   space 2560K, 0% used [0x00000000ec880000,0x00000000ec880000,0x00000000ecb00000)
 ParOldGen       total 42496K, used 4851K [0x00000000c2a00000, 0x00000000c5380000, 0x00000000eb900000)
  object space 42496K, 11% used [0x00000000c2a00000,0x00000000c2ebcc38,0x00000000c5380000)
 Metaspace       used 13998K, capacity 14484K, committed 14592K, reserved 1062912K
  class space    used 1613K, capacity 1752K, committed 1792K, reserved 1048576K
Event: 52.876 GC heap after
Heap after GC invocations=6 (full 1):
 PSYoungGen      total 18432K, used 2532K [0x00000000eb900000, 0x00000000edd00000, 0x0000000100000000)
  eden space 15872K, 0% used [0x00000000eb900000,0x00000000eb900000,0x00000000ec880000)
  from space 2560K, 98% used [0x00000000ec880000,0x00000000ecaf9130,0x00000000ecb00000)
  to   space 2560K, 0% used [0x00000000eda80000,0x00000000eda80000,0x00000000edd00000)
 ParOldGen       total 42496K, used 5702K [0x00000000c2a00000, 0x00000000c5380000, 0x00000000eb900000)
  object space 42496K, 13% used [0x00000000c2a00000,0x00000000c2f91948,0x00000000c5380000)
 Metaspace       used 13998K, capacity 14484K, committed 14592K, reserved 1062912K
  class space    used 1613K, capacity 1752K, committed 1792K, reserved 1048576K
}
Event: 53.013 GC heap before
{Heap before GC invocations=7 (full 1):
 PSYoungGen      total 18432K, used 18404K [0x00000000eb900000, 0x00000000edd00000, 0x0000000100000000)
  eden space 15872K, 100% used [0x00000000eb900000,0x00000000ec880000,0x00000000ec880000)
  from space 2560K, 98% used [0x00000000ec880000,0x00000000ecaf9130,0x00000000ecb00000)
  to   space 2560K, 0% used [0x00000000eda80000,0x00000000eda80000,0x00000000edd00000)
 ParOldGen       total 42496K, used 5702K [0x00000000c2a00000, 0x00000000c5380000, 0x00000000eb900000)
  object space 42496K, 13% used [0x00000000c2a00000,0x00000000c2f91948,0x00000000c5380000)
 Metaspace       used 14029K, capacity 14484K, committed 14592K, reserved 1062912K
  class space    used 1613K, capacity 1752K, committed 1792K, reserved 1048576K
Event: 53.031 GC heap after
Heap after GC invocations=7 (full 1):
 PSYoungGen      total 32256K, used 2548K [0x00000000eb900000, 0x00000000ee100000, 0x0000000100000000)
  eden space 29696K, 0% used [0x00000000eb900000,0x00000000eb900000,0x00000000ed600000)
  from space 2560K, 99% used [0x00000000eda80000,0x00000000edcfd120,0x00000000edd00000)
  to   space 4608K, 0% used [0x00000000ed600000,0x00000000ed600000,0x00000000eda80000)
 ParOldGen       total 42496K, used 6274K [0x00000000c2a00000, 0x00000000c5380000, 0x00000000eb900000)
  object space 42496K, 14% used [0x00000000c2a00000,0x00000000c30209b8,0x00000000c5380000)
 Metaspace       used 14029K, capacity 14484K, committed 14592K, reserved 1062912K
  class space    used 1613K, capacity 1752K, committed 1792K, reserved 1048576K
}
Event: 53.428 GC heap before
{Heap before GC invocations=8 (full 1):
 PSYoungGen      total 32256K, used 32244K [0x00000000eb900000, 0x00000000ee100000, 0x0000000100000000)
  eden space 29696K, 100% used [0x00000000eb900000,0x00000000ed600000,0x00000000ed600000)
  from space 2560K, 99% used [0x00000000eda80000,0x00000000edcfd120,0x00000000edd00000)
  to   space 4608K, 0% used [0x00000000ed600000,0x00000000ed600000,0x00000000eda80000)
 ParOldGen       total 42496K, used 6274K [0x00000000c2a00000, 0x00000000c5380000, 0x00000000eb900000)
  object space 42496K, 14% used [0x00000000c2a00000,0x00000000c30209b8,0x00000000c5380000)
 Metaspace       used 14100K, capacity 14548K, committed 14592K, reserved 1062912K
  class space    used 1613K, capacity 1752K, committed 1792K, reserved 1048576K
Event: 53.445 GC heap after
Heap after GC invocations=8 (full 1):
 PSYoungGen      total 34304K, used 4148K [0x00000000eb900000, 0x00000000efc00000, 0x0000000100000000)
  eden space 29696K, 0% used [0x00000000eb900000,0x00000000eb900000,0x00000000ed600000)
  from space 4608K, 90% used [0x00000000ed600000,0x00000000eda0d120,0x00000000eda80000)
  to   space 4608K, 0% used [0x00000000ef780000,0x00000000ef780000,0x00000000efc00000)
 ParOldGen       total 42496K, used 6274K [0x00000000c2a00000, 0x00000000c5380000, 0x00000000eb900000)
  object space 42496K, 14% used [0x00000000c2a00000,0x00000000c30209b8,0x00000000c5380000)
 Metaspace       used 14100K, capacity 14548K, committed 14592K, reserved 1062912K
  class space    used 1613K, capacity 1752K, committed 1792K, reserved 1048576K
}
Event: 53.747 GC heap before
{Heap before GC invocations=9 (full 1):
 PSYoungGen      total 34304K, used 33844K [0x00000000eb900000, 0x00000000efc00000, 0x0000000100000000)
  eden space 29696K, 100% used [0x00000000eb900000,0x00000000ed600000,0x00000000ed600000)
  from space 4608K, 90% used [0x00000000ed600000,0x00000000eda0d120,0x00000000eda80000)
  to   space 4608K, 0% used [0x00000000ef780000,0x00000000ef780000,0x00000000efc00000)
 ParOldGen       total 42496K, used 6274K [0x00000000c2a00000, 0x00000000c5380000, 0x00000000eb900000)
  object space 42496K, 14% used [0x00000000c2a00000,0x00000000c30209b8,0x00000000c5380000)
 Metaspace       used 14119K, capacity 14612K, committed 14848K, reserved 1062912K
  class space    used 1613K, capacity 1752K, committed 1792K, reserved 1048576K
Event: 53.762 GC heap after
Heap after GC invocations=9 (full 1):
 PSYoungGen      total 62976K, used 4576K [0x00000000eb900000, 0x00000000efe00000, 0x0000000100000000)
  eden space 58368K, 0% used [0x00000000eb900000,0x00000000eb900000,0x00000000ef200000)
  from space 4608K, 99% used [0x00000000ef780000,0x00000000efbf8060,0x00000000efc00000)
  to   space 5632K, 0% used [0x00000000ef200000,0x00000000ef200000,0x00000000ef780000)
 ParOldGen       total 42496K, used 7570K [0x00000000c2a00000, 0x00000000c5380000, 0x00000000eb900000)
  object space 42496K, 17% used [0x00000000c2a00000,0x00000000c3164828,0x00000000c5380000)
 Metaspace       used 14119K, capacity 14612K, committed 14848K, reserved 1062912K
  class space    used 1613K, capacity 1752K, committed 1792K, reserved 1048576K
}
Event: 54.170 GC heap before
{Heap before GC invocations=10 (full 1):
 PSYoungGen      total 62976K, used 62944K [0x00000000eb900000, 0x00000000efe00000, 0x0000000100000000)
  eden space 58368K, 100% used [0x00000000eb900000,0x00000000ef200000,0x00000000ef200000)
  from space 4608K, 99% used [0x00000000ef780000,0x00000000efbf8060,0x00000000efc00000)
  to   space 5632K, 0% used [0x00000000ef200000,0x00000000ef200000,0x00000000ef780000)
 ParOldGen       total 42496K, used 7570K [0x00000000c2a00000, 0x00000000c5380000, 0x00000000eb900000)
  object space 42496K, 17% used [0x00000000c2a00000,0x00000000c3164828,0x00000000c5380000)
 Metaspace       used 14141K, capacity 14676K, committed 14848K, reserved 1062912K
  class space    used 1613K, capacity 1752K, committed 1792K, reserved 1048576K

