# JRE version: Java(TM) SE Runtime Environment (8.0_201-b09) (build 1.8.0_201-b09)
# Java VM: Java HotSpot(TM) 64-Bit Server VM (25.201-b09 mixed mode linux-amd64 compressed oops)
Heap:
 PSYoungGen      total 125952K, used 7648K [0x00000000eb900000, 0x00000000f3d00000, 0x0000000100000000)
  eden space 118272K, 0% used [0x00000000eb900000,0x00000000eb900000,0x00000000f2c80000)
  from space 7680K, 99% used [0x00000000f2c80000,0x00000000f33f8010,0x00000000f3400000)
  to   space 6144K, 0% used [0x00000000f3400000,0x00000000f3400000,0x00000000f3a00000)
 ParOldGen       total 42496K, used 18445K [0x00000000c2a00000, 0x00000000c5380000, 0x00000000eb900000)
  object space 42496K, 43% used [0x00000000c2a00000,0x00000000c3c034c8,0x00000000c5380000)
 Metaspace       used 13803K, capacity 14188K, committed 14208K, reserved 1062912K
  class space    used 1562K, capacity 1662K, committed 1664K, reserved 1048576K
GC Heap History (10 events):
Event: 44.380 GC heap after
Heap after GC invocations=5 (full 1):
 PSYoungGen      total 34304K, used 2556K [0x00000000eb900000, 0x00000000edd00000, 0x0000000100000000)
  eden space 31744K, 0% used [0x00000000eb900000,0x00000000eb900000,0x00000000ed800000)
  from space 2560K, 99% used [0x00000000eda80000,0x00000000edcff3d8,0x00000000edd00000)
  to   space 2560K, 0% used [0x00000000ed800000,0x00000000ed800000,0x00000000eda80000)
 ParOldGen       total 42496K, used 7991K [0x00000000c2a00000, 0x00000000c5380000, 0x00000000eb900000)
  object space 42496K, 18% used [0x00000000c2a00000,0x00000000c31cde40,0x00000000c5380000)
 Metaspace       used 13507K, capacity 13862K, committed 13952K, reserved 1060864K
  class space    used 1561K, capacity 1661K, committed 1664K, reserved 1048576K
}
Event: 44.903 GC heap before
{Heap before GC invocations=6 (full 1):
 PSYoungGen      total 34304K, used 34300K [0x00000000eb900000, 0x00000000edd00000, 0x0000000100000000)
  eden space 31744K, 100% used [0x00000000eb900000,0x00000000ed800000,0x00000000ed800000)
  from space 2560K, 99% used [0x00000000eda80000,0x00000000edcff3d8,0x00000000edd00000)
  to   space 2560K, 0% used [0x00000000ed800000,0x00000000ed800000,0x00000000eda80000)
 ParOldGen       total 42496K, used 7991K [0x00000000c2a00000, 0x00000000c5380000, 0x00000000eb900000)
  object space 42496K, 18% used [0x00000000c2a00000,0x00000000c31cde40,0x00000000c5380000)
 Metaspace       used 13630K, capacity 13932K, committed 13952K, reserved 1060864K
  class space    used 1562K, capacity 1662K, committed 1664K, reserved 1048576K
Event: 44.920 GC heap after
Heap after GC invocations=6 (full 1):
 PSYoungGen      total 34304K, used 2544K [0x00000000eb900000, 0x00000000efc00000, 0x0000000100000000)
  eden space 31744K, 0% used [0x00000000eb900000,0x00000000eb900000,0x00000000ed800000)
  from space 2560K, 99% used [0x00000000ed800000,0x00000000eda7c050,0x00000000eda80000)
  to   space 2560K, 0% used [0x00000000ef980000,0x00000000ef980000,0x00000000efc00000)
 ParOldGen       total 42496K, used 10068K [0x00000000c2a00000, 0x00000000c5380000, 0x00000000eb900000)
  object space 42496K, 23% used [0x00000000c2a00000,0x00000000c33d5288,0x00000000c5380000)
 Metaspace       used 13630K, capacity 13932K, committed 13952K, reserved 1060864K
  class space    used 1562K, capacity 1662K, committed 1664K, reserved 1048576K
}
Event: 45.255 GC heap before
{Heap before GC invocations=7 (full 1):
 PSYoungGen      total 34304K, used 34288K [0x00000000eb900000, 0x00000000efc00000, 0x0000000100000000)
  eden space 31744K, 100% used [0x00000000eb900000,0x00000000ed800000,0x00000000ed800000)
  from space 2560K, 99% used [0x00000000ed800000,0x00000000eda7c050,0x00000000eda80000)
  to   space 2560K, 0% used [0x00000000ef980000,0x00000000ef980000,0x00000000efc00000)
 ParOldGen       total 42496K, used 10068K [0x00000000c2a00000, 0x00000000c5380000, 0x00000000eb900000)
  object space 42496K, 23% used [0x00000000c2a00000,0x00000000c33d5288,0x00000000c5380000)
 Metaspace       used 13687K, capacity 14060K, committed 14208K, reserved 1062912K
  class space    used 1562K, capacity 1662K, committed 1664K, reserved 1048576K
Event: 45.273 GC heap after
Heap after GC invocations=7 (full 1):
 PSYoungGen      total 62464K, used 2528K [0x00000000eb900000, 0x00000000f0300000, 0x0000000100000000)
  eden space 59904K, 0% used [0x00000000eb900000,0x00000000eb900000,0x00000000ef380000)
  from space 2560K, 98% used [0x00000000ef980000,0x00000000efbf8010,0x00000000efc00000)
  to   space 6144K, 0% used [0x00000000ef380000,0x00000000ef380000,0x00000000ef980000)
 ParOldGen       total 42496K, used 12212K [0x00000000c2a00000, 0x00000000c5380000, 0x00000000eb900000)
  object space 42496K, 28% used [0x00000000c2a00000,0x00000000c35ed308,0x00000000c5380000)
 Metaspace       used 13687K, capacity 14060K, committed 14208K, reserved 1062912K
  class space    used 1562K, capacity 1662K, committed 1664K, reserved 1048576K
}
Event: 45.826 GC heap before
{Heap before GC invocations=8 (full 1):
 PSYoungGen      total 62464K, used 62432K [0x00000000eb900000, 0x00000000f0300000, 0x0000000100000000)
  eden space 59904K, 100% used [0x00000000eb900000,0x00000000ef380000,0x00000000ef380000)
  from space 2560K, 98% used [0x00000000ef980000,0x00000000efbf8010,0x00000000efc00000)
  to   space 6144K, 0% used [0x00000000ef380000,0x00000000ef380000,0x00000000ef980000)
 ParOldGen       total 42496K, used 12212K [0x00000000c2a00000, 0x00000000c5380000, 0x00000000eb900000)
  object space 42496K, 28% used [0x00000000c2a00000,0x00000000c35ed308,0x00000000c5380000)
 Metaspace       used 13708K, capacity 14060K, committed 14208K, reserved 1062912K
  class space    used 1562K, capacity 1662K, committed 1664K, reserved 1048576K
Event: 45.854 GC heap after
Heap after GC invocations=8 (full 1):
 PSYoungGen      total 66048K, used 4992K [0x00000000eb900000, 0x00000000f3a00000, 0x0000000100000000)
  eden space 59904K, 0% used [0x00000000eb900000,0x00000000eb900000,0x00000000ef380000)
  from space 6144K, 81% used [0x00000000ef380000,0x00000000ef8600a0,0x00000000ef980000)
  to   space 6144K, 0% used [0x00000000f3400000,0x00000000f3400000,0x00000000f3a00000)
 ParOldGen       total 42496K, used 12220K [0x00000000c2a00000, 0x00000000c5380000, 0x00000000eb900000)
  object space 42496K, 28% used [0x00000000c2a00000,0x00000000c35ef308,0x00000000c5380000)
 Metaspace       used 13708K, capacity 14060K, committed 14208K, reserved 1062912K
  class space    used 1562K, capacity 1662K, committed 1664K, reserved 1048576K
}
Event: 46.394 GC heap before
{Heap before GC invocations=9 (full 1):
 PSYoungGen      total 66048K, used 64896K [0x00000000eb900000, 0x00000000f3a00000, 0x0000000100000000)
  eden space 59904K, 100% used [0x00000000eb900000,0x00000000ef380000,0x00000000ef380000)
  from space 6144K, 81% used [0x00000000ef380000,0x00000000ef8600a0,0x00000000ef980000)
  to   space 6144K, 0% used [0x00000000f3400000,0x00000000f3400000,0x00000000f3a00000)
 ParOldGen       total 42496K, used 12220K [0x00000000c2a00000, 0x00000000c5380000, 0x00000000eb900000)
  object space 42496K, 28% used [0x00000000c2a00000,0x00000000c35ef308,0x00000000c5380000)
 Metaspace       used 13748K, capacity 14124K, committed 14208K, reserved 1062912K
  class space    used 1562K, capacity 1662K, committed 1664K, reserved 1048576K
Event: 46.416 GC heap after
Heap after GC invocations=9 (full 1):
 PSYoungGen      total 124416K, used 6112K [0x00000000eb900000, 0x00000000f3d00000, 0x0000000100000000)
  eden space 118272K, 0% used [0x00000000eb900000,0x00000000eb900000,0x00000000f2c80000)
  from space 6144K, 99% used [0x00000000f3400000,0x00000000f39f80a0,0x00000000f3a00000)
  to   space 7680K, 0% used [0x00000000f2c80000,0x00000000f2c80000,0x00000000f3400000)
 ParOldGen       total 42496K, used 14072K [0x00000000c2a00000, 0x00000000c5380000, 0x00000000eb900000)
  object space 42496K, 33% used [0x00000000c2a00000,0x00000000c37be398,0x00000000c5380000)
 Metaspace       used 13748K, capacity 14124K, committed 14208K, reserved 1062912K
  class space    used 1562K, capacity 1662K, committed 1664K, reserved 1048576K
}
Event: 47.618 GC heap before
{Heap before GC invocations=10 (full 1):
 PSYoungGen      total 124416K, used 124384K [0x00000000eb900000, 0x00000000f3d00000, 0x0000000100000000)
  eden space 118272K, 100% used [0x00000000eb900000,0x00000000f2c80000,0x00000000f2c80000)
  from space 6144K, 99% used [0x00000000f3400000,0x00000000f39f80a0,0x00000000f3a00000)
  to   space 7680K, 0% used [0x00000000f2c80000,0x00000000f2c80000,0x00000000f3400000)
 ParOldGen       total 42496K, used 14072K [0x00000000c2a00000, 0x00000000c5380000, 0x00000000eb900000)
  object space 42496K, 33% used [0x00000000c2a00000,0x00000000c37be398,0x00000000c5380000)
 Metaspace       used 13803K, capacity 14188K, committed 14208K, reserved 1062912K
  class space    used 1562K, capacity 1662K, committed 1664K, reserved 1048576K

