# JRE version: Java(TM) SE Runtime Environment (8.0_201-b09) (build 1.8.0_201-b09)
# Java VM: Java HotSpot(TM) 64-Bit Server VM (25.201-b09 mixed mode linux-amd64 compressed oops)
Heap:
 PSYoungGen      total 280064K, used 8227K [0x00000000eb900000, 0x0000000100000000, 0x0000000100000000)
  eden space 247296K, 0% used [0x00000000eb900000,0x00000000eb900000,0x00000000faa80000)
  from space 32768K, 25% used [0x00000000faa80000,0x00000000fb288f40,0x00000000fca80000)
  to   space 34816K, 0% used [0x00000000fde00000,0x00000000fde00000,0x0000000100000000)
 ParOldGen       total 74240K, used 73815K [0x00000000c2a00000, 0x00000000c7280000, 0x00000000eb900000)
  object space 74240K, 99% used [0x00000000c2a00000,0x00000000c7215ff8,0x00000000c7280000)
 Metaspace       used 26816K, capacity 27524K, committed 27776K, reserved 1073152K
  class space    used 3195K, capacity 3386K, committed 3456K, reserved 1048576K
GC Heap History (10 events):
Event: 22.129 GC heap after
Heap after GC invocations=13 (full 2):
 PSYoungGen      total 227328K, used 5162K [0x00000000eb900000, 0x00000000fb580000, 0x0000000100000000)
  eden space 221696K, 0% used [0x00000000eb900000,0x00000000eb900000,0x00000000f9180000)
  from space 5632K, 91% used [0x00000000f9b00000,0x00000000fa00a8c8,0x00000000fa080000)
  to   space 18432K, 0% used [0x00000000fa380000,0x00000000fa380000,0x00000000fb580000)
 ParOldGen       total 74240K, used 38802K [0x00000000c2a00000, 0x00000000c7280000, 0x00000000eb900000)
  object space 74240K, 52% used [0x00000000c2a00000,0x00000000c4fe4940,0x00000000c7280000)
 Metaspace       used 22160K, capacity 22626K, committed 22784K, reserved 1069056K
  class space    used 2405K, capacity 2541K, committed 2560K, reserved 1048576K
}
Event: 31.652 GC heap before
{Heap before GC invocations=14 (full 2):
 PSYoungGen      total 227328K, used 226858K [0x00000000eb900000, 0x00000000fb580000, 0x0000000100000000)
  eden space 221696K, 100% used [0x00000000eb900000,0x00000000f9180000,0x00000000f9180000)
  from space 5632K, 91% used [0x00000000f9b00000,0x00000000fa00a8c8,0x00000000fa080000)
  to   space 18432K, 0% used [0x00000000fa380000,0x00000000fa380000,0x00000000fb580000)
 ParOldGen       total 74240K, used 38802K [0x00000000c2a00000, 0x00000000c7280000, 0x00000000eb900000)
  object space 74240K, 52% used [0x00000000c2a00000,0x00000000c4fe4940,0x00000000c7280000)
 Metaspace       used 22929K, capacity 23622K, committed 23680K, reserved 1071104K
  class space    used 2468K, capacity 2659K, committed 2688K, reserved 1048576K
Event: 31.776 GC heap after
Heap after GC invocations=14 (full 2):
 PSYoungGen      total 238592K, used 13990K [0x00000000eb900000, 0x00000000fda00000, 0x0000000100000000)
  eden space 220160K, 0% used [0x00000000eb900000,0x00000000eb900000,0x00000000f9000000)
  from space 18432K, 75% used [0x00000000fa380000,0x00000000fb129840,0x00000000fb580000)
  to   space 19968K, 0% used [0x00000000f9000000,0x00000000f9000000,0x00000000fa380000)
 ParOldGen       total 74240K, used 38810K [0x00000000c2a00000, 0x00000000c7280000, 0x00000000eb900000)
  object space 74240K, 52% used [0x00000000c2a00000,0x00000000c4fe6940,0x00000000c7280000)
 Metaspace       used 22929K, capacity 23622K, committed 23680K, reserved 1071104K
  class space    used 2468K, capacity 2659K, committed 2688K, reserved 1048576K
}
Event: 38.064 GC heap before
{Heap before GC invocations=15 (full 2):
 PSYoungGen      total 238592K, used 234150K [0x00000000eb900000, 0x00000000fda00000, 0x0000000100000000)
  eden space 220160K, 100% used [0x00000000eb900000,0x00000000f9000000,0x00000000f9000000)
  from space 18432K, 75% used [0x00000000fa380000,0x00000000fb129840,0x00000000fb580000)
  to   space 19968K, 0% used [0x00000000f9000000,0x00000000f9000000,0x00000000fa380000)
 ParOldGen       total 74240K, used 38810K [0x00000000c2a00000, 0x00000000c7280000, 0x00000000eb900000)
  object space 74240K, 52% used [0x00000000c2a00000,0x00000000c4fe6940,0x00000000c7280000)
 Metaspace       used 23098K, capacity 23798K, committed 23936K, reserved 1071104K
  class space    used 2482K, capacity 2667K, committed 2688K, reserved 1048576K
Event: 38.173 GC heap after
Heap after GC invocations=15 (full 2):
 PSYoungGen      total 240128K, used 19952K [0x00000000eb900000, 0x00000000fe400000, 0x0000000100000000)
  eden space 220160K, 0% used [0x00000000eb900000,0x00000000eb900000,0x00000000f9000000)
  from space 19968K, 99% used [0x00000000f9000000,0x00000000fa37c020,0x00000000fa380000)
  to   space 26112K, 0% used [0x00000000fca80000,0x00000000fca80000,0x00000000fe400000)
 ParOldGen       total 74240K, used 46590K [0x00000000c2a00000, 0x00000000c7280000, 0x00000000eb900000)
  object space 74240K, 62% used [0x00000000c2a00000,0x00000000c577f870,0x00000000c7280000)
 Metaspace       used 23098K, capacity 23798K, committed 23936K, reserved 1071104K
  class space    used 2482K, capacity 2667K, committed 2688K, reserved 1048576K
}
Event: 43.752 GC heap before
{Heap before GC invocations=16 (full 2):
 PSYoungGen      total 240128K, used 240112K [0x00000000eb900000, 0x00000000fe400000, 0x0000000100000000)
  eden space 220160K, 100% used [0x00000000eb900000,0x00000000f9000000,0x00000000f9000000)
  from space 19968K, 99% used [0x00000000f9000000,0x00000000fa37c020,0x00000000fa380000)
  to   space 26112K, 0% used [0x00000000fca80000,0x00000000fca80000,0x00000000fe400000)
 ParOldGen       total 74240K, used 46590K [0x00000000c2a00000, 0x00000000c7280000, 0x00000000eb900000)
  object space 74240K, 62% used [0x00000000c2a00000,0x00000000c577f870,0x00000000c7280000)
 Metaspace       used 26746K, capacity 27460K, committed 27776K, reserved 1073152K
  class space    used 3195K, capacity 3386K, committed 3456K, reserved 1048576K
Event: 43.879 GC heap after
Heap after GC invocations=16 (full 2):
 PSYoungGen      total 273408K, used 26103K [0x00000000eb900000, 0x00000000ff300000, 0x0000000100000000)
  eden space 247296K, 0% used [0x00000000eb900000,0x00000000eb900000,0x00000000faa80000)
  from space 26112K, 99% used [0x00000000fca80000,0x00000000fe3fdc78,0x00000000fe400000)
  to   space 32768K, 0% used [0x00000000faa80000,0x00000000faa80000,0x00000000fca80000)
 ParOldGen       total 74240K, used 53485K [0x00000000c2a00000, 0x00000000c7280000, 0x00000000eb900000)
  object space 74240K, 72% used [0x00000000c2a00000,0x00000000c5e3b7c0,0x00000000c7280000)
 Metaspace       used 26746K, capacity 27460K, committed 27776K, reserved 1073152K
  class space    used 3195K, capacity 3386K, committed 3456K, reserved 1048576K
}
Event: 46.468 GC heap before
{Heap before GC invocations=17 (full 2):
 PSYoungGen      total 273408K, used 273399K [0x00000000eb900000, 0x00000000ff300000, 0x0000000100000000)
  eden space 247296K, 100% used [0x00000000eb900000,0x00000000faa80000,0x00000000faa80000)
  from space 26112K, 99% used [0x00000000fca80000,0x00000000fe3fdc78,0x00000000fe400000)
  to   space 32768K, 0% used [0x00000000faa80000,0x00000000faa80000,0x00000000fca80000)
 ParOldGen       total 74240K, used 53485K [0x00000000c2a00000, 0x00000000c7280000, 0x00000000eb900000)
  object space 74240K, 72% used [0x00000000c2a00000,0x00000000c5e3b7c0,0x00000000c7280000)
 Metaspace       used 26820K, capacity 27530K, committed 27776K, reserved 1073152K
  class space    used 3196K, capacity 3387K, committed 3456K, reserved 1048576K
Event: 46.615 GC heap after
Heap after GC invocations=17 (full 2):
 PSYoungGen      total 280064K, used 24288K [0x00000000eb900000, 0x0000000100000000, 0x0000000100000000)
  eden space 247296K, 0% used [0x00000000eb900000,0x00000000eb900000,0x00000000faa80000)
  from space 32768K, 74% used [0x00000000faa80000,0x00000000fc238000,0x00000000fca80000)
  to   space 34816K, 0% used [0x00000000fde00000,0x00000000fde00000,0x0000000100000000)
 ParOldGen       total 74240K, used 66011K [0x00000000c2a00000, 0x00000000c7280000, 0x00000000eb900000)
  object space 74240K, 88% used [0x00000000c2a00000,0x00000000c6a76d00,0x00000000c7280000)
 Metaspace       used 26820K, capacity 27530K, committed 27776K, reserved 1073152K
  class space    used 3196K, capacity 3387K, committed 3456K, reserved 1048576K
}
Event: 46.615 GC heap before
{Heap before GC invocations=18 (full 3):
 PSYoungGen      total 280064K, used 24288K [0x00000000eb900000, 0x0000000100000000, 0x0000000100000000)
  eden space 247296K, 0% used [0x00000000eb900000,0x00000000eb900000,0x00000000faa80000)
  from space 32768K, 74% used [0x00000000faa80000,0x00000000fc238000,0x00000000fca80000)
  to   space 34816K, 0% used [0x00000000fde00000,0x00000000fde00000,0x0000000100000000)
 ParOldGen       total 74240K, used 66011K [0x00000000c2a00000, 0x00000000c7280000, 0x00000000eb900000)
  object space 74240K, 88% used [0x00000000c2a00000,0x00000000c6a76d00,0x00000000c7280000)
 Metaspace       used 26820K, capacity 27530K, committed 27776K, reserved 1073152K
  class space    used 3196K, capacity 3387K, committed 3456K, reserved 1048576K

