# JRE version: Java(TM) SE Runtime Environment (8.0_201-b09) (build 1.8.0_201-b09)
# Java VM: Java HotSpot(TM) 64-Bit Server VM (25.201-b09 mixed mode linux-amd64 compressed oops)
Heap:
 PSYoungGen      total 63488K, used 5104K [0x00000000eb900000, 0x00000000efc00000, 0x0000000100000000)
  eden space 58368K, 0% used [0x00000000eb900000,0x00000000eb900000,0x00000000ef200000)
  from space 5120K, 99% used [0x00000000ef200000,0x00000000ef6fc030,0x00000000ef700000)
  to   space 5120K, 0% used [0x00000000ef700000,0x00000000ef700000,0x00000000efc00000)
 ParOldGen       total 42496K, used 9408K [0x00000000c2a00000, 0x00000000c5380000, 0x00000000eb900000)
  object space 42496K, 22% used [0x00000000c2a00000,0x00000000c3330030,0x00000000c5380000)
 Metaspace       used 13804K, capacity 14194K, committed 14592K, reserved 1062912K
  class space    used 1585K, capacity 1705K, committed 1792K, reserved 1048576K
GC Heap History (10 events):
Event: 80.853 GC heap after
Heap after GC invocations=5 (full 1):
 PSYoungGen      total 18432K, used 2552K [0x00000000eb900000, 0x00000000edd00000, 0x0000000100000000)
  eden space 15872K, 0% used [0x00000000eb900000,0x00000000eb900000,0x00000000ec880000)
  from space 2560K, 99% used [0x00000000ecb00000,0x00000000ecd7e220,0x00000000ecd80000)
  to   space 2560K, 0% used [0x00000000ec880000,0x00000000ec880000,0x00000000ecb00000)
 ParOldGen       total 42496K, used 6148K [0x00000000c2a00000, 0x00000000c5380000, 0x00000000eb900000)
  object space 42496K, 14% used [0x00000000c2a00000,0x00000000c30012b0,0x00000000c5380000)
 Metaspace       used 13614K, capacity 13996K, committed 14336K, reserved 1062912K
  class space    used 1585K, capacity 1704K, committed 1792K, reserved 1048576K
}
Event: 81.078 GC heap before
{Heap before GC invocations=6 (full 1):
 PSYoungGen      total 18432K, used 18424K [0x00000000eb900000, 0x00000000edd00000, 0x0000000100000000)
  eden space 15872K, 100% used [0x00000000eb900000,0x00000000ec880000,0x00000000ec880000)
  from space 2560K, 99% used [0x00000000ecb00000,0x00000000ecd7e220,0x00000000ecd80000)
  to   space 2560K, 0% used [0x00000000ec880000,0x00000000ec880000,0x00000000ecb00000)
 ParOldGen       total 42496K, used 6148K [0x00000000c2a00000, 0x00000000c5380000, 0x00000000eb900000)
  object space 42496K, 14% used [0x00000000c2a00000,0x00000000c30012b0,0x00000000c5380000)
 Metaspace       used 13650K, capacity 14066K, committed 14336K, reserved 1062912K
  class space    used 1585K, capacity 1705K, committed 1792K, reserved 1048576K
Event: 81.083 GC heap after
Heap after GC invocations=6 (full 1):
 PSYoungGen      total 18432K, used 2552K [0x00000000eb900000, 0x00000000edd00000, 0x0000000100000000)
  eden space 15872K, 0% used [0x00000000eb900000,0x00000000eb900000,0x00000000ec880000)
  from space 2560K, 99% used [0x00000000ec880000,0x00000000ecafe220,0x00000000ecb00000)
  to   space 2560K, 0% used [0x00000000eda80000,0x00000000eda80000,0x00000000edd00000)
 ParOldGen       total 42496K, used 6252K [0x00000000c2a00000, 0x00000000c5380000, 0x00000000eb900000)
  object space 42496K, 14% used [0x00000000c2a00000,0x00000000c301b2b0,0x00000000c5380000)
 Metaspace       used 13650K, capacity 14066K, committed 14336K, reserved 1062912K
  class space    used 1585K, capacity 1705K, committed 1792K, reserved 1048576K
}
Event: 81.327 GC heap before
{Heap before GC invocations=7 (full 1):
 PSYoungGen      total 18432K, used 18424K [0x00000000eb900000, 0x00000000edd00000, 0x0000000100000000)
  eden space 15872K, 100% used [0x00000000eb900000,0x00000000ec880000,0x00000000ec880000)
  from space 2560K, 99% used [0x00000000ec880000,0x00000000ecafe220,0x00000000ecb00000)
  to   space 2560K, 0% used [0x00000000eda80000,0x00000000eda80000,0x00000000edd00000)
 ParOldGen       total 42496K, used 6252K [0x00000000c2a00000, 0x00000000c5380000, 0x00000000eb900000)
  object space 42496K, 14% used [0x00000000c2a00000,0x00000000c301b2b0,0x00000000c5380000)
 Metaspace       used 13686K, capacity 14066K, committed 14336K, reserved 1062912K
  class space    used 1585K, capacity 1705K, committed 1792K, reserved 1048576K
Event: 81.350 GC heap after
Heap after GC invocations=7 (full 1):
 PSYoungGen      total 31744K, used 2556K [0x00000000eb900000, 0x00000000ee200000, 0x0000000100000000)
  eden space 29184K, 0% used [0x00000000eb900000,0x00000000eb900000,0x00000000ed580000)
  from space 2560K, 99% used [0x00000000eda80000,0x00000000edcff110,0x00000000edd00000)
  to   space 5120K, 0% used [0x00000000ed580000,0x00000000ed580000,0x00000000eda80000)
 ParOldGen       total 42496K, used 6588K [0x00000000c2a00000, 0x00000000c5380000, 0x00000000eb900000)
  object space 42496K, 15% used [0x00000000c2a00000,0x00000000c306f2b0,0x00000000c5380000)
 Metaspace       used 13686K, capacity 14066K, committed 14336K, reserved 1062912K
  class space    used 1585K, capacity 1705K, committed 1792K, reserved 1048576K
}
Event: 81.875 GC heap before
{Heap before GC invocations=8 (full 1):
 PSYoungGen      total 31744K, used 31740K [0x00000000eb900000, 0x00000000ee200000, 0x0000000100000000)
  eden space 29184K, 100% used [0x00000000eb900000,0x00000000ed580000,0x00000000ed580000)
  from space 2560K, 99% used [0x00000000eda80000,0x00000000edcff110,0x00000000edd00000)
  to   space 5120K, 0% used [0x00000000ed580000,0x00000000ed580000,0x00000000eda80000)
 ParOldGen       total 42496K, used 6588K [0x00000000c2a00000, 0x00000000c5380000, 0x00000000eb900000)
  object space 42496K, 15% used [0x00000000c2a00000,0x00000000c306f2b0,0x00000000c5380000)
 Metaspace       used 13735K, capacity 14130K, committed 14336K, reserved 1062912K
  class space    used 1585K, capacity 1705K, committed 1792K, reserved 1048576K
Event: 81.891 GC heap after
Heap after GC invocations=8 (full 1):
 PSYoungGen      total 34304K, used 3480K [0x00000000eb900000, 0x00000000efc00000, 0x0000000100000000)
  eden space 29184K, 0% used [0x00000000eb900000,0x00000000eb900000,0x00000000ed580000)
  from space 5120K, 67% used [0x00000000ed580000,0x00000000ed8e6220,0x00000000eda80000)
  to   space 5120K, 0% used [0x00000000ef700000,0x00000000ef700000,0x00000000efc00000)
 ParOldGen       total 42496K, used 6588K [0x00000000c2a00000, 0x00000000c5380000, 0x00000000eb900000)
  object space 42496K, 15% used [0x00000000c2a00000,0x00000000c306f2b0,0x00000000c5380000)
 Metaspace       used 13735K, capacity 14130K, committed 14336K, reserved 1062912K
  class space    used 1585K, capacity 1705K, committed 1792K, reserved 1048576K
}
Event: 82.185 GC heap before
{Heap before GC invocations=9 (full 1):
 PSYoungGen      total 34304K, used 32664K [0x00000000eb900000, 0x00000000efc00000, 0x0000000100000000)
  eden space 29184K, 100% used [0x00000000eb900000,0x00000000ed580000,0x00000000ed580000)
  from space 5120K, 67% used [0x00000000ed580000,0x00000000ed8e6220,0x00000000eda80000)
  to   space 5120K, 0% used [0x00000000ef700000,0x00000000ef700000,0x00000000efc00000)
 ParOldGen       total 42496K, used 6588K [0x00000000c2a00000, 0x00000000c5380000, 0x00000000eb900000)
  object space 42496K, 15% used [0x00000000c2a00000,0x00000000c306f2b0,0x00000000c5380000)
 Metaspace       used 13768K, capacity 14130K, committed 14336K, reserved 1062912K
  class space    used 1585K, capacity 1705K, committed 1792K, reserved 1048576K
Event: 82.198 GC heap after
Heap after GC invocations=9 (full 1):
 PSYoungGen      total 63488K, used 2272K [0x00000000eb900000, 0x00000000efc00000, 0x0000000100000000)
  eden space 58368K, 0% used [0x00000000eb900000,0x00000000eb900000,0x00000000ef200000)
  from space 5120K, 44% used [0x00000000ef700000,0x00000000ef938000,0x00000000efc00000)
  to   space 5120K, 0% used [0x00000000ef200000,0x00000000ef200000,0x00000000ef700000)
 ParOldGen       total 42496K, used 8325K [0x00000000c2a00000, 0x00000000c5380000, 0x00000000eb900000)
  object space 42496K, 19% used [0x00000000c2a00000,0x00000000c3221540,0x00000000c5380000)
 Metaspace       used 13768K, capacity 14130K, committed 14336K, reserved 1062912K
  class space    used 1585K, capacity 1705K, committed 1792K, reserved 1048576K
}
Event: 83.518 GC heap before
{Heap before GC invocations=10 (full 1):
 PSYoungGen      total 63488K, used 60640K [0x00000000eb900000, 0x00000000efc00000, 0x0000000100000000)
  eden space 58368K, 100% used [0x00000000eb900000,0x00000000ef200000,0x00000000ef200000)
  from space 5120K, 44% used [0x00000000ef700000,0x00000000ef938000,0x00000000efc00000)
  to   space 5120K, 0% used [0x00000000ef200000,0x00000000ef200000,0x00000000ef700000)
 ParOldGen       total 42496K, used 8325K [0x00000000c2a00000, 0x00000000c5380000, 0x00000000eb900000)
  object space 42496K, 19% used [0x00000000c2a00000,0x00000000c3221540,0x00000000c5380000)
 Metaspace       used 13804K, capacity 14194K, committed 14592K, reserved 1062912K
  class space    used 1585K, capacity 1705K, committed 1792K, reserved 1048576K

