# JRE version: Java(TM) SE Runtime Environment (8.0_201-b09) (build 1.8.0_201-b09)
# Java VM: Java HotSpot(TM) 64-Bit Server VM (25.201-b09 mixed mode linux-amd64 compressed oops)
Heap:
 PSYoungGen      total 127488K, used 4499K [0x00000000eb900000, 0x00000000f3b00000, 0x0000000100000000)
  eden space 121856K, 0% used [0x00000000eb900000,0x00000000eb900000,0x00000000f3000000)
  from space 5632K, 79% used [0x00000000f3000000,0x00000000f3464fd0,0x00000000f3580000)
  to   space 5632K, 0% used [0x00000000f3580000,0x00000000f3580000,0x00000000f3b00000)
 ParOldGen       total 42496K, used 14668K [0x00000000c2a00000, 0x00000000c5380000, 0x00000000eb900000)
  object space 42496K, 34% used [0x00000000c2a00000,0x00000000c3853040,0x00000000c5380000)
 Metaspace       used 13666K, capacity 14100K, committed 14208K, reserved 1062912K
  class space    used 1542K, capacity 1659K, committed 1664K, reserved 1048576K
GC Heap History (10 events):
Event: 94.890 GC heap after
Heap after GC invocations=5 (full 1):
 PSYoungGen      total 34304K, used 2544K [0x00000000eb900000, 0x00000000edd00000, 0x0000000100000000)
  eden space 31744K, 0% used [0x00000000eb900000,0x00000000eb900000,0x00000000ed800000)
  from space 2560K, 99% used [0x00000000eda80000,0x00000000edcfc010,0x00000000edd00000)
  to   space 2560K, 0% used [0x00000000ed800000,0x00000000ed800000,0x00000000eda80000)
 ParOldGen       total 42496K, used 8898K [0x00000000c2a00000, 0x00000000c5380000, 0x00000000eb900000)
  object space 42496K, 20% used [0x00000000c2a00000,0x00000000c32b0b90,0x00000000c5380000)
 Metaspace       used 13407K, capacity 13838K, committed 13952K, reserved 1060864K
  class space    used 1541K, capacity 1658K, committed 1664K, reserved 1048576K
}
Event: 95.437 GC heap before
{Heap before GC invocations=6 (full 1):
 PSYoungGen      total 34304K, used 34288K [0x00000000eb900000, 0x00000000edd00000, 0x0000000100000000)
  eden space 31744K, 100% used [0x00000000eb900000,0x00000000ed800000,0x00000000ed800000)
  from space 2560K, 99% used [0x00000000eda80000,0x00000000edcfc010,0x00000000edd00000)
  to   space 2560K, 0% used [0x00000000ed800000,0x00000000ed800000,0x00000000eda80000)
 ParOldGen       total 42496K, used 8898K [0x00000000c2a00000, 0x00000000c5380000, 0x00000000eb900000)
  object space 42496K, 20% used [0x00000000c2a00000,0x00000000c32b0b90,0x00000000c5380000)
 Metaspace       used 13513K, capacity 13902K, committed 13952K, reserved 1060864K
  class space    used 1541K, capacity 1658K, committed 1664K, reserved 1048576K
Event: 95.454 GC heap after
Heap after GC invocations=6 (full 1):
 PSYoungGen      total 34304K, used 2560K [0x00000000eb900000, 0x00000000efc00000, 0x0000000100000000)
  eden space 31744K, 0% used [0x00000000eb900000,0x00000000eb900000,0x00000000ed800000)
  from space 2560K, 100% used [0x00000000ed800000,0x00000000eda80000,0x00000000eda80000)
  to   space 2560K, 0% used [0x00000000ef980000,0x00000000ef980000,0x00000000efc00000)
 ParOldGen       total 42496K, used 10688K [0x00000000c2a00000, 0x00000000c5380000, 0x00000000eb900000)
  object space 42496K, 25% used [0x00000000c2a00000,0x00000000c3470020,0x00000000c5380000)
 Metaspace       used 13513K, capacity 13902K, committed 13952K, reserved 1060864K
  class space    used 1541K, capacity 1658K, committed 1664K, reserved 1048576K
}
Event: 96.073 GC heap before
{Heap before GC invocations=7 (full 1):
 PSYoungGen      total 34304K, used 34304K [0x00000000eb900000, 0x00000000efc00000, 0x0000000100000000)
  eden space 31744K, 100% used [0x00000000eb900000,0x00000000ed800000,0x00000000ed800000)
  from space 2560K, 100% used [0x00000000ed800000,0x00000000eda80000,0x00000000eda80000)
  to   space 2560K, 0% used [0x00000000ef980000,0x00000000ef980000,0x00000000efc00000)
 ParOldGen       total 42496K, used 10688K [0x00000000c2a00000, 0x00000000c5380000, 0x00000000eb900000)
  object space 42496K, 25% used [0x00000000c2a00000,0x00000000c3470020,0x00000000c5380000)
 Metaspace       used 13629K, capacity 14100K, committed 14208K, reserved 1062912K
  class space    used 1542K, capacity 1659K, committed 1664K, reserved 1048576K
Event: 96.089 GC heap after
Heap after GC invocations=7 (full 1):
 PSYoungGen      total 63488K, used 2560K [0x00000000eb900000, 0x00000000f0100000, 0x0000000100000000)
  eden space 60928K, 0% used [0x00000000eb900000,0x00000000eb900000,0x00000000ef480000)
  from space 2560K, 100% used [0x00000000ef980000,0x00000000efc00000,0x00000000efc00000)
  to   space 5120K, 0% used [0x00000000ef480000,0x00000000ef480000,0x00000000ef980000)
 ParOldGen       total 42496K, used 12515K [0x00000000c2a00000, 0x00000000c5380000, 0x00000000eb900000)
  object space 42496K, 29% used [0x00000000c2a00000,0x00000000c3638f60,0x00000000c5380000)
 Metaspace       used 13629K, capacity 14100K, committed 14208K, reserved 1062912K
  class space    used 1542K, capacity 1659K, committed 1664K, reserved 1048576K
}
Event: 96.791 GC heap before
{Heap before GC invocations=8 (full 1):
 PSYoungGen      total 63488K, used 63488K [0x00000000eb900000, 0x00000000f0100000, 0x0000000100000000)
  eden space 60928K, 100% used [0x00000000eb900000,0x00000000ef480000,0x00000000ef480000)
  from space 2560K, 100% used [0x00000000ef980000,0x00000000efc00000,0x00000000efc00000)
  to   space 5120K, 0% used [0x00000000ef480000,0x00000000ef480000,0x00000000ef980000)
 ParOldGen       total 42496K, used 12515K [0x00000000c2a00000, 0x00000000c5380000, 0x00000000eb900000)
  object space 42496K, 29% used [0x00000000c2a00000,0x00000000c3638f60,0x00000000c5380000)
 Metaspace       used 13651K, capacity 14100K, committed 14208K, reserved 1062912K
  class space    used 1542K, capacity 1659K, committed 1664K, reserved 1048576K
Event: 96.808 GC heap after
Heap after GC invocations=8 (full 1):
 PSYoungGen      total 66048K, used 5088K [0x00000000eb900000, 0x00000000f3b00000, 0x0000000100000000)
  eden space 60928K, 0% used [0x00000000eb900000,0x00000000eb900000,0x00000000ef480000)
  from space 5120K, 99% used [0x00000000ef480000,0x00000000ef978010,0x00000000ef980000)
  to   space 5632K, 0% used [0x00000000f3580000,0x00000000f3580000,0x00000000f3b00000)
 ParOldGen       total 42496K, used 12707K [0x00000000c2a00000, 0x00000000c5380000, 0x00000000eb900000)
  object space 42496K, 29% used [0x00000000c2a00000,0x00000000c3668ff0,0x00000000c5380000)
 Metaspace       used 13651K, capacity 14100K, committed 14208K, reserved 1062912K
  class space    used 1542K, capacity 1659K, committed 1664K, reserved 1048576K
}
Event: 97.289 GC heap before
{Heap before GC invocations=9 (full 1):
 PSYoungGen      total 66048K, used 66016K [0x00000000eb900000, 0x00000000f3b00000, 0x0000000100000000)
  eden space 60928K, 100% used [0x00000000eb900000,0x00000000ef480000,0x00000000ef480000)
  from space 5120K, 99% used [0x00000000ef480000,0x00000000ef978010,0x00000000ef980000)
  to   space 5632K, 0% used [0x00000000f3580000,0x00000000f3580000,0x00000000f3b00000)
 ParOldGen       total 42496K, used 12707K [0x00000000c2a00000, 0x00000000c5380000, 0x00000000eb900000)
  object space 42496K, 29% used [0x00000000c2a00000,0x00000000c3668ff0,0x00000000c5380000)
 Metaspace       used 13652K, capacity 14100K, committed 14208K, reserved 1062912K
  class space    used 1542K, capacity 1659K, committed 1664K, reserved 1048576K
Event: 97.305 GC heap after
Heap after GC invocations=9 (full 1):
 PSYoungGen      total 127488K, used 4384K [0x00000000eb900000, 0x00000000f3b00000, 0x0000000100000000)
  eden space 121856K, 0% used [0x00000000eb900000,0x00000000eb900000,0x00000000f3000000)
  from space 5632K, 77% used [0x00000000f3580000,0x00000000f39c8010,0x00000000f3b00000)
  to   space 5632K, 0% used [0x00000000f3000000,0x00000000f3000000,0x00000000f3580000)
 ParOldGen       total 42496K, used 14108K [0x00000000c2a00000, 0x00000000c5380000, 0x00000000eb900000)
  object space 42496K, 33% used [0x00000000c2a00000,0x00000000c37c7040,0x00000000c5380000)
 Metaspace       used 13652K, capacity 14100K, committed 14208K, reserved 1062912K
  class space    used 1542K, capacity 1659K, committed 1664K, reserved 1048576K
}
Event: 98.177 GC heap before
{Heap before GC invocations=10 (full 1):
 PSYoungGen      total 127488K, used 126240K [0x00000000eb900000, 0x00000000f3b00000, 0x0000000100000000)
  eden space 121856K, 100% used [0x00000000eb900000,0x00000000f3000000,0x00000000f3000000)
  from space 5632K, 77% used [0x00000000f3580000,0x00000000f39c8010,0x00000000f3b00000)
  to   space 5632K, 0% used [0x00000000f3000000,0x00000000f3000000,0x00000000f3580000)
 ParOldGen       total 42496K, used 14108K [0x00000000c2a00000, 0x00000000c5380000, 0x00000000eb900000)
  object space 42496K, 33% used [0x00000000c2a00000,0x00000000c37c7040,0x00000000c5380000)
 Metaspace       used 13666K, capacity 14100K, committed 14208K, reserved 1062912K
  class space    used 1542K, capacity 1659K, committed 1664K, reserved 1048576K

