# JRE version: Java(TM) SE Runtime Environment (8.0_201-b09) (build 1.8.0_201-b09)
# Java VM: Java HotSpot(TM) 64-Bit Server VM (25.201-b09 mixed mode linux-amd64 compressed oops)
Heap:
 PSYoungGen      total 316416K, used 827K [0x00000000eb900000, 0x00000000fff80000, 0x0000000100000000)
  eden space 297984K, 0% used [0x00000000eb900000,0x00000000eb900000,0x00000000fdc00000)
  from space 18432K, 4% used [0x00000000fdc00000,0x00000000fdccef10,0x00000000fee00000)
  to   space 17920K, 0% used [0x00000000fee00000,0x00000000fee00000,0x00000000fff80000)
 ParOldGen       total 66048K, used 65602K [0x00000000c2a00000, 0x00000000c6a80000, 0x00000000eb900000)
  object space 66048K, 99% used [0x00000000c2a00000,0x00000000c6a10948,0x00000000c6a80000)
 Metaspace       used 27882K, capacity 28714K, committed 28928K, reserved 1075200K
  class space    used 3322K, capacity 3549K, committed 3584K, reserved 1048576K
GC Heap History (10 events):
Event: 25.407 GC heap after
Heap after GC invocations=15 (full 2):
 PSYoungGen      total 320512K, used 0K [0x00000000eb900000, 0x0000000100000000, 0x0000000100000000)
  eden space 309248K, 0% used [0x00000000eb900000,0x00000000eb900000,0x00000000fe700000)
  from space 11264K, 0% used [0x00000000fe700000,0x00000000fe700000,0x00000000ff200000)
  to   space 14336K, 0% used [0x00000000ff200000,0x00000000ff200000,0x0000000100000000)
 ParOldGen       total 66048K, used 31187K [0x00000000c2a00000, 0x00000000c6a80000, 0x00000000eb900000)
  object space 66048K, 47% used [0x00000000c2a00000,0x00000000c4874d88,0x00000000c6a80000)
 Metaspace       used 20689K, capacity 21094K, committed 21248K, reserved 1069056K
  class space    used 2311K, capacity 2435K, committed 2560K, reserved 1048576K
}
Event: 43.326 GC heap before
{Heap before GC invocations=16 (full 2):
 PSYoungGen      total 320512K, used 309248K [0x00000000eb900000, 0x0000000100000000, 0x0000000100000000)
  eden space 309248K, 100% used [0x00000000eb900000,0x00000000fe700000,0x00000000fe700000)
  from space 11264K, 0% used [0x00000000fe700000,0x00000000fe700000,0x00000000ff200000)
  to   space 14336K, 0% used [0x00000000ff200000,0x00000000ff200000,0x0000000100000000)
 ParOldGen       total 66048K, used 31187K [0x00000000c2a00000, 0x00000000c6a80000, 0x00000000eb900000)
  object space 66048K, 47% used [0x00000000c2a00000,0x00000000c4874d88,0x00000000c6a80000)
 Metaspace       used 25931K, capacity 26678K, committed 26880K, reserved 1073152K
  class space    used 3071K, capacity 3255K, committed 3328K, reserved 1048576K
Event: 44.734 GC heap after
Heap after GC invocations=16 (full 2):
 PSYoungGen      total 314368K, used 14306K [0x00000000eb900000, 0x0000000100000000, 0x0000000100000000)
  eden space 300032K, 0% used [0x00000000eb900000,0x00000000eb900000,0x00000000fde00000)
  from space 14336K, 99% used [0x00000000ff200000,0x00000000ffff8a98,0x0000000100000000)
  to   space 17408K, 0% used [0x00000000fde00000,0x00000000fde00000,0x00000000fef00000)
 ParOldGen       total 66048K, used 32870K [0x00000000c2a00000, 0x00000000c6a80000, 0x00000000eb900000)
  object space 66048K, 49% used [0x00000000c2a00000,0x00000000c4a19968,0x00000000c6a80000)
 Metaspace       used 25931K, capacity 26678K, committed 26880K, reserved 1073152K
  class space    used 3071K, capacity 3255K, committed 3328K, reserved 1048576K
}
Event: 57.935 GC heap before
{Heap before GC invocations=17 (full 2):
 PSYoungGen      total 314368K, used 314338K [0x00000000eb900000, 0x0000000100000000, 0x0000000100000000)
  eden space 300032K, 100% used [0x00000000eb900000,0x00000000fde00000,0x00000000fde00000)
  from space 14336K, 99% used [0x00000000ff200000,0x00000000ffff8a98,0x0000000100000000)
  to   space 17408K, 0% used [0x00000000fde00000,0x00000000fde00000,0x00000000fef00000)
 ParOldGen       total 66048K, used 32870K [0x00000000c2a00000, 0x00000000c6a80000, 0x00000000eb900000)
  object space 66048K, 49% used [0x00000000c2a00000,0x00000000c4a19968,0x00000000c6a80000)
 Metaspace       used 26273K, capacity 27050K, committed 27264K, reserved 1073152K
  class space    used 3097K, capacity 3331K, committed 3456K, reserved 1048576K
Event: 58.076 GC heap after
Heap after GC invocations=17 (full 2):
 PSYoungGen      total 310272K, used 9978K [0x00000000eb900000, 0x0000000100000000, 0x0000000100000000)
  eden space 300032K, 0% used [0x00000000eb900000,0x00000000eb900000,0x00000000fde00000)
  from space 10240K, 97% used [0x00000000fde00000,0x00000000fe7bea10,0x00000000fe800000)
  to   space 17920K, 0% used [0x00000000fee80000,0x00000000fee80000,0x0000000100000000)
 ParOldGen       total 66048K, used 43748K [0x00000000c2a00000, 0x00000000c6a80000, 0x00000000eb900000)
  object space 66048K, 66% used [0x00000000c2a00000,0x00000000c54b9380,0x00000000c6a80000)
 Metaspace       used 26273K, capacity 27050K, committed 27264K, reserved 1073152K
  class space    used 3097K, capacity 3331K, committed 3456K, reserved 1048576K
}
Event: 63.015 GC heap before
{Heap before GC invocations=18 (full 2):
 PSYoungGen      total 310272K, used 310010K [0x00000000eb900000, 0x0000000100000000, 0x0000000100000000)
  eden space 300032K, 100% used [0x00000000eb900000,0x00000000fde00000,0x00000000fde00000)
  from space 10240K, 97% used [0x00000000fde00000,0x00000000fe7bea10,0x00000000fe800000)
  to   space 17920K, 0% used [0x00000000fee80000,0x00000000fee80000,0x0000000100000000)
 ParOldGen       total 66048K, used 43748K [0x00000000c2a00000, 0x00000000c6a80000, 0x00000000eb900000)
  object space 66048K, 66% used [0x00000000c2a00000,0x00000000c54b9380,0x00000000c6a80000)
 Metaspace       used 27566K, capacity 28378K, committed 28672K, reserved 1075200K
  class space    used 3286K, capacity 3507K, committed 3584K, reserved 1048576K
Event: 63.118 GC heap after
Heap after GC invocations=18 (full 2):
 PSYoungGen      total 315904K, used 10683K [0x00000000eb900000, 0x0000000100000000, 0x0000000100000000)
  eden space 297984K, 0% used [0x00000000eb900000,0x00000000eb900000,0x00000000fdc00000)
  from space 17920K, 59% used [0x00000000fee80000,0x00000000ff8eee28,0x0000000100000000)
  to   space 18432K, 0% used [0x00000000fdc00000,0x00000000fdc00000,0x00000000fee00000)
 ParOldGen       total 66048K, used 52865K [0x00000000c2a00000, 0x00000000c6a80000, 0x00000000eb900000)
  object space 66048K, 80% used [0x00000000c2a00000,0x00000000c5da05f0,0x00000000c6a80000)
 Metaspace       used 27566K, capacity 28378K, committed 28672K, reserved 1075200K
  class space    used 3286K, capacity 3507K, committed 3584K, reserved 1048576K
}
Event: 66.409 GC heap before
{Heap before GC invocations=19 (full 2):
 PSYoungGen      total 315904K, used 308667K [0x00000000eb900000, 0x0000000100000000, 0x0000000100000000)
  eden space 297984K, 100% used [0x00000000eb900000,0x00000000fdc00000,0x00000000fdc00000)
  from space 17920K, 59% used [0x00000000fee80000,0x00000000ff8eee28,0x0000000100000000)
  to   space 18432K, 0% used [0x00000000fdc00000,0x00000000fdc00000,0x00000000fee00000)
 ParOldGen       total 66048K, used 52865K [0x00000000c2a00000, 0x00000000c6a80000, 0x00000000eb900000)
  object space 66048K, 80% used [0x00000000c2a00000,0x00000000c5da05f0,0x00000000c6a80000)
 Metaspace       used 27893K, capacity 28732K, committed 28928K, reserved 1075200K
  class space    used 3324K, capacity 3552K, committed 3584K, reserved 1048576K
Event: 66.851 GC heap after
Heap after GC invocations=19 (full 2):
 PSYoungGen      total 316416K, used 8589K [0x00000000eb900000, 0x00000000fff80000, 0x0000000100000000)
  eden space 297984K, 0% used [0x00000000eb900000,0x00000000eb900000,0x00000000fdc00000)
  from space 18432K, 46% used [0x00000000fdc00000,0x00000000fe4637c8,0x00000000fee00000)
  to   space 17920K, 0% used [0x00000000fee00000,0x00000000fee00000,0x00000000fff80000)
 ParOldGen       total 66048K, used 62025K [0x00000000c2a00000, 0x00000000c6a80000, 0x00000000eb900000)
  object space 66048K, 93% used [0x00000000c2a00000,0x00000000c66927b0,0x00000000c6a80000)
 Metaspace       used 27893K, capacity 28732K, committed 28928K, reserved 1075200K
  class space    used 3324K, capacity 3552K, committed 3584K, reserved 1048576K
}
Event: 66.852 GC heap before
{Heap before GC invocations=20 (full 3):
 PSYoungGen      total 316416K, used 8589K [0x00000000eb900000, 0x00000000fff80000, 0x0000000100000000)
  eden space 297984K, 0% used [0x00000000eb900000,0x00000000eb900000,0x00000000fdc00000)
  from space 18432K, 46% used [0x00000000fdc00000,0x00000000fe4637c8,0x00000000fee00000)
  to   space 17920K, 0% used [0x00000000fee00000,0x00000000fee00000,0x00000000fff80000)
 ParOldGen       total 66048K, used 62025K [0x00000000c2a00000, 0x00000000c6a80000, 0x00000000eb900000)
  object space 66048K, 93% used [0x00000000c2a00000,0x00000000c66927b0,0x00000000c6a80000)
 Metaspace       used 27893K, capacity 28732K, committed 28928K, reserved 1075200K
  class space    used 3324K, capacity 3552K, committed 3584K, reserved 1048576K

