# JRE version: Java(TM) SE Runtime Environment (8.0_201-b09) (build 1.8.0_201-b09)
# Java VM: Java HotSpot(TM) 64-Bit Server VM (25.201-b09 mixed mode linux-amd64 compressed oops)
Heap:
 PSYoungGen      total 169984K, used 32792K [0x00000000eb900000, 0x00000000f7200000, 0x0000000100000000)
  eden space 156672K, 15% used [0x00000000eb900000,0x00000000ed07e900,0x00000000f5200000)
  from space 13312K, 65% used [0x00000000f6500000,0x00000000f6d87708,0x00000000f7200000)
  to   space 16384K, 0% used [0x00000000f5200000,0x00000000f5200000,0x00000000f6200000)
 ParOldGen       total 55296K, used 25800K [0x00000000c2a00000, 0x00000000c6000000, 0x00000000eb900000)
  object space 55296K, 46% used [0x00000000c2a00000,0x00000000c43321d0,0x00000000c6000000)
 Metaspace       used 26830K, capacity 27924K, committed 28160K, reserved 1073152K
  class space    used 3301K, capacity 3559K, committed 3584K, reserved 1048576K
GC Heap History (10 events):
Event: 16.806 GC heap before
{Heap before GC invocations=12 (full 1):
 PSYoungGen      total 99328K, used 24921K [0x00000000eb900000, 0x00000000f3c00000, 0x0000000100000000)
  eden space 86016K, 13% used [0x00000000eb900000,0x00000000ec4584e0,0x00000000f0d00000)
  from space 13312K, 99% used [0x00000000f2f00000,0x00000000f3bfe110,0x00000000f3c00000)
  to   space 17920K, 0% used [0x00000000f1900000,0x00000000f1900000,0x00000000f2a80000)
 ParOldGen       total 42496K, used 25226K [0x00000000c2a00000, 0x00000000c5380000, 0x00000000eb900000)
  object space 42496K, 59% used [0x00000000c2a00000,0x00000000c42a28c0,0x00000000c5380000)
 Metaspace       used 20805K, capacity 21140K, committed 21296K, reserved 1069056K
  class space    used 2385K, capacity 2501K, committed 2560K, reserved 1048576K
Event: 16.865 GC heap after
Heap after GC invocations=12 (full 1):
 PSYoungGen      total 116224K, used 6486K [0x00000000eb900000, 0x00000000f6080000, 0x0000000100000000)
  eden space 98304K, 0% used [0x00000000eb900000,0x00000000eb900000,0x00000000f1900000)
  from space 17920K, 36% used [0x00000000f1900000,0x00000000f1f558c8,0x00000000f2a80000)
  to   space 16896K, 0% used [0x00000000f5000000,0x00000000f5000000,0x00000000f6080000)
 ParOldGen       total 42496K, used 31098K [0x00000000c2a00000, 0x00000000c5380000, 0x00000000eb900000)
  object space 42496K, 73% used [0x00000000c2a00000,0x00000000c485e8e0,0x00000000c5380000)
 Metaspace       used 20805K, capacity 21140K, committed 21296K, reserved 1069056K
  class space    used 2385K, capacity 2501K, committed 2560K, reserved 1048576K
}
Event: 16.865 GC heap before
{Heap before GC invocations=13 (full 2):
 PSYoungGen      total 116224K, used 6486K [0x00000000eb900000, 0x00000000f6080000, 0x0000000100000000)
  eden space 98304K, 0% used [0x00000000eb900000,0x00000000eb900000,0x00000000f1900000)
  from space 17920K, 36% used [0x00000000f1900000,0x00000000f1f558c8,0x00000000f2a80000)
  to   space 16896K, 0% used [0x00000000f5000000,0x00000000f5000000,0x00000000f6080000)
 ParOldGen       total 42496K, used 31098K [0x00000000c2a00000, 0x00000000c5380000, 0x00000000eb900000)
  object space 42496K, 73% used [0x00000000c2a00000,0x00000000c485e8e0,0x00000000c5380000)
 Metaspace       used 20805K, capacity 21140K, committed 21296K, reserved 1069056K
  class space    used 2385K, capacity 2501K, committed 2560K, reserved 1048576K
Event: 17.341 GC heap after
Heap after GC invocations=13 (full 2):
 PSYoungGen      total 116224K, used 0K [0x00000000eb900000, 0x00000000f6080000, 0x0000000100000000)
  eden space 98304K, 0% used [0x00000000eb900000,0x00000000eb900000,0x00000000f1900000)
  from space 17920K, 0% used [0x00000000f1900000,0x00000000f1900000,0x00000000f2a80000)
  to   space 16896K, 0% used [0x00000000f5000000,0x00000000f5000000,0x00000000f6080000)
 ParOldGen       total 55296K, used 24232K [0x00000000c2a00000, 0x00000000c6000000, 0x00000000eb900000)
  object space 55296K, 43% used [0x00000000c2a00000,0x00000000c41aa1d0,0x00000000c6000000)
 Metaspace       used 20805K, capacity 21140K, committed 21296K, reserved 1069056K
  class space    used 2385K, capacity 2501K, committed 2560K, reserved 1048576K
}
Event: 21.237 GC heap before
{Heap before GC invocations=14 (full 2):
 PSYoungGen      total 116224K, used 98304K [0x00000000eb900000, 0x00000000f6080000, 0x0000000100000000)
  eden space 98304K, 100% used [0x00000000eb900000,0x00000000f1900000,0x00000000f1900000)
  from space 17920K, 0% used [0x00000000f1900000,0x00000000f1900000,0x00000000f2a80000)
  to   space 16896K, 0% used [0x00000000f5000000,0x00000000f5000000,0x00000000f6080000)
 ParOldGen       total 55296K, used 24232K [0x00000000c2a00000, 0x00000000c6000000, 0x00000000eb900000)
  object space 55296K, 43% used [0x00000000c2a00000,0x00000000c41aa1d0,0x00000000c6000000)
 Metaspace       used 21228K, capacity 21604K, committed 21808K, reserved 1069056K
  class space    used 2386K, capacity 2501K, committed 2560K, reserved 1048576K
Event: 21.257 GC heap after
Heap after GC invocations=14 (full 2):
 PSYoungGen      total 134144K, used 1632K [0x00000000eb900000, 0x00000000f5700000, 0x0000000100000000)
  eden space 126976K, 0% used [0x00000000eb900000,0x00000000eb900000,0x00000000f3500000)
  from space 7168K, 22% used [0x00000000f5000000,0x00000000f5198000,0x00000000f5700000)
  to   space 17408K, 0% used [0x00000000f3500000,0x00000000f3500000,0x00000000f4600000)
 ParOldGen       total 55296K, used 24232K [0x00000000c2a00000, 0x00000000c6000000, 0x00000000eb900000)
  object space 55296K, 43% used [0x00000000c2a00000,0x00000000c41aa1d0,0x00000000c6000000)
 Metaspace       used 21228K, capacity 21604K, committed 21808K, reserved 1069056K
  class space    used 2386K, capacity 2501K, committed 2560K, reserved 1048576K
}
Event: 28.441 GC heap before
{Heap before GC invocations=15 (full 2):
 PSYoungGen      total 134144K, used 128608K [0x00000000eb900000, 0x00000000f5700000, 0x0000000100000000)
  eden space 126976K, 100% used [0x00000000eb900000,0x00000000f3500000,0x00000000f3500000)
  from space 7168K, 22% used [0x00000000f5000000,0x00000000f5198000,0x00000000f5700000)
  to   space 17408K, 0% used [0x00000000f3500000,0x00000000f3500000,0x00000000f4600000)
 ParOldGen       total 55296K, used 24232K [0x00000000c2a00000, 0x00000000c6000000, 0x00000000eb900000)
  object space 55296K, 43% used [0x00000000c2a00000,0x00000000c41aa1d0,0x00000000c6000000)
 Metaspace       used 25925K, capacity 26650K, committed 26752K, reserved 1073152K
  class space    used 3219K, capacity 3432K, committed 3456K, reserved 1048576K
Event: 28.480 GC heap after
Heap after GC invocations=15 (full 2):
 PSYoungGen      total 144384K, used 8403K [0x00000000eb900000, 0x00000000f7580000, 0x0000000100000000)
  eden space 126976K, 0% used [0x00000000eb900000,0x00000000eb900000,0x00000000f3500000)
  from space 17408K, 48% used [0x00000000f3500000,0x00000000f3d34d20,0x00000000f4600000)
  to   space 16896K, 0% used [0x00000000f6500000,0x00000000f6500000,0x00000000f7580000)
 ParOldGen       total 55296K, used 25792K [0x00000000c2a00000, 0x00000000c6000000, 0x00000000eb900000)
  object space 55296K, 46% used [0x00000000c2a00000,0x00000000c43301d0,0x00000000c6000000)
 Metaspace       used 25925K, capacity 26650K, committed 26752K, reserved 1073152K
  class space    used 3219K, capacity 3432K, committed 3456K, reserved 1048576K
}
Event: 33.273 GC heap before
{Heap before GC invocations=16 (full 2):
 PSYoungGen      total 144384K, used 135379K [0x00000000eb900000, 0x00000000f7580000, 0x0000000100000000)
  eden space 126976K, 100% used [0x00000000eb900000,0x00000000f3500000,0x00000000f3500000)
  from space 17408K, 48% used [0x00000000f3500000,0x00000000f3d34d20,0x00000000f4600000)
  to   space 16896K, 0% used [0x00000000f6500000,0x00000000f6500000,0x00000000f7580000)
 ParOldGen       total 55296K, used 25792K [0x00000000c2a00000, 0x00000000c6000000, 0x00000000eb900000)
  object space 55296K, 46% used [0x00000000c2a00000,0x00000000c43301d0,0x00000000c6000000)
 Metaspace       used 26750K, capacity 27840K, committed 27904K, reserved 1073152K
  class space    used 3294K, capacity 3545K, committed 3584K, reserved 1048576K
Event: 33.329 GC heap after
Heap after GC invocations=16 (full 2):
 PSYoungGen      total 169984K, used 8733K [0x00000000eb900000, 0x00000000f7200000, 0x0000000100000000)
  eden space 156672K, 0% used [0x00000000eb900000,0x00000000eb900000,0x00000000f5200000)
  from space 13312K, 65% used [0x00000000f6500000,0x00000000f6d87708,0x00000000f7200000)
  to   space 16384K, 0% used [0x00000000f5200000,0x00000000f5200000,0x00000000f6200000)
 ParOldGen       total 55296K, used 25800K [0x00000000c2a00000, 0x00000000c6000000, 0x00000000eb900000)
  object space 55296K, 46% used [0x00000000c2a00000,0x00000000c43321d0,0x00000000c6000000)
 Metaspace       used 26750K, capacity 27840K, committed 27904K, reserved 1073152K
  class space    used 3294K, capacity 3545K, committed 3584K, reserved 1048576K
}

