# JRE version: Java(TM) SE Runtime Environment (8.0_201-b09) (build 1.8.0_201-b09)
# Java VM: Java HotSpot(TM) 64-Bit Server VM (25.201-b09 mixed mode linux-amd64 compressed oops)
Heap:
 PSYoungGen      total 119296K, used 1888K [0x00000000eb900000, 0x00000000f3280000, 0x0000000100000000)
  eden space 114176K, 0% used [0x00000000eb900000,0x00000000eb900000,0x00000000f2880000)
  from space 5120K, 36% used [0x00000000f2880000,0x00000000f2a58000,0x00000000f2d80000)
  to   space 5120K, 0% used [0x00000000f2d80000,0x00000000f2d80000,0x00000000f3280000)
 ParOldGen       total 42496K, used 17704K [0x00000000c2a00000, 0x00000000c5380000, 0x00000000eb900000)
  object space 42496K, 41% used [0x00000000c2a00000,0x00000000c3b4a358,0x00000000c5380000)
 Metaspace       used 13960K, capacity 14336K, committed 14592K, reserved 1062912K
  class space    used 1590K, capacity 1707K, committed 1792K, reserved 1048576K
GC Heap History (10 events):
Event: 42.266 GC heap after
Heap after GC invocations=11 (full 1):
 PSYoungGen      total 47616K, used 2992K [0x00000000eb900000, 0x00000000ef680000, 0x0000000100000000)
  eden space 44544K, 0% used [0x00000000eb900000,0x00000000eb900000,0x00000000ee480000)
  from space 3072K, 97% used [0x00000000ef380000,0x00000000ef66c010,0x00000000ef680000)
  to   space 4608K, 0% used [0x00000000eed80000,0x00000000eed80000,0x00000000ef200000)
 ParOldGen       total 42496K, used 9033K [0x00000000c2a00000, 0x00000000c5380000, 0x00000000eb900000)
  object space 42496K, 21% used [0x00000000c2a00000,0x00000000c32d25b8,0x00000000c5380000)
 Metaspace       used 13881K, capacity 14272K, committed 14592K, reserved 1062912K
  class space    used 1590K, capacity 1707K, committed 1792K, reserved 1048576K
}
Event: 42.637 GC heap before
{Heap before GC invocations=12 (full 1):
 PSYoungGen      total 47616K, used 47536K [0x00000000eb900000, 0x00000000ef680000, 0x0000000100000000)
  eden space 44544K, 100% used [0x00000000eb900000,0x00000000ee480000,0x00000000ee480000)
  from space 3072K, 97% used [0x00000000ef380000,0x00000000ef66c010,0x00000000ef680000)
  to   space 4608K, 0% used [0x00000000eed80000,0x00000000eed80000,0x00000000ef200000)
 ParOldGen       total 42496K, used 9033K [0x00000000c2a00000, 0x00000000c5380000, 0x00000000eb900000)
  object space 42496K, 21% used [0x00000000c2a00000,0x00000000c32d25b8,0x00000000c5380000)
 Metaspace       used 13902K, capacity 14272K, committed 14592K, reserved 1062912K
  class space    used 1590K, capacity 1707K, committed 1792K, reserved 1048576K
Event: 42.651 GC heap after
Heap after GC invocations=12 (full 1):
 PSYoungGen      total 58368K, used 960K [0x00000000eb900000, 0x00000000f0800000, 0x0000000100000000)
  eden space 53760K, 0% used [0x00000000eb900000,0x00000000eb900000,0x00000000eed80000)
  from space 4608K, 20% used [0x00000000eed80000,0x00000000eee70000,0x00000000ef200000)
  to   space 4608K, 0% used [0x00000000f0380000,0x00000000f0380000,0x00000000f0800000)
 ParOldGen       total 42496K, used 11692K [0x00000000c2a00000, 0x00000000c5380000, 0x00000000eb900000)
  object space 42496K, 27% used [0x00000000c2a00000,0x00000000c356b178,0x00000000c5380000)
 Metaspace       used 13902K, capacity 14272K, committed 14592K, reserved 1062912K
  class space    used 1590K, capacity 1707K, committed 1792K, reserved 1048576K
}
Event: 43.157 GC heap before
{Heap before GC invocations=13 (full 1):
 PSYoungGen      total 58368K, used 54720K [0x00000000eb900000, 0x00000000f0800000, 0x0000000100000000)
  eden space 53760K, 100% used [0x00000000eb900000,0x00000000eed80000,0x00000000eed80000)
  from space 4608K, 20% used [0x00000000eed80000,0x00000000eee70000,0x00000000ef200000)
  to   space 4608K, 0% used [0x00000000f0380000,0x00000000f0380000,0x00000000f0800000)
 ParOldGen       total 42496K, used 11692K [0x00000000c2a00000, 0x00000000c5380000, 0x00000000eb900000)
  object space 42496K, 27% used [0x00000000c2a00000,0x00000000c356b178,0x00000000c5380000)
 Metaspace       used 13915K, capacity 14336K, committed 14592K, reserved 1062912K
  class space    used 1590K, capacity 1707K, committed 1792K, reserved 1048576K
Event: 43.171 GC heap after
Heap after GC invocations=13 (full 1):
 PSYoungGen      total 75776K, used 1488K [0x00000000eb900000, 0x00000000f1700000, 0x0000000100000000)
  eden space 71168K, 0% used [0x00000000eb900000,0x00000000eb900000,0x00000000efe80000)
  from space 4608K, 32% used [0x00000000f0380000,0x00000000f04f4020,0x00000000f0800000)
  to   space 5120K, 0% used [0x00000000efe80000,0x00000000efe80000,0x00000000f0380000)
 ParOldGen       total 42496K, used 12636K [0x00000000c2a00000, 0x00000000c5380000, 0x00000000eb900000)
  object space 42496K, 29% used [0x00000000c2a00000,0x00000000c3657198,0x00000000c5380000)
 Metaspace       used 13915K, capacity 14336K, committed 14592K, reserved 1062912K
  class space    used 1590K, capacity 1707K, committed 1792K, reserved 1048576K
}
Event: 43.791 GC heap before
{Heap before GC invocations=14 (full 1):
 PSYoungGen      total 75776K, used 72656K [0x00000000eb900000, 0x00000000f1700000, 0x0000000100000000)
  eden space 71168K, 100% used [0x00000000eb900000,0x00000000efe80000,0x00000000efe80000)
  from space 4608K, 32% used [0x00000000f0380000,0x00000000f04f4020,0x00000000f0800000)
  to   space 5120K, 0% used [0x00000000efe80000,0x00000000efe80000,0x00000000f0380000)
 ParOldGen       total 42496K, used 12636K [0x00000000c2a00000, 0x00000000c5380000, 0x00000000eb900000)
  object space 42496K, 29% used [0x00000000c2a00000,0x00000000c3657198,0x00000000c5380000)
 Metaspace       used 13933K, capacity 14336K, committed 14592K, reserved 1062912K
  class space    used 1590K, capacity 1707K, committed 1792K, reserved 1048576K
Event: 43.797 GC heap after
Heap after GC invocations=14 (full 1):
 PSYoungGen      total 76288K, used 576K [0x00000000eb900000, 0x00000000f3280000, 0x0000000100000000)
  eden space 71168K, 0% used [0x00000000eb900000,0x00000000eb900000,0x00000000efe80000)
  from space 5120K, 11% used [0x00000000efe80000,0x00000000eff10000,0x00000000f0380000)
  to   space 5120K, 0% used [0x00000000f2d80000,0x00000000f2d80000,0x00000000f3280000)
 ParOldGen       total 42496K, used 14024K [0x00000000c2a00000, 0x00000000c5380000, 0x00000000eb900000)
  object space 42496K, 33% used [0x00000000c2a00000,0x00000000c37b21a0,0x00000000c5380000)
 Metaspace       used 13933K, capacity 14336K, committed 14592K, reserved 1062912K
  class space    used 1590K, capacity 1707K, committed 1792K, reserved 1048576K
}
Event: 44.444 GC heap before
{Heap before GC invocations=15 (full 1):
 PSYoungGen      total 76288K, used 71744K [0x00000000eb900000, 0x00000000f3280000, 0x0000000100000000)
  eden space 71168K, 100% used [0x00000000eb900000,0x00000000efe80000,0x00000000efe80000)
  from space 5120K, 11% used [0x00000000efe80000,0x00000000eff10000,0x00000000f0380000)
  to   space 5120K, 0% used [0x00000000f2d80000,0x00000000f2d80000,0x00000000f3280000)
 ParOldGen       total 42496K, used 14024K [0x00000000c2a00000, 0x00000000c5380000, 0x00000000eb900000)
  object space 42496K, 33% used [0x00000000c2a00000,0x00000000c37b21a0,0x00000000c5380000)
 Metaspace       used 13955K, capacity 14336K, committed 14592K, reserved 1062912K
  class space    used 1590K, capacity 1707K, committed 1792K, reserved 1048576K
Event: 44.472 GC heap after
Heap after GC invocations=15 (full 1):
 PSYoungGen      total 119296K, used 3216K [0x00000000eb900000, 0x00000000f3280000, 0x0000000100000000)
  eden space 114176K, 0% used [0x00000000eb900000,0x00000000eb900000,0x00000000f2880000)
  from space 5120K, 62% used [0x00000000f2d80000,0x00000000f30a40a0,0x00000000f3280000)
  to   space 5120K, 0% used [0x00000000f2880000,0x00000000f2880000,0x00000000f2d80000)
 ParOldGen       total 42496K, used 14592K [0x00000000c2a00000, 0x00000000c5380000, 0x00000000eb900000)
  object space 42496K, 34% used [0x00000000c2a00000,0x00000000c38401b0,0x00000000c5380000)
 Metaspace       used 13955K, capacity 14336K, committed 14592K, reserved 1062912K
  class space    used 1590K, capacity 1707K, committed 1792K, reserved 1048576K
}
Event: 45.679 GC heap before
{Heap before GC invocations=16 (full 1):
 PSYoungGen      total 119296K, used 117392K [0x00000000eb900000, 0x00000000f3280000, 0x0000000100000000)
  eden space 114176K, 100% used [0x00000000eb900000,0x00000000f2880000,0x00000000f2880000)
  from space 5120K, 62% used [0x00000000f2d80000,0x00000000f30a40a0,0x00000000f3280000)
  to   space 5120K, 0% used [0x00000000f2880000,0x00000000f2880000,0x00000000f2d80000)
 ParOldGen       total 42496K, used 14592K [0x00000000c2a00000, 0x00000000c5380000, 0x00000000eb900000)
  object space 42496K, 34% used [0x00000000c2a00000,0x00000000c38401b0,0x00000000c5380000)
 Metaspace       used 13960K, capacity 14336K, committed 14592K, reserved 1062912K
  class space    used 1590K, capacity 1707K, committed 1792K, reserved 1048576K

