# JRE version: Java(TM) SE Runtime Environment (8.0_201-b09) (build 1.8.0_201-b09)
# Java VM: Java HotSpot(TM) 64-Bit Server VM (25.201-b09 mixed mode linux-amd64 compressed oops)
Heap:
 PSYoungGen      total 34304K, used 21970K [0x00000000eb900000, 0x00000000efd00000, 0x0000000100000000)
  eden space 30208K, 61% used [0x00000000eb900000,0x00000000ecb03030,0x00000000ed680000)
  from space 4096K, 86% used [0x00000000ed680000,0x00000000ed9f1820,0x00000000eda80000)
  to   space 4608K, 0% used [0x00000000ef880000,0x00000000ef880000,0x00000000efd00000)
 ParOldGen       total 42496K, used 5202K [0x00000000c2a00000, 0x00000000c5380000, 0x00000000eb900000)
  object space 42496K, 12% used [0x00000000c2a00000,0x00000000c2f14b90,0x00000000c5380000)
 Metaspace       used 14352K, capacity 14752K, committed 14848K, reserved 1062912K
  class space    used 1625K, capacity 1754K, committed 1792K, reserved 1048576K
GC Heap History (10 events):
Event: 39.407 GC heap before
{Heap before GC invocations=4 (full 1):
 PSYoungGen      total 18432K, used 15872K [0x00000000eb900000, 0x00000000ecd80000, 0x0000000100000000)
  eden space 15872K, 100% used [0x00000000eb900000,0x00000000ec880000,0x00000000ec880000)
  from space 2560K, 0% used [0x00000000ecb00000,0x00000000ecb00000,0x00000000ecd80000)
  to   space 2560K, 0% used [0x00000000ec880000,0x00000000ec880000,0x00000000ecb00000)
 ParOldGen       total 42496K, used 2733K [0x00000000c2a00000, 0x00000000c5380000, 0x00000000eb900000)
  object space 42496K, 6% used [0x00000000c2a00000,0x00000000c2cab6a8,0x00000000c5380000)
 Metaspace       used 13192K, capacity 13588K, committed 13696K, reserved 1060864K
  class space    used 1550K, capacity 1649K, committed 1664K, reserved 1048576K
Event: 39.495 GC heap after
Heap after GC invocations=4 (full 1):
 PSYoungGen      total 18432K, used 2541K [0x00000000eb900000, 0x00000000ecd80000, 0x0000000100000000)
  eden space 15872K, 0% used [0x00000000eb900000,0x00000000eb900000,0x00000000ec880000)
  from space 2560K, 99% used [0x00000000ec880000,0x00000000ecafb4f0,0x00000000ecb00000)
  to   space 2560K, 0% used [0x00000000ecb00000,0x00000000ecb00000,0x00000000ecd80000)
 ParOldGen       total 42496K, used 3711K [0x00000000c2a00000, 0x00000000c5380000, 0x00000000eb900000)
  object space 42496K, 8% used [0x00000000c2a00000,0x00000000c2d9fea8,0x00000000c5380000)
 Metaspace       used 13192K, capacity 13588K, committed 13696K, reserved 1060864K
  class space    used 1550K, capacity 1649K, committed 1664K, reserved 1048576K
}
Event: 41.099 GC heap before
{Heap before GC invocations=5 (full 1):
 PSYoungGen      total 18432K, used 18413K [0x00000000eb900000, 0x00000000ecd80000, 0x0000000100000000)
  eden space 15872K, 100% used [0x00000000eb900000,0x00000000ec880000,0x00000000ec880000)
  from space 2560K, 99% used [0x00000000ec880000,0x00000000ecafb4f0,0x00000000ecb00000)
  to   space 2560K, 0% used [0x00000000ecb00000,0x00000000ecb00000,0x00000000ecd80000)
 ParOldGen       total 42496K, used 3711K [0x00000000c2a00000, 0x00000000c5380000, 0x00000000eb900000)
  object space 42496K, 8% used [0x00000000c2a00000,0x00000000c2d9fea8,0x00000000c5380000)
 Metaspace       used 13895K, capacity 14304K, committed 14592K, reserved 1062912K
  class space    used 1605K, capacity 1715K, committed 1792K, reserved 1048576K
Event: 41.112 GC heap after
Heap after GC invocations=5 (full 1):
 PSYoungGen      total 18432K, used 2550K [0x00000000eb900000, 0x00000000ecd80000, 0x0000000100000000)
  eden space 15872K, 0% used [0x00000000eb900000,0x00000000eb900000,0x00000000ec880000)
  from space 2560K, 99% used [0x00000000ecb00000,0x00000000ecd7d830,0x00000000ecd80000)
  to   space 2560K, 0% used [0x00000000ec880000,0x00000000ec880000,0x00000000ecb00000)
 ParOldGen       total 42496K, used 4174K [0x00000000c2a00000, 0x00000000c5380000, 0x00000000eb900000)
  object space 42496K, 9% used [0x00000000c2a00000,0x00000000c2e13a00,0x00000000c5380000)
 Metaspace       used 13895K, capacity 14304K, committed 14592K, reserved 1062912K
  class space    used 1605K, capacity 1715K, committed 1792K, reserved 1048576K
}
Event: 41.782 GC heap before
{Heap before GC invocations=6 (full 1):
 PSYoungGen      total 18432K, used 18422K [0x00000000eb900000, 0x00000000ecd80000, 0x0000000100000000)
  eden space 15872K, 100% used [0x00000000eb900000,0x00000000ec880000,0x00000000ec880000)
  from space 2560K, 99% used [0x00000000ecb00000,0x00000000ecd7d830,0x00000000ecd80000)
  to   space 2560K, 0% used [0x00000000ec880000,0x00000000ec880000,0x00000000ecb00000)
 ParOldGen       total 42496K, used 4174K [0x00000000c2a00000, 0x00000000c5380000, 0x00000000eb900000)
  object space 42496K, 9% used [0x00000000c2a00000,0x00000000c2e13a00,0x00000000c5380000)
 Metaspace       used 13942K, capacity 14368K, committed 14592K, reserved 1062912K
  class space    used 1605K, capacity 1715K, committed 1792K, reserved 1048576K
Event: 41.799 GC heap after
Heap after GC invocations=6 (full 1):
 PSYoungGen      total 18432K, used 2556K [0x00000000eb900000, 0x00000000edd00000, 0x0000000100000000)
  eden space 15872K, 0% used [0x00000000eb900000,0x00000000eb900000,0x00000000ec880000)
  from space 2560K, 99% used [0x00000000ec880000,0x00000000ecaff030,0x00000000ecb00000)
  to   space 2560K, 0% used [0x00000000eda80000,0x00000000eda80000,0x00000000edd00000)
 ParOldGen       total 42496K, used 4358K [0x00000000c2a00000, 0x00000000c5380000, 0x00000000eb900000)
  object space 42496K, 10% used [0x00000000c2a00000,0x00000000c2e41a00,0x00000000c5380000)
 Metaspace       used 13942K, capacity 14368K, committed 14592K, reserved 1062912K
  class space    used 1605K, capacity 1715K, committed 1792K, reserved 1048576K
}
Event: 42.907 GC heap before
{Heap before GC invocations=7 (full 1):
 PSYoungGen      total 18432K, used 18428K [0x00000000eb900000, 0x00000000edd00000, 0x0000000100000000)
  eden space 15872K, 100% used [0x00000000eb900000,0x00000000ec880000,0x00000000ec880000)
  from space 2560K, 99% used [0x00000000ec880000,0x00000000ecaff030,0x00000000ecb00000)
  to   space 2560K, 0% used [0x00000000eda80000,0x00000000eda80000,0x00000000edd00000)
 ParOldGen       total 42496K, used 4358K [0x00000000c2a00000, 0x00000000c5380000, 0x00000000eb900000)
  object space 42496K, 10% used [0x00000000c2a00000,0x00000000c2e41a00,0x00000000c5380000)
 Metaspace       used 13984K, capacity 14368K, committed 14592K, reserved 1062912K
  class space    used 1606K, capacity 1715K, committed 1792K, reserved 1048576K
Event: 43.711 GC heap after
Heap after GC invocations=7 (full 1):
 PSYoungGen      total 32768K, used 2534K [0x00000000eb900000, 0x00000000ee000000, 0x0000000100000000)
  eden space 30208K, 0% used [0x00000000eb900000,0x00000000eb900000,0x00000000ed680000)
  from space 2560K, 98% used [0x00000000eda80000,0x00000000edcf9820,0x00000000edd00000)
  to   space 4096K, 0% used [0x00000000ed680000,0x00000000ed680000,0x00000000eda80000)
 ParOldGen       total 42496K, used 5194K [0x00000000c2a00000, 0x00000000c5380000, 0x00000000eb900000)
  object space 42496K, 12% used [0x00000000c2a00000,0x00000000c2f12b90,0x00000000c5380000)
 Metaspace       used 13984K, capacity 14368K, committed 14592K, reserved 1062912K
  class space    used 1606K, capacity 1715K, committed 1792K, reserved 1048576K
}
Event: 45.398 GC heap before
{Heap before GC invocations=8 (full 1):
 PSYoungGen      total 32768K, used 32742K [0x00000000eb900000, 0x00000000ee000000, 0x0000000100000000)
  eden space 30208K, 100% used [0x00000000eb900000,0x00000000ed680000,0x00000000ed680000)
  from space 2560K, 98% used [0x00000000eda80000,0x00000000edcf9820,0x00000000edd00000)
  to   space 4096K, 0% used [0x00000000ed680000,0x00000000ed680000,0x00000000eda80000)
 ParOldGen       total 42496K, used 5194K [0x00000000c2a00000, 0x00000000c5380000, 0x00000000eb900000)
  object space 42496K, 12% used [0x00000000c2a00000,0x00000000c2f12b90,0x00000000c5380000)
 Metaspace       used 14058K, capacity 14432K, committed 14592K, reserved 1062912K
  class space    used 1606K, capacity 1715K, committed 1792K, reserved 1048576K
Event: 45.815 GC heap after
Heap after GC invocations=8 (full 1):
 PSYoungGen      total 34304K, used 3526K [0x00000000eb900000, 0x00000000efd00000, 0x0000000100000000)
  eden space 30208K, 0% used [0x00000000eb900000,0x00000000eb900000,0x00000000ed680000)
  from space 4096K, 86% used [0x00000000ed680000,0x00000000ed9f1820,0x00000000eda80000)
  to   space 4608K, 0% used [0x00000000ef880000,0x00000000ef880000,0x00000000efd00000)
 ParOldGen       total 42496K, used 5202K [0x00000000c2a00000, 0x00000000c5380000, 0x00000000eb900000)
  object space 42496K, 12% used [0x00000000c2a00000,0x00000000c2f14b90,0x00000000c5380000)
 Metaspace       used 14058K, capacity 14432K, committed 14592K, reserved 1062912K
  class space    used 1606K, capacity 1715K, committed 1792K, reserved 1048576K
}

