# JRE version: Java(TM) SE Runtime Environment (8.0_201-b09) (build 1.8.0_201-b09)
# Java VM: Java HotSpot(TM) 64-Bit Server VM (25.201-b09 mixed mode linux-amd64 compressed oops)
Heap:
 PSYoungGen      total 156672K, used 2416K [0x00000000eb900000, 0x00000000f7a80000, 0x0000000100000000)
  eden space 151040K, 0% used [0x00000000eb900000,0x00000000eb900000,0x00000000f4c80000)
  from space 5632K, 42% used [0x00000000f4c80000,0x00000000f4edc010,0x00000000f5200000)
  to   space 5632K, 0% used [0x00000000f5200000,0x00000000f5200000,0x00000000f5780000)
 ParOldGen       total 42496K, used 18942K [0x00000000c2a00000, 0x00000000c5380000, 0x00000000eb900000)
  object space 42496K, 44% used [0x00000000c2a00000,0x00000000c3c7fba0,0x00000000c5380000)
 Metaspace       used 13981K, capacity 14336K, committed 14592K, reserved 1062912K
  class space    used 1589K, capacity 1707K, committed 1792K, reserved 1048576K
GC Heap History (10 events):
Event: 46.200 GC heap after
Heap after GC invocations=9 (full 1):
 PSYoungGen      total 64000K, used 4992K [0x00000000eb900000, 0x00000000efe00000, 0x0000000100000000)
  eden space 58880K, 0% used [0x00000000eb900000,0x00000000eb900000,0x00000000ef280000)
  from space 5120K, 97% used [0x00000000ef800000,0x00000000efce0060,0x00000000efd00000)
  to   space 5632K, 0% used [0x00000000ef280000,0x00000000ef280000,0x00000000ef800000)
 ParOldGen       total 42496K, used 6890K [0x00000000c2a00000, 0x00000000c5380000, 0x00000000eb900000)
  object space 42496K, 16% used [0x00000000c2a00000,0x00000000c30bab68,0x00000000c5380000)
 Metaspace       used 13870K, capacity 14272K, committed 14592K, reserved 1062912K
  class space    used 1589K, capacity 1707K, committed 1792K, reserved 1048576K
}
Event: 47.126 GC heap before
{Heap before GC invocations=10 (full 1):
 PSYoungGen      total 64000K, used 63872K [0x00000000eb900000, 0x00000000efe00000, 0x0000000100000000)
  eden space 58880K, 100% used [0x00000000eb900000,0x00000000ef280000,0x00000000ef280000)
  from space 5120K, 97% used [0x00000000ef800000,0x00000000efce0060,0x00000000efd00000)
  to   space 5632K, 0% used [0x00000000ef280000,0x00000000ef280000,0x00000000ef800000)
 ParOldGen       total 42496K, used 6890K [0x00000000c2a00000, 0x00000000c5380000, 0x00000000eb900000)
  object space 42496K, 16% used [0x00000000c2a00000,0x00000000c30bab68,0x00000000c5380000)
 Metaspace       used 13911K, capacity 14272K, committed 14592K, reserved 1062912K
  class space    used 1589K, capacity 1707K, committed 1792K, reserved 1048576K
Event: 47.146 GC heap after
Heap after GC invocations=10 (full 1):
 PSYoungGen      total 64512K, used 4208K [0x00000000eb900000, 0x00000000f3700000, 0x0000000100000000)
  eden space 58880K, 0% used [0x00000000eb900000,0x00000000eb900000,0x00000000ef280000)
  from space 5632K, 74% used [0x00000000ef280000,0x00000000ef69c010,0x00000000ef800000)
  to   space 5632K, 0% used [0x00000000f3180000,0x00000000f3180000,0x00000000f3700000)
 ParOldGen       total 42496K, used 8394K [0x00000000c2a00000, 0x00000000c5380000, 0x00000000eb900000)
  object space 42496K, 19% used [0x00000000c2a00000,0x00000000c3232b78,0x00000000c5380000)
 Metaspace       used 13911K, capacity 14272K, committed 14592K, reserved 1062912K
  class space    used 1589K, capacity 1707K, committed 1792K, reserved 1048576K
}
Event: 47.814 GC heap before
{Heap before GC invocations=11 (full 1):
 PSYoungGen      total 64512K, used 63088K [0x00000000eb900000, 0x00000000f3700000, 0x0000000100000000)
  eden space 58880K, 100% used [0x00000000eb900000,0x00000000ef280000,0x00000000ef280000)
  from space 5632K, 74% used [0x00000000ef280000,0x00000000ef69c010,0x00000000ef800000)
  to   space 5632K, 0% used [0x00000000f3180000,0x00000000f3180000,0x00000000f3700000)
 ParOldGen       total 42496K, used 8394K [0x00000000c2a00000, 0x00000000c5380000, 0x00000000eb900000)
  object space 42496K, 19% used [0x00000000c2a00000,0x00000000c3232b78,0x00000000c5380000)
 Metaspace       used 13924K, capacity 14272K, committed 14592K, reserved 1062912K
  class space    used 1589K, capacity 1707K, committed 1792K, reserved 1048576K
Event: 47.834 GC heap after
Heap after GC invocations=11 (full 1):
 PSYoungGen      total 98816K, used 4096K [0x00000000eb900000, 0x00000000f3600000, 0x0000000100000000)
  eden space 94208K, 0% used [0x00000000eb900000,0x00000000eb900000,0x00000000f1500000)
  from space 4608K, 88% used [0x00000000f3180000,0x00000000f3580030,0x00000000f3600000)
  to   space 5632K, 0% used [0x00000000f2b00000,0x00000000f2b00000,0x00000000f3080000)
 ParOldGen       total 42496K, used 10057K [0x00000000c2a00000, 0x00000000c5380000, 0x00000000eb900000)
  object space 42496K, 23% used [0x00000000c2a00000,0x00000000c33d25a0,0x00000000c5380000)
 Metaspace       used 13924K, capacity 14272K, committed 14592K, reserved 1062912K
  class space    used 1589K, capacity 1707K, committed 1792K, reserved 1048576K
}
Event: 49.034 GC heap before
{Heap before GC invocations=12 (full 1):
 PSYoungGen      total 98816K, used 98304K [0x00000000eb900000, 0x00000000f3600000, 0x0000000100000000)
  eden space 94208K, 100% used [0x00000000eb900000,0x00000000f1500000,0x00000000f1500000)
  from space 4608K, 88% used [0x00000000f3180000,0x00000000f3580030,0x00000000f3600000)
  to   space 5632K, 0% used [0x00000000f2b00000,0x00000000f2b00000,0x00000000f3080000)
 ParOldGen       total 42496K, used 10057K [0x00000000c2a00000, 0x00000000c5380000, 0x00000000eb900000)
  object space 42496K, 23% used [0x00000000c2a00000,0x00000000c33d25a0,0x00000000c5380000)
 Metaspace       used 13945K, capacity 14336K, committed 14592K, reserved 1062912K
  class space    used 1589K, capacity 1707K, committed 1792K, reserved 1048576K
Event: 49.051 GC heap after
Heap after GC invocations=12 (full 1):
 PSYoungGen      total 122368K, used 2208K [0x00000000eb900000, 0x00000000f5780000, 0x0000000100000000)
  eden space 116736K, 0% used [0x00000000eb900000,0x00000000eb900000,0x00000000f2b00000)
  from space 5632K, 39% used [0x00000000f2b00000,0x00000000f2d28010,0x00000000f3080000)
  to   space 5632K, 0% used [0x00000000f5200000,0x00000000f5200000,0x00000000f5780000)
 ParOldGen       total 42496K, used 12550K [0x00000000c2a00000, 0x00000000c5380000, 0x00000000eb900000)
  object space 42496K, 29% used [0x00000000c2a00000,0x00000000c3641a68,0x00000000c5380000)
 Metaspace       used 13945K, capacity 14336K, committed 14592K, reserved 1062912K
  class space    used 1589K, capacity 1707K, committed 1792K, reserved 1048576K
}
Event: 50.702 GC heap before
{Heap before GC invocations=13 (full 1):
 PSYoungGen      total 122368K, used 118944K [0x00000000eb900000, 0x00000000f5780000, 0x0000000100000000)
  eden space 116736K, 100% used [0x00000000eb900000,0x00000000f2b00000,0x00000000f2b00000)
  from space 5632K, 39% used [0x00000000f2b00000,0x00000000f2d28010,0x00000000f3080000)
  to   space 5632K, 0% used [0x00000000f5200000,0x00000000f5200000,0x00000000f5780000)
 ParOldGen       total 42496K, used 12550K [0x00000000c2a00000, 0x00000000c5380000, 0x00000000eb900000)
  object space 42496K, 29% used [0x00000000c2a00000,0x00000000c3641a68,0x00000000c5380000)
 Metaspace       used 13969K, capacity 14336K, committed 14592K, reserved 1062912K
  class space    used 1589K, capacity 1707K, committed 1792K, reserved 1048576K
Event: 50.720 GC heap after
Heap after GC invocations=13 (full 1):
 PSYoungGen      total 156672K, used 4720K [0x00000000eb900000, 0x00000000f7a80000, 0x0000000100000000)
  eden space 151040K, 0% used [0x00000000eb900000,0x00000000eb900000,0x00000000f4c80000)
  from space 5632K, 83% used [0x00000000f5200000,0x00000000f569c0a0,0x00000000f5780000)
  to   space 5632K, 0% used [0x00000000f4c80000,0x00000000f4c80000,0x00000000f5200000)
 ParOldGen       total 42496K, used 14495K [0x00000000c2a00000, 0x00000000c5380000, 0x00000000eb900000)
  object space 42496K, 34% used [0x00000000c2a00000,0x00000000c3827f10,0x00000000c5380000)
 Metaspace       used 13969K, capacity 14336K, committed 14592K, reserved 1062912K
  class space    used 1589K, capacity 1707K, committed 1792K, reserved 1048576K
}
Event: 52.336 GC heap before
{Heap before GC invocations=14 (full 1):
 PSYoungGen      total 156672K, used 155760K [0x00000000eb900000, 0x00000000f7a80000, 0x0000000100000000)
  eden space 151040K, 100% used [0x00000000eb900000,0x00000000f4c80000,0x00000000f4c80000)
  from space 5632K, 83% used [0x00000000f5200000,0x00000000f569c0a0,0x00000000f5780000)
  to   space 5632K, 0% used [0x00000000f4c80000,0x00000000f4c80000,0x00000000f5200000)
 ParOldGen       total 42496K, used 14495K [0x00000000c2a00000, 0x00000000c5380000, 0x00000000eb900000)
  object space 42496K, 34% used [0x00000000c2a00000,0x00000000c3827f10,0x00000000c5380000)
 Metaspace       used 13981K, capacity 14336K, committed 14592K, reserved 1062912K
  class space    used 1589K, capacity 1707K, committed 1792K, reserved 1048576K

