# JRE version: Java(TM) SE Runtime Environment (8.0_201-b09) (build 1.8.0_201-b09)
# Java VM: Java HotSpot(TM) 64-Bit Server VM (25.201-b09 mixed mode linux-amd64 compressed oops)
Heap:
 PSYoungGen      total 66048K, used 62946K [0x00000000eb900000, 0x00000000f3b00000, 0x0000000100000000)
  eden space 59904K, 95% used [0x00000000eb900000,0x00000000ef0a0b10,0x00000000ef380000)
  from space 6144K, 97% used [0x00000000ef380000,0x00000000ef958010,0x00000000ef980000)
  to   space 6656K, 0% used [0x00000000f3480000,0x00000000f3480000,0x00000000f3b00000)
 ParOldGen       total 42496K, used 12119K [0x00000000c2a00000, 0x00000000c5380000, 0x00000000eb900000)
  object space 42496K, 28% used [0x00000000c2a00000,0x00000000c35d5da8,0x00000000c5380000)
 Metaspace       used 14789K, capacity 15312K, committed 15360K, reserved 1062912K
  class space    used 1637K, capacity 1773K, committed 1792K, reserved 1048576K
GC Heap History (10 events):
Event: 37.746 GC heap before
{Heap before GC invocations=4 (full 1):
 PSYoungGen      total 34304K, used 31744K [0x00000000eb900000, 0x00000000edd00000, 0x0000000100000000)
  eden space 31744K, 100% used [0x00000000eb900000,0x00000000ed800000,0x00000000ed800000)
  from space 2560K, 0% used [0x00000000eda80000,0x00000000eda80000,0x00000000edd00000)
  to   space 2560K, 0% used [0x00000000ed800000,0x00000000ed800000,0x00000000eda80000)
 ParOldGen       total 42496K, used 2632K [0x00000000c2a00000, 0x00000000c5380000, 0x00000000eb900000)
  object space 42496K, 6% used [0x00000000c2a00000,0x00000000c2c92120,0x00000000c5380000)
 Metaspace       used 13707K, capacity 14090K, committed 14336K, reserved 1062912K
  class space    used 1596K, capacity 1709K, committed 1792K, reserved 1048576K
Event: 37.773 GC heap after
Heap after GC invocations=4 (full 1):
 PSYoungGen      total 34304K, used 2544K [0x00000000eb900000, 0x00000000edd00000, 0x0000000100000000)
  eden space 31744K, 0% used [0x00000000eb900000,0x00000000eb900000,0x00000000ed800000)
  from space 2560K, 99% used [0x00000000ed800000,0x00000000eda7c010,0x00000000eda80000)
  to   space 2560K, 0% used [0x00000000eda80000,0x00000000eda80000,0x00000000edd00000)
 ParOldGen       total 42496K, used 5325K [0x00000000c2a00000, 0x00000000c5380000, 0x00000000eb900000)
  object space 42496K, 12% used [0x00000000c2a00000,0x00000000c2f33620,0x00000000c5380000)
 Metaspace       used 13707K, capacity 14090K, committed 14336K, reserved 1062912K
  class space    used 1596K, capacity 1709K, committed 1792K, reserved 1048576K
}
Event: 39.263 GC heap before
{Heap before GC invocations=5 (full 1):
 PSYoungGen      total 34304K, used 34288K [0x00000000eb900000, 0x00000000edd00000, 0x0000000100000000)
  eden space 31744K, 100% used [0x00000000eb900000,0x00000000ed800000,0x00000000ed800000)
  from space 2560K, 99% used [0x00000000ed800000,0x00000000eda7c010,0x00000000eda80000)
  to   space 2560K, 0% used [0x00000000eda80000,0x00000000eda80000,0x00000000edd00000)
 ParOldGen       total 42496K, used 5325K [0x00000000c2a00000, 0x00000000c5380000, 0x00000000eb900000)
  object space 42496K, 12% used [0x00000000c2a00000,0x00000000c2f33620,0x00000000c5380000)
 Metaspace       used 13851K, capacity 14218K, committed 14336K, reserved 1062912K
  class space    used 1596K, capacity 1709K, committed 1792K, reserved 1048576K
Event: 39.282 GC heap after
Heap after GC invocations=5 (full 1):
 PSYoungGen      total 34304K, used 2560K [0x00000000eb900000, 0x00000000edd00000, 0x0000000100000000)
  eden space 31744K, 0% used [0x00000000eb900000,0x00000000eb900000,0x00000000ed800000)
  from space 2560K, 100% used [0x00000000eda80000,0x00000000edd00000,0x00000000edd00000)
  to   space 2560K, 0% used [0x00000000ed800000,0x00000000ed800000,0x00000000eda80000)
 ParOldGen       total 42496K, used 7936K [0x00000000c2a00000, 0x00000000c5380000, 0x00000000eb900000)
  object space 42496K, 18% used [0x00000000c2a00000,0x00000000c31c00a8,0x00000000c5380000)
 Metaspace       used 13851K, capacity 14218K, committed 14336K, reserved 1062912K
  class space    used 1596K, capacity 1709K, committed 1792K, reserved 1048576K
}
Event: 40.453 GC heap before
{Heap before GC invocations=6 (full 1):
 PSYoungGen      total 34304K, used 34304K [0x00000000eb900000, 0x00000000edd00000, 0x0000000100000000)
  eden space 31744K, 100% used [0x00000000eb900000,0x00000000ed800000,0x00000000ed800000)
  from space 2560K, 100% used [0x00000000eda80000,0x00000000edd00000,0x00000000edd00000)
  to   space 2560K, 0% used [0x00000000ed800000,0x00000000ed800000,0x00000000eda80000)
 ParOldGen       total 42496K, used 7936K [0x00000000c2a00000, 0x00000000c5380000, 0x00000000eb900000)
  object space 42496K, 18% used [0x00000000c2a00000,0x00000000c31c00a8,0x00000000c5380000)
 Metaspace       used 13911K, capacity 14282K, committed 14592K, reserved 1062912K
  class space    used 1596K, capacity 1709K, committed 1792K, reserved 1048576K
Event: 40.479 GC heap after
Heap after GC invocations=6 (full 1):
 PSYoungGen      total 34304K, used 2528K [0x00000000eb900000, 0x00000000efc00000, 0x0000000100000000)
  eden space 31744K, 0% used [0x00000000eb900000,0x00000000eb900000,0x00000000ed800000)
  from space 2560K, 98% used [0x00000000ed800000,0x00000000eda78010,0x00000000eda80000)
  to   space 2560K, 0% used [0x00000000ef980000,0x00000000ef980000,0x00000000efc00000)
 ParOldGen       total 42496K, used 9869K [0x00000000c2a00000, 0x00000000c5380000, 0x00000000eb900000)
  object space 42496K, 23% used [0x00000000c2a00000,0x00000000c33a36e8,0x00000000c5380000)
 Metaspace       used 13911K, capacity 14282K, committed 14592K, reserved 1062912K
  class space    used 1596K, capacity 1709K, committed 1792K, reserved 1048576K
}
Event: 41.574 GC heap before
{Heap before GC invocations=7 (full 1):
 PSYoungGen      total 34304K, used 34272K [0x00000000eb900000, 0x00000000efc00000, 0x0000000100000000)
  eden space 31744K, 100% used [0x00000000eb900000,0x00000000ed800000,0x00000000ed800000)
  from space 2560K, 98% used [0x00000000ed800000,0x00000000eda78010,0x00000000eda80000)
  to   space 2560K, 0% used [0x00000000ef980000,0x00000000ef980000,0x00000000efc00000)
 ParOldGen       total 42496K, used 9869K [0x00000000c2a00000, 0x00000000c5380000, 0x00000000eb900000)
  object space 42496K, 23% used [0x00000000c2a00000,0x00000000c33a36e8,0x00000000c5380000)
 Metaspace       used 13969K, capacity 14410K, committed 14592K, reserved 1062912K
  class space    used 1596K, capacity 1709K, committed 1792K, reserved 1048576K
Event: 41.600 GC heap after
Heap after GC invocations=7 (full 1):
 PSYoungGen      total 62464K, used 2528K [0x00000000eb900000, 0x00000000f0300000, 0x0000000100000000)
  eden space 59904K, 0% used [0x00000000eb900000,0x00000000eb900000,0x00000000ef380000)
  from space 2560K, 98% used [0x00000000ef980000,0x00000000efbf8010,0x00000000efc00000)
  to   space 6144K, 0% used [0x00000000ef380000,0x00000000ef380000,0x00000000ef980000)
 ParOldGen       total 42496K, used 12119K [0x00000000c2a00000, 0x00000000c5380000, 0x00000000eb900000)
  object space 42496K, 28% used [0x00000000c2a00000,0x00000000c35d5da8,0x00000000c5380000)
 Metaspace       used 13969K, capacity 14410K, committed 14592K, reserved 1062912K
  class space    used 1596K, capacity 1709K, committed 1792K, reserved 1048576K
}
Event: 43.599 GC heap before
{Heap before GC invocations=8 (full 1):
 PSYoungGen      total 62464K, used 62432K [0x00000000eb900000, 0x00000000f0300000, 0x0000000100000000)
  eden space 59904K, 100% used [0x00000000eb900000,0x00000000ef380000,0x00000000ef380000)
  from space 2560K, 98% used [0x00000000ef980000,0x00000000efbf8010,0x00000000efc00000)
  to   space 6144K, 0% used [0x00000000ef380000,0x00000000ef380000,0x00000000ef980000)
 ParOldGen       total 42496K, used 12119K [0x00000000c2a00000, 0x00000000c5380000, 0x00000000eb900000)
  object space 42496K, 28% used [0x00000000c2a00000,0x00000000c35d5da8,0x00000000c5380000)
 Metaspace       used 14019K, capacity 14410K, committed 14592K, reserved 1062912K
  class space    used 1596K, capacity 1709K, committed 1792K, reserved 1048576K
Event: 43.645 GC heap after
Heap after GC invocations=8 (full 1):
 PSYoungGen      total 66048K, used 5984K [0x00000000eb900000, 0x00000000f3b00000, 0x0000000100000000)
  eden space 59904K, 0% used [0x00000000eb900000,0x00000000eb900000,0x00000000ef380000)
  from space 6144K, 97% used [0x00000000ef380000,0x00000000ef958010,0x00000000ef980000)
  to   space 6656K, 0% used [0x00000000f3480000,0x00000000f3480000,0x00000000f3b00000)
 ParOldGen       total 42496K, used 12119K [0x00000000c2a00000, 0x00000000c5380000, 0x00000000eb900000)
  object space 42496K, 28% used [0x00000000c2a00000,0x00000000c35d5da8,0x00000000c5380000)
 Metaspace       used 14019K, capacity 14410K, committed 14592K, reserved 1062912K
  class space    used 1596K, capacity 1709K, committed 1792K, reserved 1048576K
}

