# JRE version: Java(TM) SE Runtime Environment (8.0_201-b09) (build 1.8.0_201-b09)
# Java VM: Java HotSpot(TM) 64-Bit Server VM (25.201-b09 mixed mode linux-amd64 compressed oops)
Heap:
 PSYoungGen      total 223232K, used 52825K [0x00000000eb900000, 0x0000000100000000, 0x0000000100000000)
  eden space 111616K, 0% used [0x00000000eb900000,0x00000000eb900000,0x00000000f2600000)
  from space 111616K, 47% used [0x00000000f2600000,0x00000000f5996588,0x00000000f9300000)
  to   space 111616K, 0% used [0x00000000f9300000,0x00000000f9300000,0x0000000100000000)
 ParOldGen       total 202752K, used 202461K [0x00000000c2a00000, 0x00000000cf000000, 0x00000000eb900000)
  object space 202752K, 99% used [0x00000000c2a00000,0x00000000cefb76f8,0x00000000cf000000)
 Metaspace       used 38905K, capacity 41134K, committed 41216K, reserved 1085440K
  class space    used 3791K, capacity 4606K, committed 4608K, reserved 1048576K
GC Heap History (10 events):
Event: 166.017 GC heap after
Heap after GC invocations=79 (full 4):
 PSYoungGen      total 206848K, used 83585K [0x00000000eb900000, 0x0000000100000000, 0x0000000100000000)
  eden space 122880K, 0% used [0x00000000eb900000,0x00000000eb900000,0x00000000f3100000)
  from space 83968K, 99% used [0x00000000f3100000,0x00000000f82a07f0,0x00000000f8300000)
  to   space 111616K, 0% used [0x00000000f9300000,0x00000000f9300000,0x0000000100000000)
 ParOldGen       total 202752K, used 170723K [0x00000000c2a00000, 0x00000000cf000000, 0x00000000eb900000)
  object space 202752K, 84% used [0x00000000c2a00000,0x00000000cd0b8ce0,0x00000000cf000000)
 Metaspace       used 32517K, capacity 33682K, committed 34048K, reserved 1079296K
  class space    used 3265K, capacity 3521K, committed 3584K, reserved 1048576K
}
Event: 167.714 GC heap before
{Heap before GC invocations=80 (full 4):
 PSYoungGen      total 206848K, used 206465K [0x00000000eb900000, 0x0000000100000000, 0x0000000100000000)
  eden space 122880K, 100% used [0x00000000eb900000,0x00000000f3100000,0x00000000f3100000)
  from space 83968K, 99% used [0x00000000f3100000,0x00000000f82a07f0,0x00000000f8300000)
  to   space 111616K, 0% used [0x00000000f9300000,0x00000000f9300000,0x0000000100000000)
 ParOldGen       total 202752K, used 170723K [0x00000000c2a00000, 0x00000000cf000000, 0x00000000eb900000)
  object space 202752K, 84% used [0x00000000c2a00000,0x00000000cd0b8ce0,0x00000000cf000000)
 Metaspace       used 35484K, capacity 36814K, committed 36992K, reserved 1083392K
  class space    used 3599K, capacity 3950K, committed 3968K, reserved 1048576K
Event: 167.830 GC heap after
Heap after GC invocations=80 (full 4):
 PSYoungGen      total 223232K, used 87267K [0x00000000eb900000, 0x0000000100000000, 0x0000000100000000)
  eden space 111616K, 0% used [0x00000000eb900000,0x00000000eb900000,0x00000000f2600000)
  from space 111616K, 78% used [0x00000000f9300000,0x00000000fe838e40,0x0000000100000000)
  to   space 111616K, 0% used [0x00000000f2600000,0x00000000f2600000,0x00000000f9300000)
 ParOldGen       total 202752K, used 170731K [0x00000000c2a00000, 0x00000000cf000000, 0x00000000eb900000)
  object space 202752K, 84% used [0x00000000c2a00000,0x00000000cd0bace0,0x00000000cf000000)
 Metaspace       used 35484K, capacity 36814K, committed 36992K, reserved 1083392K
  class space    used 3599K, capacity 3950K, committed 3968K, reserved 1048576K
}
Event: 169.274 GC heap before
{Heap before GC invocations=81 (full 4):
 PSYoungGen      total 223232K, used 198883K [0x00000000eb900000, 0x0000000100000000, 0x0000000100000000)
  eden space 111616K, 100% used [0x00000000eb900000,0x00000000f2600000,0x00000000f2600000)
  from space 111616K, 78% used [0x00000000f9300000,0x00000000fe838e40,0x0000000100000000)
  to   space 111616K, 0% used [0x00000000f2600000,0x00000000f2600000,0x00000000f9300000)
 ParOldGen       total 202752K, used 170731K [0x00000000c2a00000, 0x00000000cf000000, 0x00000000eb900000)
  object space 202752K, 84% used [0x00000000c2a00000,0x00000000cd0bace0,0x00000000cf000000)
 Metaspace       used 36569K, capacity 38170K, committed 38272K, reserved 1083392K
  class space    used 3654K, capacity 4150K, committed 4224K, reserved 1048576K
Event: 169.352 GC heap after
Heap after GC invocations=81 (full 4):
 PSYoungGen      total 223232K, used 82958K [0x00000000eb900000, 0x0000000100000000, 0x0000000100000000)
  eden space 111616K, 0% used [0x00000000eb900000,0x00000000eb900000,0x00000000f2600000)
  from space 111616K, 74% used [0x00000000f2600000,0x00000000f7703960,0x00000000f9300000)
  to   space 111616K, 0% used [0x00000000f9300000,0x00000000f9300000,0x0000000100000000)
 ParOldGen       total 202752K, used 176603K [0x00000000c2a00000, 0x00000000cf000000, 0x00000000eb900000)
  object space 202752K, 87% used [0x00000000c2a00000,0x00000000cd676e80,0x00000000cf000000)
 Metaspace       used 36569K, capacity 38170K, committed 38272K, reserved 1083392K
  class space    used 3654K, capacity 4150K, committed 4224K, reserved 1048576K
}
Event: 170.428 GC heap before
{Heap before GC invocations=82 (full 4):
 PSYoungGen      total 223232K, used 194574K [0x00000000eb900000, 0x0000000100000000, 0x0000000100000000)
  eden space 111616K, 100% used [0x00000000eb900000,0x00000000f2600000,0x00000000f2600000)
  from space 111616K, 74% used [0x00000000f2600000,0x00000000f7703960,0x00000000f9300000)
  to   space 111616K, 0% used [0x00000000f9300000,0x00000000f9300000,0x0000000100000000)
 ParOldGen       total 202752K, used 176603K [0x00000000c2a00000, 0x00000000cf000000, 0x00000000eb900000)
  object space 202752K, 87% used [0x00000000c2a00000,0x00000000cd676e80,0x00000000cf000000)
 Metaspace       used 37703K, capacity 39634K, committed 39808K, reserved 1085440K
  class space    used 3723K, capacity 4390K, committed 4480K, reserved 1048576K
Event: 170.540 GC heap after
Heap after GC invocations=82 (full 4):
 PSYoungGen      total 223232K, used 83585K [0x00000000eb900000, 0x0000000100000000, 0x0000000100000000)
  eden space 111616K, 0% used [0x00000000eb900000,0x00000000eb900000,0x00000000f2600000)
  from space 111616K, 74% used [0x00000000f9300000,0x00000000fe4a07d8,0x0000000100000000)
  to   space 111616K, 0% used [0x00000000f2600000,0x00000000f2600000,0x00000000f9300000)
 ParOldGen       total 202752K, used 178586K [0x00000000c2a00000, 0x00000000cf000000, 0x00000000eb900000)
  object space 202752K, 88% used [0x00000000c2a00000,0x00000000cd8669f8,0x00000000cf000000)
 Metaspace       used 37703K, capacity 39634K, committed 39808K, reserved 1085440K
  class space    used 3723K, capacity 4390K, committed 4480K, reserved 1048576K
}
Event: 171.588 GC heap before
{Heap before GC invocations=83 (full 4):
 PSYoungGen      total 223232K, used 195201K [0x00000000eb900000, 0x0000000100000000, 0x0000000100000000)
  eden space 111616K, 100% used [0x00000000eb900000,0x00000000f2600000,0x00000000f2600000)
  from space 111616K, 74% used [0x00000000f9300000,0x00000000fe4a07d8,0x0000000100000000)
  to   space 111616K, 0% used [0x00000000f2600000,0x00000000f2600000,0x00000000f9300000)
 ParOldGen       total 202752K, used 178586K [0x00000000c2a00000, 0x00000000cf000000, 0x00000000eb900000)
  object space 202752K, 88% used [0x00000000c2a00000,0x00000000cd8669f8,0x00000000cf000000)
 Metaspace       used 38905K, capacity 41134K, committed 41216K, reserved 1085440K
  class space    used 3791K, capacity 4606K, committed 4608K, reserved 1048576K
Event: 171.715 GC heap after
Heap after GC invocations=83 (full 4):
 PSYoungGen      total 223232K, used 64277K [0x00000000eb900000, 0x0000000100000000, 0x0000000100000000)
  eden space 111616K, 0% used [0x00000000eb900000,0x00000000eb900000,0x00000000f2600000)
  from space 111616K, 57% used [0x00000000f2600000,0x00000000f64c5448,0x00000000f9300000)
  to   space 111616K, 0% used [0x00000000f9300000,0x00000000f9300000,0x0000000100000000)
 ParOldGen       total 202752K, used 199756K [0x00000000c2a00000, 0x00000000cf000000, 0x00000000eb900000)
  object space 202752K, 98% used [0x00000000c2a00000,0x00000000ced133f8,0x00000000cf000000)
 Metaspace       used 38905K, capacity 41134K, committed 41216K, reserved 1085440K
  class space    used 3791K, capacity 4606K, committed 4608K, reserved 1048576K
}
Event: 171.716 GC heap before
{Heap before GC invocations=84 (full 5):
 PSYoungGen      total 223232K, used 64277K [0x00000000eb900000, 0x0000000100000000, 0x0000000100000000)
  eden space 111616K, 0% used [0x00000000eb900000,0x00000000eb900000,0x00000000f2600000)
  from space 111616K, 57% used [0x00000000f2600000,0x00000000f64c5448,0x00000000f9300000)
  to   space 111616K, 0% used [0x00000000f9300000,0x00000000f9300000,0x0000000100000000)
 ParOldGen       total 202752K, used 199756K [0x00000000c2a00000, 0x00000000cf000000, 0x00000000eb900000)
  object space 202752K, 98% used [0x00000000c2a00000,0x00000000ced133f8,0x00000000cf000000)
 Metaspace       used 38905K, capacity 41134K, committed 41216K, reserved 1085440K
  class space    used 3791K, capacity 4606K, committed 4608K, reserved 1048576K

