# JRE version: Java(TM) SE Runtime Environment (8.0_201-b09) (build 1.8.0_201-b09)
# Java VM: Java HotSpot(TM) 64-Bit Server VM (25.201-b09 mixed mode linux-amd64 compressed oops)
Heap:
 PSYoungGen      total 296960K, used 10142K [0x00000000eb900000, 0x0000000100000000, 0x0000000100000000)
  eden space 263168K, 0% used [0x00000000eb900000,0x00000000eb900000,0x00000000fba00000)
  from space 33792K, 30% used [0x00000000fba00000,0x00000000fc3e7a78,0x00000000fdb00000)
  to   space 35840K, 0% used [0x00000000fdd00000,0x00000000fdd00000,0x0000000100000000)
 ParOldGen       total 75264K, used 74776K [0x00000000c2a00000, 0x00000000c7380000, 0x00000000eb900000)
  object space 75264K, 99% used [0x00000000c2a00000,0x00000000c73063d0,0x00000000c7380000)
 Metaspace       used 26973K, capacity 27692K, committed 27776K, reserved 1073152K
  class space    used 3204K, capacity 3420K, committed 3456K, reserved 1048576K
GC Heap History (10 events):
Event: 20.149 GC heap after
Heap after GC invocations=13 (full 2):
 PSYoungGen      total 232448K, used 4890K [0x00000000eb900000, 0x00000000fbd00000, 0x0000000100000000)
  eden space 227328K, 0% used [0x00000000eb900000,0x00000000eb900000,0x00000000f9700000)
  from space 5120K, 95% used [0x00000000f9b80000,0x00000000fa046818,0x00000000fa080000)
  to   space 19456K, 0% used [0x00000000faa00000,0x00000000faa00000,0x00000000fbd00000)
 ParOldGen       total 75264K, used 39491K [0x00000000c2a00000, 0x00000000c7380000, 0x00000000eb900000)
  object space 75264K, 52% used [0x00000000c2a00000,0x00000000c5090c10,0x00000000c7380000)
 Metaspace       used 22229K, capacity 22626K, committed 22784K, reserved 1069056K
  class space    used 2407K, capacity 2541K, committed 2560K, reserved 1048576K
}
Event: 29.734 GC heap before
{Heap before GC invocations=14 (full 2):
 PSYoungGen      total 232448K, used 232218K [0x00000000eb900000, 0x00000000fbd00000, 0x0000000100000000)
  eden space 227328K, 100% used [0x00000000eb900000,0x00000000f9700000,0x00000000f9700000)
  from space 5120K, 95% used [0x00000000f9b80000,0x00000000fa046818,0x00000000fa080000)
  to   space 19456K, 0% used [0x00000000faa00000,0x00000000faa00000,0x00000000fbd00000)
 ParOldGen       total 75264K, used 39491K [0x00000000c2a00000, 0x00000000c7380000, 0x00000000eb900000)
  object space 75264K, 52% used [0x00000000c2a00000,0x00000000c5090c10,0x00000000c7380000)
 Metaspace       used 22976K, capacity 23630K, committed 23680K, reserved 1071104K
  class space    used 2471K, capacity 2661K, committed 2688K, reserved 1048576K
Event: 29.873 GC heap after
Heap after GC invocations=14 (full 2):
 PSYoungGen      total 246784K, used 11398K [0x00000000eb900000, 0x00000000fe500000, 0x0000000100000000)
  eden space 227328K, 0% used [0x00000000eb900000,0x00000000eb900000,0x00000000f9700000)
  from space 19456K, 58% used [0x00000000faa00000,0x00000000fb521860,0x00000000fbd00000)
  to   space 19456K, 0% used [0x00000000f9700000,0x00000000f9700000,0x00000000faa00000)
 ParOldGen       total 75264K, used 39499K [0x00000000c2a00000, 0x00000000c7380000, 0x00000000eb900000)
  object space 75264K, 52% used [0x00000000c2a00000,0x00000000c5092c10,0x00000000c7380000)
 Metaspace       used 22976K, capacity 23630K, committed 23680K, reserved 1071104K
  class space    used 2471K, capacity 2661K, committed 2688K, reserved 1048576K
}
Event: 35.711 GC heap before
{Heap before GC invocations=15 (full 2):
 PSYoungGen      total 246784K, used 238726K [0x00000000eb900000, 0x00000000fe500000, 0x0000000100000000)
  eden space 227328K, 100% used [0x00000000eb900000,0x00000000f9700000,0x00000000f9700000)
  from space 19456K, 58% used [0x00000000faa00000,0x00000000fb521860,0x00000000fbd00000)
  to   space 19456K, 0% used [0x00000000f9700000,0x00000000f9700000,0x00000000faa00000)
 ParOldGen       total 75264K, used 39499K [0x00000000c2a00000, 0x00000000c7380000, 0x00000000eb900000)
  object space 75264K, 52% used [0x00000000c2a00000,0x00000000c5092c10,0x00000000c7380000)
 Metaspace       used 23267K, capacity 23934K, committed 24192K, reserved 1071104K
  class space    used 2485K, capacity 2669K, committed 2688K, reserved 1048576K
Event: 35.883 GC heap after
Heap after GC invocations=15 (full 2):
 PSYoungGen      total 246784K, used 19424K [0x00000000eb900000, 0x00000000ff380000, 0x0000000100000000)
  eden space 227328K, 0% used [0x00000000eb900000,0x00000000eb900000,0x00000000f9700000)
  from space 19456K, 99% used [0x00000000f9700000,0x00000000fa9f8010,0x00000000faa00000)
  to   space 25088K, 0% used [0x00000000fdb00000,0x00000000fdb00000,0x00000000ff380000)
 ParOldGen       total 75264K, used 45713K [0x00000000c2a00000, 0x00000000c7380000, 0x00000000eb900000)
  object space 75264K, 60% used [0x00000000c2a00000,0x00000000c56a45f0,0x00000000c7380000)
 Metaspace       used 23267K, capacity 23934K, committed 24192K, reserved 1071104K
  class space    used 2485K, capacity 2669K, committed 2688K, reserved 1048576K
}
Event: 41.585 GC heap before
{Heap before GC invocations=16 (full 2):
 PSYoungGen      total 246784K, used 246752K [0x00000000eb900000, 0x00000000ff380000, 0x0000000100000000)
  eden space 227328K, 100% used [0x00000000eb900000,0x00000000f9700000,0x00000000f9700000)
  from space 19456K, 99% used [0x00000000f9700000,0x00000000fa9f8010,0x00000000faa00000)
  to   space 25088K, 0% used [0x00000000fdb00000,0x00000000fdb00000,0x00000000ff380000)
 ParOldGen       total 75264K, used 45713K [0x00000000c2a00000, 0x00000000c7380000, 0x00000000eb900000)
  object space 75264K, 60% used [0x00000000c2a00000,0x00000000c56a45f0,0x00000000c7380000)
 Metaspace       used 26928K, capacity 27698K, committed 27776K, reserved 1073152K
  class space    used 3204K, capacity 3421K, committed 3456K, reserved 1048576K
Event: 41.719 GC heap after
Heap after GC invocations=16 (full 2):
 PSYoungGen      total 288256K, used 25072K [0x00000000eb900000, 0x0000000100000000, 0x0000000100000000)
  eden space 263168K, 0% used [0x00000000eb900000,0x00000000eb900000,0x00000000fba00000)
  from space 25088K, 99% used [0x00000000fdb00000,0x00000000ff37c010,0x00000000ff380000)
  to   space 33792K, 0% used [0x00000000fba00000,0x00000000fba00000,0x00000000fdb00000)
 ParOldGen       total 75264K, used 58925K [0x00000000c2a00000, 0x00000000c7380000, 0x00000000eb900000)
  object space 75264K, 78% used [0x00000000c2a00000,0x00000000c638b7a8,0x00000000c7380000)
 Metaspace       used 26928K, capacity 27698K, committed 27776K, reserved 1073152K
  class space    used 3204K, capacity 3421K, committed 3456K, reserved 1048576K
}
Event: 45.574 GC heap before
{Heap before GC invocations=17 (full 2):
 PSYoungGen      total 288256K, used 288240K [0x00000000eb900000, 0x0000000100000000, 0x0000000100000000)
  eden space 263168K, 100% used [0x00000000eb900000,0x00000000fba00000,0x00000000fba00000)
  from space 25088K, 99% used [0x00000000fdb00000,0x00000000ff37c010,0x00000000ff380000)
  to   space 33792K, 0% used [0x00000000fba00000,0x00000000fba00000,0x00000000fdb00000)
 ParOldGen       total 75264K, used 58925K [0x00000000c2a00000, 0x00000000c7380000, 0x00000000eb900000)
  object space 75264K, 78% used [0x00000000c2a00000,0x00000000c638b7a8,0x00000000c7380000)
 Metaspace       used 26976K, capacity 27698K, committed 27776K, reserved 1073152K
  class space    used 3205K, capacity 3421K, committed 3456K, reserved 1048576K
Event: 45.677 GC heap after
Heap after GC invocations=17 (full 2):
 PSYoungGen      total 296960K, used 23728K [0x00000000eb900000, 0x0000000100000000, 0x0000000100000000)
  eden space 263168K, 0% used [0x00000000eb900000,0x00000000eb900000,0x00000000fba00000)
  from space 33792K, 70% used [0x00000000fba00000,0x00000000fd12c010,0x00000000fdb00000)
  to   space 35840K, 0% used [0x00000000fdd00000,0x00000000fdd00000,0x0000000100000000)
 ParOldGen       total 75264K, used 70163K [0x00000000c2a00000, 0x00000000c7380000, 0x00000000eb900000)
  object space 75264K, 93% used [0x00000000c2a00000,0x00000000c6e84da8,0x00000000c7380000)
 Metaspace       used 26976K, capacity 27698K, committed 27776K, reserved 1073152K
  class space    used 3205K, capacity 3421K, committed 3456K, reserved 1048576K
}
Event: 45.677 GC heap before
{Heap before GC invocations=18 (full 3):
 PSYoungGen      total 296960K, used 23728K [0x00000000eb900000, 0x0000000100000000, 0x0000000100000000)
  eden space 263168K, 0% used [0x00000000eb900000,0x00000000eb900000,0x00000000fba00000)
  from space 33792K, 70% used [0x00000000fba00000,0x00000000fd12c010,0x00000000fdb00000)
  to   space 35840K, 0% used [0x00000000fdd00000,0x00000000fdd00000,0x0000000100000000)
 ParOldGen       total 75264K, used 70163K [0x00000000c2a00000, 0x00000000c7380000, 0x00000000eb900000)
  object space 75264K, 93% used [0x00000000c2a00000,0x00000000c6e84da8,0x00000000c7380000)
 Metaspace       used 26976K, capacity 27698K, committed 27776K, reserved 1073152K
  class space    used 3205K, capacity 3421K, committed 3456K, reserved 1048576K

