# JRE version: Java(TM) SE Runtime Environment (8.0_201-b09) (build 1.8.0_201-b09)
# Java VM: Java HotSpot(TM) 64-Bit Server VM (25.201-b09 mixed mode linux-amd64 compressed oops)
Heap:
 PSYoungGen      total 291328K, used 11104K [0x00000000eb900000, 0x00000000ffa00000, 0x0000000100000000)
  eden space 253952K, 0% used [0x00000000eb900000,0x00000000eb900000,0x00000000fb100000)
  from space 37376K, 29% used [0x00000000fb100000,0x00000000fbbd8000,0x00000000fd580000)
  to   space 33280K, 0% used [0x00000000fd980000,0x00000000fd980000,0x00000000ffa00000)
 ParOldGen       total 136704K, used 51606K [0x00000000c2a00000, 0x00000000caf80000, 0x00000000eb900000)
  object space 136704K, 37% used [0x00000000c2a00000,0x00000000c5c65ba8,0x00000000caf80000)
 Metaspace       used 24311K, capacity 24946K, committed 25088K, reserved 1071104K
  class space    used 2534K, capacity 2705K, committed 2816K, reserved 1048576K
GC Heap History (10 events):
Event: 65.697 GC heap after
Heap after GC invocations=22 (full 4):
 PSYoungGen      total 279552K, used 6656K [0x00000000eb900000, 0x00000000ffa80000, 0x0000000100000000)
  eden space 237056K, 0% used [0x00000000eb900000,0x00000000eb900000,0x00000000fa080000)
  from space 42496K, 15% used [0x00000000fd100000,0x00000000fd780000,0x00000000ffa80000)
  to   space 46080K, 0% used [0x00000000fa080000,0x00000000fa080000,0x00000000fcd80000)
 ParOldGen       total 136704K, used 51582K [0x00000000c2a00000, 0x00000000caf80000, 0x00000000eb900000)
  object space 136704K, 37% used [0x00000000c2a00000,0x00000000c5c5fba8,0x00000000caf80000)
 Metaspace       used 24003K, capacity 24678K, committed 24832K, reserved 1071104K
  class space    used 2532K, capacity 2703K, committed 2816K, reserved 1048576K
}
Event: 66.699 GC heap before
{Heap before GC invocations=23 (full 4):
 PSYoungGen      total 279552K, used 243712K [0x00000000eb900000, 0x00000000ffa80000, 0x0000000100000000)
  eden space 237056K, 100% used [0x00000000eb900000,0x00000000fa080000,0x00000000fa080000)
  from space 42496K, 15% used [0x00000000fd100000,0x00000000fd780000,0x00000000ffa80000)
  to   space 46080K, 0% used [0x00000000fa080000,0x00000000fa080000,0x00000000fcd80000)
 ParOldGen       total 136704K, used 51582K [0x00000000c2a00000, 0x00000000caf80000, 0x00000000eb900000)
  object space 136704K, 37% used [0x00000000c2a00000,0x00000000c5c5fba8,0x00000000caf80000)
 Metaspace       used 24127K, capacity 24742K, committed 25088K, reserved 1071104K
  class space    used 2532K, capacity 2703K, committed 2816K, reserved 1048576K
Event: 66.725 GC heap after
Heap after GC invocations=23 (full 4):
 PSYoungGen      total 283136K, used 7040K [0x00000000eb900000, 0x00000000fff80000, 0x0000000100000000)
  eden space 237056K, 0% used [0x00000000eb900000,0x00000000eb900000,0x00000000fa080000)
  from space 46080K, 15% used [0x00000000fa080000,0x00000000fa760000,0x00000000fcd80000)
  to   space 44032K, 0% used [0x00000000fd480000,0x00000000fd480000,0x00000000fff80000)
 ParOldGen       total 136704K, used 51590K [0x00000000c2a00000, 0x00000000caf80000, 0x00000000eb900000)
  object space 136704K, 37% used [0x00000000c2a00000,0x00000000c5c61ba8,0x00000000caf80000)
 Metaspace       used 24127K, capacity 24742K, committed 25088K, reserved 1071104K
  class space    used 2532K, capacity 2703K, committed 2816K, reserved 1048576K
}
Event: 67.942 GC heap before
{Heap before GC invocations=24 (full 4):
 PSYoungGen      total 283136K, used 244096K [0x00000000eb900000, 0x00000000fff80000, 0x0000000100000000)
  eden space 237056K, 100% used [0x00000000eb900000,0x00000000fa080000,0x00000000fa080000)
  from space 46080K, 15% used [0x00000000fa080000,0x00000000fa760000,0x00000000fcd80000)
  to   space 44032K, 0% used [0x00000000fd480000,0x00000000fd480000,0x00000000fff80000)
 ParOldGen       total 136704K, used 51590K [0x00000000c2a00000, 0x00000000caf80000, 0x00000000eb900000)
  object space 136704K, 37% used [0x00000000c2a00000,0x00000000c5c61ba8,0x00000000caf80000)
 Metaspace       used 24155K, capacity 24812K, committed 25088K, reserved 1071104K
  class space    used 2533K, capacity 2704K, committed 2816K, reserved 1048576K
Event: 67.961 GC heap after
Heap after GC invocations=24 (full 4):
 PSYoungGen      total 282112K, used 8032K [0x00000000eb900000, 0x00000000ff900000, 0x0000000100000000)
  eden space 244736K, 0% used [0x00000000eb900000,0x00000000eb900000,0x00000000fa800000)
  from space 37376K, 21% used [0x00000000fd480000,0x00000000fdc58000,0x00000000ff900000)
  to   space 41472K, 0% used [0x00000000fa800000,0x00000000fa800000,0x00000000fd080000)
 ParOldGen       total 136704K, used 51590K [0x00000000c2a00000, 0x00000000caf80000, 0x00000000eb900000)
  object space 136704K, 37% used [0x00000000c2a00000,0x00000000c5c61ba8,0x00000000caf80000)
 Metaspace       used 24155K, capacity 24812K, committed 25088K, reserved 1071104K
  class space    used 2533K, capacity 2704K, committed 2816K, reserved 1048576K
}
Event: 69.137 GC heap before
{Heap before GC invocations=25 (full 4):
 PSYoungGen      total 282112K, used 252768K [0x00000000eb900000, 0x00000000ff900000, 0x0000000100000000)
  eden space 244736K, 100% used [0x00000000eb900000,0x00000000fa800000,0x00000000fa800000)
  from space 37376K, 21% used [0x00000000fd480000,0x00000000fdc58000,0x00000000ff900000)
  to   space 41472K, 0% used [0x00000000fa800000,0x00000000fa800000,0x00000000fd080000)
 ParOldGen       total 136704K, used 51590K [0x00000000c2a00000, 0x00000000caf80000, 0x00000000eb900000)
  object space 136704K, 37% used [0x00000000c2a00000,0x00000000c5c61ba8,0x00000000caf80000)
 Metaspace       used 24174K, capacity 24812K, committed 25088K, reserved 1071104K
  class space    used 2533K, capacity 2704K, committed 2816K, reserved 1048576K
Event: 69.157 GC heap after
Heap after GC invocations=25 (full 4):
 PSYoungGen      total 286208K, used 8064K [0x00000000eb900000, 0x0000000100000000, 0x0000000100000000)
  eden space 244736K, 0% used [0x00000000eb900000,0x00000000eb900000,0x00000000fa800000)
  from space 41472K, 19% used [0x00000000fa800000,0x00000000fafe0000,0x00000000fd080000)
  to   space 39424K, 0% used [0x00000000fd980000,0x00000000fd980000,0x0000000100000000)
 ParOldGen       total 136704K, used 51590K [0x00000000c2a00000, 0x00000000caf80000, 0x00000000eb900000)
  object space 136704K, 37% used [0x00000000c2a00000,0x00000000c5c61ba8,0x00000000caf80000)
 Metaspace       used 24174K, capacity 24812K, committed 25088K, reserved 1071104K
  class space    used 2533K, capacity 2704K, committed 2816K, reserved 1048576K
}
Event: 72.108 GC heap before
{Heap before GC invocations=26 (full 4):
 PSYoungGen      total 286208K, used 252800K [0x00000000eb900000, 0x0000000100000000, 0x0000000100000000)
  eden space 244736K, 100% used [0x00000000eb900000,0x00000000fa800000,0x00000000fa800000)
  from space 41472K, 19% used [0x00000000fa800000,0x00000000fafe0000,0x00000000fd080000)
  to   space 39424K, 0% used [0x00000000fd980000,0x00000000fd980000,0x0000000100000000)
 ParOldGen       total 136704K, used 51590K [0x00000000c2a00000, 0x00000000caf80000, 0x00000000eb900000)
  object space 136704K, 37% used [0x00000000c2a00000,0x00000000c5c61ba8,0x00000000caf80000)
 Metaspace       used 24284K, capacity 24940K, committed 25088K, reserved 1071104K
  class space    used 2533K, capacity 2704K, committed 2816K, reserved 1048576K
Event: 72.130 GC heap after
Heap after GC invocations=26 (full 4):
 PSYoungGen      total 287232K, used 9216K [0x00000000eb900000, 0x00000000ffa00000, 0x0000000100000000)
  eden space 253952K, 0% used [0x00000000eb900000,0x00000000eb900000,0x00000000fb100000)
  from space 33280K, 27% used [0x00000000fd980000,0x00000000fe280020,0x00000000ffa00000)
  to   space 37376K, 0% used [0x00000000fb100000,0x00000000fb100000,0x00000000fd580000)
 ParOldGen       total 136704K, used 51598K [0x00000000c2a00000, 0x00000000caf80000, 0x00000000eb900000)
  object space 136704K, 37% used [0x00000000c2a00000,0x00000000c5c63ba8,0x00000000caf80000)
 Metaspace       used 24284K, capacity 24940K, committed 25088K, reserved 1071104K
  class space    used 2533K, capacity 2704K, committed 2816K, reserved 1048576K
}
Event: 79.678 GC heap before
{Heap before GC invocations=27 (full 4):
 PSYoungGen      total 287232K, used 263168K [0x00000000eb900000, 0x00000000ffa00000, 0x0000000100000000)
  eden space 253952K, 100% used [0x00000000eb900000,0x00000000fb100000,0x00000000fb100000)
  from space 33280K, 27% used [0x00000000fd980000,0x00000000fe280020,0x00000000ffa00000)
  to   space 37376K, 0% used [0x00000000fb100000,0x00000000fb100000,0x00000000fd580000)
 ParOldGen       total 136704K, used 51598K [0x00000000c2a00000, 0x00000000caf80000, 0x00000000eb900000)
  object space 136704K, 37% used [0x00000000c2a00000,0x00000000c5c63ba8,0x00000000caf80000)
 Metaspace       used 24311K, capacity 24946K, committed 25088K, reserved 1071104K
  class space    used 2534K, capacity 2705K, committed 2816K, reserved 1048576K

