# JRE version: Java(TM) SE Runtime Environment (8.0_201-b09) (build 1.8.0_201-b09)
# Java VM: Java HotSpot(TM) 64-Bit Server VM (25.201-b09 mixed mode linux-amd64 compressed oops)
Heap:
 PSYoungGen      total 128512K, used 8774K [0x00000000eb900000, 0x00000000f4200000, 0x0000000100000000)
  eden space 119296K, 0% used [0x00000000eb900000,0x00000000eb900000,0x00000000f2d80000)
  from space 9216K, 95% used [0x00000000f2d80000,0x00000000f3611950,0x00000000f3680000)
  to   space 6656K, 0% used [0x00000000f3680000,0x00000000f3680000,0x00000000f3d00000)
 ParOldGen       total 42496K, used 19003K [0x00000000c2a00000, 0x00000000c5380000, 0x00000000eb900000)
  object space 42496K, 44% used [0x00000000c2a00000,0x00000000c3c8ed28,0x00000000c5380000)
 Metaspace       used 14965K, capacity 15474K, committed 15616K, reserved 1062912K
  class space    used 1639K, capacity 1779K, committed 1792K, reserved 1048576K
GC Heap History (10 events):
Event: 37.954 GC heap after
Heap after GC invocations=5 (full 1):
 PSYoungGen      total 34304K, used 2560K [0x00000000eb900000, 0x00000000edd00000, 0x0000000100000000)
  eden space 31744K, 0% used [0x00000000eb900000,0x00000000eb900000,0x00000000ed800000)
  from space 2560K, 100% used [0x00000000eda80000,0x00000000edd00000,0x00000000edd00000)
  to   space 2560K, 0% used [0x00000000ed800000,0x00000000ed800000,0x00000000eda80000)
 ParOldGen       total 42496K, used 8309K [0x00000000c2a00000, 0x00000000c5380000, 0x00000000eb900000)
  object space 42496K, 19% used [0x00000000c2a00000,0x00000000c321d440,0x00000000c5380000)
 Metaspace       used 13602K, capacity 13998K, committed 14336K, reserved 1062912K
  class space    used 1565K, capacity 1667K, committed 1792K, reserved 1048576K
}
Event: 38.583 GC heap before
{Heap before GC invocations=6 (full 1):
 PSYoungGen      total 34304K, used 34304K [0x00000000eb900000, 0x00000000edd00000, 0x0000000100000000)
  eden space 31744K, 100% used [0x00000000eb900000,0x00000000ed800000,0x00000000ed800000)
  from space 2560K, 100% used [0x00000000eda80000,0x00000000edd00000,0x00000000edd00000)
  to   space 2560K, 0% used [0x00000000ed800000,0x00000000ed800000,0x00000000eda80000)
 ParOldGen       total 42496K, used 8309K [0x00000000c2a00000, 0x00000000c5380000, 0x00000000eb900000)
  object space 42496K, 19% used [0x00000000c2a00000,0x00000000c321d440,0x00000000c5380000)
 Metaspace       used 13682K, capacity 14062K, committed 14336K, reserved 1062912K
  class space    used 1565K, capacity 1667K, committed 1792K, reserved 1048576K
Event: 38.603 GC heap after
Heap after GC invocations=6 (full 1):
 PSYoungGen      total 34304K, used 2544K [0x00000000eb900000, 0x00000000efc00000, 0x0000000100000000)
  eden space 31744K, 0% used [0x00000000eb900000,0x00000000eb900000,0x00000000ed800000)
  from space 2560K, 99% used [0x00000000ed800000,0x00000000eda7c050,0x00000000eda80000)
  to   space 2560K, 0% used [0x00000000ef980000,0x00000000ef980000,0x00000000efc00000)
 ParOldGen       total 42496K, used 10473K [0x00000000c2a00000, 0x00000000c5380000, 0x00000000eb900000)
  object space 42496K, 24% used [0x00000000c2a00000,0x00000000c343a600,0x00000000c5380000)
 Metaspace       used 13682K, capacity 14062K, committed 14336K, reserved 1062912K
  class space    used 1565K, capacity 1667K, committed 1792K, reserved 1048576K
}
Event: 38.972 GC heap before
{Heap before GC invocations=7 (full 1):
 PSYoungGen      total 34304K, used 34288K [0x00000000eb900000, 0x00000000efc00000, 0x0000000100000000)
  eden space 31744K, 100% used [0x00000000eb900000,0x00000000ed800000,0x00000000ed800000)
  from space 2560K, 99% used [0x00000000ed800000,0x00000000eda7c050,0x00000000eda80000)
  to   space 2560K, 0% used [0x00000000ef980000,0x00000000ef980000,0x00000000efc00000)
 ParOldGen       total 42496K, used 10473K [0x00000000c2a00000, 0x00000000c5380000, 0x00000000eb900000)
  object space 42496K, 24% used [0x00000000c2a00000,0x00000000c343a600,0x00000000c5380000)
 Metaspace       used 13745K, capacity 14062K, committed 14336K, reserved 1062912K
  class space    used 1565K, capacity 1667K, committed 1792K, reserved 1048576K
Event: 38.991 GC heap after
Heap after GC invocations=7 (full 1):
 PSYoungGen      total 63488K, used 2528K [0x00000000eb900000, 0x00000000f0100000, 0x0000000100000000)
  eden space 60928K, 0% used [0x00000000eb900000,0x00000000eb900000,0x00000000ef480000)
  from space 2560K, 98% used [0x00000000ef980000,0x00000000efbf8090,0x00000000efc00000)
  to   space 5120K, 0% used [0x00000000ef480000,0x00000000ef480000,0x00000000ef980000)
 ParOldGen       total 42496K, used 12500K [0x00000000c2a00000, 0x00000000c5380000, 0x00000000eb900000)
  object space 42496K, 29% used [0x00000000c2a00000,0x00000000c36350b0,0x00000000c5380000)
 Metaspace       used 13745K, capacity 14062K, committed 14336K, reserved 1062912K
  class space    used 1565K, capacity 1667K, committed 1792K, reserved 1048576K
}
Event: 40.224 GC heap before
{Heap before GC invocations=8 (full 1):
 PSYoungGen      total 63488K, used 63456K [0x00000000eb900000, 0x00000000f0100000, 0x0000000100000000)
  eden space 60928K, 100% used [0x00000000eb900000,0x00000000ef480000,0x00000000ef480000)
  from space 2560K, 98% used [0x00000000ef980000,0x00000000efbf8090,0x00000000efc00000)
  to   space 5120K, 0% used [0x00000000ef480000,0x00000000ef480000,0x00000000ef980000)
 ParOldGen       total 42496K, used 12500K [0x00000000c2a00000, 0x00000000c5380000, 0x00000000eb900000)
  object space 42496K, 29% used [0x00000000c2a00000,0x00000000c36350b0,0x00000000c5380000)
 Metaspace       used 13781K, capacity 14126K, committed 14336K, reserved 1062912K
  class space    used 1565K, capacity 1667K, committed 1792K, reserved 1048576K
Event: 40.275 GC heap after
Heap after GC invocations=8 (full 1):
 PSYoungGen      total 66048K, used 5088K [0x00000000eb900000, 0x00000000f3d00000, 0x0000000100000000)
  eden space 60928K, 0% used [0x00000000eb900000,0x00000000eb900000,0x00000000ef480000)
  from space 5120K, 99% used [0x00000000ef480000,0x00000000ef9780a0,0x00000000ef980000)
  to   space 6656K, 0% used [0x00000000f3680000,0x00000000f3680000,0x00000000f3d00000)
 ParOldGen       total 42496K, used 14515K [0x00000000c2a00000, 0x00000000c5380000, 0x00000000eb900000)
  object space 42496K, 34% used [0x00000000c2a00000,0x00000000c382cf28,0x00000000c5380000)
 Metaspace       used 13781K, capacity 14126K, committed 14336K, reserved 1062912K
  class space    used 1565K, capacity 1667K, committed 1792K, reserved 1048576K
}
Event: 42.437 GC heap before
{Heap before GC invocations=9 (full 1):
 PSYoungGen      total 66048K, used 66016K [0x00000000eb900000, 0x00000000f3d00000, 0x0000000100000000)
  eden space 60928K, 100% used [0x00000000eb900000,0x00000000ef480000,0x00000000ef480000)
  from space 5120K, 99% used [0x00000000ef480000,0x00000000ef9780a0,0x00000000ef980000)
  to   space 6656K, 0% used [0x00000000f3680000,0x00000000f3680000,0x00000000f3d00000)
 ParOldGen       total 42496K, used 14515K [0x00000000c2a00000, 0x00000000c5380000, 0x00000000eb900000)
  object space 42496K, 34% used [0x00000000c2a00000,0x00000000c382cf28,0x00000000c5380000)
 Metaspace       used 14718K, capacity 15180K, committed 15360K, reserved 1062912K
  class space    used 1625K, capacity 1764K, committed 1792K, reserved 1048576K
Event: 42.476 GC heap after
Heap after GC invocations=9 (full 1):
 PSYoungGen      total 125952K, used 6624K [0x00000000eb900000, 0x00000000f4200000, 0x0000000100000000)
  eden space 119296K, 0% used [0x00000000eb900000,0x00000000eb900000,0x00000000f2d80000)
  from space 6656K, 99% used [0x00000000f3680000,0x00000000f3cf8120,0x00000000f3d00000)
  to   space 9216K, 0% used [0x00000000f2d80000,0x00000000f2d80000,0x00000000f3680000)
 ParOldGen       total 42496K, used 18827K [0x00000000c2a00000, 0x00000000c5380000, 0x00000000eb900000)
  object space 42496K, 44% used [0x00000000c2a00000,0x00000000c3c62d28,0x00000000c5380000)
 Metaspace       used 14718K, capacity 15180K, committed 15360K, reserved 1062912K
  class space    used 1625K, capacity 1764K, committed 1792K, reserved 1048576K
}
Event: 70.229 GC heap before
{Heap before GC invocations=10 (full 1):
 PSYoungGen      total 125952K, used 125920K [0x00000000eb900000, 0x00000000f4200000, 0x0000000100000000)
  eden space 119296K, 100% used [0x00000000eb900000,0x00000000f2d80000,0x00000000f2d80000)
  from space 6656K, 99% used [0x00000000f3680000,0x00000000f3cf8120,0x00000000f3d00000)
  to   space 9216K, 0% used [0x00000000f2d80000,0x00000000f2d80000,0x00000000f3680000)
 ParOldGen       total 42496K, used 18827K [0x00000000c2a00000, 0x00000000c5380000, 0x00000000eb900000)
  object space 42496K, 44% used [0x00000000c2a00000,0x00000000c3c62d28,0x00000000c5380000)
 Metaspace       used 14965K, capacity 15474K, committed 15616K, reserved 1062912K
  class space    used 1639K, capacity 1779K, committed 1792K, reserved 1048576K

