# JRE version: Java(TM) SE Runtime Environment (8.0_201-b09) (build 1.8.0_201-b09)
# Java VM: Java HotSpot(TM) 64-Bit Server VM (25.201-b09 mixed mode linux-amd64 compressed oops)
Heap:
 PSYoungGen      total 298496K, used 0K [0x00000000eb900000, 0x0000000100000000, 0x0000000100000000)
  eden space 274432K, 0% used [0x00000000eb900000,0x00000000eb900000,0x00000000fc500000)
  from space 24064K, 0% used [0x00000000fe880000,0x00000000fe880000,0x0000000100000000)
  to   space 30208K, 0% used [0x00000000fc500000,0x00000000fc500000,0x00000000fe280000)
 ParOldGen       total 80896K, used 78433K [0x00000000c2a00000, 0x00000000c7900000, 0x00000000eb900000)
  object space 80896K, 96% used [0x00000000c2a00000,0x00000000c7698608,0x00000000c7900000)
 Metaspace       used 31165K, capacity 31830K, committed 32128K, reserved 1077248K
  class space    used 3201K, capacity 3389K, committed 3456K, reserved 1048576K
GC Heap History (10 events):
Event: 121.229 GC heap after
Heap after GC invocations=46 (full 2):
 PSYoungGen      total 313856K, used 14832K [0x00000000eb900000, 0x0000000100000000, 0x0000000100000000)
  eden space 294912K, 0% used [0x00000000eb900000,0x00000000eb900000,0x00000000fd900000)
  from space 18944K, 78% used [0x00000000fed80000,0x00000000ffbfc130,0x0000000100000000)
  to   space 19968K, 0% used [0x00000000fd900000,0x00000000fd900000,0x00000000fec80000)
 ParOldGen       total 80896K, used 72860K [0x00000000c2a00000, 0x00000000c7900000, 0x00000000eb900000)
  object space 80896K, 90% used [0x00000000c2a00000,0x00000000c71272b0,0x00000000c7900000)
 Metaspace       used 25217K, capacity 25942K, committed 26112K, reserved 1073152K
  class space    used 2550K, capacity 2749K, committed 2816K, reserved 1048576K
}
Event: 123.949 GC heap before
{Heap before GC invocations=47 (full 2):
 PSYoungGen      total 313856K, used 309744K [0x00000000eb900000, 0x0000000100000000, 0x0000000100000000)
  eden space 294912K, 100% used [0x00000000eb900000,0x00000000fd900000,0x00000000fd900000)
  from space 18944K, 78% used [0x00000000fed80000,0x00000000ffbfc130,0x0000000100000000)
  to   space 19968K, 0% used [0x00000000fd900000,0x00000000fd900000,0x00000000fec80000)
 ParOldGen       total 80896K, used 72860K [0x00000000c2a00000, 0x00000000c7900000, 0x00000000eb900000)
  object space 80896K, 90% used [0x00000000c2a00000,0x00000000c71272b0,0x00000000c7900000)
 Metaspace       used 25218K, capacity 25942K, committed 26112K, reserved 1073152K
  class space    used 2550K, capacity 2749K, committed 2816K, reserved 1048576K
Event: 123.964 GC heap after
Heap after GC invocations=47 (full 2):
 PSYoungGen      total 310272K, used 15152K [0x00000000eb900000, 0x0000000100000000, 0x0000000100000000)
  eden space 294912K, 0% used [0x00000000eb900000,0x00000000eb900000,0x00000000fd900000)
  from space 15360K, 98% used [0x00000000fd900000,0x00000000fe7cc150,0x00000000fe800000)
  to   space 20992K, 0% used [0x00000000feb80000,0x00000000feb80000,0x0000000100000000)
 ParOldGen       total 80896K, used 72908K [0x00000000c2a00000, 0x00000000c7900000, 0x00000000eb900000)
  object space 80896K, 90% used [0x00000000c2a00000,0x00000000c71332b0,0x00000000c7900000)
 Metaspace       used 25218K, capacity 25942K, committed 26112K, reserved 1073152K
  class space    used 2550K, capacity 2749K, committed 2816K, reserved 1048576K
}
Event: 143.646 GC heap before
{Heap before GC invocations=48 (full 2):
 PSYoungGen      total 310272K, used 310064K [0x00000000eb900000, 0x0000000100000000, 0x0000000100000000)
  eden space 294912K, 100% used [0x00000000eb900000,0x00000000fd900000,0x00000000fd900000)
  from space 15360K, 98% used [0x00000000fd900000,0x00000000fe7cc150,0x00000000fe800000)
  to   space 20992K, 0% used [0x00000000feb80000,0x00000000feb80000,0x0000000100000000)
 ParOldGen       total 80896K, used 72908K [0x00000000c2a00000, 0x00000000c7900000, 0x00000000eb900000)
  object space 80896K, 90% used [0x00000000c2a00000,0x00000000c71332b0,0x00000000c7900000)
 Metaspace       used 25343K, capacity 26006K, committed 26112K, reserved 1073152K
  class space    used 2550K, capacity 2749K, committed 2816K, reserved 1048576K
Event: 143.682 GC heap after
Heap after GC invocations=48 (full 2):
 PSYoungGen      total 310784K, used 17264K [0x00000000eb900000, 0x0000000100000000, 0x0000000100000000)
  eden space 289792K, 0% used [0x00000000eb900000,0x00000000eb900000,0x00000000fd400000)
  from space 20992K, 82% used [0x00000000feb80000,0x00000000ffc5c190,0x0000000100000000)
  to   space 22528K, 0% used [0x00000000fd400000,0x00000000fd400000,0x00000000fea00000)
 ParOldGen       total 80896K, used 72924K [0x00000000c2a00000, 0x00000000c7900000, 0x00000000eb900000)
  object space 80896K, 90% used [0x00000000c2a00000,0x00000000c71372b0,0x00000000c7900000)
 Metaspace       used 25343K, capacity 26006K, committed 26112K, reserved 1073152K
  class space    used 2550K, capacity 2749K, committed 2816K, reserved 1048576K
}
Event: 152.807 GC heap before
{Heap before GC invocations=49 (full 2):
 PSYoungGen      total 310784K, used 307056K [0x00000000eb900000, 0x0000000100000000, 0x0000000100000000)
  eden space 289792K, 100% used [0x00000000eb900000,0x00000000fd400000,0x00000000fd400000)
  from space 20992K, 82% used [0x00000000feb80000,0x00000000ffc5c190,0x0000000100000000)
  to   space 22528K, 0% used [0x00000000fd400000,0x00000000fd400000,0x00000000fea00000)
 ParOldGen       total 80896K, used 72924K [0x00000000c2a00000, 0x00000000c7900000, 0x00000000eb900000)
  object space 80896K, 90% used [0x00000000c2a00000,0x00000000c71372b0,0x00000000c7900000)
 Metaspace       used 25411K, capacity 26070K, committed 26368K, reserved 1073152K
  class space    used 2550K, capacity 2749K, committed 2816K, reserved 1048576K
Event: 153.025 GC heap after
Heap after GC invocations=49 (full 2):
 PSYoungGen      total 308224K, used 18064K [0x00000000eb900000, 0x0000000100000000, 0x0000000100000000)
  eden space 289792K, 0% used [0x00000000eb900000,0x00000000eb900000,0x00000000fd400000)
  from space 18432K, 98% used [0x00000000fd400000,0x00000000fe5a41d0,0x00000000fe600000)
  to   space 24064K, 0% used [0x00000000fe880000,0x00000000fe880000,0x0000000100000000)
 ParOldGen       total 80896K, used 72940K [0x00000000c2a00000, 0x00000000c7900000, 0x00000000eb900000)
  object space 80896K, 90% used [0x00000000c2a00000,0x00000000c713b2b0,0x00000000c7900000)
 Metaspace       used 25411K, capacity 26070K, committed 26368K, reserved 1073152K
  class space    used 2550K, capacity 2749K, committed 2816K, reserved 1048576K
}
Event: 164.477 GC heap before
{Heap before GC invocations=50 (full 2):
 PSYoungGen      total 308224K, used 307856K [0x00000000eb900000, 0x0000000100000000, 0x0000000100000000)
  eden space 289792K, 100% used [0x00000000eb900000,0x00000000fd400000,0x00000000fd400000)
  from space 18432K, 98% used [0x00000000fd400000,0x00000000fe5a41d0,0x00000000fe600000)
  to   space 24064K, 0% used [0x00000000fe880000,0x00000000fe880000,0x0000000100000000)
 ParOldGen       total 80896K, used 72940K [0x00000000c2a00000, 0x00000000c7900000, 0x00000000eb900000)
  object space 80896K, 90% used [0x00000000c2a00000,0x00000000c713b2b0,0x00000000c7900000)
 Metaspace       used 31165K, capacity 31830K, committed 32128K, reserved 1077248K
  class space    used 3201K, capacity 3389K, committed 3456K, reserved 1048576K
Event: 164.592 GC heap after
Heap after GC invocations=50 (full 2):
 PSYoungGen      total 298496K, used 24048K [0x00000000eb900000, 0x0000000100000000, 0x0000000100000000)
  eden space 274432K, 0% used [0x00000000eb900000,0x00000000eb900000,0x00000000fc500000)
  from space 24064K, 99% used [0x00000000fe880000,0x00000000ffffc090,0x0000000100000000)
  to   space 30208K, 0% used [0x00000000fc500000,0x00000000fc500000,0x00000000fe280000)
 ParOldGen       total 80896K, used 80771K [0x00000000c2a00000, 0x00000000c7900000, 0x00000000eb900000)
  object space 80896K, 99% used [0x00000000c2a00000,0x00000000c78e0f08,0x00000000c7900000)
 Metaspace       used 31165K, capacity 31830K, committed 32128K, reserved 1077248K
  class space    used 3201K, capacity 3389K, committed 3456K, reserved 1048576K
}
Event: 164.592 GC heap before
{Heap before GC invocations=51 (full 3):
 PSYoungGen      total 298496K, used 24048K [0x00000000eb900000, 0x0000000100000000, 0x0000000100000000)
  eden space 274432K, 0% used [0x00000000eb900000,0x00000000eb900000,0x00000000fc500000)
  from space 24064K, 99% used [0x00000000fe880000,0x00000000ffffc090,0x0000000100000000)
  to   space 30208K, 0% used [0x00000000fc500000,0x00000000fc500000,0x00000000fe280000)
 ParOldGen       total 80896K, used 80771K [0x00000000c2a00000, 0x00000000c7900000, 0x00000000eb900000)
  object space 80896K, 99% used [0x00000000c2a00000,0x00000000c78e0f08,0x00000000c7900000)
 Metaspace       used 31165K, capacity 31830K, committed 32128K, reserved 1077248K
  class space    used 3201K, capacity 3389K, committed 3456K, reserved 1048576K

