# JRE version: Java(TM) SE Runtime Environment (8.0_201-b09) (build 1.8.0_201-b09)
# Java VM: Java HotSpot(TM) 64-Bit Server VM (25.201-b09 mixed mode linux-amd64 compressed oops)
Heap:
 PSYoungGen      total 128000K, used 9220K [0x00000000eb900000, 0x00000000f4200000, 0x0000000100000000)
  eden space 118272K, 0% used [0x00000000eb900000,0x00000000eb900000,0x00000000f2c80000)
  from space 9728K, 94% used [0x00000000f2c80000,0x00000000f3581278,0x00000000f3600000)
  to   space 7168K, 0% used [0x00000000f3600000,0x00000000f3600000,0x00000000f3d00000)
 ParOldGen       total 42496K, used 15485K [0x00000000c2a00000, 0x00000000c5380000, 0x00000000eb900000)
  object space 42496K, 36% used [0x00000000c2a00000,0x00000000c391f458,0x00000000c5380000)
 Metaspace       used 14935K, capacity 15410K, committed 15616K, reserved 1062912K
  class space    used 1640K, capacity 1779K, committed 1792K, reserved 1048576K
GC Heap History (10 events):
Event: 37.388 GC heap after
Heap after GC invocations=5 (full 1):
 PSYoungGen      total 34304K, used 2534K [0x00000000eb900000, 0x00000000edd00000, 0x0000000100000000)
  eden space 31744K, 0% used [0x00000000eb900000,0x00000000eb900000,0x00000000ed800000)
  from space 2560K, 98% used [0x00000000eda80000,0x00000000edcf9820,0x00000000edd00000)
  to   space 2560K, 0% used [0x00000000ed800000,0x00000000ed800000,0x00000000eda80000)
 ParOldGen       total 42496K, used 5739K [0x00000000c2a00000, 0x00000000c5380000, 0x00000000eb900000)
  object space 42496K, 13% used [0x00000000c2a00000,0x00000000c2f9ad08,0x00000000c5380000)
 Metaspace       used 13645K, capacity 13990K, committed 14080K, reserved 1060864K
  class space    used 1585K, capacity 1703K, committed 1792K, reserved 1048576K
}
Event: 39.283 GC heap before
{Heap before GC invocations=6 (full 1):
 PSYoungGen      total 34304K, used 34278K [0x00000000eb900000, 0x00000000edd00000, 0x0000000100000000)
  eden space 31744K, 100% used [0x00000000eb900000,0x00000000ed800000,0x00000000ed800000)
  from space 2560K, 98% used [0x00000000eda80000,0x00000000edcf9820,0x00000000edd00000)
  to   space 2560K, 0% used [0x00000000ed800000,0x00000000ed800000,0x00000000eda80000)
 ParOldGen       total 42496K, used 5739K [0x00000000c2a00000, 0x00000000c5380000, 0x00000000eb900000)
  object space 42496K, 13% used [0x00000000c2a00000,0x00000000c2f9ad08,0x00000000c5380000)
 Metaspace       used 13733K, capacity 14118K, committed 14336K, reserved 1062912K
  class space    used 1585K, capacity 1703K, committed 1792K, reserved 1048576K
Event: 39.301 GC heap after
Heap after GC invocations=6 (full 1):
 PSYoungGen      total 34304K, used 2535K [0x00000000eb900000, 0x00000000efc00000, 0x0000000100000000)
  eden space 31744K, 0% used [0x00000000eb900000,0x00000000eb900000,0x00000000ed800000)
  from space 2560K, 99% used [0x00000000ed800000,0x00000000eda79f88,0x00000000eda80000)
  to   space 2560K, 0% used [0x00000000ef980000,0x00000000ef980000,0x00000000efc00000)
 ParOldGen       total 42496K, used 8119K [0x00000000c2a00000, 0x00000000c5380000, 0x00000000eb900000)
  object space 42496K, 19% used [0x00000000c2a00000,0x00000000c31ede28,0x00000000c5380000)
 Metaspace       used 13733K, capacity 14118K, committed 14336K, reserved 1062912K
  class space    used 1585K, capacity 1703K, committed 1792K, reserved 1048576K
}
Event: 39.705 GC heap before
{Heap before GC invocations=7 (full 1):
 PSYoungGen      total 34304K, used 34279K [0x00000000eb900000, 0x00000000efc00000, 0x0000000100000000)
  eden space 31744K, 100% used [0x00000000eb900000,0x00000000ed800000,0x00000000ed800000)
  from space 2560K, 99% used [0x00000000ed800000,0x00000000eda79f88,0x00000000eda80000)
  to   space 2560K, 0% used [0x00000000ef980000,0x00000000ef980000,0x00000000efc00000)
 ParOldGen       total 42496K, used 8119K [0x00000000c2a00000, 0x00000000c5380000, 0x00000000eb900000)
  object space 42496K, 19% used [0x00000000c2a00000,0x00000000c31ede28,0x00000000c5380000)
 Metaspace       used 13780K, capacity 14182K, committed 14336K, reserved 1062912K
  class space    used 1585K, capacity 1703K, committed 1792K, reserved 1048576K
Event: 39.719 GC heap after
Heap after GC invocations=7 (full 1):
 PSYoungGen      total 62976K, used 2560K [0x00000000eb900000, 0x00000000f0200000, 0x0000000100000000)
  eden space 60416K, 0% used [0x00000000eb900000,0x00000000eb900000,0x00000000ef400000)
  from space 2560K, 100% used [0x00000000ef980000,0x00000000efc00000,0x00000000efc00000)
  to   space 5632K, 0% used [0x00000000ef400000,0x00000000ef400000,0x00000000ef980000)
 ParOldGen       total 42496K, used 10015K [0x00000000c2a00000, 0x00000000c5380000, 0x00000000eb900000)
  object space 42496K, 23% used [0x00000000c2a00000,0x00000000c33c7f70,0x00000000c5380000)
 Metaspace       used 13780K, capacity 14182K, committed 14336K, reserved 1062912K
  class space    used 1585K, capacity 1703K, committed 1792K, reserved 1048576K
}
Event: 40.587 GC heap before
{Heap before GC invocations=8 (full 1):
 PSYoungGen      total 62976K, used 62976K [0x00000000eb900000, 0x00000000f0200000, 0x0000000100000000)
  eden space 60416K, 100% used [0x00000000eb900000,0x00000000ef400000,0x00000000ef400000)
  from space 2560K, 100% used [0x00000000ef980000,0x00000000efc00000,0x00000000efc00000)
  to   space 5632K, 0% used [0x00000000ef400000,0x00000000ef400000,0x00000000ef980000)
 ParOldGen       total 42496K, used 10015K [0x00000000c2a00000, 0x00000000c5380000, 0x00000000eb900000)
  object space 42496K, 23% used [0x00000000c2a00000,0x00000000c33c7f70,0x00000000c5380000)
 Metaspace       used 13862K, capacity 14246K, committed 14336K, reserved 1062912K
  class space    used 1585K, capacity 1703K, committed 1792K, reserved 1048576K
Event: 40.610 GC heap after
Heap after GC invocations=8 (full 1):
 PSYoungGen      total 66048K, used 5632K [0x00000000eb900000, 0x00000000f3d00000, 0x0000000100000000)
  eden space 60416K, 0% used [0x00000000eb900000,0x00000000eb900000,0x00000000ef400000)
  from space 5632K, 100% used [0x00000000ef400000,0x00000000ef980000,0x00000000ef980000)
  to   space 7168K, 0% used [0x00000000f3600000,0x00000000f3600000,0x00000000f3d00000)
 ParOldGen       total 42496K, used 11507K [0x00000000c2a00000, 0x00000000c5380000, 0x00000000eb900000)
  object space 42496K, 27% used [0x00000000c2a00000,0x00000000c353ced0,0x00000000c5380000)
 Metaspace       used 13862K, capacity 14246K, committed 14336K, reserved 1062912K
  class space    used 1585K, capacity 1703K, committed 1792K, reserved 1048576K
}
Event: 41.487 GC heap before
{Heap before GC invocations=9 (full 1):
 PSYoungGen      total 66048K, used 66048K [0x00000000eb900000, 0x00000000f3d00000, 0x0000000100000000)
  eden space 60416K, 100% used [0x00000000eb900000,0x00000000ef400000,0x00000000ef400000)
  from space 5632K, 100% used [0x00000000ef400000,0x00000000ef980000,0x00000000ef980000)
  to   space 7168K, 0% used [0x00000000f3600000,0x00000000f3600000,0x00000000f3d00000)
 ParOldGen       total 42496K, used 11507K [0x00000000c2a00000, 0x00000000c5380000, 0x00000000eb900000)
  object space 42496K, 27% used [0x00000000c2a00000,0x00000000c353ced0,0x00000000c5380000)
 Metaspace       used 14348K, capacity 14714K, committed 14848K, reserved 1062912K
  class space    used 1594K, capacity 1709K, committed 1792K, reserved 1048576K
Event: 41.566 GC heap after
Heap after GC invocations=9 (full 1):
 PSYoungGen      total 125440K, used 7140K [0x00000000eb900000, 0x00000000f4200000, 0x0000000100000000)
  eden space 118272K, 0% used [0x00000000eb900000,0x00000000eb900000,0x00000000f2c80000)
  from space 7168K, 99% used [0x00000000f3600000,0x00000000f3cf9278,0x00000000f3d00000)
  to   space 9728K, 0% used [0x00000000f2c80000,0x00000000f2c80000,0x00000000f3600000)
 ParOldGen       total 42496K, used 15021K [0x00000000c2a00000, 0x00000000c5380000, 0x00000000eb900000)
  object space 42496K, 35% used [0x00000000c2a00000,0x00000000c38ab458,0x00000000c5380000)
 Metaspace       used 14348K, capacity 14714K, committed 14848K, reserved 1062912K
  class space    used 1594K, capacity 1709K, committed 1792K, reserved 1048576K
}
Event: 80.348 GC heap before
{Heap before GC invocations=10 (full 1):
 PSYoungGen      total 125440K, used 125412K [0x00000000eb900000, 0x00000000f4200000, 0x0000000100000000)
  eden space 118272K, 100% used [0x00000000eb900000,0x00000000f2c80000,0x00000000f2c80000)
  from space 7168K, 99% used [0x00000000f3600000,0x00000000f3cf9278,0x00000000f3d00000)
  to   space 9728K, 0% used [0x00000000f2c80000,0x00000000f2c80000,0x00000000f3600000)
 ParOldGen       total 42496K, used 15021K [0x00000000c2a00000, 0x00000000c5380000, 0x00000000eb900000)
  object space 42496K, 35% used [0x00000000c2a00000,0x00000000c38ab458,0x00000000c5380000)
 Metaspace       used 14935K, capacity 15410K, committed 15616K, reserved 1062912K
  class space    used 1640K, capacity 1779K, committed 1792K, reserved 1048576K

