# JRE version: Java(TM) SE Runtime Environment (8.0_201-b09) (build 1.8.0_201-b09)
# Java VM: Java HotSpot(TM) 64-Bit Server VM (25.201-b09 mixed mode linux-amd64 compressed oops)
Heap:
 PSYoungGen      total 223232K, used 0K [0x00000000eb900000, 0x0000000100000000, 0x0000000100000000)
  eden space 111616K, 0% used [0x00000000eb900000,0x00000000eb900000,0x00000000f2600000)
  from space 111616K, 0% used [0x00000000f2600000,0x00000000f2600000,0x00000000f9300000)
  to   space 111616K, 50% used [0x00000000f9300000,0x00000000fca7a800,0x0000000100000000)
 ParOldGen       total 200192K, used 199729K [0x00000000c2a00000, 0x00000000ced80000, 0x00000000eb900000)
  object space 200192K, 99% used [0x00000000c2a00000,0x00000000ced0c448,0x00000000ced80000)
 Metaspace       used 36733K, capacity 38292K, committed 38528K, reserved 1083392K
  class space    used 3657K, capacity 4176K, committed 4224K, reserved 1048576K
GC Heap History (10 events):
Event: 159.721 GC heap after
Heap after GC invocations=88 (full 4):
 PSYoungGen      total 223232K, used 91103K [0x00000000eb900000, 0x0000000100000000, 0x0000000100000000)
  eden space 111616K, 0% used [0x00000000eb900000,0x00000000eb900000,0x00000000f2600000)
  from space 111616K, 81% used [0x00000000f9300000,0x00000000febf7f80,0x0000000100000000)
  to   space 111616K, 0% used [0x00000000f2600000,0x00000000f2600000,0x00000000f9300000)
 ParOldGen       total 193536K, used 161620K [0x00000000c2a00000, 0x00000000ce700000, 0x00000000eb900000)
  object space 193536K, 83% used [0x00000000c2a00000,0x00000000cc7d5358,0x00000000ce700000)
 Metaspace       used 32586K, capacity 33734K, committed 34048K, reserved 1079296K
  class space    used 3264K, capacity 3545K, committed 3584K, reserved 1048576K
}
Event: 160.965 GC heap before
{Heap before GC invocations=89 (full 4):
 PSYoungGen      total 223232K, used 202719K [0x00000000eb900000, 0x0000000100000000, 0x0000000100000000)
  eden space 111616K, 100% used [0x00000000eb900000,0x00000000f2600000,0x00000000f2600000)
  from space 111616K, 81% used [0x00000000f9300000,0x00000000febf7f80,0x0000000100000000)
  to   space 111616K, 0% used [0x00000000f2600000,0x00000000f2600000,0x00000000f9300000)
 ParOldGen       total 193536K, used 161620K [0x00000000c2a00000, 0x00000000ce700000, 0x00000000eb900000)
  object space 193536K, 83% used [0x00000000c2a00000,0x00000000cc7d5358,0x00000000ce700000)
 Metaspace       used 32622K, capacity 33734K, committed 34048K, reserved 1079296K
  class space    used 3264K, capacity 3545K, committed 3584K, reserved 1048576K
Event: 161.073 GC heap after
Heap after GC invocations=89 (full 4):
 PSYoungGen      total 223232K, used 93446K [0x00000000eb900000, 0x0000000100000000, 0x0000000100000000)
  eden space 111616K, 0% used [0x00000000eb900000,0x00000000eb900000,0x00000000f2600000)
  from space 111616K, 83% used [0x00000000f2600000,0x00000000f81418f0,0x00000000f9300000)
  to   space 111616K, 0% used [0x00000000f9300000,0x00000000f9300000,0x0000000100000000)
 ParOldGen       total 193536K, used 164676K [0x00000000c2a00000, 0x00000000ce700000, 0x00000000eb900000)
  object space 193536K, 85% used [0x00000000c2a00000,0x00000000ccad13f8,0x00000000ce700000)
 Metaspace       used 32622K, capacity 33734K, committed 34048K, reserved 1079296K
  class space    used 3264K, capacity 3545K, committed 3584K, reserved 1048576K
}
Event: 162.405 GC heap before
{Heap before GC invocations=90 (full 4):
 PSYoungGen      total 223232K, used 205062K [0x00000000eb900000, 0x0000000100000000, 0x0000000100000000)
  eden space 111616K, 100% used [0x00000000eb900000,0x00000000f2600000,0x00000000f2600000)
  from space 111616K, 83% used [0x00000000f2600000,0x00000000f81418f0,0x00000000f9300000)
  to   space 111616K, 0% used [0x00000000f9300000,0x00000000f9300000,0x0000000100000000)
 ParOldGen       total 193536K, used 164676K [0x00000000c2a00000, 0x00000000ce700000, 0x00000000eb900000)
  object space 193536K, 85% used [0x00000000c2a00000,0x00000000ccad13f8,0x00000000ce700000)
 Metaspace       used 32702K, capacity 33798K, committed 34048K, reserved 1079296K
  class space    used 3264K, capacity 3545K, committed 3584K, reserved 1048576K
Event: 162.534 GC heap after
Heap after GC invocations=90 (full 4):
 PSYoungGen      total 223232K, used 89294K [0x00000000eb900000, 0x0000000100000000, 0x0000000100000000)
  eden space 111616K, 0% used [0x00000000eb900000,0x00000000eb900000,0x00000000f2600000)
  from space 111616K, 80% used [0x00000000f9300000,0x00000000fea33a00,0x0000000100000000)
  to   space 111616K, 0% used [0x00000000f2600000,0x00000000f2600000,0x00000000f9300000)
 ParOldGen       total 193536K, used 175784K [0x00000000c2a00000, 0x00000000ce700000, 0x00000000eb900000)
  object space 193536K, 90% used [0x00000000c2a00000,0x00000000cd5aa3f8,0x00000000ce700000)
 Metaspace       used 32702K, capacity 33798K, committed 34048K, reserved 1079296K
  class space    used 3264K, capacity 3545K, committed 3584K, reserved 1048576K
}
Event: 164.733 GC heap before
{Heap before GC invocations=91 (full 4):
 PSYoungGen      total 223232K, used 200910K [0x00000000eb900000, 0x0000000100000000, 0x0000000100000000)
  eden space 111616K, 100% used [0x00000000eb900000,0x00000000f2600000,0x00000000f2600000)
  from space 111616K, 80% used [0x00000000f9300000,0x00000000fea33a00,0x0000000100000000)
  to   space 111616K, 0% used [0x00000000f2600000,0x00000000f2600000,0x00000000f9300000)
 ParOldGen       total 193536K, used 175784K [0x00000000c2a00000, 0x00000000ce700000, 0x00000000eb900000)
  object space 193536K, 90% used [0x00000000c2a00000,0x00000000cd5aa3f8,0x00000000ce700000)
 Metaspace       used 35659K, capacity 36994K, committed 37376K, reserved 1083392K
  class space    used 3599K, capacity 3974K, committed 4096K, reserved 1048576K
Event: 164.829 GC heap after
Heap after GC invocations=91 (full 4):
 PSYoungGen      total 223232K, used 88892K [0x00000000eb900000, 0x0000000100000000, 0x0000000100000000)
  eden space 111616K, 0% used [0x00000000eb900000,0x00000000eb900000,0x00000000f2600000)
  from space 111616K, 79% used [0x00000000f2600000,0x00000000f7ccf2c8,0x00000000f9300000)
  to   space 111616K, 0% used [0x00000000f9300000,0x00000000f9300000,0x0000000100000000)
 ParOldGen       total 193536K, used 177542K [0x00000000c2a00000, 0x00000000ce700000, 0x00000000eb900000)
  object space 193536K, 91% used [0x00000000c2a00000,0x00000000cd7619c0,0x00000000ce700000)
 Metaspace       used 35659K, capacity 36994K, committed 37376K, reserved 1083392K
  class space    used 3599K, capacity 3974K, committed 4096K, reserved 1048576K
}
Event: 166.178 GC heap before
{Heap before GC invocations=92 (full 4):
 PSYoungGen      total 223232K, used 200508K [0x00000000eb900000, 0x0000000100000000, 0x0000000100000000)
  eden space 111616K, 100% used [0x00000000eb900000,0x00000000f2600000,0x00000000f2600000)
  from space 111616K, 79% used [0x00000000f2600000,0x00000000f7ccf2c8,0x00000000f9300000)
  to   space 111616K, 0% used [0x00000000f9300000,0x00000000f9300000,0x0000000100000000)
 ParOldGen       total 193536K, used 177542K [0x00000000c2a00000, 0x00000000ce700000, 0x00000000eb900000)
  object space 193536K, 91% used [0x00000000c2a00000,0x00000000cd7619c0,0x00000000ce700000)
 Metaspace       used 36733K, capacity 38292K, committed 38528K, reserved 1083392K
  class space    used 3657K, capacity 4176K, committed 4224K, reserved 1048576K
Event: 166.338 GC heap after
Heap after GC invocations=92 (full 4):
 PSYoungGen      total 223232K, used 200508K [0x00000000eb900000, 0x0000000100000000, 0x0000000100000000)
  eden space 111616K, 100% used [0x00000000eb900000,0x00000000f2600000,0x00000000f2600000)
  from space 111616K, 79% used [0x00000000f2600000,0x00000000f7ccf2c8,0x00000000f9300000)
  to   space 111616K, 61% used [0x00000000f9300000,0x00000000fd633498,0x0000000100000000)
 ParOldGen       total 200192K, used 199330K [0x00000000c2a00000, 0x00000000ced80000, 0x00000000eb900000)
  object space 200192K, 99% used [0x00000000c2a00000,0x00000000ceca8908,0x00000000ced80000)
 Metaspace       used 36733K, capacity 38292K, committed 38528K, reserved 1083392K
  class space    used 3657K, capacity 4176K, committed 4224K, reserved 1048576K
}
Event: 166.338 GC heap before
{Heap before GC invocations=93 (full 5):
 PSYoungGen      total 223232K, used 200508K [0x00000000eb900000, 0x0000000100000000, 0x0000000100000000)
  eden space 111616K, 100% used [0x00000000eb900000,0x00000000f2600000,0x00000000f2600000)
  from space 111616K, 79% used [0x00000000f2600000,0x00000000f7ccf2c8,0x00000000f9300000)
  to   space 111616K, 61% used [0x00000000f9300000,0x00000000fd633498,0x0000000100000000)
 ParOldGen       total 200192K, used 199330K [0x00000000c2a00000, 0x00000000ced80000, 0x00000000eb900000)
  object space 200192K, 99% used [0x00000000c2a00000,0x00000000ceca8908,0x00000000ced80000)
 Metaspace       used 36733K, capacity 38292K, committed 38528K, reserved 1083392K
  class space    used 3657K, capacity 4176K, committed 4224K, reserved 1048576K

