# JRE version: Java(TM) SE Runtime Environment (8.0_201-b09) (build 1.8.0_201-b09)
# Java VM: Java HotSpot(TM) 64-Bit Server VM (25.201-b09 mixed mode linux-amd64 compressed oops)
Heap:
 PSYoungGen      total 239616K, used 25501K [0x00000000eb900000, 0x00000000fca80000, 0x0000000100000000)
  eden space 212992K, 0% used [0x00000000eb900000,0x00000000eb900000,0x00000000f8900000)
  from space 26624K, 95% used [0x00000000fb080000,0x00000000fc967728,0x00000000fca80000)
  to   space 21504K, 0% used [0x00000000f8900000,0x00000000f8900000,0x00000000f9e00000)
 ParOldGen       total 74240K, used 56633K [0x00000000c2a00000, 0x00000000c7280000, 0x00000000eb900000)
  object space 74240K, 76% used [0x00000000c2a00000,0x00000000c614e690,0x00000000c7280000)
 Metaspace       used 23266K, capacity 23976K, committed 24192K, reserved 1071104K
  class space    used 2485K, capacity 2676K, committed 2688K, reserved 1048576K
GC Heap History (10 events):
Event: 15.974 GC heap after
Heap after GC invocations=11 (full 2):
 PSYoungGen      total 128000K, used 0K [0x00000000eb900000, 0x00000000fc400000, 0x0000000100000000)
  eden space 118784K, 0% used [0x00000000eb900000,0x00000000eb900000,0x00000000f2d00000)
  from space 9216K, 0% used [0x00000000f2d00000,0x00000000f2d00000,0x00000000f3600000)
  to   space 17920K, 0% used [0x00000000fb280000,0x00000000fb280000,0x00000000fc400000)
 ParOldGen       total 74240K, used 37968K [0x00000000c2a00000, 0x00000000c7280000, 0x00000000eb900000)
  object space 74240K, 51% used [0x00000000c2a00000,0x00000000c4f142d0,0x00000000c7280000)
 Metaspace       used 19074K, capacity 19386K, committed 19712K, reserved 1067008K
  class space    used 2135K, capacity 2226K, committed 2304K, reserved 1048576K
}
Event: 20.030 GC heap before
{Heap before GC invocations=12 (full 2):
 PSYoungGen      total 128000K, used 118784K [0x00000000eb900000, 0x00000000fc400000, 0x0000000100000000)
  eden space 118784K, 100% used [0x00000000eb900000,0x00000000f2d00000,0x00000000f2d00000)
  from space 9216K, 0% used [0x00000000f2d00000,0x00000000f2d00000,0x00000000f3600000)
  to   space 17920K, 0% used [0x00000000fb280000,0x00000000fb280000,0x00000000fc400000)
 ParOldGen       total 74240K, used 37968K [0x00000000c2a00000, 0x00000000c7280000, 0x00000000eb900000)
  object space 74240K, 51% used [0x00000000c2a00000,0x00000000c4f142d0,0x00000000c7280000)
 Metaspace       used 21342K, capacity 21798K, committed 22016K, reserved 1069056K
  class space    used 2352K, capacity 2501K, committed 2560K, reserved 1048576K
Event: 20.079 GC heap after
Heap after GC invocations=12 (full 2):
 PSYoungGen      total 155136K, used 12834K [0x00000000eb900000, 0x00000000fbf80000, 0x0000000100000000)
  eden space 141824K, 0% used [0x00000000eb900000,0x00000000eb900000,0x00000000f4380000)
  from space 13312K, 96% used [0x00000000fb280000,0x00000000fbf08840,0x00000000fbf80000)
  to   space 18944K, 0% used [0x00000000f9a80000,0x00000000f9a80000,0x00000000fad00000)
 ParOldGen       total 74240K, used 37976K [0x00000000c2a00000, 0x00000000c7280000, 0x00000000eb900000)
  object space 74240K, 51% used [0x00000000c2a00000,0x00000000c4f162d0,0x00000000c7280000)
 Metaspace       used 21342K, capacity 21798K, committed 22016K, reserved 1069056K
  class space    used 2352K, capacity 2501K, committed 2560K, reserved 1048576K
}
Event: 23.424 GC heap before
{Heap before GC invocations=13 (full 2):
 PSYoungGen      total 155136K, used 154658K [0x00000000eb900000, 0x00000000fbf80000, 0x0000000100000000)
  eden space 141824K, 100% used [0x00000000eb900000,0x00000000f4380000,0x00000000f4380000)
  from space 13312K, 96% used [0x00000000fb280000,0x00000000fbf08840,0x00000000fbf80000)
  to   space 18944K, 0% used [0x00000000f9a80000,0x00000000f9a80000,0x00000000fad00000)
 ParOldGen       total 74240K, used 37976K [0x00000000c2a00000, 0x00000000c7280000, 0x00000000eb900000)
  object space 74240K, 51% used [0x00000000c2a00000,0x00000000c4f162d0,0x00000000c7280000)
 Metaspace       used 22144K, capacity 22562K, committed 22784K, reserved 1069056K
  class space    used 2403K, capacity 2541K, committed 2560K, reserved 1048576K
Event: 23.476 GC heap after
Heap after GC invocations=13 (full 2):
 PSYoungGen      total 179200K, used 11775K [0x00000000eb900000, 0x00000000fb300000, 0x0000000100000000)
  eden space 167424K, 0% used [0x00000000eb900000,0x00000000eb900000,0x00000000f5c80000)
  from space 11776K, 99% used [0x00000000f9a80000,0x00000000fa5ffd70,0x00000000fa600000)
  to   space 13312K, 0% used [0x00000000fa600000,0x00000000fa600000,0x00000000fb300000)
 ParOldGen       total 74240K, used 37984K [0x00000000c2a00000, 0x00000000c7280000, 0x00000000eb900000)
  object space 74240K, 51% used [0x00000000c2a00000,0x00000000c4f182d0,0x00000000c7280000)
 Metaspace       used 22144K, capacity 22562K, committed 22784K, reserved 1069056K
  class space    used 2403K, capacity 2541K, committed 2560K, reserved 1048576K
}
Event: 31.351 GC heap before
{Heap before GC invocations=14 (full 2):
 PSYoungGen      total 179200K, used 179199K [0x00000000eb900000, 0x00000000fb300000, 0x0000000100000000)
  eden space 167424K, 100% used [0x00000000eb900000,0x00000000f5c80000,0x00000000f5c80000)
  from space 11776K, 99% used [0x00000000f9a80000,0x00000000fa5ffd70,0x00000000fa600000)
  to   space 13312K, 0% used [0x00000000fa600000,0x00000000fa600000,0x00000000fb300000)
 ParOldGen       total 74240K, used 37984K [0x00000000c2a00000, 0x00000000c7280000, 0x00000000eb900000)
  object space 74240K, 51% used [0x00000000c2a00000,0x00000000c4f182d0,0x00000000c7280000)
 Metaspace       used 22884K, capacity 23564K, committed 23680K, reserved 1071104K
  class space    used 2470K, capacity 2634K, committed 2688K, reserved 1048576K
Event: 31.438 GC heap after
Heap after GC invocations=14 (full 2):
 PSYoungGen      total 207872K, used 13302K [0x00000000eb900000, 0x00000000fb300000, 0x0000000100000000)
  eden space 194560K, 0% used [0x00000000eb900000,0x00000000eb900000,0x00000000f7700000)
  from space 13312K, 99% used [0x00000000fa600000,0x00000000fb2fd870,0x00000000fb300000)
  to   space 21504K, 0% used [0x00000000f8900000,0x00000000f8900000,0x00000000f9e00000)
 ParOldGen       total 74240K, used 42178K [0x00000000c2a00000, 0x00000000c7280000, 0x00000000eb900000)
  object space 74240K, 56% used [0x00000000c2a00000,0x00000000c5330b30,0x00000000c7280000)
 Metaspace       used 22884K, capacity 23564K, committed 23680K, reserved 1071104K
  class space    used 2470K, capacity 2634K, committed 2688K, reserved 1048576K
}
Event: 37.621 GC heap before
{Heap before GC invocations=15 (full 2):
 PSYoungGen      total 207872K, used 207862K [0x00000000eb900000, 0x00000000fb300000, 0x0000000100000000)
  eden space 194560K, 100% used [0x00000000eb900000,0x00000000f7700000,0x00000000f7700000)
  from space 13312K, 99% used [0x00000000fa600000,0x00000000fb2fd870,0x00000000fb300000)
  to   space 21504K, 0% used [0x00000000f8900000,0x00000000f8900000,0x00000000f9e00000)
 ParOldGen       total 74240K, used 42178K [0x00000000c2a00000, 0x00000000c7280000, 0x00000000eb900000)
  object space 74240K, 56% used [0x00000000c2a00000,0x00000000c5330b30,0x00000000c7280000)
 Metaspace       used 23013K, capacity 23646K, committed 23936K, reserved 1071104K
  class space    used 2472K, capacity 2637K, committed 2688K, reserved 1048576K
Event: 37.764 GC heap after
Heap after GC invocations=15 (full 2):
 PSYoungGen      total 234496K, used 21472K [0x00000000eb900000, 0x00000000fca80000, 0x0000000100000000)
  eden space 212992K, 0% used [0x00000000eb900000,0x00000000eb900000,0x00000000f8900000)
  from space 21504K, 99% used [0x00000000f8900000,0x00000000f9df8030,0x00000000f9e00000)
  to   space 26624K, 0% used [0x00000000fb080000,0x00000000fb080000,0x00000000fca80000)
 ParOldGen       total 74240K, used 47597K [0x00000000c2a00000, 0x00000000c7280000, 0x00000000eb900000)
  object space 74240K, 64% used [0x00000000c2a00000,0x00000000c587b600,0x00000000c7280000)
 Metaspace       used 23013K, capacity 23646K, committed 23936K, reserved 1071104K
  class space    used 2472K, capacity 2637K, committed 2688K, reserved 1048576K
}
Event: 41.643 GC heap before
{Heap before GC invocations=16 (full 2):
 PSYoungGen      total 234496K, used 234464K [0x00000000eb900000, 0x00000000fca80000, 0x0000000100000000)
  eden space 212992K, 100% used [0x00000000eb900000,0x00000000f8900000,0x00000000f8900000)
  from space 21504K, 99% used [0x00000000f8900000,0x00000000f9df8030,0x00000000f9e00000)
  to   space 26624K, 0% used [0x00000000fb080000,0x00000000fb080000,0x00000000fca80000)
 ParOldGen       total 74240K, used 47597K [0x00000000c2a00000, 0x00000000c7280000, 0x00000000eb900000)
  object space 74240K, 64% used [0x00000000c2a00000,0x00000000c587b600,0x00000000c7280000)
 Metaspace       used 23266K, capacity 23976K, committed 24192K, reserved 1071104K
  class space    used 2485K, capacity 2676K, committed 2688K, reserved 1048576K

