# JRE version: Java(TM) SE Runtime Environment (8.0_201-b09) (build 1.8.0_201-b09)
# Java VM: Java HotSpot(TM) 64-Bit Server VM (25.201-b09 mixed mode linux-amd64 compressed oops)
Heap:
 PSYoungGen      total 102400K, used 5600K [0x00000000eb900000, 0x00000000f3800000, 0x0000000100000000)
  eden space 92672K, 0% used [0x00000000eb900000,0x00000000eb900000,0x00000000f1380000)
  from space 9728K, 57% used [0x00000000f2500000,0x00000000f2a78010,0x00000000f2e80000)
  to   space 7168K, 0% used [0x00000000f3100000,0x00000000f3100000,0x00000000f3800000)
 ParOldGen       total 42496K, used 23146K [0x00000000c2a00000, 0x00000000c5380000, 0x00000000eb900000)
  object space 42496K, 54% used [0x00000000c2a00000,0x00000000c409a940,0x00000000c5380000)
 Metaspace       used 14708K, capacity 15224K, committed 15360K, reserved 1062912K
  class space    used 1615K, capacity 1766K, committed 1792K, reserved 1048576K
GC Heap History (10 events):
Event: 37.509 GC heap after
Heap after GC invocations=7 (full 1):
 PSYoungGen      total 31744K, used 2544K [0x00000000eb900000, 0x00000000ee200000, 0x0000000100000000)
  eden space 29184K, 0% used [0x00000000eb900000,0x00000000eb900000,0x00000000ed580000)
  from space 2560K, 99% used [0x00000000eda80000,0x00000000edcfc050,0x00000000edd00000)
  to   space 5120K, 0% used [0x00000000ed580000,0x00000000ed580000,0x00000000eda80000)
 ParOldGen       total 42496K, used 10266K [0x00000000c2a00000, 0x00000000c5380000, 0x00000000eb900000)
  object space 42496K, 24% used [0x00000000c2a00000,0x00000000c3406a68,0x00000000c5380000)
 Metaspace       used 13435K, capacity 13780K, committed 13952K, reserved 1060864K
  class space    used 1555K, capacity 1658K, committed 1664K, reserved 1048576K
}
Event: 38.470 GC heap before
{Heap before GC invocations=8 (full 1):
 PSYoungGen      total 31744K, used 31728K [0x00000000eb900000, 0x00000000ee200000, 0x0000000100000000)
  eden space 29184K, 100% used [0x00000000eb900000,0x00000000ed580000,0x00000000ed580000)
  from space 2560K, 99% used [0x00000000eda80000,0x00000000edcfc050,0x00000000edd00000)
  to   space 5120K, 0% used [0x00000000ed580000,0x00000000ed580000,0x00000000eda80000)
 ParOldGen       total 42496K, used 10266K [0x00000000c2a00000, 0x00000000c5380000, 0x00000000eb900000)
  object space 42496K, 24% used [0x00000000c2a00000,0x00000000c3406a68,0x00000000c5380000)
 Metaspace       used 13490K, capacity 13844K, committed 13952K, reserved 1060864K
  class space    used 1555K, capacity 1658K, committed 1664K, reserved 1048576K
Event: 38.482 GC heap after
Heap after GC invocations=8 (full 1):
 PSYoungGen      total 34304K, used 4320K [0x00000000eb900000, 0x00000000efc00000, 0x0000000100000000)
  eden space 29184K, 0% used [0x00000000eb900000,0x00000000eb900000,0x00000000ed580000)
  from space 5120K, 84% used [0x00000000ed580000,0x00000000ed9b80a0,0x00000000eda80000)
  to   space 5120K, 0% used [0x00000000ef700000,0x00000000ef700000,0x00000000efc00000)
 ParOldGen       total 42496K, used 10274K [0x00000000c2a00000, 0x00000000c5380000, 0x00000000eb900000)
  object space 42496K, 24% used [0x00000000c2a00000,0x00000000c3408a68,0x00000000c5380000)
 Metaspace       used 13490K, capacity 13844K, committed 13952K, reserved 1060864K
  class space    used 1555K, capacity 1658K, committed 1664K, reserved 1048576K
}
Event: 39.295 GC heap before
{Heap before GC invocations=9 (full 1):
 PSYoungGen      total 34304K, used 33504K [0x00000000eb900000, 0x00000000efc00000, 0x0000000100000000)
  eden space 29184K, 100% used [0x00000000eb900000,0x00000000ed580000,0x00000000ed580000)
  from space 5120K, 84% used [0x00000000ed580000,0x00000000ed9b80a0,0x00000000eda80000)
  to   space 5120K, 0% used [0x00000000ef700000,0x00000000ef700000,0x00000000efc00000)
 ParOldGen       total 42496K, used 10274K [0x00000000c2a00000, 0x00000000c5380000, 0x00000000eb900000)
  object space 42496K, 24% used [0x00000000c2a00000,0x00000000c3408a68,0x00000000c5380000)
 Metaspace       used 13541K, capacity 13844K, committed 13952K, reserved 1060864K
  class space    used 1555K, capacity 1658K, committed 1664K, reserved 1048576K
Event: 39.310 GC heap after
Heap after GC invocations=9 (full 1):
 PSYoungGen      total 62976K, used 4656K [0x00000000eb900000, 0x00000000efd00000, 0x0000000100000000)
  eden space 57856K, 0% used [0x00000000eb900000,0x00000000eb900000,0x00000000ef180000)
  from space 5120K, 90% used [0x00000000ef700000,0x00000000efb8c0b0,0x00000000efc00000)
  to   space 5632K, 0% used [0x00000000ef180000,0x00000000ef180000,0x00000000ef700000)
 ParOldGen       total 42496K, used 11986K [0x00000000c2a00000, 0x00000000c5380000, 0x00000000eb900000)
  object space 42496K, 28% used [0x00000000c2a00000,0x00000000c35b4a78,0x00000000c5380000)
 Metaspace       used 13541K, capacity 13844K, committed 13952K, reserved 1060864K
  class space    used 1555K, capacity 1658K, committed 1664K, reserved 1048576K
}
Event: 40.992 GC heap before
{Heap before GC invocations=10 (full 1):
 PSYoungGen      total 62976K, used 62512K [0x00000000eb900000, 0x00000000efd00000, 0x0000000100000000)
  eden space 57856K, 100% used [0x00000000eb900000,0x00000000ef180000,0x00000000ef180000)
  from space 5120K, 90% used [0x00000000ef700000,0x00000000efb8c0b0,0x00000000efc00000)
  to   space 5632K, 0% used [0x00000000ef180000,0x00000000ef180000,0x00000000ef700000)
 ParOldGen       total 42496K, used 11986K [0x00000000c2a00000, 0x00000000c5380000, 0x00000000eb900000)
  object space 42496K, 28% used [0x00000000c2a00000,0x00000000c35b4a78,0x00000000c5380000)
 Metaspace       used 13573K, capacity 13908K, committed 13952K, reserved 1060864K
  class space    used 1555K, capacity 1658K, committed 1664K, reserved 1048576K
Event: 41.017 GC heap after
Heap after GC invocations=10 (full 1):
 PSYoungGen      total 63488K, used 5600K [0x00000000eb900000, 0x00000000f3800000, 0x0000000100000000)
  eden space 57856K, 0% used [0x00000000eb900000,0x00000000eb900000,0x00000000ef180000)
  from space 5632K, 99% used [0x00000000ef180000,0x00000000ef6f8120,0x00000000ef700000)
  to   space 7168K, 0% used [0x00000000f3100000,0x00000000f3100000,0x00000000f3800000)
 ParOldGen       total 42496K, used 15013K [0x00000000c2a00000, 0x00000000c5380000, 0x00000000eb900000)
  object space 42496K, 35% used [0x00000000c2a00000,0x00000000c38a97e0,0x00000000c5380000)
 Metaspace       used 13573K, capacity 13908K, committed 13952K, reserved 1060864K
  class space    used 1555K, capacity 1658K, committed 1664K, reserved 1048576K
}
Event: 44.805 GC heap before
{Heap before GC invocations=11 (full 1):
 PSYoungGen      total 63488K, used 63456K [0x00000000eb900000, 0x00000000f3800000, 0x0000000100000000)
  eden space 57856K, 100% used [0x00000000eb900000,0x00000000ef180000,0x00000000ef180000)
  from space 5632K, 99% used [0x00000000ef180000,0x00000000ef6f8120,0x00000000ef700000)
  to   space 7168K, 0% used [0x00000000f3100000,0x00000000f3100000,0x00000000f3800000)
 ParOldGen       total 42496K, used 15013K [0x00000000c2a00000, 0x00000000c5380000, 0x00000000eb900000)
  object space 42496K, 35% used [0x00000000c2a00000,0x00000000c38a97e0,0x00000000c5380000)
 Metaspace       used 14527K, capacity 14982K, committed 15104K, reserved 1062912K
  class space    used 1598K, capacity 1721K, committed 1792K, reserved 1048576K
Event: 44.839 GC heap after
Heap after GC invocations=11 (full 1):
 PSYoungGen      total 99840K, used 7136K [0x00000000eb900000, 0x00000000f3800000, 0x0000000100000000)
  eden space 92672K, 0% used [0x00000000eb900000,0x00000000eb900000,0x00000000f1380000)
  from space 7168K, 99% used [0x00000000f3100000,0x00000000f37f8020,0x00000000f3800000)
  to   space 9728K, 0% used [0x00000000f2500000,0x00000000f2500000,0x00000000f2e80000)
 ParOldGen       total 42496K, used 19618K [0x00000000c2a00000, 0x00000000c5380000, 0x00000000eb900000)
  object space 42496K, 46% used [0x00000000c2a00000,0x00000000c3d28880,0x00000000c5380000)
 Metaspace       used 14527K, capacity 14982K, committed 15104K, reserved 1062912K
  class space    used 1598K, capacity 1721K, committed 1792K, reserved 1048576K
}
Event: 58.340 GC heap before
{Heap before GC invocations=12 (full 1):
 PSYoungGen      total 99840K, used 99808K [0x00000000eb900000, 0x00000000f3800000, 0x0000000100000000)
  eden space 92672K, 100% used [0x00000000eb900000,0x00000000f1380000,0x00000000f1380000)
  from space 7168K, 99% used [0x00000000f3100000,0x00000000f37f8020,0x00000000f3800000)
  to   space 9728K, 0% used [0x00000000f2500000,0x00000000f2500000,0x00000000f2e80000)
 ParOldGen       total 42496K, used 19618K [0x00000000c2a00000, 0x00000000c5380000, 0x00000000eb900000)
  object space 42496K, 46% used [0x00000000c2a00000,0x00000000c3d28880,0x00000000c5380000)
 Metaspace       used 14708K, capacity 15224K, committed 15360K, reserved 1062912K
  class space    used 1615K, capacity 1766K, committed 1792K, reserved 1048576K

