# JRE version: Java(TM) SE Runtime Environment (8.0_201-b09) (build 1.8.0_201-b09)
# Java VM: Java HotSpot(TM) 64-Bit Server VM (25.201-b09 mixed mode linux-amd64 compressed oops)
Heap:
 PSYoungGen      total 18432K, used 13462K [0x00000000eb900000, 0x00000000ecd80000, 0x0000000100000000)
  eden space 15872K, 69% used [0x00000000eb900000,0x00000000ec3ba9a0,0x00000000ec880000)
  from space 2560K, 96% used [0x00000000ec880000,0x00000000ecaeb040,0x00000000ecb00000)
  to   space 2560K, 0% used [0x00000000ecb00000,0x00000000ecb00000,0x00000000ecd80000)
 ParOldGen       total 42496K, used 3582K [0x00000000c2a00000, 0x00000000c5380000, 0x00000000eb900000)
  object space 42496K, 8% used [0x00000000c2a00000,0x00000000c2d7fb98,0x00000000c5380000)
 Metaspace       used 14152K, capacity 14642K, committed 14848K, reserved 1062912K
  class space    used 1628K, capacity 1767K, committed 1792K, reserved 1048576K
GC Heap History (10 events):
Event: 3.132 GC heap before
{Heap before GC invocations=2 (full 0):
 PSYoungGen      total 18432K, used 3638K [0x00000000eb900000, 0x00000000ecd80000, 0x0000000100000000)
  eden space 15872K, 6% used [0x00000000eb900000,0x00000000eba119c8,0x00000000ec880000)
  from space 2560K, 99% used [0x00000000ec880000,0x00000000ecafc010,0x00000000ecb00000)
  to   space 2560K, 0% used [0x00000000ecb00000,0x00000000ecb00000,0x00000000ecd80000)
 ParOldGen       total 42496K, used 1637K [0x00000000c2a00000, 0x00000000c5380000, 0x00000000eb900000)
  object space 42496K, 3% used [0x00000000c2a00000,0x00000000c2b996b0,0x00000000c5380000)
 Metaspace       used 10191K, capacity 10348K, committed 10624K, reserved 1058816K
  class space    used 1232K, capacity 1319K, committed 1408K, reserved 1048576K
Event: 3.140 GC heap after
Heap after GC invocations=2 (full 0):
 PSYoungGen      total 18432K, used 2544K [0x00000000eb900000, 0x00000000ecd80000, 0x0000000100000000)
  eden space 15872K, 0% used [0x00000000eb900000,0x00000000eb900000,0x00000000ec880000)
  from space 2560K, 99% used [0x00000000ecb00000,0x00000000ecd7c010,0x00000000ecd80000)
  to   space 2560K, 0% used [0x00000000ec880000,0x00000000ec880000,0x00000000ecb00000)
 ParOldGen       total 42496K, used 1667K [0x00000000c2a00000, 0x00000000c5380000, 0x00000000eb900000)
  object space 42496K, 3% used [0x00000000c2a00000,0x00000000c2ba0fb8,0x00000000c5380000)
 Metaspace       used 10191K, capacity 10348K, committed 10624K, reserved 1058816K
  class space    used 1232K, capacity 1319K, committed 1408K, reserved 1048576K
}
Event: 3.140 GC heap before
{Heap before GC invocations=3 (full 1):
 PSYoungGen      total 18432K, used 2544K [0x00000000eb900000, 0x00000000ecd80000, 0x0000000100000000)
  eden space 15872K, 0% used [0x00000000eb900000,0x00000000eb900000,0x00000000ec880000)
  from space 2560K, 99% used [0x00000000ecb00000,0x00000000ecd7c010,0x00000000ecd80000)
  to   space 2560K, 0% used [0x00000000ec880000,0x00000000ec880000,0x00000000ecb00000)
 ParOldGen       total 42496K, used 1667K [0x00000000c2a00000, 0x00000000c5380000, 0x00000000eb900000)
  object space 42496K, 3% used [0x00000000c2a00000,0x00000000c2ba0fb8,0x00000000c5380000)
 Metaspace       used 10191K, capacity 10348K, committed 10624K, reserved 1058816K
  class space    used 1232K, capacity 1319K, committed 1408K, reserved 1048576K
Event: 3.178 GC heap after
Heap after GC invocations=3 (full 1):
 PSYoungGen      total 18432K, used 0K [0x00000000eb900000, 0x00000000ecd80000, 0x0000000100000000)
  eden space 15872K, 0% used [0x00000000eb900000,0x00000000eb900000,0x00000000ec880000)
  from space 2560K, 0% used [0x00000000ecb00000,0x00000000ecb00000,0x00000000ecd80000)
  to   space 2560K, 0% used [0x00000000ec880000,0x00000000ec880000,0x00000000ecb00000)
 ParOldGen       total 42496K, used 2561K [0x00000000c2a00000, 0x00000000c5380000, 0x00000000eb900000)
  object space 42496K, 6% used [0x00000000c2a00000,0x00000000c2c80448,0x00000000c5380000)
 Metaspace       used 10183K, capacity 10338K, committed 10624K, reserved 1058816K
  class space    used 1231K, capacity 1317K, committed 1408K, reserved 1048576K
}
Event: 29.191 GC heap before
{Heap before GC invocations=4 (full 1):
 PSYoungGen      total 18432K, used 15872K [0x00000000eb900000, 0x00000000ecd80000, 0x0000000100000000)
  eden space 15872K, 100% used [0x00000000eb900000,0x00000000ec880000,0x00000000ec880000)
  from space 2560K, 0% used [0x00000000ecb00000,0x00000000ecb00000,0x00000000ecd80000)
  to   space 2560K, 0% used [0x00000000ec880000,0x00000000ec880000,0x00000000ecb00000)
 ParOldGen       total 42496K, used 2561K [0x00000000c2a00000, 0x00000000c5380000, 0x00000000eb900000)
  object space 42496K, 6% used [0x00000000c2a00000,0x00000000c2c80448,0x00000000c5380000)
 Metaspace       used 13645K, capacity 14070K, committed 14336K, reserved 1062912K
  class space    used 1604K, capacity 1717K, committed 1792K, reserved 1048576K
Event: 29.208 GC heap after
Heap after GC invocations=4 (full 1):
 PSYoungGen      total 18432K, used 2538K [0x00000000eb900000, 0x00000000ecd80000, 0x0000000100000000)
  eden space 15872K, 0% used [0x00000000eb900000,0x00000000eb900000,0x00000000ec880000)
  from space 2560K, 99% used [0x00000000ec880000,0x00000000ecafa960,0x00000000ecb00000)
  to   space 2560K, 0% used [0x00000000ecb00000,0x00000000ecb00000,0x00000000ecd80000)
 ParOldGen       total 42496K, used 3574K [0x00000000c2a00000, 0x00000000c5380000, 0x00000000eb900000)
  object space 42496K, 8% used [0x00000000c2a00000,0x00000000c2d7db98,0x00000000c5380000)
 Metaspace       used 13645K, capacity 14070K, committed 14336K, reserved 1062912K
  class space    used 1604K, capacity 1717K, committed 1792K, reserved 1048576K
}
Event: 30.939 GC heap before
{Heap before GC invocations=5 (full 1):
 PSYoungGen      total 18432K, used 18410K [0x00000000eb900000, 0x00000000ecd80000, 0x0000000100000000)
  eden space 15872K, 100% used [0x00000000eb900000,0x00000000ec880000,0x00000000ec880000)
  from space 2560K, 99% used [0x00000000ec880000,0x00000000ecafa960,0x00000000ecb00000)
  to   space 2560K, 0% used [0x00000000ecb00000,0x00000000ecb00000,0x00000000ecd80000)
 ParOldGen       total 42496K, used 3574K [0x00000000c2a00000, 0x00000000c5380000, 0x00000000eb900000)
  object space 42496K, 8% used [0x00000000c2a00000,0x00000000c2d7db98,0x00000000c5380000)
 Metaspace       used 13786K, capacity 14274K, committed 14592K, reserved 1062912K
  class space    used 1606K, capacity 1719K, committed 1792K, reserved 1048576K
Event: 30.943 GC heap after
Heap after GC invocations=5 (full 1):
 PSYoungGen      total 18432K, used 1888K [0x00000000eb900000, 0x00000000ecd80000, 0x0000000100000000)
  eden space 15872K, 0% used [0x00000000eb900000,0x00000000eb900000,0x00000000ec880000)
  from space 2560K, 73% used [0x00000000ecb00000,0x00000000eccd8000,0x00000000ecd80000)
  to   space 2560K, 0% used [0x00000000ec880000,0x00000000ec880000,0x00000000ecb00000)
 ParOldGen       total 42496K, used 3574K [0x00000000c2a00000, 0x00000000c5380000, 0x00000000eb900000)
  object space 42496K, 8% used [0x00000000c2a00000,0x00000000c2d7db98,0x00000000c5380000)
 Metaspace       used 13786K, capacity 14274K, committed 14592K, reserved 1062912K
  class space    used 1606K, capacity 1719K, committed 1792K, reserved 1048576K
}
Event: 42.691 GC heap before
{Heap before GC invocations=6 (full 1):
 PSYoungGen      total 18432K, used 17760K [0x00000000eb900000, 0x00000000ecd80000, 0x0000000100000000)
  eden space 15872K, 100% used [0x00000000eb900000,0x00000000ec880000,0x00000000ec880000)
  from space 2560K, 73% used [0x00000000ecb00000,0x00000000eccd8000,0x00000000ecd80000)
  to   space 2560K, 0% used [0x00000000ec880000,0x00000000ec880000,0x00000000ecb00000)
 ParOldGen       total 42496K, used 3574K [0x00000000c2a00000, 0x00000000c5380000, 0x00000000eb900000)
  object space 42496K, 8% used [0x00000000c2a00000,0x00000000c2d7db98,0x00000000c5380000)
 Metaspace       used 14118K, capacity 14568K, committed 14848K, reserved 1062912K
  class space    used 1627K, capacity 1766K, committed 1792K, reserved 1048576K
Event: 42.707 GC heap after
Heap after GC invocations=6 (full 1):
 PSYoungGen      total 18432K, used 2476K [0x00000000eb900000, 0x00000000ecd80000, 0x0000000100000000)
  eden space 15872K, 0% used [0x00000000eb900000,0x00000000eb900000,0x00000000ec880000)
  from space 2560K, 96% used [0x00000000ec880000,0x00000000ecaeb040,0x00000000ecb00000)
  to   space 2560K, 0% used [0x00000000ecb00000,0x00000000ecb00000,0x00000000ecd80000)
 ParOldGen       total 42496K, used 3582K [0x00000000c2a00000, 0x00000000c5380000, 0x00000000eb900000)
  object space 42496K, 8% used [0x00000000c2a00000,0x00000000c2d7fb98,0x00000000c5380000)
 Metaspace       used 14118K, capacity 14568K, committed 14848K, reserved 1062912K
  class space    used 1627K, capacity 1766K, committed 1792K, reserved 1048576K
}

