# JRE version: Java(TM) SE Runtime Environment (8.0_201-b09) (build 1.8.0_201-b09)
# Java VM: Java HotSpot(TM) 64-Bit Server VM (25.201-b09 mixed mode linux-amd64 compressed oops)
Heap:
 PSYoungGen      total 321024K, used 501K [0x00000000eb900000, 0x0000000100000000, 0x0000000100000000)
  eden space 307200K, 0% used [0x00000000eb900000,0x00000000eb900000,0x00000000fe500000)
  from space 13824K, 3% used [0x00000000fe500000,0x00000000fe57d698,0x00000000ff280000)
  to   space 13824K, 0% used [0x00000000ff280000,0x00000000ff280000,0x0000000100000000)
 ParOldGen       total 64512K, used 64238K [0x00000000c2a00000, 0x00000000c6900000, 0x00000000eb900000)
  object space 64512K, 99% used [0x00000000c2a00000,0x00000000c68bb8f0,0x00000000c6900000)
 Metaspace       used 22241K, capacity 22781K, committed 23040K, reserved 1069056K
  class space    used 2383K, capacity 2540K, committed 2560K, reserved 1048576K
GC Heap History (10 events):
Event: 61.337 GC heap after
Heap after GC invocations=25 (full 2):
 PSYoungGen      total 324096K, used 160K [0x00000000eb900000, 0x00000000fff80000, 0x0000000100000000)
  eden space 314368K, 0% used [0x00000000eb900000,0x00000000eb900000,0x00000000fec00000)
  from space 9728K, 1% used [0x00000000fec00000,0x00000000fec28000,0x00000000ff580000)
  to   space 9216K, 0% used [0x00000000ff680000,0x00000000ff680000,0x00000000fff80000)
 ParOldGen       total 64512K, used 33750K [0x00000000c2a00000, 0x00000000c6900000, 0x00000000eb900000)
  object space 64512K, 52% used [0x00000000c2a00000,0x00000000c4af5a48,0x00000000c6900000)
 Metaspace       used 17175K, capacity 17393K, committed 17536K, reserved 1064960K
  class space    used 1836K, capacity 1912K, committed 1920K, reserved 1048576K
}
Event: 64.966 GC heap before
{Heap before GC invocations=26 (full 2):
 PSYoungGen      total 324096K, used 314528K [0x00000000eb900000, 0x00000000fff80000, 0x0000000100000000)
  eden space 314368K, 100% used [0x00000000eb900000,0x00000000fec00000,0x00000000fec00000)
  from space 9728K, 1% used [0x00000000fec00000,0x00000000fec28000,0x00000000ff580000)
  to   space 9216K, 0% used [0x00000000ff680000,0x00000000ff680000,0x00000000fff80000)
 ParOldGen       total 64512K, used 33750K [0x00000000c2a00000, 0x00000000c6900000, 0x00000000eb900000)
  object space 64512K, 52% used [0x00000000c2a00000,0x00000000c4af5a48,0x00000000c6900000)
 Metaspace       used 17195K, capacity 17457K, committed 17792K, reserved 1064960K
  class space    used 1836K, capacity 1912K, committed 1920K, reserved 1048576K
Event: 64.968 GC heap after
Heap after GC invocations=26 (full 2):
 PSYoungGen      total 325120K, used 192K [0x00000000eb900000, 0x00000000fff80000, 0x0000000100000000)
  eden space 315904K, 0% used [0x00000000eb900000,0x00000000eb900000,0x00000000fed80000)
  from space 9216K, 2% used [0x00000000ff680000,0x00000000ff6b0000,0x00000000fff80000)
  to   space 9216K, 0% used [0x00000000fed80000,0x00000000fed80000,0x00000000ff680000)
 ParOldGen       total 64512K, used 33750K [0x00000000c2a00000, 0x00000000c6900000, 0x00000000eb900000)
  object space 64512K, 52% used [0x00000000c2a00000,0x00000000c4af5a48,0x00000000c6900000)
 Metaspace       used 17195K, capacity 17457K, committed 17792K, reserved 1064960K
  class space    used 1836K, capacity 1912K, committed 1920K, reserved 1048576K
}
Event: 68.247 GC heap before
{Heap before GC invocations=27 (full 2):
 PSYoungGen      total 325120K, used 316096K [0x00000000eb900000, 0x00000000fff80000, 0x0000000100000000)
  eden space 315904K, 100% used [0x00000000eb900000,0x00000000fed80000,0x00000000fed80000)
  from space 9216K, 2% used [0x00000000ff680000,0x00000000ff6b0000,0x00000000fff80000)
  to   space 9216K, 0% used [0x00000000fed80000,0x00000000fed80000,0x00000000ff680000)
 ParOldGen       total 64512K, used 33750K [0x00000000c2a00000, 0x00000000c6900000, 0x00000000eb900000)
  object space 64512K, 52% used [0x00000000c2a00000,0x00000000c4af5a48,0x00000000c6900000)
 Metaspace       used 17195K, capacity 17457K, committed 17792K, reserved 1064960K
  class space    used 1836K, capacity 1912K, committed 1920K, reserved 1048576K
Event: 68.248 GC heap after
Heap after GC invocations=27 (full 2):
 PSYoungGen      total 325120K, used 192K [0x00000000eb900000, 0x00000000fff00000, 0x0000000100000000)
  eden space 315904K, 0% used [0x00000000eb900000,0x00000000eb900000,0x00000000fed80000)
  from space 9216K, 2% used [0x00000000fed80000,0x00000000fedb0000,0x00000000ff680000)
  to   space 8704K, 0% used [0x00000000ff680000,0x00000000ff680000,0x00000000fff00000)
 ParOldGen       total 64512K, used 33750K [0x00000000c2a00000, 0x00000000c6900000, 0x00000000eb900000)
  object space 64512K, 52% used [0x00000000c2a00000,0x00000000c4af5a48,0x00000000c6900000)
 Metaspace       used 17195K, capacity 17457K, committed 17792K, reserved 1064960K
  class space    used 1836K, capacity 1912K, committed 1920K, reserved 1048576K
}
Event: 74.544 GC heap before
{Heap before GC invocations=28 (full 2):
 PSYoungGen      total 325120K, used 316096K [0x00000000eb900000, 0x00000000fff00000, 0x0000000100000000)
  eden space 315904K, 100% used [0x00000000eb900000,0x00000000fed80000,0x00000000fed80000)
  from space 9216K, 2% used [0x00000000fed80000,0x00000000fedb0000,0x00000000ff680000)
  to   space 8704K, 0% used [0x00000000ff680000,0x00000000ff680000,0x00000000fff00000)
 ParOldGen       total 64512K, used 33750K [0x00000000c2a00000, 0x00000000c6900000, 0x00000000eb900000)
  object space 64512K, 52% used [0x00000000c2a00000,0x00000000c4af5a48,0x00000000c6900000)
 Metaspace       used 19513K, capacity 19793K, committed 20224K, reserved 1067008K
  class space    used 2133K, capacity 2222K, committed 2304K, reserved 1048576K
Event: 74.603 GC heap after
Heap after GC invocations=28 (full 2):
 PSYoungGen      total 315904K, used 8672K [0x00000000eb900000, 0x0000000100000000, 0x0000000100000000)
  eden space 307200K, 0% used [0x00000000eb900000,0x00000000eb900000,0x00000000fe500000)
  from space 8704K, 99% used [0x00000000ff680000,0x00000000ffef8020,0x00000000fff00000)
  to   space 13824K, 0% used [0x00000000fe500000,0x00000000fe500000,0x00000000ff280000)
 ParOldGen       total 64512K, used 42594K [0x00000000c2a00000, 0x00000000c6900000, 0x00000000eb900000)
  object space 64512K, 66% used [0x00000000c2a00000,0x00000000c5398860,0x00000000c6900000)
 Metaspace       used 19513K, capacity 19793K, committed 20224K, reserved 1067008K
  class space    used 2133K, capacity 2222K, committed 2304K, reserved 1048576K
}
Event: 79.451 GC heap before
{Heap before GC invocations=29 (full 2):
 PSYoungGen      total 315904K, used 315872K [0x00000000eb900000, 0x0000000100000000, 0x0000000100000000)
  eden space 307200K, 100% used [0x00000000eb900000,0x00000000fe500000,0x00000000fe500000)
  from space 8704K, 99% used [0x00000000ff680000,0x00000000ffef8020,0x00000000fff00000)
  to   space 13824K, 0% used [0x00000000fe500000,0x00000000fe500000,0x00000000ff280000)
 ParOldGen       total 64512K, used 42594K [0x00000000c2a00000, 0x00000000c6900000, 0x00000000eb900000)
  object space 64512K, 66% used [0x00000000c2a00000,0x00000000c5398860,0x00000000c6900000)
 Metaspace       used 22241K, capacity 22781K, committed 23040K, reserved 1069056K
  class space    used 2383K, capacity 2540K, committed 2560K, reserved 1048576K
Event: 79.600 GC heap after
Heap after GC invocations=29 (full 2):
 PSYoungGen      total 321024K, used 13814K [0x00000000eb900000, 0x0000000100000000, 0x0000000100000000)
  eden space 307200K, 0% used [0x00000000eb900000,0x00000000eb900000,0x00000000fe500000)
  from space 13824K, 99% used [0x00000000fe500000,0x00000000ff27d880,0x00000000ff280000)
  to   space 13824K, 0% used [0x00000000ff280000,0x00000000ff280000,0x0000000100000000)
 ParOldGen       total 64512K, used 54858K [0x00000000c2a00000, 0x00000000c6900000, 0x00000000eb900000)
  object space 64512K, 85% used [0x00000000c2a00000,0x00000000c5f92b40,0x00000000c6900000)
 Metaspace       used 22241K, capacity 22781K, committed 23040K, reserved 1069056K
  class space    used 2383K, capacity 2540K, committed 2560K, reserved 1048576K
}
Event: 79.600 GC heap before
{Heap before GC invocations=30 (full 3):
 PSYoungGen      total 321024K, used 13814K [0x00000000eb900000, 0x0000000100000000, 0x0000000100000000)
  eden space 307200K, 0% used [0x00000000eb900000,0x00000000eb900000,0x00000000fe500000)
  from space 13824K, 99% used [0x00000000fe500000,0x00000000ff27d880,0x00000000ff280000)
  to   space 13824K, 0% used [0x00000000ff280000,0x00000000ff280000,0x0000000100000000)
 ParOldGen       total 64512K, used 54858K [0x00000000c2a00000, 0x00000000c6900000, 0x00000000eb900000)
  object space 64512K, 85% used [0x00000000c2a00000,0x00000000c5f92b40,0x00000000c6900000)
 Metaspace       used 22241K, capacity 22781K, committed 23040K, reserved 1069056K
  class space    used 2383K, capacity 2540K, committed 2560K, reserved 1048576K

