# JRE version: Java(TM) SE Runtime Environment (8.0_201-b09) (build 1.8.0_201-b09)
# Java VM: Java HotSpot(TM) 64-Bit Server VM (25.201-b09 mixed mode linux-amd64 compressed oops)
Heap:
 PSYoungGen      total 32256K, used 3918K [0x00000000eb900000, 0x00000000edd00000, 0x0000000100000000)
  eden space 27648K, 1% used [0x00000000eb900000,0x00000000eb985860,0x00000000ed400000)
  from space 4608K, 73% used [0x00000000ed880000,0x00000000edbce020,0x00000000edd00000)
  to   space 4608K, 0% used [0x00000000ed400000,0x00000000ed400000,0x00000000ed880000)
 ParOldGen       total 42496K, used 6217K [0x00000000c2a00000, 0x00000000c5380000, 0x00000000eb900000)
  object space 42496K, 14% used [0x00000000c2a00000,0x00000000c30124d0,0x00000000c5380000)
 Metaspace       used 14245K, capacity 14668K, committed 14848K, reserved 1062912K
  class space    used 1615K, capacity 1731K, committed 1792K, reserved 1048576K
GC Heap History (10 events):
Event: 21.201 GC heap before
{Heap before GC invocations=5 (full 1):
 PSYoungGen      total 18432K, used 18416K [0x00000000eb900000, 0x00000000ecd80000, 0x0000000100000000)
  eden space 15872K, 100% used [0x00000000eb900000,0x00000000ec880000,0x00000000ec880000)
  from space 2560K, 99% used [0x00000000ec880000,0x00000000ecafc278,0x00000000ecb00000)
  to   space 2560K, 0% used [0x00000000ecb00000,0x00000000ecb00000,0x00000000ecd80000)
 ParOldGen       total 42496K, used 3762K [0x00000000c2a00000, 0x00000000c5380000, 0x00000000eb900000)
  object space 42496K, 8% used [0x00000000c2a00000,0x00000000c2daca10,0x00000000c5380000)
 Metaspace       used 13694K, capacity 14078K, committed 14336K, reserved 1062912K
  class space    used 1587K, capacity 1707K, committed 1792K, reserved 1048576K
Event: 21.204 GC heap after
Heap after GC invocations=5 (full 1):
 PSYoungGen      total 18432K, used 2528K [0x00000000eb900000, 0x00000000ecd80000, 0x0000000100000000)
  eden space 15872K, 0% used [0x00000000eb900000,0x00000000eb900000,0x00000000ec880000)
  from space 2560K, 98% used [0x00000000ecb00000,0x00000000ecd78020,0x00000000ecd80000)
  to   space 2560K, 0% used [0x00000000ec880000,0x00000000ec880000,0x00000000ecb00000)
 ParOldGen       total 42496K, used 4061K [0x00000000c2a00000, 0x00000000c5380000, 0x00000000eb900000)
  object space 42496K, 9% used [0x00000000c2a00000,0x00000000c2df7640,0x00000000c5380000)
 Metaspace       used 13694K, capacity 14078K, committed 14336K, reserved 1062912K
  class space    used 1587K, capacity 1707K, committed 1792K, reserved 1048576K
}
Event: 21.910 GC heap before
{Heap before GC invocations=6 (full 1):
 PSYoungGen      total 18432K, used 18400K [0x00000000eb900000, 0x00000000ecd80000, 0x0000000100000000)
  eden space 15872K, 100% used [0x00000000eb900000,0x00000000ec880000,0x00000000ec880000)
  from space 2560K, 98% used [0x00000000ecb00000,0x00000000ecd78020,0x00000000ecd80000)
  to   space 2560K, 0% used [0x00000000ec880000,0x00000000ec880000,0x00000000ecb00000)
 ParOldGen       total 42496K, used 4061K [0x00000000c2a00000, 0x00000000c5380000, 0x00000000eb900000)
  object space 42496K, 9% used [0x00000000c2a00000,0x00000000c2df7640,0x00000000c5380000)
 Metaspace       used 13776K, capacity 14142K, committed 14336K, reserved 1062912K
  class space    used 1587K, capacity 1707K, committed 1792K, reserved 1048576K
Event: 21.927 GC heap after
Heap after GC invocations=6 (full 1):
 PSYoungGen      total 18432K, used 2560K [0x00000000eb900000, 0x00000000ecd80000, 0x0000000100000000)
  eden space 15872K, 0% used [0x00000000eb900000,0x00000000eb900000,0x00000000ec880000)
  from space 2560K, 100% used [0x00000000ec880000,0x00000000ecb00000,0x00000000ecb00000)
  to   space 2560K, 0% used [0x00000000ecb00000,0x00000000ecb00000,0x00000000ecd80000)
 ParOldGen       total 42496K, used 4653K [0x00000000c2a00000, 0x00000000c5380000, 0x00000000eb900000)
  object space 42496K, 10% used [0x00000000c2a00000,0x00000000c2e8b6f0,0x00000000c5380000)
 Metaspace       used 13776K, capacity 14142K, committed 14336K, reserved 1062912K
  class space    used 1587K, capacity 1707K, committed 1792K, reserved 1048576K
}
Event: 22.476 GC heap before
{Heap before GC invocations=7 (full 1):
 PSYoungGen      total 18432K, used 18432K [0x00000000eb900000, 0x00000000ecd80000, 0x0000000100000000)
  eden space 15872K, 100% used [0x00000000eb900000,0x00000000ec880000,0x00000000ec880000)
  from space 2560K, 100% used [0x00000000ec880000,0x00000000ecb00000,0x00000000ecb00000)
  to   space 2560K, 0% used [0x00000000ecb00000,0x00000000ecb00000,0x00000000ecd80000)
 ParOldGen       total 42496K, used 4653K [0x00000000c2a00000, 0x00000000c5380000, 0x00000000eb900000)
  object space 42496K, 10% used [0x00000000c2a00000,0x00000000c2e8b6f0,0x00000000c5380000)
 Metaspace       used 13829K, capacity 14206K, committed 14336K, reserved 1062912K
  class space    used 1587K, capacity 1707K, committed 1792K, reserved 1048576K
Event: 22.492 GC heap after
Heap after GC invocations=7 (full 1):
 PSYoungGen      total 16384K, used 2560K [0x00000000eb900000, 0x00000000ee100000, 0x0000000100000000)
  eden space 13824K, 0% used [0x00000000eb900000,0x00000000eb900000,0x00000000ec680000)
  from space 2560K, 100% used [0x00000000ecb00000,0x00000000ecd80000,0x00000000ecd80000)
  to   space 4608K, 0% used [0x00000000ec680000,0x00000000ec680000,0x00000000ecb00000)
 ParOldGen       total 42496K, used 5420K [0x00000000c2a00000, 0x00000000c5380000, 0x00000000eb900000)
  object space 42496K, 12% used [0x00000000c2a00000,0x00000000c2f4b090,0x00000000c5380000)
 Metaspace       used 13829K, capacity 14206K, committed 14336K, reserved 1062912K
  class space    used 1587K, capacity 1707K, committed 1792K, reserved 1048576K
}
Event: 31.616 GC heap before
{Heap before GC invocations=8 (full 1):
 PSYoungGen      total 16384K, used 16384K [0x00000000eb900000, 0x00000000ee100000, 0x0000000100000000)
  eden space 13824K, 100% used [0x00000000eb900000,0x00000000ec680000,0x00000000ec680000)
  from space 2560K, 100% used [0x00000000ecb00000,0x00000000ecd80000,0x00000000ecd80000)
  to   space 4608K, 0% used [0x00000000ec680000,0x00000000ec680000,0x00000000ecb00000)
 ParOldGen       total 42496K, used 5420K [0x00000000c2a00000, 0x00000000c5380000, 0x00000000eb900000)
  object space 42496K, 12% used [0x00000000c2a00000,0x00000000c2f4b090,0x00000000c5380000)
 Metaspace       used 14224K, capacity 14660K, committed 14848K, reserved 1062912K
  class space    used 1615K, capacity 1731K, committed 1792K, reserved 1048576K
Event: 31.660 GC heap after
Heap after GC invocations=8 (full 1):
 PSYoungGen      total 18432K, used 4184K [0x00000000eb900000, 0x00000000edd00000, 0x0000000100000000)
  eden space 13824K, 0% used [0x00000000eb900000,0x00000000eb900000,0x00000000ec680000)
  from space 4608K, 90% used [0x00000000ec680000,0x00000000eca96020,0x00000000ecb00000)
  to   space 4608K, 0% used [0x00000000ed880000,0x00000000ed880000,0x00000000edd00000)
 ParOldGen       total 42496K, used 5420K [0x00000000c2a00000, 0x00000000c5380000, 0x00000000eb900000)
  object space 42496K, 12% used [0x00000000c2a00000,0x00000000c2f4b090,0x00000000c5380000)
 Metaspace       used 14224K, capacity 14660K, committed 14848K, reserved 1062912K
  class space    used 1615K, capacity 1731K, committed 1792K, reserved 1048576K
}
Event: 32.183 GC heap before
{Heap before GC invocations=9 (full 1):
 PSYoungGen      total 18432K, used 18008K [0x00000000eb900000, 0x00000000edd00000, 0x0000000100000000)
  eden space 13824K, 100% used [0x00000000eb900000,0x00000000ec680000,0x00000000ec680000)
  from space 4608K, 90% used [0x00000000ec680000,0x00000000eca96020,0x00000000ecb00000)
  to   space 4608K, 0% used [0x00000000ed880000,0x00000000ed880000,0x00000000edd00000)
 ParOldGen       total 42496K, used 5420K [0x00000000c2a00000, 0x00000000c5380000, 0x00000000eb900000)
  object space 42496K, 12% used [0x00000000c2a00000,0x00000000c2f4b090,0x00000000c5380000)
 Metaspace       used 14245K, capacity 14668K, committed 14848K, reserved 1062912K
  class space    used 1615K, capacity 1731K, committed 1792K, reserved 1048576K
Event: 32.196 GC heap after
Heap after GC invocations=9 (full 1):
 PSYoungGen      total 32256K, used 3384K [0x00000000eb900000, 0x00000000edd00000, 0x0000000100000000)
  eden space 27648K, 0% used [0x00000000eb900000,0x00000000eb900000,0x00000000ed400000)
  from space 4608K, 73% used [0x00000000ed880000,0x00000000edbce020,0x00000000edd00000)
  to   space 4608K, 0% used [0x00000000ed400000,0x00000000ed400000,0x00000000ed880000)
 ParOldGen       total 42496K, used 6217K [0x00000000c2a00000, 0x00000000c5380000, 0x00000000eb900000)
  object space 42496K, 14% used [0x00000000c2a00000,0x00000000c30124d0,0x00000000c5380000)
 Metaspace       used 14245K, capacity 14668K, committed 14848K, reserved 1062912K
  class space    used 1615K, capacity 1731K, committed 1792K, reserved 1048576K
}

