# JRE version: Java(TM) SE Runtime Environment (8.0_201-b09) (build 1.8.0_201-b09)
# Java VM: Java HotSpot(TM) 64-Bit Server VM (25.201-b09 mixed mode linux-amd64 compressed oops)
Heap:
 PSYoungGen      total 99328K, used 65478K [0x00000000eb900000, 0x00000000f3680000, 0x0000000100000000)
  eden space 93696K, 63% used [0x00000000eb900000,0x00000000ef379958,0x00000000f1480000)
  from space 5632K, 99% used [0x00000000f3100000,0x00000000f3678040,0x00000000f3680000)
  to   space 6656K, 0% used [0x00000000f2980000,0x00000000f2980000,0x00000000f3000000)
 ParOldGen       total 42496K, used 10439K [0x00000000c2a00000, 0x00000000c5380000, 0x00000000eb900000)
  object space 42496K, 24% used [0x00000000c2a00000,0x00000000c3431ea8,0x00000000c5380000)
 Metaspace       used 13870K, capacity 14264K, committed 14592K, reserved 1062912K
  class space    used 1586K, capacity 1706K, committed 1792K, reserved 1048576K
GC Heap History (10 events):
Event: 94.015 GC heap before
{Heap before GC invocations=7 (full 1):
 PSYoungGen      total 18432K, used 18424K [0x00000000eb900000, 0x00000000edd00000, 0x0000000100000000)
  eden space 15872K, 100% used [0x00000000eb900000,0x00000000ec880000,0x00000000ec880000)
  from space 2560K, 99% used [0x00000000ec880000,0x00000000ecafe220,0x00000000ecb00000)
  to   space 2560K, 0% used [0x00000000eda80000,0x00000000eda80000,0x00000000edd00000)
 ParOldGen       total 42496K, used 6264K [0x00000000c2a00000, 0x00000000c5380000, 0x00000000eb900000)
  object space 42496K, 14% used [0x00000000c2a00000,0x00000000c301e348,0x00000000c5380000)
 Metaspace       used 13721K, capacity 14136K, committed 14336K, reserved 1062912K
  class space    used 1586K, capacity 1706K, committed 1792K, reserved 1048576K
Event: 94.036 GC heap after
Heap after GC invocations=7 (full 1):
 PSYoungGen      total 31744K, used 2560K [0x00000000eb900000, 0x00000000ee200000, 0x0000000100000000)
  eden space 29184K, 0% used [0x00000000eb900000,0x00000000eb900000,0x00000000ed580000)
  from space 2560K, 100% used [0x00000000eda80000,0x00000000edd00000,0x00000000edd00000)
  to   space 5120K, 0% used [0x00000000ed580000,0x00000000ed580000,0x00000000eda80000)
 ParOldGen       total 42496K, used 6561K [0x00000000c2a00000, 0x00000000c5380000, 0x00000000eb900000)
  object space 42496K, 15% used [0x00000000c2a00000,0x00000000c3068598,0x00000000c5380000)
 Metaspace       used 13721K, capacity 14136K, committed 14336K, reserved 1062912K
  class space    used 1586K, capacity 1706K, committed 1792K, reserved 1048576K
}
Event: 94.380 GC heap before
{Heap before GC invocations=8 (full 1):
 PSYoungGen      total 31744K, used 31744K [0x00000000eb900000, 0x00000000ee200000, 0x0000000100000000)
  eden space 29184K, 100% used [0x00000000eb900000,0x00000000ed580000,0x00000000ed580000)
  from space 2560K, 100% used [0x00000000eda80000,0x00000000edd00000,0x00000000edd00000)
  to   space 5120K, 0% used [0x00000000ed580000,0x00000000ed580000,0x00000000eda80000)
 ParOldGen       total 42496K, used 6561K [0x00000000c2a00000, 0x00000000c5380000, 0x00000000eb900000)
  object space 42496K, 15% used [0x00000000c2a00000,0x00000000c3068598,0x00000000c5380000)
 Metaspace       used 13768K, capacity 14136K, committed 14336K, reserved 1062912K
  class space    used 1586K, capacity 1706K, committed 1792K, reserved 1048576K
Event: 94.385 GC heap after
Heap after GC invocations=8 (full 1):
 PSYoungGen      total 34304K, used 3520K [0x00000000eb900000, 0x00000000efc00000, 0x0000000100000000)
  eden space 29184K, 0% used [0x00000000eb900000,0x00000000eb900000,0x00000000ed580000)
  from space 5120K, 68% used [0x00000000ed580000,0x00000000ed8f0000,0x00000000eda80000)
  to   space 5120K, 0% used [0x00000000ef700000,0x00000000ef700000,0x00000000efc00000)
 ParOldGen       total 42496K, used 6561K [0x00000000c2a00000, 0x00000000c5380000, 0x00000000eb900000)
  object space 42496K, 15% used [0x00000000c2a00000,0x00000000c3068598,0x00000000c5380000)
 Metaspace       used 13768K, capacity 14136K, committed 14336K, reserved 1062912K
  class space    used 1586K, capacity 1706K, committed 1792K, reserved 1048576K
}
Event: 94.619 GC heap before
{Heap before GC invocations=9 (full 1):
 PSYoungGen      total 34304K, used 32704K [0x00000000eb900000, 0x00000000efc00000, 0x0000000100000000)
  eden space 29184K, 100% used [0x00000000eb900000,0x00000000ed580000,0x00000000ed580000)
  from space 5120K, 68% used [0x00000000ed580000,0x00000000ed8f0000,0x00000000eda80000)
  to   space 5120K, 0% used [0x00000000ef700000,0x00000000ef700000,0x00000000efc00000)
 ParOldGen       total 42496K, used 6561K [0x00000000c2a00000, 0x00000000c5380000, 0x00000000eb900000)
  object space 42496K, 15% used [0x00000000c2a00000,0x00000000c3068598,0x00000000c5380000)
 Metaspace       used 13786K, capacity 14136K, committed 14336K, reserved 1062912K
  class space    used 1586K, capacity 1706K, committed 1792K, reserved 1048576K
Event: 94.645 GC heap after
Heap after GC invocations=9 (full 1):
 PSYoungGen      total 63488K, used 2656K [0x00000000eb900000, 0x00000000efc00000, 0x0000000100000000)
  eden space 58368K, 0% used [0x00000000eb900000,0x00000000eb900000,0x00000000ef200000)
  from space 5120K, 51% used [0x00000000ef700000,0x00000000ef998000,0x00000000efc00000)
  to   space 5120K, 0% used [0x00000000ef200000,0x00000000ef200000,0x00000000ef700000)
 ParOldGen       total 42496K, used 7945K [0x00000000c2a00000, 0x00000000c5380000, 0x00000000eb900000)
  object space 42496K, 18% used [0x00000000c2a00000,0x00000000c31c25e8,0x00000000c5380000)
 Metaspace       used 13786K, capacity 14136K, committed 14336K, reserved 1062912K
  class space    used 1586K, capacity 1706K, committed 1792K, reserved 1048576K
}
Event: 95.346 GC heap before
{Heap before GC invocations=10 (full 1):
 PSYoungGen      total 63488K, used 61024K [0x00000000eb900000, 0x00000000efc00000, 0x0000000100000000)
  eden space 58368K, 100% used [0x00000000eb900000,0x00000000ef200000,0x00000000ef200000)
  from space 5120K, 51% used [0x00000000ef700000,0x00000000ef998000,0x00000000efc00000)
  to   space 5120K, 0% used [0x00000000ef200000,0x00000000ef200000,0x00000000ef700000)
 ParOldGen       total 42496K, used 7945K [0x00000000c2a00000, 0x00000000c5380000, 0x00000000eb900000)
  object space 42496K, 18% used [0x00000000c2a00000,0x00000000c31c25e8,0x00000000c5380000)
 Metaspace       used 13831K, capacity 14200K, committed 14592K, reserved 1062912K
  class space    used 1586K, capacity 1706K, committed 1792K, reserved 1048576K
Event: 95.358 GC heap after
Heap after GC invocations=10 (full 1):
 PSYoungGen      total 63488K, used 5104K [0x00000000eb900000, 0x00000000f3700000, 0x0000000100000000)
  eden space 58368K, 0% used [0x00000000eb900000,0x00000000eb900000,0x00000000ef200000)
  from space 5120K, 99% used [0x00000000ef200000,0x00000000ef6fc030,0x00000000ef700000)
  to   space 6144K, 0% used [0x00000000f3100000,0x00000000f3100000,0x00000000f3700000)
 ParOldGen       total 42496K, used 9461K [0x00000000c2a00000, 0x00000000c5380000, 0x00000000eb900000)
  object space 42496K, 22% used [0x00000000c2a00000,0x00000000c333d428,0x00000000c5380000)
 Metaspace       used 13831K, capacity 14200K, committed 14592K, reserved 1062912K
  class space    used 1586K, capacity 1706K, committed 1792K, reserved 1048576K
}
Event: 95.781 GC heap before
{Heap before GC invocations=11 (full 1):
 PSYoungGen      total 63488K, used 63472K [0x00000000eb900000, 0x00000000f3700000, 0x0000000100000000)
  eden space 58368K, 100% used [0x00000000eb900000,0x00000000ef200000,0x00000000ef200000)
  from space 5120K, 99% used [0x00000000ef200000,0x00000000ef6fc030,0x00000000ef700000)
  to   space 6144K, 0% used [0x00000000f3100000,0x00000000f3100000,0x00000000f3700000)
 ParOldGen       total 42496K, used 9461K [0x00000000c2a00000, 0x00000000c5380000, 0x00000000eb900000)
  object space 42496K, 22% used [0x00000000c2a00000,0x00000000c333d428,0x00000000c5380000)
 Metaspace       used 13849K, capacity 14264K, committed 14592K, reserved 1062912K
  class space    used 1586K, capacity 1706K, committed 1792K, reserved 1048576K
Event: 95.790 GC heap after
Heap after GC invocations=11 (full 1):
 PSYoungGen      total 99328K, used 5600K [0x00000000eb900000, 0x00000000f3680000, 0x0000000100000000)
  eden space 93696K, 0% used [0x00000000eb900000,0x00000000eb900000,0x00000000f1480000)
  from space 5632K, 99% used [0x00000000f3100000,0x00000000f3678040,0x00000000f3680000)
  to   space 6656K, 0% used [0x00000000f2980000,0x00000000f2980000,0x00000000f3000000)
 ParOldGen       total 42496K, used 10439K [0x00000000c2a00000, 0x00000000c5380000, 0x00000000eb900000)
  object space 42496K, 24% used [0x00000000c2a00000,0x00000000c3431ea8,0x00000000c5380000)
 Metaspace       used 13849K, capacity 14264K, committed 14592K, reserved 1062912K
  class space    used 1586K, capacity 1706K, committed 1792K, reserved 1048576K
}

