# JRE version: Java(TM) SE Runtime Environment (8.0_201-b09) (build 1.8.0_201-b09)
# Java VM: Java HotSpot(TM) 64-Bit Server VM (25.201-b09 mixed mode linux-amd64 compressed oops)
Heap:
 PSYoungGen      total 18432K, used 2208K [0x00000000eb900000, 0x00000000ecf80000, 0x0000000100000000)
  eden space 13824K, 0% used [0x00000000eb900000,0x00000000eb900000,0x00000000ec680000)
  from space 4608K, 47% used [0x00000000ecb00000,0x00000000ecd28000,0x00000000ecf80000)
  to   space 4608K, 0% used [0x00000000ec680000,0x00000000ec680000,0x00000000ecb00000)
 ParOldGen       total 42496K, used 5158K [0x00000000c2a00000, 0x00000000c5380000, 0x00000000eb900000)
  object space 42496K, 12% used [0x00000000c2a00000,0x00000000c2f09800,0x00000000c5380000)
 Metaspace       used 14288K, capacity 14756K, committed 14848K, reserved 1062912K
  class space    used 1625K, capacity 1735K, committed 1792K, reserved 1048576K
GC Heap History (10 events):
Event: 19.713 GC heap after
Heap after GC invocations=4 (full 1):
 PSYoungGen      total 18432K, used 2539K [0x00000000eb900000, 0x00000000ecd80000, 0x0000000100000000)
  eden space 15872K, 0% used [0x00000000eb900000,0x00000000eb900000,0x00000000ec880000)
  from space 2560K, 99% used [0x00000000ec880000,0x00000000ecafafe0,0x00000000ecb00000)
  to   space 2560K, 0% used [0x00000000ecb00000,0x00000000ecb00000,0x00000000ecd80000)
 ParOldGen       total 42496K, used 3519K [0x00000000c2a00000, 0x00000000c5380000, 0x00000000eb900000)
  object space 42496K, 8% used [0x00000000c2a00000,0x00000000c2d6fd10,0x00000000c5380000)
 Metaspace       used 13351K, capacity 13672K, committed 13824K, reserved 1060864K
  class space    used 1561K, capacity 1666K, committed 1792K, reserved 1048576K
}
Event: 20.761 GC heap before
{Heap before GC invocations=5 (full 1):
 PSYoungGen      total 18432K, used 18411K [0x00000000eb900000, 0x00000000ecd80000, 0x0000000100000000)
  eden space 15872K, 100% used [0x00000000eb900000,0x00000000ec880000,0x00000000ec880000)
  from space 2560K, 99% used [0x00000000ec880000,0x00000000ecafafe0,0x00000000ecb00000)
  to   space 2560K, 0% used [0x00000000ecb00000,0x00000000ecb00000,0x00000000ecd80000)
 ParOldGen       total 42496K, used 3519K [0x00000000c2a00000, 0x00000000c5380000, 0x00000000eb900000)
  object space 42496K, 8% used [0x00000000c2a00000,0x00000000c2d6fd10,0x00000000c5380000)
 Metaspace       used 13549K, capacity 13934K, committed 14080K, reserved 1060864K
  class space    used 1566K, capacity 1667K, committed 1792K, reserved 1048576K
Event: 20.779 GC heap after
Heap after GC invocations=5 (full 1):
 PSYoungGen      total 18432K, used 2368K [0x00000000eb900000, 0x00000000ecd80000, 0x0000000100000000)
  eden space 15872K, 0% used [0x00000000eb900000,0x00000000eb900000,0x00000000ec880000)
  from space 2560K, 92% used [0x00000000ecb00000,0x00000000ecd50020,0x00000000ecd80000)
  to   space 2560K, 0% used [0x00000000ec880000,0x00000000ec880000,0x00000000ecb00000)
 ParOldGen       total 42496K, used 3519K [0x00000000c2a00000, 0x00000000c5380000, 0x00000000eb900000)
  object space 42496K, 8% used [0x00000000c2a00000,0x00000000c2d6fd10,0x00000000c5380000)
 Metaspace       used 13549K, capacity 13934K, committed 14080K, reserved 1060864K
  class space    used 1566K, capacity 1667K, committed 1792K, reserved 1048576K
}
Event: 22.011 GC heap before
{Heap before GC invocations=6 (full 1):
 PSYoungGen      total 18432K, used 18240K [0x00000000eb900000, 0x00000000ecd80000, 0x0000000100000000)
  eden space 15872K, 100% used [0x00000000eb900000,0x00000000ec880000,0x00000000ec880000)
  from space 2560K, 92% used [0x00000000ecb00000,0x00000000ecd50020,0x00000000ecd80000)
  to   space 2560K, 0% used [0x00000000ec880000,0x00000000ec880000,0x00000000ecb00000)
 ParOldGen       total 42496K, used 3519K [0x00000000c2a00000, 0x00000000c5380000, 0x00000000eb900000)
  object space 42496K, 8% used [0x00000000c2a00000,0x00000000c2d6fd10,0x00000000c5380000)
 Metaspace       used 14107K, capacity 14556K, committed 14848K, reserved 1062912K
  class space    used 1614K, capacity 1725K, committed 1792K, reserved 1048576K
Event: 22.029 GC heap after
Heap after GC invocations=6 (full 1):
 PSYoungGen      total 18432K, used 2560K [0x00000000eb900000, 0x00000000ecd80000, 0x0000000100000000)
  eden space 15872K, 0% used [0x00000000eb900000,0x00000000eb900000,0x00000000ec880000)
  from space 2560K, 100% used [0x00000000ec880000,0x00000000ecb00000,0x00000000ecb00000)
  to   space 2560K, 0% used [0x00000000ecb00000,0x00000000ecb00000,0x00000000ecd80000)
 ParOldGen       total 42496K, used 4326K [0x00000000c2a00000, 0x00000000c5380000, 0x00000000eb900000)
  object space 42496K, 10% used [0x00000000c2a00000,0x00000000c2e39b48,0x00000000c5380000)
 Metaspace       used 14107K, capacity 14556K, committed 14848K, reserved 1062912K
  class space    used 1614K, capacity 1725K, committed 1792K, reserved 1048576K
}
Event: 31.108 GC heap before
{Heap before GC invocations=7 (full 1):
 PSYoungGen      total 18432K, used 18432K [0x00000000eb900000, 0x00000000ecd80000, 0x0000000100000000)
  eden space 15872K, 100% used [0x00000000eb900000,0x00000000ec880000,0x00000000ec880000)
  from space 2560K, 100% used [0x00000000ec880000,0x00000000ecb00000,0x00000000ecb00000)
  to   space 2560K, 0% used [0x00000000ecb00000,0x00000000ecb00000,0x00000000ecd80000)
 ParOldGen       total 42496K, used 4326K [0x00000000c2a00000, 0x00000000c5380000, 0x00000000eb900000)
  object space 42496K, 10% used [0x00000000c2a00000,0x00000000c2e39b48,0x00000000c5380000)
 Metaspace       used 14241K, capacity 14744K, committed 14848K, reserved 1062912K
  class space    used 1621K, capacity 1733K, committed 1792K, reserved 1048576K
Event: 31.123 GC heap after
Heap after GC invocations=7 (full 1):
 PSYoungGen      total 16384K, used 2560K [0x00000000eb900000, 0x00000000ed180000, 0x0000000100000000)
  eden space 13824K, 0% used [0x00000000eb900000,0x00000000eb900000,0x00000000ec680000)
  from space 2560K, 100% used [0x00000000ecb00000,0x00000000ecd80000,0x00000000ecd80000)
  to   space 4608K, 0% used [0x00000000ec680000,0x00000000ec680000,0x00000000ecb00000)
 ParOldGen       total 42496K, used 4440K [0x00000000c2a00000, 0x00000000c5380000, 0x00000000eb900000)
  object space 42496K, 10% used [0x00000000c2a00000,0x00000000c2e56380,0x00000000c5380000)
 Metaspace       used 14241K, capacity 14744K, committed 14848K, reserved 1062912K
  class space    used 1621K, capacity 1733K, committed 1792K, reserved 1048576K
}
Event: 44.555 GC heap before
{Heap before GC invocations=8 (full 1):
 PSYoungGen      total 16384K, used 16384K [0x00000000eb900000, 0x00000000ed180000, 0x0000000100000000)
  eden space 13824K, 100% used [0x00000000eb900000,0x00000000ec680000,0x00000000ec680000)
  from space 2560K, 100% used [0x00000000ecb00000,0x00000000ecd80000,0x00000000ecd80000)
  to   space 4608K, 0% used [0x00000000ec680000,0x00000000ec680000,0x00000000ecb00000)
 ParOldGen       total 42496K, used 4440K [0x00000000c2a00000, 0x00000000c5380000, 0x00000000eb900000)
  object space 42496K, 10% used [0x00000000c2a00000,0x00000000c2e56380,0x00000000c5380000)
 Metaspace       used 14277K, capacity 14756K, committed 14848K, reserved 1062912K
  class space    used 1625K, capacity 1735K, committed 1792K, reserved 1048576K
Event: 44.588 GC heap after
Heap after GC invocations=8 (full 1):
 PSYoungGen      total 18432K, used 2848K [0x00000000eb900000, 0x00000000ecf80000, 0x0000000100000000)
  eden space 13824K, 0% used [0x00000000eb900000,0x00000000eb900000,0x00000000ec680000)
  from space 4608K, 61% used [0x00000000ec680000,0x00000000ec948000,0x00000000ecb00000)
  to   space 4608K, 0% used [0x00000000ecb00000,0x00000000ecb00000,0x00000000ecf80000)
 ParOldGen       total 42496K, used 4440K [0x00000000c2a00000, 0x00000000c5380000, 0x00000000eb900000)
  object space 42496K, 10% used [0x00000000c2a00000,0x00000000c2e56380,0x00000000c5380000)
 Metaspace       used 14277K, capacity 14756K, committed 14848K, reserved 1062912K
  class space    used 1625K, capacity 1735K, committed 1792K, reserved 1048576K
}
Event: 52.797 GC heap before
{Heap before GC invocations=9 (full 1):
 PSYoungGen      total 18432K, used 16672K [0x00000000eb900000, 0x00000000ecf80000, 0x0000000100000000)
  eden space 13824K, 100% used [0x00000000eb900000,0x00000000ec680000,0x00000000ec680000)
  from space 4608K, 61% used [0x00000000ec680000,0x00000000ec948000,0x00000000ecb00000)
  to   space 4608K, 0% used [0x00000000ecb00000,0x00000000ecb00000,0x00000000ecf80000)
 ParOldGen       total 42496K, used 4440K [0x00000000c2a00000, 0x00000000c5380000, 0x00000000eb900000)
  object space 42496K, 10% used [0x00000000c2a00000,0x00000000c2e56380,0x00000000c5380000)
 Metaspace       used 14288K, capacity 14756K, committed 14848K, reserved 1062912K
  class space    used 1625K, capacity 1735K, committed 1792K, reserved 1048576K

