# JRE version: Java(TM) SE Runtime Environment (8.0_201-b09) (build 1.8.0_201-b09)
# Java VM: Java HotSpot(TM) 64-Bit Server VM (25.201-b09 mixed mode linux-amd64 compressed oops)
Heap:
 PSYoungGen      total 99840K, used 2160K [0x00000000eb900000, 0x00000000f3600000, 0x0000000100000000)
  eden space 94208K, 0% used [0x00000000eb900000,0x00000000eb900000,0x00000000f1500000)
  from space 5632K, 38% used [0x00000000f2b00000,0x00000000f2d1c020,0x00000000f3080000)
  to   space 4608K, 0% used [0x00000000f3180000,0x00000000f3180000,0x00000000f3600000)
 ParOldGen       total 42496K, used 12986K [0x00000000c2a00000, 0x00000000c5380000, 0x00000000eb900000)
  object space 42496K, 30% used [0x00000000c2a00000,0x00000000c36ae998,0x00000000c5380000)
 Metaspace       used 13924K, capacity 14270K, committed 14592K, reserved 1062912K
  class space    used 1594K, capacity 1707K, committed 1792K, reserved 1048576K
GC Heap History (10 events):
Event: 67.965 GC heap after
Heap after GC invocations=7 (full 1):
 PSYoungGen      total 32256K, used 2548K [0x00000000eb900000, 0x00000000ee100000, 0x0000000100000000)
  eden space 29696K, 0% used [0x00000000eb900000,0x00000000eb900000,0x00000000ed600000)
  from space 2560K, 99% used [0x00000000eda80000,0x00000000edcfd140,0x00000000edd00000)
  to   space 4608K, 0% used [0x00000000ed600000,0x00000000ed600000,0x00000000eda80000)
 ParOldGen       total 42496K, used 6383K [0x00000000c2a00000, 0x00000000c5380000, 0x00000000eb900000)
  object space 42496K, 15% used [0x00000000c2a00000,0x00000000c303bdc0,0x00000000c5380000)
 Metaspace       used 13778K, capacity 14206K, committed 14336K, reserved 1062912K
  class space    used 1594K, capacity 1707K, committed 1792K, reserved 1048576K
}
Event: 69.278 GC heap before
{Heap before GC invocations=8 (full 1):
 PSYoungGen      total 32256K, used 32244K [0x00000000eb900000, 0x00000000ee100000, 0x0000000100000000)
  eden space 29696K, 100% used [0x00000000eb900000,0x00000000ed600000,0x00000000ed600000)
  from space 2560K, 99% used [0x00000000eda80000,0x00000000edcfd140,0x00000000edd00000)
  to   space 4608K, 0% used [0x00000000ed600000,0x00000000ed600000,0x00000000eda80000)
 ParOldGen       total 42496K, used 6383K [0x00000000c2a00000, 0x00000000c5380000, 0x00000000eb900000)
  object space 42496K, 15% used [0x00000000c2a00000,0x00000000c303bdc0,0x00000000c5380000)
 Metaspace       used 13832K, capacity 14206K, committed 14336K, reserved 1062912K
  class space    used 1594K, capacity 1707K, committed 1792K, reserved 1048576K
Event: 69.330 GC heap after
Heap after GC invocations=8 (full 1):
 PSYoungGen      total 34304K, used 4148K [0x00000000eb900000, 0x00000000efd00000, 0x0000000100000000)
  eden space 29696K, 0% used [0x00000000eb900000,0x00000000eb900000,0x00000000ed600000)
  from space 4608K, 90% used [0x00000000ed600000,0x00000000eda0d1a0,0x00000000eda80000)
  to   space 5120K, 0% used [0x00000000ef800000,0x00000000ef800000,0x00000000efd00000)
 ParOldGen       total 42496K, used 6391K [0x00000000c2a00000, 0x00000000c5380000, 0x00000000eb900000)
  object space 42496K, 15% used [0x00000000c2a00000,0x00000000c303ddc0,0x00000000c5380000)
 Metaspace       used 13832K, capacity 14206K, committed 14336K, reserved 1062912K
  class space    used 1594K, capacity 1707K, committed 1792K, reserved 1048576K
}
Event: 70.141 GC heap before
{Heap before GC invocations=9 (full 1):
 PSYoungGen      total 34304K, used 33844K [0x00000000eb900000, 0x00000000efd00000, 0x0000000100000000)
  eden space 29696K, 100% used [0x00000000eb900000,0x00000000ed600000,0x00000000ed600000)
  from space 4608K, 90% used [0x00000000ed600000,0x00000000eda0d1a0,0x00000000eda80000)
  to   space 5120K, 0% used [0x00000000ef800000,0x00000000ef800000,0x00000000efd00000)
 ParOldGen       total 42496K, used 6391K [0x00000000c2a00000, 0x00000000c5380000, 0x00000000eb900000)
  object space 42496K, 15% used [0x00000000c2a00000,0x00000000c303ddc0,0x00000000c5380000)
 Metaspace       used 13846K, capacity 14206K, committed 14336K, reserved 1062912K
  class space    used 1594K, capacity 1707K, committed 1792K, reserved 1048576K
Event: 70.197 GC heap after
Heap after GC invocations=9 (full 1):
 PSYoungGen      total 64000K, used 5008K [0x00000000eb900000, 0x00000000efe00000, 0x0000000100000000)
  eden space 58880K, 0% used [0x00000000eb900000,0x00000000eb900000,0x00000000ef280000)
  from space 5120K, 97% used [0x00000000ef800000,0x00000000efce4070,0x00000000efd00000)
  to   space 5632K, 0% used [0x00000000ef280000,0x00000000ef280000,0x00000000ef800000)
 ParOldGen       total 42496K, used 7307K [0x00000000c2a00000, 0x00000000c5380000, 0x00000000eb900000)
  object space 42496K, 17% used [0x00000000c2a00000,0x00000000c3122fe0,0x00000000c5380000)
 Metaspace       used 13846K, capacity 14206K, committed 14336K, reserved 1062912K
  class space    used 1594K, capacity 1707K, committed 1792K, reserved 1048576K
}
Event: 71.294 GC heap before
{Heap before GC invocations=10 (full 1):
 PSYoungGen      total 64000K, used 63888K [0x00000000eb900000, 0x00000000efe00000, 0x0000000100000000)
  eden space 58880K, 100% used [0x00000000eb900000,0x00000000ef280000,0x00000000ef280000)
  from space 5120K, 97% used [0x00000000ef800000,0x00000000efce4070,0x00000000efd00000)
  to   space 5632K, 0% used [0x00000000ef280000,0x00000000ef280000,0x00000000ef800000)
 ParOldGen       total 42496K, used 7307K [0x00000000c2a00000, 0x00000000c5380000, 0x00000000eb900000)
  object space 42496K, 17% used [0x00000000c2a00000,0x00000000c3122fe0,0x00000000c5380000)
 Metaspace       used 13887K, capacity 14270K, committed 14592K, reserved 1062912K
  class space    used 1594K, capacity 1707K, committed 1792K, reserved 1048576K
Event: 71.314 GC heap after
Heap after GC invocations=10 (full 1):
 PSYoungGen      total 64512K, used 4192K [0x00000000eb900000, 0x00000000f3700000, 0x0000000100000000)
  eden space 58880K, 0% used [0x00000000eb900000,0x00000000eb900000,0x00000000ef280000)
  from space 5632K, 74% used [0x00000000ef280000,0x00000000ef698060,0x00000000ef800000)
  to   space 5632K, 0% used [0x00000000f3180000,0x00000000f3180000,0x00000000f3700000)
 ParOldGen       total 42496K, used 8832K [0x00000000c2a00000, 0x00000000c5380000, 0x00000000eb900000)
  object space 42496K, 20% used [0x00000000c2a00000,0x00000000c32a0010,0x00000000c5380000)
 Metaspace       used 13887K, capacity 14270K, committed 14592K, reserved 1062912K
  class space    used 1594K, capacity 1707K, committed 1792K, reserved 1048576K
}
Event: 72.428 GC heap before
{Heap before GC invocations=11 (full 1):
 PSYoungGen      total 64512K, used 63072K [0x00000000eb900000, 0x00000000f3700000, 0x0000000100000000)
  eden space 58880K, 100% used [0x00000000eb900000,0x00000000ef280000,0x00000000ef280000)
  from space 5632K, 74% used [0x00000000ef280000,0x00000000ef698060,0x00000000ef800000)
  to   space 5632K, 0% used [0x00000000f3180000,0x00000000f3180000,0x00000000f3700000)
 ParOldGen       total 42496K, used 8832K [0x00000000c2a00000, 0x00000000c5380000, 0x00000000eb900000)
  object space 42496K, 20% used [0x00000000c2a00000,0x00000000c32a0010,0x00000000c5380000)
 Metaspace       used 13903K, capacity 14270K, committed 14592K, reserved 1062912K
  class space    used 1594K, capacity 1707K, committed 1792K, reserved 1048576K
Event: 72.449 GC heap after
Heap after GC invocations=11 (full 1):
 PSYoungGen      total 98816K, used 4128K [0x00000000eb900000, 0x00000000f3600000, 0x0000000100000000)
  eden space 94208K, 0% used [0x00000000eb900000,0x00000000eb900000,0x00000000f1500000)
  from space 4608K, 89% used [0x00000000f3180000,0x00000000f3588030,0x00000000f3600000)
  to   space 5632K, 0% used [0x00000000f2b00000,0x00000000f2b00000,0x00000000f3080000)
 ParOldGen       total 42496K, used 10489K [0x00000000c2a00000, 0x00000000c5380000, 0x00000000eb900000)
  object space 42496K, 24% used [0x00000000c2a00000,0x00000000c343e4e0,0x00000000c5380000)
 Metaspace       used 13903K, capacity 14270K, committed 14592K, reserved 1062912K
  class space    used 1594K, capacity 1707K, committed 1792K, reserved 1048576K
}
Event: 73.899 GC heap before
{Heap before GC invocations=12 (full 1):
 PSYoungGen      total 98816K, used 98336K [0x00000000eb900000, 0x00000000f3600000, 0x0000000100000000)
  eden space 94208K, 100% used [0x00000000eb900000,0x00000000f1500000,0x00000000f1500000)
  from space 4608K, 89% used [0x00000000f3180000,0x00000000f3588030,0x00000000f3600000)
  to   space 5632K, 0% used [0x00000000f2b00000,0x00000000f2b00000,0x00000000f3080000)
 ParOldGen       total 42496K, used 10489K [0x00000000c2a00000, 0x00000000c5380000, 0x00000000eb900000)
  object space 42496K, 24% used [0x00000000c2a00000,0x00000000c343e4e0,0x00000000c5380000)
 Metaspace       used 13924K, capacity 14270K, committed 14592K, reserved 1062912K
  class space    used 1594K, capacity 1707K, committed 1792K, reserved 1048576K

