# JRE version: Java(TM) SE Runtime Environment (8.0_201-b09) (build 1.8.0_201-b09)
# Java VM: Java HotSpot(TM) 64-Bit Server VM (25.201-b09 mixed mode linux-amd64 compressed oops)
Heap:
 PSYoungGen      total 317952K, used 309582K [0x00000000eb900000, 0x0000000100000000, 0x0000000100000000)
  eden space 301056K, 99% used [0x00000000eb900000,0x00000000fdea4860,0x00000000fdf00000)
  from space 16896K, 52% used [0x00000000fef80000,0x00000000ff82f038,0x0000000100000000)
  to   space 16896K, 0% used [0x00000000fdf00000,0x00000000fdf00000,0x00000000fef80000)
 ParOldGen       total 81408K, used 46988K [0x00000000c2a00000, 0x00000000c7980000, 0x00000000eb900000)
  object space 81408K, 57% used [0x00000000c2a00000,0x00000000c57e33f0,0x00000000c7980000)
 Metaspace       used 23599K, capacity 24190K, committed 24192K, reserved 1071104K
  class space    used 2508K, capacity 2687K, committed 2688K, reserved 1048576K
GC Heap History (10 events):
Event: 19.784 GC heap before
{Heap before GC invocations=12 (full 1):
 PSYoungGen      total 199680K, used 199664K [0x00000000eb900000, 0x00000000fb100000, 0x0000000100000000)
  eden space 193536K, 100% used [0x00000000eb900000,0x00000000f7600000,0x00000000f7600000)
  from space 6144K, 99% used [0x00000000fab00000,0x00000000fb0fc010,0x00000000fb100000)
  to   space 8192K, 0% used [0x00000000fa100000,0x00000000fa100000,0x00000000fa900000)
 ParOldGen       total 42496K, used 14670K [0x00000000c2a00000, 0x00000000c5380000, 0x00000000eb900000)
  object space 42496K, 34% used [0x00000000c2a00000,0x00000000c3853968,0x00000000c5380000)
 Metaspace       used 16322K, capacity 16528K, committed 16768K, reserved 1064960K
  class space    used 1832K, capacity 1910K, committed 1920K, reserved 1048576K
Event: 19.829 GC heap after
Heap after GC invocations=12 (full 1):
 PSYoungGen      total 245760K, used 6216K [0x00000000eb900000, 0x00000000ff780000, 0x0000000100000000)
  eden space 237568K, 0% used [0x00000000eb900000,0x00000000eb900000,0x00000000fa100000)
  from space 8192K, 75% used [0x00000000fa100000,0x00000000fa7121d8,0x00000000fa900000)
  to   space 8192K, 0% used [0x00000000fef80000,0x00000000fef80000,0x00000000ff780000)
 ParOldGen       total 42496K, used 16797K [0x00000000c2a00000, 0x00000000c5380000, 0x00000000eb900000)
  object space 42496K, 39% used [0x00000000c2a00000,0x00000000c3a67440,0x00000000c5380000)
 Metaspace       used 16322K, capacity 16528K, committed 16768K, reserved 1064960K
  class space    used 1832K, capacity 1910K, committed 1920K, reserved 1048576K
}
Event: 25.252 GC heap before
{Heap before GC invocations=13 (full 1):
 PSYoungGen      total 245760K, used 243784K [0x00000000eb900000, 0x00000000ff780000, 0x0000000100000000)
  eden space 237568K, 100% used [0x00000000eb900000,0x00000000fa100000,0x00000000fa100000)
  from space 8192K, 75% used [0x00000000fa100000,0x00000000fa7121d8,0x00000000fa900000)
  to   space 8192K, 0% used [0x00000000fef80000,0x00000000fef80000,0x00000000ff780000)
 ParOldGen       total 42496K, used 16797K [0x00000000c2a00000, 0x00000000c5380000, 0x00000000eb900000)
  object space 42496K, 39% used [0x00000000c2a00000,0x00000000c3a67440,0x00000000c5380000)
 Metaspace       used 18796K, capacity 19126K, committed 19456K, reserved 1067008K
  class space    used 2132K, capacity 2227K, committed 2304K, reserved 1048576K
Event: 25.338 GC heap after
Heap after GC invocations=13 (full 1):
 PSYoungGen      total 317440K, used 5980K [0x00000000eb900000, 0x0000000100000000, 0x0000000100000000)
  eden space 309248K, 0% used [0x00000000eb900000,0x00000000eb900000,0x00000000fe700000)
  from space 8192K, 73% used [0x00000000fef80000,0x00000000ff557338,0x00000000ff780000)
  to   space 8704K, 0% used [0x00000000fe700000,0x00000000fe700000,0x00000000fef80000)
 ParOldGen       total 42496K, used 22921K [0x00000000c2a00000, 0x00000000c5380000, 0x00000000eb900000)
  object space 42496K, 53% used [0x00000000c2a00000,0x00000000c4062410,0x00000000c5380000)
 Metaspace       used 18796K, capacity 19126K, committed 19456K, reserved 1067008K
  class space    used 2132K, capacity 2227K, committed 2304K, reserved 1048576K
}
Event: 44.622 GC heap before
{Heap before GC invocations=14 (full 1):
 PSYoungGen      total 317440K, used 263444K [0x00000000eb900000, 0x0000000100000000, 0x0000000100000000)
  eden space 309248K, 83% used [0x00000000eb900000,0x00000000fb46dfe0,0x00000000fe700000)
  from space 8192K, 73% used [0x00000000fef80000,0x00000000ff557338,0x00000000ff780000)
  to   space 8704K, 0% used [0x00000000fe700000,0x00000000fe700000,0x00000000fef80000)
 ParOldGen       total 42496K, used 22921K [0x00000000c2a00000, 0x00000000c5380000, 0x00000000eb900000)
  object space 42496K, 53% used [0x00000000c2a00000,0x00000000c4062410,0x00000000c5380000)
 Metaspace       used 20848K, capacity 21178K, committed 21296K, reserved 1069056K
  class space    used 2310K, capacity 2403K, committed 2432K, reserved 1048576K
Event: 44.846 GC heap after
Heap after GC invocations=14 (full 1):
 PSYoungGen      total 317952K, used 8692K [0x00000000eb900000, 0x0000000100000000, 0x0000000100000000)
  eden space 309248K, 0% used [0x00000000eb900000,0x00000000eb900000,0x00000000fe700000)
  from space 8704K, 99% used [0x00000000fe700000,0x00000000fef7d2b8,0x00000000fef80000)
  to   space 16896K, 0% used [0x00000000fef80000,0x00000000fef80000,0x0000000100000000)
 ParOldGen       total 43520K, used 43459K [0x00000000c2a00000, 0x00000000c5480000, 0x00000000eb900000)
  object space 43520K, 99% used [0x00000000c2a00000,0x00000000c5470c00,0x00000000c5480000)
 Metaspace       used 20848K, capacity 21178K, committed 21296K, reserved 1069056K
  class space    used 2310K, capacity 2403K, committed 2432K, reserved 1048576K
}
Event: 44.846 GC heap before
{Heap before GC invocations=15 (full 2):
 PSYoungGen      total 317952K, used 8692K [0x00000000eb900000, 0x0000000100000000, 0x0000000100000000)
  eden space 309248K, 0% used [0x00000000eb900000,0x00000000eb900000,0x00000000fe700000)
  from space 8704K, 99% used [0x00000000fe700000,0x00000000fef7d2b8,0x00000000fef80000)
  to   space 16896K, 0% used [0x00000000fef80000,0x00000000fef80000,0x0000000100000000)
 ParOldGen       total 43520K, used 43459K [0x00000000c2a00000, 0x00000000c5480000, 0x00000000eb900000)
  object space 43520K, 99% used [0x00000000c2a00000,0x00000000c5470c00,0x00000000c5480000)
 Metaspace       used 20848K, capacity 21178K, committed 21296K, reserved 1069056K
  class space    used 2310K, capacity 2403K, committed 2432K, reserved 1048576K
Event: 46.269 GC heap after
Heap after GC invocations=15 (full 2):
 PSYoungGen      total 317952K, used 3561K [0x00000000eb900000, 0x0000000100000000, 0x0000000100000000)
  eden space 309248K, 0% used [0x00000000eb900000,0x00000000eb900000,0x00000000fe700000)
  from space 8704K, 40% used [0x00000000fe700000,0x00000000fea7a700,0x00000000fef80000)
  to   space 16896K, 0% used [0x00000000fef80000,0x00000000fef80000,0x0000000100000000)
 ParOldGen       total 81408K, used 43468K [0x00000000c2a00000, 0x00000000c7980000, 0x00000000eb900000)
  object space 81408K, 53% used [0x00000000c2a00000,0x00000000c5473380,0x00000000c7980000)
 Metaspace       used 20848K, capacity 21178K, committed 21296K, reserved 1069056K
  class space    used 2310K, capacity 2403K, committed 2432K, reserved 1048576K
}
Event: 63.215 GC heap before
{Heap before GC invocations=16 (full 2):
 PSYoungGen      total 317952K, used 312809K [0x00000000eb900000, 0x0000000100000000, 0x0000000100000000)
  eden space 309248K, 100% used [0x00000000eb900000,0x00000000fe700000,0x00000000fe700000)
  from space 8704K, 40% used [0x00000000fe700000,0x00000000fea7a700,0x00000000fef80000)
  to   space 16896K, 0% used [0x00000000fef80000,0x00000000fef80000,0x0000000100000000)
 ParOldGen       total 81408K, used 43468K [0x00000000c2a00000, 0x00000000c7980000, 0x00000000eb900000)
  object space 81408K, 53% used [0x00000000c2a00000,0x00000000c5473380,0x00000000c7980000)
 Metaspace       used 23467K, capacity 24050K, committed 24192K, reserved 1071104K
  class space    used 2506K, capacity 2685K, committed 2688K, reserved 1048576K
Event: 63.352 GC heap after
Heap after GC invocations=16 (full 2):
 PSYoungGen      total 317952K, used 8892K [0x00000000eb900000, 0x0000000100000000, 0x0000000100000000)
  eden space 301056K, 0% used [0x00000000eb900000,0x00000000eb900000,0x00000000fdf00000)
  from space 16896K, 52% used [0x00000000fef80000,0x00000000ff82f038,0x0000000100000000)
  to   space 16896K, 0% used [0x00000000fdf00000,0x00000000fdf00000,0x00000000fef80000)
 ParOldGen       total 81408K, used 46988K [0x00000000c2a00000, 0x00000000c7980000, 0x00000000eb900000)
  object space 81408K, 57% used [0x00000000c2a00000,0x00000000c57e33f0,0x00000000c7980000)
 Metaspace       used 23467K, capacity 24050K, committed 24192K, reserved 1071104K
  class space    used 2506K, capacity 2685K, committed 2688K, reserved 1048576K
}

