# JRE version: Java(TM) SE Runtime Environment (8.0_201-b09) (build 1.8.0_201-b09)
# Java VM: Java HotSpot(TM) 64-Bit Server VM (25.201-b09 mixed mode linux-amd64 compressed oops)
Heap:
 PSYoungGen      total 200192K, used 512K [0x00000000eb900000, 0x00000000fac00000, 0x0000000100000000)
  eden space 194560K, 0% used [0x00000000eb900000,0x00000000eb900000,0x00000000f7700000)
  from space 5632K, 9% used [0x00000000fa100000,0x00000000fa180000,0x00000000fa680000)
  to   space 512K, 0% used [0x00000000fab80000,0x00000000fab80000,0x00000000fac00000)
 ParOldGen       total 42496K, used 8017K [0x00000000c2a00000, 0x00000000c5380000, 0x00000000eb900000)
  object space 42496K, 18% used [0x00000000c2a00000,0x00000000c31d4660,0x00000000c5380000)
 Metaspace       used 13798K, capacity 14206K, committed 14336K, reserved 1062912K
  class space    used 1590K, capacity 1707K, committed 1792K, reserved 1048576K
GC Heap History (10 events):
Event: 40.651 GC heap after
Heap after GC invocations=7 (full 1):
 PSYoungGen      total 63488K, used 2536K [0x00000000eb900000, 0x00000000f0100000, 0x0000000100000000)
  eden space 60928K, 0% used [0x00000000eb900000,0x00000000eb900000,0x00000000ef480000)
  from space 2560K, 99% used [0x00000000ef980000,0x00000000efbfa050,0x00000000efc00000)
  to   space 5120K, 0% used [0x00000000ef480000,0x00000000ef480000,0x00000000ef980000)
 ParOldGen       total 42496K, used 5410K [0x00000000c2a00000, 0x00000000c5380000, 0x00000000eb900000)
  object space 42496K, 12% used [0x00000000c2a00000,0x00000000c2f48bf8,0x00000000c5380000)
 Metaspace       used 13772K, capacity 14206K, committed 14336K, reserved 1062912K
  class space    used 1590K, capacity 1707K, committed 1792K, reserved 1048576K
}
Event: 41.115 GC heap before
{Heap before GC invocations=8 (full 1):
 PSYoungGen      total 63488K, used 63464K [0x00000000eb900000, 0x00000000f0100000, 0x0000000100000000)
  eden space 60928K, 100% used [0x00000000eb900000,0x00000000ef480000,0x00000000ef480000)
  from space 2560K, 99% used [0x00000000ef980000,0x00000000efbfa050,0x00000000efc00000)
  to   space 5120K, 0% used [0x00000000ef480000,0x00000000ef480000,0x00000000ef980000)
 ParOldGen       total 42496K, used 5410K [0x00000000c2a00000, 0x00000000c5380000, 0x00000000eb900000)
  object space 42496K, 12% used [0x00000000c2a00000,0x00000000c2f48bf8,0x00000000c5380000)
 Metaspace       used 13773K, capacity 14206K, committed 14336K, reserved 1062912K
  class space    used 1590K, capacity 1707K, committed 1792K, reserved 1048576K
Event: 41.120 GC heap after
Heap after GC invocations=8 (full 1):
 PSYoungGen      total 66048K, used 2632K [0x00000000eb900000, 0x00000000f3a00000, 0x0000000100000000)
  eden space 60928K, 0% used [0x00000000eb900000,0x00000000eb900000,0x00000000ef480000)
  from space 5120K, 51% used [0x00000000ef480000,0x00000000ef712050,0x00000000ef980000)
  to   space 5120K, 0% used [0x00000000f3500000,0x00000000f3500000,0x00000000f3a00000)
 ParOldGen       total 42496K, used 5418K [0x00000000c2a00000, 0x00000000c5380000, 0x00000000eb900000)
  object space 42496K, 12% used [0x00000000c2a00000,0x00000000c2f4abf8,0x00000000c5380000)
 Metaspace       used 13773K, capacity 14206K, committed 14336K, reserved 1062912K
  class space    used 1590K, capacity 1707K, committed 1792K, reserved 1048576K
}
Event: 41.575 GC heap before
{Heap before GC invocations=9 (full 1):
 PSYoungGen      total 66048K, used 63560K [0x00000000eb900000, 0x00000000f3a00000, 0x0000000100000000)
  eden space 60928K, 100% used [0x00000000eb900000,0x00000000ef480000,0x00000000ef480000)
  from space 5120K, 51% used [0x00000000ef480000,0x00000000ef712050,0x00000000ef980000)
  to   space 5120K, 0% used [0x00000000f3500000,0x00000000f3500000,0x00000000f3a00000)
 ParOldGen       total 42496K, used 5418K [0x00000000c2a00000, 0x00000000c5380000, 0x00000000eb900000)
  object space 42496K, 12% used [0x00000000c2a00000,0x00000000c2f4abf8,0x00000000c5380000)
 Metaspace       used 13787K, capacity 14206K, committed 14336K, reserved 1062912K
  class space    used 1590K, capacity 1707K, committed 1792K, reserved 1048576K
Event: 41.589 GC heap after
Heap after GC invocations=9 (full 1):
 PSYoungGen      total 126464K, used 928K [0x00000000eb900000, 0x00000000f3b00000, 0x0000000100000000)
  eden space 121344K, 0% used [0x00000000eb900000,0x00000000eb900000,0x00000000f2f80000)
  from space 5120K, 18% used [0x00000000f3500000,0x00000000f35e8000,0x00000000f3a00000)
  to   space 5632K, 0% used [0x00000000f2f80000,0x00000000f2f80000,0x00000000f3500000)
 ParOldGen       total 42496K, used 7169K [0x00000000c2a00000, 0x00000000c5380000, 0x00000000eb900000)
  object space 42496K, 16% used [0x00000000c2a00000,0x00000000c3100650,0x00000000c5380000)
 Metaspace       used 13787K, capacity 14206K, committed 14336K, reserved 1062912K
  class space    used 1590K, capacity 1707K, committed 1792K, reserved 1048576K
}
Event: 42.056 GC heap before
{Heap before GC invocations=10 (full 1):
 PSYoungGen      total 126464K, used 122272K [0x00000000eb900000, 0x00000000f3b00000, 0x0000000100000000)
  eden space 121344K, 100% used [0x00000000eb900000,0x00000000f2f80000,0x00000000f2f80000)
  from space 5120K, 18% used [0x00000000f3500000,0x00000000f35e8000,0x00000000f3a00000)
  to   space 5632K, 0% used [0x00000000f2f80000,0x00000000f2f80000,0x00000000f3500000)
 ParOldGen       total 42496K, used 7169K [0x00000000c2a00000, 0x00000000c5380000, 0x00000000eb900000)
  object space 42496K, 16% used [0x00000000c2a00000,0x00000000c3100650,0x00000000c5380000)
 Metaspace       used 13791K, capacity 14206K, committed 14336K, reserved 1062912K
  class space    used 1590K, capacity 1707K, committed 1792K, reserved 1048576K
Event: 42.060 GC heap after
Heap after GC invocations=10 (full 1):
 PSYoungGen      total 126976K, used 192K [0x00000000eb900000, 0x00000000fb100000, 0x0000000100000000)
  eden space 121344K, 0% used [0x00000000eb900000,0x00000000eb900000,0x00000000f2f80000)
  from space 5632K, 3% used [0x00000000f2f80000,0x00000000f2fb0000,0x00000000f3500000)
  to   space 5632K, 0% used [0x00000000fab80000,0x00000000fab80000,0x00000000fb100000)
 ParOldGen       total 42496K, used 7921K [0x00000000c2a00000, 0x00000000c5380000, 0x00000000eb900000)
  object space 42496K, 18% used [0x00000000c2a00000,0x00000000c31bc660,0x00000000c5380000)
 Metaspace       used 13791K, capacity 14206K, committed 14336K, reserved 1062912K
  class space    used 1590K, capacity 1707K, committed 1792K, reserved 1048576K
}
Event: 42.717 GC heap before
{Heap before GC invocations=11 (full 1):
 PSYoungGen      total 126976K, used 121536K [0x00000000eb900000, 0x00000000fb100000, 0x0000000100000000)
  eden space 121344K, 100% used [0x00000000eb900000,0x00000000f2f80000,0x00000000f2f80000)
  from space 5632K, 3% used [0x00000000f2f80000,0x00000000f2fb0000,0x00000000f3500000)
  to   space 5632K, 0% used [0x00000000fab80000,0x00000000fab80000,0x00000000fb100000)
 ParOldGen       total 42496K, used 7921K [0x00000000c2a00000, 0x00000000c5380000, 0x00000000eb900000)
  object space 42496K, 18% used [0x00000000c2a00000,0x00000000c31bc660,0x00000000c5380000)
 Metaspace       used 13792K, capacity 14206K, committed 14336K, reserved 1062912K
  class space    used 1590K, capacity 1707K, committed 1792K, reserved 1048576K
Event: 42.718 GC heap after
Heap after GC invocations=11 (full 1):
 PSYoungGen      total 195072K, used 256K [0x00000000eb900000, 0x00000000fac00000, 0x0000000100000000)
  eden space 194560K, 0% used [0x00000000eb900000,0x00000000eb900000,0x00000000f7700000)
  from space 512K, 50% used [0x00000000fab80000,0x00000000fabc0000,0x00000000fac00000)
  to   space 5632K, 0% used [0x00000000fa100000,0x00000000fa100000,0x00000000fa680000)
 ParOldGen       total 42496K, used 7961K [0x00000000c2a00000, 0x00000000c5380000, 0x00000000eb900000)
  object space 42496K, 18% used [0x00000000c2a00000,0x00000000c31c6660,0x00000000c5380000)
 Metaspace       used 13792K, capacity 14206K, committed 14336K, reserved 1062912K
  class space    used 1590K, capacity 1707K, committed 1792K, reserved 1048576K
}
Event: 44.299 GC heap before
{Heap before GC invocations=12 (full 1):
 PSYoungGen      total 195072K, used 194816K [0x00000000eb900000, 0x00000000fac00000, 0x0000000100000000)
  eden space 194560K, 100% used [0x00000000eb900000,0x00000000f7700000,0x00000000f7700000)
  from space 512K, 50% used [0x00000000fab80000,0x00000000fabc0000,0x00000000fac00000)
  to   space 5632K, 0% used [0x00000000fa100000,0x00000000fa100000,0x00000000fa680000)
 ParOldGen       total 42496K, used 7961K [0x00000000c2a00000, 0x00000000c5380000, 0x00000000eb900000)
  object space 42496K, 18% used [0x00000000c2a00000,0x00000000c31c6660,0x00000000c5380000)
 Metaspace       used 13798K, capacity 14206K, committed 14336K, reserved 1062912K
  class space    used 1590K, capacity 1707K, committed 1792K, reserved 1048576K

