# JRE version: Java(TM) SE Runtime Environment (8.0_201-b09) (build 1.8.0_201-b09)
# Java VM: Java HotSpot(TM) 64-Bit Server VM (25.201-b09 mixed mode linux-amd64 compressed oops)
Heap:
 PSYoungGen      total 229888K, used 15316K [0x00000000eb900000, 0x00000000fdb80000, 0x0000000100000000)
  eden space 214528K, 0% used [0x00000000eb900000,0x00000000eb900000,0x00000000f8a80000)
  from space 15360K, 99% used [0x00000000fae80000,0x00000000fbd750c8,0x00000000fbd80000)
  to   space 36864K, 0% used [0x00000000f8a80000,0x00000000f8a80000,0x00000000fae80000)
 ParOldGen       total 88064K, used 86810K [0x00000000c2a00000, 0x00000000c8000000, 0x00000000eb900000)
  object space 88064K, 98% used [0x00000000c2a00000,0x00000000c7ec69c8,0x00000000c8000000)
 Metaspace       used 15260K, capacity 15802K, committed 16000K, reserved 1062912K
  class space    used 1661K, capacity 1829K, committed 1920K, reserved 1048576K
GC Heap History (10 events):
Event: 62.058 GC heap after
Heap after GC invocations=12 (full 1):
 PSYoungGen      total 120320K, used 6676K [0x00000000eb900000, 0x00000000f5e00000, 0x0000000100000000)
  eden space 109568K, 0% used [0x00000000eb900000,0x00000000eb900000,0x00000000f2400000)
  from space 10752K, 62% used [0x00000000f2400000,0x00000000f2a852a8,0x00000000f2e80000)
  to   space 10752K, 0% used [0x00000000f5380000,0x00000000f5380000,0x00000000f5e00000)
 ParOldGen       total 42496K, used 22755K [0x00000000c2a00000, 0x00000000c5380000, 0x00000000eb900000)
  object space 42496K, 53% used [0x00000000c2a00000,0x00000000c4038f78,0x00000000c5380000)
 Metaspace       used 15115K, capacity 15616K, committed 15744K, reserved 1062912K
  class space    used 1655K, capacity 1794K, committed 1920K, reserved 1048576K
}
Event: 80.298 GC heap before
{Heap before GC invocations=13 (full 1):
 PSYoungGen      total 120320K, used 116244K [0x00000000eb900000, 0x00000000f5e00000, 0x0000000100000000)
  eden space 109568K, 100% used [0x00000000eb900000,0x00000000f2400000,0x00000000f2400000)
  from space 10752K, 62% used [0x00000000f2400000,0x00000000f2a852a8,0x00000000f2e80000)
  to   space 10752K, 0% used [0x00000000f5380000,0x00000000f5380000,0x00000000f5e00000)
 ParOldGen       total 42496K, used 22755K [0x00000000c2a00000, 0x00000000c5380000, 0x00000000eb900000)
  object space 42496K, 53% used [0x00000000c2a00000,0x00000000c4038f78,0x00000000c5380000)
 Metaspace       used 15130K, capacity 15624K, committed 16000K, reserved 1062912K
  class space    used 1655K, capacity 1794K, committed 1920K, reserved 1048576K
Event: 80.315 GC heap after
Heap after GC invocations=13 (full 1):
 PSYoungGen      total 158208K, used 2566K [0x00000000eb900000, 0x00000000f7980000, 0x0000000100000000)
  eden space 147456K, 0% used [0x00000000eb900000,0x00000000eb900000,0x00000000f4900000)
  from space 10752K, 23% used [0x00000000f5380000,0x00000000f5601830,0x00000000f5e00000)
  to   space 10752K, 0% used [0x00000000f4900000,0x00000000f4900000,0x00000000f5380000)
 ParOldGen       total 42496K, used 27076K [0x00000000c2a00000, 0x00000000c5380000, 0x00000000eb900000)
  object space 42496K, 63% used [0x00000000c2a00000,0x00000000c4471250,0x00000000c5380000)
 Metaspace       used 15130K, capacity 15624K, committed 16000K, reserved 1062912K
  class space    used 1655K, capacity 1794K, committed 1920K, reserved 1048576K
}
Event: 118.119 GC heap before
{Heap before GC invocations=14 (full 1):
 PSYoungGen      total 158208K, used 150022K [0x00000000eb900000, 0x00000000f7980000, 0x0000000100000000)
  eden space 147456K, 100% used [0x00000000eb900000,0x00000000f4900000,0x00000000f4900000)
  from space 10752K, 23% used [0x00000000f5380000,0x00000000f5601830,0x00000000f5e00000)
  to   space 10752K, 0% used [0x00000000f4900000,0x00000000f4900000,0x00000000f5380000)
 ParOldGen       total 42496K, used 27076K [0x00000000c2a00000, 0x00000000c5380000, 0x00000000eb900000)
  object space 42496K, 63% used [0x00000000c2a00000,0x00000000c4471250,0x00000000c5380000)
 Metaspace       used 15249K, capacity 15796K, committed 16000K, reserved 1062912K
  class space    used 1659K, capacity 1828K, committed 1920K, reserved 1048576K
Event: 118.176 GC heap after
Heap after GC invocations=14 (full 1):
 PSYoungGen      total 158208K, used 10752K [0x00000000eb900000, 0x00000000fbd80000, 0x0000000100000000)
  eden space 147456K, 0% used [0x00000000eb900000,0x00000000eb900000,0x00000000f4900000)
  from space 10752K, 100% used [0x00000000f4900000,0x00000000f5380000,0x00000000f5380000)
  to   space 15360K, 0% used [0x00000000fae80000,0x00000000fae80000,0x00000000fbd80000)
 ParOldGen       total 42496K, used 35504K [0x00000000c2a00000, 0x00000000c5380000, 0x00000000eb900000)
  object space 42496K, 83% used [0x00000000c2a00000,0x00000000c4cac3f8,0x00000000c5380000)
 Metaspace       used 15249K, capacity 15796K, committed 16000K, reserved 1062912K
  class space    used 1659K, capacity 1828K, committed 1920K, reserved 1048576K
}
Event: 118.176 GC heap before
{Heap before GC invocations=15 (full 2):
 PSYoungGen      total 158208K, used 10752K [0x00000000eb900000, 0x00000000fbd80000, 0x0000000100000000)
  eden space 147456K, 0% used [0x00000000eb900000,0x00000000eb900000,0x00000000f4900000)
  from space 10752K, 100% used [0x00000000f4900000,0x00000000f5380000,0x00000000f5380000)
  to   space 15360K, 0% used [0x00000000fae80000,0x00000000fae80000,0x00000000fbd80000)
 ParOldGen       total 42496K, used 35504K [0x00000000c2a00000, 0x00000000c5380000, 0x00000000eb900000)
  object space 42496K, 83% used [0x00000000c2a00000,0x00000000c4cac3f8,0x00000000c5380000)
 Metaspace       used 15249K, capacity 15796K, committed 16000K, reserved 1062912K
  class space    used 1659K, capacity 1828K, committed 1920K, reserved 1048576K
Event: 118.424 GC heap after
Heap after GC invocations=15 (full 2):
 PSYoungGen      total 158208K, used 0K [0x00000000eb900000, 0x00000000fbd80000, 0x0000000100000000)
  eden space 147456K, 0% used [0x00000000eb900000,0x00000000eb900000,0x00000000f4900000)
  from space 10752K, 0% used [0x00000000f4900000,0x00000000f4900000,0x00000000f5380000)
  to   space 15360K, 0% used [0x00000000fae80000,0x00000000fae80000,0x00000000fbd80000)
 ParOldGen       total 62464K, used 36265K [0x00000000c2a00000, 0x00000000c6700000, 0x00000000eb900000)
  object space 62464K, 58% used [0x00000000c2a00000,0x00000000c4d6a4e8,0x00000000c6700000)
 Metaspace       used 15249K, capacity 15796K, committed 16000K, reserved 1062912K
  class space    used 1659K, capacity 1828K, committed 1920K, reserved 1048576K
}
Event: 132.390 GC heap before
{Heap before GC invocations=16 (full 2):
 PSYoungGen      total 158208K, used 147456K [0x00000000eb900000, 0x00000000fbd80000, 0x0000000100000000)
  eden space 147456K, 100% used [0x00000000eb900000,0x00000000f4900000,0x00000000f4900000)
  from space 10752K, 0% used [0x00000000f4900000,0x00000000f4900000,0x00000000f5380000)
  to   space 15360K, 0% used [0x00000000fae80000,0x00000000fae80000,0x00000000fbd80000)
 ParOldGen       total 62464K, used 36265K [0x00000000c2a00000, 0x00000000c6700000, 0x00000000eb900000)
  object space 62464K, 58% used [0x00000000c2a00000,0x00000000c4d6a4e8,0x00000000c6700000)
 Metaspace       used 15260K, capacity 15802K, committed 16000K, reserved 1062912K
  class space    used 1661K, capacity 1829K, committed 1920K, reserved 1048576K
Event: 132.590 GC heap after
Heap after GC invocations=16 (full 2):
 PSYoungGen      total 229888K, used 15328K [0x00000000eb900000, 0x00000000fdb80000, 0x0000000100000000)
  eden space 214528K, 0% used [0x00000000eb900000,0x00000000eb900000,0x00000000f8a80000)
  from space 15360K, 99% used [0x00000000fae80000,0x00000000fbd78070,0x00000000fbd80000)
  to   space 36864K, 0% used [0x00000000f8a80000,0x00000000f8a80000,0x00000000fae80000)
 ParOldGen       total 88064K, used 87080K [0x00000000c2a00000, 0x00000000c8000000, 0x00000000eb900000)
  object space 88064K, 98% used [0x00000000c2a00000,0x00000000c7f0a0a8,0x00000000c8000000)
 Metaspace       used 15260K, capacity 15802K, committed 16000K, reserved 1062912K
  class space    used 1661K, capacity 1829K, committed 1920K, reserved 1048576K
}
Event: 132.591 GC heap before
{Heap before GC invocations=17 (full 3):
 PSYoungGen      total 229888K, used 15328K [0x00000000eb900000, 0x00000000fdb80000, 0x0000000100000000)
  eden space 214528K, 0% used [0x00000000eb900000,0x00000000eb900000,0x00000000f8a80000)
  from space 15360K, 99% used [0x00000000fae80000,0x00000000fbd78070,0x00000000fbd80000)
  to   space 36864K, 0% used [0x00000000f8a80000,0x00000000f8a80000,0x00000000fae80000)
 ParOldGen       total 88064K, used 87080K [0x00000000c2a00000, 0x00000000c8000000, 0x00000000eb900000)
  object space 88064K, 98% used [0x00000000c2a00000,0x00000000c7f0a0a8,0x00000000c8000000)
 Metaspace       used 15260K, capacity 15802K, committed 16000K, reserved 1062912K
  class space    used 1661K, capacity 1829K, committed 1920K, reserved 1048576K

