# JRE version: Java(TM) SE Runtime Environment (8.0_201-b09) (build 1.8.0_201-b09)
# Java VM: Java HotSpot(TM) 64-Bit Server VM (25.201-b09 mixed mode linux-amd64 compressed oops)
Heap:
 PSYoungGen      total 254976K, used 55882K [0x00000000eb900000, 0x00000000ffa00000, 0x0000000100000000)
  eden space 181248K, 0% used [0x00000000eb900000,0x00000000eb900000,0x00000000f6a00000)
  from space 73728K, 75% used [0x00000000f6a00000,0x00000000fa092be0,0x00000000fb200000)
  to   space 70144K, 0% used [0x00000000fb580000,0x00000000fb580000,0x00000000ffa00000)
 ParOldGen       total 197632K, used 166634K [0x00000000c2a00000, 0x00000000ceb00000, 0x00000000eb900000)
  object space 197632K, 84% used [0x00000000c2a00000,0x00000000cccbabd0,0x00000000ceb00000)
 Metaspace       used 35850K, capacity 37034K, committed 37376K, reserved 1083392K
  class space    used 4007K, capacity 4269K, committed 4352K, reserved 1048576K
GC Heap History (10 events):
Event: 143.885 GC heap after
Heap after GC invocations=66 (full 4):
 PSYoungGen      total 239104K, used 42081K [0x00000000eb900000, 0x00000000ff880000, 0x0000000100000000)
  eden space 160256K, 0% used [0x00000000eb900000,0x00000000eb900000,0x00000000f5580000)
  from space 78848K, 53% used [0x00000000fab80000,0x00000000fd498680,0x00000000ff880000)
  to   space 83456K, 0% used [0x00000000f5580000,0x00000000f5580000,0x00000000fa700000)
 ParOldGen       total 197632K, used 154226K [0x00000000c2a00000, 0x00000000ceb00000, 0x00000000eb900000)
  object space 197632K, 78% used [0x00000000c2a00000,0x00000000cc09c930,0x00000000ceb00000)
 Metaspace       used 28994K, capacity 30118K, committed 30336K, reserved 1075200K
  class space    used 3332K, capacity 3591K, committed 3712K, reserved 1048576K
}
Event: 144.974 GC heap before
{Heap before GC invocations=67 (full 4):
 PSYoungGen      total 239104K, used 202337K [0x00000000eb900000, 0x00000000ff880000, 0x0000000100000000)
  eden space 160256K, 100% used [0x00000000eb900000,0x00000000f5580000,0x00000000f5580000)
  from space 78848K, 53% used [0x00000000fab80000,0x00000000fd498680,0x00000000ff880000)
  to   space 83456K, 0% used [0x00000000f5580000,0x00000000f5580000,0x00000000fa700000)
 ParOldGen       total 197632K, used 154226K [0x00000000c2a00000, 0x00000000ceb00000, 0x00000000eb900000)
  object space 197632K, 78% used [0x00000000c2a00000,0x00000000cc09c930,0x00000000ceb00000)
 Metaspace       used 33095K, capacity 34214K, committed 34432K, reserved 1079296K
  class space    used 3861K, capacity 4103K, committed 4224K, reserved 1048576K
Event: 145.031 GC heap after
Heap after GC invocations=67 (full 4):
 PSYoungGen      total 243712K, used 23526K [0x00000000eb900000, 0x00000000fff80000, 0x0000000100000000)
  eden space 160256K, 0% used [0x00000000eb900000,0x00000000eb900000,0x00000000f5580000)
  from space 83456K, 28% used [0x00000000f5580000,0x00000000f6c79a58,0x00000000fa700000)
  to   space 80896K, 0% used [0x00000000fb080000,0x00000000fb080000,0x00000000fff80000)
 ParOldGen       total 197632K, used 155586K [0x00000000c2a00000, 0x00000000ceb00000, 0x00000000eb900000)
  object space 197632K, 78% used [0x00000000c2a00000,0x00000000cc1f0970,0x00000000ceb00000)
 Metaspace       used 33095K, capacity 34214K, committed 34432K, reserved 1079296K
  class space    used 3861K, capacity 4103K, committed 4224K, reserved 1048576K
}
Event: 147.547 GC heap before
{Heap before GC invocations=68 (full 4):
 PSYoungGen      total 243712K, used 183782K [0x00000000eb900000, 0x00000000fff80000, 0x0000000100000000)
  eden space 160256K, 100% used [0x00000000eb900000,0x00000000f5580000,0x00000000f5580000)
  from space 83456K, 28% used [0x00000000f5580000,0x00000000f6c79a58,0x00000000fa700000)
  to   space 80896K, 0% used [0x00000000fb080000,0x00000000fb080000,0x00000000fff80000)
 ParOldGen       total 197632K, used 155586K [0x00000000c2a00000, 0x00000000ceb00000, 0x00000000eb900000)
  object space 197632K, 78% used [0x00000000c2a00000,0x00000000cc1f0970,0x00000000ceb00000)
 Metaspace       used 35053K, capacity 36242K, committed 36608K, reserved 1081344K
  class space    used 4000K, capacity 4265K, committed 4352K, reserved 1048576K
Event: 147.667 GC heap after
Heap after GC invocations=68 (full 4):
 PSYoungGen      total 242176K, used 37319K [0x00000000eb900000, 0x00000000ff680000, 0x0000000100000000)
  eden space 170496K, 0% used [0x00000000eb900000,0x00000000eb900000,0x00000000f5f80000)
  from space 71680K, 52% used [0x00000000fb080000,0x00000000fd4f1f98,0x00000000ff680000)
  to   space 77312K, 0% used [0x00000000f5f80000,0x00000000f5f80000,0x00000000fab00000)
 ParOldGen       total 197632K, used 155706K [0x00000000c2a00000, 0x00000000ceb00000, 0x00000000eb900000)
  object space 197632K, 78% used [0x00000000c2a00000,0x00000000cc20e970,0x00000000ceb00000)
 Metaspace       used 35053K, capacity 36242K, committed 36608K, reserved 1081344K
  class space    used 4000K, capacity 4265K, committed 4352K, reserved 1048576K
}
Event: 149.992 GC heap before
{Heap before GC invocations=69 (full 4):
 PSYoungGen      total 242176K, used 207815K [0x00000000eb900000, 0x00000000ff680000, 0x0000000100000000)
  eden space 170496K, 100% used [0x00000000eb900000,0x00000000f5f80000,0x00000000f5f80000)
  from space 71680K, 52% used [0x00000000fb080000,0x00000000fd4f1f98,0x00000000ff680000)
  to   space 77312K, 0% used [0x00000000f5f80000,0x00000000f5f80000,0x00000000fab00000)
 ParOldGen       total 197632K, used 155706K [0x00000000c2a00000, 0x00000000ceb00000, 0x00000000eb900000)
  object space 197632K, 78% used [0x00000000c2a00000,0x00000000cc20e970,0x00000000ceb00000)
 Metaspace       used 35430K, capacity 36574K, committed 36864K, reserved 1081344K
  class space    used 4004K, capacity 4267K, committed 4352K, reserved 1048576K
Event: 150.081 GC heap after
Heap after GC invocations=69 (full 4):
 PSYoungGen      total 247808K, used 44041K [0x00000000eb900000, 0x0000000100000000, 0x0000000100000000)
  eden space 170496K, 0% used [0x00000000eb900000,0x00000000eb900000,0x00000000f5f80000)
  from space 77312K, 56% used [0x00000000f5f80000,0x00000000f8a82660,0x00000000fab00000)
  to   space 76288K, 0% used [0x00000000fb580000,0x00000000fb580000,0x0000000100000000)
 ParOldGen       total 197632K, used 160346K [0x00000000c2a00000, 0x00000000ceb00000, 0x00000000eb900000)
  object space 197632K, 81% used [0x00000000c2a00000,0x00000000cc696a70,0x00000000ceb00000)
 Metaspace       used 35430K, capacity 36574K, committed 36864K, reserved 1081344K
  class space    used 4004K, capacity 4267K, committed 4352K, reserved 1048576K
}
Event: 154.099 GC heap before
{Heap before GC invocations=70 (full 4):
 PSYoungGen      total 247808K, used 214537K [0x00000000eb900000, 0x0000000100000000, 0x0000000100000000)
  eden space 170496K, 100% used [0x00000000eb900000,0x00000000f5f80000,0x00000000f5f80000)
  from space 77312K, 56% used [0x00000000f5f80000,0x00000000f8a82660,0x00000000fab00000)
  to   space 76288K, 0% used [0x00000000fb580000,0x00000000fb580000,0x0000000100000000)
 ParOldGen       total 197632K, used 160346K [0x00000000c2a00000, 0x00000000ceb00000, 0x00000000eb900000)
  object space 197632K, 81% used [0x00000000c2a00000,0x00000000cc696a70,0x00000000ceb00000)
 Metaspace       used 35580K, capacity 36772K, committed 37120K, reserved 1081344K
  class space    used 4005K, capacity 4268K, committed 4352K, reserved 1048576K
Event: 154.203 GC heap after
Heap after GC invocations=70 (full 4):
 PSYoungGen      total 251392K, used 40227K [0x00000000eb900000, 0x00000000ffa00000, 0x0000000100000000)
  eden space 181248K, 0% used [0x00000000eb900000,0x00000000eb900000,0x00000000f6a00000)
  from space 70144K, 57% used [0x00000000fb580000,0x00000000fdcc8d40,0x00000000ffa00000)
  to   space 73728K, 0% used [0x00000000f6a00000,0x00000000f6a00000,0x00000000fb200000)
 ParOldGen       total 197632K, used 166626K [0x00000000c2a00000, 0x00000000ceb00000, 0x00000000eb900000)
  object space 197632K, 84% used [0x00000000c2a00000,0x00000000cccb8bd0,0x00000000ceb00000)
 Metaspace       used 35580K, capacity 36772K, committed 37120K, reserved 1081344K
  class space    used 4005K, capacity 4268K, committed 4352K, reserved 1048576K
}
Event: 160.615 GC heap before
{Heap before GC invocations=71 (full 4):
 PSYoungGen      total 251392K, used 221475K [0x00000000eb900000, 0x00000000ffa00000, 0x0000000100000000)
  eden space 181248K, 100% used [0x00000000eb900000,0x00000000f6a00000,0x00000000f6a00000)
  from space 70144K, 57% used [0x00000000fb580000,0x00000000fdcc8d40,0x00000000ffa00000)
  to   space 73728K, 0% used [0x00000000f6a00000,0x00000000f6a00000,0x00000000fb200000)
 ParOldGen       total 197632K, used 166626K [0x00000000c2a00000, 0x00000000ceb00000, 0x00000000eb900000)
  object space 197632K, 84% used [0x00000000c2a00000,0x00000000cccb8bd0,0x00000000ceb00000)
 Metaspace       used 35850K, capacity 37034K, committed 37376K, reserved 1083392K
  class space    used 4007K, capacity 4269K, committed 4352K, reserved 1048576K

