# JRE version: Java(TM) SE Runtime Environment (8.0_201-b09) (build 1.8.0_201-b09)
# Java VM: Java HotSpot(TM) 64-Bit Server VM (25.201-b09 mixed mode linux-amd64 compressed oops)
Heap:
 PSYoungGen      total 63488K, used 6112K [0x00000000eb900000, 0x00000000efe00000, 0x0000000100000000)
  eden space 57344K, 0% used [0x00000000eb900000,0x00000000eb900000,0x00000000ef100000)
  from space 6144K, 99% used [0x00000000ef100000,0x00000000ef6f8110,0x00000000ef700000)
  to   space 5120K, 0% used [0x00000000ef700000,0x00000000ef700000,0x00000000efc00000)
 ParOldGen       total 42496K, used 14044K [0x00000000c2a00000, 0x00000000c5380000, 0x00000000eb900000)
  object space 42496K, 33% used [0x00000000c2a00000,0x00000000c37b71f0,0x00000000c5380000)
 Metaspace       used 13945K, capacity 14310K, committed 14592K, reserved 1062912K
  class space    used 1585K, capacity 1703K, committed 1792K, reserved 1048576K
GC Heap History (10 events):
Event: 37.277 GC heap after
Heap after GC invocations=5 (full 1):
 PSYoungGen      total 18432K, used 2560K [0x00000000eb900000, 0x00000000ecd80000, 0x0000000100000000)
  eden space 15872K, 0% used [0x00000000eb900000,0x00000000eb900000,0x00000000ec880000)
  from space 2560K, 100% used [0x00000000ecb00000,0x00000000ecd80000,0x00000000ecd80000)
  to   space 2560K, 0% used [0x00000000ec880000,0x00000000ec880000,0x00000000ecb00000)
 ParOldGen       total 42496K, used 7145K [0x00000000c2a00000, 0x00000000c5380000, 0x00000000eb900000)
  object space 42496K, 16% used [0x00000000c2a00000,0x00000000c30fa558,0x00000000c5380000)
 Metaspace       used 13675K, capacity 14054K, committed 14336K, reserved 1062912K
  class space    used 1585K, capacity 1703K, committed 1792K, reserved 1048576K
}
Event: 37.693 GC heap before
{Heap before GC invocations=6 (full 1):
 PSYoungGen      total 18432K, used 18432K [0x00000000eb900000, 0x00000000ecd80000, 0x0000000100000000)
  eden space 15872K, 100% used [0x00000000eb900000,0x00000000ec880000,0x00000000ec880000)
  from space 2560K, 100% used [0x00000000ecb00000,0x00000000ecd80000,0x00000000ecd80000)
  to   space 2560K, 0% used [0x00000000ec880000,0x00000000ec880000,0x00000000ecb00000)
 ParOldGen       total 42496K, used 7145K [0x00000000c2a00000, 0x00000000c5380000, 0x00000000eb900000)
  object space 42496K, 16% used [0x00000000c2a00000,0x00000000c30fa558,0x00000000c5380000)
 Metaspace       used 13765K, capacity 14182K, committed 14336K, reserved 1062912K
  class space    used 1585K, capacity 1703K, committed 1792K, reserved 1048576K
Event: 37.714 GC heap after
Heap after GC invocations=6 (full 1):
 PSYoungGen      total 18432K, used 2544K [0x00000000eb900000, 0x00000000edd00000, 0x0000000100000000)
  eden space 15872K, 0% used [0x00000000eb900000,0x00000000eb900000,0x00000000ec880000)
  from space 2560K, 99% used [0x00000000ec880000,0x00000000ecafc010,0x00000000ecb00000)
  to   space 2560K, 0% used [0x00000000eda80000,0x00000000eda80000,0x00000000edd00000)
 ParOldGen       total 42496K, used 8294K [0x00000000c2a00000, 0x00000000c5380000, 0x00000000eb900000)
  object space 42496K, 19% used [0x00000000c2a00000,0x00000000c32199a0,0x00000000c5380000)
 Metaspace       used 13765K, capacity 14182K, committed 14336K, reserved 1062912K
  class space    used 1585K, capacity 1703K, committed 1792K, reserved 1048576K
}
Event: 38.064 GC heap before
{Heap before GC invocations=7 (full 1):
 PSYoungGen      total 18432K, used 18416K [0x00000000eb900000, 0x00000000edd00000, 0x0000000100000000)
  eden space 15872K, 100% used [0x00000000eb900000,0x00000000ec880000,0x00000000ec880000)
  from space 2560K, 99% used [0x00000000ec880000,0x00000000ecafc010,0x00000000ecb00000)
  to   space 2560K, 0% used [0x00000000eda80000,0x00000000eda80000,0x00000000edd00000)
 ParOldGen       total 42496K, used 8294K [0x00000000c2a00000, 0x00000000c5380000, 0x00000000eb900000)
  object space 42496K, 19% used [0x00000000c2a00000,0x00000000c32199a0,0x00000000c5380000)
 Metaspace       used 13806K, capacity 14182K, committed 14336K, reserved 1062912K
  class space    used 1585K, capacity 1703K, committed 1792K, reserved 1048576K
Event: 38.088 GC heap after
Heap after GC invocations=7 (full 1):
 PSYoungGen      total 31744K, used 2560K [0x00000000eb900000, 0x00000000ee200000, 0x0000000100000000)
  eden space 29184K, 0% used [0x00000000eb900000,0x00000000eb900000,0x00000000ed580000)
  from space 2560K, 100% used [0x00000000eda80000,0x00000000edd00000,0x00000000edd00000)
  to   space 5120K, 0% used [0x00000000ed580000,0x00000000ed580000,0x00000000eda80000)
 ParOldGen       total 42496K, used 9568K [0x00000000c2a00000, 0x00000000c5380000, 0x00000000eb900000)
  object space 42496K, 22% used [0x00000000c2a00000,0x00000000c33580b0,0x00000000c5380000)
 Metaspace       used 13806K, capacity 14182K, committed 14336K, reserved 1062912K
  class space    used 1585K, capacity 1703K, committed 1792K, reserved 1048576K
}
Event: 38.570 GC heap before
{Heap before GC invocations=8 (full 1):
 PSYoungGen      total 31744K, used 31744K [0x00000000eb900000, 0x00000000ee200000, 0x0000000100000000)
  eden space 29184K, 100% used [0x00000000eb900000,0x00000000ed580000,0x00000000ed580000)
  from space 2560K, 100% used [0x00000000eda80000,0x00000000edd00000,0x00000000edd00000)
  to   space 5120K, 0% used [0x00000000ed580000,0x00000000ed580000,0x00000000eda80000)
 ParOldGen       total 42496K, used 9568K [0x00000000c2a00000, 0x00000000c5380000, 0x00000000eb900000)
  object space 42496K, 22% used [0x00000000c2a00000,0x00000000c33580b0,0x00000000c5380000)
 Metaspace       used 13878K, capacity 14246K, committed 14336K, reserved 1062912K
  class space    used 1585K, capacity 1703K, committed 1792K, reserved 1048576K
Event: 38.606 GC heap after
Heap after GC invocations=8 (full 1):
 PSYoungGen      total 34304K, used 4352K [0x00000000eb900000, 0x00000000efc00000, 0x0000000100000000)
  eden space 29184K, 0% used [0x00000000eb900000,0x00000000eb900000,0x00000000ed580000)
  from space 5120K, 85% used [0x00000000ed580000,0x00000000ed9c0010,0x00000000eda80000)
  to   space 5120K, 0% used [0x00000000ef700000,0x00000000ef700000,0x00000000efc00000)
 ParOldGen       total 42496K, used 9576K [0x00000000c2a00000, 0x00000000c5380000, 0x00000000eb900000)
  object space 42496K, 22% used [0x00000000c2a00000,0x00000000c335a0b0,0x00000000c5380000)
 Metaspace       used 13878K, capacity 14246K, committed 14336K, reserved 1062912K
  class space    used 1585K, capacity 1703K, committed 1792K, reserved 1048576K
}
Event: 38.930 GC heap before
{Heap before GC invocations=9 (full 1):
 PSYoungGen      total 34304K, used 33536K [0x00000000eb900000, 0x00000000efc00000, 0x0000000100000000)
  eden space 29184K, 100% used [0x00000000eb900000,0x00000000ed580000,0x00000000ed580000)
  from space 5120K, 85% used [0x00000000ed580000,0x00000000ed9c0010,0x00000000eda80000)
  to   space 5120K, 0% used [0x00000000ef700000,0x00000000ef700000,0x00000000efc00000)
 ParOldGen       total 42496K, used 9576K [0x00000000c2a00000, 0x00000000c5380000, 0x00000000eb900000)
  object space 42496K, 22% used [0x00000000c2a00000,0x00000000c335a0b0,0x00000000c5380000)
 Metaspace       used 13911K, capacity 14310K, committed 14592K, reserved 1062912K
  class space    used 1585K, capacity 1703K, committed 1792K, reserved 1048576K
Event: 38.942 GC heap after
Heap after GC invocations=9 (full 1):
 PSYoungGen      total 62464K, used 5088K [0x00000000eb900000, 0x00000000efe00000, 0x0000000100000000)
  eden space 57344K, 0% used [0x00000000eb900000,0x00000000eb900000,0x00000000ef100000)
  from space 5120K, 99% used [0x00000000ef700000,0x00000000efbf8090,0x00000000efc00000)
  to   space 6144K, 0% used [0x00000000ef100000,0x00000000ef100000,0x00000000ef700000)
 ParOldGen       total 42496K, used 10795K [0x00000000c2a00000, 0x00000000c5380000, 0x00000000eb900000)
  object space 42496K, 25% used [0x00000000c2a00000,0x00000000c348acb0,0x00000000c5380000)
 Metaspace       used 13911K, capacity 14310K, committed 14592K, reserved 1062912K
  class space    used 1585K, capacity 1703K, committed 1792K, reserved 1048576K
}
Event: 39.682 GC heap before
{Heap before GC invocations=10 (full 1):
 PSYoungGen      total 62464K, used 62432K [0x00000000eb900000, 0x00000000efe00000, 0x0000000100000000)
  eden space 57344K, 100% used [0x00000000eb900000,0x00000000ef100000,0x00000000ef100000)
  from space 5120K, 99% used [0x00000000ef700000,0x00000000efbf8090,0x00000000efc00000)
  to   space 6144K, 0% used [0x00000000ef100000,0x00000000ef100000,0x00000000ef700000)
 ParOldGen       total 42496K, used 10795K [0x00000000c2a00000, 0x00000000c5380000, 0x00000000eb900000)
  object space 42496K, 25% used [0x00000000c2a00000,0x00000000c348acb0,0x00000000c5380000)
 Metaspace       used 13945K, capacity 14310K, committed 14592K, reserved 1062912K
  class space    used 1585K, capacity 1703K, committed 1792K, reserved 1048576K

