# JRE version: Java(TM) SE Runtime Environment (8.0_201-b09) (build 1.8.0_201-b09)
# Java VM: Java HotSpot(TM) 64-Bit Server VM (25.201-b09 mixed mode linux-amd64 compressed oops)
Heap:
 PSYoungGen      total 98816K, used 1408K [0x00000000eb900000, 0x00000000f3480000, 0x0000000100000000)
  eden space 92160K, 0% used [0x00000000eb900000,0x00000000eb900000,0x00000000f1300000)
  from space 6656K, 21% used [0x00000000f2780000,0x00000000f28e0000,0x00000000f2e00000)
  to   space 5120K, 0% used [0x00000000f2f80000,0x00000000f2f80000,0x00000000f3480000)
 ParOldGen       total 42496K, used 18591K [0x00000000c2a00000, 0x00000000c5380000, 0x00000000eb900000)
  object space 42496K, 43% used [0x00000000c2a00000,0x00000000c3c27ec0,0x00000000c5380000)
 Metaspace       used 14213K, capacity 14636K, committed 14848K, reserved 1062912K
  class space    used 1603K, capacity 1704K, committed 1792K, reserved 1048576K
GC Heap History (10 events):
Event: 99.435 GC heap after
Heap after GC invocations=7 (full 1):
 PSYoungGen      total 31232K, used 2544K [0x00000000eb900000, 0x00000000ee300000, 0x0000000100000000)
  eden space 28672K, 0% used [0x00000000eb900000,0x00000000eb900000,0x00000000ed500000)
  from space 2560K, 99% used [0x00000000eda80000,0x00000000edcfc010,0x00000000edd00000)
  to   space 5632K, 0% used [0x00000000ed500000,0x00000000ed500000,0x00000000eda80000)
 ParOldGen       total 42496K, used 10498K [0x00000000c2a00000, 0x00000000c5380000, 0x00000000eb900000)
  object space 42496K, 24% used [0x00000000c2a00000,0x00000000c3440bf0,0x00000000c5380000)
 Metaspace       used 14039K, capacity 14438K, committed 14592K, reserved 1062912K
  class space    used 1602K, capacity 1703K, committed 1792K, reserved 1048576K
}
Event: 99.746 GC heap before
{Heap before GC invocations=8 (full 1):
 PSYoungGen      total 31232K, used 31216K [0x00000000eb900000, 0x00000000ee300000, 0x0000000100000000)
  eden space 28672K, 100% used [0x00000000eb900000,0x00000000ed500000,0x00000000ed500000)
  from space 2560K, 99% used [0x00000000eda80000,0x00000000edcfc010,0x00000000edd00000)
  to   space 5632K, 0% used [0x00000000ed500000,0x00000000ed500000,0x00000000eda80000)
 ParOldGen       total 42496K, used 10498K [0x00000000c2a00000, 0x00000000c5380000, 0x00000000eb900000)
  object space 42496K, 24% used [0x00000000c2a00000,0x00000000c3440bf0,0x00000000c5380000)
 Metaspace       used 14101K, capacity 14502K, committed 14592K, reserved 1062912K
  class space    used 1602K, capacity 1703K, committed 1792K, reserved 1048576K
Event: 99.762 GC heap after
Heap after GC invocations=8 (full 1):
 PSYoungGen      total 34304K, used 4192K [0x00000000eb900000, 0x00000000efc00000, 0x0000000100000000)
  eden space 28672K, 0% used [0x00000000eb900000,0x00000000eb900000,0x00000000ed500000)
  from space 5632K, 74% used [0x00000000ed500000,0x00000000ed918010,0x00000000eda80000)
  to   space 5632K, 0% used [0x00000000ef680000,0x00000000ef680000,0x00000000efc00000)
 ParOldGen       total 42496K, used 10506K [0x00000000c2a00000, 0x00000000c5380000, 0x00000000eb900000)
  object space 42496K, 24% used [0x00000000c2a00000,0x00000000c3442bf0,0x00000000c5380000)
 Metaspace       used 14101K, capacity 14502K, committed 14592K, reserved 1062912K
  class space    used 1602K, capacity 1703K, committed 1792K, reserved 1048576K
}
Event: 100.083 GC heap before
{Heap before GC invocations=9 (full 1):
 PSYoungGen      total 34304K, used 32864K [0x00000000eb900000, 0x00000000efc00000, 0x0000000100000000)
  eden space 28672K, 100% used [0x00000000eb900000,0x00000000ed500000,0x00000000ed500000)
  from space 5632K, 74% used [0x00000000ed500000,0x00000000ed918010,0x00000000eda80000)
  to   space 5632K, 0% used [0x00000000ef680000,0x00000000ef680000,0x00000000efc00000)
 ParOldGen       total 42496K, used 10506K [0x00000000c2a00000, 0x00000000c5380000, 0x00000000eb900000)
  object space 42496K, 24% used [0x00000000c2a00000,0x00000000c3442bf0,0x00000000c5380000)
 Metaspace       used 14152K, capacity 14502K, committed 14592K, reserved 1062912K
  class space    used 1602K, capacity 1703K, committed 1792K, reserved 1048576K
Event: 100.117 GC heap after
Heap after GC invocations=9 (full 1):
 PSYoungGen      total 62976K, used 4539K [0x00000000eb900000, 0x00000000efc00000, 0x0000000100000000)
  eden space 57344K, 0% used [0x00000000eb900000,0x00000000eb900000,0x00000000ef100000)
  from space 5632K, 80% used [0x00000000ef680000,0x00000000efaeef50,0x00000000efc00000)
  to   space 5632K, 0% used [0x00000000ef100000,0x00000000ef100000,0x00000000ef680000)
 ParOldGen       total 42496K, used 11783K [0x00000000c2a00000, 0x00000000c5380000, 0x00000000eb900000)
  object space 42496K, 27% used [0x00000000c2a00000,0x00000000c3581eb0,0x00000000c5380000)
 Metaspace       used 14152K, capacity 14502K, committed 14592K, reserved 1062912K
  class space    used 1602K, capacity 1703K, committed 1792K, reserved 1048576K
}
Event: 100.768 GC heap before
{Heap before GC invocations=10 (full 1):
 PSYoungGen      total 62976K, used 61883K [0x00000000eb900000, 0x00000000efc00000, 0x0000000100000000)
  eden space 57344K, 100% used [0x00000000eb900000,0x00000000ef100000,0x00000000ef100000)
  from space 5632K, 80% used [0x00000000ef680000,0x00000000efaeef50,0x00000000efc00000)
  to   space 5632K, 0% used [0x00000000ef100000,0x00000000ef100000,0x00000000ef680000)
 ParOldGen       total 42496K, used 11783K [0x00000000c2a00000, 0x00000000c5380000, 0x00000000eb900000)
  object space 42496K, 27% used [0x00000000c2a00000,0x00000000c3581eb0,0x00000000c5380000)
 Metaspace       used 14198K, capacity 14636K, committed 14848K, reserved 1062912K
  class space    used 1603K, capacity 1704K, committed 1792K, reserved 1048576K
Event: 100.854 GC heap after
Heap after GC invocations=10 (full 1):
 PSYoungGen      total 62976K, used 5600K [0x00000000eb900000, 0x00000000f3600000, 0x0000000100000000)
  eden space 57344K, 0% used [0x00000000eb900000,0x00000000eb900000,0x00000000ef100000)
  from space 5632K, 99% used [0x00000000ef100000,0x00000000ef6780a0,0x00000000ef680000)
  to   space 6656K, 0% used [0x00000000f2f80000,0x00000000f2f80000,0x00000000f3600000)
 ParOldGen       total 42496K, used 12975K [0x00000000c2a00000, 0x00000000c5380000, 0x00000000eb900000)
  object space 42496K, 30% used [0x00000000c2a00000,0x00000000c36abe00,0x00000000c5380000)
 Metaspace       used 14198K, capacity 14636K, committed 14848K, reserved 1062912K
  class space    used 1603K, capacity 1704K, committed 1792K, reserved 1048576K
}
Event: 101.440 GC heap before
{Heap before GC invocations=11 (full 1):
 PSYoungGen      total 62976K, used 62944K [0x00000000eb900000, 0x00000000f3600000, 0x0000000100000000)
  eden space 57344K, 100% used [0x00000000eb900000,0x00000000ef100000,0x00000000ef100000)
  from space 5632K, 99% used [0x00000000ef100000,0x00000000ef6780a0,0x00000000ef680000)
  to   space 6656K, 0% used [0x00000000f2f80000,0x00000000f2f80000,0x00000000f3600000)
 ParOldGen       total 42496K, used 12975K [0x00000000c2a00000, 0x00000000c5380000, 0x00000000eb900000)
  object space 42496K, 30% used [0x00000000c2a00000,0x00000000c36abe00,0x00000000c5380000)
 Metaspace       used 14208K, capacity 14636K, committed 14848K, reserved 1062912K
  class space    used 1603K, capacity 1704K, committed 1792K, reserved 1048576K
Event: 101.460 GC heap after
Heap after GC invocations=11 (full 1):
 PSYoungGen      total 97280K, used 4672K [0x00000000eb900000, 0x00000000f3480000, 0x0000000100000000)
  eden space 92160K, 0% used [0x00000000eb900000,0x00000000eb900000,0x00000000f1300000)
  from space 5120K, 91% used [0x00000000f2f80000,0x00000000f34100a0,0x00000000f3480000)
  to   space 6656K, 0% used [0x00000000f2780000,0x00000000f2780000,0x00000000f2e00000)
 ParOldGen       total 42496K, used 15035K [0x00000000c2a00000, 0x00000000c5380000, 0x00000000eb900000)
  object space 42496K, 35% used [0x00000000c2a00000,0x00000000c38aee10,0x00000000c5380000)
 Metaspace       used 14208K, capacity 14636K, committed 14848K, reserved 1062912K
  class space    used 1603K, capacity 1704K, committed 1792K, reserved 1048576K
}
Event: 102.220 GC heap before
{Heap before GC invocations=12 (full 1):
 PSYoungGen      total 97280K, used 96832K [0x00000000eb900000, 0x00000000f3480000, 0x0000000100000000)
  eden space 92160K, 100% used [0x00000000eb900000,0x00000000f1300000,0x00000000f1300000)
  from space 5120K, 91% used [0x00000000f2f80000,0x00000000f34100a0,0x00000000f3480000)
  to   space 6656K, 0% used [0x00000000f2780000,0x00000000f2780000,0x00000000f2e00000)
 ParOldGen       total 42496K, used 15035K [0x00000000c2a00000, 0x00000000c5380000, 0x00000000eb900000)
  object space 42496K, 35% used [0x00000000c2a00000,0x00000000c38aee10,0x00000000c5380000)
 Metaspace       used 14213K, capacity 14636K, committed 14848K, reserved 1062912K
  class space    used 1603K, capacity 1704K, committed 1792K, reserved 1048576K

