# JRE version: Java(TM) SE Runtime Environment (8.0_201-b09) (build 1.8.0_201-b09)
# Java VM: Java HotSpot(TM) 64-Bit Server VM (25.201-b09 mixed mode linux-amd64 compressed oops)
Heap:
 PSYoungGen      total 289792K, used 105476K [0x00000000eb900000, 0x0000000100000000, 0x0000000100000000)
  eden space 250880K, 30% used [0x00000000eb900000,0x00000000f033fe30,0x00000000fae00000)
  from space 38912K, 75% used [0x00000000fda00000,0x00000000ff6c15a8,0x0000000100000000)
  to   space 41984K, 0% used [0x00000000fae00000,0x00000000fae00000,0x00000000fd700000)
 ParOldGen       total 172544K, used 92502K [0x00000000c2a00000, 0x00000000cd280000, 0x00000000eb900000)
  object space 172544K, 53% used [0x00000000c2a00000,0x00000000c8455890,0x00000000cd280000)
 Metaspace       used 40517K, capacity 41515K, committed 41816K, reserved 1085440K
  class space    used 4883K, capacity 5136K, committed 5248K, reserved 1048576K
GC Heap History (10 events):
Event: 104.985 GC heap before
{Heap before GC invocations=96 (full 4):
 PSYoungGen      total 311296K, used 311125K [0x00000000eb900000, 0x0000000100000000, 0x0000000100000000)
  eden space 290816K, 100% used [0x00000000eb900000,0x00000000fd500000,0x00000000fd500000)
  from space 20480K, 99% used [0x00000000fd500000,0x00000000fe8d5598,0x00000000fe900000)
  to   space 23552K, 0% used [0x00000000fe900000,0x00000000fe900000,0x0000000100000000)
 ParOldGen       total 172544K, used 92182K [0x00000000c2a00000, 0x00000000cd280000, 0x00000000eb900000)
  object space 172544K, 53% used [0x00000000c2a00000,0x00000000c8405890,0x00000000cd280000)
 Metaspace       used 40289K, capacity 41261K, committed 41432K, reserved 1085440K
  class space    used 4867K, capacity 5099K, committed 5120K, reserved 1048576K
Event: 105.035 GC heap after
Heap after GC invocations=96 (full 4):
 PSYoungGen      total 301056K, used 23525K [0x00000000eb900000, 0x0000000100000000, 0x0000000100000000)
  eden space 277504K, 0% used [0x00000000eb900000,0x00000000eb900000,0x00000000fc800000)
  from space 23552K, 99% used [0x00000000fe900000,0x00000000ffff95a8,0x0000000100000000)
  to   space 28672K, 0% used [0x00000000fc800000,0x00000000fc800000,0x00000000fe400000)
 ParOldGen       total 172544K, used 92486K [0x00000000c2a00000, 0x00000000cd280000, 0x00000000eb900000)
  object space 172544K, 53% used [0x00000000c2a00000,0x00000000c8451890,0x00000000cd280000)
 Metaspace       used 40289K, capacity 41261K, committed 41432K, reserved 1085440K
  class space    used 4867K, capacity 5099K, committed 5120K, reserved 1048576K
}
Event: 107.541 GC heap before
{Heap before GC invocations=97 (full 4):
 PSYoungGen      total 301056K, used 301029K [0x00000000eb900000, 0x0000000100000000, 0x0000000100000000)
  eden space 277504K, 100% used [0x00000000eb900000,0x00000000fc800000,0x00000000fc800000)
  from space 23552K, 99% used [0x00000000fe900000,0x00000000ffff95a8,0x0000000100000000)
  to   space 28672K, 0% used [0x00000000fc800000,0x00000000fc800000,0x00000000fe400000)
 ParOldGen       total 172544K, used 92486K [0x00000000c2a00000, 0x00000000cd280000, 0x00000000eb900000)
  object space 172544K, 53% used [0x00000000c2a00000,0x00000000c8451890,0x00000000cd280000)
 Metaspace       used 40407K, capacity 41349K, committed 41432K, reserved 1085440K
  class space    used 4872K, capacity 5103K, committed 5120K, reserved 1048576K
Event: 107.579 GC heap after
Heap after GC invocations=97 (full 4):
 PSYoungGen      total 304128K, used 26389K [0x00000000eb900000, 0x0000000100000000, 0x0000000100000000)
  eden space 277504K, 0% used [0x00000000eb900000,0x00000000eb900000,0x00000000fc800000)
  from space 26624K, 99% used [0x00000000fc800000,0x00000000fe1c5598,0x00000000fe200000)
  to   space 30720K, 0% used [0x00000000fe200000,0x00000000fe200000,0x0000000100000000)
 ParOldGen       total 172544K, used 92494K [0x00000000c2a00000, 0x00000000cd280000, 0x00000000eb900000)
  object space 172544K, 53% used [0x00000000c2a00000,0x00000000c8453890,0x00000000cd280000)
 Metaspace       used 40407K, capacity 41349K, committed 41432K, reserved 1085440K
  class space    used 4872K, capacity 5103K, committed 5120K, reserved 1048576K
}
Event: 108.254 GC heap before
{Heap before GC invocations=98 (full 4):
 PSYoungGen      total 304128K, used 303893K [0x00000000eb900000, 0x0000000100000000, 0x0000000100000000)
  eden space 277504K, 100% used [0x00000000eb900000,0x00000000fc800000,0x00000000fc800000)
  from space 26624K, 99% used [0x00000000fc800000,0x00000000fe1c5598,0x00000000fe200000)
  to   space 30720K, 0% used [0x00000000fe200000,0x00000000fe200000,0x0000000100000000)
 ParOldGen       total 172544K, used 92494K [0x00000000c2a00000, 0x00000000cd280000, 0x00000000eb900000)
  object space 172544K, 53% used [0x00000000c2a00000,0x00000000c8453890,0x00000000cd280000)
 Metaspace       used 40431K, capacity 41413K, committed 41432K, reserved 1085440K
  class space    used 4873K, capacity 5103K, committed 5120K, reserved 1048576K
Event: 108.294 GC heap after
Heap after GC invocations=98 (full 4):
 PSYoungGen      total 292864K, used 27029K [0x00000000eb900000, 0x0000000100000000, 0x0000000100000000)
  eden space 262144K, 0% used [0x00000000eb900000,0x00000000eb900000,0x00000000fb900000)
  from space 30720K, 87% used [0x00000000fe200000,0x00000000ffc65598,0x0000000100000000)
  to   space 36352K, 0% used [0x00000000fb900000,0x00000000fb900000,0x00000000fdc80000)
 ParOldGen       total 172544K, used 92494K [0x00000000c2a00000, 0x00000000cd280000, 0x00000000eb900000)
  object space 172544K, 53% used [0x00000000c2a00000,0x00000000c8453890,0x00000000cd280000)
 Metaspace       used 40431K, capacity 41413K, committed 41432K, reserved 1085440K
  class space    used 4873K, capacity 5103K, committed 5120K, reserved 1048576K
}
Event: 109.295 GC heap before
{Heap before GC invocations=99 (full 4):
 PSYoungGen      total 292864K, used 289173K [0x00000000eb900000, 0x0000000100000000, 0x0000000100000000)
  eden space 262144K, 100% used [0x00000000eb900000,0x00000000fb900000,0x00000000fb900000)
  from space 30720K, 87% used [0x00000000fe200000,0x00000000ffc65598,0x0000000100000000)
  to   space 36352K, 0% used [0x00000000fb900000,0x00000000fb900000,0x00000000fdc80000)
 ParOldGen       total 172544K, used 92494K [0x00000000c2a00000, 0x00000000cd280000, 0x00000000eb900000)
  object space 172544K, 53% used [0x00000000c2a00000,0x00000000c8453890,0x00000000cd280000)
 Metaspace       used 40442K, capacity 41413K, committed 41432K, reserved 1085440K
  class space    used 4873K, capacity 5103K, committed 5120K, reserved 1048576K
Event: 109.351 GC heap after
Heap after GC invocations=99 (full 4):
 PSYoungGen      total 290304K, used 27733K [0x00000000eb900000, 0x0000000100000000, 0x0000000100000000)
  eden space 262144K, 0% used [0x00000000eb900000,0x00000000eb900000,0x00000000fb900000)
  from space 28160K, 98% used [0x00000000fb900000,0x00000000fd415598,0x00000000fd480000)
  to   space 38912K, 0% used [0x00000000fda00000,0x00000000fda00000,0x0000000100000000)
 ParOldGen       total 172544K, used 92502K [0x00000000c2a00000, 0x00000000cd280000, 0x00000000eb900000)
  object space 172544K, 53% used [0x00000000c2a00000,0x00000000c8455890,0x00000000cd280000)
 Metaspace       used 40442K, capacity 41413K, committed 41432K, reserved 1085440K
  class space    used 4873K, capacity 5103K, committed 5120K, reserved 1048576K
}
Event: 110.397 GC heap before
{Heap before GC invocations=100 (full 4):
 PSYoungGen      total 290304K, used 289877K [0x00000000eb900000, 0x0000000100000000, 0x0000000100000000)
  eden space 262144K, 100% used [0x00000000eb900000,0x00000000fb900000,0x00000000fb900000)
  from space 28160K, 98% used [0x00000000fb900000,0x00000000fd415598,0x00000000fd480000)
  to   space 38912K, 0% used [0x00000000fda00000,0x00000000fda00000,0x0000000100000000)
 ParOldGen       total 172544K, used 92502K [0x00000000c2a00000, 0x00000000cd280000, 0x00000000eb900000)
  object space 172544K, 53% used [0x00000000c2a00000,0x00000000c8455890,0x00000000cd280000)
 Metaspace       used 40494K, capacity 41515K, committed 41816K, reserved 1085440K
  class space    used 4883K, capacity 5136K, committed 5248K, reserved 1048576K
Event: 110.430 GC heap after
Heap after GC invocations=100 (full 4):
 PSYoungGen      total 289792K, used 29445K [0x00000000eb900000, 0x0000000100000000, 0x0000000100000000)
  eden space 250880K, 0% used [0x00000000eb900000,0x00000000eb900000,0x00000000fae00000)
  from space 38912K, 75% used [0x00000000fda00000,0x00000000ff6c15a8,0x0000000100000000)
  to   space 41984K, 0% used [0x00000000fae00000,0x00000000fae00000,0x00000000fd700000)
 ParOldGen       total 172544K, used 92502K [0x00000000c2a00000, 0x00000000cd280000, 0x00000000eb900000)
  object space 172544K, 53% used [0x00000000c2a00000,0x00000000c8455890,0x00000000cd280000)
 Metaspace       used 40494K, capacity 41515K, committed 41816K, reserved 1085440K
  class space    used 4883K, capacity 5136K, committed 5248K, reserved 1048576K
}

