# JRE version: Java(TM) SE Runtime Environment (8.0_201-b09) (build 1.8.0_201-b09)
# Java VM: Java HotSpot(TM) 64-Bit Server VM (25.201-b09 mixed mode linux-amd64 compressed oops)
Heap:
 PSYoungGen      total 120832K, used 9712K [0x00000000eb900000, 0x00000000f5d00000, 0x0000000100000000)
  eden space 110592K, 0% used [0x00000000eb900000,0x00000000eb900000,0x00000000f2500000)
  from space 10240K, 94% used [0x00000000f5300000,0x00000000f5c7c030,0x00000000f5d00000)
  to   space 10240K, 0% used [0x00000000f2500000,0x00000000f2500000,0x00000000f2f00000)
 ParOldGen       total 42496K, used 26448K [0x00000000c2a00000, 0x00000000c5380000, 0x00000000eb900000)
  object space 42496K, 62% used [0x00000000c2a00000,0x00000000c43d41b8,0x00000000c5380000)
 Metaspace       used 14964K, capacity 15480K, committed 15616K, reserved 1062912K
  class space    used 1640K, capacity 1780K, committed 1792K, reserved 1048576K
GC Heap History (10 events):
Event: 35.479 GC heap after
Heap after GC invocations=8 (full 1):
 PSYoungGen      total 34304K, used 4288K [0x00000000eb900000, 0x00000000efc00000, 0x0000000100000000)
  eden space 29184K, 0% used [0x00000000eb900000,0x00000000eb900000,0x00000000ed580000)
  from space 5120K, 83% used [0x00000000ed580000,0x00000000ed9b0010,0x00000000eda80000)
  to   space 5120K, 0% used [0x00000000ef700000,0x00000000ef700000,0x00000000efc00000)
 ParOldGen       total 42496K, used 9524K [0x00000000c2a00000, 0x00000000c5380000, 0x00000000eb900000)
  object space 42496K, 22% used [0x00000000c2a00000,0x00000000c334d1d0,0x00000000c5380000)
 Metaspace       used 13795K, capacity 14182K, committed 14336K, reserved 1062912K
  class space    used 1585K, capacity 1703K, committed 1792K, reserved 1048576K
}
Event: 36.095 GC heap before
{Heap before GC invocations=9 (full 1):
 PSYoungGen      total 34304K, used 33472K [0x00000000eb900000, 0x00000000efc00000, 0x0000000100000000)
  eden space 29184K, 100% used [0x00000000eb900000,0x00000000ed580000,0x00000000ed580000)
  from space 5120K, 83% used [0x00000000ed580000,0x00000000ed9b0010,0x00000000eda80000)
  to   space 5120K, 0% used [0x00000000ef700000,0x00000000ef700000,0x00000000efc00000)
 ParOldGen       total 42496K, used 9524K [0x00000000c2a00000, 0x00000000c5380000, 0x00000000eb900000)
  object space 42496K, 22% used [0x00000000c2a00000,0x00000000c334d1d0,0x00000000c5380000)
 Metaspace       used 13832K, capacity 14182K, committed 14336K, reserved 1062912K
  class space    used 1585K, capacity 1703K, committed 1792K, reserved 1048576K
Event: 36.112 GC heap after
Heap after GC invocations=9 (full 1):
 PSYoungGen      total 62464K, used 5088K [0x00000000eb900000, 0x00000000efe00000, 0x0000000100000000)
  eden space 57344K, 0% used [0x00000000eb900000,0x00000000eb900000,0x00000000ef100000)
  from space 5120K, 99% used [0x00000000ef700000,0x00000000efbf81d0,0x00000000efc00000)
  to   space 6144K, 0% used [0x00000000ef100000,0x00000000ef100000,0x00000000ef700000)
 ParOldGen       total 42496K, used 10832K [0x00000000c2a00000, 0x00000000c5380000, 0x00000000eb900000)
  object space 42496K, 25% used [0x00000000c2a00000,0x00000000c3494200,0x00000000c5380000)
 Metaspace       used 13832K, capacity 14182K, committed 14336K, reserved 1062912K
  class space    used 1585K, capacity 1703K, committed 1792K, reserved 1048576K
}
Event: 37.422 GC heap before
{Heap before GC invocations=10 (full 1):
 PSYoungGen      total 62464K, used 62432K [0x00000000eb900000, 0x00000000efe00000, 0x0000000100000000)
  eden space 57344K, 100% used [0x00000000eb900000,0x00000000ef100000,0x00000000ef100000)
  from space 5120K, 99% used [0x00000000ef700000,0x00000000efbf81d0,0x00000000efc00000)
  to   space 6144K, 0% used [0x00000000ef100000,0x00000000ef100000,0x00000000ef700000)
 ParOldGen       total 42496K, used 10832K [0x00000000c2a00000, 0x00000000c5380000, 0x00000000eb900000)
  object space 42496K, 25% used [0x00000000c2a00000,0x00000000c3494200,0x00000000c5380000)
 Metaspace       used 13881K, capacity 14246K, committed 14336K, reserved 1062912K
  class space    used 1585K, capacity 1703K, committed 1792K, reserved 1048576K
Event: 37.444 GC heap after
Heap after GC invocations=10 (full 1):
 PSYoungGen      total 63488K, used 6112K [0x00000000eb900000, 0x00000000f3900000, 0x0000000100000000)
  eden space 57344K, 0% used [0x00000000eb900000,0x00000000eb900000,0x00000000ef100000)
  from space 6144K, 99% used [0x00000000ef100000,0x00000000ef6f8010,0x00000000ef700000)
  to   space 8192K, 0% used [0x00000000f3100000,0x00000000f3100000,0x00000000f3900000)
 ParOldGen       total 42496K, used 14012K [0x00000000c2a00000, 0x00000000c5380000, 0x00000000eb900000)
  object space 42496K, 32% used [0x00000000c2a00000,0x00000000c37af250,0x00000000c5380000)
 Metaspace       used 13881K, capacity 14246K, committed 14336K, reserved 1062912K
  class space    used 1585K, capacity 1703K, committed 1792K, reserved 1048576K
}
Event: 41.803 GC heap before
{Heap before GC invocations=11 (full 1):
 PSYoungGen      total 63488K, used 63456K [0x00000000eb900000, 0x00000000f3900000, 0x0000000100000000)
  eden space 57344K, 100% used [0x00000000eb900000,0x00000000ef100000,0x00000000ef100000)
  from space 6144K, 99% used [0x00000000ef100000,0x00000000ef6f8010,0x00000000ef700000)
  to   space 8192K, 0% used [0x00000000f3100000,0x00000000f3100000,0x00000000f3900000)
 ParOldGen       total 42496K, used 14012K [0x00000000c2a00000, 0x00000000c5380000, 0x00000000eb900000)
  object space 42496K, 32% used [0x00000000c2a00000,0x00000000c37af250,0x00000000c5380000)
 Metaspace       used 14832K, capacity 15304K, committed 15360K, reserved 1062912K
  class space    used 1633K, capacity 1774K, committed 1792K, reserved 1048576K
Event: 41.987 GC heap after
Heap after GC invocations=11 (full 1):
 PSYoungGen      total 100352K, used 8164K [0x00000000eb900000, 0x00000000f3900000, 0x0000000100000000)
  eden space 92160K, 0% used [0x00000000eb900000,0x00000000eb900000,0x00000000f1300000)
  from space 8192K, 99% used [0x00000000f3100000,0x00000000f38f9288,0x00000000f3900000)
  to   space 10240K, 0% used [0x00000000f2500000,0x00000000f2500000,0x00000000f2f00000)
 ParOldGen       total 42496K, used 18113K [0x00000000c2a00000, 0x00000000c5380000, 0x00000000eb900000)
  object space 42496K, 42% used [0x00000000c2a00000,0x00000000c3bb0770,0x00000000c5380000)
 Metaspace       used 14832K, capacity 15304K, committed 15360K, reserved 1062912K
  class space    used 1633K, capacity 1774K, committed 1792K, reserved 1048576K
}
Event: 62.265 GC heap before
{Heap before GC invocations=12 (full 1):
 PSYoungGen      total 100352K, used 100324K [0x00000000eb900000, 0x00000000f3900000, 0x0000000100000000)
  eden space 92160K, 100% used [0x00000000eb900000,0x00000000f1300000,0x00000000f1300000)
  from space 8192K, 99% used [0x00000000f3100000,0x00000000f38f9288,0x00000000f3900000)
  to   space 10240K, 0% used [0x00000000f2500000,0x00000000f2500000,0x00000000f2f00000)
 ParOldGen       total 42496K, used 18113K [0x00000000c2a00000, 0x00000000c5380000, 0x00000000eb900000)
  object space 42496K, 42% used [0x00000000c2a00000,0x00000000c3bb0770,0x00000000c5380000)
 Metaspace       used 14947K, capacity 15410K, committed 15616K, reserved 1062912K
  class space    used 1640K, capacity 1779K, committed 1792K, reserved 1048576K
Event: 62.308 GC heap after
Heap after GC invocations=12 (full 1):
 PSYoungGen      total 120832K, used 5980K [0x00000000eb900000, 0x00000000f5d00000, 0x0000000100000000)
  eden space 110592K, 0% used [0x00000000eb900000,0x00000000eb900000,0x00000000f2500000)
  from space 10240K, 58% used [0x00000000f2500000,0x00000000f2ad72a8,0x00000000f2f00000)
  to   space 10240K, 0% used [0x00000000f5300000,0x00000000f5300000,0x00000000f5d00000)
 ParOldGen       total 42496K, used 22494K [0x00000000c2a00000, 0x00000000c5380000, 0x00000000eb900000)
  object space 42496K, 52% used [0x00000000c2a00000,0x00000000c3ff7800,0x00000000c5380000)
 Metaspace       used 14947K, capacity 15410K, committed 15616K, reserved 1062912K
  class space    used 1640K, capacity 1779K, committed 1792K, reserved 1048576K
}
Event: 81.196 GC heap before
{Heap before GC invocations=13 (full 1):
 PSYoungGen      total 120832K, used 116572K [0x00000000eb900000, 0x00000000f5d00000, 0x0000000100000000)
  eden space 110592K, 100% used [0x00000000eb900000,0x00000000f2500000,0x00000000f2500000)
  from space 10240K, 58% used [0x00000000f2500000,0x00000000f2ad72a8,0x00000000f2f00000)
  to   space 10240K, 0% used [0x00000000f5300000,0x00000000f5300000,0x00000000f5d00000)
 ParOldGen       total 42496K, used 22494K [0x00000000c2a00000, 0x00000000c5380000, 0x00000000eb900000)
  object space 42496K, 52% used [0x00000000c2a00000,0x00000000c3ff7800,0x00000000c5380000)
 Metaspace       used 14964K, capacity 15480K, committed 15616K, reserved 1062912K
  class space    used 1640K, capacity 1780K, committed 1792K, reserved 1048576K

