# JRE version: Java(TM) SE Runtime Environment (8.0_201-b09) (build 1.8.0_201-b09)
# Java VM: Java HotSpot(TM) 64-Bit Server VM (25.201-b09 mixed mode linux-amd64 compressed oops)
Heap:
 PSYoungGen      total 63488K, used 4112K [0x00000000eb900000, 0x00000000efd00000, 0x0000000100000000)
  eden space 57856K, 0% used [0x00000000eb900000,0x00000000eb900000,0x00000000ef180000)
  from space 5632K, 73% used [0x00000000ef180000,0x00000000ef584010,0x00000000ef700000)
  to   space 5120K, 0% used [0x00000000ef700000,0x00000000ef700000,0x00000000efc00000)
 ParOldGen       total 42496K, used 8498K [0x00000000c2a00000, 0x00000000c5380000, 0x00000000eb900000)
  object space 42496K, 19% used [0x00000000c2a00000,0x00000000c324cb18,0x00000000c5380000)
 Metaspace       used 13877K, capacity 14270K, committed 14592K, reserved 1062912K
  class space    used 1593K, capacity 1707K, committed 1792K, reserved 1048576K
GC Heap History (10 events):
Event: 26.976 GC heap after
Heap after GC invocations=5 (full 1):
 PSYoungGen      total 18432K, used 2548K [0x00000000eb900000, 0x00000000ecd80000, 0x0000000100000000)
  eden space 15872K, 0% used [0x00000000eb900000,0x00000000eb900000,0x00000000ec880000)
  from space 2560K, 99% used [0x00000000ecb00000,0x00000000ecd7d140,0x00000000ecd80000)
  to   space 2560K, 0% used [0x00000000ec880000,0x00000000ec880000,0x00000000ecb00000)
 ParOldGen       total 42496K, used 4929K [0x00000000c2a00000, 0x00000000c5380000, 0x00000000eb900000)
  object space 42496K, 11% used [0x00000000c2a00000,0x00000000c2ed07c0,0x00000000c5380000)
 Metaspace       used 13702K, capacity 14078K, committed 14336K, reserved 1062912K
  class space    used 1593K, capacity 1707K, committed 1792K, reserved 1048576K
}
Event: 27.352 GC heap before
{Heap before GC invocations=6 (full 1):
 PSYoungGen      total 18432K, used 18420K [0x00000000eb900000, 0x00000000ecd80000, 0x0000000100000000)
  eden space 15872K, 100% used [0x00000000eb900000,0x00000000ec880000,0x00000000ec880000)
  from space 2560K, 99% used [0x00000000ecb00000,0x00000000ecd7d140,0x00000000ecd80000)
  to   space 2560K, 0% used [0x00000000ec880000,0x00000000ec880000,0x00000000ecb00000)
 ParOldGen       total 42496K, used 4929K [0x00000000c2a00000, 0x00000000c5380000, 0x00000000eb900000)
  object space 42496K, 11% used [0x00000000c2a00000,0x00000000c2ed07c0,0x00000000c5380000)
 Metaspace       used 13765K, capacity 14206K, committed 14336K, reserved 1062912K
  class space    used 1593K, capacity 1707K, committed 1792K, reserved 1048576K
Event: 27.381 GC heap after
Heap after GC invocations=6 (full 1):
 PSYoungGen      total 18432K, used 2544K [0x00000000eb900000, 0x00000000edd00000, 0x0000000100000000)
  eden space 15872K, 0% used [0x00000000eb900000,0x00000000eb900000,0x00000000ec880000)
  from space 2560K, 99% used [0x00000000ec880000,0x00000000ecafc010,0x00000000ecb00000)
  to   space 2560K, 0% used [0x00000000eda80000,0x00000000eda80000,0x00000000edd00000)
 ParOldGen       total 42496K, used 5850K [0x00000000c2a00000, 0x00000000c5380000, 0x00000000eb900000)
  object space 42496K, 13% used [0x00000000c2a00000,0x00000000c2fb6938,0x00000000c5380000)
 Metaspace       used 13765K, capacity 14206K, committed 14336K, reserved 1062912K
  class space    used 1593K, capacity 1707K, committed 1792K, reserved 1048576K
}
Event: 27.538 GC heap before
{Heap before GC invocations=7 (full 1):
 PSYoungGen      total 18432K, used 18416K [0x00000000eb900000, 0x00000000edd00000, 0x0000000100000000)
  eden space 15872K, 100% used [0x00000000eb900000,0x00000000ec880000,0x00000000ec880000)
  from space 2560K, 99% used [0x00000000ec880000,0x00000000ecafc010,0x00000000ecb00000)
  to   space 2560K, 0% used [0x00000000eda80000,0x00000000eda80000,0x00000000edd00000)
 ParOldGen       total 42496K, used 5850K [0x00000000c2a00000, 0x00000000c5380000, 0x00000000eb900000)
  object space 42496K, 13% used [0x00000000c2a00000,0x00000000c2fb6938,0x00000000c5380000)
 Metaspace       used 13777K, capacity 14206K, committed 14336K, reserved 1062912K
  class space    used 1593K, capacity 1707K, committed 1792K, reserved 1048576K
Event: 27.545 GC heap after
Heap after GC invocations=7 (full 1):
 PSYoungGen      total 31744K, used 2544K [0x00000000eb900000, 0x00000000ee200000, 0x0000000100000000)
  eden space 29184K, 0% used [0x00000000eb900000,0x00000000eb900000,0x00000000ed580000)
  from space 2560K, 99% used [0x00000000eda80000,0x00000000edcfc010,0x00000000edd00000)
  to   space 5120K, 0% used [0x00000000ed580000,0x00000000ed580000,0x00000000eda80000)
 ParOldGen       total 42496K, used 6030K [0x00000000c2a00000, 0x00000000c5380000, 0x00000000eb900000)
  object space 42496K, 14% used [0x00000000c2a00000,0x00000000c2fe3988,0x00000000c5380000)
 Metaspace       used 13777K, capacity 14206K, committed 14336K, reserved 1062912K
  class space    used 1593K, capacity 1707K, committed 1792K, reserved 1048576K
}
Event: 28.132 GC heap before
{Heap before GC invocations=8 (full 1):
 PSYoungGen      total 31744K, used 31728K [0x00000000eb900000, 0x00000000ee200000, 0x0000000100000000)
  eden space 29184K, 100% used [0x00000000eb900000,0x00000000ed580000,0x00000000ed580000)
  from space 2560K, 99% used [0x00000000eda80000,0x00000000edcfc010,0x00000000edd00000)
  to   space 5120K, 0% used [0x00000000ed580000,0x00000000ed580000,0x00000000eda80000)
 ParOldGen       total 42496K, used 6030K [0x00000000c2a00000, 0x00000000c5380000, 0x00000000eb900000)
  object space 42496K, 14% used [0x00000000c2a00000,0x00000000c2fe3988,0x00000000c5380000)
 Metaspace       used 13832K, capacity 14206K, committed 14336K, reserved 1062912K
  class space    used 1593K, capacity 1707K, committed 1792K, reserved 1048576K
Event: 28.147 GC heap after
Heap after GC invocations=8 (full 1):
 PSYoungGen      total 34304K, used 4100K [0x00000000eb900000, 0x00000000efc00000, 0x0000000100000000)
  eden space 29184K, 0% used [0x00000000eb900000,0x00000000eb900000,0x00000000ed580000)
  from space 5120K, 80% used [0x00000000ed580000,0x00000000ed981190,0x00000000eda80000)
  to   space 5120K, 0% used [0x00000000ef700000,0x00000000ef700000,0x00000000efc00000)
 ParOldGen       total 42496K, used 6038K [0x00000000c2a00000, 0x00000000c5380000, 0x00000000eb900000)
  object space 42496K, 14% used [0x00000000c2a00000,0x00000000c2fe5988,0x00000000c5380000)
 Metaspace       used 13832K, capacity 14206K, committed 14336K, reserved 1062912K
  class space    used 1593K, capacity 1707K, committed 1792K, reserved 1048576K
}
Event: 28.571 GC heap before
{Heap before GC invocations=9 (full 1):
 PSYoungGen      total 34304K, used 33284K [0x00000000eb900000, 0x00000000efc00000, 0x0000000100000000)
  eden space 29184K, 100% used [0x00000000eb900000,0x00000000ed580000,0x00000000ed580000)
  from space 5120K, 80% used [0x00000000ed580000,0x00000000ed981190,0x00000000eda80000)
  to   space 5120K, 0% used [0x00000000ef700000,0x00000000ef700000,0x00000000efc00000)
 ParOldGen       total 42496K, used 6038K [0x00000000c2a00000, 0x00000000c5380000, 0x00000000eb900000)
  object space 42496K, 14% used [0x00000000c2a00000,0x00000000c2fe5988,0x00000000c5380000)
 Metaspace       used 13854K, capacity 14206K, committed 14336K, reserved 1062912K
  class space    used 1593K, capacity 1707K, committed 1792K, reserved 1048576K
Event: 28.588 GC heap after
Heap after GC invocations=9 (full 1):
 PSYoungGen      total 62976K, used 4864K [0x00000000eb900000, 0x00000000efd00000, 0x0000000100000000)
  eden space 57856K, 0% used [0x00000000eb900000,0x00000000eb900000,0x00000000ef180000)
  from space 5120K, 95% used [0x00000000ef700000,0x00000000efbc0080,0x00000000efc00000)
  to   space 5632K, 0% used [0x00000000ef180000,0x00000000ef180000,0x00000000ef700000)
 ParOldGen       total 42496K, used 7066K [0x00000000c2a00000, 0x00000000c5380000, 0x00000000eb900000)
  object space 42496K, 16% used [0x00000000c2a00000,0x00000000c30e6af8,0x00000000c5380000)
 Metaspace       used 13854K, capacity 14206K, committed 14336K, reserved 1062912K
  class space    used 1593K, capacity 1707K, committed 1792K, reserved 1048576K
}
Event: 29.621 GC heap before
{Heap before GC invocations=10 (full 1):
 PSYoungGen      total 62976K, used 62720K [0x00000000eb900000, 0x00000000efd00000, 0x0000000100000000)
  eden space 57856K, 100% used [0x00000000eb900000,0x00000000ef180000,0x00000000ef180000)
  from space 5120K, 95% used [0x00000000ef700000,0x00000000efbc0080,0x00000000efc00000)
  to   space 5632K, 0% used [0x00000000ef180000,0x00000000ef180000,0x00000000ef700000)
 ParOldGen       total 42496K, used 7066K [0x00000000c2a00000, 0x00000000c5380000, 0x00000000eb900000)
  object space 42496K, 16% used [0x00000000c2a00000,0x00000000c30e6af8,0x00000000c5380000)
 Metaspace       used 13877K, capacity 14270K, committed 14592K, reserved 1062912K
  class space    used 1593K, capacity 1707K, committed 1792K, reserved 1048576K

