# JRE version: Java(TM) SE Runtime Environment (8.0_201-b09) (build 1.8.0_201-b09)
# Java VM: Java HotSpot(TM) 64-Bit Server VM (25.201-b09 mixed mode linux-amd64 compressed oops)
Heap:
 PSYoungGen      total 240128K, used 111115K [0x00000000eb900000, 0x0000000100000000, 0x0000000100000000)
  eden space 158720K, 25% used [0x00000000eb900000,0x00000000edfc2b58,0x00000000f5400000)
  from space 81408K, 87% used [0x00000000fb080000,0x00000000ff640108,0x0000000100000000)
  to   space 88064K, 0% used [0x00000000f5400000,0x00000000f5400000,0x00000000faa00000)
 ParOldGen       total 192512K, used 163201K [0x00000000c2a00000, 0x00000000ce600000, 0x00000000eb900000)
  object space 192512K, 84% used [0x00000000c2a00000,0x00000000cc960438,0x00000000ce600000)
 Metaspace       used 32588K, capacity 33736K, committed 33792K, reserved 1079296K
  class space    used 3275K, capacity 3568K, committed 3584K, reserved 1048576K
GC Heap History (10 events):
Event: 149.523 GC heap before
{Heap before GC invocations=82 (full 4):
 PSYoungGen      total 246784K, used 246513K [0x00000000eb900000, 0x0000000100000000, 0x0000000100000000)
  eden space 195584K, 100% used [0x00000000eb900000,0x00000000f7800000,0x00000000f7800000)
  from space 51200K, 99% used [0x00000000f7800000,0x00000000fa9bc6c0,0x00000000faa00000)
  to   space 71168K, 0% used [0x00000000fba80000,0x00000000fba80000,0x0000000100000000)
 ParOldGen       total 192512K, used 143787K [0x00000000c2a00000, 0x00000000ce600000, 0x00000000eb900000)
  object space 192512K, 74% used [0x00000000c2a00000,0x00000000cb66adf8,0x00000000ce600000)
 Metaspace       used 30908K, capacity 32124K, committed 32256K, reserved 1077248K
  class space    used 3264K, capacity 3566K, committed 3584K, reserved 1048576K
Event: 149.646 GC heap after
Heap after GC invocations=82 (full 4):
 PSYoungGen      total 265728K, used 39537K [0x00000000eb900000, 0x0000000100000000, 0x0000000100000000)
  eden space 194560K, 0% used [0x00000000eb900000,0x00000000eb900000,0x00000000f7700000)
  from space 71168K, 55% used [0x00000000fba80000,0x00000000fe11c750,0x0000000100000000)
  to   space 69120K, 0% used [0x00000000f7700000,0x00000000f7700000,0x00000000fba80000)
 ParOldGen       total 192512K, used 144995K [0x00000000c2a00000, 0x00000000ce600000, 0x00000000eb900000)
  object space 192512K, 75% used [0x00000000c2a00000,0x00000000cb798e38,0x00000000ce600000)
 Metaspace       used 30908K, capacity 32124K, committed 32256K, reserved 1077248K
  class space    used 3264K, capacity 3566K, committed 3584K, reserved 1048576K
}
Event: 158.530 GC heap before
{Heap before GC invocations=83 (full 4):
 PSYoungGen      total 265728K, used 234097K [0x00000000eb900000, 0x0000000100000000, 0x0000000100000000)
  eden space 194560K, 100% used [0x00000000eb900000,0x00000000f7700000,0x00000000f7700000)
  from space 71168K, 55% used [0x00000000fba80000,0x00000000fe11c750,0x0000000100000000)
  to   space 69120K, 0% used [0x00000000f7700000,0x00000000f7700000,0x00000000fba80000)
 ParOldGen       total 192512K, used 144995K [0x00000000c2a00000, 0x00000000ce600000, 0x00000000eb900000)
  object space 192512K, 75% used [0x00000000c2a00000,0x00000000cb798e38,0x00000000ce600000)
 Metaspace       used 32013K, capacity 33154K, committed 33280K, reserved 1079296K
  class space    used 3274K, capacity 3567K, committed 3584K, reserved 1048576K
Event: 158.741 GC heap after
Heap after GC invocations=83 (full 4):
 PSYoungGen      total 246784K, used 52127K [0x00000000eb900000, 0x0000000100000000, 0x0000000100000000)
  eden space 194560K, 0% used [0x00000000eb900000,0x00000000eb900000,0x00000000f7700000)
  from space 52224K, 99% used [0x00000000f7700000,0x00000000fa9e7cd0,0x00000000faa00000)
  to   space 71680K, 0% used [0x00000000fba00000,0x00000000fba00000,0x0000000100000000)
 ParOldGen       total 192512K, used 151427K [0x00000000c2a00000, 0x00000000ce600000, 0x00000000eb900000)
  object space 192512K, 78% used [0x00000000c2a00000,0x00000000cbde0f98,0x00000000ce600000)
 Metaspace       used 32013K, capacity 33154K, committed 33280K, reserved 1079296K
  class space    used 3274K, capacity 3567K, committed 3584K, reserved 1048576K
}
Event: 165.644 GC heap before
{Heap before GC invocations=84 (full 4):
 PSYoungGen      total 246784K, used 246687K [0x00000000eb900000, 0x0000000100000000, 0x0000000100000000)
  eden space 194560K, 100% used [0x00000000eb900000,0x00000000f7700000,0x00000000f7700000)
  from space 52224K, 99% used [0x00000000f7700000,0x00000000fa9e7cd0,0x00000000faa00000)
  to   space 71680K, 0% used [0x00000000fba00000,0x00000000fba00000,0x0000000100000000)
 ParOldGen       total 192512K, used 151427K [0x00000000c2a00000, 0x00000000ce600000, 0x00000000eb900000)
  object space 192512K, 78% used [0x00000000c2a00000,0x00000000cbde0f98,0x00000000ce600000)
 Metaspace       used 32307K, capacity 33474K, committed 33536K, reserved 1079296K
  class space    used 3275K, capacity 3567K, committed 3584K, reserved 1048576K
Event: 166.019 GC heap after
Heap after GC invocations=84 (full 4):
 PSYoungGen      total 253952K, used 59873K [0x00000000eb900000, 0x0000000100000000, 0x0000000100000000)
  eden space 182272K, 0% used [0x00000000eb900000,0x00000000eb900000,0x00000000f6b00000)
  from space 71680K, 83% used [0x00000000fba00000,0x00000000ff478700,0x0000000100000000)
  to   space 76288K, 0% used [0x00000000f6b00000,0x00000000f6b00000,0x00000000fb580000)
 ParOldGen       total 192512K, used 155772K [0x00000000c2a00000, 0x00000000ce600000, 0x00000000eb900000)
  object space 192512K, 80% used [0x00000000c2a00000,0x00000000cc21f078,0x00000000ce600000)
 Metaspace       used 32307K, capacity 33474K, committed 33536K, reserved 1079296K
  class space    used 3275K, capacity 3567K, committed 3584K, reserved 1048576K
}
Event: 170.935 GC heap before
{Heap before GC invocations=85 (full 4):
 PSYoungGen      total 253952K, used 242145K [0x00000000eb900000, 0x0000000100000000, 0x0000000100000000)
  eden space 182272K, 100% used [0x00000000eb900000,0x00000000f6b00000,0x00000000f6b00000)
  from space 71680K, 83% used [0x00000000fba00000,0x00000000ff478700,0x0000000100000000)
  to   space 76288K, 0% used [0x00000000f6b00000,0x00000000f6b00000,0x00000000fb580000)
 ParOldGen       total 192512K, used 155772K [0x00000000c2a00000, 0x00000000ce600000, 0x00000000eb900000)
  object space 192512K, 80% used [0x00000000c2a00000,0x00000000cc21f078,0x00000000ce600000)
 Metaspace       used 32475K, capacity 33672K, committed 33792K, reserved 1079296K
  class space    used 3275K, capacity 3568K, committed 3584K, reserved 1048576K
Event: 171.056 GC heap after
Heap after GC invocations=85 (full 4):
 PSYoungGen      total 246784K, used 64361K [0x00000000eb900000, 0x0000000100000000, 0x0000000100000000)
  eden space 182272K, 0% used [0x00000000eb900000,0x00000000eb900000,0x00000000f6b00000)
  from space 64512K, 99% used [0x00000000f6b00000,0x00000000fa9da6b8,0x00000000faa00000)
  to   space 81408K, 0% used [0x00000000fb080000,0x00000000fb080000,0x0000000100000000)
 ParOldGen       total 192512K, used 160900K [0x00000000c2a00000, 0x00000000ce600000, 0x00000000eb900000)
  object space 192512K, 83% used [0x00000000c2a00000,0x00000000cc721198,0x00000000ce600000)
 Metaspace       used 32475K, capacity 33672K, committed 33792K, reserved 1079296K
  class space    used 3275K, capacity 3568K, committed 3584K, reserved 1048576K
}
Event: 180.674 GC heap before
{Heap before GC invocations=86 (full 4):
 PSYoungGen      total 246784K, used 246633K [0x00000000eb900000, 0x0000000100000000, 0x0000000100000000)
  eden space 182272K, 100% used [0x00000000eb900000,0x00000000f6b00000,0x00000000f6b00000)
  from space 64512K, 99% used [0x00000000f6b00000,0x00000000fa9da6b8,0x00000000faa00000)
  to   space 81408K, 0% used [0x00000000fb080000,0x00000000fb080000,0x0000000100000000)
 ParOldGen       total 192512K, used 160900K [0x00000000c2a00000, 0x00000000ce600000, 0x00000000eb900000)
  object space 192512K, 83% used [0x00000000c2a00000,0x00000000cc721198,0x00000000ce600000)
 Metaspace       used 32573K, capacity 33736K, committed 33792K, reserved 1079296K
  class space    used 3275K, capacity 3568K, committed 3584K, reserved 1048576K
Event: 181.072 GC heap after
Heap after GC invocations=86 (full 4):
 PSYoungGen      total 240128K, used 71424K [0x00000000eb900000, 0x0000000100000000, 0x0000000100000000)
  eden space 158720K, 0% used [0x00000000eb900000,0x00000000eb900000,0x00000000f5400000)
  from space 81408K, 87% used [0x00000000fb080000,0x00000000ff640108,0x0000000100000000)
  to   space 88064K, 0% used [0x00000000f5400000,0x00000000f5400000,0x00000000faa00000)
 ParOldGen       total 192512K, used 163201K [0x00000000c2a00000, 0x00000000ce600000, 0x00000000eb900000)
  object space 192512K, 84% used [0x00000000c2a00000,0x00000000cc960438,0x00000000ce600000)
 Metaspace       used 32573K, capacity 33736K, committed 33792K, reserved 1079296K
  class space    used 3275K, capacity 3568K, committed 3584K, reserved 1048576K
}

