# JRE version: Java(TM) SE Runtime Environment (8.0_201-b09) (build 1.8.0_201-b09)
# Java VM: Java HotSpot(TM) 64-Bit Server VM (25.201-b09 mixed mode linux-amd64 compressed oops)
Heap:
 PSYoungGen      total 245760K, used 15779K [0x00000000eb900000, 0x00000000fbc00000, 0x0000000100000000)
  eden space 226304K, 0% used [0x00000000eb900000,0x00000000eb900000,0x00000000f9600000)
  from space 19456K, 81% used [0x00000000fa900000,0x00000000fb868f48,0x00000000fbc00000)
  to   space 5120K, 0% used [0x00000000f9a00000,0x00000000f9a00000,0x00000000f9f00000)
 ParOldGen       total 74240K, used 38853K [0x00000000c2a00000, 0x00000000c7280000, 0x00000000eb900000)
  object space 74240K, 52% used [0x00000000c2a00000,0x00000000c4ff1560,0x00000000c7280000)
 Metaspace       used 23068K, capacity 23746K, committed 23936K, reserved 1071104K
  class space    used 2470K, capacity 2659K, committed 2688K, reserved 1048576K
GC Heap History (10 events):
Event: 6.809 GC heap after
Heap after GC invocations=9 (full 1):
 PSYoungGen      total 125440K, used 7140K [0x00000000eb900000, 0x00000000f4200000, 0x0000000100000000)
  eden space 118272K, 0% used [0x00000000eb900000,0x00000000eb900000,0x00000000f2c80000)
  from space 7168K, 99% used [0x00000000f3600000,0x00000000f3cf9288,0x00000000f3d00000)
  to   space 9728K, 0% used [0x00000000f2c80000,0x00000000f2c80000,0x00000000f3600000)
 ParOldGen       total 42496K, used 15230K [0x00000000c2a00000, 0x00000000c5380000, 0x00000000eb900000)
  object space 42496K, 35% used [0x00000000c2a00000,0x00000000c38df8b0,0x00000000c5380000)
 Metaspace       used 16786K, capacity 16984K, committed 17280K, reserved 1064960K
  class space    used 1838K, capacity 1914K, committed 1920K, reserved 1048576K
}
Event: 12.349 GC heap before
{Heap before GC invocations=10 (full 1):
 PSYoungGen      total 125440K, used 125412K [0x00000000eb900000, 0x00000000f4200000, 0x0000000100000000)
  eden space 118272K, 100% used [0x00000000eb900000,0x00000000f2c80000,0x00000000f2c80000)
  from space 7168K, 99% used [0x00000000f3600000,0x00000000f3cf9288,0x00000000f3d00000)
  to   space 9728K, 0% used [0x00000000f2c80000,0x00000000f2c80000,0x00000000f3600000)
 ParOldGen       total 42496K, used 15230K [0x00000000c2a00000, 0x00000000c5380000, 0x00000000eb900000)
  object space 42496K, 35% used [0x00000000c2a00000,0x00000000c38df8b0,0x00000000c5380000)
 Metaspace       used 19087K, capacity 19386K, committed 19712K, reserved 1067008K
  class space    used 2135K, capacity 2226K, committed 2304K, reserved 1048576K
Event: 12.475 GC heap after
Heap after GC invocations=10 (full 1):
 PSYoungGen      total 128000K, used 9700K [0x00000000eb900000, 0x00000000fc300000, 0x0000000100000000)
  eden space 118272K, 0% used [0x00000000eb900000,0x00000000eb900000,0x00000000f2c80000)
  from space 9728K, 99% used [0x00000000f2c80000,0x00000000f35f92b8,0x00000000f3600000)
  to   space 17920K, 0% used [0x00000000fb180000,0x00000000fb180000,0x00000000fc300000)
 ParOldGen       total 42496K, used 32569K [0x00000000c2a00000, 0x00000000c5380000, 0x00000000eb900000)
  object space 42496K, 76% used [0x00000000c2a00000,0x00000000c49ce530,0x00000000c5380000)
 Metaspace       used 19087K, capacity 19386K, committed 19712K, reserved 1067008K
  class space    used 2135K, capacity 2226K, committed 2304K, reserved 1048576K
}
Event: 15.557 GC heap before
{Heap before GC invocations=11 (full 1):
 PSYoungGen      total 128000K, used 98632K [0x00000000eb900000, 0x00000000fc300000, 0x0000000100000000)
  eden space 118272K, 75% used [0x00000000eb900000,0x00000000f0fd8fb8,0x00000000f2c80000)
  from space 9728K, 99% used [0x00000000f2c80000,0x00000000f35f92b8,0x00000000f3600000)
  to   space 17920K, 0% used [0x00000000fb180000,0x00000000fb180000,0x00000000fc300000)
 ParOldGen       total 42496K, used 32569K [0x00000000c2a00000, 0x00000000c5380000, 0x00000000eb900000)
  object space 42496K, 76% used [0x00000000c2a00000,0x00000000c49ce530,0x00000000c5380000)
 Metaspace       used 20714K, capacity 21086K, committed 21248K, reserved 1069056K
  class space    used 2291K, capacity 2435K, committed 2560K, reserved 1048576K
Event: 15.625 GC heap after
Heap after GC invocations=11 (full 1):
 PSYoungGen      total 205312K, used 15690K [0x00000000eb900000, 0x00000000fc100000, 0x0000000100000000)
  eden space 189440K, 0% used [0x00000000eb900000,0x00000000eb900000,0x00000000f7200000)
  from space 15872K, 98% used [0x00000000fb180000,0x00000000fc0d2b90,0x00000000fc100000)
  to   space 19968K, 0% used [0x00000000f9a00000,0x00000000f9a00000,0x00000000fad80000)
 ParOldGen       total 42496K, used 35497K [0x00000000c2a00000, 0x00000000c5380000, 0x00000000eb900000)
  object space 42496K, 83% used [0x00000000c2a00000,0x00000000c4caa530,0x00000000c5380000)
 Metaspace       used 20714K, capacity 21086K, committed 21248K, reserved 1069056K
  class space    used 2291K, capacity 2435K, committed 2560K, reserved 1048576K
}
Event: 15.625 GC heap before
{Heap before GC invocations=12 (full 2):
 PSYoungGen      total 205312K, used 15690K [0x00000000eb900000, 0x00000000fc100000, 0x0000000100000000)
  eden space 189440K, 0% used [0x00000000eb900000,0x00000000eb900000,0x00000000f7200000)
  from space 15872K, 98% used [0x00000000fb180000,0x00000000fc0d2b90,0x00000000fc100000)
  to   space 19968K, 0% used [0x00000000f9a00000,0x00000000f9a00000,0x00000000fad80000)
 ParOldGen       total 42496K, used 35497K [0x00000000c2a00000, 0x00000000c5380000, 0x00000000eb900000)
  object space 42496K, 83% used [0x00000000c2a00000,0x00000000c4caa530,0x00000000c5380000)
 Metaspace       used 20714K, capacity 21086K, committed 21248K, reserved 1069056K
  class space    used 2291K, capacity 2435K, committed 2560K, reserved 1048576K
Event: 16.296 GC heap after
Heap after GC invocations=12 (full 2):
 PSYoungGen      total 205312K, used 0K [0x00000000eb900000, 0x00000000fc100000, 0x0000000100000000)
  eden space 189440K, 0% used [0x00000000eb900000,0x00000000eb900000,0x00000000f7200000)
  from space 15872K, 0% used [0x00000000fb180000,0x00000000fb180000,0x00000000fc100000)
  to   space 19968K, 0% used [0x00000000f9a00000,0x00000000f9a00000,0x00000000fad80000)
 ParOldGen       total 74240K, used 38837K [0x00000000c2a00000, 0x00000000c7280000, 0x00000000eb900000)
  object space 74240K, 52% used [0x00000000c2a00000,0x00000000c4fed560,0x00000000c7280000)
 Metaspace       used 20714K, capacity 21086K, committed 21248K, reserved 1069056K
  class space    used 2291K, capacity 2435K, committed 2560K, reserved 1048576K
}
Event: 20.699 GC heap before
{Heap before GC invocations=13 (full 2):
 PSYoungGen      total 205312K, used 189440K [0x00000000eb900000, 0x00000000fc100000, 0x0000000100000000)
  eden space 189440K, 100% used [0x00000000eb900000,0x00000000f7200000,0x00000000f7200000)
  from space 15872K, 0% used [0x00000000fb180000,0x00000000fb180000,0x00000000fc100000)
  to   space 19968K, 0% used [0x00000000f9a00000,0x00000000f9a00000,0x00000000fad80000)
 ParOldGen       total 74240K, used 38837K [0x00000000c2a00000, 0x00000000c7280000, 0x00000000eb900000)
  object space 74240K, 52% used [0x00000000c2a00000,0x00000000c4fed560,0x00000000c7280000)
 Metaspace       used 22141K, capacity 22498K, committed 22784K, reserved 1069056K
  class space    used 2405K, capacity 2541K, committed 2560K, reserved 1048576K
Event: 20.716 GC heap after
Heap after GC invocations=13 (full 2):
 PSYoungGen      total 231424K, used 4823K [0x00000000eb900000, 0x00000000fbc00000, 0x0000000100000000)
  eden space 226304K, 0% used [0x00000000eb900000,0x00000000eb900000,0x00000000f9600000)
  from space 5120K, 94% used [0x00000000f9a00000,0x00000000f9eb5dc0,0x00000000f9f00000)
  to   space 19456K, 0% used [0x00000000fa900000,0x00000000fa900000,0x00000000fbc00000)
 ParOldGen       total 74240K, used 38845K [0x00000000c2a00000, 0x00000000c7280000, 0x00000000eb900000)
  object space 74240K, 52% used [0x00000000c2a00000,0x00000000c4fef560,0x00000000c7280000)
 Metaspace       used 22141K, capacity 22498K, committed 22784K, reserved 1069056K
  class space    used 2405K, capacity 2541K, committed 2560K, reserved 1048576K
}
Event: 27.975 GC heap before
{Heap before GC invocations=14 (full 2):
 PSYoungGen      total 231424K, used 231127K [0x00000000eb900000, 0x00000000fbc00000, 0x0000000100000000)
  eden space 226304K, 100% used [0x00000000eb900000,0x00000000f9600000,0x00000000f9600000)
  from space 5120K, 94% used [0x00000000f9a00000,0x00000000f9eb5dc0,0x00000000f9f00000)
  to   space 19456K, 0% used [0x00000000fa900000,0x00000000fa900000,0x00000000fbc00000)
 ParOldGen       total 74240K, used 38845K [0x00000000c2a00000, 0x00000000c7280000, 0x00000000eb900000)
  object space 74240K, 52% used [0x00000000c2a00000,0x00000000c4fef560,0x00000000c7280000)
 Metaspace       used 23068K, capacity 23746K, committed 23936K, reserved 1071104K
  class space    used 2470K, capacity 2659K, committed 2688K, reserved 1048576K

