# JRE version: Java(TM) SE Runtime Environment (8.0_201-b09) (build 1.8.0_201-b09)
# Java VM: Java HotSpot(TM) 64-Bit Server VM (25.201-b09 mixed mode linux-amd64 compressed oops)
Heap:
 PSYoungGen      total 313856K, used 200784K [0x00000000eb900000, 0x0000000100000000, 0x0000000100000000)
  eden space 299008K, 62% used [0x00000000eb900000,0x00000000f6ebc100,0x00000000fdd00000)
  from space 14848K, 98% used [0x00000000fdd00000,0x00000000feb58000,0x00000000feb80000)
  to   space 19456K, 0% used [0x00000000fed00000,0x00000000fed00000,0x0000000100000000)
 ParOldGen       total 83456K, used 47499K [0x00000000c2a00000, 0x00000000c7b80000, 0x00000000eb900000)
  object space 83456K, 56% used [0x00000000c2a00000,0x00000000c5862e98,0x00000000c7b80000)
 Metaspace       used 24068K, capacity 24670K, committed 24832K, reserved 1071104K
  class space    used 2530K, capacity 2701K, committed 2816K, reserved 1048576K
GC Heap History (10 events):
Event: 37.224 GC heap before
{Heap before GC invocations=15 (full 2):
 PSYoungGen      total 318464K, used 8164K [0x00000000eb900000, 0x0000000100000000, 0x0000000100000000)
  eden space 310272K, 0% used [0x00000000eb900000,0x00000000eb900000,0x00000000fe800000)
  from space 8192K, 99% used [0x00000000fe800000,0x00000000feff92a8,0x00000000ff000000)
  to   space 16384K, 0% used [0x00000000ff000000,0x00000000ff000000,0x0000000100000000)
 ParOldGen       total 44544K, used 44054K [0x00000000c2a00000, 0x00000000c5580000, 0x00000000eb900000)
  object space 44544K, 98% used [0x00000000c2a00000,0x00000000c55059a8,0x00000000c5580000)
 Metaspace       used 20861K, capacity 21178K, committed 21296K, reserved 1069056K
  class space    used 2309K, capacity 2403K, committed 2432K, reserved 1048576K
Event: 38.857 GC heap after
Heap after GC invocations=15 (full 2):
 PSYoungGen      total 318464K, used 3032K [0x00000000eb900000, 0x0000000100000000, 0x0000000100000000)
  eden space 310272K, 0% used [0x00000000eb900000,0x00000000eb900000,0x00000000fe800000)
  from space 8192K, 37% used [0x00000000fe800000,0x00000000feaf61e0,0x00000000ff000000)
  to   space 16384K, 0% used [0x00000000ff000000,0x00000000ff000000,0x0000000100000000)
 ParOldGen       total 83456K, used 44418K [0x00000000c2a00000, 0x00000000c7b80000, 0x00000000eb900000)
  object space 83456K, 53% used [0x00000000c2a00000,0x00000000c5560bd0,0x00000000c7b80000)
 Metaspace       used 20861K, capacity 21178K, committed 21296K, reserved 1069056K
  class space    used 2309K, capacity 2403K, committed 2432K, reserved 1048576K
}
Event: 53.445 GC heap before
{Heap before GC invocations=16 (full 2):
 PSYoungGen      total 318464K, used 313304K [0x00000000eb900000, 0x0000000100000000, 0x0000000100000000)
  eden space 310272K, 100% used [0x00000000eb900000,0x00000000fe800000,0x00000000fe800000)
  from space 8192K, 37% used [0x00000000fe800000,0x00000000feaf61e0,0x00000000ff000000)
  to   space 16384K, 0% used [0x00000000ff000000,0x00000000ff000000,0x0000000100000000)
 ParOldGen       total 83456K, used 44418K [0x00000000c2a00000, 0x00000000c7b80000, 0x00000000eb900000)
  object space 83456K, 53% used [0x00000000c2a00000,0x00000000c5560bd0,0x00000000c7b80000)
 Metaspace       used 23467K, capacity 24156K, committed 24320K, reserved 1071104K
  class space    used 2508K, capacity 2690K, committed 2816K, reserved 1048576K
Event: 53.522 GC heap after
Heap after GC invocations=16 (full 2):
 PSYoungGen      total 318464K, used 8376K [0x00000000eb900000, 0x0000000100000000, 0x0000000100000000)
  eden space 302080K, 0% used [0x00000000eb900000,0x00000000eb900000,0x00000000fe000000)
  from space 16384K, 51% used [0x00000000ff000000,0x00000000ff82e0a8,0x0000000100000000)
  to   space 16384K, 0% used [0x00000000fe000000,0x00000000fe000000,0x00000000ff000000)
 ParOldGen       total 83456K, used 47475K [0x00000000c2a00000, 0x00000000c7b80000, 0x00000000eb900000)
  object space 83456K, 56% used [0x00000000c2a00000,0x00000000c585ce98,0x00000000c7b80000)
 Metaspace       used 23467K, capacity 24156K, committed 24320K, reserved 1071104K
  class space    used 2508K, capacity 2690K, committed 2816K, reserved 1048576K
}
Event: 60.438 GC heap before
{Heap before GC invocations=17 (full 2):
 PSYoungGen      total 318464K, used 310456K [0x00000000eb900000, 0x0000000100000000, 0x0000000100000000)
  eden space 302080K, 100% used [0x00000000eb900000,0x00000000fe000000,0x00000000fe000000)
  from space 16384K, 51% used [0x00000000ff000000,0x00000000ff82e0a8,0x0000000100000000)
  to   space 16384K, 0% used [0x00000000fe000000,0x00000000fe000000,0x00000000ff000000)
 ParOldGen       total 83456K, used 47475K [0x00000000c2a00000, 0x00000000c7b80000, 0x00000000eb900000)
  object space 83456K, 56% used [0x00000000c2a00000,0x00000000c585ce98,0x00000000c7b80000)
 Metaspace       used 23647K, capacity 24226K, committed 24576K, reserved 1071104K
  class space    used 2509K, capacity 2691K, committed 2816K, reserved 1048576K
Event: 60.460 GC heap after
Heap after GC invocations=17 (full 2):
 PSYoungGen      total 312832K, used 10718K [0x00000000eb900000, 0x0000000100000000, 0x0000000100000000)
  eden space 302080K, 0% used [0x00000000eb900000,0x00000000eb900000,0x00000000fe000000)
  from space 10752K, 99% used [0x00000000fe000000,0x00000000fea77840,0x00000000fea80000)
  to   space 16896K, 0% used [0x00000000fef80000,0x00000000fef80000,0x0000000100000000)
 ParOldGen       total 83456K, used 47483K [0x00000000c2a00000, 0x00000000c7b80000, 0x00000000eb900000)
  object space 83456K, 56% used [0x00000000c2a00000,0x00000000c585ee98,0x00000000c7b80000)
 Metaspace       used 23647K, capacity 24226K, committed 24576K, reserved 1071104K
  class space    used 2509K, capacity 2691K, committed 2816K, reserved 1048576K
}
Event: 66.640 GC heap before
{Heap before GC invocations=18 (full 2):
 PSYoungGen      total 312832K, used 312798K [0x00000000eb900000, 0x0000000100000000, 0x0000000100000000)
  eden space 302080K, 100% used [0x00000000eb900000,0x00000000fe000000,0x00000000fe000000)
  from space 10752K, 99% used [0x00000000fe000000,0x00000000fea77840,0x00000000fea80000)
  to   space 16896K, 0% used [0x00000000fef80000,0x00000000fef80000,0x0000000100000000)
 ParOldGen       total 83456K, used 47483K [0x00000000c2a00000, 0x00000000c7b80000, 0x00000000eb900000)
  object space 83456K, 56% used [0x00000000c2a00000,0x00000000c585ee98,0x00000000c7b80000)
 Metaspace       used 23840K, capacity 24472K, committed 24832K, reserved 1071104K
  class space    used 2522K, capacity 2700K, committed 2816K, reserved 1048576K
Event: 66.702 GC heap after
Heap after GC invocations=18 (full 2):
 PSYoungGen      total 315904K, used 13248K [0x00000000eb900000, 0x0000000100000000, 0x0000000100000000)
  eden space 299008K, 0% used [0x00000000eb900000,0x00000000eb900000,0x00000000fdd00000)
  from space 16896K, 78% used [0x00000000fef80000,0x00000000ffc70000,0x0000000100000000)
  to   space 17920K, 0% used [0x00000000fdd00000,0x00000000fdd00000,0x00000000fee80000)
 ParOldGen       total 83456K, used 47491K [0x00000000c2a00000, 0x00000000c7b80000, 0x00000000eb900000)
  object space 83456K, 56% used [0x00000000c2a00000,0x00000000c5860e98,0x00000000c7b80000)
 Metaspace       used 23840K, capacity 24472K, committed 24832K, reserved 1071104K
  class space    used 2522K, capacity 2700K, committed 2816K, reserved 1048576K
}
Event: 68.381 GC heap before
{Heap before GC invocations=19 (full 2):
 PSYoungGen      total 315904K, used 312256K [0x00000000eb900000, 0x0000000100000000, 0x0000000100000000)
  eden space 299008K, 100% used [0x00000000eb900000,0x00000000fdd00000,0x00000000fdd00000)
  from space 16896K, 78% used [0x00000000fef80000,0x00000000ffc70000,0x0000000100000000)
  to   space 17920K, 0% used [0x00000000fdd00000,0x00000000fdd00000,0x00000000fee80000)
 ParOldGen       total 83456K, used 47491K [0x00000000c2a00000, 0x00000000c7b80000, 0x00000000eb900000)
  object space 83456K, 56% used [0x00000000c2a00000,0x00000000c5860e98,0x00000000c7b80000)
 Metaspace       used 23941K, capacity 24542K, committed 24832K, reserved 1071104K
  class space    used 2529K, capacity 2701K, committed 2816K, reserved 1048576K
Event: 68.438 GC heap after
Heap after GC invocations=19 (full 2):
 PSYoungGen      total 313856K, used 14688K [0x00000000eb900000, 0x0000000100000000, 0x0000000100000000)
  eden space 299008K, 0% used [0x00000000eb900000,0x00000000eb900000,0x00000000fdd00000)
  from space 14848K, 98% used [0x00000000fdd00000,0x00000000feb58000,0x00000000feb80000)
  to   space 19456K, 0% used [0x00000000fed00000,0x00000000fed00000,0x0000000100000000)
 ParOldGen       total 83456K, used 47499K [0x00000000c2a00000, 0x00000000c7b80000, 0x00000000eb900000)
  object space 83456K, 56% used [0x00000000c2a00000,0x00000000c5862e98,0x00000000c7b80000)
 Metaspace       used 23941K, capacity 24542K, committed 24832K, reserved 1071104K
  class space    used 2529K, capacity 2701K, committed 2816K, reserved 1048576K
}

