# JRE version: Java(TM) SE Runtime Environment (8.0_201-b09) (build 1.8.0_201-b09)
# Java VM: Java HotSpot(TM) 64-Bit Server VM (25.201-b09 mixed mode linux-amd64 compressed oops)
Heap:
 PSYoungGen      total 285696K, used 274026K [0x00000000eb900000, 0x00000000ffe80000, 0x0000000100000000)
  eden space 270848K, 98% used [0x00000000eb900000,0x00000000fbea2970,0x00000000fc180000)
  from space 14848K, 41% used [0x00000000fc180000,0x00000000fc778000,0x00000000fd000000)
  to   space 14336K, 0% used [0x00000000ff080000,0x00000000ff080000,0x00000000ffe80000)
 ParOldGen       total 55296K, used 28548K [0x00000000c2a00000, 0x00000000c6000000, 0x00000000eb900000)
  object space 55296K, 51% used [0x00000000c2a00000,0x00000000c45e13b8,0x00000000c6000000)
 Metaspace       used 22112K, capacity 22602K, committed 22912K, reserved 1069056K
  class space    used 2425K, capacity 2563K, committed 2688K, reserved 1048576K
GC Heap History (10 events):
Event: 12.172 GC heap before
{Heap before GC invocations=11 (full 1):
 PSYoungGen      total 119808K, used 117690K [0x00000000eb900000, 0x00000000fa600000, 0x0000000100000000)
  eden space 105472K, 100% used [0x00000000eb900000,0x00000000f2000000,0x00000000f2000000)
  from space 14336K, 85% used [0x00000000f2000000,0x00000000f2bee898,0x00000000f2e00000)
  to   space 15872K, 0% used [0x00000000f9680000,0x00000000f9680000,0x00000000fa600000)
 ParOldGen       total 42496K, used 25460K [0x00000000c2a00000, 0x00000000c5380000, 0x00000000eb900000)
  object space 42496K, 59% used [0x00000000c2a00000,0x00000000c42dd2f8,0x00000000c5380000)
 Metaspace       used 20747K, capacity 21052K, committed 21248K, reserved 1069056K
  class space    used 2350K, capacity 2473K, committed 2560K, reserved 1048576K
Event: 12.249 GC heap after
Heap after GC invocations=11 (full 1):
 PSYoungGen      total 176640K, used 7216K [0x00000000eb900000, 0x00000000f9e00000, 0x0000000100000000)
  eden space 168960K, 0% used [0x00000000eb900000,0x00000000eb900000,0x00000000f5e00000)
  from space 7680K, 93% used [0x00000000f9680000,0x00000000f9d8c040,0x00000000f9e00000)
  to   space 14848K, 0% used [0x00000000f8100000,0x00000000f8100000,0x00000000f8f80000)
 ParOldGen       total 42496K, used 30492K [0x00000000c2a00000, 0x00000000c5380000, 0x00000000eb900000)
  object space 42496K, 71% used [0x00000000c2a00000,0x00000000c47c7318,0x00000000c5380000)
 Metaspace       used 20747K, capacity 21052K, committed 21248K, reserved 1069056K
  class space    used 2350K, capacity 2473K, committed 2560K, reserved 1048576K
}
Event: 12.417 GC heap before
{Heap before GC invocations=12 (full 1):
 PSYoungGen      total 176640K, used 45232K [0x00000000eb900000, 0x00000000f9e00000, 0x0000000100000000)
  eden space 168960K, 22% used [0x00000000eb900000,0x00000000ede20208,0x00000000f5e00000)
  from space 7680K, 93% used [0x00000000f9680000,0x00000000f9d8c040,0x00000000f9e00000)
  to   space 14848K, 0% used [0x00000000f8100000,0x00000000f8100000,0x00000000f8f80000)
 ParOldGen       total 42496K, used 30492K [0x00000000c2a00000, 0x00000000c5380000, 0x00000000eb900000)
  object space 42496K, 71% used [0x00000000c2a00000,0x00000000c47c7318,0x00000000c5380000)
 Metaspace       used 20747K, capacity 21052K, committed 21248K, reserved 1069056K
  class space    used 2350K, capacity 2473K, committed 2560K, reserved 1048576K
Event: 12.454 GC heap after
Heap after GC invocations=12 (full 1):
 PSYoungGen      total 219648K, used 1088K [0x00000000eb900000, 0x00000000fdf00000, 0x0000000100000000)
  eden space 204800K, 0% used [0x00000000eb900000,0x00000000eb900000,0x00000000f8100000)
  from space 14848K, 7% used [0x00000000f8100000,0x00000000f8210000,0x00000000f8f80000)
  to   space 15360K, 0% used [0x00000000fd000000,0x00000000fd000000,0x00000000fdf00000)
 ParOldGen       total 42496K, used 36852K [0x00000000c2a00000, 0x00000000c5380000, 0x00000000eb900000)
  object space 42496K, 86% used [0x00000000c2a00000,0x00000000c4dfd398,0x00000000c5380000)
 Metaspace       used 20747K, capacity 21052K, committed 21248K, reserved 1069056K
  class space    used 2350K, capacity 2473K, committed 2560K, reserved 1048576K
}
Event: 12.454 GC heap before
{Heap before GC invocations=13 (full 2):
 PSYoungGen      total 219648K, used 1088K [0x00000000eb900000, 0x00000000fdf00000, 0x0000000100000000)
  eden space 204800K, 0% used [0x00000000eb900000,0x00000000eb900000,0x00000000f8100000)
  from space 14848K, 7% used [0x00000000f8100000,0x00000000f8210000,0x00000000f8f80000)
  to   space 15360K, 0% used [0x00000000fd000000,0x00000000fd000000,0x00000000fdf00000)
 ParOldGen       total 42496K, used 36852K [0x00000000c2a00000, 0x00000000c5380000, 0x00000000eb900000)
  object space 42496K, 86% used [0x00000000c2a00000,0x00000000c4dfd398,0x00000000c5380000)
 Metaspace       used 20747K, capacity 21052K, committed 21248K, reserved 1069056K
  class space    used 2350K, capacity 2473K, committed 2560K, reserved 1048576K
Event: 12.909 GC heap after
Heap after GC invocations=13 (full 2):
 PSYoungGen      total 219648K, used 0K [0x00000000eb900000, 0x00000000fdf00000, 0x0000000100000000)
  eden space 204800K, 0% used [0x00000000eb900000,0x00000000eb900000,0x00000000f8100000)
  from space 14848K, 0% used [0x00000000f8100000,0x00000000f8100000,0x00000000f8f80000)
  to   space 15360K, 0% used [0x00000000fd000000,0x00000000fd000000,0x00000000fdf00000)
 ParOldGen       total 55296K, used 24162K [0x00000000c2a00000, 0x00000000c6000000, 0x00000000eb900000)
  object space 55296K, 43% used [0x00000000c2a00000,0x00000000c4198ba8,0x00000000c6000000)
 Metaspace       used 20747K, capacity 21052K, committed 21248K, reserved 1069056K
  class space    used 2350K, capacity 2473K, committed 2560K, reserved 1048576K
}
Event: 18.700 GC heap before
{Heap before GC invocations=14 (full 2):
 PSYoungGen      total 219648K, used 204800K [0x00000000eb900000, 0x00000000fdf00000, 0x0000000100000000)
  eden space 204800K, 100% used [0x00000000eb900000,0x00000000f8100000,0x00000000f8100000)
  from space 14848K, 0% used [0x00000000f8100000,0x00000000f8100000,0x00000000f8f80000)
  to   space 15360K, 0% used [0x00000000fd000000,0x00000000fd000000,0x00000000fdf00000)
 ParOldGen       total 55296K, used 24162K [0x00000000c2a00000, 0x00000000c6000000, 0x00000000eb900000)
  object space 55296K, 43% used [0x00000000c2a00000,0x00000000c4198ba8,0x00000000c6000000)
 Metaspace       used 21667K, capacity 22158K, committed 22272K, reserved 1069056K
  class space    used 2412K, capacity 2553K, committed 2560K, reserved 1048576K
Event: 18.718 GC heap after
Heap after GC invocations=14 (full 2):
 PSYoungGen      total 286208K, used 4763K [0x00000000eb900000, 0x00000000fe780000, 0x0000000100000000)
  eden space 270848K, 0% used [0x00000000eb900000,0x00000000eb900000,0x00000000fc180000)
  from space 15360K, 31% used [0x00000000fd000000,0x00000000fd4a6e48,0x00000000fdf00000)
  to   space 14848K, 0% used [0x00000000fc180000,0x00000000fc180000,0x00000000fd000000)
 ParOldGen       total 55296K, used 24170K [0x00000000c2a00000, 0x00000000c6000000, 0x00000000eb900000)
  object space 55296K, 43% used [0x00000000c2a00000,0x00000000c419aba8,0x00000000c6000000)
 Metaspace       used 21667K, capacity 22158K, committed 22272K, reserved 1069056K
  class space    used 2412K, capacity 2553K, committed 2560K, reserved 1048576K
}
Event: 25.507 GC heap before
{Heap before GC invocations=15 (full 2):
 PSYoungGen      total 286208K, used 275611K [0x00000000eb900000, 0x00000000fe780000, 0x0000000100000000)
  eden space 270848K, 100% used [0x00000000eb900000,0x00000000fc180000,0x00000000fc180000)
  from space 15360K, 31% used [0x00000000fd000000,0x00000000fd4a6e48,0x00000000fdf00000)
  to   space 14848K, 0% used [0x00000000fc180000,0x00000000fc180000,0x00000000fd000000)
 ParOldGen       total 55296K, used 24170K [0x00000000c2a00000, 0x00000000c6000000, 0x00000000eb900000)
  object space 55296K, 43% used [0x00000000c2a00000,0x00000000c419aba8,0x00000000c6000000)
 Metaspace       used 21976K, capacity 22508K, committed 22528K, reserved 1069056K
  class space    used 2422K, capacity 2558K, committed 2560K, reserved 1048576K
Event: 25.536 GC heap after
Heap after GC invocations=15 (full 2):
 PSYoungGen      total 285696K, used 6112K [0x00000000eb900000, 0x00000000ffe80000, 0x0000000100000000)
  eden space 270848K, 0% used [0x00000000eb900000,0x00000000eb900000,0x00000000fc180000)
  from space 14848K, 41% used [0x00000000fc180000,0x00000000fc778000,0x00000000fd000000)
  to   space 14336K, 0% used [0x00000000ff080000,0x00000000ff080000,0x00000000ffe80000)
 ParOldGen       total 55296K, used 28548K [0x00000000c2a00000, 0x00000000c6000000, 0x00000000eb900000)
  object space 55296K, 51% used [0x00000000c2a00000,0x00000000c45e13b8,0x00000000c6000000)
 Metaspace       used 21976K, capacity 22508K, committed 22528K, reserved 1069056K
  class space    used 2422K, capacity 2558K, committed 2560K, reserved 1048576K
}

