# JRE version: Java(TM) SE Runtime Environment (8.0_201-b09) (build 1.8.0_201-b09)
# Java VM: Java HotSpot(TM) 64-Bit Server VM (25.201-b09 mixed mode linux-amd64 compressed oops)
Heap:
 PSYoungGen      total 155648K, used 800K [0x00000000eb900000, 0x00000000fae80000, 0x0000000100000000)
  eden space 150016K, 0% used [0x00000000eb900000,0x00000000eb900000,0x00000000f4b80000)
  from space 5632K, 14% used [0x00000000fa900000,0x00000000fa9c8000,0x00000000fae80000)
  to   space 5632K, 0% used [0x00000000f4b80000,0x00000000f4b80000,0x00000000f5100000)
 ParOldGen       total 42496K, used 21858K [0x00000000c2a00000, 0x00000000c5380000, 0x00000000eb900000)
  object space 42496K, 51% used [0x00000000c2a00000,0x00000000c3f58a58,0x00000000c5380000)
 Metaspace       used 14217K, capacity 14670K, committed 14848K, reserved 1062912K
  class space    used 1612K, capacity 1751K, committed 1792K, reserved 1048576K
GC Heap History (10 events):
Event: 32.111 GC heap after
Heap after GC invocations=10 (full 1):
 PSYoungGen      total 64000K, used 3808K [0x00000000eb900000, 0x00000000f3600000, 0x0000000100000000)
  eden space 58368K, 0% used [0x00000000eb900000,0x00000000eb900000,0x00000000ef200000)
  from space 5632K, 67% used [0x00000000ef200000,0x00000000ef5b8020,0x00000000ef780000)
  to   space 5632K, 0% used [0x00000000f3080000,0x00000000f3080000,0x00000000f3600000)
 ParOldGen       total 42496K, used 8863K [0x00000000c2a00000, 0x00000000c5380000, 0x00000000eb900000)
  object space 42496K, 20% used [0x00000000c2a00000,0x00000000c32a7d58,0x00000000c5380000)
 Metaspace       used 14161K, capacity 14670K, committed 14848K, reserved 1062912K
  class space    used 1611K, capacity 1751K, committed 1792K, reserved 1048576K
}
Event: 32.712 GC heap before
{Heap before GC invocations=11 (full 1):
 PSYoungGen      total 64000K, used 62176K [0x00000000eb900000, 0x00000000f3600000, 0x0000000100000000)
  eden space 58368K, 100% used [0x00000000eb900000,0x00000000ef200000,0x00000000ef200000)
  from space 5632K, 67% used [0x00000000ef200000,0x00000000ef5b8020,0x00000000ef780000)
  to   space 5632K, 0% used [0x00000000f3080000,0x00000000f3080000,0x00000000f3600000)
 ParOldGen       total 42496K, used 8863K [0x00000000c2a00000, 0x00000000c5380000, 0x00000000eb900000)
  object space 42496K, 20% used [0x00000000c2a00000,0x00000000c32a7d58,0x00000000c5380000)
 Metaspace       used 14175K, capacity 14670K, committed 14848K, reserved 1062912K
  class space    used 1611K, capacity 1751K, committed 1792K, reserved 1048576K
Event: 32.736 GC heap after
Heap after GC invocations=11 (full 1):
 PSYoungGen      total 97792K, used 3952K [0x00000000eb900000, 0x00000000f3480000, 0x0000000100000000)
  eden space 93696K, 0% used [0x00000000eb900000,0x00000000eb900000,0x00000000f1480000)
  from space 4096K, 96% used [0x00000000f3080000,0x00000000f345c020,0x00000000f3480000)
  to   space 5120K, 0% used [0x00000000f2a80000,0x00000000f2a80000,0x00000000f2f80000)
 ParOldGen       total 42496K, used 10669K [0x00000000c2a00000, 0x00000000c5380000, 0x00000000eb900000)
  object space 42496K, 25% used [0x00000000c2a00000,0x00000000c346b730,0x00000000c5380000)
 Metaspace       used 14175K, capacity 14670K, committed 14848K, reserved 1062912K
  class space    used 1611K, capacity 1751K, committed 1792K, reserved 1048576K
}
Event: 33.412 GC heap before
{Heap before GC invocations=12 (full 1):
 PSYoungGen      total 97792K, used 97648K [0x00000000eb900000, 0x00000000f3480000, 0x0000000100000000)
  eden space 93696K, 100% used [0x00000000eb900000,0x00000000f1480000,0x00000000f1480000)
  from space 4096K, 96% used [0x00000000f3080000,0x00000000f345c020,0x00000000f3480000)
  to   space 5120K, 0% used [0x00000000f2a80000,0x00000000f2a80000,0x00000000f2f80000)
 ParOldGen       total 42496K, used 10669K [0x00000000c2a00000, 0x00000000c5380000, 0x00000000eb900000)
  object space 42496K, 25% used [0x00000000c2a00000,0x00000000c346b730,0x00000000c5380000)
 Metaspace       used 14191K, capacity 14670K, committed 14848K, reserved 1062912K
  class space    used 1611K, capacity 1751K, committed 1792K, reserved 1048576K
Event: 33.428 GC heap after
Heap after GC invocations=12 (full 1):
 PSYoungGen      total 121344K, used 2544K [0x00000000eb900000, 0x00000000f5680000, 0x0000000100000000)
  eden space 116224K, 0% used [0x00000000eb900000,0x00000000eb900000,0x00000000f2a80000)
  from space 5120K, 49% used [0x00000000f2a80000,0x00000000f2cfc020,0x00000000f2f80000)
  to   space 5632K, 0% used [0x00000000f5100000,0x00000000f5100000,0x00000000f5680000)
 ParOldGen       total 42496K, used 12600K [0x00000000c2a00000, 0x00000000c5380000, 0x00000000eb900000)
  object space 42496K, 29% used [0x00000000c2a00000,0x00000000c364e140,0x00000000c5380000)
 Metaspace       used 14191K, capacity 14670K, committed 14848K, reserved 1062912K
  class space    used 1611K, capacity 1751K, committed 1792K, reserved 1048576K
}
Event: 34.327 GC heap before
{Heap before GC invocations=13 (full 1):
 PSYoungGen      total 121344K, used 118768K [0x00000000eb900000, 0x00000000f5680000, 0x0000000100000000)
  eden space 116224K, 100% used [0x00000000eb900000,0x00000000f2a80000,0x00000000f2a80000)
  from space 5120K, 49% used [0x00000000f2a80000,0x00000000f2cfc020,0x00000000f2f80000)
  to   space 5632K, 0% used [0x00000000f5100000,0x00000000f5100000,0x00000000f5680000)
 ParOldGen       total 42496K, used 12600K [0x00000000c2a00000, 0x00000000c5380000, 0x00000000eb900000)
  object space 42496K, 29% used [0x00000000c2a00000,0x00000000c364e140,0x00000000c5380000)
 Metaspace       used 14212K, capacity 14670K, committed 14848K, reserved 1062912K
  class space    used 1612K, capacity 1751K, committed 1792K, reserved 1048576K
Event: 34.362 GC heap after
Heap after GC invocations=13 (full 1):
 PSYoungGen      total 155648K, used 4760K [0x00000000eb900000, 0x00000000f7a00000, 0x0000000100000000)
  eden space 150016K, 0% used [0x00000000eb900000,0x00000000eb900000,0x00000000f4b80000)
  from space 5632K, 84% used [0x00000000f5100000,0x00000000f55a6258,0x00000000f5680000)
  to   space 5632K, 0% used [0x00000000f4b80000,0x00000000f4b80000,0x00000000f5100000)
 ParOldGen       total 42496K, used 14936K [0x00000000c2a00000, 0x00000000c5380000, 0x00000000eb900000)
  object space 42496K, 35% used [0x00000000c2a00000,0x00000000c3896090,0x00000000c5380000)
 Metaspace       used 14212K, capacity 14670K, committed 14848K, reserved 1062912K
  class space    used 1612K, capacity 1751K, committed 1792K, reserved 1048576K
}
Event: 35.540 GC heap before
{Heap before GC invocations=14 (full 1):
 PSYoungGen      total 155648K, used 154776K [0x00000000eb900000, 0x00000000f7a00000, 0x0000000100000000)
  eden space 150016K, 100% used [0x00000000eb900000,0x00000000f4b80000,0x00000000f4b80000)
  from space 5632K, 84% used [0x00000000f5100000,0x00000000f55a6258,0x00000000f5680000)
  to   space 5632K, 0% used [0x00000000f4b80000,0x00000000f4b80000,0x00000000f5100000)
 ParOldGen       total 42496K, used 14936K [0x00000000c2a00000, 0x00000000c5380000, 0x00000000eb900000)
  object space 42496K, 35% used [0x00000000c2a00000,0x00000000c3896090,0x00000000c5380000)
 Metaspace       used 14216K, capacity 14670K, committed 14848K, reserved 1062912K
  class space    used 1612K, capacity 1751K, committed 1792K, reserved 1048576K
Event: 35.554 GC heap after
Heap after GC invocations=14 (full 1):
 PSYoungGen      total 155648K, used 2368K [0x00000000eb900000, 0x00000000fae80000, 0x0000000100000000)
  eden space 150016K, 0% used [0x00000000eb900000,0x00000000eb900000,0x00000000f4b80000)
  from space 5632K, 42% used [0x00000000f4b80000,0x00000000f4dd0000,0x00000000f5100000)
  to   space 5632K, 0% used [0x00000000fa900000,0x00000000fa900000,0x00000000fae80000)
 ParOldGen       total 42496K, used 19538K [0x00000000c2a00000, 0x00000000c5380000, 0x00000000eb900000)
  object space 42496K, 45% used [0x00000000c2a00000,0x00000000c3d14830,0x00000000c5380000)
 Metaspace       used 14216K, capacity 14670K, committed 14848K, reserved 1062912K
  class space    used 1612K, capacity 1751K, committed 1792K, reserved 1048576K
}
Event: 36.939 GC heap before
{Heap before GC invocations=15 (full 1):
 PSYoungGen      total 155648K, used 152384K [0x00000000eb900000, 0x00000000fae80000, 0x0000000100000000)
  eden space 150016K, 100% used [0x00000000eb900000,0x00000000f4b80000,0x00000000f4b80000)
  from space 5632K, 42% used [0x00000000f4b80000,0x00000000f4dd0000,0x00000000f5100000)
  to   space 5632K, 0% used [0x00000000fa900000,0x00000000fa900000,0x00000000fae80000)
 ParOldGen       total 42496K, used 19538K [0x00000000c2a00000, 0x00000000c5380000, 0x00000000eb900000)
  object space 42496K, 45% used [0x00000000c2a00000,0x00000000c3d14830,0x00000000c5380000)
 Metaspace       used 14217K, capacity 14670K, committed 14848K, reserved 1062912K
  class space    used 1612K, capacity 1751K, committed 1792K, reserved 1048576K

