# JRE version: Java(TM) SE Runtime Environment (8.0_201-b09) (build 1.8.0_201-b09)
# Java VM: Java HotSpot(TM) 64-Bit Server VM (25.201-b09 mixed mode linux-amd64 compressed oops)
Heap:
 PSYoungGen      total 304640K, used 1673K [0x00000000eb900000, 0x0000000100000000, 0x0000000100000000)
  eden space 274432K, 0% used [0x00000000eb900000,0x00000000eb900000,0x00000000fc500000)
  from space 30208K, 5% used [0x00000000fc500000,0x00000000fc6a26a0,0x00000000fe280000)
  to   space 30208K, 0% used [0x00000000fe280000,0x00000000fe280000,0x0000000100000000)
 ParOldGen       total 130560K, used 130122K [0x00000000c2a00000, 0x00000000ca980000, 0x00000000eb900000)
  object space 130560K, 99% used [0x00000000c2a00000,0x00000000ca912a48,0x00000000ca980000)
 Metaspace       used 28576K, capacity 29620K, committed 29824K, reserved 1075200K
  class space    used 3325K, capacity 3588K, committed 3712K, reserved 1048576K
GC Heap History (10 events):
Event: 78.180 GC heap after
Heap after GC invocations=42 (full 3):
 PSYoungGen      total 302592K, used 14672K [0x00000000eb900000, 0x00000000fff80000, 0x0000000100000000)
  eden space 273408K, 0% used [0x00000000eb900000,0x00000000eb900000,0x00000000fc400000)
  from space 29184K, 50% used [0x00000000fc400000,0x00000000fd254030,0x00000000fe080000)
  to   space 28160K, 0% used [0x00000000fe400000,0x00000000fe400000,0x00000000fff80000)
 ParOldGen       total 130560K, used 114368K [0x00000000c2a00000, 0x00000000ca980000, 0x00000000eb900000)
  object space 130560K, 87% used [0x00000000c2a00000,0x00000000c99b0060,0x00000000ca980000)
 Metaspace       used 28045K, capacity 28992K, committed 29184K, reserved 1075200K
  class space    used 3282K, capacity 3524K, committed 3584K, reserved 1048576K
}
Event: 79.788 GC heap before
{Heap before GC invocations=43 (full 3):
 PSYoungGen      total 302592K, used 288080K [0x00000000eb900000, 0x00000000fff80000, 0x0000000100000000)
  eden space 273408K, 100% used [0x00000000eb900000,0x00000000fc400000,0x00000000fc400000)
  from space 29184K, 50% used [0x00000000fc400000,0x00000000fd254030,0x00000000fe080000)
  to   space 28160K, 0% used [0x00000000fe400000,0x00000000fe400000,0x00000000fff80000)
 ParOldGen       total 130560K, used 114368K [0x00000000c2a00000, 0x00000000ca980000, 0x00000000eb900000)
  object space 130560K, 87% used [0x00000000c2a00000,0x00000000c99b0060,0x00000000ca980000)
 Metaspace       used 28095K, capacity 29004K, committed 29184K, reserved 1075200K
  class space    used 3289K, capacity 3528K, committed 3584K, reserved 1048576K
Event: 79.828 GC heap after
Heap after GC invocations=43 (full 3):
 PSYoungGen      total 303104K, used 15712K [0x00000000eb900000, 0x00000000ffd00000, 0x0000000100000000)
  eden space 277504K, 0% used [0x00000000eb900000,0x00000000eb900000,0x00000000fc800000)
  from space 25600K, 61% used [0x00000000fe400000,0x00000000ff358040,0x00000000ffd00000)
  to   space 27136K, 0% used [0x00000000fc800000,0x00000000fc800000,0x00000000fe280000)
 ParOldGen       total 130560K, used 114392K [0x00000000c2a00000, 0x00000000ca980000, 0x00000000eb900000)
  object space 130560K, 87% used [0x00000000c2a00000,0x00000000c99b6060,0x00000000ca980000)
 Metaspace       used 28095K, capacity 29004K, committed 29184K, reserved 1075200K
  class space    used 3289K, capacity 3528K, committed 3584K, reserved 1048576K
}
Event: 83.392 GC heap before
{Heap before GC invocations=44 (full 3):
 PSYoungGen      total 303104K, used 293216K [0x00000000eb900000, 0x00000000ffd00000, 0x0000000100000000)
  eden space 277504K, 100% used [0x00000000eb900000,0x00000000fc800000,0x00000000fc800000)
  from space 25600K, 61% used [0x00000000fe400000,0x00000000ff358040,0x00000000ffd00000)
  to   space 27136K, 0% used [0x00000000fc800000,0x00000000fc800000,0x00000000fe280000)
 ParOldGen       total 130560K, used 114392K [0x00000000c2a00000, 0x00000000ca980000, 0x00000000eb900000)
  object space 130560K, 87% used [0x00000000c2a00000,0x00000000c99b6060,0x00000000ca980000)
 Metaspace       used 28303K, capacity 29272K, committed 29440K, reserved 1075200K
  class space    used 3308K, capacity 3562K, committed 3584K, reserved 1048576K
Event: 83.436 GC heap after
Heap after GC invocations=44 (full 3):
 PSYoungGen      total 304640K, used 14992K [0x00000000eb900000, 0x00000000fff80000, 0x0000000100000000)
  eden space 277504K, 0% used [0x00000000eb900000,0x00000000eb900000,0x00000000fc800000)
  from space 27136K, 55% used [0x00000000fc800000,0x00000000fd6a4050,0x00000000fe280000)
  to   space 26112K, 0% used [0x00000000fe600000,0x00000000fe600000,0x00000000fff80000)
 ParOldGen       total 130560K, used 115996K [0x00000000c2a00000, 0x00000000ca980000, 0x00000000eb900000)
  object space 130560K, 88% used [0x00000000c2a00000,0x00000000c9b470d0,0x00000000ca980000)
 Metaspace       used 28303K, capacity 29272K, committed 29440K, reserved 1075200K
  class space    used 3308K, capacity 3562K, committed 3584K, reserved 1048576K
}
Event: 86.316 GC heap before
{Heap before GC invocations=45 (full 3):
 PSYoungGen      total 304640K, used 292496K [0x00000000eb900000, 0x00000000fff80000, 0x0000000100000000)
  eden space 277504K, 100% used [0x00000000eb900000,0x00000000fc800000,0x00000000fc800000)
  from space 27136K, 55% used [0x00000000fc800000,0x00000000fd6a4050,0x00000000fe280000)
  to   space 26112K, 0% used [0x00000000fe600000,0x00000000fe600000,0x00000000fff80000)
 ParOldGen       total 130560K, used 115996K [0x00000000c2a00000, 0x00000000ca980000, 0x00000000eb900000)
  object space 130560K, 88% used [0x00000000c2a00000,0x00000000c9b470d0,0x00000000ca980000)
 Metaspace       used 28461K, capacity 29532K, committed 29696K, reserved 1075200K
  class space    used 3323K, capacity 3584K, committed 3584K, reserved 1048576K
Event: 86.351 GC heap after
Heap after GC invocations=45 (full 3):
 PSYoungGen      total 300544K, used 26091K [0x00000000eb900000, 0x0000000100000000, 0x0000000100000000)
  eden space 274432K, 0% used [0x00000000eb900000,0x00000000eb900000,0x00000000fc500000)
  from space 26112K, 99% used [0x00000000fe600000,0x00000000fff7ae38,0x00000000fff80000)
  to   space 30208K, 0% used [0x00000000fc500000,0x00000000fc500000,0x00000000fe280000)
 ParOldGen       total 130560K, used 119687K [0x00000000c2a00000, 0x00000000ca980000, 0x00000000eb900000)
  object space 130560K, 91% used [0x00000000c2a00000,0x00000000c9ee1fe0,0x00000000ca980000)
 Metaspace       used 28461K, capacity 29532K, committed 29696K, reserved 1075200K
  class space    used 3323K, capacity 3584K, committed 3584K, reserved 1048576K
}
Event: 89.482 GC heap before
{Heap before GC invocations=46 (full 3):
 PSYoungGen      total 300544K, used 300523K [0x00000000eb900000, 0x0000000100000000, 0x0000000100000000)
  eden space 274432K, 100% used [0x00000000eb900000,0x00000000fc500000,0x00000000fc500000)
  from space 26112K, 99% used [0x00000000fe600000,0x00000000fff7ae38,0x00000000fff80000)
  to   space 30208K, 0% used [0x00000000fc500000,0x00000000fc500000,0x00000000fe280000)
 ParOldGen       total 130560K, used 119687K [0x00000000c2a00000, 0x00000000ca980000, 0x00000000eb900000)
  object space 130560K, 91% used [0x00000000c2a00000,0x00000000c9ee1fe0,0x00000000ca980000)
 Metaspace       used 28583K, capacity 29632K, committed 29824K, reserved 1075200K
  class space    used 3326K, capacity 3590K, committed 3712K, reserved 1048576K
Event: 89.601 GC heap after
Heap after GC invocations=46 (full 3):
 PSYoungGen      total 304640K, used 30188K [0x00000000eb900000, 0x0000000100000000, 0x0000000100000000)
  eden space 274432K, 0% used [0x00000000eb900000,0x00000000eb900000,0x00000000fc500000)
  from space 30208K, 99% used [0x00000000fc500000,0x00000000fe27b048,0x00000000fe280000)
  to   space 30208K, 0% used [0x00000000fe280000,0x00000000fe280000,0x0000000100000000)
 ParOldGen       total 130560K, used 127800K [0x00000000c2a00000, 0x00000000ca980000, 0x00000000eb900000)
  object space 130560K, 97% used [0x00000000c2a00000,0x00000000ca6ce168,0x00000000ca980000)
 Metaspace       used 28583K, capacity 29632K, committed 29824K, reserved 1075200K
  class space    used 3326K, capacity 3590K, committed 3712K, reserved 1048576K
}
Event: 89.602 GC heap before
{Heap before GC invocations=47 (full 4):
 PSYoungGen      total 304640K, used 30188K [0x00000000eb900000, 0x0000000100000000, 0x0000000100000000)
  eden space 274432K, 0% used [0x00000000eb900000,0x00000000eb900000,0x00000000fc500000)
  from space 30208K, 99% used [0x00000000fc500000,0x00000000fe27b048,0x00000000fe280000)
  to   space 30208K, 0% used [0x00000000fe280000,0x00000000fe280000,0x0000000100000000)
 ParOldGen       total 130560K, used 127800K [0x00000000c2a00000, 0x00000000ca980000, 0x00000000eb900000)
  object space 130560K, 97% used [0x00000000c2a00000,0x00000000ca6ce168,0x00000000ca980000)
 Metaspace       used 28583K, capacity 29632K, committed 29824K, reserved 1075200K
  class space    used 3326K, capacity 3590K, committed 3712K, reserved 1048576K

