# JRE version: Java(TM) SE Runtime Environment (8.0_201-b09) (build 1.8.0_201-b09)
# Java VM: Java HotSpot(TM) 64-Bit Server VM (25.201-b09 mixed mode linux-amd64 compressed oops)
Heap:
 PSYoungGen      total 98816K, used 5600K [0x00000000eb900000, 0x00000000f3500000, 0x0000000100000000)
  eden space 92160K, 0% used [0x00000000eb900000,0x00000000eb900000,0x00000000f1300000)
  from space 6656K, 84% used [0x00000000f2800000,0x00000000f2d781d0,0x00000000f2e80000)
  to   space 6144K, 0% used [0x00000000f2f00000,0x00000000f2f00000,0x00000000f3500000)
 ParOldGen       total 42496K, used 14580K [0x00000000c2a00000, 0x00000000c5380000, 0x00000000eb900000)
  object space 42496K, 34% used [0x00000000c2a00000,0x00000000c383d0f0,0x00000000c5380000)
 Metaspace       used 13877K, capacity 14258K, committed 14592K, reserved 1062912K
  class space    used 1586K, capacity 1705K, committed 1792K, reserved 1048576K
GC Heap History (10 events):
Event: 92.559 GC heap after
Heap after GC invocations=7 (full 1):
 PSYoungGen      total 31232K, used 2556K [0x00000000eb900000, 0x00000000ee300000, 0x0000000100000000)
  eden space 28672K, 0% used [0x00000000eb900000,0x00000000eb900000,0x00000000ed500000)
  from space 2560K, 99% used [0x00000000eda80000,0x00000000edcff110,0x00000000edd00000)
  to   space 5632K, 0% used [0x00000000ed500000,0x00000000ed500000,0x00000000eda80000)
 ParOldGen       total 42496K, used 6507K [0x00000000c2a00000, 0x00000000c5380000, 0x00000000eb900000)
  object space 42496K, 15% used [0x00000000c2a00000,0x00000000c305ae30,0x00000000c5380000)
 Metaspace       used 13692K, capacity 14060K, committed 14336K, reserved 1062912K
  class space    used 1585K, capacity 1704K, committed 1792K, reserved 1048576K
}
Event: 93.001 GC heap before
{Heap before GC invocations=8 (full 1):
 PSYoungGen      total 31232K, used 31228K [0x00000000eb900000, 0x00000000ee300000, 0x0000000100000000)
  eden space 28672K, 100% used [0x00000000eb900000,0x00000000ed500000,0x00000000ed500000)
  from space 2560K, 99% used [0x00000000eda80000,0x00000000edcff110,0x00000000edd00000)
  to   space 5632K, 0% used [0x00000000ed500000,0x00000000ed500000,0x00000000eda80000)
 ParOldGen       total 42496K, used 6507K [0x00000000c2a00000, 0x00000000c5380000, 0x00000000eb900000)
  object space 42496K, 15% used [0x00000000c2a00000,0x00000000c305ae30,0x00000000c5380000)
 Metaspace       used 13758K, capacity 14130K, committed 14336K, reserved 1062912K
  class space    used 1585K, capacity 1705K, committed 1792K, reserved 1048576K
Event: 93.015 GC heap after
Heap after GC invocations=8 (full 1):
 PSYoungGen      total 34304K, used 3474K [0x00000000eb900000, 0x00000000efb00000, 0x0000000100000000)
  eden space 28672K, 0% used [0x00000000eb900000,0x00000000eb900000,0x00000000ed500000)
  from space 5632K, 61% used [0x00000000ed500000,0x00000000ed864920,0x00000000eda80000)
  to   space 5120K, 0% used [0x00000000ef600000,0x00000000ef600000,0x00000000efb00000)
 ParOldGen       total 42496K, used 6515K [0x00000000c2a00000, 0x00000000c5380000, 0x00000000eb900000)
  object space 42496K, 15% used [0x00000000c2a00000,0x00000000c305ce30,0x00000000c5380000)
 Metaspace       used 13758K, capacity 14130K, committed 14336K, reserved 1062912K
  class space    used 1585K, capacity 1705K, committed 1792K, reserved 1048576K
}
Event: 93.160 GC heap before
{Heap before GC invocations=9 (full 1):
 PSYoungGen      total 34304K, used 32146K [0x00000000eb900000, 0x00000000efb00000, 0x0000000100000000)
  eden space 28672K, 100% used [0x00000000eb900000,0x00000000ed500000,0x00000000ed500000)
  from space 5632K, 61% used [0x00000000ed500000,0x00000000ed864920,0x00000000eda80000)
  to   space 5120K, 0% used [0x00000000ef600000,0x00000000ef600000,0x00000000efb00000)
 ParOldGen       total 42496K, used 6515K [0x00000000c2a00000, 0x00000000c5380000, 0x00000000eb900000)
  object space 42496K, 15% used [0x00000000c2a00000,0x00000000c305ce30,0x00000000c5380000)
 Metaspace       used 13776K, capacity 14130K, committed 14336K, reserved 1062912K
  class space    used 1585K, capacity 1705K, committed 1792K, reserved 1048576K
Event: 93.175 GC heap after
Heap after GC invocations=9 (full 1):
 PSYoungGen      total 62464K, used 2496K [0x00000000eb900000, 0x00000000efb00000, 0x0000000100000000)
  eden space 57344K, 0% used [0x00000000eb900000,0x00000000eb900000,0x00000000ef100000)
  from space 5120K, 48% used [0x00000000ef600000,0x00000000ef870000,0x00000000efb00000)
  to   space 5120K, 0% used [0x00000000ef100000,0x00000000ef100000,0x00000000ef600000)
 ParOldGen       total 42496K, used 8061K [0x00000000c2a00000, 0x00000000c5380000, 0x00000000eb900000)
  object space 42496K, 18% used [0x00000000c2a00000,0x00000000c31df7c0,0x00000000c5380000)
 Metaspace       used 13776K, capacity 14130K, committed 14336K, reserved 1062912K
  class space    used 1585K, capacity 1705K, committed 1792K, reserved 1048576K
}
Event: 94.015 GC heap before
{Heap before GC invocations=10 (full 1):
 PSYoungGen      total 62464K, used 59840K [0x00000000eb900000, 0x00000000efb00000, 0x0000000100000000)
  eden space 57344K, 100% used [0x00000000eb900000,0x00000000ef100000,0x00000000ef100000)
  from space 5120K, 48% used [0x00000000ef600000,0x00000000ef870000,0x00000000efb00000)
  to   space 5120K, 0% used [0x00000000ef100000,0x00000000ef100000,0x00000000ef600000)
 ParOldGen       total 42496K, used 8061K [0x00000000c2a00000, 0x00000000c5380000, 0x00000000eb900000)
  object space 42496K, 18% used [0x00000000c2a00000,0x00000000c31df7c0,0x00000000c5380000)
 Metaspace       used 13819K, capacity 14194K, committed 14336K, reserved 1062912K
  class space    used 1585K, capacity 1705K, committed 1792K, reserved 1048576K
Event: 94.033 GC heap after
Heap after GC invocations=10 (full 1):
 PSYoungGen      total 62464K, used 5088K [0x00000000eb900000, 0x00000000f3500000, 0x0000000100000000)
  eden space 57344K, 0% used [0x00000000eb900000,0x00000000eb900000,0x00000000ef100000)
  from space 5120K, 99% used [0x00000000ef100000,0x00000000ef5f8020,0x00000000ef600000)
  to   space 6144K, 0% used [0x00000000f2f00000,0x00000000f2f00000,0x00000000f3500000)
 ParOldGen       total 42496K, used 9408K [0x00000000c2a00000, 0x00000000c5380000, 0x00000000eb900000)
  object space 42496K, 22% used [0x00000000c2a00000,0x00000000c33302a0,0x00000000c5380000)
 Metaspace       used 13819K, capacity 14194K, committed 14336K, reserved 1062912K
  class space    used 1585K, capacity 1705K, committed 1792K, reserved 1048576K
}
Event: 94.678 GC heap before
{Heap before GC invocations=11 (full 1):
 PSYoungGen      total 62464K, used 62432K [0x00000000eb900000, 0x00000000f3500000, 0x0000000100000000)
  eden space 57344K, 100% used [0x00000000eb900000,0x00000000ef100000,0x00000000ef100000)
  from space 5120K, 99% used [0x00000000ef100000,0x00000000ef5f8020,0x00000000ef600000)
  to   space 6144K, 0% used [0x00000000f2f00000,0x00000000f2f00000,0x00000000f3500000)
 ParOldGen       total 42496K, used 9408K [0x00000000c2a00000, 0x00000000c5380000, 0x00000000eb900000)
  object space 42496K, 22% used [0x00000000c2a00000,0x00000000c33302a0,0x00000000c5380000)
 Metaspace       used 13841K, capacity 14194K, committed 14336K, reserved 1062912K
  class space    used 1586K, capacity 1705K, committed 1792K, reserved 1048576K
Event: 94.708 GC heap after
Heap after GC invocations=11 (full 1):
 PSYoungGen      total 98304K, used 5632K [0x00000000eb900000, 0x00000000f3500000, 0x0000000100000000)
  eden space 92160K, 0% used [0x00000000eb900000,0x00000000eb900000,0x00000000f1300000)
  from space 6144K, 91% used [0x00000000f2f00000,0x00000000f3480040,0x00000000f3500000)
  to   space 6656K, 0% used [0x00000000f2800000,0x00000000f2800000,0x00000000f2e80000)
 ParOldGen       total 42496K, used 10344K [0x00000000c2a00000, 0x00000000c5380000, 0x00000000eb900000)
  object space 42496K, 24% used [0x00000000c2a00000,0x00000000c341a2d0,0x00000000c5380000)
 Metaspace       used 13841K, capacity 14194K, committed 14336K, reserved 1062912K
  class space    used 1586K, capacity 1705K, committed 1792K, reserved 1048576K
}
Event: 95.834 GC heap before
{Heap before GC invocations=12 (full 1):
 PSYoungGen      total 98304K, used 97792K [0x00000000eb900000, 0x00000000f3500000, 0x0000000100000000)
  eden space 92160K, 100% used [0x00000000eb900000,0x00000000f1300000,0x00000000f1300000)
  from space 6144K, 91% used [0x00000000f2f00000,0x00000000f3480040,0x00000000f3500000)
  to   space 6656K, 0% used [0x00000000f2800000,0x00000000f2800000,0x00000000f2e80000)
 ParOldGen       total 42496K, used 10344K [0x00000000c2a00000, 0x00000000c5380000, 0x00000000eb900000)
  object space 42496K, 24% used [0x00000000c2a00000,0x00000000c341a2d0,0x00000000c5380000)
 Metaspace       used 13877K, capacity 14258K, committed 14592K, reserved 1062912K
  class space    used 1586K, capacity 1705K, committed 1792K, reserved 1048576K

