# JRE version: Java(TM) SE Runtime Environment (8.0_201-b09) (build 1.8.0_201-b09)
# Java VM: Java HotSpot(TM) 64-Bit Server VM (25.201-b09 mixed mode linux-amd64 compressed oops)
Heap:
 PSYoungGen      total 154112K, used 2360K [0x00000000eb900000, 0x00000000f7680000, 0x0000000100000000)
  eden space 148480K, 0% used [0x00000000eb900000,0x00000000eb900000,0x00000000f4a00000)
  from space 5632K, 41% used [0x00000000f4a00000,0x00000000f4c4e1a8,0x00000000f4f80000)
  to   space 5632K, 0% used [0x00000000f4f80000,0x00000000f4f80000,0x00000000f5500000)
 ParOldGen       total 42496K, used 19264K [0x00000000c2a00000, 0x00000000c5380000, 0x00000000eb900000)
  object space 42496K, 45% used [0x00000000c2a00000,0x00000000c3cd01b0,0x00000000c5380000)
 Metaspace       used 13991K, capacity 14404K, committed 14592K, reserved 1062912K
  class space    used 1594K, capacity 1708K, committed 1792K, reserved 1048576K
GC Heap History (10 events):
Event: 32.025 GC heap after
Heap after GC invocations=9 (full 1):
 PSYoungGen      total 62976K, used 5072K [0x00000000eb900000, 0x00000000efd00000, 0x0000000100000000)
  eden space 57856K, 0% used [0x00000000eb900000,0x00000000eb900000,0x00000000ef180000)
  from space 5120K, 99% used [0x00000000ef700000,0x00000000efbf4070,0x00000000efc00000)
  to   space 5632K, 0% used [0x00000000ef180000,0x00000000ef180000,0x00000000ef700000)
 ParOldGen       total 42496K, used 6971K [0x00000000c2a00000, 0x00000000c5380000, 0x00000000eb900000)
  object space 42496K, 16% used [0x00000000c2a00000,0x00000000c30cef78,0x00000000c5380000)
 Metaspace       used 13889K, capacity 14276K, committed 14592K, reserved 1062912K
  class space    used 1594K, capacity 1708K, committed 1792K, reserved 1048576K
}
Event: 32.635 GC heap before
{Heap before GC invocations=10 (full 1):
 PSYoungGen      total 62976K, used 62928K [0x00000000eb900000, 0x00000000efd00000, 0x0000000100000000)
  eden space 57856K, 100% used [0x00000000eb900000,0x00000000ef180000,0x00000000ef180000)
  from space 5120K, 99% used [0x00000000ef700000,0x00000000efbf4070,0x00000000efc00000)
  to   space 5632K, 0% used [0x00000000ef180000,0x00000000ef180000,0x00000000ef700000)
 ParOldGen       total 42496K, used 6971K [0x00000000c2a00000, 0x00000000c5380000, 0x00000000eb900000)
  object space 42496K, 16% used [0x00000000c2a00000,0x00000000c30cef78,0x00000000c5380000)
 Metaspace       used 13919K, capacity 14340K, committed 14592K, reserved 1062912K
  class space    used 1594K, capacity 1708K, committed 1792K, reserved 1048576K
Event: 32.651 GC heap after
Heap after GC invocations=10 (full 1):
 PSYoungGen      total 63488K, used 4096K [0x00000000eb900000, 0x00000000f3500000, 0x0000000100000000)
  eden space 57856K, 0% used [0x00000000eb900000,0x00000000eb900000,0x00000000ef180000)
  from space 5632K, 72% used [0x00000000ef180000,0x00000000ef580020,0x00000000ef700000)
  to   space 5632K, 0% used [0x00000000f2f80000,0x00000000f2f80000,0x00000000f3500000)
 ParOldGen       total 42496K, used 8553K [0x00000000c2a00000, 0x00000000c5380000, 0x00000000eb900000)
  object space 42496K, 20% used [0x00000000c2a00000,0x00000000c325a4b0,0x00000000c5380000)
 Metaspace       used 13919K, capacity 14340K, committed 14592K, reserved 1062912K
  class space    used 1594K, capacity 1708K, committed 1792K, reserved 1048576K
}
Event: 33.235 GC heap before
{Heap before GC invocations=11 (full 1):
 PSYoungGen      total 63488K, used 61952K [0x00000000eb900000, 0x00000000f3500000, 0x0000000100000000)
  eden space 57856K, 100% used [0x00000000eb900000,0x00000000ef180000,0x00000000ef180000)
  from space 5632K, 72% used [0x00000000ef180000,0x00000000ef580020,0x00000000ef700000)
  to   space 5632K, 0% used [0x00000000f2f80000,0x00000000f2f80000,0x00000000f3500000)
 ParOldGen       total 42496K, used 8553K [0x00000000c2a00000, 0x00000000c5380000, 0x00000000eb900000)
  object space 42496K, 20% used [0x00000000c2a00000,0x00000000c325a4b0,0x00000000c5380000)
 Metaspace       used 13940K, capacity 14340K, committed 14592K, reserved 1062912K
  class space    used 1594K, capacity 1708K, committed 1792K, reserved 1048576K
Event: 33.249 GC heap after
Heap after GC invocations=11 (full 1):
 PSYoungGen      total 96768K, used 4064K [0x00000000eb900000, 0x00000000f3380000, 0x0000000100000000)
  eden space 92672K, 0% used [0x00000000eb900000,0x00000000eb900000,0x00000000f1380000)
  from space 4096K, 99% used [0x00000000f2f80000,0x00000000f3378030,0x00000000f3380000)
  to   space 5632K, 0% used [0x00000000f2880000,0x00000000f2880000,0x00000000f2e00000)
 ParOldGen       total 42496K, used 10231K [0x00000000c2a00000, 0x00000000c5380000, 0x00000000eb900000)
  object space 42496K, 24% used [0x00000000c2a00000,0x00000000c33fded8,0x00000000c5380000)
 Metaspace       used 13940K, capacity 14340K, committed 14592K, reserved 1062912K
  class space    used 1594K, capacity 1708K, committed 1792K, reserved 1048576K
}
Event: 33.994 GC heap before
{Heap before GC invocations=12 (full 1):
 PSYoungGen      total 96768K, used 96736K [0x00000000eb900000, 0x00000000f3380000, 0x0000000100000000)
  eden space 92672K, 100% used [0x00000000eb900000,0x00000000f1380000,0x00000000f1380000)
  from space 4096K, 99% used [0x00000000f2f80000,0x00000000f3378030,0x00000000f3380000)
  to   space 5632K, 0% used [0x00000000f2880000,0x00000000f2880000,0x00000000f2e00000)
 ParOldGen       total 42496K, used 10231K [0x00000000c2a00000, 0x00000000c5380000, 0x00000000eb900000)
  object space 42496K, 24% used [0x00000000c2a00000,0x00000000c33fded8,0x00000000c5380000)
 Metaspace       used 13959K, capacity 14340K, committed 14592K, reserved 1062912K
  class space    used 1594K, capacity 1708K, committed 1792K, reserved 1048576K
Event: 34.021 GC heap after
Heap after GC invocations=12 (full 1):
 PSYoungGen      total 119808K, used 2384K [0x00000000eb900000, 0x00000000f5500000, 0x0000000100000000)
  eden space 114176K, 0% used [0x00000000eb900000,0x00000000eb900000,0x00000000f2880000)
  from space 5632K, 42% used [0x00000000f2880000,0x00000000f2ad4020,0x00000000f2e00000)
  to   space 5632K, 0% used [0x00000000f4f80000,0x00000000f4f80000,0x00000000f5500000)
 ParOldGen       total 42496K, used 12510K [0x00000000c2a00000, 0x00000000c5380000, 0x00000000eb900000)
  object space 42496K, 29% used [0x00000000c2a00000,0x00000000c3637908,0x00000000c5380000)
 Metaspace       used 13959K, capacity 14340K, committed 14592K, reserved 1062912K
  class space    used 1594K, capacity 1708K, committed 1792K, reserved 1048576K
}
Event: 35.209 GC heap before
{Heap before GC invocations=13 (full 1):
 PSYoungGen      total 119808K, used 116560K [0x00000000eb900000, 0x00000000f5500000, 0x0000000100000000)
  eden space 114176K, 100% used [0x00000000eb900000,0x00000000f2880000,0x00000000f2880000)
  from space 5632K, 42% used [0x00000000f2880000,0x00000000f2ad4020,0x00000000f2e00000)
  to   space 5632K, 0% used [0x00000000f4f80000,0x00000000f4f80000,0x00000000f5500000)
 ParOldGen       total 42496K, used 12510K [0x00000000c2a00000, 0x00000000c5380000, 0x00000000eb900000)
  object space 42496K, 29% used [0x00000000c2a00000,0x00000000c3637908,0x00000000c5380000)
 Metaspace       used 13982K, capacity 14404K, committed 14592K, reserved 1062912K
  class space    used 1594K, capacity 1708K, committed 1792K, reserved 1048576K
Event: 35.229 GC heap after
Heap after GC invocations=13 (full 1):
 PSYoungGen      total 154112K, used 4736K [0x00000000eb900000, 0x00000000f7680000, 0x0000000100000000)
  eden space 148480K, 0% used [0x00000000eb900000,0x00000000eb900000,0x00000000f4a00000)
  from space 5632K, 84% used [0x00000000f4f80000,0x00000000f54201c0,0x00000000f5500000)
  to   space 5632K, 0% used [0x00000000f4a00000,0x00000000f4a00000,0x00000000f4f80000)
 ParOldGen       total 42496K, used 14679K [0x00000000c2a00000, 0x00000000c5380000, 0x00000000eb900000)
  object space 42496K, 34% used [0x00000000c2a00000,0x00000000c3855db0,0x00000000c5380000)
 Metaspace       used 13982K, capacity 14404K, committed 14592K, reserved 1062912K
  class space    used 1594K, capacity 1708K, committed 1792K, reserved 1048576K
}
Event: 36.961 GC heap before
{Heap before GC invocations=14 (full 1):
 PSYoungGen      total 154112K, used 153216K [0x00000000eb900000, 0x00000000f7680000, 0x0000000100000000)
  eden space 148480K, 100% used [0x00000000eb900000,0x00000000f4a00000,0x00000000f4a00000)
  from space 5632K, 84% used [0x00000000f4f80000,0x00000000f54201c0,0x00000000f5500000)
  to   space 5632K, 0% used [0x00000000f4a00000,0x00000000f4a00000,0x00000000f4f80000)
 ParOldGen       total 42496K, used 14679K [0x00000000c2a00000, 0x00000000c5380000, 0x00000000eb900000)
  object space 42496K, 34% used [0x00000000c2a00000,0x00000000c3855db0,0x00000000c5380000)
 Metaspace       used 13991K, capacity 14404K, committed 14592K, reserved 1062912K
  class space    used 1594K, capacity 1708K, committed 1792K, reserved 1048576K

