# JRE version: Java(TM) SE Runtime Environment (8.0_201-b09) (build 1.8.0_201-b09)
# Java VM: Java HotSpot(TM) 64-Bit Server VM (25.201-b09 mixed mode linux-amd64 compressed oops)
Heap:
 PSYoungGen      total 312832K, used 304608K [0x00000000eb900000, 0x0000000100000000, 0x0000000100000000)
  eden space 290816K, 100% used [0x00000000eb900000,0x00000000fd500000,0x00000000fd500000)
  from space 22016K, 62% used [0x00000000fea80000,0x00000000ff7f8000,0x0000000100000000)
  to   space 22016K, 0% used [0x00000000fd500000,0x00000000fd500000,0x00000000fea80000)
 ParOldGen       total 80896K, used 47217K [0x00000000c2a00000, 0x00000000c7900000, 0x00000000eb900000)
  object space 80896K, 58% used [0x00000000c2a00000,0x00000000c581c4c0,0x00000000c7900000)
 Metaspace       used 24091K, capacity 24642K, committed 24832K, reserved 1071104K
  class space    used 2527K, capacity 2697K, committed 2816K, reserved 1048576K
GC Heap History (10 events):
Event: 40.334 GC heap before
{Heap before GC invocations=18 (full 2):
 PSYoungGen      total 317952K, used 310752K [0x00000000eb900000, 0x0000000100000000, 0x0000000100000000)
  eden space 301056K, 100% used [0x00000000eb900000,0x00000000fdf00000,0x00000000fdf00000)
  from space 16896K, 57% used [0x00000000fdf00000,0x00000000fe878000,0x00000000fef80000)
  to   space 16896K, 0% used [0x00000000fef80000,0x00000000fef80000,0x0000000100000000)
 ParOldGen       total 80896K, used 47185K [0x00000000c2a00000, 0x00000000c7900000, 0x00000000eb900000)
  object space 80896K, 58% used [0x00000000c2a00000,0x00000000c58144c0,0x00000000c7900000)
 Metaspace       used 23768K, capacity 24368K, committed 24576K, reserved 1071104K
  class space    used 2518K, capacity 2694K, committed 2816K, reserved 1048576K
Event: 40.363 GC heap after
Heap after GC invocations=18 (full 2):
 PSYoungGen      total 315904K, used 13248K [0x00000000eb900000, 0x0000000100000000, 0x0000000100000000)
  eden space 299008K, 0% used [0x00000000eb900000,0x00000000eb900000,0x00000000fdd00000)
  from space 16896K, 78% used [0x00000000fef80000,0x00000000ffc70000,0x0000000100000000)
  to   space 17920K, 0% used [0x00000000fdd00000,0x00000000fdd00000,0x00000000fee80000)
 ParOldGen       total 80896K, used 47193K [0x00000000c2a00000, 0x00000000c7900000, 0x00000000eb900000)
  object space 80896K, 58% used [0x00000000c2a00000,0x00000000c58164c0,0x00000000c7900000)
 Metaspace       used 23768K, capacity 24368K, committed 24576K, reserved 1071104K
  class space    used 2518K, capacity 2694K, committed 2816K, reserved 1048576K
}
Event: 43.108 GC heap before
{Heap before GC invocations=19 (full 2):
 PSYoungGen      total 315904K, used 312256K [0x00000000eb900000, 0x0000000100000000, 0x0000000100000000)
  eden space 299008K, 100% used [0x00000000eb900000,0x00000000fdd00000,0x00000000fdd00000)
  from space 16896K, 78% used [0x00000000fef80000,0x00000000ffc70000,0x0000000100000000)
  to   space 17920K, 0% used [0x00000000fdd00000,0x00000000fdd00000,0x00000000fee80000)
 ParOldGen       total 80896K, used 47193K [0x00000000c2a00000, 0x00000000c7900000, 0x00000000eb900000)
  object space 80896K, 58% used [0x00000000c2a00000,0x00000000c58164c0,0x00000000c7900000)
 Metaspace       used 23919K, capacity 24508K, committed 24832K, reserved 1071104K
  class space    used 2525K, capacity 2696K, committed 2816K, reserved 1048576K
Event: 43.128 GC heap after
Heap after GC invocations=19 (full 2):
 PSYoungGen      total 315392K, used 16048K [0x00000000eb900000, 0x0000000100000000, 0x0000000100000000)
  eden space 299008K, 0% used [0x00000000eb900000,0x00000000eb900000,0x00000000fdd00000)
  from space 16384K, 97% used [0x00000000fdd00000,0x00000000fecac010,0x00000000fed00000)
  to   space 19456K, 0% used [0x00000000fed00000,0x00000000fed00000,0x0000000100000000)
 ParOldGen       total 80896K, used 47201K [0x00000000c2a00000, 0x00000000c7900000, 0x00000000eb900000)
  object space 80896K, 58% used [0x00000000c2a00000,0x00000000c58184c0,0x00000000c7900000)
 Metaspace       used 23919K, capacity 24508K, committed 24832K, reserved 1071104K
  class space    used 2525K, capacity 2696K, committed 2816K, reserved 1048576K
}
Event: 43.985 GC heap before
{Heap before GC invocations=20 (full 2):
 PSYoungGen      total 315392K, used 315056K [0x00000000eb900000, 0x0000000100000000, 0x0000000100000000)
  eden space 299008K, 100% used [0x00000000eb900000,0x00000000fdd00000,0x00000000fdd00000)
  from space 16384K, 97% used [0x00000000fdd00000,0x00000000fecac010,0x00000000fed00000)
  to   space 19456K, 0% used [0x00000000fed00000,0x00000000fed00000,0x0000000100000000)
 ParOldGen       total 80896K, used 47201K [0x00000000c2a00000, 0x00000000c7900000, 0x00000000eb900000)
  object space 80896K, 58% used [0x00000000c2a00000,0x00000000c58184c0,0x00000000c7900000)
 Metaspace       used 23938K, capacity 24508K, committed 24832K, reserved 1071104K
  class space    used 2526K, capacity 2696K, committed 2816K, reserved 1048576K
Event: 44.032 GC heap after
Heap after GC invocations=20 (full 2):
 PSYoungGen      total 311296K, used 16784K [0x00000000eb900000, 0x0000000100000000, 0x0000000100000000)
  eden space 291840K, 0% used [0x00000000eb900000,0x00000000eb900000,0x00000000fd600000)
  from space 19456K, 86% used [0x00000000fed00000,0x00000000ffd64010,0x0000000100000000)
  to   space 21504K, 0% used [0x00000000fd600000,0x00000000fd600000,0x00000000feb00000)
 ParOldGen       total 80896K, used 47201K [0x00000000c2a00000, 0x00000000c7900000, 0x00000000eb900000)
  object space 80896K, 58% used [0x00000000c2a00000,0x00000000c58184c0,0x00000000c7900000)
 Metaspace       used 23938K, capacity 24508K, committed 24832K, reserved 1071104K
  class space    used 2526K, capacity 2696K, committed 2816K, reserved 1048576K
}
Event: 45.057 GC heap before
{Heap before GC invocations=21 (full 2):
 PSYoungGen      total 311296K, used 308624K [0x00000000eb900000, 0x0000000100000000, 0x0000000100000000)
  eden space 291840K, 100% used [0x00000000eb900000,0x00000000fd600000,0x00000000fd600000)
  from space 19456K, 86% used [0x00000000fed00000,0x00000000ffd64010,0x0000000100000000)
  to   space 21504K, 0% used [0x00000000fd600000,0x00000000fd600000,0x00000000feb00000)
 ParOldGen       total 80896K, used 47201K [0x00000000c2a00000, 0x00000000c7900000, 0x00000000eb900000)
  object space 80896K, 58% used [0x00000000c2a00000,0x00000000c58184c0,0x00000000c7900000)
 Metaspace       used 23972K, capacity 24578K, committed 24832K, reserved 1071104K
  class space    used 2527K, capacity 2697K, committed 2816K, reserved 1048576K
Event: 45.088 GC heap after
Heap after GC invocations=21 (full 2):
 PSYoungGen      total 305664K, used 13824K [0x00000000eb900000, 0x0000000100000000, 0x0000000100000000)
  eden space 291840K, 0% used [0x00000000eb900000,0x00000000eb900000,0x00000000fd600000)
  from space 13824K, 100% used [0x00000000fd600000,0x00000000fe380000,0x00000000fe380000)
  to   space 22016K, 0% used [0x00000000fea80000,0x00000000fea80000,0x0000000100000000)
 ParOldGen       total 80896K, used 47209K [0x00000000c2a00000, 0x00000000c7900000, 0x00000000eb900000)
  object space 80896K, 58% used [0x00000000c2a00000,0x00000000c581a4c0,0x00000000c7900000)
 Metaspace       used 23972K, capacity 24578K, committed 24832K, reserved 1071104K
  class space    used 2527K, capacity 2697K, committed 2816K, reserved 1048576K
}
Event: 45.756 GC heap before
{Heap before GC invocations=22 (full 2):
 PSYoungGen      total 305664K, used 305664K [0x00000000eb900000, 0x0000000100000000, 0x0000000100000000)
  eden space 291840K, 100% used [0x00000000eb900000,0x00000000fd600000,0x00000000fd600000)
  from space 13824K, 100% used [0x00000000fd600000,0x00000000fe380000,0x00000000fe380000)
  to   space 22016K, 0% used [0x00000000fea80000,0x00000000fea80000,0x0000000100000000)
 ParOldGen       total 80896K, used 47209K [0x00000000c2a00000, 0x00000000c7900000, 0x00000000eb900000)
  object space 80896K, 58% used [0x00000000c2a00000,0x00000000c581a4c0,0x00000000c7900000)
 Metaspace       used 23977K, capacity 24578K, committed 24832K, reserved 1071104K
  class space    used 2527K, capacity 2697K, committed 2816K, reserved 1048576K
Event: 45.779 GC heap after
Heap after GC invocations=22 (full 2):
 PSYoungGen      total 312832K, used 13792K [0x00000000eb900000, 0x0000000100000000, 0x0000000100000000)
  eden space 290816K, 0% used [0x00000000eb900000,0x00000000eb900000,0x00000000fd500000)
  from space 22016K, 62% used [0x00000000fea80000,0x00000000ff7f8000,0x0000000100000000)
  to   space 22016K, 0% used [0x00000000fd500000,0x00000000fd500000,0x00000000fea80000)
 ParOldGen       total 80896K, used 47217K [0x00000000c2a00000, 0x00000000c7900000, 0x00000000eb900000)
  object space 80896K, 58% used [0x00000000c2a00000,0x00000000c581c4c0,0x00000000c7900000)
 Metaspace       used 23977K, capacity 24578K, committed 24832K, reserved 1071104K
  class space    used 2527K, capacity 2697K, committed 2816K, reserved 1048576K
}

