# JRE version: Java(TM) SE Runtime Environment (8.0_201-b09) (build 1.8.0_201-b09)
# Java VM: Java HotSpot(TM) 64-Bit Server VM (25.201-b09 mixed mode linux-amd64 compressed oops)
Heap:
 PSYoungGen      total 243200K, used 83690K [0x00000000eb900000, 0x00000000fd880000, 0x0000000100000000)
  eden space 224768K, 32% used [0x00000000eb900000,0x00000000effafa18,0x00000000f9480000)
  from space 18432K, 61% used [0x00000000f9480000,0x00000000f9f8b020,0x00000000fa680000)
  to   space 18944K, 0% used [0x00000000fc600000,0x00000000fc600000,0x00000000fd880000)
 ParOldGen       total 64000K, used 30152K [0x00000000c2a00000, 0x00000000c6880000, 0x00000000eb900000)
  object space 64000K, 47% used [0x00000000c2a00000,0x00000000c4772120,0x00000000c6880000)
 Metaspace       used 27372K, capacity 28084K, committed 28288K, reserved 1075200K
  class space    used 3278K, capacity 3446K, committed 3456K, reserved 1048576K
GC Heap History (10 events):
Event: 20.540 GC heap before
{Heap before GC invocations=15 (full 2):
 PSYoungGen      total 180736K, used 180736K [0x00000000eb900000, 0x00000000f9880000, 0x0000000100000000)
  eden space 178688K, 100% used [0x00000000eb900000,0x00000000f6780000,0x00000000f6780000)
  from space 2048K, 100% used [0x00000000f9680000,0x00000000f9880000,0x00000000f9880000)
  to   space 18944K, 0% used [0x00000000f7380000,0x00000000f7380000,0x00000000f8600000)
 ParOldGen       total 64000K, used 30112K [0x00000000c2a00000, 0x00000000c6880000, 0x00000000eb900000)
  object space 64000K, 47% used [0x00000000c2a00000,0x00000000c4768120,0x00000000c6880000)
 Metaspace       used 21542K, capacity 21908K, committed 22016K, reserved 1069056K
  class space    used 2411K, capacity 2544K, committed 2560K, reserved 1048576K
Event: 20.557 GC heap after
Heap after GC invocations=15 (full 2):
 PSYoungGen      total 209920K, used 2784K [0x00000000eb900000, 0x00000000fa380000, 0x0000000100000000)
  eden space 190976K, 0% used [0x00000000eb900000,0x00000000eb900000,0x00000000f7380000)
  from space 18944K, 14% used [0x00000000f7380000,0x00000000f7638000,0x00000000f8600000)
  to   space 17920K, 0% used [0x00000000f9200000,0x00000000f9200000,0x00000000fa380000)
 ParOldGen       total 64000K, used 30120K [0x00000000c2a00000, 0x00000000c6880000, 0x00000000eb900000)
  object space 64000K, 47% used [0x00000000c2a00000,0x00000000c476a120,0x00000000c6880000)
 Metaspace       used 21542K, capacity 21908K, committed 22016K, reserved 1069056K
  class space    used 2411K, capacity 2544K, committed 2560K, reserved 1048576K
}
Event: 33.114 GC heap before
{Heap before GC invocations=16 (full 2):
 PSYoungGen      total 209920K, used 193760K [0x00000000eb900000, 0x00000000fa380000, 0x0000000100000000)
  eden space 190976K, 100% used [0x00000000eb900000,0x00000000f7380000,0x00000000f7380000)
  from space 18944K, 14% used [0x00000000f7380000,0x00000000f7638000,0x00000000f8600000)
  to   space 17920K, 0% used [0x00000000f9200000,0x00000000f9200000,0x00000000fa380000)
 ParOldGen       total 64000K, used 30120K [0x00000000c2a00000, 0x00000000c6880000, 0x00000000eb900000)
  object space 64000K, 47% used [0x00000000c2a00000,0x00000000c476a120,0x00000000c6880000)
 Metaspace       used 22934K, capacity 23620K, committed 23808K, reserved 1071104K
  class space    used 2513K, capacity 2702K, committed 2816K, reserved 1048576K
Event: 33.134 GC heap after
Heap after GC invocations=16 (full 2):
 PSYoungGen      total 223232K, used 5065K [0x00000000eb900000, 0x00000000faa80000, 0x0000000100000000)
  eden space 205312K, 0% used [0x00000000eb900000,0x00000000eb900000,0x00000000f8180000)
  from space 17920K, 28% used [0x00000000f9200000,0x00000000f96f2460,0x00000000fa380000)
  to   space 16896K, 0% used [0x00000000f8180000,0x00000000f8180000,0x00000000f9200000)
 ParOldGen       total 64000K, used 30128K [0x00000000c2a00000, 0x00000000c6880000, 0x00000000eb900000)
  object space 64000K, 47% used [0x00000000c2a00000,0x00000000c476c120,0x00000000c6880000)
 Metaspace       used 22934K, capacity 23620K, committed 23808K, reserved 1071104K
  class space    used 2513K, capacity 2702K, committed 2816K, reserved 1048576K
}
Event: 46.205 GC heap before
{Heap before GC invocations=17 (full 2):
 PSYoungGen      total 223232K, used 210377K [0x00000000eb900000, 0x00000000faa80000, 0x0000000100000000)
  eden space 205312K, 100% used [0x00000000eb900000,0x00000000f8180000,0x00000000f8180000)
  from space 17920K, 28% used [0x00000000f9200000,0x00000000f96f2460,0x00000000fa380000)
  to   space 16896K, 0% used [0x00000000f8180000,0x00000000f8180000,0x00000000f9200000)
 ParOldGen       total 64000K, used 30128K [0x00000000c2a00000, 0x00000000c6880000, 0x00000000eb900000)
  object space 64000K, 47% used [0x00000000c2a00000,0x00000000c476c120,0x00000000c6880000)
 Metaspace       used 27063K, capacity 27756K, committed 28032K, reserved 1073152K
  class space    used 3267K, capacity 3434K, committed 3456K, reserved 1048576K
Event: 46.233 GC heap after
Heap after GC invocations=17 (full 2):
 PSYoungGen      total 222208K, used 11783K [0x00000000eb900000, 0x00000000fb800000, 0x0000000100000000)
  eden space 205312K, 0% used [0x00000000eb900000,0x00000000eb900000,0x00000000f8180000)
  from space 16896K, 69% used [0x00000000f8180000,0x00000000f8d01d00,0x00000000f9200000)
  to   space 17920K, 0% used [0x00000000fa680000,0x00000000fa680000,0x00000000fb800000)
 ParOldGen       total 64000K, used 30136K [0x00000000c2a00000, 0x00000000c6880000, 0x00000000eb900000)
  object space 64000K, 47% used [0x00000000c2a00000,0x00000000c476e120,0x00000000c6880000)
 Metaspace       used 27063K, capacity 27756K, committed 28032K, reserved 1073152K
  class space    used 3267K, capacity 3434K, committed 3456K, reserved 1048576K
}
Event: 53.437 GC heap before
{Heap before GC invocations=18 (full 2):
 PSYoungGen      total 222208K, used 217095K [0x00000000eb900000, 0x00000000fb800000, 0x0000000100000000)
  eden space 205312K, 100% used [0x00000000eb900000,0x00000000f8180000,0x00000000f8180000)
  from space 16896K, 69% used [0x00000000f8180000,0x00000000f8d01d00,0x00000000f9200000)
  to   space 17920K, 0% used [0x00000000fa680000,0x00000000fa680000,0x00000000fb800000)
 ParOldGen       total 64000K, used 30136K [0x00000000c2a00000, 0x00000000c6880000, 0x00000000eb900000)
  object space 64000K, 47% used [0x00000000c2a00000,0x00000000c476e120,0x00000000c6880000)
 Metaspace       used 27173K, capacity 27896K, committed 28032K, reserved 1073152K
  class space    used 3273K, capacity 3436K, committed 3456K, reserved 1048576K
Event: 53.492 GC heap after
Heap after GC invocations=18 (full 2):
 PSYoungGen      total 242688K, used 9664K [0x00000000eb900000, 0x00000000fb900000, 0x0000000100000000)
  eden space 224768K, 0% used [0x00000000eb900000,0x00000000eb900000,0x00000000f9480000)
  from space 17920K, 53% used [0x00000000fa680000,0x00000000faff0000,0x00000000fb800000)
  to   space 18432K, 0% used [0x00000000f9480000,0x00000000f9480000,0x00000000fa680000)
 ParOldGen       total 64000K, used 30144K [0x00000000c2a00000, 0x00000000c6880000, 0x00000000eb900000)
  object space 64000K, 47% used [0x00000000c2a00000,0x00000000c4770120,0x00000000c6880000)
 Metaspace       used 27173K, capacity 27896K, committed 28032K, reserved 1073152K
  class space    used 3273K, capacity 3436K, committed 3456K, reserved 1048576K
}
Event: 55.881 GC heap before
{Heap before GC invocations=19 (full 2):
 PSYoungGen      total 242688K, used 234432K [0x00000000eb900000, 0x00000000fb900000, 0x0000000100000000)
  eden space 224768K, 100% used [0x00000000eb900000,0x00000000f9480000,0x00000000f9480000)
  from space 17920K, 53% used [0x00000000fa680000,0x00000000faff0000,0x00000000fb800000)
  to   space 18432K, 0% used [0x00000000f9480000,0x00000000f9480000,0x00000000fa680000)
 ParOldGen       total 64000K, used 30144K [0x00000000c2a00000, 0x00000000c6880000, 0x00000000eb900000)
  object space 64000K, 47% used [0x00000000c2a00000,0x00000000c4770120,0x00000000c6880000)
 Metaspace       used 27313K, capacity 28060K, committed 28288K, reserved 1075200K
  class space    used 3276K, capacity 3442K, committed 3456K, reserved 1048576K
Event: 55.943 GC heap after
Heap after GC invocations=19 (full 2):
 PSYoungGen      total 243200K, used 11308K [0x00000000eb900000, 0x00000000fd880000, 0x0000000100000000)
  eden space 224768K, 0% used [0x00000000eb900000,0x00000000eb900000,0x00000000f9480000)
  from space 18432K, 61% used [0x00000000f9480000,0x00000000f9f8b020,0x00000000fa680000)
  to   space 18944K, 0% used [0x00000000fc600000,0x00000000fc600000,0x00000000fd880000)
 ParOldGen       total 64000K, used 30152K [0x00000000c2a00000, 0x00000000c6880000, 0x00000000eb900000)
  object space 64000K, 47% used [0x00000000c2a00000,0x00000000c4772120,0x00000000c6880000)
 Metaspace       used 27313K, capacity 28060K, committed 28288K, reserved 1075200K
  class space    used 3276K, capacity 3442K, committed 3456K, reserved 1048576K
}

