# JRE version: Java(TM) SE Runtime Environment (8.0_201-b09) (build 1.8.0_201-b09)
# Java VM: Java HotSpot(TM) 64-Bit Server VM (25.201-b09 mixed mode linux-amd64 compressed oops)
Heap:
 PSYoungGen      total 307200K, used 51481K [0x00000000eb900000, 0x0000000100000000, 0x0000000100000000)
  eden space 285696K, 10% used [0x00000000eb900000,0x00000000ed64a580,0x00000000fd000000)
  from space 21504K, 99% used [0x00000000fe880000,0x00000000ffd7c010,0x00000000ffd80000)
  to   space 24576K, 0% used [0x00000000fd000000,0x00000000fd000000,0x00000000fe800000)
 ParOldGen       total 96768K, used 48504K [0x00000000c2a00000, 0x00000000c8880000, 0x00000000eb900000)
  object space 96768K, 50% used [0x00000000c2a00000,0x00000000c595e388,0x00000000c8880000)
 Metaspace       used 23578K, capacity 24334K, committed 24576K, reserved 1071104K
  class space    used 2523K, capacity 2700K, committed 2816K, reserved 1048576K
GC Heap History (10 events):
Event: 69.258 GC heap before
{Heap before GC invocations=23 (full 3):
 PSYoungGen      total 307200K, used 290368K [0x00000000eb900000, 0x00000000ffe80000, 0x0000000100000000)
  eden space 282112K, 100% used [0x00000000eb900000,0x00000000fcc80000,0x00000000fcc80000)
  from space 25088K, 32% used [0x00000000fcc80000,0x00000000fd490000,0x00000000fe500000)
  to   space 24064K, 0% used [0x00000000fe700000,0x00000000fe700000,0x00000000ffe80000)
 ParOldGen       total 96768K, used 48410K [0x00000000c2a00000, 0x00000000c8880000, 0x00000000eb900000)
  object space 96768K, 50% used [0x00000000c2a00000,0x00000000c5946bd0,0x00000000c8880000)
 Metaspace       used 23218K, capacity 24024K, committed 24320K, reserved 1071104K
  class space    used 2500K, capacity 2689K, committed 2816K, reserved 1048576K
Event: 69.396 GC heap after
Heap after GC invocations=23 (full 3):
 PSYoungGen      total 308224K, used 10240K [0x00000000eb900000, 0x00000000ffd00000, 0x0000000100000000)
  eden space 285696K, 0% used [0x00000000eb900000,0x00000000eb900000,0x00000000fd000000)
  from space 22528K, 45% used [0x00000000fe700000,0x00000000ff100000,0x00000000ffd00000)
  to   space 23040K, 0% used [0x00000000fd000000,0x00000000fd000000,0x00000000fe680000)
 ParOldGen       total 96768K, used 48418K [0x00000000c2a00000, 0x00000000c8880000, 0x00000000eb900000)
  object space 96768K, 50% used [0x00000000c2a00000,0x00000000c5948bd0,0x00000000c8880000)
 Metaspace       used 23218K, capacity 24024K, committed 24320K, reserved 1071104K
  class space    used 2500K, capacity 2689K, committed 2816K, reserved 1048576K
}
Event: 72.471 GC heap before
{Heap before GC invocations=24 (full 3):
 PSYoungGen      total 308224K, used 295936K [0x00000000eb900000, 0x00000000ffd00000, 0x0000000100000000)
  eden space 285696K, 100% used [0x00000000eb900000,0x00000000fd000000,0x00000000fd000000)
  from space 22528K, 45% used [0x00000000fe700000,0x00000000ff100000,0x00000000ffd00000)
  to   space 23040K, 0% used [0x00000000fd000000,0x00000000fd000000,0x00000000fe680000)
 ParOldGen       total 96768K, used 48418K [0x00000000c2a00000, 0x00000000c8880000, 0x00000000eb900000)
  object space 96768K, 50% used [0x00000000c2a00000,0x00000000c5948bd0,0x00000000c8880000)
 Metaspace       used 23232K, capacity 24030K, committed 24320K, reserved 1071104K
  class space    used 2500K, capacity 2690K, committed 2816K, reserved 1048576K
Event: 72.525 GC heap after
Heap after GC invocations=24 (full 3):
 PSYoungGen      total 308736K, used 12176K [0x00000000eb900000, 0x00000000fff80000, 0x0000000100000000)
  eden space 285696K, 0% used [0x00000000eb900000,0x00000000eb900000,0x00000000fd000000)
  from space 23040K, 52% used [0x00000000fd000000,0x00000000fdbe4010,0x00000000fe680000)
  to   space 22528K, 0% used [0x00000000fe980000,0x00000000fe980000,0x00000000fff80000)
 ParOldGen       total 96768K, used 48426K [0x00000000c2a00000, 0x00000000c8880000, 0x00000000eb900000)
  object space 96768K, 50% used [0x00000000c2a00000,0x00000000c594abd0,0x00000000c8880000)
 Metaspace       used 23232K, capacity 24030K, committed 24320K, reserved 1071104K
  class space    used 2500K, capacity 2690K, committed 2816K, reserved 1048576K
}
Event: 75.575 GC heap before
{Heap before GC invocations=25 (full 3):
 PSYoungGen      total 308736K, used 297872K [0x00000000eb900000, 0x00000000fff80000, 0x0000000100000000)
  eden space 285696K, 100% used [0x00000000eb900000,0x00000000fd000000,0x00000000fd000000)
  from space 23040K, 52% used [0x00000000fd000000,0x00000000fdbe4010,0x00000000fe680000)
  to   space 22528K, 0% used [0x00000000fe980000,0x00000000fe980000,0x00000000fff80000)
 ParOldGen       total 96768K, used 48426K [0x00000000c2a00000, 0x00000000c8880000, 0x00000000eb900000)
  object space 96768K, 50% used [0x00000000c2a00000,0x00000000c594abd0,0x00000000c8880000)
 Metaspace       used 23302K, capacity 24118K, committed 24320K, reserved 1071104K
  class space    used 2511K, capacity 2694K, committed 2816K, reserved 1048576K
Event: 75.627 GC heap after
Heap after GC invocations=25 (full 3):
 PSYoungGen      total 311296K, used 15040K [0x00000000eb900000, 0x0000000100000000, 0x0000000100000000)
  eden space 288768K, 0% used [0x00000000eb900000,0x00000000eb900000,0x00000000fd300000)
  from space 22528K, 66% used [0x00000000fe980000,0x00000000ff830000,0x00000000fff80000)
  to   space 23040K, 0% used [0x00000000fd300000,0x00000000fd300000,0x00000000fe980000)
 ParOldGen       total 96768K, used 48434K [0x00000000c2a00000, 0x00000000c8880000, 0x00000000eb900000)
  object space 96768K, 50% used [0x00000000c2a00000,0x00000000c594cbd0,0x00000000c8880000)
 Metaspace       used 23302K, capacity 24118K, committed 24320K, reserved 1071104K
  class space    used 2511K, capacity 2694K, committed 2816K, reserved 1048576K
}
Event: 78.297 GC heap before
{Heap before GC invocations=26 (full 3):
 PSYoungGen      total 311296K, used 303808K [0x00000000eb900000, 0x0000000100000000, 0x0000000100000000)
  eden space 288768K, 100% used [0x00000000eb900000,0x00000000fd300000,0x00000000fd300000)
  from space 22528K, 66% used [0x00000000fe980000,0x00000000ff830000,0x00000000fff80000)
  to   space 23040K, 0% used [0x00000000fd300000,0x00000000fd300000,0x00000000fe980000)
 ParOldGen       total 96768K, used 48434K [0x00000000c2a00000, 0x00000000c8880000, 0x00000000eb900000)
  object space 96768K, 50% used [0x00000000c2a00000,0x00000000c594cbd0,0x00000000c8880000)
 Metaspace       used 23317K, capacity 24124K, committed 24320K, reserved 1071104K
  class space    used 2511K, capacity 2695K, committed 2816K, reserved 1048576K
Event: 78.362 GC heap after
Heap after GC invocations=26 (full 3):
 PSYoungGen      total 300032K, used 11040K [0x00000000eb900000, 0x00000000ffd80000, 0x0000000100000000)
  eden space 288768K, 0% used [0x00000000eb900000,0x00000000eb900000,0x00000000fd300000)
  from space 11264K, 98% used [0x00000000fd300000,0x00000000fddc8000,0x00000000fde00000)
  to   space 21504K, 0% used [0x00000000fe880000,0x00000000fe880000,0x00000000ffd80000)
 ParOldGen       total 96768K, used 48442K [0x00000000c2a00000, 0x00000000c8880000, 0x00000000eb900000)
  object space 96768K, 50% used [0x00000000c2a00000,0x00000000c594ebd0,0x00000000c8880000)
 Metaspace       used 23317K, capacity 24124K, committed 24320K, reserved 1071104K
  class space    used 2511K, capacity 2695K, committed 2816K, reserved 1048576K
}
Event: 88.569 GC heap before
{Heap before GC invocations=27 (full 3):
 PSYoungGen      total 300032K, used 299808K [0x00000000eb900000, 0x00000000ffd80000, 0x0000000100000000)
  eden space 288768K, 100% used [0x00000000eb900000,0x00000000fd300000,0x00000000fd300000)
  from space 11264K, 98% used [0x00000000fd300000,0x00000000fddc8000,0x00000000fde00000)
  to   space 21504K, 0% used [0x00000000fe880000,0x00000000fe880000,0x00000000ffd80000)
 ParOldGen       total 96768K, used 48442K [0x00000000c2a00000, 0x00000000c8880000, 0x00000000eb900000)
  object space 96768K, 50% used [0x00000000c2a00000,0x00000000c594ebd0,0x00000000c8880000)
 Metaspace       used 23565K, capacity 24334K, committed 24576K, reserved 1071104K
  class space    used 2523K, capacity 2700K, committed 2816K, reserved 1048576K
Event: 88.790 GC heap after
Heap after GC invocations=27 (full 3):
 PSYoungGen      total 307200K, used 21488K [0x00000000eb900000, 0x0000000100000000, 0x0000000100000000)
  eden space 285696K, 0% used [0x00000000eb900000,0x00000000eb900000,0x00000000fd000000)
  from space 21504K, 99% used [0x00000000fe880000,0x00000000ffd7c010,0x00000000ffd80000)
  to   space 24576K, 0% used [0x00000000fd000000,0x00000000fd000000,0x00000000fe800000)
 ParOldGen       total 96768K, used 48504K [0x00000000c2a00000, 0x00000000c8880000, 0x00000000eb900000)
  object space 96768K, 50% used [0x00000000c2a00000,0x00000000c595e388,0x00000000c8880000)
 Metaspace       used 23565K, capacity 24334K, committed 24576K, reserved 1071104K
  class space    used 2523K, capacity 2700K, committed 2816K, reserved 1048576K
}

