# JRE version: Java(TM) SE Runtime Environment (8.0_201-b09) (build 1.8.0_201-b09)
# Java VM: Java HotSpot(TM) 64-Bit Server VM (25.201-b09 mixed mode linux-amd64 compressed oops)
Heap:
 PSYoungGen      total 32256K, used 1976K [0x00000000eb900000, 0x00000000edd00000, 0x0000000100000000)
  eden space 27648K, 0% used [0x00000000eb900000,0x00000000eb900000,0x00000000ed400000)
  from space 4608K, 42% used [0x00000000ed400000,0x00000000ed5ee020,0x00000000ed880000)
  to   space 4608K, 0% used [0x00000000ed880000,0x00000000ed880000,0x00000000edd00000)
 ParOldGen       total 42496K, used 8830K [0x00000000c2a00000, 0x00000000c5380000, 0x00000000eb900000)
  object space 42496K, 20% used [0x00000000c2a00000,0x00000000c329f948,0x00000000c5380000)
 Metaspace       used 14243K, capacity 14686K, committed 14848K, reserved 1062912K
  class space    used 1619K, capacity 1734K, committed 1792K, reserved 1048576K
GC Heap History (10 events):
Event: 31.556 GC heap after
Heap after GC invocations=5 (full 1):
 PSYoungGen      total 18432K, used 2550K [0x00000000eb900000, 0x00000000ecd80000, 0x0000000100000000)
  eden space 15872K, 0% used [0x00000000eb900000,0x00000000eb900000,0x00000000ec880000)
  from space 2560K, 99% used [0x00000000ecb00000,0x00000000ecd7d830,0x00000000ecd80000)
  to   space 2560K, 0% used [0x00000000ec880000,0x00000000ec880000,0x00000000ecb00000)
 ParOldGen       total 42496K, used 5342K [0x00000000c2a00000, 0x00000000c5380000, 0x00000000eb900000)
  object space 42496K, 12% used [0x00000000c2a00000,0x00000000c2f378a8,0x00000000c5380000)
 Metaspace       used 13673K, capacity 14078K, committed 14336K, reserved 1062912K
  class space    used 1587K, capacity 1707K, committed 1792K, reserved 1048576K
}
Event: 32.427 GC heap before
{Heap before GC invocations=6 (full 1):
 PSYoungGen      total 18432K, used 18422K [0x00000000eb900000, 0x00000000ecd80000, 0x0000000100000000)
  eden space 15872K, 100% used [0x00000000eb900000,0x00000000ec880000,0x00000000ec880000)
  from space 2560K, 99% used [0x00000000ecb00000,0x00000000ecd7d830,0x00000000ecd80000)
  to   space 2560K, 0% used [0x00000000ec880000,0x00000000ec880000,0x00000000ecb00000)
 ParOldGen       total 42496K, used 5342K [0x00000000c2a00000, 0x00000000c5380000, 0x00000000eb900000)
  object space 42496K, 12% used [0x00000000c2a00000,0x00000000c2f378a8,0x00000000c5380000)
 Metaspace       used 13745K, capacity 14142K, committed 14336K, reserved 1062912K
  class space    used 1587K, capacity 1707K, committed 1792K, reserved 1048576K
Event: 32.445 GC heap after
Heap after GC invocations=6 (full 1):
 PSYoungGen      total 18432K, used 2560K [0x00000000eb900000, 0x00000000ecd80000, 0x0000000100000000)
  eden space 15872K, 0% used [0x00000000eb900000,0x00000000eb900000,0x00000000ec880000)
  from space 2560K, 100% used [0x00000000ec880000,0x00000000ecb00000,0x00000000ecb00000)
  to   space 2560K, 0% used [0x00000000ecb00000,0x00000000ecb00000,0x00000000ecd80000)
 ParOldGen       total 42496K, used 5951K [0x00000000c2a00000, 0x00000000c5380000, 0x00000000eb900000)
  object space 42496K, 14% used [0x00000000c2a00000,0x00000000c2fcff88,0x00000000c5380000)
 Metaspace       used 13745K, capacity 14142K, committed 14336K, reserved 1062912K
  class space    used 1587K, capacity 1707K, committed 1792K, reserved 1048576K
}
Event: 33.173 GC heap before
{Heap before GC invocations=7 (full 1):
 PSYoungGen      total 18432K, used 18432K [0x00000000eb900000, 0x00000000ecd80000, 0x0000000100000000)
  eden space 15872K, 100% used [0x00000000eb900000,0x00000000ec880000,0x00000000ec880000)
  from space 2560K, 100% used [0x00000000ec880000,0x00000000ecb00000,0x00000000ecb00000)
  to   space 2560K, 0% used [0x00000000ecb00000,0x00000000ecb00000,0x00000000ecd80000)
 ParOldGen       total 42496K, used 5951K [0x00000000c2a00000, 0x00000000c5380000, 0x00000000eb900000)
  object space 42496K, 14% used [0x00000000c2a00000,0x00000000c2fcff88,0x00000000c5380000)
 Metaspace       used 13842K, capacity 14276K, committed 14592K, reserved 1062912K
  class space    used 1588K, capacity 1709K, committed 1792K, reserved 1048576K
Event: 33.199 GC heap after
Heap after GC invocations=7 (full 1):
 PSYoungGen      total 16384K, used 2560K [0x00000000eb900000, 0x00000000ee100000, 0x0000000100000000)
  eden space 13824K, 0% used [0x00000000eb900000,0x00000000eb900000,0x00000000ec680000)
  from space 2560K, 100% used [0x00000000ecb00000,0x00000000ecd80000,0x00000000ecd80000)
  to   space 4608K, 0% used [0x00000000ec680000,0x00000000ec680000,0x00000000ecb00000)
 ParOldGen       total 42496K, used 6929K [0x00000000c2a00000, 0x00000000c5380000, 0x00000000eb900000)
  object space 42496K, 16% used [0x00000000c2a00000,0x00000000c30c44f8,0x00000000c5380000)
 Metaspace       used 13842K, capacity 14276K, committed 14592K, reserved 1062912K
  class space    used 1588K, capacity 1709K, committed 1792K, reserved 1048576K
}
Event: 51.179 GC heap before
{Heap before GC invocations=8 (full 1):
 PSYoungGen      total 16384K, used 16384K [0x00000000eb900000, 0x00000000ee100000, 0x0000000100000000)
  eden space 13824K, 100% used [0x00000000eb900000,0x00000000ec680000,0x00000000ec680000)
  from space 2560K, 100% used [0x00000000ecb00000,0x00000000ecd80000,0x00000000ecd80000)
  to   space 4608K, 0% used [0x00000000ec680000,0x00000000ec680000,0x00000000ecb00000)
 ParOldGen       total 42496K, used 6929K [0x00000000c2a00000, 0x00000000c5380000, 0x00000000eb900000)
  object space 42496K, 16% used [0x00000000c2a00000,0x00000000c30c44f8,0x00000000c5380000)
 Metaspace       used 14201K, capacity 14664K, committed 14848K, reserved 1062912K
  class space    used 1616K, capacity 1731K, committed 1792K, reserved 1048576K
Event: 51.633 GC heap after
Heap after GC invocations=8 (full 1):
 PSYoungGen      total 18432K, used 3776K [0x00000000eb900000, 0x00000000edd00000, 0x0000000100000000)
  eden space 13824K, 0% used [0x00000000eb900000,0x00000000eb900000,0x00000000ec680000)
  from space 4608K, 81% used [0x00000000ec680000,0x00000000eca30000,0x00000000ecb00000)
  to   space 4608K, 0% used [0x00000000ed880000,0x00000000ed880000,0x00000000edd00000)
 ParOldGen       total 42496K, used 6929K [0x00000000c2a00000, 0x00000000c5380000, 0x00000000eb900000)
  object space 42496K, 16% used [0x00000000c2a00000,0x00000000c30c44f8,0x00000000c5380000)
 Metaspace       used 14201K, capacity 14664K, committed 14848K, reserved 1062912K
  class space    used 1616K, capacity 1731K, committed 1792K, reserved 1048576K
}
Event: 55.343 GC heap before
{Heap before GC invocations=9 (full 1):
 PSYoungGen      total 18432K, used 17600K [0x00000000eb900000, 0x00000000edd00000, 0x0000000100000000)
  eden space 13824K, 100% used [0x00000000eb900000,0x00000000ec680000,0x00000000ec680000)
  from space 4608K, 81% used [0x00000000ec680000,0x00000000eca30000,0x00000000ecb00000)
  to   space 4608K, 0% used [0x00000000ed880000,0x00000000ed880000,0x00000000edd00000)
 ParOldGen       total 42496K, used 6929K [0x00000000c2a00000, 0x00000000c5380000, 0x00000000eb900000)
  object space 42496K, 16% used [0x00000000c2a00000,0x00000000c30c44f8,0x00000000c5380000)
 Metaspace       used 14222K, capacity 14676K, committed 14848K, reserved 1062912K
  class space    used 1619K, capacity 1733K, committed 1792K, reserved 1048576K
Event: 55.353 GC heap after
Heap after GC invocations=9 (full 1):
 PSYoungGen      total 32256K, used 2924K [0x00000000eb900000, 0x00000000edd00000, 0x0000000100000000)
  eden space 27648K, 0% used [0x00000000eb900000,0x00000000eb900000,0x00000000ed400000)
  from space 4608K, 63% used [0x00000000ed880000,0x00000000edb5b020,0x00000000edd00000)
  to   space 4608K, 0% used [0x00000000ed400000,0x00000000ed400000,0x00000000ed880000)
 ParOldGen       total 42496K, used 7646K [0x00000000c2a00000, 0x00000000c5380000, 0x00000000eb900000)
  object space 42496K, 17% used [0x00000000c2a00000,0x00000000c3177918,0x00000000c5380000)
 Metaspace       used 14222K, capacity 14676K, committed 14848K, reserved 1062912K
  class space    used 1619K, capacity 1733K, committed 1792K, reserved 1048576K
}
Event: 74.933 GC heap before
{Heap before GC invocations=10 (full 1):
 PSYoungGen      total 32256K, used 30572K [0x00000000eb900000, 0x00000000edd00000, 0x0000000100000000)
  eden space 27648K, 100% used [0x00000000eb900000,0x00000000ed400000,0x00000000ed400000)
  from space 4608K, 63% used [0x00000000ed880000,0x00000000edb5b020,0x00000000edd00000)
  to   space 4608K, 0% used [0x00000000ed400000,0x00000000ed400000,0x00000000ed880000)
 ParOldGen       total 42496K, used 7646K [0x00000000c2a00000, 0x00000000c5380000, 0x00000000eb900000)
  object space 42496K, 17% used [0x00000000c2a00000,0x00000000c3177918,0x00000000c5380000)
 Metaspace       used 14243K, capacity 14686K, committed 14848K, reserved 1062912K
  class space    used 1619K, capacity 1734K, committed 1792K, reserved 1048576K

