# JRE version: Java(TM) SE Runtime Environment (8.0_201-b09) (build 1.8.0_201-b09)
# Java VM: Java HotSpot(TM) 64-Bit Server VM (25.201-b09 mixed mode linux-amd64 compressed oops)
Heap:
 PSYoungGen      total 228864K, used 124855K [0x00000000eb900000, 0x00000000fcd80000, 0x0000000100000000)
  eden space 209920K, 52% used [0x00000000eb900000,0x00000000f2535f70,0x00000000f8600000)
  from space 18944K, 74% used [0x00000000f8600000,0x00000000f93b8000,0x00000000f9880000)
  to   space 19968K, 0% used [0x00000000fba00000,0x00000000fba00000,0x00000000fcd80000)
 ParOldGen       total 58880K, used 25109K [0x00000000c2a00000, 0x00000000c6380000, 0x00000000eb900000)
  object space 58880K, 42% used [0x00000000c2a00000,0x00000000c42856f8,0x00000000c6380000)
 Metaspace       used 23281K, capacity 23940K, committed 24192K, reserved 1071104K
  class space    used 2496K, capacity 2672K, committed 2688K, reserved 1048576K
GC Heap History (10 events):
Event: 21.906 GC heap before
{Heap before GC invocations=13 (full 2):
 PSYoungGen      total 133632K, used 133437K [0x00000000eb900000, 0x00000000fa000000, 0x0000000100000000)
  eden space 128000K, 100% used [0x00000000eb900000,0x00000000f3600000,0x00000000f3600000)
  from space 5632K, 96% used [0x00000000f9a80000,0x00000000f9fcf708,0x00000000fa000000)
  to   space 15360K, 0% used [0x00000000f8200000,0x00000000f8200000,0x00000000f9100000)
 ParOldGen       total 58880K, used 25077K [0x00000000c2a00000, 0x00000000c6380000, 0x00000000eb900000)
  object space 58880K, 42% used [0x00000000c2a00000,0x00000000c427d6f8,0x00000000c6380000)
 Metaspace       used 22741K, capacity 23280K, committed 23424K, reserved 1071104K
  class space    used 2478K, capacity 2654K, committed 2688K, reserved 1048576K
Event: 21.954 GC heap after
Heap after GC invocations=13 (full 2):
 PSYoungGen      total 159744K, used 9504K [0x00000000eb900000, 0x00000000f9b00000, 0x0000000100000000)
  eden space 150016K, 0% used [0x00000000eb900000,0x00000000eb900000,0x00000000f4b80000)
  from space 9728K, 97% used [0x00000000f8200000,0x00000000f8b48000,0x00000000f8b80000)
  to   space 15360K, 0% used [0x00000000f8c00000,0x00000000f8c00000,0x00000000f9b00000)
 ParOldGen       total 58880K, used 25085K [0x00000000c2a00000, 0x00000000c6380000, 0x00000000eb900000)
  object space 58880K, 42% used [0x00000000c2a00000,0x00000000c427f6f8,0x00000000c6380000)
 Metaspace       used 22741K, capacity 23280K, committed 23424K, reserved 1071104K
  class space    used 2478K, capacity 2654K, committed 2688K, reserved 1048576K
}
Event: 25.498 GC heap before
{Heap before GC invocations=14 (full 2):
 PSYoungGen      total 159744K, used 159520K [0x00000000eb900000, 0x00000000f9b00000, 0x0000000100000000)
  eden space 150016K, 100% used [0x00000000eb900000,0x00000000f4b80000,0x00000000f4b80000)
  from space 9728K, 97% used [0x00000000f8200000,0x00000000f8b48000,0x00000000f8b80000)
  to   space 15360K, 0% used [0x00000000f8c00000,0x00000000f8c00000,0x00000000f9b00000)
 ParOldGen       total 58880K, used 25085K [0x00000000c2a00000, 0x00000000c6380000, 0x00000000eb900000)
  object space 58880K, 42% used [0x00000000c2a00000,0x00000000c427f6f8,0x00000000c6380000)
 Metaspace       used 22918K, capacity 23484K, committed 23680K, reserved 1071104K
  class space    used 2479K, capacity 2656K, committed 2688K, reserved 1048576K
Event: 25.617 GC heap after
Heap after GC invocations=14 (full 2):
 PSYoungGen      total 194048K, used 14688K [0x00000000eb900000, 0x00000000f9a80000, 0x0000000100000000)
  eden space 179200K, 0% used [0x00000000eb900000,0x00000000eb900000,0x00000000f6800000)
  from space 14848K, 98% used [0x00000000f8c00000,0x00000000f9a58000,0x00000000f9a80000)
  to   space 17408K, 0% used [0x00000000f7880000,0x00000000f7880000,0x00000000f8980000)
 ParOldGen       total 58880K, used 25093K [0x00000000c2a00000, 0x00000000c6380000, 0x00000000eb900000)
  object space 58880K, 42% used [0x00000000c2a00000,0x00000000c42816f8,0x00000000c6380000)
 Metaspace       used 22918K, capacity 23484K, committed 23680K, reserved 1071104K
  class space    used 2479K, capacity 2656K, committed 2688K, reserved 1048576K
}
Event: 29.158 GC heap before
{Heap before GC invocations=15 (full 2):
 PSYoungGen      total 194048K, used 193888K [0x00000000eb900000, 0x00000000f9a80000, 0x0000000100000000)
  eden space 179200K, 100% used [0x00000000eb900000,0x00000000f6800000,0x00000000f6800000)
  from space 14848K, 98% used [0x00000000f8c00000,0x00000000f9a58000,0x00000000f9a80000)
  to   space 17408K, 0% used [0x00000000f7880000,0x00000000f7880000,0x00000000f8980000)
 ParOldGen       total 58880K, used 25093K [0x00000000c2a00000, 0x00000000c6380000, 0x00000000eb900000)
  object space 58880K, 42% used [0x00000000c2a00000,0x00000000c42816f8,0x00000000c6380000)
 Metaspace       used 23041K, capacity 23642K, committed 23936K, reserved 1071104K
  class space    used 2482K, capacity 2661K, committed 2688K, reserved 1048576K
Event: 29.193 GC heap after
Heap after GC invocations=15 (full 2):
 PSYoungGen      total 213504K, used 13216K [0x00000000eb900000, 0x00000000faa80000, 0x0000000100000000)
  eden space 196096K, 0% used [0x00000000eb900000,0x00000000eb900000,0x00000000f7880000)
  from space 17408K, 75% used [0x00000000f7880000,0x00000000f8568000,0x00000000f8980000)
  to   space 18432K, 0% used [0x00000000f9880000,0x00000000f9880000,0x00000000faa80000)
 ParOldGen       total 58880K, used 25101K [0x00000000c2a00000, 0x00000000c6380000, 0x00000000eb900000)
  object space 58880K, 42% used [0x00000000c2a00000,0x00000000c42836f8,0x00000000c6380000)
 Metaspace       used 23041K, capacity 23642K, committed 23936K, reserved 1071104K
  class space    used 2482K, capacity 2661K, committed 2688K, reserved 1048576K
}
Event: 33.566 GC heap before
{Heap before GC invocations=16 (full 2):
 PSYoungGen      total 213504K, used 209312K [0x00000000eb900000, 0x00000000faa80000, 0x0000000100000000)
  eden space 196096K, 100% used [0x00000000eb900000,0x00000000f7880000,0x00000000f7880000)
  from space 17408K, 75% used [0x00000000f7880000,0x00000000f8568000,0x00000000f8980000)
  to   space 18432K, 0% used [0x00000000f9880000,0x00000000f9880000,0x00000000faa80000)
 ParOldGen       total 58880K, used 25101K [0x00000000c2a00000, 0x00000000c6380000, 0x00000000eb900000)
  object space 58880K, 42% used [0x00000000c2a00000,0x00000000c42836f8,0x00000000c6380000)
 Metaspace       used 23243K, capacity 23864K, committed 23936K, reserved 1071104K
  class space    used 2494K, capacity 2670K, committed 2688K, reserved 1048576K
Event: 33.605 GC heap after
Heap after GC invocations=16 (full 2):
 PSYoungGen      total 228352K, used 12752K [0x00000000eb900000, 0x00000000fbb80000, 0x0000000100000000)
  eden space 209920K, 0% used [0x00000000eb900000,0x00000000eb900000,0x00000000f8600000)
  from space 18432K, 69% used [0x00000000f9880000,0x00000000fa4f4010,0x00000000faa80000)
  to   space 18944K, 0% used [0x00000000f8600000,0x00000000f8600000,0x00000000f9880000)
 ParOldGen       total 58880K, used 25109K [0x00000000c2a00000, 0x00000000c6380000, 0x00000000eb900000)
  object space 58880K, 42% used [0x00000000c2a00000,0x00000000c42856f8,0x00000000c6380000)
 Metaspace       used 23243K, capacity 23864K, committed 23936K, reserved 1071104K
  class space    used 2494K, capacity 2670K, committed 2688K, reserved 1048576K
}
Event: 38.276 GC heap before
{Heap before GC invocations=17 (full 2):
 PSYoungGen      total 228352K, used 222672K [0x00000000eb900000, 0x00000000fbb80000, 0x0000000100000000)
  eden space 209920K, 100% used [0x00000000eb900000,0x00000000f8600000,0x00000000f8600000)
  from space 18432K, 69% used [0x00000000f9880000,0x00000000fa4f4010,0x00000000faa80000)
  to   space 18944K, 0% used [0x00000000f8600000,0x00000000f8600000,0x00000000f9880000)
 ParOldGen       total 58880K, used 25109K [0x00000000c2a00000, 0x00000000c6380000, 0x00000000eb900000)
  object space 58880K, 42% used [0x00000000c2a00000,0x00000000c42856f8,0x00000000c6380000)
 Metaspace       used 23270K, capacity 23940K, committed 24192K, reserved 1071104K
  class space    used 2496K, capacity 2672K, committed 2688K, reserved 1048576K
Event: 38.361 GC heap after
Heap after GC invocations=17 (full 2):
 PSYoungGen      total 228864K, used 14048K [0x00000000eb900000, 0x00000000fcd80000, 0x0000000100000000)
  eden space 209920K, 0% used [0x00000000eb900000,0x00000000eb900000,0x00000000f8600000)
  from space 18944K, 74% used [0x00000000f8600000,0x00000000f93b8000,0x00000000f9880000)
  to   space 19968K, 0% used [0x00000000fba00000,0x00000000fba00000,0x00000000fcd80000)
 ParOldGen       total 58880K, used 25109K [0x00000000c2a00000, 0x00000000c6380000, 0x00000000eb900000)
  object space 58880K, 42% used [0x00000000c2a00000,0x00000000c42856f8,0x00000000c6380000)
 Metaspace       used 23270K, capacity 23940K, committed 24192K, reserved 1071104K
  class space    used 2496K, capacity 2672K, committed 2688K, reserved 1048576K
}

