# JRE version: Java(TM) SE Runtime Environment (8.0_201-b09) (build 1.8.0_201-b09)
# Java VM: Java HotSpot(TM) 64-Bit Server VM (25.201-b09 mixed mode linux-amd64 compressed oops)
Heap:
 PSYoungGen      total 98816K, used 5680K [0x00000000eb900000, 0x00000000f3500000, 0x0000000100000000)
  eden space 92160K, 0% used [0x00000000eb900000,0x00000000eb900000,0x00000000f1300000)
  from space 6656K, 85% used [0x00000000f2800000,0x00000000f2d8c0b0,0x00000000f2e80000)
  to   space 6144K, 0% used [0x00000000f2f00000,0x00000000f2f00000,0x00000000f3500000)
 ParOldGen       total 42496K, used 14558K [0x00000000c2a00000, 0x00000000c5380000, 0x00000000eb900000)
  object space 42496K, 34% used [0x00000000c2a00000,0x00000000c3837a98,0x00000000c5380000)
 Metaspace       used 13868K, capacity 14258K, committed 14592K, reserved 1062912K
  class space    used 1586K, capacity 1705K, committed 1792K, reserved 1048576K
GC Heap History (10 events):
Event: 72.926 GC heap after
Heap after GC invocations=7 (full 1):
 PSYoungGen      total 31232K, used 2560K [0x00000000eb900000, 0x00000000ee300000, 0x0000000100000000)
  eden space 28672K, 0% used [0x00000000eb900000,0x00000000eb900000,0x00000000ed500000)
  from space 2560K, 100% used [0x00000000eda80000,0x00000000edd00000,0x00000000edd00000)
  to   space 5632K, 0% used [0x00000000ed500000,0x00000000ed500000,0x00000000eda80000)
 ParOldGen       total 42496K, used 6582K [0x00000000c2a00000, 0x00000000c5380000, 0x00000000eb900000)
  object space 42496K, 15% used [0x00000000c2a00000,0x00000000c306dbd8,0x00000000c5380000)
 Metaspace       used 13694K, capacity 14066K, committed 14336K, reserved 1062912K
  class space    used 1585K, capacity 1705K, committed 1792K, reserved 1048576K
}
Event: 73.300 GC heap before
{Heap before GC invocations=8 (full 1):
 PSYoungGen      total 31232K, used 31232K [0x00000000eb900000, 0x00000000ee300000, 0x0000000100000000)
  eden space 28672K, 100% used [0x00000000eb900000,0x00000000ed500000,0x00000000ed500000)
  from space 2560K, 100% used [0x00000000eda80000,0x00000000edd00000,0x00000000edd00000)
  to   space 5632K, 0% used [0x00000000ed500000,0x00000000ed500000,0x00000000eda80000)
 ParOldGen       total 42496K, used 6582K [0x00000000c2a00000, 0x00000000c5380000, 0x00000000eb900000)
  object space 42496K, 15% used [0x00000000c2a00000,0x00000000c306dbd8,0x00000000c5380000)
 Metaspace       used 13742K, capacity 14130K, committed 14336K, reserved 1062912K
  class space    used 1585K, capacity 1705K, committed 1792K, reserved 1048576K
Event: 73.317 GC heap after
Heap after GC invocations=8 (full 1):
 PSYoungGen      total 34304K, used 3424K [0x00000000eb900000, 0x00000000efb00000, 0x0000000100000000)
  eden space 28672K, 0% used [0x00000000eb900000,0x00000000eb900000,0x00000000ed500000)
  from space 5632K, 60% used [0x00000000ed500000,0x00000000ed858000,0x00000000eda80000)
  to   space 5120K, 0% used [0x00000000ef600000,0x00000000ef600000,0x00000000efb00000)
 ParOldGen       total 42496K, used 6590K [0x00000000c2a00000, 0x00000000c5380000, 0x00000000eb900000)
  object space 42496K, 15% used [0x00000000c2a00000,0x00000000c306fbd8,0x00000000c5380000)
 Metaspace       used 13742K, capacity 14130K, committed 14336K, reserved 1062912K
  class space    used 1585K, capacity 1705K, committed 1792K, reserved 1048576K
}
Event: 73.606 GC heap before
{Heap before GC invocations=9 (full 1):
 PSYoungGen      total 34304K, used 32096K [0x00000000eb900000, 0x00000000efb00000, 0x0000000100000000)
  eden space 28672K, 100% used [0x00000000eb900000,0x00000000ed500000,0x00000000ed500000)
  from space 5632K, 60% used [0x00000000ed500000,0x00000000ed858000,0x00000000eda80000)
  to   space 5120K, 0% used [0x00000000ef600000,0x00000000ef600000,0x00000000efb00000)
 ParOldGen       total 42496K, used 6590K [0x00000000c2a00000, 0x00000000c5380000, 0x00000000eb900000)
  object space 42496K, 15% used [0x00000000c2a00000,0x00000000c306fbd8,0x00000000c5380000)
 Metaspace       used 13766K, capacity 14130K, committed 14336K, reserved 1062912K
  class space    used 1585K, capacity 1705K, committed 1792K, reserved 1048576K
Event: 73.620 GC heap after
Heap after GC invocations=9 (full 1):
 PSYoungGen      total 62464K, used 2624K [0x00000000eb900000, 0x00000000efb00000, 0x0000000100000000)
  eden space 57344K, 0% used [0x00000000eb900000,0x00000000eb900000,0x00000000ef100000)
  from space 5120K, 51% used [0x00000000ef600000,0x00000000ef890000,0x00000000efb00000)
  to   space 5120K, 0% used [0x00000000ef100000,0x00000000ef100000,0x00000000ef600000)
 ParOldGen       total 42496K, used 7935K [0x00000000c2a00000, 0x00000000c5380000, 0x00000000eb900000)
  object space 42496K, 18% used [0x00000000c2a00000,0x00000000c31bfc38,0x00000000c5380000)
 Metaspace       used 13766K, capacity 14130K, committed 14336K, reserved 1062912K
  class space    used 1585K, capacity 1705K, committed 1792K, reserved 1048576K
}
Event: 74.515 GC heap before
{Heap before GC invocations=10 (full 1):
 PSYoungGen      total 62464K, used 59968K [0x00000000eb900000, 0x00000000efb00000, 0x0000000100000000)
  eden space 57344K, 100% used [0x00000000eb900000,0x00000000ef100000,0x00000000ef100000)
  from space 5120K, 51% used [0x00000000ef600000,0x00000000ef890000,0x00000000efb00000)
  to   space 5120K, 0% used [0x00000000ef100000,0x00000000ef100000,0x00000000ef600000)
 ParOldGen       total 42496K, used 7935K [0x00000000c2a00000, 0x00000000c5380000, 0x00000000eb900000)
  object space 42496K, 18% used [0x00000000c2a00000,0x00000000c31bfc38,0x00000000c5380000)
 Metaspace       used 13809K, capacity 14194K, committed 14336K, reserved 1062912K
  class space    used 1585K, capacity 1705K, committed 1792K, reserved 1048576K
Event: 74.544 GC heap after
Heap after GC invocations=10 (full 1):
 PSYoungGen      total 62464K, used 5088K [0x00000000eb900000, 0x00000000f3500000, 0x0000000100000000)
  eden space 57344K, 0% used [0x00000000eb900000,0x00000000eb900000,0x00000000ef100000)
  from space 5120K, 99% used [0x00000000ef100000,0x00000000ef5f80a0,0x00000000ef600000)
  to   space 6144K, 0% used [0x00000000f2f00000,0x00000000f2f00000,0x00000000f3500000)
 ParOldGen       total 42496K, used 9410K [0x00000000c2a00000, 0x00000000c5380000, 0x00000000eb900000)
  object space 42496K, 22% used [0x00000000c2a00000,0x00000000c3330a28,0x00000000c5380000)
 Metaspace       used 13809K, capacity 14194K, committed 14336K, reserved 1062912K
  class space    used 1585K, capacity 1705K, committed 1792K, reserved 1048576K
}
Event: 75.205 GC heap before
{Heap before GC invocations=11 (full 1):
 PSYoungGen      total 62464K, used 62432K [0x00000000eb900000, 0x00000000f3500000, 0x0000000100000000)
  eden space 57344K, 100% used [0x00000000eb900000,0x00000000ef100000,0x00000000ef100000)
  from space 5120K, 99% used [0x00000000ef100000,0x00000000ef5f80a0,0x00000000ef600000)
  to   space 6144K, 0% used [0x00000000f2f00000,0x00000000f2f00000,0x00000000f3500000)
 ParOldGen       total 42496K, used 9410K [0x00000000c2a00000, 0x00000000c5380000, 0x00000000eb900000)
  object space 42496K, 22% used [0x00000000c2a00000,0x00000000c3330a28,0x00000000c5380000)
 Metaspace       used 13832K, capacity 14194K, committed 14336K, reserved 1062912K
  class space    used 1586K, capacity 1705K, committed 1792K, reserved 1048576K
Event: 75.246 GC heap after
Heap after GC invocations=11 (full 1):
 PSYoungGen      total 98304K, used 5680K [0x00000000eb900000, 0x00000000f3500000, 0x0000000100000000)
  eden space 92160K, 0% used [0x00000000eb900000,0x00000000eb900000,0x00000000f1300000)
  from space 6144K, 92% used [0x00000000f2f00000,0x00000000f348c050,0x00000000f3500000)
  to   space 6656K, 0% used [0x00000000f2800000,0x00000000f2800000,0x00000000f2e80000)
 ParOldGen       total 42496K, used 10454K [0x00000000c2a00000, 0x00000000c5380000, 0x00000000eb900000)
  object space 42496K, 24% used [0x00000000c2a00000,0x00000000c3435a48,0x00000000c5380000)
 Metaspace       used 13832K, capacity 14194K, committed 14336K, reserved 1062912K
  class space    used 1586K, capacity 1705K, committed 1792K, reserved 1048576K
}
Event: 76.661 GC heap before
{Heap before GC invocations=12 (full 1):
 PSYoungGen      total 98304K, used 97840K [0x00000000eb900000, 0x00000000f3500000, 0x0000000100000000)
  eden space 92160K, 100% used [0x00000000eb900000,0x00000000f1300000,0x00000000f1300000)
  from space 6144K, 92% used [0x00000000f2f00000,0x00000000f348c050,0x00000000f3500000)
  to   space 6656K, 0% used [0x00000000f2800000,0x00000000f2800000,0x00000000f2e80000)
 ParOldGen       total 42496K, used 10454K [0x00000000c2a00000, 0x00000000c5380000, 0x00000000eb900000)
  object space 42496K, 24% used [0x00000000c2a00000,0x00000000c3435a48,0x00000000c5380000)
 Metaspace       used 13868K, capacity 14258K, committed 14592K, reserved 1062912K
  class space    used 1586K, capacity 1705K, committed 1792K, reserved 1048576K

