# JRE version: Java(TM) SE Runtime Environment (8.0_201-b09) (build 1.8.0_201-b09)
# Java VM: Java HotSpot(TM) 64-Bit Server VM (25.201-b09 mixed mode linux-amd64 compressed oops)
Heap:
 PSYoungGen      total 75776K, used 2502K [0x00000000eb900000, 0x00000000f1980000, 0x0000000100000000)
  eden space 69120K, 0% used [0x00000000eb900000,0x00000000eb900000,0x00000000efc80000)
  from space 6656K, 37% used [0x00000000efc80000,0x00000000efef1830,0x00000000f0300000)
  to   space 6656K, 0% used [0x00000000f0300000,0x00000000f0300000,0x00000000f0980000)
 ParOldGen       total 42496K, used 24430K [0x00000000c2a00000, 0x00000000c5380000, 0x00000000eb900000)
  object space 42496K, 57% used [0x00000000c2a00000,0x00000000c41dbbb0,0x00000000c5380000)
 Metaspace       used 14962K, capacity 15476K, committed 15616K, reserved 1062912K
  class space    used 1640K, capacity 1780K, committed 1792K, reserved 1048576K
GC Heap History (10 events):
Event: 24.826 GC heap after
Heap after GC invocations=9 (full 1):
 PSYoungGen      total 31744K, used 3568K [0x00000000eb900000, 0x00000000edd00000, 0x0000000100000000)
  eden space 26624K, 0% used [0x00000000eb900000,0x00000000eb900000,0x00000000ed300000)
  from space 5120K, 69% used [0x00000000ed800000,0x00000000edb7c1c0,0x00000000edd00000)
  to   space 5120K, 0% used [0x00000000ed300000,0x00000000ed300000,0x00000000ed800000)
 ParOldGen       total 42496K, used 11275K [0x00000000c2a00000, 0x00000000c5380000, 0x00000000eb900000)
  object space 42496K, 26% used [0x00000000c2a00000,0x00000000c3502f30,0x00000000c5380000)
 Metaspace       used 13831K, capacity 14182K, committed 14336K, reserved 1062912K
  class space    used 1584K, capacity 1703K, committed 1792K, reserved 1048576K
}
Event: 25.378 GC heap before
{Heap before GC invocations=10 (full 1):
 PSYoungGen      total 31744K, used 30192K [0x00000000eb900000, 0x00000000edd00000, 0x0000000100000000)
  eden space 26624K, 100% used [0x00000000eb900000,0x00000000ed300000,0x00000000ed300000)
  from space 5120K, 69% used [0x00000000ed800000,0x00000000edb7c1c0,0x00000000edd00000)
  to   space 5120K, 0% used [0x00000000ed300000,0x00000000ed300000,0x00000000ed800000)
 ParOldGen       total 42496K, used 11275K [0x00000000c2a00000, 0x00000000c5380000, 0x00000000eb900000)
  object space 42496K, 26% used [0x00000000c2a00000,0x00000000c3502f30,0x00000000c5380000)
 Metaspace       used 13850K, capacity 14246K, committed 14336K, reserved 1062912K
  class space    used 1584K, capacity 1703K, committed 1792K, reserved 1048576K
Event: 25.402 GC heap after
Heap after GC invocations=10 (full 1):
 PSYoungGen      total 31744K, used 4336K [0x00000000eb900000, 0x00000000ef700000, 0x0000000100000000)
  eden space 26624K, 0% used [0x00000000eb900000,0x00000000eb900000,0x00000000ed300000)
  from space 5120K, 84% used [0x00000000ed300000,0x00000000ed73c1c0,0x00000000ed800000)
  to   space 5120K, 0% used [0x00000000ef200000,0x00000000ef200000,0x00000000ef700000)
 ParOldGen       total 42496K, used 12475K [0x00000000c2a00000, 0x00000000c5380000, 0x00000000eb900000)
  object space 42496K, 29% used [0x00000000c2a00000,0x00000000c362ef30,0x00000000c5380000)
 Metaspace       used 13850K, capacity 14246K, committed 14336K, reserved 1062912K
  class space    used 1584K, capacity 1703K, committed 1792K, reserved 1048576K
}
Event: 25.774 GC heap before
{Heap before GC invocations=11 (full 1):
 PSYoungGen      total 31744K, used 30960K [0x00000000eb900000, 0x00000000ef700000, 0x0000000100000000)
  eden space 26624K, 100% used [0x00000000eb900000,0x00000000ed300000,0x00000000ed300000)
  from space 5120K, 84% used [0x00000000ed300000,0x00000000ed73c1c0,0x00000000ed800000)
  to   space 5120K, 0% used [0x00000000ef200000,0x00000000ef200000,0x00000000ef700000)
 ParOldGen       total 42496K, used 12475K [0x00000000c2a00000, 0x00000000c5380000, 0x00000000eb900000)
  object space 42496K, 29% used [0x00000000c2a00000,0x00000000c362ef30,0x00000000c5380000)
 Metaspace       used 13859K, capacity 14246K, committed 14336K, reserved 1062912K
  class space    used 1584K, capacity 1703K, committed 1792K, reserved 1048576K
Event: 25.795 GC heap after
Heap after GC invocations=11 (full 1):
 PSYoungGen      total 48128K, used 4760K [0x00000000eb900000, 0x00000000ef700000, 0x0000000100000000)
  eden space 43008K, 0% used [0x00000000eb900000,0x00000000eb900000,0x00000000ee300000)
  from space 5120K, 92% used [0x00000000ef200000,0x00000000ef6a6248,0x00000000ef700000)
  to   space 5120K, 0% used [0x00000000eed00000,0x00000000eed00000,0x00000000ef200000)
 ParOldGen       total 42496K, used 13977K [0x00000000c2a00000, 0x00000000c5380000, 0x00000000eb900000)
  object space 42496K, 32% used [0x00000000c2a00000,0x00000000c37a6470,0x00000000c5380000)
 Metaspace       used 13859K, capacity 14246K, committed 14336K, reserved 1062912K
  class space    used 1584K, capacity 1703K, committed 1792K, reserved 1048576K
}
Event: 26.640 GC heap before
{Heap before GC invocations=12 (full 1):
 PSYoungGen      total 48128K, used 47768K [0x00000000eb900000, 0x00000000ef700000, 0x0000000100000000)
  eden space 43008K, 100% used [0x00000000eb900000,0x00000000ee300000,0x00000000ee300000)
  from space 5120K, 92% used [0x00000000ef200000,0x00000000ef6a6248,0x00000000ef700000)
  to   space 5120K, 0% used [0x00000000eed00000,0x00000000eed00000,0x00000000ef200000)
 ParOldGen       total 42496K, used 13977K [0x00000000c2a00000, 0x00000000c5380000, 0x00000000eb900000)
  object space 42496K, 32% used [0x00000000c2a00000,0x00000000c37a6470,0x00000000c5380000)
 Metaspace       used 13878K, capacity 14246K, committed 14336K, reserved 1062912K
  class space    used 1584K, capacity 1703K, committed 1792K, reserved 1048576K
Event: 26.660 GC heap after
Heap after GC invocations=12 (full 1):
 PSYoungGen      total 58368K, used 5092K [0x00000000eb900000, 0x00000000f0980000, 0x0000000100000000)
  eden space 53248K, 0% used [0x00000000eb900000,0x00000000eb900000,0x00000000eed00000)
  from space 5120K, 99% used [0x00000000eed00000,0x00000000ef1f9398,0x00000000ef200000)
  to   space 6656K, 0% used [0x00000000f0300000,0x00000000f0300000,0x00000000f0980000)
 ParOldGen       total 42496K, used 17042K [0x00000000c2a00000, 0x00000000c5380000, 0x00000000eb900000)
  object space 42496K, 40% used [0x00000000c2a00000,0x00000000c3aa4ae8,0x00000000c5380000)
 Metaspace       used 13878K, capacity 14246K, committed 14336K, reserved 1062912K
  class space    used 1584K, capacity 1703K, committed 1792K, reserved 1048576K
}
Event: 51.474 GC heap before
{Heap before GC invocations=13 (full 1):
 PSYoungGen      total 58368K, used 58340K [0x00000000eb900000, 0x00000000f0980000, 0x0000000100000000)
  eden space 53248K, 100% used [0x00000000eb900000,0x00000000eed00000,0x00000000eed00000)
  from space 5120K, 99% used [0x00000000eed00000,0x00000000ef1f9398,0x00000000ef200000)
  to   space 6656K, 0% used [0x00000000f0300000,0x00000000f0300000,0x00000000f0980000)
 ParOldGen       total 42496K, used 17042K [0x00000000c2a00000, 0x00000000c5380000, 0x00000000eb900000)
  object space 42496K, 40% used [0x00000000c2a00000,0x00000000c3aa4ae8,0x00000000c5380000)
 Metaspace       used 14913K, capacity 15392K, committed 15616K, reserved 1062912K
  class space    used 1637K, capacity 1778K, committed 1792K, reserved 1048576K
Event: 51.580 GC heap after
Heap after GC invocations=13 (full 1):
 PSYoungGen      total 75776K, used 4248K [0x00000000eb900000, 0x00000000f1980000, 0x0000000100000000)
  eden space 69120K, 0% used [0x00000000eb900000,0x00000000eb900000,0x00000000efc80000)
  from space 6656K, 63% used [0x00000000f0300000,0x00000000f0726030,0x00000000f0980000)
  to   space 6656K, 0% used [0x00000000efc80000,0x00000000efc80000,0x00000000f0300000)
 ParOldGen       total 42496K, used 22125K [0x00000000c2a00000, 0x00000000c5380000, 0x00000000eb900000)
  object space 42496K, 52% used [0x00000000c2a00000,0x00000000c3f9b600,0x00000000c5380000)
 Metaspace       used 14913K, capacity 15392K, committed 15616K, reserved 1062912K
  class space    used 1637K, capacity 1778K, committed 1792K, reserved 1048576K
}
Event: 71.890 GC heap before
{Heap before GC invocations=14 (full 1):
 PSYoungGen      total 75776K, used 73368K [0x00000000eb900000, 0x00000000f1980000, 0x0000000100000000)
  eden space 69120K, 100% used [0x00000000eb900000,0x00000000efc80000,0x00000000efc80000)
  from space 6656K, 63% used [0x00000000f0300000,0x00000000f0726030,0x00000000f0980000)
  to   space 6656K, 0% used [0x00000000efc80000,0x00000000efc80000,0x00000000f0300000)
 ParOldGen       total 42496K, used 22125K [0x00000000c2a00000, 0x00000000c5380000, 0x00000000eb900000)
  object space 42496K, 52% used [0x00000000c2a00000,0x00000000c3f9b600,0x00000000c5380000)
 Metaspace       used 14962K, capacity 15476K, committed 15616K, reserved 1062912K
  class space    used 1640K, capacity 1780K, committed 1792K, reserved 1048576K

