# JRE version: Java(TM) SE Runtime Environment (8.0_201-b09) (build 1.8.0_201-b09)
# Java VM: Java HotSpot(TM) 64-Bit Server VM (25.201-b09 mixed mode linux-amd64 compressed oops)
Heap:
 PSYoungGen      total 310272K, used 22505K [0x00000000eb900000, 0x00000000ffe80000, 0x0000000100000000)
  eden space 287744K, 0% used [0x00000000eb900000,0x00000000eb900000,0x00000000fd200000)
  from space 22528K, 99% used [0x00000000fd200000,0x00000000fe7fa4a8,0x00000000fe800000)
  to   space 23040K, 0% used [0x00000000fe800000,0x00000000fe800000,0x00000000ffe80000)
 ParOldGen       total 123392K, used 116052K [0x00000000c2a00000, 0x00000000ca280000, 0x00000000eb900000)
  object space 123392K, 94% used [0x00000000c2a00000,0x00000000c9b55340,0x00000000ca280000)
 Metaspace       used 24797K, capacity 25838K, committed 25984K, reserved 1073152K
  class space    used 2597K, capacity 2847K, committed 2944K, reserved 1048576K
GC Heap History (10 events):
Event: 73.047 GC heap after
Heap after GC invocations=43 (full 3):
 PSYoungGen      total 307200K, used 14896K [0x00000000eb900000, 0x00000000ffd00000, 0x0000000100000000)
  eden space 282112K, 0% used [0x00000000eb900000,0x00000000eb900000,0x00000000fcc80000)
  from space 25088K, 59% used [0x00000000fe480000,0x00000000ff30c030,0x00000000ffd00000)
  to   space 24576K, 0% used [0x00000000fcc80000,0x00000000fcc80000,0x00000000fe480000)
 ParOldGen       total 123392K, used 108970K [0x00000000c2a00000, 0x00000000ca280000, 0x00000000eb900000)
  object space 123392K, 88% used [0x00000000c2a00000,0x00000000c946a998,0x00000000ca280000)
 Metaspace       used 24393K, capacity 25364K, committed 25600K, reserved 1073152K
  class space    used 2563K, capacity 2798K, committed 2816K, reserved 1048576K
}
Event: 74.318 GC heap before
{Heap before GC invocations=44 (full 3):
 PSYoungGen      total 307200K, used 297008K [0x00000000eb900000, 0x00000000ffd00000, 0x0000000100000000)
  eden space 282112K, 100% used [0x00000000eb900000,0x00000000fcc80000,0x00000000fcc80000)
  from space 25088K, 59% used [0x00000000fe480000,0x00000000ff30c030,0x00000000ffd00000)
  to   space 24576K, 0% used [0x00000000fcc80000,0x00000000fcc80000,0x00000000fe480000)
 ParOldGen       total 123392K, used 108970K [0x00000000c2a00000, 0x00000000ca280000, 0x00000000eb900000)
  object space 123392K, 88% used [0x00000000c2a00000,0x00000000c946a998,0x00000000ca280000)
 Metaspace       used 24406K, capacity 25376K, committed 25600K, reserved 1073152K
  class space    used 2564K, capacity 2800K, committed 2816K, reserved 1048576K
Event: 74.361 GC heap after
Heap after GC invocations=44 (full 3):
 PSYoungGen      total 306688K, used 17008K [0x00000000eb900000, 0x00000000ffe80000, 0x0000000100000000)
  eden space 282112K, 0% used [0x00000000eb900000,0x00000000eb900000,0x00000000fcc80000)
  from space 24576K, 69% used [0x00000000fcc80000,0x00000000fdd1c030,0x00000000fe480000)
  to   space 24064K, 0% used [0x00000000fe700000,0x00000000fe700000,0x00000000ffe80000)
 ParOldGen       total 123392K, used 110078K [0x00000000c2a00000, 0x00000000ca280000, 0x00000000eb900000)
  object space 123392K, 89% used [0x00000000c2a00000,0x00000000c957f9c8,0x00000000ca280000)
 Metaspace       used 24406K, capacity 25376K, committed 25600K, reserved 1073152K
  class space    used 2564K, capacity 2800K, committed 2816K, reserved 1048576K
}
Event: 75.037 GC heap before
{Heap before GC invocations=45 (full 3):
 PSYoungGen      total 306688K, used 299120K [0x00000000eb900000, 0x00000000ffe80000, 0x0000000100000000)
  eden space 282112K, 100% used [0x00000000eb900000,0x00000000fcc80000,0x00000000fcc80000)
  from space 24576K, 69% used [0x00000000fcc80000,0x00000000fdd1c030,0x00000000fe480000)
  to   space 24064K, 0% used [0x00000000fe700000,0x00000000fe700000,0x00000000ffe80000)
 ParOldGen       total 123392K, used 110078K [0x00000000c2a00000, 0x00000000ca280000, 0x00000000eb900000)
  object space 123392K, 89% used [0x00000000c2a00000,0x00000000c957f9c8,0x00000000ca280000)
 Metaspace       used 24429K, capacity 25406K, committed 25600K, reserved 1073152K
  class space    used 2566K, capacity 2805K, committed 2816K, reserved 1048576K
Event: 75.066 GC heap after
Heap after GC invocations=45 (full 3):
 PSYoungGen      total 309760K, used 13216K [0x00000000eb900000, 0x00000000ffe80000, 0x0000000100000000)
  eden space 285696K, 0% used [0x00000000eb900000,0x00000000eb900000,0x00000000fd000000)
  from space 24064K, 54% used [0x00000000fe700000,0x00000000ff3e8040,0x00000000ffe80000)
  to   space 23552K, 0% used [0x00000000fd000000,0x00000000fd000000,0x00000000fe700000)
 ParOldGen       total 123392K, used 110190K [0x00000000c2a00000, 0x00000000ca280000, 0x00000000eb900000)
  object space 123392K, 89% used [0x00000000c2a00000,0x00000000c959b9c8,0x00000000ca280000)
 Metaspace       used 24429K, capacity 25406K, committed 25600K, reserved 1073152K
  class space    used 2566K, capacity 2805K, committed 2816K, reserved 1048576K
}
Event: 76.228 GC heap before
{Heap before GC invocations=46 (full 3):
 PSYoungGen      total 309760K, used 298912K [0x00000000eb900000, 0x00000000ffe80000, 0x0000000100000000)
  eden space 285696K, 100% used [0x00000000eb900000,0x00000000fd000000,0x00000000fd000000)
  from space 24064K, 54% used [0x00000000fe700000,0x00000000ff3e8040,0x00000000ffe80000)
  to   space 23552K, 0% used [0x00000000fd000000,0x00000000fd000000,0x00000000fe700000)
 ParOldGen       total 123392K, used 110190K [0x00000000c2a00000, 0x00000000ca280000, 0x00000000eb900000)
  object space 123392K, 89% used [0x00000000c2a00000,0x00000000c959b9c8,0x00000000ca280000)
 Metaspace       used 24480K, capacity 25418K, committed 25600K, reserved 1073152K
  class space    used 2574K, capacity 2809K, committed 2816K, reserved 1048576K
Event: 76.251 GC heap after
Heap after GC invocations=46 (full 3):
 PSYoungGen      total 309248K, used 14320K [0x00000000eb900000, 0x00000000ffe80000, 0x0000000100000000)
  eden space 285696K, 0% used [0x00000000eb900000,0x00000000eb900000,0x00000000fd000000)
  from space 23552K, 60% used [0x00000000fd000000,0x00000000fddfc050,0x00000000fe700000)
  to   space 23040K, 0% used [0x00000000fe800000,0x00000000fe800000,0x00000000ffe80000)
 ParOldGen       total 123392K, used 110262K [0x00000000c2a00000, 0x00000000ca280000, 0x00000000eb900000)
  object space 123392K, 89% used [0x00000000c2a00000,0x00000000c95ad9c8,0x00000000ca280000)
 Metaspace       used 24480K, capacity 25418K, committed 25600K, reserved 1073152K
  class space    used 2574K, capacity 2809K, committed 2816K, reserved 1048576K
}
Event: 80.446 GC heap before
{Heap before GC invocations=47 (full 3):
 PSYoungGen      total 309248K, used 300016K [0x00000000eb900000, 0x00000000ffe80000, 0x0000000100000000)
  eden space 285696K, 100% used [0x00000000eb900000,0x00000000fd000000,0x00000000fd000000)
  from space 23552K, 60% used [0x00000000fd000000,0x00000000fddfc050,0x00000000fe700000)
  to   space 23040K, 0% used [0x00000000fe800000,0x00000000fe800000,0x00000000ffe80000)
 ParOldGen       total 123392K, used 110262K [0x00000000c2a00000, 0x00000000ca280000, 0x00000000eb900000)
  object space 123392K, 89% used [0x00000000c2a00000,0x00000000c95ad9c8,0x00000000ca280000)
 Metaspace       used 24638K, capacity 25586K, committed 25728K, reserved 1073152K
  class space    used 2589K, capacity 2837K, committed 2944K, reserved 1048576K
Event: 80.501 GC heap after
Heap after GC invocations=47 (full 3):
 PSYoungGen      total 310784K, used 13456K [0x00000000eb900000, 0x00000000ffe80000, 0x0000000100000000)
  eden space 287744K, 0% used [0x00000000eb900000,0x00000000eb900000,0x00000000fd200000)
  from space 23040K, 58% used [0x00000000fe800000,0x00000000ff524030,0x00000000ffe80000)
  to   space 22528K, 0% used [0x00000000fd200000,0x00000000fd200000,0x00000000fe800000)
 ParOldGen       total 123392K, used 111214K [0x00000000c2a00000, 0x00000000ca280000, 0x00000000eb900000)
  object space 123392K, 90% used [0x00000000c2a00000,0x00000000c969b9e8,0x00000000ca280000)
 Metaspace       used 24638K, capacity 25586K, committed 25728K, reserved 1073152K
  class space    used 2589K, capacity 2837K, committed 2944K, reserved 1048576K
}
Event: 84.424 GC heap before
{Heap before GC invocations=48 (full 3):
 PSYoungGen      total 310784K, used 301200K [0x00000000eb900000, 0x00000000ffe80000, 0x0000000100000000)
  eden space 287744K, 100% used [0x00000000eb900000,0x00000000fd200000,0x00000000fd200000)
  from space 23040K, 58% used [0x00000000fe800000,0x00000000ff524030,0x00000000ffe80000)
  to   space 22528K, 0% used [0x00000000fd200000,0x00000000fd200000,0x00000000fe800000)
 ParOldGen       total 123392K, used 111214K [0x00000000c2a00000, 0x00000000ca280000, 0x00000000eb900000)
  object space 123392K, 90% used [0x00000000c2a00000,0x00000000c969b9e8,0x00000000ca280000)
 Metaspace       used 24797K, capacity 25838K, committed 25984K, reserved 1073152K
  class space    used 2597K, capacity 2847K, committed 2944K, reserved 1048576K

