# JRE version: Java(TM) SE Runtime Environment (8.0_201-b09) (build 1.8.0_201-b09)
# Java VM: Java HotSpot(TM) 64-Bit Server VM (25.201-b09 mixed mode linux-amd64 compressed oops)
Heap:
 PSYoungGen      total 249344K, used 13575K [0x00000000eb900000, 0x0000000100000000, 0x0000000100000000)
  eden space 198656K, 0% used [0x00000000eb900000,0x00000000eb900000,0x00000000f7b00000)
  from space 50688K, 26% used [0x00000000fce80000,0x00000000fdbc1cf0,0x0000000100000000)
  to   space 68096K, 0% used [0x00000000f7b00000,0x00000000f7b00000,0x00000000fbd80000)
 ParOldGen       total 132608K, used 132145K [0x00000000c2a00000, 0x00000000cab80000, 0x00000000eb900000)
  object space 132608K, 99% used [0x00000000c2a00000,0x00000000cab0c708,0x00000000cab80000)
 Metaspace       used 25242K, capacity 26334K, committed 26496K, reserved 1073152K
  class space    used 2607K, capacity 2875K, committed 2944K, reserved 1048576K
GC Heap History (10 events):
Event: 88.741 GC heap after
Heap after GC invocations=49 (full 3):
 PSYoungGen      total 292864K, used 30144K [0x00000000eb900000, 0x0000000100000000, 0x0000000100000000)
  eden space 257024K, 0% used [0x00000000eb900000,0x00000000eb900000,0x00000000fb400000)
  from space 35840K, 84% used [0x00000000fdd00000,0x00000000ffa70230,0x0000000100000000)
  to   space 38912K, 0% used [0x00000000fb400000,0x00000000fb400000,0x00000000fda00000)
 ParOldGen       total 132608K, used 113707K [0x00000000c2a00000, 0x00000000cab80000, 0x00000000eb900000)
  object space 132608K, 85% used [0x00000000c2a00000,0x00000000c990ad78,0x00000000cab80000)
 Metaspace       used 24881K, capacity 25914K, committed 26240K, reserved 1073152K
  class space    used 2592K, capacity 2849K, committed 2944K, reserved 1048576K
}
Event: 94.512 GC heap before
{Heap before GC invocations=50 (full 3):
 PSYoungGen      total 292864K, used 287168K [0x00000000eb900000, 0x0000000100000000, 0x0000000100000000)
  eden space 257024K, 100% used [0x00000000eb900000,0x00000000fb400000,0x00000000fb400000)
  from space 35840K, 84% used [0x00000000fdd00000,0x00000000ffa70230,0x0000000100000000)
  to   space 38912K, 0% used [0x00000000fb400000,0x00000000fb400000,0x00000000fda00000)
 ParOldGen       total 132608K, used 113707K [0x00000000c2a00000, 0x00000000cab80000, 0x00000000eb900000)
  object space 132608K, 85% used [0x00000000c2a00000,0x00000000c990ad78,0x00000000cab80000)
 Metaspace       used 25033K, capacity 26102K, committed 26240K, reserved 1073152K
  class space    used 2598K, capacity 2859K, committed 2944K, reserved 1048576K
Event: 94.566 GC heap after
Heap after GC invocations=50 (full 3):
 PSYoungGen      total 294912K, used 37601K [0x00000000eb900000, 0x0000000100000000, 0x0000000100000000)
  eden space 257024K, 0% used [0x00000000eb900000,0x00000000eb900000,0x00000000fb400000)
  from space 37888K, 99% used [0x00000000fb400000,0x00000000fd8b8410,0x00000000fd900000)
  to   space 39936K, 0% used [0x00000000fd900000,0x00000000fd900000,0x0000000100000000)
 ParOldGen       total 132608K, used 114087K [0x00000000c2a00000, 0x00000000cab80000, 0x00000000eb900000)
  object space 132608K, 86% used [0x00000000c2a00000,0x00000000c9969da8,0x00000000cab80000)
 Metaspace       used 25033K, capacity 26102K, committed 26240K, reserved 1073152K
  class space    used 2598K, capacity 2859K, committed 2944K, reserved 1048576K
}
Event: 98.756 GC heap before
{Heap before GC invocations=51 (full 3):
 PSYoungGen      total 294912K, used 294625K [0x00000000eb900000, 0x0000000100000000, 0x0000000100000000)
  eden space 257024K, 100% used [0x00000000eb900000,0x00000000fb400000,0x00000000fb400000)
  from space 37888K, 99% used [0x00000000fb400000,0x00000000fd8b8410,0x00000000fd900000)
  to   space 39936K, 0% used [0x00000000fd900000,0x00000000fd900000,0x0000000100000000)
 ParOldGen       total 132608K, used 114087K [0x00000000c2a00000, 0x00000000cab80000, 0x00000000eb900000)
  object space 132608K, 86% used [0x00000000c2a00000,0x00000000c9969da8,0x00000000cab80000)
 Metaspace       used 25049K, capacity 26166K, committed 26496K, reserved 1073152K
  class space    used 2598K, capacity 2859K, committed 2944K, reserved 1048576K
Event: 98.855 GC heap after
Heap after GC invocations=51 (full 3):
 PSYoungGen      total 273408K, used 39928K [0x00000000eb900000, 0x0000000100000000, 0x0000000100000000)
  eden space 233472K, 0% used [0x00000000eb900000,0x00000000eb900000,0x00000000f9d00000)
  from space 39936K, 99% used [0x00000000fd900000,0x00000000ffffe3f8,0x0000000100000000)
  to   space 50688K, 0% used [0x00000000f9d00000,0x00000000f9d00000,0x00000000fce80000)
 ParOldGen       total 132608K, used 118554K [0x00000000c2a00000, 0x00000000cab80000, 0x00000000eb900000)
  object space 132608K, 89% used [0x00000000c2a00000,0x00000000c9dc6830,0x00000000cab80000)
 Metaspace       used 25049K, capacity 26166K, committed 26496K, reserved 1073152K
  class space    used 2598K, capacity 2859K, committed 2944K, reserved 1048576K
}
Event: 105.386 GC heap before
{Heap before GC invocations=52 (full 3):
 PSYoungGen      total 273408K, used 273400K [0x00000000eb900000, 0x0000000100000000, 0x0000000100000000)
  eden space 233472K, 100% used [0x00000000eb900000,0x00000000f9d00000,0x00000000f9d00000)
  from space 39936K, 99% used [0x00000000fd900000,0x00000000ffffe3f8,0x0000000100000000)
  to   space 50688K, 0% used [0x00000000f9d00000,0x00000000f9d00000,0x00000000fce80000)
 ParOldGen       total 132608K, used 118554K [0x00000000c2a00000, 0x00000000cab80000, 0x00000000eb900000)
  object space 132608K, 89% used [0x00000000c2a00000,0x00000000c9dc6830,0x00000000cab80000)
 Metaspace       used 25187K, capacity 26306K, committed 26496K, reserved 1073152K
  class space    used 2605K, capacity 2871K, committed 2944K, reserved 1048576K
Event: 105.986 GC heap after
Heap after GC invocations=52 (full 3):
 PSYoungGen      total 284160K, used 50665K [0x00000000eb900000, 0x0000000100000000, 0x0000000100000000)
  eden space 233472K, 0% used [0x00000000eb900000,0x00000000eb900000,0x00000000f9d00000)
  from space 50688K, 99% used [0x00000000f9d00000,0x00000000fce7a708,0x00000000fce80000)
  to   space 50688K, 0% used [0x00000000fce80000,0x00000000fce80000,0x0000000100000000)
 ParOldGen       total 132608K, used 120778K [0x00000000c2a00000, 0x00000000cab80000, 0x00000000eb900000)
  object space 132608K, 91% used [0x00000000c2a00000,0x00000000c9ff2830,0x00000000cab80000)
 Metaspace       used 25187K, capacity 26306K, committed 26496K, reserved 1073152K
  class space    used 2605K, capacity 2871K, committed 2944K, reserved 1048576K
}
Event: 110.268 GC heap before
{Heap before GC invocations=53 (full 3):
 PSYoungGen      total 284160K, used 284137K [0x00000000eb900000, 0x0000000100000000, 0x0000000100000000)
  eden space 233472K, 100% used [0x00000000eb900000,0x00000000f9d00000,0x00000000f9d00000)
  from space 50688K, 99% used [0x00000000f9d00000,0x00000000fce7a708,0x00000000fce80000)
  to   space 50688K, 0% used [0x00000000fce80000,0x00000000fce80000,0x0000000100000000)
 ParOldGen       total 132608K, used 120778K [0x00000000c2a00000, 0x00000000cab80000, 0x00000000eb900000)
  object space 132608K, 91% used [0x00000000c2a00000,0x00000000c9ff2830,0x00000000cab80000)
 Metaspace       used 25242K, capacity 26334K, committed 26496K, reserved 1073152K
  class space    used 2607K, capacity 2875K, committed 2944K, reserved 1048576K
Event: 110.369 GC heap after
Heap after GC invocations=53 (full 3):
 PSYoungGen      total 249344K, used 50671K [0x00000000eb900000, 0x0000000100000000, 0x0000000100000000)
  eden space 198656K, 0% used [0x00000000eb900000,0x00000000eb900000,0x00000000f7b00000)
  from space 50688K, 99% used [0x00000000fce80000,0x00000000ffffbfd8,0x0000000100000000)
  to   space 68096K, 0% used [0x00000000f7b00000,0x00000000f7b00000,0x00000000fbd80000)
 ParOldGen       total 132608K, used 128304K [0x00000000c2a00000, 0x00000000cab80000, 0x00000000eb900000)
  object space 132608K, 96% used [0x00000000c2a00000,0x00000000ca74c3e8,0x00000000cab80000)
 Metaspace       used 25242K, capacity 26334K, committed 26496K, reserved 1073152K
  class space    used 2607K, capacity 2875K, committed 2944K, reserved 1048576K
}
Event: 110.370 GC heap before
{Heap before GC invocations=54 (full 4):
 PSYoungGen      total 249344K, used 50671K [0x00000000eb900000, 0x0000000100000000, 0x0000000100000000)
  eden space 198656K, 0% used [0x00000000eb900000,0x00000000eb900000,0x00000000f7b00000)
  from space 50688K, 99% used [0x00000000fce80000,0x00000000ffffbfd8,0x0000000100000000)
  to   space 68096K, 0% used [0x00000000f7b00000,0x00000000f7b00000,0x00000000fbd80000)
 ParOldGen       total 132608K, used 128304K [0x00000000c2a00000, 0x00000000cab80000, 0x00000000eb900000)
  object space 132608K, 96% used [0x00000000c2a00000,0x00000000ca74c3e8,0x00000000cab80000)
 Metaspace       used 25242K, capacity 26334K, committed 26496K, reserved 1073152K
  class space    used 2607K, capacity 2875K, committed 2944K, reserved 1048576K

