# JRE version: Java(TM) SE Runtime Environment (8.0_201-b09) (build 1.8.0_201-b09)
# Java VM: Java HotSpot(TM) 64-Bit Server VM (25.201-b09 mixed mode linux-amd64 compressed oops)
Heap:
 PSYoungGen      total 126464K, used 10924K [0x00000000eb900000, 0x00000000f4300000, 0x0000000100000000)
  eden space 115200K, 0% used [0x00000000eb900000,0x00000000eb900000,0x00000000f2980000)
  from space 11264K, 96% used [0x00000000f2980000,0x00000000f342b140,0x00000000f3480000)
  to   space 7680K, 0% used [0x00000000f3480000,0x00000000f3480000,0x00000000f3c00000)
 ParOldGen       total 42496K, used 19667K [0x00000000c2a00000, 0x00000000c5380000, 0x00000000eb900000)
  object space 42496K, 46% used [0x00000000c2a00000,0x00000000c3d34f60,0x00000000c5380000)
 Metaspace       used 15021K, capacity 15550K, committed 15616K, reserved 1062912K
  class space    used 1640K, capacity 1781K, committed 1792K, reserved 1048576K
GC Heap History (10 events):
Event: 33.236 GC heap after
Heap after GC invocations=5 (full 1):
 PSYoungGen      total 34304K, used 2544K [0x00000000eb900000, 0x00000000edd00000, 0x0000000100000000)
  eden space 31744K, 0% used [0x00000000eb900000,0x00000000eb900000,0x00000000ed800000)
  from space 2560K, 99% used [0x00000000eda80000,0x00000000edcfc050,0x00000000edd00000)
  to   space 2560K, 0% used [0x00000000ed800000,0x00000000ed800000,0x00000000eda80000)
 ParOldGen       total 42496K, used 7830K [0x00000000c2a00000, 0x00000000c5380000, 0x00000000eb900000)
  object space 42496K, 18% used [0x00000000c2a00000,0x00000000c31a5b80,0x00000000c5380000)
 Metaspace       used 13690K, capacity 13998K, committed 14336K, reserved 1062912K
  class space    used 1565K, capacity 1667K, committed 1792K, reserved 1048576K
}
Event: 33.615 GC heap before
{Heap before GC invocations=6 (full 1):
 PSYoungGen      total 34304K, used 34288K [0x00000000eb900000, 0x00000000edd00000, 0x0000000100000000)
  eden space 31744K, 100% used [0x00000000eb900000,0x00000000ed800000,0x00000000ed800000)
  from space 2560K, 99% used [0x00000000eda80000,0x00000000edcfc050,0x00000000edd00000)
  to   space 2560K, 0% used [0x00000000ed800000,0x00000000ed800000,0x00000000eda80000)
 ParOldGen       total 42496K, used 7830K [0x00000000c2a00000, 0x00000000c5380000, 0x00000000eb900000)
  object space 42496K, 18% used [0x00000000c2a00000,0x00000000c31a5b80,0x00000000c5380000)
 Metaspace       used 13748K, capacity 14062K, committed 14336K, reserved 1062912K
  class space    used 1565K, capacity 1667K, committed 1792K, reserved 1048576K
Event: 33.633 GC heap after
Heap after GC invocations=6 (full 1):
 PSYoungGen      total 34304K, used 2544K [0x00000000eb900000, 0x00000000efc00000, 0x0000000100000000)
  eden space 31744K, 0% used [0x00000000eb900000,0x00000000eb900000,0x00000000ed800000)
  from space 2560K, 99% used [0x00000000ed800000,0x00000000eda7c050,0x00000000eda80000)
  to   space 2560K, 0% used [0x00000000ef980000,0x00000000ef980000,0x00000000efc00000)
 ParOldGen       total 42496K, used 9909K [0x00000000c2a00000, 0x00000000c5380000, 0x00000000eb900000)
  object space 42496K, 23% used [0x00000000c2a00000,0x00000000c33ad7a8,0x00000000c5380000)
 Metaspace       used 13748K, capacity 14062K, committed 14336K, reserved 1062912K
  class space    used 1565K, capacity 1667K, committed 1792K, reserved 1048576K
}
Event: 34.145 GC heap before
{Heap before GC invocations=7 (full 1):
 PSYoungGen      total 34304K, used 34288K [0x00000000eb900000, 0x00000000efc00000, 0x0000000100000000)
  eden space 31744K, 100% used [0x00000000eb900000,0x00000000ed800000,0x00000000ed800000)
  from space 2560K, 99% used [0x00000000ed800000,0x00000000eda7c050,0x00000000eda80000)
  to   space 2560K, 0% used [0x00000000ef980000,0x00000000ef980000,0x00000000efc00000)
 ParOldGen       total 42496K, used 9909K [0x00000000c2a00000, 0x00000000c5380000, 0x00000000eb900000)
  object space 42496K, 23% used [0x00000000c2a00000,0x00000000c33ad7a8,0x00000000c5380000)
 Metaspace       used 13789K, capacity 14126K, committed 14336K, reserved 1062912K
  class space    used 1565K, capacity 1667K, committed 1792K, reserved 1048576K
Event: 34.170 GC heap after
Heap after GC invocations=7 (full 1):
 PSYoungGen      total 61952K, used 2528K [0x00000000eb900000, 0x00000000f0400000, 0x0000000100000000)
  eden space 59392K, 0% used [0x00000000eb900000,0x00000000eb900000,0x00000000ef300000)
  from space 2560K, 98% used [0x00000000ef980000,0x00000000efbf8090,0x00000000efc00000)
  to   space 6656K, 0% used [0x00000000ef300000,0x00000000ef300000,0x00000000ef980000)
 ParOldGen       total 42496K, used 12545K [0x00000000c2a00000, 0x00000000c5380000, 0x00000000eb900000)
  object space 42496K, 29% used [0x00000000c2a00000,0x00000000c3640660,0x00000000c5380000)
 Metaspace       used 13789K, capacity 14126K, committed 14336K, reserved 1062912K
  class space    used 1565K, capacity 1667K, committed 1792K, reserved 1048576K
}
Event: 34.871 GC heap before
{Heap before GC invocations=8 (full 1):
 PSYoungGen      total 61952K, used 61920K [0x00000000eb900000, 0x00000000f0400000, 0x0000000100000000)
  eden space 59392K, 100% used [0x00000000eb900000,0x00000000ef300000,0x00000000ef300000)
  from space 2560K, 98% used [0x00000000ef980000,0x00000000efbf8090,0x00000000efc00000)
  to   space 6656K, 0% used [0x00000000ef300000,0x00000000ef300000,0x00000000ef980000)
 ParOldGen       total 42496K, used 12545K [0x00000000c2a00000, 0x00000000c5380000, 0x00000000eb900000)
  object space 42496K, 29% used [0x00000000c2a00000,0x00000000c3640660,0x00000000c5380000)
 Metaspace       used 13813K, capacity 14190K, committed 14336K, reserved 1062912K
  class space    used 1565K, capacity 1667K, committed 1792K, reserved 1048576K
Event: 34.900 GC heap after
Heap after GC invocations=8 (full 1):
 PSYoungGen      total 66048K, used 6624K [0x00000000eb900000, 0x00000000f3c00000, 0x0000000100000000)
  eden space 59392K, 0% used [0x00000000eb900000,0x00000000eb900000,0x00000000ef300000)
  from space 6656K, 99% used [0x00000000ef300000,0x00000000ef978120,0x00000000ef980000)
  to   space 7680K, 0% used [0x00000000f3480000,0x00000000f3480000,0x00000000f3c00000)
 ParOldGen       total 42496K, used 13330K [0x00000000c2a00000, 0x00000000c5380000, 0x00000000eb900000)
  object space 42496K, 31% used [0x00000000c2a00000,0x00000000c3704908,0x00000000c5380000)
 Metaspace       used 13813K, capacity 14190K, committed 14336K, reserved 1062912K
  class space    used 1565K, capacity 1667K, committed 1792K, reserved 1048576K
}
Event: 64.928 GC heap before
{Heap before GC invocations=9 (full 1):
 PSYoungGen      total 66048K, used 66016K [0x00000000eb900000, 0x00000000f3c00000, 0x0000000100000000)
  eden space 59392K, 100% used [0x00000000eb900000,0x00000000ef300000,0x00000000ef300000)
  from space 6656K, 99% used [0x00000000ef300000,0x00000000ef978120,0x00000000ef980000)
  to   space 7680K, 0% used [0x00000000f3480000,0x00000000f3480000,0x00000000f3c00000)
 ParOldGen       total 42496K, used 13330K [0x00000000c2a00000, 0x00000000c5380000, 0x00000000eb900000)
  object space 42496K, 31% used [0x00000000c2a00000,0x00000000c3704908,0x00000000c5380000)
 Metaspace       used 14964K, capacity 15388K, committed 15616K, reserved 1062912K
  class space    used 1636K, capacity 1776K, committed 1792K, reserved 1048576K
Event: 65.146 GC heap after
Heap after GC invocations=9 (full 1):
 PSYoungGen      total 122880K, used 7648K [0x00000000eb900000, 0x00000000f4300000, 0x0000000100000000)
  eden space 115200K, 0% used [0x00000000eb900000,0x00000000eb900000,0x00000000f2980000)
  from space 7680K, 99% used [0x00000000f3480000,0x00000000f3bf8110,0x00000000f3c00000)
  to   space 11264K, 0% used [0x00000000f2980000,0x00000000f2980000,0x00000000f3480000)
 ParOldGen       total 42496K, used 18571K [0x00000000c2a00000, 0x00000000c5380000, 0x00000000eb900000)
  object space 42496K, 43% used [0x00000000c2a00000,0x00000000c3c22f10,0x00000000c5380000)
 Metaspace       used 14964K, capacity 15388K, committed 15616K, reserved 1062912K
  class space    used 1636K, capacity 1776K, committed 1792K, reserved 1048576K
}
Event: 82.676 GC heap before
{Heap before GC invocations=10 (full 1):
 PSYoungGen      total 122880K, used 122848K [0x00000000eb900000, 0x00000000f4300000, 0x0000000100000000)
  eden space 115200K, 100% used [0x00000000eb900000,0x00000000f2980000,0x00000000f2980000)
  from space 7680K, 99% used [0x00000000f3480000,0x00000000f3bf8110,0x00000000f3c00000)
  to   space 11264K, 0% used [0x00000000f2980000,0x00000000f2980000,0x00000000f3480000)
 ParOldGen       total 42496K, used 18571K [0x00000000c2a00000, 0x00000000c5380000, 0x00000000eb900000)
  object space 42496K, 43% used [0x00000000c2a00000,0x00000000c3c22f10,0x00000000c5380000)
 Metaspace       used 15021K, capacity 15550K, committed 15616K, reserved 1062912K
  class space    used 1640K, capacity 1781K, committed 1792K, reserved 1048576K

