# JRE version: Java(TM) SE Runtime Environment (8.0_201-b09) (build 1.8.0_201-b09)
# Java VM: Java HotSpot(TM) 64-Bit Server VM (25.201-b09 mixed mode linux-amd64 compressed oops)
Heap:
 PSYoungGen      total 274944K, used 23184K [0x00000000eb900000, 0x00000000fe480000, 0x0000000100000000)
  eden space 249344K, 0% used [0x00000000eb900000,0x00000000eb900000,0x00000000fac80000)
  from space 25600K, 90% used [0x00000000fb280000,0x00000000fc924010,0x00000000fcb80000)
  to   space 16384K, 0% used [0x00000000fd480000,0x00000000fd480000,0x00000000fe480000)
 ParOldGen       total 129024K, used 73390K [0x00000000c2a00000, 0x00000000ca800000, 0x00000000eb900000)
  object space 129024K, 56% used [0x00000000c2a00000,0x00000000c71ab860,0x00000000ca800000)
 Metaspace       used 23419K, capacity 24036K, committed 24192K, reserved 1071104K
  class space    used 2490K, capacity 2678K, committed 2688K, reserved 1048576K
GC Heap History (10 events):
Event: 39.492 GC heap after
Heap after GC invocations=17 (full 2):
 PSYoungGen      total 197120K, used 15840K [0x00000000eb900000, 0x00000000fb480000, 0x0000000100000000)
  eden space 181248K, 0% used [0x00000000eb900000,0x00000000eb900000,0x00000000f6a00000)
  from space 15872K, 99% used [0x00000000f6a00000,0x00000000f7978010,0x00000000f7980000)
  to   space 18944K, 0% used [0x00000000fa200000,0x00000000fa200000,0x00000000fb480000)
 ParOldGen       total 73728K, used 41096K [0x00000000c2a00000, 0x00000000c7200000, 0x00000000eb900000)
  object space 73728K, 55% used [0x00000000c2a00000,0x00000000c5222058,0x00000000c7200000)
 Metaspace       used 23042K, capacity 23744K, committed 23936K, reserved 1071104K
  class space    used 2484K, capacity 2672K, committed 2688K, reserved 1048576K
}
Event: 43.202 GC heap before
{Heap before GC invocations=18 (full 2):
 PSYoungGen      total 197120K, used 197088K [0x00000000eb900000, 0x00000000fb480000, 0x0000000100000000)
  eden space 181248K, 100% used [0x00000000eb900000,0x00000000f6a00000,0x00000000f6a00000)
  from space 15872K, 99% used [0x00000000f6a00000,0x00000000f7978010,0x00000000f7980000)
  to   space 18944K, 0% used [0x00000000fa200000,0x00000000fa200000,0x00000000fb480000)
 ParOldGen       total 73728K, used 41096K [0x00000000c2a00000, 0x00000000c7200000, 0x00000000eb900000)
  object space 73728K, 55% used [0x00000000c2a00000,0x00000000c5222058,0x00000000c7200000)
 Metaspace       used 23092K, capacity 23762K, committed 23936K, reserved 1071104K
  class space    used 2487K, capacity 2675K, committed 2688K, reserved 1048576K
Event: 43.300 GC heap after
Heap after GC invocations=18 (full 2):
 PSYoungGen      total 231936K, used 18944K [0x00000000eb900000, 0x00000000fc300000, 0x0000000100000000)
  eden space 212992K, 0% used [0x00000000eb900000,0x00000000eb900000,0x00000000f8900000)
  from space 18944K, 100% used [0x00000000fa200000,0x00000000fb480000,0x00000000fb480000)
  to   space 25600K, 0% used [0x00000000f8900000,0x00000000f8900000,0x00000000fa200000)
 ParOldGen       total 73728K, used 51254K [0x00000000c2a00000, 0x00000000c7200000, 0x00000000eb900000)
  object space 73728K, 69% used [0x00000000c2a00000,0x00000000c5c0d930,0x00000000c7200000)
 Metaspace       used 23092K, capacity 23762K, committed 23936K, reserved 1071104K
  class space    used 2487K, capacity 2675K, committed 2688K, reserved 1048576K
}
Event: 47.220 GC heap before
{Heap before GC invocations=19 (full 2):
 PSYoungGen      total 231936K, used 231936K [0x00000000eb900000, 0x00000000fc300000, 0x0000000100000000)
  eden space 212992K, 100% used [0x00000000eb900000,0x00000000f8900000,0x00000000f8900000)
  from space 18944K, 100% used [0x00000000fa200000,0x00000000fb480000,0x00000000fb480000)
  to   space 25600K, 0% used [0x00000000f8900000,0x00000000f8900000,0x00000000fa200000)
 ParOldGen       total 73728K, used 51254K [0x00000000c2a00000, 0x00000000c7200000, 0x00000000eb900000)
  object space 73728K, 69% used [0x00000000c2a00000,0x00000000c5c0d930,0x00000000c7200000)
 Metaspace       used 23149K, capacity 23826K, committed 23936K, reserved 1071104K
  class space    used 2487K, capacity 2675K, committed 2688K, reserved 1048576K
Event: 47.364 GC heap after
Heap after GC invocations=19 (full 2):
 PSYoungGen      total 238592K, used 12960K [0x00000000eb900000, 0x00000000fed00000, 0x0000000100000000)
  eden space 212992K, 0% used [0x00000000eb900000,0x00000000eb900000,0x00000000f8900000)
  from space 25600K, 50% used [0x00000000f8900000,0x00000000f95a8000,0x00000000fa200000)
  to   space 25088K, 0% used [0x00000000fd480000,0x00000000fd480000,0x00000000fed00000)
 ParOldGen       total 73728K, used 68736K [0x00000000c2a00000, 0x00000000c7200000, 0x00000000eb900000)
  object space 73728K, 93% used [0x00000000c2a00000,0x00000000c6d203d0,0x00000000c7200000)
 Metaspace       used 23149K, capacity 23826K, committed 23936K, reserved 1071104K
  class space    used 2487K, capacity 2675K, committed 2688K, reserved 1048576K
}
Event: 47.364 GC heap before
{Heap before GC invocations=20 (full 3):
 PSYoungGen      total 238592K, used 12960K [0x00000000eb900000, 0x00000000fed00000, 0x0000000100000000)
  eden space 212992K, 0% used [0x00000000eb900000,0x00000000eb900000,0x00000000f8900000)
  from space 25600K, 50% used [0x00000000f8900000,0x00000000f95a8000,0x00000000fa200000)
  to   space 25088K, 0% used [0x00000000fd480000,0x00000000fd480000,0x00000000fed00000)
 ParOldGen       total 73728K, used 68736K [0x00000000c2a00000, 0x00000000c7200000, 0x00000000eb900000)
  object space 73728K, 93% used [0x00000000c2a00000,0x00000000c6d203d0,0x00000000c7200000)
 Metaspace       used 23149K, capacity 23826K, committed 23936K, reserved 1071104K
  class space    used 2487K, capacity 2675K, committed 2688K, reserved 1048576K
Event: 48.373 GC heap after
Heap after GC invocations=20 (full 3):
 PSYoungGen      total 238592K, used 4151K [0x00000000eb900000, 0x00000000fed00000, 0x0000000100000000)
  eden space 212992K, 0% used [0x00000000eb900000,0x00000000eb900000,0x00000000f8900000)
  from space 25600K, 16% used [0x00000000f8900000,0x00000000f8d0ded0,0x00000000fa200000)
  to   space 25088K, 0% used [0x00000000fd480000,0x00000000fd480000,0x00000000fed00000)
 ParOldGen       total 129024K, used 73374K [0x00000000c2a00000, 0x00000000ca800000, 0x00000000eb900000)
  object space 129024K, 56% used [0x00000000c2a00000,0x00000000c71a7860,0x00000000ca800000)
 Metaspace       used 23149K, capacity 23826K, committed 23936K, reserved 1071104K
  class space    used 2487K, capacity 2675K, committed 2688K, reserved 1048576K
}
Event: 49.983 GC heap before
{Heap before GC invocations=21 (full 3):
 PSYoungGen      total 238592K, used 217143K [0x00000000eb900000, 0x00000000fed00000, 0x0000000100000000)
  eden space 212992K, 100% used [0x00000000eb900000,0x00000000f8900000,0x00000000f8900000)
  from space 25600K, 16% used [0x00000000f8900000,0x00000000f8d0ded0,0x00000000fa200000)
  to   space 25088K, 0% used [0x00000000fd480000,0x00000000fd480000,0x00000000fed00000)
 ParOldGen       total 129024K, used 73374K [0x00000000c2a00000, 0x00000000ca800000, 0x00000000eb900000)
  object space 129024K, 56% used [0x00000000c2a00000,0x00000000c71a7860,0x00000000ca800000)
 Metaspace       used 23373K, capacity 24036K, committed 24192K, reserved 1071104K
  class space    used 2490K, capacity 2678K, committed 2688K, reserved 1048576K
Event: 50.063 GC heap after
Heap after GC invocations=21 (full 3):
 PSYoungGen      total 265728K, used 16157K [0x00000000eb900000, 0x00000000fe480000, 0x0000000100000000)
  eden space 249344K, 0% used [0x00000000eb900000,0x00000000eb900000,0x00000000fac80000)
  from space 16384K, 98% used [0x00000000fd480000,0x00000000fe447708,0x00000000fe480000)
  to   space 25600K, 0% used [0x00000000fb280000,0x00000000fb280000,0x00000000fcb80000)
 ParOldGen       total 129024K, used 73382K [0x00000000c2a00000, 0x00000000ca800000, 0x00000000eb900000)
  object space 129024K, 56% used [0x00000000c2a00000,0x00000000c71a9860,0x00000000ca800000)
 Metaspace       used 23373K, capacity 24036K, committed 24192K, reserved 1071104K
  class space    used 2490K, capacity 2678K, committed 2688K, reserved 1048576K
}
Event: 54.591 GC heap before
{Heap before GC invocations=22 (full 3):
 PSYoungGen      total 265728K, used 265501K [0x00000000eb900000, 0x00000000fe480000, 0x0000000100000000)
  eden space 249344K, 100% used [0x00000000eb900000,0x00000000fac80000,0x00000000fac80000)
  from space 16384K, 98% used [0x00000000fd480000,0x00000000fe447708,0x00000000fe480000)
  to   space 25600K, 0% used [0x00000000fb280000,0x00000000fb280000,0x00000000fcb80000)
 ParOldGen       total 129024K, used 73382K [0x00000000c2a00000, 0x00000000ca800000, 0x00000000eb900000)
  object space 129024K, 56% used [0x00000000c2a00000,0x00000000c71a9860,0x00000000ca800000)
 Metaspace       used 23419K, capacity 24036K, committed 24192K, reserved 1071104K
  class space    used 2490K, capacity 2678K, committed 2688K, reserved 1048576K

