# JRE version: Java(TM) SE Runtime Environment (8.0_201-b09) (build 1.8.0_201-b09)
# Java VM: Java HotSpot(TM) 64-Bit Server VM (25.201-b09 mixed mode linux-amd64 compressed oops)
Heap:
 PSYoungGen      total 308224K, used 72123K [0x00000000eb900000, 0x0000000100000000, 0x0000000100000000)
  eden space 291840K, 19% used [0x00000000eb900000,0x00000000eefaeda8,0x00000000fd600000)
  from space 16384K, 98% used [0x00000000fd600000,0x00000000fe5c0000,0x00000000fe600000)
  to   space 23040K, 0% used [0x00000000fe980000,0x00000000fe980000,0x0000000100000000)
 ParOldGen       total 73728K, used 58963K [0x00000000c2a00000, 0x00000000c7200000, 0x00000000eb900000)
  object space 73728K, 79% used [0x00000000c2a00000,0x00000000c6394e18,0x00000000c7200000)
 Metaspace       used 24026K, capacity 24666K, committed 24832K, reserved 1071104K
  class space    used 2529K, capacity 2701K, committed 2816K, reserved 1048576K
GC Heap History (10 events):
Event: 52.950 GC heap before
{Heap before GC invocations=21 (full 2):
 PSYoungGen      total 317440K, used 310912K [0x00000000eb900000, 0x0000000100000000, 0x0000000100000000)
  eden space 301056K, 100% used [0x00000000eb900000,0x00000000fdf00000,0x00000000fdf00000)
  from space 16384K, 60% used [0x00000000ff000000,0x00000000ff9a0000,0x0000000100000000)
  to   space 16896K, 0% used [0x00000000fdf00000,0x00000000fdf00000,0x00000000fef80000)
 ParOldGen       total 73728K, used 58931K [0x00000000c2a00000, 0x00000000c7200000, 0x00000000eb900000)
  object space 73728K, 79% used [0x00000000c2a00000,0x00000000c638ce18,0x00000000c7200000)
 Metaspace       used 23950K, capacity 24596K, committed 24832K, reserved 1071104K
  class space    used 2528K, capacity 2700K, committed 2816K, reserved 1048576K
Event: 52.993 GC heap after
Heap after GC invocations=21 (full 2):
 PSYoungGen      total 313344K, used 12064K [0x00000000eb900000, 0x0000000100000000, 0x0000000100000000)
  eden space 301056K, 0% used [0x00000000eb900000,0x00000000eb900000,0x00000000fdf00000)
  from space 12288K, 98% used [0x00000000fdf00000,0x00000000feac8000,0x00000000feb00000)
  to   space 17408K, 0% used [0x00000000fef00000,0x00000000fef00000,0x0000000100000000)
 ParOldGen       total 73728K, used 58939K [0x00000000c2a00000, 0x00000000c7200000, 0x00000000eb900000)
  object space 73728K, 79% used [0x00000000c2a00000,0x00000000c638ee18,0x00000000c7200000)
 Metaspace       used 23950K, capacity 24596K, committed 24832K, reserved 1071104K
  class space    used 2528K, capacity 2700K, committed 2816K, reserved 1048576K
}
Event: 54.079 GC heap before
{Heap before GC invocations=22 (full 2):
 PSYoungGen      total 313344K, used 313120K [0x00000000eb900000, 0x0000000100000000, 0x0000000100000000)
  eden space 301056K, 100% used [0x00000000eb900000,0x00000000fdf00000,0x00000000fdf00000)
  from space 12288K, 98% used [0x00000000fdf00000,0x00000000feac8000,0x00000000feb00000)
  to   space 17408K, 0% used [0x00000000fef00000,0x00000000fef00000,0x0000000100000000)
 ParOldGen       total 73728K, used 58939K [0x00000000c2a00000, 0x00000000c7200000, 0x00000000eb900000)
  object space 73728K, 79% used [0x00000000c2a00000,0x00000000c638ee18,0x00000000c7200000)
 Metaspace       used 23967K, capacity 24596K, committed 24832K, reserved 1071104K
  class space    used 2528K, capacity 2700K, committed 2816K, reserved 1048576K
Event: 54.104 GC heap after
Heap after GC invocations=22 (full 2):
 PSYoungGen      total 314368K, used 14016K [0x00000000eb900000, 0x0000000100000000, 0x0000000100000000)
  eden space 296960K, 0% used [0x00000000eb900000,0x00000000eb900000,0x00000000fdb00000)
  from space 17408K, 80% used [0x00000000fef00000,0x00000000ffcb0000,0x0000000100000000)
  to   space 18944K, 0% used [0x00000000fdb00000,0x00000000fdb00000,0x00000000fed80000)
 ParOldGen       total 73728K, used 58947K [0x00000000c2a00000, 0x00000000c7200000, 0x00000000eb900000)
  object space 73728K, 79% used [0x00000000c2a00000,0x00000000c6390e18,0x00000000c7200000)
 Metaspace       used 23967K, capacity 24596K, committed 24832K, reserved 1071104K
  class space    used 2528K, capacity 2700K, committed 2816K, reserved 1048576K
}
Event: 55.329 GC heap before
{Heap before GC invocations=23 (full 2):
 PSYoungGen      total 314368K, used 310976K [0x00000000eb900000, 0x0000000100000000, 0x0000000100000000)
  eden space 296960K, 100% used [0x00000000eb900000,0x00000000fdb00000,0x00000000fdb00000)
  from space 17408K, 80% used [0x00000000fef00000,0x00000000ffcb0000,0x0000000100000000)
  to   space 18944K, 0% used [0x00000000fdb00000,0x00000000fdb00000,0x00000000fed80000)
 ParOldGen       total 73728K, used 58947K [0x00000000c2a00000, 0x00000000c7200000, 0x00000000eb900000)
  object space 73728K, 79% used [0x00000000c2a00000,0x00000000c6390e18,0x00000000c7200000)
 Metaspace       used 24001K, capacity 24660K, committed 24832K, reserved 1071104K
  class space    used 2528K, capacity 2700K, committed 2816K, reserved 1048576K
Event: 55.358 GC heap after
Heap after GC invocations=23 (full 2):
 PSYoungGen      total 312320K, used 15008K [0x00000000eb900000, 0x0000000100000000, 0x0000000100000000)
  eden space 296960K, 0% used [0x00000000eb900000,0x00000000eb900000,0x00000000fdb00000)
  from space 15360K, 97% used [0x00000000fdb00000,0x00000000fe9a8000,0x00000000fea00000)
  to   space 20480K, 0% used [0x00000000fec00000,0x00000000fec00000,0x0000000100000000)
 ParOldGen       total 73728K, used 58955K [0x00000000c2a00000, 0x00000000c7200000, 0x00000000eb900000)
  object space 73728K, 79% used [0x00000000c2a00000,0x00000000c6392e18,0x00000000c7200000)
 Metaspace       used 24001K, capacity 24660K, committed 24832K, reserved 1071104K
  class space    used 2528K, capacity 2700K, committed 2816K, reserved 1048576K
}
Event: 56.503 GC heap before
{Heap before GC invocations=24 (full 2):
 PSYoungGen      total 312320K, used 311968K [0x00000000eb900000, 0x0000000100000000, 0x0000000100000000)
  eden space 296960K, 100% used [0x00000000eb900000,0x00000000fdb00000,0x00000000fdb00000)
  from space 15360K, 97% used [0x00000000fdb00000,0x00000000fe9a8000,0x00000000fea00000)
  to   space 20480K, 0% used [0x00000000fec00000,0x00000000fec00000,0x0000000100000000)
 ParOldGen       total 73728K, used 58955K [0x00000000c2a00000, 0x00000000c7200000, 0x00000000eb900000)
  object space 73728K, 79% used [0x00000000c2a00000,0x00000000c6392e18,0x00000000c7200000)
 Metaspace       used 24002K, capacity 24660K, committed 24832K, reserved 1071104K
  class space    used 2528K, capacity 2700K, committed 2816K, reserved 1048576K
Event: 56.564 GC heap after
Heap after GC invocations=24 (full 2):
 PSYoungGen      total 312320K, used 14976K [0x00000000eb900000, 0x0000000100000000, 0x0000000100000000)
  eden space 291840K, 0% used [0x00000000eb900000,0x00000000eb900000,0x00000000fd600000)
  from space 20480K, 73% used [0x00000000fec00000,0x00000000ffaa0000,0x0000000100000000)
  to   space 21504K, 0% used [0x00000000fd600000,0x00000000fd600000,0x00000000feb00000)
 ParOldGen       total 73728K, used 58963K [0x00000000c2a00000, 0x00000000c7200000, 0x00000000eb900000)
  object space 73728K, 79% used [0x00000000c2a00000,0x00000000c6394e18,0x00000000c7200000)
 Metaspace       used 24002K, capacity 24660K, committed 24832K, reserved 1071104K
  class space    used 2528K, capacity 2700K, committed 2816K, reserved 1048576K
}
Event: 58.026 GC heap before
{Heap before GC invocations=25 (full 2):
 PSYoungGen      total 312320K, used 306816K [0x00000000eb900000, 0x0000000100000000, 0x0000000100000000)
  eden space 291840K, 100% used [0x00000000eb900000,0x00000000fd600000,0x00000000fd600000)
  from space 20480K, 73% used [0x00000000fec00000,0x00000000ffaa0000,0x0000000100000000)
  to   space 21504K, 0% used [0x00000000fd600000,0x00000000fd600000,0x00000000feb00000)
 ParOldGen       total 73728K, used 58963K [0x00000000c2a00000, 0x00000000c7200000, 0x00000000eb900000)
  object space 73728K, 79% used [0x00000000c2a00000,0x00000000c6394e18,0x00000000c7200000)
 Metaspace       used 24026K, capacity 24666K, committed 24832K, reserved 1071104K
  class space    used 2529K, capacity 2701K, committed 2816K, reserved 1048576K
Event: 58.068 GC heap after
Heap after GC invocations=25 (full 2):
 PSYoungGen      total 308224K, used 16128K [0x00000000eb900000, 0x0000000100000000, 0x0000000100000000)
  eden space 291840K, 0% used [0x00000000eb900000,0x00000000eb900000,0x00000000fd600000)
  from space 16384K, 98% used [0x00000000fd600000,0x00000000fe5c0000,0x00000000fe600000)
  to   space 23040K, 0% used [0x00000000fe980000,0x00000000fe980000,0x0000000100000000)
 ParOldGen       total 73728K, used 58963K [0x00000000c2a00000, 0x00000000c7200000, 0x00000000eb900000)
  object space 73728K, 79% used [0x00000000c2a00000,0x00000000c6394e18,0x00000000c7200000)
 Metaspace       used 24026K, capacity 24666K, committed 24832K, reserved 1071104K
  class space    used 2529K, capacity 2701K, committed 2816K, reserved 1048576K
}

