# JRE version: Java(TM) SE Runtime Environment (8.0_201-b09) (build 1.8.0_201-b09)
# Java VM: Java HotSpot(TM) 64-Bit Server VM (25.201-b09 mixed mode linux-amd64 compressed oops)
Heap:
 PSYoungGen      total 245760K, used 18934K [0x00000000eb900000, 0x00000000fe200000, 0x0000000100000000)
  eden space 226816K, 0% used [0x00000000eb900000,0x00000000eb900000,0x00000000f9680000)
  from space 18944K, 99% used [0x00000000f9680000,0x00000000fa8fd850,0x00000000fa900000)
  to   space 18944K, 0% used [0x00000000fa900000,0x00000000fa900000,0x00000000fbb80000)
 ParOldGen       total 73728K, used 47047K [0x00000000c2a00000, 0x00000000c7200000, 0x00000000eb900000)
  object space 73728K, 63% used [0x00000000c2a00000,0x00000000c57f1ff0,0x00000000c7200000)
 Metaspace       used 23175K, capacity 23836K, committed 23936K, reserved 1071104K
  class space    used 2473K, capacity 2666K, committed 2688K, reserved 1048576K
GC Heap History (10 events):
Event: 12.488 GC heap after
Heap after GC invocations=10 (full 1):
 PSYoungGen      total 127488K, used 9200K [0x00000000eb900000, 0x00000000fc200000, 0x0000000100000000)
  eden space 118272K, 0% used [0x00000000eb900000,0x00000000eb900000,0x00000000f2c80000)
  from space 9216K, 99% used [0x00000000f2c80000,0x00000000f357c160,0x00000000f3580000)
  to   space 17408K, 0% used [0x00000000fb100000,0x00000000fb100000,0x00000000fc200000)
 ParOldGen       total 42496K, used 31890K [0x00000000c2a00000, 0x00000000c5380000, 0x00000000eb900000)
  object space 42496K, 75% used [0x00000000c2a00000,0x00000000c4924848,0x00000000c5380000)
 Metaspace       used 19059K, capacity 19322K, committed 19712K, reserved 1067008K
  class space    used 2135K, capacity 2226K, committed 2304K, reserved 1048576K
}
Event: 16.020 GC heap before
{Heap before GC invocations=11 (full 1):
 PSYoungGen      total 127488K, used 115000K [0x00000000eb900000, 0x00000000fc200000, 0x0000000100000000)
  eden space 118272K, 89% used [0x00000000eb900000,0x00000000f2051f58,0x00000000f2c80000)
  from space 9216K, 99% used [0x00000000f2c80000,0x00000000f357c160,0x00000000f3580000)
  to   space 17408K, 0% used [0x00000000fb100000,0x00000000fb100000,0x00000000fc200000)
 ParOldGen       total 42496K, used 31890K [0x00000000c2a00000, 0x00000000c5380000, 0x00000000eb900000)
  object space 42496K, 75% used [0x00000000c2a00000,0x00000000c4924848,0x00000000c5380000)
 Metaspace       used 20714K, capacity 21086K, committed 21248K, reserved 1069056K
  class space    used 2285K, capacity 2435K, committed 2560K, reserved 1048576K
Event: 16.124 GC heap after
Heap after GC invocations=11 (full 1):
 PSYoungGen      total 205312K, used 15734K [0x00000000eb900000, 0x00000000fc080000, 0x0000000100000000)
  eden space 189440K, 0% used [0x00000000eb900000,0x00000000eb900000,0x00000000f7200000)
  from space 15872K, 99% used [0x00000000fb100000,0x00000000fc05dad0,0x00000000fc080000)
  to   space 19456K, 0% used [0x00000000f9a80000,0x00000000f9a80000,0x00000000fad80000)
 ParOldGen       total 42496K, used 34634K [0x00000000c2a00000, 0x00000000c5380000, 0x00000000eb900000)
  object space 42496K, 81% used [0x00000000c2a00000,0x00000000c4bd2858,0x00000000c5380000)
 Metaspace       used 20714K, capacity 21086K, committed 21248K, reserved 1069056K
  class space    used 2285K, capacity 2435K, committed 2560K, reserved 1048576K
}
Event: 16.124 GC heap before
{Heap before GC invocations=12 (full 2):
 PSYoungGen      total 205312K, used 15734K [0x00000000eb900000, 0x00000000fc080000, 0x0000000100000000)
  eden space 189440K, 0% used [0x00000000eb900000,0x00000000eb900000,0x00000000f7200000)
  from space 15872K, 99% used [0x00000000fb100000,0x00000000fc05dad0,0x00000000fc080000)
  to   space 19456K, 0% used [0x00000000f9a80000,0x00000000f9a80000,0x00000000fad80000)
 ParOldGen       total 42496K, used 34634K [0x00000000c2a00000, 0x00000000c5380000, 0x00000000eb900000)
  object space 42496K, 81% used [0x00000000c2a00000,0x00000000c4bd2858,0x00000000c5380000)
 Metaspace       used 20714K, capacity 21086K, committed 21248K, reserved 1069056K
  class space    used 2285K, capacity 2435K, committed 2560K, reserved 1048576K
Event: 16.783 GC heap after
Heap after GC invocations=12 (full 2):
 PSYoungGen      total 205312K, used 0K [0x00000000eb900000, 0x00000000fc080000, 0x0000000100000000)
  eden space 189440K, 0% used [0x00000000eb900000,0x00000000eb900000,0x00000000f7200000)
  from space 15872K, 0% used [0x00000000fb100000,0x00000000fb100000,0x00000000fc080000)
  to   space 19456K, 0% used [0x00000000f9a80000,0x00000000f9a80000,0x00000000fad80000)
 ParOldGen       total 73728K, used 38772K [0x00000000c2a00000, 0x00000000c7200000, 0x00000000eb900000)
  object space 73728K, 52% used [0x00000000c2a00000,0x00000000c4fdd2e8,0x00000000c7200000)
 Metaspace       used 20714K, capacity 21086K, committed 21248K, reserved 1069056K
  class space    used 2285K, capacity 2435K, committed 2560K, reserved 1048576K
}
Event: 21.534 GC heap before
{Heap before GC invocations=13 (full 2):
 PSYoungGen      total 205312K, used 189440K [0x00000000eb900000, 0x00000000fc080000, 0x0000000100000000)
  eden space 189440K, 100% used [0x00000000eb900000,0x00000000f7200000,0x00000000f7200000)
  from space 15872K, 0% used [0x00000000fb100000,0x00000000fb100000,0x00000000fc080000)
  to   space 19456K, 0% used [0x00000000f9a80000,0x00000000f9a80000,0x00000000fad80000)
 ParOldGen       total 73728K, used 38772K [0x00000000c2a00000, 0x00000000c7200000, 0x00000000eb900000)
  object space 73728K, 52% used [0x00000000c2a00000,0x00000000c4fdd2e8,0x00000000c7200000)
 Metaspace       used 22169K, capacity 22626K, committed 22784K, reserved 1069056K
  class space    used 2404K, capacity 2541K, committed 2560K, reserved 1048576K
Event: 21.552 GC heap after
Heap after GC invocations=13 (full 2):
 PSYoungGen      total 231936K, used 4820K [0x00000000eb900000, 0x00000000fbb80000, 0x0000000100000000)
  eden space 226816K, 0% used [0x00000000eb900000,0x00000000eb900000,0x00000000f9680000)
  from space 5120K, 94% used [0x00000000f9a80000,0x00000000f9f353f8,0x00000000f9f80000)
  to   space 18944K, 0% used [0x00000000fa900000,0x00000000fa900000,0x00000000fbb80000)
 ParOldGen       total 73728K, used 38780K [0x00000000c2a00000, 0x00000000c7200000, 0x00000000eb900000)
  object space 73728K, 52% used [0x00000000c2a00000,0x00000000c4fdf2e8,0x00000000c7200000)
 Metaspace       used 22169K, capacity 22626K, committed 22784K, reserved 1069056K
  class space    used 2404K, capacity 2541K, committed 2560K, reserved 1048576K
}
Event: 32.186 GC heap before
{Heap before GC invocations=14 (full 2):
 PSYoungGen      total 231936K, used 231636K [0x00000000eb900000, 0x00000000fbb80000, 0x0000000100000000)
  eden space 226816K, 100% used [0x00000000eb900000,0x00000000f9680000,0x00000000f9680000)
  from space 5120K, 94% used [0x00000000f9a80000,0x00000000f9f353f8,0x00000000f9f80000)
  to   space 18944K, 0% used [0x00000000fa900000,0x00000000fa900000,0x00000000fbb80000)
 ParOldGen       total 73728K, used 38780K [0x00000000c2a00000, 0x00000000c7200000, 0x00000000eb900000)
  object space 73728K, 52% used [0x00000000c2a00000,0x00000000c4fdf2e8,0x00000000c7200000)
 Metaspace       used 22909K, capacity 23594K, committed 23680K, reserved 1071104K
  class space    used 2469K, capacity 2631K, committed 2688K, reserved 1048576K
Event: 32.257 GC heap after
Heap after GC invocations=14 (full 2):
 PSYoungGen      total 245760K, used 11638K [0x00000000eb900000, 0x00000000fe200000, 0x0000000100000000)
  eden space 226816K, 0% used [0x00000000eb900000,0x00000000eb900000,0x00000000f9680000)
  from space 18944K, 61% used [0x00000000fa900000,0x00000000fb45d850,0x00000000fbb80000)
  to   space 18944K, 0% used [0x00000000f9680000,0x00000000f9680000,0x00000000fa900000)
 ParOldGen       total 73728K, used 38788K [0x00000000c2a00000, 0x00000000c7200000, 0x00000000eb900000)
  object space 73728K, 52% used [0x00000000c2a00000,0x00000000c4fe12e8,0x00000000c7200000)
 Metaspace       used 22909K, capacity 23594K, committed 23680K, reserved 1071104K
  class space    used 2469K, capacity 2631K, committed 2688K, reserved 1048576K
}
Event: 37.328 GC heap before
{Heap before GC invocations=15 (full 2):
 PSYoungGen      total 245760K, used 238454K [0x00000000eb900000, 0x00000000fe200000, 0x0000000100000000)
  eden space 226816K, 100% used [0x00000000eb900000,0x00000000f9680000,0x00000000f9680000)
  from space 18944K, 61% used [0x00000000fa900000,0x00000000fb45d850,0x00000000fbb80000)
  to   space 18944K, 0% used [0x00000000f9680000,0x00000000f9680000,0x00000000fa900000)
 ParOldGen       total 73728K, used 38788K [0x00000000c2a00000, 0x00000000c7200000, 0x00000000eb900000)
  object space 73728K, 52% used [0x00000000c2a00000,0x00000000c4fe12e8,0x00000000c7200000)
 Metaspace       used 23175K, capacity 23836K, committed 23936K, reserved 1071104K
  class space    used 2473K, capacity 2666K, committed 2688K, reserved 1048576K

