# JRE version: Java(TM) SE Runtime Environment (8.0_201-b09) (build 1.8.0_201-b09)
# Java VM: Java HotSpot(TM) 64-Bit Server VM (25.201-b09 mixed mode linux-amd64 compressed oops)
Heap:
 PSYoungGen      total 169472K, used 26150K [0x00000000eb900000, 0x00000000ffd00000, 0x0000000100000000)
  eden space 111616K, 0% used [0x00000000eb900000,0x00000000eb900000,0x00000000f2600000)
  from space 57856K, 45% used [0x00000000f2600000,0x00000000f3f898a0,0x00000000f5e80000)
  to   space 110080K, 0% used [0x00000000f9180000,0x00000000f9180000,0x00000000ffd00000)
 ParOldGen       total 186368K, used 186288K [0x00000000c2a00000, 0x00000000ce000000, 0x00000000eb900000)
  object space 186368K, 99% used [0x00000000c2a00000,0x00000000cdfec108,0x00000000ce000000)
 Metaspace       used 35658K, capacity 36772K, committed 37120K, reserved 1081344K
  class space    used 3971K, capacity 4264K, committed 4352K, reserved 1048576K
GC Heap History (10 events):
Event: 142.811 GC heap after
Heap after GC invocations=59 (full 4):
 PSYoungGen      total 207872K, used 85940K [0x00000000eb900000, 0x0000000100000000, 0x0000000100000000)
  eden space 121856K, 0% used [0x00000000eb900000,0x00000000eb900000,0x00000000f3000000)
  from space 86016K, 99% used [0x00000000f3000000,0x00000000f83ed020,0x00000000f8400000)
  to   space 111616K, 0% used [0x00000000f9300000,0x00000000f9300000,0x0000000100000000)
 ParOldGen       total 186368K, used 127141K [0x00000000c2a00000, 0x00000000ce000000, 0x00000000eb900000)
  object space 186368K, 68% used [0x00000000c2a00000,0x00000000ca629698,0x00000000ce000000)
 Metaspace       used 29168K, capacity 30328K, committed 30592K, reserved 1077248K
  class space    used 3327K, capacity 3590K, committed 3712K, reserved 1048576K
}
Event: 145.386 GC heap before
{Heap before GC invocations=60 (full 4):
 PSYoungGen      total 207872K, used 207796K [0x00000000eb900000, 0x0000000100000000, 0x0000000100000000)
  eden space 121856K, 100% used [0x00000000eb900000,0x00000000f3000000,0x00000000f3000000)
  from space 86016K, 99% used [0x00000000f3000000,0x00000000f83ed020,0x00000000f8400000)
  to   space 111616K, 0% used [0x00000000f9300000,0x00000000f9300000,0x0000000100000000)
 ParOldGen       total 186368K, used 127141K [0x00000000c2a00000, 0x00000000ce000000, 0x00000000eb900000)
  object space 186368K, 68% used [0x00000000c2a00000,0x00000000ca629698,0x00000000ce000000)
 Metaspace       used 34700K, capacity 35800K, committed 36096K, reserved 1081344K
  class space    used 3968K, capacity 4262K, committed 4352K, reserved 1048576K
Event: 145.580 GC heap after
Heap after GC invocations=60 (full 4):
 PSYoungGen      total 223232K, used 77010K [0x00000000eb900000, 0x0000000100000000, 0x0000000100000000)
  eden space 111616K, 0% used [0x00000000eb900000,0x00000000eb900000,0x00000000f2600000)
  from space 111616K, 68% used [0x00000000f9300000,0x00000000fde34a20,0x0000000100000000)
  to   space 111616K, 0% used [0x00000000f2600000,0x00000000f2600000,0x00000000f9300000)
 ParOldGen       total 186368K, used 136790K [0x00000000c2a00000, 0x00000000ce000000, 0x00000000eb900000)
  object space 186368K, 73% used [0x00000000c2a00000,0x00000000caf958e8,0x00000000ce000000)
 Metaspace       used 34700K, capacity 35800K, committed 36096K, reserved 1081344K
  class space    used 3968K, capacity 4262K, committed 4352K, reserved 1048576K
}
Event: 147.939 GC heap before
{Heap before GC invocations=61 (full 4):
 PSYoungGen      total 223232K, used 188626K [0x00000000eb900000, 0x0000000100000000, 0x0000000100000000)
  eden space 111616K, 100% used [0x00000000eb900000,0x00000000f2600000,0x00000000f2600000)
  from space 111616K, 68% used [0x00000000f9300000,0x00000000fde34a20,0x0000000100000000)
  to   space 111616K, 0% used [0x00000000f2600000,0x00000000f2600000,0x00000000f9300000)
 ParOldGen       total 186368K, used 136790K [0x00000000c2a00000, 0x00000000ce000000, 0x00000000eb900000)
  object space 186368K, 73% used [0x00000000c2a00000,0x00000000caf958e8,0x00000000ce000000)
 Metaspace       used 35315K, capacity 36452K, committed 36608K, reserved 1081344K
  class space    used 3970K, capacity 4264K, committed 4352K, reserved 1048576K
Event: 148.168 GC heap after
Heap after GC invocations=61 (full 4):
 PSYoungGen      total 223232K, used 68191K [0x00000000eb900000, 0x0000000100000000, 0x0000000100000000)
  eden space 111616K, 0% used [0x00000000eb900000,0x00000000eb900000,0x00000000f2600000)
  from space 111616K, 61% used [0x00000000f2600000,0x00000000f6897c58,0x00000000f9300000)
  to   space 111616K, 0% used [0x00000000f9300000,0x00000000f9300000,0x0000000100000000)
 ParOldGen       total 186368K, used 154343K [0x00000000c2a00000, 0x00000000ce000000, 0x00000000eb900000)
  object space 186368K, 82% used [0x00000000c2a00000,0x00000000cc0b9d18,0x00000000ce000000)
 Metaspace       used 35315K, capacity 36452K, committed 36608K, reserved 1081344K
  class space    used 3970K, capacity 4264K, committed 4352K, reserved 1048576K
}
Event: 149.859 GC heap before
{Heap before GC invocations=62 (full 4):
 PSYoungGen      total 223232K, used 179807K [0x00000000eb900000, 0x0000000100000000, 0x0000000100000000)
  eden space 111616K, 100% used [0x00000000eb900000,0x00000000f2600000,0x00000000f2600000)
  from space 111616K, 61% used [0x00000000f2600000,0x00000000f6897c58,0x00000000f9300000)
  to   space 111616K, 0% used [0x00000000f9300000,0x00000000f9300000,0x0000000100000000)
 ParOldGen       total 186368K, used 154343K [0x00000000c2a00000, 0x00000000ce000000, 0x00000000eb900000)
  object space 186368K, 82% used [0x00000000c2a00000,0x00000000cc0b9d18,0x00000000ce000000)
 Metaspace       used 35487K, capacity 36644K, committed 36864K, reserved 1081344K
  class space    used 3971K, capacity 4264K, committed 4352K, reserved 1048576K
Event: 150.038 GC heap after
Heap after GC invocations=62 (full 4):
 PSYoungGen      total 223232K, used 62100K [0x00000000eb900000, 0x0000000100000000, 0x0000000100000000)
  eden space 111616K, 0% used [0x00000000eb900000,0x00000000eb900000,0x00000000f2600000)
  from space 111616K, 55% used [0x00000000f9300000,0x00000000fcfa52a8,0x0000000100000000)
  to   space 111616K, 0% used [0x00000000f2600000,0x00000000f2600000,0x00000000f9300000)
 ParOldGen       total 186368K, used 166847K [0x00000000c2a00000, 0x00000000ce000000, 0x00000000eb900000)
  object space 186368K, 89% used [0x00000000c2a00000,0x00000000cccefdb8,0x00000000ce000000)
 Metaspace       used 35487K, capacity 36644K, committed 36864K, reserved 1081344K
  class space    used 3971K, capacity 4264K, committed 4352K, reserved 1048576K
}
Event: 151.751 GC heap before
{Heap before GC invocations=63 (full 4):
 PSYoungGen      total 223232K, used 173716K [0x00000000eb900000, 0x0000000100000000, 0x0000000100000000)
  eden space 111616K, 100% used [0x00000000eb900000,0x00000000f2600000,0x00000000f2600000)
  from space 111616K, 55% used [0x00000000f9300000,0x00000000fcfa52a8,0x0000000100000000)
  to   space 111616K, 0% used [0x00000000f2600000,0x00000000f2600000,0x00000000f9300000)
 ParOldGen       total 186368K, used 166847K [0x00000000c2a00000, 0x00000000ce000000, 0x00000000eb900000)
  object space 186368K, 89% used [0x00000000c2a00000,0x00000000cccefdb8,0x00000000ce000000)
 Metaspace       used 35658K, capacity 36772K, committed 37120K, reserved 1081344K
  class space    used 3971K, capacity 4264K, committed 4352K, reserved 1048576K
Event: 151.935 GC heap after
Heap after GC invocations=63 (full 4):
 PSYoungGen      total 169472K, used 57641K [0x00000000eb900000, 0x00000000ffd00000, 0x0000000100000000)
  eden space 111616K, 0% used [0x00000000eb900000,0x00000000eb900000,0x00000000f2600000)
  from space 57856K, 99% used [0x00000000f2600000,0x00000000f5e4a488,0x00000000f5e80000)
  to   space 110080K, 0% used [0x00000000f9180000,0x00000000f9180000,0x00000000ffd00000)
 ParOldGen       total 186368K, used 178548K [0x00000000c2a00000, 0x00000000ce000000, 0x00000000eb900000)
  object space 186368K, 95% used [0x00000000c2a00000,0x00000000cd85d278,0x00000000ce000000)
 Metaspace       used 35658K, capacity 36772K, committed 37120K, reserved 1081344K
  class space    used 3971K, capacity 4264K, committed 4352K, reserved 1048576K
}
Event: 151.954 GC heap before
{Heap before GC invocations=64 (full 5):
 PSYoungGen      total 169472K, used 57641K [0x00000000eb900000, 0x00000000ffd00000, 0x0000000100000000)
  eden space 111616K, 0% used [0x00000000eb900000,0x00000000eb900000,0x00000000f2600000)
  from space 57856K, 99% used [0x00000000f2600000,0x00000000f5e4a488,0x00000000f5e80000)
  to   space 110080K, 0% used [0x00000000f9180000,0x00000000f9180000,0x00000000ffd00000)
 ParOldGen       total 186368K, used 178548K [0x00000000c2a00000, 0x00000000ce000000, 0x00000000eb900000)
  object space 186368K, 95% used [0x00000000c2a00000,0x00000000cd85d278,0x00000000ce000000)
 Metaspace       used 35658K, capacity 36772K, committed 37120K, reserved 1081344K
  class space    used 3971K, capacity 4264K, committed 4352K, reserved 1048576K

