# JRE version: Java(TM) SE Runtime Environment (8.0_201-b09) (build 1.8.0_201-b09)
# Java VM: Java HotSpot(TM) 64-Bit Server VM (25.201-b09 mixed mode linux-amd64 compressed oops)
Heap:
 PSYoungGen      total 64512K, used 6128K [0x00000000eb900000, 0x00000000eff00000, 0x0000000100000000)
  eden space 58368K, 0% used [0x00000000eb900000,0x00000000eb900000,0x00000000ef200000)
  from space 6144K, 99% used [0x00000000ef200000,0x00000000ef7fc010,0x00000000ef800000)
  to   space 5120K, 0% used [0x00000000ef800000,0x00000000ef800000,0x00000000efd00000)
 ParOldGen       total 42496K, used 10307K [0x00000000c2a00000, 0x00000000c5380000, 0x00000000eb900000)
  object space 42496K, 24% used [0x00000000c2a00000,0x00000000c3410f50,0x00000000c5380000)
 Metaspace       used 14256K, capacity 14676K, committed 14848K, reserved 1062912K
  class space    used 1606K, capacity 1720K, committed 1792K, reserved 1048576K
GC Heap History (10 events):
Event: 99.045 GC heap after
Heap after GC invocations=5 (full 1):
 PSYoungGen      total 18432K, used 2552K [0x00000000eb900000, 0x00000000ecd80000, 0x0000000100000000)
  eden space 15872K, 0% used [0x00000000eb900000,0x00000000eb900000,0x00000000ec880000)
  from space 2560K, 99% used [0x00000000ecb00000,0x00000000ecd7e040,0x00000000ecd80000)
  to   space 2560K, 0% used [0x00000000ec880000,0x00000000ec880000,0x00000000ecb00000)
 ParOldGen       total 42496K, used 4329K [0x00000000c2a00000, 0x00000000c5380000, 0x00000000eb900000)
  object space 42496K, 10% used [0x00000000c2a00000,0x00000000c2e3a460,0x00000000c5380000)
 Metaspace       used 13925K, capacity 14356K, committed 14592K, reserved 1062912K
  class space    used 1605K, capacity 1720K, committed 1792K, reserved 1048576K
}
Event: 99.461 GC heap before
{Heap before GC invocations=6 (full 1):
 PSYoungGen      total 18432K, used 18424K [0x00000000eb900000, 0x00000000ecd80000, 0x0000000100000000)
  eden space 15872K, 100% used [0x00000000eb900000,0x00000000ec880000,0x00000000ec880000)
  from space 2560K, 99% used [0x00000000ecb00000,0x00000000ecd7e040,0x00000000ecd80000)
  to   space 2560K, 0% used [0x00000000ec880000,0x00000000ec880000,0x00000000ecb00000)
 ParOldGen       total 42496K, used 4329K [0x00000000c2a00000, 0x00000000c5380000, 0x00000000eb900000)
  object space 42496K, 10% used [0x00000000c2a00000,0x00000000c2e3a460,0x00000000c5380000)
 Metaspace       used 14039K, capacity 14420K, committed 14592K, reserved 1062912K
  class space    used 1605K, capacity 1720K, committed 1792K, reserved 1048576K
Event: 99.486 GC heap after
Heap after GC invocations=6 (full 1):
 PSYoungGen      total 18432K, used 2556K [0x00000000eb900000, 0x00000000edd00000, 0x0000000100000000)
  eden space 15872K, 0% used [0x00000000eb900000,0x00000000eb900000,0x00000000ec880000)
  from space 2560K, 99% used [0x00000000ec880000,0x00000000ecaff020,0x00000000ecb00000)
  to   space 2560K, 0% used [0x00000000eda80000,0x00000000eda80000,0x00000000edd00000)
 ParOldGen       total 42496K, used 5612K [0x00000000c2a00000, 0x00000000c5380000, 0x00000000eb900000)
  object space 42496K, 13% used [0x00000000c2a00000,0x00000000c2f7b380,0x00000000c5380000)
 Metaspace       used 14039K, capacity 14420K, committed 14592K, reserved 1062912K
  class space    used 1605K, capacity 1720K, committed 1792K, reserved 1048576K
}
Event: 99.728 GC heap before
{Heap before GC invocations=7 (full 1):
 PSYoungGen      total 18432K, used 18428K [0x00000000eb900000, 0x00000000edd00000, 0x0000000100000000)
  eden space 15872K, 100% used [0x00000000eb900000,0x00000000ec880000,0x00000000ec880000)
  from space 2560K, 99% used [0x00000000ec880000,0x00000000ecaff020,0x00000000ecb00000)
  to   space 2560K, 0% used [0x00000000eda80000,0x00000000eda80000,0x00000000edd00000)
 ParOldGen       total 42496K, used 5612K [0x00000000c2a00000, 0x00000000c5380000, 0x00000000eb900000)
  object space 42496K, 13% used [0x00000000c2a00000,0x00000000c2f7b380,0x00000000c5380000)
 Metaspace       used 14081K, capacity 14484K, committed 14592K, reserved 1062912K
  class space    used 1605K, capacity 1720K, committed 1792K, reserved 1048576K
Event: 99.745 GC heap after
Heap after GC invocations=7 (full 1):
 PSYoungGen      total 32256K, used 2544K [0x00000000eb900000, 0x00000000ee100000, 0x0000000100000000)
  eden space 29696K, 0% used [0x00000000eb900000,0x00000000eb900000,0x00000000ed600000)
  from space 2560K, 99% used [0x00000000eda80000,0x00000000edcfc070,0x00000000edd00000)
  to   space 4608K, 0% used [0x00000000ed600000,0x00000000ed600000,0x00000000eda80000)
 ParOldGen       total 42496K, used 6899K [0x00000000c2a00000, 0x00000000c5380000, 0x00000000eb900000)
  object space 42496K, 16% used [0x00000000c2a00000,0x00000000c30bccd8,0x00000000c5380000)
 Metaspace       used 14081K, capacity 14484K, committed 14592K, reserved 1062912K
  class space    used 1605K, capacity 1720K, committed 1792K, reserved 1048576K
}
Event: 100.147 GC heap before
{Heap before GC invocations=8 (full 1):
 PSYoungGen      total 32256K, used 32240K [0x00000000eb900000, 0x00000000ee100000, 0x0000000100000000)
  eden space 29696K, 100% used [0x00000000eb900000,0x00000000ed600000,0x00000000ed600000)
  from space 2560K, 99% used [0x00000000eda80000,0x00000000edcfc070,0x00000000edd00000)
  to   space 4608K, 0% used [0x00000000ed600000,0x00000000ed600000,0x00000000eda80000)
 ParOldGen       total 42496K, used 6899K [0x00000000c2a00000, 0x00000000c5380000, 0x00000000eb900000)
  object space 42496K, 16% used [0x00000000c2a00000,0x00000000c30bccd8,0x00000000c5380000)
 Metaspace       used 14145K, capacity 14548K, committed 14848K, reserved 1062912K
  class space    used 1605K, capacity 1720K, committed 1792K, reserved 1048576K
Event: 100.166 GC heap after
Heap after GC invocations=8 (full 1):
 PSYoungGen      total 34304K, used 4416K [0x00000000eb900000, 0x00000000efd00000, 0x0000000100000000)
  eden space 29696K, 0% used [0x00000000eb900000,0x00000000eb900000,0x00000000ed600000)
  from space 4608K, 95% used [0x00000000ed600000,0x00000000eda50010,0x00000000eda80000)
  to   space 5120K, 0% used [0x00000000ef800000,0x00000000ef800000,0x00000000efd00000)
 ParOldGen       total 42496K, used 6907K [0x00000000c2a00000, 0x00000000c5380000, 0x00000000eb900000)
  object space 42496K, 16% used [0x00000000c2a00000,0x00000000c30becd8,0x00000000c5380000)
 Metaspace       used 14145K, capacity 14548K, committed 14848K, reserved 1062912K
  class space    used 1605K, capacity 1720K, committed 1792K, reserved 1048576K
}
Event: 100.563 GC heap before
{Heap before GC invocations=9 (full 1):
 PSYoungGen      total 34304K, used 34112K [0x00000000eb900000, 0x00000000efd00000, 0x0000000100000000)
  eden space 29696K, 100% used [0x00000000eb900000,0x00000000ed600000,0x00000000ed600000)
  from space 4608K, 95% used [0x00000000ed600000,0x00000000eda50010,0x00000000eda80000)
  to   space 5120K, 0% used [0x00000000ef800000,0x00000000ef800000,0x00000000efd00000)
 ParOldGen       total 42496K, used 6907K [0x00000000c2a00000, 0x00000000c5380000, 0x00000000eb900000)
  object space 42496K, 16% used [0x00000000c2a00000,0x00000000c30becd8,0x00000000c5380000)
 Metaspace       used 14206K, capacity 14676K, committed 14848K, reserved 1062912K
  class space    used 1605K, capacity 1720K, committed 1792K, reserved 1048576K
Event: 100.589 GC heap after
Heap after GC invocations=9 (full 1):
 PSYoungGen      total 63488K, used 5104K [0x00000000eb900000, 0x00000000eff00000, 0x0000000100000000)
  eden space 58368K, 0% used [0x00000000eb900000,0x00000000eb900000,0x00000000ef200000)
  from space 5120K, 99% used [0x00000000ef800000,0x00000000efcfc0b0,0x00000000efd00000)
  to   space 6144K, 0% used [0x00000000ef200000,0x00000000ef200000,0x00000000ef800000)
 ParOldGen       total 42496K, used 7891K [0x00000000c2a00000, 0x00000000c5380000, 0x00000000eb900000)
  object space 42496K, 18% used [0x00000000c2a00000,0x00000000c31b4c28,0x00000000c5380000)
 Metaspace       used 14206K, capacity 14676K, committed 14848K, reserved 1062912K
  class space    used 1605K, capacity 1720K, committed 1792K, reserved 1048576K
}
Event: 101.157 GC heap before
{Heap before GC invocations=10 (full 1):
 PSYoungGen      total 63488K, used 63472K [0x00000000eb900000, 0x00000000eff00000, 0x0000000100000000)
  eden space 58368K, 100% used [0x00000000eb900000,0x00000000ef200000,0x00000000ef200000)
  from space 5120K, 99% used [0x00000000ef800000,0x00000000efcfc0b0,0x00000000efd00000)
  to   space 6144K, 0% used [0x00000000ef200000,0x00000000ef200000,0x00000000ef800000)
 ParOldGen       total 42496K, used 7891K [0x00000000c2a00000, 0x00000000c5380000, 0x00000000eb900000)
  object space 42496K, 18% used [0x00000000c2a00000,0x00000000c31b4c28,0x00000000c5380000)
 Metaspace       used 14256K, capacity 14676K, committed 14848K, reserved 1062912K
  class space    used 1606K, capacity 1720K, committed 1792K, reserved 1048576K

