# JRE version: Java(TM) SE Runtime Environment (8.0_201-b09) (build 1.8.0_201-b09)
# Java VM: Java HotSpot(TM) 64-Bit Server VM (25.201-b09 mixed mode linux-amd64 compressed oops)
Heap:
 PSYoungGen      total 286208K, used 0K [0x00000000eb900000, 0x0000000100000000, 0x0000000100000000)
  eden space 250880K, 0% used [0x00000000eb900000,0x00000000eb900000,0x00000000fae00000)
  from space 35328K, 0% used [0x00000000fae00000,0x00000000fae00000,0x00000000fd080000)
  to   space 45568K, 0% used [0x00000000fd380000,0x00000000fd380000,0x0000000100000000)
 ParOldGen       total 230400K, used 119811K [0x00000000c2a00000, 0x00000000d0b00000, 0x00000000eb900000)
  object space 230400K, 52% used [0x00000000c2a00000,0x00000000c9f00d48,0x00000000d0b00000)
 Metaspace       used 39465K, capacity 40162K, committed 41408K, reserved 1085440K
  class space    used 4729K, capacity 4904K, committed 5120K, reserved 1048576K
GC Heap History (10 events):
Event: 124.569 GC heap before
{Heap before GC invocations=90 (full 6):
 PSYoungGen      total 287744K, used 265459K [0x00000000eb900000, 0x00000000ffc00000, 0x0000000100000000)
  eden space 247808K, 100% used [0x00000000eb900000,0x00000000fab00000,0x00000000fab00000)
  from space 39936K, 44% used [0x00000000fab00000,0x00000000fbc3ced8,0x00000000fd200000)
  to   space 38400K, 0% used [0x00000000fd680000,0x00000000fd680000,0x00000000ffc00000)
 ParOldGen       total 670720K, used 101930K [0x00000000c2a00000, 0x00000000eb900000, 0x00000000eb900000)
  object space 670720K, 15% used [0x00000000c2a00000,0x00000000c8d8aaf8,0x00000000eb900000)
 Metaspace       used 39347K, capacity 39942K, committed 41152K, reserved 1085440K
  class space    used 4720K, capacity 4888K, committed 5120K, reserved 1048576K
Event: 124.600 GC heap after
Heap after GC invocations=90 (full 6):
 PSYoungGen      total 293376K, used 17395K [0x00000000eb900000, 0x00000000ffb80000, 0x0000000100000000)
  eden space 255488K, 0% used [0x00000000eb900000,0x00000000eb900000,0x00000000fb280000)
  from space 37888K, 45% used [0x00000000fd680000,0x00000000fe77ced8,0x00000000ffb80000)
  to   space 36864K, 0% used [0x00000000fb280000,0x00000000fb280000,0x00000000fd680000)
 ParOldGen       total 670720K, used 101930K [0x00000000c2a00000, 0x00000000eb900000, 0x00000000eb900000)
  object space 670720K, 15% used [0x00000000c2a00000,0x00000000c8d8aaf8,0x00000000eb900000)
 Metaspace       used 39347K, capacity 39942K, committed 41152K, reserved 1085440K
  class space    used 4720K, capacity 4888K, committed 5120K, reserved 1048576K
}
Event: 126.432 GC heap before
{Heap before GC invocations=91 (full 6):
 PSYoungGen      total 293376K, used 272883K [0x00000000eb900000, 0x00000000ffb80000, 0x0000000100000000)
  eden space 255488K, 100% used [0x00000000eb900000,0x00000000fb280000,0x00000000fb280000)
  from space 37888K, 45% used [0x00000000fd680000,0x00000000fe77ced8,0x00000000ffb80000)
  to   space 36864K, 0% used [0x00000000fb280000,0x00000000fb280000,0x00000000fd680000)
 ParOldGen       total 670720K, used 101930K [0x00000000c2a00000, 0x00000000eb900000, 0x00000000eb900000)
  object space 670720K, 15% used [0x00000000c2a00000,0x00000000c8d8aaf8,0x00000000eb900000)
 Metaspace       used 39427K, capacity 40120K, committed 41408K, reserved 1085440K
  class space    used 4725K, capacity 4897K, committed 5120K, reserved 1048576K
Event: 126.467 GC heap after
Heap after GC invocations=91 (full 6):
 PSYoungGen      total 292352K, used 22518K [0x00000000eb900000, 0x00000000fff00000, 0x0000000100000000)
  eden space 255488K, 0% used [0x00000000eb900000,0x00000000eb900000,0x00000000fb280000)
  from space 36864K, 61% used [0x00000000fb280000,0x00000000fc87d880,0x00000000fd680000)
  to   space 36864K, 0% used [0x00000000fdb00000,0x00000000fdb00000,0x00000000fff00000)
 ParOldGen       total 670720K, used 101930K [0x00000000c2a00000, 0x00000000eb900000, 0x00000000eb900000)
  object space 670720K, 15% used [0x00000000c2a00000,0x00000000c8d8aaf8,0x00000000eb900000)
 Metaspace       used 39427K, capacity 40120K, committed 41408K, reserved 1085440K
  class space    used 4725K, capacity 4897K, committed 5120K, reserved 1048576K
}
Event: 128.172 GC heap before
{Heap before GC invocations=92 (full 6):
 PSYoungGen      total 292352K, used 235713K [0x00000000eb900000, 0x00000000fff00000, 0x0000000100000000)
  eden space 255488K, 83% used [0x00000000eb900000,0x00000000f8932e18,0x00000000fb280000)
  from space 36864K, 61% used [0x00000000fb280000,0x00000000fc87d880,0x00000000fd680000)
  to   space 36864K, 0% used [0x00000000fdb00000,0x00000000fdb00000,0x00000000fff00000)
 ParOldGen       total 670720K, used 101930K [0x00000000c2a00000, 0x00000000eb900000, 0x00000000eb900000)
  object space 670720K, 15% used [0x00000000c2a00000,0x00000000c8d8aaf8,0x00000000eb900000)
 Metaspace       used 39465K, capacity 40162K, committed 41408K, reserved 1085440K
  class space    used 4729K, capacity 4904K, committed 5120K, reserved 1048576K
Event: 128.265 GC heap after
Heap after GC invocations=92 (full 6):
 PSYoungGen      total 287744K, used 34918K [0x00000000eb900000, 0x0000000100000000, 0x0000000100000000)
  eden space 250880K, 0% used [0x00000000eb900000,0x00000000eb900000,0x00000000fae00000)
  from space 36864K, 94% used [0x00000000fdb00000,0x00000000ffd198d0,0x00000000fff00000)
  to   space 41984K, 0% used [0x00000000fae00000,0x00000000fae00000,0x00000000fd700000)
 ParOldGen       total 670720K, used 101938K [0x00000000c2a00000, 0x00000000eb900000, 0x00000000eb900000)
  object space 670720K, 15% used [0x00000000c2a00000,0x00000000c8d8caf8,0x00000000eb900000)
 Metaspace       used 39465K, capacity 40162K, committed 41408K, reserved 1085440K
  class space    used 4729K, capacity 4904K, committed 5120K, reserved 1048576K
}
Event: 128.265 GC heap before
{Heap before GC invocations=93 (full 6):
 PSYoungGen      total 287744K, used 34918K [0x00000000eb900000, 0x0000000100000000, 0x0000000100000000)
  eden space 250880K, 0% used [0x00000000eb900000,0x00000000eb900000,0x00000000fae00000)
  from space 36864K, 94% used [0x00000000fdb00000,0x00000000ffd198d0,0x00000000fff00000)
  to   space 41984K, 0% used [0x00000000fae00000,0x00000000fae00000,0x00000000fd700000)
 ParOldGen       total 670720K, used 101938K [0x00000000c2a00000, 0x00000000eb900000, 0x00000000eb900000)
  object space 670720K, 15% used [0x00000000c2a00000,0x00000000c8d8caf8,0x00000000eb900000)
 Metaspace       used 39465K, capacity 40162K, committed 41408K, reserved 1085440K
  class space    used 4729K, capacity 4904K, committed 5120K, reserved 1048576K
Event: 128.313 GC heap after
Heap after GC invocations=93 (full 6):
 PSYoungGen      total 286208K, used 34886K [0x00000000eb900000, 0x0000000100000000, 0x0000000100000000)
  eden space 250880K, 0% used [0x00000000eb900000,0x00000000eb900000,0x00000000fae00000)
  from space 35328K, 98% used [0x00000000fae00000,0x00000000fd0118d0,0x00000000fd080000)
  to   space 45568K, 0% used [0x00000000fd380000,0x00000000fd380000,0x0000000100000000)
 ParOldGen       total 670720K, used 101946K [0x00000000c2a00000, 0x00000000eb900000, 0x00000000eb900000)
  object space 670720K, 15% used [0x00000000c2a00000,0x00000000c8d8eaf8,0x00000000eb900000)
 Metaspace       used 39465K, capacity 40162K, committed 41408K, reserved 1085440K
  class space    used 4729K, capacity 4904K, committed 5120K, reserved 1048576K
}
Event: 128.313 GC heap before
{Heap before GC invocations=94 (full 7):
 PSYoungGen      total 286208K, used 34886K [0x00000000eb900000, 0x0000000100000000, 0x0000000100000000)
  eden space 250880K, 0% used [0x00000000eb900000,0x00000000eb900000,0x00000000fae00000)
  from space 35328K, 98% used [0x00000000fae00000,0x00000000fd0118d0,0x00000000fd080000)
  to   space 45568K, 0% used [0x00000000fd380000,0x00000000fd380000,0x0000000100000000)
 ParOldGen       total 670720K, used 101946K [0x00000000c2a00000, 0x00000000eb900000, 0x00000000eb900000)
  object space 670720K, 15% used [0x00000000c2a00000,0x00000000c8d8eaf8,0x00000000eb900000)
 Metaspace       used 39465K, capacity 40162K, committed 41408K, reserved 1085440K
  class space    used 4729K, capacity 4904K, committed 5120K, reserved 1048576K
Event: 128.846 GC heap after
Heap after GC invocations=94 (full 7):
 PSYoungGen      total 286208K, used 0K [0x00000000eb900000, 0x0000000100000000, 0x0000000100000000)
  eden space 250880K, 0% used [0x00000000eb900000,0x00000000eb900000,0x00000000fae00000)
  from space 35328K, 0% used [0x00000000fae00000,0x00000000fae00000,0x00000000fd080000)
  to   space 45568K, 0% used [0x00000000fd380000,0x00000000fd380000,0x0000000100000000)
 ParOldGen       total 230400K, used 119811K [0x00000000c2a00000, 0x00000000d0b00000, 0x00000000eb900000)
  object space 230400K, 52% used [0x00000000c2a00000,0x00000000c9f00d48,0x00000000d0b00000)
 Metaspace       used 39465K, capacity 40162K, committed 41408K, reserved 1085440K
  class space    used 4729K, capacity 4904K, committed 5120K, reserved 1048576K
}

