# JRE version: Java(TM) SE Runtime Environment (8.0_201-b09) (build 1.8.0_201-b09)
# Java VM: Java HotSpot(TM) 64-Bit Server VM (25.201-b09 mixed mode linux-amd64 compressed oops)
Heap:
 PSYoungGen      total 63488K, used 192K [0x00000000eb900000, 0x00000000efc00000, 0x0000000100000000)
  eden space 58368K, 0% used [0x00000000eb900000,0x00000000eb900000,0x00000000ef200000)
  from space 5120K, 3% used [0x00000000ef200000,0x00000000ef230000,0x00000000ef700000)
  to   space 5120K, 0% used [0x00000000ef700000,0x00000000ef700000,0x00000000efc00000)
 ParOldGen       total 42496K, used 7924K [0x00000000c2a00000, 0x00000000c5380000, 0x00000000eb900000)
  object space 42496K, 18% used [0x00000000c2a00000,0x00000000c31bd178,0x00000000c5380000)
 Metaspace       used 13789K, capacity 14148K, committed 14336K, reserved 1062912K
  class space    used 1596K, capacity 1708K, committed 1792K, reserved 1048576K
GC Heap History (10 events):
Event: 47.330 GC heap after
Heap after GC invocations=5 (full 1):
 PSYoungGen      total 18432K, used 2552K [0x00000000eb900000, 0x00000000edd00000, 0x0000000100000000)
  eden space 15872K, 0% used [0x00000000eb900000,0x00000000eb900000,0x00000000ec880000)
  from space 2560K, 99% used [0x00000000ecb00000,0x00000000ecd7e030,0x00000000ecd80000)
  to   space 2560K, 0% used [0x00000000ec880000,0x00000000ec880000,0x00000000ecb00000)
 ParOldGen       total 42496K, used 4571K [0x00000000c2a00000, 0x00000000c5380000, 0x00000000eb900000)
  object space 42496K, 10% used [0x00000000c2a00000,0x00000000c2e76f18,0x00000000c5380000)
 Metaspace       used 13684K, capacity 14084K, committed 14336K, reserved 1062912K
  class space    used 1595K, capacity 1708K, committed 1792K, reserved 1048576K
}
Event: 47.904 GC heap before
{Heap before GC invocations=6 (full 1):
 PSYoungGen      total 18432K, used 18424K [0x00000000eb900000, 0x00000000edd00000, 0x0000000100000000)
  eden space 15872K, 100% used [0x00000000eb900000,0x00000000ec880000,0x00000000ec880000)
  from space 2560K, 99% used [0x00000000ecb00000,0x00000000ecd7e030,0x00000000ecd80000)
  to   space 2560K, 0% used [0x00000000ec880000,0x00000000ec880000,0x00000000ecb00000)
 ParOldGen       total 42496K, used 4571K [0x00000000c2a00000, 0x00000000c5380000, 0x00000000eb900000)
  object space 42496K, 10% used [0x00000000c2a00000,0x00000000c2e76f18,0x00000000c5380000)
 Metaspace       used 13784K, capacity 14148K, committed 14336K, reserved 1062912K
  class space    used 1596K, capacity 1708K, committed 1792K, reserved 1048576K
Event: 47.924 GC heap after
Heap after GC invocations=6 (full 1):
 PSYoungGen      total 18432K, used 2544K [0x00000000eb900000, 0x00000000edd00000, 0x0000000100000000)
  eden space 15872K, 0% used [0x00000000eb900000,0x00000000eb900000,0x00000000ec880000)
  from space 2560K, 99% used [0x00000000ec880000,0x00000000ecafc010,0x00000000ecb00000)
  to   space 2560K, 0% used [0x00000000eda80000,0x00000000eda80000,0x00000000edd00000)
 ParOldGen       total 42496K, used 5328K [0x00000000c2a00000, 0x00000000c5380000, 0x00000000eb900000)
  object space 42496K, 12% used [0x00000000c2a00000,0x00000000c2f343f0,0x00000000c5380000)
 Metaspace       used 13784K, capacity 14148K, committed 14336K, reserved 1062912K
  class space    used 1596K, capacity 1708K, committed 1792K, reserved 1048576K
}
Event: 48.076 GC heap before
{Heap before GC invocations=7 (full 1):
 PSYoungGen      total 18432K, used 18416K [0x00000000eb900000, 0x00000000edd00000, 0x0000000100000000)
  eden space 15872K, 100% used [0x00000000eb900000,0x00000000ec880000,0x00000000ec880000)
  from space 2560K, 99% used [0x00000000ec880000,0x00000000ecafc010,0x00000000ecb00000)
  to   space 2560K, 0% used [0x00000000eda80000,0x00000000eda80000,0x00000000edd00000)
 ParOldGen       total 42496K, used 5328K [0x00000000c2a00000, 0x00000000c5380000, 0x00000000eb900000)
  object space 42496K, 12% used [0x00000000c2a00000,0x00000000c2f343f0,0x00000000c5380000)
 Metaspace       used 13785K, capacity 14148K, committed 14336K, reserved 1062912K
  class space    used 1596K, capacity 1708K, committed 1792K, reserved 1048576K
Event: 48.124 GC heap after
Heap after GC invocations=7 (full 1):
 PSYoungGen      total 31744K, used 2544K [0x00000000eb900000, 0x00000000ee200000, 0x0000000100000000)
  eden space 29184K, 0% used [0x00000000eb900000,0x00000000eb900000,0x00000000ed580000)
  from space 2560K, 99% used [0x00000000eda80000,0x00000000edcfc010,0x00000000edd00000)
  to   space 5120K, 0% used [0x00000000ed580000,0x00000000ed580000,0x00000000eda80000)
 ParOldGen       total 42496K, used 5353K [0x00000000c2a00000, 0x00000000c5380000, 0x00000000eb900000)
  object space 42496K, 12% used [0x00000000c2a00000,0x00000000c2f3a400,0x00000000c5380000)
 Metaspace       used 13785K, capacity 14148K, committed 14336K, reserved 1062912K
  class space    used 1596K, capacity 1708K, committed 1792K, reserved 1048576K
}
Event: 48.751 GC heap before
{Heap before GC invocations=8 (full 1):
 PSYoungGen      total 31744K, used 31728K [0x00000000eb900000, 0x00000000ee200000, 0x0000000100000000)
  eden space 29184K, 100% used [0x00000000eb900000,0x00000000ed580000,0x00000000ed580000)
  from space 2560K, 99% used [0x00000000eda80000,0x00000000edcfc010,0x00000000edd00000)
  to   space 5120K, 0% used [0x00000000ed580000,0x00000000ed580000,0x00000000eda80000)
 ParOldGen       total 42496K, used 5353K [0x00000000c2a00000, 0x00000000c5380000, 0x00000000eb900000)
  object space 42496K, 12% used [0x00000000c2a00000,0x00000000c2f3a400,0x00000000c5380000)
 Metaspace       used 13787K, capacity 14148K, committed 14336K, reserved 1062912K
  class space    used 1596K, capacity 1708K, committed 1792K, reserved 1048576K
Event: 48.952 GC heap after
Heap after GC invocations=8 (full 1):
 PSYoungGen      total 34304K, used 2640K [0x00000000eb900000, 0x00000000efc00000, 0x0000000100000000)
  eden space 29184K, 0% used [0x00000000eb900000,0x00000000eb900000,0x00000000ed580000)
  from space 5120K, 51% used [0x00000000ed580000,0x00000000ed814010,0x00000000eda80000)
  to   space 5120K, 0% used [0x00000000ef700000,0x00000000ef700000,0x00000000efc00000)
 ParOldGen       total 42496K, used 5361K [0x00000000c2a00000, 0x00000000c5380000, 0x00000000eb900000)
  object space 42496K, 12% used [0x00000000c2a00000,0x00000000c2f3c400,0x00000000c5380000)
 Metaspace       used 13787K, capacity 14148K, committed 14336K, reserved 1062912K
  class space    used 1596K, capacity 1708K, committed 1792K, reserved 1048576K
}
Event: 49.025 GC heap before
{Heap before GC invocations=9 (full 1):
 PSYoungGen      total 34304K, used 31824K [0x00000000eb900000, 0x00000000efc00000, 0x0000000100000000)
  eden space 29184K, 100% used [0x00000000eb900000,0x00000000ed580000,0x00000000ed580000)
  from space 5120K, 51% used [0x00000000ed580000,0x00000000ed814010,0x00000000eda80000)
  to   space 5120K, 0% used [0x00000000ef700000,0x00000000ef700000,0x00000000efc00000)
 ParOldGen       total 42496K, used 5361K [0x00000000c2a00000, 0x00000000c5380000, 0x00000000eb900000)
  object space 42496K, 12% used [0x00000000c2a00000,0x00000000c2f3c400,0x00000000c5380000)
 Metaspace       used 13788K, capacity 14148K, committed 14336K, reserved 1062912K
  class space    used 1596K, capacity 1708K, committed 1792K, reserved 1048576K
Event: 49.067 GC heap after
Heap after GC invocations=9 (full 1):
 PSYoungGen      total 63488K, used 1280K [0x00000000eb900000, 0x00000000efc00000, 0x0000000100000000)
  eden space 58368K, 0% used [0x00000000eb900000,0x00000000eb900000,0x00000000ef200000)
  from space 5120K, 25% used [0x00000000ef700000,0x00000000ef840000,0x00000000efc00000)
  to   space 5120K, 0% used [0x00000000ef200000,0x00000000ef200000,0x00000000ef700000)
 ParOldGen       total 42496K, used 6740K [0x00000000c2a00000, 0x00000000c5380000, 0x00000000eb900000)
  object space 42496K, 15% used [0x00000000c2a00000,0x00000000c3095168,0x00000000c5380000)
 Metaspace       used 13788K, capacity 14148K, committed 14336K, reserved 1062912K
  class space    used 1596K, capacity 1708K, committed 1792K, reserved 1048576K
}
Event: 50.209 GC heap before
{Heap before GC invocations=10 (full 1):
 PSYoungGen      total 63488K, used 59648K [0x00000000eb900000, 0x00000000efc00000, 0x0000000100000000)
  eden space 58368K, 100% used [0x00000000eb900000,0x00000000ef200000,0x00000000ef200000)
  from space 5120K, 25% used [0x00000000ef700000,0x00000000ef840000,0x00000000efc00000)
  to   space 5120K, 0% used [0x00000000ef200000,0x00000000ef200000,0x00000000ef700000)
 ParOldGen       total 42496K, used 6740K [0x00000000c2a00000, 0x00000000c5380000, 0x00000000eb900000)
  object space 42496K, 15% used [0x00000000c2a00000,0x00000000c3095168,0x00000000c5380000)
 Metaspace       used 13789K, capacity 14148K, committed 14336K, reserved 1062912K
  class space    used 1596K, capacity 1708K, committed 1792K, reserved 1048576K

