# JRE version: Java(TM) SE Runtime Environment (8.0_201-b09) (build 1.8.0_201-b09)
# Java VM: Java HotSpot(TM) 64-Bit Server VM (25.201-b09 mixed mode linux-amd64 compressed oops)
Heap:
 PSYoungGen      total 314368K, used 306528K [0x00000000eb900000, 0x0000000100000000, 0x0000000100000000)
  eden space 293888K, 100% used [0x00000000eb900000,0x00000000fd800000,0x00000000fd800000)
  from space 20480K, 61% used [0x00000000fd800000,0x00000000fe458000,0x00000000fec00000)
  to   space 20480K, 0% used [0x00000000fec00000,0x00000000fec00000,0x0000000100000000)
 ParOldGen       total 96768K, used 54989K [0x00000000c2a00000, 0x00000000c8880000, 0x00000000eb900000)
  object space 96768K, 56% used [0x00000000c2a00000,0x00000000c5fb3408,0x00000000c8880000)
 Metaspace       used 23342K, capacity 24112K, committed 24320K, reserved 1071104K
  class space    used 2509K, capacity 2693K, committed 2816K, reserved 1048576K
GC Heap History (10 events):
Event: 55.891 GC heap before
{Heap before GC invocations=26 (full 3):
 PSYoungGen      total 316928K, used 314912K [0x00000000eb900000, 0x0000000100000000, 0x0000000100000000)
  eden space 301568K, 100% used [0x00000000eb900000,0x00000000fdf80000,0x00000000fdf80000)
  from space 15360K, 86% used [0x00000000fef80000,0x00000000ffc88000,0x00000000ffe80000)
  to   space 16384K, 0% used [0x00000000fdf80000,0x00000000fdf80000,0x00000000fef80000)
 ParOldGen       total 96768K, used 54981K [0x00000000c2a00000, 0x00000000c8880000, 0x00000000eb900000)
  object space 96768K, 56% used [0x00000000c2a00000,0x00000000c5fb1408,0x00000000c8880000)
 Metaspace       used 23265K, capacity 24036K, committed 24320K, reserved 1071104K
  class space    used 2507K, capacity 2691K, committed 2816K, reserved 1048576K
Event: 55.909 GC heap after
Heap after GC invocations=26 (full 3):
 PSYoungGen      total 317952K, used 11392K [0x00000000eb900000, 0x0000000100000000, 0x0000000100000000)
  eden space 301568K, 0% used [0x00000000eb900000,0x00000000eb900000,0x00000000fdf80000)
  from space 16384K, 69% used [0x00000000fdf80000,0x00000000feaa0000,0x00000000fef80000)
  to   space 16896K, 0% used [0x00000000fef80000,0x00000000fef80000,0x0000000100000000)
 ParOldGen       total 96768K, used 54981K [0x00000000c2a00000, 0x00000000c8880000, 0x00000000eb900000)
  object space 96768K, 56% used [0x00000000c2a00000,0x00000000c5fb1408,0x00000000c8880000)
 Metaspace       used 23265K, capacity 24036K, committed 24320K, reserved 1071104K
  class space    used 2507K, capacity 2691K, committed 2816K, reserved 1048576K
}
Event: 58.991 GC heap before
{Heap before GC invocations=27 (full 3):
 PSYoungGen      total 317952K, used 312960K [0x00000000eb900000, 0x0000000100000000, 0x0000000100000000)
  eden space 301568K, 100% used [0x00000000eb900000,0x00000000fdf80000,0x00000000fdf80000)
  from space 16384K, 69% used [0x00000000fdf80000,0x00000000feaa0000,0x00000000fef80000)
  to   space 16896K, 0% used [0x00000000fef80000,0x00000000fef80000,0x0000000100000000)
 ParOldGen       total 96768K, used 54981K [0x00000000c2a00000, 0x00000000c8880000, 0x00000000eb900000)
  object space 96768K, 56% used [0x00000000c2a00000,0x00000000c5fb1408,0x00000000c8880000)
 Metaspace       used 23305K, capacity 24106K, committed 24320K, reserved 1071104K
  class space    used 2508K, capacity 2692K, committed 2816K, reserved 1048576K
Event: 59.037 GC heap after
Heap after GC invocations=27 (full 3):
 PSYoungGen      total 313856K, used 16688K [0x00000000eb900000, 0x0000000100000000, 0x0000000100000000)
  eden space 296960K, 0% used [0x00000000eb900000,0x00000000eb900000,0x00000000fdb00000)
  from space 16896K, 98% used [0x00000000fef80000,0x00000000fffcc010,0x0000000100000000)
  to   space 18944K, 0% used [0x00000000fdb00000,0x00000000fdb00000,0x00000000fed80000)
 ParOldGen       total 96768K, used 54989K [0x00000000c2a00000, 0x00000000c8880000, 0x00000000eb900000)
  object space 96768K, 56% used [0x00000000c2a00000,0x00000000c5fb3408,0x00000000c8880000)
 Metaspace       used 23305K, capacity 24106K, committed 24320K, reserved 1071104K
  class space    used 2508K, capacity 2692K, committed 2816K, reserved 1048576K
}
Event: 61.456 GC heap before
{Heap before GC invocations=28 (full 3):
 PSYoungGen      total 313856K, used 313648K [0x00000000eb900000, 0x0000000100000000, 0x0000000100000000)
  eden space 296960K, 100% used [0x00000000eb900000,0x00000000fdb00000,0x00000000fdb00000)
  from space 16896K, 98% used [0x00000000fef80000,0x00000000fffcc010,0x0000000100000000)
  to   space 18944K, 0% used [0x00000000fdb00000,0x00000000fdb00000,0x00000000fed80000)
 ParOldGen       total 96768K, used 54989K [0x00000000c2a00000, 0x00000000c8880000, 0x00000000eb900000)
  object space 96768K, 56% used [0x00000000c2a00000,0x00000000c5fb3408,0x00000000c8880000)
 Metaspace       used 23313K, capacity 24112K, committed 24320K, reserved 1071104K
  class space    used 2508K, capacity 2693K, committed 2816K, reserved 1048576K
Event: 61.476 GC heap after
Heap after GC invocations=28 (full 3):
 PSYoungGen      total 309248K, used 12256K [0x00000000eb900000, 0x0000000100000000, 0x0000000100000000)
  eden space 296960K, 0% used [0x00000000eb900000,0x00000000eb900000,0x00000000fdb00000)
  from space 12288K, 99% used [0x00000000fdb00000,0x00000000fe6f8000,0x00000000fe700000)
  to   space 19456K, 0% used [0x00000000fed00000,0x00000000fed00000,0x0000000100000000)
 ParOldGen       total 96768K, used 54989K [0x00000000c2a00000, 0x00000000c8880000, 0x00000000eb900000)
  object space 96768K, 56% used [0x00000000c2a00000,0x00000000c5fb3408,0x00000000c8880000)
 Metaspace       used 23313K, capacity 24112K, committed 24320K, reserved 1071104K
  class space    used 2508K, capacity 2693K, committed 2816K, reserved 1048576K
}
Event: 64.134 GC heap before
{Heap before GC invocations=29 (full 3):
 PSYoungGen      total 309248K, used 309216K [0x00000000eb900000, 0x0000000100000000, 0x0000000100000000)
  eden space 296960K, 100% used [0x00000000eb900000,0x00000000fdb00000,0x00000000fdb00000)
  from space 12288K, 99% used [0x00000000fdb00000,0x00000000fe6f8000,0x00000000fe700000)
  to   space 19456K, 0% used [0x00000000fed00000,0x00000000fed00000,0x0000000100000000)
 ParOldGen       total 96768K, used 54989K [0x00000000c2a00000, 0x00000000c8880000, 0x00000000eb900000)
  object space 96768K, 56% used [0x00000000c2a00000,0x00000000c5fb3408,0x00000000c8880000)
 Metaspace       used 23315K, capacity 24112K, committed 24320K, reserved 1071104K
  class space    used 2508K, capacity 2693K, committed 2816K, reserved 1048576K
Event: 64.171 GC heap after
Heap after GC invocations=29 (full 3):
 PSYoungGen      total 313344K, used 15136K [0x00000000eb900000, 0x0000000100000000, 0x0000000100000000)
  eden space 293888K, 0% used [0x00000000eb900000,0x00000000eb900000,0x00000000fd800000)
  from space 19456K, 77% used [0x00000000fed00000,0x00000000ffbc8000,0x0000000100000000)
  to   space 20480K, 0% used [0x00000000fd800000,0x00000000fd800000,0x00000000fec00000)
 ParOldGen       total 96768K, used 54989K [0x00000000c2a00000, 0x00000000c8880000, 0x00000000eb900000)
  object space 96768K, 56% used [0x00000000c2a00000,0x00000000c5fb3408,0x00000000c8880000)
 Metaspace       used 23315K, capacity 24112K, committed 24320K, reserved 1071104K
  class space    used 2508K, capacity 2693K, committed 2816K, reserved 1048576K
}
Event: 66.548 GC heap before
{Heap before GC invocations=30 (full 3):
 PSYoungGen      total 313344K, used 309024K [0x00000000eb900000, 0x0000000100000000, 0x0000000100000000)
  eden space 293888K, 100% used [0x00000000eb900000,0x00000000fd800000,0x00000000fd800000)
  from space 19456K, 77% used [0x00000000fed00000,0x00000000ffbc8000,0x0000000100000000)
  to   space 20480K, 0% used [0x00000000fd800000,0x00000000fd800000,0x00000000fec00000)
 ParOldGen       total 96768K, used 54989K [0x00000000c2a00000, 0x00000000c8880000, 0x00000000eb900000)
  object space 96768K, 56% used [0x00000000c2a00000,0x00000000c5fb3408,0x00000000c8880000)
 Metaspace       used 23334K, capacity 24112K, committed 24320K, reserved 1071104K
  class space    used 2508K, capacity 2693K, committed 2816K, reserved 1048576K
Event: 66.589 GC heap after
Heap after GC invocations=30 (full 3):
 PSYoungGen      total 314368K, used 12640K [0x00000000eb900000, 0x0000000100000000, 0x0000000100000000)
  eden space 293888K, 0% used [0x00000000eb900000,0x00000000eb900000,0x00000000fd800000)
  from space 20480K, 61% used [0x00000000fd800000,0x00000000fe458000,0x00000000fec00000)
  to   space 20480K, 0% used [0x00000000fec00000,0x00000000fec00000,0x0000000100000000)
 ParOldGen       total 96768K, used 54989K [0x00000000c2a00000, 0x00000000c8880000, 0x00000000eb900000)
  object space 96768K, 56% used [0x00000000c2a00000,0x00000000c5fb3408,0x00000000c8880000)
 Metaspace       used 23334K, capacity 24112K, committed 24320K, reserved 1071104K
  class space    used 2508K, capacity 2693K, committed 2816K, reserved 1048576K
}

