# JRE version: Java(TM) SE Runtime Environment (8.0_201-b09) (build 1.8.0_201-b09)
# Java VM: Java HotSpot(TM) 64-Bit Server VM (25.201-b09 mixed mode linux-amd64 compressed oops)
Heap:
 PSYoungGen      total 316416K, used 93690K [0x00000000eb900000, 0x0000000100000000, 0x0000000100000000)
  eden space 301056K, 26% used [0x00000000eb900000,0x00000000f05b2a60,0x00000000fdf00000)
  from space 15360K, 98% used [0x00000000fdf00000,0x00000000fedcc010,0x00000000fee00000)
  to   space 18432K, 0% used [0x00000000fee00000,0x00000000fee00000,0x0000000100000000)
 ParOldGen       total 82432K, used 47724K [0x00000000c2a00000, 0x00000000c7a80000, 0x00000000eb900000)
  object space 82432K, 57% used [0x00000000c2a00000,0x00000000c589b060,0x00000000c7a80000)
 Metaspace       used 24009K, capacity 24606K, committed 24832K, reserved 1071104K
  class space    used 2530K, capacity 2703K, committed 2816K, reserved 1048576K
GC Heap History (10 events):
Event: 14.685 GC heap before
{Heap before GC invocations=15 (full 2):
 PSYoungGen      total 318464K, used 8164K [0x00000000eb900000, 0x0000000100000000, 0x0000000100000000)
  eden space 310272K, 0% used [0x00000000eb900000,0x00000000eb900000,0x00000000fe800000)
  from space 8192K, 99% used [0x00000000fe800000,0x00000000feff92a8,0x00000000ff000000)
  to   space 16384K, 0% used [0x00000000ff000000,0x00000000ff000000,0x0000000100000000)
 ParOldGen       total 45056K, used 44755K [0x00000000c2a00000, 0x00000000c5600000, 0x00000000eb900000)
  object space 45056K, 99% used [0x00000000c2a00000,0x00000000c55b4ca0,0x00000000c5600000)
 Metaspace       used 20859K, capacity 21178K, committed 21296K, reserved 1069056K
  class space    used 2310K, capacity 2403K, committed 2432K, reserved 1048576K
Event: 15.238 GC heap after
Heap after GC invocations=15 (full 2):
 PSYoungGen      total 318464K, used 3036K [0x00000000eb900000, 0x0000000100000000, 0x0000000100000000)
  eden space 310272K, 0% used [0x00000000eb900000,0x00000000eb900000,0x00000000fe800000)
  from space 8192K, 37% used [0x00000000fe800000,0x00000000feaf72c0,0x00000000ff000000)
  to   space 16384K, 0% used [0x00000000ff000000,0x00000000ff000000,0x0000000100000000)
 ParOldGen       total 82432K, used 44622K [0x00000000c2a00000, 0x00000000c7a80000, 0x00000000eb900000)
  object space 82432K, 54% used [0x00000000c2a00000,0x00000000c5593a68,0x00000000c7a80000)
 Metaspace       used 20859K, capacity 21178K, committed 21296K, reserved 1069056K
  class space    used 2310K, capacity 2403K, committed 2432K, reserved 1048576K
}
Event: 20.512 GC heap before
{Heap before GC invocations=16 (full 2):
 PSYoungGen      total 318464K, used 313308K [0x00000000eb900000, 0x0000000100000000, 0x0000000100000000)
  eden space 310272K, 100% used [0x00000000eb900000,0x00000000fe800000,0x00000000fe800000)
  from space 8192K, 37% used [0x00000000fe800000,0x00000000feaf72c0,0x00000000ff000000)
  to   space 16384K, 0% used [0x00000000ff000000,0x00000000ff000000,0x0000000100000000)
 ParOldGen       total 82432K, used 44622K [0x00000000c2a00000, 0x00000000c7a80000, 0x00000000eb900000)
  object space 82432K, 54% used [0x00000000c2a00000,0x00000000c5593a68,0x00000000c7a80000)
 Metaspace       used 23481K, capacity 24162K, committed 24320K, reserved 1071104K
  class space    used 2510K, capacity 2693K, committed 2816K, reserved 1048576K
Event: 20.606 GC heap after
Heap after GC invocations=16 (full 2):
 PSYoungGen      total 318464K, used 8522K [0x00000000eb900000, 0x0000000100000000, 0x0000000100000000)
  eden space 302080K, 0% used [0x00000000eb900000,0x00000000eb900000,0x00000000fe000000)
  from space 16384K, 52% used [0x00000000ff000000,0x00000000ff852950,0x0000000100000000)
  to   space 16384K, 0% used [0x00000000fe000000,0x00000000fe000000,0x00000000ff000000)
 ParOldGen       total 82432K, used 47708K [0x00000000c2a00000, 0x00000000c7a80000, 0x00000000eb900000)
  object space 82432K, 57% used [0x00000000c2a00000,0x00000000c5897060,0x00000000c7a80000)
 Metaspace       used 23481K, capacity 24162K, committed 24320K, reserved 1071104K
  class space    used 2510K, capacity 2693K, committed 2816K, reserved 1048576K
}
Event: 28.497 GC heap before
{Heap before GC invocations=17 (full 2):
 PSYoungGen      total 318464K, used 310602K [0x00000000eb900000, 0x0000000100000000, 0x0000000100000000)
  eden space 302080K, 100% used [0x00000000eb900000,0x00000000fe000000,0x00000000fe000000)
  from space 16384K, 52% used [0x00000000ff000000,0x00000000ff852950,0x0000000100000000)
  to   space 16384K, 0% used [0x00000000fe000000,0x00000000fe000000,0x00000000ff000000)
 ParOldGen       total 82432K, used 47708K [0x00000000c2a00000, 0x00000000c7a80000, 0x00000000eb900000)
  object space 82432K, 57% used [0x00000000c2a00000,0x00000000c5897060,0x00000000c7a80000)
 Metaspace       used 23661K, capacity 24250K, committed 24576K, reserved 1071104K
  class space    used 2521K, capacity 2697K, committed 2816K, reserved 1048576K
Event: 28.557 GC heap after
Heap after GC invocations=17 (full 2):
 PSYoungGen      total 318464K, used 8912K [0x00000000eb900000, 0x0000000100000000, 0x0000000100000000)
  eden space 302080K, 0% used [0x00000000eb900000,0x00000000eb900000,0x00000000fe000000)
  from space 16384K, 54% used [0x00000000fe000000,0x00000000fe8b4010,0x00000000ff000000)
  to   space 16384K, 0% used [0x00000000ff000000,0x00000000ff000000,0x0000000100000000)
 ParOldGen       total 82432K, used 47716K [0x00000000c2a00000, 0x00000000c7a80000, 0x00000000eb900000)
  object space 82432K, 57% used [0x00000000c2a00000,0x00000000c5899060,0x00000000c7a80000)
 Metaspace       used 23661K, capacity 24250K, committed 24576K, reserved 1071104K
  class space    used 2521K, capacity 2697K, committed 2816K, reserved 1048576K
}
Event: 36.032 GC heap before
{Heap before GC invocations=18 (full 2):
 PSYoungGen      total 318464K, used 310992K [0x00000000eb900000, 0x0000000100000000, 0x0000000100000000)
  eden space 302080K, 100% used [0x00000000eb900000,0x00000000fe000000,0x00000000fe000000)
  from space 16384K, 54% used [0x00000000fe000000,0x00000000fe8b4010,0x00000000ff000000)
  to   space 16384K, 0% used [0x00000000ff000000,0x00000000ff000000,0x0000000100000000)
 ParOldGen       total 82432K, used 47716K [0x00000000c2a00000, 0x00000000c7a80000, 0x00000000eb900000)
  object space 82432K, 57% used [0x00000000c2a00000,0x00000000c5899060,0x00000000c7a80000)
 Metaspace       used 23785K, capacity 24408K, committed 24576K, reserved 1071104K
  class space    used 2523K, capacity 2702K, committed 2816K, reserved 1048576K
Event: 36.082 GC heap after
Heap after GC invocations=18 (full 2):
 PSYoungGen      total 317440K, used 11728K [0x00000000eb900000, 0x0000000100000000, 0x0000000100000000)
  eden space 301056K, 0% used [0x00000000eb900000,0x00000000eb900000,0x00000000fdf00000)
  from space 16384K, 71% used [0x00000000ff000000,0x00000000ffb74010,0x0000000100000000)
  to   space 16896K, 0% used [0x00000000fdf00000,0x00000000fdf00000,0x00000000fef80000)
 ParOldGen       total 82432K, used 47724K [0x00000000c2a00000, 0x00000000c7a80000, 0x00000000eb900000)
  object space 82432K, 57% used [0x00000000c2a00000,0x00000000c589b060,0x00000000c7a80000)
 Metaspace       used 23785K, capacity 24408K, committed 24576K, reserved 1071104K
  class space    used 2523K, capacity 2702K, committed 2816K, reserved 1048576K
}
Event: 39.597 GC heap before
{Heap before GC invocations=19 (full 2):
 PSYoungGen      total 317440K, used 312784K [0x00000000eb900000, 0x0000000100000000, 0x0000000100000000)
  eden space 301056K, 100% used [0x00000000eb900000,0x00000000fdf00000,0x00000000fdf00000)
  from space 16384K, 71% used [0x00000000ff000000,0x00000000ffb74010,0x0000000100000000)
  to   space 16896K, 0% used [0x00000000fdf00000,0x00000000fdf00000,0x00000000fef80000)
 ParOldGen       total 82432K, used 47724K [0x00000000c2a00000, 0x00000000c7a80000, 0x00000000eb900000)
  object space 82432K, 57% used [0x00000000c2a00000,0x00000000c589b060,0x00000000c7a80000)
 Metaspace       used 24001K, capacity 24606K, committed 24832K, reserved 1071104K
  class space    used 2530K, capacity 2703K, committed 2816K, reserved 1048576K
Event: 39.617 GC heap after
Heap after GC invocations=19 (full 2):
 PSYoungGen      total 316416K, used 15152K [0x00000000eb900000, 0x0000000100000000, 0x0000000100000000)
  eden space 301056K, 0% used [0x00000000eb900000,0x00000000eb900000,0x00000000fdf00000)
  from space 15360K, 98% used [0x00000000fdf00000,0x00000000fedcc010,0x00000000fee00000)
  to   space 18432K, 0% used [0x00000000fee00000,0x00000000fee00000,0x0000000100000000)
 ParOldGen       total 82432K, used 47724K [0x00000000c2a00000, 0x00000000c7a80000, 0x00000000eb900000)
  object space 82432K, 57% used [0x00000000c2a00000,0x00000000c589b060,0x00000000c7a80000)
 Metaspace       used 24001K, capacity 24606K, committed 24832K, reserved 1071104K
  class space    used 2530K, capacity 2703K, committed 2816K, reserved 1048576K
}

