# JRE version: Java(TM) SE Runtime Environment (8.0_201-b09) (build 1.8.0_201-b09)
# Java VM: Java HotSpot(TM) 64-Bit Server VM (25.201-b09 mixed mode linux-amd64 compressed oops)
Heap:
 PSYoungGen      total 295936K, used 225198K [0x00000000eb900000, 0x0000000100000000, 0x0000000100000000)
  eden space 258048K, 77% used [0x00000000eb900000,0x00000000f7c338e0,0x00000000fb500000)
  from space 37888K, 66% used [0x00000000fdb00000,0x00000000ff3b8000,0x0000000100000000)
  to   space 38400K, 0% used [0x00000000fb500000,0x00000000fb500000,0x00000000fda80000)
 ParOldGen       total 128000K, used 71180K [0x00000000c2a00000, 0x00000000ca700000, 0x00000000eb900000)
  object space 128000K, 55% used [0x00000000c2a00000,0x00000000c6f831d0,0x00000000ca700000)
 Metaspace       used 24006K, capacity 24798K, committed 25088K, reserved 1071104K
  class space    used 2526K, capacity 2731K, committed 2816K, reserved 1048576K
GC Heap History (10 events):
Event: 82.191 GC heap before
{Heap before GC invocations=23 (full 3):
 PSYoungGen      total 298496K, used 298080K [0x00000000eb900000, 0x0000000100000000, 0x0000000100000000)
  eden space 274432K, 100% used [0x00000000eb900000,0x00000000fc500000,0x00000000fc500000)
  from space 24064K, 98% used [0x00000000fc500000,0x00000000fdc18020,0x00000000fdc80000)
  to   space 32256K, 0% used [0x00000000fe080000,0x00000000fe080000,0x0000000100000000)
 ParOldGen       total 128000K, used 71156K [0x00000000c2a00000, 0x00000000ca700000, 0x00000000eb900000)
  object space 128000K, 55% used [0x00000000c2a00000,0x00000000c6f7d1d0,0x00000000ca700000)
 Metaspace       used 23707K, capacity 24422K, committed 24576K, reserved 1071104K
  class space    used 2503K, capacity 2705K, committed 2816K, reserved 1048576K
Event: 82.268 GC heap after
Heap after GC invocations=23 (full 3):
 PSYoungGen      total 299520K, used 23200K [0x00000000eb900000, 0x0000000100000000, 0x0000000100000000)
  eden space 267264K, 0% used [0x00000000eb900000,0x00000000eb900000,0x00000000fbe00000)
  from space 32256K, 71% used [0x00000000fe080000,0x00000000ff728000,0x0000000100000000)
  to   space 33792K, 0% used [0x00000000fbe00000,0x00000000fbe00000,0x00000000fdf00000)
 ParOldGen       total 128000K, used 71156K [0x00000000c2a00000, 0x00000000ca700000, 0x00000000eb900000)
  object space 128000K, 55% used [0x00000000c2a00000,0x00000000c6f7d1d0,0x00000000ca700000)
 Metaspace       used 23707K, capacity 24422K, committed 24576K, reserved 1071104K
  class space    used 2503K, capacity 2705K, committed 2816K, reserved 1048576K
}
Event: 84.961 GC heap before
{Heap before GC invocations=24 (full 3):
 PSYoungGen      total 299520K, used 290464K [0x00000000eb900000, 0x0000000100000000, 0x0000000100000000)
  eden space 267264K, 100% used [0x00000000eb900000,0x00000000fbe00000,0x00000000fbe00000)
  from space 32256K, 71% used [0x00000000fe080000,0x00000000ff728000,0x0000000100000000)
  to   space 33792K, 0% used [0x00000000fbe00000,0x00000000fbe00000,0x00000000fdf00000)
 ParOldGen       total 128000K, used 71156K [0x00000000c2a00000, 0x00000000ca700000, 0x00000000eb900000)
  object space 128000K, 55% used [0x00000000c2a00000,0x00000000c6f7d1d0,0x00000000ca700000)
 Metaspace       used 23788K, capacity 24516K, committed 24832K, reserved 1071104K
  class space    used 2506K, capacity 2710K, committed 2816K, reserved 1048576K
Event: 85.045 GC heap after
Heap after GC invocations=24 (full 3):
 PSYoungGen      total 294400K, used 26720K [0x00000000eb900000, 0x0000000100000000, 0x0000000100000000)
  eden space 267264K, 0% used [0x00000000eb900000,0x00000000eb900000,0x00000000fbe00000)
  from space 27136K, 98% used [0x00000000fbe00000,0x00000000fd818000,0x00000000fd880000)
  to   space 35840K, 0% used [0x00000000fdd00000,0x00000000fdd00000,0x0000000100000000)
 ParOldGen       total 128000K, used 71156K [0x00000000c2a00000, 0x00000000ca700000, 0x00000000eb900000)
  object space 128000K, 55% used [0x00000000c2a00000,0x00000000c6f7d1d0,0x00000000ca700000)
 Metaspace       used 23788K, capacity 24516K, committed 24832K, reserved 1071104K
  class space    used 2506K, capacity 2710K, committed 2816K, reserved 1048576K
}
Event: 86.858 GC heap before
{Heap before GC invocations=25 (full 3):
 PSYoungGen      total 294400K, used 293984K [0x00000000eb900000, 0x0000000100000000, 0x0000000100000000)
  eden space 267264K, 100% used [0x00000000eb900000,0x00000000fbe00000,0x00000000fbe00000)
  from space 27136K, 98% used [0x00000000fbe00000,0x00000000fd818000,0x00000000fd880000)
  to   space 35840K, 0% used [0x00000000fdd00000,0x00000000fdd00000,0x0000000100000000)
 ParOldGen       total 128000K, used 71156K [0x00000000c2a00000, 0x00000000ca700000, 0x00000000eb900000)
  object space 128000K, 55% used [0x00000000c2a00000,0x00000000c6f7d1d0,0x00000000ca700000)
 Metaspace       used 23799K, capacity 24516K, committed 24832K, reserved 1071104K
  class space    used 2506K, capacity 2710K, committed 2816K, reserved 1048576K
Event: 86.929 GC heap after
Heap after GC invocations=25 (full 3):
 PSYoungGen      total 297984K, used 23360K [0x00000000eb900000, 0x0000000100000000, 0x0000000100000000)
  eden space 262144K, 0% used [0x00000000eb900000,0x00000000eb900000,0x00000000fb900000)
  from space 35840K, 65% used [0x00000000fdd00000,0x00000000ff3d0000,0x0000000100000000)
  to   space 36352K, 0% used [0x00000000fb900000,0x00000000fb900000,0x00000000fdc80000)
 ParOldGen       total 128000K, used 71164K [0x00000000c2a00000, 0x00000000ca700000, 0x00000000eb900000)
  object space 128000K, 55% used [0x00000000c2a00000,0x00000000c6f7f1d0,0x00000000ca700000)
 Metaspace       used 23799K, capacity 24516K, committed 24832K, reserved 1071104K
  class space    used 2506K, capacity 2710K, committed 2816K, reserved 1048576K
}
Event: 89.874 GC heap before
{Heap before GC invocations=26 (full 3):
 PSYoungGen      total 297984K, used 285504K [0x00000000eb900000, 0x0000000100000000, 0x0000000100000000)
  eden space 262144K, 100% used [0x00000000eb900000,0x00000000fb900000,0x00000000fb900000)
  from space 35840K, 65% used [0x00000000fdd00000,0x00000000ff3d0000,0x0000000100000000)
  to   space 36352K, 0% used [0x00000000fb900000,0x00000000fb900000,0x00000000fdc80000)
 ParOldGen       total 128000K, used 71164K [0x00000000c2a00000, 0x00000000ca700000, 0x00000000eb900000)
  object space 128000K, 55% used [0x00000000c2a00000,0x00000000c6f7f1d0,0x00000000ca700000)
 Metaspace       used 23969K, capacity 24770K, committed 25088K, reserved 1071104K
  class space    used 2522K, capacity 2725K, committed 2816K, reserved 1048576K
Event: 89.958 GC heap after
Heap after GC invocations=26 (full 3):
 PSYoungGen      total 289280K, used 26944K [0x00000000eb900000, 0x0000000100000000, 0x0000000100000000)
  eden space 262144K, 0% used [0x00000000eb900000,0x00000000eb900000,0x00000000fb900000)
  from space 27136K, 99% used [0x00000000fb900000,0x00000000fd350000,0x00000000fd380000)
  to   space 37888K, 0% used [0x00000000fdb00000,0x00000000fdb00000,0x0000000100000000)
 ParOldGen       total 128000K, used 71172K [0x00000000c2a00000, 0x00000000ca700000, 0x00000000eb900000)
  object space 128000K, 55% used [0x00000000c2a00000,0x00000000c6f811d0,0x00000000ca700000)
 Metaspace       used 23969K, capacity 24770K, committed 25088K, reserved 1071104K
  class space    used 2522K, capacity 2725K, committed 2816K, reserved 1048576K
}
Event: 92.171 GC heap before
{Heap before GC invocations=27 (full 3):
 PSYoungGen      total 289280K, used 289088K [0x00000000eb900000, 0x0000000100000000, 0x0000000100000000)
  eden space 262144K, 100% used [0x00000000eb900000,0x00000000fb900000,0x00000000fb900000)
  from space 27136K, 99% used [0x00000000fb900000,0x00000000fd350000,0x00000000fd380000)
  to   space 37888K, 0% used [0x00000000fdb00000,0x00000000fdb00000,0x0000000100000000)
 ParOldGen       total 128000K, used 71172K [0x00000000c2a00000, 0x00000000ca700000, 0x00000000eb900000)
  object space 128000K, 55% used [0x00000000c2a00000,0x00000000c6f811d0,0x00000000ca700000)
 Metaspace       used 23982K, capacity 24776K, committed 25088K, reserved 1071104K
  class space    used 2523K, capacity 2726K, committed 2816K, reserved 1048576K
Event: 92.246 GC heap after
Heap after GC invocations=27 (full 3):
 PSYoungGen      total 295936K, used 25312K [0x00000000eb900000, 0x0000000100000000, 0x0000000100000000)
  eden space 258048K, 0% used [0x00000000eb900000,0x00000000eb900000,0x00000000fb500000)
  from space 37888K, 66% used [0x00000000fdb00000,0x00000000ff3b8000,0x0000000100000000)
  to   space 38400K, 0% used [0x00000000fb500000,0x00000000fb500000,0x00000000fda80000)
 ParOldGen       total 128000K, used 71180K [0x00000000c2a00000, 0x00000000ca700000, 0x00000000eb900000)
  object space 128000K, 55% used [0x00000000c2a00000,0x00000000c6f831d0,0x00000000ca700000)
 Metaspace       used 23982K, capacity 24776K, committed 25088K, reserved 1071104K
  class space    used 2523K, capacity 2726K, committed 2816K, reserved 1048576K
}

