# JRE version: Java(TM) SE Runtime Environment (8.0_201-b09) (build 1.8.0_201-b09)
# Java VM: Java HotSpot(TM) 64-Bit Server VM (25.201-b09 mixed mode linux-amd64 compressed oops)
Heap:
 PSYoungGen      total 74240K, used 5120K [0x00000000eb900000, 0x00000000f1500000, 0x0000000100000000)
  eden space 69120K, 0% used [0x00000000eb900000,0x00000000eb900000,0x00000000efc80000)
  from space 5120K, 100% used [0x00000000efc80000,0x00000000f0180000,0x00000000f0180000)
  to   space 5120K, 0% used [0x00000000f0180000,0x00000000f0180000,0x00000000f0680000)
 ParOldGen       total 42496K, used 28560K [0x00000000c2a00000, 0x00000000c5380000, 0x00000000eb900000)
  object space 42496K, 67% used [0x00000000c2a00000,0x00000000c45e4338,0x00000000c5380000)
 Metaspace       used 14887K, capacity 15362K, committed 15616K, reserved 1062912K
  class space    used 1643K, capacity 1780K, committed 1792K, reserved 1048576K
GC Heap History (10 events):
Event: 55.000 GC heap after
Heap after GC invocations=9 (full 1):
 PSYoungGen      total 30720K, used 3760K [0x00000000eb900000, 0x00000000edc00000, 0x0000000100000000)
  eden space 26624K, 0% used [0x00000000eb900000,0x00000000eb900000,0x00000000ed300000)
  from space 4096K, 91% used [0x00000000ed800000,0x00000000edbac060,0x00000000edc00000)
  to   space 4608K, 0% used [0x00000000ed300000,0x00000000ed300000,0x00000000ed780000)
 ParOldGen       total 42496K, used 8370K [0x00000000c2a00000, 0x00000000c5380000, 0x00000000eb900000)
  object space 42496K, 19% used [0x00000000c2a00000,0x00000000c322c9c0,0x00000000c5380000)
 Metaspace       used 13845K, capacity 14200K, committed 14336K, reserved 1062912K
  class space    used 1588K, capacity 1706K, committed 1792K, reserved 1048576K
}
Event: 55.742 GC heap before
{Heap before GC invocations=10 (full 1):
 PSYoungGen      total 30720K, used 30384K [0x00000000eb900000, 0x00000000edc00000, 0x0000000100000000)
  eden space 26624K, 100% used [0x00000000eb900000,0x00000000ed300000,0x00000000ed300000)
  from space 4096K, 91% used [0x00000000ed800000,0x00000000edbac060,0x00000000edc00000)
  to   space 4608K, 0% used [0x00000000ed300000,0x00000000ed300000,0x00000000ed780000)
 ParOldGen       total 42496K, used 8370K [0x00000000c2a00000, 0x00000000c5380000, 0x00000000eb900000)
  object space 42496K, 19% used [0x00000000c2a00000,0x00000000c322c9c0,0x00000000c5380000)
 Metaspace       used 13897K, capacity 14328K, committed 14592K, reserved 1062912K
  class space    used 1588K, capacity 1706K, committed 1792K, reserved 1048576K
Event: 55.769 GC heap after
Heap after GC invocations=10 (full 1):
 PSYoungGen      total 31232K, used 4320K [0x00000000eb900000, 0x00000000ef700000, 0x0000000100000000)
  eden space 26624K, 0% used [0x00000000eb900000,0x00000000eb900000,0x00000000ed300000)
  from space 4608K, 93% used [0x00000000ed300000,0x00000000ed7380a0,0x00000000ed780000)
  to   space 5120K, 0% used [0x00000000ef200000,0x00000000ef200000,0x00000000ef700000)
 ParOldGen       total 42496K, used 9402K [0x00000000c2a00000, 0x00000000c5380000, 0x00000000eb900000)
  object space 42496K, 22% used [0x00000000c2a00000,0x00000000c332e9c0,0x00000000c5380000)
 Metaspace       used 13897K, capacity 14328K, committed 14592K, reserved 1062912K
  class space    used 1588K, capacity 1706K, committed 1792K, reserved 1048576K
}
Event: 56.403 GC heap before
{Heap before GC invocations=11 (full 1):
 PSYoungGen      total 31232K, used 30944K [0x00000000eb900000, 0x00000000ef700000, 0x0000000100000000)
  eden space 26624K, 100% used [0x00000000eb900000,0x00000000ed300000,0x00000000ed300000)
  from space 4608K, 93% used [0x00000000ed300000,0x00000000ed7380a0,0x00000000ed780000)
  to   space 5120K, 0% used [0x00000000ef200000,0x00000000ef200000,0x00000000ef700000)
 ParOldGen       total 42496K, used 9402K [0x00000000c2a00000, 0x00000000c5380000, 0x00000000eb900000)
  object space 42496K, 22% used [0x00000000c2a00000,0x00000000c332e9c0,0x00000000c5380000)
 Metaspace       used 13914K, capacity 14328K, committed 14592K, reserved 1062912K
  class space    used 1588K, capacity 1706K, committed 1792K, reserved 1048576K
Event: 56.424 GC heap after
Heap after GC invocations=11 (full 1):
 PSYoungGen      total 47104K, used 4064K [0x00000000eb900000, 0x00000000ef600000, 0x0000000100000000)
  eden space 43008K, 0% used [0x00000000eb900000,0x00000000eb900000,0x00000000ee300000)
  from space 4096K, 99% used [0x00000000ef200000,0x00000000ef5f80a0,0x00000000ef600000)
  to   space 5120K, 0% used [0x00000000eec00000,0x00000000eec00000,0x00000000ef100000)
 ParOldGen       total 42496K, used 11485K [0x00000000c2a00000, 0x00000000c5380000, 0x00000000eb900000)
  object space 42496K, 27% used [0x00000000c2a00000,0x00000000c3537788,0x00000000c5380000)
 Metaspace       used 13914K, capacity 14328K, committed 14592K, reserved 1062912K
  class space    used 1588K, capacity 1706K, committed 1792K, reserved 1048576K
}
Event: 57.051 GC heap before
{Heap before GC invocations=12 (full 1):
 PSYoungGen      total 47104K, used 47072K [0x00000000eb900000, 0x00000000ef600000, 0x0000000100000000)
  eden space 43008K, 100% used [0x00000000eb900000,0x00000000ee300000,0x00000000ee300000)
  from space 4096K, 99% used [0x00000000ef200000,0x00000000ef5f80a0,0x00000000ef600000)
  to   space 5120K, 0% used [0x00000000eec00000,0x00000000eec00000,0x00000000ef100000)
 ParOldGen       total 42496K, used 11485K [0x00000000c2a00000, 0x00000000c5380000, 0x00000000eb900000)
  object space 42496K, 27% used [0x00000000c2a00000,0x00000000c3537788,0x00000000c5380000)
 Metaspace       used 13952K, capacity 14328K, committed 14592K, reserved 1062912K
  class space    used 1588K, capacity 1706K, committed 1792K, reserved 1048576K
Event: 57.082 GC heap after
Heap after GC invocations=12 (full 1):
 PSYoungGen      total 57344K, used 4224K [0x00000000eb900000, 0x00000000f0680000, 0x0000000100000000)
  eden space 52224K, 0% used [0x00000000eb900000,0x00000000eb900000,0x00000000eec00000)
  from space 5120K, 82% used [0x00000000eec00000,0x00000000ef020010,0x00000000ef100000)
  to   space 5120K, 0% used [0x00000000f0180000,0x00000000f0180000,0x00000000f0680000)
 ParOldGen       total 42496K, used 13627K [0x00000000c2a00000, 0x00000000c5380000, 0x00000000eb900000)
  object space 42496K, 32% used [0x00000000c2a00000,0x00000000c374ed70,0x00000000c5380000)
 Metaspace       used 13952K, capacity 14328K, committed 14592K, reserved 1062912K
  class space    used 1588K, capacity 1706K, committed 1792K, reserved 1048576K
}
Event: 65.250 GC heap before
{Heap before GC invocations=13 (full 1):
 PSYoungGen      total 57344K, used 56448K [0x00000000eb900000, 0x00000000f0680000, 0x0000000100000000)
  eden space 52224K, 100% used [0x00000000eb900000,0x00000000eec00000,0x00000000eec00000)
  from space 5120K, 82% used [0x00000000eec00000,0x00000000ef020010,0x00000000ef100000)
  to   space 5120K, 0% used [0x00000000f0180000,0x00000000f0180000,0x00000000f0680000)
 ParOldGen       total 42496K, used 13627K [0x00000000c2a00000, 0x00000000c5380000, 0x00000000eb900000)
  object space 42496K, 32% used [0x00000000c2a00000,0x00000000c374ed70,0x00000000c5380000)
 Metaspace       used 14784K, capacity 15296K, committed 15360K, reserved 1062912K
  class space    used 1636K, capacity 1771K, committed 1792K, reserved 1048576K
Event: 65.322 GC heap after
Heap after GC invocations=13 (full 1):
 PSYoungGen      total 74240K, used 4970K [0x00000000eb900000, 0x00000000f1500000, 0x0000000100000000)
  eden space 69120K, 0% used [0x00000000eb900000,0x00000000eb900000,0x00000000efc80000)
  from space 5120K, 97% used [0x00000000f0180000,0x00000000f065ab60,0x00000000f0680000)
  to   space 5120K, 0% used [0x00000000efc80000,0x00000000efc80000,0x00000000f0180000)
 ParOldGen       total 42496K, used 17817K [0x00000000c2a00000, 0x00000000c5380000, 0x00000000eb900000)
  object space 42496K, 41% used [0x00000000c2a00000,0x00000000c3b66428,0x00000000c5380000)
 Metaspace       used 14784K, capacity 15296K, committed 15360K, reserved 1062912K
  class space    used 1636K, capacity 1771K, committed 1792K, reserved 1048576K
}
Event: 101.108 GC heap before
{Heap before GC invocations=14 (full 1):
 PSYoungGen      total 74240K, used 74090K [0x00000000eb900000, 0x00000000f1500000, 0x0000000100000000)
  eden space 69120K, 100% used [0x00000000eb900000,0x00000000efc80000,0x00000000efc80000)
  from space 5120K, 97% used [0x00000000f0180000,0x00000000f065ab60,0x00000000f0680000)
  to   space 5120K, 0% used [0x00000000efc80000,0x00000000efc80000,0x00000000f0180000)
 ParOldGen       total 42496K, used 17817K [0x00000000c2a00000, 0x00000000c5380000, 0x00000000eb900000)
  object space 42496K, 41% used [0x00000000c2a00000,0x00000000c3b66428,0x00000000c5380000)
 Metaspace       used 14887K, capacity 15362K, committed 15616K, reserved 1062912K
  class space    used 1643K, capacity 1780K, committed 1792K, reserved 1048576K

