# JRE version: Java(TM) SE Runtime Environment (8.0_201-b09) (build 1.8.0_201-b09)
# Java VM: Java HotSpot(TM) 64-Bit Server VM (25.201-b09 mixed mode linux-amd64 compressed oops)
Heap:
 PSYoungGen      total 203776K, used 8676K [0x00000000eb900000, 0x00000000fb300000, 0x0000000100000000)
  eden space 195072K, 0% used [0x00000000eb900000,0x00000000eb900000,0x00000000f7780000)
  from space 8704K, 99% used [0x00000000fa200000,0x00000000faa79060,0x00000000faa80000)
  to   space 6144K, 0% used [0x00000000fad00000,0x00000000fad00000,0x00000000fb300000)
 ParOldGen       total 42496K, used 24981K [0x00000000c2a00000, 0x00000000c5380000, 0x00000000eb900000)
  object space 42496K, 58% used [0x00000000c2a00000,0x00000000c4265708,0x00000000c5380000)
 Metaspace       used 18848K, capacity 19380K, committed 19584K, reserved 1067008K
  class space    used 2176K, capacity 2314K, committed 2432K, reserved 1048576K
GC Heap History (10 events):
Event: 107.590 GC heap after
Heap after GC invocations=7 (full 1):
 PSYoungGen      total 63488K, used 2538K [0x00000000eb900000, 0x00000000f0100000, 0x0000000100000000)
  eden space 60928K, 0% used [0x00000000eb900000,0x00000000eb900000,0x00000000ef480000)
  from space 2560K, 99% used [0x00000000ef980000,0x00000000efbfa860,0x00000000efc00000)
  to   space 5120K, 0% used [0x00000000ef480000,0x00000000ef480000,0x00000000ef980000)
 ParOldGen       total 42496K, used 11453K [0x00000000c2a00000, 0x00000000c5380000, 0x00000000eb900000)
  object space 42496K, 26% used [0x00000000c2a00000,0x00000000c352f4e0,0x00000000c5380000)
 Metaspace       used 13759K, capacity 14220K, committed 14336K, reserved 1062912K
  class space    used 1557K, capacity 1700K, committed 1792K, reserved 1048576K
}
Event: 108.858 GC heap before
{Heap before GC invocations=8 (full 1):
 PSYoungGen      total 63488K, used 63466K [0x00000000eb900000, 0x00000000f0100000, 0x0000000100000000)
  eden space 60928K, 100% used [0x00000000eb900000,0x00000000ef480000,0x00000000ef480000)
  from space 2560K, 99% used [0x00000000ef980000,0x00000000efbfa860,0x00000000efc00000)
  to   space 5120K, 0% used [0x00000000ef480000,0x00000000ef480000,0x00000000ef980000)
 ParOldGen       total 42496K, used 11453K [0x00000000c2a00000, 0x00000000c5380000, 0x00000000eb900000)
  object space 42496K, 26% used [0x00000000c2a00000,0x00000000c352f4e0,0x00000000c5380000)
 Metaspace       used 13790K, capacity 14220K, committed 14336K, reserved 1062912K
  class space    used 1557K, capacity 1700K, committed 1792K, reserved 1048576K
Event: 108.874 GC heap after
Heap after GC invocations=8 (full 1):
 PSYoungGen      total 66048K, used 4776K [0x00000000eb900000, 0x00000000f3a00000, 0x0000000100000000)
  eden space 60928K, 0% used [0x00000000eb900000,0x00000000eb900000,0x00000000ef480000)
  from space 5120K, 93% used [0x00000000ef480000,0x00000000ef92a1e0,0x00000000ef980000)
  to   space 5120K, 0% used [0x00000000f3500000,0x00000000f3500000,0x00000000f3a00000)
 ParOldGen       total 42496K, used 11461K [0x00000000c2a00000, 0x00000000c5380000, 0x00000000eb900000)
  object space 42496K, 26% used [0x00000000c2a00000,0x00000000c35314e0,0x00000000c5380000)
 Metaspace       used 13790K, capacity 14220K, committed 14336K, reserved 1062912K
  class space    used 1557K, capacity 1700K, committed 1792K, reserved 1048576K
}
Event: 108.938 GC heap before
{Heap before GC invocations=9 (full 1):
 PSYoungGen      total 66048K, used 65704K [0x00000000eb900000, 0x00000000f3a00000, 0x0000000100000000)
  eden space 60928K, 100% used [0x00000000eb900000,0x00000000ef480000,0x00000000ef480000)
  from space 5120K, 93% used [0x00000000ef480000,0x00000000ef92a1e0,0x00000000ef980000)
  to   space 5120K, 0% used [0x00000000f3500000,0x00000000f3500000,0x00000000f3a00000)
 ParOldGen       total 42496K, used 11461K [0x00000000c2a00000, 0x00000000c5380000, 0x00000000eb900000)
  object space 42496K, 26% used [0x00000000c2a00000,0x00000000c35314e0,0x00000000c5380000)
 Metaspace       used 13793K, capacity 14220K, committed 14336K, reserved 1062912K
  class space    used 1557K, capacity 1700K, committed 1792K, reserved 1048576K
Event: 108.956 GC heap after
Heap after GC invocations=9 (full 1):
 PSYoungGen      total 126976K, used 4158K [0x00000000eb900000, 0x00000000f3a00000, 0x0000000100000000)
  eden space 121856K, 0% used [0x00000000eb900000,0x00000000eb900000,0x00000000f3000000)
  from space 5120K, 81% used [0x00000000f3500000,0x00000000f390f990,0x00000000f3a00000)
  to   space 5120K, 0% used [0x00000000f3000000,0x00000000f3000000,0x00000000f3500000)
 ParOldGen       total 42496K, used 12951K [0x00000000c2a00000, 0x00000000c5380000, 0x00000000eb900000)
  object space 42496K, 30% used [0x00000000c2a00000,0x00000000c36a5cc8,0x00000000c5380000)
 Metaspace       used 13793K, capacity 14220K, committed 14336K, reserved 1062912K
  class space    used 1557K, capacity 1700K, committed 1792K, reserved 1048576K
}
Event: 109.898 GC heap before
{Heap before GC invocations=10 (full 1):
 PSYoungGen      total 126976K, used 126014K [0x00000000eb900000, 0x00000000f3a00000, 0x0000000100000000)
  eden space 121856K, 100% used [0x00000000eb900000,0x00000000f3000000,0x00000000f3000000)
  from space 5120K, 81% used [0x00000000f3500000,0x00000000f390f990,0x00000000f3a00000)
  to   space 5120K, 0% used [0x00000000f3000000,0x00000000f3000000,0x00000000f3500000)
 ParOldGen       total 42496K, used 12951K [0x00000000c2a00000, 0x00000000c5380000, 0x00000000eb900000)
  object space 42496K, 30% used [0x00000000c2a00000,0x00000000c36a5cc8,0x00000000c5380000)
 Metaspace       used 13812K, capacity 14220K, committed 14336K, reserved 1062912K
  class space    used 1557K, capacity 1700K, committed 1792K, reserved 1048576K
Event: 109.919 GC heap after
Heap after GC invocations=10 (full 1):
 PSYoungGen      total 126976K, used 5088K [0x00000000eb900000, 0x00000000fb300000, 0x0000000100000000)
  eden space 121856K, 0% used [0x00000000eb900000,0x00000000eb900000,0x00000000f3000000)
  from space 5120K, 99% used [0x00000000f3000000,0x00000000f34f80a0,0x00000000f3500000)
  to   space 6144K, 0% used [0x00000000fad00000,0x00000000fad00000,0x00000000fb300000)
 ParOldGen       total 42496K, used 14111K [0x00000000c2a00000, 0x00000000c5380000, 0x00000000eb900000)
  object space 42496K, 33% used [0x00000000c2a00000,0x00000000c37c7cc8,0x00000000c5380000)
 Metaspace       used 13812K, capacity 14220K, committed 14336K, reserved 1062912K
  class space    used 1557K, capacity 1700K, committed 1792K, reserved 1048576K
}
Event: 112.953 GC heap before
{Heap before GC invocations=11 (full 1):
 PSYoungGen      total 126976K, used 126944K [0x00000000eb900000, 0x00000000fb300000, 0x0000000100000000)
  eden space 121856K, 100% used [0x00000000eb900000,0x00000000f3000000,0x00000000f3000000)
  from space 5120K, 99% used [0x00000000f3000000,0x00000000f34f80a0,0x00000000f3500000)
  to   space 6144K, 0% used [0x00000000fad00000,0x00000000fad00000,0x00000000fb300000)
 ParOldGen       total 42496K, used 14111K [0x00000000c2a00000, 0x00000000c5380000, 0x00000000eb900000)
  object space 42496K, 33% used [0x00000000c2a00000,0x00000000c37c7cc8,0x00000000c5380000)
 Metaspace       used 15970K, capacity 16446K, committed 16640K, reserved 1064960K
  class space    used 1799K, capacity 1949K, committed 2048K, reserved 1048576K
Event: 113.003 GC heap after
Heap after GC invocations=11 (full 1):
 PSYoungGen      total 201216K, used 6112K [0x00000000eb900000, 0x00000000fb300000, 0x0000000100000000)
  eden space 195072K, 0% used [0x00000000eb900000,0x00000000eb900000,0x00000000f7780000)
  from space 6144K, 99% used [0x00000000fad00000,0x00000000fb2f8010,0x00000000fb300000)
  to   space 8704K, 0% used [0x00000000fa200000,0x00000000fa200000,0x00000000faa80000)
 ParOldGen       total 42496K, used 19693K [0x00000000c2a00000, 0x00000000c5380000, 0x00000000eb900000)
  object space 42496K, 46% used [0x00000000c2a00000,0x00000000c3d3b5c8,0x00000000c5380000)
 Metaspace       used 15970K, capacity 16446K, committed 16640K, reserved 1064960K
  class space    used 1799K, capacity 1949K, committed 2048K, reserved 1048576K
}
Event: 134.203 GC heap before
{Heap before GC invocations=12 (full 1):
 PSYoungGen      total 201216K, used 201184K [0x00000000eb900000, 0x00000000fb300000, 0x0000000100000000)
  eden space 195072K, 100% used [0x00000000eb900000,0x00000000f7780000,0x00000000f7780000)
  from space 6144K, 99% used [0x00000000fad00000,0x00000000fb2f8010,0x00000000fb300000)
  to   space 8704K, 0% used [0x00000000fa200000,0x00000000fa200000,0x00000000faa80000)
 ParOldGen       total 42496K, used 19693K [0x00000000c2a00000, 0x00000000c5380000, 0x00000000eb900000)
  object space 42496K, 46% used [0x00000000c2a00000,0x00000000c3d3b5c8,0x00000000c5380000)
 Metaspace       used 18848K, capacity 19380K, committed 19584K, reserved 1067008K
  class space    used 2176K, capacity 2314K, committed 2432K, reserved 1048576K

