# JRE version: Java(TM) SE Runtime Environment (8.0_201-b09) (build 1.8.0_201-b09)
# Java VM: Java HotSpot(TM) 64-Bit Server VM (25.201-b09 mixed mode linux-amd64 compressed oops)
Heap:
 PSYoungGen      total 246272K, used 30501K [0x00000000eb900000, 0x00000000fcb00000, 0x0000000100000000)
  eden space 214528K, 0% used [0x00000000eb900000,0x00000000eb900000,0x00000000f8a80000)
  from space 31744K, 96% used [0x00000000f8a80000,0x00000000fa849478,0x00000000fa980000)
  to   space 29184K, 0% used [0x00000000fa980000,0x00000000fa980000,0x00000000fc600000)
 ParOldGen       total 87040K, used 50124K [0x00000000c2a00000, 0x00000000c7f00000, 0x00000000eb900000)
  object space 87040K, 57% used [0x00000000c2a00000,0x00000000c5af3218,0x00000000c7f00000)
 Metaspace       used 20466K, capacity 21094K, committed 21376K, reserved 1069056K
  class space    used 2196K, capacity 2346K, committed 2432K, reserved 1048576K
GC Heap History (10 events):
Event: 33.429 GC heap after
Heap after GC invocations=14 (full 2):
 PSYoungGen      total 183808K, used 17520K [0x00000000eb900000, 0x00000000f8580000, 0x0000000100000000)
  eden space 160256K, 0% used [0x00000000eb900000,0x00000000eb900000,0x00000000f5580000)
  from space 23552K, 74% used [0x00000000f6d80000,0x00000000f7e9c060,0x00000000f8480000)
  to   space 24576K, 0% used [0x00000000f5580000,0x00000000f5580000,0x00000000f6d80000)
 ParOldGen       total 87040K, used 50108K [0x00000000c2a00000, 0x00000000c7f00000, 0x00000000eb900000)
  object space 87040K, 57% used [0x00000000c2a00000,0x00000000c5aef218,0x00000000c7f00000)
 Metaspace       used 19611K, capacity 20090K, committed 20224K, reserved 1067008K
  class space    used 2131K, capacity 2232K, committed 2304K, reserved 1048576K
}
Event: 40.159 GC heap before
{Heap before GC invocations=15 (full 2):
 PSYoungGen      total 183808K, used 177776K [0x00000000eb900000, 0x00000000f8580000, 0x0000000100000000)
  eden space 160256K, 100% used [0x00000000eb900000,0x00000000f5580000,0x00000000f5580000)
  from space 23552K, 74% used [0x00000000f6d80000,0x00000000f7e9c060,0x00000000f8480000)
  to   space 24576K, 0% used [0x00000000f5580000,0x00000000f5580000,0x00000000f6d80000)
 ParOldGen       total 87040K, used 50108K [0x00000000c2a00000, 0x00000000c7f00000, 0x00000000eb900000)
  object space 87040K, 57% used [0x00000000c2a00000,0x00000000c5aef218,0x00000000c7f00000)
 Metaspace       used 19702K, capacity 20152K, committed 20224K, reserved 1067008K
  class space    used 2142K, capacity 2269K, committed 2304K, reserved 1048576K
Event: 40.263 GC heap after
Heap after GC invocations=15 (full 2):
 PSYoungGen      total 184832K, used 18608K [0x00000000eb900000, 0x00000000fa200000, 0x0000000100000000)
  eden space 160256K, 0% used [0x00000000eb900000,0x00000000eb900000,0x00000000f5580000)
  from space 24576K, 75% used [0x00000000f5580000,0x00000000f67ac070,0x00000000f6d80000)
  to   space 25600K, 0% used [0x00000000f8900000,0x00000000f8900000,0x00000000fa200000)
 ParOldGen       total 87040K, used 50116K [0x00000000c2a00000, 0x00000000c7f00000, 0x00000000eb900000)
  object space 87040K, 57% used [0x00000000c2a00000,0x00000000c5af1218,0x00000000c7f00000)
 Metaspace       used 19702K, capacity 20152K, committed 20224K, reserved 1067008K
  class space    used 2142K, capacity 2269K, committed 2304K, reserved 1048576K
}
Event: 42.118 GC heap before
{Heap before GC invocations=16 (full 2):
 PSYoungGen      total 184832K, used 178864K [0x00000000eb900000, 0x00000000fa200000, 0x0000000100000000)
  eden space 160256K, 100% used [0x00000000eb900000,0x00000000f5580000,0x00000000f5580000)
  from space 24576K, 75% used [0x00000000f5580000,0x00000000f67ac070,0x00000000f6d80000)
  to   space 25600K, 0% used [0x00000000f8900000,0x00000000f8900000,0x00000000fa200000)
 ParOldGen       total 87040K, used 50116K [0x00000000c2a00000, 0x00000000c7f00000, 0x00000000eb900000)
  object space 87040K, 57% used [0x00000000c2a00000,0x00000000c5af1218,0x00000000c7f00000)
 Metaspace       used 19796K, capacity 20246K, committed 20480K, reserved 1067008K
  class space    used 2145K, capacity 2274K, committed 2304K, reserved 1048576K
Event: 42.225 GC heap after
Heap after GC invocations=16 (full 2):
 PSYoungGen      total 211456K, used 20416K [0x00000000eb900000, 0x00000000fa480000, 0x0000000100000000)
  eden space 185856K, 0% used [0x00000000eb900000,0x00000000eb900000,0x00000000f6e80000)
  from space 25600K, 79% used [0x00000000f8900000,0x00000000f9cf0040,0x00000000fa200000)
  to   space 27136K, 0% used [0x00000000f6e80000,0x00000000f6e80000,0x00000000f8900000)
 ParOldGen       total 87040K, used 50116K [0x00000000c2a00000, 0x00000000c7f00000, 0x00000000eb900000)
  object space 87040K, 57% used [0x00000000c2a00000,0x00000000c5af1218,0x00000000c7f00000)
 Metaspace       used 19796K, capacity 20246K, committed 20480K, reserved 1067008K
  class space    used 2145K, capacity 2274K, committed 2304K, reserved 1048576K
}
Event: 44.450 GC heap before
{Heap before GC invocations=17 (full 2):
 PSYoungGen      total 211456K, used 206272K [0x00000000eb900000, 0x00000000fa480000, 0x0000000100000000)
  eden space 185856K, 100% used [0x00000000eb900000,0x00000000f6e80000,0x00000000f6e80000)
  from space 25600K, 79% used [0x00000000f8900000,0x00000000f9cf0040,0x00000000fa200000)
  to   space 27136K, 0% used [0x00000000f6e80000,0x00000000f6e80000,0x00000000f8900000)
 ParOldGen       total 87040K, used 50116K [0x00000000c2a00000, 0x00000000c7f00000, 0x00000000eb900000)
  object space 87040K, 57% used [0x00000000c2a00000,0x00000000c5af1218,0x00000000c7f00000)
 Metaspace       used 19903K, capacity 20412K, committed 20480K, reserved 1067008K
  class space    used 2154K, capacity 2291K, committed 2304K, reserved 1048576K
Event: 44.604 GC heap after
Heap after GC invocations=17 (full 2):
 PSYoungGen      total 212992K, used 22432K [0x00000000eb900000, 0x00000000fc600000, 0x0000000100000000)
  eden space 185856K, 0% used [0x00000000eb900000,0x00000000eb900000,0x00000000f6e80000)
  from space 27136K, 82% used [0x00000000f6e80000,0x00000000f8468080,0x00000000f8900000)
  to   space 29184K, 0% used [0x00000000fa980000,0x00000000fa980000,0x00000000fc600000)
 ParOldGen       total 87040K, used 50116K [0x00000000c2a00000, 0x00000000c7f00000, 0x00000000eb900000)
  object space 87040K, 57% used [0x00000000c2a00000,0x00000000c5af1218,0x00000000c7f00000)
 Metaspace       used 19903K, capacity 20412K, committed 20480K, reserved 1067008K
  class space    used 2154K, capacity 2291K, committed 2304K, reserved 1048576K
}
Event: 46.522 GC heap before
{Heap before GC invocations=18 (full 2):
 PSYoungGen      total 212992K, used 208288K [0x00000000eb900000, 0x00000000fc600000, 0x0000000100000000)
  eden space 185856K, 100% used [0x00000000eb900000,0x00000000f6e80000,0x00000000f6e80000)
  from space 27136K, 82% used [0x00000000f6e80000,0x00000000f8468080,0x00000000f8900000)
  to   space 29184K, 0% used [0x00000000fa980000,0x00000000fa980000,0x00000000fc600000)
 ParOldGen       total 87040K, used 50116K [0x00000000c2a00000, 0x00000000c7f00000, 0x00000000eb900000)
  object space 87040K, 57% used [0x00000000c2a00000,0x00000000c5af1218,0x00000000c7f00000)
 Metaspace       used 20045K, capacity 20608K, committed 20864K, reserved 1067008K
  class space    used 2167K, capacity 2313K, committed 2432K, reserved 1048576K
Event: 46.650 GC heap after
Heap after GC invocations=18 (full 2):
 PSYoungGen      total 243712K, used 25024K [0x00000000eb900000, 0x00000000fcb00000, 0x0000000100000000)
  eden space 214528K, 0% used [0x00000000eb900000,0x00000000eb900000,0x00000000f8a80000)
  from space 29184K, 85% used [0x00000000fa980000,0x00000000fc1f0040,0x00000000fc600000)
  to   space 31744K, 0% used [0x00000000f8a80000,0x00000000f8a80000,0x00000000fa980000)
 ParOldGen       total 87040K, used 50116K [0x00000000c2a00000, 0x00000000c7f00000, 0x00000000eb900000)
  object space 87040K, 57% used [0x00000000c2a00000,0x00000000c5af1218,0x00000000c7f00000)
 Metaspace       used 20045K, capacity 20608K, committed 20864K, reserved 1067008K
  class space    used 2167K, capacity 2313K, committed 2432K, reserved 1048576K
}
Event: 51.277 GC heap before
{Heap before GC invocations=19 (full 2):
 PSYoungGen      total 243712K, used 239552K [0x00000000eb900000, 0x00000000fcb00000, 0x0000000100000000)
  eden space 214528K, 100% used [0x00000000eb900000,0x00000000f8a80000,0x00000000f8a80000)
  from space 29184K, 85% used [0x00000000fa980000,0x00000000fc1f0040,0x00000000fc600000)
  to   space 31744K, 0% used [0x00000000f8a80000,0x00000000f8a80000,0x00000000fa980000)
 ParOldGen       total 87040K, used 50116K [0x00000000c2a00000, 0x00000000c7f00000, 0x00000000eb900000)
  object space 87040K, 57% used [0x00000000c2a00000,0x00000000c5af1218,0x00000000c7f00000)
 Metaspace       used 20466K, capacity 21094K, committed 21376K, reserved 1069056K
  class space    used 2196K, capacity 2346K, committed 2432K, reserved 1048576K

