# JRE version: Java(TM) SE Runtime Environment (8.0_201-b09) (build 1.8.0_201-b09)
# Java VM: Java HotSpot(TM) 64-Bit Server VM (25.201-b09 mixed mode linux-amd64 compressed oops)
Heap:
 PSYoungGen      total 155648K, used 2432K [0x00000000eb900000, 0x00000000f7800000, 0x0000000100000000)
  eden space 150016K, 0% used [0x00000000eb900000,0x00000000eb900000,0x00000000f4b80000)
  from space 5632K, 43% used [0x00000000f4b80000,0x00000000f4de0000,0x00000000f5100000)
  to   space 5632K, 0% used [0x00000000f5100000,0x00000000f5100000,0x00000000f5680000)
 ParOldGen       total 42496K, used 19252K [0x00000000c2a00000, 0x00000000c5380000, 0x00000000eb900000)
  object space 42496K, 45% used [0x00000000c2a00000,0x00000000c3ccd3d0,0x00000000c5380000)
 Metaspace       used 14227K, capacity 14670K, committed 14848K, reserved 1062912K
  class space    used 1610K, capacity 1748K, committed 1792K, reserved 1048576K
GC Heap History (10 events):
Event: 31.960 GC heap after
Heap after GC invocations=9 (full 1):
 PSYoungGen      total 62976K, used 4596K [0x00000000eb900000, 0x00000000efe00000, 0x0000000100000000)
  eden space 58368K, 0% used [0x00000000eb900000,0x00000000eb900000,0x00000000ef200000)
  from space 4608K, 99% used [0x00000000ef780000,0x00000000efbfd180,0x00000000efc00000)
  to   space 5632K, 0% used [0x00000000ef200000,0x00000000ef200000,0x00000000ef780000)
 ParOldGen       total 42496K, used 7542K [0x00000000c2a00000, 0x00000000c5380000, 0x00000000eb900000)
  object space 42496K, 17% used [0x00000000c2a00000,0x00000000c315db68,0x00000000c5380000)
 Metaspace       used 14137K, capacity 14606K, committed 14848K, reserved 1062912K
  class space    used 1610K, capacity 1748K, committed 1792K, reserved 1048576K
}
Event: 32.305 GC heap before
{Heap before GC invocations=10 (full 1):
 PSYoungGen      total 62976K, used 62964K [0x00000000eb900000, 0x00000000efe00000, 0x0000000100000000)
  eden space 58368K, 100% used [0x00000000eb900000,0x00000000ef200000,0x00000000ef200000)
  from space 4608K, 99% used [0x00000000ef780000,0x00000000efbfd180,0x00000000efc00000)
  to   space 5632K, 0% used [0x00000000ef200000,0x00000000ef200000,0x00000000ef780000)
 ParOldGen       total 42496K, used 7542K [0x00000000c2a00000, 0x00000000c5380000, 0x00000000eb900000)
  object space 42496K, 17% used [0x00000000c2a00000,0x00000000c315db68,0x00000000c5380000)
 Metaspace       used 14166K, capacity 14670K, committed 14848K, reserved 1062912K
  class space    used 1610K, capacity 1748K, committed 1792K, reserved 1048576K
Event: 32.330 GC heap after
Heap after GC invocations=10 (full 1):
 PSYoungGen      total 64000K, used 4032K [0x00000000eb900000, 0x00000000f3600000, 0x0000000100000000)
  eden space 58368K, 0% used [0x00000000eb900000,0x00000000eb900000,0x00000000ef200000)
  from space 5632K, 71% used [0x00000000ef200000,0x00000000ef5f0060,0x00000000ef780000)
  to   space 5632K, 0% used [0x00000000f3080000,0x00000000f3080000,0x00000000f3600000)
 ParOldGen       total 42496K, used 8595K [0x00000000c2a00000, 0x00000000c5380000, 0x00000000eb900000)
  object space 42496K, 20% used [0x00000000c2a00000,0x00000000c3264ca8,0x00000000c5380000)
 Metaspace       used 14166K, capacity 14670K, committed 14848K, reserved 1062912K
  class space    used 1610K, capacity 1748K, committed 1792K, reserved 1048576K
}
Event: 32.697 GC heap before
{Heap before GC invocations=11 (full 1):
 PSYoungGen      total 64000K, used 62400K [0x00000000eb900000, 0x00000000f3600000, 0x0000000100000000)
  eden space 58368K, 100% used [0x00000000eb900000,0x00000000ef200000,0x00000000ef200000)
  from space 5632K, 71% used [0x00000000ef200000,0x00000000ef5f0060,0x00000000ef780000)
  to   space 5632K, 0% used [0x00000000f3080000,0x00000000f3080000,0x00000000f3600000)
 ParOldGen       total 42496K, used 8595K [0x00000000c2a00000, 0x00000000c5380000, 0x00000000eb900000)
  object space 42496K, 20% used [0x00000000c2a00000,0x00000000c3264ca8,0x00000000c5380000)
 Metaspace       used 14179K, capacity 14670K, committed 14848K, reserved 1062912K
  class space    used 1610K, capacity 1748K, committed 1792K, reserved 1048576K
Event: 32.719 GC heap after
Heap after GC invocations=11 (full 1):
 PSYoungGen      total 97792K, used 3888K [0x00000000eb900000, 0x00000000f3480000, 0x0000000100000000)
  eden space 93696K, 0% used [0x00000000eb900000,0x00000000eb900000,0x00000000f1480000)
  from space 4096K, 94% used [0x00000000f3080000,0x00000000f344c020,0x00000000f3480000)
  to   space 5632K, 0% used [0x00000000f2980000,0x00000000f2980000,0x00000000f2f00000)
 ParOldGen       total 42496K, used 10553K [0x00000000c2a00000, 0x00000000c5380000, 0x00000000eb900000)
  object space 42496K, 24% used [0x00000000c2a00000,0x00000000c344e700,0x00000000c5380000)
 Metaspace       used 14179K, capacity 14670K, committed 14848K, reserved 1062912K
  class space    used 1610K, capacity 1748K, committed 1792K, reserved 1048576K
}
Event: 33.330 GC heap before
{Heap before GC invocations=12 (full 1):
 PSYoungGen      total 97792K, used 97584K [0x00000000eb900000, 0x00000000f3480000, 0x0000000100000000)
  eden space 93696K, 100% used [0x00000000eb900000,0x00000000f1480000,0x00000000f1480000)
  from space 4096K, 94% used [0x00000000f3080000,0x00000000f344c020,0x00000000f3480000)
  to   space 5632K, 0% used [0x00000000f2980000,0x00000000f2980000,0x00000000f2f00000)
 ParOldGen       total 42496K, used 10553K [0x00000000c2a00000, 0x00000000c5380000, 0x00000000eb900000)
  object space 42496K, 24% used [0x00000000c2a00000,0x00000000c344e700,0x00000000c5380000)
 Metaspace       used 14202K, capacity 14670K, committed 14848K, reserved 1062912K
  class space    used 1610K, capacity 1748K, committed 1792K, reserved 1048576K
Event: 33.398 GC heap after
Heap after GC invocations=12 (full 1):
 PSYoungGen      total 120832K, used 2608K [0x00000000eb900000, 0x00000000f5680000, 0x0000000100000000)
  eden space 115200K, 0% used [0x00000000eb900000,0x00000000eb900000,0x00000000f2980000)
  from space 5632K, 46% used [0x00000000f2980000,0x00000000f2c0c020,0x00000000f2f00000)
  to   space 5632K, 0% used [0x00000000f5100000,0x00000000f5100000,0x00000000f5680000)
 ParOldGen       total 42496K, used 12480K [0x00000000c2a00000, 0x00000000c5380000, 0x00000000eb900000)
  object space 42496K, 29% used [0x00000000c2a00000,0x00000000c3630120,0x00000000c5380000)
 Metaspace       used 14202K, capacity 14670K, committed 14848K, reserved 1062912K
  class space    used 1610K, capacity 1748K, committed 1792K, reserved 1048576K
}
Event: 33.984 GC heap before
{Heap before GC invocations=13 (full 1):
 PSYoungGen      total 120832K, used 117808K [0x00000000eb900000, 0x00000000f5680000, 0x0000000100000000)
  eden space 115200K, 100% used [0x00000000eb900000,0x00000000f2980000,0x00000000f2980000)
  from space 5632K, 46% used [0x00000000f2980000,0x00000000f2c0c020,0x00000000f2f00000)
  to   space 5632K, 0% used [0x00000000f5100000,0x00000000f5100000,0x00000000f5680000)
 ParOldGen       total 42496K, used 12480K [0x00000000c2a00000, 0x00000000c5380000, 0x00000000eb900000)
  object space 42496K, 29% used [0x00000000c2a00000,0x00000000c3630120,0x00000000c5380000)
 Metaspace       used 14222K, capacity 14670K, committed 14848K, reserved 1062912K
  class space    used 1610K, capacity 1748K, committed 1792K, reserved 1048576K
Event: 34.011 GC heap after
Heap after GC invocations=13 (full 1):
 PSYoungGen      total 155648K, used 4632K [0x00000000eb900000, 0x00000000f7800000, 0x0000000100000000)
  eden space 150016K, 0% used [0x00000000eb900000,0x00000000eb900000,0x00000000f4b80000)
  from space 5632K, 82% used [0x00000000f5100000,0x00000000f5586258,0x00000000f5680000)
  to   space 5632K, 0% used [0x00000000f4b80000,0x00000000f4b80000,0x00000000f5100000)
 ParOldGen       total 42496K, used 14816K [0x00000000c2a00000, 0x00000000c5380000, 0x00000000eb900000)
  object space 42496K, 34% used [0x00000000c2a00000,0x00000000c3878070,0x00000000c5380000)
 Metaspace       used 14222K, capacity 14670K, committed 14848K, reserved 1062912K
  class space    used 1610K, capacity 1748K, committed 1792K, reserved 1048576K
}
Event: 34.982 GC heap before
{Heap before GC invocations=14 (full 1):
 PSYoungGen      total 155648K, used 154648K [0x00000000eb900000, 0x00000000f7800000, 0x0000000100000000)
  eden space 150016K, 100% used [0x00000000eb900000,0x00000000f4b80000,0x00000000f4b80000)
  from space 5632K, 82% used [0x00000000f5100000,0x00000000f5586258,0x00000000f5680000)
  to   space 5632K, 0% used [0x00000000f4b80000,0x00000000f4b80000,0x00000000f5100000)
 ParOldGen       total 42496K, used 14816K [0x00000000c2a00000, 0x00000000c5380000, 0x00000000eb900000)
  object space 42496K, 34% used [0x00000000c2a00000,0x00000000c3878070,0x00000000c5380000)
 Metaspace       used 14227K, capacity 14670K, committed 14848K, reserved 1062912K
  class space    used 1610K, capacity 1748K, committed 1792K, reserved 1048576K

