# JRE version: Java(TM) SE Runtime Environment (8.0_201-b09) (build 1.8.0_201-b09)
# Java VM: Java HotSpot(TM) 64-Bit Server VM (25.201-b09 mixed mode linux-amd64 compressed oops)
Heap:
 PSYoungGen      total 34304K, used 3456K [0x00000000eb900000, 0x00000000ee000000, 0x0000000100000000)
  eden space 30208K, 0% used [0x00000000eb900000,0x00000000eb900000,0x00000000ed680000)
  from space 4096K, 84% used [0x00000000ed680000,0x00000000ed9e0020,0x00000000eda80000)
  to   space 2560K, 0% used [0x00000000eda80000,0x00000000eda80000,0x00000000edd00000)
 ParOldGen       total 42496K, used 5254K [0x00000000c2a00000, 0x00000000c5380000, 0x00000000eb900000)
  object space 42496K, 12% used [0x00000000c2a00000,0x00000000c2f21880,0x00000000c5380000)
 Metaspace       used 14085K, capacity 14514K, committed 14592K, reserved 1062912K
  class space    used 1612K, capacity 1718K, committed 1792K, reserved 1048576K
GC Heap History (10 events):
Event: 3.713 GC heap after
Heap after GC invocations=3 (full 1):
 PSYoungGen      total 18432K, used 0K [0x00000000eb900000, 0x00000000ecd80000, 0x0000000100000000)
  eden space 15872K, 0% used [0x00000000eb900000,0x00000000eb900000,0x00000000ec880000)
  from space 2560K, 0% used [0x00000000ecb00000,0x00000000ecb00000,0x00000000ecd80000)
  to   space 2560K, 0% used [0x00000000ec880000,0x00000000ec880000,0x00000000ecb00000)
 ParOldGen       total 42496K, used 2717K [0x00000000c2a00000, 0x00000000c5380000, 0x00000000eb900000)
  object space 42496K, 6% used [0x00000000c2a00000,0x00000000c2ca7438,0x00000000c5380000)
 Metaspace       used 10095K, capacity 10242K, committed 10624K, reserved 1058816K
  class space    used 1225K, capacity 1285K, committed 1408K, reserved 1048576K
}
Event: 40.046 GC heap before
{Heap before GC invocations=4 (full 1):
 PSYoungGen      total 18432K, used 15865K [0x00000000eb900000, 0x00000000ecd80000, 0x0000000100000000)
  eden space 15872K, 99% used [0x00000000eb900000,0x00000000ec87e6d0,0x00000000ec880000)
  from space 2560K, 0% used [0x00000000ecb00000,0x00000000ecb00000,0x00000000ecd80000)
  to   space 2560K, 0% used [0x00000000ec880000,0x00000000ec880000,0x00000000ecb00000)
 ParOldGen       total 42496K, used 2717K [0x00000000c2a00000, 0x00000000c5380000, 0x00000000eb900000)
  object space 42496K, 6% used [0x00000000c2a00000,0x00000000c2ca7438,0x00000000c5380000)
 Metaspace       used 13219K, capacity 13606K, committed 13696K, reserved 1060864K
  class space    used 1548K, capacity 1652K, committed 1664K, reserved 1048576K
Event: 40.075 GC heap after
Heap after GC invocations=4 (full 1):
 PSYoungGen      total 18432K, used 2554K [0x00000000eb900000, 0x00000000ecd80000, 0x0000000100000000)
  eden space 15872K, 0% used [0x00000000eb900000,0x00000000eb900000,0x00000000ec880000)
  from space 2560K, 99% used [0x00000000ec880000,0x00000000ecafe808,0x00000000ecb00000)
  to   space 2560K, 0% used [0x00000000ecb00000,0x00000000ecb00000,0x00000000ecd80000)
 ParOldGen       total 42496K, used 3695K [0x00000000c2a00000, 0x00000000c5380000, 0x00000000eb900000)
  object space 42496K, 8% used [0x00000000c2a00000,0x00000000c2d9bf00,0x00000000c5380000)
 Metaspace       used 13219K, capacity 13606K, committed 13696K, reserved 1060864K
  class space    used 1548K, capacity 1652K, committed 1664K, reserved 1048576K
}
Event: 42.919 GC heap before
{Heap before GC invocations=5 (full 1):
 PSYoungGen      total 18432K, used 18426K [0x00000000eb900000, 0x00000000ecd80000, 0x0000000100000000)
  eden space 15872K, 100% used [0x00000000eb900000,0x00000000ec880000,0x00000000ec880000)
  from space 2560K, 99% used [0x00000000ec880000,0x00000000ecafe808,0x00000000ecb00000)
  to   space 2560K, 0% used [0x00000000ecb00000,0x00000000ecb00000,0x00000000ecd80000)
 ParOldGen       total 42496K, used 3695K [0x00000000c2a00000, 0x00000000c5380000, 0x00000000eb900000)
  object space 42496K, 8% used [0x00000000c2a00000,0x00000000c2d9bf00,0x00000000c5380000)
 Metaspace       used 13935K, capacity 14322K, committed 14592K, reserved 1062912K
  class space    used 1609K, capacity 1718K, committed 1792K, reserved 1048576K
Event: 42.955 GC heap after
Heap after GC invocations=5 (full 1):
 PSYoungGen      total 18432K, used 2550K [0x00000000eb900000, 0x00000000ecd80000, 0x0000000100000000)
  eden space 15872K, 0% used [0x00000000eb900000,0x00000000eb900000,0x00000000ec880000)
  from space 2560K, 99% used [0x00000000ecb00000,0x00000000ecd7d810,0x00000000ecd80000)
  to   space 2560K, 0% used [0x00000000ec880000,0x00000000ec880000,0x00000000ecb00000)
 ParOldGen       total 42496K, used 4193K [0x00000000c2a00000, 0x00000000c5380000, 0x00000000eb900000)
  object space 42496K, 9% used [0x00000000c2a00000,0x00000000c2e184e0,0x00000000c5380000)
 Metaspace       used 13935K, capacity 14322K, committed 14592K, reserved 1062912K
  class space    used 1609K, capacity 1718K, committed 1792K, reserved 1048576K
}
Event: 43.624 GC heap before
{Heap before GC invocations=6 (full 1):
 PSYoungGen      total 18432K, used 18422K [0x00000000eb900000, 0x00000000ecd80000, 0x0000000100000000)
  eden space 15872K, 100% used [0x00000000eb900000,0x00000000ec880000,0x00000000ec880000)
  from space 2560K, 99% used [0x00000000ecb00000,0x00000000ecd7d810,0x00000000ecd80000)
  to   space 2560K, 0% used [0x00000000ec880000,0x00000000ec880000,0x00000000ecb00000)
 ParOldGen       total 42496K, used 4193K [0x00000000c2a00000, 0x00000000c5380000, 0x00000000eb900000)
  object space 42496K, 9% used [0x00000000c2a00000,0x00000000c2e184e0,0x00000000c5380000)
 Metaspace       used 13984K, capacity 14450K, committed 14592K, reserved 1062912K
  class space    used 1609K, capacity 1718K, committed 1792K, reserved 1048576K
Event: 43.641 GC heap after
Heap after GC invocations=6 (full 1):
 PSYoungGen      total 18432K, used 2540K [0x00000000eb900000, 0x00000000edd00000, 0x0000000100000000)
  eden space 15872K, 0% used [0x00000000eb900000,0x00000000eb900000,0x00000000ec880000)
  from space 2560K, 99% used [0x00000000ec880000,0x00000000ecafb020,0x00000000ecb00000)
  to   space 2560K, 0% used [0x00000000eda80000,0x00000000eda80000,0x00000000edd00000)
 ParOldGen       total 42496K, used 4436K [0x00000000c2a00000, 0x00000000c5380000, 0x00000000eb900000)
  object space 42496K, 10% used [0x00000000c2a00000,0x00000000c2e55198,0x00000000c5380000)
 Metaspace       used 13984K, capacity 14450K, committed 14592K, reserved 1062912K
  class space    used 1609K, capacity 1718K, committed 1792K, reserved 1048576K
}
Event: 44.837 GC heap before
{Heap before GC invocations=7 (full 1):
 PSYoungGen      total 18432K, used 18412K [0x00000000eb900000, 0x00000000edd00000, 0x0000000100000000)
  eden space 15872K, 100% used [0x00000000eb900000,0x00000000ec880000,0x00000000ec880000)
  from space 2560K, 99% used [0x00000000ec880000,0x00000000ecafb020,0x00000000ecb00000)
  to   space 2560K, 0% used [0x00000000eda80000,0x00000000eda80000,0x00000000edd00000)
 ParOldGen       total 42496K, used 4436K [0x00000000c2a00000, 0x00000000c5380000, 0x00000000eb900000)
  object space 42496K, 10% used [0x00000000c2a00000,0x00000000c2e55198,0x00000000c5380000)
 Metaspace       used 14016K, capacity 14450K, committed 14592K, reserved 1062912K
  class space    used 1610K, capacity 1718K, committed 1792K, reserved 1048576K
Event: 44.854 GC heap after
Heap after GC invocations=7 (full 1):
 PSYoungGen      total 32768K, used 2544K [0x00000000eb900000, 0x00000000ee000000, 0x0000000100000000)
  eden space 30208K, 0% used [0x00000000eb900000,0x00000000eb900000,0x00000000ed680000)
  from space 2560K, 99% used [0x00000000eda80000,0x00000000edcfc030,0x00000000edd00000)
  to   space 4096K, 0% used [0x00000000ed680000,0x00000000ed680000,0x00000000eda80000)
 ParOldGen       total 42496K, used 5254K [0x00000000c2a00000, 0x00000000c5380000, 0x00000000eb900000)
  object space 42496K, 12% used [0x00000000c2a00000,0x00000000c2f21880,0x00000000c5380000)
 Metaspace       used 14016K, capacity 14450K, committed 14592K, reserved 1062912K
  class space    used 1610K, capacity 1718K, committed 1792K, reserved 1048576K
}
Event: 48.619 GC heap before
{Heap before GC invocations=8 (full 1):
 PSYoungGen      total 32768K, used 32752K [0x00000000eb900000, 0x00000000ee000000, 0x0000000100000000)
  eden space 30208K, 100% used [0x00000000eb900000,0x00000000ed680000,0x00000000ed680000)
  from space 2560K, 99% used [0x00000000eda80000,0x00000000edcfc030,0x00000000edd00000)
  to   space 4096K, 0% used [0x00000000ed680000,0x00000000ed680000,0x00000000eda80000)
 ParOldGen       total 42496K, used 5254K [0x00000000c2a00000, 0x00000000c5380000, 0x00000000eb900000)
  object space 42496K, 12% used [0x00000000c2a00000,0x00000000c2f21880,0x00000000c5380000)
 Metaspace       used 14085K, capacity 14514K, committed 14592K, reserved 1062912K
  class space    used 1612K, capacity 1718K, committed 1792K, reserved 1048576K

