# JRE version: Java(TM) SE Runtime Environment (8.0_201-b09) (build 1.8.0_201-b09)
# Java VM: Java HotSpot(TM) 64-Bit Server VM (25.201-b09 mixed mode linux-amd64 compressed oops)
Heap:
 PSYoungGen      total 34304K, used 4320K [0x00000000eb900000, 0x00000000ee200000, 0x0000000100000000)
  eden space 29184K, 0% used [0x00000000eb900000,0x00000000eb900000,0x00000000ed580000)
  from space 5120K, 84% used [0x00000000ed580000,0x00000000ed9b80a0,0x00000000eda80000)
  to   space 2560K, 0% used [0x00000000eda80000,0x00000000eda80000,0x00000000edd00000)
 ParOldGen       total 42496K, used 10326K [0x00000000c2a00000, 0x00000000c5380000, 0x00000000eb900000)
  object space 42496K, 24% used [0x00000000c2a00000,0x00000000c3415bf0,0x00000000c5380000)
 Metaspace       used 13565K, capacity 13920K, committed 13952K, reserved 1060864K
  class space    used 1557K, capacity 1660K, committed 1664K, reserved 1048576K
GC Heap History (10 events):
Event: 27.003 GC heap after
Heap after GC invocations=3 (full 1):
 PSYoungGen      total 18432K, used 2534K [0x00000000eb900000, 0x00000000ecd80000, 0x0000000100000000)
  eden space 15872K, 0% used [0x00000000eb900000,0x00000000eb900000,0x00000000ec880000)
  from space 2560K, 98% used [0x00000000ecb00000,0x00000000ecd79850,0x00000000ecd80000)
  to   space 2560K, 0% used [0x00000000ec880000,0x00000000ec880000,0x00000000ecb00000)
 ParOldGen       total 42496K, used 6119K [0x00000000c2a00000, 0x00000000c5380000, 0x00000000eb900000)
  object space 42496K, 14% used [0x00000000c2a00000,0x00000000c2ff9e68,0x00000000c5380000)
 Metaspace       used 13006K, capacity 13396K, committed 13440K, reserved 1060864K
  class space    used 1542K, capacity 1658K, committed 1664K, reserved 1048576K
}
Event: 28.890 GC heap before
{Heap before GC invocations=4 (full 1):
 PSYoungGen      total 18432K, used 18406K [0x00000000eb900000, 0x00000000ecd80000, 0x0000000100000000)
  eden space 15872K, 100% used [0x00000000eb900000,0x00000000ec880000,0x00000000ec880000)
  from space 2560K, 98% used [0x00000000ecb00000,0x00000000ecd79850,0x00000000ecd80000)
  to   space 2560K, 0% used [0x00000000ec880000,0x00000000ec880000,0x00000000ecb00000)
 ParOldGen       total 42496K, used 6119K [0x00000000c2a00000, 0x00000000c5380000, 0x00000000eb900000)
  object space 42496K, 14% used [0x00000000c2a00000,0x00000000c2ff9e68,0x00000000c5380000)
 Metaspace       used 13398K, capacity 13728K, committed 13952K, reserved 1060864K
  class space    used 1557K, capacity 1660K, committed 1664K, reserved 1048576K
Event: 28.911 GC heap after
Heap after GC invocations=4 (full 1):
 PSYoungGen      total 18432K, used 2560K [0x00000000eb900000, 0x00000000ecd80000, 0x0000000100000000)
  eden space 15872K, 0% used [0x00000000eb900000,0x00000000eb900000,0x00000000ec880000)
  from space 2560K, 100% used [0x00000000ec880000,0x00000000ecb00000,0x00000000ecb00000)
  to   space 2560K, 0% used [0x00000000ecb00000,0x00000000ecb00000,0x00000000ecd80000)
 ParOldGen       total 42496K, used 7198K [0x00000000c2a00000, 0x00000000c5380000, 0x00000000eb900000)
  object space 42496K, 16% used [0x00000000c2a00000,0x00000000c3107b20,0x00000000c5380000)
 Metaspace       used 13398K, capacity 13728K, committed 13952K, reserved 1060864K
  class space    used 1557K, capacity 1660K, committed 1664K, reserved 1048576K
}
Event: 29.798 GC heap before
{Heap before GC invocations=5 (full 1):
 PSYoungGen      total 18432K, used 18432K [0x00000000eb900000, 0x00000000ecd80000, 0x0000000100000000)
  eden space 15872K, 100% used [0x00000000eb900000,0x00000000ec880000,0x00000000ec880000)
  from space 2560K, 100% used [0x00000000ec880000,0x00000000ecb00000,0x00000000ecb00000)
  to   space 2560K, 0% used [0x00000000ecb00000,0x00000000ecb00000,0x00000000ecd80000)
 ParOldGen       total 42496K, used 7198K [0x00000000c2a00000, 0x00000000c5380000, 0x00000000eb900000)
  object space 42496K, 16% used [0x00000000c2a00000,0x00000000c3107b20,0x00000000c5380000)
 Metaspace       used 13469K, capacity 13792K, committed 13952K, reserved 1060864K
  class space    used 1557K, capacity 1660K, committed 1664K, reserved 1048576K
Event: 29.824 GC heap after
Heap after GC invocations=5 (full 1):
 PSYoungGen      total 18432K, used 2560K [0x00000000eb900000, 0x00000000edd00000, 0x0000000100000000)
  eden space 15872K, 0% used [0x00000000eb900000,0x00000000eb900000,0x00000000ec880000)
  from space 2560K, 100% used [0x00000000ecb00000,0x00000000ecd80000,0x00000000ecd80000)
  to   space 2560K, 0% used [0x00000000ec880000,0x00000000ec880000,0x00000000ecb00000)
 ParOldGen       total 42496K, used 8254K [0x00000000c2a00000, 0x00000000c5380000, 0x00000000eb900000)
  object space 42496K, 19% used [0x00000000c2a00000,0x00000000c320fb70,0x00000000c5380000)
 Metaspace       used 13469K, capacity 13792K, committed 13952K, reserved 1060864K
  class space    used 1557K, capacity 1660K, committed 1664K, reserved 1048576K
}
Event: 30.440 GC heap before
{Heap before GC invocations=6 (full 1):
 PSYoungGen      total 18432K, used 18432K [0x00000000eb900000, 0x00000000edd00000, 0x0000000100000000)
  eden space 15872K, 100% used [0x00000000eb900000,0x00000000ec880000,0x00000000ec880000)
  from space 2560K, 100% used [0x00000000ecb00000,0x00000000ecd80000,0x00000000ecd80000)
  to   space 2560K, 0% used [0x00000000ec880000,0x00000000ec880000,0x00000000ecb00000)
 ParOldGen       total 42496K, used 8254K [0x00000000c2a00000, 0x00000000c5380000, 0x00000000eb900000)
  object space 42496K, 19% used [0x00000000c2a00000,0x00000000c320fb70,0x00000000c5380000)
 Metaspace       used 13509K, capacity 13856K, committed 13952K, reserved 1060864K
  class space    used 1557K, capacity 1660K, committed 1664K, reserved 1048576K
Event: 30.451 GC heap after
Heap after GC invocations=6 (full 1):
 PSYoungGen      total 18432K, used 2544K [0x00000000eb900000, 0x00000000edd00000, 0x0000000100000000)
  eden space 15872K, 0% used [0x00000000eb900000,0x00000000eb900000,0x00000000ec880000)
  from space 2560K, 99% used [0x00000000ec880000,0x00000000ecafc050,0x00000000ecb00000)
  to   space 2560K, 0% used [0x00000000eda80000,0x00000000eda80000,0x00000000edd00000)
 ParOldGen       total 42496K, used 9354K [0x00000000c2a00000, 0x00000000c5380000, 0x00000000eb900000)
  object space 42496K, 22% used [0x00000000c2a00000,0x00000000c3322b80,0x00000000c5380000)
 Metaspace       used 13509K, capacity 13856K, committed 13952K, reserved 1060864K
  class space    used 1557K, capacity 1660K, committed 1664K, reserved 1048576K
}
Event: 30.962 GC heap before
{Heap before GC invocations=7 (full 1):
 PSYoungGen      total 18432K, used 18416K [0x00000000eb900000, 0x00000000edd00000, 0x0000000100000000)
  eden space 15872K, 100% used [0x00000000eb900000,0x00000000ec880000,0x00000000ec880000)
  from space 2560K, 99% used [0x00000000ec880000,0x00000000ecafc050,0x00000000ecb00000)
  to   space 2560K, 0% used [0x00000000eda80000,0x00000000eda80000,0x00000000edd00000)
 ParOldGen       total 42496K, used 9354K [0x00000000c2a00000, 0x00000000c5380000, 0x00000000eb900000)
  object space 42496K, 22% used [0x00000000c2a00000,0x00000000c3322b80,0x00000000c5380000)
 Metaspace       used 13528K, capacity 13856K, committed 13952K, reserved 1060864K
  class space    used 1557K, capacity 1660K, committed 1664K, reserved 1048576K
Event: 30.975 GC heap after
Heap after GC invocations=7 (full 1):
 PSYoungGen      total 31744K, used 2544K [0x00000000eb900000, 0x00000000ee200000, 0x0000000100000000)
  eden space 29184K, 0% used [0x00000000eb900000,0x00000000eb900000,0x00000000ed580000)
  from space 2560K, 99% used [0x00000000eda80000,0x00000000edcfc050,0x00000000edd00000)
  to   space 5120K, 0% used [0x00000000ed580000,0x00000000ed580000,0x00000000eda80000)
 ParOldGen       total 42496K, used 10318K [0x00000000c2a00000, 0x00000000c5380000, 0x00000000eb900000)
  object space 42496K, 24% used [0x00000000c2a00000,0x00000000c3413bf0,0x00000000c5380000)
 Metaspace       used 13528K, capacity 13856K, committed 13952K, reserved 1060864K
  class space    used 1557K, capacity 1660K, committed 1664K, reserved 1048576K
}
Event: 32.095 GC heap before
{Heap before GC invocations=8 (full 1):
 PSYoungGen      total 31744K, used 31728K [0x00000000eb900000, 0x00000000ee200000, 0x0000000100000000)
  eden space 29184K, 100% used [0x00000000eb900000,0x00000000ed580000,0x00000000ed580000)
  from space 2560K, 99% used [0x00000000eda80000,0x00000000edcfc050,0x00000000edd00000)
  to   space 5120K, 0% used [0x00000000ed580000,0x00000000ed580000,0x00000000eda80000)
 ParOldGen       total 42496K, used 10318K [0x00000000c2a00000, 0x00000000c5380000, 0x00000000eb900000)
  object space 42496K, 24% used [0x00000000c2a00000,0x00000000c3413bf0,0x00000000c5380000)
 Metaspace       used 13565K, capacity 13920K, committed 13952K, reserved 1060864K
  class space    used 1557K, capacity 1660K, committed 1664K, reserved 1048576K

