# JRE version: Java(TM) SE Runtime Environment (8.0_201-b09) (build 1.8.0_201-b09)
# Java VM: Java HotSpot(TM) 64-Bit Server VM (25.201-b09 mixed mode linux-amd64 compressed oops)
Heap:
 PSYoungGen      total 18432K, used 7748K [0x00000000eb900000, 0x00000000ecf80000, 0x0000000100000000)
  eden space 13824K, 39% used [0x00000000eb900000,0x00000000ebe53a40,0x00000000ec680000)
  from space 4608K, 49% used [0x00000000ecb00000,0x00000000ecd3d810,0x00000000ecf80000)
  to   space 4608K, 0% used [0x00000000ec680000,0x00000000ec680000,0x00000000ecb00000)
 ParOldGen       total 42496K, used 5860K [0x00000000c2a00000, 0x00000000c5380000, 0x00000000eb900000)
  object space 42496K, 13% used [0x00000000c2a00000,0x00000000c2fb9330,0x00000000c5380000)
 Metaspace       used 14849K, capacity 15380K, committed 15488K, reserved 1062912K
  class space    used 1671K, capacity 1812K, committed 1920K, reserved 1048576K
GC Heap History (10 events):
Event: 18.011 GC heap before
{Heap before GC invocations=5 (full 1):
 PSYoungGen      total 18432K, used 18418K [0x00000000eb900000, 0x00000000ecd80000, 0x0000000100000000)
  eden space 15872K, 100% used [0x00000000eb900000,0x00000000ec880000,0x00000000ec880000)
  from space 2560K, 99% used [0x00000000ec880000,0x00000000ecafcb58,0x00000000ecb00000)
  to   space 2560K, 0% used [0x00000000ecb00000,0x00000000ecb00000,0x00000000ecd80000)
 ParOldGen       total 42496K, used 3491K [0x00000000c2a00000, 0x00000000c5380000, 0x00000000eb900000)
  object space 42496K, 8% used [0x00000000c2a00000,0x00000000c2d68c70,0x00000000c5380000)
 Metaspace       used 13565K, capacity 13990K, committed 14080K, reserved 1060864K
  class space    used 1583K, capacity 1703K, committed 1792K, reserved 1048576K
Event: 18.018 GC heap after
Heap after GC invocations=5 (full 1):
 PSYoungGen      total 18432K, used 2256K [0x00000000eb900000, 0x00000000ecd80000, 0x0000000100000000)
  eden space 15872K, 0% used [0x00000000eb900000,0x00000000eb900000,0x00000000ec880000)
  from space 2560K, 88% used [0x00000000ecb00000,0x00000000ecd34010,0x00000000ecd80000)
  to   space 2560K, 0% used [0x00000000ec880000,0x00000000ec880000,0x00000000ecb00000)
 ParOldGen       total 42496K, used 3491K [0x00000000c2a00000, 0x00000000c5380000, 0x00000000eb900000)
  object space 42496K, 8% used [0x00000000c2a00000,0x00000000c2d68c70,0x00000000c5380000)
 Metaspace       used 13565K, capacity 13990K, committed 14080K, reserved 1060864K
  class space    used 1583K, capacity 1703K, committed 1792K, reserved 1048576K
}
Event: 19.020 GC heap before
{Heap before GC invocations=6 (full 1):
 PSYoungGen      total 18432K, used 18128K [0x00000000eb900000, 0x00000000ecd80000, 0x0000000100000000)
  eden space 15872K, 100% used [0x00000000eb900000,0x00000000ec880000,0x00000000ec880000)
  from space 2560K, 88% used [0x00000000ecb00000,0x00000000ecd34010,0x00000000ecd80000)
  to   space 2560K, 0% used [0x00000000ec880000,0x00000000ec880000,0x00000000ecb00000)
 ParOldGen       total 42496K, used 3491K [0x00000000c2a00000, 0x00000000c5380000, 0x00000000eb900000)
  object space 42496K, 8% used [0x00000000c2a00000,0x00000000c2d68c70,0x00000000c5380000)
 Metaspace       used 14346K, capacity 14736K, committed 14848K, reserved 1062912K
  class space    used 1642K, capacity 1764K, committed 1792K, reserved 1048576K
Event: 19.033 GC heap after
Heap after GC invocations=6 (full 1):
 PSYoungGen      total 18432K, used 2540K [0x00000000eb900000, 0x00000000ecd80000, 0x0000000100000000)
  eden space 15872K, 0% used [0x00000000eb900000,0x00000000eb900000,0x00000000ec880000)
  from space 2560K, 99% used [0x00000000ec880000,0x00000000ecafb040,0x00000000ecb00000)
  to   space 2560K, 0% used [0x00000000ecb00000,0x00000000ecb00000,0x00000000ecd80000)
 ParOldGen       total 42496K, used 4665K [0x00000000c2a00000, 0x00000000c5380000, 0x00000000eb900000)
  object space 42496K, 10% used [0x00000000c2a00000,0x00000000c2e8e660,0x00000000c5380000)
 Metaspace       used 14346K, capacity 14736K, committed 14848K, reserved 1062912K
  class space    used 1642K, capacity 1764K, committed 1792K, reserved 1048576K
}
Event: 22.642 GC heap before
{Heap before GC invocations=7 (full 1):
 PSYoungGen      total 18432K, used 18412K [0x00000000eb900000, 0x00000000ecd80000, 0x0000000100000000)
  eden space 15872K, 100% used [0x00000000eb900000,0x00000000ec880000,0x00000000ec880000)
  from space 2560K, 99% used [0x00000000ec880000,0x00000000ecafb040,0x00000000ecb00000)
  to   space 2560K, 0% used [0x00000000ecb00000,0x00000000ecb00000,0x00000000ecd80000)
 ParOldGen       total 42496K, used 4665K [0x00000000c2a00000, 0x00000000c5380000, 0x00000000eb900000)
  object space 42496K, 10% used [0x00000000c2a00000,0x00000000c2e8e660,0x00000000c5380000)
 Metaspace       used 14705K, capacity 15214K, committed 15488K, reserved 1062912K
  class space    used 1665K, capacity 1807K, committed 1920K, reserved 1048576K
Event: 22.646 GC heap after
Heap after GC invocations=7 (full 1):
 PSYoungGen      total 16384K, used 2560K [0x00000000eb900000, 0x00000000ed180000, 0x0000000100000000)
  eden space 13824K, 0% used [0x00000000eb900000,0x00000000eb900000,0x00000000ec680000)
  from space 2560K, 100% used [0x00000000ecb00000,0x00000000ecd80000,0x00000000ecd80000)
  to   space 4608K, 0% used [0x00000000ec680000,0x00000000ec680000,0x00000000ecb00000)
 ParOldGen       total 42496K, used 5172K [0x00000000c2a00000, 0x00000000c5380000, 0x00000000eb900000)
  object space 42496K, 12% used [0x00000000c2a00000,0x00000000c2f0d2d0,0x00000000c5380000)
 Metaspace       used 14705K, capacity 15214K, committed 15488K, reserved 1062912K
  class space    used 1665K, capacity 1807K, committed 1920K, reserved 1048576K
}
Event: 27.265 GC heap before
{Heap before GC invocations=8 (full 1):
 PSYoungGen      total 16384K, used 16384K [0x00000000eb900000, 0x00000000ed180000, 0x0000000100000000)
  eden space 13824K, 100% used [0x00000000eb900000,0x00000000ec680000,0x00000000ec680000)
  from space 2560K, 100% used [0x00000000ecb00000,0x00000000ecd80000,0x00000000ecd80000)
  to   space 4608K, 0% used [0x00000000ec680000,0x00000000ec680000,0x00000000ecb00000)
 ParOldGen       total 42496K, used 5172K [0x00000000c2a00000, 0x00000000c5380000, 0x00000000eb900000)
  object space 42496K, 12% used [0x00000000c2a00000,0x00000000c2f0d2d0,0x00000000c5380000)
 Metaspace       used 14753K, capacity 15238K, committed 15488K, reserved 1062912K
  class space    used 1669K, capacity 1811K, committed 1920K, reserved 1048576K
Event: 27.292 GC heap after
Heap after GC invocations=8 (full 1):
 PSYoungGen      total 18432K, used 2924K [0x00000000eb900000, 0x00000000ecf80000, 0x0000000100000000)
  eden space 13824K, 0% used [0x00000000eb900000,0x00000000eb900000,0x00000000ec680000)
  from space 4608K, 63% used [0x00000000ec680000,0x00000000ec95b020,0x00000000ecb00000)
  to   space 4608K, 0% used [0x00000000ecb00000,0x00000000ecb00000,0x00000000ecf80000)
 ParOldGen       total 42496K, used 5172K [0x00000000c2a00000, 0x00000000c5380000, 0x00000000eb900000)
  object space 42496K, 12% used [0x00000000c2a00000,0x00000000c2f0d2d0,0x00000000c5380000)
 Metaspace       used 14753K, capacity 15238K, committed 15488K, reserved 1062912K
  class space    used 1669K, capacity 1811K, committed 1920K, reserved 1048576K
}
Event: 62.425 GC heap before
{Heap before GC invocations=9 (full 1):
 PSYoungGen      total 18432K, used 16748K [0x00000000eb900000, 0x00000000ecf80000, 0x0000000100000000)
  eden space 13824K, 100% used [0x00000000eb900000,0x00000000ec680000,0x00000000ec680000)
  from space 4608K, 63% used [0x00000000ec680000,0x00000000ec95b020,0x00000000ecb00000)
  to   space 4608K, 0% used [0x00000000ecb00000,0x00000000ecb00000,0x00000000ecf80000)
 ParOldGen       total 42496K, used 5172K [0x00000000c2a00000, 0x00000000c5380000, 0x00000000eb900000)
  object space 42496K, 12% used [0x00000000c2a00000,0x00000000c2f0d2d0,0x00000000c5380000)
 Metaspace       used 14822K, capacity 15316K, committed 15488K, reserved 1062912K
  class space    used 1671K, capacity 1812K, committed 1920K, reserved 1048576K
Event: 62.702 GC heap after
Heap after GC invocations=9 (full 1):
 PSYoungGen      total 18432K, used 2294K [0x00000000eb900000, 0x00000000ecf80000, 0x0000000100000000)
  eden space 13824K, 0% used [0x00000000eb900000,0x00000000eb900000,0x00000000ec680000)
  from space 4608K, 49% used [0x00000000ecb00000,0x00000000ecd3d810,0x00000000ecf80000)
  to   space 4608K, 0% used [0x00000000ec680000,0x00000000ec680000,0x00000000ecb00000)
 ParOldGen       total 42496K, used 5860K [0x00000000c2a00000, 0x00000000c5380000, 0x00000000eb900000)
  object space 42496K, 13% used [0x00000000c2a00000,0x00000000c2fb9330,0x00000000c5380000)
 Metaspace       used 14822K, capacity 15316K, committed 15488K, reserved 1062912K
  class space    used 1671K, capacity 1812K, committed 1920K, reserved 1048576K
}

