# JRE version: Java(TM) SE Runtime Environment (8.0_201-b09) (build 1.8.0_201-b09)
# Java VM: Java HotSpot(TM) 64-Bit Server VM (25.201-b09 mixed mode linux-amd64 compressed oops)
Heap:
 PSYoungGen      total 243712K, used 7670K [0x00000000eb900000, 0x00000000fae80000, 0x0000000100000000)
  eden space 236032K, 0% used [0x00000000eb900000,0x00000000eb900000,0x00000000f9f80000)
  from space 7680K, 99% used [0x00000000f9f80000,0x00000000fa6fdbb8,0x00000000fa700000)
  to   space 7680K, 0% used [0x00000000fa700000,0x00000000fa700000,0x00000000fae80000)
 ParOldGen       total 42496K, used 31329K [0x00000000c2a00000, 0x00000000c5380000, 0x00000000eb900000)
  object space 42496K, 73% used [0x00000000c2a00000,0x00000000c4898530,0x00000000c5380000)
 Metaspace       used 13979K, capacity 14386K, committed 14592K, reserved 1062912K
  class space    used 1586K, capacity 1705K, committed 1792K, reserved 1048576K
GC Heap History (10 events):
Event: 72.132 GC heap after
Heap after GC invocations=11 (full 1):
 PSYoungGen      total 98304K, used 5680K [0x00000000eb900000, 0x00000000f3500000, 0x0000000100000000)
  eden space 92160K, 0% used [0x00000000eb900000,0x00000000eb900000,0x00000000f1300000)
  from space 6144K, 92% used [0x00000000f2f00000,0x00000000f348c030,0x00000000f3500000)
  to   space 6656K, 0% used [0x00000000f2800000,0x00000000f2800000,0x00000000f2e80000)
 ParOldGen       total 42496K, used 10340K [0x00000000c2a00000, 0x00000000c5380000, 0x00000000eb900000)
  object space 42496K, 24% used [0x00000000c2a00000,0x00000000c3419318,0x00000000c5380000)
 Metaspace       used 13837K, capacity 14194K, committed 14592K, reserved 1062912K
  class space    used 1586K, capacity 1705K, committed 1792K, reserved 1048576K
}
Event: 72.937 GC heap before
{Heap before GC invocations=12 (full 1):
 PSYoungGen      total 98304K, used 97840K [0x00000000eb900000, 0x00000000f3500000, 0x0000000100000000)
  eden space 92160K, 100% used [0x00000000eb900000,0x00000000f1300000,0x00000000f1300000)
  from space 6144K, 92% used [0x00000000f2f00000,0x00000000f348c030,0x00000000f3500000)
  to   space 6656K, 0% used [0x00000000f2800000,0x00000000f2800000,0x00000000f2e80000)
 ParOldGen       total 42496K, used 10340K [0x00000000c2a00000, 0x00000000c5380000, 0x00000000eb900000)
  object space 42496K, 24% used [0x00000000c2a00000,0x00000000c3419318,0x00000000c5380000)
 Metaspace       used 13875K, capacity 14258K, committed 14592K, reserved 1062912K
  class space    used 1586K, capacity 1705K, committed 1792K, reserved 1048576K
Event: 72.962 GC heap after
Heap after GC invocations=12 (full 1):
 PSYoungGen      total 120320K, used 5568K [0x00000000eb900000, 0x00000000f5700000, 0x0000000100000000)
  eden space 113664K, 0% used [0x00000000eb900000,0x00000000eb900000,0x00000000f2800000)
  from space 6656K, 83% used [0x00000000f2800000,0x00000000f2d701d0,0x00000000f2e80000)
  to   space 7168K, 0% used [0x00000000f5000000,0x00000000f5000000,0x00000000f5700000)
 ParOldGen       total 42496K, used 14569K [0x00000000c2a00000, 0x00000000c5380000, 0x00000000eb900000)
  object space 42496K, 34% used [0x00000000c2a00000,0x00000000c383a688,0x00000000c5380000)
 Metaspace       used 13875K, capacity 14258K, committed 14592K, reserved 1062912K
  class space    used 1586K, capacity 1705K, committed 1792K, reserved 1048576K
}
Event: 73.600 GC heap before
{Heap before GC invocations=13 (full 1):
 PSYoungGen      total 120320K, used 119232K [0x00000000eb900000, 0x00000000f5700000, 0x0000000100000000)
  eden space 113664K, 100% used [0x00000000eb900000,0x00000000f2800000,0x00000000f2800000)
  from space 6656K, 83% used [0x00000000f2800000,0x00000000f2d701d0,0x00000000f2e80000)
  to   space 7168K, 0% used [0x00000000f5000000,0x00000000f5000000,0x00000000f5700000)
 ParOldGen       total 42496K, used 14569K [0x00000000c2a00000, 0x00000000c5380000, 0x00000000eb900000)
  object space 42496K, 34% used [0x00000000c2a00000,0x00000000c383a688,0x00000000c5380000)
 Metaspace       used 13898K, capacity 14322K, committed 14592K, reserved 1062912K
  class space    used 1586K, capacity 1705K, committed 1792K, reserved 1048576K
Event: 73.619 GC heap after
Heap after GC invocations=13 (full 1):
 PSYoungGen      total 154624K, used 2504K [0x00000000eb900000, 0x00000000f7900000, 0x0000000100000000)
  eden space 147456K, 0% used [0x00000000eb900000,0x00000000eb900000,0x00000000f4900000)
  from space 7168K, 34% used [0x00000000f5000000,0x00000000f52721b8,0x00000000f5700000)
  to   space 7168K, 0% used [0x00000000f4900000,0x00000000f4900000,0x00000000f5000000)
 ParOldGen       total 42496K, used 20064K [0x00000000c2a00000, 0x00000000c5380000, 0x00000000eb900000)
  object space 42496K, 47% used [0x00000000c2a00000,0x00000000c3d982c8,0x00000000c5380000)
 Metaspace       used 13898K, capacity 14322K, committed 14592K, reserved 1062912K
  class space    used 1586K, capacity 1705K, committed 1792K, reserved 1048576K
}
Event: 74.913 GC heap before
{Heap before GC invocations=14 (full 1):
 PSYoungGen      total 154624K, used 149960K [0x00000000eb900000, 0x00000000f7900000, 0x0000000100000000)
  eden space 147456K, 100% used [0x00000000eb900000,0x00000000f4900000,0x00000000f4900000)
  from space 7168K, 34% used [0x00000000f5000000,0x00000000f52721b8,0x00000000f5700000)
  to   space 7168K, 0% used [0x00000000f4900000,0x00000000f4900000,0x00000000f5000000)
 ParOldGen       total 42496K, used 20064K [0x00000000c2a00000, 0x00000000c5380000, 0x00000000eb900000)
  object space 42496K, 47% used [0x00000000c2a00000,0x00000000c3d982c8,0x00000000c5380000)
 Metaspace       used 13928K, capacity 14322K, committed 14592K, reserved 1062912K
  class space    used 1586K, capacity 1705K, committed 1792K, reserved 1048576K
Event: 74.930 GC heap after
Heap after GC invocations=14 (full 1):
 PSYoungGen      total 154624K, used 5632K [0x00000000eb900000, 0x00000000fae80000, 0x0000000100000000)
  eden space 147456K, 0% used [0x00000000eb900000,0x00000000eb900000,0x00000000f4900000)
  from space 7168K, 78% used [0x00000000f4900000,0x00000000f4e80120,0x00000000f5000000)
  to   space 7680K, 0% used [0x00000000fa700000,0x00000000fa700000,0x00000000fae80000)
 ParOldGen       total 42496K, used 22370K [0x00000000c2a00000, 0x00000000c5380000, 0x00000000eb900000)
  object space 42496K, 52% used [0x00000000c2a00000,0x00000000c3fd8820,0x00000000c5380000)
 Metaspace       used 13928K, capacity 14322K, committed 14592K, reserved 1062912K
  class space    used 1586K, capacity 1705K, committed 1792K, reserved 1048576K
}
Event: 75.390 GC heap before
{Heap before GC invocations=15 (full 1):
 PSYoungGen      total 154624K, used 153088K [0x00000000eb900000, 0x00000000fae80000, 0x0000000100000000)
  eden space 147456K, 100% used [0x00000000eb900000,0x00000000f4900000,0x00000000f4900000)
  from space 7168K, 78% used [0x00000000f4900000,0x00000000f4e80120,0x00000000f5000000)
  to   space 7680K, 0% used [0x00000000fa700000,0x00000000fa700000,0x00000000fae80000)
 ParOldGen       total 42496K, used 22370K [0x00000000c2a00000, 0x00000000c5380000, 0x00000000eb900000)
  object space 42496K, 52% used [0x00000000c2a00000,0x00000000c3fd8820,0x00000000c5380000)
 Metaspace       used 13939K, capacity 14322K, committed 14592K, reserved 1062912K
  class space    used 1586K, capacity 1705K, committed 1792K, reserved 1048576K
Event: 75.416 GC heap after
Heap after GC invocations=15 (full 1):
 PSYoungGen      total 243712K, used 1024K [0x00000000eb900000, 0x00000000fae80000, 0x0000000100000000)
  eden space 236032K, 0% used [0x00000000eb900000,0x00000000eb900000,0x00000000f9f80000)
  from space 7680K, 13% used [0x00000000fa700000,0x00000000fa800000,0x00000000fae80000)
  to   space 7680K, 0% used [0x00000000f9f80000,0x00000000f9f80000,0x00000000fa700000)
 ParOldGen       total 42496K, used 27946K [0x00000000c2a00000, 0x00000000c5380000, 0x00000000eb900000)
  object space 42496K, 65% used [0x00000000c2a00000,0x00000000c454abb8,0x00000000c5380000)
 Metaspace       used 13939K, capacity 14322K, committed 14592K, reserved 1062912K
  class space    used 1586K, capacity 1705K, committed 1792K, reserved 1048576K
}
Event: 77.544 GC heap before
{Heap before GC invocations=16 (full 1):
 PSYoungGen      total 243712K, used 237056K [0x00000000eb900000, 0x00000000fae80000, 0x0000000100000000)
  eden space 236032K, 100% used [0x00000000eb900000,0x00000000f9f80000,0x00000000f9f80000)
  from space 7680K, 13% used [0x00000000fa700000,0x00000000fa800000,0x00000000fae80000)
  to   space 7680K, 0% used [0x00000000f9f80000,0x00000000f9f80000,0x00000000fa700000)
 ParOldGen       total 42496K, used 27946K [0x00000000c2a00000, 0x00000000c5380000, 0x00000000eb900000)
  object space 42496K, 65% used [0x00000000c2a00000,0x00000000c454abb8,0x00000000c5380000)
 Metaspace       used 13979K, capacity 14386K, committed 14592K, reserved 1062912K
  class space    used 1586K, capacity 1705K, committed 1792K, reserved 1048576K

