# JRE version: Java(TM) SE Runtime Environment (8.0_201-b09) (build 1.8.0_201-b09)
# Java VM: Java HotSpot(TM) 64-Bit Server VM (25.201-b09 mixed mode linux-amd64 compressed oops)
Heap:
 PSYoungGen      total 34816K, used 5104K [0x00000000eb900000, 0x00000000efd00000, 0x0000000100000000)
  eden space 29696K, 0% used [0x00000000eb900000,0x00000000eb900000,0x00000000ed600000)
  from space 5120K, 99% used [0x00000000ef800000,0x00000000efcfc070,0x00000000efd00000)
  to   space 4608K, 0% used [0x00000000ed600000,0x00000000ed600000,0x00000000eda80000)
 ParOldGen       total 42496K, used 6861K [0x00000000c2a00000, 0x00000000c5380000, 0x00000000eb900000)
  object space 42496K, 16% used [0x00000000c2a00000,0x00000000c30b3648,0x00000000c5380000)
 Metaspace       used 13885K, capacity 14276K, committed 14592K, reserved 1062912K
  class space    used 1594K, capacity 1708K, committed 1792K, reserved 1048576K
GC Heap History (10 events):
Event: 23.496 GC heap after
Heap after GC invocations=4 (full 1):
 PSYoungGen      total 18432K, used 2533K [0x00000000eb900000, 0x00000000ecd80000, 0x0000000100000000)
  eden space 15872K, 0% used [0x00000000eb900000,0x00000000eb900000,0x00000000ec880000)
  from space 2560K, 98% used [0x00000000ec880000,0x00000000ecaf97d0,0x00000000ecb00000)
  to   space 2560K, 0% used [0x00000000ecb00000,0x00000000ecb00000,0x00000000ecd80000)
 ParOldGen       total 42496K, used 4212K [0x00000000c2a00000, 0x00000000c5380000, 0x00000000eb900000)
  object space 42496K, 9% used [0x00000000c2a00000,0x00000000c2e1d018,0x00000000c5380000)
 Metaspace       used 13435K, capacity 13816K, committed 14080K, reserved 1060864K
  class space    used 1584K, capacity 1706K, committed 1792K, reserved 1048576K
}
Event: 24.771 GC heap before
{Heap before GC invocations=5 (full 1):
 PSYoungGen      total 18432K, used 18405K [0x00000000eb900000, 0x00000000ecd80000, 0x0000000100000000)
  eden space 15872K, 100% used [0x00000000eb900000,0x00000000ec880000,0x00000000ec880000)
  from space 2560K, 98% used [0x00000000ec880000,0x00000000ecaf97d0,0x00000000ecb00000)
  to   space 2560K, 0% used [0x00000000ecb00000,0x00000000ecb00000,0x00000000ecd80000)
 ParOldGen       total 42496K, used 4212K [0x00000000c2a00000, 0x00000000c5380000, 0x00000000eb900000)
  object space 42496K, 9% used [0x00000000c2a00000,0x00000000c2e1d018,0x00000000c5380000)
 Metaspace       used 13727K, capacity 14148K, committed 14336K, reserved 1062912K
  class space    used 1594K, capacity 1708K, committed 1792K, reserved 1048576K
Event: 24.794 GC heap after
Heap after GC invocations=5 (full 1):
 PSYoungGen      total 18432K, used 2540K [0x00000000eb900000, 0x00000000ecd80000, 0x0000000100000000)
  eden space 15872K, 0% used [0x00000000eb900000,0x00000000eb900000,0x00000000ec880000)
  from space 2560K, 99% used [0x00000000ecb00000,0x00000000ecd7b030,0x00000000ecd80000)
  to   space 2560K, 0% used [0x00000000ec880000,0x00000000ec880000,0x00000000ecb00000)
 ParOldGen       total 42496K, used 4949K [0x00000000c2a00000, 0x00000000c5380000, 0x00000000eb900000)
  object space 42496K, 11% used [0x00000000c2a00000,0x00000000c2ed5770,0x00000000c5380000)
 Metaspace       used 13727K, capacity 14148K, committed 14336K, reserved 1062912K
  class space    used 1594K, capacity 1708K, committed 1792K, reserved 1048576K
}
Event: 25.288 GC heap before
{Heap before GC invocations=6 (full 1):
 PSYoungGen      total 18432K, used 18412K [0x00000000eb900000, 0x00000000ecd80000, 0x0000000100000000)
  eden space 15872K, 100% used [0x00000000eb900000,0x00000000ec880000,0x00000000ec880000)
  from space 2560K, 99% used [0x00000000ecb00000,0x00000000ecd7b030,0x00000000ecd80000)
  to   space 2560K, 0% used [0x00000000ec880000,0x00000000ec880000,0x00000000ecb00000)
 ParOldGen       total 42496K, used 4949K [0x00000000c2a00000, 0x00000000c5380000, 0x00000000eb900000)
  object space 42496K, 11% used [0x00000000c2a00000,0x00000000c2ed5770,0x00000000c5380000)
 Metaspace       used 13798K, capacity 14212K, committed 14336K, reserved 1062912K
  class space    used 1594K, capacity 1708K, committed 1792K, reserved 1048576K
Event: 25.303 GC heap after
Heap after GC invocations=6 (full 1):
 PSYoungGen      total 18432K, used 2528K [0x00000000eb900000, 0x00000000edd00000, 0x0000000100000000)
  eden space 15872K, 0% used [0x00000000eb900000,0x00000000eb900000,0x00000000ec880000)
  from space 2560K, 98% used [0x00000000ec880000,0x00000000ecaf8138,0x00000000ecb00000)
  to   space 2560K, 0% used [0x00000000eda80000,0x00000000eda80000,0x00000000edd00000)
 ParOldGen       total 42496K, used 5890K [0x00000000c2a00000, 0x00000000c5380000, 0x00000000eb900000)
  object space 42496K, 13% used [0x00000000c2a00000,0x00000000c2fc08e0,0x00000000c5380000)
 Metaspace       used 13798K, capacity 14212K, committed 14336K, reserved 1062912K
  class space    used 1594K, capacity 1708K, committed 1792K, reserved 1048576K
}
Event: 25.650 GC heap before
{Heap before GC invocations=7 (full 1):
 PSYoungGen      total 18432K, used 18400K [0x00000000eb900000, 0x00000000edd00000, 0x0000000100000000)
  eden space 15872K, 100% used [0x00000000eb900000,0x00000000ec880000,0x00000000ec880000)
  from space 2560K, 98% used [0x00000000ec880000,0x00000000ecaf8138,0x00000000ecb00000)
  to   space 2560K, 0% used [0x00000000eda80000,0x00000000eda80000,0x00000000edd00000)
 ParOldGen       total 42496K, used 5890K [0x00000000c2a00000, 0x00000000c5380000, 0x00000000eb900000)
  object space 42496K, 13% used [0x00000000c2a00000,0x00000000c2fc08e0,0x00000000c5380000)
 Metaspace       used 13817K, capacity 14212K, committed 14336K, reserved 1062912K
  class space    used 1594K, capacity 1708K, committed 1792K, reserved 1048576K
Event: 25.655 GC heap after
Heap after GC invocations=7 (full 1):
 PSYoungGen      total 32256K, used 2528K [0x00000000eb900000, 0x00000000ee100000, 0x0000000100000000)
  eden space 29696K, 0% used [0x00000000eb900000,0x00000000eb900000,0x00000000ed600000)
  from space 2560K, 98% used [0x00000000eda80000,0x00000000edcf8138,0x00000000edd00000)
  to   space 4608K, 0% used [0x00000000ed600000,0x00000000ed600000,0x00000000eda80000)
 ParOldGen       total 42496K, used 6042K [0x00000000c2a00000, 0x00000000c5380000, 0x00000000eb900000)
  object space 42496K, 14% used [0x00000000c2a00000,0x00000000c2fe68e0,0x00000000c5380000)
 Metaspace       used 13817K, capacity 14212K, committed 14336K, reserved 1062912K
  class space    used 1594K, capacity 1708K, committed 1792K, reserved 1048576K
}
Event: 26.347 GC heap before
{Heap before GC invocations=8 (full 1):
 PSYoungGen      total 32256K, used 32224K [0x00000000eb900000, 0x00000000ee100000, 0x0000000100000000)
  eden space 29696K, 100% used [0x00000000eb900000,0x00000000ed600000,0x00000000ed600000)
  from space 2560K, 98% used [0x00000000eda80000,0x00000000edcf8138,0x00000000edd00000)
  to   space 4608K, 0% used [0x00000000ed600000,0x00000000ed600000,0x00000000eda80000)
 ParOldGen       total 42496K, used 6042K [0x00000000c2a00000, 0x00000000c5380000, 0x00000000eb900000)
  object space 42496K, 14% used [0x00000000c2a00000,0x00000000c2fe68e0,0x00000000c5380000)
 Metaspace       used 13870K, capacity 14212K, committed 14336K, reserved 1062912K
  class space    used 1594K, capacity 1708K, committed 1792K, reserved 1048576K
Event: 26.382 GC heap after
Heap after GC invocations=8 (full 1):
 PSYoungGen      total 34304K, used 4140K [0x00000000eb900000, 0x00000000efd00000, 0x0000000100000000)
  eden space 29696K, 0% used [0x00000000eb900000,0x00000000eb900000,0x00000000ed600000)
  from space 4608K, 89% used [0x00000000ed600000,0x00000000eda0b010,0x00000000eda80000)
  to   space 5120K, 0% used [0x00000000ef800000,0x00000000ef800000,0x00000000efd00000)
 ParOldGen       total 42496K, used 6050K [0x00000000c2a00000, 0x00000000c5380000, 0x00000000eb900000)
  object space 42496K, 14% used [0x00000000c2a00000,0x00000000c2fe88e0,0x00000000c5380000)
 Metaspace       used 13870K, capacity 14212K, committed 14336K, reserved 1062912K
  class space    used 1594K, capacity 1708K, committed 1792K, reserved 1048576K
}
Event: 27.178 GC heap before
{Heap before GC invocations=9 (full 1):
 PSYoungGen      total 34304K, used 33836K [0x00000000eb900000, 0x00000000efd00000, 0x0000000100000000)
  eden space 29696K, 100% used [0x00000000eb900000,0x00000000ed600000,0x00000000ed600000)
  from space 4608K, 89% used [0x00000000ed600000,0x00000000eda0b010,0x00000000eda80000)
  to   space 5120K, 0% used [0x00000000ef800000,0x00000000ef800000,0x00000000efd00000)
 ParOldGen       total 42496K, used 6050K [0x00000000c2a00000, 0x00000000c5380000, 0x00000000eb900000)
  object space 42496K, 14% used [0x00000000c2a00000,0x00000000c2fe88e0,0x00000000c5380000)
 Metaspace       used 13885K, capacity 14276K, committed 14592K, reserved 1062912K
  class space    used 1594K, capacity 1708K, committed 1792K, reserved 1048576K

