# JRE version: Java(TM) SE Runtime Environment (8.0_201-b09) (build 1.8.0_201-b09)
# Java VM: Java HotSpot(TM) 64-Bit Server VM (25.201-b09 mixed mode linux-amd64 compressed oops)
Heap:
 PSYoungGen      total 34304K, used 32684K [0x00000000eb900000, 0x00000000edd00000, 0x0000000100000000)
  eden space 31744K, 94% used [0x00000000eb900000,0x00000000ed66da80,0x00000000ed800000)
  from space 2560K, 99% used [0x00000000eda80000,0x00000000edcfd810,0x00000000edd00000)
  to   space 2560K, 0% used [0x00000000ed800000,0x00000000ed800000,0x00000000eda80000)
 ParOldGen       total 42496K, used 5828K [0x00000000c2a00000, 0x00000000c5380000, 0x00000000eb900000)
  object space 42496K, 13% used [0x00000000c2a00000,0x00000000c2fb1068,0x00000000c5380000)
 Metaspace       used 16383K, capacity 16860K, committed 17024K, reserved 1064960K
  class space    used 1918K, capacity 2052K, committed 2176K, reserved 1048576K
GC Heap History (10 events):
Event: 1.875 GC heap before
{Heap before GC invocations=1 (full 0):
 PSYoungGen      total 18432K, used 15872K [0x00000000eb900000, 0x00000000ecd80000, 0x0000000100000000)
  eden space 15872K, 100% used [0x00000000eb900000,0x00000000ec880000,0x00000000ec880000)
  from space 2560K, 0% used [0x00000000ecb00000,0x00000000ecb00000,0x00000000ecd80000)
  to   space 2560K, 0% used [0x00000000ec880000,0x00000000ec880000,0x00000000ecb00000)
 ParOldGen       total 42496K, used 0K [0x00000000c2a00000, 0x00000000c5380000, 0x00000000eb900000)
  object space 42496K, 0% used [0x00000000c2a00000,0x00000000c2a00000,0x00000000c5380000)
 Metaspace       used 10102K, capacity 10286K, committed 10624K, reserved 1058816K
  class space    used 1222K, capacity 1316K, committed 1408K, reserved 1048576K
Event: 1.890 GC heap after
Heap after GC invocations=1 (full 0):
 PSYoungGen      total 18432K, used 2544K [0x00000000eb900000, 0x00000000ecd80000, 0x0000000100000000)
  eden space 15872K, 0% used [0x00000000eb900000,0x00000000eb900000,0x00000000ec880000)
  from space 2560K, 99% used [0x00000000ec880000,0x00000000ecafc010,0x00000000ecb00000)
  to   space 2560K, 0% used [0x00000000ecb00000,0x00000000ecb00000,0x00000000ecd80000)
 ParOldGen       total 42496K, used 1558K [0x00000000c2a00000, 0x00000000c5380000, 0x00000000eb900000)
  object space 42496K, 3% used [0x00000000c2a00000,0x00000000c2b85bb0,0x00000000c5380000)
 Metaspace       used 10102K, capacity 10286K, committed 10624K, reserved 1058816K
  class space    used 1222K, capacity 1316K, committed 1408K, reserved 1048576K
}
Event: 1.890 GC heap before
{Heap before GC invocations=2 (full 1):
 PSYoungGen      total 18432K, used 2544K [0x00000000eb900000, 0x00000000ecd80000, 0x0000000100000000)
  eden space 15872K, 0% used [0x00000000eb900000,0x00000000eb900000,0x00000000ec880000)
  from space 2560K, 99% used [0x00000000ec880000,0x00000000ecafc010,0x00000000ecb00000)
  to   space 2560K, 0% used [0x00000000ecb00000,0x00000000ecb00000,0x00000000ecd80000)
 ParOldGen       total 42496K, used 1558K [0x00000000c2a00000, 0x00000000c5380000, 0x00000000eb900000)
  object space 42496K, 3% used [0x00000000c2a00000,0x00000000c2b85bb0,0x00000000c5380000)
 Metaspace       used 10102K, capacity 10286K, committed 10624K, reserved 1058816K
  class space    used 1222K, capacity 1316K, committed 1408K, reserved 1048576K
Event: 1.929 GC heap after
Heap after GC invocations=2 (full 1):
 PSYoungGen      total 18432K, used 0K [0x00000000eb900000, 0x00000000ecd80000, 0x0000000100000000)
  eden space 15872K, 0% used [0x00000000eb900000,0x00000000eb900000,0x00000000ec880000)
  from space 2560K, 0% used [0x00000000ec880000,0x00000000ec880000,0x00000000ecb00000)
  to   space 2560K, 0% used [0x00000000ecb00000,0x00000000ecb00000,0x00000000ecd80000)
 ParOldGen       total 42496K, used 3903K [0x00000000c2a00000, 0x00000000c5380000, 0x00000000eb900000)
  object space 42496K, 9% used [0x00000000c2a00000,0x00000000c2dcfce0,0x00000000c5380000)
 Metaspace       used 10094K, capacity 10276K, committed 10624K, reserved 1058816K
  class space    used 1221K, capacity 1314K, committed 1408K, reserved 1048576K
}
Event: 84.824 GC heap before
{Heap before GC invocations=3 (full 1):
 PSYoungGen      total 18432K, used 15872K [0x00000000eb900000, 0x00000000ecd80000, 0x0000000100000000)
  eden space 15872K, 100% used [0x00000000eb900000,0x00000000ec880000,0x00000000ec880000)
  from space 2560K, 0% used [0x00000000ec880000,0x00000000ec880000,0x00000000ecb00000)
  to   space 2560K, 0% used [0x00000000ecb00000,0x00000000ecb00000,0x00000000ecd80000)
 ParOldGen       total 42496K, used 3903K [0x00000000c2a00000, 0x00000000c5380000, 0x00000000eb900000)
  object space 42496K, 9% used [0x00000000c2a00000,0x00000000c2dcfce0,0x00000000c5380000)
 Metaspace       used 13347K, capacity 13712K, committed 14080K, reserved 1060864K
  class space    used 1574K, capacity 1668K, committed 1792K, reserved 1048576K
Event: 84.866 GC heap after
Heap after GC invocations=3 (full 1):
 PSYoungGen      total 18432K, used 2549K [0x00000000eb900000, 0x00000000ecd80000, 0x0000000100000000)
  eden space 15872K, 0% used [0x00000000eb900000,0x00000000eb900000,0x00000000ec880000)
  from space 2560K, 99% used [0x00000000ecb00000,0x00000000ecd7d5c0,0x00000000ecd80000)
  to   space 2560K, 0% used [0x00000000ec880000,0x00000000ec880000,0x00000000ecb00000)
 ParOldGen       total 42496K, used 5055K [0x00000000c2a00000, 0x00000000c5380000, 0x00000000eb900000)
  object space 42496K, 11% used [0x00000000c2a00000,0x00000000c2eefc58,0x00000000c5380000)
 Metaspace       used 13347K, capacity 13712K, committed 14080K, reserved 1060864K
  class space    used 1574K, capacity 1668K, committed 1792K, reserved 1048576K
}
Event: 85.531 GC heap before
{Heap before GC invocations=4 (full 1):
 PSYoungGen      total 18432K, used 18421K [0x00000000eb900000, 0x00000000ecd80000, 0x0000000100000000)
  eden space 15872K, 100% used [0x00000000eb900000,0x00000000ec880000,0x00000000ec880000)
  from space 2560K, 99% used [0x00000000ecb00000,0x00000000ecd7d5c0,0x00000000ecd80000)
  to   space 2560K, 0% used [0x00000000ec880000,0x00000000ec880000,0x00000000ecb00000)
 ParOldGen       total 42496K, used 5055K [0x00000000c2a00000, 0x00000000c5380000, 0x00000000eb900000)
  object space 42496K, 11% used [0x00000000c2a00000,0x00000000c2eefc58,0x00000000c5380000)
 Metaspace       used 13513K, capacity 13846K, committed 14080K, reserved 1060864K
  class space    used 1576K, capacity 1669K, committed 1792K, reserved 1048576K
Event: 85.550 GC heap after
Heap after GC invocations=4 (full 1):
 PSYoungGen      total 18432K, used 2508K [0x00000000eb900000, 0x00000000edd00000, 0x0000000100000000)
  eden space 15872K, 0% used [0x00000000eb900000,0x00000000eb900000,0x00000000ec880000)
  from space 2560K, 97% used [0x00000000ec880000,0x00000000ecaf3040,0x00000000ecb00000)
  to   space 2560K, 0% used [0x00000000eda80000,0x00000000eda80000,0x00000000edd00000)
 ParOldGen       total 42496K, used 5063K [0x00000000c2a00000, 0x00000000c5380000, 0x00000000eb900000)
  object space 42496K, 11% used [0x00000000c2a00000,0x00000000c2ef1c58,0x00000000c5380000)
 Metaspace       used 13513K, capacity 13846K, committed 14080K, reserved 1060864K
  class space    used 1576K, capacity 1669K, committed 1792K, reserved 1048576K
}
Event: 86.101 GC heap before
{Heap before GC invocations=5 (full 1):
 PSYoungGen      total 18432K, used 18380K [0x00000000eb900000, 0x00000000edd00000, 0x0000000100000000)
  eden space 15872K, 100% used [0x00000000eb900000,0x00000000ec880000,0x00000000ec880000)
  from space 2560K, 97% used [0x00000000ec880000,0x00000000ecaf3040,0x00000000ecb00000)
  to   space 2560K, 0% used [0x00000000eda80000,0x00000000eda80000,0x00000000edd00000)
 ParOldGen       total 42496K, used 5063K [0x00000000c2a00000, 0x00000000c5380000, 0x00000000eb900000)
  object space 42496K, 11% used [0x00000000c2a00000,0x00000000c2ef1c58,0x00000000c5380000)
 Metaspace       used 13604K, capacity 13974K, committed 14336K, reserved 1062912K
  class space    used 1576K, capacity 1669K, committed 1792K, reserved 1048576K
Event: 86.126 GC heap after
Heap after GC invocations=5 (full 1):
 PSYoungGen      total 34304K, used 2550K [0x00000000eb900000, 0x00000000edd00000, 0x0000000100000000)
  eden space 31744K, 0% used [0x00000000eb900000,0x00000000eb900000,0x00000000ed800000)
  from space 2560K, 99% used [0x00000000eda80000,0x00000000edcfd810,0x00000000edd00000)
  to   space 2560K, 0% used [0x00000000ed800000,0x00000000ed800000,0x00000000eda80000)
 ParOldGen       total 42496K, used 5828K [0x00000000c2a00000, 0x00000000c5380000, 0x00000000eb900000)
  object space 42496K, 13% used [0x00000000c2a00000,0x00000000c2fb1068,0x00000000c5380000)
 Metaspace       used 13604K, capacity 13974K, committed 14336K, reserved 1062912K
  class space    used 1576K, capacity 1669K, committed 1792K, reserved 1048576K
}

