# JRE version: Java(TM) SE Runtime Environment (8.0_201-b09) (build 1.8.0_201-b09)
# Java VM: Java HotSpot(TM) 64-Bit Server VM (25.201-b09 mixed mode linux-amd64 compressed oops)
Heap:
 PSYoungGen      total 57344K, used 4788K [0x00000000eb900000, 0x00000000f0680000, 0x0000000100000000)
  eden space 52224K, 0% used [0x00000000eb900000,0x00000000eb900000,0x00000000eec00000)
  from space 5120K, 93% used [0x00000000f0180000,0x00000000f062d350,0x00000000f0680000)
  to   space 5120K, 0% used [0x00000000eec00000,0x00000000eec00000,0x00000000ef100000)
 ParOldGen       total 42496K, used 17773K [0x00000000c2a00000, 0x00000000c5380000, 0x00000000eb900000)
  object space 42496K, 41% used [0x00000000c2a00000,0x00000000c3b5b5a0,0x00000000c5380000)
 Metaspace       used 14731K, capacity 15252K, committed 15360K, reserved 1062912K
  class space    used 1632K, capacity 1737K, committed 1792K, reserved 1048576K
GC Heap History (10 events):
Event: 57.508 GC heap after
Heap after GC invocations=8 (full 1):
 PSYoungGen      total 18432K, used 3576K [0x00000000eb900000, 0x00000000edd00000, 0x0000000100000000)
  eden space 13312K, 0% used [0x00000000eb900000,0x00000000eb900000,0x00000000ec600000)
  from space 5120K, 69% used [0x00000000ec600000,0x00000000ec97e010,0x00000000ecb00000)
  to   space 5120K, 0% used [0x00000000ed800000,0x00000000ed800000,0x00000000edd00000)
 ParOldGen       total 42496K, used 7926K [0x00000000c2a00000, 0x00000000c5380000, 0x00000000eb900000)
  object space 42496K, 18% used [0x00000000c2a00000,0x00000000c31bd928,0x00000000c5380000)
 Metaspace       used 13828K, capacity 14194K, committed 14336K, reserved 1062912K
  class space    used 1587K, capacity 1705K, committed 1792K, reserved 1048576K
}
Event: 57.923 GC heap before
{Heap before GC invocations=9 (full 1):
 PSYoungGen      total 18432K, used 16888K [0x00000000eb900000, 0x00000000edd00000, 0x0000000100000000)
  eden space 13312K, 100% used [0x00000000eb900000,0x00000000ec600000,0x00000000ec600000)
  from space 5120K, 69% used [0x00000000ec600000,0x00000000ec97e010,0x00000000ecb00000)
  to   space 5120K, 0% used [0x00000000ed800000,0x00000000ed800000,0x00000000edd00000)
 ParOldGen       total 42496K, used 7926K [0x00000000c2a00000, 0x00000000c5380000, 0x00000000eb900000)
  object space 42496K, 18% used [0x00000000c2a00000,0x00000000c31bd928,0x00000000c5380000)
 Metaspace       used 13848K, capacity 14194K, committed 14336K, reserved 1062912K
  class space    used 1587K, capacity 1705K, committed 1792K, reserved 1048576K
Event: 57.943 GC heap after
Heap after GC invocations=9 (full 1):
 PSYoungGen      total 31744K, used 3072K [0x00000000eb900000, 0x00000000edd00000, 0x0000000100000000)
  eden space 26624K, 0% used [0x00000000eb900000,0x00000000eb900000,0x00000000ed300000)
  from space 5120K, 60% used [0x00000000ed800000,0x00000000edb00010,0x00000000edd00000)
  to   space 5120K, 0% used [0x00000000ed300000,0x00000000ed300000,0x00000000ed800000)
 ParOldGen       total 42496K, used 8988K [0x00000000c2a00000, 0x00000000c5380000, 0x00000000eb900000)
  object space 42496K, 21% used [0x00000000c2a00000,0x00000000c32c7178,0x00000000c5380000)
 Metaspace       used 13848K, capacity 14194K, committed 14336K, reserved 1062912K
  class space    used 1587K, capacity 1705K, committed 1792K, reserved 1048576K
}
Event: 58.712 GC heap before
{Heap before GC invocations=10 (full 1):
 PSYoungGen      total 31744K, used 29696K [0x00000000eb900000, 0x00000000edd00000, 0x0000000100000000)
  eden space 26624K, 100% used [0x00000000eb900000,0x00000000ed300000,0x00000000ed300000)
  from space 5120K, 60% used [0x00000000ed800000,0x00000000edb00010,0x00000000edd00000)
  to   space 5120K, 0% used [0x00000000ed300000,0x00000000ed300000,0x00000000ed800000)
 ParOldGen       total 42496K, used 8988K [0x00000000c2a00000, 0x00000000c5380000, 0x00000000eb900000)
  object space 42496K, 21% used [0x00000000c2a00000,0x00000000c32c7178,0x00000000c5380000)
 Metaspace       used 13905K, capacity 14258K, committed 14592K, reserved 1062912K
  class space    used 1587K, capacity 1705K, committed 1792K, reserved 1048576K
Event: 58.732 GC heap after
Heap after GC invocations=10 (full 1):
 PSYoungGen      total 31744K, used 3808K [0x00000000eb900000, 0x00000000ef700000, 0x0000000100000000)
  eden space 26624K, 0% used [0x00000000eb900000,0x00000000eb900000,0x00000000ed300000)
  from space 5120K, 74% used [0x00000000ed300000,0x00000000ed6b80a0,0x00000000ed800000)
  to   space 5120K, 0% used [0x00000000ef200000,0x00000000ef200000,0x00000000ef700000)
 ParOldGen       total 42496K, used 9868K [0x00000000c2a00000, 0x00000000c5380000, 0x00000000eb900000)
  object space 42496K, 23% used [0x00000000c2a00000,0x00000000c33a3178,0x00000000c5380000)
 Metaspace       used 13905K, capacity 14258K, committed 14592K, reserved 1062912K
  class space    used 1587K, capacity 1705K, committed 1792K, reserved 1048576K
}
Event: 59.418 GC heap before
{Heap before GC invocations=11 (full 1):
 PSYoungGen      total 31744K, used 30432K [0x00000000eb900000, 0x00000000ef700000, 0x0000000100000000)
  eden space 26624K, 100% used [0x00000000eb900000,0x00000000ed300000,0x00000000ed300000)
  from space 5120K, 74% used [0x00000000ed300000,0x00000000ed6b80a0,0x00000000ed800000)
  to   space 5120K, 0% used [0x00000000ef200000,0x00000000ef200000,0x00000000ef700000)
 ParOldGen       total 42496K, used 9868K [0x00000000c2a00000, 0x00000000c5380000, 0x00000000eb900000)
  object space 42496K, 23% used [0x00000000c2a00000,0x00000000c33a3178,0x00000000c5380000)
 Metaspace       used 13941K, capacity 14322K, committed 14592K, reserved 1062912K
  class space    used 1588K, capacity 1705K, committed 1792K, reserved 1048576K
Event: 59.443 GC heap after
Heap after GC invocations=11 (full 1):
 PSYoungGen      total 47104K, used 4048K [0x00000000eb900000, 0x00000000ef600000, 0x0000000100000000)
  eden space 43008K, 0% used [0x00000000eb900000,0x00000000eb900000,0x00000000ee300000)
  from space 4096K, 98% used [0x00000000ef200000,0x00000000ef5f41c0,0x00000000ef600000)
  to   space 5120K, 0% used [0x00000000eec00000,0x00000000eec00000,0x00000000ef100000)
 ParOldGen       total 42496K, used 11448K [0x00000000c2a00000, 0x00000000c5380000, 0x00000000eb900000)
  object space 42496K, 26% used [0x00000000c2a00000,0x00000000c352e188,0x00000000c5380000)
 Metaspace       used 13941K, capacity 14322K, committed 14592K, reserved 1062912K
  class space    used 1588K, capacity 1705K, committed 1792K, reserved 1048576K
}
Event: 60.459 GC heap before
{Heap before GC invocations=12 (full 1):
 PSYoungGen      total 47104K, used 47056K [0x00000000eb900000, 0x00000000ef600000, 0x0000000100000000)
  eden space 43008K, 100% used [0x00000000eb900000,0x00000000ee300000,0x00000000ee300000)
  from space 4096K, 98% used [0x00000000ef200000,0x00000000ef5f41c0,0x00000000ef600000)
  to   space 5120K, 0% used [0x00000000eec00000,0x00000000eec00000,0x00000000ef100000)
 ParOldGen       total 42496K, used 11448K [0x00000000c2a00000, 0x00000000c5380000, 0x00000000eb900000)
  object space 42496K, 26% used [0x00000000c2a00000,0x00000000c352e188,0x00000000c5380000)
 Metaspace       used 13969K, capacity 14386K, committed 14592K, reserved 1062912K
  class space    used 1588K, capacity 1705K, committed 1792K, reserved 1048576K
Event: 60.479 GC heap after
Heap after GC invocations=12 (full 1):
 PSYoungGen      total 57344K, used 4216K [0x00000000eb900000, 0x00000000f0680000, 0x0000000100000000)
  eden space 52224K, 0% used [0x00000000eb900000,0x00000000eb900000,0x00000000eec00000)
  from space 5120K, 82% used [0x00000000eec00000,0x00000000ef01e1b8,0x00000000ef100000)
  to   space 5120K, 0% used [0x00000000f0180000,0x00000000f0180000,0x00000000f0680000)
 ParOldGen       total 42496K, used 13591K [0x00000000c2a00000, 0x00000000c5380000, 0x00000000eb900000)
  object space 42496K, 31% used [0x00000000c2a00000,0x00000000c3745ee8,0x00000000c5380000)
 Metaspace       used 13969K, capacity 14386K, committed 14592K, reserved 1062912K
  class space    used 1588K, capacity 1705K, committed 1792K, reserved 1048576K
}
Event: 63.242 GC heap before
{Heap before GC invocations=13 (full 1):
 PSYoungGen      total 57344K, used 56440K [0x00000000eb900000, 0x00000000f0680000, 0x0000000100000000)
  eden space 52224K, 100% used [0x00000000eb900000,0x00000000eec00000,0x00000000eec00000)
  from space 5120K, 82% used [0x00000000eec00000,0x00000000ef01e1b8,0x00000000ef100000)
  to   space 5120K, 0% used [0x00000000f0180000,0x00000000f0180000,0x00000000f0680000)
 ParOldGen       total 42496K, used 13591K [0x00000000c2a00000, 0x00000000c5380000, 0x00000000eb900000)
  object space 42496K, 31% used [0x00000000c2a00000,0x00000000c3745ee8,0x00000000c5380000)
 Metaspace       used 14731K, capacity 15252K, committed 15360K, reserved 1062912K
  class space    used 1632K, capacity 1737K, committed 1792K, reserved 1048576K

