# JRE version: Java(TM) SE Runtime Environment (8.0_201-b09) (build 1.8.0_201-b09)
# Java VM: Java HotSpot(TM) 64-Bit Server VM (25.201-b09 mixed mode linux-amd64 compressed oops)
Heap:
 PSYoungGen      total 215552K, used 18405K [0x00000000eb900000, 0x00000000fb280000, 0x0000000100000000)
  eden space 197120K, 0% used [0x00000000eb900000,0x00000000eb900000,0x00000000f7980000)
  from space 18432K, 99% used [0x00000000f8e80000,0x00000000fa0795e0,0x00000000fa080000)
  to   space 10752K, 0% used [0x00000000fa800000,0x00000000fa800000,0x00000000fb280000)
 ParOldGen       total 72192K, used 37326K [0x00000000c2a00000, 0x00000000c7080000, 0x00000000eb900000)
  object space 72192K, 51% used [0x00000000c2a00000,0x00000000c4e73820,0x00000000c7080000)
 Metaspace       used 27540K, capacity 28288K, committed 28416K, reserved 1075200K
  class space    used 3267K, capacity 3460K, committed 3584K, reserved 1048576K
GC Heap History (10 events):
Event: 13.597 GC heap after
Heap after GC invocations=10 (full 1):
 PSYoungGen      total 133632K, used 11744K [0x00000000eb900000, 0x00000000fcc00000, 0x0000000100000000)
  eden space 121856K, 0% used [0x00000000eb900000,0x00000000eb900000,0x00000000f3000000)
  from space 11776K, 99% used [0x00000000f3000000,0x00000000f3b780a0,0x00000000f3b80000)
  to   space 18944K, 0% used [0x00000000fb980000,0x00000000fb980000,0x00000000fcc00000)
 ParOldGen       total 42496K, used 34031K [0x00000000c2a00000, 0x00000000c5380000, 0x00000000eb900000)
  object space 42496K, 80% used [0x00000000c2a00000,0x00000000c4b3beb8,0x00000000c5380000)
 Metaspace       used 20271K, capacity 20656K, committed 20864K, reserved 1067008K
  class space    used 2293K, capacity 2400K, committed 2432K, reserved 1048576K
}
Event: 13.597 GC heap before
{Heap before GC invocations=11 (full 2):
 PSYoungGen      total 133632K, used 11744K [0x00000000eb900000, 0x00000000fcc00000, 0x0000000100000000)
  eden space 121856K, 0% used [0x00000000eb900000,0x00000000eb900000,0x00000000f3000000)
  from space 11776K, 99% used [0x00000000f3000000,0x00000000f3b780a0,0x00000000f3b80000)
  to   space 18944K, 0% used [0x00000000fb980000,0x00000000fb980000,0x00000000fcc00000)
 ParOldGen       total 42496K, used 34031K [0x00000000c2a00000, 0x00000000c5380000, 0x00000000eb900000)
  object space 42496K, 80% used [0x00000000c2a00000,0x00000000c4b3beb8,0x00000000c5380000)
 Metaspace       used 20271K, capacity 20656K, committed 20864K, reserved 1067008K
  class space    used 2293K, capacity 2400K, committed 2432K, reserved 1048576K
Event: 14.139 GC heap after
Heap after GC invocations=11 (full 2):
 PSYoungGen      total 133632K, used 0K [0x00000000eb900000, 0x00000000fcc00000, 0x0000000100000000)
  eden space 121856K, 0% used [0x00000000eb900000,0x00000000eb900000,0x00000000f3000000)
  from space 11776K, 0% used [0x00000000f3000000,0x00000000f3000000,0x00000000f3b80000)
  to   space 18944K, 0% used [0x00000000fb980000,0x00000000fb980000,0x00000000fcc00000)
 ParOldGen       total 72192K, used 35433K [0x00000000c2a00000, 0x00000000c7080000, 0x00000000eb900000)
  object space 72192K, 49% used [0x00000000c2a00000,0x00000000c4c9a7a0,0x00000000c7080000)
 Metaspace       used 20271K, capacity 20656K, committed 20864K, reserved 1067008K
  class space    used 2293K, capacity 2400K, committed 2432K, reserved 1048576K
}
Event: 17.864 GC heap before
{Heap before GC invocations=12 (full 2):
 PSYoungGen      total 133632K, used 121856K [0x00000000eb900000, 0x00000000fcc00000, 0x0000000100000000)
  eden space 121856K, 100% used [0x00000000eb900000,0x00000000f3000000,0x00000000f3000000)
  from space 11776K, 0% used [0x00000000f3000000,0x00000000f3000000,0x00000000f3b80000)
  to   space 18944K, 0% used [0x00000000fb980000,0x00000000fb980000,0x00000000fcc00000)
 ParOldGen       total 72192K, used 35433K [0x00000000c2a00000, 0x00000000c7080000, 0x00000000eb900000)
  object space 72192K, 49% used [0x00000000c2a00000,0x00000000c4c9a7a0,0x00000000c7080000)
 Metaspace       used 22154K, capacity 22614K, committed 22912K, reserved 1069056K
  class space    used 2456K, capacity 2577K, committed 2688K, reserved 1048576K
Event: 17.872 GC heap after
Heap after GC invocations=12 (full 2):
 PSYoungGen      total 147968K, used 3385K [0x00000000eb900000, 0x00000000fbd00000, 0x0000000100000000)
  eden space 144384K, 0% used [0x00000000eb900000,0x00000000eb900000,0x00000000f4600000)
  from space 3584K, 94% used [0x00000000fb980000,0x00000000fbcce418,0x00000000fbd00000)
  to   space 18944K, 0% used [0x00000000f9800000,0x00000000f9800000,0x00000000faa80000)
 ParOldGen       total 72192K, used 35441K [0x00000000c2a00000, 0x00000000c7080000, 0x00000000eb900000)
  object space 72192K, 49% used [0x00000000c2a00000,0x00000000c4c9c7a0,0x00000000c7080000)
 Metaspace       used 22154K, capacity 22614K, committed 22912K, reserved 1069056K
  class space    used 2456K, capacity 2577K, committed 2688K, reserved 1048576K
}
Event: 19.941 GC heap before
{Heap before GC invocations=13 (full 2):
 PSYoungGen      total 147968K, used 147769K [0x00000000eb900000, 0x00000000fbd00000, 0x0000000100000000)
  eden space 144384K, 100% used [0x00000000eb900000,0x00000000f4600000,0x00000000f4600000)
  from space 3584K, 94% used [0x00000000fb980000,0x00000000fbcce418,0x00000000fbd00000)
  to   space 18944K, 0% used [0x00000000f9800000,0x00000000f9800000,0x00000000faa80000)
 ParOldGen       total 72192K, used 35441K [0x00000000c2a00000, 0x00000000c7080000, 0x00000000eb900000)
  object space 72192K, 49% used [0x00000000c2a00000,0x00000000c4c9c7a0,0x00000000c7080000)
 Metaspace       used 22230K, capacity 22618K, committed 22912K, reserved 1069056K
  class space    used 2457K, capacity 2577K, committed 2688K, reserved 1048576K
Event: 19.962 GC heap after
Heap after GC invocations=13 (full 2):
 PSYoungGen      total 172544K, used 3520K [0x00000000eb900000, 0x00000000fba00000, 0x0000000100000000)
  eden space 168960K, 0% used [0x00000000eb900000,0x00000000eb900000,0x00000000f5e00000)
  from space 3584K, 98% used [0x00000000f9800000,0x00000000f9b70000,0x00000000f9b80000)
  to   space 18432K, 0% used [0x00000000fa800000,0x00000000fa800000,0x00000000fba00000)
 ParOldGen       total 72192K, used 35449K [0x00000000c2a00000, 0x00000000c7080000, 0x00000000eb900000)
  object space 72192K, 49% used [0x00000000c2a00000,0x00000000c4c9e7a0,0x00000000c7080000)
 Metaspace       used 22230K, capacity 22618K, committed 22912K, reserved 1069056K
  class space    used 2457K, capacity 2577K, committed 2688K, reserved 1048576K
}
Event: 25.761 GC heap before
{Heap before GC invocations=14 (full 2):
 PSYoungGen      total 172544K, used 172480K [0x00000000eb900000, 0x00000000fba00000, 0x0000000100000000)
  eden space 168960K, 100% used [0x00000000eb900000,0x00000000f5e00000,0x00000000f5e00000)
  from space 3584K, 98% used [0x00000000f9800000,0x00000000f9b70000,0x00000000f9b80000)
  to   space 18432K, 0% used [0x00000000fa800000,0x00000000fa800000,0x00000000fba00000)
 ParOldGen       total 72192K, used 35449K [0x00000000c2a00000, 0x00000000c7080000, 0x00000000eb900000)
  object space 72192K, 49% used [0x00000000c2a00000,0x00000000c4c9e7a0,0x00000000c7080000)
 Metaspace       used 23588K, capacity 24200K, committed 24320K, reserved 1071104K
  class space    used 2543K, capacity 2724K, committed 2816K, reserved 1048576K
Event: 25.852 GC heap after
Heap after GC invocations=14 (full 2):
 PSYoungGen      total 207872K, used 10671K [0x00000000eb900000, 0x00000000fb280000, 0x0000000100000000)
  eden space 197120K, 0% used [0x00000000eb900000,0x00000000eb900000,0x00000000f7980000)
  from space 10752K, 99% used [0x00000000fa800000,0x00000000fb26bf48,0x00000000fb280000)
  to   space 18432K, 0% used [0x00000000f8e80000,0x00000000f8e80000,0x00000000fa080000)
 ParOldGen       total 72192K, used 35457K [0x00000000c2a00000, 0x00000000c7080000, 0x00000000eb900000)
  object space 72192K, 49% used [0x00000000c2a00000,0x00000000c4ca07a0,0x00000000c7080000)
 Metaspace       used 23588K, capacity 24200K, committed 24320K, reserved 1071104K
  class space    used 2543K, capacity 2724K, committed 2816K, reserved 1048576K
}
Event: 38.429 GC heap before
{Heap before GC invocations=15 (full 2):
 PSYoungGen      total 207872K, used 207791K [0x00000000eb900000, 0x00000000fb280000, 0x0000000100000000)
  eden space 197120K, 100% used [0x00000000eb900000,0x00000000f7980000,0x00000000f7980000)
  from space 10752K, 99% used [0x00000000fa800000,0x00000000fb26bf48,0x00000000fb280000)
  to   space 18432K, 0% used [0x00000000f8e80000,0x00000000f8e80000,0x00000000fa080000)
 ParOldGen       total 72192K, used 35457K [0x00000000c2a00000, 0x00000000c7080000, 0x00000000eb900000)
  object space 72192K, 49% used [0x00000000c2a00000,0x00000000c4ca07a0,0x00000000c7080000)
 Metaspace       used 27540K, capacity 28288K, committed 28416K, reserved 1075200K
  class space    used 3267K, capacity 3460K, committed 3584K, reserved 1048576K

