# JRE version: Java(TM) SE Runtime Environment (8.0_201-b09) (build 1.8.0_201-b09)
# Java VM: Java HotSpot(TM) 64-Bit Server VM (25.201-b09 mixed mode linux-amd64 compressed oops)
Heap:
 PSYoungGen      total 282112K, used 8680K [0x00000000eb900000, 0x0000000100000000, 0x0000000100000000)
  eden space 254976K, 0% used [0x00000000eb900000,0x00000000eb900000,0x00000000fb200000)
  from space 27136K, 31% used [0x00000000fe580000,0x00000000fedfa2c0,0x0000000100000000)
  to   space 39936K, 0% used [0x00000000fb200000,0x00000000fb200000,0x00000000fd900000)
 ParOldGen       total 77312K, used 77066K [0x00000000c2a00000, 0x00000000c7580000, 0x00000000eb900000)
  object space 77312K, 99% used [0x00000000c2a00000,0x00000000c7542840,0x00000000c7580000)
 Metaspace       used 23254K, capacity 24022K, committed 24320K, reserved 1071104K
  class space    used 2501K, capacity 2708K, committed 2816K, reserved 1048576K
GC Heap History (10 events):
Event: 31.480 GC heap after
Heap after GC invocations=16 (full 2):
 PSYoungGen      total 258048K, used 13104K [0x00000000eb900000, 0x00000000fe200000, 0x0000000100000000)
  eden space 240640K, 0% used [0x00000000eb900000,0x00000000eb900000,0x00000000fa400000)
  from space 17408K, 75% used [0x00000000fb580000,0x00000000fc24c250,0x00000000fc680000)
  to   space 17920K, 0% used [0x00000000fa400000,0x00000000fa400000,0x00000000fb580000)
 ParOldGen       total 77312K, used 39414K [0x00000000c2a00000, 0x00000000c7580000, 0x00000000eb900000)
  object space 77312K, 50% used [0x00000000c2a00000,0x00000000c507d950,0x00000000c7580000)
 Metaspace       used 22267K, capacity 22766K, committed 23040K, reserved 1069056K
  class space    used 2410K, capacity 2546K, committed 2560K, reserved 1048576K
}
Event: 39.775 GC heap before
{Heap before GC invocations=17 (full 2):
 PSYoungGen      total 258048K, used 253744K [0x00000000eb900000, 0x00000000fe200000, 0x0000000100000000)
  eden space 240640K, 100% used [0x00000000eb900000,0x00000000fa400000,0x00000000fa400000)
  from space 17408K, 75% used [0x00000000fb580000,0x00000000fc24c250,0x00000000fc680000)
  to   space 17920K, 0% used [0x00000000fa400000,0x00000000fa400000,0x00000000fb580000)
 ParOldGen       total 77312K, used 39414K [0x00000000c2a00000, 0x00000000c7580000, 0x00000000eb900000)
  object space 77312K, 50% used [0x00000000c2a00000,0x00000000c507d950,0x00000000c7580000)
 Metaspace       used 23030K, capacity 23740K, committed 24064K, reserved 1071104K
  class space    used 2493K, capacity 2693K, committed 2816K, reserved 1048576K
Event: 39.868 GC heap after
Heap after GC invocations=17 (full 2):
 PSYoungGen      total 258560K, used 17888K [0x00000000eb900000, 0x0000000100000000, 0x0000000100000000)
  eden space 240640K, 0% used [0x00000000eb900000,0x00000000eb900000,0x00000000fa400000)
  from space 17920K, 99% used [0x00000000fa400000,0x00000000fb578260,0x00000000fb580000)
  to   space 24064K, 0% used [0x00000000fe880000,0x00000000fe880000,0x0000000100000000)
 ParOldGen       total 77312K, used 49125K [0x00000000c2a00000, 0x00000000c7580000, 0x00000000eb900000)
  object space 77312K, 63% used [0x00000000c2a00000,0x00000000c59f96a8,0x00000000c7580000)
 Metaspace       used 23030K, capacity 23740K, committed 24064K, reserved 1071104K
  class space    used 2493K, capacity 2693K, committed 2816K, reserved 1048576K
}
Event: 45.723 GC heap before
{Heap before GC invocations=18 (full 2):
 PSYoungGen      total 258560K, used 258528K [0x00000000eb900000, 0x0000000100000000, 0x0000000100000000)
  eden space 240640K, 100% used [0x00000000eb900000,0x00000000fa400000,0x00000000fa400000)
  from space 17920K, 99% used [0x00000000fa400000,0x00000000fb578260,0x00000000fb580000)
  to   space 24064K, 0% used [0x00000000fe880000,0x00000000fe880000,0x0000000100000000)
 ParOldGen       total 77312K, used 49125K [0x00000000c2a00000, 0x00000000c7580000, 0x00000000eb900000)
  object space 77312K, 63% used [0x00000000c2a00000,0x00000000c59f96a8,0x00000000c7580000)
 Metaspace       used 23114K, capacity 23934K, committed 24064K, reserved 1071104K
  class space    used 2499K, capacity 2704K, committed 2816K, reserved 1048576K
Event: 45.791 GC heap after
Heap after GC invocations=18 (full 2):
 PSYoungGen      total 304640K, used 21952K [0x00000000eb900000, 0x0000000100000000, 0x0000000100000000)
  eden space 280576K, 0% used [0x00000000eb900000,0x00000000eb900000,0x00000000fcb00000)
  from space 24064K, 91% used [0x00000000fe880000,0x00000000ffdf0040,0x0000000100000000)
  to   space 27136K, 0% used [0x00000000fcb00000,0x00000000fcb00000,0x00000000fe580000)
 ParOldGen       total 77312K, used 54797K [0x00000000c2a00000, 0x00000000c7580000, 0x00000000eb900000)
  object space 77312K, 70% used [0x00000000c2a00000,0x00000000c5f83560,0x00000000c7580000)
 Metaspace       used 23114K, capacity 23934K, committed 24064K, reserved 1071104K
  class space    used 2499K, capacity 2704K, committed 2816K, reserved 1048576K
}
Event: 48.643 GC heap before
{Heap before GC invocations=19 (full 2):
 PSYoungGen      total 304640K, used 302528K [0x00000000eb900000, 0x0000000100000000, 0x0000000100000000)
  eden space 280576K, 100% used [0x00000000eb900000,0x00000000fcb00000,0x00000000fcb00000)
  from space 24064K, 91% used [0x00000000fe880000,0x00000000ffdf0040,0x0000000100000000)
  to   space 27136K, 0% used [0x00000000fcb00000,0x00000000fcb00000,0x00000000fe580000)
 ParOldGen       total 77312K, used 54797K [0x00000000c2a00000, 0x00000000c7580000, 0x00000000eb900000)
  object space 77312K, 70% used [0x00000000c2a00000,0x00000000c5f83560,0x00000000c7580000)
 Metaspace       used 23207K, capacity 23958K, committed 24320K, reserved 1071104K
  class space    used 2501K, capacity 2708K, committed 2816K, reserved 1048576K
Event: 48.757 GC heap after
Heap after GC invocations=19 (full 2):
 PSYoungGen      total 307712K, used 27136K [0x00000000eb900000, 0x0000000100000000, 0x0000000100000000)
  eden space 280576K, 0% used [0x00000000eb900000,0x00000000eb900000,0x00000000fcb00000)
  from space 27136K, 100% used [0x00000000fcb00000,0x00000000fe580000,0x00000000fe580000)
  to   space 27136K, 0% used [0x00000000fe580000,0x00000000fe580000,0x0000000100000000)
 ParOldGen       total 77312K, used 61212K [0x00000000c2a00000, 0x00000000c7580000, 0x00000000eb900000)
  object space 77312K, 79% used [0x00000000c2a00000,0x00000000c65c7110,0x00000000c7580000)
 Metaspace       used 23207K, capacity 23958K, committed 24320K, reserved 1071104K
  class space    used 2501K, capacity 2708K, committed 2816K, reserved 1048576K
}
Event: 54.040 GC heap before
{Heap before GC invocations=20 (full 2):
 PSYoungGen      total 307712K, used 307712K [0x00000000eb900000, 0x0000000100000000, 0x0000000100000000)
  eden space 280576K, 100% used [0x00000000eb900000,0x00000000fcb00000,0x00000000fcb00000)
  from space 27136K, 100% used [0x00000000fcb00000,0x00000000fe580000,0x00000000fe580000)
  to   space 27136K, 0% used [0x00000000fe580000,0x00000000fe580000,0x0000000100000000)
 ParOldGen       total 77312K, used 61212K [0x00000000c2a00000, 0x00000000c7580000, 0x00000000eb900000)
  object space 77312K, 79% used [0x00000000c2a00000,0x00000000c65c7110,0x00000000c7580000)
 Metaspace       used 23254K, capacity 24022K, committed 24320K, reserved 1071104K
  class space    used 2501K, capacity 2708K, committed 2816K, reserved 1048576K
Event: 54.171 GC heap after
Heap after GC invocations=20 (full 2):
 PSYoungGen      total 282112K, used 27136K [0x00000000eb900000, 0x0000000100000000, 0x0000000100000000)
  eden space 254976K, 0% used [0x00000000eb900000,0x00000000eb900000,0x00000000fb200000)
  from space 27136K, 100% used [0x00000000fe580000,0x0000000100000000,0x0000000100000000)
  to   space 39936K, 0% used [0x00000000fb200000,0x00000000fb200000,0x00000000fd900000)
 ParOldGen       total 77312K, used 70908K [0x00000000c2a00000, 0x00000000c7580000, 0x00000000eb900000)
  object space 77312K, 91% used [0x00000000c2a00000,0x00000000c6f3f058,0x00000000c7580000)
 Metaspace       used 23254K, capacity 24022K, committed 24320K, reserved 1071104K
  class space    used 2501K, capacity 2708K, committed 2816K, reserved 1048576K
}
Event: 54.172 GC heap before
{Heap before GC invocations=21 (full 3):
 PSYoungGen      total 282112K, used 27136K [0x00000000eb900000, 0x0000000100000000, 0x0000000100000000)
  eden space 254976K, 0% used [0x00000000eb900000,0x00000000eb900000,0x00000000fb200000)
  from space 27136K, 100% used [0x00000000fe580000,0x0000000100000000,0x0000000100000000)
  to   space 39936K, 0% used [0x00000000fb200000,0x00000000fb200000,0x00000000fd900000)
 ParOldGen       total 77312K, used 70908K [0x00000000c2a00000, 0x00000000c7580000, 0x00000000eb900000)
  object space 77312K, 91% used [0x00000000c2a00000,0x00000000c6f3f058,0x00000000c7580000)
 Metaspace       used 23254K, capacity 24022K, committed 24320K, reserved 1071104K
  class space    used 2501K, capacity 2708K, committed 2816K, reserved 1048576K

