# JRE version: Java(TM) SE Runtime Environment (8.0_201-b09) (build 1.8.0_201-b09)
# Java VM: Java HotSpot(TM) 64-Bit Server VM (25.201-b09 mixed mode linux-amd64 compressed oops)
Heap:
 PSYoungGen      total 248832K, used 0K [0x00000000eb900000, 0x00000000ff980000, 0x0000000100000000)
  eden space 231936K, 0% used [0x00000000eb900000,0x00000000eb900000,0x00000000f9b80000)
  from space 16896K, 0% used [0x00000000f9b80000,0x00000000f9b80000,0x00000000fac00000)
  to   space 48128K, 0% used [0x00000000fca80000,0x00000000fca80000,0x00000000ff980000)
 ParOldGen       total 118784K, used 117768K [0x00000000c2a00000, 0x00000000c9e00000, 0x00000000eb900000)
  object space 118784K, 99% used [0x00000000c2a00000,0x00000000c9d023d8,0x00000000c9e00000)
 Metaspace       used 22650K, capacity 23273K, committed 23424K, reserved 1071104K
  class space    used 2419K, capacity 2590K, committed 2688K, reserved 1048576K
GC Heap History (10 events):
Event: 103.497 GC heap after
Heap after GC invocations=36 (full 3):
 PSYoungGen      total 291840K, used 35600K [0x00000000eb900000, 0x0000000100000000, 0x0000000100000000)
  eden space 256000K, 0% used [0x00000000eb900000,0x00000000eb900000,0x00000000fb300000)
  from space 35840K, 99% used [0x00000000fb300000,0x00000000fd5c4330,0x00000000fd600000)
  to   space 43008K, 0% used [0x00000000fd600000,0x00000000fd600000,0x0000000100000000)
 ParOldGen       total 118784K, used 67147K [0x00000000c2a00000, 0x00000000c9e00000, 0x00000000eb900000)
  object space 118784K, 56% used [0x00000000c2a00000,0x00000000c6b92da0,0x00000000c9e00000)
 Metaspace       used 22574K, capacity 23209K, committed 23424K, reserved 1071104K
  class space    used 2419K, capacity 2590K, committed 2688K, reserved 1048576K
}
Event: 104.198 GC heap before
{Heap before GC invocations=37 (full 3):
 PSYoungGen      total 291840K, used 291600K [0x00000000eb900000, 0x0000000100000000, 0x0000000100000000)
  eden space 256000K, 100% used [0x00000000eb900000,0x00000000fb300000,0x00000000fb300000)
  from space 35840K, 99% used [0x00000000fb300000,0x00000000fd5c4330,0x00000000fd600000)
  to   space 43008K, 0% used [0x00000000fd600000,0x00000000fd600000,0x0000000100000000)
 ParOldGen       total 118784K, used 67147K [0x00000000c2a00000, 0x00000000c9e00000, 0x00000000eb900000)
  object space 118784K, 56% used [0x00000000c2a00000,0x00000000c6b92da0,0x00000000c9e00000)
 Metaspace       used 22608K, capacity 23209K, committed 23424K, reserved 1071104K
  class space    used 2419K, capacity 2590K, committed 2688K, reserved 1048576K
Event: 104.329 GC heap after
Heap after GC invocations=37 (full 3):
 PSYoungGen      total 276480K, used 37984K [0x00000000eb900000, 0x0000000100000000, 0x0000000100000000)
  eden space 233472K, 0% used [0x00000000eb900000,0x00000000eb900000,0x00000000f9d00000)
  from space 43008K, 88% used [0x00000000fd600000,0x00000000ffb18300,0x0000000100000000)
  to   space 50688K, 0% used [0x00000000f9d00000,0x00000000f9d00000,0x00000000fce80000)
 ParOldGen       total 118784K, used 70271K [0x00000000c2a00000, 0x00000000c9e00000, 0x00000000eb900000)
  object space 118784K, 59% used [0x00000000c2a00000,0x00000000c6e9ff00,0x00000000c9e00000)
 Metaspace       used 22608K, capacity 23209K, committed 23424K, reserved 1071104K
  class space    used 2419K, capacity 2590K, committed 2688K, reserved 1048576K
}
Event: 104.833 GC heap before
{Heap before GC invocations=38 (full 3):
 PSYoungGen      total 276480K, used 271456K [0x00000000eb900000, 0x0000000100000000, 0x0000000100000000)
  eden space 233472K, 100% used [0x00000000eb900000,0x00000000f9d00000,0x00000000f9d00000)
  from space 43008K, 88% used [0x00000000fd600000,0x00000000ffb18300,0x0000000100000000)
  to   space 50688K, 0% used [0x00000000f9d00000,0x00000000f9d00000,0x00000000fce80000)
 ParOldGen       total 118784K, used 70271K [0x00000000c2a00000, 0x00000000c9e00000, 0x00000000eb900000)
  object space 118784K, 59% used [0x00000000c2a00000,0x00000000c6e9ff00,0x00000000c9e00000)
 Metaspace       used 22633K, capacity 23209K, committed 23424K, reserved 1071104K
  class space    used 2419K, capacity 2590K, committed 2688K, reserved 1048576K
Event: 104.884 GC heap after
Heap after GC invocations=38 (full 3):
 PSYoungGen      total 264704K, used 30784K [0x00000000eb900000, 0x0000000100000000, 0x0000000100000000)
  eden space 233472K, 0% used [0x00000000eb900000,0x00000000eb900000,0x00000000f9d00000)
  from space 31232K, 98% used [0x00000000f9d00000,0x00000000fbb10280,0x00000000fbb80000)
  to   space 52224K, 0% used [0x00000000fcd00000,0x00000000fcd00000,0x0000000100000000)
 ParOldGen       total 118784K, used 82795K [0x00000000c2a00000, 0x00000000c9e00000, 0x00000000eb900000)
  object space 118784K, 69% used [0x00000000c2a00000,0x00000000c7adacc0,0x00000000c9e00000)
 Metaspace       used 22633K, capacity 23209K, committed 23424K, reserved 1071104K
  class space    used 2419K, capacity 2590K, committed 2688K, reserved 1048576K
}
Event: 105.493 GC heap before
{Heap before GC invocations=39 (full 3):
 PSYoungGen      total 264704K, used 264256K [0x00000000eb900000, 0x0000000100000000, 0x0000000100000000)
  eden space 233472K, 100% used [0x00000000eb900000,0x00000000f9d00000,0x00000000f9d00000)
  from space 31232K, 98% used [0x00000000f9d00000,0x00000000fbb10280,0x00000000fbb80000)
  to   space 52224K, 0% used [0x00000000fcd00000,0x00000000fcd00000,0x0000000100000000)
 ParOldGen       total 118784K, used 82795K [0x00000000c2a00000, 0x00000000c9e00000, 0x00000000eb900000)
  object space 118784K, 69% used [0x00000000c2a00000,0x00000000c7adacc0,0x00000000c9e00000)
 Metaspace       used 22641K, capacity 23273K, committed 23424K, reserved 1071104K
  class space    used 2419K, capacity 2590K, committed 2688K, reserved 1048576K
Event: 105.583 GC heap after
Heap after GC invocations=39 (full 3):
 PSYoungGen      total 284160K, used 23616K [0x00000000eb900000, 0x0000000100000000, 0x0000000100000000)
  eden space 231936K, 0% used [0x00000000eb900000,0x00000000eb900000,0x00000000f9b80000)
  from space 52224K, 45% used [0x00000000fcd00000,0x00000000fe4101e0,0x0000000100000000)
  to   space 50688K, 0% used [0x00000000f9b80000,0x00000000f9b80000,0x00000000fcd00000)
 ParOldGen       total 118784K, used 95456K [0x00000000c2a00000, 0x00000000c9e00000, 0x00000000eb900000)
  object space 118784K, 80% used [0x00000000c2a00000,0x00000000c8738310,0x00000000c9e00000)
 Metaspace       used 22641K, capacity 23273K, committed 23424K, reserved 1071104K
  class space    used 2419K, capacity 2590K, committed 2688K, reserved 1048576K
}
Event: 106.388 GC heap before
{Heap before GC invocations=40 (full 3):
 PSYoungGen      total 284160K, used 255552K [0x00000000eb900000, 0x0000000100000000, 0x0000000100000000)
  eden space 231936K, 100% used [0x00000000eb900000,0x00000000f9b80000,0x00000000f9b80000)
  from space 52224K, 45% used [0x00000000fcd00000,0x00000000fe4101e0,0x0000000100000000)
  to   space 50688K, 0% used [0x00000000f9b80000,0x00000000f9b80000,0x00000000fcd00000)
 ParOldGen       total 118784K, used 95456K [0x00000000c2a00000, 0x00000000c9e00000, 0x00000000eb900000)
  object space 118784K, 80% used [0x00000000c2a00000,0x00000000c8738310,0x00000000c9e00000)
 Metaspace       used 22650K, capacity 23273K, committed 23424K, reserved 1071104K
  class space    used 2419K, capacity 2590K, committed 2688K, reserved 1048576K
Event: 106.510 GC heap after
Heap after GC invocations=40 (full 3):
 PSYoungGen      total 248832K, used 16576K [0x00000000eb900000, 0x00000000ff980000, 0x0000000100000000)
  eden space 231936K, 0% used [0x00000000eb900000,0x00000000eb900000,0x00000000f9b80000)
  from space 16896K, 98% used [0x00000000f9b80000,0x00000000fabb0180,0x00000000fac00000)
  to   space 48128K, 0% used [0x00000000fca80000,0x00000000fca80000,0x00000000ff980000)
 ParOldGen       total 118784K, used 107226K [0x00000000c2a00000, 0x00000000c9e00000, 0x00000000eb900000)
  object space 118784K, 90% used [0x00000000c2a00000,0x00000000c92b6820,0x00000000c9e00000)
 Metaspace       used 22650K, capacity 23273K, committed 23424K, reserved 1071104K
  class space    used 2419K, capacity 2590K, committed 2688K, reserved 1048576K
}
Event: 106.510 GC heap before
{Heap before GC invocations=41 (full 4):
 PSYoungGen      total 248832K, used 16576K [0x00000000eb900000, 0x00000000ff980000, 0x0000000100000000)
  eden space 231936K, 0% used [0x00000000eb900000,0x00000000eb900000,0x00000000f9b80000)
  from space 16896K, 98% used [0x00000000f9b80000,0x00000000fabb0180,0x00000000fac00000)
  to   space 48128K, 0% used [0x00000000fca80000,0x00000000fca80000,0x00000000ff980000)
 ParOldGen       total 118784K, used 107226K [0x00000000c2a00000, 0x00000000c9e00000, 0x00000000eb900000)
  object space 118784K, 90% used [0x00000000c2a00000,0x00000000c92b6820,0x00000000c9e00000)
 Metaspace       used 22650K, capacity 23273K, committed 23424K, reserved 1071104K
  class space    used 2419K, capacity 2590K, committed 2688K, reserved 1048576K

