# JRE version: Java(TM) SE Runtime Environment (8.0_201-b09) (build 1.8.0_201-b09)
# Java VM: Java HotSpot(TM) 64-Bit Server VM (25.201-b09 mixed mode linux-amd64 compressed oops)
Heap:
 PSYoungGen      total 18944K, used 4684K [0x00000000eb900000, 0x00000000ed480000, 0x0000000100000000)
  eden space 13824K, 0% used [0x00000000eb900000,0x00000000eb900000,0x00000000ec680000)
  from space 5120K, 91% used [0x00000000ecf80000,0x00000000ed413030,0x00000000ed480000)
  to   space 1536K, 0% used [0x00000000ecb80000,0x00000000ecb80000,0x00000000ecd00000)
 ParOldGen       total 42496K, used 9245K [0x00000000c2a00000, 0x00000000c5380000, 0x00000000eb900000)
  object space 42496K, 21% used [0x00000000c2a00000,0x00000000c3307568,0x00000000c5380000)
 Metaspace       used 14301K, capacity 14696K, committed 14848K, reserved 1062912K
  class space    used 1622K, capacity 1735K, committed 1792K, reserved 1048576K
GC Heap History (10 events):
Event: 56.437 GC heap after
Heap after GC invocations=10 (full 1):
 PSYoungGen      total 18432K, used 1692K [0x00000000eb900000, 0x00000000edd00000, 0x0000000100000000)
  eden space 13824K, 0% used [0x00000000eb900000,0x00000000eb900000,0x00000000ec680000)
  from space 4608K, 36% used [0x00000000ec680000,0x00000000ec827030,0x00000000ecb00000)
  to   space 4608K, 0% used [0x00000000ed880000,0x00000000ed880000,0x00000000edd00000)
 ParOldGen       total 42496K, used 7530K [0x00000000c2a00000, 0x00000000c5380000, 0x00000000eb900000)
  object space 42496K, 17% used [0x00000000c2a00000,0x00000000c315a908,0x00000000c5380000)
 Metaspace       used 14209K, capacity 14622K, committed 14848K, reserved 1062912K
  class space    used 1620K, capacity 1734K, committed 1792K, reserved 1048576K
}
Event: 62.201 GC heap before
{Heap before GC invocations=11 (full 1):
 PSYoungGen      total 18432K, used 15516K [0x00000000eb900000, 0x00000000edd00000, 0x0000000100000000)
  eden space 13824K, 100% used [0x00000000eb900000,0x00000000ec680000,0x00000000ec680000)
  from space 4608K, 36% used [0x00000000ec680000,0x00000000ec827030,0x00000000ecb00000)
  to   space 4608K, 0% used [0x00000000ed880000,0x00000000ed880000,0x00000000edd00000)
 ParOldGen       total 42496K, used 7530K [0x00000000c2a00000, 0x00000000c5380000, 0x00000000eb900000)
  object space 42496K, 17% used [0x00000000c2a00000,0x00000000c315a908,0x00000000c5380000)
 Metaspace       used 14214K, capacity 14622K, committed 14848K, reserved 1062912K
  class space    used 1620K, capacity 1734K, committed 1792K, reserved 1048576K
Event: 62.217 GC heap after
Heap after GC invocations=11 (full 1):
 PSYoungGen      total 14848K, used 576K [0x00000000eb900000, 0x00000000ed980000, 0x0000000100000000)
  eden space 13824K, 0% used [0x00000000eb900000,0x00000000eb900000,0x00000000ec680000)
  from space 1024K, 56% used [0x00000000ed880000,0x00000000ed910000,0x00000000ed980000)
  to   space 5120K, 0% used [0x00000000ecf80000,0x00000000ecf80000,0x00000000ed480000)
 ParOldGen       total 42496K, used 8293K [0x00000000c2a00000, 0x00000000c5380000, 0x00000000eb900000)
  object space 42496K, 19% used [0x00000000c2a00000,0x00000000c3219568,0x00000000c5380000)
 Metaspace       used 14214K, capacity 14622K, committed 14848K, reserved 1062912K
  class space    used 1620K, capacity 1734K, committed 1792K, reserved 1048576K
}
Event: 64.921 GC heap before
{Heap before GC invocations=12 (full 1):
 PSYoungGen      total 14848K, used 14400K [0x00000000eb900000, 0x00000000ed980000, 0x0000000100000000)
  eden space 13824K, 100% used [0x00000000eb900000,0x00000000ec680000,0x00000000ec680000)
  from space 1024K, 56% used [0x00000000ed880000,0x00000000ed910000,0x00000000ed980000)
  to   space 5120K, 0% used [0x00000000ecf80000,0x00000000ecf80000,0x00000000ed480000)
 ParOldGen       total 42496K, used 8293K [0x00000000c2a00000, 0x00000000c5380000, 0x00000000eb900000)
  object space 42496K, 19% used [0x00000000c2a00000,0x00000000c3219568,0x00000000c5380000)
 Metaspace       used 14219K, capacity 14622K, committed 14848K, reserved 1062912K
  class space    used 1620K, capacity 1734K, committed 1792K, reserved 1048576K
Event: 64.925 GC heap after
Heap after GC invocations=12 (full 1):
 PSYoungGen      total 15360K, used 1080K [0x00000000eb900000, 0x00000000ed900000, 0x0000000100000000)
  eden space 13824K, 0% used [0x00000000eb900000,0x00000000eb900000,0x00000000ec680000)
  from space 1536K, 70% used [0x00000000ecf80000,0x00000000ed08e020,0x00000000ed100000)
  to   space 5120K, 0% used [0x00000000ed400000,0x00000000ed400000,0x00000000ed900000)
 ParOldGen       total 42496K, used 8333K [0x00000000c2a00000, 0x00000000c5380000, 0x00000000eb900000)
  object space 42496K, 19% used [0x00000000c2a00000,0x00000000c3223568,0x00000000c5380000)
 Metaspace       used 14219K, capacity 14622K, committed 14848K, reserved 1062912K
  class space    used 1620K, capacity 1734K, committed 1792K, reserved 1048576K
}
Event: 76.457 GC heap before
{Heap before GC invocations=13 (full 1):
 PSYoungGen      total 15360K, used 14904K [0x00000000eb900000, 0x00000000ed900000, 0x0000000100000000)
  eden space 13824K, 100% used [0x00000000eb900000,0x00000000ec680000,0x00000000ec680000)
  from space 1536K, 70% used [0x00000000ecf80000,0x00000000ed08e020,0x00000000ed100000)
  to   space 5120K, 0% used [0x00000000ed400000,0x00000000ed400000,0x00000000ed900000)
 ParOldGen       total 42496K, used 8333K [0x00000000c2a00000, 0x00000000c5380000, 0x00000000eb900000)
  object space 42496K, 19% used [0x00000000c2a00000,0x00000000c3223568,0x00000000c5380000)
 Metaspace       used 14232K, capacity 14622K, committed 14848K, reserved 1062912K
  class space    used 1620K, capacity 1734K, committed 1792K, reserved 1048576K
Event: 76.470 GC heap after
Heap after GC invocations=13 (full 1):
 PSYoungGen      total 15360K, used 1080K [0x00000000eb900000, 0x00000000ed580000, 0x0000000100000000)
  eden space 13824K, 0% used [0x00000000eb900000,0x00000000eb900000,0x00000000ec680000)
  from space 1536K, 70% used [0x00000000ed400000,0x00000000ed50e020,0x00000000ed580000)
  to   space 5120K, 0% used [0x00000000ecb80000,0x00000000ecb80000,0x00000000ed080000)
 ParOldGen       total 42496K, used 8373K [0x00000000c2a00000, 0x00000000c5380000, 0x00000000eb900000)
  object space 42496K, 19% used [0x00000000c2a00000,0x00000000c322d568,0x00000000c5380000)
 Metaspace       used 14232K, capacity 14622K, committed 14848K, reserved 1062912K
  class space    used 1620K, capacity 1734K, committed 1792K, reserved 1048576K
}
Event: 81.680 GC heap before
{Heap before GC invocations=14 (full 1):
 PSYoungGen      total 15360K, used 14904K [0x00000000eb900000, 0x00000000ed580000, 0x0000000100000000)
  eden space 13824K, 100% used [0x00000000eb900000,0x00000000ec680000,0x00000000ec680000)
  from space 1536K, 70% used [0x00000000ed400000,0x00000000ed50e020,0x00000000ed580000)
  to   space 5120K, 0% used [0x00000000ecb80000,0x00000000ecb80000,0x00000000ed080000)
 ParOldGen       total 42496K, used 8373K [0x00000000c2a00000, 0x00000000c5380000, 0x00000000eb900000)
  object space 42496K, 19% used [0x00000000c2a00000,0x00000000c322d568,0x00000000c5380000)
 Metaspace       used 14240K, capacity 14626K, committed 14848K, reserved 1062912K
  class space    used 1620K, capacity 1734K, committed 1792K, reserved 1048576K
Event: 81.693 GC heap after
Heap after GC invocations=14 (full 1):
 PSYoungGen      total 15360K, used 1520K [0x00000000eb900000, 0x00000000ed480000, 0x0000000100000000)
  eden space 13824K, 0% used [0x00000000eb900000,0x00000000eb900000,0x00000000ec680000)
  from space 1536K, 98% used [0x00000000ecb80000,0x00000000eccfc020,0x00000000ecd00000)
  to   space 5120K, 0% used [0x00000000ecf80000,0x00000000ecf80000,0x00000000ed480000)
 ParOldGen       total 42496K, used 8405K [0x00000000c2a00000, 0x00000000c5380000, 0x00000000eb900000)
  object space 42496K, 19% used [0x00000000c2a00000,0x00000000c3235568,0x00000000c5380000)
 Metaspace       used 14240K, capacity 14626K, committed 14848K, reserved 1062912K
  class space    used 1620K, capacity 1734K, committed 1792K, reserved 1048576K
}
Event: 82.233 GC heap before
{Heap before GC invocations=15 (full 1):
 PSYoungGen      total 15360K, used 15344K [0x00000000eb900000, 0x00000000ed480000, 0x0000000100000000)
  eden space 13824K, 100% used [0x00000000eb900000,0x00000000ec680000,0x00000000ec680000)
  from space 1536K, 98% used [0x00000000ecb80000,0x00000000eccfc020,0x00000000ecd00000)
  to   space 5120K, 0% used [0x00000000ecf80000,0x00000000ecf80000,0x00000000ed480000)
 ParOldGen       total 42496K, used 8405K [0x00000000c2a00000, 0x00000000c5380000, 0x00000000eb900000)
  object space 42496K, 19% used [0x00000000c2a00000,0x00000000c3235568,0x00000000c5380000)
 Metaspace       used 14301K, capacity 14696K, committed 14848K, reserved 1062912K
  class space    used 1622K, capacity 1735K, committed 1792K, reserved 1048576K

