# JRE version: Java(TM) SE Runtime Environment (8.0_201-b09) (build 1.8.0_201-b09)
# Java VM: Java HotSpot(TM) 64-Bit Server VM (25.201-b09 mixed mode linux-amd64 compressed oops)
Heap:
 PSYoungGen      total 49152K, used 64K [0x00000000eb900000, 0x00000000ef380000, 0x0000000100000000)
  eden space 43520K, 0% used [0x00000000eb900000,0x00000000eb900000,0x00000000ee380000)
  from space 5632K, 1% used [0x00000000ee880000,0x00000000ee890000,0x00000000eee00000)
  to   space 512K, 0% used [0x00000000ef300000,0x00000000ef300000,0x00000000ef380000)
 ParOldGen       total 42496K, used 7546K [0x00000000c2a00000, 0x00000000c5380000, 0x00000000eb900000)
  object space 42496K, 17% used [0x00000000c2a00000,0x00000000c315e9c8,0x00000000c5380000)
 Metaspace       used 13634K, capacity 13984K, committed 14080K, reserved 1060864K
  class space    used 1585K, capacity 1702K, committed 1792K, reserved 1048576K
GC Heap History (10 events):
Event: 37.548 GC heap after
Heap after GC invocations=7 (full 1):
 PSYoungGen      total 16384K, used 2544K [0x00000000eb900000, 0x00000000ee100000, 0x0000000100000000)
  eden space 13824K, 0% used [0x00000000eb900000,0x00000000eb900000,0x00000000ec680000)
  from space 2560K, 99% used [0x00000000ecb00000,0x00000000ecd7c010,0x00000000ecd80000)
  to   space 4608K, 0% used [0x00000000ec680000,0x00000000ec680000,0x00000000ecb00000)
 ParOldGen       total 42496K, used 4984K [0x00000000c2a00000, 0x00000000c5380000, 0x00000000eb900000)
  object space 42496K, 11% used [0x00000000c2a00000,0x00000000c2ede068,0x00000000c5380000)
 Metaspace       used 13632K, capacity 13984K, committed 14080K, reserved 1060864K
  class space    used 1585K, capacity 1702K, committed 1792K, reserved 1048576K
}
Event: 37.573 GC heap before
{Heap before GC invocations=8 (full 1):
 PSYoungGen      total 16384K, used 16368K [0x00000000eb900000, 0x00000000ee100000, 0x0000000100000000)
  eden space 13824K, 100% used [0x00000000eb900000,0x00000000ec680000,0x00000000ec680000)
  from space 2560K, 99% used [0x00000000ecb00000,0x00000000ecd7c010,0x00000000ecd80000)
  to   space 4608K, 0% used [0x00000000ec680000,0x00000000ec680000,0x00000000ecb00000)
 ParOldGen       total 42496K, used 4984K [0x00000000c2a00000, 0x00000000c5380000, 0x00000000eb900000)
  object space 42496K, 11% used [0x00000000c2a00000,0x00000000c2ede068,0x00000000c5380000)
 Metaspace       used 13632K, capacity 13984K, committed 14080K, reserved 1060864K
  class space    used 1585K, capacity 1702K, committed 1792K, reserved 1048576K
Event: 37.577 GC heap after
Heap after GC invocations=8 (full 1):
 PSYoungGen      total 18432K, used 2528K [0x00000000eb900000, 0x00000000edd00000, 0x0000000100000000)
  eden space 13824K, 0% used [0x00000000eb900000,0x00000000eb900000,0x00000000ec680000)
  from space 4608K, 54% used [0x00000000ec680000,0x00000000ec8f8000,0x00000000ecb00000)
  to   space 4608K, 0% used [0x00000000ed880000,0x00000000ed880000,0x00000000edd00000)
 ParOldGen       total 42496K, used 4984K [0x00000000c2a00000, 0x00000000c5380000, 0x00000000eb900000)
  object space 42496K, 11% used [0x00000000c2a00000,0x00000000c2ede068,0x00000000c5380000)
 Metaspace       used 13632K, capacity 13984K, committed 14080K, reserved 1060864K
  class space    used 1585K, capacity 1702K, committed 1792K, reserved 1048576K
}
Event: 37.587 GC heap before
{Heap before GC invocations=9 (full 1):
 PSYoungGen      total 18432K, used 16352K [0x00000000eb900000, 0x00000000edd00000, 0x0000000100000000)
  eden space 13824K, 100% used [0x00000000eb900000,0x00000000ec680000,0x00000000ec680000)
  from space 4608K, 54% used [0x00000000ec680000,0x00000000ec8f8000,0x00000000ecb00000)
  to   space 4608K, 0% used [0x00000000ed880000,0x00000000ed880000,0x00000000edd00000)
 ParOldGen       total 42496K, used 4984K [0x00000000c2a00000, 0x00000000c5380000, 0x00000000eb900000)
  object space 42496K, 11% used [0x00000000c2a00000,0x00000000c2ede068,0x00000000c5380000)
 Metaspace       used 13633K, capacity 13984K, committed 14080K, reserved 1060864K
  class space    used 1585K, capacity 1702K, committed 1792K, reserved 1048576K
Event: 37.905 GC heap after
Heap after GC invocations=9 (full 1):
 PSYoungGen      total 31744K, used 1184K [0x00000000eb900000, 0x00000000ede00000, 0x0000000100000000)
  eden space 27136K, 0% used [0x00000000eb900000,0x00000000eb900000,0x00000000ed380000)
  from space 4608K, 25% used [0x00000000ed880000,0x00000000ed9a8000,0x00000000edd00000)
  to   space 5120K, 0% used [0x00000000ed380000,0x00000000ed380000,0x00000000ed880000)
 ParOldGen       total 42496K, used 6438K [0x00000000c2a00000, 0x00000000c5380000, 0x00000000eb900000)
  object space 42496K, 15% used [0x00000000c2a00000,0x00000000c3049998,0x00000000c5380000)
 Metaspace       used 13633K, capacity 13984K, committed 14080K, reserved 1060864K
  class space    used 1585K, capacity 1702K, committed 1792K, reserved 1048576K
}
Event: 38.409 GC heap before
{Heap before GC invocations=10 (full 1):
 PSYoungGen      total 31744K, used 28320K [0x00000000eb900000, 0x00000000ede00000, 0x0000000100000000)
  eden space 27136K, 100% used [0x00000000eb900000,0x00000000ed380000,0x00000000ed380000)
  from space 4608K, 25% used [0x00000000ed880000,0x00000000ed9a8000,0x00000000edd00000)
  to   space 5120K, 0% used [0x00000000ed380000,0x00000000ed380000,0x00000000ed880000)
 ParOldGen       total 42496K, used 6438K [0x00000000c2a00000, 0x00000000c5380000, 0x00000000eb900000)
  object space 42496K, 15% used [0x00000000c2a00000,0x00000000c3049998,0x00000000c5380000)
 Metaspace       used 13633K, capacity 13984K, committed 14080K, reserved 1060864K
  class space    used 1585K, capacity 1702K, committed 1792K, reserved 1048576K
Event: 38.430 GC heap after
Heap after GC invocations=10 (full 1):
 PSYoungGen      total 32256K, used 96K [0x00000000eb900000, 0x00000000ef800000, 0x0000000100000000)
  eden space 27136K, 0% used [0x00000000eb900000,0x00000000eb900000,0x00000000ed380000)
  from space 5120K, 1% used [0x00000000ed380000,0x00000000ed398000,0x00000000ed880000)
  to   space 5120K, 0% used [0x00000000ef300000,0x00000000ef300000,0x00000000ef800000)
 ParOldGen       total 42496K, used 7498K [0x00000000c2a00000, 0x00000000c5380000, 0x00000000eb900000)
  object space 42496K, 17% used [0x00000000c2a00000,0x00000000c31529c8,0x00000000c5380000)
 Metaspace       used 13633K, capacity 13984K, committed 14080K, reserved 1060864K
  class space    used 1585K, capacity 1702K, committed 1792K, reserved 1048576K
}
Event: 38.670 GC heap before
{Heap before GC invocations=11 (full 1):
 PSYoungGen      total 32256K, used 27232K [0x00000000eb900000, 0x00000000ef800000, 0x0000000100000000)
  eden space 27136K, 100% used [0x00000000eb900000,0x00000000ed380000,0x00000000ed380000)
  from space 5120K, 1% used [0x00000000ed380000,0x00000000ed398000,0x00000000ed880000)
  to   space 5120K, 0% used [0x00000000ef300000,0x00000000ef300000,0x00000000ef800000)
 ParOldGen       total 42496K, used 7498K [0x00000000c2a00000, 0x00000000c5380000, 0x00000000eb900000)
  object space 42496K, 17% used [0x00000000c2a00000,0x00000000c31529c8,0x00000000c5380000)
 Metaspace       used 13634K, capacity 13984K, committed 14080K, reserved 1060864K
  class space    used 1585K, capacity 1702K, committed 1792K, reserved 1048576K
Event: 38.704 GC heap after
Heap after GC invocations=11 (full 1):
 PSYoungGen      total 44032K, used 64K [0x00000000eb900000, 0x00000000ef380000, 0x0000000100000000)
  eden space 43520K, 0% used [0x00000000eb900000,0x00000000eb900000,0x00000000ee380000)
  from space 512K, 12% used [0x00000000ef300000,0x00000000ef310000,0x00000000ef380000)
  to   space 5632K, 0% used [0x00000000ee880000,0x00000000ee880000,0x00000000eee00000)
 ParOldGen       total 42496K, used 7530K [0x00000000c2a00000, 0x00000000c5380000, 0x00000000eb900000)
  object space 42496K, 17% used [0x00000000c2a00000,0x00000000c315a9c8,0x00000000c5380000)
 Metaspace       used 13634K, capacity 13984K, committed 14080K, reserved 1060864K
  class space    used 1585K, capacity 1702K, committed 1792K, reserved 1048576K
}
Event: 38.912 GC heap before
{Heap before GC invocations=12 (full 1):
 PSYoungGen      total 44032K, used 43584K [0x00000000eb900000, 0x00000000ef380000, 0x0000000100000000)
  eden space 43520K, 100% used [0x00000000eb900000,0x00000000ee380000,0x00000000ee380000)
  from space 512K, 12% used [0x00000000ef300000,0x00000000ef310000,0x00000000ef380000)
  to   space 5632K, 0% used [0x00000000ee880000,0x00000000ee880000,0x00000000eee00000)
 ParOldGen       total 42496K, used 7530K [0x00000000c2a00000, 0x00000000c5380000, 0x00000000eb900000)
  object space 42496K, 17% used [0x00000000c2a00000,0x00000000c315a9c8,0x00000000c5380000)
 Metaspace       used 13634K, capacity 13984K, committed 14080K, reserved 1060864K
  class space    used 1585K, capacity 1702K, committed 1792K, reserved 1048576K

