# JRE version: Java(TM) SE Runtime Environment (8.0_201-b09) (build 1.8.0_201-b09)
# Java VM: Java HotSpot(TM) 64-Bit Server VM (25.201-b09 mixed mode linux-amd64 compressed oops)
Heap:
 PSYoungGen      total 307200K, used 2523K [0x00000000eb900000, 0x00000000fff00000, 0x0000000100000000)
  eden space 297984K, 0% used [0x00000000eb900000,0x00000000eb900000,0x00000000fdc00000)
  from space 9216K, 27% used [0x00000000fdc00000,0x00000000fde76ef8,0x00000000fe500000)
  to   space 17920K, 0% used [0x00000000fed80000,0x00000000fed80000,0x00000000fff00000)
 ParOldGen       total 64000K, used 63989K [0x00000000c2a00000, 0x00000000c6880000, 0x00000000eb900000)
  object space 64000K, 99% used [0x00000000c2a00000,0x00000000c687d5e8,0x00000000c6880000)
 Metaspace       used 27489K, capacity 28162K, committed 28416K, reserved 1075200K
  class space    used 3275K, capacity 3481K, committed 3584K, reserved 1048576K
GC Heap History (10 events):
Event: 24.609 GC heap after
Heap after GC invocations=15 (full 2):
 PSYoungGen      total 321024K, used 0K [0x00000000eb900000, 0x0000000100000000, 0x0000000100000000)
  eden space 309248K, 0% used [0x00000000eb900000,0x00000000eb900000,0x00000000fe700000)
  from space 11776K, 0% used [0x00000000fe700000,0x00000000fe700000,0x00000000ff280000)
  to   space 13824K, 0% used [0x00000000ff280000,0x00000000ff280000,0x0000000100000000)
 ParOldGen       total 64000K, used 31214K [0x00000000c2a00000, 0x00000000c6880000, 0x00000000eb900000)
  object space 64000K, 48% used [0x00000000c2a00000,0x00000000c487bab0,0x00000000c6880000)
 Metaspace       used 20686K, capacity 21094K, committed 21248K, reserved 1069056K
  class space    used 2313K, capacity 2435K, committed 2560K, reserved 1048576K
}
Event: 36.231 GC heap before
{Heap before GC invocations=16 (full 2):
 PSYoungGen      total 321024K, used 309248K [0x00000000eb900000, 0x0000000100000000, 0x0000000100000000)
  eden space 309248K, 100% used [0x00000000eb900000,0x00000000fe700000,0x00000000fe700000)
  from space 11776K, 0% used [0x00000000fe700000,0x00000000fe700000,0x00000000ff280000)
  to   space 13824K, 0% used [0x00000000ff280000,0x00000000ff280000,0x0000000100000000)
 ParOldGen       total 64000K, used 31214K [0x00000000c2a00000, 0x00000000c6880000, 0x00000000eb900000)
  object space 64000K, 48% used [0x00000000c2a00000,0x00000000c487bab0,0x00000000c6880000)
 Metaspace       used 22963K, capacity 23650K, committed 23680K, reserved 1071104K
  class space    used 2495K, capacity 2680K, committed 2688K, reserved 1048576K
Event: 37.760 GC heap after
Heap after GC invocations=16 (full 2):
 PSYoungGen      total 315904K, used 13160K [0x00000000eb900000, 0x0000000100000000, 0x0000000100000000)
  eden space 302080K, 0% used [0x00000000eb900000,0x00000000eb900000,0x00000000fe000000)
  from space 13824K, 95% used [0x00000000ff280000,0x00000000fff5a128,0x0000000100000000)
  to   space 16384K, 0% used [0x00000000fe000000,0x00000000fe000000,0x00000000ff000000)
 ParOldGen       total 64000K, used 31222K [0x00000000c2a00000, 0x00000000c6880000, 0x00000000eb900000)
  object space 64000K, 48% used [0x00000000c2a00000,0x00000000c487dab0,0x00000000c6880000)
 Metaspace       used 22963K, capacity 23650K, committed 23680K, reserved 1071104K
  class space    used 2495K, capacity 2680K, committed 2688K, reserved 1048576K
}
Event: 53.659 GC heap before
{Heap before GC invocations=17 (full 2):
 PSYoungGen      total 315904K, used 315240K [0x00000000eb900000, 0x0000000100000000, 0x0000000100000000)
  eden space 302080K, 100% used [0x00000000eb900000,0x00000000fe000000,0x00000000fe000000)
  from space 13824K, 95% used [0x00000000ff280000,0x00000000fff5a128,0x0000000100000000)
  to   space 16384K, 0% used [0x00000000fe000000,0x00000000fe000000,0x00000000ff000000)
 ParOldGen       total 64000K, used 31222K [0x00000000c2a00000, 0x00000000c6880000, 0x00000000eb900000)
  object space 64000K, 48% used [0x00000000c2a00000,0x00000000c487dab0,0x00000000c6880000)
 Metaspace       used 27189K, capacity 27876K, committed 28160K, reserved 1073152K
  class space    used 3258K, capacity 3476K, committed 3584K, reserved 1048576K
Event: 54.411 GC heap after
Heap after GC invocations=17 (full 2):
 PSYoungGen      total 315904K, used 13801K [0x00000000eb900000, 0x0000000100000000, 0x0000000100000000)
  eden space 302080K, 0% used [0x00000000eb900000,0x00000000eb900000,0x00000000fe000000)
  from space 13824K, 99% used [0x00000000fe000000,0x00000000fed7a600,0x00000000fed80000)
  to   space 18432K, 0% used [0x00000000fee00000,0x00000000fee00000,0x0000000100000000)
 ParOldGen       total 64000K, used 42832K [0x00000000c2a00000, 0x00000000c6880000, 0x00000000eb900000)
  object space 64000K, 66% used [0x00000000c2a00000,0x00000000c53d4070,0x00000000c6880000)
 Metaspace       used 27189K, capacity 27876K, committed 28160K, reserved 1073152K
  class space    used 3258K, capacity 3476K, committed 3584K, reserved 1048576K
}
Event: 61.554 GC heap before
{Heap before GC invocations=18 (full 2):
 PSYoungGen      total 315904K, used 315881K [0x00000000eb900000, 0x0000000100000000, 0x0000000100000000)
  eden space 302080K, 100% used [0x00000000eb900000,0x00000000fe000000,0x00000000fe000000)
  from space 13824K, 99% used [0x00000000fe000000,0x00000000fed7a600,0x00000000fed80000)
  to   space 18432K, 0% used [0x00000000fee00000,0x00000000fee00000,0x0000000100000000)
 ParOldGen       total 64000K, used 42832K [0x00000000c2a00000, 0x00000000c6880000, 0x00000000eb900000)
  object space 64000K, 66% used [0x00000000c2a00000,0x00000000c53d4070,0x00000000c6880000)
 Metaspace       used 27377K, capacity 28086K, committed 28416K, reserved 1075200K
  class space    used 3268K, capacity 3479K, committed 3584K, reserved 1048576K
Event: 61.628 GC heap after
Heap after GC invocations=18 (full 2):
 PSYoungGen      total 316416K, used 9961K [0x00000000eb900000, 0x0000000100000000, 0x0000000100000000)
  eden space 297984K, 0% used [0x00000000eb900000,0x00000000eb900000,0x00000000fdc00000)
  from space 18432K, 54% used [0x00000000fee00000,0x00000000ff7ba468,0x0000000100000000)
  to   space 18432K, 0% used [0x00000000fdc00000,0x00000000fdc00000,0x00000000fee00000)
 ParOldGen       total 64000K, used 51237K [0x00000000c2a00000, 0x00000000c6880000, 0x00000000eb900000)
  object space 64000K, 80% used [0x00000000c2a00000,0x00000000c5c09498,0x00000000c6880000)
 Metaspace       used 27377K, capacity 28086K, committed 28416K, reserved 1075200K
  class space    used 3268K, capacity 3479K, committed 3584K, reserved 1048576K
}
Event: 65.463 GC heap before
{Heap before GC invocations=19 (full 2):
 PSYoungGen      total 316416K, used 307945K [0x00000000eb900000, 0x0000000100000000, 0x0000000100000000)
  eden space 297984K, 100% used [0x00000000eb900000,0x00000000fdc00000,0x00000000fdc00000)
  from space 18432K, 54% used [0x00000000fee00000,0x00000000ff7ba468,0x0000000100000000)
  to   space 18432K, 0% used [0x00000000fdc00000,0x00000000fdc00000,0x00000000fee00000)
 ParOldGen       total 64000K, used 51237K [0x00000000c2a00000, 0x00000000c6880000, 0x00000000eb900000)
  object space 64000K, 80% used [0x00000000c2a00000,0x00000000c5c09498,0x00000000c6880000)
 Metaspace       used 27504K, capacity 28186K, committed 28416K, reserved 1075200K
  class space    used 3278K, capacity 3485K, committed 3584K, reserved 1048576K
Event: 65.545 GC heap after
Heap after GC invocations=19 (full 2):
 PSYoungGen      total 307200K, used 8768K [0x00000000eb900000, 0x00000000fff00000, 0x0000000100000000)
  eden space 297984K, 0% used [0x00000000eb900000,0x00000000eb900000,0x00000000fdc00000)
  from space 9216K, 95% used [0x00000000fdc00000,0x00000000fe490000,0x00000000fe500000)
  to   space 17920K, 0% used [0x00000000fed80000,0x00000000fed80000,0x00000000fff00000)
 ParOldGen       total 64000K, used 60658K [0x00000000c2a00000, 0x00000000c6880000, 0x00000000eb900000)
  object space 64000K, 94% used [0x00000000c2a00000,0x00000000c653ca40,0x00000000c6880000)
 Metaspace       used 27504K, capacity 28186K, committed 28416K, reserved 1075200K
  class space    used 3278K, capacity 3485K, committed 3584K, reserved 1048576K
}
Event: 65.545 GC heap before
{Heap before GC invocations=20 (full 3):
 PSYoungGen      total 307200K, used 8768K [0x00000000eb900000, 0x00000000fff00000, 0x0000000100000000)
  eden space 297984K, 0% used [0x00000000eb900000,0x00000000eb900000,0x00000000fdc00000)
  from space 9216K, 95% used [0x00000000fdc00000,0x00000000fe490000,0x00000000fe500000)
  to   space 17920K, 0% used [0x00000000fed80000,0x00000000fed80000,0x00000000fff00000)
 ParOldGen       total 64000K, used 60658K [0x00000000c2a00000, 0x00000000c6880000, 0x00000000eb900000)
  object space 64000K, 94% used [0x00000000c2a00000,0x00000000c653ca40,0x00000000c6880000)
 Metaspace       used 27504K, capacity 28186K, committed 28416K, reserved 1075200K
  class space    used 3278K, capacity 3485K, committed 3584K, reserved 1048576K

