# JRE version: Java(TM) SE Runtime Environment (8.0_201-b09) (build 1.8.0_201-b09)
# Java VM: Java HotSpot(TM) 64-Bit Server VM (25.201-b09 mixed mode linux-amd64 compressed oops)
Heap:
 PSYoungGen      total 262656K, used 136033K [0x00000000eb900000, 0x0000000100000000, 0x0000000100000000)
  eden space 225280K, 43% used [0x00000000eb900000,0x00000000f195c240,0x00000000f9500000)
  from space 37376K, 99% used [0x00000000fdb80000,0x00000000ffffc230,0x0000000100000000)
  to   space 54784K, 0% used [0x00000000f9500000,0x00000000f9500000,0x00000000fca80000)
 ParOldGen       total 162816K, used 127384K [0x00000000c2a00000, 0x00000000cc900000, 0x00000000eb900000)
  object space 162816K, 78% used [0x00000000c2a00000,0x00000000ca666310,0x00000000cc900000)
 Metaspace       used 24261K, capacity 24928K, committed 25088K, reserved 1071104K
  class space    used 2534K, capacity 2702K, committed 2816K, reserved 1048576K
GC Heap History (10 events):
Event: 50.345 GC heap before
{Heap before GC invocations=24 (full 1):
 PSYoungGen      total 313856K, used 297952K [0x00000000eb900000, 0x0000000100000000, 0x0000000100000000)
  eden space 292352K, 100% used [0x00000000eb900000,0x00000000fd680000,0x00000000fd680000)
  from space 21504K, 26% used [0x00000000feb00000,0x00000000ff078020,0x0000000100000000)
  to   space 20992K, 0% used [0x00000000fd680000,0x00000000fd680000,0x00000000feb00000)
 ParOldGen       total 84480K, used 69557K [0x00000000c2a00000, 0x00000000c7c80000, 0x00000000eb900000)
  object space 84480K, 82% used [0x00000000c2a00000,0x00000000c6ded448,0x00000000c7c80000)
 Metaspace       used 24216K, capacity 24864K, committed 25088K, reserved 1071104K
  class space    used 2534K, capacity 2702K, committed 2816K, reserved 1048576K
Event: 50.367 GC heap after
Heap after GC invocations=24 (full 1):
 PSYoungGen      total 297472K, used 4800K [0x00000000eb900000, 0x00000000ffe80000, 0x0000000100000000)
  eden space 292352K, 0% used [0x00000000eb900000,0x00000000eb900000,0x00000000fd680000)
  from space 5120K, 93% used [0x00000000fd680000,0x00000000fdb30020,0x00000000fdb80000)
  to   space 20480K, 0% used [0x00000000fea80000,0x00000000fea80000,0x00000000ffe80000)
 ParOldGen       total 84480K, used 71133K [0x00000000c2a00000, 0x00000000c7c80000, 0x00000000eb900000)
  object space 84480K, 84% used [0x00000000c2a00000,0x00000000c6f77498,0x00000000c7c80000)
 Metaspace       used 24216K, capacity 24864K, committed 25088K, reserved 1071104K
  class space    used 2534K, capacity 2702K, committed 2816K, reserved 1048576K
}
Event: 52.263 GC heap before
{Heap before GC invocations=25 (full 1):
 PSYoungGen      total 297472K, used 297134K [0x00000000eb900000, 0x00000000ffe80000, 0x0000000100000000)
  eden space 292352K, 99% used [0x00000000eb900000,0x00000000fd67b800,0x00000000fd680000)
  from space 5120K, 93% used [0x00000000fd680000,0x00000000fdb30020,0x00000000fdb80000)
  to   space 20480K, 0% used [0x00000000fea80000,0x00000000fea80000,0x00000000ffe80000)
 ParOldGen       total 84480K, used 71133K [0x00000000c2a00000, 0x00000000c7c80000, 0x00000000eb900000)
  object space 84480K, 84% used [0x00000000c2a00000,0x00000000c6f77498,0x00000000c7c80000)
 Metaspace       used 24254K, capacity 24928K, committed 25088K, reserved 1071104K
  class space    used 2534K, capacity 2702K, committed 2816K, reserved 1048576K
Event: 52.326 GC heap after
Heap after GC invocations=25 (full 1):
 PSYoungGen      total 283648K, used 20479K [0x00000000eb900000, 0x0000000100000000, 0x0000000100000000)
  eden space 263168K, 0% used [0x00000000eb900000,0x00000000eb900000,0x00000000fba00000)
  from space 20480K, 99% used [0x00000000fea80000,0x00000000ffe7fe60,0x00000000ffe80000)
  to   space 35840K, 0% used [0x00000000fba00000,0x00000000fba00000,0x00000000fdd00000)
 ParOldGen       total 105472K, used 104297K [0x00000000c2a00000, 0x00000000c9100000, 0x00000000eb900000)
  object space 105472K, 98% used [0x00000000c2a00000,0x00000000c8fda668,0x00000000c9100000)
 Metaspace       used 24254K, capacity 24928K, committed 25088K, reserved 1071104K
  class space    used 2534K, capacity 2702K, committed 2816K, reserved 1048576K
}
Event: 52.326 GC heap before
{Heap before GC invocations=26 (full 2):
 PSYoungGen      total 283648K, used 20479K [0x00000000eb900000, 0x0000000100000000, 0x0000000100000000)
  eden space 263168K, 0% used [0x00000000eb900000,0x00000000eb900000,0x00000000fba00000)
  from space 20480K, 99% used [0x00000000fea80000,0x00000000ffe7fe60,0x00000000ffe80000)
  to   space 35840K, 0% used [0x00000000fba00000,0x00000000fba00000,0x00000000fdd00000)
 ParOldGen       total 105472K, used 104297K [0x00000000c2a00000, 0x00000000c9100000, 0x00000000eb900000)
  object space 105472K, 98% used [0x00000000c2a00000,0x00000000c8fda668,0x00000000c9100000)
 Metaspace       used 24254K, capacity 24928K, committed 25088K, reserved 1071104K
  class space    used 2534K, capacity 2702K, committed 2816K, reserved 1048576K
Event: 53.023 GC heap after
Heap after GC invocations=26 (full 2):
 PSYoungGen      total 283648K, used 3563K [0x00000000eb900000, 0x0000000100000000, 0x0000000100000000)
  eden space 263168K, 0% used [0x00000000eb900000,0x00000000eb900000,0x00000000fba00000)
  from space 20480K, 17% used [0x00000000fea80000,0x00000000fedfac10,0x00000000ffe80000)
  to   space 35840K, 0% used [0x00000000fba00000,0x00000000fba00000,0x00000000fdd00000)
 ParOldGen       total 162816K, used 105442K [0x00000000c2a00000, 0x00000000cc900000, 0x00000000eb900000)
  object space 162816K, 64% used [0x00000000c2a00000,0x00000000c90f89b0,0x00000000cc900000)
 Metaspace       used 24254K, capacity 24928K, committed 25088K, reserved 1071104K
  class space    used 2534K, capacity 2702K, committed 2816K, reserved 1048576K
}
Event: 53.895 GC heap before
{Heap before GC invocations=27 (full 2):
 PSYoungGen      total 283648K, used 266731K [0x00000000eb900000, 0x0000000100000000, 0x0000000100000000)
  eden space 263168K, 100% used [0x00000000eb900000,0x00000000fba00000,0x00000000fba00000)
  from space 20480K, 17% used [0x00000000fea80000,0x00000000fedfac10,0x00000000ffe80000)
  to   space 35840K, 0% used [0x00000000fba00000,0x00000000fba00000,0x00000000fdd00000)
 ParOldGen       total 162816K, used 105442K [0x00000000c2a00000, 0x00000000cc900000, 0x00000000eb900000)
  object space 162816K, 64% used [0x00000000c2a00000,0x00000000c90f89b0,0x00000000cc900000)
 Metaspace       used 24255K, capacity 24928K, committed 25088K, reserved 1071104K
  class space    used 2534K, capacity 2702K, committed 2816K, reserved 1048576K
Event: 53.917 GC heap after
Heap after GC invocations=27 (full 2):
 PSYoungGen      total 297472K, used 34120K [0x00000000eb900000, 0x0000000100000000, 0x0000000100000000)
  eden space 263168K, 0% used [0x00000000eb900000,0x00000000eb900000,0x00000000fba00000)
  from space 34304K, 99% used [0x00000000fba00000,0x00000000fdb52160,0x00000000fdb80000)
  to   space 37376K, 0% used [0x00000000fdb80000,0x00000000fdb80000,0x0000000100000000)
 ParOldGen       total 162816K, used 105442K [0x00000000c2a00000, 0x00000000cc900000, 0x00000000eb900000)
  object space 162816K, 64% used [0x00000000c2a00000,0x00000000c90f89b0,0x00000000cc900000)
 Metaspace       used 24255K, capacity 24928K, committed 25088K, reserved 1071104K
  class space    used 2534K, capacity 2702K, committed 2816K, reserved 1048576K
}
Event: 54.705 GC heap before
{Heap before GC invocations=28 (full 2):
 PSYoungGen      total 297472K, used 297286K [0x00000000eb900000, 0x0000000100000000, 0x0000000100000000)
  eden space 263168K, 99% used [0x00000000eb900000,0x00000000fb9ff8e8,0x00000000fba00000)
  from space 34304K, 99% used [0x00000000fba00000,0x00000000fdb52160,0x00000000fdb80000)
  to   space 37376K, 0% used [0x00000000fdb80000,0x00000000fdb80000,0x0000000100000000)
 ParOldGen       total 162816K, used 105442K [0x00000000c2a00000, 0x00000000cc900000, 0x00000000eb900000)
  object space 162816K, 64% used [0x00000000c2a00000,0x00000000c90f89b0,0x00000000cc900000)
 Metaspace       used 24257K, capacity 24928K, committed 25088K, reserved 1071104K
  class space    used 2534K, capacity 2702K, committed 2816K, reserved 1048576K
Event: 54.743 GC heap after
Heap after GC invocations=28 (full 2):
 PSYoungGen      total 262656K, used 37360K [0x00000000eb900000, 0x0000000100000000, 0x0000000100000000)
  eden space 225280K, 0% used [0x00000000eb900000,0x00000000eb900000,0x00000000f9500000)
  from space 37376K, 99% used [0x00000000fdb80000,0x00000000ffffc230,0x0000000100000000)
  to   space 54784K, 0% used [0x00000000f9500000,0x00000000f9500000,0x00000000fca80000)
 ParOldGen       total 162816K, used 127384K [0x00000000c2a00000, 0x00000000cc900000, 0x00000000eb900000)
  object space 162816K, 78% used [0x00000000c2a00000,0x00000000ca666310,0x00000000cc900000)
 Metaspace       used 24257K, capacity 24928K, committed 25088K, reserved 1071104K
  class space    used 2534K, capacity 2702K, committed 2816K, reserved 1048576K
}

