# JRE version: Java(TM) SE Runtime Environment (8.0_201-b09) (build 1.8.0_201-b09)
# Java VM: Java HotSpot(TM) 64-Bit Server VM (25.201-b09 mixed mode linux-amd64 compressed oops)
Heap:
 PSYoungGen      total 34304K, used 10216K [0x00000000eb900000, 0x00000000eeb00000, 0x0000000100000000)
  eden space 24064K, 0% used [0x00000000eb900000,0x00000000eb900000,0x00000000ed080000)
  from space 10240K, 99% used [0x00000000ed080000,0x00000000eda7a070,0x00000000eda80000)
  to   space 2560K, 0% used [0x00000000eda80000,0x00000000eda80000,0x00000000edd00000)
 ParOldGen       total 42496K, used 19233K [0x00000000c2a00000, 0x00000000c5380000, 0x00000000eb900000)
  object space 42496K, 45% used [0x00000000c2a00000,0x00000000c3cc8740,0x00000000c5380000)
 Metaspace       used 14460K, capacity 14918K, committed 15104K, reserved 1062912K
  class space    used 1622K, capacity 1735K, committed 1792K, reserved 1048576K
GC Heap History (10 events):
Event: 2.578 GC heap after
Heap after GC invocations=3 (full 1):
 PSYoungGen      total 34304K, used 0K [0x00000000eb900000, 0x00000000edd00000, 0x0000000100000000)
  eden space 31744K, 0% used [0x00000000eb900000,0x00000000eb900000,0x00000000ed800000)
  from space 2560K, 0% used [0x00000000eda80000,0x00000000eda80000,0x00000000edd00000)
  to   space 2560K, 0% used [0x00000000ed800000,0x00000000ed800000,0x00000000eda80000)
 ParOldGen       total 42496K, used 2809K [0x00000000c2a00000, 0x00000000c5380000, 0x00000000eb900000)
  object space 42496K, 6% used [0x00000000c2a00000,0x00000000c2cbe5f8,0x00000000c5380000)
 Metaspace       used 10181K, capacity 10306K, committed 10624K, reserved 1058816K
  class space    used 1225K, capacity 1285K, committed 1408K, reserved 1048576K
}
Event: 41.141 GC heap before
{Heap before GC invocations=4 (full 1):
 PSYoungGen      total 34304K, used 31744K [0x00000000eb900000, 0x00000000edd00000, 0x0000000100000000)
  eden space 31744K, 100% used [0x00000000eb900000,0x00000000ed800000,0x00000000ed800000)
  from space 2560K, 0% used [0x00000000eda80000,0x00000000eda80000,0x00000000edd00000)
  to   space 2560K, 0% used [0x00000000ed800000,0x00000000ed800000,0x00000000eda80000)
 ParOldGen       total 42496K, used 2809K [0x00000000c2a00000, 0x00000000c5380000, 0x00000000eb900000)
  object space 42496K, 6% used [0x00000000c2a00000,0x00000000c2cbe5f8,0x00000000c5380000)
 Metaspace       used 13639K, capacity 14048K, committed 14336K, reserved 1062912K
  class space    used 1583K, capacity 1702K, committed 1792K, reserved 1048576K
Event: 41.189 GC heap after
Heap after GC invocations=4 (full 1):
 PSYoungGen      total 34304K, used 2552K [0x00000000eb900000, 0x00000000edd00000, 0x0000000100000000)
  eden space 31744K, 0% used [0x00000000eb900000,0x00000000eb900000,0x00000000ed800000)
  from space 2560K, 99% used [0x00000000ed800000,0x00000000eda7e020,0x00000000eda80000)
  to   space 2560K, 0% used [0x00000000eda80000,0x00000000eda80000,0x00000000edd00000)
 ParOldGen       total 42496K, used 5116K [0x00000000c2a00000, 0x00000000c5380000, 0x00000000eb900000)
  object space 42496K, 12% used [0x00000000c2a00000,0x00000000c2eff208,0x00000000c5380000)
 Metaspace       used 13639K, capacity 14048K, committed 14336K, reserved 1062912K
  class space    used 1583K, capacity 1702K, committed 1792K, reserved 1048576K
}
Event: 42.143 GC heap before
{Heap before GC invocations=5 (full 1):
 PSYoungGen      total 34304K, used 34296K [0x00000000eb900000, 0x00000000edd00000, 0x0000000100000000)
  eden space 31744K, 100% used [0x00000000eb900000,0x00000000ed800000,0x00000000ed800000)
  from space 2560K, 99% used [0x00000000ed800000,0x00000000eda7e020,0x00000000eda80000)
  to   space 2560K, 0% used [0x00000000eda80000,0x00000000eda80000,0x00000000edd00000)
 ParOldGen       total 42496K, used 5116K [0x00000000c2a00000, 0x00000000c5380000, 0x00000000eb900000)
  object space 42496K, 12% used [0x00000000c2a00000,0x00000000c2eff208,0x00000000c5380000)
 Metaspace       used 13773K, capacity 14118K, committed 14336K, reserved 1062912K
  class space    used 1583K, capacity 1703K, committed 1792K, reserved 1048576K
Event: 42.150 GC heap after
Heap after GC invocations=5 (full 1):
 PSYoungGen      total 34304K, used 2560K [0x00000000eb900000, 0x00000000edd00000, 0x0000000100000000)
  eden space 31744K, 0% used [0x00000000eb900000,0x00000000eb900000,0x00000000ed800000)
  from space 2560K, 100% used [0x00000000eda80000,0x00000000edd00000,0x00000000edd00000)
  to   space 2560K, 0% used [0x00000000ed800000,0x00000000ed800000,0x00000000eda80000)
 ParOldGen       total 42496K, used 7369K [0x00000000c2a00000, 0x00000000c5380000, 0x00000000eb900000)
  object space 42496K, 17% used [0x00000000c2a00000,0x00000000c3132440,0x00000000c5380000)
 Metaspace       used 13773K, capacity 14118K, committed 14336K, reserved 1062912K
  class space    used 1583K, capacity 1703K, committed 1792K, reserved 1048576K
}
Event: 49.732 GC heap before
{Heap before GC invocations=6 (full 1):
 PSYoungGen      total 34304K, used 34304K [0x00000000eb900000, 0x00000000edd00000, 0x0000000100000000)
  eden space 31744K, 100% used [0x00000000eb900000,0x00000000ed800000,0x00000000ed800000)
  from space 2560K, 100% used [0x00000000eda80000,0x00000000edd00000,0x00000000edd00000)
  to   space 2560K, 0% used [0x00000000ed800000,0x00000000ed800000,0x00000000eda80000)
 ParOldGen       total 42496K, used 7369K [0x00000000c2a00000, 0x00000000c5380000, 0x00000000eb900000)
  object space 42496K, 17% used [0x00000000c2a00000,0x00000000c3132440,0x00000000c5380000)
 Metaspace       used 14275K, capacity 14734K, committed 14848K, reserved 1062912K
  class space    used 1613K, capacity 1727K, committed 1792K, reserved 1048576K
Event: 49.775 GC heap after
Heap after GC invocations=6 (full 1):
 PSYoungGen      total 34304K, used 2560K [0x00000000eb900000, 0x00000000edd00000, 0x0000000100000000)
  eden space 31744K, 0% used [0x00000000eb900000,0x00000000eb900000,0x00000000ed800000)
  from space 2560K, 100% used [0x00000000ed800000,0x00000000eda80000,0x00000000eda80000)
  to   space 2560K, 0% used [0x00000000eda80000,0x00000000eda80000,0x00000000edd00000)
 ParOldGen       total 42496K, used 10762K [0x00000000c2a00000, 0x00000000c5380000, 0x00000000eb900000)
  object space 42496K, 25% used [0x00000000c2a00000,0x00000000c3482a78,0x00000000c5380000)
 Metaspace       used 14275K, capacity 14734K, committed 14848K, reserved 1062912K
  class space    used 1613K, capacity 1727K, committed 1792K, reserved 1048576K
}
Event: 85.881 GC heap before
{Heap before GC invocations=7 (full 1):
 PSYoungGen      total 34304K, used 33917K [0x00000000eb900000, 0x00000000edd00000, 0x0000000100000000)
  eden space 31744K, 98% used [0x00000000eb900000,0x00000000ed79f718,0x00000000ed800000)
  from space 2560K, 100% used [0x00000000ed800000,0x00000000eda80000,0x00000000eda80000)
  to   space 2560K, 0% used [0x00000000eda80000,0x00000000eda80000,0x00000000edd00000)
 ParOldGen       total 42496K, used 10762K [0x00000000c2a00000, 0x00000000c5380000, 0x00000000eb900000)
  object space 42496K, 25% used [0x00000000c2a00000,0x00000000c3482a78,0x00000000c5380000)
 Metaspace       used 14435K, capacity 14848K, committed 15104K, reserved 1062912K
  class space    used 1621K, capacity 1734K, committed 1792K, reserved 1048576K
Event: 86.228 GC heap after
Heap after GC invocations=7 (full 1):
 PSYoungGen      total 26624K, used 2560K [0x00000000eb900000, 0x00000000eeb00000, 0x0000000100000000)
  eden space 24064K, 0% used [0x00000000eb900000,0x00000000eb900000,0x00000000ed080000)
  from space 2560K, 100% used [0x00000000eda80000,0x00000000edd00000,0x00000000edd00000)
  to   space 10240K, 0% used [0x00000000ed080000,0x00000000ed080000,0x00000000eda80000)
 ParOldGen       total 42496K, used 18673K [0x00000000c2a00000, 0x00000000c5380000, 0x00000000eb900000)
  object space 42496K, 43% used [0x00000000c2a00000,0x00000000c3c3c720,0x00000000c5380000)
 Metaspace       used 14435K, capacity 14848K, committed 15104K, reserved 1062912K
  class space    used 1621K, capacity 1734K, committed 1792K, reserved 1048576K
}
Event: 87.274 GC heap before
{Heap before GC invocations=8 (full 1):
 PSYoungGen      total 26624K, used 25996K [0x00000000eb900000, 0x00000000eeb00000, 0x0000000100000000)
  eden space 24064K, 97% used [0x00000000eb900000,0x00000000ecfe3258,0x00000000ed080000)
  from space 2560K, 100% used [0x00000000eda80000,0x00000000edd00000,0x00000000edd00000)
  to   space 10240K, 0% used [0x00000000ed080000,0x00000000ed080000,0x00000000eda80000)
 ParOldGen       total 42496K, used 18673K [0x00000000c2a00000, 0x00000000c5380000, 0x00000000eb900000)
  object space 42496K, 43% used [0x00000000c2a00000,0x00000000c3c3c720,0x00000000c5380000)
 Metaspace       used 14460K, capacity 14918K, committed 15104K, reserved 1062912K
  class space    used 1622K, capacity 1735K, committed 1792K, reserved 1048576K

