# JRE version: Java(TM) SE Runtime Environment (8.0_201-b09) (build 1.8.0_201-b09)
# Java VM: Java HotSpot(TM) 64-Bit Server VM (25.201-b09 mixed mode linux-amd64 compressed oops)
Heap:
 PSYoungGen      total 304128K, used 2487K [0x00000000eb900000, 0x00000000ffd80000, 0x0000000100000000)
  eden space 275968K, 0% used [0x00000000eb900000,0x00000000eb900000,0x00000000fc680000)
  from space 28160K, 8% used [0x00000000fc680000,0x00000000fc8edc90,0x00000000fe200000)
  to   space 27648K, 0% used [0x00000000fe280000,0x00000000fe280000,0x00000000ffd80000)
 ParOldGen       total 118272K, used 84667K [0x00000000c2a00000, 0x00000000c9d80000, 0x00000000eb900000)
  object space 118272K, 71% used [0x00000000c2a00000,0x00000000c7caed08,0x00000000c9d80000)
 Metaspace       used 23488K, capacity 24070K, committed 24192K, reserved 1071104K
  class space    used 2498K, capacity 2673K, committed 2688K, reserved 1048576K
GC Heap History (10 events):
Event: 46.042 GC heap after
Heap after GC invocations=19 (full 3):
 PSYoungGen      total 305152K, used 17748K [0x00000000eb900000, 0x0000000100000000, 0x0000000100000000)
  eden space 279552K, 0% used [0x00000000eb900000,0x00000000eb900000,0x00000000fca00000)
  from space 25600K, 69% used [0x00000000fe480000,0x00000000ff5d51d0,0x00000000ffd80000)
  to   space 27136K, 0% used [0x00000000fca00000,0x00000000fca00000,0x00000000fe480000)
 ParOldGen       total 118272K, used 66138K [0x00000000c2a00000, 0x00000000c9d80000, 0x00000000eb900000)
  object space 118272K, 55% used [0x00000000c2a00000,0x00000000c6a96a28,0x00000000c9d80000)
 Metaspace       used 23347K, capacity 23942K, committed 24192K, reserved 1071104K
  class space    used 2494K, capacity 2673K, committed 2688K, reserved 1048576K
}
Event: 46.648 GC heap before
{Heap before GC invocations=20 (full 3):
 PSYoungGen      total 305152K, used 297300K [0x00000000eb900000, 0x0000000100000000, 0x0000000100000000)
  eden space 279552K, 100% used [0x00000000eb900000,0x00000000fca00000,0x00000000fca00000)
  from space 25600K, 69% used [0x00000000fe480000,0x00000000ff5d51d0,0x00000000ffd80000)
  to   space 27136K, 0% used [0x00000000fca00000,0x00000000fca00000,0x00000000fe480000)
 ParOldGen       total 118272K, used 66138K [0x00000000c2a00000, 0x00000000c9d80000, 0x00000000eb900000)
  object space 118272K, 55% used [0x00000000c2a00000,0x00000000c6a96a28,0x00000000c9d80000)
 Metaspace       used 23347K, capacity 23942K, committed 24192K, reserved 1071104K
  class space    used 2494K, capacity 2673K, committed 2688K, reserved 1048576K
Event: 46.693 GC heap after
Heap after GC invocations=20 (full 3):
 PSYoungGen      total 298496K, used 18810K [0x00000000eb900000, 0x0000000100000000, 0x0000000100000000)
  eden space 279552K, 0% used [0x00000000eb900000,0x00000000eb900000,0x00000000fca00000)
  from space 18944K, 99% used [0x00000000fca00000,0x00000000fdc5e860,0x00000000fdc80000)
  to   space 28672K, 0% used [0x00000000fe400000,0x00000000fe400000,0x0000000100000000)
 ParOldGen       total 118272K, used 66146K [0x00000000c2a00000, 0x00000000c9d80000, 0x00000000eb900000)
  object space 118272K, 55% used [0x00000000c2a00000,0x00000000c6a98a28,0x00000000c9d80000)
 Metaspace       used 23347K, capacity 23942K, committed 24192K, reserved 1071104K
  class space    used 2494K, capacity 2673K, committed 2688K, reserved 1048576K
}
Event: 47.492 GC heap before
{Heap before GC invocations=21 (full 3):
 PSYoungGen      total 298496K, used 298362K [0x00000000eb900000, 0x0000000100000000, 0x0000000100000000)
  eden space 279552K, 100% used [0x00000000eb900000,0x00000000fca00000,0x00000000fca00000)
  from space 18944K, 99% used [0x00000000fca00000,0x00000000fdc5e860,0x00000000fdc80000)
  to   space 28672K, 0% used [0x00000000fe400000,0x00000000fe400000,0x0000000100000000)
 ParOldGen       total 118272K, used 66146K [0x00000000c2a00000, 0x00000000c9d80000, 0x00000000eb900000)
  object space 118272K, 55% used [0x00000000c2a00000,0x00000000c6a98a28,0x00000000c9d80000)
 Metaspace       used 23347K, capacity 23942K, committed 24192K, reserved 1071104K
  class space    used 2494K, capacity 2673K, committed 2688K, reserved 1048576K
Event: 47.523 GC heap after
Heap after GC invocations=21 (full 3):
 PSYoungGen      total 303104K, used 19582K [0x00000000eb900000, 0x0000000100000000, 0x0000000100000000)
  eden space 274432K, 0% used [0x00000000eb900000,0x00000000eb900000,0x00000000fc500000)
  from space 28672K, 68% used [0x00000000fe400000,0x00000000ff71f928,0x0000000100000000)
  to   space 30208K, 0% used [0x00000000fc500000,0x00000000fc500000,0x00000000fe280000)
 ParOldGen       total 118272K, used 66154K [0x00000000c2a00000, 0x00000000c9d80000, 0x00000000eb900000)
  object space 118272K, 55% used [0x00000000c2a00000,0x00000000c6a9aa28,0x00000000c9d80000)
 Metaspace       used 23347K, capacity 23942K, committed 24192K, reserved 1071104K
  class space    used 2494K, capacity 2673K, committed 2688K, reserved 1048576K
}
Event: 48.420 GC heap before
{Heap before GC invocations=22 (full 3):
 PSYoungGen      total 303104K, used 294014K [0x00000000eb900000, 0x0000000100000000, 0x0000000100000000)
  eden space 274432K, 100% used [0x00000000eb900000,0x00000000fc500000,0x00000000fc500000)
  from space 28672K, 68% used [0x00000000fe400000,0x00000000ff71f928,0x0000000100000000)
  to   space 30208K, 0% used [0x00000000fc500000,0x00000000fc500000,0x00000000fe280000)
 ParOldGen       total 118272K, used 66154K [0x00000000c2a00000, 0x00000000c9d80000, 0x00000000eb900000)
  object space 118272K, 55% used [0x00000000c2a00000,0x00000000c6a9aa28,0x00000000c9d80000)
 Metaspace       used 23347K, capacity 23942K, committed 24192K, reserved 1071104K
  class space    used 2494K, capacity 2673K, committed 2688K, reserved 1048576K
Event: 48.482 GC heap after
Heap after GC invocations=22 (full 3):
 PSYoungGen      total 304640K, used 12942K [0x00000000eb900000, 0x00000000ffe80000, 0x0000000100000000)
  eden space 274432K, 0% used [0x00000000eb900000,0x00000000eb900000,0x00000000fc500000)
  from space 30208K, 42% used [0x00000000fc500000,0x00000000fd1a3a38,0x00000000fe280000)
  to   space 28672K, 0% used [0x00000000fe280000,0x00000000fe280000,0x00000000ffe80000)
 ParOldGen       total 118272K, used 73855K [0x00000000c2a00000, 0x00000000c9d80000, 0x00000000eb900000)
  object space 118272K, 62% used [0x00000000c2a00000,0x00000000c721ff18,0x00000000c9d80000)
 Metaspace       used 23347K, capacity 23942K, committed 24192K, reserved 1071104K
  class space    used 2494K, capacity 2673K, committed 2688K, reserved 1048576K
}
Event: 48.970 GC heap before
{Heap before GC invocations=23 (full 3):
 PSYoungGen      total 304640K, used 287374K [0x00000000eb900000, 0x00000000ffe80000, 0x0000000100000000)
  eden space 274432K, 100% used [0x00000000eb900000,0x00000000fc500000,0x00000000fc500000)
  from space 30208K, 42% used [0x00000000fc500000,0x00000000fd1a3a38,0x00000000fe280000)
  to   space 28672K, 0% used [0x00000000fe280000,0x00000000fe280000,0x00000000ffe80000)
 ParOldGen       total 118272K, used 73855K [0x00000000c2a00000, 0x00000000c9d80000, 0x00000000eb900000)
  object space 118272K, 62% used [0x00000000c2a00000,0x00000000c721ff18,0x00000000c9d80000)
 Metaspace       used 23347K, capacity 23942K, committed 24192K, reserved 1071104K
  class space    used 2494K, capacity 2673K, committed 2688K, reserved 1048576K
Event: 49.049 GC heap after
Heap after GC invocations=23 (full 3):
 PSYoungGen      total 303616K, used 3600K [0x00000000eb900000, 0x00000000ffd80000, 0x0000000100000000)
  eden space 275968K, 0% used [0x00000000eb900000,0x00000000eb900000,0x00000000fc680000)
  from space 27648K, 13% used [0x00000000fe280000,0x00000000fe604050,0x00000000ffd80000)
  to   space 28160K, 0% used [0x00000000fc680000,0x00000000fc680000,0x00000000fe200000)
 ParOldGen       total 118272K, used 83252K [0x00000000c2a00000, 0x00000000c9d80000, 0x00000000eb900000)
  object space 118272K, 70% used [0x00000000c2a00000,0x00000000c7b4d2b0,0x00000000c9d80000)
 Metaspace       used 23347K, capacity 23942K, committed 24192K, reserved 1071104K
  class space    used 2494K, capacity 2673K, committed 2688K, reserved 1048576K
}
Event: 49.660 GC heap before
{Heap before GC invocations=24 (full 3):
 PSYoungGen      total 303616K, used 279568K [0x00000000eb900000, 0x00000000ffd80000, 0x0000000100000000)
  eden space 275968K, 100% used [0x00000000eb900000,0x00000000fc680000,0x00000000fc680000)
  from space 27648K, 13% used [0x00000000fe280000,0x00000000fe604050,0x00000000ffd80000)
  to   space 28160K, 0% used [0x00000000fc680000,0x00000000fc680000,0x00000000fe200000)
 ParOldGen       total 118272K, used 83252K [0x00000000c2a00000, 0x00000000c9d80000, 0x00000000eb900000)
  object space 118272K, 70% used [0x00000000c2a00000,0x00000000c7b4d2b0,0x00000000c9d80000)
 Metaspace       used 23488K, capacity 24070K, committed 24192K, reserved 1071104K
  class space    used 2498K, capacity 2673K, committed 2688K, reserved 1048576K

