# JRE version: Java(TM) SE Runtime Environment (8.0_201-b09) (build 1.8.0_201-b09)
# Java VM: Java HotSpot(TM) 64-Bit Server VM (25.201-b09 mixed mode linux-amd64 compressed oops)
Heap:
 PSYoungGen      total 18432K, used 16518K [0x00000000eb900000, 0x00000000ecf00000, 0x0000000100000000)
  eden space 14336K, 96% used [0x00000000eb900000,0x00000000ec682b40,0x00000000ec700000)
  from space 4096K, 65% used [0x00000000ec700000,0x00000000ec99f030,0x00000000ecb00000)
  to   space 4096K, 0% used [0x00000000ecb00000,0x00000000ecb00000,0x00000000ecf00000)
 ParOldGen       total 42496K, used 4740K [0x00000000c2a00000, 0x00000000c5380000, 0x00000000eb900000)
  object space 42496K, 11% used [0x00000000c2a00000,0x00000000c2ea1118,0x00000000c5380000)
 Metaspace       used 14285K, capacity 14756K, committed 14848K, reserved 1062912K
  class space    used 1625K, capacity 1735K, committed 1792K, reserved 1048576K
GC Heap History (10 events):
Event: 22.552 GC heap before
{Heap before GC invocations=4 (full 1):
 PSYoungGen      total 18432K, used 15872K [0x00000000eb900000, 0x00000000ecd80000, 0x0000000100000000)
  eden space 15872K, 100% used [0x00000000eb900000,0x00000000ec880000,0x00000000ec880000)
  from space 2560K, 0% used [0x00000000ecb00000,0x00000000ecb00000,0x00000000ecd80000)
  to   space 2560K, 0% used [0x00000000ec880000,0x00000000ec880000,0x00000000ecb00000)
 ParOldGen       total 42496K, used 2577K [0x00000000c2a00000, 0x00000000c5380000, 0x00000000eb900000)
  object space 42496K, 6% used [0x00000000c2a00000,0x00000000c2c84578,0x00000000c5380000)
 Metaspace       used 13374K, capacity 13736K, committed 14080K, reserved 1060864K
  class space    used 1561K, capacity 1666K, committed 1792K, reserved 1048576K
Event: 22.564 GC heap after
Heap after GC invocations=4 (full 1):
 PSYoungGen      total 18432K, used 2537K [0x00000000eb900000, 0x00000000ecd80000, 0x0000000100000000)
  eden space 15872K, 0% used [0x00000000eb900000,0x00000000eb900000,0x00000000ec880000)
  from space 2560K, 99% used [0x00000000ec880000,0x00000000ecafa7a0,0x00000000ecb00000)
  to   space 2560K, 0% used [0x00000000ecb00000,0x00000000ecb00000,0x00000000ecd80000)
 ParOldGen       total 42496K, used 3487K [0x00000000c2a00000, 0x00000000c5380000, 0x00000000eb900000)
  object space 42496K, 8% used [0x00000000c2a00000,0x00000000c2d67c48,0x00000000c5380000)
 Metaspace       used 13374K, capacity 13736K, committed 14080K, reserved 1060864K
  class space    used 1561K, capacity 1666K, committed 1792K, reserved 1048576K
}
Event: 23.730 GC heap before
{Heap before GC invocations=5 (full 1):
 PSYoungGen      total 18432K, used 18409K [0x00000000eb900000, 0x00000000ecd80000, 0x0000000100000000)
  eden space 15872K, 100% used [0x00000000eb900000,0x00000000ec880000,0x00000000ec880000)
  from space 2560K, 99% used [0x00000000ec880000,0x00000000ecafa7a0,0x00000000ecb00000)
  to   space 2560K, 0% used [0x00000000ecb00000,0x00000000ecb00000,0x00000000ecd80000)
 ParOldGen       total 42496K, used 3487K [0x00000000c2a00000, 0x00000000c5380000, 0x00000000eb900000)
  object space 42496K, 8% used [0x00000000c2a00000,0x00000000c2d67c48,0x00000000c5380000)
 Metaspace       used 13574K, capacity 13934K, committed 14080K, reserved 1060864K
  class space    used 1566K, capacity 1667K, committed 1792K, reserved 1048576K
Event: 23.757 GC heap after
Heap after GC invocations=5 (full 1):
 PSYoungGen      total 18432K, used 2368K [0x00000000eb900000, 0x00000000ecd80000, 0x0000000100000000)
  eden space 15872K, 0% used [0x00000000eb900000,0x00000000eb900000,0x00000000ec880000)
  from space 2560K, 92% used [0x00000000ecb00000,0x00000000ecd50020,0x00000000ecd80000)
  to   space 2560K, 0% used [0x00000000ec880000,0x00000000ec880000,0x00000000ecb00000)
 ParOldGen       total 42496K, used 3487K [0x00000000c2a00000, 0x00000000c5380000, 0x00000000eb900000)
  object space 42496K, 8% used [0x00000000c2a00000,0x00000000c2d67c48,0x00000000c5380000)
 Metaspace       used 13574K, capacity 13934K, committed 14080K, reserved 1060864K
  class space    used 1566K, capacity 1667K, committed 1792K, reserved 1048576K
}
Event: 25.500 GC heap before
{Heap before GC invocations=6 (full 1):
 PSYoungGen      total 18432K, used 18240K [0x00000000eb900000, 0x00000000ecd80000, 0x0000000100000000)
  eden space 15872K, 100% used [0x00000000eb900000,0x00000000ec880000,0x00000000ec880000)
  from space 2560K, 92% used [0x00000000ecb00000,0x00000000ecd50020,0x00000000ecd80000)
  to   space 2560K, 0% used [0x00000000ec880000,0x00000000ec880000,0x00000000ecb00000)
 ParOldGen       total 42496K, used 3487K [0x00000000c2a00000, 0x00000000c5380000, 0x00000000eb900000)
  object space 42496K, 8% used [0x00000000c2a00000,0x00000000c2d67c48,0x00000000c5380000)
 Metaspace       used 14103K, capacity 14560K, committed 14848K, reserved 1062912K
  class space    used 1614K, capacity 1725K, committed 1792K, reserved 1048576K
Event: 25.507 GC heap after
Heap after GC invocations=6 (full 1):
 PSYoungGen      total 18432K, used 2528K [0x00000000eb900000, 0x00000000ecd80000, 0x0000000100000000)
  eden space 15872K, 0% used [0x00000000eb900000,0x00000000eb900000,0x00000000ec880000)
  from space 2560K, 98% used [0x00000000ec880000,0x00000000ecaf8020,0x00000000ecb00000)
  to   space 2560K, 0% used [0x00000000ecb00000,0x00000000ecb00000,0x00000000ecd80000)
 ParOldGen       total 42496K, used 4234K [0x00000000c2a00000, 0x00000000c5380000, 0x00000000eb900000)
  object space 42496K, 9% used [0x00000000c2a00000,0x00000000c2e22aa8,0x00000000c5380000)
 Metaspace       used 14103K, capacity 14560K, committed 14848K, reserved 1062912K
  class space    used 1614K, capacity 1725K, committed 1792K, reserved 1048576K
}
Event: 38.799 GC heap before
{Heap before GC invocations=7 (full 1):
 PSYoungGen      total 18432K, used 18400K [0x00000000eb900000, 0x00000000ecd80000, 0x0000000100000000)
  eden space 15872K, 100% used [0x00000000eb900000,0x00000000ec880000,0x00000000ec880000)
  from space 2560K, 98% used [0x00000000ec880000,0x00000000ecaf8020,0x00000000ecb00000)
  to   space 2560K, 0% used [0x00000000ecb00000,0x00000000ecb00000,0x00000000ecd80000)
 ParOldGen       total 42496K, used 4234K [0x00000000c2a00000, 0x00000000c5380000, 0x00000000eb900000)
  object space 42496K, 9% used [0x00000000c2a00000,0x00000000c2e22aa8,0x00000000c5380000)
 Metaspace       used 14221K, capacity 14674K, committed 14848K, reserved 1062912K
  class space    used 1619K, capacity 1732K, committed 1792K, reserved 1048576K
Event: 38.897 GC heap after
Heap after GC invocations=7 (full 1):
 PSYoungGen      total 16896K, used 2550K [0x00000000eb900000, 0x00000000ed080000, 0x0000000100000000)
  eden space 14336K, 0% used [0x00000000eb900000,0x00000000eb900000,0x00000000ec700000)
  from space 2560K, 99% used [0x00000000ecb00000,0x00000000ecd7d810,0x00000000ecd80000)
  to   space 4096K, 0% used [0x00000000ec700000,0x00000000ec700000,0x00000000ecb00000)
 ParOldGen       total 42496K, used 4740K [0x00000000c2a00000, 0x00000000c5380000, 0x00000000eb900000)
  object space 42496K, 11% used [0x00000000c2a00000,0x00000000c2ea1118,0x00000000c5380000)
 Metaspace       used 14221K, capacity 14674K, committed 14848K, reserved 1062912K
  class space    used 1619K, capacity 1732K, committed 1792K, reserved 1048576K
}
Event: 56.721 GC heap before
{Heap before GC invocations=8 (full 1):
 PSYoungGen      total 16896K, used 16886K [0x00000000eb900000, 0x00000000ed080000, 0x0000000100000000)
  eden space 14336K, 100% used [0x00000000eb900000,0x00000000ec700000,0x00000000ec700000)
  from space 2560K, 99% used [0x00000000ecb00000,0x00000000ecd7d810,0x00000000ecd80000)
  to   space 4096K, 0% used [0x00000000ec700000,0x00000000ec700000,0x00000000ecb00000)
 ParOldGen       total 42496K, used 4740K [0x00000000c2a00000, 0x00000000c5380000, 0x00000000eb900000)
  object space 42496K, 11% used [0x00000000c2a00000,0x00000000c2ea1118,0x00000000c5380000)
 Metaspace       used 14272K, capacity 14756K, committed 14848K, reserved 1062912K
  class space    used 1625K, capacity 1735K, committed 1792K, reserved 1048576K
Event: 56.727 GC heap after
Heap after GC invocations=8 (full 1):
 PSYoungGen      total 18432K, used 2684K [0x00000000eb900000, 0x00000000ecf00000, 0x0000000100000000)
  eden space 14336K, 0% used [0x00000000eb900000,0x00000000eb900000,0x00000000ec700000)
  from space 4096K, 65% used [0x00000000ec700000,0x00000000ec99f030,0x00000000ecb00000)
  to   space 4096K, 0% used [0x00000000ecb00000,0x00000000ecb00000,0x00000000ecf00000)
 ParOldGen       total 42496K, used 4740K [0x00000000c2a00000, 0x00000000c5380000, 0x00000000eb900000)
  object space 42496K, 11% used [0x00000000c2a00000,0x00000000c2ea1118,0x00000000c5380000)
 Metaspace       used 14272K, capacity 14756K, committed 14848K, reserved 1062912K
  class space    used 1625K, capacity 1735K, committed 1792K, reserved 1048576K
}

