# JRE version: Java(TM) SE Runtime Environment (8.0_201-b09) (build 1.8.0_201-b09)
# Java VM: Java HotSpot(TM) 64-Bit Server VM (25.201-b09 mixed mode linux-amd64 compressed oops)
Heap:
 PSYoungGen      total 290816K, used 32138K [0x00000000eb900000, 0x0000000100000000, 0x0000000100000000)
  eden space 246784K, 2% used [0x00000000eb900000,0x00000000ebe2ab90,0x00000000faa00000)
  from space 44032K, 60% used [0x00000000fd500000,0x00000000fef38000,0x0000000100000000)
  to   space 44032K, 0% used [0x00000000faa00000,0x00000000faa00000,0x00000000fd500000)
 ParOldGen       total 58880K, used 25930K [0x00000000c2a00000, 0x00000000c6380000, 0x00000000eb900000)
  object space 58880K, 44% used [0x00000000c2a00000,0x00000000c4352a18,0x00000000c6380000)
 Metaspace       used 31066K, capacity 33924K, committed 34176K, reserved 1079296K
  class space    used 3798K, capacity 4415K, committed 4480K, reserved 1048576K
GC Heap History (10 events):
Event: 55.066 GC heap before
{Heap before GC invocations=22 (full 2):
 PSYoungGen      total 290816K, used 290688K [0x00000000eb900000, 0x0000000100000000, 0x0000000100000000)
  eden space 264192K, 100% used [0x00000000eb900000,0x00000000fbb00000,0x00000000fbb00000)
  from space 26624K, 99% used [0x00000000fbb00000,0x00000000fd4e0000,0x00000000fd500000)
  to   space 37888K, 0% used [0x00000000fdb00000,0x00000000fdb00000,0x0000000100000000)
 ParOldGen       total 58880K, used 25906K [0x00000000c2a00000, 0x00000000c6380000, 0x00000000eb900000)
  object space 58880K, 43% used [0x00000000c2a00000,0x00000000c434ca18,0x00000000c6380000)
 Metaspace       used 30054K, capacity 32400K, committed 32640K, reserved 1077248K
  class space    used 3657K, capacity 4161K, committed 4224K, reserved 1048576K
Event: 55.123 GC heap after
Heap after GC invocations=22 (full 2):
 PSYoungGen      total 294912K, used 25408K [0x00000000eb900000, 0x0000000100000000, 0x0000000100000000)
  eden space 257024K, 0% used [0x00000000eb900000,0x00000000eb900000,0x00000000fb400000)
  from space 37888K, 67% used [0x00000000fdb00000,0x00000000ff3d0000,0x0000000100000000)
  to   space 38912K, 0% used [0x00000000fb400000,0x00000000fb400000,0x00000000fda00000)
 ParOldGen       total 58880K, used 25914K [0x00000000c2a00000, 0x00000000c6380000, 0x00000000eb900000)
  object space 58880K, 44% used [0x00000000c2a00000,0x00000000c434ea18,0x00000000c6380000)
 Metaspace       used 30054K, capacity 32400K, committed 32640K, reserved 1077248K
  class space    used 3657K, capacity 4161K, committed 4224K, reserved 1048576K
}
Event: 57.345 GC heap before
{Heap before GC invocations=23 (full 2):
 PSYoungGen      total 294912K, used 282432K [0x00000000eb900000, 0x0000000100000000, 0x0000000100000000)
  eden space 257024K, 100% used [0x00000000eb900000,0x00000000fb400000,0x00000000fb400000)
  from space 37888K, 67% used [0x00000000fdb00000,0x00000000ff3d0000,0x0000000100000000)
  to   space 38912K, 0% used [0x00000000fb400000,0x00000000fb400000,0x00000000fda00000)
 ParOldGen       total 58880K, used 25914K [0x00000000c2a00000, 0x00000000c6380000, 0x00000000eb900000)
  object space 58880K, 44% used [0x00000000c2a00000,0x00000000c434ea18,0x00000000c6380000)
 Metaspace       used 30216K, capacity 32652K, committed 32896K, reserved 1077248K
  class space    used 3680K, capacity 4203K, committed 4224K, reserved 1048576K
Event: 57.473 GC heap after
Heap after GC invocations=23 (full 2):
 PSYoungGen      total 285184K, used 27776K [0x00000000eb900000, 0x0000000100000000, 0x0000000100000000)
  eden space 257024K, 0% used [0x00000000eb900000,0x00000000eb900000,0x00000000fb400000)
  from space 28160K, 98% used [0x00000000fb400000,0x00000000fcf20000,0x00000000fcf80000)
  to   space 40960K, 0% used [0x00000000fd800000,0x00000000fd800000,0x0000000100000000)
 ParOldGen       total 58880K, used 25914K [0x00000000c2a00000, 0x00000000c6380000, 0x00000000eb900000)
  object space 58880K, 44% used [0x00000000c2a00000,0x00000000c434ea18,0x00000000c6380000)
 Metaspace       used 30216K, capacity 32652K, committed 32896K, reserved 1077248K
  class space    used 3680K, capacity 4203K, committed 4224K, reserved 1048576K
}
Event: 60.201 GC heap before
{Heap before GC invocations=24 (full 2):
 PSYoungGen      total 285184K, used 284800K [0x00000000eb900000, 0x0000000100000000, 0x0000000100000000)
  eden space 257024K, 100% used [0x00000000eb900000,0x00000000fb400000,0x00000000fb400000)
  from space 28160K, 98% used [0x00000000fb400000,0x00000000fcf20000,0x00000000fcf80000)
  to   space 40960K, 0% used [0x00000000fd800000,0x00000000fd800000,0x0000000100000000)
 ParOldGen       total 58880K, used 25914K [0x00000000c2a00000, 0x00000000c6380000, 0x00000000eb900000)
  object space 58880K, 44% used [0x00000000c2a00000,0x00000000c434ea18,0x00000000c6380000)
 Metaspace       used 30440K, capacity 32994K, committed 33280K, reserved 1079296K
  class space    used 3712K, capacity 4260K, committed 4352K, reserved 1048576K
Event: 60.269 GC heap after
Heap after GC invocations=24 (full 2):
 PSYoungGen      total 289792K, used 30368K [0x00000000eb900000, 0x0000000100000000, 0x0000000100000000)
  eden space 248832K, 0% used [0x00000000eb900000,0x00000000eb900000,0x00000000fac00000)
  from space 40960K, 74% used [0x00000000fd800000,0x00000000ff5a8000,0x0000000100000000)
  to   space 43008K, 0% used [0x00000000fac00000,0x00000000fac00000,0x00000000fd600000)
 ParOldGen       total 58880K, used 25922K [0x00000000c2a00000, 0x00000000c6380000, 0x00000000eb900000)
  object space 58880K, 44% used [0x00000000c2a00000,0x00000000c4350a18,0x00000000c6380000)
 Metaspace       used 30440K, capacity 32994K, committed 33280K, reserved 1079296K
  class space    used 3712K, capacity 4260K, committed 4352K, reserved 1048576K
}
Event: 63.381 GC heap before
{Heap before GC invocations=25 (full 2):
 PSYoungGen      total 289792K, used 279200K [0x00000000eb900000, 0x0000000100000000, 0x0000000100000000)
  eden space 248832K, 100% used [0x00000000eb900000,0x00000000fac00000,0x00000000fac00000)
  from space 40960K, 74% used [0x00000000fd800000,0x00000000ff5a8000,0x0000000100000000)
  to   space 43008K, 0% used [0x00000000fac00000,0x00000000fac00000,0x00000000fd600000)
 ParOldGen       total 58880K, used 25922K [0x00000000c2a00000, 0x00000000c6380000, 0x00000000eb900000)
  object space 58880K, 44% used [0x00000000c2a00000,0x00000000c4350a18,0x00000000c6380000)
 Metaspace       used 30739K, capacity 33438K, committed 33536K, reserved 1079296K
  class space    used 3753K, capacity 4334K, committed 4352K, reserved 1048576K
Event: 63.466 GC heap after
Heap after GC invocations=25 (full 2):
 PSYoungGen      total 276480K, used 27520K [0x00000000eb900000, 0x0000000100000000, 0x0000000100000000)
  eden space 248832K, 0% used [0x00000000eb900000,0x00000000eb900000,0x00000000fac00000)
  from space 27648K, 99% used [0x00000000fac00000,0x00000000fc6e0020,0x00000000fc700000)
  to   space 44032K, 0% used [0x00000000fd500000,0x00000000fd500000,0x0000000100000000)
 ParOldGen       total 58880K, used 25922K [0x00000000c2a00000, 0x00000000c6380000, 0x00000000eb900000)
  object space 58880K, 44% used [0x00000000c2a00000,0x00000000c4350a18,0x00000000c6380000)
 Metaspace       used 30739K, capacity 33438K, committed 33536K, reserved 1079296K
  class space    used 3753K, capacity 4334K, committed 4352K, reserved 1048576K
}
Event: 68.798 GC heap before
{Heap before GC invocations=26 (full 2):
 PSYoungGen      total 276480K, used 276352K [0x00000000eb900000, 0x0000000100000000, 0x0000000100000000)
  eden space 248832K, 100% used [0x00000000eb900000,0x00000000fac00000,0x00000000fac00000)
  from space 27648K, 99% used [0x00000000fac00000,0x00000000fc6e0020,0x00000000fc700000)
  to   space 44032K, 0% used [0x00000000fd500000,0x00000000fd500000,0x0000000100000000)
 ParOldGen       total 58880K, used 25922K [0x00000000c2a00000, 0x00000000c6380000, 0x00000000eb900000)
  object space 58880K, 44% used [0x00000000c2a00000,0x00000000c4350a18,0x00000000c6380000)
 Metaspace       used 31062K, capacity 33918K, committed 34176K, reserved 1079296K
  class space    used 3797K, capacity 4414K, committed 4480K, reserved 1048576K
Event: 69.105 GC heap after
Heap after GC invocations=26 (full 2):
 PSYoungGen      total 290816K, used 26848K [0x00000000eb900000, 0x0000000100000000, 0x0000000100000000)
  eden space 246784K, 0% used [0x00000000eb900000,0x00000000eb900000,0x00000000faa00000)
  from space 44032K, 60% used [0x00000000fd500000,0x00000000fef38000,0x0000000100000000)
  to   space 44032K, 0% used [0x00000000faa00000,0x00000000faa00000,0x00000000fd500000)
 ParOldGen       total 58880K, used 25930K [0x00000000c2a00000, 0x00000000c6380000, 0x00000000eb900000)
  object space 58880K, 44% used [0x00000000c2a00000,0x00000000c4352a18,0x00000000c6380000)
 Metaspace       used 31062K, capacity 33918K, committed 34176K, reserved 1079296K
  class space    used 3797K, capacity 4414K, committed 4480K, reserved 1048576K
}

