# JRE version: Java(TM) SE Runtime Environment (8.0_201-b09) (build 1.8.0_201-b09)
# Java VM: Java HotSpot(TM) 64-Bit Server VM (25.201-b09 mixed mode linux-amd64 compressed oops)
Heap:
 PSYoungGen      total 126464K, used 4800K [0x00000000eb900000, 0x00000000f3a00000, 0x0000000100000000)
  eden space 120832K, 0% used [0x00000000eb900000,0x00000000eb900000,0x00000000f2f00000)
  from space 5632K, 85% used [0x00000000f2f00000,0x00000000f33b00c0,0x00000000f3480000)
  to   space 5632K, 0% used [0x00000000f3480000,0x00000000f3480000,0x00000000f3a00000)
 ParOldGen       total 42496K, used 12183K [0x00000000c2a00000, 0x00000000c5380000, 0x00000000eb900000)
  object space 42496K, 28% used [0x00000000c2a00000,0x00000000c35e5de8,0x00000000c5380000)
 Metaspace       used 14158K, capacity 14670K, committed 14848K, reserved 1062912K
  class space    used 1609K, capacity 1751K, committed 1792K, reserved 1048576K
GC Heap History (10 events):
Event: 62.888 GC heap after
Heap after GC invocations=5 (full 1):
 PSYoungGen      total 34304K, used 2548K [0x00000000eb900000, 0x00000000edd00000, 0x0000000100000000)
  eden space 31744K, 0% used [0x00000000eb900000,0x00000000eb900000,0x00000000ed800000)
  from space 2560K, 99% used [0x00000000eda80000,0x00000000edcfd120,0x00000000edd00000)
  to   space 2560K, 0% used [0x00000000ed800000,0x00000000ed800000,0x00000000eda80000)
 ParOldGen       total 42496K, used 6731K [0x00000000c2a00000, 0x00000000c5380000, 0x00000000eb900000)
  object space 42496K, 15% used [0x00000000c2a00000,0x00000000c3092c20,0x00000000c5380000)
 Metaspace       used 14013K, capacity 14478K, committed 14592K, reserved 1062912K
  class space    used 1609K, capacity 1751K, committed 1792K, reserved 1048576K
}
Event: 63.906 GC heap before
{Heap before GC invocations=6 (full 1):
 PSYoungGen      total 34304K, used 34292K [0x00000000eb900000, 0x00000000edd00000, 0x0000000100000000)
  eden space 31744K, 100% used [0x00000000eb900000,0x00000000ed800000,0x00000000ed800000)
  from space 2560K, 99% used [0x00000000eda80000,0x00000000edcfd120,0x00000000edd00000)
  to   space 2560K, 0% used [0x00000000ed800000,0x00000000ed800000,0x00000000eda80000)
 ParOldGen       total 42496K, used 6731K [0x00000000c2a00000, 0x00000000c5380000, 0x00000000eb900000)
  object space 42496K, 15% used [0x00000000c2a00000,0x00000000c3092c20,0x00000000c5380000)
 Metaspace       used 14064K, capacity 14606K, committed 14848K, reserved 1062912K
  class space    used 1609K, capacity 1751K, committed 1792K, reserved 1048576K
Event: 63.927 GC heap after
Heap after GC invocations=6 (full 1):
 PSYoungGen      total 34304K, used 2560K [0x00000000eb900000, 0x00000000efc00000, 0x0000000100000000)
  eden space 31744K, 0% used [0x00000000eb900000,0x00000000eb900000,0x00000000ed800000)
  from space 2560K, 100% used [0x00000000ed800000,0x00000000eda80000,0x00000000eda80000)
  to   space 2560K, 0% used [0x00000000ef980000,0x00000000ef980000,0x00000000efc00000)
 ParOldGen       total 42496K, used 8248K [0x00000000c2a00000, 0x00000000c5380000, 0x00000000eb900000)
  object space 42496K, 19% used [0x00000000c2a00000,0x00000000c320e268,0x00000000c5380000)
 Metaspace       used 14064K, capacity 14606K, committed 14848K, reserved 1062912K
  class space    used 1609K, capacity 1751K, committed 1792K, reserved 1048576K
}
Event: 64.649 GC heap before
{Heap before GC invocations=7 (full 1):
 PSYoungGen      total 34304K, used 34304K [0x00000000eb900000, 0x00000000efc00000, 0x0000000100000000)
  eden space 31744K, 100% used [0x00000000eb900000,0x00000000ed800000,0x00000000ed800000)
  from space 2560K, 100% used [0x00000000ed800000,0x00000000eda80000,0x00000000eda80000)
  to   space 2560K, 0% used [0x00000000ef980000,0x00000000ef980000,0x00000000efc00000)
 ParOldGen       total 42496K, used 8248K [0x00000000c2a00000, 0x00000000c5380000, 0x00000000eb900000)
  object space 42496K, 19% used [0x00000000c2a00000,0x00000000c320e268,0x00000000c5380000)
 Metaspace       used 14076K, capacity 14606K, committed 14848K, reserved 1062912K
  class space    used 1609K, capacity 1751K, committed 1792K, reserved 1048576K
Event: 64.664 GC heap after
Heap after GC invocations=7 (full 1):
 PSYoungGen      total 62976K, used 2528K [0x00000000eb900000, 0x00000000f0200000, 0x0000000100000000)
  eden space 60416K, 0% used [0x00000000eb900000,0x00000000eb900000,0x00000000ef400000)
  from space 2560K, 98% used [0x00000000ef980000,0x00000000efbf8060,0x00000000efc00000)
  to   space 5632K, 0% used [0x00000000ef400000,0x00000000ef400000,0x00000000ef980000)
 ParOldGen       total 42496K, used 10183K [0x00000000c2a00000, 0x00000000c5380000, 0x00000000eb900000)
  object space 42496K, 23% used [0x00000000c2a00000,0x00000000c33f1de8,0x00000000c5380000)
 Metaspace       used 14076K, capacity 14606K, committed 14848K, reserved 1062912K
  class space    used 1609K, capacity 1751K, committed 1792K, reserved 1048576K
}
Event: 65.733 GC heap before
{Heap before GC invocations=8 (full 1):
 PSYoungGen      total 62976K, used 62944K [0x00000000eb900000, 0x00000000f0200000, 0x0000000100000000)
  eden space 60416K, 100% used [0x00000000eb900000,0x00000000ef400000,0x00000000ef400000)
  from space 2560K, 98% used [0x00000000ef980000,0x00000000efbf8060,0x00000000efc00000)
  to   space 5632K, 0% used [0x00000000ef400000,0x00000000ef400000,0x00000000ef980000)
 ParOldGen       total 42496K, used 10183K [0x00000000c2a00000, 0x00000000c5380000, 0x00000000eb900000)
  object space 42496K, 23% used [0x00000000c2a00000,0x00000000c33f1de8,0x00000000c5380000)
 Metaspace       used 14109K, capacity 14606K, committed 14848K, reserved 1062912K
  class space    used 1609K, capacity 1751K, committed 1792K, reserved 1048576K
Event: 65.814 GC heap after
Heap after GC invocations=8 (full 1):
 PSYoungGen      total 66048K, used 3456K [0x00000000eb900000, 0x00000000f3a00000, 0x0000000100000000)
  eden space 60416K, 0% used [0x00000000eb900000,0x00000000eb900000,0x00000000ef400000)
  from space 5632K, 61% used [0x00000000ef400000,0x00000000ef760030,0x00000000ef980000)
  to   space 5632K, 0% used [0x00000000f3480000,0x00000000f3480000,0x00000000f3a00000)
 ParOldGen       total 42496K, used 10191K [0x00000000c2a00000, 0x00000000c5380000, 0x00000000eb900000)
  object space 42496K, 23% used [0x00000000c2a00000,0x00000000c33f3de8,0x00000000c5380000)
 Metaspace       used 14109K, capacity 14606K, committed 14848K, reserved 1062912K
  class space    used 1609K, capacity 1751K, committed 1792K, reserved 1048576K
}
Event: 66.989 GC heap before
{Heap before GC invocations=9 (full 1):
 PSYoungGen      total 66048K, used 63872K [0x00000000eb900000, 0x00000000f3a00000, 0x0000000100000000)
  eden space 60416K, 100% used [0x00000000eb900000,0x00000000ef400000,0x00000000ef400000)
  from space 5632K, 61% used [0x00000000ef400000,0x00000000ef760030,0x00000000ef980000)
  to   space 5632K, 0% used [0x00000000f3480000,0x00000000f3480000,0x00000000f3a00000)
 ParOldGen       total 42496K, used 10191K [0x00000000c2a00000, 0x00000000c5380000, 0x00000000eb900000)
  object space 42496K, 23% used [0x00000000c2a00000,0x00000000c33f3de8,0x00000000c5380000)
 Metaspace       used 14119K, capacity 14606K, committed 14848K, reserved 1062912K
  class space    used 1609K, capacity 1751K, committed 1792K, reserved 1048576K
Event: 67.007 GC heap after
Heap after GC invocations=9 (full 1):
 PSYoungGen      total 126464K, used 4272K [0x00000000eb900000, 0x00000000f3a00000, 0x0000000100000000)
  eden space 120832K, 0% used [0x00000000eb900000,0x00000000eb900000,0x00000000f2f00000)
  from space 5632K, 75% used [0x00000000f3480000,0x00000000f38ac080,0x00000000f3a00000)
  to   space 5632K, 0% used [0x00000000f2f00000,0x00000000f2f00000,0x00000000f3480000)
 ParOldGen       total 42496K, used 10959K [0x00000000c2a00000, 0x00000000c5380000, 0x00000000eb900000)
  object space 42496K, 25% used [0x00000000c2a00000,0x00000000c34b3de8,0x00000000c5380000)
 Metaspace       used 14119K, capacity 14606K, committed 14848K, reserved 1062912K
  class space    used 1609K, capacity 1751K, committed 1792K, reserved 1048576K
}
Event: 68.840 GC heap before
{Heap before GC invocations=10 (full 1):
 PSYoungGen      total 126464K, used 125104K [0x00000000eb900000, 0x00000000f3a00000, 0x0000000100000000)
  eden space 120832K, 100% used [0x00000000eb900000,0x00000000f2f00000,0x00000000f2f00000)
  from space 5632K, 75% used [0x00000000f3480000,0x00000000f38ac080,0x00000000f3a00000)
  to   space 5632K, 0% used [0x00000000f2f00000,0x00000000f2f00000,0x00000000f3480000)
 ParOldGen       total 42496K, used 10959K [0x00000000c2a00000, 0x00000000c5380000, 0x00000000eb900000)
  object space 42496K, 25% used [0x00000000c2a00000,0x00000000c34b3de8,0x00000000c5380000)
 Metaspace       used 14158K, capacity 14670K, committed 14848K, reserved 1062912K
  class space    used 1609K, capacity 1751K, committed 1792K, reserved 1048576K

