# JRE version: Java(TM) SE Runtime Environment (8.0_201-b09) (build 1.8.0_201-b09)
# Java VM: Java HotSpot(TM) 64-Bit Server VM (25.201-b09 mixed mode linux-amd64 compressed oops)
Heap:
 PSYoungGen      total 232960K, used 28144K [0x00000000eb900000, 0x00000000fc300000, 0x0000000100000000)
  eden space 204800K, 0% used [0x00000000eb900000,0x00000000eb900000,0x00000000f8100000)
  from space 28160K, 99% used [0x00000000f8100000,0x00000000f9c7c030,0x00000000f9c80000)
  to   space 23040K, 0% used [0x00000000f9c80000,0x00000000f9c80000,0x00000000fb300000)
 ParOldGen       total 73216K, used 42207K [0x00000000c2a00000, 0x00000000c7180000, 0x00000000eb900000)
  object space 73216K, 57% used [0x00000000c2a00000,0x00000000c5337eb8,0x00000000c7180000)
 Metaspace       used 22865K, capacity 23578K, committed 23808K, reserved 1071104K
  class space    used 2502K, capacity 2697K, committed 2816K, reserved 1048576K
GC Heap History (10 events):
Event: 23.639 GC heap after
Heap after GC invocations=14 (full 2):
 PSYoungGen      total 163840K, used 3104K [0x00000000eb900000, 0x00000000f9c80000, 0x0000000100000000)
  eden space 160256K, 0% used [0x00000000eb900000,0x00000000eb900000,0x00000000f5580000)
  from space 3584K, 86% used [0x00000000f9900000,0x00000000f9c08000,0x00000000f9c80000)
  to   space 19456K, 0% used [0x00000000f7680000,0x00000000f7680000,0x00000000f8980000)
 ParOldGen       total 73216K, used 35952K [0x00000000c2a00000, 0x00000000c7180000, 0x00000000eb900000)
  object space 73216K, 49% used [0x00000000c2a00000,0x00000000c4d1c0a0,0x00000000c7180000)
 Metaspace       used 21529K, capacity 21968K, committed 22272K, reserved 1069056K
  class space    used 2394K, capacity 2540K, committed 2560K, reserved 1048576K
}
Event: 25.414 GC heap before
{Heap before GC invocations=15 (full 2):
 PSYoungGen      total 163840K, used 163360K [0x00000000eb900000, 0x00000000f9c80000, 0x0000000100000000)
  eden space 160256K, 100% used [0x00000000eb900000,0x00000000f5580000,0x00000000f5580000)
  from space 3584K, 86% used [0x00000000f9900000,0x00000000f9c08000,0x00000000f9c80000)
  to   space 19456K, 0% used [0x00000000f7680000,0x00000000f7680000,0x00000000f8980000)
 ParOldGen       total 73216K, used 35952K [0x00000000c2a00000, 0x00000000c7180000, 0x00000000eb900000)
  object space 73216K, 49% used [0x00000000c2a00000,0x00000000c4d1c0a0,0x00000000c7180000)
 Metaspace       used 21570K, capacity 22032K, committed 22272K, reserved 1069056K
  class space    used 2394K, capacity 2540K, committed 2560K, reserved 1048576K
Event: 25.427 GC heap after
Heap after GC invocations=15 (full 2):
 PSYoungGen      total 180224K, used 4384K [0x00000000eb900000, 0x00000000f9980000, 0x0000000100000000)
  eden space 175616K, 0% used [0x00000000eb900000,0x00000000eb900000,0x00000000f6480000)
  from space 4608K, 95% used [0x00000000f7680000,0x00000000f7ac8000,0x00000000f7b00000)
  to   space 18432K, 0% used [0x00000000f8780000,0x00000000f8780000,0x00000000f9980000)
 ParOldGen       total 73216K, used 35952K [0x00000000c2a00000, 0x00000000c7180000, 0x00000000eb900000)
  object space 73216K, 49% used [0x00000000c2a00000,0x00000000c4d1c0a0,0x00000000c7180000)
 Metaspace       used 21570K, capacity 22032K, committed 22272K, reserved 1069056K
  class space    used 2394K, capacity 2540K, committed 2560K, reserved 1048576K
}
Event: 36.201 GC heap before
{Heap before GC invocations=16 (full 2):
 PSYoungGen      total 180224K, used 180000K [0x00000000eb900000, 0x00000000f9980000, 0x0000000100000000)
  eden space 175616K, 100% used [0x00000000eb900000,0x00000000f6480000,0x00000000f6480000)
  from space 4608K, 95% used [0x00000000f7680000,0x00000000f7ac8000,0x00000000f7b00000)
  to   space 18432K, 0% used [0x00000000f8780000,0x00000000f8780000,0x00000000f9980000)
 ParOldGen       total 73216K, used 35952K [0x00000000c2a00000, 0x00000000c7180000, 0x00000000eb900000)
  object space 73216K, 49% used [0x00000000c2a00000,0x00000000c4d1c0a0,0x00000000c7180000)
 Metaspace       used 22574K, capacity 23182K, committed 23424K, reserved 1071104K
  class space    used 2482K, capacity 2663K, committed 2688K, reserved 1048576K
Event: 36.268 GC heap after
Heap after GC invocations=16 (full 2):
 PSYoungGen      total 209920K, used 12485K [0x00000000eb900000, 0x00000000f9a00000, 0x0000000100000000)
  eden space 191488K, 0% used [0x00000000eb900000,0x00000000eb900000,0x00000000f7400000)
  from space 18432K, 67% used [0x00000000f8780000,0x00000000f93b16a0,0x00000000f9980000)
  to   space 19456K, 0% used [0x00000000f7400000,0x00000000f7400000,0x00000000f8700000)
 ParOldGen       total 73216K, used 35952K [0x00000000c2a00000, 0x00000000c7180000, 0x00000000eb900000)
  object space 73216K, 49% used [0x00000000c2a00000,0x00000000c4d1c0a0,0x00000000c7180000)
 Metaspace       used 22574K, capacity 23182K, committed 23424K, reserved 1071104K
  class space    used 2482K, capacity 2663K, committed 2688K, reserved 1048576K
}
Event: 43.808 GC heap before
{Heap before GC invocations=17 (full 2):
 PSYoungGen      total 209920K, used 203973K [0x00000000eb900000, 0x00000000f9a00000, 0x0000000100000000)
  eden space 191488K, 100% used [0x00000000eb900000,0x00000000f7400000,0x00000000f7400000)
  from space 18432K, 67% used [0x00000000f8780000,0x00000000f93b16a0,0x00000000f9980000)
  to   space 19456K, 0% used [0x00000000f7400000,0x00000000f7400000,0x00000000f8700000)
 ParOldGen       total 73216K, used 35952K [0x00000000c2a00000, 0x00000000c7180000, 0x00000000eb900000)
  object space 73216K, 49% used [0x00000000c2a00000,0x00000000c4d1c0a0,0x00000000c7180000)
 Metaspace       used 22702K, capacity 23478K, committed 23808K, reserved 1071104K
  class space    used 2498K, capacity 2691K, committed 2816K, reserved 1048576K
Event: 43.887 GC heap after
Heap after GC invocations=17 (full 2):
 PSYoungGen      total 210944K, used 19440K [0x00000000eb900000, 0x00000000fb300000, 0x0000000100000000)
  eden space 191488K, 0% used [0x00000000eb900000,0x00000000eb900000,0x00000000f7400000)
  from space 19456K, 99% used [0x00000000f7400000,0x00000000f86fc010,0x00000000f8700000)
  to   space 23040K, 0% used [0x00000000f9c80000,0x00000000f9c80000,0x00000000fb300000)
 ParOldGen       total 73216K, used 36689K [0x00000000c2a00000, 0x00000000c7180000, 0x00000000eb900000)
  object space 73216K, 50% used [0x00000000c2a00000,0x00000000c4dd4450,0x00000000c7180000)
 Metaspace       used 22702K, capacity 23478K, committed 23808K, reserved 1071104K
  class space    used 2498K, capacity 2691K, committed 2816K, reserved 1048576K
}
Event: 48.660 GC heap before
{Heap before GC invocations=18 (full 2):
 PSYoungGen      total 210944K, used 210928K [0x00000000eb900000, 0x00000000fb300000, 0x0000000100000000)
  eden space 191488K, 100% used [0x00000000eb900000,0x00000000f7400000,0x00000000f7400000)
  from space 19456K, 99% used [0x00000000f7400000,0x00000000f86fc010,0x00000000f8700000)
  to   space 23040K, 0% used [0x00000000f9c80000,0x00000000f9c80000,0x00000000fb300000)
 ParOldGen       total 73216K, used 36689K [0x00000000c2a00000, 0x00000000c7180000, 0x00000000eb900000)
  object space 73216K, 50% used [0x00000000c2a00000,0x00000000c4dd4450,0x00000000c7180000)
 Metaspace       used 22795K, capacity 23508K, committed 23808K, reserved 1071104K
  class space    used 2502K, capacity 2696K, committed 2816K, reserved 1048576K
Event: 48.775 GC heap after
Heap after GC invocations=18 (full 2):
 PSYoungGen      total 227840K, used 23024K [0x00000000eb900000, 0x00000000fc300000, 0x0000000100000000)
  eden space 204800K, 0% used [0x00000000eb900000,0x00000000eb900000,0x00000000f8100000)
  from space 23040K, 99% used [0x00000000f9c80000,0x00000000fb2fc030,0x00000000fb300000)
  to   space 28160K, 0% used [0x00000000f8100000,0x00000000f8100000,0x00000000f9c80000)
 ParOldGen       total 73216K, used 39305K [0x00000000c2a00000, 0x00000000c7180000, 0x00000000eb900000)
  object space 73216K, 53% used [0x00000000c2a00000,0x00000000c5062590,0x00000000c7180000)
 Metaspace       used 22795K, capacity 23508K, committed 23808K, reserved 1071104K
  class space    used 2502K, capacity 2696K, committed 2816K, reserved 1048576K
}
Event: 53.135 GC heap before
{Heap before GC invocations=19 (full 2):
 PSYoungGen      total 227840K, used 227824K [0x00000000eb900000, 0x00000000fc300000, 0x0000000100000000)
  eden space 204800K, 100% used [0x00000000eb900000,0x00000000f8100000,0x00000000f8100000)
  from space 23040K, 99% used [0x00000000f9c80000,0x00000000fb2fc030,0x00000000fb300000)
  to   space 28160K, 0% used [0x00000000f8100000,0x00000000f8100000,0x00000000f9c80000)
 ParOldGen       total 73216K, used 39305K [0x00000000c2a00000, 0x00000000c7180000, 0x00000000eb900000)
  object space 73216K, 53% used [0x00000000c2a00000,0x00000000c5062590,0x00000000c7180000)
 Metaspace       used 22865K, capacity 23578K, committed 23808K, reserved 1071104K
  class space    used 2502K, capacity 2697K, committed 2816K, reserved 1048576K

