# JRE version: Java(TM) SE Runtime Environment (8.0_201-b09) (build 1.8.0_201-b09)
# Java VM: Java HotSpot(TM) 64-Bit Server VM (25.201-b09 mixed mode linux-amd64 compressed oops)
Heap:
 PSYoungGen      total 317952K, used 11244K [0x00000000eb900000, 0x0000000100000000, 0x0000000100000000)
  eden space 301056K, 0% used [0x00000000eb900000,0x00000000eb900000,0x00000000fdf00000)
  from space 16896K, 66% used [0x00000000fdf00000,0x00000000fe9fb058,0x00000000fef80000)
  to   space 16896K, 0% used [0x00000000fef80000,0x00000000fef80000,0x0000000100000000)
 ParOldGen       total 171520K, used 171496K [0x00000000c2a00000, 0x00000000cd180000, 0x00000000eb900000)
  object space 171520K, 99% used [0x00000000c2a00000,0x00000000cd17a170,0x00000000cd180000)
 Metaspace       used 23590K, capacity 24222K, committed 24576K, reserved 1071104K
  class space    used 2514K, capacity 2691K, committed 2816K, reserved 1048576K
GC Heap History (10 events):
Event: 20.735 GC heap after
Heap after GC invocations=13 (full 1):
 PSYoungGen      total 318464K, used 4131K [0x00000000eb900000, 0x0000000100000000, 0x0000000100000000)
  eden space 309760K, 0% used [0x00000000eb900000,0x00000000eb900000,0x00000000fe780000)
  from space 8704K, 47% used [0x00000000ff000000,0x00000000ff408fa8,0x00000000ff880000)
  to   space 8704K, 0% used [0x00000000fe780000,0x00000000fe780000,0x00000000ff000000)
 ParOldGen       total 42496K, used 22867K [0x00000000c2a00000, 0x00000000c5380000, 0x00000000eb900000)
  object space 42496K, 53% used [0x00000000c2a00000,0x00000000c4054fc8,0x00000000c5380000)
 Metaspace       used 17097K, capacity 17372K, committed 17664K, reserved 1064960K
  class space    used 1892K, capacity 1982K, committed 2048K, reserved 1048576K
}
Event: 35.978 GC heap before
{Heap before GC invocations=14 (full 1):
 PSYoungGen      total 318464K, used 260207K [0x00000000eb900000, 0x0000000100000000, 0x0000000100000000)
  eden space 309760K, 82% used [0x00000000eb900000,0x00000000fb312cf0,0x00000000fe780000)
  from space 8704K, 47% used [0x00000000ff000000,0x00000000ff408fa8,0x00000000ff880000)
  to   space 8704K, 0% used [0x00000000fe780000,0x00000000fe780000,0x00000000ff000000)
 ParOldGen       total 42496K, used 22867K [0x00000000c2a00000, 0x00000000c5380000, 0x00000000eb900000)
  object space 42496K, 53% used [0x00000000c2a00000,0x00000000c4054fc8,0x00000000c5380000)
 Metaspace       used 20859K, capacity 21178K, committed 21296K, reserved 1069056K
  class space    used 2309K, capacity 2403K, committed 2432K, reserved 1048576K
Event: 36.201 GC heap after
Heap after GC invocations=14 (full 1):
 PSYoungGen      total 318464K, used 8688K [0x00000000eb900000, 0x0000000100000000, 0x0000000100000000)
  eden space 309760K, 0% used [0x00000000eb900000,0x00000000eb900000,0x00000000fe780000)
  from space 8704K, 99% used [0x00000000fe780000,0x00000000feffc030,0x00000000ff000000)
  to   space 16384K, 0% used [0x00000000ff000000,0x00000000ff000000,0x0000000100000000)
 ParOldGen       total 44544K, used 44118K [0x00000000c2a00000, 0x00000000c5580000, 0x00000000eb900000)
  object space 44544K, 99% used [0x00000000c2a00000,0x00000000c55159f0,0x00000000c5580000)
 Metaspace       used 20859K, capacity 21178K, committed 21296K, reserved 1069056K
  class space    used 2309K, capacity 2403K, committed 2432K, reserved 1048576K
}
Event: 36.201 GC heap before
{Heap before GC invocations=15 (full 2):
 PSYoungGen      total 318464K, used 8688K [0x00000000eb900000, 0x0000000100000000, 0x0000000100000000)
  eden space 309760K, 0% used [0x00000000eb900000,0x00000000eb900000,0x00000000fe780000)
  from space 8704K, 99% used [0x00000000fe780000,0x00000000feffc030,0x00000000ff000000)
  to   space 16384K, 0% used [0x00000000ff000000,0x00000000ff000000,0x0000000100000000)
 ParOldGen       total 44544K, used 44118K [0x00000000c2a00000, 0x00000000c5580000, 0x00000000eb900000)
  object space 44544K, 99% used [0x00000000c2a00000,0x00000000c55159f0,0x00000000c5580000)
 Metaspace       used 20859K, capacity 21178K, committed 21296K, reserved 1069056K
  class space    used 2309K, capacity 2403K, committed 2432K, reserved 1048576K
Event: 37.362 GC heap after
Heap after GC invocations=15 (full 2):
 PSYoungGen      total 318464K, used 3561K [0x00000000eb900000, 0x0000000100000000, 0x0000000100000000)
  eden space 309760K, 0% used [0x00000000eb900000,0x00000000eb900000,0x00000000fe780000)
  from space 8704K, 40% used [0x00000000fe780000,0x00000000feafa5e8,0x00000000ff000000)
  to   space 16384K, 0% used [0x00000000ff000000,0x00000000ff000000,0x0000000100000000)
 ParOldGen       total 81920K, used 44124K [0x00000000c2a00000, 0x00000000c7a00000, 0x00000000eb900000)
  object space 81920K, 53% used [0x00000000c2a00000,0x00000000c55173a8,0x00000000c7a00000)
 Metaspace       used 20859K, capacity 21178K, committed 21296K, reserved 1069056K
  class space    used 2309K, capacity 2403K, committed 2432K, reserved 1048576K
}
Event: 50.905 GC heap before
{Heap before GC invocations=16 (full 2):
 PSYoungGen      total 318464K, used 313321K [0x00000000eb900000, 0x0000000100000000, 0x0000000100000000)
  eden space 309760K, 100% used [0x00000000eb900000,0x00000000fe780000,0x00000000fe780000)
  from space 8704K, 40% used [0x00000000fe780000,0x00000000feafa5e8,0x00000000ff000000)
  to   space 16384K, 0% used [0x00000000ff000000,0x00000000ff000000,0x0000000100000000)
 ParOldGen       total 81920K, used 44124K [0x00000000c2a00000, 0x00000000c7a00000, 0x00000000eb900000)
  object space 81920K, 53% used [0x00000000c2a00000,0x00000000c55173a8,0x00000000c7a00000)
 Metaspace       used 23430K, capacity 24064K, committed 24192K, reserved 1071104K
  class space    used 2503K, capacity 2686K, committed 2688K, reserved 1048576K
Event: 51.059 GC heap after
Heap after GC invocations=16 (full 2):
 PSYoungGen      total 317440K, used 8218K [0x00000000eb900000, 0x0000000100000000, 0x0000000100000000)
  eden space 301056K, 0% used [0x00000000eb900000,0x00000000eb900000,0x00000000fdf00000)
  from space 16384K, 50% used [0x00000000ff000000,0x00000000ff806960,0x0000000100000000)
  to   space 16896K, 0% used [0x00000000fdf00000,0x00000000fdf00000,0x00000000fef80000)
 ParOldGen       total 81920K, used 47705K [0x00000000c2a00000, 0x00000000c7a00000, 0x00000000eb900000)
  object space 81920K, 58% used [0x00000000c2a00000,0x00000000c5896710,0x00000000c7a00000)
 Metaspace       used 23430K, capacity 24064K, committed 24192K, reserved 1071104K
  class space    used 2503K, capacity 2686K, committed 2688K, reserved 1048576K
}
Event: 61.167 GC heap before
{Heap before GC invocations=17 (full 2):
 PSYoungGen      total 317440K, used 309274K [0x00000000eb900000, 0x0000000100000000, 0x0000000100000000)
  eden space 301056K, 100% used [0x00000000eb900000,0x00000000fdf00000,0x00000000fdf00000)
  from space 16384K, 50% used [0x00000000ff000000,0x00000000ff806960,0x0000000100000000)
  to   space 16896K, 0% used [0x00000000fdf00000,0x00000000fdf00000,0x00000000fef80000)
 ParOldGen       total 81920K, used 47705K [0x00000000c2a00000, 0x00000000c7a00000, 0x00000000eb900000)
  object space 81920K, 58% used [0x00000000c2a00000,0x00000000c5896710,0x00000000c7a00000)
 Metaspace       used 23590K, capacity 24222K, committed 24576K, reserved 1071104K
  class space    used 2514K, capacity 2691K, committed 2816K, reserved 1048576K
Event: 61.531 GC heap after
Heap after GC invocations=17 (full 2):
 PSYoungGen      total 317952K, used 16887K [0x00000000eb900000, 0x0000000100000000, 0x0000000100000000)
  eden space 301056K, 0% used [0x00000000eb900000,0x00000000eb900000,0x00000000fdf00000)
  from space 16896K, 99% used [0x00000000fdf00000,0x00000000fef7dd28,0x00000000fef80000)
  to   space 16896K, 0% used [0x00000000fef80000,0x00000000fef80000,0x0000000100000000)
 ParOldGen       total 171520K, used 170740K [0x00000000c2a00000, 0x00000000cd180000, 0x00000000eb900000)
  object space 171520K, 99% used [0x00000000c2a00000,0x00000000cd0bd3e0,0x00000000cd180000)
 Metaspace       used 23590K, capacity 24222K, committed 24576K, reserved 1071104K
  class space    used 2514K, capacity 2691K, committed 2816K, reserved 1048576K
}
Event: 61.531 GC heap before
{Heap before GC invocations=18 (full 3):
 PSYoungGen      total 317952K, used 16887K [0x00000000eb900000, 0x0000000100000000, 0x0000000100000000)
  eden space 301056K, 0% used [0x00000000eb900000,0x00000000eb900000,0x00000000fdf00000)
  from space 16896K, 99% used [0x00000000fdf00000,0x00000000fef7dd28,0x00000000fef80000)
  to   space 16896K, 0% used [0x00000000fef80000,0x00000000fef80000,0x0000000100000000)
 ParOldGen       total 171520K, used 170740K [0x00000000c2a00000, 0x00000000cd180000, 0x00000000eb900000)
  object space 171520K, 99% used [0x00000000c2a00000,0x00000000cd0bd3e0,0x00000000cd180000)
 Metaspace       used 23590K, capacity 24222K, committed 24576K, reserved 1071104K
  class space    used 2514K, capacity 2691K, committed 2816K, reserved 1048576K

