# JRE version: Java(TM) SE Runtime Environment (8.0_201-b09) (build 1.8.0_201-b09)
# Java VM: Java HotSpot(TM) 64-Bit Server VM (25.201-b09 mixed mode linux-amd64 compressed oops)
Heap:
 PSYoungGen      total 292864K, used 175575K [0x00000000eb900000, 0x0000000100000000, 0x0000000100000000)
  eden space 276480K, 57% used [0x00000000eb900000,0x00000000f5476938,0x00000000fc700000)
  from space 16384K, 99% used [0x00000000ff000000,0x00000000fffff2d8,0x0000000100000000)
  to   space 29184K, 0% used [0x00000000fc700000,0x00000000fc700000,0x00000000fe380000)
 ParOldGen       total 98304K, used 75352K [0x00000000c2a00000, 0x00000000c8a00000, 0x00000000eb900000)
  object space 98304K, 76% used [0x00000000c2a00000,0x00000000c7396018,0x00000000c8a00000)
 Metaspace       used 30151K, capacity 30906K, committed 31104K, reserved 1077248K
  class space    used 3165K, capacity 3370K, committed 3456K, reserved 1048576K
GC Heap History (10 events):
Event: 83.609 GC heap before
{Heap before GC invocations=23 (full 3):
 PSYoungGen      total 283648K, used 279616K [0x00000000eb900000, 0x00000000fed80000, 0x0000000100000000)
  eden space 270848K, 100% used [0x00000000eb900000,0x00000000fc180000,0x00000000fc180000)
  from space 12800K, 68% used [0x00000000fc180000,0x00000000fca10000,0x00000000fce00000)
  to   space 13312K, 0% used [0x00000000fe080000,0x00000000fe080000,0x00000000fed80000)
 ParOldGen       total 98304K, used 49370K [0x00000000c2a00000, 0x00000000c8a00000, 0x00000000eb900000)
  object space 98304K, 50% used [0x00000000c2a00000,0x00000000c5a36ba0,0x00000000c8a00000)
 Metaspace       used 23103K, capacity 23876K, committed 23936K, reserved 1071104K
  class space    used 2495K, capacity 2683K, committed 2688K, reserved 1048576K
Event: 83.689 GC heap after
Heap after GC invocations=23 (full 3):
 PSYoungGen      total 301568K, used 11936K [0x00000000eb900000, 0x00000000ffa00000, 0x0000000100000000)
  eden space 288256K, 0% used [0x00000000eb900000,0x00000000eb900000,0x00000000fd280000)
  from space 13312K, 89% used [0x00000000fe080000,0x00000000fec28000,0x00000000fed80000)
  to   space 14336K, 0% used [0x00000000fd280000,0x00000000fd280000,0x00000000fe080000)
 ParOldGen       total 98304K, used 49370K [0x00000000c2a00000, 0x00000000c8a00000, 0x00000000eb900000)
  object space 98304K, 50% used [0x00000000c2a00000,0x00000000c5a36ba0,0x00000000c8a00000)
 Metaspace       used 23103K, capacity 23876K, committed 23936K, reserved 1071104K
  class space    used 2495K, capacity 2683K, committed 2688K, reserved 1048576K
}
Event: 94.037 GC heap before
{Heap before GC invocations=24 (full 3):
 PSYoungGen      total 301568K, used 300192K [0x00000000eb900000, 0x00000000ffa00000, 0x0000000100000000)
  eden space 288256K, 100% used [0x00000000eb900000,0x00000000fd280000,0x00000000fd280000)
  from space 13312K, 89% used [0x00000000fe080000,0x00000000fec28000,0x00000000fed80000)
  to   space 14336K, 0% used [0x00000000fd280000,0x00000000fd280000,0x00000000fe080000)
 ParOldGen       total 98304K, used 49370K [0x00000000c2a00000, 0x00000000c8a00000, 0x00000000eb900000)
  object space 98304K, 50% used [0x00000000c2a00000,0x00000000c5a36ba0,0x00000000c8a00000)
 Metaspace       used 23409K, capacity 24186K, committed 24320K, reserved 1071104K
  class space    used 2518K, capacity 2694K, committed 2816K, reserved 1048576K
Event: 94.114 GC heap after
Heap after GC invocations=24 (full 3):
 PSYoungGen      total 302592K, used 6613K [0x00000000eb900000, 0x0000000100000000, 0x0000000100000000)
  eden space 288256K, 0% used [0x00000000eb900000,0x00000000eb900000,0x00000000fd280000)
  from space 14336K, 46% used [0x00000000fd280000,0x00000000fd8f56b8,0x00000000fe080000)
  to   space 13824K, 0% used [0x00000000ff280000,0x00000000ff280000,0x0000000100000000)
 ParOldGen       total 98304K, used 49378K [0x00000000c2a00000, 0x00000000c8a00000, 0x00000000eb900000)
  object space 98304K, 50% used [0x00000000c2a00000,0x00000000c5a38ba0,0x00000000c8a00000)
 Metaspace       used 23409K, capacity 24186K, committed 24320K, reserved 1071104K
  class space    used 2518K, capacity 2694K, committed 2816K, reserved 1048576K
}
Event: 101.262 GC heap before
{Heap before GC invocations=25 (full 3):
 PSYoungGen      total 302592K, used 294869K [0x00000000eb900000, 0x0000000100000000, 0x0000000100000000)
  eden space 288256K, 100% used [0x00000000eb900000,0x00000000fd280000,0x00000000fd280000)
  from space 14336K, 46% used [0x00000000fd280000,0x00000000fd8f56b8,0x00000000fe080000)
  to   space 13824K, 0% used [0x00000000ff280000,0x00000000ff280000,0x0000000100000000)
 ParOldGen       total 98304K, used 49378K [0x00000000c2a00000, 0x00000000c8a00000, 0x00000000eb900000)
  object space 98304K, 50% used [0x00000000c2a00000,0x00000000c5a38ba0,0x00000000c8a00000)
 Metaspace       used 23566K, capacity 24256K, committed 24576K, reserved 1071104K
  class space    used 2518K, capacity 2695K, committed 2816K, reserved 1048576K
Event: 101.339 GC heap after
Heap after GC invocations=25 (full 3):
 PSYoungGen      total 315904K, used 13792K [0x00000000eb900000, 0x0000000100000000, 0x0000000100000000)
  eden space 302080K, 0% used [0x00000000eb900000,0x00000000eb900000,0x00000000fe000000)
  from space 13824K, 99% used [0x00000000ff280000,0x00000000ffff8020,0x0000000100000000)
  to   space 16384K, 0% used [0x00000000fe000000,0x00000000fe000000,0x00000000ff000000)
 ParOldGen       total 98304K, used 51228K [0x00000000c2a00000, 0x00000000c8a00000, 0x00000000eb900000)
  object space 98304K, 52% used [0x00000000c2a00000,0x00000000c5c07168,0x00000000c8a00000)
 Metaspace       used 23566K, capacity 24256K, committed 24576K, reserved 1071104K
  class space    used 2518K, capacity 2695K, committed 2816K, reserved 1048576K
}
Event: 115.434 GC heap before
{Heap before GC invocations=26 (full 3):
 PSYoungGen      total 315904K, used 315872K [0x00000000eb900000, 0x0000000100000000, 0x0000000100000000)
  eden space 302080K, 100% used [0x00000000eb900000,0x00000000fe000000,0x00000000fe000000)
  from space 13824K, 99% used [0x00000000ff280000,0x00000000ffff8020,0x0000000100000000)
  to   space 16384K, 0% used [0x00000000fe000000,0x00000000fe000000,0x00000000ff000000)
 ParOldGen       total 98304K, used 51228K [0x00000000c2a00000, 0x00000000c8a00000, 0x00000000eb900000)
  object space 98304K, 52% used [0x00000000c2a00000,0x00000000c5c07168,0x00000000c8a00000)
 Metaspace       used 23725K, capacity 24468K, committed 24832K, reserved 1071104K
  class space    used 2519K, capacity 2697K, committed 2816K, reserved 1048576K
Event: 115.480 GC heap after
Heap after GC invocations=26 (full 3):
 PSYoungGen      total 318464K, used 16384K [0x00000000eb900000, 0x0000000100000000, 0x0000000100000000)
  eden space 302080K, 0% used [0x00000000eb900000,0x00000000eb900000,0x00000000fe000000)
  from space 16384K, 100% used [0x00000000fe000000,0x00000000ff000000,0x00000000ff000000)
  to   space 16384K, 0% used [0x00000000ff000000,0x00000000ff000000,0x0000000100000000)
 ParOldGen       total 98304K, used 59474K [0x00000000c2a00000, 0x00000000c8a00000, 0x00000000eb900000)
  object space 98304K, 60% used [0x00000000c2a00000,0x00000000c6414a90,0x00000000c8a00000)
 Metaspace       used 23725K, capacity 24468K, committed 24832K, reserved 1071104K
  class space    used 2519K, capacity 2697K, committed 2816K, reserved 1048576K
}
Event: 161.952 GC heap before
{Heap before GC invocations=27 (full 3):
 PSYoungGen      total 318464K, used 318464K [0x00000000eb900000, 0x0000000100000000, 0x0000000100000000)
  eden space 302080K, 100% used [0x00000000eb900000,0x00000000fe000000,0x00000000fe000000)
  from space 16384K, 100% used [0x00000000fe000000,0x00000000ff000000,0x00000000ff000000)
  to   space 16384K, 0% used [0x00000000ff000000,0x00000000ff000000,0x0000000100000000)
 ParOldGen       total 98304K, used 59474K [0x00000000c2a00000, 0x00000000c8a00000, 0x00000000eb900000)
  object space 98304K, 60% used [0x00000000c2a00000,0x00000000c6414a90,0x00000000c8a00000)
 Metaspace       used 28450K, capacity 29204K, committed 29440K, reserved 1075200K
  class space    used 3087K, capacity 3273K, committed 3328K, reserved 1048576K
Event: 162.147 GC heap after
Heap after GC invocations=27 (full 3):
 PSYoungGen      total 292864K, used 16380K [0x00000000eb900000, 0x0000000100000000, 0x0000000100000000)
  eden space 276480K, 0% used [0x00000000eb900000,0x00000000eb900000,0x00000000fc700000)
  from space 16384K, 99% used [0x00000000ff000000,0x00000000fffff2d8,0x0000000100000000)
  to   space 29184K, 0% used [0x00000000fc700000,0x00000000fc700000,0x00000000fe380000)
 ParOldGen       total 98304K, used 75352K [0x00000000c2a00000, 0x00000000c8a00000, 0x00000000eb900000)
  object space 98304K, 76% used [0x00000000c2a00000,0x00000000c7396018,0x00000000c8a00000)
 Metaspace       used 28450K, capacity 29204K, committed 29440K, reserved 1075200K
  class space    used 3087K, capacity 3273K, committed 3328K, reserved 1048576K
}

