# JRE version: Java(TM) SE Runtime Environment (8.0_201-b09) (build 1.8.0_201-b09)
# Java VM: Java HotSpot(TM) 64-Bit Server VM (25.201-b09 mixed mode linux-amd64 compressed oops)
Heap:
 PSYoungGen      total 249856K, used 15641K [0x00000000eb900000, 0x00000000fbf80000, 0x0000000100000000)
  eden space 230912K, 0% used [0x00000000eb900000,0x00000000eb900000,0x00000000f9a80000)
  from space 18944K, 82% used [0x00000000fad00000,0x00000000fbc46748,0x00000000fbf80000)
  to   space 5120K, 0% used [0x00000000f9b80000,0x00000000f9b80000,0x00000000fa080000)
 ParOldGen       total 73728K, used 38853K [0x00000000c2a00000, 0x00000000c7200000, 0x00000000eb900000)
  object space 73728K, 52% used [0x00000000c2a00000,0x00000000c4ff1788,0x00000000c7200000)
 Metaspace       used 23116K, capacity 23802K, committed 23936K, reserved 1071104K
  class space    used 2478K, capacity 2671K, committed 2688K, reserved 1048576K
GC Heap History (10 events):
Event: 8.732 GC heap after
Heap after GC invocations=9 (full 1):
 PSYoungGen      total 125952K, used 7140K [0x00000000eb900000, 0x00000000f4100000, 0x0000000100000000)
  eden space 118784K, 0% used [0x00000000eb900000,0x00000000eb900000,0x00000000f2d00000)
  from space 7168K, 99% used [0x00000000f3600000,0x00000000f3cf93a8,0x00000000f3d00000)
  to   space 9216K, 0% used [0x00000000f2d00000,0x00000000f2d00000,0x00000000f3600000)
 ParOldGen       total 42496K, used 14403K [0x00000000c2a00000, 0x00000000c5380000, 0x00000000eb900000)
  object space 42496K, 33% used [0x00000000c2a00000,0x00000000c3810c08,0x00000000c5380000)
 Metaspace       used 16343K, capacity 16528K, committed 16768K, reserved 1064960K
  class space    used 1831K, capacity 1910K, committed 1920K, reserved 1048576K
}
Event: 15.708 GC heap before
{Heap before GC invocations=10 (full 1):
 PSYoungGen      total 125952K, used 125924K [0x00000000eb900000, 0x00000000f4100000, 0x0000000100000000)
  eden space 118784K, 100% used [0x00000000eb900000,0x00000000f2d00000,0x00000000f2d00000)
  from space 7168K, 99% used [0x00000000f3600000,0x00000000f3cf93a8,0x00000000f3d00000)
  to   space 9216K, 0% used [0x00000000f2d00000,0x00000000f2d00000,0x00000000f3600000)
 ParOldGen       total 42496K, used 14403K [0x00000000c2a00000, 0x00000000c5380000, 0x00000000eb900000)
  object space 42496K, 33% used [0x00000000c2a00000,0x00000000c3810c08,0x00000000c5380000)
 Metaspace       used 19061K, capacity 19322K, committed 19712K, reserved 1067008K
  class space    used 2135K, capacity 2226K, committed 2304K, reserved 1048576K
Event: 15.852 GC heap after
Heap after GC invocations=10 (full 1):
 PSYoungGen      total 128000K, used 9188K [0x00000000eb900000, 0x00000000fc300000, 0x0000000100000000)
  eden space 118784K, 0% used [0x00000000eb900000,0x00000000eb900000,0x00000000f2d00000)
  from space 9216K, 99% used [0x00000000f2d00000,0x00000000f35f93c8,0x00000000f3600000)
  to   space 17408K, 0% used [0x00000000fb200000,0x00000000fb200000,0x00000000fc300000)
 ParOldGen       total 42496K, used 32275K [0x00000000c2a00000, 0x00000000c5380000, 0x00000000eb900000)
  object space 42496K, 75% used [0x00000000c2a00000,0x00000000c4984d78,0x00000000c5380000)
 Metaspace       used 19061K, capacity 19322K, committed 19712K, reserved 1067008K
  class space    used 2135K, capacity 2226K, committed 2304K, reserved 1048576K
}
Event: 19.493 GC heap before
{Heap before GC invocations=11 (full 1):
 PSYoungGen      total 128000K, used 108510K [0x00000000eb900000, 0x00000000fc300000, 0x0000000100000000)
  eden space 118784K, 83% used [0x00000000eb900000,0x00000000f19fe6d8,0x00000000f2d00000)
  from space 9216K, 99% used [0x00000000f2d00000,0x00000000f35f93c8,0x00000000f3600000)
  to   space 17408K, 0% used [0x00000000fb200000,0x00000000fb200000,0x00000000fc300000)
 ParOldGen       total 42496K, used 32275K [0x00000000c2a00000, 0x00000000c5380000, 0x00000000eb900000)
  object space 42496K, 75% used [0x00000000c2a00000,0x00000000c4984d78,0x00000000c5380000)
 Metaspace       used 20629K, capacity 21082K, committed 21248K, reserved 1069056K
  class space    used 2279K, capacity 2435K, committed 2560K, reserved 1048576K
Event: 19.580 GC heap after
Heap after GC invocations=11 (full 1):
 PSYoungGen      total 206336K, used 15523K [0x00000000eb900000, 0x00000000fc180000, 0x0000000100000000)
  eden space 190464K, 0% used [0x00000000eb900000,0x00000000eb900000,0x00000000f7300000)
  from space 15872K, 97% used [0x00000000fb200000,0x00000000fc128e50,0x00000000fc180000)
  to   space 19456K, 0% used [0x00000000f9b80000,0x00000000f9b80000,0x00000000fae80000)
 ParOldGen       total 42496K, used 35067K [0x00000000c2a00000, 0x00000000c5380000, 0x00000000eb900000)
  object space 42496K, 82% used [0x00000000c2a00000,0x00000000c4c3ee28,0x00000000c5380000)
 Metaspace       used 20629K, capacity 21082K, committed 21248K, reserved 1069056K
  class space    used 2279K, capacity 2435K, committed 2560K, reserved 1048576K
}
Event: 19.580 GC heap before
{Heap before GC invocations=12 (full 2):
 PSYoungGen      total 206336K, used 15523K [0x00000000eb900000, 0x00000000fc180000, 0x0000000100000000)
  eden space 190464K, 0% used [0x00000000eb900000,0x00000000eb900000,0x00000000f7300000)
  from space 15872K, 97% used [0x00000000fb200000,0x00000000fc128e50,0x00000000fc180000)
  to   space 19456K, 0% used [0x00000000f9b80000,0x00000000f9b80000,0x00000000fae80000)
 ParOldGen       total 42496K, used 35067K [0x00000000c2a00000, 0x00000000c5380000, 0x00000000eb900000)
  object space 42496K, 82% used [0x00000000c2a00000,0x00000000c4c3ee28,0x00000000c5380000)
 Metaspace       used 20629K, capacity 21082K, committed 21248K, reserved 1069056K
  class space    used 2279K, capacity 2435K, committed 2560K, reserved 1048576K
Event: 20.374 GC heap after
Heap after GC invocations=12 (full 2):
 PSYoungGen      total 206336K, used 0K [0x00000000eb900000, 0x00000000fc180000, 0x0000000100000000)
  eden space 190464K, 0% used [0x00000000eb900000,0x00000000eb900000,0x00000000f7300000)
  from space 15872K, 0% used [0x00000000fb200000,0x00000000fb200000,0x00000000fc180000)
  to   space 19456K, 0% used [0x00000000f9b80000,0x00000000f9b80000,0x00000000fae80000)
 ParOldGen       total 73728K, used 38837K [0x00000000c2a00000, 0x00000000c7200000, 0x00000000eb900000)
  object space 73728K, 52% used [0x00000000c2a00000,0x00000000c4fed788,0x00000000c7200000)
 Metaspace       used 20629K, capacity 21082K, committed 21248K, reserved 1069056K
  class space    used 2279K, capacity 2435K, committed 2560K, reserved 1048576K
}
Event: 25.757 GC heap before
{Heap before GC invocations=13 (full 2):
 PSYoungGen      total 206336K, used 190464K [0x00000000eb900000, 0x00000000fc180000, 0x0000000100000000)
  eden space 190464K, 100% used [0x00000000eb900000,0x00000000f7300000,0x00000000f7300000)
  from space 15872K, 0% used [0x00000000fb200000,0x00000000fb200000,0x00000000fc180000)
  to   space 19456K, 0% used [0x00000000f9b80000,0x00000000f9b80000,0x00000000fae80000)
 ParOldGen       total 73728K, used 38837K [0x00000000c2a00000, 0x00000000c7200000, 0x00000000eb900000)
  object space 73728K, 52% used [0x00000000c2a00000,0x00000000c4fed788,0x00000000c7200000)
 Metaspace       used 22180K, capacity 22634K, committed 22784K, reserved 1069056K
  class space    used 2408K, capacity 2545K, committed 2560K, reserved 1048576K
Event: 25.782 GC heap after
Heap after GC invocations=13 (full 2):
 PSYoungGen      total 236032K, used 4982K [0x00000000eb900000, 0x00000000fbf80000, 0x0000000100000000)
  eden space 230912K, 0% used [0x00000000eb900000,0x00000000eb900000,0x00000000f9a80000)
  from space 5120K, 97% used [0x00000000f9b80000,0x00000000fa05d948,0x00000000fa080000)
  to   space 18944K, 0% used [0x00000000fad00000,0x00000000fad00000,0x00000000fbf80000)
 ParOldGen       total 73728K, used 38845K [0x00000000c2a00000, 0x00000000c7200000, 0x00000000eb900000)
  object space 73728K, 52% used [0x00000000c2a00000,0x00000000c4fef788,0x00000000c7200000)
 Metaspace       used 22180K, capacity 22634K, committed 22784K, reserved 1069056K
  class space    used 2408K, capacity 2545K, committed 2560K, reserved 1048576K
}
Event: 34.122 GC heap before
{Heap before GC invocations=14 (full 2):
 PSYoungGen      total 236032K, used 235894K [0x00000000eb900000, 0x00000000fbf80000, 0x0000000100000000)
  eden space 230912K, 100% used [0x00000000eb900000,0x00000000f9a80000,0x00000000f9a80000)
  from space 5120K, 97% used [0x00000000f9b80000,0x00000000fa05d948,0x00000000fa080000)
  to   space 18944K, 0% used [0x00000000fad00000,0x00000000fad00000,0x00000000fbf80000)
 ParOldGen       total 73728K, used 38845K [0x00000000c2a00000, 0x00000000c7200000, 0x00000000eb900000)
  object space 73728K, 52% used [0x00000000c2a00000,0x00000000c4fef788,0x00000000c7200000)
 Metaspace       used 23116K, capacity 23802K, committed 23936K, reserved 1071104K
  class space    used 2478K, capacity 2671K, committed 2688K, reserved 1048576K

