# JRE version: Java(TM) SE Runtime Environment (8.0_201-b09) (build 1.8.0_201-b09)
# Java VM: Java HotSpot(TM) 64-Bit Server VM (25.201-b09 mixed mode linux-amd64 compressed oops)
Heap:
 PSYoungGen      total 49152K, used 2602K [0x00000000eb900000, 0x00000000ef700000, 0x0000000100000000)
  eden space 44544K, 0% used [0x00000000eb900000,0x00000000eb900000,0x00000000ee480000)
  from space 4608K, 56% used [0x00000000eee00000,0x00000000ef08a970,0x00000000ef280000)
  to   space 3584K, 0% used [0x00000000ef380000,0x00000000ef380000,0x00000000ef700000)
 ParOldGen       total 42496K, used 10270K [0x00000000c2a00000, 0x00000000c5380000, 0x00000000eb900000)
  object space 42496K, 24% used [0x00000000c2a00000,0x00000000c34079f0,0x00000000c5380000)
 Metaspace       used 14980K, capacity 15438K, committed 15744K, reserved 1062912K
  class space    used 1665K, capacity 1809K, committed 1920K, reserved 1048576K
GC Heap History (10 events):
Event: 35.086 GC heap after
Heap after GC invocations=7 (full 1):
 PSYoungGen      total 16384K, used 2534K [0x00000000eb900000, 0x00000000ee100000, 0x0000000100000000)
  eden space 13824K, 0% used [0x00000000eb900000,0x00000000eb900000,0x00000000ec680000)
  from space 2560K, 98% used [0x00000000ecb00000,0x00000000ecd79820,0x00000000ecd80000)
  to   space 4608K, 0% used [0x00000000ec680000,0x00000000ec680000,0x00000000ecb00000)
 ParOldGen       total 42496K, used 5225K [0x00000000c2a00000, 0x00000000c5380000, 0x00000000eb900000)
  object space 42496K, 12% used [0x00000000c2a00000,0x00000000c2f1a610,0x00000000c5380000)
 Metaspace       used 14015K, capacity 14432K, committed 14592K, reserved 1062912K
  class space    used 1604K, capacity 1715K, committed 1792K, reserved 1048576K
}
Event: 35.361 GC heap before
{Heap before GC invocations=8 (full 1):
 PSYoungGen      total 16384K, used 16358K [0x00000000eb900000, 0x00000000ee100000, 0x0000000100000000)
  eden space 13824K, 100% used [0x00000000eb900000,0x00000000ec680000,0x00000000ec680000)
  from space 2560K, 98% used [0x00000000ecb00000,0x00000000ecd79820,0x00000000ecd80000)
  to   space 4608K, 0% used [0x00000000ec680000,0x00000000ec680000,0x00000000ecb00000)
 ParOldGen       total 42496K, used 5225K [0x00000000c2a00000, 0x00000000c5380000, 0x00000000eb900000)
  object space 42496K, 12% used [0x00000000c2a00000,0x00000000c2f1a610,0x00000000c5380000)
 Metaspace       used 14043K, capacity 14432K, committed 14592K, reserved 1062912K
  class space    used 1604K, capacity 1715K, committed 1792K, reserved 1048576K
Event: 35.377 GC heap after
Heap after GC invocations=8 (full 1):
 PSYoungGen      total 18432K, used 2838K [0x00000000eb900000, 0x00000000edd00000, 0x0000000100000000)
  eden space 13824K, 0% used [0x00000000eb900000,0x00000000eb900000,0x00000000ec680000)
  from space 4608K, 61% used [0x00000000ec680000,0x00000000ec945810,0x00000000ecb00000)
  to   space 4608K, 0% used [0x00000000ed880000,0x00000000ed880000,0x00000000edd00000)
 ParOldGen       total 42496K, used 5225K [0x00000000c2a00000, 0x00000000c5380000, 0x00000000eb900000)
  object space 42496K, 12% used [0x00000000c2a00000,0x00000000c2f1a610,0x00000000c5380000)
 Metaspace       used 14043K, capacity 14432K, committed 14592K, reserved 1062912K
  class space    used 1604K, capacity 1715K, committed 1792K, reserved 1048576K
}
Event: 35.682 GC heap before
{Heap before GC invocations=9 (full 1):
 PSYoungGen      total 18432K, used 16662K [0x00000000eb900000, 0x00000000edd00000, 0x0000000100000000)
  eden space 13824K, 100% used [0x00000000eb900000,0x00000000ec680000,0x00000000ec680000)
  from space 4608K, 61% used [0x00000000ec680000,0x00000000ec945810,0x00000000ecb00000)
  to   space 4608K, 0% used [0x00000000ed880000,0x00000000ed880000,0x00000000edd00000)
 ParOldGen       total 42496K, used 5225K [0x00000000c2a00000, 0x00000000c5380000, 0x00000000eb900000)
  object space 42496K, 12% used [0x00000000c2a00000,0x00000000c2f1a610,0x00000000c5380000)
 Metaspace       used 14066K, capacity 14496K, committed 14848K, reserved 1062912K
  class space    used 1604K, capacity 1715K, committed 1792K, reserved 1048576K
Event: 35.698 GC heap after
Heap after GC invocations=9 (full 1):
 PSYoungGen      total 32256K, used 2048K [0x00000000eb900000, 0x00000000edd00000, 0x0000000100000000)
  eden space 27648K, 0% used [0x00000000eb900000,0x00000000eb900000,0x00000000ed400000)
  from space 4608K, 44% used [0x00000000ed880000,0x00000000eda80000,0x00000000edd00000)
  to   space 4608K, 0% used [0x00000000ed400000,0x00000000ed400000,0x00000000ed880000)
 ParOldGen       total 42496K, used 6559K [0x00000000c2a00000, 0x00000000c5380000, 0x00000000eb900000)
  object space 42496K, 15% used [0x00000000c2a00000,0x00000000c3067df0,0x00000000c5380000)
 Metaspace       used 14066K, capacity 14496K, committed 14848K, reserved 1062912K
  class space    used 1604K, capacity 1715K, committed 1792K, reserved 1048576K
}
Event: 43.156 GC heap before
{Heap before GC invocations=10 (full 1):
 PSYoungGen      total 32256K, used 29696K [0x00000000eb900000, 0x00000000edd00000, 0x0000000100000000)
  eden space 27648K, 100% used [0x00000000eb900000,0x00000000ed400000,0x00000000ed400000)
  from space 4608K, 44% used [0x00000000ed880000,0x00000000eda80000,0x00000000edd00000)
  to   space 4608K, 0% used [0x00000000ed400000,0x00000000ed400000,0x00000000ed880000)
 ParOldGen       total 42496K, used 6559K [0x00000000c2a00000, 0x00000000c5380000, 0x00000000eb900000)
  object space 42496K, 15% used [0x00000000c2a00000,0x00000000c3067df0,0x00000000c5380000)
 Metaspace       used 14701K, capacity 15190K, committed 15488K, reserved 1062912K
  class space    used 1653K, capacity 1801K, committed 1920K, reserved 1048576K
Event: 43.181 GC heap after
Heap after GC invocations=10 (full 1):
 PSYoungGen      total 32256K, used 3968K [0x00000000eb900000, 0x00000000ef800000, 0x0000000100000000)
  eden space 27648K, 0% used [0x00000000eb900000,0x00000000eb900000,0x00000000ed400000)
  from space 4608K, 86% used [0x00000000ed400000,0x00000000ed7e0010,0x00000000ed880000)
  to   space 4608K, 0% used [0x00000000ef380000,0x00000000ef380000,0x00000000ef800000)
 ParOldGen       total 42496K, used 7059K [0x00000000c2a00000, 0x00000000c5380000, 0x00000000eb900000)
  object space 42496K, 16% used [0x00000000c2a00000,0x00000000c30e4e00,0x00000000c5380000)
 Metaspace       used 14701K, capacity 15190K, committed 15488K, reserved 1062912K
  class space    used 1653K, capacity 1801K, committed 1920K, reserved 1048576K
}
Event: 70.933 GC heap before
{Heap before GC invocations=11 (full 1):
 PSYoungGen      total 32256K, used 31616K [0x00000000eb900000, 0x00000000ef800000, 0x0000000100000000)
  eden space 27648K, 100% used [0x00000000eb900000,0x00000000ed400000,0x00000000ed400000)
  from space 4608K, 86% used [0x00000000ed400000,0x00000000ed7e0010,0x00000000ed880000)
  to   space 4608K, 0% used [0x00000000ef380000,0x00000000ef380000,0x00000000ef800000)
 ParOldGen       total 42496K, used 7059K [0x00000000c2a00000, 0x00000000c5380000, 0x00000000eb900000)
  object space 42496K, 16% used [0x00000000c2a00000,0x00000000c30e4e00,0x00000000c5380000)
 Metaspace       used 14768K, capacity 15222K, committed 15488K, reserved 1062912K
  class space    used 1657K, capacity 1805K, committed 1920K, reserved 1048576K
Event: 71.082 GC heap after
Heap after GC invocations=11 (full 1):
 PSYoungGen      total 48128K, used 3084K [0x00000000eb900000, 0x00000000ef700000, 0x0000000100000000)
  eden space 44544K, 0% used [0x00000000eb900000,0x00000000eb900000,0x00000000ee480000)
  from space 3584K, 86% used [0x00000000ef380000,0x00000000ef683030,0x00000000ef700000)
  to   space 4608K, 0% used [0x00000000eee00000,0x00000000eee00000,0x00000000ef280000)
 ParOldGen       total 42496K, used 7971K [0x00000000c2a00000, 0x00000000c5380000, 0x00000000eb900000)
  object space 42496K, 18% used [0x00000000c2a00000,0x00000000c31c8e10,0x00000000c5380000)
 Metaspace       used 14768K, capacity 15222K, committed 15488K, reserved 1062912K
  class space    used 1657K, capacity 1805K, committed 1920K, reserved 1048576K
}
Event: 133.384 GC heap before
{Heap before GC invocations=12 (full 1):
 PSYoungGen      total 48128K, used 47628K [0x00000000eb900000, 0x00000000ef700000, 0x0000000100000000)
  eden space 44544K, 100% used [0x00000000eb900000,0x00000000ee480000,0x00000000ee480000)
  from space 3584K, 86% used [0x00000000ef380000,0x00000000ef683030,0x00000000ef700000)
  to   space 4608K, 0% used [0x00000000eee00000,0x00000000eee00000,0x00000000ef280000)
 ParOldGen       total 42496K, used 7971K [0x00000000c2a00000, 0x00000000c5380000, 0x00000000eb900000)
  object space 42496K, 18% used [0x00000000c2a00000,0x00000000c31c8e10,0x00000000c5380000)
 Metaspace       used 14980K, capacity 15438K, committed 15744K, reserved 1062912K
  class space    used 1665K, capacity 1809K, committed 1920K, reserved 1048576K

