# JRE version: Java(TM) SE Runtime Environment (8.0_201-b09) (build 1.8.0_201-b09)
# Java VM: Java HotSpot(TM) 64-Bit Server VM (25.201-b09 mixed mode linux-amd64 compressed oops)
Heap:
 PSYoungGen      total 155648K, used 320K [0x00000000eb900000, 0x00000000f7280000, 0x0000000100000000)
  eden space 150016K, 0% used [0x00000000eb900000,0x00000000eb900000,0x00000000f4b80000)
  from space 5632K, 5% used [0x00000000f4b80000,0x00000000f4bd0000,0x00000000f5100000)
  to   space 5632K, 0% used [0x00000000f5100000,0x00000000f5100000,0x00000000f5680000)
 ParOldGen       total 42496K, used 9529K [0x00000000c2a00000, 0x00000000c5380000, 0x00000000eb900000)
  object space 42496K, 22% used [0x00000000c2a00000,0x00000000c334e4d8,0x00000000c5380000)
 Metaspace       used 13742K, capacity 14148K, committed 14336K, reserved 1062912K
  class space    used 1591K, capacity 1708K, committed 1792K, reserved 1048576K
GC Heap History (10 events):
Event: 44.571 GC heap after
Heap after GC invocations=9 (full 1):
 PSYoungGen      total 63488K, used 480K [0x00000000eb900000, 0x00000000efc00000, 0x0000000100000000)
  eden space 58368K, 0% used [0x00000000eb900000,0x00000000eb900000,0x00000000ef200000)
  from space 5120K, 9% used [0x00000000ef700000,0x00000000ef778000,0x00000000efc00000)
  to   space 5120K, 0% used [0x00000000ef200000,0x00000000ef200000,0x00000000ef700000)
 ParOldGen       total 42496K, used 8997K [0x00000000c2a00000, 0x00000000c5380000, 0x00000000eb900000)
  object space 42496K, 21% used [0x00000000c2a00000,0x00000000c32c94b8,0x00000000c5380000)
 Metaspace       used 13729K, capacity 14148K, committed 14336K, reserved 1062912K
  class space    used 1591K, capacity 1708K, committed 1792K, reserved 1048576K
}
Event: 44.890 GC heap before
{Heap before GC invocations=10 (full 1):
 PSYoungGen      total 63488K, used 58848K [0x00000000eb900000, 0x00000000efc00000, 0x0000000100000000)
  eden space 58368K, 100% used [0x00000000eb900000,0x00000000ef200000,0x00000000ef200000)
  from space 5120K, 9% used [0x00000000ef700000,0x00000000ef778000,0x00000000efc00000)
  to   space 5120K, 0% used [0x00000000ef200000,0x00000000ef200000,0x00000000ef700000)
 ParOldGen       total 42496K, used 8997K [0x00000000c2a00000, 0x00000000c5380000, 0x00000000eb900000)
  object space 42496K, 21% used [0x00000000c2a00000,0x00000000c32c94b8,0x00000000c5380000)
 Metaspace       used 13729K, capacity 14148K, committed 14336K, reserved 1062912K
  class space    used 1591K, capacity 1708K, committed 1792K, reserved 1048576K
Event: 44.892 GC heap after
Heap after GC invocations=10 (full 1):
 PSYoungGen      total 63488K, used 128K [0x00000000eb900000, 0x00000000f3600000, 0x0000000100000000)
  eden space 58368K, 0% used [0x00000000eb900000,0x00000000eb900000,0x00000000ef200000)
  from space 5120K, 2% used [0x00000000ef200000,0x00000000ef220000,0x00000000ef700000)
  to   space 5632K, 0% used [0x00000000f3080000,0x00000000f3080000,0x00000000f3600000)
 ParOldGen       total 42496K, used 9385K [0x00000000c2a00000, 0x00000000c5380000, 0x00000000eb900000)
  object space 42496K, 22% used [0x00000000c2a00000,0x00000000c332a4d8,0x00000000c5380000)
 Metaspace       used 13729K, capacity 14148K, committed 14336K, reserved 1062912K
  class space    used 1591K, capacity 1708K, committed 1792K, reserved 1048576K
}
Event: 45.124 GC heap before
{Heap before GC invocations=11 (full 1):
 PSYoungGen      total 63488K, used 58496K [0x00000000eb900000, 0x00000000f3600000, 0x0000000100000000)
  eden space 58368K, 100% used [0x00000000eb900000,0x00000000ef200000,0x00000000ef200000)
  from space 5120K, 2% used [0x00000000ef200000,0x00000000ef220000,0x00000000ef700000)
  to   space 5632K, 0% used [0x00000000f3080000,0x00000000f3080000,0x00000000f3600000)
 ParOldGen       total 42496K, used 9385K [0x00000000c2a00000, 0x00000000c5380000, 0x00000000eb900000)
  object space 42496K, 22% used [0x00000000c2a00000,0x00000000c332a4d8,0x00000000c5380000)
 Metaspace       used 13729K, capacity 14148K, committed 14336K, reserved 1062912K
  class space    used 1591K, capacity 1708K, committed 1792K, reserved 1048576K
Event: 45.133 GC heap after
Heap after GC invocations=11 (full 1):
 PSYoungGen      total 94208K, used 96K [0x00000000eb900000, 0x00000000f3100000, 0x0000000100000000)
  eden space 93696K, 0% used [0x00000000eb900000,0x00000000eb900000,0x00000000f1480000)
  from space 512K, 18% used [0x00000000f3080000,0x00000000f3098000,0x00000000f3100000)
  to   space 5632K, 0% used [0x00000000f2600000,0x00000000f2600000,0x00000000f2b80000)
 ParOldGen       total 42496K, used 9417K [0x00000000c2a00000, 0x00000000c5380000, 0x00000000eb900000)
  object space 42496K, 22% used [0x00000000c2a00000,0x00000000c33324d8,0x00000000c5380000)
 Metaspace       used 13729K, capacity 14148K, committed 14336K, reserved 1062912K
  class space    used 1591K, capacity 1708K, committed 1792K, reserved 1048576K
}
Event: 45.824 GC heap before
{Heap before GC invocations=12 (full 1):
 PSYoungGen      total 94208K, used 93792K [0x00000000eb900000, 0x00000000f3100000, 0x0000000100000000)
  eden space 93696K, 100% used [0x00000000eb900000,0x00000000f1480000,0x00000000f1480000)
  from space 512K, 18% used [0x00000000f3080000,0x00000000f3098000,0x00000000f3100000)
  to   space 5632K, 0% used [0x00000000f2600000,0x00000000f2600000,0x00000000f2b80000)
 ParOldGen       total 42496K, used 9417K [0x00000000c2a00000, 0x00000000c5380000, 0x00000000eb900000)
  object space 42496K, 22% used [0x00000000c2a00000,0x00000000c33324d8,0x00000000c5380000)
 Metaspace       used 13740K, capacity 14148K, committed 14336K, reserved 1062912K
  class space    used 1591K, capacity 1708K, committed 1792K, reserved 1048576K
Event: 45.826 GC heap after
Heap after GC invocations=12 (full 1):
 PSYoungGen      total 117248K, used 128K [0x00000000eb900000, 0x00000000f5680000, 0x0000000100000000)
  eden space 111616K, 0% used [0x00000000eb900000,0x00000000eb900000,0x00000000f2600000)
  from space 5632K, 2% used [0x00000000f2600000,0x00000000f2620000,0x00000000f2b80000)
  to   space 5632K, 0% used [0x00000000f5100000,0x00000000f5100000,0x00000000f5680000)
 ParOldGen       total 42496K, used 9449K [0x00000000c2a00000, 0x00000000c5380000, 0x00000000eb900000)
  object space 42496K, 22% used [0x00000000c2a00000,0x00000000c333a4d8,0x00000000c5380000)
 Metaspace       used 13740K, capacity 14148K, committed 14336K, reserved 1062912K
  class space    used 1591K, capacity 1708K, committed 1792K, reserved 1048576K
}
Event: 46.744 GC heap before
{Heap before GC invocations=13 (full 1):
 PSYoungGen      total 117248K, used 111744K [0x00000000eb900000, 0x00000000f5680000, 0x0000000100000000)
  eden space 111616K, 100% used [0x00000000eb900000,0x00000000f2600000,0x00000000f2600000)
  from space 5632K, 2% used [0x00000000f2600000,0x00000000f2620000,0x00000000f2b80000)
  to   space 5632K, 0% used [0x00000000f5100000,0x00000000f5100000,0x00000000f5680000)
 ParOldGen       total 42496K, used 9449K [0x00000000c2a00000, 0x00000000c5380000, 0x00000000eb900000)
  object space 42496K, 22% used [0x00000000c2a00000,0x00000000c333a4d8,0x00000000c5380000)
 Metaspace       used 13741K, capacity 14148K, committed 14336K, reserved 1062912K
  class space    used 1591K, capacity 1708K, committed 1792K, reserved 1048576K
Event: 46.745 GC heap after
Heap after GC invocations=13 (full 1):
 PSYoungGen      total 155648K, used 192K [0x00000000eb900000, 0x00000000f7280000, 0x0000000100000000)
  eden space 150016K, 0% used [0x00000000eb900000,0x00000000eb900000,0x00000000f4b80000)
  from space 5632K, 3% used [0x00000000f5100000,0x00000000f5130000,0x00000000f5680000)
  to   space 5632K, 0% used [0x00000000f4b80000,0x00000000f4b80000,0x00000000f5100000)
 ParOldGen       total 42496K, used 9489K [0x00000000c2a00000, 0x00000000c5380000, 0x00000000eb900000)
  object space 42496K, 22% used [0x00000000c2a00000,0x00000000c33444d8,0x00000000c5380000)
 Metaspace       used 13741K, capacity 14148K, committed 14336K, reserved 1062912K
  class space    used 1591K, capacity 1708K, committed 1792K, reserved 1048576K
}
Event: 47.963 GC heap before
{Heap before GC invocations=14 (full 1):
 PSYoungGen      total 155648K, used 150208K [0x00000000eb900000, 0x00000000f7280000, 0x0000000100000000)
  eden space 150016K, 100% used [0x00000000eb900000,0x00000000f4b80000,0x00000000f4b80000)
  from space 5632K, 3% used [0x00000000f5100000,0x00000000f5130000,0x00000000f5680000)
  to   space 5632K, 0% used [0x00000000f4b80000,0x00000000f4b80000,0x00000000f5100000)
 ParOldGen       total 42496K, used 9489K [0x00000000c2a00000, 0x00000000c5380000, 0x00000000eb900000)
  object space 42496K, 22% used [0x00000000c2a00000,0x00000000c33444d8,0x00000000c5380000)
 Metaspace       used 13742K, capacity 14148K, committed 14336K, reserved 1062912K
  class space    used 1591K, capacity 1708K, committed 1792K, reserved 1048576K

