# JRE version: Java(TM) SE Runtime Environment (8.0_201-b09) (build 1.8.0_201-b09)
# Java VM: Java HotSpot(TM) 64-Bit Server VM (25.201-b09 mixed mode linux-amd64 compressed oops)
Heap:
 PSYoungGen      total 18432K, used 2966K [0x00000000eb900000, 0x00000000ed180000, 0x0000000100000000)
  eden space 13824K, 0% used [0x00000000eb900000,0x00000000eb900000,0x00000000ec680000)
  from space 4608K, 64% used [0x00000000ec680000,0x00000000ec965810,0x00000000ecb00000)
  to   space 2560K, 0% used [0x00000000ecb00000,0x00000000ecb00000,0x00000000ecd80000)
 ParOldGen       total 42496K, used 4301K [0x00000000c2a00000, 0x00000000c5380000, 0x00000000eb900000)
  object space 42496K, 10% used [0x00000000c2a00000,0x00000000c2e336a8,0x00000000c5380000)
 Metaspace       used 14498K, capacity 15038K, committed 15232K, reserved 1062912K
  class space    used 1666K, capacity 1835K, committed 1920K, reserved 1048576K
GC Heap History (10 events):
Event: 2.250 GC heap after
Heap after GC invocations=3 (full 1):
 PSYoungGen      total 18432K, used 0K [0x00000000eb900000, 0x00000000ecd80000, 0x0000000100000000)
  eden space 15872K, 0% used [0x00000000eb900000,0x00000000eb900000,0x00000000ec880000)
  from space 2560K, 0% used [0x00000000ecb00000,0x00000000ecb00000,0x00000000ecd80000)
  to   space 2560K, 0% used [0x00000000ec880000,0x00000000ec880000,0x00000000ecb00000)
 ParOldGen       total 42496K, used 2677K [0x00000000c2a00000, 0x00000000c5380000, 0x00000000eb900000)
  object space 42496K, 6% used [0x00000000c2a00000,0x00000000c2c9d788,0x00000000c5380000)
 Metaspace       used 10161K, capacity 10306K, committed 10624K, reserved 1058816K
  class space    used 1225K, capacity 1285K, committed 1408K, reserved 1048576K
}
Event: 25.220 GC heap before
{Heap before GC invocations=4 (full 1):
 PSYoungGen      total 18432K, used 15872K [0x00000000eb900000, 0x00000000ecd80000, 0x0000000100000000)
  eden space 15872K, 100% used [0x00000000eb900000,0x00000000ec880000,0x00000000ec880000)
  from space 2560K, 0% used [0x00000000ecb00000,0x00000000ecb00000,0x00000000ecd80000)
  to   space 2560K, 0% used [0x00000000ec880000,0x00000000ec880000,0x00000000ecb00000)
 ParOldGen       total 42496K, used 2677K [0x00000000c2a00000, 0x00000000c5380000, 0x00000000eb900000)
  object space 42496K, 6% used [0x00000000c2a00000,0x00000000c2c9d788,0x00000000c5380000)
 Metaspace       used 13474K, capacity 13862K, committed 14080K, reserved 1060864K
  class space    used 1582K, capacity 1704K, committed 1792K, reserved 1048576K
Event: 25.229 GC heap after
Heap after GC invocations=4 (full 1):
 PSYoungGen      total 18432K, used 2546K [0x00000000eb900000, 0x00000000ecd80000, 0x0000000100000000)
  eden space 15872K, 0% used [0x00000000eb900000,0x00000000eb900000,0x00000000ec880000)
  from space 2560K, 99% used [0x00000000ec880000,0x00000000ecafcb78,0x00000000ecb00000)
  to   space 2560K, 0% used [0x00000000ecb00000,0x00000000ecb00000,0x00000000ecd80000)
 ParOldGen       total 42496K, used 3587K [0x00000000c2a00000, 0x00000000c5380000, 0x00000000eb900000)
  object space 42496K, 8% used [0x00000000c2a00000,0x00000000c2d80e38,0x00000000c5380000)
 Metaspace       used 13474K, capacity 13862K, committed 14080K, reserved 1060864K
  class space    used 1582K, capacity 1704K, committed 1792K, reserved 1048576K
}
Event: 26.465 GC heap before
{Heap before GC invocations=5 (full 1):
 PSYoungGen      total 18432K, used 18418K [0x00000000eb900000, 0x00000000ecd80000, 0x0000000100000000)
  eden space 15872K, 100% used [0x00000000eb900000,0x00000000ec880000,0x00000000ec880000)
  from space 2560K, 99% used [0x00000000ec880000,0x00000000ecafcb78,0x00000000ecb00000)
  to   space 2560K, 0% used [0x00000000ecb00000,0x00000000ecb00000,0x00000000ecd80000)
 ParOldGen       total 42496K, used 3587K [0x00000000c2a00000, 0x00000000c5380000, 0x00000000eb900000)
  object space 42496K, 8% used [0x00000000c2a00000,0x00000000c2d80e38,0x00000000c5380000)
 Metaspace       used 13622K, capacity 13996K, committed 14336K, reserved 1062912K
  class space    used 1585K, capacity 1705K, committed 1792K, reserved 1048576K
Event: 26.483 GC heap after
Heap after GC invocations=5 (full 1):
 PSYoungGen      total 18432K, used 2144K [0x00000000eb900000, 0x00000000ecd80000, 0x0000000100000000)
  eden space 15872K, 0% used [0x00000000eb900000,0x00000000eb900000,0x00000000ec880000)
  from space 2560K, 83% used [0x00000000ecb00000,0x00000000ecd18020,0x00000000ecd80000)
  to   space 2560K, 0% used [0x00000000ec880000,0x00000000ec880000,0x00000000ecb00000)
 ParOldGen       total 42496K, used 3595K [0x00000000c2a00000, 0x00000000c5380000, 0x00000000eb900000)
  object space 42496K, 8% used [0x00000000c2a00000,0x00000000c2d82e38,0x00000000c5380000)
 Metaspace       used 13622K, capacity 13996K, committed 14336K, reserved 1062912K
  class space    used 1585K, capacity 1705K, committed 1792K, reserved 1048576K
}
Event: 27.164 GC heap before
{Heap before GC invocations=6 (full 1):
 PSYoungGen      total 18432K, used 18016K [0x00000000eb900000, 0x00000000ecd80000, 0x0000000100000000)
  eden space 15872K, 100% used [0x00000000eb900000,0x00000000ec880000,0x00000000ec880000)
  from space 2560K, 83% used [0x00000000ecb00000,0x00000000ecd18020,0x00000000ecd80000)
  to   space 2560K, 0% used [0x00000000ec880000,0x00000000ec880000,0x00000000ecb00000)
 ParOldGen       total 42496K, used 3595K [0x00000000c2a00000, 0x00000000c5380000, 0x00000000eb900000)
  object space 42496K, 8% used [0x00000000c2a00000,0x00000000c2d82e38,0x00000000c5380000)
 Metaspace       used 13650K, capacity 14002K, committed 14336K, reserved 1062912K
  class space    used 1585K, capacity 1706K, committed 1792K, reserved 1048576K
Event: 27.169 GC heap after
Heap after GC invocations=6 (full 1):
 PSYoungGen      total 18432K, used 2240K [0x00000000eb900000, 0x00000000ecd80000, 0x0000000100000000)
  eden space 15872K, 0% used [0x00000000eb900000,0x00000000eb900000,0x00000000ec880000)
  from space 2560K, 87% used [0x00000000ec880000,0x00000000ecab0020,0x00000000ecb00000)
  to   space 2560K, 0% used [0x00000000ecb00000,0x00000000ecb00000,0x00000000ecd80000)
 ParOldGen       total 42496K, used 3595K [0x00000000c2a00000, 0x00000000c5380000, 0x00000000eb900000)
  object space 42496K, 8% used [0x00000000c2a00000,0x00000000c2d82e38,0x00000000c5380000)
 Metaspace       used 13650K, capacity 14002K, committed 14336K, reserved 1062912K
  class space    used 1585K, capacity 1706K, committed 1792K, reserved 1048576K
}
Event: 29.531 GC heap before
{Heap before GC invocations=7 (full 1):
 PSYoungGen      total 18432K, used 18112K [0x00000000eb900000, 0x00000000ecd80000, 0x0000000100000000)
  eden space 15872K, 100% used [0x00000000eb900000,0x00000000ec880000,0x00000000ec880000)
  from space 2560K, 87% used [0x00000000ec880000,0x00000000ecab0020,0x00000000ecb00000)
  to   space 2560K, 0% used [0x00000000ecb00000,0x00000000ecb00000,0x00000000ecd80000)
 ParOldGen       total 42496K, used 3595K [0x00000000c2a00000, 0x00000000c5380000, 0x00000000eb900000)
  object space 42496K, 8% used [0x00000000c2a00000,0x00000000c2d82e38,0x00000000c5380000)
 Metaspace       used 14412K, capacity 14948K, committed 15104K, reserved 1062912K
  class space    used 1659K, capacity 1768K, committed 1792K, reserved 1048576K
Event: 29.542 GC heap after
Heap after GC invocations=7 (full 1):
 PSYoungGen      total 16384K, used 2560K [0x00000000eb900000, 0x00000000ed180000, 0x0000000100000000)
  eden space 13824K, 0% used [0x00000000eb900000,0x00000000eb900000,0x00000000ec680000)
  from space 2560K, 100% used [0x00000000ecb00000,0x00000000ecd80000,0x00000000ecd80000)
  to   space 4608K, 0% used [0x00000000ec680000,0x00000000ec680000,0x00000000ecb00000)
 ParOldGen       total 42496K, used 4293K [0x00000000c2a00000, 0x00000000c5380000, 0x00000000eb900000)
  object space 42496K, 10% used [0x00000000c2a00000,0x00000000c2e316a8,0x00000000c5380000)
 Metaspace       used 14412K, capacity 14948K, committed 15104K, reserved 1062912K
  class space    used 1659K, capacity 1768K, committed 1792K, reserved 1048576K
}
Event: 41.536 GC heap before
{Heap before GC invocations=8 (full 1):
 PSYoungGen      total 16384K, used 16384K [0x00000000eb900000, 0x00000000ed180000, 0x0000000100000000)
  eden space 13824K, 100% used [0x00000000eb900000,0x00000000ec680000,0x00000000ec680000)
  from space 2560K, 100% used [0x00000000ecb00000,0x00000000ecd80000,0x00000000ecd80000)
  to   space 4608K, 0% used [0x00000000ec680000,0x00000000ec680000,0x00000000ecb00000)
 ParOldGen       total 42496K, used 4293K [0x00000000c2a00000, 0x00000000c5380000, 0x00000000eb900000)
  object space 42496K, 10% used [0x00000000c2a00000,0x00000000c2e316a8,0x00000000c5380000)
 Metaspace       used 14498K, capacity 15038K, committed 15232K, reserved 1062912K
  class space    used 1666K, capacity 1835K, committed 1920K, reserved 1048576K

