# JRE version: Java(TM) SE Runtime Environment (8.0_201-b09) (build 1.8.0_201-b09)
# Java VM: Java HotSpot(TM) 64-Bit Server VM (25.201-b09 mixed mode linux-amd64 compressed oops)
Heap:
 PSYoungGen      total 309248K, used 0K [0x00000000eb900000, 0x0000000100000000, 0x0000000100000000)
  eden space 286720K, 0% used [0x00000000eb900000,0x00000000eb900000,0x00000000fd100000)
  from space 22528K, 0% used [0x00000000fd100000,0x00000000fd100000,0x00000000fe700000)
  to   space 22528K, 0% used [0x00000000fea00000,0x00000000fea00000,0x0000000100000000)
 ParOldGen       total 80384K, used 42367K [0x00000000c2a00000, 0x00000000c7880000, 0x00000000eb900000)
  object space 80384K, 52% used [0x00000000c2a00000,0x00000000c535fc68,0x00000000c7880000)
 Metaspace       used 28479K, capacity 29200K, committed 30976K, reserved 1077248K
  class space    used 3369K, capacity 3544K, committed 3840K, reserved 1048576K
GC Heap History (10 events):
Event: 47.227 GC heap before
{Heap before GC invocations=18 (full 2):
 PSYoungGen      total 227840K, used 227839K [0x00000000eb900000, 0x00000000fe680000, 0x0000000100000000)
  eden space 209408K, 100% used [0x00000000eb900000,0x00000000f8580000,0x00000000f8580000)
  from space 18432K, 99% used [0x00000000f8580000,0x00000000f977fdf0,0x00000000f9780000)
  to   space 24576K, 0% used [0x00000000fce80000,0x00000000fce80000,0x00000000fe680000)
 ParOldGen       total 61952K, used 36336K [0x00000000c2a00000, 0x00000000c6680000, 0x00000000eb900000)
  object space 61952K, 58% used [0x00000000c2a00000,0x00000000c4d7c3b8,0x00000000c6680000)
 Metaspace       used 29117K, capacity 30432K, committed 30720K, reserved 1077248K
  class space    used 3488K, capacity 3760K, committed 3840K, reserved 1048576K
Event: 47.277 GC heap after
Heap after GC invocations=18 (full 2):
 PSYoungGen      total 285184K, used 8672K [0x00000000eb900000, 0x00000000fe780000, 0x0000000100000000)
  eden space 260608K, 0% used [0x00000000eb900000,0x00000000eb900000,0x00000000fb780000)
  from space 24576K, 35% used [0x00000000fce80000,0x00000000fd6f8000,0x00000000fe680000)
  to   space 23552K, 0% used [0x00000000fb780000,0x00000000fb780000,0x00000000fce80000)
 ParOldGen       total 61952K, used 39345K [0x00000000c2a00000, 0x00000000c6680000, 0x00000000eb900000)
  object space 61952K, 63% used [0x00000000c2a00000,0x00000000c506c738,0x00000000c6680000)
 Metaspace       used 29117K, capacity 30432K, committed 30720K, reserved 1077248K
  class space    used 3488K, capacity 3760K, committed 3840K, reserved 1048576K
}
Event: 49.802 GC heap before
{Heap before GC invocations=19 (full 2):
 PSYoungGen      total 285184K, used 269280K [0x00000000eb900000, 0x00000000fe780000, 0x0000000100000000)
  eden space 260608K, 100% used [0x00000000eb900000,0x00000000fb780000,0x00000000fb780000)
  from space 24576K, 35% used [0x00000000fce80000,0x00000000fd6f8000,0x00000000fe680000)
  to   space 23552K, 0% used [0x00000000fb780000,0x00000000fb780000,0x00000000fce80000)
 ParOldGen       total 61952K, used 39345K [0x00000000c2a00000, 0x00000000c6680000, 0x00000000eb900000)
  object space 61952K, 63% used [0x00000000c2a00000,0x00000000c506c738,0x00000000c6680000)
 Metaspace       used 29352K, capacity 30694K, committed 30976K, reserved 1077248K
  class space    used 3507K, capacity 3793K, committed 3840K, reserved 1048576K
Event: 49.816 GC heap after
Heap after GC invocations=19 (full 2):
 PSYoungGen      total 284160K, used 11760K [0x00000000eb900000, 0x00000000ffd00000, 0x0000000100000000)
  eden space 260608K, 0% used [0x00000000eb900000,0x00000000eb900000,0x00000000fb780000)
  from space 23552K, 49% used [0x00000000fb780000,0x00000000fc2fc2f0,0x00000000fce80000)
  to   space 22528K, 0% used [0x00000000fe700000,0x00000000fe700000,0x00000000ffd00000)
 ParOldGen       total 61952K, used 39353K [0x00000000c2a00000, 0x00000000c6680000, 0x00000000eb900000)
  object space 61952K, 63% used [0x00000000c2a00000,0x00000000c506e738,0x00000000c6680000)
 Metaspace       used 29352K, capacity 30694K, committed 30976K, reserved 1077248K
  class space    used 3507K, capacity 3793K, committed 3840K, reserved 1048576K
}
Event: 52.192 GC heap before
{Heap before GC invocations=20 (full 2):
 PSYoungGen      total 284160K, used 226661K [0x00000000eb900000, 0x00000000ffd00000, 0x0000000100000000)
  eden space 260608K, 82% used [0x00000000eb900000,0x00000000f8add110,0x00000000fb780000)
  from space 23552K, 49% used [0x00000000fb780000,0x00000000fc2fc2f0,0x00000000fce80000)
  to   space 22528K, 0% used [0x00000000fe700000,0x00000000fe700000,0x00000000ffd00000)
 ParOldGen       total 670720K, used 39353K [0x00000000c2a00000, 0x00000000eb900000, 0x00000000eb900000)
  object space 670720K, 5% used [0x00000000c2a00000,0x00000000c506e738,0x00000000eb900000)
 Metaspace       used 29585K, capacity 30970K, committed 30976K, reserved 1077248K
  class space    used 3533K, capacity 3839K, committed 3840K, reserved 1048576K
Event: 52.251 GC heap after
Heap after GC invocations=20 (full 2):
 PSYoungGen      total 309248K, used 14256K [0x00000000eb900000, 0x00000000fff00000, 0x0000000100000000)
  eden space 286720K, 0% used [0x00000000eb900000,0x00000000eb900000,0x00000000fd100000)
  from space 22528K, 63% used [0x00000000fe700000,0x00000000ff4ec010,0x00000000ffd00000)
  to   space 22528K, 0% used [0x00000000fd100000,0x00000000fd100000,0x00000000fe700000)
 ParOldGen       total 670720K, used 39361K [0x00000000c2a00000, 0x00000000eb900000, 0x00000000eb900000)
  object space 670720K, 5% used [0x00000000c2a00000,0x00000000c5070738,0x00000000eb900000)
 Metaspace       used 29585K, capacity 30970K, committed 30976K, reserved 1077248K
  class space    used 3533K, capacity 3839K, committed 3840K, reserved 1048576K
}
Event: 52.251 GC heap before
{Heap before GC invocations=21 (full 2):
 PSYoungGen      total 309248K, used 14256K [0x00000000eb900000, 0x00000000fff00000, 0x0000000100000000)
  eden space 286720K, 0% used [0x00000000eb900000,0x00000000eb900000,0x00000000fd100000)
  from space 22528K, 63% used [0x00000000fe700000,0x00000000ff4ec010,0x00000000ffd00000)
  to   space 22528K, 0% used [0x00000000fd100000,0x00000000fd100000,0x00000000fe700000)
 ParOldGen       total 670720K, used 39361K [0x00000000c2a00000, 0x00000000eb900000, 0x00000000eb900000)
  object space 670720K, 5% used [0x00000000c2a00000,0x00000000c5070738,0x00000000eb900000)
 Metaspace       used 29585K, capacity 30970K, committed 30976K, reserved 1077248K
  class space    used 3533K, capacity 3839K, committed 3840K, reserved 1048576K
Event: 52.323 GC heap after
Heap after GC invocations=21 (full 2):
 PSYoungGen      total 309248K, used 14272K [0x00000000eb900000, 0x0000000100000000, 0x0000000100000000)
  eden space 286720K, 0% used [0x00000000eb900000,0x00000000eb900000,0x00000000fd100000)
  from space 22528K, 63% used [0x00000000fd100000,0x00000000fdef0000,0x00000000fe700000)
  to   space 22528K, 0% used [0x00000000fea00000,0x00000000fea00000,0x0000000100000000)
 ParOldGen       total 670720K, used 39369K [0x00000000c2a00000, 0x00000000eb900000, 0x00000000eb900000)
  object space 670720K, 5% used [0x00000000c2a00000,0x00000000c5072738,0x00000000eb900000)
 Metaspace       used 29585K, capacity 30970K, committed 30976K, reserved 1077248K
  class space    used 3533K, capacity 3839K, committed 3840K, reserved 1048576K
}
Event: 52.323 GC heap before
{Heap before GC invocations=22 (full 3):
 PSYoungGen      total 309248K, used 14272K [0x00000000eb900000, 0x0000000100000000, 0x0000000100000000)
  eden space 286720K, 0% used [0x00000000eb900000,0x00000000eb900000,0x00000000fd100000)
  from space 22528K, 63% used [0x00000000fd100000,0x00000000fdef0000,0x00000000fe700000)
  to   space 22528K, 0% used [0x00000000fea00000,0x00000000fea00000,0x0000000100000000)
 ParOldGen       total 670720K, used 39369K [0x00000000c2a00000, 0x00000000eb900000, 0x00000000eb900000)
  object space 670720K, 5% used [0x00000000c2a00000,0x00000000c5072738,0x00000000eb900000)
 Metaspace       used 29585K, capacity 30970K, committed 30976K, reserved 1077248K
  class space    used 3533K, capacity 3839K, committed 3840K, reserved 1048576K
Event: 53.055 GC heap after
Heap after GC invocations=22 (full 3):
 PSYoungGen      total 309248K, used 0K [0x00000000eb900000, 0x0000000100000000, 0x0000000100000000)
  eden space 286720K, 0% used [0x00000000eb900000,0x00000000eb900000,0x00000000fd100000)
  from space 22528K, 0% used [0x00000000fd100000,0x00000000fd100000,0x00000000fe700000)
  to   space 22528K, 0% used [0x00000000fea00000,0x00000000fea00000,0x0000000100000000)
 ParOldGen       total 80384K, used 42367K [0x00000000c2a00000, 0x00000000c7880000, 0x00000000eb900000)
  object space 80384K, 52% used [0x00000000c2a00000,0x00000000c535fc68,0x00000000c7880000)
 Metaspace       used 28479K, capacity 29200K, committed 30976K, reserved 1077248K
  class space    used 3369K, capacity 3544K, committed 3840K, reserved 1048576K
}

