# JRE version: Java(TM) SE Runtime Environment (8.0_201-b09) (build 1.8.0_201-b09)
# Java VM: Java HotSpot(TM) 64-Bit Server VM (25.201-b09 mixed mode linux-amd64 compressed oops)
Heap:
 PSYoungGen      total 198144K, used 20368K [0x00000000eb900000, 0x00000000fad80000, 0x0000000100000000)
  eden space 176640K, 0% used [0x00000000eb900000,0x00000000eb900000,0x00000000f6580000)
  from space 21504K, 94% used [0x00000000f9880000,0x00000000fac64010,0x00000000fad80000)
  to   space 16896K, 0% used [0x00000000f6580000,0x00000000f6580000,0x00000000f7600000)
 ParOldGen       total 75776K, used 50120K [0x00000000c2a00000, 0x00000000c7400000, 0x00000000eb900000)
  object space 75776K, 66% used [0x00000000c2a00000,0x00000000c5af2390,0x00000000c7400000)
 Metaspace       used 23341K, capacity 23984K, committed 24192K, reserved 1071104K
  class space    used 2495K, capacity 2680K, committed 2688K, reserved 1048576K
GC Heap History (10 events):
Event: 15.451 GC heap after
Heap after GC invocations=13 (full 1):
 PSYoungGen      total 167424K, used 10926K [0x00000000eb900000, 0x00000000f8980000, 0x0000000100000000)
  eden space 150016K, 0% used [0x00000000eb900000,0x00000000eb900000,0x00000000f4b80000)
  from space 17408K, 62% used [0x00000000f5c80000,0x00000000f672bbc0,0x00000000f6d80000)
  to   space 17408K, 0% used [0x00000000f4b80000,0x00000000f4b80000,0x00000000f5c80000)
 ParOldGen       total 42496K, used 41551K [0x00000000c2a00000, 0x00000000c5380000, 0x00000000eb900000)
  object space 42496K, 97% used [0x00000000c2a00000,0x00000000c5293fa0,0x00000000c5380000)
 Metaspace       used 20796K, capacity 21182K, committed 21296K, reserved 1069056K
  class space    used 2294K, capacity 2403K, committed 2432K, reserved 1048576K
}
Event: 15.451 GC heap before
{Heap before GC invocations=14 (full 2):
 PSYoungGen      total 167424K, used 10926K [0x00000000eb900000, 0x00000000f8980000, 0x0000000100000000)
  eden space 150016K, 0% used [0x00000000eb900000,0x00000000eb900000,0x00000000f4b80000)
  from space 17408K, 62% used [0x00000000f5c80000,0x00000000f672bbc0,0x00000000f6d80000)
  to   space 17408K, 0% used [0x00000000f4b80000,0x00000000f4b80000,0x00000000f5c80000)
 ParOldGen       total 42496K, used 41551K [0x00000000c2a00000, 0x00000000c5380000, 0x00000000eb900000)
  object space 42496K, 97% used [0x00000000c2a00000,0x00000000c5293fa0,0x00000000c5380000)
 Metaspace       used 20796K, capacity 21182K, committed 21296K, reserved 1069056K
  class space    used 2294K, capacity 2403K, committed 2432K, reserved 1048576K
Event: 16.229 GC heap after
Heap after GC invocations=14 (full 2):
 PSYoungGen      total 167424K, used 0K [0x00000000eb900000, 0x00000000f8980000, 0x0000000100000000)
  eden space 150016K, 0% used [0x00000000eb900000,0x00000000eb900000,0x00000000f4b80000)
  from space 17408K, 0% used [0x00000000f5c80000,0x00000000f5c80000,0x00000000f6d80000)
  to   space 17408K, 0% used [0x00000000f4b80000,0x00000000f4b80000,0x00000000f5c80000)
 ParOldGen       total 75776K, used 38788K [0x00000000c2a00000, 0x00000000c7400000, 0x00000000eb900000)
  object space 75776K, 51% used [0x00000000c2a00000,0x00000000c4fe1248,0x00000000c7400000)
 Metaspace       used 20796K, capacity 21182K, committed 21296K, reserved 1069056K
  class space    used 2294K, capacity 2403K, committed 2432K, reserved 1048576K
}
Event: 19.442 GC heap before
{Heap before GC invocations=15 (full 2):
 PSYoungGen      total 167424K, used 150016K [0x00000000eb900000, 0x00000000f8980000, 0x0000000100000000)
  eden space 150016K, 100% used [0x00000000eb900000,0x00000000f4b80000,0x00000000f4b80000)
  from space 17408K, 0% used [0x00000000f5c80000,0x00000000f5c80000,0x00000000f6d80000)
  to   space 17408K, 0% used [0x00000000f4b80000,0x00000000f4b80000,0x00000000f5c80000)
 ParOldGen       total 75776K, used 38788K [0x00000000c2a00000, 0x00000000c7400000, 0x00000000eb900000)
  object space 75776K, 51% used [0x00000000c2a00000,0x00000000c4fe1248,0x00000000c7400000)
 Metaspace       used 22188K, capacity 22634K, committed 22704K, reserved 1069056K
  class space    used 2407K, capacity 2545K, committed 2560K, reserved 1048576K
Event: 19.456 GC heap after
Heap after GC invocations=15 (full 2):
 PSYoungGen      total 167424K, used 4419K [0x00000000eb900000, 0x00000000f8980000, 0x0000000100000000)
  eden space 150016K, 0% used [0x00000000eb900000,0x00000000eb900000,0x00000000f4b80000)
  from space 17408K, 25% used [0x00000000f4b80000,0x00000000f4fd0e40,0x00000000f5c80000)
  to   space 16896K, 0% used [0x00000000f7900000,0x00000000f7900000,0x00000000f8980000)
 ParOldGen       total 75776K, used 38796K [0x00000000c2a00000, 0x00000000c7400000, 0x00000000eb900000)
  object space 75776K, 51% used [0x00000000c2a00000,0x00000000c4fe3248,0x00000000c7400000)
 Metaspace       used 22188K, capacity 22634K, committed 22704K, reserved 1069056K
  class space    used 2407K, capacity 2545K, committed 2560K, reserved 1048576K
}
Event: 22.123 GC heap before
{Heap before GC invocations=16 (full 2):
 PSYoungGen      total 167424K, used 154435K [0x00000000eb900000, 0x00000000f8980000, 0x0000000100000000)
  eden space 150016K, 100% used [0x00000000eb900000,0x00000000f4b80000,0x00000000f4b80000)
  from space 17408K, 25% used [0x00000000f4b80000,0x00000000f4fd0e40,0x00000000f5c80000)
  to   space 16896K, 0% used [0x00000000f7900000,0x00000000f7900000,0x00000000f8980000)
 ParOldGen       total 75776K, used 38796K [0x00000000c2a00000, 0x00000000c7400000, 0x00000000eb900000)
  object space 75776K, 51% used [0x00000000c2a00000,0x00000000c4fe3248,0x00000000c7400000)
 Metaspace       used 22737K, capacity 23290K, committed 23424K, reserved 1071104K
  class space    used 2446K, capacity 2591K, committed 2688K, reserved 1048576K
Event: 22.151 GC heap after
Heap after GC invocations=16 (full 2):
 PSYoungGen      total 190464K, used 9008K [0x00000000eb900000, 0x00000000f8680000, 0x0000000100000000)
  eden space 176640K, 0% used [0x00000000eb900000,0x00000000eb900000,0x00000000f6580000)
  from space 13824K, 65% used [0x00000000f7900000,0x00000000f81cc030,0x00000000f8680000)
  to   space 16896K, 0% used [0x00000000f6580000,0x00000000f6580000,0x00000000f7600000)
 ParOldGen       total 75776K, used 38804K [0x00000000c2a00000, 0x00000000c7400000, 0x00000000eb900000)
  object space 75776K, 51% used [0x00000000c2a00000,0x00000000c4fe5248,0x00000000c7400000)
 Metaspace       used 22737K, capacity 23290K, committed 23424K, reserved 1071104K
  class space    used 2446K, capacity 2591K, committed 2688K, reserved 1048576K
}
Event: 30.069 GC heap before
{Heap before GC invocations=17 (full 2):
 PSYoungGen      total 190464K, used 185648K [0x00000000eb900000, 0x00000000f8680000, 0x0000000100000000)
  eden space 176640K, 100% used [0x00000000eb900000,0x00000000f6580000,0x00000000f6580000)
  from space 13824K, 65% used [0x00000000f7900000,0x00000000f81cc030,0x00000000f8680000)
  to   space 16896K, 0% used [0x00000000f6580000,0x00000000f6580000,0x00000000f7600000)
 ParOldGen       total 75776K, used 38804K [0x00000000c2a00000, 0x00000000c7400000, 0x00000000eb900000)
  object space 75776K, 51% used [0x00000000c2a00000,0x00000000c4fe5248,0x00000000c7400000)
 Metaspace       used 23221K, capacity 23948K, committed 24192K, reserved 1071104K
  class space    used 2483K, capacity 2674K, committed 2688K, reserved 1048576K
Event: 30.236 GC heap after
Heap after GC invocations=17 (full 2):
 PSYoungGen      total 193536K, used 16892K [0x00000000eb900000, 0x00000000fad80000, 0x0000000100000000)
  eden space 176640K, 0% used [0x00000000eb900000,0x00000000eb900000,0x00000000f6580000)
  from space 16896K, 99% used [0x00000000f6580000,0x00000000f75ff040,0x00000000f7600000)
  to   space 21504K, 0% used [0x00000000f9880000,0x00000000f9880000,0x00000000fad80000)
 ParOldGen       total 75776K, used 44715K [0x00000000c2a00000, 0x00000000c7400000, 0x00000000eb900000)
  object space 75776K, 59% used [0x00000000c2a00000,0x00000000c55aad38,0x00000000c7400000)
 Metaspace       used 23221K, capacity 23948K, committed 24192K, reserved 1071104K
  class space    used 2483K, capacity 2674K, committed 2688K, reserved 1048576K
}
Event: 34.863 GC heap before
{Heap before GC invocations=18 (full 2):
 PSYoungGen      total 193536K, used 193532K [0x00000000eb900000, 0x00000000fad80000, 0x0000000100000000)
  eden space 176640K, 100% used [0x00000000eb900000,0x00000000f6580000,0x00000000f6580000)
  from space 16896K, 99% used [0x00000000f6580000,0x00000000f75ff040,0x00000000f7600000)
  to   space 21504K, 0% used [0x00000000f9880000,0x00000000f9880000,0x00000000fad80000)
 ParOldGen       total 75776K, used 44715K [0x00000000c2a00000, 0x00000000c7400000, 0x00000000eb900000)
  object space 75776K, 59% used [0x00000000c2a00000,0x00000000c55aad38,0x00000000c7400000)
 Metaspace       used 23341K, capacity 23984K, committed 24192K, reserved 1071104K
  class space    used 2495K, capacity 2680K, committed 2688K, reserved 1048576K

