# JRE version: Java(TM) SE Runtime Environment (8.0_201-b09) (build 1.8.0_201-b09)
# Java VM: Java HotSpot(TM) 64-Bit Server VM (25.201-b09 mixed mode linux-amd64 compressed oops)
Heap:
 PSYoungGen      total 63488K, used 5104K [0x00000000eb900000, 0x00000000efc00000, 0x0000000100000000)
  eden space 58368K, 0% used [0x00000000eb900000,0x00000000eb900000,0x00000000ef200000)
  from space 5120K, 99% used [0x00000000ef200000,0x00000000ef6fc020,0x00000000ef700000)
  to   space 5120K, 0% used [0x00000000ef700000,0x00000000ef700000,0x00000000efc00000)
 ParOldGen       total 42496K, used 15379K [0x00000000c2a00000, 0x00000000c5380000, 0x00000000eb900000)
  object space 42496K, 36% used [0x00000000c2a00000,0x00000000c3904f38,0x00000000c5380000)
 Metaspace       used 13572K, capacity 13908K, committed 13952K, reserved 1060864K
  class space    used 1555K, capacity 1658K, committed 1664K, reserved 1048576K
GC Heap History (10 events):
Event: 27.326 GC heap after
Heap after GC invocations=5 (full 1):
 PSYoungGen      total 18432K, used 2544K [0x00000000eb900000, 0x00000000edd00000, 0x0000000100000000)
  eden space 15872K, 0% used [0x00000000eb900000,0x00000000eb900000,0x00000000ec880000)
  from space 2560K, 99% used [0x00000000ecb00000,0x00000000ecd7c010,0x00000000ecd80000)
  to   space 2560K, 0% used [0x00000000ec880000,0x00000000ec880000,0x00000000ecb00000)
 ParOldGen       total 42496K, used 8200K [0x00000000c2a00000, 0x00000000c5380000, 0x00000000eb900000)
  object space 42496K, 19% used [0x00000000c2a00000,0x00000000c32022d0,0x00000000c5380000)
 Metaspace       used 13366K, capacity 13710K, committed 13952K, reserved 1060864K
  class space    used 1554K, capacity 1657K, committed 1664K, reserved 1048576K
}
Event: 27.993 GC heap before
{Heap before GC invocations=6 (full 1):
 PSYoungGen      total 18432K, used 18416K [0x00000000eb900000, 0x00000000edd00000, 0x0000000100000000)
  eden space 15872K, 100% used [0x00000000eb900000,0x00000000ec880000,0x00000000ec880000)
  from space 2560K, 99% used [0x00000000ecb00000,0x00000000ecd7c010,0x00000000ecd80000)
  to   space 2560K, 0% used [0x00000000ec880000,0x00000000ec880000,0x00000000ecb00000)
 ParOldGen       total 42496K, used 8200K [0x00000000c2a00000, 0x00000000c5380000, 0x00000000eb900000)
  object space 42496K, 19% used [0x00000000c2a00000,0x00000000c32022d0,0x00000000c5380000)
 Metaspace       used 13405K, capacity 13774K, committed 13952K, reserved 1060864K
  class space    used 1554K, capacity 1657K, committed 1664K, reserved 1048576K
Event: 28.001 GC heap after
Heap after GC invocations=6 (full 1):
 PSYoungGen      total 18432K, used 2560K [0x00000000eb900000, 0x00000000edd00000, 0x0000000100000000)
  eden space 15872K, 0% used [0x00000000eb900000,0x00000000eb900000,0x00000000ec880000)
  from space 2560K, 100% used [0x00000000ec880000,0x00000000ecb00000,0x00000000ecb00000)
  to   space 2560K, 0% used [0x00000000eda80000,0x00000000eda80000,0x00000000edd00000)
 ParOldGen       total 42496K, used 9280K [0x00000000c2a00000, 0x00000000c5380000, 0x00000000eb900000)
  object space 42496K, 21% used [0x00000000c2a00000,0x00000000c33102f0,0x00000000c5380000)
 Metaspace       used 13405K, capacity 13774K, committed 13952K, reserved 1060864K
  class space    used 1554K, capacity 1657K, committed 1664K, reserved 1048576K
}
Event: 28.359 GC heap before
{Heap before GC invocations=7 (full 1):
 PSYoungGen      total 18432K, used 18432K [0x00000000eb900000, 0x00000000edd00000, 0x0000000100000000)
  eden space 15872K, 100% used [0x00000000eb900000,0x00000000ec880000,0x00000000ec880000)
  from space 2560K, 100% used [0x00000000ec880000,0x00000000ecb00000,0x00000000ecb00000)
  to   space 2560K, 0% used [0x00000000eda80000,0x00000000eda80000,0x00000000edd00000)
 ParOldGen       total 42496K, used 9280K [0x00000000c2a00000, 0x00000000c5380000, 0x00000000eb900000)
  object space 42496K, 21% used [0x00000000c2a00000,0x00000000c33102f0,0x00000000c5380000)
 Metaspace       used 13436K, capacity 13774K, committed 13952K, reserved 1060864K
  class space    used 1554K, capacity 1657K, committed 1664K, reserved 1048576K
Event: 28.393 GC heap after
Heap after GC invocations=7 (full 1):
 PSYoungGen      total 31744K, used 2544K [0x00000000eb900000, 0x00000000ee200000, 0x0000000100000000)
  eden space 29184K, 0% used [0x00000000eb900000,0x00000000eb900000,0x00000000ed580000)
  from space 2560K, 99% used [0x00000000eda80000,0x00000000edcfc010,0x00000000edd00000)
  to   space 5120K, 0% used [0x00000000ed580000,0x00000000ed580000,0x00000000eda80000)
 ParOldGen       total 42496K, used 10246K [0x00000000c2a00000, 0x00000000c5380000, 0x00000000eb900000)
  object space 42496K, 24% used [0x00000000c2a00000,0x00000000c34018f0,0x00000000c5380000)
 Metaspace       used 13436K, capacity 13774K, committed 13952K, reserved 1060864K
  class space    used 1554K, capacity 1657K, committed 1664K, reserved 1048576K
}
Event: 29.336 GC heap before
{Heap before GC invocations=8 (full 1):
 PSYoungGen      total 31744K, used 31728K [0x00000000eb900000, 0x00000000ee200000, 0x0000000100000000)
  eden space 29184K, 100% used [0x00000000eb900000,0x00000000ed580000,0x00000000ed580000)
  from space 2560K, 99% used [0x00000000eda80000,0x00000000edcfc010,0x00000000edd00000)
  to   space 5120K, 0% used [0x00000000ed580000,0x00000000ed580000,0x00000000eda80000)
 ParOldGen       total 42496K, used 10246K [0x00000000c2a00000, 0x00000000c5380000, 0x00000000eb900000)
  object space 42496K, 24% used [0x00000000c2a00000,0x00000000c34018f0,0x00000000c5380000)
 Metaspace       used 13497K, capacity 13844K, committed 13952K, reserved 1060864K
  class space    used 1555K, capacity 1658K, committed 1664K, reserved 1048576K
Event: 29.351 GC heap after
Heap after GC invocations=8 (full 1):
 PSYoungGen      total 34304K, used 4384K [0x00000000eb900000, 0x00000000efc00000, 0x0000000100000000)
  eden space 29184K, 0% used [0x00000000eb900000,0x00000000eb900000,0x00000000ed580000)
  from space 5120K, 85% used [0x00000000ed580000,0x00000000ed9c80a0,0x00000000eda80000)
  to   space 5120K, 0% used [0x00000000ef700000,0x00000000ef700000,0x00000000efc00000)
 ParOldGen       total 42496K, used 10254K [0x00000000c2a00000, 0x00000000c5380000, 0x00000000eb900000)
  object space 42496K, 24% used [0x00000000c2a00000,0x00000000c34038f0,0x00000000c5380000)
 Metaspace       used 13497K, capacity 13844K, committed 13952K, reserved 1060864K
  class space    used 1555K, capacity 1658K, committed 1664K, reserved 1048576K
}
Event: 30.148 GC heap before
{Heap before GC invocations=9 (full 1):
 PSYoungGen      total 34304K, used 33568K [0x00000000eb900000, 0x00000000efc00000, 0x0000000100000000)
  eden space 29184K, 100% used [0x00000000eb900000,0x00000000ed580000,0x00000000ed580000)
  from space 5120K, 85% used [0x00000000ed580000,0x00000000ed9c80a0,0x00000000eda80000)
  to   space 5120K, 0% used [0x00000000ef700000,0x00000000ef700000,0x00000000efc00000)
 ParOldGen       total 42496K, used 10254K [0x00000000c2a00000, 0x00000000c5380000, 0x00000000eb900000)
  object space 42496K, 24% used [0x00000000c2a00000,0x00000000c34038f0,0x00000000c5380000)
 Metaspace       used 13539K, capacity 13908K, committed 13952K, reserved 1060864K
  class space    used 1555K, capacity 1658K, committed 1664K, reserved 1048576K
Event: 30.162 GC heap after
Heap after GC invocations=9 (full 1):
 PSYoungGen      total 63488K, used 4336K [0x00000000eb900000, 0x00000000efc00000, 0x0000000100000000)
  eden space 58368K, 0% used [0x00000000eb900000,0x00000000eb900000,0x00000000ef200000)
  from space 5120K, 84% used [0x00000000ef700000,0x00000000efb3c0b0,0x00000000efc00000)
  to   space 5120K, 0% used [0x00000000ef200000,0x00000000ef200000,0x00000000ef700000)
 ParOldGen       total 42496K, used 12242K [0x00000000c2a00000, 0x00000000c5380000, 0x00000000eb900000)
  object space 42496K, 28% used [0x00000000c2a00000,0x00000000c35f4940,0x00000000c5380000)
 Metaspace       used 13539K, capacity 13908K, committed 13952K, reserved 1060864K
  class space    used 1555K, capacity 1658K, committed 1664K, reserved 1048576K
}
Event: 31.887 GC heap before
{Heap before GC invocations=10 (full 1):
 PSYoungGen      total 63488K, used 62704K [0x00000000eb900000, 0x00000000efc00000, 0x0000000100000000)
  eden space 58368K, 100% used [0x00000000eb900000,0x00000000ef200000,0x00000000ef200000)
  from space 5120K, 84% used [0x00000000ef700000,0x00000000efb3c0b0,0x00000000efc00000)
  to   space 5120K, 0% used [0x00000000ef200000,0x00000000ef200000,0x00000000ef700000)
 ParOldGen       total 42496K, used 12242K [0x00000000c2a00000, 0x00000000c5380000, 0x00000000eb900000)
  object space 42496K, 28% used [0x00000000c2a00000,0x00000000c35f4940,0x00000000c5380000)
 Metaspace       used 13572K, capacity 13908K, committed 13952K, reserved 1060864K
  class space    used 1555K, capacity 1658K, committed 1664K, reserved 1048576K

