# JRE version: Java(TM) SE Runtime Environment (8.0_201-b09) (build 1.8.0_201-b09)
# Java VM: Java HotSpot(TM) 64-Bit Server VM (25.201-b09 mixed mode linux-amd64 compressed oops)
Heap:
 PSYoungGen      total 117248K, used 115988K [0x00000000eb900000, 0x00000000f6b80000, 0x0000000100000000)
  eden space 103424K, 98% used [0x00000000eb900000,0x00000000f1cca2c0,0x00000000f1e00000)
  from space 13824K, 99% used [0x00000000f1e00000,0x00000000f2b7b030,0x00000000f2b80000)
  to   space 19456K, 99% used [0x00000000f5880000,0x00000000f6b7c390,0x00000000f6b80000)
 ParOldGen       total 79360K, used 79355K [0x00000000c2a00000, 0x00000000c7780000, 0x00000000eb900000)
  object space 79360K, 99% used [0x00000000c2a00000,0x00000000c777eef0,0x00000000c7780000)
 Metaspace       used 15122K, capacity 15600K, committed 15744K, reserved 1062912K
  class space    used 1648K, capacity 1816K, committed 1920K, reserved 1048576K
GC Heap History (10 events):
Event: 36.490 GC heap after
Heap after GC invocations=13 (full 1):
 PSYoungGen      total 75264K, used 6044K [0x00000000eb900000, 0x00000000f1a80000, 0x0000000100000000)
  eden space 68608K, 0% used [0x00000000eb900000,0x00000000eb900000,0x00000000efc00000)
  from space 6656K, 90% used [0x00000000f0300000,0x00000000f08e72a8,0x00000000f0980000)
  to   space 7168K, 0% used [0x00000000efc00000,0x00000000efc00000,0x00000000f0300000)
 ParOldGen       total 42496K, used 19156K [0x00000000c2a00000, 0x00000000c5380000, 0x00000000eb900000)
  object space 42496K, 45% used [0x00000000c2a00000,0x00000000c3cb5030,0x00000000c5380000)
 Metaspace       used 14840K, capacity 15292K, committed 15360K, reserved 1062912K
  class space    used 1632K, capacity 1772K, committed 1792K, reserved 1048576K
}
Event: 75.312 GC heap before
{Heap before GC invocations=14 (full 1):
 PSYoungGen      total 75264K, used 74652K [0x00000000eb900000, 0x00000000f1a80000, 0x0000000100000000)
  eden space 68608K, 100% used [0x00000000eb900000,0x00000000efc00000,0x00000000efc00000)
  from space 6656K, 90% used [0x00000000f0300000,0x00000000f08e72a8,0x00000000f0980000)
  to   space 7168K, 0% used [0x00000000efc00000,0x00000000efc00000,0x00000000f0300000)
 ParOldGen       total 42496K, used 19156K [0x00000000c2a00000, 0x00000000c5380000, 0x00000000eb900000)
  object space 42496K, 45% used [0x00000000c2a00000,0x00000000c3cb5030,0x00000000c5380000)
 Metaspace       used 15001K, capacity 15520K, committed 15744K, reserved 1062912K
  class space    used 1643K, capacity 1814K, committed 1920K, reserved 1048576K
Event: 75.419 GC heap after
Heap after GC invocations=14 (full 1):
 PSYoungGen      total 75776K, used 1976K [0x00000000eb900000, 0x00000000f3280000, 0x0000000100000000)
  eden space 68608K, 0% used [0x00000000eb900000,0x00000000eb900000,0x00000000efc00000)
  from space 7168K, 27% used [0x00000000efc00000,0x00000000efdee020,0x00000000f0300000)
  to   space 7168K, 0% used [0x00000000f2b80000,0x00000000f2b80000,0x00000000f3280000)
 ParOldGen       total 42496K, used 22915K [0x00000000c2a00000, 0x00000000c5380000, 0x00000000eb900000)
  object space 42496K, 53% used [0x00000000c2a00000,0x00000000c4060f58,0x00000000c5380000)
 Metaspace       used 15001K, capacity 15520K, committed 15744K, reserved 1062912K
  class space    used 1643K, capacity 1814K, committed 1920K, reserved 1048576K
}
Event: 81.214 GC heap before
{Heap before GC invocations=15 (full 1):
 PSYoungGen      total 75776K, used 70584K [0x00000000eb900000, 0x00000000f3280000, 0x0000000100000000)
  eden space 68608K, 100% used [0x00000000eb900000,0x00000000efc00000,0x00000000efc00000)
  from space 7168K, 27% used [0x00000000efc00000,0x00000000efdee020,0x00000000f0300000)
  to   space 7168K, 0% used [0x00000000f2b80000,0x00000000f2b80000,0x00000000f3280000)
 ParOldGen       total 42496K, used 22915K [0x00000000c2a00000, 0x00000000c5380000, 0x00000000eb900000)
  object space 42496K, 53% used [0x00000000c2a00000,0x00000000c4060f58,0x00000000c5380000)
 Metaspace       used 15027K, capacity 15520K, committed 15744K, reserved 1062912K
  class space    used 1645K, capacity 1814K, committed 1920K, reserved 1048576K
Event: 81.258 GC heap after
Heap after GC invocations=15 (full 1):
 PSYoungGen      total 110592K, used 7136K [0x00000000eb900000, 0x00000000f3f80000, 0x0000000100000000)
  eden space 103424K, 0% used [0x00000000eb900000,0x00000000eb900000,0x00000000f1e00000)
  from space 7168K, 99% used [0x00000000f2b80000,0x00000000f3278030,0x00000000f3280000)
  to   space 13824K, 0% used [0x00000000f1e00000,0x00000000f1e00000,0x00000000f2b80000)
 ParOldGen       total 42496K, used 38782K [0x00000000c2a00000, 0x00000000c5380000, 0x00000000eb900000)
  object space 42496K, 91% used [0x00000000c2a00000,0x00000000c4fdfb78,0x00000000c5380000)
 Metaspace       used 15027K, capacity 15520K, committed 15744K, reserved 1062912K
  class space    used 1645K, capacity 1814K, committed 1920K, reserved 1048576K
}
Event: 81.258 GC heap before
{Heap before GC invocations=16 (full 2):
 PSYoungGen      total 110592K, used 7136K [0x00000000eb900000, 0x00000000f3f80000, 0x0000000100000000)
  eden space 103424K, 0% used [0x00000000eb900000,0x00000000eb900000,0x00000000f1e00000)
  from space 7168K, 99% used [0x00000000f2b80000,0x00000000f3278030,0x00000000f3280000)
  to   space 13824K, 0% used [0x00000000f1e00000,0x00000000f1e00000,0x00000000f2b80000)
 ParOldGen       total 42496K, used 38782K [0x00000000c2a00000, 0x00000000c5380000, 0x00000000eb900000)
  object space 42496K, 91% used [0x00000000c2a00000,0x00000000c4fdfb78,0x00000000c5380000)
 Metaspace       used 15027K, capacity 15520K, committed 15744K, reserved 1062912K
  class space    used 1645K, capacity 1814K, committed 1920K, reserved 1048576K
Event: 82.242 GC heap after
Heap after GC invocations=16 (full 2):
 PSYoungGen      total 110592K, used 0K [0x00000000eb900000, 0x00000000f3f80000, 0x0000000100000000)
  eden space 103424K, 0% used [0x00000000eb900000,0x00000000eb900000,0x00000000f1e00000)
  from space 7168K, 0% used [0x00000000f2b80000,0x00000000f2b80000,0x00000000f3280000)
  to   space 13824K, 0% used [0x00000000f1e00000,0x00000000f1e00000,0x00000000f2b80000)
 ParOldGen       total 70656K, used 40075K [0x00000000c2a00000, 0x00000000c6f00000, 0x00000000eb900000)
  object space 70656K, 56% used [0x00000000c2a00000,0x00000000c5122e30,0x00000000c6f00000)
 Metaspace       used 15027K, capacity 15520K, committed 15744K, reserved 1062912K
  class space    used 1645K, capacity 1814K, committed 1920K, reserved 1048576K
}
Event: 137.583 GC heap before
{Heap before GC invocations=17 (full 2):
 PSYoungGen      total 110592K, used 103424K [0x00000000eb900000, 0x00000000f3f80000, 0x0000000100000000)
  eden space 103424K, 100% used [0x00000000eb900000,0x00000000f1e00000,0x00000000f1e00000)
  from space 7168K, 0% used [0x00000000f2b80000,0x00000000f2b80000,0x00000000f3280000)
  to   space 13824K, 0% used [0x00000000f1e00000,0x00000000f1e00000,0x00000000f2b80000)
 ParOldGen       total 70656K, used 40075K [0x00000000c2a00000, 0x00000000c6f00000, 0x00000000eb900000)
  object space 70656K, 56% used [0x00000000c2a00000,0x00000000c5122e30,0x00000000c6f00000)
 Metaspace       used 15119K, capacity 15600K, committed 15744K, reserved 1062912K
  class space    used 1648K, capacity 1816K, committed 1920K, reserved 1048576K
Event: 137.721 GC heap after
Heap after GC invocations=17 (full 2):
 PSYoungGen      total 117248K, used 13804K [0x00000000eb900000, 0x00000000f6b80000, 0x0000000100000000)
  eden space 103424K, 0% used [0x00000000eb900000,0x00000000eb900000,0x00000000f1e00000)
  from space 13824K, 99% used [0x00000000f1e00000,0x00000000f2b7b030,0x00000000f2b80000)
  to   space 19456K, 0% used [0x00000000f5880000,0x00000000f5880000,0x00000000f6b80000)
 ParOldGen       total 70656K, used 49065K [0x00000000c2a00000, 0x00000000c6f00000, 0x00000000eb900000)
  object space 70656K, 69% used [0x00000000c2a00000,0x00000000c59ea500,0x00000000c6f00000)
 Metaspace       used 15119K, capacity 15600K, committed 15744K, reserved 1062912K
  class space    used 1648K, capacity 1816K, committed 1920K, reserved 1048576K
}
Event: 138.274 GC heap before
{Heap before GC invocations=18 (full 2):
 PSYoungGen      total 117248K, used 115988K [0x00000000eb900000, 0x00000000f6b80000, 0x0000000100000000)
  eden space 103424K, 98% used [0x00000000eb900000,0x00000000f1cca2c0,0x00000000f1e00000)
  from space 13824K, 99% used [0x00000000f1e00000,0x00000000f2b7b030,0x00000000f2b80000)
  to   space 19456K, 0% used [0x00000000f5880000,0x00000000f5880000,0x00000000f6b80000)
 ParOldGen       total 70656K, used 49065K [0x00000000c2a00000, 0x00000000c6f00000, 0x00000000eb900000)
  object space 70656K, 69% used [0x00000000c2a00000,0x00000000c59ea500,0x00000000c6f00000)
 Metaspace       used 15122K, capacity 15600K, committed 15744K, reserved 1062912K
  class space    used 1648K, capacity 1816K, committed 1920K, reserved 1048576K

