# JRE version: Java(TM) SE Runtime Environment (8.0_201-b09) (build 1.8.0_201-b09)
# Java VM: Java HotSpot(TM) 64-Bit Server VM (25.201-b09 mixed mode linux-amd64 compressed oops)
Heap:
 PSYoungGen      total 115200K, used 8672K [0x00000000eb900000, 0x00000000f3200000, 0x0000000100000000)
  eden space 106496K, 0% used [0x00000000eb900000,0x00000000eb900000,0x00000000f2100000)
  from space 8704K, 99% used [0x00000000f2100000,0x00000000f2978020,0x00000000f2980000)
  to   space 8704K, 0% used [0x00000000f2980000,0x00000000f2980000,0x00000000f3200000)
 ParOldGen       total 49664K, used 49434K [0x00000000c2a00000, 0x00000000c5a80000, 0x00000000eb900000)
  object space 49664K, 99% used [0x00000000c2a00000,0x00000000c5a46898,0x00000000c5a80000)
 Metaspace       used 15045K, capacity 15518K, committed 15744K, reserved 1062912K
  class space    used 1644K, capacity 1813K, committed 1920K, reserved 1048576K
GC Heap History (10 events):
Event: 36.396 GC heap after
Heap after GC invocations=11 (full 1):
 PSYoungGen      total 47616K, used 4576K [0x00000000eb900000, 0x00000000ef600000, 0x0000000100000000)
  eden space 43008K, 0% used [0x00000000eb900000,0x00000000eb900000,0x00000000ee300000)
  from space 4608K, 99% used [0x00000000ef180000,0x00000000ef5f8090,0x00000000ef600000)
  to   space 5632K, 0% used [0x00000000eeb00000,0x00000000eeb00000,0x00000000ef080000)
 ParOldGen       total 42496K, used 11618K [0x00000000c2a00000, 0x00000000c5380000, 0x00000000eb900000)
  object space 42496K, 27% used [0x00000000c2a00000,0x00000000c35589e8,0x00000000c5380000)
 Metaspace       used 13867K, capacity 14240K, committed 14336K, reserved 1062912K
  class space    used 1584K, capacity 1702K, committed 1792K, reserved 1048576K
}
Event: 37.456 GC heap before
{Heap before GC invocations=12 (full 1):
 PSYoungGen      total 47616K, used 47584K [0x00000000eb900000, 0x00000000ef600000, 0x0000000100000000)
  eden space 43008K, 100% used [0x00000000eb900000,0x00000000ee300000,0x00000000ee300000)
  from space 4608K, 99% used [0x00000000ef180000,0x00000000ef5f8090,0x00000000ef600000)
  to   space 5632K, 0% used [0x00000000eeb00000,0x00000000eeb00000,0x00000000ef080000)
 ParOldGen       total 42496K, used 11618K [0x00000000c2a00000, 0x00000000c5380000, 0x00000000eb900000)
  object space 42496K, 27% used [0x00000000c2a00000,0x00000000c35589e8,0x00000000c5380000)
 Metaspace       used 13890K, capacity 14240K, committed 14336K, reserved 1062912K
  class space    used 1584K, capacity 1702K, committed 1792K, reserved 1048576K
Event: 37.481 GC heap after
Heap after GC invocations=12 (full 1):
 PSYoungGen      total 56832K, used 5288K [0x00000000eb900000, 0x00000000f0880000, 0x0000000100000000)
  eden space 51200K, 0% used [0x00000000eb900000,0x00000000eb900000,0x00000000eeb00000)
  from space 5632K, 93% used [0x00000000eeb00000,0x00000000ef02a2d8,0x00000000ef080000)
  to   space 6144K, 0% used [0x00000000f0280000,0x00000000f0280000,0x00000000f0880000)
 ParOldGen       total 42496K, used 14055K [0x00000000c2a00000, 0x00000000c5380000, 0x00000000eb900000)
  object space 42496K, 33% used [0x00000000c2a00000,0x00000000c37b9e28,0x00000000c5380000)
 Metaspace       used 13890K, capacity 14240K, committed 14336K, reserved 1062912K
  class space    used 1584K, capacity 1702K, committed 1792K, reserved 1048576K
}
Event: 40.281 GC heap before
{Heap before GC invocations=13 (full 1):
 PSYoungGen      total 56832K, used 56488K [0x00000000eb900000, 0x00000000f0880000, 0x0000000100000000)
  eden space 51200K, 100% used [0x00000000eb900000,0x00000000eeb00000,0x00000000eeb00000)
  from space 5632K, 93% used [0x00000000eeb00000,0x00000000ef02a2d8,0x00000000ef080000)
  to   space 6144K, 0% used [0x00000000f0280000,0x00000000f0280000,0x00000000f0880000)
 ParOldGen       total 42496K, used 14055K [0x00000000c2a00000, 0x00000000c5380000, 0x00000000eb900000)
  object space 42496K, 33% used [0x00000000c2a00000,0x00000000c37b9e28,0x00000000c5380000)
 Metaspace       used 14863K, capacity 15280K, committed 15360K, reserved 1062912K
  class space    used 1632K, capacity 1770K, committed 1792K, reserved 1048576K
Event: 40.338 GC heap after
Heap after GC invocations=13 (full 1):
 PSYoungGen      total 72704K, used 6122K [0x00000000eb900000, 0x00000000f1a00000, 0x0000000100000000)
  eden space 66560K, 0% used [0x00000000eb900000,0x00000000eb900000,0x00000000efa00000)
  from space 6144K, 99% used [0x00000000f0280000,0x00000000f087aab8,0x00000000f0880000)
  to   space 8704K, 0% used [0x00000000efa00000,0x00000000efa00000,0x00000000f0280000)
 ParOldGen       total 42496K, used 19757K [0x00000000c2a00000, 0x00000000c5380000, 0x00000000eb900000)
  object space 42496K, 46% used [0x00000000c2a00000,0x00000000c3d4b750,0x00000000c5380000)
 Metaspace       used 14863K, capacity 15280K, committed 15360K, reserved 1062912K
  class space    used 1632K, capacity 1770K, committed 1792K, reserved 1048576K
}
Event: 63.035 GC heap before
{Heap before GC invocations=14 (full 1):
 PSYoungGen      total 72704K, used 72682K [0x00000000eb900000, 0x00000000f1a00000, 0x0000000100000000)
  eden space 66560K, 100% used [0x00000000eb900000,0x00000000efa00000,0x00000000efa00000)
  from space 6144K, 99% used [0x00000000f0280000,0x00000000f087aab8,0x00000000f0880000)
  to   space 8704K, 0% used [0x00000000efa00000,0x00000000efa00000,0x00000000f0280000)
 ParOldGen       total 42496K, used 19757K [0x00000000c2a00000, 0x00000000c5380000, 0x00000000eb900000)
  object space 42496K, 46% used [0x00000000c2a00000,0x00000000c3d4b750,0x00000000c5380000)
 Metaspace       used 14967K, capacity 15466K, committed 15616K, reserved 1062912K
  class space    used 1640K, capacity 1779K, committed 1792K, reserved 1048576K
Event: 63.071 GC heap after
Heap after GC invocations=14 (full 1):
 PSYoungGen      total 75264K, used 2438K [0x00000000eb900000, 0x00000000f3200000, 0x0000000100000000)
  eden space 66560K, 0% used [0x00000000eb900000,0x00000000eb900000,0x00000000efa00000)
  from space 8704K, 28% used [0x00000000efa00000,0x00000000efc61830,0x00000000f0280000)
  to   space 8704K, 0% used [0x00000000f2980000,0x00000000f2980000,0x00000000f3200000)
 ParOldGen       total 42496K, used 24457K [0x00000000c2a00000, 0x00000000c5380000, 0x00000000eb900000)
  object space 42496K, 57% used [0x00000000c2a00000,0x00000000c41e2688,0x00000000c5380000)
 Metaspace       used 14967K, capacity 15466K, committed 15616K, reserved 1062912K
  class space    used 1640K, capacity 1779K, committed 1792K, reserved 1048576K
}
Event: 80.116 GC heap before
{Heap before GC invocations=15 (full 1):
 PSYoungGen      total 75264K, used 68998K [0x00000000eb900000, 0x00000000f3200000, 0x0000000100000000)
  eden space 66560K, 100% used [0x00000000eb900000,0x00000000efa00000,0x00000000efa00000)
  from space 8704K, 28% used [0x00000000efa00000,0x00000000efc61830,0x00000000f0280000)
  to   space 8704K, 0% used [0x00000000f2980000,0x00000000f2980000,0x00000000f3200000)
 ParOldGen       total 42496K, used 24457K [0x00000000c2a00000, 0x00000000c5380000, 0x00000000eb900000)
  object space 42496K, 57% used [0x00000000c2a00000,0x00000000c41e2688,0x00000000c5380000)
 Metaspace       used 15030K, capacity 15512K, committed 15744K, reserved 1062912K
  class space    used 1644K, capacity 1812K, committed 1920K, reserved 1048576K
Event: 80.148 GC heap after
Heap after GC invocations=15 (full 1):
 PSYoungGen      total 115200K, used 2530K [0x00000000eb900000, 0x00000000f3200000, 0x0000000100000000)
  eden space 106496K, 0% used [0x00000000eb900000,0x00000000eb900000,0x00000000f2100000)
  from space 8704K, 29% used [0x00000000f2980000,0x00000000f2bf8970,0x00000000f3200000)
  to   space 8704K, 0% used [0x00000000f2100000,0x00000000f2100000,0x00000000f2980000)
 ParOldGen       total 42496K, used 24529K [0x00000000c2a00000, 0x00000000c5380000, 0x00000000eb900000)
  object space 42496K, 57% used [0x00000000c2a00000,0x00000000c41f4688,0x00000000c5380000)
 Metaspace       used 15030K, capacity 15512K, committed 15744K, reserved 1062912K
  class space    used 1644K, capacity 1812K, committed 1920K, reserved 1048576K
}
Event: 83.726 GC heap before
{Heap before GC invocations=16 (full 1):
 PSYoungGen      total 115200K, used 109021K [0x00000000eb900000, 0x00000000f3200000, 0x0000000100000000)
  eden space 106496K, 99% used [0x00000000eb900000,0x00000000f20feca8,0x00000000f2100000)
  from space 8704K, 29% used [0x00000000f2980000,0x00000000f2bf8970,0x00000000f3200000)
  to   space 8704K, 0% used [0x00000000f2100000,0x00000000f2100000,0x00000000f2980000)
 ParOldGen       total 42496K, used 24529K [0x00000000c2a00000, 0x00000000c5380000, 0x00000000eb900000)
  object space 42496K, 57% used [0x00000000c2a00000,0x00000000c41f4688,0x00000000c5380000)
 Metaspace       used 15045K, capacity 15518K, committed 15744K, reserved 1062912K
  class space    used 1644K, capacity 1813K, committed 1920K, reserved 1048576K

