# JRE version: Java(TM) SE Runtime Environment (8.0_201-b09) (build 1.8.0_201-b09)
# Java VM: Java HotSpot(TM) 64-Bit Server VM (25.201-b09 mixed mode linux-amd64 compressed oops)
Heap:
 PSYoungGen      total 196608K, used 18406K [0x00000000eb900000, 0x00000000fad00000, 0x0000000100000000)
  eden space 178176K, 0% used [0x00000000eb900000,0x00000000eb900000,0x00000000f6700000)
  from space 18432K, 99% used [0x00000000f9b00000,0x00000000facf9830,0x00000000fad00000)
  to   space 15872K, 0% used [0x00000000f6700000,0x00000000f6700000,0x00000000f7680000)
 ParOldGen       total 74240K, used 49619K [0x00000000c2a00000, 0x00000000c7280000, 0x00000000eb900000)
  object space 74240K, 66% used [0x00000000c2a00000,0x00000000c5a74ee8,0x00000000c7280000)
 Metaspace       used 22994K, capacity 23644K, committed 23680K, reserved 1071104K
  class space    used 2470K, capacity 2664K, committed 2688K, reserved 1048576K
GC Heap History (10 events):
Event: 15.383 GC heap after
Heap after GC invocations=13 (full 1):
 PSYoungGen      total 166912K, used 9501K [0x00000000eb900000, 0x00000000f8880000, 0x0000000100000000)
  eden space 150016K, 0% used [0x00000000eb900000,0x00000000eb900000,0x00000000f4b80000)
  from space 16896K, 56% used [0x00000000f5c00000,0x00000000f65477d8,0x00000000f6c80000)
  to   space 16896K, 0% used [0x00000000f4b80000,0x00000000f4b80000,0x00000000f5c00000)
 ParOldGen       total 42496K, used 39167K [0x00000000c2a00000, 0x00000000c5380000, 0x00000000eb900000)
  object space 42496K, 92% used [0x00000000c2a00000,0x00000000c503fd78,0x00000000c5380000)
 Metaspace       used 20760K, capacity 21082K, committed 21248K, reserved 1069056K
  class space    used 2304K, capacity 2435K, committed 2560K, reserved 1048576K
}
Event: 15.383 GC heap before
{Heap before GC invocations=14 (full 2):
 PSYoungGen      total 166912K, used 9501K [0x00000000eb900000, 0x00000000f8880000, 0x0000000100000000)
  eden space 150016K, 0% used [0x00000000eb900000,0x00000000eb900000,0x00000000f4b80000)
  from space 16896K, 56% used [0x00000000f5c00000,0x00000000f65477d8,0x00000000f6c80000)
  to   space 16896K, 0% used [0x00000000f4b80000,0x00000000f4b80000,0x00000000f5c00000)
 ParOldGen       total 42496K, used 39167K [0x00000000c2a00000, 0x00000000c5380000, 0x00000000eb900000)
  object space 42496K, 92% used [0x00000000c2a00000,0x00000000c503fd78,0x00000000c5380000)
 Metaspace       used 20760K, capacity 21082K, committed 21248K, reserved 1069056K
  class space    used 2304K, capacity 2435K, committed 2560K, reserved 1048576K
Event: 16.016 GC heap after
Heap after GC invocations=14 (full 2):
 PSYoungGen      total 166912K, used 0K [0x00000000eb900000, 0x00000000f8880000, 0x0000000100000000)
  eden space 150016K, 0% used [0x00000000eb900000,0x00000000eb900000,0x00000000f4b80000)
  from space 16896K, 0% used [0x00000000f5c00000,0x00000000f5c00000,0x00000000f6c80000)
  to   space 16896K, 0% used [0x00000000f4b80000,0x00000000f4b80000,0x00000000f5c00000)
 ParOldGen       total 74240K, used 38921K [0x00000000c2a00000, 0x00000000c7280000, 0x00000000eb900000)
  object space 74240K, 52% used [0x00000000c2a00000,0x00000000c5002528,0x00000000c7280000)
 Metaspace       used 20760K, capacity 21082K, committed 21248K, reserved 1069056K
  class space    used 2304K, capacity 2435K, committed 2560K, reserved 1048576K
}
Event: 19.423 GC heap before
{Heap before GC invocations=15 (full 2):
 PSYoungGen      total 166912K, used 150016K [0x00000000eb900000, 0x00000000f8880000, 0x0000000100000000)
  eden space 150016K, 100% used [0x00000000eb900000,0x00000000f4b80000,0x00000000f4b80000)
  from space 16896K, 0% used [0x00000000f5c00000,0x00000000f5c00000,0x00000000f6c80000)
  to   space 16896K, 0% used [0x00000000f4b80000,0x00000000f4b80000,0x00000000f5c00000)
 ParOldGen       total 74240K, used 38921K [0x00000000c2a00000, 0x00000000c7280000, 0x00000000eb900000)
  object space 74240K, 52% used [0x00000000c2a00000,0x00000000c5002528,0x00000000c7280000)
 Metaspace       used 22107K, capacity 22498K, committed 22784K, reserved 1069056K
  class space    used 2404K, capacity 2541K, committed 2560K, reserved 1048576K
Event: 19.454 GC heap after
Heap after GC invocations=15 (full 2):
 PSYoungGen      total 166912K, used 4371K [0x00000000eb900000, 0x00000000f8a00000, 0x0000000100000000)
  eden space 150016K, 0% used [0x00000000eb900000,0x00000000eb900000,0x00000000f4b80000)
  from space 16896K, 25% used [0x00000000f4b80000,0x00000000f4fc4f48,0x00000000f5c00000)
  to   space 16384K, 0% used [0x00000000f7a00000,0x00000000f7a00000,0x00000000f8a00000)
 ParOldGen       total 74240K, used 38929K [0x00000000c2a00000, 0x00000000c7280000, 0x00000000eb900000)
  object space 74240K, 52% used [0x00000000c2a00000,0x00000000c5004528,0x00000000c7280000)
 Metaspace       used 22107K, capacity 22498K, committed 22784K, reserved 1069056K
  class space    used 2404K, capacity 2541K, committed 2560K, reserved 1048576K
}
Event: 21.546 GC heap before
{Heap before GC invocations=16 (full 2):
 PSYoungGen      total 166912K, used 154381K [0x00000000eb900000, 0x00000000f8a00000, 0x0000000100000000)
  eden space 150016K, 99% used [0x00000000eb900000,0x00000000f4b7e628,0x00000000f4b80000)
  from space 16896K, 25% used [0x00000000f4b80000,0x00000000f4fc4f48,0x00000000f5c00000)
  to   space 16384K, 0% used [0x00000000f7a00000,0x00000000f7a00000,0x00000000f8a00000)
 ParOldGen       total 74240K, used 38929K [0x00000000c2a00000, 0x00000000c7280000, 0x00000000eb900000)
  object space 74240K, 52% used [0x00000000c2a00000,0x00000000c5004528,0x00000000c7280000)
 Metaspace       used 22145K, capacity 22498K, committed 22784K, reserved 1069056K
  class space    used 2404K, capacity 2541K, committed 2560K, reserved 1048576K
Event: 21.571 GC heap after
Heap after GC invocations=16 (full 2):
 PSYoungGen      total 190464K, used 4912K [0x00000000eb900000, 0x00000000f8600000, 0x0000000100000000)
  eden space 178176K, 0% used [0x00000000eb900000,0x00000000eb900000,0x00000000f6700000)
  from space 12288K, 39% used [0x00000000f7a00000,0x00000000f7ecc3d8,0x00000000f8600000)
  to   space 15872K, 0% used [0x00000000f6700000,0x00000000f6700000,0x00000000f7680000)
 ParOldGen       total 74240K, used 38937K [0x00000000c2a00000, 0x00000000c7280000, 0x00000000eb900000)
  object space 74240K, 52% used [0x00000000c2a00000,0x00000000c5006528,0x00000000c7280000)
 Metaspace       used 22145K, capacity 22498K, committed 22784K, reserved 1069056K
  class space    used 2404K, capacity 2541K, committed 2560K, reserved 1048576K
}
Event: 26.936 GC heap before
{Heap before GC invocations=17 (full 2):
 PSYoungGen      total 190464K, used 183088K [0x00000000eb900000, 0x00000000f8600000, 0x0000000100000000)
  eden space 178176K, 100% used [0x00000000eb900000,0x00000000f6700000,0x00000000f6700000)
  from space 12288K, 39% used [0x00000000f7a00000,0x00000000f7ecc3d8,0x00000000f8600000)
  to   space 15872K, 0% used [0x00000000f6700000,0x00000000f6700000,0x00000000f7680000)
 ParOldGen       total 74240K, used 38937K [0x00000000c2a00000, 0x00000000c7280000, 0x00000000eb900000)
  object space 74240K, 52% used [0x00000000c2a00000,0x00000000c5006528,0x00000000c7280000)
 Metaspace       used 22933K, capacity 23632K, committed 23680K, reserved 1071104K
  class space    used 2469K, capacity 2662K, committed 2688K, reserved 1048576K
Event: 27.073 GC heap after
Heap after GC invocations=17 (full 2):
 PSYoungGen      total 194048K, used 15846K [0x00000000eb900000, 0x00000000fad00000, 0x0000000100000000)
  eden space 178176K, 0% used [0x00000000eb900000,0x00000000eb900000,0x00000000f6700000)
  from space 15872K, 99% used [0x00000000f6700000,0x00000000f7679840,0x00000000f7680000)
  to   space 18432K, 0% used [0x00000000f9b00000,0x00000000f9b00000,0x00000000fad00000)
 ParOldGen       total 74240K, used 39497K [0x00000000c2a00000, 0x00000000c7280000, 0x00000000eb900000)
  object space 74240K, 53% used [0x00000000c2a00000,0x00000000c5092498,0x00000000c7280000)
 Metaspace       used 22933K, capacity 23632K, committed 23680K, reserved 1071104K
  class space    used 2469K, capacity 2662K, committed 2688K, reserved 1048576K
}
Event: 33.179 GC heap before
{Heap before GC invocations=18 (full 2):
 PSYoungGen      total 194048K, used 194022K [0x00000000eb900000, 0x00000000fad00000, 0x0000000100000000)
  eden space 178176K, 100% used [0x00000000eb900000,0x00000000f6700000,0x00000000f6700000)
  from space 15872K, 99% used [0x00000000f6700000,0x00000000f7679840,0x00000000f7680000)
  to   space 18432K, 0% used [0x00000000f9b00000,0x00000000f9b00000,0x00000000fad00000)
 ParOldGen       total 74240K, used 39497K [0x00000000c2a00000, 0x00000000c7280000, 0x00000000eb900000)
  object space 74240K, 53% used [0x00000000c2a00000,0x00000000c5092498,0x00000000c7280000)
 Metaspace       used 22994K, capacity 23644K, committed 23680K, reserved 1071104K
  class space    used 2470K, capacity 2664K, committed 2688K, reserved 1048576K

