# JRE version: Java(TM) SE Runtime Environment (8.0_201-b09) (build 1.8.0_201-b09)
# Java VM: Java HotSpot(TM) 64-Bit Server VM (25.201-b09 mixed mode linux-amd64 compressed oops)
Heap:
 PSYoungGen      total 129536K, used 2624K [0x00000000eb900000, 0x00000000f4000000, 0x0000000100000000)
  eden space 123904K, 0% used [0x00000000eb900000,0x00000000eb900000,0x00000000f3200000)
  from space 5632K, 46% used [0x00000000f3200000,0x00000000f3490000,0x00000000f3780000)
  to   space 2560K, 0% used [0x00000000f3780000,0x00000000f3780000,0x00000000f3a00000)
 ParOldGen       total 42496K, used 7068K [0x00000000c2a00000, 0x00000000c5380000, 0x00000000eb900000)
  object space 42496K, 16% used [0x00000000c2a00000,0x00000000c30e7378,0x00000000c5380000)
 Metaspace       used 13756K, capacity 14142K, committed 14336K, reserved 1062912K
  class space    used 1592K, capacity 1707K, committed 1792K, reserved 1048576K
GC Heap History (10 events):
Event: 1.851 GC heap after
Heap after GC invocations=3 (full 1):
 PSYoungGen      total 34304K, used 0K [0x00000000eb900000, 0x00000000edd00000, 0x0000000100000000)
  eden space 31744K, 0% used [0x00000000eb900000,0x00000000eb900000,0x00000000ed800000)
  from space 2560K, 0% used [0x00000000eda80000,0x00000000eda80000,0x00000000edd00000)
  to   space 2560K, 0% used [0x00000000ed800000,0x00000000ed800000,0x00000000eda80000)
 ParOldGen       total 42496K, used 3920K [0x00000000c2a00000, 0x00000000c5380000, 0x00000000eb900000)
  object space 42496K, 9% used [0x00000000c2a00000,0x00000000c2dd43b8,0x00000000c5380000)
 Metaspace       used 10179K, capacity 10346K, committed 10624K, reserved 1058816K
  class space    used 1235K, capacity 1319K, committed 1408K, reserved 1048576K
}
Event: 31.752 GC heap before
{Heap before GC invocations=4 (full 1):
 PSYoungGen      total 34304K, used 31744K [0x00000000eb900000, 0x00000000edd00000, 0x0000000100000000)
  eden space 31744K, 100% used [0x00000000eb900000,0x00000000ed800000,0x00000000ed800000)
  from space 2560K, 0% used [0x00000000eda80000,0x00000000eda80000,0x00000000edd00000)
  to   space 2560K, 0% used [0x00000000ed800000,0x00000000ed800000,0x00000000eda80000)
 ParOldGen       total 42496K, used 3920K [0x00000000c2a00000, 0x00000000c5380000, 0x00000000eb900000)
  object space 42496K, 9% used [0x00000000c2a00000,0x00000000c2dd43b8,0x00000000c5380000)
 Metaspace       used 13661K, capacity 14078K, committed 14336K, reserved 1062912K
  class space    used 1590K, capacity 1707K, committed 1792K, reserved 1048576K
Event: 31.924 GC heap after
Heap after GC invocations=4 (full 1):
 PSYoungGen      total 34304K, used 2534K [0x00000000eb900000, 0x00000000efc00000, 0x0000000100000000)
  eden space 31744K, 0% used [0x00000000eb900000,0x00000000eb900000,0x00000000ed800000)
  from space 2560K, 98% used [0x00000000ed800000,0x00000000eda79830,0x00000000eda80000)
  to   space 2560K, 0% used [0x00000000ef980000,0x00000000ef980000,0x00000000efc00000)
 ParOldGen       total 42496K, used 6213K [0x00000000c2a00000, 0x00000000c5380000, 0x00000000eb900000)
  object space 42496K, 14% used [0x00000000c2a00000,0x00000000c3011748,0x00000000c5380000)
 Metaspace       used 13661K, capacity 14078K, committed 14336K, reserved 1062912K
  class space    used 1590K, capacity 1707K, committed 1792K, reserved 1048576K
}
Event: 32.397 GC heap before
{Heap before GC invocations=5 (full 1):
 PSYoungGen      total 34304K, used 34278K [0x00000000eb900000, 0x00000000efc00000, 0x0000000100000000)
  eden space 31744K, 100% used [0x00000000eb900000,0x00000000ed800000,0x00000000ed800000)
  from space 2560K, 98% used [0x00000000ed800000,0x00000000eda79830,0x00000000eda80000)
  to   space 2560K, 0% used [0x00000000ef980000,0x00000000ef980000,0x00000000efc00000)
 ParOldGen       total 42496K, used 6213K [0x00000000c2a00000, 0x00000000c5380000, 0x00000000eb900000)
  object space 42496K, 14% used [0x00000000c2a00000,0x00000000c3011748,0x00000000c5380000)
 Metaspace       used 13750K, capacity 14142K, committed 14336K, reserved 1062912K
  class space    used 1591K, capacity 1707K, committed 1792K, reserved 1048576K
Event: 32.478 GC heap after
Heap after GC invocations=5 (full 1):
 PSYoungGen      total 66048K, used 2560K [0x00000000eb900000, 0x00000000efc00000, 0x0000000100000000)
  eden space 63488K, 0% used [0x00000000eb900000,0x00000000eb900000,0x00000000ef700000)
  from space 2560K, 100% used [0x00000000ef980000,0x00000000efc00000,0x00000000efc00000)
  to   space 2560K, 0% used [0x00000000ef700000,0x00000000ef700000,0x00000000ef980000)
 ParOldGen       total 42496K, used 6956K [0x00000000c2a00000, 0x00000000c5380000, 0x00000000eb900000)
  object space 42496K, 16% used [0x00000000c2a00000,0x00000000c30cb368,0x00000000c5380000)
 Metaspace       used 13750K, capacity 14142K, committed 14336K, reserved 1062912K
  class space    used 1591K, capacity 1707K, committed 1792K, reserved 1048576K
}
Event: 33.216 GC heap before
{Heap before GC invocations=6 (full 1):
 PSYoungGen      total 66048K, used 66048K [0x00000000eb900000, 0x00000000efc00000, 0x0000000100000000)
  eden space 63488K, 100% used [0x00000000eb900000,0x00000000ef700000,0x00000000ef700000)
  from space 2560K, 100% used [0x00000000ef980000,0x00000000efc00000,0x00000000efc00000)
  to   space 2560K, 0% used [0x00000000ef700000,0x00000000ef700000,0x00000000ef980000)
 ParOldGen       total 42496K, used 6956K [0x00000000c2a00000, 0x00000000c5380000, 0x00000000eb900000)
  object space 42496K, 16% used [0x00000000c2a00000,0x00000000c30cb368,0x00000000c5380000)
 Metaspace       used 13750K, capacity 14142K, committed 14336K, reserved 1062912K
  class space    used 1591K, capacity 1707K, committed 1792K, reserved 1048576K
Event: 33.286 GC heap after
Heap after GC invocations=6 (full 1):
 PSYoungGen      total 66048K, used 2560K [0x00000000eb900000, 0x00000000f3a00000, 0x0000000100000000)
  eden space 63488K, 0% used [0x00000000eb900000,0x00000000eb900000,0x00000000ef700000)
  from space 2560K, 100% used [0x00000000ef700000,0x00000000ef980000,0x00000000ef980000)
  to   space 2560K, 0% used [0x00000000f3780000,0x00000000f3780000,0x00000000f3a00000)
 ParOldGen       total 42496K, used 7028K [0x00000000c2a00000, 0x00000000c5380000, 0x00000000eb900000)
  object space 42496K, 16% used [0x00000000c2a00000,0x00000000c30dd378,0x00000000c5380000)
 Metaspace       used 13750K, capacity 14142K, committed 14336K, reserved 1062912K
  class space    used 1591K, capacity 1707K, committed 1792K, reserved 1048576K
}
Event: 33.540 GC heap before
{Heap before GC invocations=7 (full 1):
 PSYoungGen      total 66048K, used 66048K [0x00000000eb900000, 0x00000000f3a00000, 0x0000000100000000)
  eden space 63488K, 100% used [0x00000000eb900000,0x00000000ef700000,0x00000000ef700000)
  from space 2560K, 100% used [0x00000000ef700000,0x00000000ef980000,0x00000000ef980000)
  to   space 2560K, 0% used [0x00000000f3780000,0x00000000f3780000,0x00000000f3a00000)
 ParOldGen       total 42496K, used 7028K [0x00000000c2a00000, 0x00000000c5380000, 0x00000000eb900000)
  object space 42496K, 16% used [0x00000000c2a00000,0x00000000c30dd378,0x00000000c5380000)
 Metaspace       used 13755K, capacity 14142K, committed 14336K, reserved 1062912K
  class space    used 1592K, capacity 1707K, committed 1792K, reserved 1048576K
Event: 33.550 GC heap after
Heap after GC invocations=7 (full 1):
 PSYoungGen      total 126464K, used 2560K [0x00000000eb900000, 0x00000000f4000000, 0x0000000100000000)
  eden space 123904K, 0% used [0x00000000eb900000,0x00000000eb900000,0x00000000f3200000)
  from space 2560K, 100% used [0x00000000f3780000,0x00000000f3a00000,0x00000000f3a00000)
  to   space 5632K, 0% used [0x00000000f3200000,0x00000000f3200000,0x00000000f3780000)
 ParOldGen       total 42496K, used 7068K [0x00000000c2a00000, 0x00000000c5380000, 0x00000000eb900000)
  object space 42496K, 16% used [0x00000000c2a00000,0x00000000c30e7378,0x00000000c5380000)
 Metaspace       used 13755K, capacity 14142K, committed 14336K, reserved 1062912K
  class space    used 1592K, capacity 1707K, committed 1792K, reserved 1048576K
}
Event: 34.134 GC heap before
{Heap before GC invocations=8 (full 1):
 PSYoungGen      total 126464K, used 126464K [0x00000000eb900000, 0x00000000f4000000, 0x0000000100000000)
  eden space 123904K, 100% used [0x00000000eb900000,0x00000000f3200000,0x00000000f3200000)
  from space 2560K, 100% used [0x00000000f3780000,0x00000000f3a00000,0x00000000f3a00000)
  to   space 5632K, 0% used [0x00000000f3200000,0x00000000f3200000,0x00000000f3780000)
 ParOldGen       total 42496K, used 7068K [0x00000000c2a00000, 0x00000000c5380000, 0x00000000eb900000)
  object space 42496K, 16% used [0x00000000c2a00000,0x00000000c30e7378,0x00000000c5380000)
 Metaspace       used 13756K, capacity 14142K, committed 14336K, reserved 1062912K
  class space    used 1592K, capacity 1707K, committed 1792K, reserved 1048576K

