# JRE version: Java(TM) SE Runtime Environment (8.0_201-b09) (build 1.8.0_201-b09)
# Java VM: Java HotSpot(TM) 64-Bit Server VM (25.201-b09 mixed mode linux-amd64 compressed oops)
Heap:
 PSYoungGen      total 301056K, used 158152K [0x00000000eb900000, 0x00000000fff80000, 0x0000000100000000)
  eden space 269312K, 56% used [0x00000000eb900000,0x00000000f4d12378,0x00000000fc000000)
  from space 31744K, 20% used [0x00000000fc000000,0x00000000fc660000,0x00000000fdf00000)
  to   space 30720K, 0% used [0x00000000fe180000,0x00000000fe180000,0x00000000fff80000)
 ParOldGen       total 109056K, used 83548K [0x00000000c2a00000, 0x00000000c9480000, 0x00000000eb900000)
  object space 109056K, 76% used [0x00000000c2a00000,0x00000000c7b97238,0x00000000c9480000)
 Metaspace       used 28278K, capacity 29046K, committed 29184K, reserved 1075200K
  class space    used 3315K, capacity 3521K, committed 3584K, reserved 1048576K
GC Heap History (10 events):
Event: 59.439 GC heap before
{Heap before GC invocations=24 (full 3):
 PSYoungGen      total 302592K, used 301632K [0x00000000eb900000, 0x0000000100000000, 0x0000000100000000)
  eden space 279552K, 100% used [0x00000000eb900000,0x00000000fca00000,0x00000000fca00000)
  from space 23040K, 95% used [0x00000000fe980000,0x00000000fff10000,0x0000000100000000)
  to   space 27648K, 0% used [0x00000000fca00000,0x00000000fca00000,0x00000000fe500000)
 ParOldGen       total 109056K, used 60178K [0x00000000c2a00000, 0x00000000c9480000, 0x00000000eb900000)
  object space 109056K, 55% used [0x00000000c2a00000,0x00000000c64c48a0,0x00000000c9480000)
 Metaspace       used 28159K, capacity 28876K, committed 29184K, reserved 1075200K
  class space    used 3311K, capacity 3514K, committed 3584K, reserved 1048576K
Event: 59.504 GC heap after
Heap after GC invocations=24 (full 3):
 PSYoungGen      total 303104K, used 23392K [0x00000000eb900000, 0x0000000100000000, 0x0000000100000000)
  eden space 279552K, 0% used [0x00000000eb900000,0x00000000eb900000,0x00000000fca00000)
  from space 23552K, 99% used [0x00000000fca00000,0x00000000fe0d8000,0x00000000fe100000)
  to   space 30720K, 0% used [0x00000000fe200000,0x00000000fe200000,0x0000000100000000)
 ParOldGen       total 109056K, used 60186K [0x00000000c2a00000, 0x00000000c9480000, 0x00000000eb900000)
  object space 109056K, 55% used [0x00000000c2a00000,0x00000000c64c68a0,0x00000000c9480000)
 Metaspace       used 28159K, capacity 28876K, committed 29184K, reserved 1075200K
  class space    used 3311K, capacity 3514K, committed 3584K, reserved 1048576K
}
Event: 61.305 GC heap before
{Heap before GC invocations=25 (full 3):
 PSYoungGen      total 303104K, used 302944K [0x00000000eb900000, 0x0000000100000000, 0x0000000100000000)
  eden space 279552K, 100% used [0x00000000eb900000,0x00000000fca00000,0x00000000fca00000)
  from space 23552K, 99% used [0x00000000fca00000,0x00000000fe0d8000,0x00000000fe100000)
  to   space 30720K, 0% used [0x00000000fe200000,0x00000000fe200000,0x0000000100000000)
 ParOldGen       total 109056K, used 60186K [0x00000000c2a00000, 0x00000000c9480000, 0x00000000eb900000)
  object space 109056K, 55% used [0x00000000c2a00000,0x00000000c64c68a0,0x00000000c9480000)
 Metaspace       used 28174K, capacity 29004K, committed 29184K, reserved 1075200K
  class space    used 3311K, capacity 3514K, committed 3584K, reserved 1048576K
Event: 61.372 GC heap after
Heap after GC invocations=25 (full 3):
 PSYoungGen      total 299008K, used 24640K [0x00000000eb900000, 0x0000000100000000, 0x0000000100000000)
  eden space 268288K, 0% used [0x00000000eb900000,0x00000000eb900000,0x00000000fbf00000)
  from space 30720K, 80% used [0x00000000fe200000,0x00000000ffa10000,0x0000000100000000)
  to   space 33280K, 0% used [0x00000000fbf00000,0x00000000fbf00000,0x00000000fdf80000)
 ParOldGen       total 109056K, used 60186K [0x00000000c2a00000, 0x00000000c9480000, 0x00000000eb900000)
  object space 109056K, 55% used [0x00000000c2a00000,0x00000000c64c68a0,0x00000000c9480000)
 Metaspace       used 28174K, capacity 29004K, committed 29184K, reserved 1075200K
  class space    used 3311K, capacity 3514K, committed 3584K, reserved 1048576K
}
Event: 62.789 GC heap before
{Heap before GC invocations=26 (full 3):
 PSYoungGen      total 299008K, used 292928K [0x00000000eb900000, 0x0000000100000000, 0x0000000100000000)
  eden space 268288K, 100% used [0x00000000eb900000,0x00000000fbf00000,0x00000000fbf00000)
  from space 30720K, 80% used [0x00000000fe200000,0x00000000ffa10000,0x0000000100000000)
  to   space 33280K, 0% used [0x00000000fbf00000,0x00000000fbf00000,0x00000000fdf80000)
 ParOldGen       total 109056K, used 60186K [0x00000000c2a00000, 0x00000000c9480000, 0x00000000eb900000)
  object space 109056K, 55% used [0x00000000c2a00000,0x00000000c64c68a0,0x00000000c9480000)
 Metaspace       used 28184K, capacity 29010K, committed 29184K, reserved 1075200K
  class space    used 3311K, capacity 3515K, committed 3584K, reserved 1048576K
Event: 62.856 GC heap after
Heap after GC invocations=26 (full 3):
 PSYoungGen      total 301568K, used 16096K [0x00000000eb900000, 0x0000000100000000, 0x0000000100000000)
  eden space 268288K, 0% used [0x00000000eb900000,0x00000000eb900000,0x00000000fbf00000)
  from space 33280K, 48% used [0x00000000fbf00000,0x00000000fceb8000,0x00000000fdf80000)
  to   space 32256K, 0% used [0x00000000fe080000,0x00000000fe080000,0x0000000100000000)
 ParOldGen       total 109056K, used 69358K [0x00000000c2a00000, 0x00000000c9480000, 0x00000000eb900000)
  object space 109056K, 63% used [0x00000000c2a00000,0x00000000c6dbbb00,0x00000000c9480000)
 Metaspace       used 28184K, capacity 29010K, committed 29184K, reserved 1075200K
  class space    used 3311K, capacity 3515K, committed 3584K, reserved 1048576K
}
Event: 64.522 GC heap before
{Heap before GC invocations=27 (full 3):
 PSYoungGen      total 301568K, used 284384K [0x00000000eb900000, 0x0000000100000000, 0x0000000100000000)
  eden space 268288K, 100% used [0x00000000eb900000,0x00000000fbf00000,0x00000000fbf00000)
  from space 33280K, 48% used [0x00000000fbf00000,0x00000000fceb8000,0x00000000fdf80000)
  to   space 32256K, 0% used [0x00000000fe080000,0x00000000fe080000,0x0000000100000000)
 ParOldGen       total 109056K, used 69358K [0x00000000c2a00000, 0x00000000c9480000, 0x00000000eb900000)
  object space 109056K, 63% used [0x00000000c2a00000,0x00000000c6dbbb00,0x00000000c9480000)
 Metaspace       used 28203K, capacity 29022K, committed 29184K, reserved 1075200K
  class space    used 3312K, capacity 3517K, committed 3584K, reserved 1048576K
Event: 64.600 GC heap after
Heap after GC invocations=27 (full 3):
 PSYoungGen      total 299520K, used 7008K [0x00000000eb900000, 0x00000000ffe00000, 0x0000000100000000)
  eden space 269312K, 0% used [0x00000000eb900000,0x00000000eb900000,0x00000000fc000000)
  from space 30208K, 23% used [0x00000000fe080000,0x00000000fe758000,0x00000000ffe00000)
  to   space 31744K, 0% used [0x00000000fc000000,0x00000000fc000000,0x00000000fdf00000)
 ParOldGen       total 109056K, used 79435K [0x00000000c2a00000, 0x00000000c9480000, 0x00000000eb900000)
  object space 109056K, 72% used [0x00000000c2a00000,0x00000000c7792dc0,0x00000000c9480000)
 Metaspace       used 28203K, capacity 29022K, committed 29184K, reserved 1075200K
  class space    used 3312K, capacity 3517K, committed 3584K, reserved 1048576K
}
Event: 77.194 GC heap before
{Heap before GC invocations=28 (full 3):
 PSYoungGen      total 299520K, used 276320K [0x00000000eb900000, 0x00000000ffe00000, 0x0000000100000000)
  eden space 269312K, 100% used [0x00000000eb900000,0x00000000fc000000,0x00000000fc000000)
  from space 30208K, 23% used [0x00000000fe080000,0x00000000fe758000,0x00000000ffe00000)
  to   space 31744K, 0% used [0x00000000fc000000,0x00000000fc000000,0x00000000fdf00000)
 ParOldGen       total 109056K, used 79435K [0x00000000c2a00000, 0x00000000c9480000, 0x00000000eb900000)
  object space 109056K, 72% used [0x00000000c2a00000,0x00000000c7792dc0,0x00000000c9480000)
 Metaspace       used 28272K, capacity 29040K, committed 29184K, reserved 1075200K
  class space    used 3314K, capacity 3520K, committed 3584K, reserved 1048576K
Event: 77.385 GC heap after
Heap after GC invocations=28 (full 3):
 PSYoungGen      total 301056K, used 6528K [0x00000000eb900000, 0x00000000fff80000, 0x0000000100000000)
  eden space 269312K, 0% used [0x00000000eb900000,0x00000000eb900000,0x00000000fc000000)
  from space 31744K, 20% used [0x00000000fc000000,0x00000000fc660000,0x00000000fdf00000)
  to   space 30720K, 0% used [0x00000000fe180000,0x00000000fe180000,0x00000000fff80000)
 ParOldGen       total 109056K, used 83548K [0x00000000c2a00000, 0x00000000c9480000, 0x00000000eb900000)
  object space 109056K, 76% used [0x00000000c2a00000,0x00000000c7b97238,0x00000000c9480000)
 Metaspace       used 28272K, capacity 29040K, committed 29184K, reserved 1075200K
  class space    used 3314K, capacity 3520K, committed 3584K, reserved 1048576K
}

