# JRE version: Java(TM) SE Runtime Environment (8.0_201-b09) (build 1.8.0_201-b09)
# Java VM: Java HotSpot(TM) 64-Bit Server VM (25.201-b09 mixed mode linux-amd64 compressed oops)
Heap:
 PSYoungGen      total 236544K, used 2501K [0x00000000eb900000, 0x00000000fd700000, 0x0000000100000000)
  eden space 226304K, 0% used [0x00000000eb900000,0x00000000eb900000,0x00000000f9600000)
  from space 10240K, 24% used [0x00000000faf00000,0x00000000fb171518,0x00000000fb900000)
  to   space 25600K, 0% used [0x00000000f9600000,0x00000000f9600000,0x00000000faf00000)
 ParOldGen       total 50176K, used 50100K [0x00000000c2a00000, 0x00000000c5b00000, 0x00000000eb900000)
  object space 50176K, 99% used [0x00000000c2a00000,0x00000000c5aed1d8,0x00000000c5b00000)
 Metaspace       used 15052K, capacity 15492K, committed 15616K, reserved 1062912K
  class space    used 1644K, capacity 1782K, committed 1792K, reserved 1048576K
GC Heap History (10 events):
Event: 34.650 GC heap after
Heap after GC invocations=5 (full 1):
 PSYoungGen      total 66048K, used 2560K [0x00000000eb900000, 0x00000000efc00000, 0x0000000100000000)
  eden space 63488K, 0% used [0x00000000eb900000,0x00000000eb900000,0x00000000ef700000)
  from space 2560K, 100% used [0x00000000ef980000,0x00000000efc00000,0x00000000efc00000)
  to   space 2560K, 0% used [0x00000000ef700000,0x00000000ef700000,0x00000000ef980000)
 ParOldGen       total 42496K, used 7633K [0x00000000c2a00000, 0x00000000c5380000, 0x00000000eb900000)
  object space 42496K, 17% used [0x00000000c2a00000,0x00000000c3174528,0x00000000c5380000)
 Metaspace       used 13664K, capacity 13998K, committed 14336K, reserved 1062912K
  class space    used 1565K, capacity 1667K, committed 1792K, reserved 1048576K
}
Event: 35.887 GC heap before
{Heap before GC invocations=6 (full 1):
 PSYoungGen      total 66048K, used 66048K [0x00000000eb900000, 0x00000000efc00000, 0x0000000100000000)
  eden space 63488K, 100% used [0x00000000eb900000,0x00000000ef700000,0x00000000ef700000)
  from space 2560K, 100% used [0x00000000ef980000,0x00000000efc00000,0x00000000efc00000)
  to   space 2560K, 0% used [0x00000000ef700000,0x00000000ef700000,0x00000000ef980000)
 ParOldGen       total 42496K, used 7633K [0x00000000c2a00000, 0x00000000c5380000, 0x00000000eb900000)
  object space 42496K, 17% used [0x00000000c2a00000,0x00000000c3174528,0x00000000c5380000)
 Metaspace       used 13757K, capacity 14126K, committed 14336K, reserved 1062912K
  class space    used 1565K, capacity 1667K, committed 1792K, reserved 1048576K
Event: 36.028 GC heap after
Heap after GC invocations=6 (full 1):
 PSYoungGen      total 66048K, used 2528K [0x00000000eb900000, 0x00000000f3a00000, 0x0000000100000000)
  eden space 63488K, 0% used [0x00000000eb900000,0x00000000eb900000,0x00000000ef700000)
  from space 2560K, 98% used [0x00000000ef700000,0x00000000ef978130,0x00000000ef980000)
  to   space 2560K, 0% used [0x00000000f3780000,0x00000000f3780000,0x00000000f3a00000)
 ParOldGen       total 42496K, used 11848K [0x00000000c2a00000, 0x00000000c5380000, 0x00000000eb900000)
  object space 42496K, 27% used [0x00000000c2a00000,0x00000000c3592008,0x00000000c5380000)
 Metaspace       used 13757K, capacity 14126K, committed 14336K, reserved 1062912K
  class space    used 1565K, capacity 1667K, committed 1792K, reserved 1048576K
}
Event: 37.316 GC heap before
{Heap before GC invocations=7 (full 1):
 PSYoungGen      total 66048K, used 66016K [0x00000000eb900000, 0x00000000f3a00000, 0x0000000100000000)
  eden space 63488K, 100% used [0x00000000eb900000,0x00000000ef700000,0x00000000ef700000)
  from space 2560K, 98% used [0x00000000ef700000,0x00000000ef978130,0x00000000ef980000)
  to   space 2560K, 0% used [0x00000000f3780000,0x00000000f3780000,0x00000000f3a00000)
 ParOldGen       total 42496K, used 11848K [0x00000000c2a00000, 0x00000000c5380000, 0x00000000eb900000)
  object space 42496K, 27% used [0x00000000c2a00000,0x00000000c3592008,0x00000000c5380000)
 Metaspace       used 13806K, capacity 14126K, committed 14336K, reserved 1062912K
  class space    used 1565K, capacity 1667K, committed 1792K, reserved 1048576K
Event: 37.381 GC heap after
Heap after GC invocations=7 (full 1):
 PSYoungGen      total 123392K, used 2538K [0x00000000eb900000, 0x00000000f4600000, 0x0000000100000000)
  eden space 120832K, 0% used [0x00000000eb900000,0x00000000eb900000,0x00000000f2f00000)
  from space 2560K, 99% used [0x00000000f3780000,0x00000000f39faa08,0x00000000f3a00000)
  to   space 8704K, 0% used [0x00000000f2f00000,0x00000000f2f00000,0x00000000f3780000)
 ParOldGen       total 42496K, used 16754K [0x00000000c2a00000, 0x00000000c5380000, 0x00000000eb900000)
  object space 42496K, 39% used [0x00000000c2a00000,0x00000000c3a5c958,0x00000000c5380000)
 Metaspace       used 13806K, capacity 14126K, committed 14336K, reserved 1062912K
  class space    used 1565K, capacity 1667K, committed 1792K, reserved 1048576K
}
Event: 76.820 GC heap before
{Heap before GC invocations=8 (full 1):
 PSYoungGen      total 123392K, used 123289K [0x00000000eb900000, 0x00000000f4600000, 0x0000000100000000)
  eden space 120832K, 99% used [0x00000000eb900000,0x00000000f2eebd70,0x00000000f2f00000)
  from space 2560K, 99% used [0x00000000f3780000,0x00000000f39faa08,0x00000000f3a00000)
  to   space 8704K, 0% used [0x00000000f2f00000,0x00000000f2f00000,0x00000000f3780000)
 ParOldGen       total 42496K, used 16754K [0x00000000c2a00000, 0x00000000c5380000, 0x00000000eb900000)
  object space 42496K, 39% used [0x00000000c2a00000,0x00000000c3a5c958,0x00000000c5380000)
 Metaspace       used 15028K, capacity 15482K, committed 15616K, reserved 1062912K
  class space    used 1643K, capacity 1781K, committed 1792K, reserved 1048576K
Event: 76.882 GC heap after
Heap after GC invocations=8 (full 1):
 PSYoungGen      total 129536K, used 8676K [0x00000000eb900000, 0x00000000fb900000, 0x0000000100000000)
  eden space 120832K, 0% used [0x00000000eb900000,0x00000000eb900000,0x00000000f2f00000)
  from space 8704K, 99% used [0x00000000f2f00000,0x00000000f3779318,0x00000000f3780000)
  to   space 10240K, 0% used [0x00000000faf00000,0x00000000faf00000,0x00000000fb900000)
 ParOldGen       total 42496K, used 16802K [0x00000000c2a00000, 0x00000000c5380000, 0x00000000eb900000)
  object space 42496K, 39% used [0x00000000c2a00000,0x00000000c3a68a38,0x00000000c5380000)
 Metaspace       used 15028K, capacity 15482K, committed 15616K, reserved 1062912K
  class space    used 1643K, capacity 1781K, committed 1792K, reserved 1048576K
}
Event: 81.823 GC heap before
{Heap before GC invocations=9 (full 1):
 PSYoungGen      total 129536K, used 129508K [0x00000000eb900000, 0x00000000fb900000, 0x0000000100000000)
  eden space 120832K, 100% used [0x00000000eb900000,0x00000000f2f00000,0x00000000f2f00000)
  from space 8704K, 99% used [0x00000000f2f00000,0x00000000f3779318,0x00000000f3780000)
  to   space 10240K, 0% used [0x00000000faf00000,0x00000000faf00000,0x00000000fb900000)
 ParOldGen       total 42496K, used 16802K [0x00000000c2a00000, 0x00000000c5380000, 0x00000000eb900000)
  object space 42496K, 39% used [0x00000000c2a00000,0x00000000c3a68a38,0x00000000c5380000)
 Metaspace       used 15052K, capacity 15492K, committed 15616K, reserved 1062912K
  class space    used 1644K, capacity 1782K, committed 1792K, reserved 1048576K
Event: 82.005 GC heap after
Heap after GC invocations=9 (full 1):
 PSYoungGen      total 236544K, used 10212K [0x00000000eb900000, 0x00000000fd700000, 0x0000000100000000)
  eden space 226304K, 0% used [0x00000000eb900000,0x00000000eb900000,0x00000000f9600000)
  from space 10240K, 99% used [0x00000000faf00000,0x00000000fb8f9398,0x00000000fb900000)
  to   space 25600K, 0% used [0x00000000f9600000,0x00000000f9600000,0x00000000faf00000)
 ParOldGen       total 50176K, used 48311K [0x00000000c2a00000, 0x00000000c5b00000, 0x00000000eb900000)
  object space 50176K, 96% used [0x00000000c2a00000,0x00000000c592dd18,0x00000000c5b00000)
 Metaspace       used 15052K, capacity 15492K, committed 15616K, reserved 1062912K
  class space    used 1644K, capacity 1782K, committed 1792K, reserved 1048576K
}
Event: 82.005 GC heap before
{Heap before GC invocations=10 (full 2):
 PSYoungGen      total 236544K, used 10212K [0x00000000eb900000, 0x00000000fd700000, 0x0000000100000000)
  eden space 226304K, 0% used [0x00000000eb900000,0x00000000eb900000,0x00000000f9600000)
  from space 10240K, 99% used [0x00000000faf00000,0x00000000fb8f9398,0x00000000fb900000)
  to   space 25600K, 0% used [0x00000000f9600000,0x00000000f9600000,0x00000000faf00000)
 ParOldGen       total 50176K, used 48311K [0x00000000c2a00000, 0x00000000c5b00000, 0x00000000eb900000)
  object space 50176K, 96% used [0x00000000c2a00000,0x00000000c592dd18,0x00000000c5b00000)
 Metaspace       used 15052K, capacity 15492K, committed 15616K, reserved 1062912K
  class space    used 1644K, capacity 1782K, committed 1792K, reserved 1048576K

