# JRE version: Java(TM) SE Runtime Environment (8.0_201-b09) (build 1.8.0_201-b09)
# Java VM: Java HotSpot(TM) 64-Bit Server VM (25.201-b09 mixed mode linux-amd64 compressed oops)
Heap:
 PSYoungGen      total 318464K, used 0K [0x00000000eb900000, 0x0000000100000000, 0x0000000100000000)
  eden space 303616K, 0% used [0x00000000eb900000,0x00000000eb900000,0x00000000fe180000)
  from space 14848K, 0% used [0x00000000fe180000,0x00000000fe180000,0x00000000ff000000)
  to   space 15360K, 0% used [0x00000000ff100000,0x00000000ff100000,0x0000000100000000)
 ParOldGen       total 151040K, used 109207K [0x00000000c2a00000, 0x00000000cbd80000, 0x00000000eb900000)
  object space 151040K, 72% used [0x00000000c2a00000,0x00000000c94a5f60,0x00000000cbd80000)
 Metaspace       used 38393K, capacity 39282K, committed 39552K, reserved 1083392K
  class space    used 4679K, capacity 4886K, committed 4992K, reserved 1048576K
GC Heap History (10 events):
Event: 87.541 GC heap after
Heap after GC invocations=65 (full 3):
 PSYoungGen      total 317440K, used 11535K [0x00000000eb900000, 0x0000000100000000, 0x0000000100000000)
  eden space 303104K, 0% used [0x00000000eb900000,0x00000000eb900000,0x00000000fe100000)
  from space 14336K, 80% used [0x00000000ff200000,0x00000000ffd43d48,0x0000000100000000)
  to   space 15872K, 0% used [0x00000000fe100000,0x00000000fe100000,0x00000000ff080000)
 ParOldGen       total 88576K, used 72889K [0x00000000c2a00000, 0x00000000c8080000, 0x00000000eb900000)
  object space 88576K, 82% used [0x00000000c2a00000,0x00000000c712e588,0x00000000c8080000)
 Metaspace       used 36469K, capacity 37290K, committed 37336K, reserved 1081344K
  class space    used 4484K, capacity 4704K, committed 4736K, reserved 1048576K
}
Event: 87.541 GC heap before
{Heap before GC invocations=66 (full 4):
 PSYoungGen      total 317440K, used 11535K [0x00000000eb900000, 0x0000000100000000, 0x0000000100000000)
  eden space 303104K, 0% used [0x00000000eb900000,0x00000000eb900000,0x00000000fe100000)
  from space 14336K, 80% used [0x00000000ff200000,0x00000000ffd43d48,0x0000000100000000)
  to   space 15872K, 0% used [0x00000000fe100000,0x00000000fe100000,0x00000000ff080000)
 ParOldGen       total 88576K, used 72889K [0x00000000c2a00000, 0x00000000c8080000, 0x00000000eb900000)
  object space 88576K, 82% used [0x00000000c2a00000,0x00000000c712e588,0x00000000c8080000)
 Metaspace       used 36469K, capacity 37290K, committed 37336K, reserved 1081344K
  class space    used 4484K, capacity 4704K, committed 4736K, reserved 1048576K
Event: 89.915 GC heap after
Heap after GC invocations=66 (full 4):
 PSYoungGen      total 317440K, used 0K [0x00000000eb900000, 0x0000000100000000, 0x0000000100000000)
  eden space 303104K, 0% used [0x00000000eb900000,0x00000000eb900000,0x00000000fe100000)
  from space 14336K, 0% used [0x00000000ff200000,0x00000000ff200000,0x0000000100000000)
  to   space 15872K, 0% used [0x00000000fe100000,0x00000000fe100000,0x00000000ff080000)
 ParOldGen       total 130048K, used 79133K [0x00000000c2a00000, 0x00000000ca900000, 0x00000000eb900000)
  object space 130048K, 60% used [0x00000000c2a00000,0x00000000c7747748,0x00000000ca900000)
 Metaspace       used 36469K, capacity 37290K, committed 37336K, reserved 1081344K
  class space    used 4484K, capacity 4704K, committed 4736K, reserved 1048576K
}
Event: 93.125 GC heap before
{Heap before GC invocations=67 (full 4):
 PSYoungGen      total 317440K, used 303104K [0x00000000eb900000, 0x0000000100000000, 0x0000000100000000)
  eden space 303104K, 100% used [0x00000000eb900000,0x00000000fe100000,0x00000000fe100000)
  from space 14336K, 0% used [0x00000000ff200000,0x00000000ff200000,0x0000000100000000)
  to   space 15872K, 0% used [0x00000000fe100000,0x00000000fe100000,0x00000000ff080000)
 ParOldGen       total 130048K, used 79133K [0x00000000c2a00000, 0x00000000ca900000, 0x00000000eb900000)
  object space 130048K, 60% used [0x00000000c2a00000,0x00000000c7747748,0x00000000ca900000)
 Metaspace       used 36873K, capacity 37742K, committed 38144K, reserved 1083392K
  class space    used 4529K, capacity 4744K, committed 4864K, reserved 1048576K
Event: 93.148 GC heap after
Heap after GC invocations=67 (full 4):
 PSYoungGen      total 318976K, used 2816K [0x00000000eb900000, 0x0000000100000000, 0x0000000100000000)
  eden space 303104K, 0% used [0x00000000eb900000,0x00000000eb900000,0x00000000fe100000)
  from space 15872K, 17% used [0x00000000fe100000,0x00000000fe3c0000,0x00000000ff080000)
  to   space 15360K, 0% used [0x00000000ff100000,0x00000000ff100000,0x0000000100000000)
 ParOldGen       total 130048K, used 79141K [0x00000000c2a00000, 0x00000000ca900000, 0x00000000eb900000)
  object space 130048K, 60% used [0x00000000c2a00000,0x00000000c7749748,0x00000000ca900000)
 Metaspace       used 36873K, capacity 37742K, committed 38144K, reserved 1083392K
  class space    used 4529K, capacity 4744K, committed 4864K, reserved 1048576K
}
Event: 95.132 GC heap before
{Heap before GC invocations=68 (full 4):
 PSYoungGen      total 318976K, used 305920K [0x00000000eb900000, 0x0000000100000000, 0x0000000100000000)
  eden space 303104K, 100% used [0x00000000eb900000,0x00000000fe100000,0x00000000fe100000)
  from space 15872K, 17% used [0x00000000fe100000,0x00000000fe3c0000,0x00000000ff080000)
  to   space 15360K, 0% used [0x00000000ff100000,0x00000000ff100000,0x0000000100000000)
 ParOldGen       total 130048K, used 79141K [0x00000000c2a00000, 0x00000000ca900000, 0x00000000eb900000)
  object space 130048K, 60% used [0x00000000c2a00000,0x00000000c7749748,0x00000000ca900000)
 Metaspace       used 37232K, capacity 38130K, committed 38400K, reserved 1083392K
  class space    used 4562K, capacity 4784K, committed 4864K, reserved 1048576K
Event: 95.139 GC heap after
Heap after GC invocations=68 (full 4):
 PSYoungGen      total 317440K, used 6112K [0x00000000eb900000, 0x00000000ffe80000, 0x0000000100000000)
  eden space 303616K, 0% used [0x00000000eb900000,0x00000000eb900000,0x00000000fe180000)
  from space 13824K, 44% used [0x00000000ff100000,0x00000000ff6f8000,0x00000000ffe80000)
  to   space 14848K, 0% used [0x00000000fe180000,0x00000000fe180000,0x00000000ff000000)
 ParOldGen       total 130048K, used 79149K [0x00000000c2a00000, 0x00000000ca900000, 0x00000000eb900000)
  object space 130048K, 60% used [0x00000000c2a00000,0x00000000c774b748,0x00000000ca900000)
 Metaspace       used 37232K, capacity 38130K, committed 38400K, reserved 1083392K
  class space    used 4562K, capacity 4784K, committed 4864K, reserved 1048576K
}
Event: 97.193 GC heap before
{Heap before GC invocations=69 (full 4):
 PSYoungGen      total 317440K, used 309728K [0x00000000eb900000, 0x00000000ffe80000, 0x0000000100000000)
  eden space 303616K, 100% used [0x00000000eb900000,0x00000000fe180000,0x00000000fe180000)
  from space 13824K, 44% used [0x00000000ff100000,0x00000000ff6f8000,0x00000000ffe80000)
  to   space 14848K, 0% used [0x00000000fe180000,0x00000000fe180000,0x00000000ff000000)
 ParOldGen       total 130048K, used 79149K [0x00000000c2a00000, 0x00000000ca900000, 0x00000000eb900000)
  object space 130048K, 60% used [0x00000000c2a00000,0x00000000c774b748,0x00000000ca900000)
 Metaspace       used 38393K, capacity 39282K, committed 39552K, reserved 1083392K
  class space    used 4679K, capacity 4886K, committed 4992K, reserved 1048576K
Event: 97.454 GC heap after
Heap after GC invocations=69 (full 4):
 PSYoungGen      total 318464K, used 9664K [0x00000000eb900000, 0x0000000100000000, 0x0000000100000000)
  eden space 303616K, 0% used [0x00000000eb900000,0x00000000eb900000,0x00000000fe180000)
  from space 14848K, 65% used [0x00000000fe180000,0x00000000feaf0000,0x00000000ff000000)
  to   space 15360K, 0% used [0x00000000ff100000,0x00000000ff100000,0x0000000100000000)
 ParOldGen       total 151040K, used 140827K [0x00000000c2a00000, 0x00000000cbd80000, 0x00000000eb900000)
  object space 151040K, 93% used [0x00000000c2a00000,0x00000000cb386c28,0x00000000cbd80000)
 Metaspace       used 38393K, capacity 39282K, committed 39552K, reserved 1083392K
  class space    used 4679K, capacity 4886K, committed 4992K, reserved 1048576K
}
Event: 97.464 GC heap before
{Heap before GC invocations=70 (full 5):
 PSYoungGen      total 318464K, used 9664K [0x00000000eb900000, 0x0000000100000000, 0x0000000100000000)
  eden space 303616K, 0% used [0x00000000eb900000,0x00000000eb900000,0x00000000fe180000)
  from space 14848K, 65% used [0x00000000fe180000,0x00000000feaf0000,0x00000000ff000000)
  to   space 15360K, 0% used [0x00000000ff100000,0x00000000ff100000,0x0000000100000000)
 ParOldGen       total 151040K, used 140827K [0x00000000c2a00000, 0x00000000cbd80000, 0x00000000eb900000)
  object space 151040K, 93% used [0x00000000c2a00000,0x00000000cb386c28,0x00000000cbd80000)
 Metaspace       used 38393K, capacity 39282K, committed 39552K, reserved 1083392K
  class space    used 4679K, capacity 4886K, committed 4992K, reserved 1048576K

