# JRE version: Java(TM) SE Runtime Environment (8.0_201-b09) (build 1.8.0_201-b09)
# Java VM: Java HotSpot(TM) 64-Bit Server VM (25.201-b09 mixed mode linux-amd64 compressed oops)
Heap:
 PSYoungGen      total 258048K, used 26624K [0x00000000eb900000, 0x00000000fd700000, 0x0000000100000000)
  eden space 231424K, 0% used [0x00000000eb900000,0x00000000eb900000,0x00000000f9b00000)
  from space 26624K, 100% used [0x00000000fa300000,0x00000000fbd00000,0x00000000fbd00000)
  to   space 17920K, 0% used [0x00000000fc580000,0x00000000fc580000,0x00000000fd700000)
 ParOldGen       total 133632K, used 75422K [0x00000000c2a00000, 0x00000000cac80000, 0x00000000eb900000)
  object space 133632K, 56% used [0x00000000c2a00000,0x00000000c73a79d0,0x00000000cac80000)
 Metaspace       used 23517K, capacity 24176K, committed 24192K, reserved 1071104K
  class space    used 2492K, capacity 2680K, committed 2688K, reserved 1048576K
GC Heap History (10 events):
Event: 29.238 GC heap after
Heap after GC invocations=17 (full 2):
 PSYoungGen      total 195584K, used 16352K [0x00000000eb900000, 0x00000000fb000000, 0x0000000100000000)
  eden space 179200K, 0% used [0x00000000eb900000,0x00000000eb900000,0x00000000f6800000)
  from space 16384K, 99% used [0x00000000f6800000,0x00000000f77f8010,0x00000000f7800000)
  to   space 20480K, 0% used [0x00000000f9c00000,0x00000000f9c00000,0x00000000fb000000)
 ParOldGen       total 74752K, used 43260K [0x00000000c2a00000, 0x00000000c7300000, 0x00000000eb900000)
  object space 74752K, 57% used [0x00000000c2a00000,0x00000000c543f0d0,0x00000000c7300000)
 Metaspace       used 23236K, capacity 23884K, committed 23936K, reserved 1071104K
  class space    used 2486K, capacity 2674K, committed 2688K, reserved 1048576K
}
Event: 33.354 GC heap before
{Heap before GC invocations=18 (full 2):
 PSYoungGen      total 195584K, used 195552K [0x00000000eb900000, 0x00000000fb000000, 0x0000000100000000)
  eden space 179200K, 100% used [0x00000000eb900000,0x00000000f6800000,0x00000000f6800000)
  from space 16384K, 99% used [0x00000000f6800000,0x00000000f77f8010,0x00000000f7800000)
  to   space 20480K, 0% used [0x00000000f9c00000,0x00000000f9c00000,0x00000000fb000000)
 ParOldGen       total 74752K, used 43260K [0x00000000c2a00000, 0x00000000c7300000, 0x00000000eb900000)
  object space 74752K, 57% used [0x00000000c2a00000,0x00000000c543f0d0,0x00000000c7300000)
 Metaspace       used 23291K, capacity 23960K, committed 24192K, reserved 1071104K
  class space    used 2488K, capacity 2676K, committed 2688K, reserved 1048576K
Event: 33.529 GC heap after
Heap after GC invocations=18 (full 2):
 PSYoungGen      total 226304K, used 20464K [0x00000000eb900000, 0x00000000fc100000, 0x0000000100000000)
  eden space 205824K, 0% used [0x00000000eb900000,0x00000000eb900000,0x00000000f8200000)
  from space 20480K, 99% used [0x00000000f9c00000,0x00000000faffc010,0x00000000fb000000)
  to   space 26624K, 0% used [0x00000000f8200000,0x00000000f8200000,0x00000000f9c00000)
 ParOldGen       total 74752K, used 50622K [0x00000000c2a00000, 0x00000000c7300000, 0x00000000eb900000)
  object space 74752K, 67% used [0x00000000c2a00000,0x00000000c5b6f850,0x00000000c7300000)
 Metaspace       used 23291K, capacity 23960K, committed 24192K, reserved 1071104K
  class space    used 2488K, capacity 2676K, committed 2688K, reserved 1048576K
}
Event: 37.782 GC heap before
{Heap before GC invocations=19 (full 2):
 PSYoungGen      total 226304K, used 226288K [0x00000000eb900000, 0x00000000fc100000, 0x0000000100000000)
  eden space 205824K, 100% used [0x00000000eb900000,0x00000000f8200000,0x00000000f8200000)
  from space 20480K, 99% used [0x00000000f9c00000,0x00000000faffc010,0x00000000fb000000)
  to   space 26624K, 0% used [0x00000000f8200000,0x00000000f8200000,0x00000000f9c00000)
 ParOldGen       total 74752K, used 50622K [0x00000000c2a00000, 0x00000000c7300000, 0x00000000eb900000)
  object space 74752K, 67% used [0x00000000c2a00000,0x00000000c5b6f850,0x00000000c7300000)
 Metaspace       used 23368K, capacity 24042K, committed 24192K, reserved 1071104K
  class space    used 2490K, capacity 2679K, committed 2688K, reserved 1048576K
Event: 37.892 GC heap after
Heap after GC invocations=19 (full 2):
 PSYoungGen      total 232448K, used 12096K [0x00000000eb900000, 0x00000000fde80000, 0x0000000100000000)
  eden space 205824K, 0% used [0x00000000eb900000,0x00000000eb900000,0x00000000f8200000)
  from space 26624K, 45% used [0x00000000f8200000,0x00000000f8dd0000,0x00000000f9c00000)
  to   space 25600K, 0% used [0x00000000fc580000,0x00000000fc580000,0x00000000fde80000)
 ParOldGen       total 74752K, used 69920K [0x00000000c2a00000, 0x00000000c7300000, 0x00000000eb900000)
  object space 74752K, 93% used [0x00000000c2a00000,0x00000000c6e48330,0x00000000c7300000)
 Metaspace       used 23368K, capacity 24042K, committed 24192K, reserved 1071104K
  class space    used 2490K, capacity 2679K, committed 2688K, reserved 1048576K
}
Event: 37.892 GC heap before
{Heap before GC invocations=20 (full 3):
 PSYoungGen      total 232448K, used 12096K [0x00000000eb900000, 0x00000000fde80000, 0x0000000100000000)
  eden space 205824K, 0% used [0x00000000eb900000,0x00000000eb900000,0x00000000f8200000)
  from space 26624K, 45% used [0x00000000f8200000,0x00000000f8dd0000,0x00000000f9c00000)
  to   space 25600K, 0% used [0x00000000fc580000,0x00000000fc580000,0x00000000fde80000)
 ParOldGen       total 74752K, used 69920K [0x00000000c2a00000, 0x00000000c7300000, 0x00000000eb900000)
  object space 74752K, 93% used [0x00000000c2a00000,0x00000000c6e48330,0x00000000c7300000)
 Metaspace       used 23368K, capacity 24042K, committed 24192K, reserved 1071104K
  class space    used 2490K, capacity 2679K, committed 2688K, reserved 1048576K
Event: 39.432 GC heap after
Heap after GC invocations=20 (full 3):
 PSYoungGen      total 232448K, used 2765K [0x00000000eb900000, 0x00000000fde80000, 0x0000000100000000)
  eden space 205824K, 0% used [0x00000000eb900000,0x00000000eb900000,0x00000000f8200000)
  from space 26624K, 10% used [0x00000000f8200000,0x00000000f84b3498,0x00000000f9c00000)
  to   space 25600K, 0% used [0x00000000fc580000,0x00000000fc580000,0x00000000fde80000)
 ParOldGen       total 133632K, used 74706K [0x00000000c2a00000, 0x00000000cac80000, 0x00000000eb900000)
  object space 133632K, 55% used [0x00000000c2a00000,0x00000000c72f4950,0x00000000cac80000)
 Metaspace       used 23368K, capacity 24042K, committed 24192K, reserved 1071104K
  class space    used 2490K, capacity 2679K, committed 2688K, reserved 1048576K
}
Event: 41.980 GC heap before
{Heap before GC invocations=21 (full 3):
 PSYoungGen      total 232448K, used 208589K [0x00000000eb900000, 0x00000000fde80000, 0x0000000100000000)
  eden space 205824K, 100% used [0x00000000eb900000,0x00000000f8200000,0x00000000f8200000)
  from space 26624K, 10% used [0x00000000f8200000,0x00000000f84b3498,0x00000000f9c00000)
  to   space 25600K, 0% used [0x00000000fc580000,0x00000000fc580000,0x00000000fde80000)
 ParOldGen       total 133632K, used 74706K [0x00000000c2a00000, 0x00000000cac80000, 0x00000000eb900000)
  object space 133632K, 55% used [0x00000000c2a00000,0x00000000c72f4950,0x00000000cac80000)
 Metaspace       used 23449K, capacity 24106K, committed 24192K, reserved 1071104K
  class space    used 2491K, capacity 2679K, committed 2688K, reserved 1048576K
Event: 42.079 GC heap after
Heap after GC invocations=21 (full 3):
 PSYoungGen      total 249344K, used 17472K [0x00000000eb900000, 0x00000000fd700000, 0x0000000100000000)
  eden space 231424K, 0% used [0x00000000eb900000,0x00000000eb900000,0x00000000f9b00000)
  from space 17920K, 97% used [0x00000000fc580000,0x00000000fd690000,0x00000000fd700000)
  to   space 26624K, 0% used [0x00000000fa300000,0x00000000fa300000,0x00000000fbd00000)
 ParOldGen       total 133632K, used 74714K [0x00000000c2a00000, 0x00000000cac80000, 0x00000000eb900000)
  object space 133632K, 55% used [0x00000000c2a00000,0x00000000c72f6950,0x00000000cac80000)
 Metaspace       used 23449K, capacity 24106K, committed 24192K, reserved 1071104K
  class space    used 2491K, capacity 2679K, committed 2688K, reserved 1048576K
}
Event: 43.871 GC heap before
{Heap before GC invocations=22 (full 3):
 PSYoungGen      total 249344K, used 248896K [0x00000000eb900000, 0x00000000fd700000, 0x0000000100000000)
  eden space 231424K, 100% used [0x00000000eb900000,0x00000000f9b00000,0x00000000f9b00000)
  from space 17920K, 97% used [0x00000000fc580000,0x00000000fd690000,0x00000000fd700000)
  to   space 26624K, 0% used [0x00000000fa300000,0x00000000fa300000,0x00000000fbd00000)
 ParOldGen       total 133632K, used 74714K [0x00000000c2a00000, 0x00000000cac80000, 0x00000000eb900000)
  object space 133632K, 55% used [0x00000000c2a00000,0x00000000c72f6950,0x00000000cac80000)
 Metaspace       used 23517K, capacity 24176K, committed 24192K, reserved 1071104K
  class space    used 2492K, capacity 2680K, committed 2688K, reserved 1048576K

