# JRE version: Java(TM) SE Runtime Environment (8.0_201-b09) (build 1.8.0_201-b09)
# Java VM: Java HotSpot(TM) 64-Bit Server VM (25.201-b09 mixed mode linux-amd64 compressed oops)
Heap:
 PSYoungGen      total 252416K, used 8120K [0x00000000eb900000, 0x00000000fb900000, 0x0000000100000000)
  eden space 244224K, 0% used [0x00000000eb900000,0x00000000eb900000,0x00000000fa780000)
  from space 8192K, 99% used [0x00000000fa780000,0x00000000faf6e1e8,0x00000000faf80000)
  to   space 6656K, 0% used [0x00000000faf80000,0x00000000faf80000,0x00000000fb600000)
 ParOldGen       total 42496K, used 13919K [0x00000000c2a00000, 0x00000000c5380000, 0x00000000eb900000)
  object space 42496K, 32% used [0x00000000c2a00000,0x00000000c3797d18,0x00000000c5380000)
 Metaspace       used 13933K, capacity 14342K, committed 14592K, reserved 1062912K
  class space    used 1590K, capacity 1708K, committed 1792K, reserved 1048576K
GC Heap History (10 events):
Event: 31.770 GC heap after
Heap after GC invocations=5 (full 1):
 PSYoungGen      total 66048K, used 2532K [0x00000000eb900000, 0x00000000efc00000, 0x0000000100000000)
  eden space 63488K, 0% used [0x00000000eb900000,0x00000000eb900000,0x00000000ef700000)
  from space 2560K, 98% used [0x00000000ef980000,0x00000000efbf9130,0x00000000efc00000)
  to   space 2560K, 0% used [0x00000000ef700000,0x00000000ef700000,0x00000000ef980000)
 ParOldGen       total 42496K, used 6323K [0x00000000c2a00000, 0x00000000c5380000, 0x00000000eb900000)
  object space 42496K, 14% used [0x00000000c2a00000,0x00000000c302cfa0,0x00000000c5380000)
 Metaspace       used 13756K, capacity 14144K, committed 14336K, reserved 1062912K
  class space    used 1589K, capacity 1707K, committed 1792K, reserved 1048576K
}
Event: 33.151 GC heap before
{Heap before GC invocations=6 (full 1):
 PSYoungGen      total 66048K, used 66020K [0x00000000eb900000, 0x00000000efc00000, 0x0000000100000000)
  eden space 63488K, 100% used [0x00000000eb900000,0x00000000ef700000,0x00000000ef700000)
  from space 2560K, 98% used [0x00000000ef980000,0x00000000efbf9130,0x00000000efc00000)
  to   space 2560K, 0% used [0x00000000ef700000,0x00000000ef700000,0x00000000ef980000)
 ParOldGen       total 42496K, used 6323K [0x00000000c2a00000, 0x00000000c5380000, 0x00000000eb900000)
  object space 42496K, 14% used [0x00000000c2a00000,0x00000000c302cfa0,0x00000000c5380000)
 Metaspace       used 13824K, capacity 14208K, committed 14592K, reserved 1062912K
  class space    used 1589K, capacity 1707K, committed 1792K, reserved 1048576K
Event: 33.174 GC heap after
Heap after GC invocations=6 (full 1):
 PSYoungGen      total 66048K, used 2560K [0x00000000eb900000, 0x00000000f3a00000, 0x0000000100000000)
  eden space 63488K, 0% used [0x00000000eb900000,0x00000000eb900000,0x00000000ef700000)
  from space 2560K, 100% used [0x00000000ef700000,0x00000000ef980000,0x00000000ef980000)
  to   space 2560K, 0% used [0x00000000f3780000,0x00000000f3780000,0x00000000f3a00000)
 ParOldGen       total 42496K, used 9657K [0x00000000c2a00000, 0x00000000c5380000, 0x00000000eb900000)
  object space 42496K, 22% used [0x00000000c2a00000,0x00000000c336e538,0x00000000c5380000)
 Metaspace       used 13824K, capacity 14208K, committed 14592K, reserved 1062912K
  class space    used 1589K, capacity 1707K, committed 1792K, reserved 1048576K
}
Event: 34.798 GC heap before
{Heap before GC invocations=7 (full 1):
 PSYoungGen      total 66048K, used 66048K [0x00000000eb900000, 0x00000000f3a00000, 0x0000000100000000)
  eden space 63488K, 100% used [0x00000000eb900000,0x00000000ef700000,0x00000000ef700000)
  from space 2560K, 100% used [0x00000000ef700000,0x00000000ef980000,0x00000000ef980000)
  to   space 2560K, 0% used [0x00000000f3780000,0x00000000f3780000,0x00000000f3a00000)
 ParOldGen       total 42496K, used 9657K [0x00000000c2a00000, 0x00000000c5380000, 0x00000000eb900000)
  object space 42496K, 22% used [0x00000000c2a00000,0x00000000c336e538,0x00000000c5380000)
 Metaspace       used 13857K, capacity 14208K, committed 14592K, reserved 1062912K
  class space    used 1589K, capacity 1707K, committed 1792K, reserved 1048576K
Event: 34.842 GC heap after
Heap after GC invocations=7 (full 1):
 PSYoungGen      total 125440K, used 2560K [0x00000000eb900000, 0x00000000f4200000, 0x0000000100000000)
  eden space 122880K, 0% used [0x00000000eb900000,0x00000000eb900000,0x00000000f3100000)
  from space 2560K, 100% used [0x00000000f3780000,0x00000000f3a00000,0x00000000f3a00000)
  to   space 6656K, 0% used [0x00000000f3100000,0x00000000f3100000,0x00000000f3780000)
 ParOldGen       total 42496K, used 10633K [0x00000000c2a00000, 0x00000000c5380000, 0x00000000eb900000)
  object space 42496K, 25% used [0x00000000c2a00000,0x00000000c3462568,0x00000000c5380000)
 Metaspace       used 13857K, capacity 14208K, committed 14592K, reserved 1062912K
  class space    used 1589K, capacity 1707K, committed 1792K, reserved 1048576K
}
Event: 36.870 GC heap before
{Heap before GC invocations=8 (full 1):
 PSYoungGen      total 125440K, used 125440K [0x00000000eb900000, 0x00000000f4200000, 0x0000000100000000)
  eden space 122880K, 100% used [0x00000000eb900000,0x00000000f3100000,0x00000000f3100000)
  from space 2560K, 100% used [0x00000000f3780000,0x00000000f3a00000,0x00000000f3a00000)
  to   space 6656K, 0% used [0x00000000f3100000,0x00000000f3100000,0x00000000f3780000)
 ParOldGen       total 42496K, used 10633K [0x00000000c2a00000, 0x00000000c5380000, 0x00000000eb900000)
  object space 42496K, 25% used [0x00000000c2a00000,0x00000000c3462568,0x00000000c5380000)
 Metaspace       used 13893K, capacity 14336K, committed 14592K, reserved 1062912K
  class space    used 1589K, capacity 1707K, committed 1792K, reserved 1048576K
Event: 36.888 GC heap after
Heap after GC invocations=8 (full 1):
 PSYoungGen      total 129536K, used 4640K [0x00000000eb900000, 0x00000000fb600000, 0x0000000100000000)
  eden space 122880K, 0% used [0x00000000eb900000,0x00000000eb900000,0x00000000f3100000)
  from space 6656K, 69% used [0x00000000f3100000,0x00000000f3588010,0x00000000f3780000)
  to   space 6656K, 0% used [0x00000000faf80000,0x00000000faf80000,0x00000000fb600000)
 ParOldGen       total 42496K, used 10641K [0x00000000c2a00000, 0x00000000c5380000, 0x00000000eb900000)
  object space 42496K, 25% used [0x00000000c2a00000,0x00000000c3464568,0x00000000c5380000)
 Metaspace       used 13893K, capacity 14336K, committed 14592K, reserved 1062912K
  class space    used 1589K, capacity 1707K, committed 1792K, reserved 1048576K
}
Event: 37.948 GC heap before
{Heap before GC invocations=9 (full 1):
 PSYoungGen      total 129536K, used 127520K [0x00000000eb900000, 0x00000000fb600000, 0x0000000100000000)
  eden space 122880K, 100% used [0x00000000eb900000,0x00000000f3100000,0x00000000f3100000)
  from space 6656K, 69% used [0x00000000f3100000,0x00000000f3588010,0x00000000f3780000)
  to   space 6656K, 0% used [0x00000000faf80000,0x00000000faf80000,0x00000000fb600000)
 ParOldGen       total 42496K, used 10641K [0x00000000c2a00000, 0x00000000c5380000, 0x00000000eb900000)
  object space 42496K, 25% used [0x00000000c2a00000,0x00000000c3464568,0x00000000c5380000)
 Metaspace       used 13919K, capacity 14336K, committed 14592K, reserved 1062912K
  class space    used 1589K, capacity 1707K, committed 1792K, reserved 1048576K
Event: 38.000 GC heap after
Heap after GC invocations=9 (full 1):
 PSYoungGen      total 250880K, used 6640K [0x00000000eb900000, 0x00000000fb900000, 0x0000000100000000)
  eden space 244224K, 0% used [0x00000000eb900000,0x00000000eb900000,0x00000000fa780000)
  from space 6656K, 99% used [0x00000000faf80000,0x00000000fb5fc140,0x00000000fb600000)
  to   space 8192K, 0% used [0x00000000fa780000,0x00000000fa780000,0x00000000faf80000)
 ParOldGen       total 42496K, used 12783K [0x00000000c2a00000, 0x00000000c5380000, 0x00000000eb900000)
  object space 42496K, 30% used [0x00000000c2a00000,0x00000000c367bd18,0x00000000c5380000)
 Metaspace       used 13919K, capacity 14336K, committed 14592K, reserved 1062912K
  class space    used 1589K, capacity 1707K, committed 1792K, reserved 1048576K
}
Event: 40.559 GC heap before
{Heap before GC invocations=10 (full 1):
 PSYoungGen      total 250880K, used 250864K [0x00000000eb900000, 0x00000000fb900000, 0x0000000100000000)
  eden space 244224K, 100% used [0x00000000eb900000,0x00000000fa780000,0x00000000fa780000)
  from space 6656K, 99% used [0x00000000faf80000,0x00000000fb5fc140,0x00000000fb600000)
  to   space 8192K, 0% used [0x00000000fa780000,0x00000000fa780000,0x00000000faf80000)
 ParOldGen       total 42496K, used 12783K [0x00000000c2a00000, 0x00000000c5380000, 0x00000000eb900000)
  object space 42496K, 30% used [0x00000000c2a00000,0x00000000c367bd18,0x00000000c5380000)
 Metaspace       used 13933K, capacity 14342K, committed 14592K, reserved 1062912K
  class space    used 1590K, capacity 1708K, committed 1792K, reserved 1048576K

