# JRE version: Java(TM) SE Runtime Environment (8.0_201-b09) (build 1.8.0_201-b09)
# Java VM: Java HotSpot(TM) 64-Bit Server VM (25.201-b09 mixed mode linux-amd64 compressed oops)
Heap:
 PSYoungGen      total 313344K, used 239801K [0x00000000eb900000, 0x0000000100000000, 0x0000000100000000)
  eden space 297984K, 75% used [0x00000000eb900000,0x00000000f945a648,0x00000000fdc00000)
  from space 15360K, 98% used [0x00000000fdc00000,0x00000000fead4010,0x00000000feb00000)
  to   space 19968K, 0% used [0x00000000fec80000,0x00000000fec80000,0x0000000100000000)
 ParOldGen       total 80384K, used 47100K [0x00000000c2a00000, 0x00000000c7880000, 0x00000000eb900000)
  object space 80384K, 58% used [0x00000000c2a00000,0x00000000c57ff200,0x00000000c7880000)
 Metaspace       used 24051K, capacity 24654K, committed 24832K, reserved 1071104K
  class space    used 2531K, capacity 2699K, committed 2816K, reserved 1048576K
GC Heap History (10 events):
Event: 19.784 GC heap before
{Heap before GC invocations=15 (full 2):
 PSYoungGen      total 319488K, used 8692K [0x00000000eb900000, 0x0000000100000000, 0x0000000100000000)
  eden space 310784K, 0% used [0x00000000eb900000,0x00000000eb900000,0x00000000fe880000)
  from space 8704K, 99% used [0x00000000fe880000,0x00000000ff0fd2b8,0x00000000ff100000)
  to   space 15360K, 0% used [0x00000000ff100000,0x00000000ff100000,0x0000000100000000)
 ParOldGen       total 43520K, used 43430K [0x00000000c2a00000, 0x00000000c5480000, 0x00000000eb900000)
  object space 43520K, 99% used [0x00000000c2a00000,0x00000000c5469b98,0x00000000c5480000)
 Metaspace       used 20869K, capacity 21178K, committed 21296K, reserved 1069056K
  class space    used 2310K, capacity 2403K, committed 2432K, reserved 1048576K
Event: 20.538 GC heap after
Heap after GC invocations=15 (full 2):
 PSYoungGen      total 319488K, used 3563K [0x00000000eb900000, 0x0000000100000000, 0x0000000100000000)
  eden space 310784K, 0% used [0x00000000eb900000,0x00000000eb900000,0x00000000fe880000)
  from space 8704K, 40% used [0x00000000fe880000,0x00000000febfae18,0x00000000ff100000)
  to   space 15360K, 0% used [0x00000000ff100000,0x00000000ff100000,0x0000000100000000)
 ParOldGen       total 80384K, used 43481K [0x00000000c2a00000, 0x00000000c7880000, 0x00000000eb900000)
  object space 80384K, 54% used [0x00000000c2a00000,0x00000000c5476600,0x00000000c7880000)
 Metaspace       used 20869K, capacity 21178K, committed 21296K, reserved 1069056K
  class space    used 2310K, capacity 2403K, committed 2432K, reserved 1048576K
}
Event: 27.481 GC heap before
{Heap before GC invocations=16 (full 2):
 PSYoungGen      total 319488K, used 314347K [0x00000000eb900000, 0x0000000100000000, 0x0000000100000000)
  eden space 310784K, 100% used [0x00000000eb900000,0x00000000fe880000,0x00000000fe880000)
  from space 8704K, 40% used [0x00000000fe880000,0x00000000febfae18,0x00000000ff100000)
  to   space 15360K, 0% used [0x00000000ff100000,0x00000000ff100000,0x0000000100000000)
 ParOldGen       total 80384K, used 43481K [0x00000000c2a00000, 0x00000000c7880000, 0x00000000eb900000)
  object space 80384K, 54% used [0x00000000c2a00000,0x00000000c5476600,0x00000000c7880000)
 Metaspace       used 23425K, capacity 24018K, committed 24320K, reserved 1071104K
  class space    used 2505K, capacity 2689K, committed 2816K, reserved 1048576K
Event: 27.595 GC heap after
Heap after GC invocations=16 (full 2):
 PSYoungGen      total 317440K, used 8431K [0x00000000eb900000, 0x0000000100000000, 0x0000000100000000)
  eden space 302080K, 0% used [0x00000000eb900000,0x00000000eb900000,0x00000000fe000000)
  from space 15360K, 54% used [0x00000000ff100000,0x00000000ff93bc28,0x0000000100000000)
  to   space 16384K, 0% used [0x00000000fe000000,0x00000000fe000000,0x00000000ff000000)
 ParOldGen       total 80384K, used 47076K [0x00000000c2a00000, 0x00000000c7880000, 0x00000000eb900000)
  object space 80384K, 58% used [0x00000000c2a00000,0x00000000c57f9200,0x00000000c7880000)
 Metaspace       used 23425K, capacity 24018K, committed 24320K, reserved 1071104K
  class space    used 2505K, capacity 2689K, committed 2816K, reserved 1048576K
}
Event: 33.023 GC heap before
{Heap before GC invocations=17 (full 2):
 PSYoungGen      total 317440K, used 310511K [0x00000000eb900000, 0x0000000100000000, 0x0000000100000000)
  eden space 302080K, 100% used [0x00000000eb900000,0x00000000fe000000,0x00000000fe000000)
  from space 15360K, 54% used [0x00000000ff100000,0x00000000ff93bc28,0x0000000100000000)
  to   space 16384K, 0% used [0x00000000fe000000,0x00000000fe000000,0x00000000ff000000)
 ParOldGen       total 80384K, used 47076K [0x00000000c2a00000, 0x00000000c7880000, 0x00000000eb900000)
  object space 80384K, 58% used [0x00000000c2a00000,0x00000000c57f9200,0x00000000c7880000)
 Metaspace       used 23634K, capacity 24222K, committed 24576K, reserved 1071104K
  class space    used 2508K, capacity 2691K, committed 2816K, reserved 1048576K
Event: 33.036 GC heap after
Heap after GC invocations=17 (full 2):
 PSYoungGen      total 313344K, used 11038K [0x00000000eb900000, 0x0000000100000000, 0x0000000100000000)
  eden space 302080K, 0% used [0x00000000eb900000,0x00000000eb900000,0x00000000fe000000)
  from space 11264K, 97% used [0x00000000fe000000,0x00000000feac7840,0x00000000feb00000)
  to   space 16896K, 0% used [0x00000000fef80000,0x00000000fef80000,0x0000000100000000)
 ParOldGen       total 80384K, used 47084K [0x00000000c2a00000, 0x00000000c7880000, 0x00000000eb900000)
  object space 80384K, 58% used [0x00000000c2a00000,0x00000000c57fb200,0x00000000c7880000)
 Metaspace       used 23634K, capacity 24222K, committed 24576K, reserved 1071104K
  class space    used 2508K, capacity 2691K, committed 2816K, reserved 1048576K
}
Event: 37.362 GC heap before
{Heap before GC invocations=18 (full 2):
 PSYoungGen      total 313344K, used 313118K [0x00000000eb900000, 0x0000000100000000, 0x0000000100000000)
  eden space 302080K, 100% used [0x00000000eb900000,0x00000000fe000000,0x00000000fe000000)
  from space 11264K, 97% used [0x00000000fe000000,0x00000000feac7840,0x00000000feb00000)
  to   space 16896K, 0% used [0x00000000fef80000,0x00000000fef80000,0x0000000100000000)
 ParOldGen       total 80384K, used 47084K [0x00000000c2a00000, 0x00000000c7880000, 0x00000000eb900000)
  object space 80384K, 58% used [0x00000000c2a00000,0x00000000c57fb200,0x00000000c7880000)
 Metaspace       used 23734K, capacity 24350K, committed 24576K, reserved 1071104K
  class space    used 2511K, capacity 2691K, committed 2816K, reserved 1048576K
Event: 37.437 GC heap after
Heap after GC invocations=18 (full 2):
 PSYoungGen      total 314880K, used 13566K [0x00000000eb900000, 0x0000000100000000, 0x0000000100000000)
  eden space 297984K, 0% used [0x00000000eb900000,0x00000000eb900000,0x00000000fdc00000)
  from space 16896K, 80% used [0x00000000fef80000,0x00000000ffcbf840,0x0000000100000000)
  to   space 18432K, 0% used [0x00000000fdc00000,0x00000000fdc00000,0x00000000fee00000)
 ParOldGen       total 80384K, used 47092K [0x00000000c2a00000, 0x00000000c7880000, 0x00000000eb900000)
  object space 80384K, 58% used [0x00000000c2a00000,0x00000000c57fd200,0x00000000c7880000)
 Metaspace       used 23734K, capacity 24350K, committed 24576K, reserved 1071104K
  class space    used 2511K, capacity 2691K, committed 2816K, reserved 1048576K
}
Event: 40.710 GC heap before
{Heap before GC invocations=19 (full 2):
 PSYoungGen      total 314880K, used 311550K [0x00000000eb900000, 0x0000000100000000, 0x0000000100000000)
  eden space 297984K, 100% used [0x00000000eb900000,0x00000000fdc00000,0x00000000fdc00000)
  from space 16896K, 80% used [0x00000000fef80000,0x00000000ffcbf840,0x0000000100000000)
  to   space 18432K, 0% used [0x00000000fdc00000,0x00000000fdc00000,0x00000000fee00000)
 ParOldGen       total 80384K, used 47092K [0x00000000c2a00000, 0x00000000c7880000, 0x00000000eb900000)
  object space 80384K, 58% used [0x00000000c2a00000,0x00000000c57fd200,0x00000000c7880000)
 Metaspace       used 24033K, capacity 24590K, committed 24832K, reserved 1071104K
  class space    used 2531K, capacity 2699K, committed 2816K, reserved 1048576K
Event: 40.737 GC heap after
Heap after GC invocations=19 (full 2):
 PSYoungGen      total 313344K, used 15184K [0x00000000eb900000, 0x0000000100000000, 0x0000000100000000)
  eden space 297984K, 0% used [0x00000000eb900000,0x00000000eb900000,0x00000000fdc00000)
  from space 15360K, 98% used [0x00000000fdc00000,0x00000000fead4010,0x00000000feb00000)
  to   space 19968K, 0% used [0x00000000fec80000,0x00000000fec80000,0x0000000100000000)
 ParOldGen       total 80384K, used 47100K [0x00000000c2a00000, 0x00000000c7880000, 0x00000000eb900000)
  object space 80384K, 58% used [0x00000000c2a00000,0x00000000c57ff200,0x00000000c7880000)
 Metaspace       used 24033K, capacity 24590K, committed 24832K, reserved 1071104K
  class space    used 2531K, capacity 2699K, committed 2816K, reserved 1048576K
}

