# JRE version: Java(TM) SE Runtime Environment (8.0_201-b09) (build 1.8.0_201-b09)
# Java VM: Java HotSpot(TM) 64-Bit Server VM (25.201-b09 mixed mode linux-amd64 compressed oops)
Heap:
 PSYoungGen      total 227328K, used 30061K [0x00000000eb900000, 0x00000000fe180000, 0x0000000100000000)
  eden space 151040K, 0% used [0x00000000eb900000,0x00000000eb900000,0x00000000f4c80000)
  from space 76288K, 39% used [0x00000000f4c80000,0x00000000f69db7d0,0x00000000f9700000)
  to   space 75264K, 0% used [0x00000000f9800000,0x00000000f9800000,0x00000000fe180000)
 ParOldGen       total 244224K, used 155403K [0x00000000c2a00000, 0x00000000d1880000, 0x00000000eb900000)
  object space 244224K, 63% used [0x00000000c2a00000,0x00000000cc1c2e10,0x00000000d1880000)
 Metaspace       used 30873K, capacity 32060K, committed 32256K, reserved 1077248K
  class space    used 3260K, capacity 3552K, committed 3584K, reserved 1048576K
GC Heap History (10 events):
Event: 139.291 GC heap after
Heap after GC invocations=61 (full 5):
 PSYoungGen      total 226816K, used 13075K [0x00000000eb900000, 0x00000000ff480000, 0x0000000100000000)
  eden space 128512K, 0% used [0x00000000eb900000,0x00000000eb900000,0x00000000f3680000)
  from space 98304K, 13% used [0x00000000f9480000,0x00000000fa144dd0,0x00000000ff480000)
  to   space 96256K, 0% used [0x00000000f3680000,0x00000000f3680000,0x00000000f9480000)
 ParOldGen       total 244224K, used 155403K [0x00000000c2a00000, 0x00000000d1880000, 0x00000000eb900000)
  object space 244224K, 63% used [0x00000000c2a00000,0x00000000cc1c2e10,0x00000000d1880000)
 Metaspace       used 25535K, capacity 26632K, committed 26752K, reserved 1073152K
  class space    used 2614K, capacity 2878K, committed 2944K, reserved 1048576K
}
Event: 140.498 GC heap before
{Heap before GC invocations=62 (full 5):
 PSYoungGen      total 226816K, used 141587K [0x00000000eb900000, 0x00000000ff480000, 0x0000000100000000)
  eden space 128512K, 100% used [0x00000000eb900000,0x00000000f3680000,0x00000000f3680000)
  from space 98304K, 13% used [0x00000000f9480000,0x00000000fa144dd0,0x00000000ff480000)
  to   space 96256K, 0% used [0x00000000f3680000,0x00000000f3680000,0x00000000f9480000)
 ParOldGen       total 244224K, used 155403K [0x00000000c2a00000, 0x00000000d1880000, 0x00000000eb900000)
  object space 244224K, 63% used [0x00000000c2a00000,0x00000000cc1c2e10,0x00000000d1880000)
 Metaspace       used 25565K, capacity 26700K, committed 27008K, reserved 1073152K
  class space    used 2614K, capacity 2878K, committed 2944K, reserved 1048576K
Event: 140.521 GC heap after
Heap after GC invocations=62 (full 5):
 PSYoungGen      total 224768K, used 14200K [0x00000000eb900000, 0x00000000ff100000, 0x0000000100000000)
  eden space 128512K, 0% used [0x00000000eb900000,0x00000000eb900000,0x00000000f3680000)
  from space 96256K, 14% used [0x00000000f3680000,0x00000000f445e198,0x00000000f9480000)
  to   space 91648K, 0% used [0x00000000f9780000,0x00000000f9780000,0x00000000ff100000)
 ParOldGen       total 244224K, used 155403K [0x00000000c2a00000, 0x00000000d1880000, 0x00000000eb900000)
  object space 244224K, 63% used [0x00000000c2a00000,0x00000000cc1c2e10,0x00000000d1880000)
 Metaspace       used 25565K, capacity 26700K, committed 27008K, reserved 1073152K
  class space    used 2614K, capacity 2878K, committed 2944K, reserved 1048576K
}
Event: 143.264 GC heap before
{Heap before GC invocations=63 (full 5):
 PSYoungGen      total 224768K, used 142712K [0x00000000eb900000, 0x00000000ff100000, 0x0000000100000000)
  eden space 128512K, 100% used [0x00000000eb900000,0x00000000f3680000,0x00000000f3680000)
  from space 96256K, 14% used [0x00000000f3680000,0x00000000f445e198,0x00000000f9480000)
  to   space 91648K, 0% used [0x00000000f9780000,0x00000000f9780000,0x00000000ff100000)
 ParOldGen       total 244224K, used 155403K [0x00000000c2a00000, 0x00000000d1880000, 0x00000000eb900000)
  object space 244224K, 63% used [0x00000000c2a00000,0x00000000cc1c2e10,0x00000000d1880000)
 Metaspace       used 25596K, capacity 26780K, committed 27008K, reserved 1073152K
  class space    used 2615K, capacity 2880K, committed 2944K, reserved 1048576K
Event: 143.325 GC heap after
Heap after GC invocations=63 (full 5):
 PSYoungGen      total 217600K, used 30088K [0x00000000eb900000, 0x00000000fe700000, 0x0000000100000000)
  eden space 136192K, 0% used [0x00000000eb900000,0x00000000eb900000,0x00000000f3e00000)
  from space 81408K, 36% used [0x00000000f9780000,0x00000000fb4e2228,0x00000000fe700000)
  to   space 86528K, 0% used [0x00000000f3e00000,0x00000000f3e00000,0x00000000f9280000)
 ParOldGen       total 244224K, used 155403K [0x00000000c2a00000, 0x00000000d1880000, 0x00000000eb900000)
  object space 244224K, 63% used [0x00000000c2a00000,0x00000000cc1c2e10,0x00000000d1880000)
 Metaspace       used 25596K, capacity 26780K, committed 27008K, reserved 1073152K
  class space    used 2615K, capacity 2880K, committed 2944K, reserved 1048576K
}
Event: 143.697 GC heap before
{Heap before GC invocations=64 (full 5):
 PSYoungGen      total 217600K, used 166280K [0x00000000eb900000, 0x00000000fe700000, 0x0000000100000000)
  eden space 136192K, 100% used [0x00000000eb900000,0x00000000f3e00000,0x00000000f3e00000)
  from space 81408K, 36% used [0x00000000f9780000,0x00000000fb4e2228,0x00000000fe700000)
  to   space 86528K, 0% used [0x00000000f3e00000,0x00000000f3e00000,0x00000000f9280000)
 ParOldGen       total 244224K, used 155403K [0x00000000c2a00000, 0x00000000d1880000, 0x00000000eb900000)
  object space 244224K, 63% used [0x00000000c2a00000,0x00000000cc1c2e10,0x00000000d1880000)
 Metaspace       used 25614K, capacity 26780K, committed 27008K, reserved 1073152K
  class space    used 2619K, capacity 2880K, committed 2944K, reserved 1048576K
Event: 143.722 GC heap after
Heap after GC invocations=64 (full 5):
 PSYoungGen      total 222720K, used 28536K [0x00000000eb900000, 0x00000000fe700000, 0x0000000100000000)
  eden space 136192K, 0% used [0x00000000eb900000,0x00000000eb900000,0x00000000f3e00000)
  from space 86528K, 32% used [0x00000000f3e00000,0x00000000f59de218,0x00000000f9280000)
  to   space 80896K, 0% used [0x00000000f9800000,0x00000000f9800000,0x00000000fe700000)
 ParOldGen       total 244224K, used 155403K [0x00000000c2a00000, 0x00000000d1880000, 0x00000000eb900000)
  object space 244224K, 63% used [0x00000000c2a00000,0x00000000cc1c2e10,0x00000000d1880000)
 Metaspace       used 25614K, capacity 26780K, committed 27008K, reserved 1073152K
  class space    used 2619K, capacity 2880K, committed 2944K, reserved 1048576K
}
Event: 144.015 GC heap before
{Heap before GC invocations=65 (full 5):
 PSYoungGen      total 222720K, used 164728K [0x00000000eb900000, 0x00000000fe700000, 0x0000000100000000)
  eden space 136192K, 100% used [0x00000000eb900000,0x00000000f3e00000,0x00000000f3e00000)
  from space 86528K, 32% used [0x00000000f3e00000,0x00000000f59de218,0x00000000f9280000)
  to   space 80896K, 0% used [0x00000000f9800000,0x00000000f9800000,0x00000000fe700000)
 ParOldGen       total 244224K, used 155403K [0x00000000c2a00000, 0x00000000d1880000, 0x00000000eb900000)
  object space 244224K, 63% used [0x00000000c2a00000,0x00000000cc1c2e10,0x00000000d1880000)
 Metaspace       used 25614K, capacity 26780K, committed 27008K, reserved 1073152K
  class space    used 2619K, capacity 2880K, committed 2944K, reserved 1048576K
Event: 144.056 GC heap after
Heap after GC invocations=65 (full 5):
 PSYoungGen      total 226304K, used 23160K [0x00000000eb900000, 0x00000000fe180000, 0x0000000100000000)
  eden space 151040K, 0% used [0x00000000eb900000,0x00000000eb900000,0x00000000f4c80000)
  from space 75264K, 30% used [0x00000000f9800000,0x00000000fae9e238,0x00000000fe180000)
  to   space 76288K, 0% used [0x00000000f4c80000,0x00000000f4c80000,0x00000000f9700000)
 ParOldGen       total 244224K, used 155403K [0x00000000c2a00000, 0x00000000d1880000, 0x00000000eb900000)
  object space 244224K, 63% used [0x00000000c2a00000,0x00000000cc1c2e10,0x00000000d1880000)
 Metaspace       used 25614K, capacity 26780K, committed 27008K, reserved 1073152K
  class space    used 2619K, capacity 2880K, committed 2944K, reserved 1048576K
}
Event: 146.916 GC heap before
{Heap before GC invocations=66 (full 5):
 PSYoungGen      total 226304K, used 174200K [0x00000000eb900000, 0x00000000fe180000, 0x0000000100000000)
  eden space 151040K, 100% used [0x00000000eb900000,0x00000000f4c80000,0x00000000f4c80000)
  from space 75264K, 30% used [0x00000000f9800000,0x00000000fae9e238,0x00000000fe180000)
  to   space 76288K, 0% used [0x00000000f4c80000,0x00000000f4c80000,0x00000000f9700000)
 ParOldGen       total 244224K, used 155403K [0x00000000c2a00000, 0x00000000d1880000, 0x00000000eb900000)
  object space 244224K, 63% used [0x00000000c2a00000,0x00000000cc1c2e10,0x00000000d1880000)
 Metaspace       used 30873K, capacity 32060K, committed 32256K, reserved 1077248K
  class space    used 3260K, capacity 3552K, committed 3584K, reserved 1048576K

