# JRE version: Java(TM) SE Runtime Environment (8.0_201-b09) (build 1.8.0_201-b09)
# Java VM: Java HotSpot(TM) 64-Bit Server VM (25.201-b09 mixed mode linux-amd64 compressed oops)
Heap:
 PSYoungGen      total 64512K, used 6112K [0x00000000eb900000, 0x00000000eff00000, 0x0000000100000000)
  eden space 58368K, 0% used [0x00000000eb900000,0x00000000eb900000,0x00000000ef200000)
  from space 6144K, 99% used [0x00000000ef200000,0x00000000ef7f8110,0x00000000ef800000)
  to   space 5120K, 0% used [0x00000000ef800000,0x00000000ef800000,0x00000000efd00000)
 ParOldGen       total 42496K, used 13196K [0x00000000c2a00000, 0x00000000c5380000, 0x00000000eb900000)
  object space 42496K, 31% used [0x00000000c2a00000,0x00000000c36e3348,0x00000000c5380000)
 Metaspace       used 13819K, capacity 14120K, committed 14336K, reserved 1062912K
  class space    used 1565K, capacity 1666K, committed 1792K, reserved 1048576K
GC Heap History (10 events):
Event: 33.684 GC heap after
Heap after GC invocations=5 (full 1):
 PSYoungGen      total 18432K, used 2537K [0x00000000eb900000, 0x00000000edd00000, 0x0000000100000000)
  eden space 15872K, 0% used [0x00000000eb900000,0x00000000eb900000,0x00000000ec880000)
  from space 2560K, 99% used [0x00000000ecb00000,0x00000000ecd7a760,0x00000000ecd80000)
  to   space 2560K, 0% used [0x00000000ec880000,0x00000000ec880000,0x00000000ecb00000)
 ParOldGen       total 42496K, used 5657K [0x00000000c2a00000, 0x00000000c5380000, 0x00000000eb900000)
  object space 42496K, 13% used [0x00000000c2a00000,0x00000000c2f86490,0x00000000c5380000)
 Metaspace       used 13578K, capacity 13928K, committed 14080K, reserved 1060864K
  class space    used 1564K, capacity 1666K, committed 1792K, reserved 1048576K
}
Event: 33.916 GC heap before
{Heap before GC invocations=6 (full 1):
 PSYoungGen      total 18432K, used 18409K [0x00000000eb900000, 0x00000000edd00000, 0x0000000100000000)
  eden space 15872K, 100% used [0x00000000eb900000,0x00000000ec880000,0x00000000ec880000)
  from space 2560K, 99% used [0x00000000ecb00000,0x00000000ecd7a760,0x00000000ecd80000)
  to   space 2560K, 0% used [0x00000000ec880000,0x00000000ec880000,0x00000000ecb00000)
 ParOldGen       total 42496K, used 5657K [0x00000000c2a00000, 0x00000000c5380000, 0x00000000eb900000)
  object space 42496K, 13% used [0x00000000c2a00000,0x00000000c2f86490,0x00000000c5380000)
 Metaspace       used 13632K, capacity 13992K, committed 14336K, reserved 1062912K
  class space    used 1564K, capacity 1666K, committed 1792K, reserved 1048576K
Event: 33.945 GC heap after
Heap after GC invocations=6 (full 1):
 PSYoungGen      total 18432K, used 2560K [0x00000000eb900000, 0x00000000edd00000, 0x0000000100000000)
  eden space 15872K, 0% used [0x00000000eb900000,0x00000000eb900000,0x00000000ec880000)
  from space 2560K, 100% used [0x00000000ec880000,0x00000000ecb00000,0x00000000ecb00000)
  to   space 2560K, 0% used [0x00000000eda80000,0x00000000eda80000,0x00000000edd00000)
 ParOldGen       total 42496K, used 6765K [0x00000000c2a00000, 0x00000000c5380000, 0x00000000eb900000)
  object space 42496K, 15% used [0x00000000c2a00000,0x00000000c309b490,0x00000000c5380000)
 Metaspace       used 13632K, capacity 13992K, committed 14336K, reserved 1062912K
  class space    used 1564K, capacity 1666K, committed 1792K, reserved 1048576K
}
Event: 34.162 GC heap before
{Heap before GC invocations=7 (full 1):
 PSYoungGen      total 18432K, used 18432K [0x00000000eb900000, 0x00000000edd00000, 0x0000000100000000)
  eden space 15872K, 100% used [0x00000000eb900000,0x00000000ec880000,0x00000000ec880000)
  from space 2560K, 100% used [0x00000000ec880000,0x00000000ecb00000,0x00000000ecb00000)
  to   space 2560K, 0% used [0x00000000eda80000,0x00000000eda80000,0x00000000edd00000)
 ParOldGen       total 42496K, used 6765K [0x00000000c2a00000, 0x00000000c5380000, 0x00000000eb900000)
  object space 42496K, 15% used [0x00000000c2a00000,0x00000000c309b490,0x00000000c5380000)
 Metaspace       used 13677K, capacity 14056K, committed 14336K, reserved 1062912K
  class space    used 1564K, capacity 1666K, committed 1792K, reserved 1048576K
Event: 34.177 GC heap after
Heap after GC invocations=7 (full 1):
 PSYoungGen      total 32256K, used 2560K [0x00000000eb900000, 0x00000000ee100000, 0x0000000100000000)
  eden space 29696K, 0% used [0x00000000eb900000,0x00000000eb900000,0x00000000ed600000)
  from space 2560K, 100% used [0x00000000eda80000,0x00000000edd00000,0x00000000edd00000)
  to   space 4608K, 0% used [0x00000000ed600000,0x00000000ed600000,0x00000000eda80000)
 ParOldGen       total 42496K, used 7974K [0x00000000c2a00000, 0x00000000c5380000, 0x00000000eb900000)
  object space 42496K, 18% used [0x00000000c2a00000,0x00000000c31c9960,0x00000000c5380000)
 Metaspace       used 13677K, capacity 14056K, committed 14336K, reserved 1062912K
  class space    used 1564K, capacity 1666K, committed 1792K, reserved 1048576K
}
Event: 34.607 GC heap before
{Heap before GC invocations=8 (full 1):
 PSYoungGen      total 32256K, used 32256K [0x00000000eb900000, 0x00000000ee100000, 0x0000000100000000)
  eden space 29696K, 100% used [0x00000000eb900000,0x00000000ed600000,0x00000000ed600000)
  from space 2560K, 100% used [0x00000000eda80000,0x00000000edd00000,0x00000000edd00000)
  to   space 4608K, 0% used [0x00000000ed600000,0x00000000ed600000,0x00000000eda80000)
 ParOldGen       total 42496K, used 7974K [0x00000000c2a00000, 0x00000000c5380000, 0x00000000eb900000)
  object space 42496K, 18% used [0x00000000c2a00000,0x00000000c31c9960,0x00000000c5380000)
 Metaspace       used 13750K, capacity 14120K, committed 14336K, reserved 1062912K
  class space    used 1565K, capacity 1666K, committed 1792K, reserved 1048576K
Event: 34.638 GC heap after
Heap after GC invocations=8 (full 1):
 PSYoungGen      total 34304K, used 4576K [0x00000000eb900000, 0x00000000efd00000, 0x0000000100000000)
  eden space 29696K, 0% used [0x00000000eb900000,0x00000000eb900000,0x00000000ed600000)
  from space 4608K, 99% used [0x00000000ed600000,0x00000000eda78010,0x00000000eda80000)
  to   space 5120K, 0% used [0x00000000ef800000,0x00000000ef800000,0x00000000efd00000)
 ParOldGen       total 42496K, used 7990K [0x00000000c2a00000, 0x00000000c5380000, 0x00000000eb900000)
  object space 42496K, 18% used [0x00000000c2a00000,0x00000000c31cd960,0x00000000c5380000)
 Metaspace       used 13750K, capacity 14120K, committed 14336K, reserved 1062912K
  class space    used 1565K, capacity 1666K, committed 1792K, reserved 1048576K
}
Event: 35.181 GC heap before
{Heap before GC invocations=9 (full 1):
 PSYoungGen      total 34304K, used 34272K [0x00000000eb900000, 0x00000000efd00000, 0x0000000100000000)
  eden space 29696K, 100% used [0x00000000eb900000,0x00000000ed600000,0x00000000ed600000)
  from space 4608K, 99% used [0x00000000ed600000,0x00000000eda78010,0x00000000eda80000)
  to   space 5120K, 0% used [0x00000000ef800000,0x00000000ef800000,0x00000000efd00000)
 ParOldGen       total 42496K, used 7990K [0x00000000c2a00000, 0x00000000c5380000, 0x00000000eb900000)
  object space 42496K, 18% used [0x00000000c2a00000,0x00000000c31cd960,0x00000000c5380000)
 Metaspace       used 13784K, capacity 14120K, committed 14336K, reserved 1062912K
  class space    used 1565K, capacity 1666K, committed 1792K, reserved 1048576K
Event: 35.235 GC heap after
Heap after GC invocations=9 (full 1):
 PSYoungGen      total 63488K, used 5088K [0x00000000eb900000, 0x00000000eff00000, 0x0000000100000000)
  eden space 58368K, 0% used [0x00000000eb900000,0x00000000eb900000,0x00000000ef200000)
  from space 5120K, 99% used [0x00000000ef800000,0x00000000efcf8090,0x00000000efd00000)
  to   space 6144K, 0% used [0x00000000ef200000,0x00000000ef200000,0x00000000ef800000)
 ParOldGen       total 42496K, used 9418K [0x00000000c2a00000, 0x00000000c5380000, 0x00000000eb900000)
  object space 42496K, 22% used [0x00000000c2a00000,0x00000000c3332ae0,0x00000000c5380000)
 Metaspace       used 13784K, capacity 14120K, committed 14336K, reserved 1062912K
  class space    used 1565K, capacity 1666K, committed 1792K, reserved 1048576K
}
Event: 37.013 GC heap before
{Heap before GC invocations=10 (full 1):
 PSYoungGen      total 63488K, used 63456K [0x00000000eb900000, 0x00000000eff00000, 0x0000000100000000)
  eden space 58368K, 100% used [0x00000000eb900000,0x00000000ef200000,0x00000000ef200000)
  from space 5120K, 99% used [0x00000000ef800000,0x00000000efcf8090,0x00000000efd00000)
  to   space 6144K, 0% used [0x00000000ef200000,0x00000000ef200000,0x00000000ef800000)
 ParOldGen       total 42496K, used 9418K [0x00000000c2a00000, 0x00000000c5380000, 0x00000000eb900000)
  object space 42496K, 22% used [0x00000000c2a00000,0x00000000c3332ae0,0x00000000c5380000)
 Metaspace       used 13819K, capacity 14120K, committed 14336K, reserved 1062912K
  class space    used 1565K, capacity 1666K, committed 1792K, reserved 1048576K

