# JRE version: Java(TM) SE Runtime Environment (8.0_201-b09) (build 1.8.0_201-b09)
# Java VM: Java HotSpot(TM) 64-Bit Server VM (25.201-b09 mixed mode linux-amd64 compressed oops)
Heap:
 PSYoungGen      total 34304K, used 3484K [0x00000000eb900000, 0x00000000ee200000, 0x0000000100000000)
  eden space 29184K, 0% used [0x00000000eb900000,0x00000000eb900000,0x00000000ed580000)
  from space 5120K, 68% used [0x00000000ed580000,0x00000000ed8e7110,0x00000000eda80000)
  to   space 2560K, 0% used [0x00000000eda80000,0x00000000eda80000,0x00000000edd00000)
 ParOldGen       total 42496K, used 6600K [0x00000000c2a00000, 0x00000000c5380000, 0x00000000eb900000)
  object space 42496K, 15% used [0x00000000c2a00000,0x00000000c3072260,0x00000000c5380000)
 Metaspace       used 13759K, capacity 14194K, committed 14592K, reserved 1062912K
  class space    used 1585K, capacity 1705K, committed 1792K, reserved 1048576K
GC Heap History (10 events):
Event: 1.613 GC heap after
Heap after GC invocations=3 (full 1):
 PSYoungGen      total 18432K, used 0K [0x00000000eb900000, 0x00000000ecd80000, 0x0000000100000000)
  eden space 15872K, 0% used [0x00000000eb900000,0x00000000eb900000,0x00000000ec880000)
  from space 2560K, 0% used [0x00000000ecb00000,0x00000000ecb00000,0x00000000ecd80000)
  to   space 2560K, 0% used [0x00000000ec880000,0x00000000ec880000,0x00000000ecb00000)
 ParOldGen       total 42496K, used 2663K [0x00000000c2a00000, 0x00000000c5380000, 0x00000000eb900000)
  object space 42496K, 6% used [0x00000000c2a00000,0x00000000c2c99d80,0x00000000c5380000)
 Metaspace       used 10240K, capacity 10428K, committed 10624K, reserved 1058816K
  class space    used 1238K, capacity 1324K, committed 1408K, reserved 1048576K
}
Event: 93.089 GC heap before
{Heap before GC invocations=4 (full 1):
 PSYoungGen      total 18432K, used 15872K [0x00000000eb900000, 0x00000000ecd80000, 0x0000000100000000)
  eden space 15872K, 100% used [0x00000000eb900000,0x00000000ec880000,0x00000000ec880000)
  from space 2560K, 0% used [0x00000000ecb00000,0x00000000ecb00000,0x00000000ecd80000)
  to   space 2560K, 0% used [0x00000000ec880000,0x00000000ec880000,0x00000000ecb00000)
 ParOldGen       total 42496K, used 2663K [0x00000000c2a00000, 0x00000000c5380000, 0x00000000eb900000)
  object space 42496K, 6% used [0x00000000c2a00000,0x00000000c2c99d80,0x00000000c5380000)
 Metaspace       used 13237K, capacity 13638K, committed 13824K, reserved 1060864K
  class space    used 1554K, capacity 1671K, committed 1792K, reserved 1048576K
Event: 93.129 GC heap after
Heap after GC invocations=4 (full 1):
 PSYoungGen      total 18432K, used 2542K [0x00000000eb900000, 0x00000000ecd80000, 0x0000000100000000)
  eden space 15872K, 0% used [0x00000000eb900000,0x00000000eb900000,0x00000000ec880000)
  from space 2560K, 99% used [0x00000000ec880000,0x00000000ecafba30,0x00000000ecb00000)
  to   space 2560K, 0% used [0x00000000ecb00000,0x00000000ecb00000,0x00000000ecd80000)
 ParOldGen       total 42496K, used 4912K [0x00000000c2a00000, 0x00000000c5380000, 0x00000000eb900000)
  object space 42496K, 11% used [0x00000000c2a00000,0x00000000c2ecc3e8,0x00000000c5380000)
 Metaspace       used 13237K, capacity 13638K, committed 13824K, reserved 1060864K
  class space    used 1554K, capacity 1671K, committed 1792K, reserved 1048576K
}
Event: 94.332 GC heap before
{Heap before GC invocations=5 (full 1):
 PSYoungGen      total 18432K, used 18414K [0x00000000eb900000, 0x00000000ecd80000, 0x0000000100000000)
  eden space 15872K, 100% used [0x00000000eb900000,0x00000000ec880000,0x00000000ec880000)
  from space 2560K, 99% used [0x00000000ec880000,0x00000000ecafba30,0x00000000ecb00000)
  to   space 2560K, 0% used [0x00000000ecb00000,0x00000000ecb00000,0x00000000ecd80000)
 ParOldGen       total 42496K, used 4912K [0x00000000c2a00000, 0x00000000c5380000, 0x00000000eb900000)
  object space 42496K, 11% used [0x00000000c2a00000,0x00000000c2ecc3e8,0x00000000c5380000)
 Metaspace       used 13667K, capacity 14060K, committed 14336K, reserved 1062912K
  class space    used 1585K, capacity 1704K, committed 1792K, reserved 1048576K
Event: 94.339 GC heap after
Heap after GC invocations=5 (full 1):
 PSYoungGen      total 18432K, used 2546K [0x00000000eb900000, 0x00000000ecd80000, 0x0000000100000000)
  eden space 15872K, 0% used [0x00000000eb900000,0x00000000eb900000,0x00000000ec880000)
  from space 2560K, 99% used [0x00000000ecb00000,0x00000000ecd7c920,0x00000000ecd80000)
  to   space 2560K, 0% used [0x00000000ec880000,0x00000000ec880000,0x00000000ecb00000)
 ParOldGen       total 42496K, used 6209K [0x00000000c2a00000, 0x00000000c5380000, 0x00000000eb900000)
  object space 42496K, 14% used [0x00000000c2a00000,0x00000000c30107f0,0x00000000c5380000)
 Metaspace       used 13667K, capacity 14060K, committed 14336K, reserved 1062912K
  class space    used 1585K, capacity 1704K, committed 1792K, reserved 1048576K
}
Event: 94.661 GC heap before
{Heap before GC invocations=6 (full 1):
 PSYoungGen      total 18432K, used 18418K [0x00000000eb900000, 0x00000000ecd80000, 0x0000000100000000)
  eden space 15872K, 100% used [0x00000000eb900000,0x00000000ec880000,0x00000000ec880000)
  from space 2560K, 99% used [0x00000000ecb00000,0x00000000ecd7c920,0x00000000ecd80000)
  to   space 2560K, 0% used [0x00000000ec880000,0x00000000ec880000,0x00000000ecb00000)
 ParOldGen       total 42496K, used 6209K [0x00000000c2a00000, 0x00000000c5380000, 0x00000000eb900000)
  object space 42496K, 14% used [0x00000000c2a00000,0x00000000c30107f0,0x00000000c5380000)
 Metaspace       used 13694K, capacity 14066K, committed 14336K, reserved 1062912K
  class space    used 1585K, capacity 1705K, committed 1792K, reserved 1048576K
Event: 94.684 GC heap after
Heap after GC invocations=6 (full 1):
 PSYoungGen      total 18432K, used 2546K [0x00000000eb900000, 0x00000000edd00000, 0x0000000100000000)
  eden space 15872K, 0% used [0x00000000eb900000,0x00000000eb900000,0x00000000ec880000)
  from space 2560K, 99% used [0x00000000ec880000,0x00000000ecafc920,0x00000000ecb00000)
  to   space 2560K, 0% used [0x00000000eda80000,0x00000000eda80000,0x00000000edd00000)
 ParOldGen       total 42496K, used 6289K [0x00000000c2a00000, 0x00000000c5380000, 0x00000000eb900000)
  object space 42496K, 14% used [0x00000000c2a00000,0x00000000c30247f0,0x00000000c5380000)
 Metaspace       used 13694K, capacity 14066K, committed 14336K, reserved 1062912K
  class space    used 1585K, capacity 1705K, committed 1792K, reserved 1048576K
}
Event: 94.760 GC heap before
{Heap before GC invocations=7 (full 1):
 PSYoungGen      total 18432K, used 18418K [0x00000000eb900000, 0x00000000edd00000, 0x0000000100000000)
  eden space 15872K, 100% used [0x00000000eb900000,0x00000000ec880000,0x00000000ec880000)
  from space 2560K, 99% used [0x00000000ec880000,0x00000000ecafc920,0x00000000ecb00000)
  to   space 2560K, 0% used [0x00000000eda80000,0x00000000eda80000,0x00000000edd00000)
 ParOldGen       total 42496K, used 6289K [0x00000000c2a00000, 0x00000000c5380000, 0x00000000eb900000)
  object space 42496K, 14% used [0x00000000c2a00000,0x00000000c30247f0,0x00000000c5380000)
 Metaspace       used 13712K, capacity 14066K, committed 14336K, reserved 1062912K
  class space    used 1585K, capacity 1705K, committed 1792K, reserved 1048576K
Event: 95.237 GC heap after
Heap after GC invocations=7 (full 1):
 PSYoungGen      total 31744K, used 2546K [0x00000000eb900000, 0x00000000ee200000, 0x0000000100000000)
  eden space 29184K, 0% used [0x00000000eb900000,0x00000000eb900000,0x00000000ed580000)
  from space 2560K, 99% used [0x00000000eda80000,0x00000000edcfc920,0x00000000edd00000)
  to   space 5120K, 0% used [0x00000000ed580000,0x00000000ed580000,0x00000000eda80000)
 ParOldGen       total 42496K, used 6592K [0x00000000c2a00000, 0x00000000c5380000, 0x00000000eb900000)
  object space 42496K, 15% used [0x00000000c2a00000,0x00000000c3070260,0x00000000c5380000)
 Metaspace       used 13712K, capacity 14066K, committed 14336K, reserved 1062912K
  class space    used 1585K, capacity 1705K, committed 1792K, reserved 1048576K
}
Event: 95.542 GC heap before
{Heap before GC invocations=8 (full 1):
 PSYoungGen      total 31744K, used 31730K [0x00000000eb900000, 0x00000000ee200000, 0x0000000100000000)
  eden space 29184K, 100% used [0x00000000eb900000,0x00000000ed580000,0x00000000ed580000)
  from space 2560K, 99% used [0x00000000eda80000,0x00000000edcfc920,0x00000000edd00000)
  to   space 5120K, 0% used [0x00000000ed580000,0x00000000ed580000,0x00000000eda80000)
 ParOldGen       total 42496K, used 6592K [0x00000000c2a00000, 0x00000000c5380000, 0x00000000eb900000)
  object space 42496K, 15% used [0x00000000c2a00000,0x00000000c3070260,0x00000000c5380000)
 Metaspace       used 13759K, capacity 14194K, committed 14592K, reserved 1062912K
  class space    used 1585K, capacity 1705K, committed 1792K, reserved 1048576K

