# JRE version: Java(TM) SE Runtime Environment (8.0_201-b09) (build 1.8.0_201-b09)
# Java VM: Java HotSpot(TM) 64-Bit Server VM (25.201-b09 mixed mode linux-amd64 compressed oops)
Heap:
 PSYoungGen      total 288768K, used 194032K [0x00000000eb900000, 0x0000000100000000, 0x0000000100000000)
  eden space 260096K, 63% used [0x00000000eb900000,0x00000000f5a9c1a8,0x00000000fb700000)
  from space 28672K, 99% used [0x00000000fb700000,0x00000000fd2e0000,0x00000000fd300000)
  to   space 39936K, 0% used [0x00000000fd900000,0x00000000fd900000,0x0000000100000000)
 ParOldGen       total 392192K, used 334139K [0x00000000c2a00000, 0x00000000da900000, 0x00000000eb900000)
  object space 392192K, 85% used [0x00000000c2a00000,0x00000000d704ece8,0x00000000da900000)
 Metaspace       used 24058K, capacity 24824K, committed 25088K, reserved 1071104K
  class space    used 2540K, capacity 2752K, committed 2816K, reserved 1048576K
GC Heap History (10 events):
Event: 61.909 GC heap before
{Heap before GC invocations=22 (full 3):
 PSYoungGen      total 304640K, used 301376K [0x00000000eb900000, 0x0000000100000000, 0x0000000100000000)
  eden space 279552K, 100% used [0x00000000eb900000,0x00000000fca00000,0x00000000fca00000)
  from space 25088K, 86% used [0x00000000fe780000,0x00000000ffcd0000,0x0000000100000000)
  to   space 27648K, 0% used [0x00000000fca00000,0x00000000fca00000,0x00000000fe500000)
 ParOldGen       total 130048K, used 72411K [0x00000000c2a00000, 0x00000000ca900000, 0x00000000eb900000)
  object space 130048K, 55% used [0x00000000c2a00000,0x00000000c70b6c70,0x00000000ca900000)
 Metaspace       used 23721K, capacity 24442K, committed 24576K, reserved 1071104K
  class space    used 2527K, capacity 2731K, committed 2816K, reserved 1048576K
Event: 62.004 GC heap after
Heap after GC invocations=22 (full 3):
 PSYoungGen      total 302592K, used 22752K [0x00000000eb900000, 0x0000000100000000, 0x0000000100000000)
  eden space 279552K, 0% used [0x00000000eb900000,0x00000000eb900000,0x00000000fca00000)
  from space 23040K, 98% used [0x00000000fca00000,0x00000000fe038000,0x00000000fe080000)
  to   space 29696K, 0% used [0x00000000fe300000,0x00000000fe300000,0x0000000100000000)
 ParOldGen       total 130048K, used 72419K [0x00000000c2a00000, 0x00000000ca900000, 0x00000000eb900000)
  object space 130048K, 55% used [0x00000000c2a00000,0x00000000c70b8c70,0x00000000ca900000)
 Metaspace       used 23721K, capacity 24442K, committed 24576K, reserved 1071104K
  class space    used 2527K, capacity 2731K, committed 2816K, reserved 1048576K
}
Event: 64.333 GC heap before
{Heap before GC invocations=23 (full 3):
 PSYoungGen      total 302592K, used 302304K [0x00000000eb900000, 0x0000000100000000, 0x0000000100000000)
  eden space 279552K, 100% used [0x00000000eb900000,0x00000000fca00000,0x00000000fca00000)
  from space 23040K, 98% used [0x00000000fca00000,0x00000000fe038000,0x00000000fe080000)
  to   space 29696K, 0% used [0x00000000fe300000,0x00000000fe300000,0x0000000100000000)
 ParOldGen       total 130048K, used 72419K [0x00000000c2a00000, 0x00000000ca900000, 0x00000000eb900000)
  object space 130048K, 55% used [0x00000000c2a00000,0x00000000c70b8c70,0x00000000ca900000)
 Metaspace       used 23934K, capacity 24654K, committed 24832K, reserved 1071104K
  class space    used 2536K, capacity 2745K, committed 2816K, reserved 1048576K
Event: 64.421 GC heap after
Heap after GC invocations=23 (full 3):
 PSYoungGen      total 299008K, used 25120K [0x00000000eb900000, 0x0000000100000000, 0x0000000100000000)
  eden space 269312K, 0% used [0x00000000eb900000,0x00000000eb900000,0x00000000fc000000)
  from space 29696K, 84% used [0x00000000fe300000,0x00000000ffb88000,0x0000000100000000)
  to   space 32768K, 0% used [0x00000000fc000000,0x00000000fc000000,0x00000000fe000000)
 ParOldGen       total 130048K, used 72427K [0x00000000c2a00000, 0x00000000ca900000, 0x00000000eb900000)
  object space 130048K, 55% used [0x00000000c2a00000,0x00000000c70bac70,0x00000000ca900000)
 Metaspace       used 23934K, capacity 24654K, committed 24832K, reserved 1071104K
  class space    used 2536K, capacity 2745K, committed 2816K, reserved 1048576K
}
Event: 66.595 GC heap before
{Heap before GC invocations=24 (full 3):
 PSYoungGen      total 299008K, used 294432K [0x00000000eb900000, 0x0000000100000000, 0x0000000100000000)
  eden space 269312K, 100% used [0x00000000eb900000,0x00000000fc000000,0x00000000fc000000)
  from space 29696K, 84% used [0x00000000fe300000,0x00000000ffb88000,0x0000000100000000)
  to   space 32768K, 0% used [0x00000000fc000000,0x00000000fc000000,0x00000000fe000000)
 ParOldGen       total 130048K, used 72427K [0x00000000c2a00000, 0x00000000ca900000, 0x00000000eb900000)
  object space 130048K, 55% used [0x00000000c2a00000,0x00000000c70bac70,0x00000000ca900000)
 Metaspace       used 23976K, capacity 24724K, committed 24832K, reserved 1071104K
  class space    used 2537K, capacity 2746K, committed 2816K, reserved 1048576K
Event: 66.742 GC heap after
Heap after GC invocations=24 (full 3):
 PSYoungGen      total 296448K, used 26848K [0x00000000eb900000, 0x0000000100000000, 0x0000000100000000)
  eden space 269312K, 0% used [0x00000000eb900000,0x00000000eb900000,0x00000000fc000000)
  from space 27136K, 98% used [0x00000000fc000000,0x00000000fda38000,0x00000000fda80000)
  to   space 35328K, 0% used [0x00000000fdd80000,0x00000000fdd80000,0x0000000100000000)
 ParOldGen       total 130048K, used 72435K [0x00000000c2a00000, 0x00000000ca900000, 0x00000000eb900000)
  object space 130048K, 55% used [0x00000000c2a00000,0x00000000c70bcc70,0x00000000ca900000)
 Metaspace       used 23976K, capacity 24724K, committed 24832K, reserved 1071104K
  class space    used 2537K, capacity 2746K, committed 2816K, reserved 1048576K
}
Event: 68.596 GC heap before
{Heap before GC invocations=25 (full 3):
 PSYoungGen      total 296448K, used 296160K [0x00000000eb900000, 0x0000000100000000, 0x0000000100000000)
  eden space 269312K, 100% used [0x00000000eb900000,0x00000000fc000000,0x00000000fc000000)
  from space 27136K, 98% used [0x00000000fc000000,0x00000000fda38000,0x00000000fda80000)
  to   space 35328K, 0% used [0x00000000fdd80000,0x00000000fdd80000,0x0000000100000000)
 ParOldGen       total 130048K, used 72435K [0x00000000c2a00000, 0x00000000ca900000, 0x00000000eb900000)
  object space 130048K, 55% used [0x00000000c2a00000,0x00000000c70bcc70,0x00000000ca900000)
 Metaspace       used 24022K, capacity 24754K, committed 24832K, reserved 1071104K
  class space    used 2539K, capacity 2751K, committed 2816K, reserved 1048576K
Event: 68.634 GC heap after
Heap after GC invocations=25 (full 3):
 PSYoungGen      total 295424K, used 27136K [0x00000000eb900000, 0x0000000100000000, 0x0000000100000000)
  eden space 260096K, 0% used [0x00000000eb900000,0x00000000eb900000,0x00000000fb700000)
  from space 35328K, 76% used [0x00000000fdd80000,0x00000000ff800000,0x0000000100000000)
  to   space 37376K, 0% used [0x00000000fb700000,0x00000000fb700000,0x00000000fdb80000)
 ParOldGen       total 130048K, used 72443K [0x00000000c2a00000, 0x00000000ca900000, 0x00000000eb900000)
  object space 130048K, 55% used [0x00000000c2a00000,0x00000000c70bec70,0x00000000ca900000)
 Metaspace       used 24022K, capacity 24754K, committed 24832K, reserved 1071104K
  class space    used 2539K, capacity 2751K, committed 2816K, reserved 1048576K
}
Event: 69.956 GC heap before
{Heap before GC invocations=26 (full 3):
 PSYoungGen      total 295424K, used 287232K [0x00000000eb900000, 0x0000000100000000, 0x0000000100000000)
  eden space 260096K, 100% used [0x00000000eb900000,0x00000000fb700000,0x00000000fb700000)
  from space 35328K, 76% used [0x00000000fdd80000,0x00000000ff800000,0x0000000100000000)
  to   space 37376K, 0% used [0x00000000fb700000,0x00000000fb700000,0x00000000fdb80000)
 ParOldGen       total 130048K, used 72443K [0x00000000c2a00000, 0x00000000ca900000, 0x00000000eb900000)
  object space 130048K, 55% used [0x00000000c2a00000,0x00000000c70bec70,0x00000000ca900000)
 Metaspace       used 24053K, capacity 24824K, committed 25088K, reserved 1071104K
  class space    used 2540K, capacity 2752K, committed 2816K, reserved 1048576K
Event: 70.022 GC heap after
Heap after GC invocations=26 (full 3):
 PSYoungGen      total 288768K, used 28544K [0x00000000eb900000, 0x0000000100000000, 0x0000000100000000)
  eden space 260096K, 0% used [0x00000000eb900000,0x00000000eb900000,0x00000000fb700000)
  from space 28672K, 99% used [0x00000000fb700000,0x00000000fd2e0000,0x00000000fd300000)
  to   space 39936K, 0% used [0x00000000fd900000,0x00000000fd900000,0x0000000100000000)
 ParOldGen       total 130048K, used 72451K [0x00000000c2a00000, 0x00000000ca900000, 0x00000000eb900000)
  object space 130048K, 55% used [0x00000000c2a00000,0x00000000c70c0c70,0x00000000ca900000)
 Metaspace       used 24053K, capacity 24824K, committed 25088K, reserved 1071104K
  class space    used 2540K, capacity 2752K, committed 2816K, reserved 1048576K
}

