# JRE version: Java(TM) SE Runtime Environment (8.0_201-b09) (build 1.8.0_201-b09)
# Java VM: Java HotSpot(TM) 64-Bit Server VM (25.201-b09 mixed mode linux-amd64 compressed oops)
Heap:
 PSYoungGen      total 190464K, used 21983K [0x00000000eb900000, 0x0000000100000000, 0x0000000100000000)
  eden space 116736K, 0% used [0x00000000eb900000,0x00000000eb900000,0x00000000f2b00000)
  from space 73728K, 29% used [0x00000000f2b00000,0x00000000f4077f18,0x00000000f7300000)
  to   space 111616K, 0% used [0x00000000f9300000,0x00000000f9300000,0x0000000100000000)
 ParOldGen       total 163328K, used 163200K [0x00000000c2a00000, 0x00000000cc980000, 0x00000000eb900000)
  object space 163328K, 99% used [0x00000000c2a00000,0x00000000cc960208,0x00000000cc980000)
 Metaspace       used 32226K, capacity 33094K, committed 33408K, reserved 1079296K
  class space    used 3217K, capacity 3421K, committed 3456K, reserved 1048576K
GC Heap History (10 events):
Event: 152.588 GC heap after
Heap after GC invocations=63 (full 4):
 PSYoungGen      total 216064K, used 66535K [0x00000000eb900000, 0x0000000100000000, 0x0000000100000000)
  eden space 149504K, 0% used [0x00000000eb900000,0x00000000eb900000,0x00000000f4b00000)
  from space 66560K, 99% used [0x00000000f4b00000,0x00000000f8bf9ce8,0x00000000f8c00000)
  to   space 97280K, 0% used [0x00000000fa100000,0x00000000fa100000,0x0000000100000000)
 ParOldGen       total 163328K, used 133113K [0x00000000c2a00000, 0x00000000cc980000, 0x00000000eb900000)
  object space 163328K, 81% used [0x00000000c2a00000,0x00000000cabfe698,0x00000000cc980000)
 Metaspace       used 31720K, capacity 32582K, committed 32896K, reserved 1079296K
  class space    used 3217K, capacity 3421K, committed 3456K, reserved 1048576K
}
Event: 154.520 GC heap before
{Heap before GC invocations=64 (full 4):
 PSYoungGen      total 216064K, used 216039K [0x00000000eb900000, 0x0000000100000000, 0x0000000100000000)
  eden space 149504K, 100% used [0x00000000eb900000,0x00000000f4b00000,0x00000000f4b00000)
  from space 66560K, 99% used [0x00000000f4b00000,0x00000000f8bf9ce8,0x00000000f8c00000)
  to   space 97280K, 0% used [0x00000000fa100000,0x00000000fa100000,0x0000000100000000)
 ParOldGen       total 163328K, used 133113K [0x00000000c2a00000, 0x00000000cc980000, 0x00000000eb900000)
  object space 163328K, 81% used [0x00000000c2a00000,0x00000000cabfe698,0x00000000cc980000)
 Metaspace       used 31962K, capacity 32838K, committed 33152K, reserved 1079296K
  class space    used 3217K, capacity 3421K, committed 3456K, reserved 1048576K
Event: 154.796 GC heap after
Heap after GC invocations=64 (full 4):
 PSYoungGen      total 228352K, used 68080K [0x00000000eb900000, 0x0000000100000000, 0x0000000100000000)
  eden space 131072K, 0% used [0x00000000eb900000,0x00000000eb900000,0x00000000f3900000)
  from space 97280K, 69% used [0x00000000fa100000,0x00000000fe37c158,0x0000000100000000)
  to   space 101888K, 0% used [0x00000000f3900000,0x00000000f3900000,0x00000000f9c80000)
 ParOldGen       total 163328K, used 141058K [0x00000000c2a00000, 0x00000000cc980000, 0x00000000eb900000)
  object space 163328K, 86% used [0x00000000c2a00000,0x00000000cb3c08d8,0x00000000cc980000)
 Metaspace       used 31962K, capacity 32838K, committed 33152K, reserved 1079296K
  class space    used 3217K, capacity 3421K, committed 3456K, reserved 1048576K
}
Event: 156.117 GC heap before
{Heap before GC invocations=65 (full 4):
 PSYoungGen      total 228352K, used 199152K [0x00000000eb900000, 0x0000000100000000, 0x0000000100000000)
  eden space 131072K, 100% used [0x00000000eb900000,0x00000000f3900000,0x00000000f3900000)
  from space 97280K, 69% used [0x00000000fa100000,0x00000000fe37c158,0x0000000100000000)
  to   space 101888K, 0% used [0x00000000f3900000,0x00000000f3900000,0x00000000f9c80000)
 ParOldGen       total 163328K, used 141058K [0x00000000c2a00000, 0x00000000cc980000, 0x00000000eb900000)
  object space 163328K, 86% used [0x00000000c2a00000,0x00000000cb3c08d8,0x00000000cc980000)
 Metaspace       used 32056K, capacity 32902K, committed 33152K, reserved 1079296K
  class space    used 3217K, capacity 3421K, committed 3456K, reserved 1048576K
Event: 156.225 GC heap after
Heap after GC invocations=65 (full 4):
 PSYoungGen      total 200704K, used 69602K [0x00000000eb900000, 0x0000000100000000, 0x0000000100000000)
  eden space 131072K, 0% used [0x00000000eb900000,0x00000000eb900000,0x00000000f3900000)
  from space 69632K, 99% used [0x00000000f3900000,0x00000000f7cf89e8,0x00000000f7d00000)
  to   space 105472K, 0% used [0x00000000f9900000,0x00000000f9900000,0x0000000100000000)
 ParOldGen       total 163328K, used 145954K [0x00000000c2a00000, 0x00000000cc980000, 0x00000000eb900000)
  object space 163328K, 89% used [0x00000000c2a00000,0x00000000cb888a38,0x00000000cc980000)
 Metaspace       used 32056K, capacity 32902K, committed 33152K, reserved 1079296K
  class space    used 3217K, capacity 3421K, committed 3456K, reserved 1048576K
}
Event: 157.727 GC heap before
{Heap before GC invocations=66 (full 4):
 PSYoungGen      total 200704K, used 200674K [0x00000000eb900000, 0x0000000100000000, 0x0000000100000000)
  eden space 131072K, 100% used [0x00000000eb900000,0x00000000f3900000,0x00000000f3900000)
  from space 69632K, 99% used [0x00000000f3900000,0x00000000f7cf89e8,0x00000000f7d00000)
  to   space 105472K, 0% used [0x00000000f9900000,0x00000000f9900000,0x0000000100000000)
 ParOldGen       total 163328K, used 145954K [0x00000000c2a00000, 0x00000000cc980000, 0x00000000eb900000)
  object space 163328K, 89% used [0x00000000c2a00000,0x00000000cb888a38,0x00000000cc980000)
 Metaspace       used 32160K, capacity 32966K, committed 33152K, reserved 1079296K
  class space    used 3217K, capacity 3421K, committed 3456K, reserved 1048576K
Event: 157.834 GC heap after
Heap after GC invocations=66 (full 4):
 PSYoungGen      total 222208K, used 72894K [0x00000000eb900000, 0x0000000100000000, 0x0000000100000000)
  eden space 116736K, 0% used [0x00000000eb900000,0x00000000eb900000,0x00000000f2b00000)
  from space 105472K, 69% used [0x00000000f9900000,0x00000000fe02f860,0x0000000100000000)
  to   space 109056K, 0% used [0x00000000f2b00000,0x00000000f2b00000,0x00000000f9580000)
 ParOldGen       total 163328K, used 146298K [0x00000000c2a00000, 0x00000000cc980000, 0x00000000eb900000)
  object space 163328K, 89% used [0x00000000c2a00000,0x00000000cb8dea38,0x00000000cc980000)
 Metaspace       used 32160K, capacity 32966K, committed 33152K, reserved 1079296K
  class space    used 3217K, capacity 3421K, committed 3456K, reserved 1048576K
}
Event: 158.895 GC heap before
{Heap before GC invocations=67 (full 4):
 PSYoungGen      total 222208K, used 189630K [0x00000000eb900000, 0x0000000100000000, 0x0000000100000000)
  eden space 116736K, 100% used [0x00000000eb900000,0x00000000f2b00000,0x00000000f2b00000)
  from space 105472K, 69% used [0x00000000f9900000,0x00000000fe02f860,0x0000000100000000)
  to   space 109056K, 0% used [0x00000000f2b00000,0x00000000f2b00000,0x00000000f9580000)
 ParOldGen       total 163328K, used 146298K [0x00000000c2a00000, 0x00000000cc980000, 0x00000000eb900000)
  object space 163328K, 89% used [0x00000000c2a00000,0x00000000cb8dea38,0x00000000cc980000)
 Metaspace       used 32226K, capacity 33094K, committed 33408K, reserved 1079296K
  class space    used 3217K, capacity 3421K, committed 3456K, reserved 1048576K
Event: 158.981 GC heap after
Heap after GC invocations=67 (full 4):
 PSYoungGen      total 190464K, used 73277K [0x00000000eb900000, 0x0000000100000000, 0x0000000100000000)
  eden space 116736K, 0% used [0x00000000eb900000,0x00000000eb900000,0x00000000f2b00000)
  from space 73728K, 99% used [0x00000000f2b00000,0x00000000f728f5d0,0x00000000f7300000)
  to   space 111616K, 0% used [0x00000000f9300000,0x00000000f9300000,0x0000000100000000)
 ParOldGen       total 163328K, used 155033K [0x00000000c2a00000, 0x00000000cc980000, 0x00000000eb900000)
  object space 163328K, 94% used [0x00000000c2a00000,0x00000000cc1665e0,0x00000000cc980000)
 Metaspace       used 32226K, capacity 33094K, committed 33408K, reserved 1079296K
  class space    used 3217K, capacity 3421K, committed 3456K, reserved 1048576K
}
Event: 158.981 GC heap before
{Heap before GC invocations=68 (full 5):
 PSYoungGen      total 190464K, used 73277K [0x00000000eb900000, 0x0000000100000000, 0x0000000100000000)
  eden space 116736K, 0% used [0x00000000eb900000,0x00000000eb900000,0x00000000f2b00000)
  from space 73728K, 99% used [0x00000000f2b00000,0x00000000f728f5d0,0x00000000f7300000)
  to   space 111616K, 0% used [0x00000000f9300000,0x00000000f9300000,0x0000000100000000)
 ParOldGen       total 163328K, used 155033K [0x00000000c2a00000, 0x00000000cc980000, 0x00000000eb900000)
  object space 163328K, 94% used [0x00000000c2a00000,0x00000000cc1665e0,0x00000000cc980000)
 Metaspace       used 32226K, capacity 33094K, committed 33408K, reserved 1079296K
  class space    used 3217K, capacity 3421K, committed 3456K, reserved 1048576K

