# JRE version: Java(TM) SE Runtime Environment (8.0_201-b09) (build 1.8.0_201-b09)
# Java VM: Java HotSpot(TM) 64-Bit Server VM (25.201-b09 mixed mode linux-amd64 compressed oops)
Heap:
 PSYoungGen      total 223744K, used 52922K [0x00000000eb900000, 0x0000000100000000, 0x0000000100000000)
  eden space 112128K, 0% used [0x00000000eb900000,0x00000000eb900000,0x00000000f2680000)
  from space 111616K, 47% used [0x00000000f9300000,0x00000000fc6ae9d8,0x0000000100000000)
  to   space 111104K, 0% used [0x00000000f2680000,0x00000000f2680000,0x00000000f9300000)
 ParOldGen       total 194560K, used 194306K [0x00000000c2a00000, 0x00000000ce800000, 0x00000000eb900000)
  object space 194560K, 99% used [0x00000000c2a00000,0x00000000ce7c0988,0x00000000ce800000)
 Metaspace       used 38470K, capacity 40568K, committed 40704K, reserved 1085440K
  class space    used 3761K, capacity 4515K, committed 4608K, reserved 1048576K
GC Heap History (10 events):
Event: 163.385 GC heap after
Heap after GC invocations=72 (full 4):
 PSYoungGen      total 219648K, used 80445K [0x00000000eb900000, 0x0000000100000000, 0x0000000100000000)
  eden space 130048K, 0% used [0x00000000eb900000,0x00000000eb900000,0x00000000f3800000)
  from space 89600K, 89% used [0x00000000fa880000,0x00000000ff70f6b0,0x0000000100000000)
  to   space 102400K, 0% used [0x00000000f3800000,0x00000000f3800000,0x00000000f9c00000)
 ParOldGen       total 191488K, used 172561K [0x00000000c2a00000, 0x00000000ce500000, 0x00000000eb900000)
  object space 191488K, 90% used [0x00000000c2a00000,0x00000000cd2847b8,0x00000000ce500000)
 Metaspace       used 32516K, capacity 33670K, committed 33792K, reserved 1079296K
  class space    used 3256K, capacity 3509K, committed 3584K, reserved 1048576K
}
Event: 165.132 GC heap before
{Heap before GC invocations=73 (full 4):
 PSYoungGen      total 219648K, used 210493K [0x00000000eb900000, 0x0000000100000000, 0x0000000100000000)
  eden space 130048K, 100% used [0x00000000eb900000,0x00000000f3800000,0x00000000f3800000)
  from space 89600K, 89% used [0x00000000fa880000,0x00000000ff70f6b0,0x0000000100000000)
  to   space 102400K, 0% used [0x00000000f3800000,0x00000000f3800000,0x00000000f9c00000)
 ParOldGen       total 191488K, used 172561K [0x00000000c2a00000, 0x00000000ce500000, 0x00000000eb900000)
  object space 191488K, 90% used [0x00000000c2a00000,0x00000000cd2847b8,0x00000000ce500000)
 Metaspace       used 32517K, capacity 33670K, committed 33792K, reserved 1079296K
  class space    used 3256K, capacity 3509K, committed 3584K, reserved 1048576K
Event: 165.186 GC heap after
Heap after GC invocations=73 (full 4):
 PSYoungGen      total 204800K, used 74458K [0x00000000eb900000, 0x0000000100000000, 0x0000000100000000)
  eden space 130048K, 0% used [0x00000000eb900000,0x00000000eb900000,0x00000000f3800000)
  from space 74752K, 99% used [0x00000000f3800000,0x00000000f80b6a00,0x00000000f8100000)
  to   space 105984K, 0% used [0x00000000f9880000,0x00000000f9880000,0x0000000100000000)
 ParOldGen       total 191488K, used 175082K [0x00000000c2a00000, 0x00000000ce500000, 0x00000000eb900000)
  object space 191488K, 91% used [0x00000000c2a00000,0x00000000cd4fa878,0x00000000ce500000)
 Metaspace       used 32517K, capacity 33670K, committed 33792K, reserved 1079296K
  class space    used 3256K, capacity 3509K, committed 3584K, reserved 1048576K
}
Event: 166.902 GC heap before
{Heap before GC invocations=74 (full 4):
 PSYoungGen      total 204800K, used 204506K [0x00000000eb900000, 0x0000000100000000, 0x0000000100000000)
  eden space 130048K, 100% used [0x00000000eb900000,0x00000000f3800000,0x00000000f3800000)
  from space 74752K, 99% used [0x00000000f3800000,0x00000000f80b6a00,0x00000000f8100000)
  to   space 105984K, 0% used [0x00000000f9880000,0x00000000f9880000,0x0000000100000000)
 ParOldGen       total 191488K, used 175082K [0x00000000c2a00000, 0x00000000ce500000, 0x00000000eb900000)
  object space 191488K, 91% used [0x00000000c2a00000,0x00000000cd4fa878,0x00000000ce500000)
 Metaspace       used 36077K, capacity 37530K, committed 37632K, reserved 1083392K
  class space    used 3625K, capacity 4058K, committed 4096K, reserved 1048576K
Event: 167.038 GC heap after
Heap after GC invocations=74 (full 4):
 PSYoungGen      total 220672K, used 77808K [0x00000000eb900000, 0x0000000100000000, 0x0000000100000000)
  eden space 114688K, 0% used [0x00000000eb900000,0x00000000eb900000,0x00000000f2900000)
  from space 105984K, 73% used [0x00000000f9880000,0x00000000fe47c210,0x0000000100000000)
  to   space 110080K, 0% used [0x00000000f2900000,0x00000000f2900000,0x00000000f9480000)
 ParOldGen       total 191488K, used 176186K [0x00000000c2a00000, 0x00000000ce500000, 0x00000000eb900000)
  object space 191488K, 92% used [0x00000000c2a00000,0x00000000cd60e850,0x00000000ce500000)
 Metaspace       used 36077K, capacity 37530K, committed 37632K, reserved 1083392K
  class space    used 3625K, capacity 4058K, committed 4096K, reserved 1048576K
}
Event: 168.007 GC heap before
{Heap before GC invocations=75 (full 4):
 PSYoungGen      total 220672K, used 192496K [0x00000000eb900000, 0x0000000100000000, 0x0000000100000000)
  eden space 114688K, 100% used [0x00000000eb900000,0x00000000f2900000,0x00000000f2900000)
  from space 105984K, 73% used [0x00000000f9880000,0x00000000fe47c210,0x0000000100000000)
  to   space 110080K, 0% used [0x00000000f2900000,0x00000000f2900000,0x00000000f9480000)
 ParOldGen       total 191488K, used 176186K [0x00000000c2a00000, 0x00000000ce500000, 0x00000000eb900000)
  object space 191488K, 92% used [0x00000000c2a00000,0x00000000cd60e850,0x00000000ce500000)
 Metaspace       used 37178K, capacity 38888K, committed 39168K, reserved 1083392K
  class space    used 3683K, capacity 4259K, committed 4352K, reserved 1048576K
Event: 168.095 GC heap after
Heap after GC invocations=75 (full 4):
 PSYoungGen      total 195072K, used 80372K [0x00000000eb900000, 0x0000000100000000, 0x0000000100000000)
  eden space 114688K, 0% used [0x00000000eb900000,0x00000000eb900000,0x00000000f2900000)
  from space 80384K, 99% used [0x00000000f2900000,0x00000000f777d3e0,0x00000000f7780000)
  to   space 111616K, 0% used [0x00000000f9300000,0x00000000f9300000,0x0000000100000000)
 ParOldGen       total 191488K, used 176818K [0x00000000c2a00000, 0x00000000ce500000, 0x00000000eb900000)
  object space 191488K, 92% used [0x00000000c2a00000,0x00000000cd6ac870,0x00000000ce500000)
 Metaspace       used 37178K, capacity 38888K, committed 39168K, reserved 1083392K
  class space    used 3683K, capacity 4259K, committed 4352K, reserved 1048576K
}
Event: 169.388 GC heap before
{Heap before GC invocations=76 (full 4):
 PSYoungGen      total 195072K, used 195060K [0x00000000eb900000, 0x0000000100000000, 0x0000000100000000)
  eden space 114688K, 100% used [0x00000000eb900000,0x00000000f2900000,0x00000000f2900000)
  from space 80384K, 99% used [0x00000000f2900000,0x00000000f777d3e0,0x00000000f7780000)
  to   space 111616K, 0% used [0x00000000f9300000,0x00000000f9300000,0x0000000100000000)
 ParOldGen       total 191488K, used 176818K [0x00000000c2a00000, 0x00000000ce500000, 0x00000000eb900000)
  object space 191488K, 92% used [0x00000000c2a00000,0x00000000cd6ac870,0x00000000ce500000)
 Metaspace       used 38470K, capacity 40568K, committed 40704K, reserved 1085440K
  class space    used 3761K, capacity 4515K, committed 4608K, reserved 1048576K
Event: 169.495 GC heap after
Heap after GC invocations=76 (full 4):
 PSYoungGen      total 223744K, used 64847K [0x00000000eb900000, 0x0000000100000000, 0x0000000100000000)
  eden space 112128K, 0% used [0x00000000eb900000,0x00000000eb900000,0x00000000f2680000)
  from space 111616K, 58% used [0x00000000f9300000,0x00000000fd253f20,0x0000000100000000)
  to   space 111104K, 0% used [0x00000000f2680000,0x00000000f2680000,0x00000000f9300000)
 ParOldGen       total 194560K, used 194277K [0x00000000c2a00000, 0x00000000ce800000, 0x00000000eb900000)
  object space 194560K, 99% used [0x00000000c2a00000,0x00000000ce7b9640,0x00000000ce800000)
 Metaspace       used 38470K, capacity 40568K, committed 40704K, reserved 1085440K
  class space    used 3761K, capacity 4515K, committed 4608K, reserved 1048576K
}
Event: 169.495 GC heap before
{Heap before GC invocations=77 (full 5):
 PSYoungGen      total 223744K, used 64847K [0x00000000eb900000, 0x0000000100000000, 0x0000000100000000)
  eden space 112128K, 0% used [0x00000000eb900000,0x00000000eb900000,0x00000000f2680000)
  from space 111616K, 58% used [0x00000000f9300000,0x00000000fd253f20,0x0000000100000000)
  to   space 111104K, 0% used [0x00000000f2680000,0x00000000f2680000,0x00000000f9300000)
 ParOldGen       total 194560K, used 194277K [0x00000000c2a00000, 0x00000000ce800000, 0x00000000eb900000)
  object space 194560K, 99% used [0x00000000c2a00000,0x00000000ce7b9640,0x00000000ce800000)
 Metaspace       used 38470K, capacity 40568K, committed 40704K, reserved 1085440K
  class space    used 3761K, capacity 4515K, committed 4608K, reserved 1048576K

