# JRE version: Java(TM) SE Runtime Environment (8.0_201-b09) (build 1.8.0_201-b09)
# Java VM: Java HotSpot(TM) 64-Bit Server VM (25.201-b09 mixed mode linux-amd64 compressed oops)
Heap:
 PSYoungGen      total 156672K, used 2328K [0x00000000eb900000, 0x00000000f7b80000, 0x0000000100000000)
  eden space 150528K, 0% used [0x00000000eb900000,0x00000000eb900000,0x00000000f4c00000)
  from space 6144K, 37% used [0x00000000f4c00000,0x00000000f4e461a8,0x00000000f5200000)
  to   space 5632K, 0% used [0x00000000f5200000,0x00000000f5200000,0x00000000f5780000)
 ParOldGen       total 42496K, used 19075K [0x00000000c2a00000, 0x00000000c5380000, 0x00000000eb900000)
  object space 42496K, 44% used [0x00000000c2a00000,0x00000000c3ca0db8,0x00000000c5380000)
 Metaspace       used 13925K, capacity 14322K, committed 14592K, reserved 1062912K
  class space    used 1589K, capacity 1705K, committed 1792K, reserved 1048576K
GC Heap History (10 events):
Event: 60.524 GC heap after
Heap after GC invocations=9 (full 1):
 PSYoungGen      total 64000K, used 4880K [0x00000000eb900000, 0x00000000efe00000, 0x0000000100000000)
  eden space 58880K, 0% used [0x00000000eb900000,0x00000000eb900000,0x00000000ef280000)
  from space 5120K, 95% used [0x00000000ef800000,0x00000000efcc4010,0x00000000efd00000)
  to   space 5632K, 0% used [0x00000000ef280000,0x00000000ef280000,0x00000000ef800000)
 ParOldGen       total 42496K, used 7070K [0x00000000c2a00000, 0x00000000c5380000, 0x00000000eb900000)
  object space 42496K, 16% used [0x00000000c2a00000,0x00000000c30e7800,0x00000000c5380000)
 Metaspace       used 13828K, capacity 14194K, committed 14336K, reserved 1062912K
  class space    used 1589K, capacity 1705K, committed 1792K, reserved 1048576K
}
Event: 61.678 GC heap before
{Heap before GC invocations=10 (full 1):
 PSYoungGen      total 64000K, used 63760K [0x00000000eb900000, 0x00000000efe00000, 0x0000000100000000)
  eden space 58880K, 100% used [0x00000000eb900000,0x00000000ef280000,0x00000000ef280000)
  from space 5120K, 95% used [0x00000000ef800000,0x00000000efcc4010,0x00000000efd00000)
  to   space 5632K, 0% used [0x00000000ef280000,0x00000000ef280000,0x00000000ef800000)
 ParOldGen       total 42496K, used 7070K [0x00000000c2a00000, 0x00000000c5380000, 0x00000000eb900000)
  object space 42496K, 16% used [0x00000000c2a00000,0x00000000c30e7800,0x00000000c5380000)
 Metaspace       used 13853K, capacity 14194K, committed 14336K, reserved 1062912K
  class space    used 1589K, capacity 1705K, committed 1792K, reserved 1048576K
Event: 61.698 GC heap after
Heap after GC invocations=10 (full 1):
 PSYoungGen      total 64512K, used 4192K [0x00000000eb900000, 0x00000000f3700000, 0x0000000100000000)
  eden space 58880K, 0% used [0x00000000eb900000,0x00000000eb900000,0x00000000ef280000)
  from space 5632K, 74% used [0x00000000ef280000,0x00000000ef698060,0x00000000ef800000)
  to   space 5632K, 0% used [0x00000000f3180000,0x00000000f3180000,0x00000000f3700000)
 ParOldGen       total 42496K, used 8398K [0x00000000c2a00000, 0x00000000c5380000, 0x00000000eb900000)
  object space 42496K, 19% used [0x00000000c2a00000,0x00000000c3233810,0x00000000c5380000)
 Metaspace       used 13853K, capacity 14194K, committed 14336K, reserved 1062912K
  class space    used 1589K, capacity 1705K, committed 1792K, reserved 1048576K
}
Event: 62.763 GC heap before
{Heap before GC invocations=11 (full 1):
 PSYoungGen      total 64512K, used 63072K [0x00000000eb900000, 0x00000000f3700000, 0x0000000100000000)
  eden space 58880K, 100% used [0x00000000eb900000,0x00000000ef280000,0x00000000ef280000)
  from space 5632K, 74% used [0x00000000ef280000,0x00000000ef698060,0x00000000ef800000)
  to   space 5632K, 0% used [0x00000000f3180000,0x00000000f3180000,0x00000000f3700000)
 ParOldGen       total 42496K, used 8398K [0x00000000c2a00000, 0x00000000c5380000, 0x00000000eb900000)
  object space 42496K, 19% used [0x00000000c2a00000,0x00000000c3233810,0x00000000c5380000)
 Metaspace       used 13867K, capacity 14258K, committed 14592K, reserved 1062912K
  class space    used 1589K, capacity 1705K, committed 1792K, reserved 1048576K
Event: 62.786 GC heap after
Heap after GC invocations=11 (full 1):
 PSYoungGen      total 98816K, used 4144K [0x00000000eb900000, 0x00000000f3600000, 0x0000000100000000)
  eden space 94208K, 0% used [0x00000000eb900000,0x00000000eb900000,0x00000000f1500000)
  from space 4608K, 89% used [0x00000000f3180000,0x00000000f358c020,0x00000000f3600000)
  to   space 5632K, 0% used [0x00000000f2b00000,0x00000000f2b00000,0x00000000f3080000)
 ParOldGen       total 42496K, used 10060K [0x00000000c2a00000, 0x00000000c5380000, 0x00000000eb900000)
  object space 42496K, 23% used [0x00000000c2a00000,0x00000000c33d3238,0x00000000c5380000)
 Metaspace       used 13867K, capacity 14258K, committed 14592K, reserved 1062912K
  class space    used 1589K, capacity 1705K, committed 1792K, reserved 1048576K
}
Event: 64.174 GC heap before
{Heap before GC invocations=12 (full 1):
 PSYoungGen      total 98816K, used 98352K [0x00000000eb900000, 0x00000000f3600000, 0x0000000100000000)
  eden space 94208K, 100% used [0x00000000eb900000,0x00000000f1500000,0x00000000f1500000)
  from space 4608K, 89% used [0x00000000f3180000,0x00000000f358c020,0x00000000f3600000)
  to   space 5632K, 0% used [0x00000000f2b00000,0x00000000f2b00000,0x00000000f3080000)
 ParOldGen       total 42496K, used 10060K [0x00000000c2a00000, 0x00000000c5380000, 0x00000000eb900000)
  object space 42496K, 23% used [0x00000000c2a00000,0x00000000c33d3238,0x00000000c5380000)
 Metaspace       used 13888K, capacity 14258K, committed 14592K, reserved 1062912K
  class space    used 1589K, capacity 1705K, committed 1792K, reserved 1048576K
Event: 64.192 GC heap after
Heap after GC invocations=12 (full 1):
 PSYoungGen      total 122368K, used 2160K [0x00000000eb900000, 0x00000000f5780000, 0x0000000100000000)
  eden space 116736K, 0% used [0x00000000eb900000,0x00000000eb900000,0x00000000f2b00000)
  from space 5632K, 38% used [0x00000000f2b00000,0x00000000f2d1c020,0x00000000f3080000)
  to   space 5632K, 0% used [0x00000000f5200000,0x00000000f5200000,0x00000000f5780000)
 ParOldGen       total 42496K, used 12553K [0x00000000c2a00000, 0x00000000c5380000, 0x00000000eb900000)
  object space 42496K, 29% used [0x00000000c2a00000,0x00000000c3642700,0x00000000c5380000)
 Metaspace       used 13888K, capacity 14258K, committed 14592K, reserved 1062912K
  class space    used 1589K, capacity 1705K, committed 1792K, reserved 1048576K
}
Event: 66.476 GC heap before
{Heap before GC invocations=13 (full 1):
 PSYoungGen      total 122368K, used 118896K [0x00000000eb900000, 0x00000000f5780000, 0x0000000100000000)
  eden space 116736K, 100% used [0x00000000eb900000,0x00000000f2b00000,0x00000000f2b00000)
  from space 5632K, 38% used [0x00000000f2b00000,0x00000000f2d1c020,0x00000000f3080000)
  to   space 5632K, 0% used [0x00000000f5200000,0x00000000f5200000,0x00000000f5780000)
 ParOldGen       total 42496K, used 12553K [0x00000000c2a00000, 0x00000000c5380000, 0x00000000eb900000)
  object space 42496K, 29% used [0x00000000c2a00000,0x00000000c3642700,0x00000000c5380000)
 Metaspace       used 13912K, capacity 14258K, committed 14592K, reserved 1062912K
  class space    used 1589K, capacity 1705K, committed 1792K, reserved 1048576K
Event: 66.561 GC heap after
Heap after GC invocations=13 (full 1):
 PSYoungGen      total 156160K, used 4816K [0x00000000eb900000, 0x00000000f7b80000, 0x0000000100000000)
  eden space 150528K, 0% used [0x00000000eb900000,0x00000000eb900000,0x00000000f4c00000)
  from space 5632K, 85% used [0x00000000f5200000,0x00000000f56b40c0,0x00000000f5780000)
  to   space 6144K, 0% used [0x00000000f4c00000,0x00000000f4c00000,0x00000000f5200000)
 ParOldGen       total 42496K, used 14494K [0x00000000c2a00000, 0x00000000c5380000, 0x00000000eb900000)
  object space 42496K, 34% used [0x00000000c2a00000,0x00000000c3827bb8,0x00000000c5380000)
 Metaspace       used 13912K, capacity 14258K, committed 14592K, reserved 1062912K
  class space    used 1589K, capacity 1705K, committed 1792K, reserved 1048576K
}
Event: 68.767 GC heap before
{Heap before GC invocations=14 (full 1):
 PSYoungGen      total 156160K, used 155344K [0x00000000eb900000, 0x00000000f7b80000, 0x0000000100000000)
  eden space 150528K, 100% used [0x00000000eb900000,0x00000000f4c00000,0x00000000f4c00000)
  from space 5632K, 85% used [0x00000000f5200000,0x00000000f56b40c0,0x00000000f5780000)
  to   space 6144K, 0% used [0x00000000f4c00000,0x00000000f4c00000,0x00000000f5200000)
 ParOldGen       total 42496K, used 14494K [0x00000000c2a00000, 0x00000000c5380000, 0x00000000eb900000)
  object space 42496K, 34% used [0x00000000c2a00000,0x00000000c3827bb8,0x00000000c5380000)
 Metaspace       used 13925K, capacity 14322K, committed 14592K, reserved 1062912K
  class space    used 1589K, capacity 1705K, committed 1792K, reserved 1048576K

