# JRE version: Java(TM) SE Runtime Environment (8.0_201-b09) (build 1.8.0_201-b09)
# Java VM: Java HotSpot(TM) 64-Bit Server VM (25.201-b09 mixed mode linux-amd64 compressed oops)
Heap:
 PSYoungGen      total 126464K, used 4464K [0x00000000eb900000, 0x00000000f3a00000, 0x0000000100000000)
  eden space 120832K, 0% used [0x00000000eb900000,0x00000000eb900000,0x00000000f2f00000)
  from space 5632K, 79% used [0x00000000f2f00000,0x00000000f335c1c0,0x00000000f3480000)
  to   space 5632K, 0% used [0x00000000f3480000,0x00000000f3480000,0x00000000f3a00000)
 ParOldGen       total 42496K, used 12103K [0x00000000c2a00000, 0x00000000c5380000, 0x00000000eb900000)
  object space 42496K, 28% used [0x00000000c2a00000,0x00000000c35d1cf8,0x00000000c5380000)
 Metaspace       used 13995K, capacity 14416K, committed 14592K, reserved 1062912K
  class space    used 1597K, capacity 1710K, committed 1792K, reserved 1048576K
GC Heap History (10 events):
Event: 27.458 GC heap after
Heap after GC invocations=5 (full 1):
 PSYoungGen      total 34304K, used 2560K [0x00000000eb900000, 0x00000000efc00000, 0x0000000100000000)
  eden space 31744K, 0% used [0x00000000eb900000,0x00000000eb900000,0x00000000ed800000)
  from space 2560K, 100% used [0x00000000eda80000,0x00000000edd00000,0x00000000edd00000)
  to   space 2560K, 0% used [0x00000000ed800000,0x00000000ed800000,0x00000000eda80000)
 ParOldGen       total 42496K, used 6306K [0x00000000c2a00000, 0x00000000c5380000, 0x00000000eb900000)
  object space 42496K, 14% used [0x00000000c2a00000,0x00000000c3028a40,0x00000000c5380000)
 Metaspace       used 13825K, capacity 14160K, committed 14336K, reserved 1062912K
  class space    used 1597K, capacity 1710K, committed 1792K, reserved 1048576K
}
Event: 27.862 GC heap before
{Heap before GC invocations=6 (full 1):
 PSYoungGen      total 34304K, used 34304K [0x00000000eb900000, 0x00000000efc00000, 0x0000000100000000)
  eden space 31744K, 100% used [0x00000000eb900000,0x00000000ed800000,0x00000000ed800000)
  from space 2560K, 100% used [0x00000000eda80000,0x00000000edd00000,0x00000000edd00000)
  to   space 2560K, 0% used [0x00000000ed800000,0x00000000ed800000,0x00000000eda80000)
 ParOldGen       total 42496K, used 6306K [0x00000000c2a00000, 0x00000000c5380000, 0x00000000eb900000)
  object space 42496K, 14% used [0x00000000c2a00000,0x00000000c3028a40,0x00000000c5380000)
 Metaspace       used 13876K, capacity 14288K, committed 14592K, reserved 1062912K
  class space    used 1597K, capacity 1710K, committed 1792K, reserved 1048576K
Event: 27.890 GC heap after
Heap after GC invocations=6 (full 1):
 PSYoungGen      total 34304K, used 2560K [0x00000000eb900000, 0x00000000efc00000, 0x0000000100000000)
  eden space 31744K, 0% used [0x00000000eb900000,0x00000000eb900000,0x00000000ed800000)
  from space 2560K, 100% used [0x00000000ed800000,0x00000000eda80000,0x00000000eda80000)
  to   space 2560K, 0% used [0x00000000ef980000,0x00000000ef980000,0x00000000efc00000)
 ParOldGen       total 42496K, used 7824K [0x00000000c2a00000, 0x00000000c5380000, 0x00000000eb900000)
  object space 42496K, 18% used [0x00000000c2a00000,0x00000000c31a42c8,0x00000000c5380000)
 Metaspace       used 13876K, capacity 14288K, committed 14592K, reserved 1062912K
  class space    used 1597K, capacity 1710K, committed 1792K, reserved 1048576K
}
Event: 28.328 GC heap before
{Heap before GC invocations=7 (full 1):
 PSYoungGen      total 34304K, used 34304K [0x00000000eb900000, 0x00000000efc00000, 0x0000000100000000)
  eden space 31744K, 100% used [0x00000000eb900000,0x00000000ed800000,0x00000000ed800000)
  from space 2560K, 100% used [0x00000000ed800000,0x00000000eda80000,0x00000000eda80000)
  to   space 2560K, 0% used [0x00000000ef980000,0x00000000ef980000,0x00000000efc00000)
 ParOldGen       total 42496K, used 7824K [0x00000000c2a00000, 0x00000000c5380000, 0x00000000eb900000)
  object space 42496K, 18% used [0x00000000c2a00000,0x00000000c31a42c8,0x00000000c5380000)
 Metaspace       used 13912K, capacity 14288K, committed 14592K, reserved 1062912K
  class space    used 1597K, capacity 1710K, committed 1792K, reserved 1048576K
Event: 28.338 GC heap after
Heap after GC invocations=7 (full 1):
 PSYoungGen      total 62976K, used 2560K [0x00000000eb900000, 0x00000000f0200000, 0x0000000100000000)
  eden space 60416K, 0% used [0x00000000eb900000,0x00000000eb900000,0x00000000ef400000)
  from space 2560K, 100% used [0x00000000ef980000,0x00000000efc00000,0x00000000efc00000)
  to   space 5632K, 0% used [0x00000000ef400000,0x00000000ef400000,0x00000000ef980000)
 ParOldGen       total 42496K, used 9807K [0x00000000c2a00000, 0x00000000c5380000, 0x00000000eb900000)
  object space 42496K, 23% used [0x00000000c2a00000,0x00000000c3393cf8,0x00000000c5380000)
 Metaspace       used 13912K, capacity 14288K, committed 14592K, reserved 1062912K
  class space    used 1597K, capacity 1710K, committed 1792K, reserved 1048576K
}
Event: 29.084 GC heap before
{Heap before GC invocations=8 (full 1):
 PSYoungGen      total 62976K, used 62976K [0x00000000eb900000, 0x00000000f0200000, 0x0000000100000000)
  eden space 60416K, 100% used [0x00000000eb900000,0x00000000ef400000,0x00000000ef400000)
  from space 2560K, 100% used [0x00000000ef980000,0x00000000efc00000,0x00000000efc00000)
  to   space 5632K, 0% used [0x00000000ef400000,0x00000000ef400000,0x00000000ef980000)
 ParOldGen       total 42496K, used 9807K [0x00000000c2a00000, 0x00000000c5380000, 0x00000000eb900000)
  object space 42496K, 23% used [0x00000000c2a00000,0x00000000c3393cf8,0x00000000c5380000)
 Metaspace       used 13947K, capacity 14352K, committed 14592K, reserved 1062912K
  class space    used 1597K, capacity 1710K, committed 1792K, reserved 1048576K
Event: 29.100 GC heap after
Heap after GC invocations=8 (full 1):
 PSYoungGen      total 66048K, used 3520K [0x00000000eb900000, 0x00000000f3a00000, 0x0000000100000000)
  eden space 60416K, 0% used [0x00000000eb900000,0x00000000eb900000,0x00000000ef400000)
  from space 5632K, 62% used [0x00000000ef400000,0x00000000ef770000,0x00000000ef980000)
  to   space 5632K, 0% used [0x00000000f3480000,0x00000000f3480000,0x00000000f3a00000)
 ParOldGen       total 42496K, used 9815K [0x00000000c2a00000, 0x00000000c5380000, 0x00000000eb900000)
  object space 42496K, 23% used [0x00000000c2a00000,0x00000000c3395cf8,0x00000000c5380000)
 Metaspace       used 13947K, capacity 14352K, committed 14592K, reserved 1062912K
  class space    used 1597K, capacity 1710K, committed 1792K, reserved 1048576K
}
Event: 29.680 GC heap before
{Heap before GC invocations=9 (full 1):
 PSYoungGen      total 66048K, used 63936K [0x00000000eb900000, 0x00000000f3a00000, 0x0000000100000000)
  eden space 60416K, 100% used [0x00000000eb900000,0x00000000ef400000,0x00000000ef400000)
  from space 5632K, 62% used [0x00000000ef400000,0x00000000ef770000,0x00000000ef980000)
  to   space 5632K, 0% used [0x00000000f3480000,0x00000000f3480000,0x00000000f3a00000)
 ParOldGen       total 42496K, used 9815K [0x00000000c2a00000, 0x00000000c5380000, 0x00000000eb900000)
  object space 42496K, 23% used [0x00000000c2a00000,0x00000000c3395cf8,0x00000000c5380000)
 Metaspace       used 13964K, capacity 14352K, committed 14592K, reserved 1062912K
  class space    used 1597K, capacity 1710K, committed 1792K, reserved 1048576K
Event: 29.694 GC heap after
Heap after GC invocations=9 (full 1):
 PSYoungGen      total 126464K, used 4432K [0x00000000eb900000, 0x00000000f3a00000, 0x0000000100000000)
  eden space 120832K, 0% used [0x00000000eb900000,0x00000000eb900000,0x00000000f2f00000)
  from space 5632K, 78% used [0x00000000f3480000,0x00000000f38d4020,0x00000000f3a00000)
  to   space 5632K, 0% used [0x00000000f2f00000,0x00000000f2f00000,0x00000000f3480000)
 ParOldGen       total 42496K, used 10367K [0x00000000c2a00000, 0x00000000c5380000, 0x00000000eb900000)
  object space 42496K, 24% used [0x00000000c2a00000,0x00000000c341fcf8,0x00000000c5380000)
 Metaspace       used 13964K, capacity 14352K, committed 14592K, reserved 1062912K
  class space    used 1597K, capacity 1710K, committed 1792K, reserved 1048576K
}
Event: 31.090 GC heap before
{Heap before GC invocations=10 (full 1):
 PSYoungGen      total 126464K, used 125264K [0x00000000eb900000, 0x00000000f3a00000, 0x0000000100000000)
  eden space 120832K, 100% used [0x00000000eb900000,0x00000000f2f00000,0x00000000f2f00000)
  from space 5632K, 78% used [0x00000000f3480000,0x00000000f38d4020,0x00000000f3a00000)
  to   space 5632K, 0% used [0x00000000f2f00000,0x00000000f2f00000,0x00000000f3480000)
 ParOldGen       total 42496K, used 10367K [0x00000000c2a00000, 0x00000000c5380000, 0x00000000eb900000)
  object space 42496K, 24% used [0x00000000c2a00000,0x00000000c341fcf8,0x00000000c5380000)
 Metaspace       used 13995K, capacity 14416K, committed 14592K, reserved 1062912K
  class space    used 1597K, capacity 1710K, committed 1792K, reserved 1048576K

