# JRE version: Java(TM) SE Runtime Environment (8.0_201-b09) (build 1.8.0_201-b09)
# Java VM: Java HotSpot(TM) 64-Bit Server VM (25.201-b09 mixed mode linux-amd64 compressed oops)
Heap:
 PSYoungGen      total 243712K, used 230284K [0x00000000eb900000, 0x00000000fae80000, 0x0000000100000000)
  eden space 236032K, 97% used [0x00000000eb900000,0x00000000f990b358,0x00000000f9f80000)
  from space 7680K, 11% used [0x00000000fa700000,0x00000000fa7d8000,0x00000000fae80000)
  to   space 7680K, 0% used [0x00000000f9f80000,0x00000000f9f80000,0x00000000fa700000)
 ParOldGen       total 42496K, used 28269K [0x00000000c2a00000, 0x00000000c5380000, 0x00000000eb900000)
  object space 42496K, 66% used [0x00000000c2a00000,0x00000000c459b6c8,0x00000000c5380000)
 Metaspace       used 14764K, capacity 15265K, committed 15360K, reserved 1062912K
  class space    used 1602K, capacity 1720K, committed 1792K, reserved 1048576K
GC Heap History (10 events):
Event: 88.570 GC heap before
{Heap before GC invocations=11 (full 1):
 PSYoungGen      total 62464K, used 62432K [0x00000000eb900000, 0x00000000f3500000, 0x0000000100000000)
  eden space 57344K, 100% used [0x00000000eb900000,0x00000000ef100000,0x00000000ef100000)
  from space 5120K, 99% used [0x00000000ef100000,0x00000000ef5f8040,0x00000000ef600000)
  to   space 6144K, 0% used [0x00000000f2f00000,0x00000000f2f00000,0x00000000f3500000)
 ParOldGen       total 42496K, used 9403K [0x00000000c2a00000, 0x00000000c5380000, 0x00000000eb900000)
  object space 42496K, 22% used [0x00000000c2a00000,0x00000000c332ee28,0x00000000c5380000)
 Metaspace       used 13849K, capacity 14258K, committed 14592K, reserved 1062912K
  class space    used 1586K, capacity 1705K, committed 1792K, reserved 1048576K
Event: 88.585 GC heap after
Heap after GC invocations=11 (full 1):
 PSYoungGen      total 98304K, used 5952K [0x00000000eb900000, 0x00000000f3500000, 0x0000000100000000)
  eden space 92160K, 0% used [0x00000000eb900000,0x00000000eb900000,0x00000000f1300000)
  from space 6144K, 96% used [0x00000000f2f00000,0x00000000f34d0040,0x00000000f3500000)
  to   space 7168K, 0% used [0x00000000f2700000,0x00000000f2700000,0x00000000f2e00000)
 ParOldGen       total 42496K, used 10211K [0x00000000c2a00000, 0x00000000c5380000, 0x00000000eb900000)
  object space 42496K, 24% used [0x00000000c2a00000,0x00000000c33f8e38,0x00000000c5380000)
 Metaspace       used 13849K, capacity 14258K, committed 14592K, reserved 1062912K
  class space    used 1586K, capacity 1705K, committed 1792K, reserved 1048576K
}
Event: 89.455 GC heap before
{Heap before GC invocations=12 (full 1):
 PSYoungGen      total 98304K, used 98112K [0x00000000eb900000, 0x00000000f3500000, 0x0000000100000000)
  eden space 92160K, 100% used [0x00000000eb900000,0x00000000f1300000,0x00000000f1300000)
  from space 6144K, 96% used [0x00000000f2f00000,0x00000000f34d0040,0x00000000f3500000)
  to   space 7168K, 0% used [0x00000000f2700000,0x00000000f2700000,0x00000000f2e00000)
 ParOldGen       total 42496K, used 10211K [0x00000000c2a00000, 0x00000000c5380000, 0x00000000eb900000)
  object space 42496K, 24% used [0x00000000c2a00000,0x00000000c33f8e38,0x00000000c5380000)
 Metaspace       used 13885K, capacity 14258K, committed 14592K, reserved 1062912K
  class space    used 1586K, capacity 1705K, committed 1792K, reserved 1048576K
Event: 89.494 GC heap after
Heap after GC invocations=12 (full 1):
 PSYoungGen      total 119808K, used 5696K [0x00000000eb900000, 0x00000000f5700000, 0x0000000100000000)
  eden space 112640K, 0% used [0x00000000eb900000,0x00000000eb900000,0x00000000f2700000)
  from space 7168K, 79% used [0x00000000f2700000,0x00000000f2c901d0,0x00000000f2e00000)
  to   space 7168K, 0% used [0x00000000f5000000,0x00000000f5000000,0x00000000f5700000)
 ParOldGen       total 42496K, used 14559K [0x00000000c2a00000, 0x00000000c5380000, 0x00000000eb900000)
  object space 42496K, 34% used [0x00000000c2a00000,0x00000000c3837c58,0x00000000c5380000)
 Metaspace       used 13885K, capacity 14258K, committed 14592K, reserved 1062912K
  class space    used 1586K, capacity 1705K, committed 1792K, reserved 1048576K
}
Event: 90.241 GC heap before
{Heap before GC invocations=13 (full 1):
 PSYoungGen      total 119808K, used 118336K [0x00000000eb900000, 0x00000000f5700000, 0x0000000100000000)
  eden space 112640K, 100% used [0x00000000eb900000,0x00000000f2700000,0x00000000f2700000)
  from space 7168K, 79% used [0x00000000f2700000,0x00000000f2c901d0,0x00000000f2e00000)
  to   space 7168K, 0% used [0x00000000f5000000,0x00000000f5000000,0x00000000f5700000)
 ParOldGen       total 42496K, used 14559K [0x00000000c2a00000, 0x00000000c5380000, 0x00000000eb900000)
  object space 42496K, 34% used [0x00000000c2a00000,0x00000000c3837c58,0x00000000c5380000)
 Metaspace       used 13910K, capacity 14322K, committed 14592K, reserved 1062912K
  class space    used 1586K, capacity 1705K, committed 1792K, reserved 1048576K
Event: 90.262 GC heap after
Heap after GC invocations=13 (full 1):
 PSYoungGen      total 154624K, used 2640K [0x00000000eb900000, 0x00000000f7700000, 0x0000000100000000)
  eden space 147456K, 0% used [0x00000000eb900000,0x00000000eb900000,0x00000000f4900000)
  from space 7168K, 36% used [0x00000000f5000000,0x00000000f5294010,0x00000000f5700000)
  to   space 7168K, 0% used [0x00000000f4900000,0x00000000f4900000,0x00000000f5000000)
 ParOldGen       total 42496K, used 20139K [0x00000000c2a00000, 0x00000000c5380000, 0x00000000eb900000)
  object space 42496K, 47% used [0x00000000c2a00000,0x00000000c3daad50,0x00000000c5380000)
 Metaspace       used 13910K, capacity 14322K, committed 14592K, reserved 1062912K
  class space    used 1586K, capacity 1705K, committed 1792K, reserved 1048576K
}
Event: 91.259 GC heap before
{Heap before GC invocations=14 (full 1):
 PSYoungGen      total 154624K, used 150096K [0x00000000eb900000, 0x00000000f7700000, 0x0000000100000000)
  eden space 147456K, 100% used [0x00000000eb900000,0x00000000f4900000,0x00000000f4900000)
  from space 7168K, 36% used [0x00000000f5000000,0x00000000f5294010,0x00000000f5700000)
  to   space 7168K, 0% used [0x00000000f4900000,0x00000000f4900000,0x00000000f5000000)
 ParOldGen       total 42496K, used 20139K [0x00000000c2a00000, 0x00000000c5380000, 0x00000000eb900000)
  object space 42496K, 47% used [0x00000000c2a00000,0x00000000c3daad50,0x00000000c5380000)
 Metaspace       used 13936K, capacity 14322K, committed 14592K, reserved 1062912K
  class space    used 1586K, capacity 1705K, committed 1792K, reserved 1048576K
Event: 91.268 GC heap after
Heap after GC invocations=14 (full 1):
 PSYoungGen      total 154624K, used 5712K [0x00000000eb900000, 0x00000000fae80000, 0x0000000100000000)
  eden space 147456K, 0% used [0x00000000eb900000,0x00000000eb900000,0x00000000f4900000)
  from space 7168K, 79% used [0x00000000f4900000,0x00000000f4e94130,0x00000000f5000000)
  to   space 7680K, 0% used [0x00000000fa700000,0x00000000fa700000,0x00000000fae80000)
 ParOldGen       total 42496K, used 22584K [0x00000000c2a00000, 0x00000000c5380000, 0x00000000eb900000)
  object space 42496K, 53% used [0x00000000c2a00000,0x00000000c400e298,0x00000000c5380000)
 Metaspace       used 13936K, capacity 14322K, committed 14592K, reserved 1062912K
  class space    used 1586K, capacity 1705K, committed 1792K, reserved 1048576K
}
Event: 92.198 GC heap before
{Heap before GC invocations=15 (full 1):
 PSYoungGen      total 154624K, used 153168K [0x00000000eb900000, 0x00000000fae80000, 0x0000000100000000)
  eden space 147456K, 100% used [0x00000000eb900000,0x00000000f4900000,0x00000000f4900000)
  from space 7168K, 79% used [0x00000000f4900000,0x00000000f4e94130,0x00000000f5000000)
  to   space 7680K, 0% used [0x00000000fa700000,0x00000000fa700000,0x00000000fae80000)
 ParOldGen       total 42496K, used 22584K [0x00000000c2a00000, 0x00000000c5380000, 0x00000000eb900000)
  object space 42496K, 53% used [0x00000000c2a00000,0x00000000c400e298,0x00000000c5380000)
 Metaspace       used 13939K, capacity 14322K, committed 14592K, reserved 1062912K
  class space    used 1586K, capacity 1705K, committed 1792K, reserved 1048576K
Event: 92.219 GC heap after
Heap after GC invocations=15 (full 1):
 PSYoungGen      total 243712K, used 864K [0x00000000eb900000, 0x00000000fae80000, 0x0000000100000000)
  eden space 236032K, 0% used [0x00000000eb900000,0x00000000eb900000,0x00000000f9f80000)
  from space 7680K, 11% used [0x00000000fa700000,0x00000000fa7d8000,0x00000000fae80000)
  to   space 7680K, 0% used [0x00000000f9f80000,0x00000000f9f80000,0x00000000fa700000)
 ParOldGen       total 42496K, used 28269K [0x00000000c2a00000, 0x00000000c5380000, 0x00000000eb900000)
  object space 42496K, 66% used [0x00000000c2a00000,0x00000000c459b6c8,0x00000000c5380000)
 Metaspace       used 13939K, capacity 14322K, committed 14592K, reserved 1062912K
  class space    used 1586K, capacity 1705K, committed 1792K, reserved 1048576K
}

