# JRE version: Java(TM) SE Runtime Environment (8.0_201-b09) (build 1.8.0_201-b09)
# Java VM: Java HotSpot(TM) 64-Bit Server VM (25.201-b09 mixed mode linux-amd64 compressed oops)
Heap:
 PSYoungGen      total 64000K, used 4576K [0x00000000eb900000, 0x00000000efc00000, 0x0000000100000000)
  eden space 59392K, 0% used [0x00000000eb900000,0x00000000eb900000,0x00000000ef300000)
  from space 4608K, 99% used [0x00000000ef300000,0x00000000ef778070,0x00000000ef780000)
  to   space 4608K, 0% used [0x00000000ef780000,0x00000000ef780000,0x00000000efc00000)
 ParOldGen       total 42496K, used 11175K [0x00000000c2a00000, 0x00000000c5380000, 0x00000000eb900000)
  object space 42496K, 26% used [0x00000000c2a00000,0x00000000c34e9ea8,0x00000000c5380000)
 Metaspace       used 14222K, capacity 14654K, committed 14848K, reserved 1062912K
  class space    used 1596K, capacity 1724K, committed 1792K, reserved 1048576K
GC Heap History (10 events):
Event: 32.739 GC heap after
Heap after GC invocations=5 (full 1):
 PSYoungGen      total 18432K, used 2560K [0x00000000eb900000, 0x00000000edd00000, 0x0000000100000000)
  eden space 15872K, 0% used [0x00000000eb900000,0x00000000eb900000,0x00000000ec880000)
  from space 2560K, 100% used [0x00000000ecb00000,0x00000000ecd80000,0x00000000ecd80000)
  to   space 2560K, 0% used [0x00000000ec880000,0x00000000ec880000,0x00000000ecb00000)
 ParOldGen       total 42496K, used 6266K [0x00000000c2a00000, 0x00000000c5380000, 0x00000000eb900000)
  object space 42496K, 14% used [0x00000000c2a00000,0x00000000c301ead8,0x00000000c5380000)
 Metaspace       used 13405K, capacity 13800K, committed 13952K, reserved 1060864K
  class space    used 1559K, capacity 1662K, committed 1664K, reserved 1048576K
}
Event: 33.195 GC heap before
{Heap before GC invocations=6 (full 1):
 PSYoungGen      total 18432K, used 18432K [0x00000000eb900000, 0x00000000edd00000, 0x0000000100000000)
  eden space 15872K, 100% used [0x00000000eb900000,0x00000000ec880000,0x00000000ec880000)
  from space 2560K, 100% used [0x00000000ecb00000,0x00000000ecd80000,0x00000000ecd80000)
  to   space 2560K, 0% used [0x00000000ec880000,0x00000000ec880000,0x00000000ecb00000)
 ParOldGen       total 42496K, used 6266K [0x00000000c2a00000, 0x00000000c5380000, 0x00000000eb900000)
  object space 42496K, 14% used [0x00000000c2a00000,0x00000000c301ead8,0x00000000c5380000)
 Metaspace       used 13419K, capacity 13800K, committed 13952K, reserved 1060864K
  class space    used 1559K, capacity 1662K, committed 1664K, reserved 1048576K
Event: 33.201 GC heap after
Heap after GC invocations=6 (full 1):
 PSYoungGen      total 18432K, used 2560K [0x00000000eb900000, 0x00000000edd00000, 0x0000000100000000)
  eden space 15872K, 0% used [0x00000000eb900000,0x00000000eb900000,0x00000000ec880000)
  from space 2560K, 100% used [0x00000000ec880000,0x00000000ecb00000,0x00000000ecb00000)
  to   space 2560K, 0% used [0x00000000eda80000,0x00000000eda80000,0x00000000edd00000)
 ParOldGen       total 42496K, used 6394K [0x00000000c2a00000, 0x00000000c5380000, 0x00000000eb900000)
  object space 42496K, 15% used [0x00000000c2a00000,0x00000000c303eb18,0x00000000c5380000)
 Metaspace       used 13419K, capacity 13800K, committed 13952K, reserved 1060864K
  class space    used 1559K, capacity 1662K, committed 1664K, reserved 1048576K
}
Event: 33.872 GC heap before
{Heap before GC invocations=7 (full 1):
 PSYoungGen      total 18432K, used 18432K [0x00000000eb900000, 0x00000000edd00000, 0x0000000100000000)
  eden space 15872K, 100% used [0x00000000eb900000,0x00000000ec880000,0x00000000ec880000)
  from space 2560K, 100% used [0x00000000ec880000,0x00000000ecb00000,0x00000000ecb00000)
  to   space 2560K, 0% used [0x00000000eda80000,0x00000000eda80000,0x00000000edd00000)
 ParOldGen       total 42496K, used 6394K [0x00000000c2a00000, 0x00000000c5380000, 0x00000000eb900000)
  object space 42496K, 15% used [0x00000000c2a00000,0x00000000c303eb18,0x00000000c5380000)
 Metaspace       used 13450K, capacity 13800K, committed 13952K, reserved 1060864K
  class space    used 1559K, capacity 1662K, committed 1664K, reserved 1048576K
Event: 33.892 GC heap after
Heap after GC invocations=7 (full 1):
 PSYoungGen      total 32256K, used 2560K [0x00000000eb900000, 0x00000000ee100000, 0x0000000100000000)
  eden space 29696K, 0% used [0x00000000eb900000,0x00000000eb900000,0x00000000ed600000)
  from space 2560K, 100% used [0x00000000eda80000,0x00000000edd00000,0x00000000edd00000)
  to   space 4608K, 0% used [0x00000000ed600000,0x00000000ed600000,0x00000000eda80000)
 ParOldGen       total 42496K, used 6626K [0x00000000c2a00000, 0x00000000c5380000, 0x00000000eb900000)
  object space 42496K, 15% used [0x00000000c2a00000,0x00000000c3078b18,0x00000000c5380000)
 Metaspace       used 13450K, capacity 13800K, committed 13952K, reserved 1060864K
  class space    used 1559K, capacity 1662K, committed 1664K, reserved 1048576K
}
Event: 41.572 GC heap before
{Heap before GC invocations=8 (full 1):
 PSYoungGen      total 32256K, used 32256K [0x00000000eb900000, 0x00000000ee100000, 0x0000000100000000)
  eden space 29696K, 100% used [0x00000000eb900000,0x00000000ed600000,0x00000000ed600000)
  from space 2560K, 100% used [0x00000000eda80000,0x00000000edd00000,0x00000000edd00000)
  to   space 4608K, 0% used [0x00000000ed600000,0x00000000ed600000,0x00000000eda80000)
 ParOldGen       total 42496K, used 6626K [0x00000000c2a00000, 0x00000000c5380000, 0x00000000eb900000)
  object space 42496K, 15% used [0x00000000c2a00000,0x00000000c3078b18,0x00000000c5380000)
 Metaspace       used 13544K, capacity 13864K, committed 13952K, reserved 1060864K
  class space    used 1560K, capacity 1662K, committed 1664K, reserved 1048576K
Event: 44.694 GC heap after
Heap after GC invocations=8 (full 1):
 PSYoungGen      total 34304K, used 3424K [0x00000000eb900000, 0x00000000efc00000, 0x0000000100000000)
  eden space 29696K, 0% used [0x00000000eb900000,0x00000000eb900000,0x00000000ed600000)
  from space 4608K, 74% used [0x00000000ed600000,0x00000000ed958000,0x00000000eda80000)
  to   space 4608K, 0% used [0x00000000ef780000,0x00000000ef780000,0x00000000efc00000)
 ParOldGen       total 42496K, used 6634K [0x00000000c2a00000, 0x00000000c5380000, 0x00000000eb900000)
  object space 42496K, 15% used [0x00000000c2a00000,0x00000000c307ab18,0x00000000c5380000)
 Metaspace       used 13544K, capacity 13864K, committed 13952K, reserved 1060864K
  class space    used 1560K, capacity 1662K, committed 1664K, reserved 1048576K
}
Event: 55.311 GC heap before
{Heap before GC invocations=9 (full 1):
 PSYoungGen      total 34304K, used 33120K [0x00000000eb900000, 0x00000000efc00000, 0x0000000100000000)
  eden space 29696K, 100% used [0x00000000eb900000,0x00000000ed600000,0x00000000ed600000)
  from space 4608K, 74% used [0x00000000ed600000,0x00000000ed958000,0x00000000eda80000)
  to   space 4608K, 0% used [0x00000000ef780000,0x00000000ef780000,0x00000000efc00000)
 ParOldGen       total 42496K, used 6634K [0x00000000c2a00000, 0x00000000c5380000, 0x00000000eb900000)
  object space 42496K, 15% used [0x00000000c2a00000,0x00000000c307ab18,0x00000000c5380000)
 Metaspace       used 13629K, capacity 14000K, committed 14208K, reserved 1062912K
  class space    used 1560K, capacity 1662K, committed 1664K, reserved 1048576K
Event: 55.336 GC heap after
Heap after GC invocations=9 (full 1):
 PSYoungGen      total 64000K, used 3168K [0x00000000eb900000, 0x00000000efc00000, 0x0000000100000000)
  eden space 59392K, 0% used [0x00000000eb900000,0x00000000eb900000,0x00000000ef300000)
  from space 4608K, 68% used [0x00000000ef780000,0x00000000efa98060,0x00000000efc00000)
  to   space 4608K, 0% used [0x00000000ef300000,0x00000000ef300000,0x00000000ef780000)
 ParOldGen       total 42496K, used 8736K [0x00000000c2a00000, 0x00000000c5380000, 0x00000000eb900000)
  object space 42496K, 20% used [0x00000000c2a00000,0x00000000c32882c8,0x00000000c5380000)
 Metaspace       used 13629K, capacity 14000K, committed 14208K, reserved 1062912K
  class space    used 1560K, capacity 1662K, committed 1664K, reserved 1048576K
}
Event: 62.764 GC heap before
{Heap before GC invocations=10 (full 1):
 PSYoungGen      total 64000K, used 62560K [0x00000000eb900000, 0x00000000efc00000, 0x0000000100000000)
  eden space 59392K, 100% used [0x00000000eb900000,0x00000000ef300000,0x00000000ef300000)
  from space 4608K, 68% used [0x00000000ef780000,0x00000000efa98060,0x00000000efc00000)
  to   space 4608K, 0% used [0x00000000ef300000,0x00000000ef300000,0x00000000ef780000)
 ParOldGen       total 42496K, used 8736K [0x00000000c2a00000, 0x00000000c5380000, 0x00000000eb900000)
  object space 42496K, 20% used [0x00000000c2a00000,0x00000000c32882c8,0x00000000c5380000)
 Metaspace       used 14222K, capacity 14654K, committed 14848K, reserved 1062912K
  class space    used 1596K, capacity 1724K, committed 1792K, reserved 1048576K

