# JRE version: Java(TM) SE Runtime Environment (8.0_201-b09) (build 1.8.0_201-b09)
# Java VM: Java HotSpot(TM) 64-Bit Server VM (25.201-b09 mixed mode linux-amd64 compressed oops)
Heap:
 PSYoungGen      total 62464K, used 5088K [0x00000000eb900000, 0x00000000efb00000, 0x0000000100000000)
  eden space 57344K, 0% used [0x00000000eb900000,0x00000000eb900000,0x00000000ef100000)
  from space 5120K, 99% used [0x00000000ef100000,0x00000000ef5f80a0,0x00000000ef600000)
  to   space 5120K, 0% used [0x00000000ef600000,0x00000000ef600000,0x00000000efb00000)
 ParOldGen       total 42496K, used 9476K [0x00000000c2a00000, 0x00000000c5380000, 0x00000000eb900000)
  object space 42496K, 22% used [0x00000000c2a00000,0x00000000c33410f0,0x00000000c5380000)
 Metaspace       used 13812K, capacity 14194K, committed 14592K, reserved 1062912K
  class space    used 1585K, capacity 1705K, committed 1792K, reserved 1048576K
GC Heap History (10 events):
Event: 85.157 GC heap after
Heap after GC invocations=5 (full 1):
 PSYoungGen      total 18432K, used 2548K [0x00000000eb900000, 0x00000000ecd80000, 0x0000000100000000)
  eden space 15872K, 0% used [0x00000000eb900000,0x00000000eb900000,0x00000000ec880000)
  from space 2560K, 99% used [0x00000000ecb00000,0x00000000ecd7d120,0x00000000ecd80000)
  to   space 2560K, 0% used [0x00000000ec880000,0x00000000ec880000,0x00000000ecb00000)
 ParOldGen       total 42496K, used 6214K [0x00000000c2a00000, 0x00000000c5380000, 0x00000000eb900000)
  object space 42496K, 14% used [0x00000000c2a00000,0x00000000c3011b90,0x00000000c5380000)
 Metaspace       used 13638K, capacity 14060K, committed 14336K, reserved 1062912K
  class space    used 1585K, capacity 1704K, committed 1792K, reserved 1048576K
}
Event: 85.348 GC heap before
{Heap before GC invocations=6 (full 1):
 PSYoungGen      total 18432K, used 18420K [0x00000000eb900000, 0x00000000ecd80000, 0x0000000100000000)
  eden space 15872K, 100% used [0x00000000eb900000,0x00000000ec880000,0x00000000ec880000)
  from space 2560K, 99% used [0x00000000ecb00000,0x00000000ecd7d120,0x00000000ecd80000)
  to   space 2560K, 0% used [0x00000000ec880000,0x00000000ec880000,0x00000000ecb00000)
 ParOldGen       total 42496K, used 6214K [0x00000000c2a00000, 0x00000000c5380000, 0x00000000eb900000)
  object space 42496K, 14% used [0x00000000c2a00000,0x00000000c3011b90,0x00000000c5380000)
 Metaspace       used 13672K, capacity 14066K, committed 14336K, reserved 1062912K
  class space    used 1585K, capacity 1705K, committed 1792K, reserved 1048576K
Event: 85.358 GC heap after
Heap after GC invocations=6 (full 1):
 PSYoungGen      total 18432K, used 2538K [0x00000000eb900000, 0x00000000edd00000, 0x0000000100000000)
  eden space 15872K, 0% used [0x00000000eb900000,0x00000000eb900000,0x00000000ec880000)
  from space 2560K, 99% used [0x00000000ec880000,0x00000000ecafa930,0x00000000ecb00000)
  to   space 2560K, 0% used [0x00000000eda80000,0x00000000eda80000,0x00000000edd00000)
 ParOldGen       total 42496K, used 6306K [0x00000000c2a00000, 0x00000000c5380000, 0x00000000eb900000)
  object space 42496K, 14% used [0x00000000c2a00000,0x00000000c3028be0,0x00000000c5380000)
 Metaspace       used 13672K, capacity 14066K, committed 14336K, reserved 1062912K
  class space    used 1585K, capacity 1705K, committed 1792K, reserved 1048576K
}
Event: 85.598 GC heap before
{Heap before GC invocations=7 (full 1):
 PSYoungGen      total 18432K, used 18410K [0x00000000eb900000, 0x00000000edd00000, 0x0000000100000000)
  eden space 15872K, 100% used [0x00000000eb900000,0x00000000ec880000,0x00000000ec880000)
  from space 2560K, 99% used [0x00000000ec880000,0x00000000ecafa930,0x00000000ecb00000)
  to   space 2560K, 0% used [0x00000000eda80000,0x00000000eda80000,0x00000000edd00000)
 ParOldGen       total 42496K, used 6306K [0x00000000c2a00000, 0x00000000c5380000, 0x00000000eb900000)
  object space 42496K, 14% used [0x00000000c2a00000,0x00000000c3028be0,0x00000000c5380000)
 Metaspace       used 13721K, capacity 14130K, committed 14336K, reserved 1062912K
  class space    used 1585K, capacity 1705K, committed 1792K, reserved 1048576K
Event: 85.646 GC heap after
Heap after GC invocations=7 (full 1):
 PSYoungGen      total 31232K, used 2552K [0x00000000eb900000, 0x00000000ee300000, 0x0000000100000000)
  eden space 28672K, 0% used [0x00000000eb900000,0x00000000eb900000,0x00000000ed500000)
  from space 2560K, 99% used [0x00000000eda80000,0x00000000edcfe010,0x00000000edd00000)
  to   space 5632K, 0% used [0x00000000ed500000,0x00000000ed500000,0x00000000eda80000)
 ParOldGen       total 42496K, used 6651K [0x00000000c2a00000, 0x00000000c5380000, 0x00000000eb900000)
  object space 42496K, 15% used [0x00000000c2a00000,0x00000000c307ec00,0x00000000c5380000)
 Metaspace       used 13721K, capacity 14130K, committed 14336K, reserved 1062912K
  class space    used 1585K, capacity 1705K, committed 1792K, reserved 1048576K
}
Event: 86.044 GC heap before
{Heap before GC invocations=8 (full 1):
 PSYoungGen      total 31232K, used 31224K [0x00000000eb900000, 0x00000000ee300000, 0x0000000100000000)
  eden space 28672K, 100% used [0x00000000eb900000,0x00000000ed500000,0x00000000ed500000)
  from space 2560K, 99% used [0x00000000eda80000,0x00000000edcfe010,0x00000000edd00000)
  to   space 5632K, 0% used [0x00000000ed500000,0x00000000ed500000,0x00000000eda80000)
 ParOldGen       total 42496K, used 6651K [0x00000000c2a00000, 0x00000000c5380000, 0x00000000eb900000)
  object space 42496K, 15% used [0x00000000c2a00000,0x00000000c307ec00,0x00000000c5380000)
 Metaspace       used 13760K, capacity 14130K, committed 14336K, reserved 1062912K
  class space    used 1585K, capacity 1705K, committed 1792K, reserved 1048576K
Event: 86.059 GC heap after
Heap after GC invocations=8 (full 1):
 PSYoungGen      total 34304K, used 3412K [0x00000000eb900000, 0x00000000efb00000, 0x0000000100000000)
  eden space 28672K, 0% used [0x00000000eb900000,0x00000000eb900000,0x00000000ed500000)
  from space 5632K, 60% used [0x00000000ed500000,0x00000000ed855120,0x00000000eda80000)
  to   space 5120K, 0% used [0x00000000ef600000,0x00000000ef600000,0x00000000efb00000)
 ParOldGen       total 42496K, used 6659K [0x00000000c2a00000, 0x00000000c5380000, 0x00000000eb900000)
  object space 42496K, 15% used [0x00000000c2a00000,0x00000000c3080c00,0x00000000c5380000)
 Metaspace       used 13760K, capacity 14130K, committed 14336K, reserved 1062912K
  class space    used 1585K, capacity 1705K, committed 1792K, reserved 1048576K
}
Event: 86.239 GC heap before
{Heap before GC invocations=9 (full 1):
 PSYoungGen      total 34304K, used 32084K [0x00000000eb900000, 0x00000000efb00000, 0x0000000100000000)
  eden space 28672K, 100% used [0x00000000eb900000,0x00000000ed500000,0x00000000ed500000)
  from space 5632K, 60% used [0x00000000ed500000,0x00000000ed855120,0x00000000eda80000)
  to   space 5120K, 0% used [0x00000000ef600000,0x00000000ef600000,0x00000000efb00000)
 ParOldGen       total 42496K, used 6659K [0x00000000c2a00000, 0x00000000c5380000, 0x00000000eb900000)
  object space 42496K, 15% used [0x00000000c2a00000,0x00000000c3080c00,0x00000000c5380000)
 Metaspace       used 13782K, capacity 14130K, committed 14336K, reserved 1062912K
  class space    used 1585K, capacity 1705K, committed 1792K, reserved 1048576K
Event: 86.243 GC heap after
Heap after GC invocations=9 (full 1):
 PSYoungGen      total 62464K, used 2656K [0x00000000eb900000, 0x00000000efb00000, 0x0000000100000000)
  eden space 57344K, 0% used [0x00000000eb900000,0x00000000eb900000,0x00000000ef100000)
  from space 5120K, 51% used [0x00000000ef600000,0x00000000ef898000,0x00000000efb00000)
  to   space 5120K, 0% used [0x00000000ef100000,0x00000000ef100000,0x00000000ef600000)
 ParOldGen       total 42496K, used 7993K [0x00000000c2a00000, 0x00000000c5380000, 0x00000000eb900000)
  object space 42496K, 18% used [0x00000000c2a00000,0x00000000c31ce580,0x00000000c5380000)
 Metaspace       used 13782K, capacity 14130K, committed 14336K, reserved 1062912K
  class space    used 1585K, capacity 1705K, committed 1792K, reserved 1048576K
}
Event: 87.198 GC heap before
{Heap before GC invocations=10 (full 1):
 PSYoungGen      total 62464K, used 60000K [0x00000000eb900000, 0x00000000efb00000, 0x0000000100000000)
  eden space 57344K, 100% used [0x00000000eb900000,0x00000000ef100000,0x00000000ef100000)
  from space 5120K, 51% used [0x00000000ef600000,0x00000000ef898000,0x00000000efb00000)
  to   space 5120K, 0% used [0x00000000ef100000,0x00000000ef100000,0x00000000ef600000)
 ParOldGen       total 42496K, used 7993K [0x00000000c2a00000, 0x00000000c5380000, 0x00000000eb900000)
  object space 42496K, 18% used [0x00000000c2a00000,0x00000000c31ce580,0x00000000c5380000)
 Metaspace       used 13812K, capacity 14194K, committed 14592K, reserved 1062912K
  class space    used 1585K, capacity 1705K, committed 1792K, reserved 1048576K

