# JRE version: Java(TM) SE Runtime Environment (8.0_201-b09) (build 1.8.0_201-b09)
# Java VM: Java HotSpot(TM) 64-Bit Server VM (25.201-b09 mixed mode linux-amd64 compressed oops)
Heap:
 PSYoungGen      total 312320K, used 219860K [0x00000000eb900000, 0x0000000100000000, 0x0000000100000000)
  eden space 296960K, 68% used [0x00000000eb900000,0x00000000f8105038,0x00000000fdb00000)
  from space 15360K, 97% used [0x00000000fdb00000,0x00000000fe9b0000,0x00000000fea00000)
  to   space 20480K, 0% used [0x00000000fec00000,0x00000000fec00000,0x0000000100000000)
 ParOldGen       total 83456K, used 54085K [0x00000000c2a00000, 0x00000000c7b80000, 0x00000000eb900000)
  object space 83456K, 64% used [0x00000000c2a00000,0x00000000c5ed1758,0x00000000c7b80000)
 Metaspace       used 24266K, capacity 24938K, committed 25088K, reserved 1071104K
  class space    used 2535K, capacity 2703K, committed 2816K, reserved 1048576K
GC Heap History (10 events):
Event: 42.311 GC heap before
{Heap before GC invocations=18 (full 1):
 PSYoungGen      total 315904K, used 308384K [0x00000000eb900000, 0x00000000ffe00000, 0x0000000100000000)
  eden space 301056K, 100% used [0x00000000eb900000,0x00000000fdf00000,0x00000000fdf00000)
  from space 14848K, 49% used [0x00000000fef80000,0x00000000ff6a8000,0x00000000ffe00000)
  to   space 15872K, 0% used [0x00000000fdf00000,0x00000000fdf00000,0x00000000fee80000)
 ParOldGen       total 83456K, used 54069K [0x00000000c2a00000, 0x00000000c7b80000, 0x00000000eb900000)
  object space 83456K, 64% used [0x00000000c2a00000,0x00000000c5ecd758,0x00000000c7b80000)
 Metaspace       used 23933K, capacity 24606K, committed 24832K, reserved 1071104K
  class space    used 2532K, capacity 2701K, committed 2816K, reserved 1048576K
Event: 42.340 GC heap after
Heap after GC invocations=18 (full 1):
 PSYoungGen      total 316928K, used 9664K [0x00000000eb900000, 0x0000000100000000, 0x0000000100000000)
  eden space 301056K, 0% used [0x00000000eb900000,0x00000000eb900000,0x00000000fdf00000)
  from space 15872K, 60% used [0x00000000fdf00000,0x00000000fe870000,0x00000000fee80000)
  to   space 15872K, 0% used [0x00000000ff080000,0x00000000ff080000,0x0000000100000000)
 ParOldGen       total 83456K, used 54077K [0x00000000c2a00000, 0x00000000c7b80000, 0x00000000eb900000)
  object space 83456K, 64% used [0x00000000c2a00000,0x00000000c5ecf758,0x00000000c7b80000)
 Metaspace       used 23933K, capacity 24606K, committed 24832K, reserved 1071104K
  class space    used 2532K, capacity 2701K, committed 2816K, reserved 1048576K
}
Event: 43.603 GC heap before
{Heap before GC invocations=19 (full 1):
 PSYoungGen      total 316928K, used 310720K [0x00000000eb900000, 0x0000000100000000, 0x0000000100000000)
  eden space 301056K, 100% used [0x00000000eb900000,0x00000000fdf00000,0x00000000fdf00000)
  from space 15872K, 60% used [0x00000000fdf00000,0x00000000fe870000,0x00000000fee80000)
  to   space 15872K, 0% used [0x00000000ff080000,0x00000000ff080000,0x0000000100000000)
 ParOldGen       total 83456K, used 54077K [0x00000000c2a00000, 0x00000000c7b80000, 0x00000000eb900000)
  object space 83456K, 64% used [0x00000000c2a00000,0x00000000c5ecf758,0x00000000c7b80000)
 Metaspace       used 24082K, capacity 24740K, committed 25088K, reserved 1071104K
  class space    used 2534K, capacity 2702K, committed 2816K, reserved 1048576K
Event: 43.668 GC heap after
Heap after GC invocations=19 (full 1):
 PSYoungGen      total 316928K, used 11968K [0x00000000eb900000, 0x0000000100000000, 0x0000000100000000)
  eden space 301056K, 0% used [0x00000000eb900000,0x00000000eb900000,0x00000000fdf00000)
  from space 15872K, 75% used [0x00000000ff080000,0x00000000ffc30000,0x0000000100000000)
  to   space 16896K, 0% used [0x00000000fdf00000,0x00000000fdf00000,0x00000000fef80000)
 ParOldGen       total 83456K, used 54077K [0x00000000c2a00000, 0x00000000c7b80000, 0x00000000eb900000)
  object space 83456K, 64% used [0x00000000c2a00000,0x00000000c5ecf758,0x00000000c7b80000)
 Metaspace       used 24082K, capacity 24740K, committed 25088K, reserved 1071104K
  class space    used 2534K, capacity 2702K, committed 2816K, reserved 1048576K
}
Event: 45.316 GC heap before
{Heap before GC invocations=20 (full 1):
 PSYoungGen      total 316928K, used 313024K [0x00000000eb900000, 0x0000000100000000, 0x0000000100000000)
  eden space 301056K, 100% used [0x00000000eb900000,0x00000000fdf00000,0x00000000fdf00000)
  from space 15872K, 75% used [0x00000000ff080000,0x00000000ffc30000,0x0000000100000000)
  to   space 16896K, 0% used [0x00000000fdf00000,0x00000000fdf00000,0x00000000fef80000)
 ParOldGen       total 83456K, used 54077K [0x00000000c2a00000, 0x00000000c7b80000, 0x00000000eb900000)
  object space 83456K, 64% used [0x00000000c2a00000,0x00000000c5ecf758,0x00000000c7b80000)
 Metaspace       used 24221K, capacity 24874K, committed 25088K, reserved 1071104K
  class space    used 2535K, capacity 2703K, committed 2816K, reserved 1048576K
Event: 45.355 GC heap after
Heap after GC invocations=20 (full 1):
 PSYoungGen      total 314880K, used 13536K [0x00000000eb900000, 0x0000000100000000, 0x0000000100000000)
  eden space 301056K, 0% used [0x00000000eb900000,0x00000000eb900000,0x00000000fdf00000)
  from space 13824K, 97% used [0x00000000fdf00000,0x00000000fec38000,0x00000000fec80000)
  to   space 17920K, 0% used [0x00000000fee80000,0x00000000fee80000,0x0000000100000000)
 ParOldGen       total 83456K, used 54077K [0x00000000c2a00000, 0x00000000c7b80000, 0x00000000eb900000)
  object space 83456K, 64% used [0x00000000c2a00000,0x00000000c5ecf758,0x00000000c7b80000)
 Metaspace       used 24221K, capacity 24874K, committed 25088K, reserved 1071104K
  class space    used 2535K, capacity 2703K, committed 2816K, reserved 1048576K
}
Event: 46.657 GC heap before
{Heap before GC invocations=21 (full 1):
 PSYoungGen      total 314880K, used 314592K [0x00000000eb900000, 0x0000000100000000, 0x0000000100000000)
  eden space 301056K, 100% used [0x00000000eb900000,0x00000000fdf00000,0x00000000fdf00000)
  from space 13824K, 97% used [0x00000000fdf00000,0x00000000fec38000,0x00000000fec80000)
  to   space 17920K, 0% used [0x00000000fee80000,0x00000000fee80000,0x0000000100000000)
 ParOldGen       total 83456K, used 54077K [0x00000000c2a00000, 0x00000000c7b80000, 0x00000000eb900000)
  object space 83456K, 64% used [0x00000000c2a00000,0x00000000c5ecf758,0x00000000c7b80000)
 Metaspace       used 24253K, capacity 24874K, committed 25088K, reserved 1071104K
  class space    used 2535K, capacity 2703K, committed 2816K, reserved 1048576K
Event: 46.701 GC heap after
Heap after GC invocations=21 (full 1):
 PSYoungGen      total 314880K, used 14432K [0x00000000eb900000, 0x0000000100000000, 0x0000000100000000)
  eden space 296960K, 0% used [0x00000000eb900000,0x00000000eb900000,0x00000000fdb00000)
  from space 17920K, 80% used [0x00000000fee80000,0x00000000ffc98000,0x0000000100000000)
  to   space 18944K, 0% used [0x00000000fdb00000,0x00000000fdb00000,0x00000000fed80000)
 ParOldGen       total 83456K, used 54085K [0x00000000c2a00000, 0x00000000c7b80000, 0x00000000eb900000)
  object space 83456K, 64% used [0x00000000c2a00000,0x00000000c5ed1758,0x00000000c7b80000)
 Metaspace       used 24253K, capacity 24874K, committed 25088K, reserved 1071104K
  class space    used 2535K, capacity 2703K, committed 2816K, reserved 1048576K
}
Event: 47.650 GC heap before
{Heap before GC invocations=22 (full 1):
 PSYoungGen      total 314880K, used 311392K [0x00000000eb900000, 0x0000000100000000, 0x0000000100000000)
  eden space 296960K, 100% used [0x00000000eb900000,0x00000000fdb00000,0x00000000fdb00000)
  from space 17920K, 80% used [0x00000000fee80000,0x00000000ffc98000,0x0000000100000000)
  to   space 18944K, 0% used [0x00000000fdb00000,0x00000000fdb00000,0x00000000fed80000)
 ParOldGen       total 83456K, used 54085K [0x00000000c2a00000, 0x00000000c7b80000, 0x00000000eb900000)
  object space 83456K, 64% used [0x00000000c2a00000,0x00000000c5ed1758,0x00000000c7b80000)
 Metaspace       used 24259K, capacity 24874K, committed 25088K, reserved 1071104K
  class space    used 2535K, capacity 2703K, committed 2816K, reserved 1048576K
Event: 47.683 GC heap after
Heap after GC invocations=22 (full 1):
 PSYoungGen      total 312320K, used 15040K [0x00000000eb900000, 0x0000000100000000, 0x0000000100000000)
  eden space 296960K, 0% used [0x00000000eb900000,0x00000000eb900000,0x00000000fdb00000)
  from space 15360K, 97% used [0x00000000fdb00000,0x00000000fe9b0000,0x00000000fea00000)
  to   space 20480K, 0% used [0x00000000fec00000,0x00000000fec00000,0x0000000100000000)
 ParOldGen       total 83456K, used 54085K [0x00000000c2a00000, 0x00000000c7b80000, 0x00000000eb900000)
  object space 83456K, 64% used [0x00000000c2a00000,0x00000000c5ed1758,0x00000000c7b80000)
 Metaspace       used 24259K, capacity 24874K, committed 25088K, reserved 1071104K
  class space    used 2535K, capacity 2703K, committed 2816K, reserved 1048576K
}

