# JRE version: Java(TM) SE Runtime Environment (8.0_201-b09) (build 1.8.0_201-b09)
# Java VM: Java HotSpot(TM) 64-Bit Server VM (25.201-b09 mixed mode linux-amd64 compressed oops)
Heap:
 PSYoungGen      total 64512K, used 55650K [0x00000000eb900000, 0x00000000f3b00000, 0x0000000100000000)
  eden space 58368K, 84% used [0x00000000eb900000,0x00000000ee960a88,0x00000000ef200000)
  from space 6144K, 99% used [0x00000000ef200000,0x00000000ef7f8110,0x00000000ef800000)
  to   space 8192K, 0% used [0x00000000f3300000,0x00000000f3300000,0x00000000f3b00000)
 ParOldGen       total 42496K, used 12741K [0x00000000c2a00000, 0x00000000c5380000, 0x00000000eb900000)
  object space 42496K, 29% used [0x00000000c2a00000,0x00000000c3671758,0x00000000c5380000)
 Metaspace       used 14458K, capacity 14920K, committed 15104K, reserved 1062912K
  class space    used 1596K, capacity 1713K, committed 1792K, reserved 1048576K
GC Heap History (10 events):
Event: 26.989 GC heap before
{Heap before GC invocations=6 (full 1):
 PSYoungGen      total 18432K, used 18417K [0x00000000eb900000, 0x00000000ecd80000, 0x0000000100000000)
  eden space 15872K, 100% used [0x00000000eb900000,0x00000000ec880000,0x00000000ec880000)
  from space 2560K, 99% used [0x00000000ecb00000,0x00000000ecd7c778,0x00000000ecd80000)
  to   space 2560K, 0% used [0x00000000ec880000,0x00000000ec880000,0x00000000ecb00000)
 ParOldGen       total 42496K, used 5645K [0x00000000c2a00000, 0x00000000c5380000, 0x00000000eb900000)
  object space 42496K, 13% used [0x00000000c2a00000,0x00000000c2f83628,0x00000000c5380000)
 Metaspace       used 13612K, capacity 13992K, committed 14336K, reserved 1062912K
  class space    used 1564K, capacity 1666K, committed 1792K, reserved 1048576K
Event: 27.005 GC heap after
Heap after GC invocations=6 (full 1):
 PSYoungGen      total 18432K, used 2560K [0x00000000eb900000, 0x00000000edd00000, 0x0000000100000000)
  eden space 15872K, 0% used [0x00000000eb900000,0x00000000eb900000,0x00000000ec880000)
  from space 2560K, 100% used [0x00000000ec880000,0x00000000ecb00000,0x00000000ecb00000)
  to   space 2560K, 0% used [0x00000000eda80000,0x00000000eda80000,0x00000000edd00000)
 ParOldGen       total 42496K, used 6789K [0x00000000c2a00000, 0x00000000c5380000, 0x00000000eb900000)
  object space 42496K, 15% used [0x00000000c2a00000,0x00000000c30a1728,0x00000000c5380000)
 Metaspace       used 13612K, capacity 13992K, committed 14336K, reserved 1062912K
  class space    used 1564K, capacity 1666K, committed 1792K, reserved 1048576K
}
Event: 27.359 GC heap before
{Heap before GC invocations=7 (full 1):
 PSYoungGen      total 18432K, used 18432K [0x00000000eb900000, 0x00000000edd00000, 0x0000000100000000)
  eden space 15872K, 100% used [0x00000000eb900000,0x00000000ec880000,0x00000000ec880000)
  from space 2560K, 100% used [0x00000000ec880000,0x00000000ecb00000,0x00000000ecb00000)
  to   space 2560K, 0% used [0x00000000eda80000,0x00000000eda80000,0x00000000edd00000)
 ParOldGen       total 42496K, used 6789K [0x00000000c2a00000, 0x00000000c5380000, 0x00000000eb900000)
  object space 42496K, 15% used [0x00000000c2a00000,0x00000000c30a1728,0x00000000c5380000)
 Metaspace       used 13655K, capacity 13992K, committed 14336K, reserved 1062912K
  class space    used 1564K, capacity 1666K, committed 1792K, reserved 1048576K
Event: 27.392 GC heap after
Heap after GC invocations=7 (full 1):
 PSYoungGen      total 32256K, used 2560K [0x00000000eb900000, 0x00000000ee100000, 0x0000000100000000)
  eden space 29696K, 0% used [0x00000000eb900000,0x00000000eb900000,0x00000000ed600000)
  from space 2560K, 100% used [0x00000000eda80000,0x00000000edd00000,0x00000000edd00000)
  to   space 4608K, 0% used [0x00000000ed600000,0x00000000ed600000,0x00000000eda80000)
 ParOldGen       total 42496K, used 7983K [0x00000000c2a00000, 0x00000000c5380000, 0x00000000eb900000)
  object space 42496K, 18% used [0x00000000c2a00000,0x00000000c31cbf10,0x00000000c5380000)
 Metaspace       used 13655K, capacity 13992K, committed 14336K, reserved 1062912K
  class space    used 1564K, capacity 1666K, committed 1792K, reserved 1048576K
}
Event: 28.093 GC heap before
{Heap before GC invocations=8 (full 1):
 PSYoungGen      total 32256K, used 32256K [0x00000000eb900000, 0x00000000ee100000, 0x0000000100000000)
  eden space 29696K, 100% used [0x00000000eb900000,0x00000000ed600000,0x00000000ed600000)
  from space 2560K, 100% used [0x00000000eda80000,0x00000000edd00000,0x00000000edd00000)
  to   space 4608K, 0% used [0x00000000ed600000,0x00000000ed600000,0x00000000eda80000)
 ParOldGen       total 42496K, used 7983K [0x00000000c2a00000, 0x00000000c5380000, 0x00000000eb900000)
  object space 42496K, 18% used [0x00000000c2a00000,0x00000000c31cbf10,0x00000000c5380000)
 Metaspace       used 13724K, capacity 14056K, committed 14336K, reserved 1062912K
  class space    used 1564K, capacity 1666K, committed 1792K, reserved 1048576K
Event: 28.141 GC heap after
Heap after GC invocations=8 (full 1):
 PSYoungGen      total 34304K, used 4480K [0x00000000eb900000, 0x00000000efd00000, 0x0000000100000000)
  eden space 29696K, 0% used [0x00000000eb900000,0x00000000eb900000,0x00000000ed600000)
  from space 4608K, 97% used [0x00000000ed600000,0x00000000eda60010,0x00000000eda80000)
  to   space 5120K, 0% used [0x00000000ef800000,0x00000000ef800000,0x00000000efd00000)
 ParOldGen       total 42496K, used 7991K [0x00000000c2a00000, 0x00000000c5380000, 0x00000000eb900000)
  object space 42496K, 18% used [0x00000000c2a00000,0x00000000c31cdf10,0x00000000c5380000)
 Metaspace       used 13724K, capacity 14056K, committed 14336K, reserved 1062912K
  class space    used 1564K, capacity 1666K, committed 1792K, reserved 1048576K
}
Event: 28.831 GC heap before
{Heap before GC invocations=9 (full 1):
 PSYoungGen      total 34304K, used 34176K [0x00000000eb900000, 0x00000000efd00000, 0x0000000100000000)
  eden space 29696K, 100% used [0x00000000eb900000,0x00000000ed600000,0x00000000ed600000)
  from space 4608K, 97% used [0x00000000ed600000,0x00000000eda60010,0x00000000eda80000)
  to   space 5120K, 0% used [0x00000000ef800000,0x00000000ef800000,0x00000000efd00000)
 ParOldGen       total 42496K, used 7991K [0x00000000c2a00000, 0x00000000c5380000, 0x00000000eb900000)
  object space 42496K, 18% used [0x00000000c2a00000,0x00000000c31cdf10,0x00000000c5380000)
 Metaspace       used 13747K, capacity 14120K, committed 14336K, reserved 1062912K
  class space    used 1564K, capacity 1666K, committed 1792K, reserved 1048576K
Event: 28.853 GC heap after
Heap after GC invocations=9 (full 1):
 PSYoungGen      total 63488K, used 5120K [0x00000000eb900000, 0x00000000eff00000, 0x0000000100000000)
  eden space 58368K, 0% used [0x00000000eb900000,0x00000000eb900000,0x00000000ef200000)
  from space 5120K, 100% used [0x00000000ef800000,0x00000000efd00000,0x00000000efd00000)
  to   space 6144K, 0% used [0x00000000ef200000,0x00000000ef200000,0x00000000ef800000)
 ParOldGen       total 42496K, used 9331K [0x00000000c2a00000, 0x00000000c5380000, 0x00000000eb900000)
  object space 42496K, 21% used [0x00000000c2a00000,0x00000000c331cc18,0x00000000c5380000)
 Metaspace       used 13747K, capacity 14120K, committed 14336K, reserved 1062912K
  class space    used 1564K, capacity 1666K, committed 1792K, reserved 1048576K
}
Event: 30.132 GC heap before
{Heap before GC invocations=10 (full 1):
 PSYoungGen      total 63488K, used 63488K [0x00000000eb900000, 0x00000000eff00000, 0x0000000100000000)
  eden space 58368K, 100% used [0x00000000eb900000,0x00000000ef200000,0x00000000ef200000)
  from space 5120K, 100% used [0x00000000ef800000,0x00000000efd00000,0x00000000efd00000)
  to   space 6144K, 0% used [0x00000000ef200000,0x00000000ef200000,0x00000000ef800000)
 ParOldGen       total 42496K, used 9331K [0x00000000c2a00000, 0x00000000c5380000, 0x00000000eb900000)
  object space 42496K, 21% used [0x00000000c2a00000,0x00000000c331cc18,0x00000000c5380000)
 Metaspace       used 13785K, capacity 14120K, committed 14336K, reserved 1062912K
  class space    used 1564K, capacity 1666K, committed 1792K, reserved 1048576K
Event: 30.313 GC heap after
Heap after GC invocations=10 (full 1):
 PSYoungGen      total 64512K, used 6112K [0x00000000eb900000, 0x00000000f3b00000, 0x0000000100000000)
  eden space 58368K, 0% used [0x00000000eb900000,0x00000000eb900000,0x00000000ef200000)
  from space 6144K, 99% used [0x00000000ef200000,0x00000000ef7f8110,0x00000000ef800000)
  to   space 8192K, 0% used [0x00000000f3300000,0x00000000f3300000,0x00000000f3b00000)
 ParOldGen       total 42496K, used 12741K [0x00000000c2a00000, 0x00000000c5380000, 0x00000000eb900000)
  object space 42496K, 29% used [0x00000000c2a00000,0x00000000c3671758,0x00000000c5380000)
 Metaspace       used 13785K, capacity 14120K, committed 14336K, reserved 1062912K
  class space    used 1564K, capacity 1666K, committed 1792K, reserved 1048576K
}

