# JRE version: Java(TM) SE Runtime Environment (8.0_201-b09) (build 1.8.0_201-b09)
# Java VM: Java HotSpot(TM) 64-Bit Server VM (25.201-b09 mixed mode linux-amd64 compressed oops)
Heap:
 PSYoungGen      total 133632K, used 4544K [0x00000000eb900000, 0x00000000f4200000, 0x0000000100000000)
  eden space 126976K, 0% used [0x00000000eb900000,0x00000000eb900000,0x00000000f3500000)
  from space 6656K, 68% used [0x00000000f3500000,0x00000000f39700a0,0x00000000f3b80000)
  to   space 6656K, 0% used [0x00000000f3b80000,0x00000000f3b80000,0x00000000f4200000)
 ParOldGen       total 42496K, used 13764K [0x00000000c2a00000, 0x00000000c5380000, 0x00000000eb900000)
  object space 42496K, 32% used [0x00000000c2a00000,0x00000000c3771318,0x00000000c5380000)
 Metaspace       used 14153K, capacity 14564K, committed 14848K, reserved 1062912K
  class space    used 1613K, capacity 1755K, committed 1792K, reserved 1048576K
GC Heap History (10 events):
Event: 29.382 GC heap after
Heap after GC invocations=4 (full 0):
 PSYoungGen      total 34304K, used 2528K [0x00000000eb900000, 0x00000000edd00000, 0x0000000100000000)
  eden space 31744K, 0% used [0x00000000eb900000,0x00000000eb900000,0x00000000ed800000)
  from space 2560K, 98% used [0x00000000eda80000,0x00000000edcf8020,0x00000000edd00000)
  to   space 2560K, 0% used [0x00000000ed800000,0x00000000ed800000,0x00000000eda80000)
 ParOldGen       total 42496K, used 7799K [0x00000000c2a00000, 0x00000000c5380000, 0x00000000eb900000)
  object space 42496K, 18% used [0x00000000c2a00000,0x00000000c319dd20,0x00000000c5380000)
 Metaspace       used 13981K, capacity 14430K, committed 14592K, reserved 1062912K
  class space    used 1612K, capacity 1754K, committed 1792K, reserved 1048576K
}
Event: 29.844 GC heap before
{Heap before GC invocations=5 (full 0):
 PSYoungGen      total 34304K, used 34272K [0x00000000eb900000, 0x00000000edd00000, 0x0000000100000000)
  eden space 31744K, 100% used [0x00000000eb900000,0x00000000ed800000,0x00000000ed800000)
  from space 2560K, 98% used [0x00000000eda80000,0x00000000edcf8020,0x00000000edd00000)
  to   space 2560K, 0% used [0x00000000ed800000,0x00000000ed800000,0x00000000eda80000)
 ParOldGen       total 42496K, used 7799K [0x00000000c2a00000, 0x00000000c5380000, 0x00000000eb900000)
  object space 42496K, 18% used [0x00000000c2a00000,0x00000000c319dd20,0x00000000c5380000)
 Metaspace       used 14048K, capacity 14494K, committed 14592K, reserved 1062912K
  class space    used 1612K, capacity 1754K, committed 1792K, reserved 1048576K
Event: 29.874 GC heap after
Heap after GC invocations=5 (full 0):
 PSYoungGen      total 34304K, used 2544K [0x00000000eb900000, 0x00000000f0400000, 0x0000000100000000)
  eden space 31744K, 0% used [0x00000000eb900000,0x00000000eb900000,0x00000000ed800000)
  from space 2560K, 99% used [0x00000000ed800000,0x00000000eda7c010,0x00000000eda80000)
  to   space 6656K, 0% used [0x00000000efd80000,0x00000000efd80000,0x00000000f0400000)
 ParOldGen       total 42496K, used 8824K [0x00000000c2a00000, 0x00000000c5380000, 0x00000000eb900000)
  object space 42496K, 20% used [0x00000000c2a00000,0x00000000c329e2a8,0x00000000c5380000)
 Metaspace       used 14048K, capacity 14494K, committed 14592K, reserved 1062912K
  class space    used 1612K, capacity 1754K, committed 1792K, reserved 1048576K
}
Event: 30.246 GC heap before
{Heap before GC invocations=6 (full 0):
 PSYoungGen      total 34304K, used 34288K [0x00000000eb900000, 0x00000000f0400000, 0x0000000100000000)
  eden space 31744K, 100% used [0x00000000eb900000,0x00000000ed800000,0x00000000ed800000)
  from space 2560K, 99% used [0x00000000ed800000,0x00000000eda7c010,0x00000000eda80000)
  to   space 6656K, 0% used [0x00000000efd80000,0x00000000efd80000,0x00000000f0400000)
 ParOldGen       total 42496K, used 8824K [0x00000000c2a00000, 0x00000000c5380000, 0x00000000eb900000)
  object space 42496K, 20% used [0x00000000c2a00000,0x00000000c329e2a8,0x00000000c5380000)
 Metaspace       used 14076K, capacity 14494K, committed 14592K, reserved 1062912K
  class space    used 1612K, capacity 1754K, committed 1792K, reserved 1048576K
Event: 30.263 GC heap after
Heap after GC invocations=6 (full 0):
 PSYoungGen      total 70144K, used 4976K [0x00000000eb900000, 0x00000000f0400000, 0x0000000100000000)
  eden space 63488K, 0% used [0x00000000eb900000,0x00000000eb900000,0x00000000ef700000)
  from space 6656K, 74% used [0x00000000efd80000,0x00000000f025c090,0x00000000f0400000)
  to   space 6656K, 0% used [0x00000000ef700000,0x00000000ef700000,0x00000000efd80000)
 ParOldGen       total 42496K, used 8832K [0x00000000c2a00000, 0x00000000c5380000, 0x00000000eb900000)
  object space 42496K, 20% used [0x00000000c2a00000,0x00000000c32a02a8,0x00000000c5380000)
 Metaspace       used 14076K, capacity 14494K, committed 14592K, reserved 1062912K
  class space    used 1612K, capacity 1754K, committed 1792K, reserved 1048576K
}
Event: 31.125 GC heap before
{Heap before GC invocations=7 (full 0):
 PSYoungGen      total 70144K, used 68464K [0x00000000eb900000, 0x00000000f0400000, 0x0000000100000000)
  eden space 63488K, 100% used [0x00000000eb900000,0x00000000ef700000,0x00000000ef700000)
  from space 6656K, 74% used [0x00000000efd80000,0x00000000f025c090,0x00000000f0400000)
  to   space 6656K, 0% used [0x00000000ef700000,0x00000000ef700000,0x00000000efd80000)
 ParOldGen       total 42496K, used 8832K [0x00000000c2a00000, 0x00000000c5380000, 0x00000000eb900000)
  object space 42496K, 20% used [0x00000000c2a00000,0x00000000c32a02a8,0x00000000c5380000)
 Metaspace       used 14111K, capacity 14494K, committed 14592K, reserved 1062912K
  class space    used 1612K, capacity 1754K, committed 1792K, reserved 1048576K
Event: 31.140 GC heap after
Heap after GC invocations=7 (full 0):
 PSYoungGen      total 70144K, used 4880K [0x00000000eb900000, 0x00000000f4200000, 0x0000000100000000)
  eden space 63488K, 0% used [0x00000000eb900000,0x00000000eb900000,0x00000000ef700000)
  from space 6656K, 73% used [0x00000000ef700000,0x00000000efbc4070,0x00000000efd80000)
  to   space 6656K, 0% used [0x00000000f3b80000,0x00000000f3b80000,0x00000000f4200000)
 ParOldGen       total 42496K, used 9872K [0x00000000c2a00000, 0x00000000c5380000, 0x00000000eb900000)
  object space 42496K, 23% used [0x00000000c2a00000,0x00000000c33a4328,0x00000000c5380000)
 Metaspace       used 14111K, capacity 14494K, committed 14592K, reserved 1062912K
  class space    used 1612K, capacity 1754K, committed 1792K, reserved 1048576K
}
Event: 31.663 GC heap before
{Heap before GC invocations=8 (full 0):
 PSYoungGen      total 70144K, used 68368K [0x00000000eb900000, 0x00000000f4200000, 0x0000000100000000)
  eden space 63488K, 100% used [0x00000000eb900000,0x00000000ef700000,0x00000000ef700000)
  from space 6656K, 73% used [0x00000000ef700000,0x00000000efbc4070,0x00000000efd80000)
  to   space 6656K, 0% used [0x00000000f3b80000,0x00000000f3b80000,0x00000000f4200000)
 ParOldGen       total 42496K, used 9872K [0x00000000c2a00000, 0x00000000c5380000, 0x00000000eb900000)
  object space 42496K, 23% used [0x00000000c2a00000,0x00000000c33a4328,0x00000000c5380000)
 Metaspace       used 14128K, capacity 14558K, committed 14848K, reserved 1062912K
  class space    used 1612K, capacity 1754K, committed 1792K, reserved 1048576K
Event: 31.683 GC heap after
Heap after GC invocations=8 (full 0):
 PSYoungGen      total 133632K, used 5920K [0x00000000eb900000, 0x00000000f4200000, 0x0000000100000000)
  eden space 126976K, 0% used [0x00000000eb900000,0x00000000eb900000,0x00000000f3500000)
  from space 6656K, 88% used [0x00000000f3b80000,0x00000000f4148030,0x00000000f4200000)
  to   space 6656K, 0% used [0x00000000f3500000,0x00000000f3500000,0x00000000f3b80000)
 ParOldGen       total 42496K, used 10565K [0x00000000c2a00000, 0x00000000c5380000, 0x00000000eb900000)
  object space 42496K, 24% used [0x00000000c2a00000,0x00000000c3451458,0x00000000c5380000)
 Metaspace       used 14128K, capacity 14558K, committed 14848K, reserved 1062912K
  class space    used 1612K, capacity 1754K, committed 1792K, reserved 1048576K
}
Event: 32.967 GC heap before
{Heap before GC invocations=9 (full 0):
 PSYoungGen      total 133632K, used 132896K [0x00000000eb900000, 0x00000000f4200000, 0x0000000100000000)
  eden space 126976K, 100% used [0x00000000eb900000,0x00000000f3500000,0x00000000f3500000)
  from space 6656K, 88% used [0x00000000f3b80000,0x00000000f4148030,0x00000000f4200000)
  to   space 6656K, 0% used [0x00000000f3500000,0x00000000f3500000,0x00000000f3b80000)
 ParOldGen       total 42496K, used 10565K [0x00000000c2a00000, 0x00000000c5380000, 0x00000000eb900000)
  object space 42496K, 24% used [0x00000000c2a00000,0x00000000c3451458,0x00000000c5380000)
 Metaspace       used 14153K, capacity 14564K, committed 14848K, reserved 1062912K
  class space    used 1613K, capacity 1755K, committed 1792K, reserved 1048576K

