# JRE version: Java(TM) SE Runtime Environment (8.0_201-b09) (build 1.8.0_201-b09)
# Java VM: Java HotSpot(TM) 64-Bit Server VM (25.201-b09 mixed mode linux-amd64 compressed oops)
Heap:
 PSYoungGen      total 154624K, used 2944K [0x00000000eb900000, 0x00000000f7700000, 0x0000000100000000)
  eden space 147456K, 0% used [0x00000000eb900000,0x00000000eb900000,0x00000000f4900000)
  from space 7168K, 41% used [0x00000000f4900000,0x00000000f4be0000,0x00000000f5000000)
  to   space 7168K, 0% used [0x00000000f5000000,0x00000000f5000000,0x00000000f5700000)
 ParOldGen       total 42496K, used 20182K [0x00000000c2a00000, 0x00000000c5380000, 0x00000000eb900000)
  object space 42496K, 47% used [0x00000000c2a00000,0x00000000c3db5830,0x00000000c5380000)
 Metaspace       used 15117K, capacity 15596K, committed 15744K, reserved 1062912K
  class space    used 1699K, capacity 1844K, committed 1920K, reserved 1048576K
GC Heap History (10 events):
Event: 115.066 GC heap after
Heap after GC invocations=9 (full 1):
 PSYoungGen      total 62976K, used 4327K [0x00000000eb900000, 0x00000000efc00000, 0x0000000100000000)
  eden space 57344K, 0% used [0x00000000eb900000,0x00000000eb900000,0x00000000ef100000)
  from space 5632K, 76% used [0x00000000ef680000,0x00000000efab9f90,0x00000000efc00000)
  to   space 5632K, 0% used [0x00000000ef100000,0x00000000ef100000,0x00000000ef680000)
 ParOldGen       total 42496K, used 10865K [0x00000000c2a00000, 0x00000000c5380000, 0x00000000eb900000)
  object space 42496K, 25% used [0x00000000c2a00000,0x00000000c349c680,0x00000000c5380000)
 Metaspace       used 15024K, capacity 15468K, committed 15744K, reserved 1062912K
  class space    used 1699K, capacity 1844K, committed 1920K, reserved 1048576K
}
Event: 115.578 GC heap before
{Heap before GC invocations=10 (full 1):
 PSYoungGen      total 62976K, used 61671K [0x00000000eb900000, 0x00000000efc00000, 0x0000000100000000)
  eden space 57344K, 100% used [0x00000000eb900000,0x00000000ef100000,0x00000000ef100000)
  from space 5632K, 76% used [0x00000000ef680000,0x00000000efab9f90,0x00000000efc00000)
  to   space 5632K, 0% used [0x00000000ef100000,0x00000000ef100000,0x00000000ef680000)
 ParOldGen       total 42496K, used 10865K [0x00000000c2a00000, 0x00000000c5380000, 0x00000000eb900000)
  object space 42496K, 25% used [0x00000000c2a00000,0x00000000c349c680,0x00000000c5380000)
 Metaspace       used 15083K, capacity 15532K, committed 15744K, reserved 1062912K
  class space    used 1699K, capacity 1844K, committed 1920K, reserved 1048576K
Event: 115.595 GC heap after
Heap after GC invocations=10 (full 1):
 PSYoungGen      total 62976K, used 5608K [0x00000000eb900000, 0x00000000f3600000, 0x0000000100000000)
  eden space 57344K, 0% used [0x00000000eb900000,0x00000000eb900000,0x00000000ef100000)
  from space 5632K, 99% used [0x00000000ef100000,0x00000000ef67a020,0x00000000ef680000)
  to   space 6656K, 0% used [0x00000000f2f80000,0x00000000f2f80000,0x00000000f3600000)
 ParOldGen       total 42496K, used 12047K [0x00000000c2a00000, 0x00000000c5380000, 0x00000000eb900000)
  object space 42496K, 28% used [0x00000000c2a00000,0x00000000c35c3ee8,0x00000000c5380000)
 Metaspace       used 15083K, capacity 15532K, committed 15744K, reserved 1062912K
  class space    used 1699K, capacity 1844K, committed 1920K, reserved 1048576K
}
Event: 115.954 GC heap before
{Heap before GC invocations=11 (full 1):
 PSYoungGen      total 62976K, used 62952K [0x00000000eb900000, 0x00000000f3600000, 0x0000000100000000)
  eden space 57344K, 100% used [0x00000000eb900000,0x00000000ef100000,0x00000000ef100000)
  from space 5632K, 99% used [0x00000000ef100000,0x00000000ef67a020,0x00000000ef680000)
  to   space 6656K, 0% used [0x00000000f2f80000,0x00000000f2f80000,0x00000000f3600000)
 ParOldGen       total 42496K, used 12047K [0x00000000c2a00000, 0x00000000c5380000, 0x00000000eb900000)
  object space 42496K, 28% used [0x00000000c2a00000,0x00000000c35c3ee8,0x00000000c5380000)
 Metaspace       used 15088K, capacity 15532K, committed 15744K, reserved 1062912K
  class space    used 1699K, capacity 1844K, committed 1920K, reserved 1048576K
Event: 115.974 GC heap after
Heap after GC invocations=11 (full 1):
 PSYoungGen      total 97792K, used 5224K [0x00000000eb900000, 0x00000000f3500000, 0x0000000100000000)
  eden space 92160K, 0% used [0x00000000eb900000,0x00000000eb900000,0x00000000f1300000)
  from space 5632K, 92% used [0x00000000f2f80000,0x00000000f349a020,0x00000000f3500000)
  to   space 7168K, 0% used [0x00000000f2700000,0x00000000f2700000,0x00000000f2e00000)
 ParOldGen       total 42496K, used 13791K [0x00000000c2a00000, 0x00000000c5380000, 0x00000000eb900000)
  object space 42496K, 32% used [0x00000000c2a00000,0x00000000c3777ee8,0x00000000c5380000)
 Metaspace       used 15088K, capacity 15532K, committed 15744K, reserved 1062912K
  class space    used 1699K, capacity 1844K, committed 1920K, reserved 1048576K
}
Event: 116.573 GC heap before
{Heap before GC invocations=12 (full 1):
 PSYoungGen      total 97792K, used 97384K [0x00000000eb900000, 0x00000000f3500000, 0x0000000100000000)
  eden space 92160K, 100% used [0x00000000eb900000,0x00000000f1300000,0x00000000f1300000)
  from space 5632K, 92% used [0x00000000f2f80000,0x00000000f349a020,0x00000000f3500000)
  to   space 7168K, 0% used [0x00000000f2700000,0x00000000f2700000,0x00000000f2e00000)
 ParOldGen       total 42496K, used 13791K [0x00000000c2a00000, 0x00000000c5380000, 0x00000000eb900000)
  object space 42496K, 32% used [0x00000000c2a00000,0x00000000c3777ee8,0x00000000c5380000)
 Metaspace       used 15094K, capacity 15532K, committed 15744K, reserved 1062912K
  class space    used 1699K, capacity 1844K, committed 1920K, reserved 1048576K
Event: 116.627 GC heap after
Heap after GC invocations=12 (full 1):
 PSYoungGen      total 119808K, used 1632K [0x00000000eb900000, 0x00000000f5700000, 0x0000000100000000)
  eden space 112640K, 0% used [0x00000000eb900000,0x00000000eb900000,0x00000000f2700000)
  from space 7168K, 22% used [0x00000000f2700000,0x00000000f2898000,0x00000000f2e00000)
  to   space 7168K, 0% used [0x00000000f5000000,0x00000000f5000000,0x00000000f5700000)
 ParOldGen       total 42496K, used 17683K [0x00000000c2a00000, 0x00000000c5380000, 0x00000000eb900000)
  object space 42496K, 41% used [0x00000000c2a00000,0x00000000c3b44f18,0x00000000c5380000)
 Metaspace       used 15094K, capacity 15532K, committed 15744K, reserved 1062912K
  class space    used 1699K, capacity 1844K, committed 1920K, reserved 1048576K
}
Event: 117.003 GC heap before
{Heap before GC invocations=13 (full 1):
 PSYoungGen      total 119808K, used 114272K [0x00000000eb900000, 0x00000000f5700000, 0x0000000100000000)
  eden space 112640K, 100% used [0x00000000eb900000,0x00000000f2700000,0x00000000f2700000)
  from space 7168K, 22% used [0x00000000f2700000,0x00000000f2898000,0x00000000f2e00000)
  to   space 7168K, 0% used [0x00000000f5000000,0x00000000f5000000,0x00000000f5700000)
 ParOldGen       total 42496K, used 17683K [0x00000000c2a00000, 0x00000000c5380000, 0x00000000eb900000)
  object space 42496K, 41% used [0x00000000c2a00000,0x00000000c3b44f18,0x00000000c5380000)
 Metaspace       used 15095K, capacity 15532K, committed 15744K, reserved 1062912K
  class space    used 1699K, capacity 1844K, committed 1920K, reserved 1048576K
Event: 117.031 GC heap after
Heap after GC invocations=13 (full 1):
 PSYoungGen      total 154624K, used 1043K [0x00000000eb900000, 0x00000000f7700000, 0x0000000100000000)
  eden space 147456K, 0% used [0x00000000eb900000,0x00000000eb900000,0x00000000f4900000)
  from space 7168K, 14% used [0x00000000f5000000,0x00000000f5104fc0,0x00000000f5700000)
  to   space 7168K, 0% used [0x00000000f4900000,0x00000000f4900000,0x00000000f5000000)
 ParOldGen       total 42496K, used 19211K [0x00000000c2a00000, 0x00000000c5380000, 0x00000000eb900000)
  object space 42496K, 45% used [0x00000000c2a00000,0x00000000c3cc2f38,0x00000000c5380000)
 Metaspace       used 15095K, capacity 15532K, committed 15744K, reserved 1062912K
  class space    used 1699K, capacity 1844K, committed 1920K, reserved 1048576K
}
Event: 117.895 GC heap before
{Heap before GC invocations=14 (full 1):
 PSYoungGen      total 154624K, used 148499K [0x00000000eb900000, 0x00000000f7700000, 0x0000000100000000)
  eden space 147456K, 100% used [0x00000000eb900000,0x00000000f4900000,0x00000000f4900000)
  from space 7168K, 14% used [0x00000000f5000000,0x00000000f5104fc0,0x00000000f5700000)
  to   space 7168K, 0% used [0x00000000f4900000,0x00000000f4900000,0x00000000f5000000)
 ParOldGen       total 42496K, used 19211K [0x00000000c2a00000, 0x00000000c5380000, 0x00000000eb900000)
  object space 42496K, 45% used [0x00000000c2a00000,0x00000000c3cc2f38,0x00000000c5380000)
 Metaspace       used 15117K, capacity 15596K, committed 15744K, reserved 1062912K
  class space    used 1699K, capacity 1844K, committed 1920K, reserved 1048576K

