# JRE version: Java(TM) SE Runtime Environment (8.0_201-b09) (build 1.8.0_201-b09)
# Java VM: Java HotSpot(TM) 64-Bit Server VM (25.201-b09 mixed mode linux-amd64 compressed oops)
Heap:
 PSYoungGen      total 99328K, used 160K [0x00000000eb900000, 0x00000000f3100000, 0x0000000100000000)
  eden space 93696K, 0% used [0x00000000eb900000,0x00000000eb900000,0x00000000f1480000)
  from space 5632K, 2% used [0x00000000f2600000,0x00000000f2628000,0x00000000f2b80000)
  to   space 512K, 0% used [0x00000000f3080000,0x00000000f3080000,0x00000000f3100000)
 ParOldGen       total 42496K, used 9475K [0x00000000c2a00000, 0x00000000c5380000, 0x00000000eb900000)
  object space 42496K, 22% used [0x00000000c2a00000,0x00000000c3340de8,0x00000000c5380000)
 Metaspace       used 13772K, capacity 14160K, committed 14336K, reserved 1062912K
  class space    used 1597K, capacity 1710K, committed 1792K, reserved 1048576K
GC Heap History (10 events):
Event: 39.496 GC heap after
Heap after GC invocations=7 (full 1):
 PSYoungGen      total 31744K, used 2542K [0x00000000eb900000, 0x00000000ee200000, 0x0000000100000000)
  eden space 29184K, 0% used [0x00000000eb900000,0x00000000eb900000,0x00000000ed580000)
  from space 2560K, 99% used [0x00000000eda80000,0x00000000edcfb840,0x00000000edd00000)
  to   space 5120K, 0% used [0x00000000ed580000,0x00000000ed580000,0x00000000eda80000)
 ParOldGen       total 42496K, used 6901K [0x00000000c2a00000, 0x00000000c5380000, 0x00000000eb900000)
  object space 42496K, 16% used [0x00000000c2a00000,0x00000000c30bd4b8,0x00000000c5380000)
 Metaspace       used 13755K, capacity 14154K, committed 14336K, reserved 1062912K
  class space    used 1596K, capacity 1709K, committed 1792K, reserved 1048576K
}
Event: 43.263 GC heap before
{Heap before GC invocations=8 (full 1):
 PSYoungGen      total 31744K, used 31726K [0x00000000eb900000, 0x00000000ee200000, 0x0000000100000000)
  eden space 29184K, 100% used [0x00000000eb900000,0x00000000ed580000,0x00000000ed580000)
  from space 2560K, 99% used [0x00000000eda80000,0x00000000edcfb840,0x00000000edd00000)
  to   space 5120K, 0% used [0x00000000ed580000,0x00000000ed580000,0x00000000eda80000)
 ParOldGen       total 42496K, used 6901K [0x00000000c2a00000, 0x00000000c5380000, 0x00000000eb900000)
  object space 42496K, 16% used [0x00000000c2a00000,0x00000000c30bd4b8,0x00000000c5380000)
 Metaspace       used 13756K, capacity 14154K, committed 14336K, reserved 1062912K
  class space    used 1596K, capacity 1709K, committed 1792K, reserved 1048576K
Event: 43.281 GC heap after
Heap after GC invocations=8 (full 1):
 PSYoungGen      total 34304K, used 2616K [0x00000000eb900000, 0x00000000efc00000, 0x0000000100000000)
  eden space 29184K, 0% used [0x00000000eb900000,0x00000000eb900000,0x00000000ed580000)
  from space 5120K, 51% used [0x00000000ed580000,0x00000000ed80e030,0x00000000eda80000)
  to   space 5120K, 0% used [0x00000000ef700000,0x00000000ef700000,0x00000000efc00000)
 ParOldGen       total 42496K, used 6909K [0x00000000c2a00000, 0x00000000c5380000, 0x00000000eb900000)
  object space 42496K, 16% used [0x00000000c2a00000,0x00000000c30bf4b8,0x00000000c5380000)
 Metaspace       used 13756K, capacity 14154K, committed 14336K, reserved 1062912K
  class space    used 1596K, capacity 1709K, committed 1792K, reserved 1048576K
}
Event: 43.521 GC heap before
{Heap before GC invocations=9 (full 1):
 PSYoungGen      total 34304K, used 31800K [0x00000000eb900000, 0x00000000efc00000, 0x0000000100000000)
  eden space 29184K, 100% used [0x00000000eb900000,0x00000000ed580000,0x00000000ed580000)
  from space 5120K, 51% used [0x00000000ed580000,0x00000000ed80e030,0x00000000eda80000)
  to   space 5120K, 0% used [0x00000000ef700000,0x00000000ef700000,0x00000000efc00000)
 ParOldGen       total 42496K, used 6909K [0x00000000c2a00000, 0x00000000c5380000, 0x00000000eb900000)
  object space 42496K, 16% used [0x00000000c2a00000,0x00000000c30bf4b8,0x00000000c5380000)
 Metaspace       used 13756K, capacity 14154K, committed 14336K, reserved 1062912K
  class space    used 1596K, capacity 1709K, committed 1792K, reserved 1048576K
Event: 43.718 GC heap after
Heap after GC invocations=9 (full 1):
 PSYoungGen      total 63488K, used 624K [0x00000000eb900000, 0x00000000efc00000, 0x0000000100000000)
  eden space 58368K, 0% used [0x00000000eb900000,0x00000000eb900000,0x00000000ef200000)
  from space 5120K, 12% used [0x00000000ef700000,0x00000000ef79c010,0x00000000efc00000)
  to   space 5120K, 0% used [0x00000000ef200000,0x00000000ef200000,0x00000000ef700000)
 ParOldGen       total 42496K, used 8915K [0x00000000c2a00000, 0x00000000c5380000, 0x00000000eb900000)
  object space 42496K, 20% used [0x00000000c2a00000,0x00000000c32b4dd8,0x00000000c5380000)
 Metaspace       used 13756K, capacity 14154K, committed 14336K, reserved 1062912K
  class space    used 1596K, capacity 1709K, committed 1792K, reserved 1048576K
}
Event: 44.599 GC heap before
{Heap before GC invocations=10 (full 1):
 PSYoungGen      total 63488K, used 58992K [0x00000000eb900000, 0x00000000efc00000, 0x0000000100000000)
  eden space 58368K, 100% used [0x00000000eb900000,0x00000000ef200000,0x00000000ef200000)
  from space 5120K, 12% used [0x00000000ef700000,0x00000000ef79c010,0x00000000efc00000)
  to   space 5120K, 0% used [0x00000000ef200000,0x00000000ef200000,0x00000000ef700000)
 ParOldGen       total 42496K, used 8915K [0x00000000c2a00000, 0x00000000c5380000, 0x00000000eb900000)
  object space 42496K, 20% used [0x00000000c2a00000,0x00000000c32b4dd8,0x00000000c5380000)
 Metaspace       used 13763K, capacity 14154K, committed 14336K, reserved 1062912K
  class space    used 1596K, capacity 1709K, committed 1792K, reserved 1048576K
Event: 44.601 GC heap after
Heap after GC invocations=10 (full 1):
 PSYoungGen      total 63488K, used 128K [0x00000000eb900000, 0x00000000f3600000, 0x0000000100000000)
  eden space 58368K, 0% used [0x00000000eb900000,0x00000000eb900000,0x00000000ef200000)
  from space 5120K, 2% used [0x00000000ef200000,0x00000000ef220000,0x00000000ef700000)
  to   space 5632K, 0% used [0x00000000f3080000,0x00000000f3080000,0x00000000f3600000)
 ParOldGen       total 42496K, used 9411K [0x00000000c2a00000, 0x00000000c5380000, 0x00000000eb900000)
  object space 42496K, 22% used [0x00000000c2a00000,0x00000000c3330de8,0x00000000c5380000)
 Metaspace       used 13763K, capacity 14154K, committed 14336K, reserved 1062912K
  class space    used 1596K, capacity 1709K, committed 1792K, reserved 1048576K
}
Event: 45.143 GC heap before
{Heap before GC invocations=11 (full 1):
 PSYoungGen      total 63488K, used 58496K [0x00000000eb900000, 0x00000000f3600000, 0x0000000100000000)
  eden space 58368K, 100% used [0x00000000eb900000,0x00000000ef200000,0x00000000ef200000)
  from space 5120K, 2% used [0x00000000ef200000,0x00000000ef220000,0x00000000ef700000)
  to   space 5632K, 0% used [0x00000000f3080000,0x00000000f3080000,0x00000000f3600000)
 ParOldGen       total 42496K, used 9411K [0x00000000c2a00000, 0x00000000c5380000, 0x00000000eb900000)
  object space 42496K, 22% used [0x00000000c2a00000,0x00000000c3330de8,0x00000000c5380000)
 Metaspace       used 13770K, capacity 14160K, committed 14336K, reserved 1062912K
  class space    used 1597K, capacity 1710K, committed 1792K, reserved 1048576K
Event: 45.146 GC heap after
Heap after GC invocations=11 (full 1):
 PSYoungGen      total 94208K, used 96K [0x00000000eb900000, 0x00000000f3100000, 0x0000000100000000)
  eden space 93696K, 0% used [0x00000000eb900000,0x00000000eb900000,0x00000000f1480000)
  from space 512K, 18% used [0x00000000f3080000,0x00000000f3098000,0x00000000f3100000)
  to   space 5632K, 0% used [0x00000000f2600000,0x00000000f2600000,0x00000000f2b80000)
 ParOldGen       total 42496K, used 9443K [0x00000000c2a00000, 0x00000000c5380000, 0x00000000eb900000)
  object space 42496K, 22% used [0x00000000c2a00000,0x00000000c3338de8,0x00000000c5380000)
 Metaspace       used 13770K, capacity 14160K, committed 14336K, reserved 1062912K
  class space    used 1597K, capacity 1710K, committed 1792K, reserved 1048576K
}
Event: 46.585 GC heap before
{Heap before GC invocations=12 (full 1):
 PSYoungGen      total 94208K, used 93792K [0x00000000eb900000, 0x00000000f3100000, 0x0000000100000000)
  eden space 93696K, 100% used [0x00000000eb900000,0x00000000f1480000,0x00000000f1480000)
  from space 512K, 18% used [0x00000000f3080000,0x00000000f3098000,0x00000000f3100000)
  to   space 5632K, 0% used [0x00000000f2600000,0x00000000f2600000,0x00000000f2b80000)
 ParOldGen       total 42496K, used 9443K [0x00000000c2a00000, 0x00000000c5380000, 0x00000000eb900000)
  object space 42496K, 22% used [0x00000000c2a00000,0x00000000c3338de8,0x00000000c5380000)
 Metaspace       used 13772K, capacity 14160K, committed 14336K, reserved 1062912K
  class space    used 1597K, capacity 1710K, committed 1792K, reserved 1048576K

