# JRE version: Java(TM) SE Runtime Environment (8.0_201-b09) (build 1.8.0_201-b09)
# Java VM: Java HotSpot(TM) 64-Bit Server VM (25.201-b09 mixed mode linux-amd64 compressed oops)
Heap:
 PSYoungGen      total 303104K, used 5515K [0x00000000eb900000, 0x0000000100000000, 0x0000000100000000)
  eden space 281600K, 0% used [0x00000000eb900000,0x00000000eb900000,0x00000000fcc00000)
  from space 21504K, 25% used [0x00000000feb00000,0x00000000ff062c40,0x0000000100000000)
  to   space 26624K, 0% used [0x00000000fcc00000,0x00000000fcc00000,0x00000000fe600000)
 ParOldGen       total 66048K, used 66034K [0x00000000c2a00000, 0x00000000c6a80000, 0x00000000eb900000)
  object space 66048K, 99% used [0x00000000c2a00000,0x00000000c6a7cad8,0x00000000c6a80000)
 Metaspace       used 27751K, capacity 28530K, committed 28672K, reserved 1075200K
  class space    used 3285K, capacity 3501K, committed 3584K, reserved 1048576K
GC Heap History (10 events):
Event: 42.930 GC heap after
Heap after GC invocations=16 (full 2):
 PSYoungGen      total 313344K, used 14332K [0x00000000eb900000, 0x0000000100000000, 0x0000000100000000)
  eden space 299008K, 0% used [0x00000000eb900000,0x00000000eb900000,0x00000000fdd00000)
  from space 14336K, 99% used [0x00000000ff200000,0x00000000fffff318,0x0000000100000000)
  to   space 17920K, 0% used [0x00000000fdd00000,0x00000000fdd00000,0x00000000fee80000)
 ParOldGen       total 66048K, used 33797K [0x00000000c2a00000, 0x00000000c6a80000, 0x00000000eb900000)
  object space 66048K, 51% used [0x00000000c2a00000,0x00000000c4b01558,0x00000000c6a80000)
 Metaspace       used 26629K, capacity 27322K, committed 27520K, reserved 1073152K
  class space    used 3216K, capacity 3411K, committed 3456K, reserved 1048576K
}
Event: 51.668 GC heap before
{Heap before GC invocations=17 (full 2):
 PSYoungGen      total 313344K, used 313340K [0x00000000eb900000, 0x0000000100000000, 0x0000000100000000)
  eden space 299008K, 100% used [0x00000000eb900000,0x00000000fdd00000,0x00000000fdd00000)
  from space 14336K, 99% used [0x00000000ff200000,0x00000000fffff318,0x0000000100000000)
  to   space 17920K, 0% used [0x00000000fdd00000,0x00000000fdd00000,0x00000000fee80000)
 ParOldGen       total 66048K, used 33797K [0x00000000c2a00000, 0x00000000c6a80000, 0x00000000eb900000)
  object space 66048K, 51% used [0x00000000c2a00000,0x00000000c4b01558,0x00000000c6a80000)
 Metaspace       used 26944K, capacity 27684K, committed 27904K, reserved 1073152K
  class space    used 3247K, capacity 3460K, committed 3584K, reserved 1048576K
Event: 51.795 GC heap after
Heap after GC invocations=17 (full 2):
 PSYoungGen      total 309760K, used 10400K [0x00000000eb900000, 0x0000000100000000, 0x0000000100000000)
  eden space 299008K, 0% used [0x00000000eb900000,0x00000000eb900000,0x00000000fdd00000)
  from space 10752K, 96% used [0x00000000fdd00000,0x00000000fe728000,0x00000000fe780000)
  to   space 18432K, 0% used [0x00000000fee00000,0x00000000fee00000,0x0000000100000000)
 ParOldGen       total 66048K, used 44801K [0x00000000c2a00000, 0x00000000c6a80000, 0x00000000eb900000)
  object space 66048K, 67% used [0x00000000c2a00000,0x00000000c55c0508,0x00000000c6a80000)
 Metaspace       used 26944K, capacity 27684K, committed 27904K, reserved 1073152K
  class space    used 3247K, capacity 3460K, committed 3584K, reserved 1048576K
}
Event: 56.810 GC heap before
{Heap before GC invocations=18 (full 2):
 PSYoungGen      total 309760K, used 309408K [0x00000000eb900000, 0x0000000100000000, 0x0000000100000000)
  eden space 299008K, 100% used [0x00000000eb900000,0x00000000fdd00000,0x00000000fdd00000)
  from space 10752K, 96% used [0x00000000fdd00000,0x00000000fe728000,0x00000000fe780000)
  to   space 18432K, 0% used [0x00000000fee00000,0x00000000fee00000,0x0000000100000000)
 ParOldGen       total 66048K, used 44801K [0x00000000c2a00000, 0x00000000c6a80000, 0x00000000eb900000)
  object space 66048K, 67% used [0x00000000c2a00000,0x00000000c55c0508,0x00000000c6a80000)
 Metaspace       used 27167K, capacity 27942K, committed 28160K, reserved 1073152K
  class space    used 3251K, capacity 3461K, committed 3584K, reserved 1048576K
Event: 56.917 GC heap after
Heap after GC invocations=18 (full 2):
 PSYoungGen      total 310272K, used 17898K [0x00000000eb900000, 0x0000000100000000, 0x0000000100000000)
  eden space 291840K, 0% used [0x00000000eb900000,0x00000000eb900000,0x00000000fd600000)
  from space 18432K, 97% used [0x00000000fee00000,0x00000000fff7a9a8,0x0000000100000000)
  to   space 21504K, 0% used [0x00000000fd600000,0x00000000fd600000,0x00000000feb00000)
 ParOldGen       total 66048K, used 44809K [0x00000000c2a00000, 0x00000000c6a80000, 0x00000000eb900000)
  object space 66048K, 67% used [0x00000000c2a00000,0x00000000c55c2508,0x00000000c6a80000)
 Metaspace       used 27167K, capacity 27942K, committed 28160K, reserved 1073152K
  class space    used 3251K, capacity 3461K, committed 3584K, reserved 1048576K
}
Event: 60.098 GC heap before
{Heap before GC invocations=19 (full 2):
 PSYoungGen      total 310272K, used 309738K [0x00000000eb900000, 0x0000000100000000, 0x0000000100000000)
  eden space 291840K, 100% used [0x00000000eb900000,0x00000000fd600000,0x00000000fd600000)
  from space 18432K, 97% used [0x00000000fee00000,0x00000000fff7a9a8,0x0000000100000000)
  to   space 21504K, 0% used [0x00000000fd600000,0x00000000fd600000,0x00000000feb00000)
 ParOldGen       total 66048K, used 44809K [0x00000000c2a00000, 0x00000000c6a80000, 0x00000000eb900000)
  object space 66048K, 67% used [0x00000000c2a00000,0x00000000c55c2508,0x00000000c6a80000)
 Metaspace       used 27365K, capacity 28114K, committed 28416K, reserved 1075200K
  class space    used 3264K, capacity 3469K, committed 3584K, reserved 1048576K
Event: 60.203 GC heap after
Heap after GC invocations=19 (full 2):
 PSYoungGen      total 313344K, used 21504K [0x00000000eb900000, 0x0000000100000000, 0x0000000100000000)
  eden space 291840K, 0% used [0x00000000eb900000,0x00000000eb900000,0x00000000fd600000)
  from space 21504K, 100% used [0x00000000fd600000,0x00000000feb00000,0x00000000feb00000)
  to   space 21504K, 0% used [0x00000000feb00000,0x00000000feb00000,0x0000000100000000)
 ParOldGen       total 66048K, used 49683K [0x00000000c2a00000, 0x00000000c6a80000, 0x00000000eb900000)
  object space 66048K, 75% used [0x00000000c2a00000,0x00000000c5a84d50,0x00000000c6a80000)
 Metaspace       used 27365K, capacity 28114K, committed 28416K, reserved 1075200K
  class space    used 3264K, capacity 3469K, committed 3584K, reserved 1048576K
}
Event: 62.746 GC heap before
{Heap before GC invocations=20 (full 2):
 PSYoungGen      total 313344K, used 313344K [0x00000000eb900000, 0x0000000100000000, 0x0000000100000000)
  eden space 291840K, 100% used [0x00000000eb900000,0x00000000fd600000,0x00000000fd600000)
  from space 21504K, 100% used [0x00000000fd600000,0x00000000feb00000,0x00000000feb00000)
  to   space 21504K, 0% used [0x00000000feb00000,0x00000000feb00000,0x0000000100000000)
 ParOldGen       total 66048K, used 49683K [0x00000000c2a00000, 0x00000000c6a80000, 0x00000000eb900000)
  object space 66048K, 75% used [0x00000000c2a00000,0x00000000c5a84d50,0x00000000c6a80000)
 Metaspace       used 27770K, capacity 28560K, committed 28672K, reserved 1075200K
  class space    used 3288K, capacity 3506K, committed 3584K, reserved 1048576K
Event: 62.877 GC heap after
Heap after GC invocations=20 (full 2):
 PSYoungGen      total 303104K, used 13915K [0x00000000eb900000, 0x0000000100000000, 0x0000000100000000)
  eden space 281600K, 0% used [0x00000000eb900000,0x00000000eb900000,0x00000000fcc00000)
  from space 21504K, 64% used [0x00000000feb00000,0x00000000ff896cd0,0x0000000100000000)
  to   space 26624K, 0% used [0x00000000fcc00000,0x00000000fcc00000,0x00000000fe600000)
 ParOldGen       total 66048K, used 63651K [0x00000000c2a00000, 0x00000000c6a80000, 0x00000000eb900000)
  object space 66048K, 96% used [0x00000000c2a00000,0x00000000c6828fb0,0x00000000c6a80000)
 Metaspace       used 27770K, capacity 28560K, committed 28672K, reserved 1075200K
  class space    used 3288K, capacity 3506K, committed 3584K, reserved 1048576K
}
Event: 62.877 GC heap before
{Heap before GC invocations=21 (full 3):
 PSYoungGen      total 303104K, used 13915K [0x00000000eb900000, 0x0000000100000000, 0x0000000100000000)
  eden space 281600K, 0% used [0x00000000eb900000,0x00000000eb900000,0x00000000fcc00000)
  from space 21504K, 64% used [0x00000000feb00000,0x00000000ff896cd0,0x0000000100000000)
  to   space 26624K, 0% used [0x00000000fcc00000,0x00000000fcc00000,0x00000000fe600000)
 ParOldGen       total 66048K, used 63651K [0x00000000c2a00000, 0x00000000c6a80000, 0x00000000eb900000)
  object space 66048K, 96% used [0x00000000c2a00000,0x00000000c6828fb0,0x00000000c6a80000)
 Metaspace       used 27770K, capacity 28560K, committed 28672K, reserved 1075200K
  class space    used 3288K, capacity 3506K, committed 3584K, reserved 1048576K

