# JRE version: Java(TM) SE Runtime Environment (8.0_201-b09) (build 1.8.0_201-b09)
# Java VM: Java HotSpot(TM) 64-Bit Server VM (25.201-b09 mixed mode linux-amd64 compressed oops)
Heap:
 PSYoungGen      total 284672K, used 13711K [0x00000000eb900000, 0x0000000100000000, 0x0000000100000000)
  eden space 251904K, 0% used [0x00000000eb900000,0x00000000eb900000,0x00000000faf00000)
  from space 32768K, 41% used [0x00000000fe000000,0x00000000fed63ca8,0x0000000100000000)
  to   space 41472K, 0% used [0x00000000faf00000,0x00000000faf00000,0x00000000fd780000)
 ParOldGen       total 73728K, used 73622K [0x00000000c2a00000, 0x00000000c7200000, 0x00000000eb900000)
  object space 73728K, 99% used [0x00000000c2a00000,0x00000000c71e59b0,0x00000000c7200000)
 Metaspace       used 23736K, capacity 24392K, committed 24576K, reserved 1071104K
  class space    used 2519K, capacity 2696K, committed 2816K, reserved 1048576K
GC Heap History (10 events):
Event: 50.950 GC heap after
Heap after GC invocations=16 (full 2):
 PSYoungGen      total 305664K, used 17672K [0x00000000eb900000, 0x0000000100000000, 0x0000000100000000)
  eden space 278528K, 0% used [0x00000000eb900000,0x00000000eb900000,0x00000000fc900000)
  from space 27136K, 65% used [0x00000000fe500000,0x00000000ff6420d8,0x00000000fff80000)
  to   space 28160K, 0% used [0x00000000fc900000,0x00000000fc900000,0x00000000fe480000)
 ParOldGen       total 73728K, used 53494K [0x00000000c2a00000, 0x00000000c7200000, 0x00000000eb900000)
  object space 73728K, 72% used [0x00000000c2a00000,0x00000000c5e3dac8,0x00000000c7200000)
 Metaspace       used 23167K, capacity 23846K, committed 23936K, reserved 1071104K
  class space    used 2490K, capacity 2669K, committed 2688K, reserved 1048576K
}
Event: 52.447 GC heap before
{Heap before GC invocations=17 (full 2):
 PSYoungGen      total 305664K, used 296200K [0x00000000eb900000, 0x0000000100000000, 0x0000000100000000)
  eden space 278528K, 100% used [0x00000000eb900000,0x00000000fc900000,0x00000000fc900000)
  from space 27136K, 65% used [0x00000000fe500000,0x00000000ff6420d8,0x00000000fff80000)
  to   space 28160K, 0% used [0x00000000fc900000,0x00000000fc900000,0x00000000fe480000)
 ParOldGen       total 73728K, used 53494K [0x00000000c2a00000, 0x00000000c7200000, 0x00000000eb900000)
  object space 73728K, 72% used [0x00000000c2a00000,0x00000000c5e3dac8,0x00000000c7200000)
 Metaspace       used 23308K, capacity 23974K, committed 24192K, reserved 1071104K
  class space    used 2493K, capacity 2669K, committed 2688K, reserved 1048576K
Event: 52.485 GC heap after
Heap after GC invocations=17 (full 2):
 PSYoungGen      total 296960K, used 18184K [0x00000000eb900000, 0x0000000100000000, 0x0000000100000000)
  eden space 278528K, 0% used [0x00000000eb900000,0x00000000eb900000,0x00000000fc900000)
  from space 18432K, 98% used [0x00000000fc900000,0x00000000fdac2370,0x00000000fdb00000)
  to   space 28672K, 0% used [0x00000000fe400000,0x00000000fe400000,0x0000000100000000)
 ParOldGen       total 73728K, used 53494K [0x00000000c2a00000, 0x00000000c7200000, 0x00000000eb900000)
  object space 73728K, 72% used [0x00000000c2a00000,0x00000000c5e3dac8,0x00000000c7200000)
 Metaspace       used 23308K, capacity 23974K, committed 24192K, reserved 1071104K
  class space    used 2493K, capacity 2669K, committed 2688K, reserved 1048576K
}
Event: 56.442 GC heap before
{Heap before GC invocations=18 (full 2):
 PSYoungGen      total 296960K, used 296712K [0x00000000eb900000, 0x0000000100000000, 0x0000000100000000)
  eden space 278528K, 100% used [0x00000000eb900000,0x00000000fc900000,0x00000000fc900000)
  from space 18432K, 98% used [0x00000000fc900000,0x00000000fdac2370,0x00000000fdb00000)
  to   space 28672K, 0% used [0x00000000fe400000,0x00000000fe400000,0x0000000100000000)
 ParOldGen       total 73728K, used 53494K [0x00000000c2a00000, 0x00000000c7200000, 0x00000000eb900000)
  object space 73728K, 72% used [0x00000000c2a00000,0x00000000c5e3dac8,0x00000000c7200000)
 Metaspace       used 23400K, capacity 24044K, committed 24192K, reserved 1071104K
  class space    used 2494K, capacity 2670K, committed 2688K, reserved 1048576K
Event: 56.542 GC heap after
Heap after GC invocations=18 (full 2):
 PSYoungGen      total 297984K, used 28160K [0x00000000eb900000, 0x0000000100000000, 0x0000000100000000)
  eden space 269312K, 0% used [0x00000000eb900000,0x00000000eb900000,0x00000000fc000000)
  from space 28672K, 98% used [0x00000000fe400000,0x00000000fff80000,0x0000000100000000)
  to   space 32768K, 0% used [0x00000000fc000000,0x00000000fc000000,0x00000000fe000000)
 ParOldGen       total 73728K, used 53502K [0x00000000c2a00000, 0x00000000c7200000, 0x00000000eb900000)
  object space 73728K, 72% used [0x00000000c2a00000,0x00000000c5e3fac8,0x00000000c7200000)
 Metaspace       used 23400K, capacity 24044K, committed 24192K, reserved 1071104K
  class space    used 2494K, capacity 2670K, committed 2688K, reserved 1048576K
}
Event: 61.053 GC heap before
{Heap before GC invocations=19 (full 2):
 PSYoungGen      total 297984K, used 297472K [0x00000000eb900000, 0x0000000100000000, 0x0000000100000000)
  eden space 269312K, 100% used [0x00000000eb900000,0x00000000fc000000,0x00000000fc000000)
  from space 28672K, 98% used [0x00000000fe400000,0x00000000fff80000,0x0000000100000000)
  to   space 32768K, 0% used [0x00000000fc000000,0x00000000fc000000,0x00000000fe000000)
 ParOldGen       total 73728K, used 53502K [0x00000000c2a00000, 0x00000000c7200000, 0x00000000eb900000)
  object space 73728K, 72% used [0x00000000c2a00000,0x00000000c5e3fac8,0x00000000c7200000)
 Metaspace       used 23652K, capacity 24356K, committed 24576K, reserved 1071104K
  class space    used 2510K, capacity 2690K, committed 2816K, reserved 1048576K
Event: 61.282 GC heap after
Heap after GC invocations=19 (full 2):
 PSYoungGen      total 302080K, used 32768K [0x00000000eb900000, 0x0000000100000000, 0x0000000100000000)
  eden space 269312K, 0% used [0x00000000eb900000,0x00000000eb900000,0x00000000fc000000)
  from space 32768K, 100% used [0x00000000fc000000,0x00000000fe000000,0x00000000fe000000)
  to   space 32768K, 0% used [0x00000000fe000000,0x00000000fe000000,0x0000000100000000)
 ParOldGen       total 73728K, used 61443K [0x00000000c2a00000, 0x00000000c7200000, 0x00000000eb900000)
  object space 73728K, 83% used [0x00000000c2a00000,0x00000000c6600ea8,0x00000000c7200000)
 Metaspace       used 23652K, capacity 24356K, committed 24576K, reserved 1071104K
  class space    used 2510K, capacity 2690K, committed 2816K, reserved 1048576K
}
Event: 64.045 GC heap before
{Heap before GC invocations=20 (full 2):
 PSYoungGen      total 302080K, used 302080K [0x00000000eb900000, 0x0000000100000000, 0x0000000100000000)
  eden space 269312K, 100% used [0x00000000eb900000,0x00000000fc000000,0x00000000fc000000)
  from space 32768K, 100% used [0x00000000fc000000,0x00000000fe000000,0x00000000fe000000)
  to   space 32768K, 0% used [0x00000000fe000000,0x00000000fe000000,0x0000000100000000)
 ParOldGen       total 73728K, used 61443K [0x00000000c2a00000, 0x00000000c7200000, 0x00000000eb900000)
  object space 73728K, 83% used [0x00000000c2a00000,0x00000000c6600ea8,0x00000000c7200000)
 Metaspace       used 23736K, capacity 24392K, committed 24576K, reserved 1071104K
  class space    used 2519K, capacity 2696K, committed 2816K, reserved 1048576K
Event: 64.219 GC heap after
Heap after GC invocations=20 (full 2):
 PSYoungGen      total 284672K, used 24224K [0x00000000eb900000, 0x0000000100000000, 0x0000000100000000)
  eden space 251904K, 0% used [0x00000000eb900000,0x00000000eb900000,0x00000000faf00000)
  from space 32768K, 73% used [0x00000000fe000000,0x00000000ff7a8000,0x0000000100000000)
  to   space 41472K, 0% used [0x00000000faf00000,0x00000000faf00000,0x00000000fd780000)
 ParOldGen       total 73728K, used 72217K [0x00000000c2a00000, 0x00000000c7200000, 0x00000000eb900000)
  object space 73728K, 97% used [0x00000000c2a00000,0x00000000c70865f8,0x00000000c7200000)
 Metaspace       used 23736K, capacity 24392K, committed 24576K, reserved 1071104K
  class space    used 2519K, capacity 2696K, committed 2816K, reserved 1048576K
}
Event: 64.220 GC heap before
{Heap before GC invocations=21 (full 3):
 PSYoungGen      total 284672K, used 24224K [0x00000000eb900000, 0x0000000100000000, 0x0000000100000000)
  eden space 251904K, 0% used [0x00000000eb900000,0x00000000eb900000,0x00000000faf00000)
  from space 32768K, 73% used [0x00000000fe000000,0x00000000ff7a8000,0x0000000100000000)
  to   space 41472K, 0% used [0x00000000faf00000,0x00000000faf00000,0x00000000fd780000)
 ParOldGen       total 73728K, used 72217K [0x00000000c2a00000, 0x00000000c7200000, 0x00000000eb900000)
  object space 73728K, 97% used [0x00000000c2a00000,0x00000000c70865f8,0x00000000c7200000)
 Metaspace       used 23736K, capacity 24392K, committed 24576K, reserved 1071104K
  class space    used 2519K, capacity 2696K, committed 2816K, reserved 1048576K

