# JRE version: Java(TM) SE Runtime Environment (8.0_201-b09) (build 1.8.0_201-b09)
# Java VM: Java HotSpot(TM) 64-Bit Server VM (25.201-b09 mixed mode linux-amd64 compressed oops)
Heap:
 PSYoungGen      total 197120K, used 15868K [0x00000000eb900000, 0x00000000f8900000, 0x0000000100000000)
  eden space 181248K, 0% used [0x00000000eb900000,0x00000000eb900000,0x00000000f6a00000)
  from space 15872K, 99% used [0x00000000f6a00000,0x00000000f797f040,0x00000000f7980000)
  to   space 11264K, 0% used [0x00000000f7e00000,0x00000000f7e00000,0x00000000f8900000)
 ParOldGen       total 74240K, used 44108K [0x00000000c2a00000, 0x00000000c7280000, 0x00000000eb900000)
  object space 74240K, 59% used [0x00000000c2a00000,0x00000000c5513020,0x00000000c7280000)
 Metaspace       used 23146K, capacity 23860K, committed 23936K, reserved 1071104K
  class space    used 2475K, capacity 2670K, committed 2688K, reserved 1048576K
GC Heap History (10 events):
Event: 12.374 GC heap after
Heap after GC invocations=12 (full 1):
 PSYoungGen      total 121344K, used 11764K [0x00000000eb900000, 0x00000000f6d80000, 0x0000000100000000)
  eden space 109568K, 0% used [0x00000000eb900000,0x00000000eb900000,0x00000000f2400000)
  from space 11776K, 99% used [0x00000000f2400000,0x00000000f2f7d2c8,0x00000000f2f80000)
  to   space 17408K, 0% used [0x00000000f5c80000,0x00000000f5c80000,0x00000000f6d80000)
 ParOldGen       total 42496K, used 30624K [0x00000000c2a00000, 0x00000000c5380000, 0x00000000eb900000)
  object space 42496K, 72% used [0x00000000c2a00000,0x00000000c47e8248,0x00000000c5380000)
 Metaspace       used 19077K, capacity 19386K, committed 19712K, reserved 1067008K
  class space    used 2135K, capacity 2226K, committed 2304K, reserved 1048576K
}
Event: 15.301 GC heap before
{Heap before GC invocations=13 (full 1):
 PSYoungGen      total 121344K, used 97287K [0x00000000eb900000, 0x00000000f6d80000, 0x0000000100000000)
  eden space 109568K, 78% used [0x00000000eb900000,0x00000000f0c84a90,0x00000000f2400000)
  from space 11776K, 99% used [0x00000000f2400000,0x00000000f2f7d2c8,0x00000000f2f80000)
  to   space 17408K, 0% used [0x00000000f5c80000,0x00000000f5c80000,0x00000000f6d80000)
 ParOldGen       total 42496K, used 30624K [0x00000000c2a00000, 0x00000000c5380000, 0x00000000eb900000)
  object space 42496K, 72% used [0x00000000c2a00000,0x00000000c47e8248,0x00000000c5380000)
 Metaspace       used 20801K, capacity 21182K, committed 21296K, reserved 1069056K
  class space    used 2294K, capacity 2403K, committed 2432K, reserved 1048576K
Event: 15.420 GC heap after
Heap after GC invocations=13 (full 1):
 PSYoungGen      total 167936K, used 8910K [0x00000000eb900000, 0x00000000f8580000, 0x0000000100000000)
  eden space 150528K, 0% used [0x00000000eb900000,0x00000000eb900000,0x00000000f4c00000)
  from space 17408K, 51% used [0x00000000f5c80000,0x00000000f6533bb0,0x00000000f6d80000)
  to   space 16896K, 0% used [0x00000000f4c00000,0x00000000f4c00000,0x00000000f5c80000)
 ParOldGen       total 42496K, used 40842K [0x00000000c2a00000, 0x00000000c5380000, 0x00000000eb900000)
  object space 42496K, 96% used [0x00000000c2a00000,0x00000000c51e28c8,0x00000000c5380000)
 Metaspace       used 20801K, capacity 21182K, committed 21296K, reserved 1069056K
  class space    used 2294K, capacity 2403K, committed 2432K, reserved 1048576K
}
Event: 15.420 GC heap before
{Heap before GC invocations=14 (full 2):
 PSYoungGen      total 167936K, used 8910K [0x00000000eb900000, 0x00000000f8580000, 0x0000000100000000)
  eden space 150528K, 0% used [0x00000000eb900000,0x00000000eb900000,0x00000000f4c00000)
  from space 17408K, 51% used [0x00000000f5c80000,0x00000000f6533bb0,0x00000000f6d80000)
  to   space 16896K, 0% used [0x00000000f4c00000,0x00000000f4c00000,0x00000000f5c80000)
 ParOldGen       total 42496K, used 40842K [0x00000000c2a00000, 0x00000000c5380000, 0x00000000eb900000)
  object space 42496K, 96% used [0x00000000c2a00000,0x00000000c51e28c8,0x00000000c5380000)
 Metaspace       used 20801K, capacity 21182K, committed 21296K, reserved 1069056K
  class space    used 2294K, capacity 2403K, committed 2432K, reserved 1048576K
Event: 15.998 GC heap after
Heap after GC invocations=14 (full 2):
 PSYoungGen      total 167936K, used 0K [0x00000000eb900000, 0x00000000f8580000, 0x0000000100000000)
  eden space 150528K, 0% used [0x00000000eb900000,0x00000000eb900000,0x00000000f4c00000)
  from space 17408K, 0% used [0x00000000f5c80000,0x00000000f5c80000,0x00000000f6d80000)
  to   space 16896K, 0% used [0x00000000f4c00000,0x00000000f4c00000,0x00000000f5c80000)
 ParOldGen       total 74240K, used 39012K [0x00000000c2a00000, 0x00000000c7280000, 0x00000000eb900000)
  object space 74240K, 52% used [0x00000000c2a00000,0x00000000c5019030,0x00000000c7280000)
 Metaspace       used 20801K, capacity 21182K, committed 21296K, reserved 1069056K
  class space    used 2294K, capacity 2403K, committed 2432K, reserved 1048576K
}
Event: 19.738 GC heap before
{Heap before GC invocations=15 (full 2):
 PSYoungGen      total 167936K, used 150528K [0x00000000eb900000, 0x00000000f8580000, 0x0000000100000000)
  eden space 150528K, 100% used [0x00000000eb900000,0x00000000f4c00000,0x00000000f4c00000)
  from space 17408K, 0% used [0x00000000f5c80000,0x00000000f5c80000,0x00000000f6d80000)
  to   space 16896K, 0% used [0x00000000f4c00000,0x00000000f4c00000,0x00000000f5c80000)
 ParOldGen       total 74240K, used 39012K [0x00000000c2a00000, 0x00000000c7280000, 0x00000000eb900000)
  object space 74240K, 52% used [0x00000000c2a00000,0x00000000c5019030,0x00000000c7280000)
 Metaspace       used 22179K, capacity 22622K, committed 22704K, reserved 1069056K
  class space    used 2405K, capacity 2541K, committed 2560K, reserved 1048576K
Event: 19.754 GC heap after
Heap after GC invocations=15 (full 2):
 PSYoungGen      total 167424K, used 4415K [0x00000000eb900000, 0x00000000f8e00000, 0x0000000100000000)
  eden space 150528K, 0% used [0x00000000eb900000,0x00000000eb900000,0x00000000f4c00000)
  from space 16896K, 26% used [0x00000000f4c00000,0x00000000f504fea8,0x00000000f5c80000)
  to   space 16384K, 0% used [0x00000000f7e00000,0x00000000f7e00000,0x00000000f8e00000)
 ParOldGen       total 74240K, used 39020K [0x00000000c2a00000, 0x00000000c7280000, 0x00000000eb900000)
  object space 74240K, 52% used [0x00000000c2a00000,0x00000000c501b030,0x00000000c7280000)
 Metaspace       used 22179K, capacity 22622K, committed 22704K, reserved 1069056K
  class space    used 2405K, capacity 2541K, committed 2560K, reserved 1048576K
}
Event: 22.350 GC heap before
{Heap before GC invocations=16 (full 2):
 PSYoungGen      total 167424K, used 154943K [0x00000000eb900000, 0x00000000f8e00000, 0x0000000100000000)
  eden space 150528K, 100% used [0x00000000eb900000,0x00000000f4c00000,0x00000000f4c00000)
  from space 16896K, 26% used [0x00000000f4c00000,0x00000000f504fea8,0x00000000f5c80000)
  to   space 16384K, 0% used [0x00000000f7e00000,0x00000000f7e00000,0x00000000f8e00000)
 ParOldGen       total 74240K, used 39020K [0x00000000c2a00000, 0x00000000c7280000, 0x00000000eb900000)
  object space 74240K, 52% used [0x00000000c2a00000,0x00000000c501b030,0x00000000c7280000)
 Metaspace       used 22395K, capacity 22774K, committed 22960K, reserved 1069056K
  class space    used 2414K, capacity 2547K, committed 2560K, reserved 1048576K
Event: 22.370 GC heap after
Heap after GC invocations=16 (full 2):
 PSYoungGen      total 192512K, used 7456K [0x00000000eb900000, 0x00000000f8900000, 0x0000000100000000)
  eden space 181248K, 0% used [0x00000000eb900000,0x00000000eb900000,0x00000000f6a00000)
  from space 11264K, 66% used [0x00000000f7e00000,0x00000000f8548010,0x00000000f8900000)
  to   space 15872K, 0% used [0x00000000f6a00000,0x00000000f6a00000,0x00000000f7980000)
 ParOldGen       total 74240K, used 39028K [0x00000000c2a00000, 0x00000000c7280000, 0x00000000eb900000)
  object space 74240K, 52% used [0x00000000c2a00000,0x00000000c501d030,0x00000000c7280000)
 Metaspace       used 22395K, capacity 22774K, committed 22960K, reserved 1069056K
  class space    used 2414K, capacity 2547K, committed 2560K, reserved 1048576K
}
Event: 28.575 GC heap before
{Heap before GC invocations=17 (full 2):
 PSYoungGen      total 192512K, used 188704K [0x00000000eb900000, 0x00000000f8900000, 0x0000000100000000)
  eden space 181248K, 100% used [0x00000000eb900000,0x00000000f6a00000,0x00000000f6a00000)
  from space 11264K, 66% used [0x00000000f7e00000,0x00000000f8548010,0x00000000f8900000)
  to   space 15872K, 0% used [0x00000000f6a00000,0x00000000f6a00000,0x00000000f7980000)
 ParOldGen       total 74240K, used 39028K [0x00000000c2a00000, 0x00000000c7280000, 0x00000000eb900000)
  object space 74240K, 52% used [0x00000000c2a00000,0x00000000c501d030,0x00000000c7280000)
 Metaspace       used 23146K, capacity 23860K, committed 23936K, reserved 1071104K
  class space    used 2475K, capacity 2670K, committed 2688K, reserved 1048576K

