# JRE version: Java(TM) SE Runtime Environment (8.0_201-b09) (build 1.8.0_201-b09)
# Java VM: Java HotSpot(TM) 64-Bit Server VM (25.201-b09 mixed mode linux-amd64 compressed oops)
Heap:
 PSYoungGen      total 100352K, used 26991K [0x00000000eb900000, 0x00000000f3900000, 0x0000000100000000)
  eden space 92160K, 20% used [0x00000000eb900000,0x00000000ecb62d00,0x00000000f1300000)
  from space 8192K, 99% used [0x00000000f3100000,0x00000000f38f9288,0x00000000f3900000)
  to   space 10240K, 0% used [0x00000000f2500000,0x00000000f2500000,0x00000000f2f00000)
 ParOldGen       total 42496K, used 18042K [0x00000000c2a00000, 0x00000000c5380000, 0x00000000eb900000)
  object space 42496K, 42% used [0x00000000c2a00000,0x00000000c3b9e818,0x00000000c5380000)
 Metaspace       used 14927K, capacity 15362K, committed 15616K, reserved 1062912K
  class space    used 1635K, capacity 1773K, committed 1792K, reserved 1048576K
GC Heap History (10 events):
Event: 26.859 GC heap before
{Heap before GC invocations=7 (full 1):
 PSYoungGen      total 18432K, used 18432K [0x00000000eb900000, 0x00000000edd00000, 0x0000000100000000)
  eden space 15872K, 100% used [0x00000000eb900000,0x00000000ec880000,0x00000000ec880000)
  from space 2560K, 100% used [0x00000000ec880000,0x00000000ecb00000,0x00000000ecb00000)
  to   space 2560K, 0% used [0x00000000eda80000,0x00000000eda80000,0x00000000edd00000)
 ParOldGen       total 42496K, used 8319K [0x00000000c2a00000, 0x00000000c5380000, 0x00000000eb900000)
  object space 42496K, 19% used [0x00000000c2a00000,0x00000000c321fe60,0x00000000c5380000)
 Metaspace       used 13776K, capacity 14182K, committed 14336K, reserved 1062912K
  class space    used 1584K, capacity 1703K, committed 1792K, reserved 1048576K
Event: 26.874 GC heap after
Heap after GC invocations=7 (full 1):
 PSYoungGen      total 31744K, used 2560K [0x00000000eb900000, 0x00000000ee200000, 0x0000000100000000)
  eden space 29184K, 0% used [0x00000000eb900000,0x00000000eb900000,0x00000000ed580000)
  from space 2560K, 100% used [0x00000000eda80000,0x00000000edd00000,0x00000000edd00000)
  to   space 5120K, 0% used [0x00000000ed580000,0x00000000ed580000,0x00000000eda80000)
 ParOldGen       total 42496K, used 9555K [0x00000000c2a00000, 0x00000000c5380000, 0x00000000eb900000)
  object space 42496K, 22% used [0x00000000c2a00000,0x00000000c3354f80,0x00000000c5380000)
 Metaspace       used 13776K, capacity 14182K, committed 14336K, reserved 1062912K
  class space    used 1584K, capacity 1703K, committed 1792K, reserved 1048576K
}
Event: 27.930 GC heap before
{Heap before GC invocations=8 (full 1):
 PSYoungGen      total 31744K, used 31744K [0x00000000eb900000, 0x00000000ee200000, 0x0000000100000000)
  eden space 29184K, 100% used [0x00000000eb900000,0x00000000ed580000,0x00000000ed580000)
  from space 2560K, 100% used [0x00000000eda80000,0x00000000edd00000,0x00000000edd00000)
  to   space 5120K, 0% used [0x00000000ed580000,0x00000000ed580000,0x00000000eda80000)
 ParOldGen       total 42496K, used 9555K [0x00000000c2a00000, 0x00000000c5380000, 0x00000000eb900000)
  object space 42496K, 22% used [0x00000000c2a00000,0x00000000c3354f80,0x00000000c5380000)
 Metaspace       used 13839K, capacity 14182K, committed 14336K, reserved 1062912K
  class space    used 1584K, capacity 1703K, committed 1792K, reserved 1048576K
Event: 27.948 GC heap after
Heap after GC invocations=8 (full 1):
 PSYoungGen      total 34304K, used 4432K [0x00000000eb900000, 0x00000000efc00000, 0x0000000100000000)
  eden space 29184K, 0% used [0x00000000eb900000,0x00000000eb900000,0x00000000ed580000)
  from space 5120K, 86% used [0x00000000ed580000,0x00000000ed9d4060,0x00000000eda80000)
  to   space 5120K, 0% used [0x00000000ef700000,0x00000000ef700000,0x00000000efc00000)
 ParOldGen       total 42496K, used 9563K [0x00000000c2a00000, 0x00000000c5380000, 0x00000000eb900000)
  object space 42496K, 22% used [0x00000000c2a00000,0x00000000c3356f80,0x00000000c5380000)
 Metaspace       used 13839K, capacity 14182K, committed 14336K, reserved 1062912K
  class space    used 1584K, capacity 1703K, committed 1792K, reserved 1048576K
}
Event: 28.710 GC heap before
{Heap before GC invocations=9 (full 1):
 PSYoungGen      total 34304K, used 33616K [0x00000000eb900000, 0x00000000efc00000, 0x0000000100000000)
  eden space 29184K, 100% used [0x00000000eb900000,0x00000000ed580000,0x00000000ed580000)
  from space 5120K, 86% used [0x00000000ed580000,0x00000000ed9d4060,0x00000000eda80000)
  to   space 5120K, 0% used [0x00000000ef700000,0x00000000ef700000,0x00000000efc00000)
 ParOldGen       total 42496K, used 9563K [0x00000000c2a00000, 0x00000000c5380000, 0x00000000eb900000)
  object space 42496K, 22% used [0x00000000c2a00000,0x00000000c3356f80,0x00000000c5380000)
 Metaspace       used 13865K, capacity 14246K, committed 14336K, reserved 1062912K
  class space    used 1584K, capacity 1703K, committed 1792K, reserved 1048576K
Event: 28.734 GC heap after
Heap after GC invocations=9 (full 1):
 PSYoungGen      total 62464K, used 5104K [0x00000000eb900000, 0x00000000efe00000, 0x0000000100000000)
  eden space 57344K, 0% used [0x00000000eb900000,0x00000000eb900000,0x00000000ef100000)
  from space 5120K, 99% used [0x00000000ef700000,0x00000000efbfc0a0,0x00000000efc00000)
  to   space 6144K, 0% used [0x00000000ef100000,0x00000000ef100000,0x00000000ef700000)
 ParOldGen       total 42496K, used 10795K [0x00000000c2a00000, 0x00000000c5380000, 0x00000000eb900000)
  object space 42496K, 25% used [0x00000000c2a00000,0x00000000c348ad00,0x00000000c5380000)
 Metaspace       used 13865K, capacity 14246K, committed 14336K, reserved 1062912K
  class space    used 1584K, capacity 1703K, committed 1792K, reserved 1048576K
}
Event: 31.720 GC heap before
{Heap before GC invocations=10 (full 1):
 PSYoungGen      total 62464K, used 62448K [0x00000000eb900000, 0x00000000efe00000, 0x0000000100000000)
  eden space 57344K, 100% used [0x00000000eb900000,0x00000000ef100000,0x00000000ef100000)
  from space 5120K, 99% used [0x00000000ef700000,0x00000000efbfc0a0,0x00000000efc00000)
  to   space 6144K, 0% used [0x00000000ef100000,0x00000000ef100000,0x00000000ef700000)
 ParOldGen       total 42496K, used 10795K [0x00000000c2a00000, 0x00000000c5380000, 0x00000000eb900000)
  object space 42496K, 25% used [0x00000000c2a00000,0x00000000c348ad00,0x00000000c5380000)
 Metaspace       used 13897K, capacity 14246K, committed 14336K, reserved 1062912K
  class space    used 1584K, capacity 1703K, committed 1792K, reserved 1048576K
Event: 31.847 GC heap after
Heap after GC invocations=10 (full 1):
 PSYoungGen      total 63488K, used 6120K [0x00000000eb900000, 0x00000000f3900000, 0x0000000100000000)
  eden space 57344K, 0% used [0x00000000eb900000,0x00000000eb900000,0x00000000ef100000)
  from space 6144K, 99% used [0x00000000ef100000,0x00000000ef6fa1b8,0x00000000ef700000)
  to   space 8192K, 0% used [0x00000000f3100000,0x00000000f3100000,0x00000000f3900000)
 ParOldGen       total 42496K, used 14245K [0x00000000c2a00000, 0x00000000c5380000, 0x00000000eb900000)
  object space 42496K, 33% used [0x00000000c2a00000,0x00000000c37e9568,0x00000000c5380000)
 Metaspace       used 13897K, capacity 14246K, committed 14336K, reserved 1062912K
  class space    used 1584K, capacity 1703K, committed 1792K, reserved 1048576K
}
Event: 47.132 GC heap before
{Heap before GC invocations=11 (full 1):
 PSYoungGen      total 63488K, used 63464K [0x00000000eb900000, 0x00000000f3900000, 0x0000000100000000)
  eden space 57344K, 100% used [0x00000000eb900000,0x00000000ef100000,0x00000000ef100000)
  from space 6144K, 99% used [0x00000000ef100000,0x00000000ef6fa1b8,0x00000000ef700000)
  to   space 8192K, 0% used [0x00000000f3100000,0x00000000f3100000,0x00000000f3900000)
 ParOldGen       total 42496K, used 14245K [0x00000000c2a00000, 0x00000000c5380000, 0x00000000eb900000)
  object space 42496K, 33% used [0x00000000c2a00000,0x00000000c37e9568,0x00000000c5380000)
 Metaspace       used 14869K, capacity 15338K, committed 15616K, reserved 1062912K
  class space    used 1629K, capacity 1769K, committed 1792K, reserved 1048576K
Event: 47.214 GC heap after
Heap after GC invocations=11 (full 1):
 PSYoungGen      total 100352K, used 8164K [0x00000000eb900000, 0x00000000f3900000, 0x0000000100000000)
  eden space 92160K, 0% used [0x00000000eb900000,0x00000000eb900000,0x00000000f1300000)
  from space 8192K, 99% used [0x00000000f3100000,0x00000000f38f9288,0x00000000f3900000)
  to   space 10240K, 0% used [0x00000000f2500000,0x00000000f2500000,0x00000000f2f00000)
 ParOldGen       total 42496K, used 18042K [0x00000000c2a00000, 0x00000000c5380000, 0x00000000eb900000)
  object space 42496K, 42% used [0x00000000c2a00000,0x00000000c3b9e818,0x00000000c5380000)
 Metaspace       used 14869K, capacity 15338K, committed 15616K, reserved 1062912K
  class space    used 1629K, capacity 1769K, committed 1792K, reserved 1048576K
}

