# JRE version: Java(TM) SE Runtime Environment (8.0_201-b09) (build 1.8.0_201-b09)
# Java VM: Java HotSpot(TM) 64-Bit Server VM (25.201-b09 mixed mode linux-amd64 compressed oops)
Heap:
 PSYoungGen      total 236032K, used 4067K [0x00000000eb900000, 0x00000000fe580000, 0x0000000100000000)
  eden space 203264K, 0% used [0x00000000eb900000,0x00000000eb900000,0x00000000f7f80000)
  from space 32768K, 12% used [0x00000000f7f80000,0x00000000f8378e60,0x00000000f9f80000)
  to   space 36352K, 0% used [0x00000000fc200000,0x00000000fc200000,0x00000000fe580000)
 ParOldGen       total 74240K, used 73879K [0x00000000c2a00000, 0x00000000c7280000, 0x00000000eb900000)
  object space 74240K, 99% used [0x00000000c2a00000,0x00000000c7225c80,0x00000000c7280000)
 Metaspace       used 23403K, capacity 24040K, committed 24192K, reserved 1071104K
  class space    used 2488K, capacity 2676K, committed 2688K, reserved 1048576K
GC Heap History (10 events):
Event: 20.496 GC heap after
Heap after GC invocations=13 (full 2):
 PSYoungGen      total 171520K, used 11583K [0x00000000eb900000, 0x00000000fb300000, 0x0000000100000000)
  eden space 159744K, 0% used [0x00000000eb900000,0x00000000eb900000,0x00000000f5500000)
  from space 11776K, 98% used [0x00000000f9a00000,0x00000000fa54fd90,0x00000000fa580000)
  to   space 13824K, 0% used [0x00000000fa580000,0x00000000fa580000,0x00000000fb300000)
 ParOldGen       total 74240K, used 37444K [0x00000000c2a00000, 0x00000000c7280000, 0x00000000eb900000)
  object space 74240K, 50% used [0x00000000c2a00000,0x00000000c4e91060,0x00000000c7280000)
 Metaspace       used 22209K, capacity 22626K, committed 22784K, reserved 1069056K
  class space    used 2405K, capacity 2541K, committed 2560K, reserved 1048576K
}
Event: 23.386 GC heap before
{Heap before GC invocations=14 (full 2):
 PSYoungGen      total 171520K, used 171327K [0x00000000eb900000, 0x00000000fb300000, 0x0000000100000000)
  eden space 159744K, 100% used [0x00000000eb900000,0x00000000f5500000,0x00000000f5500000)
  from space 11776K, 98% used [0x00000000f9a00000,0x00000000fa54fd90,0x00000000fa580000)
  to   space 13824K, 0% used [0x00000000fa580000,0x00000000fa580000,0x00000000fb300000)
 ParOldGen       total 74240K, used 37444K [0x00000000c2a00000, 0x00000000c7280000, 0x00000000eb900000)
  object space 74240K, 50% used [0x00000000c2a00000,0x00000000c4e91060,0x00000000c7280000)
 Metaspace       used 22254K, capacity 22626K, committed 22784K, reserved 1069056K
  class space    used 2407K, capacity 2541K, committed 2560K, reserved 1048576K
Event: 23.427 GC heap after
Heap after GC invocations=14 (full 2):
 PSYoungGen      total 195072K, used 12864K [0x00000000eb900000, 0x00000000fb280000, 0x0000000100000000)
  eden space 181760K, 0% used [0x00000000eb900000,0x00000000eb900000,0x00000000f6a80000)
  from space 13312K, 96% used [0x00000000fa580000,0x00000000fb210080,0x00000000fb280000)
  to   space 19456K, 0% used [0x00000000f8c80000,0x00000000f8c80000,0x00000000f9f80000)
 ParOldGen       total 74240K, used 37444K [0x00000000c2a00000, 0x00000000c7280000, 0x00000000eb900000)
  object space 74240K, 50% used [0x00000000c2a00000,0x00000000c4e91060,0x00000000c7280000)
 Metaspace       used 22254K, capacity 22626K, committed 22784K, reserved 1069056K
  class space    used 2407K, capacity 2541K, committed 2560K, reserved 1048576K
}
Event: 29.852 GC heap before
{Heap before GC invocations=15 (full 2):
 PSYoungGen      total 195072K, used 194624K [0x00000000eb900000, 0x00000000fb280000, 0x0000000100000000)
  eden space 181760K, 100% used [0x00000000eb900000,0x00000000f6a80000,0x00000000f6a80000)
  from space 13312K, 96% used [0x00000000fa580000,0x00000000fb210080,0x00000000fb280000)
  to   space 19456K, 0% used [0x00000000f8c80000,0x00000000f8c80000,0x00000000f9f80000)
 ParOldGen       total 74240K, used 37444K [0x00000000c2a00000, 0x00000000c7280000, 0x00000000eb900000)
  object space 74240K, 50% used [0x00000000c2a00000,0x00000000c4e91060,0x00000000c7280000)
 Metaspace       used 23030K, capacity 23700K, committed 23936K, reserved 1071104K
  class space    used 2470K, capacity 2662K, committed 2688K, reserved 1048576K
Event: 30.029 GC heap after
Heap after GC invocations=15 (full 2):
 PSYoungGen      total 228864K, used 19440K [0x00000000eb900000, 0x00000000fb780000, 0x0000000100000000)
  eden space 209408K, 0% used [0x00000000eb900000,0x00000000eb900000,0x00000000f8580000)
  from space 19456K, 99% used [0x00000000f8c80000,0x00000000f9f7c0a0,0x00000000f9f80000)
  to   space 24576K, 0% used [0x00000000f9f80000,0x00000000f9f80000,0x00000000fb780000)
 ParOldGen       total 74240K, used 45487K [0x00000000c2a00000, 0x00000000c7280000, 0x00000000eb900000)
  object space 74240K, 61% used [0x00000000c2a00000,0x00000000c566be28,0x00000000c7280000)
 Metaspace       used 23030K, capacity 23700K, committed 23936K, reserved 1071104K
  class space    used 2470K, capacity 2662K, committed 2688K, reserved 1048576K
}
Event: 38.234 GC heap before
{Heap before GC invocations=16 (full 2):
 PSYoungGen      total 228864K, used 228848K [0x00000000eb900000, 0x00000000fb780000, 0x0000000100000000)
  eden space 209408K, 100% used [0x00000000eb900000,0x00000000f8580000,0x00000000f8580000)
  from space 19456K, 99% used [0x00000000f8c80000,0x00000000f9f7c0a0,0x00000000f9f80000)
  to   space 24576K, 0% used [0x00000000f9f80000,0x00000000f9f80000,0x00000000fb780000)
 ParOldGen       total 74240K, used 45487K [0x00000000c2a00000, 0x00000000c7280000, 0x00000000eb900000)
  object space 74240K, 61% used [0x00000000c2a00000,0x00000000c566be28,0x00000000c7280000)
 Metaspace       used 23316K, capacity 24028K, committed 24192K, reserved 1071104K
  class space    used 2486K, capacity 2674K, committed 2688K, reserved 1048576K
Event: 38.351 GC heap after
Heap after GC invocations=16 (full 2):
 PSYoungGen      total 227840K, used 24544K [0x00000000eb900000, 0x00000000fe280000, 0x0000000100000000)
  eden space 203264K, 0% used [0x00000000eb900000,0x00000000eb900000,0x00000000f7f80000)
  from space 24576K, 99% used [0x00000000f9f80000,0x00000000fb778020,0x00000000fb780000)
  to   space 32768K, 0% used [0x00000000f7f80000,0x00000000f7f80000,0x00000000f9f80000)
 ParOldGen       total 74240K, used 54525K [0x00000000c2a00000, 0x00000000c7280000, 0x00000000eb900000)
  object space 74240K, 73% used [0x00000000c2a00000,0x00000000c5f3f4f0,0x00000000c7280000)
 Metaspace       used 23316K, capacity 24028K, committed 24192K, reserved 1071104K
  class space    used 2486K, capacity 2674K, committed 2688K, reserved 1048576K
}
Event: 42.135 GC heap before
{Heap before GC invocations=17 (full 2):
 PSYoungGen      total 227840K, used 227808K [0x00000000eb900000, 0x00000000fe280000, 0x0000000100000000)
  eden space 203264K, 100% used [0x00000000eb900000,0x00000000f7f80000,0x00000000f7f80000)
  from space 24576K, 99% used [0x00000000f9f80000,0x00000000fb778020,0x00000000fb780000)
  to   space 32768K, 0% used [0x00000000f7f80000,0x00000000f7f80000,0x00000000f9f80000)
 ParOldGen       total 74240K, used 54525K [0x00000000c2a00000, 0x00000000c7280000, 0x00000000eb900000)
  object space 74240K, 73% used [0x00000000c2a00000,0x00000000c5f3f4f0,0x00000000c7280000)
 Metaspace       used 23403K, capacity 24040K, committed 24192K, reserved 1071104K
  class space    used 2488K, capacity 2676K, committed 2688K, reserved 1048576K
Event: 42.241 GC heap after
Heap after GC invocations=17 (full 2):
 PSYoungGen      total 236032K, used 27760K [0x00000000eb900000, 0x00000000fe580000, 0x0000000100000000)
  eden space 203264K, 0% used [0x00000000eb900000,0x00000000eb900000,0x00000000f7f80000)
  from space 32768K, 84% used [0x00000000f7f80000,0x00000000f9a9c010,0x00000000f9f80000)
  to   space 36352K, 0% used [0x00000000fc200000,0x00000000fc200000,0x00000000fe580000)
 ParOldGen       total 74240K, used 61805K [0x00000000c2a00000, 0x00000000c7280000, 0x00000000eb900000)
  object space 74240K, 83% used [0x00000000c2a00000,0x00000000c665b540,0x00000000c7280000)
 Metaspace       used 23403K, capacity 24040K, committed 24192K, reserved 1071104K
  class space    used 2488K, capacity 2676K, committed 2688K, reserved 1048576K
}
Event: 42.241 GC heap before
{Heap before GC invocations=18 (full 3):
 PSYoungGen      total 236032K, used 27760K [0x00000000eb900000, 0x00000000fe580000, 0x0000000100000000)
  eden space 203264K, 0% used [0x00000000eb900000,0x00000000eb900000,0x00000000f7f80000)
  from space 32768K, 84% used [0x00000000f7f80000,0x00000000f9a9c010,0x00000000f9f80000)
  to   space 36352K, 0% used [0x00000000fc200000,0x00000000fc200000,0x00000000fe580000)
 ParOldGen       total 74240K, used 61805K [0x00000000c2a00000, 0x00000000c7280000, 0x00000000eb900000)
  object space 74240K, 83% used [0x00000000c2a00000,0x00000000c665b540,0x00000000c7280000)
 Metaspace       used 23403K, capacity 24040K, committed 24192K, reserved 1071104K
  class space    used 2488K, capacity 2676K, committed 2688K, reserved 1048576K

