# JRE version: Java(TM) SE Runtime Environment (8.0_201-b09) (build 1.8.0_201-b09)
# Java VM: Java HotSpot(TM) 64-Bit Server VM (25.201-b09 mixed mode linux-amd64 compressed oops)
Heap:
 PSYoungGen      total 102400K, used 5928K [0x00000000eb900000, 0x00000000f3900000, 0x0000000100000000)
  eden space 92160K, 0% used [0x00000000eb900000,0x00000000eb900000,0x00000000f1300000)
  from space 10240K, 57% used [0x00000000f2500000,0x00000000f2aca040,0x00000000f2f00000)
  to   space 8192K, 0% used [0x00000000f3100000,0x00000000f3100000,0x00000000f3900000)
 ParOldGen       total 42496K, used 20683K [0x00000000c2a00000, 0x00000000c5380000, 0x00000000eb900000)
  object space 42496K, 48% used [0x00000000c2a00000,0x00000000c3e32d98,0x00000000c5380000)
 Metaspace       used 14975K, capacity 15406K, committed 15616K, reserved 1062912K
  class space    used 1640K, capacity 1779K, committed 1792K, reserved 1048576K
GC Heap History (10 events):
Event: 34.668 GC heap after
Heap after GC invocations=7 (full 1):
 PSYoungGen      total 31744K, used 2545K [0x00000000eb900000, 0x00000000ee200000, 0x0000000100000000)
  eden space 29184K, 0% used [0x00000000eb900000,0x00000000eb900000,0x00000000ed580000)
  from space 2560K, 99% used [0x00000000eda80000,0x00000000edcfc740,0x00000000edd00000)
  to   space 5120K, 0% used [0x00000000ed580000,0x00000000ed580000,0x00000000eda80000)
 ParOldGen       total 42496K, used 8106K [0x00000000c2a00000, 0x00000000c5380000, 0x00000000eb900000)
  object space 42496K, 19% used [0x00000000c2a00000,0x00000000c31ea990,0x00000000c5380000)
 Metaspace       used 13759K, capacity 14118K, committed 14336K, reserved 1062912K
  class space    used 1584K, capacity 1703K, committed 1792K, reserved 1048576K
}
Event: 36.766 GC heap before
{Heap before GC invocations=8 (full 1):
 PSYoungGen      total 31744K, used 31729K [0x00000000eb900000, 0x00000000ee200000, 0x0000000100000000)
  eden space 29184K, 100% used [0x00000000eb900000,0x00000000ed580000,0x00000000ed580000)
  from space 2560K, 99% used [0x00000000eda80000,0x00000000edcfc740,0x00000000edd00000)
  to   space 5120K, 0% used [0x00000000ed580000,0x00000000ed580000,0x00000000eda80000)
 ParOldGen       total 42496K, used 8106K [0x00000000c2a00000, 0x00000000c5380000, 0x00000000eb900000)
  object space 42496K, 19% used [0x00000000c2a00000,0x00000000c31ea990,0x00000000c5380000)
 Metaspace       used 13823K, capacity 14182K, committed 14336K, reserved 1062912K
  class space    used 1585K, capacity 1703K, committed 1792K, reserved 1048576K
Event: 36.786 GC heap after
Heap after GC invocations=8 (full 1):
 PSYoungGen      total 34304K, used 4433K [0x00000000eb900000, 0x00000000efc00000, 0x0000000100000000)
  eden space 29184K, 0% used [0x00000000eb900000,0x00000000eb900000,0x00000000ed580000)
  from space 5120K, 86% used [0x00000000ed580000,0x00000000ed9d4750,0x00000000eda80000)
  to   space 5120K, 0% used [0x00000000ef700000,0x00000000ef700000,0x00000000efc00000)
 ParOldGen       total 42496K, used 8106K [0x00000000c2a00000, 0x00000000c5380000, 0x00000000eb900000)
  object space 42496K, 19% used [0x00000000c2a00000,0x00000000c31ea990,0x00000000c5380000)
 Metaspace       used 13823K, capacity 14182K, committed 14336K, reserved 1062912K
  class space    used 1585K, capacity 1703K, committed 1792K, reserved 1048576K
}
Event: 37.299 GC heap before
{Heap before GC invocations=9 (full 1):
 PSYoungGen      total 34304K, used 33617K [0x00000000eb900000, 0x00000000efc00000, 0x0000000100000000)
  eden space 29184K, 100% used [0x00000000eb900000,0x00000000ed580000,0x00000000ed580000)
  from space 5120K, 86% used [0x00000000ed580000,0x00000000ed9d4750,0x00000000eda80000)
  to   space 5120K, 0% used [0x00000000ef700000,0x00000000ef700000,0x00000000efc00000)
 ParOldGen       total 42496K, used 8106K [0x00000000c2a00000, 0x00000000c5380000, 0x00000000eb900000)
  object space 42496K, 19% used [0x00000000c2a00000,0x00000000c31ea990,0x00000000c5380000)
 Metaspace       used 13882K, capacity 14246K, committed 14336K, reserved 1062912K
  class space    used 1585K, capacity 1703K, committed 1792K, reserved 1048576K
Event: 37.318 GC heap after
Heap after GC invocations=9 (full 1):
 PSYoungGen      total 62464K, used 5088K [0x00000000eb900000, 0x00000000efe00000, 0x0000000100000000)
  eden space 57344K, 0% used [0x00000000eb900000,0x00000000eb900000,0x00000000ef100000)
  from space 5120K, 99% used [0x00000000ef700000,0x00000000efbf8090,0x00000000efc00000)
  to   space 6144K, 0% used [0x00000000ef100000,0x00000000ef100000,0x00000000ef700000)
 ParOldGen       total 42496K, used 9676K [0x00000000c2a00000, 0x00000000c5380000, 0x00000000eb900000)
  object space 42496K, 22% used [0x00000000c2a00000,0x00000000c3373320,0x00000000c5380000)
 Metaspace       used 13882K, capacity 14246K, committed 14336K, reserved 1062912K
  class space    used 1585K, capacity 1703K, committed 1792K, reserved 1048576K
}
Event: 37.883 GC heap before
{Heap before GC invocations=10 (full 1):
 PSYoungGen      total 62464K, used 62432K [0x00000000eb900000, 0x00000000efe00000, 0x0000000100000000)
  eden space 57344K, 100% used [0x00000000eb900000,0x00000000ef100000,0x00000000ef100000)
  from space 5120K, 99% used [0x00000000ef700000,0x00000000efbf8090,0x00000000efc00000)
  to   space 6144K, 0% used [0x00000000ef100000,0x00000000ef100000,0x00000000ef700000)
 ParOldGen       total 42496K, used 9676K [0x00000000c2a00000, 0x00000000c5380000, 0x00000000eb900000)
  object space 42496K, 22% used [0x00000000c2a00000,0x00000000c3373320,0x00000000c5380000)
 Metaspace       used 13918K, capacity 14310K, committed 14592K, reserved 1062912K
  class space    used 1585K, capacity 1703K, committed 1792K, reserved 1048576K
Event: 37.944 GC heap after
Heap after GC invocations=10 (full 1):
 PSYoungGen      total 63488K, used 6112K [0x00000000eb900000, 0x00000000f3900000, 0x0000000100000000)
  eden space 57344K, 0% used [0x00000000eb900000,0x00000000eb900000,0x00000000ef100000)
  from space 6144K, 99% used [0x00000000ef100000,0x00000000ef6f8010,0x00000000ef700000)
  to   space 8192K, 0% used [0x00000000f3100000,0x00000000f3100000,0x00000000f3900000)
 ParOldGen       total 42496K, used 13399K [0x00000000c2a00000, 0x00000000c5380000, 0x00000000eb900000)
  object space 42496K, 31% used [0x00000000c2a00000,0x00000000c3715e98,0x00000000c5380000)
 Metaspace       used 13918K, capacity 14310K, committed 14592K, reserved 1062912K
  class space    used 1585K, capacity 1703K, committed 1792K, reserved 1048576K
}
Event: 56.375 GC heap before
{Heap before GC invocations=11 (full 1):
 PSYoungGen      total 63488K, used 63456K [0x00000000eb900000, 0x00000000f3900000, 0x0000000100000000)
  eden space 57344K, 100% used [0x00000000eb900000,0x00000000ef100000,0x00000000ef100000)
  from space 6144K, 99% used [0x00000000ef100000,0x00000000ef6f8010,0x00000000ef700000)
  to   space 8192K, 0% used [0x00000000f3100000,0x00000000f3100000,0x00000000f3900000)
 ParOldGen       total 42496K, used 13399K [0x00000000c2a00000, 0x00000000c5380000, 0x00000000eb900000)
  object space 42496K, 31% used [0x00000000c2a00000,0x00000000c3715e98,0x00000000c5380000)
 Metaspace       used 14940K, capacity 15394K, committed 15616K, reserved 1062912K
  class space    used 1638K, capacity 1777K, committed 1792K, reserved 1048576K
Event: 56.435 GC heap after
Heap after GC invocations=11 (full 1):
 PSYoungGen      total 100352K, used 8192K [0x00000000eb900000, 0x00000000f3900000, 0x0000000100000000)
  eden space 92160K, 0% used [0x00000000eb900000,0x00000000eb900000,0x00000000f1300000)
  from space 8192K, 100% used [0x00000000f3100000,0x00000000f3900000,0x00000000f3900000)
  to   space 10240K, 0% used [0x00000000f2500000,0x00000000f2500000,0x00000000f2f00000)
 ParOldGen       total 42496K, used 16195K [0x00000000c2a00000, 0x00000000c5380000, 0x00000000eb900000)
  object space 42496K, 38% used [0x00000000c2a00000,0x00000000c39d0d18,0x00000000c5380000)
 Metaspace       used 14940K, capacity 15394K, committed 15616K, reserved 1062912K
  class space    used 1638K, capacity 1777K, committed 1792K, reserved 1048576K
}
Event: 72.056 GC heap before
{Heap before GC invocations=12 (full 1):
 PSYoungGen      total 100352K, used 100352K [0x00000000eb900000, 0x00000000f3900000, 0x0000000100000000)
  eden space 92160K, 100% used [0x00000000eb900000,0x00000000f1300000,0x00000000f1300000)
  from space 8192K, 100% used [0x00000000f3100000,0x00000000f3900000,0x00000000f3900000)
  to   space 10240K, 0% used [0x00000000f2500000,0x00000000f2500000,0x00000000f2f00000)
 ParOldGen       total 42496K, used 16195K [0x00000000c2a00000, 0x00000000c5380000, 0x00000000eb900000)
  object space 42496K, 38% used [0x00000000c2a00000,0x00000000c39d0d18,0x00000000c5380000)
 Metaspace       used 14975K, capacity 15406K, committed 15616K, reserved 1062912K
  class space    used 1640K, capacity 1779K, committed 1792K, reserved 1048576K

