# JRE version: Java(TM) SE Runtime Environment (8.0_201-b09) (build 1.8.0_201-b09)
# Java VM: Java HotSpot(TM) 64-Bit Server VM (25.201-b09 mixed mode linux-amd64 compressed oops)
Heap:
 PSYoungGen      total 223232K, used 105229K [0x00000000eb900000, 0x0000000100000000, 0x0000000100000000)
  eden space 111616K, 11% used [0x00000000eb900000,0x00000000ec5524e8,0x00000000f2600000)
  from space 111616K, 82% used [0x00000000f9300000,0x00000000fed71110,0x0000000100000000)
  to   space 111616K, 0% used [0x00000000f2600000,0x00000000f2600000,0x00000000f9300000)
 ParOldGen       total 139264K, used 110170K [0x00000000c2a00000, 0x00000000cb200000, 0x00000000eb900000)
  object space 139264K, 79% used [0x00000000c2a00000,0x00000000c9596808,0x00000000cb200000)
 Metaspace       used 34453K, capacity 35665K, committed 35968K, reserved 1081344K
  class space    used 3470K, capacity 3699K, committed 3712K, reserved 1048576K
GC Heap History (10 events):
Event: 201.697 GC heap before
{Heap before GC invocations=64 (full 4):
 PSYoungGen      total 235520K, used 235446K [0x00000000eb900000, 0x0000000100000000, 0x0000000100000000)
  eden space 166912K, 100% used [0x00000000eb900000,0x00000000f5c00000,0x00000000f5c00000)
  from space 68608K, 99% used [0x00000000f5c00000,0x00000000f9eedb68,0x00000000f9f00000)
  to   space 88064K, 0% used [0x00000000faa00000,0x00000000faa00000,0x0000000100000000)
 ParOldGen       total 139264K, used 110116K [0x00000000c2a00000, 0x00000000cb200000, 0x00000000eb900000)
  object space 139264K, 79% used [0x00000000c2a00000,0x00000000c95891b0,0x00000000cb200000)
 Metaspace       used 33654K, capacity 34827K, committed 35200K, reserved 1081344K
  class space    used 3415K, capacity 3634K, committed 3712K, reserved 1048576K
Event: 201.738 GC heap after
Heap after GC invocations=64 (full 4):
 PSYoungGen      total 236544K, used 74594K [0x00000000eb900000, 0x0000000100000000, 0x0000000100000000)
  eden space 148480K, 0% used [0x00000000eb900000,0x00000000eb900000,0x00000000f4a00000)
  from space 88064K, 84% used [0x00000000faa00000,0x00000000ff2d8ac0,0x0000000100000000)
  to   space 93184K, 0% used [0x00000000f4a00000,0x00000000f4a00000,0x00000000fa500000)
 ParOldGen       total 139264K, used 110116K [0x00000000c2a00000, 0x00000000cb200000, 0x00000000eb900000)
  object space 139264K, 79% used [0x00000000c2a00000,0x00000000c95891b0,0x00000000cb200000)
 Metaspace       used 33654K, capacity 34827K, committed 35200K, reserved 1081344K
  class space    used 3415K, capacity 3634K, committed 3712K, reserved 1048576K
}
Event: 202.270 GC heap before
{Heap before GC invocations=65 (full 4):
 PSYoungGen      total 236544K, used 223074K [0x00000000eb900000, 0x0000000100000000, 0x0000000100000000)
  eden space 148480K, 100% used [0x00000000eb900000,0x00000000f4a00000,0x00000000f4a00000)
  from space 88064K, 84% used [0x00000000faa00000,0x00000000ff2d8ac0,0x0000000100000000)
  to   space 93184K, 0% used [0x00000000f4a00000,0x00000000f4a00000,0x00000000fa500000)
 ParOldGen       total 139264K, used 110116K [0x00000000c2a00000, 0x00000000cb200000, 0x00000000eb900000)
  object space 139264K, 79% used [0x00000000c2a00000,0x00000000c95891b0,0x00000000cb200000)
 Metaspace       used 33855K, capacity 34955K, committed 35200K, reserved 1081344K
  class space    used 3427K, capacity 3634K, committed 3712K, reserved 1048576K
Event: 202.303 GC heap after
Heap after GC invocations=65 (full 4):
 PSYoungGen      total 226816K, used 77897K [0x00000000eb900000, 0x0000000100000000, 0x0000000100000000)
  eden space 148480K, 0% used [0x00000000eb900000,0x00000000eb900000,0x00000000f4a00000)
  from space 78336K, 99% used [0x00000000f4a00000,0x00000000f9612408,0x00000000f9680000)
  to   space 98304K, 0% used [0x00000000fa000000,0x00000000fa000000,0x0000000100000000)
 ParOldGen       total 139264K, used 110124K [0x00000000c2a00000, 0x00000000cb200000, 0x00000000eb900000)
  object space 139264K, 79% used [0x00000000c2a00000,0x00000000c958b1b0,0x00000000cb200000)
 Metaspace       used 33855K, capacity 34955K, committed 35200K, reserved 1081344K
  class space    used 3427K, capacity 3634K, committed 3712K, reserved 1048576K
}
Event: 203.068 GC heap before
{Heap before GC invocations=66 (full 4):
 PSYoungGen      total 226816K, used 226377K [0x00000000eb900000, 0x0000000100000000, 0x0000000100000000)
  eden space 148480K, 100% used [0x00000000eb900000,0x00000000f4a00000,0x00000000f4a00000)
  from space 78336K, 99% used [0x00000000f4a00000,0x00000000f9612408,0x00000000f9680000)
  to   space 98304K, 0% used [0x00000000fa000000,0x00000000fa000000,0x0000000100000000)
 ParOldGen       total 139264K, used 110124K [0x00000000c2a00000, 0x00000000cb200000, 0x00000000eb900000)
  object space 139264K, 79% used [0x00000000c2a00000,0x00000000c958b1b0,0x00000000cb200000)
 Metaspace       used 34055K, capacity 35249K, committed 35456K, reserved 1081344K
  class space    used 3443K, capacity 3667K, committed 3712K, reserved 1048576K
Event: 203.118 GC heap after
Heap after GC invocations=66 (full 4):
 PSYoungGen      total 222208K, used 85855K [0x00000000eb900000, 0x0000000100000000, 0x0000000100000000)
  eden space 123904K, 0% used [0x00000000eb900000,0x00000000eb900000,0x00000000f3200000)
  from space 98304K, 87% used [0x00000000fa000000,0x00000000ff3d7e00,0x0000000100000000)
  to   space 105472K, 0% used [0x00000000f3200000,0x00000000f3200000,0x00000000f9900000)
 ParOldGen       total 139264K, used 110124K [0x00000000c2a00000, 0x00000000cb200000, 0x00000000eb900000)
  object space 139264K, 79% used [0x00000000c2a00000,0x00000000c958b1b0,0x00000000cb200000)
 Metaspace       used 34055K, capacity 35249K, committed 35456K, reserved 1081344K
  class space    used 3443K, capacity 3667K, committed 3712K, reserved 1048576K
}
Event: 204.279 GC heap before
{Heap before GC invocations=67 (full 4):
 PSYoungGen      total 222208K, used 209759K [0x00000000eb900000, 0x0000000100000000, 0x0000000100000000)
  eden space 123904K, 100% used [0x00000000eb900000,0x00000000f3200000,0x00000000f3200000)
  from space 98304K, 87% used [0x00000000fa000000,0x00000000ff3d7e00,0x0000000100000000)
  to   space 105472K, 0% used [0x00000000f3200000,0x00000000f3200000,0x00000000f9900000)
 ParOldGen       total 139264K, used 110124K [0x00000000c2a00000, 0x00000000cb200000, 0x00000000eb900000)
  object space 139264K, 79% used [0x00000000c2a00000,0x00000000c958b1b0,0x00000000cb200000)
 Metaspace       used 34279K, capacity 35505K, committed 35712K, reserved 1081344K
  class space    used 3455K, capacity 3667K, committed 3712K, reserved 1048576K
Event: 204.346 GC heap after
Heap after GC invocations=67 (full 4):
 PSYoungGen      total 211456K, used 87403K [0x00000000eb900000, 0x0000000100000000, 0x0000000100000000)
  eden space 123904K, 0% used [0x00000000eb900000,0x00000000eb900000,0x00000000f3200000)
  from space 87552K, 99% used [0x00000000f3200000,0x00000000f875af48,0x00000000f8780000)
  to   space 111616K, 0% used [0x00000000f9300000,0x00000000f9300000,0x0000000100000000)
 ParOldGen       total 139264K, used 110148K [0x00000000c2a00000, 0x00000000cb200000, 0x00000000eb900000)
  object space 139264K, 79% used [0x00000000c2a00000,0x00000000c95911b0,0x00000000cb200000)
 Metaspace       used 34279K, capacity 35505K, committed 35712K, reserved 1081344K
  class space    used 3455K, capacity 3667K, committed 3712K, reserved 1048576K
}
Event: 204.911 GC heap before
{Heap before GC invocations=68 (full 4):
 PSYoungGen      total 211456K, used 211307K [0x00000000eb900000, 0x0000000100000000, 0x0000000100000000)
  eden space 123904K, 100% used [0x00000000eb900000,0x00000000f3200000,0x00000000f3200000)
  from space 87552K, 99% used [0x00000000f3200000,0x00000000f875af48,0x00000000f8780000)
  to   space 111616K, 0% used [0x00000000f9300000,0x00000000f9300000,0x0000000100000000)
 ParOldGen       total 139264K, used 110148K [0x00000000c2a00000, 0x00000000cb200000, 0x00000000eb900000)
  object space 139264K, 79% used [0x00000000c2a00000,0x00000000c95911b0,0x00000000cb200000)
 Metaspace       used 34423K, capacity 35601K, committed 35712K, reserved 1081344K
  class space    used 3468K, capacity 3699K, committed 3712K, reserved 1048576K
Event: 204.950 GC heap after
Heap after GC invocations=68 (full 4):
 PSYoungGen      total 223232K, used 92612K [0x00000000eb900000, 0x0000000100000000, 0x0000000100000000)
  eden space 111616K, 0% used [0x00000000eb900000,0x00000000eb900000,0x00000000f2600000)
  from space 111616K, 82% used [0x00000000f9300000,0x00000000fed71110,0x0000000100000000)
  to   space 111616K, 0% used [0x00000000f2600000,0x00000000f2600000,0x00000000f9300000)
 ParOldGen       total 139264K, used 110170K [0x00000000c2a00000, 0x00000000cb200000, 0x00000000eb900000)
  object space 139264K, 79% used [0x00000000c2a00000,0x00000000c9596808,0x00000000cb200000)
 Metaspace       used 34423K, capacity 35601K, committed 35712K, reserved 1081344K
  class space    used 3468K, capacity 3699K, committed 3712K, reserved 1048576K
}

