# JRE version: Java(TM) SE Runtime Environment (8.0_201-b09) (build 1.8.0_201-b09)
# Java VM: Java HotSpot(TM) 64-Bit Server VM (25.201-b09 mixed mode linux-amd64 compressed oops)
Heap:
 PSYoungGen      total 31232K, used 4064K [0x00000000eb900000, 0x00000000edc00000, 0x0000000100000000)
  eden space 26624K, 0% used [0x00000000eb900000,0x00000000eb900000,0x00000000ed300000)
  from space 4608K, 88% used [0x00000000ed300000,0x00000000ed6f80a0,0x00000000ed780000)
  to   space 4608K, 0% used [0x00000000ed780000,0x00000000ed780000,0x00000000edc00000)
 ParOldGen       total 42496K, used 9613K [0x00000000c2a00000, 0x00000000c5380000, 0x00000000eb900000)
  object space 42496K, 22% used [0x00000000c2a00000,0x00000000c33637a0,0x00000000c5380000)
 Metaspace       used 13931K, capacity 14322K, committed 14592K, reserved 1062912K
  class space    used 1587K, capacity 1705K, committed 1792K, reserved 1048576K
GC Heap History (10 events):
Event: 48.139 GC heap after
Heap after GC invocations=5 (full 1):
 PSYoungGen      total 18432K, used 2528K [0x00000000eb900000, 0x00000000ecd80000, 0x0000000100000000)
  eden space 15872K, 0% used [0x00000000eb900000,0x00000000eb900000,0x00000000ec880000)
  from space 2560K, 98% used [0x00000000ecb00000,0x00000000ecd78020,0x00000000ecd80000)
  to   space 2560K, 0% used [0x00000000ec880000,0x00000000ec880000,0x00000000ecb00000)
 ParOldGen       total 42496K, used 5251K [0x00000000c2a00000, 0x00000000c5380000, 0x00000000eb900000)
  object space 42496K, 12% used [0x00000000c2a00000,0x00000000c2f20f18,0x00000000c5380000)
 Metaspace       used 13682K, capacity 14066K, committed 14336K, reserved 1062912K
  class space    used 1587K, capacity 1705K, committed 1792K, reserved 1048576K
}
Event: 49.013 GC heap before
{Heap before GC invocations=6 (full 1):
 PSYoungGen      total 18432K, used 18400K [0x00000000eb900000, 0x00000000ecd80000, 0x0000000100000000)
  eden space 15872K, 100% used [0x00000000eb900000,0x00000000ec880000,0x00000000ec880000)
  from space 2560K, 98% used [0x00000000ecb00000,0x00000000ecd78020,0x00000000ecd80000)
  to   space 2560K, 0% used [0x00000000ec880000,0x00000000ec880000,0x00000000ecb00000)
 ParOldGen       total 42496K, used 5251K [0x00000000c2a00000, 0x00000000c5380000, 0x00000000eb900000)
  object space 42496K, 12% used [0x00000000c2a00000,0x00000000c2f20f18,0x00000000c5380000)
 Metaspace       used 13766K, capacity 14130K, committed 14336K, reserved 1062912K
  class space    used 1587K, capacity 1705K, committed 1792K, reserved 1048576K
Event: 49.027 GC heap after
Heap after GC invocations=6 (full 1):
 PSYoungGen      total 18432K, used 2544K [0x00000000eb900000, 0x00000000ecd80000, 0x0000000100000000)
  eden space 15872K, 0% used [0x00000000eb900000,0x00000000eb900000,0x00000000ec880000)
  from space 2560K, 99% used [0x00000000ec880000,0x00000000ecafc010,0x00000000ecb00000)
  to   space 2560K, 0% used [0x00000000ecb00000,0x00000000ecb00000,0x00000000ecd80000)
 ParOldGen       total 42496K, used 6530K [0x00000000c2a00000, 0x00000000c5380000, 0x00000000eb900000)
  object space 42496K, 15% used [0x00000000c2a00000,0x00000000c30609d8,0x00000000c5380000)
 Metaspace       used 13766K, capacity 14130K, committed 14336K, reserved 1062912K
  class space    used 1587K, capacity 1705K, committed 1792K, reserved 1048576K
}
Event: 49.835 GC heap before
{Heap before GC invocations=7 (full 1):
 PSYoungGen      total 18432K, used 18416K [0x00000000eb900000, 0x00000000ecd80000, 0x0000000100000000)
  eden space 15872K, 100% used [0x00000000eb900000,0x00000000ec880000,0x00000000ec880000)
  from space 2560K, 99% used [0x00000000ec880000,0x00000000ecafc010,0x00000000ecb00000)
  to   space 2560K, 0% used [0x00000000ecb00000,0x00000000ecb00000,0x00000000ecd80000)
 ParOldGen       total 42496K, used 6530K [0x00000000c2a00000, 0x00000000c5380000, 0x00000000eb900000)
  object space 42496K, 15% used [0x00000000c2a00000,0x00000000c30609d8,0x00000000c5380000)
 Metaspace       used 13836K, capacity 14258K, committed 14592K, reserved 1062912K
  class space    used 1587K, capacity 1705K, committed 1792K, reserved 1048576K
Event: 49.861 GC heap after
Heap after GC invocations=7 (full 1):
 PSYoungGen      total 15872K, used 2560K [0x00000000eb900000, 0x00000000ee200000, 0x0000000100000000)
  eden space 13312K, 0% used [0x00000000eb900000,0x00000000eb900000,0x00000000ec600000)
  from space 2560K, 100% used [0x00000000ecb00000,0x00000000ecd80000,0x00000000ecd80000)
  to   space 5120K, 0% used [0x00000000ec600000,0x00000000ec600000,0x00000000ecb00000)
 ParOldGen       total 42496K, used 7945K [0x00000000c2a00000, 0x00000000c5380000, 0x00000000eb900000)
  object space 42496K, 18% used [0x00000000c2a00000,0x00000000c31c25c8,0x00000000c5380000)
 Metaspace       used 13836K, capacity 14258K, committed 14592K, reserved 1062912K
  class space    used 1587K, capacity 1705K, committed 1792K, reserved 1048576K
}
Event: 50.421 GC heap before
{Heap before GC invocations=8 (full 1):
 PSYoungGen      total 15872K, used 15872K [0x00000000eb900000, 0x00000000ee200000, 0x0000000100000000)
  eden space 13312K, 100% used [0x00000000eb900000,0x00000000ec600000,0x00000000ec600000)
  from space 2560K, 100% used [0x00000000ecb00000,0x00000000ecd80000,0x00000000ecd80000)
  to   space 5120K, 0% used [0x00000000ec600000,0x00000000ec600000,0x00000000ecb00000)
 ParOldGen       total 42496K, used 7945K [0x00000000c2a00000, 0x00000000c5380000, 0x00000000eb900000)
  object space 42496K, 18% used [0x00000000c2a00000,0x00000000c31c25c8,0x00000000c5380000)
 Metaspace       used 13854K, capacity 14258K, committed 14592K, reserved 1062912K
  class space    used 1587K, capacity 1705K, committed 1792K, reserved 1048576K
Event: 50.436 GC heap after
Heap after GC invocations=8 (full 1):
 PSYoungGen      total 18432K, used 3552K [0x00000000eb900000, 0x00000000edc00000, 0x0000000100000000)
  eden space 13312K, 0% used [0x00000000eb900000,0x00000000eb900000,0x00000000ec600000)
  from space 5120K, 69% used [0x00000000ec600000,0x00000000ec978000,0x00000000ecb00000)
  to   space 4608K, 0% used [0x00000000ed780000,0x00000000ed780000,0x00000000edc00000)
 ParOldGen       total 42496K, used 7945K [0x00000000c2a00000, 0x00000000c5380000, 0x00000000eb900000)
  object space 42496K, 18% used [0x00000000c2a00000,0x00000000c31c25c8,0x00000000c5380000)
 Metaspace       used 13854K, capacity 14258K, committed 14592K, reserved 1062912K
  class space    used 1587K, capacity 1705K, committed 1792K, reserved 1048576K
}
Event: 50.825 GC heap before
{Heap before GC invocations=9 (full 1):
 PSYoungGen      total 18432K, used 16864K [0x00000000eb900000, 0x00000000edc00000, 0x0000000100000000)
  eden space 13312K, 100% used [0x00000000eb900000,0x00000000ec600000,0x00000000ec600000)
  from space 5120K, 69% used [0x00000000ec600000,0x00000000ec978000,0x00000000ecb00000)
  to   space 4608K, 0% used [0x00000000ed780000,0x00000000ed780000,0x00000000edc00000)
 ParOldGen       total 42496K, used 7945K [0x00000000c2a00000, 0x00000000c5380000, 0x00000000eb900000)
  object space 42496K, 18% used [0x00000000c2a00000,0x00000000c31c25c8,0x00000000c5380000)
 Metaspace       used 13872K, capacity 14258K, committed 14592K, reserved 1062912K
  class space    used 1587K, capacity 1705K, committed 1792K, reserved 1048576K
Event: 50.842 GC heap after
Heap after GC invocations=9 (full 1):
 PSYoungGen      total 31232K, used 3296K [0x00000000eb900000, 0x00000000edc00000, 0x0000000100000000)
  eden space 26624K, 0% used [0x00000000eb900000,0x00000000eb900000,0x00000000ed300000)
  from space 4608K, 71% used [0x00000000ed780000,0x00000000edab8010,0x00000000edc00000)
  to   space 4608K, 0% used [0x00000000ed300000,0x00000000ed300000,0x00000000ed780000)
 ParOldGen       total 42496K, used 8853K [0x00000000c2a00000, 0x00000000c5380000, 0x00000000eb900000)
  object space 42496K, 20% used [0x00000000c2a00000,0x00000000c32a55e8,0x00000000c5380000)
 Metaspace       used 13872K, capacity 14258K, committed 14592K, reserved 1062912K
  class space    used 1587K, capacity 1705K, committed 1792K, reserved 1048576K
}
Event: 52.147 GC heap before
{Heap before GC invocations=10 (full 1):
 PSYoungGen      total 31232K, used 29920K [0x00000000eb900000, 0x00000000edc00000, 0x0000000100000000)
  eden space 26624K, 100% used [0x00000000eb900000,0x00000000ed300000,0x00000000ed300000)
  from space 4608K, 71% used [0x00000000ed780000,0x00000000edab8010,0x00000000edc00000)
  to   space 4608K, 0% used [0x00000000ed300000,0x00000000ed300000,0x00000000ed780000)
 ParOldGen       total 42496K, used 8853K [0x00000000c2a00000, 0x00000000c5380000, 0x00000000eb900000)
  object space 42496K, 20% used [0x00000000c2a00000,0x00000000c32a55e8,0x00000000c5380000)
 Metaspace       used 13931K, capacity 14322K, committed 14592K, reserved 1062912K
  class space    used 1587K, capacity 1705K, committed 1792K, reserved 1048576K

