# JRE version: Java(TM) SE Runtime Environment (8.0_201-b09) (build 1.8.0_201-b09)
# Java VM: Java HotSpot(TM) 64-Bit Server VM (25.201-b09 mixed mode linux-amd64 compressed oops)
Heap:
 PSYoungGen      total 317440K, used 111770K [0x00000000eb900000, 0x0000000100000000, 0x0000000100000000)
  eden space 301056K, 34% used [0x00000000eb900000,0x00000000f1dcc4c8,0x00000000fdf00000)
  from space 16384K, 52% used [0x00000000ff000000,0x00000000ff85a548,0x0000000100000000)
  to   space 16896K, 0% used [0x00000000fdf00000,0x00000000fdf00000,0x00000000fef80000)
 ParOldGen       total 78848K, used 47261K [0x00000000c2a00000, 0x00000000c7700000, 0x00000000eb900000)
  object space 78848K, 59% used [0x00000000c2a00000,0x00000000c5827740,0x00000000c7700000)
 Metaspace       used 23574K, capacity 24226K, committed 24576K, reserved 1071104K
  class space    used 2513K, capacity 2691K, committed 2816K, reserved 1048576K
GC Heap History (10 events):
Event: 10.925 GC heap before
{Heap before GC invocations=12 (full 1):
 PSYoungGen      total 200192K, used 200176K [0x00000000eb900000, 0x00000000fb200000, 0x0000000100000000)
  eden space 193536K, 100% used [0x00000000eb900000,0x00000000f7600000,0x00000000f7600000)
  from space 6656K, 99% used [0x00000000fab80000,0x00000000fb1fc0a0,0x00000000fb200000)
  to   space 8192K, 0% used [0x00000000fa200000,0x00000000fa200000,0x00000000faa00000)
 ParOldGen       total 42496K, used 14415K [0x00000000c2a00000, 0x00000000c5380000, 0x00000000eb900000)
  object space 42496K, 33% used [0x00000000c2a00000,0x00000000c3813e38,0x00000000c5380000)
 Metaspace       used 16315K, capacity 16528K, committed 16768K, reserved 1064960K
  class space    used 1831K, capacity 1910K, committed 1920K, reserved 1048576K
Event: 10.946 GC heap after
Heap after GC invocations=12 (full 1):
 PSYoungGen      total 246784K, used 6856K [0x00000000eb900000, 0x00000000ff880000, 0x0000000100000000)
  eden space 238592K, 0% used [0x00000000eb900000,0x00000000eb900000,0x00000000fa200000)
  from space 8192K, 83% used [0x00000000fa200000,0x00000000fa8b2268,0x00000000faa00000)
  to   space 8704K, 0% used [0x00000000ff000000,0x00000000ff000000,0x00000000ff880000)
 ParOldGen       total 42496K, used 16388K [0x00000000c2a00000, 0x00000000c5380000, 0x00000000eb900000)
  object space 42496K, 38% used [0x00000000c2a00000,0x00000000c3a01278,0x00000000c5380000)
 Metaspace       used 16315K, capacity 16528K, committed 16768K, reserved 1064960K
  class space    used 1831K, capacity 1910K, committed 1920K, reserved 1048576K
}
Event: 14.302 GC heap before
{Heap before GC invocations=13 (full 1):
 PSYoungGen      total 246784K, used 245448K [0x00000000eb900000, 0x00000000ff880000, 0x0000000100000000)
  eden space 238592K, 100% used [0x00000000eb900000,0x00000000fa200000,0x00000000fa200000)
  from space 8192K, 83% used [0x00000000fa200000,0x00000000fa8b2268,0x00000000faa00000)
  to   space 8704K, 0% used [0x00000000ff000000,0x00000000ff000000,0x00000000ff880000)
 ParOldGen       total 42496K, used 16388K [0x00000000c2a00000, 0x00000000c5380000, 0x00000000eb900000)
  object space 42496K, 38% used [0x00000000c2a00000,0x00000000c3a01278,0x00000000c5380000)
 Metaspace       used 18778K, capacity 19120K, committed 19456K, reserved 1067008K
  class space    used 2131K, capacity 2226K, committed 2304K, reserved 1048576K
Event: 14.339 GC heap after
Heap after GC invocations=13 (full 1):
 PSYoungGen      total 318464K, used 5614K [0x00000000eb900000, 0x0000000100000000, 0x0000000100000000)
  eden space 309760K, 0% used [0x00000000eb900000,0x00000000eb900000,0x00000000fe780000)
  from space 8704K, 64% used [0x00000000ff000000,0x00000000ff57b900,0x00000000ff880000)
  to   space 8704K, 0% used [0x00000000fe780000,0x00000000fe780000,0x00000000ff000000)
 ParOldGen       total 42496K, used 23129K [0x00000000c2a00000, 0x00000000c5380000, 0x00000000eb900000)
  object space 42496K, 54% used [0x00000000c2a00000,0x00000000c40966f0,0x00000000c5380000)
 Metaspace       used 18778K, capacity 19120K, committed 19456K, reserved 1067008K
  class space    used 2131K, capacity 2226K, committed 2304K, reserved 1048576K
}
Event: 27.426 GC heap before
{Heap before GC invocations=14 (full 1):
 PSYoungGen      total 318464K, used 268175K [0x00000000eb900000, 0x0000000100000000, 0x0000000100000000)
  eden space 309760K, 84% used [0x00000000eb900000,0x00000000fb9684f8,0x00000000fe780000)
  from space 8704K, 64% used [0x00000000ff000000,0x00000000ff57b900,0x00000000ff880000)
  to   space 8704K, 0% used [0x00000000fe780000,0x00000000fe780000,0x00000000ff000000)
 ParOldGen       total 42496K, used 23129K [0x00000000c2a00000, 0x00000000c5380000, 0x00000000eb900000)
  object space 42496K, 54% used [0x00000000c2a00000,0x00000000c40966f0,0x00000000c5380000)
 Metaspace       used 20790K, capacity 21178K, committed 21296K, reserved 1069056K
  class space    used 2309K, capacity 2403K, committed 2432K, reserved 1048576K
Event: 27.617 GC heap after
Heap after GC invocations=14 (full 1):
 PSYoungGen      total 318464K, used 8676K [0x00000000eb900000, 0x0000000100000000, 0x0000000100000000)
  eden space 309760K, 0% used [0x00000000eb900000,0x00000000eb900000,0x00000000fe780000)
  from space 8704K, 99% used [0x00000000fe780000,0x00000000feff92d8,0x00000000ff000000)
  to   space 16384K, 0% used [0x00000000ff000000,0x00000000ff000000,0x0000000100000000)
 ParOldGen       total 44032K, used 43647K [0x00000000c2a00000, 0x00000000c5500000, 0x00000000eb900000)
  object space 44032K, 99% used [0x00000000c2a00000,0x00000000c549fe00,0x00000000c5500000)
 Metaspace       used 20790K, capacity 21178K, committed 21296K, reserved 1069056K
  class space    used 2309K, capacity 2403K, committed 2432K, reserved 1048576K
}
Event: 27.617 GC heap before
{Heap before GC invocations=15 (full 2):
 PSYoungGen      total 318464K, used 8676K [0x00000000eb900000, 0x0000000100000000, 0x0000000100000000)
  eden space 309760K, 0% used [0x00000000eb900000,0x00000000eb900000,0x00000000fe780000)
  from space 8704K, 99% used [0x00000000fe780000,0x00000000feff92d8,0x00000000ff000000)
  to   space 16384K, 0% used [0x00000000ff000000,0x00000000ff000000,0x0000000100000000)
 ParOldGen       total 44032K, used 43647K [0x00000000c2a00000, 0x00000000c5500000, 0x00000000eb900000)
  object space 44032K, 99% used [0x00000000c2a00000,0x00000000c549fe00,0x00000000c5500000)
 Metaspace       used 20790K, capacity 21178K, committed 21296K, reserved 1069056K
  class space    used 2309K, capacity 2403K, committed 2432K, reserved 1048576K
Event: 28.230 GC heap after
Heap after GC invocations=15 (full 2):
 PSYoungGen      total 318464K, used 3547K [0x00000000eb900000, 0x0000000100000000, 0x0000000100000000)
  eden space 309760K, 0% used [0x00000000eb900000,0x00000000eb900000,0x00000000fe780000)
  from space 8704K, 40% used [0x00000000fe780000,0x00000000feaf6ee8,0x00000000ff000000)
  to   space 16384K, 0% used [0x00000000ff000000,0x00000000ff000000,0x0000000100000000)
 ParOldGen       total 78848K, used 43679K [0x00000000c2a00000, 0x00000000c7700000, 0x00000000eb900000)
  object space 78848K, 55% used [0x00000000c2a00000,0x00000000c54a7ff8,0x00000000c7700000)
 Metaspace       used 20790K, capacity 21178K, committed 21296K, reserved 1069056K
  class space    used 2309K, capacity 2403K, committed 2432K, reserved 1048576K
}
Event: 35.649 GC heap before
{Heap before GC invocations=16 (full 2):
 PSYoungGen      total 318464K, used 313307K [0x00000000eb900000, 0x0000000100000000, 0x0000000100000000)
  eden space 309760K, 100% used [0x00000000eb900000,0x00000000fe780000,0x00000000fe780000)
  from space 8704K, 40% used [0x00000000fe780000,0x00000000feaf6ee8,0x00000000ff000000)
  to   space 16384K, 0% used [0x00000000ff000000,0x00000000ff000000,0x0000000100000000)
 ParOldGen       total 78848K, used 43679K [0x00000000c2a00000, 0x00000000c7700000, 0x00000000eb900000)
  object space 78848K, 55% used [0x00000000c2a00000,0x00000000c54a7ff8,0x00000000c7700000)
 Metaspace       used 23409K, capacity 24010K, committed 24192K, reserved 1071104K
  class space    used 2502K, capacity 2687K, committed 2688K, reserved 1048576K
Event: 35.808 GC heap after
Heap after GC invocations=16 (full 2):
 PSYoungGen      total 317440K, used 8553K [0x00000000eb900000, 0x0000000100000000, 0x0000000100000000)
  eden space 301056K, 0% used [0x00000000eb900000,0x00000000eb900000,0x00000000fdf00000)
  from space 16384K, 52% used [0x00000000ff000000,0x00000000ff85a548,0x0000000100000000)
  to   space 16896K, 0% used [0x00000000fdf00000,0x00000000fdf00000,0x00000000fef80000)
 ParOldGen       total 78848K, used 47261K [0x00000000c2a00000, 0x00000000c7700000, 0x00000000eb900000)
  object space 78848K, 59% used [0x00000000c2a00000,0x00000000c5827740,0x00000000c7700000)
 Metaspace       used 23409K, capacity 24010K, committed 24192K, reserved 1071104K
  class space    used 2502K, capacity 2687K, committed 2688K, reserved 1048576K
}

