# JRE version: Java(TM) SE Runtime Environment (8.0_201-b09) (build 1.8.0_201-b09)
# Java VM: Java HotSpot(TM) 64-Bit Server VM (25.201-b09 mixed mode linux-amd64 compressed oops)
Heap:
 PSYoungGen      total 97792K, used 2288K [0x00000000eb900000, 0x00000000f3300000, 0x0000000100000000)
  eden space 92672K, 0% used [0x00000000eb900000,0x00000000eb900000,0x00000000f1380000)
  from space 5120K, 44% used [0x00000000f2900000,0x00000000f2b3c020,0x00000000f2e00000)
  to   space 4096K, 0% used [0x00000000f2f00000,0x00000000f2f00000,0x00000000f3300000)
 ParOldGen       total 42496K, used 12469K [0x00000000c2a00000, 0x00000000c5380000, 0x00000000eb900000)
  object space 42496K, 29% used [0x00000000c2a00000,0x00000000c362d778,0x00000000c5380000)
 Metaspace       used 13957K, capacity 14340K, committed 14592K, reserved 1062912K
  class space    used 1594K, capacity 1708K, committed 1792K, reserved 1048576K
GC Heap History (10 events):
Event: 36.554 GC heap after
Heap after GC invocations=7 (full 1):
 PSYoungGen      total 31744K, used 2544K [0x00000000eb900000, 0x00000000ee200000, 0x0000000100000000)
  eden space 29184K, 0% used [0x00000000eb900000,0x00000000eb900000,0x00000000ed580000)
  from space 2560K, 99% used [0x00000000eda80000,0x00000000edcfc148,0x00000000edd00000)
  to   space 5120K, 0% used [0x00000000ed580000,0x00000000ed580000,0x00000000eda80000)
 ParOldGen       total 42496K, used 6051K [0x00000000c2a00000, 0x00000000c5380000, 0x00000000eb900000)
  object space 42496K, 14% used [0x00000000c2a00000,0x00000000c2fe8ef0,0x00000000c5380000)
 Metaspace       used 13831K, capacity 14206K, committed 14336K, reserved 1062912K
  class space    used 1594K, capacity 1707K, committed 1792K, reserved 1048576K
}
Event: 37.184 GC heap before
{Heap before GC invocations=8 (full 1):
 PSYoungGen      total 31744K, used 31728K [0x00000000eb900000, 0x00000000ee200000, 0x0000000100000000)
  eden space 29184K, 100% used [0x00000000eb900000,0x00000000ed580000,0x00000000ed580000)
  from space 2560K, 99% used [0x00000000eda80000,0x00000000edcfc148,0x00000000edd00000)
  to   space 5120K, 0% used [0x00000000ed580000,0x00000000ed580000,0x00000000eda80000)
 ParOldGen       total 42496K, used 6051K [0x00000000c2a00000, 0x00000000c5380000, 0x00000000eb900000)
  object space 42496K, 14% used [0x00000000c2a00000,0x00000000c2fe8ef0,0x00000000c5380000)
 Metaspace       used 13879K, capacity 14270K, committed 14592K, reserved 1062912K
  class space    used 1594K, capacity 1707K, committed 1792K, reserved 1048576K
Event: 37.201 GC heap after
Heap after GC invocations=8 (full 1):
 PSYoungGen      total 34304K, used 4032K [0x00000000eb900000, 0x00000000efc00000, 0x0000000100000000)
  eden space 29184K, 0% used [0x00000000eb900000,0x00000000eb900000,0x00000000ed580000)
  from space 5120K, 78% used [0x00000000ed580000,0x00000000ed970198,0x00000000eda80000)
  to   space 5120K, 0% used [0x00000000ef700000,0x00000000ef700000,0x00000000efc00000)
 ParOldGen       total 42496K, used 6059K [0x00000000c2a00000, 0x00000000c5380000, 0x00000000eb900000)
  object space 42496K, 14% used [0x00000000c2a00000,0x00000000c2feaef0,0x00000000c5380000)
 Metaspace       used 13879K, capacity 14270K, committed 14592K, reserved 1062912K
  class space    used 1594K, capacity 1707K, committed 1792K, reserved 1048576K
}
Event: 37.576 GC heap before
{Heap before GC invocations=9 (full 1):
 PSYoungGen      total 34304K, used 33216K [0x00000000eb900000, 0x00000000efc00000, 0x0000000100000000)
  eden space 29184K, 100% used [0x00000000eb900000,0x00000000ed580000,0x00000000ed580000)
  from space 5120K, 78% used [0x00000000ed580000,0x00000000ed970198,0x00000000eda80000)
  to   space 5120K, 0% used [0x00000000ef700000,0x00000000ef700000,0x00000000efc00000)
 ParOldGen       total 42496K, used 6059K [0x00000000c2a00000, 0x00000000c5380000, 0x00000000eb900000)
  object space 42496K, 14% used [0x00000000c2a00000,0x00000000c2feaef0,0x00000000c5380000)
 Metaspace       used 13891K, capacity 14270K, committed 14592K, reserved 1062912K
  class space    used 1594K, capacity 1707K, committed 1792K, reserved 1048576K
Event: 37.607 GC heap after
Heap after GC invocations=9 (full 1):
 PSYoungGen      total 62976K, used 4624K [0x00000000eb900000, 0x00000000efd00000, 0x0000000100000000)
  eden space 57856K, 0% used [0x00000000eb900000,0x00000000eb900000,0x00000000ef180000)
  from space 5120K, 90% used [0x00000000ef700000,0x00000000efb84070,0x00000000efc00000)
  to   space 5632K, 0% used [0x00000000ef180000,0x00000000ef180000,0x00000000ef700000)
 ParOldGen       total 42496K, used 7287K [0x00000000c2a00000, 0x00000000c5380000, 0x00000000eb900000)
  object space 42496K, 17% used [0x00000000c2a00000,0x00000000c311dcb8,0x00000000c5380000)
 Metaspace       used 13891K, capacity 14270K, committed 14592K, reserved 1062912K
  class space    used 1594K, capacity 1707K, committed 1792K, reserved 1048576K
}
Event: 38.265 GC heap before
{Heap before GC invocations=10 (full 1):
 PSYoungGen      total 62976K, used 62480K [0x00000000eb900000, 0x00000000efd00000, 0x0000000100000000)
  eden space 57856K, 100% used [0x00000000eb900000,0x00000000ef180000,0x00000000ef180000)
  from space 5120K, 90% used [0x00000000ef700000,0x00000000efb84070,0x00000000efc00000)
  to   space 5632K, 0% used [0x00000000ef180000,0x00000000ef180000,0x00000000ef700000)
 ParOldGen       total 42496K, used 7287K [0x00000000c2a00000, 0x00000000c5380000, 0x00000000eb900000)
  object space 42496K, 17% used [0x00000000c2a00000,0x00000000c311dcb8,0x00000000c5380000)
 Metaspace       used 13931K, capacity 14340K, committed 14592K, reserved 1062912K
  class space    used 1594K, capacity 1708K, committed 1792K, reserved 1048576K
Event: 38.281 GC heap after
Heap after GC invocations=10 (full 1):
 PSYoungGen      total 63488K, used 3984K [0x00000000eb900000, 0x00000000f3400000, 0x0000000100000000)
  eden space 57856K, 0% used [0x00000000eb900000,0x00000000eb900000,0x00000000ef180000)
  from space 5632K, 70% used [0x00000000ef180000,0x00000000ef564070,0x00000000ef700000)
  to   space 5120K, 0% used [0x00000000f2f00000,0x00000000f2f00000,0x00000000f3400000)
 ParOldGen       total 42496K, used 8475K [0x00000000c2a00000, 0x00000000c5380000, 0x00000000eb900000)
  object space 42496K, 19% used [0x00000000c2a00000,0x00000000c3246ce8,0x00000000c5380000)
 Metaspace       used 13931K, capacity 14340K, committed 14592K, reserved 1062912K
  class space    used 1594K, capacity 1708K, committed 1792K, reserved 1048576K
}
Event: 38.934 GC heap before
{Heap before GC invocations=11 (full 1):
 PSYoungGen      total 63488K, used 61840K [0x00000000eb900000, 0x00000000f3400000, 0x0000000100000000)
  eden space 57856K, 100% used [0x00000000eb900000,0x00000000ef180000,0x00000000ef180000)
  from space 5632K, 70% used [0x00000000ef180000,0x00000000ef564070,0x00000000ef700000)
  to   space 5120K, 0% used [0x00000000f2f00000,0x00000000f2f00000,0x00000000f3400000)
 ParOldGen       total 42496K, used 8475K [0x00000000c2a00000, 0x00000000c5380000, 0x00000000eb900000)
  object space 42496K, 19% used [0x00000000c2a00000,0x00000000c3246ce8,0x00000000c5380000)
 Metaspace       used 13943K, capacity 14340K, committed 14592K, reserved 1062912K
  class space    used 1594K, capacity 1708K, committed 1792K, reserved 1048576K
Event: 38.981 GC heap after
Heap after GC invocations=11 (full 1):
 PSYoungGen      total 96768K, used 4048K [0x00000000eb900000, 0x00000000f3300000, 0x0000000100000000)
  eden space 92672K, 0% used [0x00000000eb900000,0x00000000eb900000,0x00000000f1380000)
  from space 4096K, 98% used [0x00000000f2f00000,0x00000000f32f4020,0x00000000f3300000)
  to   space 5120K, 0% used [0x00000000f2900000,0x00000000f2900000,0x00000000f2e00000)
 ParOldGen       total 42496K, used 10076K [0x00000000c2a00000, 0x00000000c5380000, 0x00000000eb900000)
  object space 42496K, 23% used [0x00000000c2a00000,0x00000000c33d72c0,0x00000000c5380000)
 Metaspace       used 13943K, capacity 14340K, committed 14592K, reserved 1062912K
  class space    used 1594K, capacity 1708K, committed 1792K, reserved 1048576K
}
Event: 39.862 GC heap before
{Heap before GC invocations=12 (full 1):
 PSYoungGen      total 96768K, used 96720K [0x00000000eb900000, 0x00000000f3300000, 0x0000000100000000)
  eden space 92672K, 100% used [0x00000000eb900000,0x00000000f1380000,0x00000000f1380000)
  from space 4096K, 98% used [0x00000000f2f00000,0x00000000f32f4020,0x00000000f3300000)
  to   space 5120K, 0% used [0x00000000f2900000,0x00000000f2900000,0x00000000f2e00000)
 ParOldGen       total 42496K, used 10076K [0x00000000c2a00000, 0x00000000c5380000, 0x00000000eb900000)
  object space 42496K, 23% used [0x00000000c2a00000,0x00000000c33d72c0,0x00000000c5380000)
 Metaspace       used 13957K, capacity 14340K, committed 14592K, reserved 1062912K
  class space    used 1594K, capacity 1708K, committed 1792K, reserved 1048576K

