# JRE version: Java(TM) SE Runtime Environment (8.0_201-b09) (build 1.8.0_201-b09)
# Java VM: Java HotSpot(TM) 64-Bit Server VM (25.201-b09 mixed mode linux-amd64 compressed oops)
Heap:
 PSYoungGen      total 201216K, used 8728K [0x00000000eb900000, 0x00000000fb300000, 0x0000000100000000)
  eden space 190464K, 0% used [0x00000000eb900000,0x00000000eb900000,0x00000000f7300000)
  from space 10752K, 81% used [0x00000000f9e00000,0x00000000fa6862e8,0x00000000fa880000)
  to   space 8192K, 0% used [0x00000000fab00000,0x00000000fab00000,0x00000000fb300000)
 ParOldGen       total 42496K, used 20700K [0x00000000c2a00000, 0x00000000c5380000, 0x00000000eb900000)
  object space 42496K, 48% used [0x00000000c2a00000,0x00000000c3e373e8,0x00000000c5380000)
 Metaspace       used 13937K, capacity 14322K, committed 14592K, reserved 1062912K
  class space    used 1586K, capacity 1705K, committed 1792K, reserved 1048576K
GC Heap History (10 events):
Event: 94.068 GC heap after
Heap after GC invocations=7 (full 1):
 PSYoungGen      total 62464K, used 2560K [0x00000000eb900000, 0x00000000f0300000, 0x0000000100000000)
  eden space 59904K, 0% used [0x00000000eb900000,0x00000000eb900000,0x00000000ef380000)
  from space 2560K, 100% used [0x00000000ef980000,0x00000000efc00000,0x00000000efc00000)
  to   space 6144K, 0% used [0x00000000ef380000,0x00000000ef380000,0x00000000ef980000)
 ParOldGen       total 42496K, used 8068K [0x00000000c2a00000, 0x00000000c5380000, 0x00000000eb900000)
  object space 42496K, 18% used [0x00000000c2a00000,0x00000000c31e10f0,0x00000000c5380000)
 Metaspace       used 13766K, capacity 14130K, committed 14336K, reserved 1062912K
  class space    used 1585K, capacity 1705K, committed 1792K, reserved 1048576K
}
Event: 94.308 GC heap before
{Heap before GC invocations=8 (full 1):
 PSYoungGen      total 62464K, used 62464K [0x00000000eb900000, 0x00000000f0300000, 0x0000000100000000)
  eden space 59904K, 100% used [0x00000000eb900000,0x00000000ef380000,0x00000000ef380000)
  from space 2560K, 100% used [0x00000000ef980000,0x00000000efc00000,0x00000000efc00000)
  to   space 6144K, 0% used [0x00000000ef380000,0x00000000ef380000,0x00000000ef980000)
 ParOldGen       total 42496K, used 8068K [0x00000000c2a00000, 0x00000000c5380000, 0x00000000eb900000)
  object space 42496K, 18% used [0x00000000c2a00000,0x00000000c31e10f0,0x00000000c5380000)
 Metaspace       used 13810K, capacity 14194K, committed 14592K, reserved 1062912K
  class space    used 1585K, capacity 1705K, committed 1792K, reserved 1048576K
Event: 94.328 GC heap after
Heap after GC invocations=8 (full 1):
 PSYoungGen      total 66048K, used 6112K [0x00000000eb900000, 0x00000000f3c00000, 0x0000000100000000)
  eden space 59904K, 0% used [0x00000000eb900000,0x00000000eb900000,0x00000000ef380000)
  from space 6144K, 99% used [0x00000000ef380000,0x00000000ef978080,0x00000000ef980000)
  to   space 7168K, 0% used [0x00000000f3500000,0x00000000f3500000,0x00000000f3c00000)
 ParOldGen       total 42496K, used 8649K [0x00000000c2a00000, 0x00000000c5380000, 0x00000000eb900000)
  object space 42496K, 20% used [0x00000000c2a00000,0x00000000c3272768,0x00000000c5380000)
 Metaspace       used 13810K, capacity 14194K, committed 14592K, reserved 1062912K
  class space    used 1585K, capacity 1705K, committed 1792K, reserved 1048576K
}
Event: 94.585 GC heap before
{Heap before GC invocations=9 (full 1):
 PSYoungGen      total 66048K, used 66016K [0x00000000eb900000, 0x00000000f3c00000, 0x0000000100000000)
  eden space 59904K, 100% used [0x00000000eb900000,0x00000000ef380000,0x00000000ef380000)
  from space 6144K, 99% used [0x00000000ef380000,0x00000000ef978080,0x00000000ef980000)
  to   space 7168K, 0% used [0x00000000f3500000,0x00000000f3500000,0x00000000f3c00000)
 ParOldGen       total 42496K, used 8649K [0x00000000c2a00000, 0x00000000c5380000, 0x00000000eb900000)
  object space 42496K, 20% used [0x00000000c2a00000,0x00000000c3272768,0x00000000c5380000)
 Metaspace       used 13835K, capacity 14258K, committed 14592K, reserved 1062912K
  class space    used 1586K, capacity 1705K, committed 1792K, reserved 1048576K
Event: 94.604 GC heap after
Heap after GC invocations=9 (full 1):
 PSYoungGen      total 125952K, used 6704K [0x00000000eb900000, 0x00000000f3e00000, 0x0000000100000000)
  eden space 118784K, 0% used [0x00000000eb900000,0x00000000eb900000,0x00000000f2d00000)
  from space 7168K, 93% used [0x00000000f3500000,0x00000000f3b8c090,0x00000000f3c00000)
  to   space 8192K, 0% used [0x00000000f2d00000,0x00000000f2d00000,0x00000000f3500000)
 ParOldGen       total 42496K, used 9625K [0x00000000c2a00000, 0x00000000c5380000, 0x00000000eb900000)
  object space 42496K, 22% used [0x00000000c2a00000,0x00000000c3366778,0x00000000c5380000)
 Metaspace       used 13835K, capacity 14258K, committed 14592K, reserved 1062912K
  class space    used 1586K, capacity 1705K, committed 1792K, reserved 1048576K
}
Event: 95.205 GC heap before
{Heap before GC invocations=10 (full 1):
 PSYoungGen      total 125952K, used 125488K [0x00000000eb900000, 0x00000000f3e00000, 0x0000000100000000)
  eden space 118784K, 100% used [0x00000000eb900000,0x00000000f2d00000,0x00000000f2d00000)
  from space 7168K, 93% used [0x00000000f3500000,0x00000000f3b8c090,0x00000000f3c00000)
  to   space 8192K, 0% used [0x00000000f2d00000,0x00000000f2d00000,0x00000000f3500000)
 ParOldGen       total 42496K, used 9625K [0x00000000c2a00000, 0x00000000c5380000, 0x00000000eb900000)
  object space 42496K, 22% used [0x00000000c2a00000,0x00000000c3366778,0x00000000c5380000)
 Metaspace       used 13872K, capacity 14258K, committed 14592K, reserved 1062912K
  class space    used 1586K, capacity 1705K, committed 1792K, reserved 1048576K
Event: 95.245 GC heap after
Heap after GC invocations=10 (full 1):
 PSYoungGen      total 126976K, used 8176K [0x00000000eb900000, 0x00000000fb500000, 0x0000000100000000)
  eden space 118784K, 0% used [0x00000000eb900000,0x00000000eb900000,0x00000000f2d00000)
  from space 8192K, 99% used [0x00000000f2d00000,0x00000000f34fc020,0x00000000f3500000)
  to   space 10240K, 0% used [0x00000000fab00000,0x00000000fab00000,0x00000000fb500000)
 ParOldGen       total 42496K, used 12413K [0x00000000c2a00000, 0x00000000c5380000, 0x00000000eb900000)
  object space 42496K, 29% used [0x00000000c2a00000,0x00000000c361f760,0x00000000c5380000)
 Metaspace       used 13872K, capacity 14258K, committed 14592K, reserved 1062912K
  class space    used 1586K, capacity 1705K, committed 1792K, reserved 1048576K
}
Event: 95.761 GC heap before
{Heap before GC invocations=11 (full 1):
 PSYoungGen      total 126976K, used 126960K [0x00000000eb900000, 0x00000000fb500000, 0x0000000100000000)
  eden space 118784K, 100% used [0x00000000eb900000,0x00000000f2d00000,0x00000000f2d00000)
  from space 8192K, 99% used [0x00000000f2d00000,0x00000000f34fc020,0x00000000f3500000)
  to   space 10240K, 0% used [0x00000000fab00000,0x00000000fab00000,0x00000000fb500000)
 ParOldGen       total 42496K, used 12413K [0x00000000c2a00000, 0x00000000c5380000, 0x00000000eb900000)
  object space 42496K, 29% used [0x00000000c2a00000,0x00000000c361f760,0x00000000c5380000)
 Metaspace       used 13919K, capacity 14322K, committed 14592K, reserved 1062912K
  class space    used 1586K, capacity 1705K, committed 1792K, reserved 1048576K
Event: 95.785 GC heap after
Heap after GC invocations=11 (full 1):
 PSYoungGen      total 198656K, used 7736K [0x00000000eb900000, 0x00000000fb300000, 0x0000000100000000)
  eden space 190464K, 0% used [0x00000000eb900000,0x00000000eb900000,0x00000000f7300000)
  from space 8192K, 94% used [0x00000000fab00000,0x00000000fb28e1a8,0x00000000fb300000)
  to   space 10752K, 0% used [0x00000000f9e00000,0x00000000f9e00000,0x00000000fa880000)
 ParOldGen       total 42496K, used 16324K [0x00000000c2a00000, 0x00000000c5380000, 0x00000000eb900000)
  object space 42496K, 38% used [0x00000000c2a00000,0x00000000c39f1328,0x00000000c5380000)
 Metaspace       used 13919K, capacity 14322K, committed 14592K, reserved 1062912K
  class space    used 1586K, capacity 1705K, committed 1792K, reserved 1048576K
}
Event: 96.676 GC heap before
{Heap before GC invocations=12 (full 1):
 PSYoungGen      total 198656K, used 198200K [0x00000000eb900000, 0x00000000fb300000, 0x0000000100000000)
  eden space 190464K, 100% used [0x00000000eb900000,0x00000000f7300000,0x00000000f7300000)
  from space 8192K, 94% used [0x00000000fab00000,0x00000000fb28e1a8,0x00000000fb300000)
  to   space 10752K, 0% used [0x00000000f9e00000,0x00000000f9e00000,0x00000000fa880000)
 ParOldGen       total 42496K, used 16324K [0x00000000c2a00000, 0x00000000c5380000, 0x00000000eb900000)
  object space 42496K, 38% used [0x00000000c2a00000,0x00000000c39f1328,0x00000000c5380000)
 Metaspace       used 13937K, capacity 14322K, committed 14592K, reserved 1062912K
  class space    used 1586K, capacity 1705K, committed 1792K, reserved 1048576K

