# JRE version: Java(TM) SE Runtime Environment (8.0_201-b09) (build 1.8.0_201-b09)
# Java VM: Java HotSpot(TM) 64-Bit Server VM (25.201-b09 mixed mode linux-amd64 compressed oops)
Heap:
 PSYoungGen      total 272896K, used 257097K [0x00000000eb900000, 0x00000000fe080000, 0x0000000100000000)
  eden space 259072K, 94% used [0x00000000eb900000,0x00000000fa6fa4f0,0x00000000fb600000)
  from space 13824K, 96% used [0x00000000fd300000,0x00000000fe018000,0x00000000fe080000)
  to   space 21504K, 0% used [0x00000000fb680000,0x00000000fb680000,0x00000000fcb80000)
 ParOldGen       total 67584K, used 32154K [0x00000000c2a00000, 0x00000000c6c00000, 0x00000000eb900000)
  object space 67584K, 47% used [0x00000000c2a00000,0x00000000c49669f0,0x00000000c6c00000)
 Metaspace       used 29089K, capacity 30232K, committed 30464K, reserved 1075200K
  class space    used 3456K, capacity 3730K, committed 3840K, reserved 1048576K
GC Heap History (10 events):
Event: 43.581 GC heap before
{Heap before GC invocations=16 (full 2):
 PSYoungGen      total 208896K, used 201760K [0x00000000eb900000, 0x00000000f9980000, 0x0000000100000000)
  eden space 189440K, 100% used [0x00000000eb900000,0x00000000f7200000,0x00000000f7200000)
  from space 19456K, 63% used [0x00000000f7200000,0x00000000f7e08000,0x00000000f8500000)
  to   space 19968K, 0% used [0x00000000f8600000,0x00000000f8600000,0x00000000f9980000)
 ParOldGen       total 67584K, used 32130K [0x00000000c2a00000, 0x00000000c6c00000, 0x00000000eb900000)
  object space 67584K, 47% used [0x00000000c2a00000,0x00000000c49609f0,0x00000000c6c00000)
 Metaspace       used 28136K, capacity 28936K, committed 29184K, reserved 1075200K
  class space    used 3359K, capacity 3560K, committed 3584K, reserved 1048576K
Event: 43.645 GC heap after
Heap after GC invocations=16 (full 2):
 PSYoungGen      total 209408K, used 12416K [0x00000000eb900000, 0x00000000fb500000, 0x0000000100000000)
  eden space 189440K, 0% used [0x00000000eb900000,0x00000000eb900000,0x00000000f7200000)
  from space 19968K, 62% used [0x00000000f8600000,0x00000000f9220000,0x00000000f9980000)
  to   space 20480K, 0% used [0x00000000f7200000,0x00000000f7200000,0x00000000f8600000)
 ParOldGen       total 67584K, used 32138K [0x00000000c2a00000, 0x00000000c6c00000, 0x00000000eb900000)
  object space 67584K, 47% used [0x00000000c2a00000,0x00000000c49629f0,0x00000000c6c00000)
 Metaspace       used 28136K, capacity 28936K, committed 29184K, reserved 1075200K
  class space    used 3359K, capacity 3560K, committed 3584K, reserved 1048576K
}
Event: 46.284 GC heap before
{Heap before GC invocations=17 (full 2):
 PSYoungGen      total 209408K, used 201856K [0x00000000eb900000, 0x00000000fb500000, 0x0000000100000000)
  eden space 189440K, 100% used [0x00000000eb900000,0x00000000f7200000,0x00000000f7200000)
  from space 19968K, 62% used [0x00000000f8600000,0x00000000f9220000,0x00000000f9980000)
  to   space 20480K, 0% used [0x00000000f7200000,0x00000000f7200000,0x00000000f8600000)
 ParOldGen       total 67584K, used 32138K [0x00000000c2a00000, 0x00000000c6c00000, 0x00000000eb900000)
  object space 67584K, 47% used [0x00000000c2a00000,0x00000000c49629f0,0x00000000c6c00000)
 Metaspace       used 28332K, capacity 29228K, committed 29568K, reserved 1075200K
  class space    used 3382K, capacity 3590K, committed 3712K, reserved 1048576K
Event: 46.373 GC heap after
Heap after GC invocations=17 (full 2):
 PSYoungGen      total 209920K, used 14016K [0x00000000eb900000, 0x00000000fbc00000, 0x0000000100000000)
  eden space 189440K, 0% used [0x00000000eb900000,0x00000000eb900000,0x00000000f7200000)
  from space 20480K, 68% used [0x00000000f7200000,0x00000000f7fb0000,0x00000000f8600000)
  to   space 20992K, 0% used [0x00000000fa780000,0x00000000fa780000,0x00000000fbc00000)
 ParOldGen       total 67584K, used 32146K [0x00000000c2a00000, 0x00000000c6c00000, 0x00000000eb900000)
  object space 67584K, 47% used [0x00000000c2a00000,0x00000000c49649f0,0x00000000c6c00000)
 Metaspace       used 28332K, capacity 29228K, committed 29568K, reserved 1075200K
  class space    used 3382K, capacity 3590K, committed 3712K, reserved 1048576K
}
Event: 49.089 GC heap before
{Heap before GC invocations=18 (full 2):
 PSYoungGen      total 209920K, used 203456K [0x00000000eb900000, 0x00000000fbc00000, 0x0000000100000000)
  eden space 189440K, 100% used [0x00000000eb900000,0x00000000f7200000,0x00000000f7200000)
  from space 20480K, 68% used [0x00000000f7200000,0x00000000f7fb0000,0x00000000f8600000)
  to   space 20992K, 0% used [0x00000000fa780000,0x00000000fa780000,0x00000000fbc00000)
 ParOldGen       total 67584K, used 32146K [0x00000000c2a00000, 0x00000000c6c00000, 0x00000000eb900000)
  object space 67584K, 47% used [0x00000000c2a00000,0x00000000c49649f0,0x00000000c6c00000)
 Metaspace       used 28436K, capacity 29354K, committed 29568K, reserved 1075200K
  class space    used 3391K, capacity 3601K, committed 3712K, reserved 1048576K
Event: 49.195 GC heap after
Heap after GC invocations=18 (full 2):
 PSYoungGen      total 243712K, used 12864K [0x00000000eb900000, 0x00000000fc280000, 0x0000000100000000)
  eden space 222720K, 0% used [0x00000000eb900000,0x00000000eb900000,0x00000000f9280000)
  from space 20992K, 61% used [0x00000000fa780000,0x00000000fb410000,0x00000000fbc00000)
  to   space 21504K, 0% used [0x00000000f9280000,0x00000000f9280000,0x00000000fa780000)
 ParOldGen       total 67584K, used 32154K [0x00000000c2a00000, 0x00000000c6c00000, 0x00000000eb900000)
  object space 67584K, 47% used [0x00000000c2a00000,0x00000000c49669f0,0x00000000c6c00000)
 Metaspace       used 28436K, capacity 29354K, committed 29568K, reserved 1075200K
  class space    used 3391K, capacity 3601K, committed 3712K, reserved 1048576K
}
Event: 51.781 GC heap before
{Heap before GC invocations=19 (full 2):
 PSYoungGen      total 243712K, used 235584K [0x00000000eb900000, 0x00000000fc280000, 0x0000000100000000)
  eden space 222720K, 100% used [0x00000000eb900000,0x00000000f9280000,0x00000000f9280000)
  from space 20992K, 61% used [0x00000000fa780000,0x00000000fb410000,0x00000000fbc00000)
  to   space 21504K, 0% used [0x00000000f9280000,0x00000000f9280000,0x00000000fa780000)
 ParOldGen       total 67584K, used 32154K [0x00000000c2a00000, 0x00000000c6c00000, 0x00000000eb900000)
  object space 67584K, 47% used [0x00000000c2a00000,0x00000000c49669f0,0x00000000c6c00000)
 Metaspace       used 28554K, capacity 29438K, committed 29568K, reserved 1075200K
  class space    used 3399K, capacity 3615K, committed 3712K, reserved 1048576K
Event: 51.829 GC heap after
Heap after GC invocations=19 (full 2):
 PSYoungGen      total 244224K, used 13088K [0x00000000eb900000, 0x00000000fe800000, 0x0000000100000000)
  eden space 222720K, 0% used [0x00000000eb900000,0x00000000eb900000,0x00000000f9280000)
  from space 21504K, 60% used [0x00000000f9280000,0x00000000f9f48000,0x00000000fa780000)
  to   space 21504K, 0% used [0x00000000fd300000,0x00000000fd300000,0x00000000fe800000)
 ParOldGen       total 67584K, used 32154K [0x00000000c2a00000, 0x00000000c6c00000, 0x00000000eb900000)
  object space 67584K, 47% used [0x00000000c2a00000,0x00000000c49669f0,0x00000000c6c00000)
 Metaspace       used 28554K, capacity 29438K, committed 29568K, reserved 1075200K
  class space    used 3399K, capacity 3615K, committed 3712K, reserved 1048576K
}
Event: 56.852 GC heap before
{Heap before GC invocations=20 (full 2):
 PSYoungGen      total 244224K, used 235808K [0x00000000eb900000, 0x00000000fe800000, 0x0000000100000000)
  eden space 222720K, 100% used [0x00000000eb900000,0x00000000f9280000,0x00000000f9280000)
  from space 21504K, 60% used [0x00000000f9280000,0x00000000f9f48000,0x00000000fa780000)
  to   space 21504K, 0% used [0x00000000fd300000,0x00000000fd300000,0x00000000fe800000)
 ParOldGen       total 67584K, used 32154K [0x00000000c2a00000, 0x00000000c6c00000, 0x00000000eb900000)
  object space 67584K, 47% used [0x00000000c2a00000,0x00000000c49669f0,0x00000000c6c00000)
 Metaspace       used 28791K, capacity 29754K, committed 29824K, reserved 1075200K
  class space    used 3425K, capacity 3673K, committed 3712K, reserved 1048576K
Event: 57.147 GC heap after
Heap after GC invocations=20 (full 2):
 PSYoungGen      total 272896K, used 13408K [0x00000000eb900000, 0x00000000fe080000, 0x0000000100000000)
  eden space 259072K, 0% used [0x00000000eb900000,0x00000000eb900000,0x00000000fb600000)
  from space 13824K, 96% used [0x00000000fd300000,0x00000000fe018000,0x00000000fe080000)
  to   space 21504K, 0% used [0x00000000fb680000,0x00000000fb680000,0x00000000fcb80000)
 ParOldGen       total 67584K, used 32154K [0x00000000c2a00000, 0x00000000c6c00000, 0x00000000eb900000)
  object space 67584K, 47% used [0x00000000c2a00000,0x00000000c49669f0,0x00000000c6c00000)
 Metaspace       used 28791K, capacity 29754K, committed 29824K, reserved 1075200K
  class space    used 3425K, capacity 3673K, committed 3712K, reserved 1048576K
}

