# JRE version: Java(TM) SE Runtime Environment (8.0_201-b09) (build 1.8.0_201-b09)
# Java VM: Java HotSpot(TM) 64-Bit Server VM (25.201-b09 mixed mode linux-amd64 compressed oops)
Heap:
 PSYoungGen      total 241664K, used 41555K [0x00000000eb900000, 0x0000000100000000, 0x0000000100000000)
  eden space 146944K, 0% used [0x00000000eb900000,0x00000000eb900000,0x00000000f4880000)
  from space 94720K, 43% used [0x00000000fa380000,0x00000000fcc14fd0,0x0000000100000000)
  to   space 93184K, 0% used [0x00000000f4880000,0x00000000f4880000,0x00000000fa380000)
 ParOldGen       total 189440K, used 189144K [0x00000000c2a00000, 0x00000000ce300000, 0x00000000eb900000)
  object space 189440K, 99% used [0x00000000c2a00000,0x00000000ce2b6280,0x00000000ce300000)
 Metaspace       used 35920K, capacity 37028K, committed 37376K, reserved 1083392K
  class space    used 3975K, capacity 4260K, committed 4352K, reserved 1048576K
GC Heap History (10 events):
Event: 157.080 GC heap after
Heap after GC invocations=62 (full 4):
 PSYoungGen      total 250880K, used 59154K [0x00000000eb900000, 0x0000000100000000, 0x0000000100000000)
  eden space 175104K, 0% used [0x00000000eb900000,0x00000000eb900000,0x00000000f6400000)
  from space 75776K, 78% used [0x00000000fb600000,0x00000000fefc48a0,0x0000000100000000)
  to   space 79872K, 0% used [0x00000000f6400000,0x00000000f6400000,0x00000000fb200000)
 ParOldGen       total 189440K, used 152128K [0x00000000c2a00000, 0x00000000ce300000, 0x00000000eb900000)
  object space 189440K, 80% used [0x00000000c2a00000,0x00000000cbe90130,0x00000000ce300000)
 Metaspace       used 35518K, capacity 36678K, committed 36864K, reserved 1081344K
  class space    used 3972K, capacity 4255K, committed 4352K, reserved 1048576K
}
Event: 159.216 GC heap before
{Heap before GC invocations=63 (full 4):
 PSYoungGen      total 250880K, used 234258K [0x00000000eb900000, 0x0000000100000000, 0x0000000100000000)
  eden space 175104K, 100% used [0x00000000eb900000,0x00000000f6400000,0x00000000f6400000)
  from space 75776K, 78% used [0x00000000fb600000,0x00000000fefc48a0,0x0000000100000000)
  to   space 79872K, 0% used [0x00000000f6400000,0x00000000f6400000,0x00000000fb200000)
 ParOldGen       total 189440K, used 152128K [0x00000000c2a00000, 0x00000000ce300000, 0x00000000eb900000)
  object space 189440K, 80% used [0x00000000c2a00000,0x00000000cbe90130,0x00000000ce300000)
 Metaspace       used 35634K, capacity 36806K, committed 37120K, reserved 1081344K
  class space    used 3972K, capacity 4255K, committed 4352K, reserved 1048576K
Event: 159.301 GC heap after
Heap after GC invocations=63 (full 4):
 PSYoungGen      total 243200K, used 67624K [0x00000000eb900000, 0x0000000100000000, 0x0000000100000000)
  eden space 175104K, 0% used [0x00000000eb900000,0x00000000eb900000,0x00000000f6400000)
  from space 68096K, 99% used [0x00000000f6400000,0x00000000fa60a028,0x00000000fa680000)
  to   space 86016K, 0% used [0x00000000fac00000,0x00000000fac00000,0x0000000100000000)
 ParOldGen       total 189440K, used 153808K [0x00000000c2a00000, 0x00000000ce300000, 0x00000000eb900000)
  object space 189440K, 81% used [0x00000000c2a00000,0x00000000cc034380,0x00000000ce300000)
 Metaspace       used 35634K, capacity 36806K, committed 37120K, reserved 1081344K
  class space    used 3972K, capacity 4255K, committed 4352K, reserved 1048576K
}
Event: 161.241 GC heap before
{Heap before GC invocations=64 (full 4):
 PSYoungGen      total 243200K, used 242728K [0x00000000eb900000, 0x0000000100000000, 0x0000000100000000)
  eden space 175104K, 100% used [0x00000000eb900000,0x00000000f6400000,0x00000000f6400000)
  from space 68096K, 99% used [0x00000000f6400000,0x00000000fa60a028,0x00000000fa680000)
  to   space 86016K, 0% used [0x00000000fac00000,0x00000000fac00000,0x0000000100000000)
 ParOldGen       total 189440K, used 153808K [0x00000000c2a00000, 0x00000000ce300000, 0x00000000eb900000)
  object space 189440K, 81% used [0x00000000c2a00000,0x00000000cc034380,0x00000000ce300000)
 Metaspace       used 35735K, capacity 36876K, committed 37120K, reserved 1081344K
  class space    used 3972K, capacity 4256K, committed 4352K, reserved 1048576K
Event: 161.340 GC heap after
Heap after GC invocations=64 (full 4):
 PSYoungGen      total 241664K, used 64340K [0x00000000eb900000, 0x0000000100000000, 0x0000000100000000)
  eden space 155648K, 0% used [0x00000000eb900000,0x00000000eb900000,0x00000000f5100000)
  from space 86016K, 74% used [0x00000000fac00000,0x00000000fead5358,0x0000000100000000)
  to   space 89600K, 0% used [0x00000000f5100000,0x00000000f5100000,0x00000000fa880000)
 ParOldGen       total 189440K, used 164480K [0x00000000c2a00000, 0x00000000ce300000, 0x00000000eb900000)
  object space 189440K, 86% used [0x00000000c2a00000,0x00000000ccaa0068,0x00000000ce300000)
 Metaspace       used 35735K, capacity 36876K, committed 37120K, reserved 1081344K
  class space    used 3972K, capacity 4256K, committed 4352K, reserved 1048576K
}
Event: 163.176 GC heap before
{Heap before GC invocations=65 (full 4):
 PSYoungGen      total 241664K, used 219988K [0x00000000eb900000, 0x0000000100000000, 0x0000000100000000)
  eden space 155648K, 100% used [0x00000000eb900000,0x00000000f5100000,0x00000000f5100000)
  from space 86016K, 74% used [0x00000000fac00000,0x00000000fead5358,0x0000000100000000)
  to   space 89600K, 0% used [0x00000000f5100000,0x00000000f5100000,0x00000000fa880000)
 ParOldGen       total 189440K, used 164480K [0x00000000c2a00000, 0x00000000ce300000, 0x00000000eb900000)
  object space 189440K, 86% used [0x00000000c2a00000,0x00000000ccaa0068,0x00000000ce300000)
 Metaspace       used 35859K, capacity 37022K, committed 37376K, reserved 1083392K
  class space    used 3974K, capacity 4259K, committed 4352K, reserved 1048576K
Event: 163.301 GC heap after
Heap after GC invocations=65 (full 4):
 PSYoungGen      total 226816K, used 70893K [0x00000000eb900000, 0x0000000100000000, 0x0000000100000000)
  eden space 155648K, 0% used [0x00000000eb900000,0x00000000eb900000,0x00000000f5100000)
  from space 71168K, 99% used [0x00000000f5100000,0x00000000f963b5d0,0x00000000f9680000)
  to   space 94720K, 0% used [0x00000000fa380000,0x00000000fa380000,0x0000000100000000)
 ParOldGen       total 189440K, used 165564K [0x00000000c2a00000, 0x00000000ce300000, 0x00000000eb900000)
  object space 189440K, 87% used [0x00000000c2a00000,0x00000000ccbaf118,0x00000000ce300000)
 Metaspace       used 35859K, capacity 37022K, committed 37376K, reserved 1083392K
  class space    used 3974K, capacity 4259K, committed 4352K, reserved 1048576K
}
Event: 165.575 GC heap before
{Heap before GC invocations=66 (full 4):
 PSYoungGen      total 226816K, used 226541K [0x00000000eb900000, 0x0000000100000000, 0x0000000100000000)
  eden space 155648K, 100% used [0x00000000eb900000,0x00000000f5100000,0x00000000f5100000)
  from space 71168K, 99% used [0x00000000f5100000,0x00000000f963b5d0,0x00000000f9680000)
  to   space 94720K, 0% used [0x00000000fa380000,0x00000000fa380000,0x0000000100000000)
 ParOldGen       total 189440K, used 165564K [0x00000000c2a00000, 0x00000000ce300000, 0x00000000eb900000)
  object space 189440K, 87% used [0x00000000c2a00000,0x00000000ccbaf118,0x00000000ce300000)
 Metaspace       used 35920K, capacity 37028K, committed 37376K, reserved 1083392K
  class space    used 3975K, capacity 4260K, committed 4352K, reserved 1048576K
Event: 165.768 GC heap after
Heap after GC invocations=66 (full 4):
 PSYoungGen      total 241664K, used 57010K [0x00000000eb900000, 0x0000000100000000, 0x0000000100000000)
  eden space 146944K, 0% used [0x00000000eb900000,0x00000000eb900000,0x00000000f4880000)
  from space 94720K, 60% used [0x00000000fa380000,0x00000000fdb2c870,0x0000000100000000)
  to   space 93184K, 0% used [0x00000000f4880000,0x00000000f4880000,0x00000000fa380000)
 ParOldGen       total 189440K, used 181789K [0x00000000c2a00000, 0x00000000ce300000, 0x00000000eb900000)
  object space 189440K, 95% used [0x00000000c2a00000,0x00000000cdb87628,0x00000000ce300000)
 Metaspace       used 35920K, capacity 37028K, committed 37376K, reserved 1083392K
  class space    used 3975K, capacity 4260K, committed 4352K, reserved 1048576K
}
Event: 165.768 GC heap before
{Heap before GC invocations=67 (full 5):
 PSYoungGen      total 241664K, used 57010K [0x00000000eb900000, 0x0000000100000000, 0x0000000100000000)
  eden space 146944K, 0% used [0x00000000eb900000,0x00000000eb900000,0x00000000f4880000)
  from space 94720K, 60% used [0x00000000fa380000,0x00000000fdb2c870,0x0000000100000000)
  to   space 93184K, 0% used [0x00000000f4880000,0x00000000f4880000,0x00000000fa380000)
 ParOldGen       total 189440K, used 181789K [0x00000000c2a00000, 0x00000000ce300000, 0x00000000eb900000)
  object space 189440K, 95% used [0x00000000c2a00000,0x00000000cdb87628,0x00000000ce300000)
 Metaspace       used 35920K, capacity 37028K, committed 37376K, reserved 1083392K
  class space    used 3975K, capacity 4260K, committed 4352K, reserved 1048576K

