# JRE version: Java(TM) SE Runtime Environment (8.0_201-b09) (build 1.8.0_201-b09)
# Java VM: Java HotSpot(TM) 64-Bit Server VM (25.201-b09 mixed mode linux-amd64 compressed oops)
Heap:
 PSYoungGen      total 127488K, used 8699K [0x00000000eb900000, 0x00000000f4000000, 0x0000000100000000)
  eden space 118784K, 0% used [0x00000000eb900000,0x00000000eb900000,0x00000000f2d00000)
  from space 8704K, 99% used [0x00000000f2d00000,0x00000000f357ec58,0x00000000f3580000)
  to   space 6656K, 0% used [0x00000000f3580000,0x00000000f3580000,0x00000000f3c00000)
 ParOldGen       total 42496K, used 18696K [0x00000000c2a00000, 0x00000000c5380000, 0x00000000eb900000)
  object space 42496K, 43% used [0x00000000c2a00000,0x00000000c3c42310,0x00000000c5380000)
 Metaspace       used 14579K, capacity 15066K, committed 15104K, reserved 1062912K
  class space    used 1607K, capacity 1761K, committed 1792K, reserved 1048576K
GC Heap History (10 events):
Event: 29.110 GC heap after
Heap after GC invocations=5 (full 1):
 PSYoungGen      total 34304K, used 2543K [0x00000000eb900000, 0x00000000edd00000, 0x0000000100000000)
  eden space 31744K, 0% used [0x00000000eb900000,0x00000000eb900000,0x00000000ed800000)
  from space 2560K, 99% used [0x00000000eda80000,0x00000000edcfbf70,0x00000000edd00000)
  to   space 2560K, 0% used [0x00000000ed800000,0x00000000ed800000,0x00000000eda80000)
 ParOldGen       total 42496K, used 8247K [0x00000000c2a00000, 0x00000000c5380000, 0x00000000eb900000)
  object space 42496K, 19% used [0x00000000c2a00000,0x00000000c320dc50,0x00000000c5380000)
 Metaspace       used 13355K, capacity 13710K, committed 13952K, reserved 1060864K
  class space    used 1554K, capacity 1657K, committed 1664K, reserved 1048576K
}
Event: 30.389 GC heap before
{Heap before GC invocations=6 (full 1):
 PSYoungGen      total 34304K, used 34287K [0x00000000eb900000, 0x00000000edd00000, 0x0000000100000000)
  eden space 31744K, 100% used [0x00000000eb900000,0x00000000ed800000,0x00000000ed800000)
  from space 2560K, 99% used [0x00000000eda80000,0x00000000edcfbf70,0x00000000edd00000)
  to   space 2560K, 0% used [0x00000000ed800000,0x00000000ed800000,0x00000000eda80000)
 ParOldGen       total 42496K, used 8247K [0x00000000c2a00000, 0x00000000c5380000, 0x00000000eb900000)
  object space 42496K, 19% used [0x00000000c2a00000,0x00000000c320dc50,0x00000000c5380000)
 Metaspace       used 13426K, capacity 13774K, committed 13952K, reserved 1060864K
  class space    used 1554K, capacity 1657K, committed 1664K, reserved 1048576K
Event: 30.399 GC heap after
Heap after GC invocations=6 (full 1):
 PSYoungGen      total 34304K, used 2559K [0x00000000eb900000, 0x00000000efc00000, 0x0000000100000000)
  eden space 31744K, 0% used [0x00000000eb900000,0x00000000eb900000,0x00000000ed800000)
  from space 2560K, 99% used [0x00000000ed800000,0x00000000eda7ffc0,0x00000000eda80000)
  to   space 2560K, 0% used [0x00000000ef980000,0x00000000ef980000,0x00000000efc00000)
 ParOldGen       total 42496K, used 10220K [0x00000000c2a00000, 0x00000000c5380000, 0x00000000eb900000)
  object space 42496K, 24% used [0x00000000c2a00000,0x00000000c33fb250,0x00000000c5380000)
 Metaspace       used 13426K, capacity 13774K, committed 13952K, reserved 1060864K
  class space    used 1554K, capacity 1657K, committed 1664K, reserved 1048576K
}
Event: 31.906 GC heap before
{Heap before GC invocations=7 (full 1):
 PSYoungGen      total 34304K, used 34303K [0x00000000eb900000, 0x00000000efc00000, 0x0000000100000000)
  eden space 31744K, 100% used [0x00000000eb900000,0x00000000ed800000,0x00000000ed800000)
  from space 2560K, 99% used [0x00000000ed800000,0x00000000eda7ffc0,0x00000000eda80000)
  to   space 2560K, 0% used [0x00000000ef980000,0x00000000ef980000,0x00000000efc00000)
 ParOldGen       total 42496K, used 10220K [0x00000000c2a00000, 0x00000000c5380000, 0x00000000eb900000)
  object space 42496K, 24% used [0x00000000c2a00000,0x00000000c33fb250,0x00000000c5380000)
 Metaspace       used 13478K, capacity 13844K, committed 13952K, reserved 1060864K
  class space    used 1555K, capacity 1658K, committed 1664K, reserved 1048576K
Event: 32.755 GC heap after
Heap after GC invocations=7 (full 1):
 PSYoungGen      total 62976K, used 2537K [0x00000000eb900000, 0x00000000f0200000, 0x0000000100000000)
  eden space 60416K, 0% used [0x00000000eb900000,0x00000000eb900000,0x00000000ef400000)
  from space 2560K, 99% used [0x00000000ef980000,0x00000000efbfa7f0,0x00000000efc00000)
  to   space 5632K, 0% used [0x00000000ef400000,0x00000000ef400000,0x00000000ef980000)
 ParOldGen       total 42496K, used 12109K [0x00000000c2a00000, 0x00000000c5380000, 0x00000000eb900000)
  object space 42496K, 28% used [0x00000000c2a00000,0x00000000c35d3698,0x00000000c5380000)
 Metaspace       used 13478K, capacity 13844K, committed 13952K, reserved 1060864K
  class space    used 1555K, capacity 1658K, committed 1664K, reserved 1048576K
}
Event: 35.015 GC heap before
{Heap before GC invocations=8 (full 1):
 PSYoungGen      total 62976K, used 62953K [0x00000000eb900000, 0x00000000f0200000, 0x0000000100000000)
  eden space 60416K, 100% used [0x00000000eb900000,0x00000000ef400000,0x00000000ef400000)
  from space 2560K, 99% used [0x00000000ef980000,0x00000000efbfa7f0,0x00000000efc00000)
  to   space 5632K, 0% used [0x00000000ef400000,0x00000000ef400000,0x00000000ef980000)
 ParOldGen       total 42496K, used 12109K [0x00000000c2a00000, 0x00000000c5380000, 0x00000000eb900000)
  object space 42496K, 28% used [0x00000000c2a00000,0x00000000c35d3698,0x00000000c5380000)
 Metaspace       used 13515K, capacity 13908K, committed 13952K, reserved 1060864K
  class space    used 1555K, capacity 1658K, committed 1664K, reserved 1048576K
Event: 35.071 GC heap after
Heap after GC invocations=8 (full 1):
 PSYoungGen      total 66048K, used 5632K [0x00000000eb900000, 0x00000000f3c00000, 0x0000000100000000)
  eden space 60416K, 0% used [0x00000000eb900000,0x00000000eb900000,0x00000000ef400000)
  from space 5632K, 100% used [0x00000000ef400000,0x00000000ef980000,0x00000000ef980000)
  to   space 6656K, 0% used [0x00000000f3580000,0x00000000f3580000,0x00000000f3c00000)
 ParOldGen       total 42496K, used 13064K [0x00000000c2a00000, 0x00000000c5380000, 0x00000000eb900000)
  object space 42496K, 30% used [0x00000000c2a00000,0x00000000c36c22e8,0x00000000c5380000)
 Metaspace       used 13515K, capacity 13908K, committed 13952K, reserved 1060864K
  class space    used 1555K, capacity 1658K, committed 1664K, reserved 1048576K
}
Event: 35.329 GC heap before
{Heap before GC invocations=9 (full 1):
 PSYoungGen      total 66048K, used 66048K [0x00000000eb900000, 0x00000000f3c00000, 0x0000000100000000)
  eden space 60416K, 100% used [0x00000000eb900000,0x00000000ef400000,0x00000000ef400000)
  from space 5632K, 100% used [0x00000000ef400000,0x00000000ef980000,0x00000000ef980000)
  to   space 6656K, 0% used [0x00000000f3580000,0x00000000f3580000,0x00000000f3c00000)
 ParOldGen       total 42496K, used 13064K [0x00000000c2a00000, 0x00000000c5380000, 0x00000000eb900000)
  object space 42496K, 30% used [0x00000000c2a00000,0x00000000c36c22e8,0x00000000c5380000)
 Metaspace       used 13584K, capacity 13972K, committed 14208K, reserved 1062912K
  class space    used 1555K, capacity 1658K, committed 1664K, reserved 1048576K
Event: 35.346 GC heap after
Heap after GC invocations=9 (full 1):
 PSYoungGen      total 125440K, used 6624K [0x00000000eb900000, 0x00000000f4000000, 0x0000000100000000)
  eden space 118784K, 0% used [0x00000000eb900000,0x00000000eb900000,0x00000000f2d00000)
  from space 6656K, 99% used [0x00000000f3580000,0x00000000f3bf8120,0x00000000f3c00000)
  to   space 8704K, 0% used [0x00000000f2d00000,0x00000000f2d00000,0x00000000f3580000)
 ParOldGen       total 42496K, used 16492K [0x00000000c2a00000, 0x00000000c5380000, 0x00000000eb900000)
  object space 42496K, 38% used [0x00000000c2a00000,0x00000000c3a1b080,0x00000000c5380000)
 Metaspace       used 13584K, capacity 13972K, committed 14208K, reserved 1062912K
  class space    used 1555K, capacity 1658K, committed 1664K, reserved 1048576K
}
Event: 46.757 GC heap before
{Heap before GC invocations=10 (full 1):
 PSYoungGen      total 125440K, used 125408K [0x00000000eb900000, 0x00000000f4000000, 0x0000000100000000)
  eden space 118784K, 100% used [0x00000000eb900000,0x00000000f2d00000,0x00000000f2d00000)
  from space 6656K, 99% used [0x00000000f3580000,0x00000000f3bf8120,0x00000000f3c00000)
  to   space 8704K, 0% used [0x00000000f2d00000,0x00000000f2d00000,0x00000000f3580000)
 ParOldGen       total 42496K, used 16492K [0x00000000c2a00000, 0x00000000c5380000, 0x00000000eb900000)
  object space 42496K, 38% used [0x00000000c2a00000,0x00000000c3a1b080,0x00000000c5380000)
 Metaspace       used 14579K, capacity 15066K, committed 15104K, reserved 1062912K
  class space    used 1607K, capacity 1761K, committed 1792K, reserved 1048576K

