# JRE version: Java(TM) SE Runtime Environment (8.0_201-b09) (build 1.8.0_201-b09)
# Java VM: Java HotSpot(TM) 64-Bit Server VM (25.201-b09 mixed mode linux-amd64 compressed oops)
Heap:
 PSYoungGen      total 67072K, used 6624K [0x00000000eb900000, 0x00000000f3c00000, 0x0000000100000000)
  eden space 60416K, 0% used [0x00000000eb900000,0x00000000eb900000,0x00000000ef400000)
  from space 6656K, 99% used [0x00000000f3580000,0x00000000f3bf8120,0x00000000f3c00000)
  to   space 5632K, 0% used [0x00000000ef400000,0x00000000ef400000,0x00000000ef980000)
 ParOldGen       total 42496K, used 16267K [0x00000000c2a00000, 0x00000000c5380000, 0x00000000eb900000)
  object space 42496K, 38% used [0x00000000c2a00000,0x00000000c39e2fd0,0x00000000c5380000)
 Metaspace       used 13651K, capacity 14036K, committed 14208K, reserved 1062912K
  class space    used 1555K, capacity 1658K, committed 1664K, reserved 1048576K
GC Heap History (10 events):
Event: 50.228 GC heap after
Heap after GC invocations=4 (full 1):
 PSYoungGen      total 18432K, used 2545K [0x00000000eb900000, 0x00000000edd00000, 0x0000000100000000)
  eden space 15872K, 0% used [0x00000000eb900000,0x00000000eb900000,0x00000000ec880000)
  from space 2560K, 99% used [0x00000000ec880000,0x00000000ecafc740,0x00000000ecb00000)
  to   space 2560K, 0% used [0x00000000eda80000,0x00000000eda80000,0x00000000edd00000)
 ParOldGen       total 42496K, used 7157K [0x00000000c2a00000, 0x00000000c5380000, 0x00000000eb900000)
  object space 42496K, 16% used [0x00000000c2a00000,0x00000000c30fd630,0x00000000c5380000)
 Metaspace       used 13342K, capacity 13710K, committed 13952K, reserved 1060864K
  class space    used 1554K, capacity 1657K, committed 1664K, reserved 1048576K
}
Event: 50.635 GC heap before
{Heap before GC invocations=5 (full 1):
 PSYoungGen      total 18432K, used 18417K [0x00000000eb900000, 0x00000000edd00000, 0x0000000100000000)
  eden space 15872K, 100% used [0x00000000eb900000,0x00000000ec880000,0x00000000ec880000)
  from space 2560K, 99% used [0x00000000ec880000,0x00000000ecafc740,0x00000000ecb00000)
  to   space 2560K, 0% used [0x00000000eda80000,0x00000000eda80000,0x00000000edd00000)
 ParOldGen       total 42496K, used 7157K [0x00000000c2a00000, 0x00000000c5380000, 0x00000000eb900000)
  object space 42496K, 16% used [0x00000000c2a00000,0x00000000c30fd630,0x00000000c5380000)
 Metaspace       used 13415K, capacity 13780K, committed 13952K, reserved 1060864K
  class space    used 1555K, capacity 1658K, committed 1664K, reserved 1048576K
Event: 50.640 GC heap after
Heap after GC invocations=5 (full 1):
 PSYoungGen      total 34304K, used 2529K [0x00000000eb900000, 0x00000000edd00000, 0x0000000100000000)
  eden space 31744K, 0% used [0x00000000eb900000,0x00000000eb900000,0x00000000ed800000)
  from space 2560K, 98% used [0x00000000eda80000,0x00000000edcf8750,0x00000000edd00000)
  to   space 2560K, 0% used [0x00000000ed800000,0x00000000ed800000,0x00000000eda80000)
 ParOldGen       total 42496K, used 8269K [0x00000000c2a00000, 0x00000000c5380000, 0x00000000eb900000)
  object space 42496K, 19% used [0x00000000c2a00000,0x00000000c3213640,0x00000000c5380000)
 Metaspace       used 13415K, capacity 13780K, committed 13952K, reserved 1060864K
  class space    used 1555K, capacity 1658K, committed 1664K, reserved 1048576K
}
Event: 51.367 GC heap before
{Heap before GC invocations=6 (full 1):
 PSYoungGen      total 34304K, used 34273K [0x00000000eb900000, 0x00000000edd00000, 0x0000000100000000)
  eden space 31744K, 100% used [0x00000000eb900000,0x00000000ed800000,0x00000000ed800000)
  from space 2560K, 98% used [0x00000000eda80000,0x00000000edcf8750,0x00000000edd00000)
  to   space 2560K, 0% used [0x00000000ed800000,0x00000000ed800000,0x00000000eda80000)
 ParOldGen       total 42496K, used 8269K [0x00000000c2a00000, 0x00000000c5380000, 0x00000000eb900000)
  object space 42496K, 19% used [0x00000000c2a00000,0x00000000c3213640,0x00000000c5380000)
 Metaspace       used 13505K, capacity 13844K, committed 13952K, reserved 1060864K
  class space    used 1555K, capacity 1658K, committed 1664K, reserved 1048576K
Event: 51.385 GC heap after
Heap after GC invocations=6 (full 1):
 PSYoungGen      total 34304K, used 2529K [0x00000000eb900000, 0x00000000efc00000, 0x0000000100000000)
  eden space 31744K, 0% used [0x00000000eb900000,0x00000000eb900000,0x00000000ed800000)
  from space 2560K, 98% used [0x00000000ed800000,0x00000000eda78790,0x00000000eda80000)
  to   space 2560K, 0% used [0x00000000ef980000,0x00000000ef980000,0x00000000efc00000)
 ParOldGen       total 42496K, used 10259K [0x00000000c2a00000, 0x00000000c5380000, 0x00000000eb900000)
  object space 42496K, 24% used [0x00000000c2a00000,0x00000000c3404c40,0x00000000c5380000)
 Metaspace       used 13505K, capacity 13844K, committed 13952K, reserved 1060864K
  class space    used 1555K, capacity 1658K, committed 1664K, reserved 1048576K
}
Event: 51.948 GC heap before
{Heap before GC invocations=7 (full 1):
 PSYoungGen      total 34304K, used 34273K [0x00000000eb900000, 0x00000000efc00000, 0x0000000100000000)
  eden space 31744K, 100% used [0x00000000eb900000,0x00000000ed800000,0x00000000ed800000)
  from space 2560K, 98% used [0x00000000ed800000,0x00000000eda78790,0x00000000eda80000)
  to   space 2560K, 0% used [0x00000000ef980000,0x00000000ef980000,0x00000000efc00000)
 ParOldGen       total 42496K, used 10259K [0x00000000c2a00000, 0x00000000c5380000, 0x00000000eb900000)
  object space 42496K, 24% used [0x00000000c2a00000,0x00000000c3404c40,0x00000000c5380000)
 Metaspace       used 13560K, capacity 13972K, committed 14208K, reserved 1062912K
  class space    used 1555K, capacity 1658K, committed 1664K, reserved 1048576K
Event: 52.059 GC heap after
Heap after GC invocations=7 (full 1):
 PSYoungGen      total 62976K, used 2545K [0x00000000eb900000, 0x00000000f0200000, 0x0000000100000000)
  eden space 60416K, 0% used [0x00000000eb900000,0x00000000eb900000,0x00000000ef400000)
  from space 2560K, 99% used [0x00000000ef980000,0x00000000efbfc7e0,0x00000000efc00000)
  to   space 5632K, 0% used [0x00000000ef400000,0x00000000ef400000,0x00000000ef980000)
 ParOldGen       total 42496K, used 12159K [0x00000000c2a00000, 0x00000000c5380000, 0x00000000eb900000)
  object space 42496K, 28% used [0x00000000c2a00000,0x00000000c35dffc8,0x00000000c5380000)
 Metaspace       used 13560K, capacity 13972K, committed 14208K, reserved 1062912K
  class space    used 1555K, capacity 1658K, committed 1664K, reserved 1048576K
}
Event: 53.508 GC heap before
{Heap before GC invocations=8 (full 1):
 PSYoungGen      total 62976K, used 62961K [0x00000000eb900000, 0x00000000f0200000, 0x0000000100000000)
  eden space 60416K, 100% used [0x00000000eb900000,0x00000000ef400000,0x00000000ef400000)
  from space 2560K, 99% used [0x00000000ef980000,0x00000000efbfc7e0,0x00000000efc00000)
  to   space 5632K, 0% used [0x00000000ef400000,0x00000000ef400000,0x00000000ef980000)
 ParOldGen       total 42496K, used 12159K [0x00000000c2a00000, 0x00000000c5380000, 0x00000000eb900000)
  object space 42496K, 28% used [0x00000000c2a00000,0x00000000c35dffc8,0x00000000c5380000)
 Metaspace       used 13613K, capacity 13972K, committed 14208K, reserved 1062912K
  class space    used 1555K, capacity 1658K, committed 1664K, reserved 1048576K
Event: 53.557 GC heap after
Heap after GC invocations=8 (full 1):
 PSYoungGen      total 66048K, used 5617K [0x00000000eb900000, 0x00000000f3c00000, 0x0000000100000000)
  eden space 60416K, 0% used [0x00000000eb900000,0x00000000eb900000,0x00000000ef400000)
  from space 5632K, 99% used [0x00000000ef400000,0x00000000ef97c7e0,0x00000000ef980000)
  to   space 6656K, 0% used [0x00000000f3580000,0x00000000f3580000,0x00000000f3c00000)
 ParOldGen       total 42496K, used 13101K [0x00000000c2a00000, 0x00000000c5380000, 0x00000000eb900000)
  object space 42496K, 30% used [0x00000000c2a00000,0x00000000c36cb448,0x00000000c5380000)
 Metaspace       used 13613K, capacity 13972K, committed 14208K, reserved 1062912K
  class space    used 1555K, capacity 1658K, committed 1664K, reserved 1048576K
}
Event: 55.397 GC heap before
{Heap before GC invocations=9 (full 1):
 PSYoungGen      total 66048K, used 66033K [0x00000000eb900000, 0x00000000f3c00000, 0x0000000100000000)
  eden space 60416K, 100% used [0x00000000eb900000,0x00000000ef400000,0x00000000ef400000)
  from space 5632K, 99% used [0x00000000ef400000,0x00000000ef97c7e0,0x00000000ef980000)
  to   space 6656K, 0% used [0x00000000f3580000,0x00000000f3580000,0x00000000f3c00000)
 ParOldGen       total 42496K, used 13101K [0x00000000c2a00000, 0x00000000c5380000, 0x00000000eb900000)
  object space 42496K, 30% used [0x00000000c2a00000,0x00000000c36cb448,0x00000000c5380000)
 Metaspace       used 13651K, capacity 14036K, committed 14208K, reserved 1062912K
  class space    used 1555K, capacity 1658K, committed 1664K, reserved 1048576K

