# JRE version: Java(TM) SE Runtime Environment (8.0_201-b09) (build 1.8.0_201-b09)
# Java VM: Java HotSpot(TM) 64-Bit Server VM (25.201-b09 mixed mode linux-amd64 compressed oops)
Heap:
 PSYoungGen      total 31232K, used 4256K [0x00000000eb900000, 0x00000000edc00000, 0x0000000100000000)
  eden space 26624K, 0% used [0x00000000eb900000,0x00000000eb900000,0x00000000ed300000)
  from space 4608K, 92% used [0x00000000ed300000,0x00000000ed7280a0,0x00000000ed780000)
  to   space 4608K, 0% used [0x00000000ed780000,0x00000000ed780000,0x00000000edc00000)
 ParOldGen       total 42496K, used 9798K [0x00000000c2a00000, 0x00000000c5380000, 0x00000000eb900000)
  object space 42496K, 23% used [0x00000000c2a00000,0x00000000c3391808,0x00000000c5380000)
 Metaspace       used 13768K, capacity 14126K, committed 14336K, reserved 1062912K
  class space    used 1565K, capacity 1667K, committed 1792K, reserved 1048576K
GC Heap History (10 events):
Event: 32.818 GC heap after
Heap after GC invocations=5 (full 1):
 PSYoungGen      total 18432K, used 2542K [0x00000000eb900000, 0x00000000ecd80000, 0x0000000100000000)
  eden space 15872K, 0% used [0x00000000eb900000,0x00000000eb900000,0x00000000ec880000)
  from space 2560K, 99% used [0x00000000ecb00000,0x00000000ecd7b840,0x00000000ecd80000)
  to   space 2560K, 0% used [0x00000000ec880000,0x00000000ec880000,0x00000000ecb00000)
 ParOldGen       total 42496K, used 5689K [0x00000000c2a00000, 0x00000000c5380000, 0x00000000eb900000)
  object space 42496K, 13% used [0x00000000c2a00000,0x00000000c2f8e5a8,0x00000000c5380000)
 Metaspace       used 13549K, capacity 13934K, committed 14080K, reserved 1060864K
  class space    used 1564K, capacity 1667K, committed 1792K, reserved 1048576K
}
Event: 33.592 GC heap before
{Heap before GC invocations=6 (full 1):
 PSYoungGen      total 18432K, used 18414K [0x00000000eb900000, 0x00000000ecd80000, 0x0000000100000000)
  eden space 15872K, 100% used [0x00000000eb900000,0x00000000ec880000,0x00000000ec880000)
  from space 2560K, 99% used [0x00000000ecb00000,0x00000000ecd7b840,0x00000000ecd80000)
  to   space 2560K, 0% used [0x00000000ec880000,0x00000000ec880000,0x00000000ecb00000)
 ParOldGen       total 42496K, used 5689K [0x00000000c2a00000, 0x00000000c5380000, 0x00000000eb900000)
  object space 42496K, 13% used [0x00000000c2a00000,0x00000000c2f8e5a8,0x00000000c5380000)
 Metaspace       used 13625K, capacity 13998K, committed 14336K, reserved 1062912K
  class space    used 1564K, capacity 1667K, committed 1792K, reserved 1048576K
Event: 33.608 GC heap after
Heap after GC invocations=6 (full 1):
 PSYoungGen      total 18432K, used 2560K [0x00000000eb900000, 0x00000000ecd80000, 0x0000000100000000)
  eden space 15872K, 0% used [0x00000000eb900000,0x00000000eb900000,0x00000000ec880000)
  from space 2560K, 100% used [0x00000000ec880000,0x00000000ecb00000,0x00000000ecb00000)
  to   space 2560K, 0% used [0x00000000ecb00000,0x00000000ecb00000,0x00000000ecd80000)
 ParOldGen       total 42496K, used 6785K [0x00000000c2a00000, 0x00000000c5380000, 0x00000000eb900000)
  object space 42496K, 15% used [0x00000000c2a00000,0x00000000c30a0678,0x00000000c5380000)
 Metaspace       used 13625K, capacity 13998K, committed 14336K, reserved 1062912K
  class space    used 1564K, capacity 1667K, committed 1792K, reserved 1048576K
}
Event: 34.033 GC heap before
{Heap before GC invocations=7 (full 1):
 PSYoungGen      total 18432K, used 18432K [0x00000000eb900000, 0x00000000ecd80000, 0x0000000100000000)
  eden space 15872K, 100% used [0x00000000eb900000,0x00000000ec880000,0x00000000ec880000)
  from space 2560K, 100% used [0x00000000ec880000,0x00000000ecb00000,0x00000000ecb00000)
  to   space 2560K, 0% used [0x00000000ecb00000,0x00000000ecb00000,0x00000000ecd80000)
 ParOldGen       total 42496K, used 6785K [0x00000000c2a00000, 0x00000000c5380000, 0x00000000eb900000)
  object space 42496K, 15% used [0x00000000c2a00000,0x00000000c30a0678,0x00000000c5380000)
 Metaspace       used 13672K, capacity 13998K, committed 14336K, reserved 1062912K
  class space    used 1565K, capacity 1667K, committed 1792K, reserved 1048576K
Event: 34.054 GC heap after
Heap after GC invocations=7 (full 1):
 PSYoungGen      total 15872K, used 2560K [0x00000000eb900000, 0x00000000ee200000, 0x0000000100000000)
  eden space 13312K, 0% used [0x00000000eb900000,0x00000000eb900000,0x00000000ec600000)
  from space 2560K, 100% used [0x00000000ecb00000,0x00000000ecd80000,0x00000000ecd80000)
  to   space 5120K, 0% used [0x00000000ec600000,0x00000000ec600000,0x00000000ecb00000)
 ParOldGen       total 42496K, used 7992K [0x00000000c2a00000, 0x00000000c5380000, 0x00000000eb900000)
  object space 42496K, 18% used [0x00000000c2a00000,0x00000000c31ce3e8,0x00000000c5380000)
 Metaspace       used 13672K, capacity 13998K, committed 14336K, reserved 1062912K
  class space    used 1565K, capacity 1667K, committed 1792K, reserved 1048576K
}
Event: 34.368 GC heap before
{Heap before GC invocations=8 (full 1):
 PSYoungGen      total 15872K, used 15872K [0x00000000eb900000, 0x00000000ee200000, 0x0000000100000000)
  eden space 13312K, 100% used [0x00000000eb900000,0x00000000ec600000,0x00000000ec600000)
  from space 2560K, 100% used [0x00000000ecb00000,0x00000000ecd80000,0x00000000ecd80000)
  to   space 5120K, 0% used [0x00000000ec600000,0x00000000ec600000,0x00000000ecb00000)
 ParOldGen       total 42496K, used 7992K [0x00000000c2a00000, 0x00000000c5380000, 0x00000000eb900000)
  object space 42496K, 18% used [0x00000000c2a00000,0x00000000c31ce3e8,0x00000000c5380000)
 Metaspace       used 13716K, capacity 14062K, committed 14336K, reserved 1062912K
  class space    used 1565K, capacity 1667K, committed 1792K, reserved 1048576K
Event: 34.386 GC heap after
Heap after GC invocations=8 (full 1):
 PSYoungGen      total 18432K, used 3424K [0x00000000eb900000, 0x00000000edc00000, 0x0000000100000000)
  eden space 13312K, 0% used [0x00000000eb900000,0x00000000eb900000,0x00000000ec600000)
  from space 5120K, 66% used [0x00000000ec600000,0x00000000ec958010,0x00000000ecb00000)
  to   space 4608K, 0% used [0x00000000ed780000,0x00000000ed780000,0x00000000edc00000)
 ParOldGen       total 42496K, used 8000K [0x00000000c2a00000, 0x00000000c5380000, 0x00000000eb900000)
  object space 42496K, 18% used [0x00000000c2a00000,0x00000000c31d03e8,0x00000000c5380000)
 Metaspace       used 13716K, capacity 14062K, committed 14336K, reserved 1062912K
  class space    used 1565K, capacity 1667K, committed 1792K, reserved 1048576K
}
Event: 34.703 GC heap before
{Heap before GC invocations=9 (full 1):
 PSYoungGen      total 18432K, used 16736K [0x00000000eb900000, 0x00000000edc00000, 0x0000000100000000)
  eden space 13312K, 100% used [0x00000000eb900000,0x00000000ec600000,0x00000000ec600000)
  from space 5120K, 66% used [0x00000000ec600000,0x00000000ec958010,0x00000000ecb00000)
  to   space 4608K, 0% used [0x00000000ed780000,0x00000000ed780000,0x00000000edc00000)
 ParOldGen       total 42496K, used 8000K [0x00000000c2a00000, 0x00000000c5380000, 0x00000000eb900000)
  object space 42496K, 18% used [0x00000000c2a00000,0x00000000c31d03e8,0x00000000c5380000)
 Metaspace       used 13733K, capacity 14062K, committed 14336K, reserved 1062912K
  class space    used 1565K, capacity 1667K, committed 1792K, reserved 1048576K
Event: 34.726 GC heap after
Heap after GC invocations=9 (full 1):
 PSYoungGen      total 31232K, used 3712K [0x00000000eb900000, 0x00000000edc00000, 0x0000000100000000)
  eden space 26624K, 0% used [0x00000000eb900000,0x00000000eb900000,0x00000000ed300000)
  from space 4608K, 80% used [0x00000000ed780000,0x00000000edb20010,0x00000000edc00000)
  to   space 4608K, 0% used [0x00000000ed300000,0x00000000ed300000,0x00000000ed780000)
 ParOldGen       total 42496K, used 8494K [0x00000000c2a00000, 0x00000000c5380000, 0x00000000eb900000)
  object space 42496K, 19% used [0x00000000c2a00000,0x00000000c324b808,0x00000000c5380000)
 Metaspace       used 13733K, capacity 14062K, committed 14336K, reserved 1062912K
  class space    used 1565K, capacity 1667K, committed 1792K, reserved 1048576K
}
Event: 35.295 GC heap before
{Heap before GC invocations=10 (full 1):
 PSYoungGen      total 31232K, used 30336K [0x00000000eb900000, 0x00000000edc00000, 0x0000000100000000)
  eden space 26624K, 100% used [0x00000000eb900000,0x00000000ed300000,0x00000000ed300000)
  from space 4608K, 80% used [0x00000000ed780000,0x00000000edb20010,0x00000000edc00000)
  to   space 4608K, 0% used [0x00000000ed300000,0x00000000ed300000,0x00000000ed780000)
 ParOldGen       total 42496K, used 8494K [0x00000000c2a00000, 0x00000000c5380000, 0x00000000eb900000)
  object space 42496K, 19% used [0x00000000c2a00000,0x00000000c324b808,0x00000000c5380000)
 Metaspace       used 13768K, capacity 14126K, committed 14336K, reserved 1062912K
  class space    used 1565K, capacity 1667K, committed 1792K, reserved 1048576K

