# JRE version: Java(TM) SE Runtime Environment (8.0_201-b09) (build 1.8.0_201-b09)
# Java VM: Java HotSpot(TM) 64-Bit Server VM (25.201-b09 mixed mode linux-amd64 compressed oops)
Heap:
 PSYoungGen      total 99328K, used 2640K [0x00000000eb900000, 0x00000000f3480000, 0x0000000100000000)
  eden space 93696K, 0% used [0x00000000eb900000,0x00000000eb900000,0x00000000f1480000)
  from space 5632K, 46% used [0x00000000f2980000,0x00000000f2c140b0,0x00000000f2f00000)
  to   space 4096K, 0% used [0x00000000f3080000,0x00000000f3080000,0x00000000f3480000)
 ParOldGen       total 42496K, used 12971K [0x00000000c2a00000, 0x00000000c5380000, 0x00000000eb900000)
  object space 42496K, 30% used [0x00000000c2a00000,0x00000000c36aac08,0x00000000c5380000)
 Metaspace       used 14218K, capacity 14704K, committed 14848K, reserved 1062912K
  class space    used 1607K, capacity 1743K, committed 1792K, reserved 1048576K
GC Heap History (10 events):
Event: 42.636 GC heap after
Heap after GC invocations=7 (full 1):
 PSYoungGen      total 32256K, used 2560K [0x00000000eb900000, 0x00000000ee100000, 0x0000000100000000)
  eden space 29696K, 0% used [0x00000000eb900000,0x00000000eb900000,0x00000000ed600000)
  from space 2560K, 100% used [0x00000000eda80000,0x00000000edd00000,0x00000000edd00000)
  to   space 4608K, 0% used [0x00000000ed600000,0x00000000ed600000,0x00000000eda80000)
 ParOldGen       total 42496K, used 6582K [0x00000000c2a00000, 0x00000000c5380000, 0x00000000eb900000)
  object space 42496K, 15% used [0x00000000c2a00000,0x00000000c306db10,0x00000000c5380000)
 Metaspace       used 14085K, capacity 14576K, committed 14848K, reserved 1062912K
  class space    used 1607K, capacity 1743K, committed 1792K, reserved 1048576K
}
Event: 43.076 GC heap before
{Heap before GC invocations=8 (full 1):
 PSYoungGen      total 32256K, used 32256K [0x00000000eb900000, 0x00000000ee100000, 0x0000000100000000)
  eden space 29696K, 100% used [0x00000000eb900000,0x00000000ed600000,0x00000000ed600000)
  from space 2560K, 100% used [0x00000000eda80000,0x00000000edd00000,0x00000000edd00000)
  to   space 4608K, 0% used [0x00000000ed600000,0x00000000ed600000,0x00000000eda80000)
 ParOldGen       total 42496K, used 6582K [0x00000000c2a00000, 0x00000000c5380000, 0x00000000eb900000)
  object space 42496K, 15% used [0x00000000c2a00000,0x00000000c306db10,0x00000000c5380000)
 Metaspace       used 14142K, capacity 14640K, committed 14848K, reserved 1062912K
  class space    used 1607K, capacity 1743K, committed 1792K, reserved 1048576K
Event: 43.088 GC heap after
Heap after GC invocations=8 (full 1):
 PSYoungGen      total 34304K, used 4128K [0x00000000eb900000, 0x00000000efc00000, 0x0000000100000000)
  eden space 29696K, 0% used [0x00000000eb900000,0x00000000eb900000,0x00000000ed600000)
  from space 4608K, 89% used [0x00000000ed600000,0x00000000eda08060,0x00000000eda80000)
  to   space 4608K, 0% used [0x00000000ef780000,0x00000000ef780000,0x00000000efc00000)
 ParOldGen       total 42496K, used 6590K [0x00000000c2a00000, 0x00000000c5380000, 0x00000000eb900000)
  object space 42496K, 15% used [0x00000000c2a00000,0x00000000c306fb10,0x00000000c5380000)
 Metaspace       used 14142K, capacity 14640K, committed 14848K, reserved 1062912K
  class space    used 1607K, capacity 1743K, committed 1792K, reserved 1048576K
}
Event: 43.533 GC heap before
{Heap before GC invocations=9 (full 1):
 PSYoungGen      total 34304K, used 33824K [0x00000000eb900000, 0x00000000efc00000, 0x0000000100000000)
  eden space 29696K, 100% used [0x00000000eb900000,0x00000000ed600000,0x00000000ed600000)
  from space 4608K, 89% used [0x00000000ed600000,0x00000000eda08060,0x00000000eda80000)
  to   space 4608K, 0% used [0x00000000ef780000,0x00000000ef780000,0x00000000efc00000)
 ParOldGen       total 42496K, used 6590K [0x00000000c2a00000, 0x00000000c5380000, 0x00000000eb900000)
  object space 42496K, 15% used [0x00000000c2a00000,0x00000000c306fb10,0x00000000c5380000)
 Metaspace       used 14159K, capacity 14640K, committed 14848K, reserved 1062912K
  class space    used 1607K, capacity 1743K, committed 1792K, reserved 1048576K
Event: 43.548 GC heap after
Heap after GC invocations=9 (full 1):
 PSYoungGen      total 62976K, used 4576K [0x00000000eb900000, 0x00000000efe00000, 0x0000000100000000)
  eden space 58368K, 0% used [0x00000000eb900000,0x00000000eb900000,0x00000000ef200000)
  from space 4608K, 99% used [0x00000000ef780000,0x00000000efbf8060,0x00000000efc00000)
  to   space 5632K, 0% used [0x00000000ef200000,0x00000000ef200000,0x00000000ef780000)
 ParOldGen       total 42496K, used 7807K [0x00000000c2a00000, 0x00000000c5380000, 0x00000000eb900000)
  object space 42496K, 18% used [0x00000000c2a00000,0x00000000c319fed8,0x00000000c5380000)
 Metaspace       used 14159K, capacity 14640K, committed 14848K, reserved 1062912K
  class space    used 1607K, capacity 1743K, committed 1792K, reserved 1048576K
}
Event: 44.146 GC heap before
{Heap before GC invocations=10 (full 1):
 PSYoungGen      total 62976K, used 62944K [0x00000000eb900000, 0x00000000efe00000, 0x0000000100000000)
  eden space 58368K, 100% used [0x00000000eb900000,0x00000000ef200000,0x00000000ef200000)
  from space 4608K, 99% used [0x00000000ef780000,0x00000000efbf8060,0x00000000efc00000)
  to   space 5632K, 0% used [0x00000000ef200000,0x00000000ef200000,0x00000000ef780000)
 ParOldGen       total 42496K, used 7807K [0x00000000c2a00000, 0x00000000c5380000, 0x00000000eb900000)
  object space 42496K, 18% used [0x00000000c2a00000,0x00000000c319fed8,0x00000000c5380000)
 Metaspace       used 14186K, capacity 14640K, committed 14848K, reserved 1062912K
  class space    used 1607K, capacity 1743K, committed 1792K, reserved 1048576K
Event: 44.164 GC heap after
Heap after GC invocations=10 (full 1):
 PSYoungGen      total 64000K, used 3936K [0x00000000eb900000, 0x00000000f3600000, 0x0000000100000000)
  eden space 58368K, 0% used [0x00000000eb900000,0x00000000eb900000,0x00000000ef200000)
  from space 5632K, 69% used [0x00000000ef200000,0x00000000ef5d8020,0x00000000ef780000)
  to   space 5632K, 0% used [0x00000000f3080000,0x00000000f3080000,0x00000000f3600000)
 ParOldGen       total 42496K, used 9052K [0x00000000c2a00000, 0x00000000c5380000, 0x00000000eb900000)
  object space 42496K, 21% used [0x00000000c2a00000,0x00000000c32d7028,0x00000000c5380000)
 Metaspace       used 14186K, capacity 14640K, committed 14848K, reserved 1062912K
  class space    used 1607K, capacity 1743K, committed 1792K, reserved 1048576K
}
Event: 44.681 GC heap before
{Heap before GC invocations=11 (full 1):
 PSYoungGen      total 64000K, used 62304K [0x00000000eb900000, 0x00000000f3600000, 0x0000000100000000)
  eden space 58368K, 100% used [0x00000000eb900000,0x00000000ef200000,0x00000000ef200000)
  from space 5632K, 69% used [0x00000000ef200000,0x00000000ef5d8020,0x00000000ef780000)
  to   space 5632K, 0% used [0x00000000f3080000,0x00000000f3080000,0x00000000f3600000)
 ParOldGen       total 42496K, used 9052K [0x00000000c2a00000, 0x00000000c5380000, 0x00000000eb900000)
  object space 42496K, 21% used [0x00000000c2a00000,0x00000000c32d7028,0x00000000c5380000)
 Metaspace       used 14205K, capacity 14704K, committed 14848K, reserved 1062912K
  class space    used 1607K, capacity 1743K, committed 1792K, reserved 1048576K
Event: 44.711 GC heap after
Heap after GC invocations=11 (full 1):
 PSYoungGen      total 97792K, used 4016K [0x00000000eb900000, 0x00000000f3480000, 0x0000000100000000)
  eden space 93696K, 0% used [0x00000000eb900000,0x00000000eb900000,0x00000000f1480000)
  from space 4096K, 98% used [0x00000000f3080000,0x00000000f346c0b0,0x00000000f3480000)
  to   space 5632K, 0% used [0x00000000f2980000,0x00000000f2980000,0x00000000f2f00000)
 ParOldGen       total 42496K, used 10912K [0x00000000c2a00000, 0x00000000c5380000, 0x00000000eb900000)
  object space 42496K, 25% used [0x00000000c2a00000,0x00000000c34a8068,0x00000000c5380000)
 Metaspace       used 14205K, capacity 14704K, committed 14848K, reserved 1062912K
  class space    used 1607K, capacity 1743K, committed 1792K, reserved 1048576K
}
Event: 46.421 GC heap before
{Heap before GC invocations=12 (full 1):
 PSYoungGen      total 97792K, used 97712K [0x00000000eb900000, 0x00000000f3480000, 0x0000000100000000)
  eden space 93696K, 100% used [0x00000000eb900000,0x00000000f1480000,0x00000000f1480000)
  from space 4096K, 98% used [0x00000000f3080000,0x00000000f346c0b0,0x00000000f3480000)
  to   space 5632K, 0% used [0x00000000f2980000,0x00000000f2980000,0x00000000f2f00000)
 ParOldGen       total 42496K, used 10912K [0x00000000c2a00000, 0x00000000c5380000, 0x00000000eb900000)
  object space 42496K, 25% used [0x00000000c2a00000,0x00000000c34a8068,0x00000000c5380000)
 Metaspace       used 14218K, capacity 14704K, committed 14848K, reserved 1062912K
  class space    used 1607K, capacity 1743K, committed 1792K, reserved 1048576K

