# JRE version: Java(TM) SE Runtime Environment (8.0_201-b09) (build 1.8.0_201-b09)
# Java VM: Java HotSpot(TM) 64-Bit Server VM (25.201-b09 mixed mode linux-amd64 compressed oops)
Heap:
 PSYoungGen      total 231424K, used 24986K [0x00000000eb900000, 0x0000000100000000, 0x0000000100000000)
  eden space 175104K, 0% used [0x00000000eb900000,0x00000000eb900000,0x00000000f6400000)
  from space 56320K, 44% used [0x00000000fc900000,0x00000000fe166988,0x0000000100000000)
  to   space 79872K, 0% used [0x00000000f6400000,0x00000000f6400000,0x00000000fb200000)
 ParOldGen       total 184320K, used 183984K [0x00000000c2a00000, 0x00000000cde00000, 0x00000000eb900000)
  object space 184320K, 99% used [0x00000000c2a00000,0x00000000cddac120,0x00000000cde00000)
 Metaspace       used 35842K, capacity 36984K, committed 37120K, reserved 1081344K
  class space    used 4010K, capacity 4284K, committed 4352K, reserved 1048576K
GC Heap History (10 events):
Event: 143.996 GC heap after
Heap after GC invocations=64 (full 4):
 PSYoungGen      total 283648K, used 31628K [0x00000000eb900000, 0x0000000100000000, 0x0000000100000000)
  eden space 233472K, 0% used [0x00000000eb900000,0x00000000eb900000,0x00000000f9d00000)
  from space 50176K, 63% used [0x00000000fcf00000,0x00000000fede32b8,0x0000000100000000)
  to   space 50688K, 0% used [0x00000000f9d00000,0x00000000f9d00000,0x00000000fce80000)
 ParOldGen       total 184320K, used 149801K [0x00000000c2a00000, 0x00000000cde00000, 0x00000000eb900000)
  object space 184320K, 81% used [0x00000000c2a00000,0x00000000cbc4a4e8,0x00000000cde00000)
 Metaspace       used 29246K, capacity 30380K, committed 30592K, reserved 1077248K
  class space    used 3358K, capacity 3642K, committed 3712K, reserved 1048576K
}
Event: 145.409 GC heap before
{Heap before GC invocations=65 (full 4):
 PSYoungGen      total 283648K, used 265100K [0x00000000eb900000, 0x0000000100000000, 0x0000000100000000)
  eden space 233472K, 100% used [0x00000000eb900000,0x00000000f9d00000,0x00000000f9d00000)
  from space 50176K, 63% used [0x00000000fcf00000,0x00000000fede32b8,0x0000000100000000)
  to   space 50688K, 0% used [0x00000000f9d00000,0x00000000f9d00000,0x00000000fce80000)
 ParOldGen       total 184320K, used 149801K [0x00000000c2a00000, 0x00000000cde00000, 0x00000000eb900000)
  object space 184320K, 81% used [0x00000000c2a00000,0x00000000cbc4a4e8,0x00000000cde00000)
 Metaspace       used 29279K, capacity 30444K, committed 30592K, reserved 1077248K
  class space    used 3362K, capacity 3642K, committed 3712K, reserved 1048576K
Event: 145.468 GC heap after
Heap after GC invocations=65 (full 4):
 PSYoungGen      total 280064K, used 46412K [0x00000000eb900000, 0x0000000100000000, 0x0000000100000000)
  eden space 233472K, 0% used [0x00000000eb900000,0x00000000eb900000,0x00000000f9d00000)
  from space 46592K, 99% used [0x00000000f9d00000,0x00000000fca532b8,0x00000000fca80000)
  to   space 54784K, 0% used [0x00000000fca80000,0x00000000fca80000,0x0000000100000000)
 ParOldGen       total 184320K, used 149801K [0x00000000c2a00000, 0x00000000cde00000, 0x00000000eb900000)
  object space 184320K, 81% used [0x00000000c2a00000,0x00000000cbc4a4e8,0x00000000cde00000)
 Metaspace       used 29279K, capacity 30444K, committed 30592K, reserved 1077248K
  class space    used 3362K, capacity 3642K, committed 3712K, reserved 1048576K
}
Event: 146.665 GC heap before
{Heap before GC invocations=66 (full 4):
 PSYoungGen      total 280064K, used 279884K [0x00000000eb900000, 0x0000000100000000, 0x0000000100000000)
  eden space 233472K, 100% used [0x00000000eb900000,0x00000000f9d00000,0x00000000f9d00000)
  from space 46592K, 99% used [0x00000000f9d00000,0x00000000fca532b8,0x00000000fca80000)
  to   space 54784K, 0% used [0x00000000fca80000,0x00000000fca80000,0x0000000100000000)
 ParOldGen       total 184320K, used 149801K [0x00000000c2a00000, 0x00000000cde00000, 0x00000000eb900000)
  object space 184320K, 81% used [0x00000000c2a00000,0x00000000cbc4a4e8,0x00000000cde00000)
 Metaspace       used 29547K, capacity 30700K, committed 30848K, reserved 1077248K
  class space    used 3387K, capacity 3642K, committed 3712K, reserved 1048576K
Event: 146.684 GC heap after
Heap after GC invocations=66 (full 4):
 PSYoungGen      total 276992K, used 33365K [0x00000000eb900000, 0x0000000100000000, 0x0000000100000000)
  eden space 222208K, 0% used [0x00000000eb900000,0x00000000eb900000,0x00000000f9200000)
  from space 54784K, 60% used [0x00000000fca80000,0x00000000feb15540,0x0000000100000000)
  to   space 56320K, 0% used [0x00000000f9200000,0x00000000f9200000,0x00000000fc900000)
 ParOldGen       total 184320K, used 149801K [0x00000000c2a00000, 0x00000000cde00000, 0x00000000eb900000)
  object space 184320K, 81% used [0x00000000c2a00000,0x00000000cbc4a4e8,0x00000000cde00000)
 Metaspace       used 29547K, capacity 30700K, committed 30848K, reserved 1077248K
  class space    used 3387K, capacity 3642K, committed 3712K, reserved 1048576K
}
Event: 151.380 GC heap before
{Heap before GC invocations=67 (full 4):
 PSYoungGen      total 276992K, used 255573K [0x00000000eb900000, 0x0000000100000000, 0x0000000100000000)
  eden space 222208K, 100% used [0x00000000eb900000,0x00000000f9200000,0x00000000f9200000)
  from space 54784K, 60% used [0x00000000fca80000,0x00000000feb15540,0x0000000100000000)
  to   space 56320K, 0% used [0x00000000f9200000,0x00000000f9200000,0x00000000fc900000)
 ParOldGen       total 184320K, used 149801K [0x00000000c2a00000, 0x00000000cde00000, 0x00000000eb900000)
  object space 184320K, 81% used [0x00000000c2a00000,0x00000000cbc4a4e8,0x00000000cde00000)
 Metaspace       used 35523K, capacity 36658K, committed 36864K, reserved 1081344K
  class space    used 4008K, capacity 4283K, committed 4352K, reserved 1048576K
Event: 151.523 GC heap after
Heap after GC invocations=67 (full 4):
 PSYoungGen      total 278528K, used 56293K [0x00000000eb900000, 0x0000000100000000, 0x0000000100000000)
  eden space 222208K, 0% used [0x00000000eb900000,0x00000000eb900000,0x00000000f9200000)
  from space 56320K, 99% used [0x00000000f9200000,0x00000000fc8f9560,0x00000000fc900000)
  to   space 56320K, 0% used [0x00000000fc900000,0x00000000fc900000,0x0000000100000000)
 ParOldGen       total 184320K, used 154568K [0x00000000c2a00000, 0x00000000cde00000, 0x00000000eb900000)
  object space 184320K, 83% used [0x00000000c2a00000,0x00000000cc0f23b0,0x00000000cde00000)
 Metaspace       used 35523K, capacity 36658K, committed 36864K, reserved 1081344K
  class space    used 4008K, capacity 4283K, committed 4352K, reserved 1048576K
}
Event: 154.444 GC heap before
{Heap before GC invocations=68 (full 4):
 PSYoungGen      total 278528K, used 278501K [0x00000000eb900000, 0x0000000100000000, 0x0000000100000000)
  eden space 222208K, 100% used [0x00000000eb900000,0x00000000f9200000,0x00000000f9200000)
  from space 56320K, 99% used [0x00000000f9200000,0x00000000fc8f9560,0x00000000fc900000)
  to   space 56320K, 0% used [0x00000000fc900000,0x00000000fc900000,0x0000000100000000)
 ParOldGen       total 184320K, used 154568K [0x00000000c2a00000, 0x00000000cde00000, 0x00000000eb900000)
  object space 184320K, 83% used [0x00000000c2a00000,0x00000000cc0f23b0,0x00000000cde00000)
 Metaspace       used 35842K, capacity 36984K, committed 37120K, reserved 1081344K
  class space    used 4010K, capacity 4284K, committed 4352K, reserved 1048576K
Event: 154.609 GC heap after
Heap after GC invocations=68 (full 4):
 PSYoungGen      total 231424K, used 56314K [0x00000000eb900000, 0x0000000100000000, 0x0000000100000000)
  eden space 175104K, 0% used [0x00000000eb900000,0x00000000eb900000,0x00000000f6400000)
  from space 56320K, 99% used [0x00000000fc900000,0x00000000ffffe928,0x0000000100000000)
  to   space 79872K, 0% used [0x00000000f6400000,0x00000000f6400000,0x00000000fb200000)
 ParOldGen       total 184320K, used 175695K [0x00000000c2a00000, 0x00000000cde00000, 0x00000000eb900000)
  object space 184320K, 95% used [0x00000000c2a00000,0x00000000cd593ca0,0x00000000cde00000)
 Metaspace       used 35842K, capacity 36984K, committed 37120K, reserved 1081344K
  class space    used 4010K, capacity 4284K, committed 4352K, reserved 1048576K
}
Event: 154.609 GC heap before
{Heap before GC invocations=69 (full 5):
 PSYoungGen      total 231424K, used 56314K [0x00000000eb900000, 0x0000000100000000, 0x0000000100000000)
  eden space 175104K, 0% used [0x00000000eb900000,0x00000000eb900000,0x00000000f6400000)
  from space 56320K, 99% used [0x00000000fc900000,0x00000000ffffe928,0x0000000100000000)
  to   space 79872K, 0% used [0x00000000f6400000,0x00000000f6400000,0x00000000fb200000)
 ParOldGen       total 184320K, used 175695K [0x00000000c2a00000, 0x00000000cde00000, 0x00000000eb900000)
  object space 184320K, 95% used [0x00000000c2a00000,0x00000000cd593ca0,0x00000000cde00000)
 Metaspace       used 35842K, capacity 36984K, committed 37120K, reserved 1081344K
  class space    used 4010K, capacity 4284K, committed 4352K, reserved 1048576K

