# JRE version: Java(TM) SE Runtime Environment (8.0_201-b09) (build 1.8.0_201-b09)
# Java VM: Java HotSpot(TM) 64-Bit Server VM (25.201-b09 mixed mode linux-amd64 compressed oops)
Heap:
 PSYoungGen      total 126976K, used 8600K [0x00000000eb900000, 0x00000000f4300000, 0x0000000100000000)
  eden space 116224K, 0% used [0x00000000eb900000,0x00000000eb900000,0x00000000f2a80000)
  from space 10752K, 79% used [0x00000000f2a80000,0x00000000f32e6120,0x00000000f3500000)
  to   space 7168K, 0% used [0x00000000f3500000,0x00000000f3500000,0x00000000f3c00000)
 ParOldGen       total 42496K, used 19184K [0x00000000c2a00000, 0x00000000c5380000, 0x00000000eb900000)
  object space 42496K, 45% used [0x00000000c2a00000,0x00000000c3cbc2f8,0x00000000c5380000)
 Metaspace       used 15032K, capacity 15512K, committed 15744K, reserved 1062912K
  class space    used 1645K, capacity 1812K, committed 1920K, reserved 1048576K
GC Heap History (10 events):
Event: 28.598 GC heap after
Heap after GC invocations=5 (full 1):
 PSYoungGen      total 34304K, used 2560K [0x00000000eb900000, 0x00000000edd00000, 0x0000000100000000)
  eden space 31744K, 0% used [0x00000000eb900000,0x00000000eb900000,0x00000000ed800000)
  from space 2560K, 100% used [0x00000000eda80000,0x00000000edd00000,0x00000000edd00000)
  to   space 2560K, 0% used [0x00000000ed800000,0x00000000ed800000,0x00000000eda80000)
 ParOldGen       total 42496K, used 7847K [0x00000000c2a00000, 0x00000000c5380000, 0x00000000eb900000)
  object space 42496K, 18% used [0x00000000c2a00000,0x00000000c31a9fa0,0x00000000c5380000)
 Metaspace       used 13810K, capacity 14246K, committed 14336K, reserved 1062912K
  class space    used 1585K, capacity 1703K, committed 1792K, reserved 1048576K
}
Event: 29.834 GC heap before
{Heap before GC invocations=6 (full 1):
 PSYoungGen      total 34304K, used 34304K [0x00000000eb900000, 0x00000000edd00000, 0x0000000100000000)
  eden space 31744K, 100% used [0x00000000eb900000,0x00000000ed800000,0x00000000ed800000)
  from space 2560K, 100% used [0x00000000eda80000,0x00000000edd00000,0x00000000edd00000)
  to   space 2560K, 0% used [0x00000000ed800000,0x00000000ed800000,0x00000000eda80000)
 ParOldGen       total 42496K, used 7847K [0x00000000c2a00000, 0x00000000c5380000, 0x00000000eb900000)
  object space 42496K, 18% used [0x00000000c2a00000,0x00000000c31a9fa0,0x00000000c5380000)
 Metaspace       used 13864K, capacity 14246K, committed 14336K, reserved 1062912K
  class space    used 1585K, capacity 1703K, committed 1792K, reserved 1048576K
Event: 29.891 GC heap after
Heap after GC invocations=6 (full 1):
 PSYoungGen      total 34304K, used 2544K [0x00000000eb900000, 0x00000000efc00000, 0x0000000100000000)
  eden space 31744K, 0% used [0x00000000eb900000,0x00000000eb900000,0x00000000ed800000)
  from space 2560K, 99% used [0x00000000ed800000,0x00000000eda7c060,0x00000000eda80000)
  to   space 2560K, 0% used [0x00000000ef980000,0x00000000ef980000,0x00000000efc00000)
 ParOldGen       total 42496K, used 9909K [0x00000000c2a00000, 0x00000000c5380000, 0x00000000eb900000)
  object space 42496K, 23% used [0x00000000c2a00000,0x00000000c33ad650,0x00000000c5380000)
 Metaspace       used 13864K, capacity 14246K, committed 14336K, reserved 1062912K
  class space    used 1585K, capacity 1703K, committed 1792K, reserved 1048576K
}
Event: 30.530 GC heap before
{Heap before GC invocations=7 (full 1):
 PSYoungGen      total 34304K, used 34288K [0x00000000eb900000, 0x00000000efc00000, 0x0000000100000000)
  eden space 31744K, 100% used [0x00000000eb900000,0x00000000ed800000,0x00000000ed800000)
  from space 2560K, 99% used [0x00000000ed800000,0x00000000eda7c060,0x00000000eda80000)
  to   space 2560K, 0% used [0x00000000ef980000,0x00000000ef980000,0x00000000efc00000)
 ParOldGen       total 42496K, used 9909K [0x00000000c2a00000, 0x00000000c5380000, 0x00000000eb900000)
  object space 42496K, 23% used [0x00000000c2a00000,0x00000000c33ad650,0x00000000c5380000)
 Metaspace       used 13903K, capacity 14310K, committed 14592K, reserved 1062912K
  class space    used 1585K, capacity 1703K, committed 1792K, reserved 1048576K
Event: 31.652 GC heap after
Heap after GC invocations=7 (full 1):
 PSYoungGen      total 62464K, used 2528K [0x00000000eb900000, 0x00000000f0300000, 0x0000000100000000)
  eden space 59904K, 0% used [0x00000000eb900000,0x00000000eb900000,0x00000000ef380000)
  from space 2560K, 98% used [0x00000000ef980000,0x00000000efbf80a0,0x00000000efc00000)
  to   space 6144K, 0% used [0x00000000ef380000,0x00000000ef380000,0x00000000ef980000)
 ParOldGen       total 42496K, used 12081K [0x00000000c2a00000, 0x00000000c5380000, 0x00000000eb900000)
  object space 42496K, 28% used [0x00000000c2a00000,0x00000000c35cc528,0x00000000c5380000)
 Metaspace       used 13903K, capacity 14310K, committed 14592K, reserved 1062912K
  class space    used 1585K, capacity 1703K, committed 1792K, reserved 1048576K
}
Event: 35.889 GC heap before
{Heap before GC invocations=8 (full 1):
 PSYoungGen      total 62464K, used 62432K [0x00000000eb900000, 0x00000000f0300000, 0x0000000100000000)
  eden space 59904K, 100% used [0x00000000eb900000,0x00000000ef380000,0x00000000ef380000)
  from space 2560K, 98% used [0x00000000ef980000,0x00000000efbf80a0,0x00000000efc00000)
  to   space 6144K, 0% used [0x00000000ef380000,0x00000000ef380000,0x00000000ef980000)
 ParOldGen       total 42496K, used 12081K [0x00000000c2a00000, 0x00000000c5380000, 0x00000000eb900000)
  object space 42496K, 28% used [0x00000000c2a00000,0x00000000c35cc528,0x00000000c5380000)
 Metaspace       used 13943K, capacity 14310K, committed 14592K, reserved 1062912K
  class space    used 1585K, capacity 1703K, committed 1792K, reserved 1048576K
Event: 36.210 GC heap after
Heap after GC invocations=8 (full 1):
 PSYoungGen      total 66048K, used 6128K [0x00000000eb900000, 0x00000000f3c00000, 0x0000000100000000)
  eden space 59904K, 0% used [0x00000000eb900000,0x00000000eb900000,0x00000000ef380000)
  from space 6144K, 99% used [0x00000000ef380000,0x00000000ef97c120,0x00000000ef980000)
  to   space 7168K, 0% used [0x00000000f3500000,0x00000000f3500000,0x00000000f3c00000)
 ParOldGen       total 42496K, used 12817K [0x00000000c2a00000, 0x00000000c5380000, 0x00000000eb900000)
  object space 42496K, 30% used [0x00000000c2a00000,0x00000000c36846e0,0x00000000c5380000)
 Metaspace       used 13943K, capacity 14310K, committed 14592K, reserved 1062912K
  class space    used 1585K, capacity 1703K, committed 1792K, reserved 1048576K
}
Event: 51.628 GC heap before
{Heap before GC invocations=9 (full 1):
 PSYoungGen      total 66048K, used 66032K [0x00000000eb900000, 0x00000000f3c00000, 0x0000000100000000)
  eden space 59904K, 100% used [0x00000000eb900000,0x00000000ef380000,0x00000000ef380000)
  from space 6144K, 99% used [0x00000000ef380000,0x00000000ef97c120,0x00000000ef980000)
  to   space 7168K, 0% used [0x00000000f3500000,0x00000000f3500000,0x00000000f3c00000)
 ParOldGen       total 42496K, used 12817K [0x00000000c2a00000, 0x00000000c5380000, 0x00000000eb900000)
  object space 42496K, 30% used [0x00000000c2a00000,0x00000000c36846e0,0x00000000c5380000)
 Metaspace       used 14951K, capacity 15438K, committed 15616K, reserved 1062912K
  class space    used 1638K, capacity 1775K, committed 1792K, reserved 1048576K
Event: 51.804 GC heap after
Heap after GC invocations=9 (full 1):
 PSYoungGen      total 123392K, used 7136K [0x00000000eb900000, 0x00000000f4300000, 0x0000000100000000)
  eden space 116224K, 0% used [0x00000000eb900000,0x00000000eb900000,0x00000000f2a80000)
  from space 7168K, 99% used [0x00000000f3500000,0x00000000f3bf8110,0x00000000f3c00000)
  to   space 10752K, 0% used [0x00000000f2a80000,0x00000000f2a80000,0x00000000f3500000)
 ParOldGen       total 42496K, used 18696K [0x00000000c2a00000, 0x00000000c5380000, 0x00000000eb900000)
  object space 42496K, 43% used [0x00000000c2a00000,0x00000000c3c422f8,0x00000000c5380000)
 Metaspace       used 14951K, capacity 15438K, committed 15616K, reserved 1062912K
  class space    used 1638K, capacity 1775K, committed 1792K, reserved 1048576K
}
Event: 64.791 GC heap before
{Heap before GC invocations=10 (full 1):
 PSYoungGen      total 123392K, used 123360K [0x00000000eb900000, 0x00000000f4300000, 0x0000000100000000)
  eden space 116224K, 100% used [0x00000000eb900000,0x00000000f2a80000,0x00000000f2a80000)
  from space 7168K, 99% used [0x00000000f3500000,0x00000000f3bf8110,0x00000000f3c00000)
  to   space 10752K, 0% used [0x00000000f2a80000,0x00000000f2a80000,0x00000000f3500000)
 ParOldGen       total 42496K, used 18696K [0x00000000c2a00000, 0x00000000c5380000, 0x00000000eb900000)
  object space 42496K, 43% used [0x00000000c2a00000,0x00000000c3c422f8,0x00000000c5380000)
 Metaspace       used 15032K, capacity 15512K, committed 15744K, reserved 1062912K
  class space    used 1645K, capacity 1812K, committed 1920K, reserved 1048576K

