# JRE version: Java(TM) SE Runtime Environment (8.0_201-b09) (build 1.8.0_201-b09)
# Java VM: Java HotSpot(TM) 64-Bit Server VM (25.201-b09 mixed mode linux-amd64 compressed oops)
Heap:
 PSYoungGen      total 77312K, used 2480K [0x00000000eb900000, 0x00000000f1f00000, 0x0000000100000000)
  eden space 68608K, 0% used [0x00000000eb900000,0x00000000eb900000,0x00000000efc00000)
  from space 8704K, 28% used [0x00000000efc00000,0x00000000efe6c020,0x00000000f0480000)
  to   space 5632K, 0% used [0x00000000f0480000,0x00000000f0480000,0x00000000f0a00000)
 ParOldGen       total 42496K, used 23164K [0x00000000c2a00000, 0x00000000c5380000, 0x00000000eb900000)
  object space 42496K, 54% used [0x00000000c2a00000,0x00000000c409f0b0,0x00000000c5380000)
 Metaspace       used 14928K, capacity 15400K, committed 15616K, reserved 1062912K
  class space    used 1638K, capacity 1778K, committed 1792K, reserved 1048576K
GC Heap History (10 events):
Event: 29.875 GC heap after
Heap after GC invocations=9 (full 1):
 PSYoungGen      total 32256K, used 2944K [0x00000000eb900000, 0x00000000edd00000, 0x0000000100000000)
  eden space 27648K, 0% used [0x00000000eb900000,0x00000000eb900000,0x00000000ed400000)
  from space 4608K, 63% used [0x00000000ed880000,0x00000000edb60010,0x00000000edd00000)
  to   space 4608K, 0% used [0x00000000ed400000,0x00000000ed400000,0x00000000ed880000)
 ParOldGen       total 42496K, used 9398K [0x00000000c2a00000, 0x00000000c5380000, 0x00000000eb900000)
  object space 42496K, 22% used [0x00000000c2a00000,0x00000000c332d9f0,0x00000000c5380000)
 Metaspace       used 13832K, capacity 14182K, committed 14336K, reserved 1062912K
  class space    used 1584K, capacity 1703K, committed 1792K, reserved 1048576K
}
Event: 33.268 GC heap before
{Heap before GC invocations=10 (full 1):
 PSYoungGen      total 32256K, used 30592K [0x00000000eb900000, 0x00000000edd00000, 0x0000000100000000)
  eden space 27648K, 100% used [0x00000000eb900000,0x00000000ed400000,0x00000000ed400000)
  from space 4608K, 63% used [0x00000000ed880000,0x00000000edb60010,0x00000000edd00000)
  to   space 4608K, 0% used [0x00000000ed400000,0x00000000ed400000,0x00000000ed880000)
 ParOldGen       total 42496K, used 9398K [0x00000000c2a00000, 0x00000000c5380000, 0x00000000eb900000)
  object space 42496K, 22% used [0x00000000c2a00000,0x00000000c332d9f0,0x00000000c5380000)
 Metaspace       used 13852K, capacity 14246K, committed 14336K, reserved 1062912K
  class space    used 1584K, capacity 1703K, committed 1792K, reserved 1048576K
Event: 33.323 GC heap after
Heap after GC invocations=10 (full 1):
 PSYoungGen      total 32256K, used 4288K [0x00000000eb900000, 0x00000000ef900000, 0x0000000100000000)
  eden space 27648K, 0% used [0x00000000eb900000,0x00000000eb900000,0x00000000ed400000)
  from space 4608K, 93% used [0x00000000ed400000,0x00000000ed8300a0,0x00000000ed880000)
  to   space 5120K, 0% used [0x00000000ef400000,0x00000000ef400000,0x00000000ef900000)
 ParOldGen       total 42496K, used 10014K [0x00000000c2a00000, 0x00000000c5380000, 0x00000000eb900000)
  object space 42496K, 23% used [0x00000000c2a00000,0x00000000c33c79f0,0x00000000c5380000)
 Metaspace       used 13852K, capacity 14246K, committed 14336K, reserved 1062912K
  class space    used 1584K, capacity 1703K, committed 1792K, reserved 1048576K
}
Event: 33.575 GC heap before
{Heap before GC invocations=11 (full 1):
 PSYoungGen      total 32256K, used 31936K [0x00000000eb900000, 0x00000000ef900000, 0x0000000100000000)
  eden space 27648K, 100% used [0x00000000eb900000,0x00000000ed400000,0x00000000ed400000)
  from space 4608K, 93% used [0x00000000ed400000,0x00000000ed8300a0,0x00000000ed880000)
  to   space 5120K, 0% used [0x00000000ef400000,0x00000000ef400000,0x00000000ef900000)
 ParOldGen       total 42496K, used 10014K [0x00000000c2a00000, 0x00000000c5380000, 0x00000000eb900000)
  object space 42496K, 23% used [0x00000000c2a00000,0x00000000c33c79f0,0x00000000c5380000)
 Metaspace       used 13866K, capacity 14246K, committed 14336K, reserved 1062912K
  class space    used 1584K, capacity 1703K, committed 1792K, reserved 1048576K
Event: 33.591 GC heap after
Heap after GC invocations=11 (full 1):
 PSYoungGen      total 49664K, used 4944K [0x00000000eb900000, 0x00000000ef900000, 0x0000000100000000)
  eden space 44544K, 0% used [0x00000000eb900000,0x00000000eb900000,0x00000000ee480000)
  from space 5120K, 96% used [0x00000000ef400000,0x00000000ef8d40b0,0x00000000ef900000)
  to   space 5632K, 0% used [0x00000000eee00000,0x00000000eee00000,0x00000000ef380000)
 ParOldGen       total 42496K, used 11443K [0x00000000c2a00000, 0x00000000c5380000, 0x00000000eb900000)
  object space 42496K, 26% used [0x00000000c2a00000,0x00000000c352cfe0,0x00000000c5380000)
 Metaspace       used 13866K, capacity 14246K, committed 14336K, reserved 1062912K
  class space    used 1584K, capacity 1703K, committed 1792K, reserved 1048576K
}
Event: 33.934 GC heap before
{Heap before GC invocations=12 (full 1):
 PSYoungGen      total 49664K, used 49488K [0x00000000eb900000, 0x00000000ef900000, 0x0000000100000000)
  eden space 44544K, 100% used [0x00000000eb900000,0x00000000ee480000,0x00000000ee480000)
  from space 5120K, 96% used [0x00000000ef400000,0x00000000ef8d40b0,0x00000000ef900000)
  to   space 5632K, 0% used [0x00000000eee00000,0x00000000eee00000,0x00000000ef380000)
 ParOldGen       total 42496K, used 11443K [0x00000000c2a00000, 0x00000000c5380000, 0x00000000eb900000)
  object space 42496K, 26% used [0x00000000c2a00000,0x00000000c352cfe0,0x00000000c5380000)
 Metaspace       used 13896K, capacity 14246K, committed 14336K, reserved 1062912K
  class space    used 1584K, capacity 1703K, committed 1792K, reserved 1048576K
Event: 34.007 GC heap after
Heap after GC invocations=12 (full 1):
 PSYoungGen      total 59904K, used 5508K [0x00000000eb900000, 0x00000000f0a00000, 0x0000000100000000)
  eden space 54272K, 0% used [0x00000000eb900000,0x00000000eb900000,0x00000000eee00000)
  from space 5632K, 97% used [0x00000000eee00000,0x00000000ef361398,0x00000000ef380000)
  to   space 5632K, 0% used [0x00000000f0480000,0x00000000f0480000,0x00000000f0a00000)
 ParOldGen       total 42496K, used 14189K [0x00000000c2a00000, 0x00000000c5380000, 0x00000000eb900000)
  object space 42496K, 33% used [0x00000000c2a00000,0x00000000c37db4a0,0x00000000c5380000)
 Metaspace       used 13896K, capacity 14246K, committed 14336K, reserved 1062912K
  class space    used 1584K, capacity 1703K, committed 1792K, reserved 1048576K
}
Event: 49.283 GC heap before
{Heap before GC invocations=13 (full 1):
 PSYoungGen      total 59904K, used 59780K [0x00000000eb900000, 0x00000000f0a00000, 0x0000000100000000)
  eden space 54272K, 100% used [0x00000000eb900000,0x00000000eee00000,0x00000000eee00000)
  from space 5632K, 97% used [0x00000000eee00000,0x00000000ef361398,0x00000000ef380000)
  to   space 5632K, 0% used [0x00000000f0480000,0x00000000f0480000,0x00000000f0a00000)
 ParOldGen       total 42496K, used 14189K [0x00000000c2a00000, 0x00000000c5380000, 0x00000000eb900000)
  object space 42496K, 33% used [0x00000000c2a00000,0x00000000c37db4a0,0x00000000c5380000)
 Metaspace       used 14873K, capacity 15310K, committed 15360K, reserved 1062912K
  class space    used 1634K, capacity 1775K, committed 1792K, reserved 1048576K
Event: 49.319 GC heap after
Heap after GC invocations=13 (full 1):
 PSYoungGen      total 74240K, used 5624K [0x00000000eb900000, 0x00000000f1f00000, 0x0000000100000000)
  eden space 68608K, 0% used [0x00000000eb900000,0x00000000eb900000,0x00000000efc00000)
  from space 5632K, 99% used [0x00000000f0480000,0x00000000f09fe030,0x00000000f0a00000)
  to   space 8704K, 0% used [0x00000000efc00000,0x00000000efc00000,0x00000000f0480000)
 ParOldGen       total 42496K, used 19972K [0x00000000c2a00000, 0x00000000c5380000, 0x00000000eb900000)
  object space 42496K, 46% used [0x00000000c2a00000,0x00000000c3d813e0,0x00000000c5380000)
 Metaspace       used 14873K, capacity 15310K, committed 15360K, reserved 1062912K
  class space    used 1634K, capacity 1775K, committed 1792K, reserved 1048576K
}
Event: 66.192 GC heap before
{Heap before GC invocations=14 (full 1):
 PSYoungGen      total 74240K, used 74232K [0x00000000eb900000, 0x00000000f1f00000, 0x0000000100000000)
  eden space 68608K, 100% used [0x00000000eb900000,0x00000000efc00000,0x00000000efc00000)
  from space 5632K, 99% used [0x00000000f0480000,0x00000000f09fe030,0x00000000f0a00000)
  to   space 8704K, 0% used [0x00000000efc00000,0x00000000efc00000,0x00000000f0480000)
 ParOldGen       total 42496K, used 19972K [0x00000000c2a00000, 0x00000000c5380000, 0x00000000eb900000)
  object space 42496K, 46% used [0x00000000c2a00000,0x00000000c3d813e0,0x00000000c5380000)
 Metaspace       used 14928K, capacity 15400K, committed 15616K, reserved 1062912K
  class space    used 1638K, capacity 1778K, committed 1792K, reserved 1048576K

