# JRE version: Java(TM) SE Runtime Environment (8.0_201-b09) (build 1.8.0_201-b09)
# Java VM: Java HotSpot(TM) 64-Bit Server VM (25.201-b09 mixed mode linux-amd64 compressed oops)
Heap:
 PSYoungGen      total 65024K, used 6117K [0x00000000eb900000, 0x00000000eff00000, 0x0000000100000000)
  eden space 58880K, 0% used [0x00000000eb900000,0x00000000eb900000,0x00000000ef280000)
  from space 6144K, 99% used [0x00000000ef280000,0x00000000ef879630,0x00000000ef880000)
  to   space 5632K, 0% used [0x00000000ef880000,0x00000000ef880000,0x00000000efe00000)
 ParOldGen       total 42496K, used 13077K [0x00000000c2a00000, 0x00000000c5380000, 0x00000000eb900000)
  object space 42496K, 30% used [0x00000000c2a00000,0x00000000c36c56a8,0x00000000c5380000)
 Metaspace       used 14476K, capacity 14936K, committed 15104K, reserved 1062912K
  class space    used 1625K, capacity 1738K, committed 1792K, reserved 1048576K
GC Heap History (10 events):
Event: 29.197 GC heap after
Heap after GC invocations=5 (full 1):
 PSYoungGen      total 18432K, used 2560K [0x00000000eb900000, 0x00000000ecd80000, 0x0000000100000000)
  eden space 15872K, 0% used [0x00000000eb900000,0x00000000eb900000,0x00000000ec880000)
  from space 2560K, 100% used [0x00000000ecb00000,0x00000000ecd80000,0x00000000ecd80000)
  to   space 2560K, 0% used [0x00000000ec880000,0x00000000ec880000,0x00000000ecb00000)
 ParOldGen       total 42496K, used 4823K [0x00000000c2a00000, 0x00000000c5380000, 0x00000000eb900000)
  object space 42496K, 11% used [0x00000000c2a00000,0x00000000c2eb5ca0,0x00000000c5380000)
 Metaspace       used 13524K, capacity 13864K, committed 14080K, reserved 1060864K
  class space    used 1563K, capacity 1666K, committed 1792K, reserved 1048576K
}
Event: 29.521 GC heap before
{Heap before GC invocations=6 (full 1):
 PSYoungGen      total 18432K, used 18432K [0x00000000eb900000, 0x00000000ecd80000, 0x0000000100000000)
  eden space 15872K, 100% used [0x00000000eb900000,0x00000000ec880000,0x00000000ec880000)
  from space 2560K, 100% used [0x00000000ecb00000,0x00000000ecd80000,0x00000000ecd80000)
  to   space 2560K, 0% used [0x00000000ec880000,0x00000000ec880000,0x00000000ecb00000)
 ParOldGen       total 42496K, used 4823K [0x00000000c2a00000, 0x00000000c5380000, 0x00000000eb900000)
  object space 42496K, 11% used [0x00000000c2a00000,0x00000000c2eb5ca0,0x00000000c5380000)
 Metaspace       used 13614K, capacity 13992K, committed 14336K, reserved 1062912K
  class space    used 1563K, capacity 1666K, committed 1792K, reserved 1048576K
Event: 29.535 GC heap after
Heap after GC invocations=6 (full 1):
 PSYoungGen      total 18432K, used 2560K [0x00000000eb900000, 0x00000000edd00000, 0x0000000100000000)
  eden space 15872K, 0% used [0x00000000eb900000,0x00000000eb900000,0x00000000ec880000)
  from space 2560K, 100% used [0x00000000ec880000,0x00000000ecb00000,0x00000000ecb00000)
  to   space 2560K, 0% used [0x00000000eda80000,0x00000000eda80000,0x00000000edd00000)
 ParOldGen       total 42496K, used 5972K [0x00000000c2a00000, 0x00000000c5380000, 0x00000000eb900000)
  object space 42496K, 14% used [0x00000000c2a00000,0x00000000c2fd5018,0x00000000c5380000)
 Metaspace       used 13614K, capacity 13992K, committed 14336K, reserved 1062912K
  class space    used 1563K, capacity 1666K, committed 1792K, reserved 1048576K
}
Event: 29.729 GC heap before
{Heap before GC invocations=7 (full 1):
 PSYoungGen      total 18432K, used 18432K [0x00000000eb900000, 0x00000000edd00000, 0x0000000100000000)
  eden space 15872K, 100% used [0x00000000eb900000,0x00000000ec880000,0x00000000ec880000)
  from space 2560K, 100% used [0x00000000ec880000,0x00000000ecb00000,0x00000000ecb00000)
  to   space 2560K, 0% used [0x00000000eda80000,0x00000000eda80000,0x00000000edd00000)
 ParOldGen       total 42496K, used 5972K [0x00000000c2a00000, 0x00000000c5380000, 0x00000000eb900000)
  object space 42496K, 14% used [0x00000000c2a00000,0x00000000c2fd5018,0x00000000c5380000)
 Metaspace       used 13640K, capacity 13992K, committed 14336K, reserved 1062912K
  class space    used 1563K, capacity 1666K, committed 1792K, reserved 1048576K
Event: 29.741 GC heap after
Heap after GC invocations=7 (full 1):
 PSYoungGen      total 32256K, used 2544K [0x00000000eb900000, 0x00000000ee100000, 0x0000000100000000)
  eden space 29696K, 0% used [0x00000000eb900000,0x00000000eb900000,0x00000000ed600000)
  from space 2560K, 99% used [0x00000000eda80000,0x00000000edcfc050,0x00000000edd00000)
  to   space 4608K, 0% used [0x00000000ed600000,0x00000000ed600000,0x00000000eda80000)
 ParOldGen       total 42496K, used 6966K [0x00000000c2a00000, 0x00000000c5380000, 0x00000000eb900000)
  object space 42496K, 16% used [0x00000000c2a00000,0x00000000c30cd960,0x00000000c5380000)
 Metaspace       used 13640K, capacity 13992K, committed 14336K, reserved 1062912K
  class space    used 1563K, capacity 1666K, committed 1792K, reserved 1048576K
}
Event: 30.628 GC heap before
{Heap before GC invocations=8 (full 1):
 PSYoungGen      total 32256K, used 32240K [0x00000000eb900000, 0x00000000ee100000, 0x0000000100000000)
  eden space 29696K, 100% used [0x00000000eb900000,0x00000000ed600000,0x00000000ed600000)
  from space 2560K, 99% used [0x00000000eda80000,0x00000000edcfc050,0x00000000edd00000)
  to   space 4608K, 0% used [0x00000000ed600000,0x00000000ed600000,0x00000000eda80000)
 ParOldGen       total 42496K, used 6966K [0x00000000c2a00000, 0x00000000c5380000, 0x00000000eb900000)
  object space 42496K, 16% used [0x00000000c2a00000,0x00000000c30cd960,0x00000000c5380000)
 Metaspace       used 14269K, capacity 14682K, committed 14848K, reserved 1062912K
  class space    used 1617K, capacity 1729K, committed 1792K, reserved 1048576K
Event: 30.646 GC heap after
Heap after GC invocations=8 (full 1):
 PSYoungGen      total 34304K, used 4581K [0x00000000eb900000, 0x00000000efe00000, 0x0000000100000000)
  eden space 29696K, 0% used [0x00000000eb900000,0x00000000eb900000,0x00000000ed600000)
  from space 4608K, 99% used [0x00000000ed600000,0x00000000eda79660,0x00000000eda80000)
  to   space 5632K, 0% used [0x00000000ef880000,0x00000000ef880000,0x00000000efe00000)
 ParOldGen       total 42496K, used 8249K [0x00000000c2a00000, 0x00000000c5380000, 0x00000000eb900000)
  object space 42496K, 19% used [0x00000000c2a00000,0x00000000c320e500,0x00000000c5380000)
 Metaspace       used 14269K, capacity 14682K, committed 14848K, reserved 1062912K
  class space    used 1617K, capacity 1729K, committed 1792K, reserved 1048576K
}
Event: 63.037 GC heap before
{Heap before GC invocations=9 (full 1):
 PSYoungGen      total 34304K, used 34277K [0x00000000eb900000, 0x00000000efe00000, 0x0000000100000000)
  eden space 29696K, 100% used [0x00000000eb900000,0x00000000ed600000,0x00000000ed600000)
  from space 4608K, 99% used [0x00000000ed600000,0x00000000eda79660,0x00000000eda80000)
  to   space 5632K, 0% used [0x00000000ef880000,0x00000000ef880000,0x00000000efe00000)
 ParOldGen       total 42496K, used 8249K [0x00000000c2a00000, 0x00000000c5380000, 0x00000000eb900000)
  object space 42496K, 19% used [0x00000000c2a00000,0x00000000c320e500,0x00000000c5380000)
 Metaspace       used 14367K, capacity 14784K, committed 14848K, reserved 1062912K
  class space    used 1621K, capacity 1734K, committed 1792K, reserved 1048576K
Event: 63.088 GC heap after
Heap after GC invocations=9 (full 1):
 PSYoungGen      total 64512K, used 5297K [0x00000000eb900000, 0x00000000eff00000, 0x0000000100000000)
  eden space 58880K, 0% used [0x00000000eb900000,0x00000000eb900000,0x00000000ef280000)
  from space 5632K, 94% used [0x00000000ef880000,0x00000000efdac680,0x00000000efe00000)
  to   space 6144K, 0% used [0x00000000ef280000,0x00000000ef280000,0x00000000ef880000)
 ParOldGen       total 42496K, used 8641K [0x00000000c2a00000, 0x00000000c5380000, 0x00000000eb900000)
  object space 42496K, 20% used [0x00000000c2a00000,0x00000000c3270520,0x00000000c5380000)
 Metaspace       used 14367K, capacity 14784K, committed 14848K, reserved 1062912K
  class space    used 1621K, capacity 1734K, committed 1792K, reserved 1048576K
}
Event: 76.407 GC heap before
{Heap before GC invocations=10 (full 1):
 PSYoungGen      total 64512K, used 64177K [0x00000000eb900000, 0x00000000eff00000, 0x0000000100000000)
  eden space 58880K, 100% used [0x00000000eb900000,0x00000000ef280000,0x00000000ef280000)
  from space 5632K, 94% used [0x00000000ef880000,0x00000000efdac680,0x00000000efe00000)
  to   space 6144K, 0% used [0x00000000ef280000,0x00000000ef280000,0x00000000ef880000)
 ParOldGen       total 42496K, used 8641K [0x00000000c2a00000, 0x00000000c5380000, 0x00000000eb900000)
  object space 42496K, 20% used [0x00000000c2a00000,0x00000000c3270520,0x00000000c5380000)
 Metaspace       used 14476K, capacity 14936K, committed 15104K, reserved 1062912K
  class space    used 1625K, capacity 1738K, committed 1792K, reserved 1048576K

