# JRE version: Java(TM) SE Runtime Environment (8.0_201-b09) (build 1.8.0_201-b09)
# Java VM: Java HotSpot(TM) 64-Bit Server VM (25.201-b09 mixed mode linux-amd64 compressed oops)
Heap:
 PSYoungGen      total 18432K, used 2224K [0x00000000eb900000, 0x00000000edd00000, 0x0000000100000000)
  eden space 15872K, 0% used [0x00000000eb900000,0x00000000eb900000,0x00000000ec880000)
  from space 2560K, 86% used [0x00000000eda80000,0x00000000edcac010,0x00000000edd00000)
  to   space 2560K, 0% used [0x00000000ec880000,0x00000000ec880000,0x00000000ecb00000)
 ParOldGen       total 42496K, used 3543K [0x00000000c2a00000, 0x00000000c5380000, 0x00000000eb900000)
  object space 42496K, 8% used [0x00000000c2a00000,0x00000000c2d75eb8,0x00000000c5380000)
 Metaspace       used 14182K, capacity 14634K, committed 14848K, reserved 1062912K
  class space    used 1627K, capacity 1767K, committed 1792K, reserved 1048576K
GC Heap History (10 events):
Event: 1.783 GC heap after
Heap after GC invocations=2 (full 0):
 PSYoungGen      total 18432K, used 2544K [0x00000000eb900000, 0x00000000ecd80000, 0x0000000100000000)
  eden space 15872K, 0% used [0x00000000eb900000,0x00000000eb900000,0x00000000ec880000)
  from space 2560K, 99% used [0x00000000ecb00000,0x00000000ecd7c010,0x00000000ecd80000)
  to   space 2560K, 0% used [0x00000000ec880000,0x00000000ec880000,0x00000000ecb00000)
 ParOldGen       total 42496K, used 1647K [0x00000000c2a00000, 0x00000000c5380000, 0x00000000eb900000)
  object space 42496K, 3% used [0x00000000c2a00000,0x00000000c2b9bd40,0x00000000c5380000)
 Metaspace       used 10223K, capacity 10412K, committed 10624K, reserved 1058816K
  class space    used 1233K, capacity 1319K, committed 1408K, reserved 1048576K
}
Event: 1.783 GC heap before
{Heap before GC invocations=3 (full 1):
 PSYoungGen      total 18432K, used 2544K [0x00000000eb900000, 0x00000000ecd80000, 0x0000000100000000)
  eden space 15872K, 0% used [0x00000000eb900000,0x00000000eb900000,0x00000000ec880000)
  from space 2560K, 99% used [0x00000000ecb00000,0x00000000ecd7c010,0x00000000ecd80000)
  to   space 2560K, 0% used [0x00000000ec880000,0x00000000ec880000,0x00000000ecb00000)
 ParOldGen       total 42496K, used 1647K [0x00000000c2a00000, 0x00000000c5380000, 0x00000000eb900000)
  object space 42496K, 3% used [0x00000000c2a00000,0x00000000c2b9bd40,0x00000000c5380000)
 Metaspace       used 10223K, capacity 10412K, committed 10624K, reserved 1058816K
  class space    used 1233K, capacity 1319K, committed 1408K, reserved 1048576K
Event: 1.839 GC heap after
Heap after GC invocations=3 (full 1):
 PSYoungGen      total 18432K, used 0K [0x00000000eb900000, 0x00000000ecd80000, 0x0000000100000000)
  eden space 15872K, 0% used [0x00000000eb900000,0x00000000eb900000,0x00000000ec880000)
  from space 2560K, 0% used [0x00000000ecb00000,0x00000000ecb00000,0x00000000ecd80000)
  to   space 2560K, 0% used [0x00000000ec880000,0x00000000ec880000,0x00000000ecb00000)
 ParOldGen       total 42496K, used 2562K [0x00000000c2a00000, 0x00000000c5380000, 0x00000000eb900000)
  object space 42496K, 6% used [0x00000000c2a00000,0x00000000c2c80a00,0x00000000c5380000)
 Metaspace       used 10215K, capacity 10402K, committed 10624K, reserved 1058816K
  class space    used 1232K, capacity 1317K, committed 1408K, reserved 1048576K
}
Event: 17.708 GC heap before
{Heap before GC invocations=4 (full 1):
 PSYoungGen      total 18432K, used 15872K [0x00000000eb900000, 0x00000000ecd80000, 0x0000000100000000)
  eden space 15872K, 100% used [0x00000000eb900000,0x00000000ec880000,0x00000000ec880000)
  from space 2560K, 0% used [0x00000000ecb00000,0x00000000ecb00000,0x00000000ecd80000)
  to   space 2560K, 0% used [0x00000000ec880000,0x00000000ec880000,0x00000000ecb00000)
 ParOldGen       total 42496K, used 2562K [0x00000000c2a00000, 0x00000000c5380000, 0x00000000eb900000)
  object space 42496K, 6% used [0x00000000c2a00000,0x00000000c2c80a00,0x00000000c5380000)
 Metaspace       used 13509K, capacity 13932K, committed 14080K, reserved 1060864K
  class space    used 1584K, capacity 1704K, committed 1792K, reserved 1048576K
Event: 17.720 GC heap after
Heap after GC invocations=4 (full 1):
 PSYoungGen      total 18432K, used 2540K [0x00000000eb900000, 0x00000000ecd80000, 0x0000000100000000)
  eden space 15872K, 0% used [0x00000000eb900000,0x00000000eb900000,0x00000000ec880000)
  from space 2560K, 99% used [0x00000000ec880000,0x00000000ecafb0b8,0x00000000ecb00000)
  to   space 2560K, 0% used [0x00000000ecb00000,0x00000000ecb00000,0x00000000ecd80000)
 ParOldGen       total 42496K, used 3535K [0x00000000c2a00000, 0x00000000c5380000, 0x00000000eb900000)
  object space 42496K, 8% used [0x00000000c2a00000,0x00000000c2d73eb8,0x00000000c5380000)
 Metaspace       used 13509K, capacity 13932K, committed 14080K, reserved 1060864K
  class space    used 1584K, capacity 1704K, committed 1792K, reserved 1048576K
}
Event: 18.430 GC heap before
{Heap before GC invocations=5 (full 1):
 PSYoungGen      total 18432K, used 18412K [0x00000000eb900000, 0x00000000ecd80000, 0x0000000100000000)
  eden space 15872K, 100% used [0x00000000eb900000,0x00000000ec880000,0x00000000ec880000)
  from space 2560K, 99% used [0x00000000ec880000,0x00000000ecafb0b8,0x00000000ecb00000)
  to   space 2560K, 0% used [0x00000000ecb00000,0x00000000ecb00000,0x00000000ecd80000)
 ParOldGen       total 42496K, used 3535K [0x00000000c2a00000, 0x00000000c5380000, 0x00000000eb900000)
  object space 42496K, 8% used [0x00000000c2a00000,0x00000000c2d73eb8,0x00000000c5380000)
 Metaspace       used 13593K, capacity 14002K, committed 14336K, reserved 1062912K
  class space    used 1584K, capacity 1705K, committed 1792K, reserved 1048576K
Event: 18.458 GC heap after
Heap after GC invocations=5 (full 1):
 PSYoungGen      total 18432K, used 1760K [0x00000000eb900000, 0x00000000edd00000, 0x0000000100000000)
  eden space 15872K, 0% used [0x00000000eb900000,0x00000000eb900000,0x00000000ec880000)
  from space 2560K, 68% used [0x00000000ecb00000,0x00000000eccb8000,0x00000000ecd80000)
  to   space 2560K, 0% used [0x00000000ec880000,0x00000000ec880000,0x00000000ecb00000)
 ParOldGen       total 42496K, used 3535K [0x00000000c2a00000, 0x00000000c5380000, 0x00000000eb900000)
  object space 42496K, 8% used [0x00000000c2a00000,0x00000000c2d73eb8,0x00000000c5380000)
 Metaspace       used 13593K, capacity 14002K, committed 14336K, reserved 1062912K
  class space    used 1584K, capacity 1705K, committed 1792K, reserved 1048576K
}
Event: 24.932 GC heap before
{Heap before GC invocations=6 (full 1):
 PSYoungGen      total 18432K, used 17632K [0x00000000eb900000, 0x00000000edd00000, 0x0000000100000000)
  eden space 15872K, 100% used [0x00000000eb900000,0x00000000ec880000,0x00000000ec880000)
  from space 2560K, 68% used [0x00000000ecb00000,0x00000000eccb8000,0x00000000ecd80000)
  to   space 2560K, 0% used [0x00000000ec880000,0x00000000ec880000,0x00000000ecb00000)
 ParOldGen       total 42496K, used 3535K [0x00000000c2a00000, 0x00000000c5380000, 0x00000000eb900000)
  object space 42496K, 8% used [0x00000000c2a00000,0x00000000c2d73eb8,0x00000000c5380000)
 Metaspace       used 14117K, capacity 14556K, committed 14592K, reserved 1062912K
  class space    used 1626K, capacity 1766K, committed 1792K, reserved 1048576K
Event: 24.942 GC heap after
Heap after GC invocations=6 (full 1):
 PSYoungGen      total 18432K, used 2432K [0x00000000eb900000, 0x00000000edd00000, 0x0000000100000000)
  eden space 15872K, 0% used [0x00000000eb900000,0x00000000eb900000,0x00000000ec880000)
  from space 2560K, 95% used [0x00000000ec880000,0x00000000ecae0020,0x00000000ecb00000)
  to   space 2560K, 0% used [0x00000000eda80000,0x00000000eda80000,0x00000000edd00000)
 ParOldGen       total 42496K, used 3535K [0x00000000c2a00000, 0x00000000c5380000, 0x00000000eb900000)
  object space 42496K, 8% used [0x00000000c2a00000,0x00000000c2d73eb8,0x00000000c5380000)
 Metaspace       used 14117K, capacity 14556K, committed 14592K, reserved 1062912K
  class space    used 1626K, capacity 1766K, committed 1792K, reserved 1048576K
}
Event: 46.733 GC heap before
{Heap before GC invocations=7 (full 1):
 PSYoungGen      total 18432K, used 18304K [0x00000000eb900000, 0x00000000edd00000, 0x0000000100000000)
  eden space 15872K, 100% used [0x00000000eb900000,0x00000000ec880000,0x00000000ec880000)
  from space 2560K, 95% used [0x00000000ec880000,0x00000000ecae0020,0x00000000ecb00000)
  to   space 2560K, 0% used [0x00000000eda80000,0x00000000eda80000,0x00000000edd00000)
 ParOldGen       total 42496K, used 3535K [0x00000000c2a00000, 0x00000000c5380000, 0x00000000eb900000)
  object space 42496K, 8% used [0x00000000c2a00000,0x00000000c2d73eb8,0x00000000c5380000)
 Metaspace       used 14182K, capacity 14634K, committed 14848K, reserved 1062912K
  class space    used 1627K, capacity 1767K, committed 1792K, reserved 1048576K

