# JRE version: Java(TM) SE Runtime Environment (8.0_201-b09) (build 1.8.0_201-b09)
# Java VM: Java HotSpot(TM) 64-Bit Server VM (25.201-b09 mixed mode linux-amd64 compressed oops)
Heap:
 PSYoungGen      total 241664K, used 16615K [0x00000000eb900000, 0x00000000fc700000, 0x0000000100000000)
  eden space 216576K, 0% used [0x00000000eb900000,0x00000000eb900000,0x00000000f8c80000)
  from space 25088K, 66% used [0x00000000f8c80000,0x00000000f9cb9d00,0x00000000fa500000)
  to   space 19456K, 0% used [0x00000000fa500000,0x00000000fa500000,0x00000000fb800000)
 ParOldGen       total 73728K, used 67016K [0x00000000c2a00000, 0x00000000c7200000, 0x00000000eb900000)
  object space 73728K, 90% used [0x00000000c2a00000,0x00000000c6b723f0,0x00000000c7200000)
 Metaspace       used 26787K, capacity 27516K, committed 27776K, reserved 1073152K
  class space    used 3199K, capacity 3396K, committed 3456K, reserved 1048576K
GC Heap History (10 events):
Event: 15.815 GC heap after
Heap after GC invocations=14 (full 2):
 PSYoungGen      total 166912K, used 0K [0x00000000eb900000, 0x00000000f8a00000, 0x0000000100000000)
  eden space 150528K, 0% used [0x00000000eb900000,0x00000000eb900000,0x00000000f4c00000)
  from space 16384K, 0% used [0x00000000f5c80000,0x00000000f5c80000,0x00000000f6c80000)
  to   space 16896K, 0% used [0x00000000f4c00000,0x00000000f4c00000,0x00000000f5c80000)
 ParOldGen       total 73728K, used 38803K [0x00000000c2a00000, 0x00000000c7200000, 0x00000000eb900000)
  object space 73728K, 52% used [0x00000000c2a00000,0x00000000c4fe4cd0,0x00000000c7200000)
 Metaspace       used 20707K, capacity 21082K, committed 21248K, reserved 1069056K
  class space    used 2293K, capacity 2435K, committed 2560K, reserved 1048576K
}
Event: 18.686 GC heap before
{Heap before GC invocations=15 (full 2):
 PSYoungGen      total 166912K, used 150528K [0x00000000eb900000, 0x00000000f8a00000, 0x0000000100000000)
  eden space 150528K, 100% used [0x00000000eb900000,0x00000000f4c00000,0x00000000f4c00000)
  from space 16384K, 0% used [0x00000000f5c80000,0x00000000f5c80000,0x00000000f6c80000)
  to   space 16896K, 0% used [0x00000000f4c00000,0x00000000f4c00000,0x00000000f5c80000)
 ParOldGen       total 73728K, used 38803K [0x00000000c2a00000, 0x00000000c7200000, 0x00000000eb900000)
  object space 73728K, 52% used [0x00000000c2a00000,0x00000000c4fe4cd0,0x00000000c7200000)
 Metaspace       used 22120K, capacity 22498K, committed 22784K, reserved 1069056K
  class space    used 2404K, capacity 2541K, committed 2560K, reserved 1048576K
Event: 18.709 GC heap after
Heap after GC invocations=15 (full 2):
 PSYoungGen      total 167424K, used 4418K [0x00000000eb900000, 0x00000000f9100000, 0x0000000100000000)
  eden space 150528K, 0% used [0x00000000eb900000,0x00000000eb900000,0x00000000f4c00000)
  from space 16896K, 26% used [0x00000000f4c00000,0x00000000f5050988,0x00000000f5c80000)
  to   space 16384K, 0% used [0x00000000f8100000,0x00000000f8100000,0x00000000f9100000)
 ParOldGen       total 73728K, used 38811K [0x00000000c2a00000, 0x00000000c7200000, 0x00000000eb900000)
  object space 73728K, 52% used [0x00000000c2a00000,0x00000000c4fe6cd0,0x00000000c7200000)
 Metaspace       used 22120K, capacity 22498K, committed 22784K, reserved 1069056K
  class space    used 2404K, capacity 2541K, committed 2560K, reserved 1048576K
}
Event: 21.208 GC heap before
{Heap before GC invocations=16 (full 2):
 PSYoungGen      total 167424K, used 154946K [0x00000000eb900000, 0x00000000f9100000, 0x0000000100000000)
  eden space 150528K, 100% used [0x00000000eb900000,0x00000000f4c00000,0x00000000f4c00000)
  from space 16896K, 26% used [0x00000000f4c00000,0x00000000f5050988,0x00000000f5c80000)
  to   space 16384K, 0% used [0x00000000f8100000,0x00000000f8100000,0x00000000f9100000)
 ParOldGen       total 73728K, used 38811K [0x00000000c2a00000, 0x00000000c7200000, 0x00000000eb900000)
  object space 73728K, 52% used [0x00000000c2a00000,0x00000000c4fe6cd0,0x00000000c7200000)
 Metaspace       used 22281K, capacity 22766K, committed 23040K, reserved 1069056K
  class space    used 2407K, capacity 2543K, committed 2560K, reserved 1048576K
Event: 21.219 GC heap after
Heap after GC invocations=16 (full 2):
 PSYoungGen      total 192512K, used 5472K [0x00000000eb900000, 0x00000000f8a80000, 0x0000000100000000)
  eden space 182784K, 0% used [0x00000000eb900000,0x00000000eb900000,0x00000000f6b80000)
  from space 9728K, 56% used [0x00000000f8100000,0x00000000f8658030,0x00000000f8a80000)
  to   space 15872K, 0% used [0x00000000f6b80000,0x00000000f6b80000,0x00000000f7b00000)
 ParOldGen       total 73728K, used 38819K [0x00000000c2a00000, 0x00000000c7200000, 0x00000000eb900000)
  object space 73728K, 52% used [0x00000000c2a00000,0x00000000c4fe8cd0,0x00000000c7200000)
 Metaspace       used 22281K, capacity 22766K, committed 23040K, reserved 1069056K
  class space    used 2407K, capacity 2543K, committed 2560K, reserved 1048576K
}
Event: 23.963 GC heap before
{Heap before GC invocations=17 (full 2):
 PSYoungGen      total 192512K, used 188256K [0x00000000eb900000, 0x00000000f8a80000, 0x0000000100000000)
  eden space 182784K, 100% used [0x00000000eb900000,0x00000000f6b80000,0x00000000f6b80000)
  from space 9728K, 56% used [0x00000000f8100000,0x00000000f8658030,0x00000000f8a80000)
  to   space 15872K, 0% used [0x00000000f6b80000,0x00000000f6b80000,0x00000000f7b00000)
 ParOldGen       total 73728K, used 38819K [0x00000000c2a00000, 0x00000000c7200000, 0x00000000eb900000)
  object space 73728K, 52% used [0x00000000c2a00000,0x00000000c4fe8cd0,0x00000000c7200000)
 Metaspace       used 23006K, capacity 23678K, committed 23936K, reserved 1071104K
  class space    used 2473K, capacity 2669K, committed 2688K, reserved 1048576K
Event: 24.040 GC heap after
Heap after GC invocations=17 (full 2):
 PSYoungGen      total 198656K, used 15868K [0x00000000eb900000, 0x00000000fb800000, 0x0000000100000000)
  eden space 182784K, 0% used [0x00000000eb900000,0x00000000eb900000,0x00000000f6b80000)
  from space 15872K, 99% used [0x00000000f6b80000,0x00000000f7aff040,0x00000000f7b00000)
  to   space 19456K, 0% used [0x00000000fa500000,0x00000000fa500000,0x00000000fb800000)
 ParOldGen       total 73728K, used 41434K [0x00000000c2a00000, 0x00000000c7200000, 0x00000000eb900000)
  object space 73728K, 56% used [0x00000000c2a00000,0x00000000c5276b60,0x00000000c7200000)
 Metaspace       used 23006K, capacity 23678K, committed 23936K, reserved 1071104K
  class space    used 2473K, capacity 2669K, committed 2688K, reserved 1048576K
}
Event: 28.320 GC heap before
{Heap before GC invocations=18 (full 2):
 PSYoungGen      total 198656K, used 198652K [0x00000000eb900000, 0x00000000fb800000, 0x0000000100000000)
  eden space 182784K, 100% used [0x00000000eb900000,0x00000000f6b80000,0x00000000f6b80000)
  from space 15872K, 99% used [0x00000000f6b80000,0x00000000f7aff040,0x00000000f7b00000)
  to   space 19456K, 0% used [0x00000000fa500000,0x00000000fa500000,0x00000000fb800000)
 ParOldGen       total 73728K, used 41434K [0x00000000c2a00000, 0x00000000c7200000, 0x00000000eb900000)
  object space 73728K, 56% used [0x00000000c2a00000,0x00000000c5276b60,0x00000000c7200000)
 Metaspace       used 23114K, capacity 23778K, committed 23936K, reserved 1071104K
  class space    used 2485K, capacity 2675K, committed 2688K, reserved 1048576K
Event: 28.511 GC heap after
Heap after GC invocations=18 (full 2):
 PSYoungGen      total 236032K, used 19456K [0x00000000eb900000, 0x00000000fc700000, 0x0000000100000000)
  eden space 216576K, 0% used [0x00000000eb900000,0x00000000eb900000,0x00000000f8c80000)
  from space 19456K, 100% used [0x00000000fa500000,0x00000000fb800000,0x00000000fb800000)
  to   space 25088K, 0% used [0x00000000f8c80000,0x00000000f8c80000,0x00000000fa500000)
 ParOldGen       total 73728K, used 49166K [0x00000000c2a00000, 0x00000000c7200000, 0x00000000eb900000)
  object space 73728K, 66% used [0x00000000c2a00000,0x00000000c5a039b0,0x00000000c7200000)
 Metaspace       used 23114K, capacity 23778K, committed 23936K, reserved 1071104K
  class space    used 2485K, capacity 2675K, committed 2688K, reserved 1048576K
}
Event: 35.474 GC heap before
{Heap before GC invocations=19 (full 2):
 PSYoungGen      total 236032K, used 236032K [0x00000000eb900000, 0x00000000fc700000, 0x0000000100000000)
  eden space 216576K, 100% used [0x00000000eb900000,0x00000000f8c80000,0x00000000f8c80000)
  from space 19456K, 100% used [0x00000000fa500000,0x00000000fb800000,0x00000000fb800000)
  to   space 25088K, 0% used [0x00000000f8c80000,0x00000000f8c80000,0x00000000fa500000)
 ParOldGen       total 73728K, used 49166K [0x00000000c2a00000, 0x00000000c7200000, 0x00000000eb900000)
  object space 73728K, 66% used [0x00000000c2a00000,0x00000000c5a039b0,0x00000000c7200000)
 Metaspace       used 26787K, capacity 27516K, committed 27776K, reserved 1073152K
  class space    used 3199K, capacity 3396K, committed 3456K, reserved 1048576K

