# JRE version: Java(TM) SE Runtime Environment (8.0_201-b09) (build 1.8.0_201-b09)
# Java VM: Java HotSpot(TM) 64-Bit Server VM (25.201-b09 mixed mode linux-amd64 compressed oops)
Heap:
 PSYoungGen      total 273408K, used 3037K [0x00000000eb900000, 0x0000000100000000, 0x0000000100000000)
  eden space 235520K, 0% used [0x00000000eb900000,0x00000000eb900000,0x00000000f9f00000)
  from space 37888K, 8% used [0x00000000fdb00000,0x00000000fddf7538,0x0000000100000000)
  to   space 49664K, 0% used [0x00000000f9f00000,0x00000000f9f00000,0x00000000fcf80000)
 ParOldGen       total 130048K, used 129845K [0x00000000c2a00000, 0x00000000ca900000, 0x00000000eb900000)
  object space 130048K, 99% used [0x00000000c2a00000,0x00000000ca8cd4d0,0x00000000ca900000)
 Metaspace       used 28886K, capacity 30000K, committed 30336K, reserved 1075200K
  class space    used 3339K, capacity 3612K, committed 3712K, reserved 1048576K
GC Heap History (10 events):
Event: 82.950 GC heap after
Heap after GC invocations=41 (full 3):
 PSYoungGen      total 297984K, used 12192K [0x00000000eb900000, 0x0000000100000000, 0x0000000100000000)
  eden space 261120K, 0% used [0x00000000eb900000,0x00000000eb900000,0x00000000fb800000)
  from space 36864K, 33% used [0x00000000fdc00000,0x00000000fe7e8000,0x0000000100000000)
  to   space 36864K, 0% used [0x00000000fb800000,0x00000000fb800000,0x00000000fdc00000)
 ParOldGen       total 130048K, used 117121K [0x00000000c2a00000, 0x00000000ca900000, 0x00000000eb900000)
  object space 130048K, 90% used [0x00000000c2a00000,0x00000000c9c60448,0x00000000ca900000)
 Metaspace       used 28119K, capacity 29038K, committed 29184K, reserved 1075200K
  class space    used 3291K, capacity 3537K, committed 3584K, reserved 1048576K
}
Event: 87.384 GC heap before
{Heap before GC invocations=42 (full 3):
 PSYoungGen      total 297984K, used 273312K [0x00000000eb900000, 0x0000000100000000, 0x0000000100000000)
  eden space 261120K, 100% used [0x00000000eb900000,0x00000000fb800000,0x00000000fb800000)
  from space 36864K, 33% used [0x00000000fdc00000,0x00000000fe7e8000,0x0000000100000000)
  to   space 36864K, 0% used [0x00000000fb800000,0x00000000fb800000,0x00000000fdc00000)
 ParOldGen       total 130048K, used 117121K [0x00000000c2a00000, 0x00000000ca900000, 0x00000000eb900000)
  object space 130048K, 90% used [0x00000000c2a00000,0x00000000c9c60448,0x00000000ca900000)
 Metaspace       used 28356K, capacity 29318K, committed 29440K, reserved 1075200K
  class space    used 3314K, capacity 3573K, committed 3584K, reserved 1048576K
Event: 87.409 GC heap after
Heap after GC invocations=42 (full 3):
 PSYoungGen      total 278016K, used 16484K [0x00000000eb900000, 0x00000000ffe00000, 0x0000000100000000)
  eden space 261120K, 0% used [0x00000000eb900000,0x00000000eb900000,0x00000000fb800000)
  from space 16896K, 97% used [0x00000000fb800000,0x00000000fc8193a8,0x00000000fc880000)
  to   space 35840K, 0% used [0x00000000fdb00000,0x00000000fdb00000,0x00000000ffe00000)
 ParOldGen       total 130048K, used 117489K [0x00000000c2a00000, 0x00000000ca900000, 0x00000000eb900000)
  object space 130048K, 90% used [0x00000000c2a00000,0x00000000c9cbc488,0x00000000ca900000)
 Metaspace       used 28356K, capacity 29318K, committed 29440K, reserved 1075200K
  class space    used 3314K, capacity 3573K, committed 3584K, reserved 1048576K
}
Event: 90.731 GC heap before
{Heap before GC invocations=43 (full 3):
 PSYoungGen      total 278016K, used 277604K [0x00000000eb900000, 0x00000000ffe00000, 0x0000000100000000)
  eden space 261120K, 100% used [0x00000000eb900000,0x00000000fb800000,0x00000000fb800000)
  from space 16896K, 97% used [0x00000000fb800000,0x00000000fc8193a8,0x00000000fc880000)
  to   space 35840K, 0% used [0x00000000fdb00000,0x00000000fdb00000,0x00000000ffe00000)
 ParOldGen       total 130048K, used 117489K [0x00000000c2a00000, 0x00000000ca900000, 0x00000000eb900000)
  object space 130048K, 90% used [0x00000000c2a00000,0x00000000c9cbc488,0x00000000ca900000)
 Metaspace       used 28543K, capacity 29642K, committed 29824K, reserved 1075200K
  class space    used 3327K, capacity 3595K, committed 3712K, reserved 1048576K
Event: 90.798 GC heap after
Heap after GC invocations=43 (full 3):
 PSYoungGen      total 294912K, used 29734K [0x00000000eb900000, 0x0000000100000000, 0x0000000100000000)
  eden space 259072K, 0% used [0x00000000eb900000,0x00000000eb900000,0x00000000fb600000)
  from space 35840K, 82% used [0x00000000fdb00000,0x00000000ff809a50,0x00000000ffe00000)
  to   space 37888K, 0% used [0x00000000fb600000,0x00000000fb600000,0x00000000fdb00000)
 ParOldGen       total 130048K, used 119337K [0x00000000c2a00000, 0x00000000ca900000, 0x00000000eb900000)
  object space 130048K, 91% used [0x00000000c2a00000,0x00000000c9e8a5a8,0x00000000ca900000)
 Metaspace       used 28543K, capacity 29642K, committed 29824K, reserved 1075200K
  class space    used 3327K, capacity 3595K, committed 3712K, reserved 1048576K
}
Event: 93.622 GC heap before
{Heap before GC invocations=44 (full 3):
 PSYoungGen      total 294912K, used 288806K [0x00000000eb900000, 0x0000000100000000, 0x0000000100000000)
  eden space 259072K, 100% used [0x00000000eb900000,0x00000000fb600000,0x00000000fb600000)
  from space 35840K, 82% used [0x00000000fdb00000,0x00000000ff809a50,0x00000000ffe00000)
  to   space 37888K, 0% used [0x00000000fb600000,0x00000000fb600000,0x00000000fdb00000)
 ParOldGen       total 130048K, used 119337K [0x00000000c2a00000, 0x00000000ca900000, 0x00000000eb900000)
  object space 130048K, 91% used [0x00000000c2a00000,0x00000000c9e8a5a8,0x00000000ca900000)
 Metaspace       used 28789K, capacity 29918K, committed 30080K, reserved 1075200K
  class space    used 3337K, capacity 3609K, committed 3712K, reserved 1048576K
Event: 93.683 GC heap after
Heap after GC invocations=44 (full 3):
 PSYoungGen      total 296960K, used 37877K [0x00000000eb900000, 0x0000000100000000, 0x0000000100000000)
  eden space 259072K, 0% used [0x00000000eb900000,0x00000000eb900000,0x00000000fb600000)
  from space 37888K, 99% used [0x00000000fb600000,0x00000000fdafd5c0,0x00000000fdb00000)
  to   space 37888K, 0% used [0x00000000fdb00000,0x00000000fdb00000,0x0000000100000000)
 ParOldGen       total 130048K, used 120029K [0x00000000c2a00000, 0x00000000ca900000, 0x00000000eb900000)
  object space 130048K, 92% used [0x00000000c2a00000,0x00000000c9f37538,0x00000000ca900000)
 Metaspace       used 28789K, capacity 29918K, committed 30080K, reserved 1075200K
  class space    used 3337K, capacity 3609K, committed 3712K, reserved 1048576K
}
Event: 97.205 GC heap before
{Heap before GC invocations=45 (full 3):
 PSYoungGen      total 296960K, used 296949K [0x00000000eb900000, 0x0000000100000000, 0x0000000100000000)
  eden space 259072K, 100% used [0x00000000eb900000,0x00000000fb600000,0x00000000fb600000)
  from space 37888K, 99% used [0x00000000fb600000,0x00000000fdafd5c0,0x00000000fdb00000)
  to   space 37888K, 0% used [0x00000000fdb00000,0x00000000fdb00000,0x0000000100000000)
 ParOldGen       total 130048K, used 120029K [0x00000000c2a00000, 0x00000000ca900000, 0x00000000eb900000)
  object space 130048K, 92% used [0x00000000c2a00000,0x00000000c9f37538,0x00000000ca900000)
 Metaspace       used 28916K, capacity 30048K, committed 30336K, reserved 1075200K
  class space    used 3343K, capacity 3620K, committed 3712K, reserved 1048576K
Event: 97.306 GC heap after
Heap after GC invocations=45 (full 3):
 PSYoungGen      total 273408K, used 37872K [0x00000000eb900000, 0x0000000100000000, 0x0000000100000000)
  eden space 235520K, 0% used [0x00000000eb900000,0x00000000eb900000,0x00000000f9f00000)
  from space 37888K, 99% used [0x00000000fdb00000,0x00000000ffffc3a0,0x0000000100000000)
  to   space 49664K, 0% used [0x00000000f9f00000,0x00000000f9f00000,0x00000000fcf80000)
 ParOldGen       total 130048K, used 128337K [0x00000000c2a00000, 0x00000000ca900000, 0x00000000eb900000)
  object space 130048K, 98% used [0x00000000c2a00000,0x00000000ca754420,0x00000000ca900000)
 Metaspace       used 28916K, capacity 30048K, committed 30336K, reserved 1075200K
  class space    used 3343K, capacity 3620K, committed 3712K, reserved 1048576K
}
Event: 97.341 GC heap before
{Heap before GC invocations=46 (full 4):
 PSYoungGen      total 273408K, used 37872K [0x00000000eb900000, 0x0000000100000000, 0x0000000100000000)
  eden space 235520K, 0% used [0x00000000eb900000,0x00000000eb900000,0x00000000f9f00000)
  from space 37888K, 99% used [0x00000000fdb00000,0x00000000ffffc3a0,0x0000000100000000)
  to   space 49664K, 0% used [0x00000000f9f00000,0x00000000f9f00000,0x00000000fcf80000)
 ParOldGen       total 130048K, used 128337K [0x00000000c2a00000, 0x00000000ca900000, 0x00000000eb900000)
  object space 130048K, 98% used [0x00000000c2a00000,0x00000000ca754420,0x00000000ca900000)
 Metaspace       used 28916K, capacity 30048K, committed 30336K, reserved 1075200K
  class space    used 3343K, capacity 3620K, committed 3712K, reserved 1048576K

