# JRE version: Java(TM) SE Runtime Environment (8.0_201-b09) (build 1.8.0_201-b09)
# Java VM: Java HotSpot(TM) 64-Bit Server VM (25.201-b09 mixed mode linux-amd64 compressed oops)
Heap:
 PSYoungGen      total 223232K, used 45627K [0x00000000eb900000, 0x0000000100000000, 0x0000000100000000)
  eden space 111616K, 0% used [0x00000000eb900000,0x00000000eb900000,0x00000000f2600000)
  from space 111616K, 40% used [0x00000000f2600000,0x00000000f528ef90,0x00000000f9300000)
  to   space 111616K, 0% used [0x00000000f9300000,0x00000000f9300000,0x0000000100000000)
 ParOldGen       total 198144K, used 197808K [0x00000000c2a00000, 0x00000000ceb80000, 0x00000000eb900000)
  object space 198144K, 99% used [0x00000000c2a00000,0x00000000ceb2c138,0x00000000ceb80000)
 Metaspace       used 41032K, capacity 43722K, committed 44032K, reserved 1087488K
  class space    used 3915K, capacity 5030K, committed 5120K, reserved 1048576K
GC Heap History (10 events):
Event: 169.051 GC heap after
Heap after GC invocations=81 (full 4):
 PSYoungGen      total 223232K, used 82940K [0x00000000eb900000, 0x0000000100000000, 0x0000000100000000)
  eden space 111616K, 0% used [0x00000000eb900000,0x00000000eb900000,0x00000000f2600000)
  from space 111616K, 74% used [0x00000000f2600000,0x00000000f76ff230,0x00000000f9300000)
  to   space 111616K, 0% used [0x00000000f9300000,0x00000000f9300000,0x0000000100000000)
 ParOldGen       total 198144K, used 155041K [0x00000000c2a00000, 0x00000000ceb80000, 0x00000000eb900000)
  object space 198144K, 78% used [0x00000000c2a00000,0x00000000cc1684f0,0x00000000ceb80000)
 Metaspace       used 36184K, capacity 37612K, committed 37888K, reserved 1083392K
  class space    used 3636K, capacity 4060K, committed 4096K, reserved 1048576K
}
Event: 170.292 GC heap before
{Heap before GC invocations=82 (full 4):
 PSYoungGen      total 223232K, used 194556K [0x00000000eb900000, 0x0000000100000000, 0x0000000100000000)
  eden space 111616K, 100% used [0x00000000eb900000,0x00000000f2600000,0x00000000f2600000)
  from space 111616K, 74% used [0x00000000f2600000,0x00000000f76ff230,0x00000000f9300000)
  to   space 111616K, 0% used [0x00000000f9300000,0x00000000f9300000,0x0000000100000000)
 ParOldGen       total 198144K, used 155041K [0x00000000c2a00000, 0x00000000ceb80000, 0x00000000eb900000)
  object space 198144K, 78% used [0x00000000c2a00000,0x00000000cc1684f0,0x00000000ceb80000)
 Metaspace       used 37370K, capacity 39062K, committed 39168K, reserved 1083392K
  class space    used 3704K, capacity 4298K, committed 4352K, reserved 1048576K
Event: 170.367 GC heap after
Heap after GC invocations=82 (full 4):
 PSYoungGen      total 223232K, used 83020K [0x00000000eb900000, 0x0000000100000000, 0x0000000100000000)
  eden space 111616K, 0% used [0x00000000eb900000,0x00000000eb900000,0x00000000f2600000)
  from space 111616K, 74% used [0x00000000f9300000,0x00000000fe4132d0,0x0000000100000000)
  to   space 111616K, 0% used [0x00000000f2600000,0x00000000f2600000,0x00000000f9300000)
 ParOldGen       total 198144K, used 158176K [0x00000000c2a00000, 0x00000000ceb80000, 0x00000000eb900000)
  object space 198144K, 79% used [0x00000000c2a00000,0x00000000cc4780c0,0x00000000ceb80000)
 Metaspace       used 37370K, capacity 39062K, committed 39168K, reserved 1083392K
  class space    used 3704K, capacity 4298K, committed 4352K, reserved 1048576K
}
Event: 171.373 GC heap before
{Heap before GC invocations=83 (full 4):
 PSYoungGen      total 223232K, used 194636K [0x00000000eb900000, 0x0000000100000000, 0x0000000100000000)
  eden space 111616K, 100% used [0x00000000eb900000,0x00000000f2600000,0x00000000f2600000)
  from space 111616K, 74% used [0x00000000f9300000,0x00000000fe4132d0,0x0000000100000000)
  to   space 111616K, 0% used [0x00000000f2600000,0x00000000f2600000,0x00000000f9300000)
 ParOldGen       total 198144K, used 158176K [0x00000000c2a00000, 0x00000000ceb80000, 0x00000000eb900000)
  object space 198144K, 79% used [0x00000000c2a00000,0x00000000cc4780c0,0x00000000ceb80000)
 Metaspace       used 38632K, capacity 40726K, committed 40960K, reserved 1085440K
  class space    used 3779K, capacity 4550K, committed 4608K, reserved 1048576K
Event: 171.463 GC heap after
Heap after GC invocations=83 (full 4):
 PSYoungGen      total 223232K, used 83688K [0x00000000eb900000, 0x0000000100000000, 0x0000000100000000)
  eden space 111616K, 0% used [0x00000000eb900000,0x00000000eb900000,0x00000000f2600000)
  from space 111616K, 74% used [0x00000000f2600000,0x00000000f77ba000,0x00000000f9300000)
  to   space 111616K, 0% used [0x00000000f9300000,0x00000000f9300000,0x0000000100000000)
 ParOldGen       total 198144K, used 159701K [0x00000000c2a00000, 0x00000000ceb80000, 0x00000000eb900000)
  object space 198144K, 80% used [0x00000000c2a00000,0x00000000cc5f5648,0x00000000ceb80000)
 Metaspace       used 38632K, capacity 40726K, committed 40960K, reserved 1085440K
  class space    used 3779K, capacity 4550K, committed 4608K, reserved 1048576K
}
Event: 172.678 GC heap before
{Heap before GC invocations=84 (full 4):
 PSYoungGen      total 223232K, used 195304K [0x00000000eb900000, 0x0000000100000000, 0x0000000100000000)
  eden space 111616K, 100% used [0x00000000eb900000,0x00000000f2600000,0x00000000f2600000)
  from space 111616K, 74% used [0x00000000f2600000,0x00000000f77ba000,0x00000000f9300000)
  to   space 111616K, 0% used [0x00000000f9300000,0x00000000f9300000,0x0000000100000000)
 ParOldGen       total 198144K, used 159701K [0x00000000c2a00000, 0x00000000ceb80000, 0x00000000eb900000)
  object space 198144K, 80% used [0x00000000c2a00000,0x00000000cc5f5648,0x00000000ceb80000)
 Metaspace       used 39779K, capacity 42130K, committed 42240K, reserved 1087488K
  class space    used 3846K, capacity 4790K, committed 4864K, reserved 1048576K
Event: 172.774 GC heap after
Heap after GC invocations=84 (full 4):
 PSYoungGen      total 223232K, used 68735K [0x00000000eb900000, 0x0000000100000000, 0x0000000100000000)
  eden space 111616K, 0% used [0x00000000eb900000,0x00000000eb900000,0x00000000f2600000)
  from space 111616K, 61% used [0x00000000f9300000,0x00000000fd61fd78,0x0000000100000000)
  to   space 111616K, 0% used [0x00000000f2600000,0x00000000f2600000,0x00000000f9300000)
 ParOldGen       total 198144K, used 176805K [0x00000000c2a00000, 0x00000000ceb80000, 0x00000000eb900000)
  object space 198144K, 89% used [0x00000000c2a00000,0x00000000cd6a95c0,0x00000000ceb80000)
 Metaspace       used 39779K, capacity 42130K, committed 42240K, reserved 1087488K
  class space    used 3846K, capacity 4790K, committed 4864K, reserved 1048576K
}
Event: 174.038 GC heap before
{Heap before GC invocations=85 (full 4):
 PSYoungGen      total 223232K, used 180351K [0x00000000eb900000, 0x0000000100000000, 0x0000000100000000)
  eden space 111616K, 100% used [0x00000000eb900000,0x00000000f2600000,0x00000000f2600000)
  from space 111616K, 61% used [0x00000000f9300000,0x00000000fd61fd78,0x0000000100000000)
  to   space 111616K, 0% used [0x00000000f2600000,0x00000000f2600000,0x00000000f9300000)
 ParOldGen       total 198144K, used 176805K [0x00000000c2a00000, 0x00000000ceb80000, 0x00000000eb900000)
  object space 198144K, 89% used [0x00000000c2a00000,0x00000000cd6a95c0,0x00000000ceb80000)
 Metaspace       used 41032K, capacity 43722K, committed 44032K, reserved 1087488K
  class space    used 3915K, capacity 5030K, committed 5120K, reserved 1048576K
Event: 174.157 GC heap after
Heap after GC invocations=85 (full 4):
 PSYoungGen      total 223232K, used 53629K [0x00000000eb900000, 0x0000000100000000, 0x0000000100000000)
  eden space 111616K, 0% used [0x00000000eb900000,0x00000000eb900000,0x00000000f2600000)
  from space 111616K, 48% used [0x00000000f2600000,0x00000000f5a5f510,0x00000000f9300000)
  to   space 111616K, 0% used [0x00000000f9300000,0x00000000f9300000,0x0000000100000000)
 ParOldGen       total 198144K, used 195255K [0x00000000c2a00000, 0x00000000ceb80000, 0x00000000eb900000)
  object space 198144K, 98% used [0x00000000c2a00000,0x00000000ce8adc20,0x00000000ceb80000)
 Metaspace       used 41032K, capacity 43722K, committed 44032K, reserved 1087488K
  class space    used 3915K, capacity 5030K, committed 5120K, reserved 1048576K
}
Event: 174.157 GC heap before
{Heap before GC invocations=86 (full 5):
 PSYoungGen      total 223232K, used 53629K [0x00000000eb900000, 0x0000000100000000, 0x0000000100000000)
  eden space 111616K, 0% used [0x00000000eb900000,0x00000000eb900000,0x00000000f2600000)
  from space 111616K, 48% used [0x00000000f2600000,0x00000000f5a5f510,0x00000000f9300000)
  to   space 111616K, 0% used [0x00000000f9300000,0x00000000f9300000,0x0000000100000000)
 ParOldGen       total 198144K, used 195255K [0x00000000c2a00000, 0x00000000ceb80000, 0x00000000eb900000)
  object space 198144K, 98% used [0x00000000c2a00000,0x00000000ce8adc20,0x00000000ceb80000)
 Metaspace       used 41032K, capacity 43722K, committed 44032K, reserved 1087488K
  class space    used 3915K, capacity 5030K, committed 5120K, reserved 1048576K

