# JRE version: Java(TM) SE Runtime Environment (8.0_201-b09) (build 1.8.0_201-b09)
# Java VM: Java HotSpot(TM) 64-Bit Server VM (25.201-b09 mixed mode linux-amd64 compressed oops)
Heap:
 PSYoungGen      total 128512K, used 9194K [0x00000000eb900000, 0x00000000f4200000, 0x0000000100000000)
  eden space 119296K, 0% used [0x00000000eb900000,0x00000000eb900000,0x00000000f2d80000)
  from space 9216K, 99% used [0x00000000f2d80000,0x00000000f367aab8,0x00000000f3680000)
  to   space 6656K, 0% used [0x00000000f3680000,0x00000000f3680000,0x00000000f3d00000)
 ParOldGen       total 42496K, used 19543K [0x00000000c2a00000, 0x00000000c5380000, 0x00000000eb900000)
  object space 42496K, 45% used [0x00000000c2a00000,0x00000000c3d15ee0,0x00000000c5380000)
 Metaspace       used 15002K, capacity 15488K, committed 15616K, reserved 1062912K
  class space    used 1644K, capacity 1782K, committed 1792K, reserved 1048576K
GC Heap History (10 events):
Event: 32.578 GC heap after
Heap after GC invocations=5 (full 1):
 PSYoungGen      total 34304K, used 2560K [0x00000000eb900000, 0x00000000edd00000, 0x0000000100000000)
  eden space 31744K, 0% used [0x00000000eb900000,0x00000000eb900000,0x00000000ed800000)
  from space 2560K, 100% used [0x00000000eda80000,0x00000000edd00000,0x00000000edd00000)
  to   space 2560K, 0% used [0x00000000ed800000,0x00000000ed800000,0x00000000eda80000)
 ParOldGen       total 42496K, used 8248K [0x00000000c2a00000, 0x00000000c5380000, 0x00000000eb900000)
  object space 42496K, 19% used [0x00000000c2a00000,0x00000000c320e1e0,0x00000000c5380000)
 Metaspace       used 13605K, capacity 13998K, committed 14336K, reserved 1062912K
  class space    used 1564K, capacity 1667K, committed 1792K, reserved 1048576K
}
Event: 33.014 GC heap before
{Heap before GC invocations=6 (full 1):
 PSYoungGen      total 34304K, used 34304K [0x00000000eb900000, 0x00000000edd00000, 0x0000000100000000)
  eden space 31744K, 100% used [0x00000000eb900000,0x00000000ed800000,0x00000000ed800000)
  from space 2560K, 100% used [0x00000000eda80000,0x00000000edd00000,0x00000000edd00000)
  to   space 2560K, 0% used [0x00000000ed800000,0x00000000ed800000,0x00000000eda80000)
 ParOldGen       total 42496K, used 8248K [0x00000000c2a00000, 0x00000000c5380000, 0x00000000eb900000)
  object space 42496K, 19% used [0x00000000c2a00000,0x00000000c320e1e0,0x00000000c5380000)
 Metaspace       used 13673K, capacity 14062K, committed 14336K, reserved 1062912K
  class space    used 1564K, capacity 1667K, committed 1792K, reserved 1048576K
Event: 33.035 GC heap after
Heap after GC invocations=6 (full 1):
 PSYoungGen      total 34304K, used 2560K [0x00000000eb900000, 0x00000000efc00000, 0x0000000100000000)
  eden space 31744K, 0% used [0x00000000eb900000,0x00000000eb900000,0x00000000ed800000)
  from space 2560K, 100% used [0x00000000ed800000,0x00000000eda80000,0x00000000eda80000)
  to   space 2560K, 0% used [0x00000000ef980000,0x00000000ef980000,0x00000000efc00000)
 ParOldGen       total 42496K, used 10336K [0x00000000c2a00000, 0x00000000c5380000, 0x00000000eb900000)
  object space 42496K, 24% used [0x00000000c2a00000,0x00000000c34182a0,0x00000000c5380000)
 Metaspace       used 13673K, capacity 14062K, committed 14336K, reserved 1062912K
  class space    used 1564K, capacity 1667K, committed 1792K, reserved 1048576K
}
Event: 33.335 GC heap before
{Heap before GC invocations=7 (full 1):
 PSYoungGen      total 34304K, used 34304K [0x00000000eb900000, 0x00000000efc00000, 0x0000000100000000)
  eden space 31744K, 100% used [0x00000000eb900000,0x00000000ed800000,0x00000000ed800000)
  from space 2560K, 100% used [0x00000000ed800000,0x00000000eda80000,0x00000000eda80000)
  to   space 2560K, 0% used [0x00000000ef980000,0x00000000ef980000,0x00000000efc00000)
 ParOldGen       total 42496K, used 10336K [0x00000000c2a00000, 0x00000000c5380000, 0x00000000eb900000)
  object space 42496K, 24% used [0x00000000c2a00000,0x00000000c34182a0,0x00000000c5380000)
 Metaspace       used 13724K, capacity 14062K, committed 14336K, reserved 1062912K
  class space    used 1564K, capacity 1667K, committed 1792K, reserved 1048576K
Event: 33.355 GC heap after
Heap after GC invocations=7 (full 1):
 PSYoungGen      total 63488K, used 2544K [0x00000000eb900000, 0x00000000f0100000, 0x0000000100000000)
  eden space 60928K, 0% used [0x00000000eb900000,0x00000000eb900000,0x00000000ef480000)
  from space 2560K, 99% used [0x00000000ef980000,0x00000000efbfc120,0x00000000efc00000)
  to   space 5120K, 0% used [0x00000000ef480000,0x00000000ef480000,0x00000000ef980000)
 ParOldGen       total 42496K, used 12388K [0x00000000c2a00000, 0x00000000c5380000, 0x00000000eb900000)
  object space 42496K, 29% used [0x00000000c2a00000,0x00000000c3619390,0x00000000c5380000)
 Metaspace       used 13724K, capacity 14062K, committed 14336K, reserved 1062912K
  class space    used 1564K, capacity 1667K, committed 1792K, reserved 1048576K
}
Event: 34.160 GC heap before
{Heap before GC invocations=8 (full 1):
 PSYoungGen      total 63488K, used 63472K [0x00000000eb900000, 0x00000000f0100000, 0x0000000100000000)
  eden space 60928K, 100% used [0x00000000eb900000,0x00000000ef480000,0x00000000ef480000)
  from space 2560K, 99% used [0x00000000ef980000,0x00000000efbfc120,0x00000000efc00000)
  to   space 5120K, 0% used [0x00000000ef480000,0x00000000ef480000,0x00000000ef980000)
 ParOldGen       total 42496K, used 12388K [0x00000000c2a00000, 0x00000000c5380000, 0x00000000eb900000)
  object space 42496K, 29% used [0x00000000c2a00000,0x00000000c3619390,0x00000000c5380000)
 Metaspace       used 13776K, capacity 14126K, committed 14336K, reserved 1062912K
  class space    used 1564K, capacity 1667K, committed 1792K, reserved 1048576K
Event: 34.188 GC heap after
Heap after GC invocations=8 (full 1):
 PSYoungGen      total 66048K, used 5096K [0x00000000eb900000, 0x00000000f3d00000, 0x0000000100000000)
  eden space 60928K, 0% used [0x00000000eb900000,0x00000000eb900000,0x00000000ef480000)
  from space 5120K, 99% used [0x00000000ef480000,0x00000000ef97a1b8,0x00000000ef980000)
  to   space 6656K, 0% used [0x00000000f3680000,0x00000000f3680000,0x00000000f3d00000)
 ParOldGen       total 42496K, used 14438K [0x00000000c2a00000, 0x00000000c5380000, 0x00000000eb900000)
  object space 42496K, 33% used [0x00000000c2a00000,0x00000000c3819a78,0x00000000c5380000)
 Metaspace       used 13776K, capacity 14126K, committed 14336K, reserved 1062912K
  class space    used 1564K, capacity 1667K, committed 1792K, reserved 1048576K
}
Event: 35.737 GC heap before
{Heap before GC invocations=9 (full 1):
 PSYoungGen      total 66048K, used 66024K [0x00000000eb900000, 0x00000000f3d00000, 0x0000000100000000)
  eden space 60928K, 100% used [0x00000000eb900000,0x00000000ef480000,0x00000000ef480000)
  from space 5120K, 99% used [0x00000000ef480000,0x00000000ef97a1b8,0x00000000ef980000)
  to   space 6656K, 0% used [0x00000000f3680000,0x00000000f3680000,0x00000000f3d00000)
 ParOldGen       total 42496K, used 14438K [0x00000000c2a00000, 0x00000000c5380000, 0x00000000eb900000)
  object space 42496K, 33% used [0x00000000c2a00000,0x00000000c3819a78,0x00000000c5380000)
 Metaspace       used 14688K, capacity 15174K, committed 15360K, reserved 1062912K
  class space    used 1624K, capacity 1763K, committed 1792K, reserved 1048576K
Event: 35.761 GC heap after
Heap after GC invocations=9 (full 1):
 PSYoungGen      total 125952K, used 6628K [0x00000000eb900000, 0x00000000f4200000, 0x0000000100000000)
  eden space 119296K, 0% used [0x00000000eb900000,0x00000000eb900000,0x00000000f2d80000)
  from space 6656K, 99% used [0x00000000f3680000,0x00000000f3cf9288,0x00000000f3d00000)
  to   space 9216K, 0% used [0x00000000f2d80000,0x00000000f2d80000,0x00000000f3680000)
 ParOldGen       total 42496K, used 18299K [0x00000000c2a00000, 0x00000000c5380000, 0x00000000eb900000)
  object space 42496K, 43% used [0x00000000c2a00000,0x00000000c3bdefa0,0x00000000c5380000)
 Metaspace       used 14688K, capacity 15174K, committed 15360K, reserved 1062912K
  class space    used 1624K, capacity 1763K, committed 1792K, reserved 1048576K
}
Event: 59.175 GC heap before
{Heap before GC invocations=10 (full 1):
 PSYoungGen      total 125952K, used 125924K [0x00000000eb900000, 0x00000000f4200000, 0x0000000100000000)
  eden space 119296K, 100% used [0x00000000eb900000,0x00000000f2d80000,0x00000000f2d80000)
  from space 6656K, 99% used [0x00000000f3680000,0x00000000f3cf9288,0x00000000f3d00000)
  to   space 9216K, 0% used [0x00000000f2d80000,0x00000000f2d80000,0x00000000f3680000)
 ParOldGen       total 42496K, used 18299K [0x00000000c2a00000, 0x00000000c5380000, 0x00000000eb900000)
  object space 42496K, 43% used [0x00000000c2a00000,0x00000000c3bdefa0,0x00000000c5380000)
 Metaspace       used 15002K, capacity 15488K, committed 15616K, reserved 1062912K
  class space    used 1644K, capacity 1782K, committed 1792K, reserved 1048576K

