# JRE version: Java(TM) SE Runtime Environment (8.0_201-b09) (build 1.8.0_201-b09)
# Java VM: Java HotSpot(TM) 64-Bit Server VM (25.201-b09 mixed mode linux-amd64 compressed oops)
Heap:
 PSYoungGen      total 133632K, used 4576K [0x00000000eb900000, 0x00000000f4200000, 0x0000000100000000)
  eden space 126976K, 0% used [0x00000000eb900000,0x00000000eb900000,0x00000000f3500000)
  from space 6656K, 68% used [0x00000000f3500000,0x00000000f39780a0,0x00000000f3b80000)
  to   space 6656K, 0% used [0x00000000f3b80000,0x00000000f3b80000,0x00000000f4200000)
 ParOldGen       total 42496K, used 13738K [0x00000000c2a00000, 0x00000000c5380000, 0x00000000eb900000)
  object space 42496K, 32% used [0x00000000c2a00000,0x00000000c376aac8,0x00000000c5380000)
 Metaspace       used 14196K, capacity 14680K, committed 14848K, reserved 1062912K
  class space    used 1613K, capacity 1753K, committed 1792K, reserved 1048576K
GC Heap History (10 events):
Event: 33.795 GC heap after
Heap after GC invocations=4 (full 0):
 PSYoungGen      total 34304K, used 2544K [0x00000000eb900000, 0x00000000edd00000, 0x0000000100000000)
  eden space 31744K, 0% used [0x00000000eb900000,0x00000000eb900000,0x00000000ed800000)
  from space 2560K, 99% used [0x00000000eda80000,0x00000000edcfc010,0x00000000edd00000)
  to   space 2560K, 0% used [0x00000000ed800000,0x00000000ed800000,0x00000000eda80000)
 ParOldGen       total 42496K, used 7768K [0x00000000c2a00000, 0x00000000c5380000, 0x00000000eb900000)
  object space 42496K, 18% used [0x00000000c2a00000,0x00000000c3196170,0x00000000c5380000)
 Metaspace       used 14049K, capacity 14488K, committed 14592K, reserved 1062912K
  class space    used 1613K, capacity 1753K, committed 1792K, reserved 1048576K
}
Event: 34.377 GC heap before
{Heap before GC invocations=5 (full 0):
 PSYoungGen      total 34304K, used 34288K [0x00000000eb900000, 0x00000000edd00000, 0x0000000100000000)
  eden space 31744K, 100% used [0x00000000eb900000,0x00000000ed800000,0x00000000ed800000)
  from space 2560K, 99% used [0x00000000eda80000,0x00000000edcfc010,0x00000000edd00000)
  to   space 2560K, 0% used [0x00000000ed800000,0x00000000ed800000,0x00000000eda80000)
 ParOldGen       total 42496K, used 7768K [0x00000000c2a00000, 0x00000000c5380000, 0x00000000eb900000)
  object space 42496K, 18% used [0x00000000c2a00000,0x00000000c3196170,0x00000000c5380000)
 Metaspace       used 14103K, capacity 14616K, committed 14848K, reserved 1062912K
  class space    used 1613K, capacity 1753K, committed 1792K, reserved 1048576K
Event: 34.399 GC heap after
Heap after GC invocations=5 (full 0):
 PSYoungGen      total 34304K, used 2544K [0x00000000eb900000, 0x00000000f0400000, 0x0000000100000000)
  eden space 31744K, 0% used [0x00000000eb900000,0x00000000eb900000,0x00000000ed800000)
  from space 2560K, 99% used [0x00000000ed800000,0x00000000eda7c010,0x00000000eda80000)
  to   space 6656K, 0% used [0x00000000efd80000,0x00000000efd80000,0x00000000f0400000)
 ParOldGen       total 42496K, used 8863K [0x00000000c2a00000, 0x00000000c5380000, 0x00000000eb900000)
  object space 42496K, 20% used [0x00000000c2a00000,0x00000000c32a7fd8,0x00000000c5380000)
 Metaspace       used 14103K, capacity 14616K, committed 14848K, reserved 1062912K
  class space    used 1613K, capacity 1753K, committed 1792K, reserved 1048576K
}
Event: 34.827 GC heap before
{Heap before GC invocations=6 (full 0):
 PSYoungGen      total 34304K, used 34288K [0x00000000eb900000, 0x00000000f0400000, 0x0000000100000000)
  eden space 31744K, 100% used [0x00000000eb900000,0x00000000ed800000,0x00000000ed800000)
  from space 2560K, 99% used [0x00000000ed800000,0x00000000eda7c010,0x00000000eda80000)
  to   space 6656K, 0% used [0x00000000efd80000,0x00000000efd80000,0x00000000f0400000)
 ParOldGen       total 42496K, used 8863K [0x00000000c2a00000, 0x00000000c5380000, 0x00000000eb900000)
  object space 42496K, 20% used [0x00000000c2a00000,0x00000000c32a7fd8,0x00000000c5380000)
 Metaspace       used 14143K, capacity 14616K, committed 14848K, reserved 1062912K
  class space    used 1613K, capacity 1753K, committed 1792K, reserved 1048576K
Event: 34.842 GC heap after
Heap after GC invocations=6 (full 0):
 PSYoungGen      total 70144K, used 4896K [0x00000000eb900000, 0x00000000f0400000, 0x0000000100000000)
  eden space 63488K, 0% used [0x00000000eb900000,0x00000000eb900000,0x00000000ef700000)
  from space 6656K, 73% used [0x00000000efd80000,0x00000000f0248040,0x00000000f0400000)
  to   space 6656K, 0% used [0x00000000ef700000,0x00000000ef700000,0x00000000efd80000)
 ParOldGen       total 42496K, used 8871K [0x00000000c2a00000, 0x00000000c5380000, 0x00000000eb900000)
  object space 42496K, 20% used [0x00000000c2a00000,0x00000000c32a9fd8,0x00000000c5380000)
 Metaspace       used 14143K, capacity 14616K, committed 14848K, reserved 1062912K
  class space    used 1613K, capacity 1753K, committed 1792K, reserved 1048576K
}
Event: 35.473 GC heap before
{Heap before GC invocations=7 (full 0):
 PSYoungGen      total 70144K, used 68384K [0x00000000eb900000, 0x00000000f0400000, 0x0000000100000000)
  eden space 63488K, 100% used [0x00000000eb900000,0x00000000ef700000,0x00000000ef700000)
  from space 6656K, 73% used [0x00000000efd80000,0x00000000f0248040,0x00000000f0400000)
  to   space 6656K, 0% used [0x00000000ef700000,0x00000000ef700000,0x00000000efd80000)
 ParOldGen       total 42496K, used 8871K [0x00000000c2a00000, 0x00000000c5380000, 0x00000000eb900000)
  object space 42496K, 20% used [0x00000000c2a00000,0x00000000c32a9fd8,0x00000000c5380000)
 Metaspace       used 14165K, capacity 14680K, committed 14848K, reserved 1062912K
  class space    used 1613K, capacity 1753K, committed 1792K, reserved 1048576K
Event: 35.497 GC heap after
Heap after GC invocations=7 (full 0):
 PSYoungGen      total 70144K, used 5024K [0x00000000eb900000, 0x00000000f4200000, 0x0000000100000000)
  eden space 63488K, 0% used [0x00000000eb900000,0x00000000eb900000,0x00000000ef700000)
  from space 6656K, 75% used [0x00000000ef700000,0x00000000efbe8020,0x00000000efd80000)
  to   space 6656K, 0% used [0x00000000f3b80000,0x00000000f3b80000,0x00000000f4200000)
 ParOldGen       total 42496K, used 9656K [0x00000000c2a00000, 0x00000000c5380000, 0x00000000eb900000)
  object space 42496K, 22% used [0x00000000c2a00000,0x00000000c336e098,0x00000000c5380000)
 Metaspace       used 14165K, capacity 14680K, committed 14848K, reserved 1062912K
  class space    used 1613K, capacity 1753K, committed 1792K, reserved 1048576K
}
Event: 36.094 GC heap before
{Heap before GC invocations=8 (full 0):
 PSYoungGen      total 70144K, used 68512K [0x00000000eb900000, 0x00000000f4200000, 0x0000000100000000)
  eden space 63488K, 100% used [0x00000000eb900000,0x00000000ef700000,0x00000000ef700000)
  from space 6656K, 75% used [0x00000000ef700000,0x00000000efbe8020,0x00000000efd80000)
  to   space 6656K, 0% used [0x00000000f3b80000,0x00000000f3b80000,0x00000000f4200000)
 ParOldGen       total 42496K, used 9656K [0x00000000c2a00000, 0x00000000c5380000, 0x00000000eb900000)
  object space 42496K, 22% used [0x00000000c2a00000,0x00000000c336e098,0x00000000c5380000)
 Metaspace       used 14178K, capacity 14680K, committed 14848K, reserved 1062912K
  class space    used 1613K, capacity 1753K, committed 1792K, reserved 1048576K
Event: 36.117 GC heap after
Heap after GC invocations=8 (full 0):
 PSYoungGen      total 133632K, used 5872K [0x00000000eb900000, 0x00000000f4200000, 0x0000000100000000)
  eden space 126976K, 0% used [0x00000000eb900000,0x00000000eb900000,0x00000000f3500000)
  from space 6656K, 88% used [0x00000000f3b80000,0x00000000f413c020,0x00000000f4200000)
  to   space 6656K, 0% used [0x00000000f3500000,0x00000000f3500000,0x00000000f3b80000)
 ParOldGen       total 42496K, used 10640K [0x00000000c2a00000, 0x00000000c5380000, 0x00000000eb900000)
  object space 42496K, 25% used [0x00000000c2a00000,0x00000000c3464098,0x00000000c5380000)
 Metaspace       used 14178K, capacity 14680K, committed 14848K, reserved 1062912K
  class space    used 1613K, capacity 1753K, committed 1792K, reserved 1048576K
}
Event: 37.360 GC heap before
{Heap before GC invocations=9 (full 0):
 PSYoungGen      total 133632K, used 132848K [0x00000000eb900000, 0x00000000f4200000, 0x0000000100000000)
  eden space 126976K, 100% used [0x00000000eb900000,0x00000000f3500000,0x00000000f3500000)
  from space 6656K, 88% used [0x00000000f3b80000,0x00000000f413c020,0x00000000f4200000)
  to   space 6656K, 0% used [0x00000000f3500000,0x00000000f3500000,0x00000000f3b80000)
 ParOldGen       total 42496K, used 10640K [0x00000000c2a00000, 0x00000000c5380000, 0x00000000eb900000)
  object space 42496K, 25% used [0x00000000c2a00000,0x00000000c3464098,0x00000000c5380000)
 Metaspace       used 14196K, capacity 14680K, committed 14848K, reserved 1062912K
  class space    used 1613K, capacity 1753K, committed 1792K, reserved 1048576K

