# JRE version: Java(TM) SE Runtime Environment (8.0_201-b09) (build 1.8.0_201-b09)
# Java VM: Java HotSpot(TM) 64-Bit Server VM (25.201-b09 mixed mode linux-amd64 compressed oops)
Heap:
 PSYoungGen      total 119808K, used 2216K [0x00000000eb900000, 0x00000000f3300000, 0x0000000100000000)
  eden space 114688K, 0% used [0x00000000eb900000,0x00000000eb900000,0x00000000f2900000)
  from space 5120K, 43% used [0x00000000f2900000,0x00000000f2b2a1b8,0x00000000f2e00000)
  to   space 5120K, 0% used [0x00000000f2e00000,0x00000000f2e00000,0x00000000f3300000)
 ParOldGen       total 42496K, used 17852K [0x00000000c2a00000, 0x00000000c5380000, 0x00000000eb900000)
  object space 42496K, 42% used [0x00000000c2a00000,0x00000000c3b6f388,0x00000000c5380000)
 Metaspace       used 14125K, capacity 14582K, committed 14848K, reserved 1062912K
  class space    used 1602K, capacity 1747K, committed 1792K, reserved 1048576K
GC Heap History (10 events):
Event: 51.173 GC heap after
Heap after GC invocations=11 (full 1):
 PSYoungGen      total 47616K, used 3056K [0x00000000eb900000, 0x00000000ef680000, 0x0000000100000000)
  eden space 44544K, 0% used [0x00000000eb900000,0x00000000eb900000,0x00000000ee480000)
  from space 3072K, 99% used [0x00000000ef380000,0x00000000ef67c010,0x00000000ef680000)
  to   space 4608K, 0% used [0x00000000eed80000,0x00000000eed80000,0x00000000ef200000)
 ParOldGen       total 42496K, used 9320K [0x00000000c2a00000, 0x00000000c5380000, 0x00000000eb900000)
  object space 42496K, 21% used [0x00000000c2a00000,0x00000000c331a3a8,0x00000000c5380000)
 Metaspace       used 14065K, capacity 14518K, committed 14592K, reserved 1062912K
  class space    used 1602K, capacity 1747K, committed 1792K, reserved 1048576K
}
Event: 51.925 GC heap before
{Heap before GC invocations=12 (full 1):
 PSYoungGen      total 47616K, used 47600K [0x00000000eb900000, 0x00000000ef680000, 0x0000000100000000)
  eden space 44544K, 100% used [0x00000000eb900000,0x00000000ee480000,0x00000000ee480000)
  from space 3072K, 99% used [0x00000000ef380000,0x00000000ef67c010,0x00000000ef680000)
  to   space 4608K, 0% used [0x00000000eed80000,0x00000000eed80000,0x00000000ef200000)
 ParOldGen       total 42496K, used 9320K [0x00000000c2a00000, 0x00000000c5380000, 0x00000000eb900000)
  object space 42496K, 21% used [0x00000000c2a00000,0x00000000c331a3a8,0x00000000c5380000)
 Metaspace       used 14077K, capacity 14582K, committed 14848K, reserved 1062912K
  class space    used 1602K, capacity 1747K, committed 1792K, reserved 1048576K
Event: 51.948 GC heap after
Heap after GC invocations=12 (full 1):
 PSYoungGen      total 58368K, used 1216K [0x00000000eb900000, 0x00000000f0800000, 0x0000000100000000)
  eden space 53760K, 0% used [0x00000000eb900000,0x00000000eb900000,0x00000000eed80000)
  from space 4608K, 26% used [0x00000000eed80000,0x00000000eeeb0010,0x00000000ef200000)
  to   space 4608K, 0% used [0x00000000f0380000,0x00000000f0380000,0x00000000f0800000)
 ParOldGen       total 42496K, used 11935K [0x00000000c2a00000, 0x00000000c5380000, 0x00000000eb900000)
  object space 42496K, 28% used [0x00000000c2a00000,0x00000000c35a7dc8,0x00000000c5380000)
 Metaspace       used 14077K, capacity 14582K, committed 14848K, reserved 1062912K
  class space    used 1602K, capacity 1747K, committed 1792K, reserved 1048576K
}
Event: 52.741 GC heap before
{Heap before GC invocations=13 (full 1):
 PSYoungGen      total 58368K, used 54976K [0x00000000eb900000, 0x00000000f0800000, 0x0000000100000000)
  eden space 53760K, 100% used [0x00000000eb900000,0x00000000eed80000,0x00000000eed80000)
  from space 4608K, 26% used [0x00000000eed80000,0x00000000eeeb0010,0x00000000ef200000)
  to   space 4608K, 0% used [0x00000000f0380000,0x00000000f0380000,0x00000000f0800000)
 ParOldGen       total 42496K, used 11935K [0x00000000c2a00000, 0x00000000c5380000, 0x00000000eb900000)
  object space 42496K, 28% used [0x00000000c2a00000,0x00000000c35a7dc8,0x00000000c5380000)
 Metaspace       used 14088K, capacity 14582K, committed 14848K, reserved 1062912K
  class space    used 1602K, capacity 1747K, committed 1792K, reserved 1048576K
Event: 52.838 GC heap after
Heap after GC invocations=13 (full 1):
 PSYoungGen      total 76288K, used 1520K [0x00000000eb900000, 0x00000000f1600000, 0x0000000100000000)
  eden space 71680K, 0% used [0x00000000eb900000,0x00000000eb900000,0x00000000eff00000)
  from space 4608K, 32% used [0x00000000f0380000,0x00000000f04fc010,0x00000000f0800000)
  to   space 4608K, 0% used [0x00000000eff00000,0x00000000eff00000,0x00000000f0380000)
 ParOldGen       total 42496K, used 13034K [0x00000000c2a00000, 0x00000000c5380000, 0x00000000eb900000)
  object space 42496K, 30% used [0x00000000c2a00000,0x00000000c36ba968,0x00000000c5380000)
 Metaspace       used 14088K, capacity 14582K, committed 14848K, reserved 1062912K
  class space    used 1602K, capacity 1747K, committed 1792K, reserved 1048576K
}
Event: 53.410 GC heap before
{Heap before GC invocations=14 (full 1):
 PSYoungGen      total 76288K, used 73200K [0x00000000eb900000, 0x00000000f1600000, 0x0000000100000000)
  eden space 71680K, 100% used [0x00000000eb900000,0x00000000eff00000,0x00000000eff00000)
  from space 4608K, 32% used [0x00000000f0380000,0x00000000f04fc010,0x00000000f0800000)
  to   space 4608K, 0% used [0x00000000eff00000,0x00000000eff00000,0x00000000f0380000)
 ParOldGen       total 42496K, used 13034K [0x00000000c2a00000, 0x00000000c5380000, 0x00000000eb900000)
  object space 42496K, 30% used [0x00000000c2a00000,0x00000000c36ba968,0x00000000c5380000)
 Metaspace       used 14101K, capacity 14582K, committed 14848K, reserved 1062912K
  class space    used 1602K, capacity 1747K, committed 1792K, reserved 1048576K
Event: 53.424 GC heap after
Heap after GC invocations=14 (full 1):
 PSYoungGen      total 76288K, used 608K [0x00000000eb900000, 0x00000000f3300000, 0x0000000100000000)
  eden space 71680K, 0% used [0x00000000eb900000,0x00000000eb900000,0x00000000eff00000)
  from space 4608K, 13% used [0x00000000eff00000,0x00000000eff98000,0x00000000f0380000)
  to   space 5120K, 0% used [0x00000000f2e00000,0x00000000f2e00000,0x00000000f3300000)
 ParOldGen       total 42496K, used 14451K [0x00000000c2a00000, 0x00000000c5380000, 0x00000000eb900000)
  object space 42496K, 34% used [0x00000000c2a00000,0x00000000c381cdf0,0x00000000c5380000)
 Metaspace       used 14101K, capacity 14582K, committed 14848K, reserved 1062912K
  class space    used 1602K, capacity 1747K, committed 1792K, reserved 1048576K
}
Event: 54.211 GC heap before
{Heap before GC invocations=15 (full 1):
 PSYoungGen      total 76288K, used 72288K [0x00000000eb900000, 0x00000000f3300000, 0x0000000100000000)
  eden space 71680K, 100% used [0x00000000eb900000,0x00000000eff00000,0x00000000eff00000)
  from space 4608K, 13% used [0x00000000eff00000,0x00000000eff98000,0x00000000f0380000)
  to   space 5120K, 0% used [0x00000000f2e00000,0x00000000f2e00000,0x00000000f3300000)
 ParOldGen       total 42496K, used 14451K [0x00000000c2a00000, 0x00000000c5380000, 0x00000000eb900000)
  object space 42496K, 34% used [0x00000000c2a00000,0x00000000c381cdf0,0x00000000c5380000)
 Metaspace       used 14117K, capacity 14582K, committed 14848K, reserved 1062912K
  class space    used 1602K, capacity 1747K, committed 1792K, reserved 1048576K
Event: 54.246 GC heap after
Heap after GC invocations=15 (full 1):
 PSYoungGen      total 119808K, used 2912K [0x00000000eb900000, 0x00000000f3300000, 0x0000000100000000)
  eden space 114688K, 0% used [0x00000000eb900000,0x00000000eb900000,0x00000000f2900000)
  from space 5120K, 56% used [0x00000000f2e00000,0x00000000f30d81c0,0x00000000f3300000)
  to   space 5120K, 0% used [0x00000000f2900000,0x00000000f2900000,0x00000000f2e00000)
 ParOldGen       total 42496K, used 15019K [0x00000000c2a00000, 0x00000000c5380000, 0x00000000eb900000)
  object space 42496K, 35% used [0x00000000c2a00000,0x00000000c38aae00,0x00000000c5380000)
 Metaspace       used 14117K, capacity 14582K, committed 14848K, reserved 1062912K
  class space    used 1602K, capacity 1747K, committed 1792K, reserved 1048576K
}
Event: 59.072 GC heap before
{Heap before GC invocations=16 (full 1):
 PSYoungGen      total 119808K, used 117600K [0x00000000eb900000, 0x00000000f3300000, 0x0000000100000000)
  eden space 114688K, 100% used [0x00000000eb900000,0x00000000f2900000,0x00000000f2900000)
  from space 5120K, 56% used [0x00000000f2e00000,0x00000000f30d81c0,0x00000000f3300000)
  to   space 5120K, 0% used [0x00000000f2900000,0x00000000f2900000,0x00000000f2e00000)
 ParOldGen       total 42496K, used 15019K [0x00000000c2a00000, 0x00000000c5380000, 0x00000000eb900000)
  object space 42496K, 35% used [0x00000000c2a00000,0x00000000c38aae00,0x00000000c5380000)
 Metaspace       used 14125K, capacity 14582K, committed 14848K, reserved 1062912K
  class space    used 1602K, capacity 1747K, committed 1792K, reserved 1048576K

