# JRE version: Java(TM) SE Runtime Environment (8.0_201-b09) (build 1.8.0_201-b09)
# Java VM: Java HotSpot(TM) 64-Bit Server VM (25.201-b09 mixed mode linux-amd64 compressed oops)
Heap:
 PSYoungGen      total 303616K, used 302796K [0x00000000eb900000, 0x0000000100000000, 0x0000000100000000)
  eden space 286720K, 99% used [0x00000000eb900000,0x00000000fd06b058,0x00000000fd100000)
  from space 16896K, 98% used [0x00000000fd100000,0x00000000fe148040,0x00000000fe180000)
  to   space 25088K, 0% used [0x00000000fe780000,0x00000000fe780000,0x0000000100000000)
 ParOldGen       total 80896K, used 61284K [0x00000000c2a00000, 0x00000000c7900000, 0x00000000eb900000)
  object space 80896K, 75% used [0x00000000c2a00000,0x00000000c65d91b0,0x00000000c7900000)
 Metaspace       used 24282K, capacity 24922K, committed 25088K, reserved 1071104K
  class space    used 2533K, capacity 2701K, committed 2816K, reserved 1048576K
GC Heap History (10 events):
Event: 66.948 GC heap before
{Heap before GC invocations=21 (full 2):
 PSYoungGen      total 310784K, used 300480K [0x00000000eb900000, 0x00000000ffe80000, 0x0000000100000000)
  eden space 288768K, 100% used [0x00000000eb900000,0x00000000fd300000,0x00000000fd300000)
  from space 22016K, 53% used [0x00000000fe880000,0x00000000ff3f0040,0x00000000ffe00000)
  to   space 22016K, 0% used [0x00000000fd300000,0x00000000fd300000,0x00000000fe880000)
 ParOldGen       total 80896K, used 61260K [0x00000000c2a00000, 0x00000000c7900000, 0x00000000eb900000)
  object space 80896K, 75% used [0x00000000c2a00000,0x00000000c65d31b0,0x00000000c7900000)
 Metaspace       used 24119K, capacity 24788K, committed 25088K, reserved 1071104K
  class space    used 2532K, capacity 2700K, committed 2816K, reserved 1048576K
Event: 66.980 GC heap after
Heap after GC invocations=21 (full 2):
 PSYoungGen      total 310784K, used 13008K [0x00000000eb900000, 0x0000000100000000, 0x0000000100000000)
  eden space 288768K, 0% used [0x00000000eb900000,0x00000000eb900000,0x00000000fd300000)
  from space 22016K, 59% used [0x00000000fd300000,0x00000000fdfb4030,0x00000000fe880000)
  to   space 22016K, 0% used [0x00000000fea80000,0x00000000fea80000,0x0000000100000000)
 ParOldGen       total 80896K, used 61268K [0x00000000c2a00000, 0x00000000c7900000, 0x00000000eb900000)
  object space 80896K, 75% used [0x00000000c2a00000,0x00000000c65d51b0,0x00000000c7900000)
 Metaspace       used 24119K, capacity 24788K, committed 25088K, reserved 1071104K
  class space    used 2532K, capacity 2700K, committed 2816K, reserved 1048576K
}
Event: 68.989 GC heap before
{Heap before GC invocations=22 (full 2):
 PSYoungGen      total 310784K, used 301776K [0x00000000eb900000, 0x0000000100000000, 0x0000000100000000)
  eden space 288768K, 100% used [0x00000000eb900000,0x00000000fd300000,0x00000000fd300000)
  from space 22016K, 59% used [0x00000000fd300000,0x00000000fdfb4030,0x00000000fe880000)
  to   space 22016K, 0% used [0x00000000fea80000,0x00000000fea80000,0x0000000100000000)
 ParOldGen       total 80896K, used 61268K [0x00000000c2a00000, 0x00000000c7900000, 0x00000000eb900000)
  object space 80896K, 75% used [0x00000000c2a00000,0x00000000c65d51b0,0x00000000c7900000)
 Metaspace       used 24152K, capacity 24788K, committed 25088K, reserved 1071104K
  class space    used 2532K, capacity 2700K, committed 2816K, reserved 1048576K
Event: 69.030 GC heap after
Heap after GC invocations=22 (full 2):
 PSYoungGen      total 311808K, used 14240K [0x00000000eb900000, 0x0000000100000000, 0x0000000100000000)
  eden space 289792K, 0% used [0x00000000eb900000,0x00000000eb900000,0x00000000fd400000)
  from space 22016K, 64% used [0x00000000fea80000,0x00000000ff868060,0x0000000100000000)
  to   space 22528K, 0% used [0x00000000fd400000,0x00000000fd400000,0x00000000fea00000)
 ParOldGen       total 80896K, used 61276K [0x00000000c2a00000, 0x00000000c7900000, 0x00000000eb900000)
  object space 80896K, 75% used [0x00000000c2a00000,0x00000000c65d71b0,0x00000000c7900000)
 Metaspace       used 24152K, capacity 24788K, committed 25088K, reserved 1071104K
  class space    used 2532K, capacity 2700K, committed 2816K, reserved 1048576K
}
Event: 71.012 GC heap before
{Heap before GC invocations=23 (full 2):
 PSYoungGen      total 311808K, used 304032K [0x00000000eb900000, 0x0000000100000000, 0x0000000100000000)
  eden space 289792K, 100% used [0x00000000eb900000,0x00000000fd400000,0x00000000fd400000)
  from space 22016K, 64% used [0x00000000fea80000,0x00000000ff868060,0x0000000100000000)
  to   space 22528K, 0% used [0x00000000fd400000,0x00000000fd400000,0x00000000fea00000)
 ParOldGen       total 80896K, used 61276K [0x00000000c2a00000, 0x00000000c7900000, 0x00000000eb900000)
  object space 80896K, 75% used [0x00000000c2a00000,0x00000000c65d71b0,0x00000000c7900000)
 Metaspace       used 24164K, capacity 24858K, committed 25088K, reserved 1071104K
  class space    used 2533K, capacity 2701K, committed 2816K, reserved 1048576K
Event: 71.068 GC heap after
Heap after GC invocations=23 (full 2):
 PSYoungGen      total 305664K, used 15488K [0x00000000eb900000, 0x0000000100000000, 0x0000000100000000)
  eden space 289792K, 0% used [0x00000000eb900000,0x00000000eb900000,0x00000000fd400000)
  from space 15872K, 97% used [0x00000000fd400000,0x00000000fe320060,0x00000000fe380000)
  to   space 23552K, 0% used [0x00000000fe900000,0x00000000fe900000,0x0000000100000000)
 ParOldGen       total 80896K, used 61284K [0x00000000c2a00000, 0x00000000c7900000, 0x00000000eb900000)
  object space 80896K, 75% used [0x00000000c2a00000,0x00000000c65d91b0,0x00000000c7900000)
 Metaspace       used 24164K, capacity 24858K, committed 25088K, reserved 1071104K
  class space    used 2533K, capacity 2701K, committed 2816K, reserved 1048576K
}
Event: 73.375 GC heap before
{Heap before GC invocations=24 (full 2):
 PSYoungGen      total 305664K, used 305280K [0x00000000eb900000, 0x0000000100000000, 0x0000000100000000)
  eden space 289792K, 100% used [0x00000000eb900000,0x00000000fd400000,0x00000000fd400000)
  from space 15872K, 97% used [0x00000000fd400000,0x00000000fe320060,0x00000000fe380000)
  to   space 23552K, 0% used [0x00000000fe900000,0x00000000fe900000,0x0000000100000000)
 ParOldGen       total 80896K, used 61284K [0x00000000c2a00000, 0x00000000c7900000, 0x00000000eb900000)
  object space 80896K, 75% used [0x00000000c2a00000,0x00000000c65d91b0,0x00000000c7900000)
 Metaspace       used 24176K, capacity 24858K, committed 25088K, reserved 1071104K
  class space    used 2533K, capacity 2701K, committed 2816K, reserved 1048576K
Event: 73.420 GC heap after
Heap after GC invocations=24 (full 2):
 PSYoungGen      total 310272K, used 15504K [0x00000000eb900000, 0x0000000100000000, 0x0000000100000000)
  eden space 286720K, 0% used [0x00000000eb900000,0x00000000eb900000,0x00000000fd100000)
  from space 23552K, 65% used [0x00000000fe900000,0x00000000ff824050,0x0000000100000000)
  to   space 24064K, 0% used [0x00000000fd100000,0x00000000fd100000,0x00000000fe880000)
 ParOldGen       total 80896K, used 61284K [0x00000000c2a00000, 0x00000000c7900000, 0x00000000eb900000)
  object space 80896K, 75% used [0x00000000c2a00000,0x00000000c65d91b0,0x00000000c7900000)
 Metaspace       used 24176K, capacity 24858K, committed 25088K, reserved 1071104K
  class space    used 2533K, capacity 2701K, committed 2816K, reserved 1048576K
}
Event: 75.918 GC heap before
{Heap before GC invocations=25 (full 2):
 PSYoungGen      total 310272K, used 302224K [0x00000000eb900000, 0x0000000100000000, 0x0000000100000000)
  eden space 286720K, 100% used [0x00000000eb900000,0x00000000fd100000,0x00000000fd100000)
  from space 23552K, 65% used [0x00000000fe900000,0x00000000ff824050,0x0000000100000000)
  to   space 24064K, 0% used [0x00000000fd100000,0x00000000fd100000,0x00000000fe880000)
 ParOldGen       total 80896K, used 61284K [0x00000000c2a00000, 0x00000000c7900000, 0x00000000eb900000)
  object space 80896K, 75% used [0x00000000c2a00000,0x00000000c65d91b0,0x00000000c7900000)
 Metaspace       used 24186K, capacity 24858K, committed 25088K, reserved 1071104K
  class space    used 2533K, capacity 2701K, committed 2816K, reserved 1048576K
Event: 75.955 GC heap after
Heap after GC invocations=25 (full 2):
 PSYoungGen      total 303616K, used 16672K [0x00000000eb900000, 0x0000000100000000, 0x0000000100000000)
  eden space 286720K, 0% used [0x00000000eb900000,0x00000000eb900000,0x00000000fd100000)
  from space 16896K, 98% used [0x00000000fd100000,0x00000000fe148040,0x00000000fe180000)
  to   space 25088K, 0% used [0x00000000fe780000,0x00000000fe780000,0x0000000100000000)
 ParOldGen       total 80896K, used 61284K [0x00000000c2a00000, 0x00000000c7900000, 0x00000000eb900000)
  object space 80896K, 75% used [0x00000000c2a00000,0x00000000c65d91b0,0x00000000c7900000)
 Metaspace       used 24186K, capacity 24858K, committed 25088K, reserved 1071104K
  class space    used 2533K, capacity 2701K, committed 2816K, reserved 1048576K
}

