# JRE version: Java(TM) SE Runtime Environment (8.0_201-b09) (build 1.8.0_201-b09)
# Java VM: Java HotSpot(TM) 64-Bit Server VM (25.201-b09 mixed mode linux-amd64 compressed oops)
Heap:
 PSYoungGen      total 248832K, used 138837K [0x00000000eb900000, 0x00000000fbd00000, 0x0000000100000000)
  eden space 238080K, 53% used [0x00000000eb900000,0x00000000f361aa08,0x00000000fa180000)
  from space 10752K, 99% used [0x00000000fae80000,0x00000000fb8facd0,0x00000000fb900000)
  to   space 13312K, 0% used [0x00000000fa180000,0x00000000fa180000,0x00000000fae80000)
 ParOldGen       total 95232K, used 50922K [0x00000000c2a00000, 0x00000000c8700000, 0x00000000eb900000)
  object space 95232K, 53% used [0x00000000c2a00000,0x00000000c5bba990,0x00000000c8700000)
 Metaspace       used 34528K, capacity 35328K, committed 35416K, reserved 1081344K
  class space    used 4261K, capacity 4469K, committed 4480K, reserved 1048576K
GC Heap History (10 events):
Event: 76.423 GC heap before
{Heap before GC invocations=83 (full 3):
 PSYoungGen      total 230912K, used 228845K [0x00000000eb900000, 0x00000000fa880000, 0x0000000100000000)
  eden space 223744K, 100% used [0x00000000eb900000,0x00000000f9380000,0x00000000f9380000)
  from space 7168K, 71% used [0x00000000f9380000,0x00000000f987b780,0x00000000f9a80000)
  to   space 7680K, 0% used [0x00000000fa100000,0x00000000fa100000,0x00000000fa880000)
 ParOldGen       total 95232K, used 47386K [0x00000000c2a00000, 0x00000000c8700000, 0x00000000eb900000)
  object space 95232K, 49% used [0x00000000c2a00000,0x00000000c5846980,0x00000000c8700000)
 Metaspace       used 29771K, capacity 30240K, committed 30552K, reserved 1075200K
  class space    used 3753K, capacity 3888K, committed 3968K, reserved 1048576K
Event: 76.438 GC heap after
Heap after GC invocations=83 (full 3):
 PSYoungGen      total 236544K, used 5963K [0x00000000eb900000, 0x00000000faa00000, 0x0000000100000000)
  eden space 228864K, 0% used [0x00000000eb900000,0x00000000eb900000,0x00000000f9880000)
  from space 7680K, 77% used [0x00000000fa100000,0x00000000fa6d2de0,0x00000000fa880000)
  to   space 8704K, 0% used [0x00000000f9880000,0x00000000f9880000,0x00000000fa100000)
 ParOldGen       total 95232K, used 47394K [0x00000000c2a00000, 0x00000000c8700000, 0x00000000eb900000)
  object space 95232K, 49% used [0x00000000c2a00000,0x00000000c5848980,0x00000000c8700000)
 Metaspace       used 29771K, capacity 30240K, committed 30552K, reserved 1075200K
  class space    used 3753K, capacity 3888K, committed 3968K, reserved 1048576K
}
Event: 77.498 GC heap before
{Heap before GC invocations=84 (full 3):
 PSYoungGen      total 236544K, used 234827K [0x00000000eb900000, 0x00000000faa00000, 0x0000000100000000)
  eden space 228864K, 100% used [0x00000000eb900000,0x00000000f9880000,0x00000000f9880000)
  from space 7680K, 77% used [0x00000000fa100000,0x00000000fa6d2de0,0x00000000fa880000)
  to   space 8704K, 0% used [0x00000000f9880000,0x00000000f9880000,0x00000000fa100000)
 ParOldGen       total 95232K, used 47394K [0x00000000c2a00000, 0x00000000c8700000, 0x00000000eb900000)
  object space 95232K, 49% used [0x00000000c2a00000,0x00000000c5848980,0x00000000c8700000)
 Metaspace       used 29774K, capacity 30240K, committed 30552K, reserved 1075200K
  class space    used 3753K, capacity 3888K, committed 3968K, reserved 1048576K
Event: 77.518 GC heap after
Heap after GC invocations=84 (full 3):
 PSYoungGen      total 237568K, used 6331K [0x00000000eb900000, 0x00000000fb000000, 0x0000000100000000)
  eden space 228864K, 0% used [0x00000000eb900000,0x00000000eb900000,0x00000000f9880000)
  from space 8704K, 72% used [0x00000000f9880000,0x00000000f9eaecc0,0x00000000fa100000)
  to   space 9216K, 0% used [0x00000000fa700000,0x00000000fa700000,0x00000000fb000000)
 ParOldGen       total 95232K, used 47410K [0x00000000c2a00000, 0x00000000c8700000, 0x00000000eb900000)
  object space 95232K, 49% used [0x00000000c2a00000,0x00000000c584c980,0x00000000c8700000)
 Metaspace       used 29774K, capacity 30240K, committed 30552K, reserved 1075200K
  class space    used 3753K, capacity 3888K, committed 3968K, reserved 1048576K
}
Event: 78.580 GC heap before
{Heap before GC invocations=85 (full 3):
 PSYoungGen      total 237568K, used 235195K [0x00000000eb900000, 0x00000000fb000000, 0x0000000100000000)
  eden space 228864K, 100% used [0x00000000eb900000,0x00000000f9880000,0x00000000f9880000)
  from space 8704K, 72% used [0x00000000f9880000,0x00000000f9eaecc0,0x00000000fa100000)
  to   space 9216K, 0% used [0x00000000fa700000,0x00000000fa700000,0x00000000fb000000)
 ParOldGen       total 95232K, used 47410K [0x00000000c2a00000, 0x00000000c8700000, 0x00000000eb900000)
  object space 95232K, 49% used [0x00000000c2a00000,0x00000000c584c980,0x00000000c8700000)
 Metaspace       used 29795K, capacity 30240K, committed 30552K, reserved 1075200K
  class space    used 3754K, capacity 3888K, committed 3968K, reserved 1048576K
Event: 78.619 GC heap after
Heap after GC invocations=85 (full 3):
 PSYoungGen      total 243200K, used 5866K [0x00000000eb900000, 0x00000000fb280000, 0x0000000100000000)
  eden space 233984K, 0% used [0x00000000eb900000,0x00000000eb900000,0x00000000f9d80000)
  from space 9216K, 63% used [0x00000000fa700000,0x00000000facbaba0,0x00000000fb000000)
  to   space 9728K, 0% used [0x00000000f9d80000,0x00000000f9d80000,0x00000000fa700000)
 ParOldGen       total 95232K, used 48214K [0x00000000c2a00000, 0x00000000c8700000, 0x00000000eb900000)
  object space 95232K, 50% used [0x00000000c2a00000,0x00000000c5915990,0x00000000c8700000)
 Metaspace       used 29795K, capacity 30240K, committed 30552K, reserved 1075200K
  class space    used 3754K, capacity 3888K, committed 3968K, reserved 1048576K
}
Event: 81.170 GC heap before
{Heap before GC invocations=86 (full 3):
 PSYoungGen      total 243200K, used 239850K [0x00000000eb900000, 0x00000000fb280000, 0x0000000100000000)
  eden space 233984K, 100% used [0x00000000eb900000,0x00000000f9d80000,0x00000000f9d80000)
  from space 9216K, 63% used [0x00000000fa700000,0x00000000facbaba0,0x00000000fb000000)
  to   space 9728K, 0% used [0x00000000f9d80000,0x00000000f9d80000,0x00000000fa700000)
 ParOldGen       total 95232K, used 48214K [0x00000000c2a00000, 0x00000000c8700000, 0x00000000eb900000)
  object space 95232K, 50% used [0x00000000c2a00000,0x00000000c5915990,0x00000000c8700000)
 Metaspace       used 33102K, capacity 33790K, committed 34008K, reserved 1079296K
  class space    used 4124K, capacity 4316K, committed 4352K, reserved 1048576K
Event: 81.208 GC heap after
Heap after GC invocations=86 (full 3):
 PSYoungGen      total 243712K, used 8373K [0x00000000eb900000, 0x00000000fb900000, 0x0000000100000000)
  eden space 233984K, 0% used [0x00000000eb900000,0x00000000eb900000,0x00000000f9d80000)
  from space 9728K, 86% used [0x00000000f9d80000,0x00000000fa5ad638,0x00000000fa700000)
  to   space 10752K, 0% used [0x00000000fae80000,0x00000000fae80000,0x00000000fb900000)
 ParOldGen       total 95232K, used 48430K [0x00000000c2a00000, 0x00000000c8700000, 0x00000000eb900000)
  object space 95232K, 50% used [0x00000000c2a00000,0x00000000c594b990,0x00000000c8700000)
 Metaspace       used 33102K, capacity 33790K, committed 34008K, reserved 1079296K
  class space    used 4124K, capacity 4316K, committed 4352K, reserved 1048576K
}
Event: 87.819 GC heap before
{Heap before GC invocations=87 (full 3):
 PSYoungGen      total 243712K, used 242357K [0x00000000eb900000, 0x00000000fb900000, 0x0000000100000000)
  eden space 233984K, 100% used [0x00000000eb900000,0x00000000f9d80000,0x00000000f9d80000)
  from space 9728K, 86% used [0x00000000f9d80000,0x00000000fa5ad638,0x00000000fa700000)
  to   space 10752K, 0% used [0x00000000fae80000,0x00000000fae80000,0x00000000fb900000)
 ParOldGen       total 95232K, used 48430K [0x00000000c2a00000, 0x00000000c8700000, 0x00000000eb900000)
  object space 95232K, 50% used [0x00000000c2a00000,0x00000000c594b990,0x00000000c8700000)
 Metaspace       used 34382K, capacity 35182K, committed 35416K, reserved 1081344K
  class space    used 4257K, capacity 4466K, committed 4480K, reserved 1048576K
Event: 87.867 GC heap after
Heap after GC invocations=87 (full 3):
 PSYoungGen      total 248832K, used 10731K [0x00000000eb900000, 0x00000000fbd00000, 0x0000000100000000)
  eden space 238080K, 0% used [0x00000000eb900000,0x00000000eb900000,0x00000000fa180000)
  from space 10752K, 99% used [0x00000000fae80000,0x00000000fb8facd0,0x00000000fb900000)
  to   space 13312K, 0% used [0x00000000fa180000,0x00000000fa180000,0x00000000fae80000)
 ParOldGen       total 95232K, used 50922K [0x00000000c2a00000, 0x00000000c8700000, 0x00000000eb900000)
  object space 95232K, 53% used [0x00000000c2a00000,0x00000000c5bba990,0x00000000c8700000)
 Metaspace       used 34382K, capacity 35182K, committed 35416K, reserved 1081344K
  class space    used 4257K, capacity 4466K, committed 4480K, reserved 1048576K
}

