# JRE version: Java(TM) SE Runtime Environment (8.0_201-b09) (build 1.8.0_201-b09)
# Java VM: Java HotSpot(TM) 64-Bit Server VM (25.201-b09 mixed mode linux-amd64 compressed oops)
Heap:
 PSYoungGen      total 34304K, used 6636K [0x00000000eb900000, 0x00000000ee100000, 0x0000000100000000)
  eden space 27648K, 0% used [0x00000000eb900000,0x00000000eb900000,0x00000000ed400000)
  from space 6656K, 99% used [0x00000000eda80000,0x00000000ee0fb060,0x00000000ee100000)
  to   space 5120K, 0% used [0x00000000ed480000,0x00000000ed480000,0x00000000ed980000)
 ParOldGen       total 42496K, used 14055K [0x00000000c2a00000, 0x00000000c5380000, 0x00000000eb900000)
  object space 42496K, 33% used [0x00000000c2a00000,0x00000000c37b9eb0,0x00000000c5380000)
 Metaspace       used 14434K, capacity 14876K, committed 15104K, reserved 1062912K
  class space    used 1625K, capacity 1738K, committed 1792K, reserved 1048576K
GC Heap History (10 events):
Event: 24.421 GC heap after
Heap after GC invocations=6 (full 1):
 PSYoungGen      total 18432K, used 2560K [0x00000000eb900000, 0x00000000edd00000, 0x0000000100000000)
  eden space 15872K, 0% used [0x00000000eb900000,0x00000000eb900000,0x00000000ec880000)
  from space 2560K, 100% used [0x00000000ec880000,0x00000000ecb00000,0x00000000ecb00000)
  to   space 2560K, 0% used [0x00000000eda80000,0x00000000eda80000,0x00000000edd00000)
 ParOldGen       total 42496K, used 5974K [0x00000000c2a00000, 0x00000000c5380000, 0x00000000eb900000)
  object space 42496K, 14% used [0x00000000c2a00000,0x00000000c2fd5978,0x00000000c5380000)
 Metaspace       used 13650K, capacity 14048K, committed 14336K, reserved 1062912K
  class space    used 1582K, capacity 1702K, committed 1792K, reserved 1048576K
}
Event: 24.772 GC heap before
{Heap before GC invocations=7 (full 1):
 PSYoungGen      total 18432K, used 18432K [0x00000000eb900000, 0x00000000edd00000, 0x0000000100000000)
  eden space 15872K, 100% used [0x00000000eb900000,0x00000000ec880000,0x00000000ec880000)
  from space 2560K, 100% used [0x00000000ec880000,0x00000000ecb00000,0x00000000ecb00000)
  to   space 2560K, 0% used [0x00000000eda80000,0x00000000eda80000,0x00000000edd00000)
 ParOldGen       total 42496K, used 5974K [0x00000000c2a00000, 0x00000000c5380000, 0x00000000eb900000)
  object space 42496K, 14% used [0x00000000c2a00000,0x00000000c2fd5978,0x00000000c5380000)
 Metaspace       used 13699K, capacity 14112K, committed 14336K, reserved 1062912K
  class space    used 1582K, capacity 1702K, committed 1792K, reserved 1048576K
Event: 24.777 GC heap after
Heap after GC invocations=7 (full 1):
 PSYoungGen      total 32256K, used 2560K [0x00000000eb900000, 0x00000000ee100000, 0x0000000100000000)
  eden space 29696K, 0% used [0x00000000eb900000,0x00000000eb900000,0x00000000ed600000)
  from space 2560K, 100% used [0x00000000eda80000,0x00000000edd00000,0x00000000edd00000)
  to   space 4608K, 0% used [0x00000000ed600000,0x00000000ed600000,0x00000000eda80000)
 ParOldGen       total 42496K, used 6945K [0x00000000c2a00000, 0x00000000c5380000, 0x00000000eb900000)
  object space 42496K, 16% used [0x00000000c2a00000,0x00000000c30c8688,0x00000000c5380000)
 Metaspace       used 13699K, capacity 14112K, committed 14336K, reserved 1062912K
  class space    used 1582K, capacity 1702K, committed 1792K, reserved 1048576K
}
Event: 28.377 GC heap before
{Heap before GC invocations=8 (full 1):
 PSYoungGen      total 32256K, used 32256K [0x00000000eb900000, 0x00000000ee100000, 0x0000000100000000)
  eden space 29696K, 100% used [0x00000000eb900000,0x00000000ed600000,0x00000000ed600000)
  from space 2560K, 100% used [0x00000000eda80000,0x00000000edd00000,0x00000000edd00000)
  to   space 4608K, 0% used [0x00000000ed600000,0x00000000ed600000,0x00000000eda80000)
 ParOldGen       total 42496K, used 6945K [0x00000000c2a00000, 0x00000000c5380000, 0x00000000eb900000)
  object space 42496K, 16% used [0x00000000c2a00000,0x00000000c30c8688,0x00000000c5380000)
 Metaspace       used 14202K, capacity 14670K, committed 14848K, reserved 1062912K
  class space    used 1613K, capacity 1727K, committed 1792K, reserved 1048576K
Event: 28.394 GC heap after
Heap after GC invocations=8 (full 1):
 PSYoungGen      total 33792K, used 4597K [0x00000000eb900000, 0x00000000ee080000, 0x0000000100000000)
  eden space 29184K, 0% used [0x00000000eb900000,0x00000000eb900000,0x00000000ed580000)
  from space 4608K, 99% used [0x00000000ed600000,0x00000000eda7d610,0x00000000eda80000)
  to   space 5632K, 0% used [0x00000000edb00000,0x00000000edb00000,0x00000000ee080000)
 ParOldGen       total 42496K, used 8488K [0x00000000c2a00000, 0x00000000c5380000, 0x00000000eb900000)
  object space 42496K, 19% used [0x00000000c2a00000,0x00000000c324a2e8,0x00000000c5380000)
 Metaspace       used 14202K, capacity 14670K, committed 14848K, reserved 1062912K
  class space    used 1613K, capacity 1727K, committed 1792K, reserved 1048576K
}
Event: 61.335 GC heap before
{Heap before GC invocations=9 (full 1):
 PSYoungGen      total 33792K, used 33781K [0x00000000eb900000, 0x00000000ee080000, 0x0000000100000000)
  eden space 29184K, 100% used [0x00000000eb900000,0x00000000ed580000,0x00000000ed580000)
  from space 4608K, 99% used [0x00000000ed600000,0x00000000eda7d610,0x00000000eda80000)
  to   space 5632K, 0% used [0x00000000edb00000,0x00000000edb00000,0x00000000ee080000)
 ParOldGen       total 42496K, used 8488K [0x00000000c2a00000, 0x00000000c5380000, 0x00000000eb900000)
  object space 42496K, 19% used [0x00000000c2a00000,0x00000000c324a2e8,0x00000000c5380000)
 Metaspace       used 14318K, capacity 14784K, committed 14848K, reserved 1062912K
  class space    used 1621K, capacity 1734K, committed 1792K, reserved 1048576K
Event: 61.443 GC heap after
Heap after GC invocations=9 (full 1):
 PSYoungGen      total 33792K, used 5605K [0x00000000eb900000, 0x00000000ee200000, 0x0000000100000000)
  eden space 28160K, 0% used [0x00000000eb900000,0x00000000eb900000,0x00000000ed480000)
  from space 5632K, 99% used [0x00000000edb00000,0x00000000ee079660,0x00000000ee080000)
  to   space 6656K, 0% used [0x00000000ed480000,0x00000000ed480000,0x00000000edb00000)
 ParOldGen       total 42496K, used 9042K [0x00000000c2a00000, 0x00000000c5380000, 0x00000000eb900000)
  object space 42496K, 21% used [0x00000000c2a00000,0x00000000c32d4bb0,0x00000000c5380000)
 Metaspace       used 14318K, capacity 14784K, committed 14848K, reserved 1062912K
  class space    used 1621K, capacity 1734K, committed 1792K, reserved 1048576K
}
Event: 73.927 GC heap before
{Heap before GC invocations=10 (full 1):
 PSYoungGen      total 33792K, used 33765K [0x00000000eb900000, 0x00000000ee200000, 0x0000000100000000)
  eden space 28160K, 100% used [0x00000000eb900000,0x00000000ed480000,0x00000000ed480000)
  from space 5632K, 99% used [0x00000000edb00000,0x00000000ee079660,0x00000000ee080000)
  to   space 6656K, 0% used [0x00000000ed480000,0x00000000ed480000,0x00000000edb00000)
 ParOldGen       total 42496K, used 9042K [0x00000000c2a00000, 0x00000000c5380000, 0x00000000eb900000)
  object space 42496K, 21% used [0x00000000c2a00000,0x00000000c32d4bb0,0x00000000c5380000)
 Metaspace       used 14350K, capacity 14806K, committed 15104K, reserved 1062912K
  class space    used 1623K, capacity 1737K, committed 1792K, reserved 1048576K
Event: 73.956 GC heap after
Heap after GC invocations=10 (full 1):
 PSYoungGen      total 32768K, used 5091K [0x00000000eb900000, 0x00000000ee100000, 0x0000000100000000)
  eden space 27648K, 0% used [0x00000000eb900000,0x00000000eb900000,0x00000000ed400000)
  from space 5120K, 99% used [0x00000000ed480000,0x00000000ed978eb0,0x00000000ed980000)
  to   space 6656K, 0% used [0x00000000eda80000,0x00000000eda80000,0x00000000ee100000)
 ParOldGen       total 42496K, used 10755K [0x00000000c2a00000, 0x00000000c5380000, 0x00000000eb900000)
  object space 42496K, 25% used [0x00000000c2a00000,0x00000000c3480c20,0x00000000c5380000)
 Metaspace       used 14350K, capacity 14806K, committed 15104K, reserved 1062912K
  class space    used 1623K, capacity 1737K, committed 1792K, reserved 1048576K
}
Event: 76.909 GC heap before
{Heap before GC invocations=11 (full 1):
 PSYoungGen      total 32768K, used 32739K [0x00000000eb900000, 0x00000000ee100000, 0x0000000100000000)
  eden space 27648K, 100% used [0x00000000eb900000,0x00000000ed400000,0x00000000ed400000)
  from space 5120K, 99% used [0x00000000ed480000,0x00000000ed978eb0,0x00000000ed980000)
  to   space 6656K, 0% used [0x00000000eda80000,0x00000000eda80000,0x00000000ee100000)
 ParOldGen       total 42496K, used 10755K [0x00000000c2a00000, 0x00000000c5380000, 0x00000000eb900000)
  object space 42496K, 25% used [0x00000000c2a00000,0x00000000c3480c20,0x00000000c5380000)
 Metaspace       used 14434K, capacity 14876K, committed 15104K, reserved 1062912K
  class space    used 1625K, capacity 1738K, committed 1792K, reserved 1048576K

