# JRE version: Java(TM) SE Runtime Environment (8.0_201-b09) (build 1.8.0_201-b09)
# Java VM: Java HotSpot(TM) 64-Bit Server VM (25.201-b09 mixed mode linux-amd64 compressed oops)
Heap:
 PSYoungGen      total 223232K, used 46398K [0x00000000eb900000, 0x0000000100000000, 0x0000000100000000)
  eden space 111616K, 0% used [0x00000000eb900000,0x00000000eb900000,0x00000000f2600000)
  from space 111616K, 41% used [0x00000000f9300000,0x00000000fc04f9f0,0x0000000100000000)
  to   space 111616K, 0% used [0x00000000f2600000,0x00000000f2600000,0x00000000f9300000)
 ParOldGen       total 223232K, used 223038K [0x00000000c2a00000, 0x00000000d0400000, 0x00000000eb900000)
  object space 223232K, 99% used [0x00000000c2a00000,0x00000000d03cfb08,0x00000000d0400000)
 Metaspace       used 32722K, capacity 33854K, committed 34048K, reserved 1079296K
  class space    used 3256K, capacity 3515K, committed 3584K, reserved 1048576K
GC Heap History (10 events):
Event: 163.283 GC heap after
Heap after GC invocations=95 (full 5):
 PSYoungGen      total 223232K, used 87869K [0x00000000eb900000, 0x0000000100000000, 0x0000000100000000)
  eden space 111616K, 0% used [0x00000000eb900000,0x00000000eb900000,0x00000000f2600000)
  from space 111616K, 78% used [0x00000000f9300000,0x00000000fe8cf6f8,0x0000000100000000)
  to   space 111616K, 0% used [0x00000000f2600000,0x00000000f2600000,0x00000000f9300000)
 ParOldGen       total 211968K, used 186884K [0x00000000c2a00000, 0x00000000cf900000, 0x00000000eb900000)
  object space 211968K, 88% used [0x00000000c2a00000,0x00000000ce081328,0x00000000cf900000)
 Metaspace       used 32609K, capacity 33662K, committed 33792K, reserved 1079296K
  class space    used 3256K, capacity 3515K, committed 3584K, reserved 1048576K
}
Event: 164.499 GC heap before
{Heap before GC invocations=96 (full 5):
 PSYoungGen      total 223232K, used 199485K [0x00000000eb900000, 0x0000000100000000, 0x0000000100000000)
  eden space 111616K, 100% used [0x00000000eb900000,0x00000000f2600000,0x00000000f2600000)
  from space 111616K, 78% used [0x00000000f9300000,0x00000000fe8cf6f8,0x0000000100000000)
  to   space 111616K, 0% used [0x00000000f2600000,0x00000000f2600000,0x00000000f9300000)
 ParOldGen       total 211968K, used 186884K [0x00000000c2a00000, 0x00000000cf900000, 0x00000000eb900000)
  object space 211968K, 88% used [0x00000000c2a00000,0x00000000ce081328,0x00000000cf900000)
 Metaspace       used 32646K, capacity 33726K, committed 34048K, reserved 1079296K
  class space    used 3256K, capacity 3515K, committed 3584K, reserved 1048576K
Event: 164.624 GC heap after
Heap after GC invocations=96 (full 5):
 PSYoungGen      total 223232K, used 87721K [0x00000000eb900000, 0x0000000100000000, 0x0000000100000000)
  eden space 111616K, 0% used [0x00000000eb900000,0x00000000eb900000,0x00000000f2600000)
  from space 111616K, 78% used [0x00000000f2600000,0x00000000f7baa460,0x00000000f9300000)
  to   space 111616K, 0% used [0x00000000f9300000,0x00000000f9300000,0x0000000100000000)
 ParOldGen       total 211968K, used 191550K [0x00000000c2a00000, 0x00000000cf900000, 0x00000000eb900000)
  object space 211968K, 90% used [0x00000000c2a00000,0x00000000ce50fb28,0x00000000cf900000)
 Metaspace       used 32646K, capacity 33726K, committed 34048K, reserved 1079296K
  class space    used 3256K, capacity 3515K, committed 3584K, reserved 1048576K
}
Event: 166.004 GC heap before
{Heap before GC invocations=97 (full 5):
 PSYoungGen      total 223232K, used 199337K [0x00000000eb900000, 0x0000000100000000, 0x0000000100000000)
  eden space 111616K, 100% used [0x00000000eb900000,0x00000000f2600000,0x00000000f2600000)
  from space 111616K, 78% used [0x00000000f2600000,0x00000000f7baa460,0x00000000f9300000)
  to   space 111616K, 0% used [0x00000000f9300000,0x00000000f9300000,0x0000000100000000)
 ParOldGen       total 211968K, used 191550K [0x00000000c2a00000, 0x00000000cf900000, 0x00000000eb900000)
  object space 211968K, 90% used [0x00000000c2a00000,0x00000000ce50fb28,0x00000000cf900000)
 Metaspace       used 32651K, capacity 33726K, committed 34048K, reserved 1079296K
  class space    used 3256K, capacity 3515K, committed 3584K, reserved 1048576K
Event: 166.133 GC heap after
Heap after GC invocations=97 (full 5):
 PSYoungGen      total 223232K, used 85107K [0x00000000eb900000, 0x0000000100000000, 0x0000000100000000)
  eden space 111616K, 0% used [0x00000000eb900000,0x00000000eb900000,0x00000000f2600000)
  from space 111616K, 76% used [0x00000000f9300000,0x00000000fe61cc40,0x0000000100000000)
  to   space 111616K, 0% used [0x00000000f2600000,0x00000000f2600000,0x00000000f9300000)
 ParOldGen       total 211968K, used 196047K [0x00000000c2a00000, 0x00000000cf900000, 0x00000000eb900000)
  object space 211968K, 92% used [0x00000000c2a00000,0x00000000ce973c28,0x00000000cf900000)
 Metaspace       used 32651K, capacity 33726K, committed 34048K, reserved 1079296K
  class space    used 3256K, capacity 3515K, committed 3584K, reserved 1048576K
}
Event: 167.161 GC heap before
{Heap before GC invocations=98 (full 5):
 PSYoungGen      total 223232K, used 196723K [0x00000000eb900000, 0x0000000100000000, 0x0000000100000000)
  eden space 111616K, 100% used [0x00000000eb900000,0x00000000f2600000,0x00000000f2600000)
  from space 111616K, 76% used [0x00000000f9300000,0x00000000fe61cc40,0x0000000100000000)
  to   space 111616K, 0% used [0x00000000f2600000,0x00000000f2600000,0x00000000f9300000)
 ParOldGen       total 211968K, used 196047K [0x00000000c2a00000, 0x00000000cf900000, 0x00000000eb900000)
  object space 211968K, 92% used [0x00000000c2a00000,0x00000000ce973c28,0x00000000cf900000)
 Metaspace       used 32717K, capacity 33854K, committed 34048K, reserved 1079296K
  class space    used 3256K, capacity 3515K, committed 3584K, reserved 1048576K
Event: 167.288 GC heap after
Heap after GC invocations=98 (full 5):
 PSYoungGen      total 223232K, used 81986K [0x00000000eb900000, 0x0000000100000000, 0x0000000100000000)
  eden space 111616K, 0% used [0x00000000eb900000,0x00000000eb900000,0x00000000f2600000)
  from space 111616K, 73% used [0x00000000f2600000,0x00000000f7610b38,0x00000000f9300000)
  to   space 111616K, 0% used [0x00000000f9300000,0x00000000f9300000,0x0000000100000000)
 ParOldGen       total 211968K, used 200039K [0x00000000c2a00000, 0x00000000cf900000, 0x00000000eb900000)
  object space 211968K, 94% used [0x00000000c2a00000,0x00000000ced59db8,0x00000000cf900000)
 Metaspace       used 32717K, capacity 33854K, committed 34048K, reserved 1079296K
  class space    used 3256K, capacity 3515K, committed 3584K, reserved 1048576K
}
Event: 168.725 GC heap before
{Heap before GC invocations=99 (full 5):
 PSYoungGen      total 223232K, used 193602K [0x00000000eb900000, 0x0000000100000000, 0x0000000100000000)
  eden space 111616K, 100% used [0x00000000eb900000,0x00000000f2600000,0x00000000f2600000)
  from space 111616K, 73% used [0x00000000f2600000,0x00000000f7610b38,0x00000000f9300000)
  to   space 111616K, 0% used [0x00000000f9300000,0x00000000f9300000,0x0000000100000000)
 ParOldGen       total 211968K, used 200039K [0x00000000c2a00000, 0x00000000cf900000, 0x00000000eb900000)
  object space 211968K, 94% used [0x00000000c2a00000,0x00000000ced59db8,0x00000000cf900000)
 Metaspace       used 32722K, capacity 33854K, committed 34048K, reserved 1079296K
  class space    used 3256K, capacity 3515K, committed 3584K, reserved 1048576K
Event: 168.799 GC heap after
Heap after GC invocations=99 (full 5):
 PSYoungGen      total 223232K, used 65930K [0x00000000eb900000, 0x0000000100000000, 0x0000000100000000)
  eden space 111616K, 0% used [0x00000000eb900000,0x00000000eb900000,0x00000000f2600000)
  from space 111616K, 59% used [0x00000000f9300000,0x00000000fd362b80,0x0000000100000000)
  to   space 111616K, 0% used [0x00000000f2600000,0x00000000f2600000,0x00000000f9300000)
 ParOldGen       total 223232K, used 222682K [0x00000000c2a00000, 0x00000000d0400000, 0x00000000eb900000)
  object space 223232K, 99% used [0x00000000c2a00000,0x00000000d0376990,0x00000000d0400000)
 Metaspace       used 32722K, capacity 33854K, committed 34048K, reserved 1079296K
  class space    used 3256K, capacity 3515K, committed 3584K, reserved 1048576K
}
Event: 168.800 GC heap before
{Heap before GC invocations=100 (full 6):
 PSYoungGen      total 223232K, used 65930K [0x00000000eb900000, 0x0000000100000000, 0x0000000100000000)
  eden space 111616K, 0% used [0x00000000eb900000,0x00000000eb900000,0x00000000f2600000)
  from space 111616K, 59% used [0x00000000f9300000,0x00000000fd362b80,0x0000000100000000)
  to   space 111616K, 0% used [0x00000000f2600000,0x00000000f2600000,0x00000000f9300000)
 ParOldGen       total 223232K, used 222682K [0x00000000c2a00000, 0x00000000d0400000, 0x00000000eb900000)
  object space 223232K, 99% used [0x00000000c2a00000,0x00000000d0376990,0x00000000d0400000)
 Metaspace       used 32722K, capacity 33854K, committed 34048K, reserved 1079296K
  class space    used 3256K, capacity 3515K, committed 3584K, reserved 1048576K

