# JRE version: Java(TM) SE Runtime Environment (8.0_201-b09) (build 1.8.0_201-b09)
# Java VM: Java HotSpot(TM) 64-Bit Server VM (25.201-b09 mixed mode linux-amd64 compressed oops)
Heap:
 PSYoungGen      total 243712K, used 228799K [0x00000000eb900000, 0x00000000fae80000, 0x0000000100000000)
  eden space 236032K, 96% used [0x00000000eb900000,0x00000000f979bfb0,0x00000000f9f80000)
  from space 7680K, 11% used [0x00000000fa700000,0x00000000fa7d4010,0x00000000fae80000)
  to   space 7680K, 0% used [0x00000000f9f80000,0x00000000f9f80000,0x00000000fa700000)
 ParOldGen       total 42496K, used 28108K [0x00000000c2a00000, 0x00000000c5380000, 0x00000000eb900000)
  object space 42496K, 66% used [0x00000000c2a00000,0x00000000c4573130,0x00000000c5380000)
 Metaspace       used 14701K, capacity 15179K, committed 15360K, reserved 1062912K
  class space    used 1601K, capacity 1717K, committed 1792K, reserved 1048576K
GC Heap History (10 events):
Event: 89.568 GC heap before
{Heap before GC invocations=11 (full 1):
 PSYoungGen      total 62464K, used 62448K [0x00000000eb900000, 0x00000000f3500000, 0x0000000100000000)
  eden space 57344K, 100% used [0x00000000eb900000,0x00000000ef100000,0x00000000ef100000)
  from space 5120K, 99% used [0x00000000ef100000,0x00000000ef5fc090,0x00000000ef600000)
  to   space 6144K, 0% used [0x00000000f2f00000,0x00000000f2f00000,0x00000000f3500000)
 ParOldGen       total 42496K, used 9346K [0x00000000c2a00000, 0x00000000c5380000, 0x00000000eb900000)
  object space 42496K, 21% used [0x00000000c2a00000,0x00000000c3320960,0x00000000c5380000)
 Metaspace       used 13839K, capacity 14194K, committed 14592K, reserved 1062912K
  class space    used 1586K, capacity 1705K, committed 1792K, reserved 1048576K
Event: 89.593 GC heap after
Heap after GC invocations=11 (full 1):
 PSYoungGen      total 98304K, used 5712K [0x00000000eb900000, 0x00000000f3500000, 0x0000000100000000)
  eden space 92160K, 0% used [0x00000000eb900000,0x00000000eb900000,0x00000000f1300000)
  from space 6144K, 92% used [0x00000000f2f00000,0x00000000f3494090,0x00000000f3500000)
  to   space 6656K, 0% used [0x00000000f2800000,0x00000000f2800000,0x00000000f2e80000)
 ParOldGen       total 42496K, used 10252K [0x00000000c2a00000, 0x00000000c5380000, 0x00000000eb900000)
  object space 42496K, 24% used [0x00000000c2a00000,0x00000000c34033e0,0x00000000c5380000)
 Metaspace       used 13839K, capacity 14194K, committed 14592K, reserved 1062912K
  class space    used 1586K, capacity 1705K, committed 1792K, reserved 1048576K
}
Event: 90.410 GC heap before
{Heap before GC invocations=12 (full 1):
 PSYoungGen      total 98304K, used 97872K [0x00000000eb900000, 0x00000000f3500000, 0x0000000100000000)
  eden space 92160K, 100% used [0x00000000eb900000,0x00000000f1300000,0x00000000f1300000)
  from space 6144K, 92% used [0x00000000f2f00000,0x00000000f3494090,0x00000000f3500000)
  to   space 6656K, 0% used [0x00000000f2800000,0x00000000f2800000,0x00000000f2e80000)
 ParOldGen       total 42496K, used 10252K [0x00000000c2a00000, 0x00000000c5380000, 0x00000000eb900000)
  object space 42496K, 24% used [0x00000000c2a00000,0x00000000c34033e0,0x00000000c5380000)
 Metaspace       used 13873K, capacity 14258K, committed 14592K, reserved 1062912K
  class space    used 1586K, capacity 1705K, committed 1792K, reserved 1048576K
Event: 90.439 GC heap after
Heap after GC invocations=12 (full 1):
 PSYoungGen      total 120320K, used 5520K [0x00000000eb900000, 0x00000000f5700000, 0x0000000100000000)
  eden space 113664K, 0% used [0x00000000eb900000,0x00000000eb900000,0x00000000f2800000)
  from space 6656K, 82% used [0x00000000f2800000,0x00000000f2d641c0,0x00000000f2e80000)
  to   space 7168K, 0% used [0x00000000f5000000,0x00000000f5000000,0x00000000f5700000)
 ParOldGen       total 42496K, used 14513K [0x00000000c2a00000, 0x00000000c5380000, 0x00000000eb900000)
  object space 42496K, 34% used [0x00000000c2a00000,0x00000000c382c750,0x00000000c5380000)
 Metaspace       used 13873K, capacity 14258K, committed 14592K, reserved 1062912K
  class space    used 1586K, capacity 1705K, committed 1792K, reserved 1048576K
}
Event: 91.222 GC heap before
{Heap before GC invocations=13 (full 1):
 PSYoungGen      total 120320K, used 119184K [0x00000000eb900000, 0x00000000f5700000, 0x0000000100000000)
  eden space 113664K, 100% used [0x00000000eb900000,0x00000000f2800000,0x00000000f2800000)
  from space 6656K, 82% used [0x00000000f2800000,0x00000000f2d641c0,0x00000000f2e80000)
  to   space 7168K, 0% used [0x00000000f5000000,0x00000000f5000000,0x00000000f5700000)
 ParOldGen       total 42496K, used 14513K [0x00000000c2a00000, 0x00000000c5380000, 0x00000000eb900000)
  object space 42496K, 34% used [0x00000000c2a00000,0x00000000c382c750,0x00000000c5380000)
 Metaspace       used 13901K, capacity 14322K, committed 14592K, reserved 1062912K
  class space    used 1586K, capacity 1705K, committed 1792K, reserved 1048576K
Event: 91.239 GC heap after
Heap after GC invocations=13 (full 1):
 PSYoungGen      total 154624K, used 2664K [0x00000000eb900000, 0x00000000f7900000, 0x0000000100000000)
  eden space 147456K, 0% used [0x00000000eb900000,0x00000000eb900000,0x00000000f4900000)
  from space 7168K, 37% used [0x00000000f5000000,0x00000000f529a1b8,0x00000000f5700000)
  to   space 7168K, 0% used [0x00000000f4900000,0x00000000f4900000,0x00000000f5000000)
 ParOldGen       total 42496K, used 20002K [0x00000000c2a00000, 0x00000000c5380000, 0x00000000eb900000)
  object space 42496K, 47% used [0x00000000c2a00000,0x00000000c3d88858,0x00000000c5380000)
 Metaspace       used 13901K, capacity 14322K, committed 14592K, reserved 1062912K
  class space    used 1586K, capacity 1705K, committed 1792K, reserved 1048576K
}
Event: 92.574 GC heap before
{Heap before GC invocations=14 (full 1):
 PSYoungGen      total 154624K, used 150120K [0x00000000eb900000, 0x00000000f7900000, 0x0000000100000000)
  eden space 147456K, 100% used [0x00000000eb900000,0x00000000f4900000,0x00000000f4900000)
  from space 7168K, 37% used [0x00000000f5000000,0x00000000f529a1b8,0x00000000f5700000)
  to   space 7168K, 0% used [0x00000000f4900000,0x00000000f4900000,0x00000000f5000000)
 ParOldGen       total 42496K, used 20002K [0x00000000c2a00000, 0x00000000c5380000, 0x00000000eb900000)
  object space 42496K, 47% used [0x00000000c2a00000,0x00000000c3d88858,0x00000000c5380000)
 Metaspace       used 13930K, capacity 14322K, committed 14592K, reserved 1062912K
  class space    used 1586K, capacity 1705K, committed 1792K, reserved 1048576K
Event: 92.879 GC heap after
Heap after GC invocations=14 (full 1):
 PSYoungGen      total 154624K, used 5776K [0x00000000eb900000, 0x00000000fae80000, 0x0000000100000000)
  eden space 147456K, 0% used [0x00000000eb900000,0x00000000eb900000,0x00000000f4900000)
  from space 7168K, 80% used [0x00000000f4900000,0x00000000f4ea4130,0x00000000f5000000)
  to   space 7680K, 0% used [0x00000000fa700000,0x00000000fa700000,0x00000000fae80000)
 ParOldGen       total 42496K, used 22396K [0x00000000c2a00000, 0x00000000c5380000, 0x00000000eb900000)
  object space 42496K, 52% used [0x00000000c2a00000,0x00000000c3fdf038,0x00000000c5380000)
 Metaspace       used 13930K, capacity 14322K, committed 14592K, reserved 1062912K
  class space    used 1586K, capacity 1705K, committed 1792K, reserved 1048576K
}
Event: 93.414 GC heap before
{Heap before GC invocations=15 (full 1):
 PSYoungGen      total 154624K, used 153232K [0x00000000eb900000, 0x00000000fae80000, 0x0000000100000000)
  eden space 147456K, 100% used [0x00000000eb900000,0x00000000f4900000,0x00000000f4900000)
  from space 7168K, 80% used [0x00000000f4900000,0x00000000f4ea4130,0x00000000f5000000)
  to   space 7680K, 0% used [0x00000000fa700000,0x00000000fa700000,0x00000000fae80000)
 ParOldGen       total 42496K, used 22396K [0x00000000c2a00000, 0x00000000c5380000, 0x00000000eb900000)
  object space 42496K, 52% used [0x00000000c2a00000,0x00000000c3fdf038,0x00000000c5380000)
 Metaspace       used 13943K, capacity 14322K, committed 14592K, reserved 1062912K
  class space    used 1586K, capacity 1705K, committed 1792K, reserved 1048576K
Event: 93.630 GC heap after
Heap after GC invocations=15 (full 1):
 PSYoungGen      total 243712K, used 848K [0x00000000eb900000, 0x00000000fae80000, 0x0000000100000000)
  eden space 236032K, 0% used [0x00000000eb900000,0x00000000eb900000,0x00000000f9f80000)
  from space 7680K, 11% used [0x00000000fa700000,0x00000000fa7d4010,0x00000000fae80000)
  to   space 7680K, 0% used [0x00000000f9f80000,0x00000000f9f80000,0x00000000fa700000)
 ParOldGen       total 42496K, used 28108K [0x00000000c2a00000, 0x00000000c5380000, 0x00000000eb900000)
  object space 42496K, 66% used [0x00000000c2a00000,0x00000000c4573130,0x00000000c5380000)
 Metaspace       used 13943K, capacity 14322K, committed 14592K, reserved 1062912K
  class space    used 1586K, capacity 1705K, committed 1792K, reserved 1048576K
}

