# JRE version: Java(TM) SE Runtime Environment (8.0_201-b09) (build 1.8.0_201-b09)
# Java VM: Java HotSpot(TM) 64-Bit Server VM (25.201-b09 mixed mode linux-amd64 compressed oops)
Heap:
 PSYoungGen      total 117248K, used 6636K [0x00000000eb900000, 0x00000000f3200000, 0x0000000100000000)
  eden space 110592K, 0% used [0x00000000eb900000,0x00000000eb900000,0x00000000f2500000)
  from space 6656K, 99% used [0x00000000f2500000,0x00000000f2b7b030,0x00000000f2b80000)
  to   space 6656K, 0% used [0x00000000f2b80000,0x00000000f2b80000,0x00000000f3200000)
 ParOldGen       total 42496K, used 36239K [0x00000000c2a00000, 0x00000000c5380000, 0x00000000eb900000)
  object space 42496K, 85% used [0x00000000c2a00000,0x00000000c4d63c40,0x00000000c5380000)
 Metaspace       used 15020K, capacity 15486K, committed 15616K, reserved 1062912K
  class space    used 1641K, capacity 1781K, committed 1792K, reserved 1048576K
GC Heap History (10 events):
Event: 30.416 GC heap after
Heap after GC invocations=11 (full 1):
 PSYoungGen      total 48640K, used 4984K [0x00000000eb900000, 0x00000000ef800000, 0x0000000100000000)
  eden space 43520K, 0% used [0x00000000eb900000,0x00000000eb900000,0x00000000ee380000)
  from space 5120K, 97% used [0x00000000ef300000,0x00000000ef7de248,0x00000000ef800000)
  to   space 5632K, 0% used [0x00000000eed00000,0x00000000eed00000,0x00000000ef280000)
 ParOldGen       total 42496K, used 11405K [0x00000000c2a00000, 0x00000000c5380000, 0x00000000eb900000)
  object space 42496K, 26% used [0x00000000c2a00000,0x00000000c3523780,0x00000000c5380000)
 Metaspace       used 13878K, capacity 14304K, committed 14592K, reserved 1062912K
  class space    used 1584K, capacity 1702K, committed 1792K, reserved 1048576K
}
Event: 30.800 GC heap before
{Heap before GC invocations=12 (full 1):
 PSYoungGen      total 48640K, used 48504K [0x00000000eb900000, 0x00000000ef800000, 0x0000000100000000)
  eden space 43520K, 100% used [0x00000000eb900000,0x00000000ee380000,0x00000000ee380000)
  from space 5120K, 97% used [0x00000000ef300000,0x00000000ef7de248,0x00000000ef800000)
  to   space 5632K, 0% used [0x00000000eed00000,0x00000000eed00000,0x00000000ef280000)
 ParOldGen       total 42496K, used 11405K [0x00000000c2a00000, 0x00000000c5380000, 0x00000000eb900000)
  object space 42496K, 26% used [0x00000000c2a00000,0x00000000c3523780,0x00000000c5380000)
 Metaspace       used 13905K, capacity 14304K, committed 14592K, reserved 1062912K
  class space    used 1584K, capacity 1702K, committed 1792K, reserved 1048576K
Event: 30.857 GC heap after
Heap after GC invocations=12 (full 1):
 PSYoungGen      total 58880K, used 5572K [0x00000000eb900000, 0x00000000f0900000, 0x0000000100000000)
  eden space 53248K, 0% used [0x00000000eb900000,0x00000000eb900000,0x00000000eed00000)
  from space 5632K, 98% used [0x00000000eed00000,0x00000000ef271398,0x00000000ef280000)
  to   space 6144K, 0% used [0x00000000f0300000,0x00000000f0300000,0x00000000f0900000)
 ParOldGen       total 42496K, used 14126K [0x00000000c2a00000, 0x00000000c5380000, 0x00000000eb900000)
  object space 42496K, 33% used [0x00000000c2a00000,0x00000000c37cb848,0x00000000c5380000)
 Metaspace       used 13905K, capacity 14304K, committed 14592K, reserved 1062912K
  class space    used 1584K, capacity 1702K, committed 1792K, reserved 1048576K
}
Event: 35.089 GC heap before
{Heap before GC invocations=13 (full 1):
 PSYoungGen      total 58880K, used 58799K [0x00000000eb900000, 0x00000000f0900000, 0x0000000100000000)
  eden space 53248K, 99% used [0x00000000eb900000,0x00000000eecfabe0,0x00000000eed00000)
  from space 5632K, 98% used [0x00000000eed00000,0x00000000ef271398,0x00000000ef280000)
  to   space 6144K, 0% used [0x00000000f0300000,0x00000000f0300000,0x00000000f0900000)
 ParOldGen       total 42496K, used 14126K [0x00000000c2a00000, 0x00000000c5380000, 0x00000000eb900000)
  object space 42496K, 33% used [0x00000000c2a00000,0x00000000c37cb848,0x00000000c5380000)
 Metaspace       used 14876K, capacity 15362K, committed 15616K, reserved 1062912K
  class space    used 1633K, capacity 1773K, committed 1792K, reserved 1048576K
Event: 35.122 GC heap after
Heap after GC invocations=13 (full 1):
 PSYoungGen      total 75264K, used 5944K [0x00000000eb900000, 0x00000000f1980000, 0x0000000100000000)
  eden space 69120K, 0% used [0x00000000eb900000,0x00000000eb900000,0x00000000efc80000)
  from space 6144K, 96% used [0x00000000f0300000,0x00000000f08ce030,0x00000000f0900000)
  to   space 6656K, 0% used [0x00000000efc80000,0x00000000efc80000,0x00000000f0300000)
 ParOldGen       total 42496K, used 19637K [0x00000000c2a00000, 0x00000000c5380000, 0x00000000eb900000)
  object space 42496K, 46% used [0x00000000c2a00000,0x00000000c3d2d520,0x00000000c5380000)
 Metaspace       used 14876K, capacity 15362K, committed 15616K, reserved 1062912K
  class space    used 1633K, capacity 1773K, committed 1792K, reserved 1048576K
}
Event: 58.011 GC heap before
{Heap before GC invocations=14 (full 1):
 PSYoungGen      total 75264K, used 75064K [0x00000000eb900000, 0x00000000f1980000, 0x0000000100000000)
  eden space 69120K, 100% used [0x00000000eb900000,0x00000000efc80000,0x00000000efc80000)
  from space 6144K, 96% used [0x00000000f0300000,0x00000000f08ce030,0x00000000f0900000)
  to   space 6656K, 0% used [0x00000000efc80000,0x00000000efc80000,0x00000000f0300000)
 ParOldGen       total 42496K, used 19637K [0x00000000c2a00000, 0x00000000c5380000, 0x00000000eb900000)
  object space 42496K, 46% used [0x00000000c2a00000,0x00000000c3d2d520,0x00000000c5380000)
 Metaspace       used 14980K, capacity 15466K, committed 15616K, reserved 1062912K
  class space    used 1640K, capacity 1779K, committed 1792K, reserved 1048576K
Event: 58.046 GC heap after
Heap after GC invocations=14 (full 1):
 PSYoungGen      total 75776K, used 2342K [0x00000000eb900000, 0x00000000f3200000, 0x0000000100000000)
  eden space 69120K, 0% used [0x00000000eb900000,0x00000000eb900000,0x00000000efc80000)
  from space 6656K, 35% used [0x00000000efc80000,0x00000000efec9830,0x00000000f0300000)
  to   space 6656K, 0% used [0x00000000f2b80000,0x00000000f2b80000,0x00000000f3200000)
 ParOldGen       total 42496K, used 22860K [0x00000000c2a00000, 0x00000000c5380000, 0x00000000eb900000)
  object space 42496K, 53% used [0x00000000c2a00000,0x00000000c40531d0,0x00000000c5380000)
 Metaspace       used 14980K, capacity 15466K, committed 15616K, reserved 1062912K
  class space    used 1640K, capacity 1779K, committed 1792K, reserved 1048576K
}
Event: 73.651 GC heap before
{Heap before GC invocations=15 (full 1):
 PSYoungGen      total 75776K, used 71462K [0x00000000eb900000, 0x00000000f3200000, 0x0000000100000000)
  eden space 69120K, 100% used [0x00000000eb900000,0x00000000efc80000,0x00000000efc80000)
  from space 6656K, 35% used [0x00000000efc80000,0x00000000efec9830,0x00000000f0300000)
  to   space 6656K, 0% used [0x00000000f2b80000,0x00000000f2b80000,0x00000000f3200000)
 ParOldGen       total 42496K, used 22860K [0x00000000c2a00000, 0x00000000c5380000, 0x00000000eb900000)
  object space 42496K, 53% used [0x00000000c2a00000,0x00000000c40531d0,0x00000000c5380000)
 Metaspace       used 15005K, capacity 15486K, committed 15616K, reserved 1062912K
  class space    used 1641K, capacity 1781K, committed 1792K, reserved 1048576K
Event: 73.656 GC heap after
Heap after GC invocations=15 (full 1):
 PSYoungGen      total 117248K, used 2502K [0x00000000eb900000, 0x00000000f3200000, 0x0000000100000000)
  eden space 110592K, 0% used [0x00000000eb900000,0x00000000eb900000,0x00000000f2500000)
  from space 6656K, 37% used [0x00000000f2b80000,0x00000000f2df1830,0x00000000f3200000)
  to   space 6656K, 0% used [0x00000000f2500000,0x00000000f2500000,0x00000000f2b80000)
 ParOldGen       total 42496K, used 22924K [0x00000000c2a00000, 0x00000000c5380000, 0x00000000eb900000)
  object space 42496K, 53% used [0x00000000c2a00000,0x00000000c40631d0,0x00000000c5380000)
 Metaspace       used 15005K, capacity 15486K, committed 15616K, reserved 1062912K
  class space    used 1641K, capacity 1781K, committed 1792K, reserved 1048576K
}
Event: 81.084 GC heap before
{Heap before GC invocations=16 (full 1):
 PSYoungGen      total 117248K, used 113094K [0x00000000eb900000, 0x00000000f3200000, 0x0000000100000000)
  eden space 110592K, 100% used [0x00000000eb900000,0x00000000f2500000,0x00000000f2500000)
  from space 6656K, 37% used [0x00000000f2b80000,0x00000000f2df1830,0x00000000f3200000)
  to   space 6656K, 0% used [0x00000000f2500000,0x00000000f2500000,0x00000000f2b80000)
 ParOldGen       total 42496K, used 22924K [0x00000000c2a00000, 0x00000000c5380000, 0x00000000eb900000)
  object space 42496K, 53% used [0x00000000c2a00000,0x00000000c40631d0,0x00000000c5380000)
 Metaspace       used 15020K, capacity 15486K, committed 15616K, reserved 1062912K
  class space    used 1641K, capacity 1781K, committed 1792K, reserved 1048576K

