# JRE version: Java(TM) SE Runtime Environment (8.0_201-b09) (build 1.8.0_201-b09)
# Java VM: Java HotSpot(TM) 64-Bit Server VM (25.201-b09 mixed mode linux-amd64 compressed oops)
Heap:
 PSYoungGen      total 129536K, used 6524K [0x00000000eb900000, 0x00000000f4500000, 0x0000000100000000)
  eden space 121344K, 0% used [0x00000000eb900000,0x00000000eb900000,0x00000000f2f80000)
  from space 8192K, 79% used [0x00000000f2f80000,0x00000000f35df350,0x00000000f3780000)
  to   space 2560K, 0% used [0x00000000f3780000,0x00000000f3780000,0x00000000f3a00000)
 ParOldGen       total 42496K, used 15513K [0x00000000c2a00000, 0x00000000c5380000, 0x00000000eb900000)
  object space 42496K, 36% used [0x00000000c2a00000,0x00000000c3926568,0x00000000c5380000)
 Metaspace       used 14867K, capacity 15356K, committed 15616K, reserved 1062912K
  class space    used 1641K, capacity 1779K, committed 1792K, reserved 1048576K
GC Heap History (10 events):
Event: 3.388 GC heap after
Heap after GC invocations=3 (full 1):
 PSYoungGen      total 34304K, used 0K [0x00000000eb900000, 0x00000000edd00000, 0x0000000100000000)
  eden space 31744K, 0% used [0x00000000eb900000,0x00000000eb900000,0x00000000ed800000)
  from space 2560K, 0% used [0x00000000eda80000,0x00000000eda80000,0x00000000edd00000)
  to   space 2560K, 0% used [0x00000000ed800000,0x00000000ed800000,0x00000000eda80000)
 ParOldGen       total 42496K, used 2615K [0x00000000c2a00000, 0x00000000c5380000, 0x00000000eb900000)
  object space 42496K, 6% used [0x00000000c2a00000,0x00000000c2c8df80,0x00000000c5380000)
 Metaspace       used 10114K, capacity 10242K, committed 10624K, reserved 1058816K
  class space    used 1223K, capacity 1285K, committed 1408K, reserved 1048576K
}
Event: 47.224 GC heap before
{Heap before GC invocations=4 (full 1):
 PSYoungGen      total 34304K, used 31744K [0x00000000eb900000, 0x00000000edd00000, 0x0000000100000000)
  eden space 31744K, 100% used [0x00000000eb900000,0x00000000ed800000,0x00000000ed800000)
  from space 2560K, 0% used [0x00000000eda80000,0x00000000eda80000,0x00000000edd00000)
  to   space 2560K, 0% used [0x00000000ed800000,0x00000000ed800000,0x00000000eda80000)
 ParOldGen       total 42496K, used 2615K [0x00000000c2a00000, 0x00000000c5380000, 0x00000000eb900000)
  object space 42496K, 6% used [0x00000000c2a00000,0x00000000c2c8df80,0x00000000c5380000)
 Metaspace       used 13720K, capacity 14090K, committed 14336K, reserved 1062912K
  class space    used 1596K, capacity 1709K, committed 1792K, reserved 1048576K
Event: 49.524 GC heap after
Heap after GC invocations=4 (full 1):
 PSYoungGen      total 34304K, used 2542K [0x00000000eb900000, 0x00000000efc00000, 0x0000000100000000)
  eden space 31744K, 0% used [0x00000000eb900000,0x00000000eb900000,0x00000000ed800000)
  from space 2560K, 99% used [0x00000000ed800000,0x00000000eda7b840,0x00000000eda80000)
  to   space 2560K, 0% used [0x00000000ef980000,0x00000000ef980000,0x00000000efc00000)
 ParOldGen       total 42496K, used 5336K [0x00000000c2a00000, 0x00000000c5380000, 0x00000000eb900000)
  object space 42496K, 12% used [0x00000000c2a00000,0x00000000c2f361a0,0x00000000c5380000)
 Metaspace       used 13720K, capacity 14090K, committed 14336K, reserved 1062912K
  class space    used 1596K, capacity 1709K, committed 1792K, reserved 1048576K
}
Event: 50.346 GC heap before
{Heap before GC invocations=5 (full 1):
 PSYoungGen      total 34304K, used 34286K [0x00000000eb900000, 0x00000000efc00000, 0x0000000100000000)
  eden space 31744K, 100% used [0x00000000eb900000,0x00000000ed800000,0x00000000ed800000)
  from space 2560K, 99% used [0x00000000ed800000,0x00000000eda7b840,0x00000000eda80000)
  to   space 2560K, 0% used [0x00000000ef980000,0x00000000ef980000,0x00000000efc00000)
 ParOldGen       total 42496K, used 5336K [0x00000000c2a00000, 0x00000000c5380000, 0x00000000eb900000)
  object space 42496K, 12% used [0x00000000c2a00000,0x00000000c2f361a0,0x00000000c5380000)
 Metaspace       used 13852K, capacity 14218K, committed 14592K, reserved 1062912K
  class space    used 1596K, capacity 1709K, committed 1792K, reserved 1048576K
Event: 50.356 GC heap after
Heap after GC invocations=5 (full 1):
 PSYoungGen      total 66048K, used 2560K [0x00000000eb900000, 0x00000000efc00000, 0x0000000100000000)
  eden space 63488K, 0% used [0x00000000eb900000,0x00000000eb900000,0x00000000ef700000)
  from space 2560K, 100% used [0x00000000ef980000,0x00000000efc00000,0x00000000efc00000)
  to   space 2560K, 0% used [0x00000000ef700000,0x00000000ef700000,0x00000000ef980000)
 ParOldGen       total 42496K, used 7976K [0x00000000c2a00000, 0x00000000c5380000, 0x00000000eb900000)
  object space 42496K, 18% used [0x00000000c2a00000,0x00000000c31ca358,0x00000000c5380000)
 Metaspace       used 13852K, capacity 14218K, committed 14592K, reserved 1062912K
  class space    used 1596K, capacity 1709K, committed 1792K, reserved 1048576K
}
Event: 51.485 GC heap before
{Heap before GC invocations=6 (full 1):
 PSYoungGen      total 66048K, used 66048K [0x00000000eb900000, 0x00000000efc00000, 0x0000000100000000)
  eden space 63488K, 100% used [0x00000000eb900000,0x00000000ef700000,0x00000000ef700000)
  from space 2560K, 100% used [0x00000000ef980000,0x00000000efc00000,0x00000000efc00000)
  to   space 2560K, 0% used [0x00000000ef700000,0x00000000ef700000,0x00000000ef980000)
 ParOldGen       total 42496K, used 7976K [0x00000000c2a00000, 0x00000000c5380000, 0x00000000eb900000)
  object space 42496K, 18% used [0x00000000c2a00000,0x00000000c31ca358,0x00000000c5380000)
 Metaspace       used 13955K, capacity 14346K, committed 14592K, reserved 1062912K
  class space    used 1596K, capacity 1709K, committed 1792K, reserved 1048576K
Event: 51.541 GC heap after
Heap after GC invocations=6 (full 1):
 PSYoungGen      total 66048K, used 2528K [0x00000000eb900000, 0x00000000f3a00000, 0x0000000100000000)
  eden space 63488K, 0% used [0x00000000eb900000,0x00000000eb900000,0x00000000ef700000)
  from space 2560K, 98% used [0x00000000ef700000,0x00000000ef978010,0x00000000ef980000)
  to   space 2560K, 0% used [0x00000000f3780000,0x00000000f3780000,0x00000000f3a00000)
 ParOldGen       total 42496K, used 11927K [0x00000000c2a00000, 0x00000000c5380000, 0x00000000eb900000)
  object space 42496K, 28% used [0x00000000c2a00000,0x00000000c35a5f60,0x00000000c5380000)
 Metaspace       used 13955K, capacity 14346K, committed 14592K, reserved 1062912K
  class space    used 1596K, capacity 1709K, committed 1792K, reserved 1048576K
}
Event: 52.738 GC heap before
{Heap before GC invocations=7 (full 1):
 PSYoungGen      total 66048K, used 66016K [0x00000000eb900000, 0x00000000f3a00000, 0x0000000100000000)
  eden space 63488K, 100% used [0x00000000eb900000,0x00000000ef700000,0x00000000ef700000)
  from space 2560K, 98% used [0x00000000ef700000,0x00000000ef978010,0x00000000ef980000)
  to   space 2560K, 0% used [0x00000000f3780000,0x00000000f3780000,0x00000000f3a00000)
 ParOldGen       total 42496K, used 11927K [0x00000000c2a00000, 0x00000000c5380000, 0x00000000eb900000)
  object space 42496K, 28% used [0x00000000c2a00000,0x00000000c35a5f60,0x00000000c5380000)
 Metaspace       used 14024K, capacity 14410K, committed 14592K, reserved 1062912K
  class space    used 1596K, capacity 1709K, committed 1792K, reserved 1048576K
Event: 52.762 GC heap after
Heap after GC invocations=7 (full 1):
 PSYoungGen      total 123904K, used 2560K [0x00000000eb900000, 0x00000000f4500000, 0x0000000100000000)
  eden space 121344K, 0% used [0x00000000eb900000,0x00000000eb900000,0x00000000f2f80000)
  from space 2560K, 100% used [0x00000000f3780000,0x00000000f3a00000,0x00000000f3a00000)
  to   space 8192K, 0% used [0x00000000f2f80000,0x00000000f2f80000,0x00000000f3780000)
 ParOldGen       total 42496K, used 15505K [0x00000000c2a00000, 0x00000000c5380000, 0x00000000eb900000)
  object space 42496K, 36% used [0x00000000c2a00000,0x00000000c3924568,0x00000000c5380000)
 Metaspace       used 14024K, capacity 14410K, committed 14592K, reserved 1062912K
  class space    used 1596K, capacity 1709K, committed 1792K, reserved 1048576K
}
Event: 84.840 GC heap before
{Heap before GC invocations=8 (full 1):
 PSYoungGen      total 123904K, used 123904K [0x00000000eb900000, 0x00000000f4500000, 0x0000000100000000)
  eden space 121344K, 100% used [0x00000000eb900000,0x00000000f2f80000,0x00000000f2f80000)
  from space 2560K, 100% used [0x00000000f3780000,0x00000000f3a00000,0x00000000f3a00000)
  to   space 8192K, 0% used [0x00000000f2f80000,0x00000000f2f80000,0x00000000f3780000)
 ParOldGen       total 42496K, used 15505K [0x00000000c2a00000, 0x00000000c5380000, 0x00000000eb900000)
  object space 42496K, 36% used [0x00000000c2a00000,0x00000000c3924568,0x00000000c5380000)
 Metaspace       used 14867K, capacity 15356K, committed 15616K, reserved 1062912K
  class space    used 1641K, capacity 1779K, committed 1792K, reserved 1048576K

