# JRE version: Java(TM) SE Runtime Environment (8.0_201-b09) (build 1.8.0_201-b09)
# Java VM: Java HotSpot(TM) 64-Bit Server VM (25.201-b09 mixed mode linux-amd64 compressed oops)
Heap:
 PSYoungGen      total 114176K, used 11744K [0x00000000eb900000, 0x00000000f3900000, 0x0000000100000000)
  eden space 102400K, 0% used [0x00000000eb900000,0x00000000eb900000,0x00000000f1d00000)
  from space 11776K, 99% used [0x00000000f1d00000,0x00000000f2878020,0x00000000f2880000)
  to   space 6656K, 0% used [0x00000000f2880000,0x00000000f2880000,0x00000000f2f00000)
 ParOldGen       total 59904K, used 59358K [0x00000000c2a00000, 0x00000000c6480000, 0x00000000eb900000)
  object space 59904K, 99% used [0x00000000c2a00000,0x00000000c63f7a18,0x00000000c6480000)
 Metaspace       used 15043K, capacity 15550K, committed 15616K, reserved 1062912K
  class space    used 1645K, capacity 1781K, committed 1792K, reserved 1048576K
GC Heap History (10 events):
Event: 53.295 GC heap after
Heap after GC invocations=11 (full 1):
 PSYoungGen      total 46592K, used 4600K [0x00000000eb900000, 0x00000000ef500000, 0x0000000100000000)
  eden space 41984K, 0% used [0x00000000eb900000,0x00000000eb900000,0x00000000ee200000)
  from space 4608K, 99% used [0x00000000ef080000,0x00000000ef4fe238,0x00000000ef500000)
  to   space 5632K, 0% used [0x00000000eea00000,0x00000000eea00000,0x00000000eef80000)
 ParOldGen       total 42496K, used 11443K [0x00000000c2a00000, 0x00000000c5380000, 0x00000000eb900000)
  object space 42496K, 26% used [0x00000000c2a00000,0x00000000c352cef8,0x00000000c5380000)
 Metaspace       used 13843K, capacity 14240K, committed 14336K, reserved 1062912K
  class space    used 1584K, capacity 1702K, committed 1792K, reserved 1048576K
}
Event: 54.651 GC heap before
{Heap before GC invocations=12 (full 1):
 PSYoungGen      total 46592K, used 46584K [0x00000000eb900000, 0x00000000ef500000, 0x0000000100000000)
  eden space 41984K, 100% used [0x00000000eb900000,0x00000000ee200000,0x00000000ee200000)
  from space 4608K, 99% used [0x00000000ef080000,0x00000000ef4fe238,0x00000000ef500000)
  to   space 5632K, 0% used [0x00000000eea00000,0x00000000eea00000,0x00000000eef80000)
 ParOldGen       total 42496K, used 11443K [0x00000000c2a00000, 0x00000000c5380000, 0x00000000eb900000)
  object space 42496K, 26% used [0x00000000c2a00000,0x00000000c352cef8,0x00000000c5380000)
 Metaspace       used 13869K, capacity 14240K, committed 14336K, reserved 1062912K
  class space    used 1584K, capacity 1702K, committed 1792K, reserved 1048576K
Event: 54.736 GC heap after
Heap after GC invocations=12 (full 1):
 PSYoungGen      total 55808K, used 5480K [0x00000000eb900000, 0x00000000f0700000, 0x0000000100000000)
  eden space 50176K, 0% used [0x00000000eb900000,0x00000000eb900000,0x00000000eea00000)
  from space 5632K, 97% used [0x00000000eea00000,0x00000000eef5a2d8,0x00000000eef80000)
  to   space 6144K, 0% used [0x00000000f0100000,0x00000000f0100000,0x00000000f0700000)
 ParOldGen       total 42496K, used 13866K [0x00000000c2a00000, 0x00000000c5380000, 0x00000000eb900000)
  object space 42496K, 32% used [0x00000000c2a00000,0x00000000c378aa68,0x00000000c5380000)
 Metaspace       used 13869K, capacity 14240K, committed 14336K, reserved 1062912K
  class space    used 1584K, capacity 1702K, committed 1792K, reserved 1048576K
}
Event: 58.726 GC heap before
{Heap before GC invocations=13 (full 1):
 PSYoungGen      total 55808K, used 55656K [0x00000000eb900000, 0x00000000f0700000, 0x0000000100000000)
  eden space 50176K, 100% used [0x00000000eb900000,0x00000000eea00000,0x00000000eea00000)
  from space 5632K, 97% used [0x00000000eea00000,0x00000000eef5a2d8,0x00000000eef80000)
  to   space 6144K, 0% used [0x00000000f0100000,0x00000000f0100000,0x00000000f0700000)
 ParOldGen       total 42496K, used 13866K [0x00000000c2a00000, 0x00000000c5380000, 0x00000000eb900000)
  object space 42496K, 32% used [0x00000000c2a00000,0x00000000c378aa68,0x00000000c5380000)
 Metaspace       used 14807K, capacity 15292K, committed 15360K, reserved 1062912K
  class space    used 1631K, capacity 1772K, committed 1792K, reserved 1048576K
Event: 58.880 GC heap after
Heap after GC invocations=13 (full 1):
 PSYoungGen      total 73216K, used 5712K [0x00000000eb900000, 0x00000000f1480000, 0x0000000100000000)
  eden space 67072K, 0% used [0x00000000eb900000,0x00000000eb900000,0x00000000efa80000)
  from space 6144K, 92% used [0x00000000f0100000,0x00000000f06942a8,0x00000000f0700000)
  to   space 6656K, 0% used [0x00000000efa80000,0x00000000efa80000,0x00000000f0100000)
 ParOldGen       total 42496K, used 19293K [0x00000000c2a00000, 0x00000000c5380000, 0x00000000eb900000)
  object space 42496K, 45% used [0x00000000c2a00000,0x00000000c3cd74a8,0x00000000c5380000)
 Metaspace       used 14807K, capacity 15292K, committed 15360K, reserved 1062912K
  class space    used 1631K, capacity 1772K, committed 1792K, reserved 1048576K
}
Event: 94.051 GC heap before
{Heap before GC invocations=14 (full 1):
 PSYoungGen      total 73216K, used 72784K [0x00000000eb900000, 0x00000000f1480000, 0x0000000100000000)
  eden space 67072K, 100% used [0x00000000eb900000,0x00000000efa80000,0x00000000efa80000)
  from space 6144K, 92% used [0x00000000f0100000,0x00000000f06942a8,0x00000000f0700000)
  to   space 6656K, 0% used [0x00000000efa80000,0x00000000efa80000,0x00000000f0100000)
 ParOldGen       total 42496K, used 19293K [0x00000000c2a00000, 0x00000000c5380000, 0x00000000eb900000)
  object space 42496K, 45% used [0x00000000c2a00000,0x00000000c3cd74a8,0x00000000c5380000)
 Metaspace       used 14880K, capacity 15328K, committed 15360K, reserved 1062912K
  class space    used 1635K, capacity 1776K, committed 1792K, reserved 1048576K
Event: 94.076 GC heap after
Heap after GC invocations=14 (full 1):
 PSYoungGen      total 73728K, used 2502K [0x00000000eb900000, 0x00000000f2f00000, 0x0000000100000000)
  eden space 67072K, 0% used [0x00000000eb900000,0x00000000eb900000,0x00000000efa80000)
  from space 6656K, 37% used [0x00000000efa80000,0x00000000efcf1830,0x00000000f0100000)
  to   space 6656K, 0% used [0x00000000f2880000,0x00000000f2880000,0x00000000f2f00000)
 ParOldGen       total 42496K, used 22843K [0x00000000c2a00000, 0x00000000c5380000, 0x00000000eb900000)
  object space 42496K, 53% used [0x00000000c2a00000,0x00000000c404ee20,0x00000000c5380000)
 Metaspace       used 14880K, capacity 15328K, committed 15360K, reserved 1062912K
  class space    used 1635K, capacity 1776K, committed 1792K, reserved 1048576K
}
Event: 100.618 GC heap before
{Heap before GC invocations=15 (full 1):
 PSYoungGen      total 73728K, used 69574K [0x00000000eb900000, 0x00000000f2f00000, 0x0000000100000000)
  eden space 67072K, 100% used [0x00000000eb900000,0x00000000efa80000,0x00000000efa80000)
  from space 6656K, 37% used [0x00000000efa80000,0x00000000efcf1830,0x00000000f0100000)
  to   space 6656K, 0% used [0x00000000f2880000,0x00000000f2880000,0x00000000f2f00000)
 ParOldGen       total 42496K, used 22843K [0x00000000c2a00000, 0x00000000c5380000, 0x00000000eb900000)
  object space 42496K, 53% used [0x00000000c2a00000,0x00000000c404ee20,0x00000000c5380000)
 Metaspace       used 14951K, capacity 15474K, committed 15616K, reserved 1062912K
  class space    used 1640K, capacity 1779K, committed 1792K, reserved 1048576K
Event: 100.710 GC heap after
Heap after GC invocations=15 (full 1):
 PSYoungGen      total 109056K, used 6636K [0x00000000eb900000, 0x00000000f3900000, 0x0000000100000000)
  eden space 102400K, 0% used [0x00000000eb900000,0x00000000eb900000,0x00000000f1d00000)
  from space 6656K, 99% used [0x00000000f2880000,0x00000000f2efb030,0x00000000f2f00000)
  to   space 11776K, 0% used [0x00000000f1d00000,0x00000000f1d00000,0x00000000f2880000)
 ParOldGen       total 42496K, used 34722K [0x00000000c2a00000, 0x00000000c5380000, 0x00000000eb900000)
  object space 42496K, 81% used [0x00000000c2a00000,0x00000000c4be8898,0x00000000c5380000)
 Metaspace       used 14951K, capacity 15474K, committed 15616K, reserved 1062912K
  class space    used 1640K, capacity 1779K, committed 1792K, reserved 1048576K
}
Event: 170.879 GC heap before
{Heap before GC invocations=16 (full 1):
 PSYoungGen      total 109056K, used 109036K [0x00000000eb900000, 0x00000000f3900000, 0x0000000100000000)
  eden space 102400K, 100% used [0x00000000eb900000,0x00000000f1d00000,0x00000000f1d00000)
  from space 6656K, 99% used [0x00000000f2880000,0x00000000f2efb030,0x00000000f2f00000)
  to   space 11776K, 0% used [0x00000000f1d00000,0x00000000f1d00000,0x00000000f2880000)
 ParOldGen       total 42496K, used 34722K [0x00000000c2a00000, 0x00000000c5380000, 0x00000000eb900000)
  object space 42496K, 81% used [0x00000000c2a00000,0x00000000c4be8898,0x00000000c5380000)
 Metaspace       used 15043K, capacity 15550K, committed 15616K, reserved 1062912K
  class space    used 1645K, capacity 1781K, committed 1792K, reserved 1048576K

