# JRE version: Java(TM) SE Runtime Environment (8.0_201-b09) (build 1.8.0_201-b09)
# Java VM: Java HotSpot(TM) 64-Bit Server VM (25.201-b09 mixed mode linux-amd64 compressed oops)
Heap:
 PSYoungGen      total 31232K, used 24582K [0x00000000eb900000, 0x00000000ef600000, 0x0000000100000000)
  eden space 26624K, 77% used [0x00000000eb900000,0x00000000ecd118c0,0x00000000ed300000)
  from space 4608K, 87% used [0x00000000ed300000,0x00000000ed6f00a0,0x00000000ed780000)
  to   space 4608K, 0% used [0x00000000ef180000,0x00000000ef180000,0x00000000ef600000)
 ParOldGen       total 42496K, used 9763K [0x00000000c2a00000, 0x00000000c5380000, 0x00000000eb900000)
  object space 42496K, 22% used [0x00000000c2a00000,0x00000000c3388f60,0x00000000c5380000)
 Metaspace       used 13948K, capacity 14334K, committed 14592K, reserved 1062912K
  class space    used 1589K, capacity 1707K, committed 1792K, reserved 1048576K
GC Heap History (10 events):
Event: 28.053 GC heap before
{Heap before GC invocations=6 (full 1):
 PSYoungGen      total 18432K, used 18414K [0x00000000eb900000, 0x00000000ecd80000, 0x0000000100000000)
  eden space 15872K, 100% used [0x00000000eb900000,0x00000000ec880000,0x00000000ec880000)
  from space 2560K, 99% used [0x00000000ecb00000,0x00000000ecd7b840,0x00000000ecd80000)
  to   space 2560K, 0% used [0x00000000ec880000,0x00000000ec880000,0x00000000ecb00000)
 ParOldGen       total 42496K, used 5299K [0x00000000c2a00000, 0x00000000c5380000, 0x00000000eb900000)
  object space 42496K, 12% used [0x00000000c2a00000,0x00000000c2f2cdb8,0x00000000c5380000)
 Metaspace       used 13795K, capacity 14206K, committed 14336K, reserved 1062912K
  class space    used 1589K, capacity 1707K, committed 1792K, reserved 1048576K
Event: 28.065 GC heap after
Heap after GC invocations=6 (full 1):
 PSYoungGen      total 18432K, used 2560K [0x00000000eb900000, 0x00000000ecd80000, 0x0000000100000000)
  eden space 15872K, 0% used [0x00000000eb900000,0x00000000eb900000,0x00000000ec880000)
  from space 2560K, 100% used [0x00000000ec880000,0x00000000ecb00000,0x00000000ecb00000)
  to   space 2560K, 0% used [0x00000000ecb00000,0x00000000ecb00000,0x00000000ecd80000)
 ParOldGen       total 42496K, used 6572K [0x00000000c2a00000, 0x00000000c5380000, 0x00000000eb900000)
  object space 42496K, 15% used [0x00000000c2a00000,0x00000000c306b260,0x00000000c5380000)
 Metaspace       used 13795K, capacity 14206K, committed 14336K, reserved 1062912K
  class space    used 1589K, capacity 1707K, committed 1792K, reserved 1048576K
}
Event: 28.758 GC heap before
{Heap before GC invocations=7 (full 1):
 PSYoungGen      total 18432K, used 18432K [0x00000000eb900000, 0x00000000ecd80000, 0x0000000100000000)
  eden space 15872K, 100% used [0x00000000eb900000,0x00000000ec880000,0x00000000ec880000)
  from space 2560K, 100% used [0x00000000ec880000,0x00000000ecb00000,0x00000000ecb00000)
  to   space 2560K, 0% used [0x00000000ecb00000,0x00000000ecb00000,0x00000000ecd80000)
 ParOldGen       total 42496K, used 6572K [0x00000000c2a00000, 0x00000000c5380000, 0x00000000eb900000)
  object space 42496K, 15% used [0x00000000c2a00000,0x00000000c306b260,0x00000000c5380000)
 Metaspace       used 13854K, capacity 14270K, committed 14592K, reserved 1062912K
  class space    used 1589K, capacity 1707K, committed 1792K, reserved 1048576K
Event: 28.776 GC heap after
Heap after GC invocations=7 (full 1):
 PSYoungGen      total 15872K, used 2544K [0x00000000eb900000, 0x00000000ee200000, 0x0000000100000000)
  eden space 13312K, 0% used [0x00000000eb900000,0x00000000eb900000,0x00000000ec600000)
  from space 2560K, 99% used [0x00000000ecb00000,0x00000000ecd7c010,0x00000000ecd80000)
  to   space 5120K, 0% used [0x00000000ec600000,0x00000000ec600000,0x00000000ecb00000)
 ParOldGen       total 42496K, used 7963K [0x00000000c2a00000, 0x00000000c5380000, 0x00000000eb900000)
  object space 42496K, 18% used [0x00000000c2a00000,0x00000000c31c6d38,0x00000000c5380000)
 Metaspace       used 13854K, capacity 14270K, committed 14592K, reserved 1062912K
  class space    used 1589K, capacity 1707K, committed 1792K, reserved 1048576K
}
Event: 29.394 GC heap before
{Heap before GC invocations=8 (full 1):
 PSYoungGen      total 15872K, used 15856K [0x00000000eb900000, 0x00000000ee200000, 0x0000000100000000)
  eden space 13312K, 100% used [0x00000000eb900000,0x00000000ec600000,0x00000000ec600000)
  from space 2560K, 99% used [0x00000000ecb00000,0x00000000ecd7c010,0x00000000ecd80000)
  to   space 5120K, 0% used [0x00000000ec600000,0x00000000ec600000,0x00000000ecb00000)
 ParOldGen       total 42496K, used 7963K [0x00000000c2a00000, 0x00000000c5380000, 0x00000000eb900000)
  object space 42496K, 18% used [0x00000000c2a00000,0x00000000c31c6d38,0x00000000c5380000)
 Metaspace       used 13882K, capacity 14270K, committed 14592K, reserved 1062912K
  class space    used 1589K, capacity 1707K, committed 1792K, reserved 1048576K
Event: 29.541 GC heap after
Heap after GC invocations=8 (full 1):
 PSYoungGen      total 18432K, used 3584K [0x00000000eb900000, 0x00000000edd00000, 0x0000000100000000)
  eden space 13312K, 0% used [0x00000000eb900000,0x00000000eb900000,0x00000000ec600000)
  from space 5120K, 70% used [0x00000000ec600000,0x00000000ec980000,0x00000000ecb00000)
  to   space 5120K, 0% used [0x00000000ed800000,0x00000000ed800000,0x00000000edd00000)
 ParOldGen       total 42496K, used 7963K [0x00000000c2a00000, 0x00000000c5380000, 0x00000000eb900000)
  object space 42496K, 18% used [0x00000000c2a00000,0x00000000c31c6d38,0x00000000c5380000)
 Metaspace       used 13882K, capacity 14270K, committed 14592K, reserved 1062912K
  class space    used 1589K, capacity 1707K, committed 1792K, reserved 1048576K
}
Event: 29.744 GC heap before
{Heap before GC invocations=9 (full 1):
 PSYoungGen      total 18432K, used 16896K [0x00000000eb900000, 0x00000000edd00000, 0x0000000100000000)
  eden space 13312K, 100% used [0x00000000eb900000,0x00000000ec600000,0x00000000ec600000)
  from space 5120K, 70% used [0x00000000ec600000,0x00000000ec980000,0x00000000ecb00000)
  to   space 5120K, 0% used [0x00000000ed800000,0x00000000ed800000,0x00000000edd00000)
 ParOldGen       total 42496K, used 7963K [0x00000000c2a00000, 0x00000000c5380000, 0x00000000eb900000)
  object space 42496K, 18% used [0x00000000c2a00000,0x00000000c31c6d38,0x00000000c5380000)
 Metaspace       used 13891K, capacity 14270K, committed 14592K, reserved 1062912K
  class space    used 1589K, capacity 1707K, committed 1792K, reserved 1048576K
Event: 29.752 GC heap after
Heap after GC invocations=9 (full 1):
 PSYoungGen      total 30720K, used 3584K [0x00000000eb900000, 0x00000000edc00000, 0x0000000100000000)
  eden space 26624K, 0% used [0x00000000eb900000,0x00000000eb900000,0x00000000ed300000)
  from space 4096K, 87% used [0x00000000ed800000,0x00000000edb80070,0x00000000edc00000)
  to   space 4608K, 0% used [0x00000000ed300000,0x00000000ed300000,0x00000000ed780000)
 ParOldGen       total 42496K, used 8635K [0x00000000c2a00000, 0x00000000c5380000, 0x00000000eb900000)
  object space 42496K, 20% used [0x00000000c2a00000,0x00000000c326ed88,0x00000000c5380000)
 Metaspace       used 13891K, capacity 14270K, committed 14592K, reserved 1062912K
  class space    used 1589K, capacity 1707K, committed 1792K, reserved 1048576K
}
Event: 30.673 GC heap before
{Heap before GC invocations=10 (full 1):
 PSYoungGen      total 30720K, used 30208K [0x00000000eb900000, 0x00000000edc00000, 0x0000000100000000)
  eden space 26624K, 100% used [0x00000000eb900000,0x00000000ed300000,0x00000000ed300000)
  from space 4096K, 87% used [0x00000000ed800000,0x00000000edb80070,0x00000000edc00000)
  to   space 4608K, 0% used [0x00000000ed300000,0x00000000ed300000,0x00000000ed780000)
 ParOldGen       total 42496K, used 8635K [0x00000000c2a00000, 0x00000000c5380000, 0x00000000eb900000)
  object space 42496K, 20% used [0x00000000c2a00000,0x00000000c326ed88,0x00000000c5380000)
 Metaspace       used 13944K, capacity 14334K, committed 14592K, reserved 1062912K
  class space    used 1589K, capacity 1707K, committed 1792K, reserved 1048576K
Event: 30.701 GC heap after
Heap after GC invocations=10 (full 1):
 PSYoungGen      total 31232K, used 4032K [0x00000000eb900000, 0x00000000ef600000, 0x0000000100000000)
  eden space 26624K, 0% used [0x00000000eb900000,0x00000000eb900000,0x00000000ed300000)
  from space 4608K, 87% used [0x00000000ed300000,0x00000000ed6f00a0,0x00000000ed780000)
  to   space 4608K, 0% used [0x00000000ef180000,0x00000000ef180000,0x00000000ef600000)
 ParOldGen       total 42496K, used 9763K [0x00000000c2a00000, 0x00000000c5380000, 0x00000000eb900000)
  object space 42496K, 22% used [0x00000000c2a00000,0x00000000c3388f60,0x00000000c5380000)
 Metaspace       used 13944K, capacity 14334K, committed 14592K, reserved 1062912K
  class space    used 1589K, capacity 1707K, committed 1792K, reserved 1048576K
}

