# JRE version: Java(TM) SE Runtime Environment (8.0_201-b09) (build 1.8.0_201-b09)
# Java VM: Java HotSpot(TM) 64-Bit Server VM (25.201-b09 mixed mode linux-amd64 compressed oops)
Heap:
 PSYoungGen      total 310272K, used 231563K [0x00000000eb900000, 0x0000000100000000, 0x0000000100000000)
  eden space 295936K, 73% used [0x00000000eb900000,0x00000000f8d253c8,0x00000000fda00000)
  from space 14336K, 99% used [0x00000000ff200000,0x00000000ffffd8d0,0x0000000100000000)
  to   space 19456K, 0% used [0x00000000fda00000,0x00000000fda00000,0x00000000fed00000)
 ParOldGen       total 87552K, used 75621K [0x00000000c2a00000, 0x00000000c7f80000, 0x00000000eb900000)
  object space 87552K, 86% used [0x00000000c2a00000,0x00000000c73d9430,0x00000000c7f80000)
 Metaspace       used 38387K, capacity 39302K, committed 39552K, reserved 1083392K
  class space    used 4680K, capacity 4916K, committed 4992K, reserved 1048576K
GC Heap History (10 events):
Event: 100.206 GC heap before
{Heap before GC invocations=61 (full 3):
 PSYoungGen      total 320000K, used 319552K [0x00000000eb900000, 0x0000000100000000, 0x0000000100000000)
  eden space 312320K, 100% used [0x00000000eb900000,0x00000000fea00000,0x00000000fea00000)
  from space 7680K, 94% used [0x00000000fea00000,0x00000000ff110000,0x00000000ff180000)
  to   space 11776K, 0% used [0x00000000ff480000,0x00000000ff480000,0x0000000100000000)
 ParOldGen       total 87552K, used 70764K [0x00000000c2a00000, 0x00000000c7f80000, 0x00000000eb900000)
  object space 87552K, 80% used [0x00000000c2a00000,0x00000000c6f1b128,0x00000000c7f80000)
 Metaspace       used 34371K, capacity 35022K, committed 35200K, reserved 1079296K
  class space    used 4282K, capacity 4443K, committed 4480K, reserved 1048576K
Event: 100.241 GC heap after
Heap after GC invocations=61 (full 3):
 PSYoungGen      total 322048K, used 7944K [0x00000000eb900000, 0x0000000100000000, 0x0000000100000000)
  eden space 310272K, 0% used [0x00000000eb900000,0x00000000eb900000,0x00000000fe800000)
  from space 11776K, 67% used [0x00000000ff480000,0x00000000ffc422c8,0x0000000100000000)
  to   space 12288K, 0% used [0x00000000fe800000,0x00000000fe800000,0x00000000ff400000)
 ParOldGen       total 87552K, used 70780K [0x00000000c2a00000, 0x00000000c7f80000, 0x00000000eb900000)
  object space 87552K, 80% used [0x00000000c2a00000,0x00000000c6f1f128,0x00000000c7f80000)
 Metaspace       used 34371K, capacity 35022K, committed 35200K, reserved 1079296K
  class space    used 4282K, capacity 4443K, committed 4480K, reserved 1048576K
}
Event: 101.962 GC heap before
{Heap before GC invocations=62 (full 3):
 PSYoungGen      total 322048K, used 318216K [0x00000000eb900000, 0x0000000100000000, 0x0000000100000000)
  eden space 310272K, 100% used [0x00000000eb900000,0x00000000fe800000,0x00000000fe800000)
  from space 11776K, 67% used [0x00000000ff480000,0x00000000ffc422c8,0x0000000100000000)
  to   space 12288K, 0% used [0x00000000fe800000,0x00000000fe800000,0x00000000ff400000)
 ParOldGen       total 87552K, used 70780K [0x00000000c2a00000, 0x00000000c7f80000, 0x00000000eb900000)
  object space 87552K, 80% used [0x00000000c2a00000,0x00000000c6f1f128,0x00000000c7f80000)
 Metaspace       used 34391K, capacity 35022K, committed 35200K, reserved 1079296K
  class space    used 4283K, capacity 4443K, committed 4480K, reserved 1048576K
Event: 101.987 GC heap after
Heap after GC invocations=62 (full 3):
 PSYoungGen      total 319488K, used 8873K [0x00000000eb900000, 0x0000000100000000, 0x0000000100000000)
  eden space 310272K, 0% used [0x00000000eb900000,0x00000000eb900000,0x00000000fe800000)
  from space 9216K, 96% used [0x00000000fe800000,0x00000000ff0aa508,0x00000000ff100000)
  to   space 13312K, 0% used [0x00000000ff300000,0x00000000ff300000,0x0000000100000000)
 ParOldGen       total 87552K, used 70828K [0x00000000c2a00000, 0x00000000c7f80000, 0x00000000eb900000)
  object space 87552K, 80% used [0x00000000c2a00000,0x00000000c6f2b128,0x00000000c7f80000)
 Metaspace       used 34391K, capacity 35022K, committed 35200K, reserved 1079296K
  class space    used 4283K, capacity 4443K, committed 4480K, reserved 1048576K
}
Event: 104.161 GC heap before
{Heap before GC invocations=63 (full 3):
 PSYoungGen      total 319488K, used 319145K [0x00000000eb900000, 0x0000000100000000, 0x0000000100000000)
  eden space 310272K, 100% used [0x00000000eb900000,0x00000000fe800000,0x00000000fe800000)
  from space 9216K, 96% used [0x00000000fe800000,0x00000000ff0aa508,0x00000000ff100000)
  to   space 13312K, 0% used [0x00000000ff300000,0x00000000ff300000,0x0000000100000000)
 ParOldGen       total 87552K, used 70828K [0x00000000c2a00000, 0x00000000c7f80000, 0x00000000eb900000)
  object space 87552K, 80% used [0x00000000c2a00000,0x00000000c6f2b128,0x00000000c7f80000)
 Metaspace       used 35276K, capacity 35942K, committed 36352K, reserved 1081344K
  class space    used 4353K, capacity 4511K, committed 4608K, reserved 1048576K
Event: 104.193 GC heap after
Heap after GC invocations=63 (full 3):
 PSYoungGen      total 319488K, used 10727K [0x00000000eb900000, 0x0000000100000000, 0x0000000100000000)
  eden space 306176K, 0% used [0x00000000eb900000,0x00000000eb900000,0x00000000fe400000)
  from space 13312K, 80% used [0x00000000ff300000,0x00000000ffd79ce0,0x0000000100000000)
  to   space 14336K, 0% used [0x00000000fe400000,0x00000000fe400000,0x00000000ff200000)
 ParOldGen       total 87552K, used 70860K [0x00000000c2a00000, 0x00000000c7f80000, 0x00000000eb900000)
  object space 87552K, 80% used [0x00000000c2a00000,0x00000000c6f33128,0x00000000c7f80000)
 Metaspace       used 35276K, capacity 35942K, committed 36352K, reserved 1081344K
  class space    used 4353K, capacity 4511K, committed 4608K, reserved 1048576K
}
Event: 134.275 GC heap before
{Heap before GC invocations=64 (full 3):
 PSYoungGen      total 319488K, used 316903K [0x00000000eb900000, 0x0000000100000000, 0x0000000100000000)
  eden space 306176K, 100% used [0x00000000eb900000,0x00000000fe400000,0x00000000fe400000)
  from space 13312K, 80% used [0x00000000ff300000,0x00000000ffd79ce0,0x0000000100000000)
  to   space 14336K, 0% used [0x00000000fe400000,0x00000000fe400000,0x00000000ff200000)
 ParOldGen       total 87552K, used 70860K [0x00000000c2a00000, 0x00000000c7f80000, 0x00000000eb900000)
  object space 87552K, 80% used [0x00000000c2a00000,0x00000000c6f33128,0x00000000c7f80000)
 Metaspace       used 37945K, capacity 38850K, committed 39040K, reserved 1083392K
  class space    used 4640K, capacity 4876K, committed 4992K, reserved 1048576K
Event: 134.376 GC heap after
Heap after GC invocations=64 (full 3):
 PSYoungGen      total 320512K, used 14326K [0x00000000eb900000, 0x0000000100000000, 0x0000000100000000)
  eden space 306176K, 0% used [0x00000000eb900000,0x00000000eb900000,0x00000000fe400000)
  from space 14336K, 99% used [0x00000000fe400000,0x00000000ff1fd8d0,0x00000000ff200000)
  to   space 14336K, 0% used [0x00000000ff200000,0x00000000ff200000,0x0000000100000000)
 ParOldGen       total 87552K, used 72914K [0x00000000c2a00000, 0x00000000c7f80000, 0x00000000eb900000)
  object space 87552K, 83% used [0x00000000c2a00000,0x00000000c7134a78,0x00000000c7f80000)
 Metaspace       used 37945K, capacity 38850K, committed 39040K, reserved 1083392K
  class space    used 4640K, capacity 4876K, committed 4992K, reserved 1048576K
}
Event: 138.396 GC heap before
{Heap before GC invocations=65 (full 3):
 PSYoungGen      total 320512K, used 320502K [0x00000000eb900000, 0x0000000100000000, 0x0000000100000000)
  eden space 306176K, 100% used [0x00000000eb900000,0x00000000fe400000,0x00000000fe400000)
  from space 14336K, 99% used [0x00000000fe400000,0x00000000ff1fd8d0,0x00000000ff200000)
  to   space 14336K, 0% used [0x00000000ff200000,0x00000000ff200000,0x0000000100000000)
 ParOldGen       total 87552K, used 72914K [0x00000000c2a00000, 0x00000000c7f80000, 0x00000000eb900000)
  object space 87552K, 83% used [0x00000000c2a00000,0x00000000c7134a78,0x00000000c7f80000)
 Metaspace       used 38267K, capacity 39130K, committed 39296K, reserved 1083392K
  class space    used 4667K, capacity 4882K, committed 4992K, reserved 1048576K
Event: 138.470 GC heap after
Heap after GC invocations=65 (full 3):
 PSYoungGen      total 310272K, used 14326K [0x00000000eb900000, 0x0000000100000000, 0x0000000100000000)
  eden space 295936K, 0% used [0x00000000eb900000,0x00000000eb900000,0x00000000fda00000)
  from space 14336K, 99% used [0x00000000ff200000,0x00000000ffffd8d0,0x0000000100000000)
  to   space 19456K, 0% used [0x00000000fda00000,0x00000000fda00000,0x00000000fed00000)
 ParOldGen       total 87552K, used 75621K [0x00000000c2a00000, 0x00000000c7f80000, 0x00000000eb900000)
  object space 87552K, 86% used [0x00000000c2a00000,0x00000000c73d9430,0x00000000c7f80000)
 Metaspace       used 38267K, capacity 39130K, committed 39296K, reserved 1083392K
  class space    used 4667K, capacity 4882K, committed 4992K, reserved 1048576K
}

