# JRE version: Java(TM) SE Runtime Environment (8.0_201-b09) (build 1.8.0_201-b09)
# Java VM: Java HotSpot(TM) 64-Bit Server VM (25.201-b09 mixed mode linux-amd64 compressed oops)
Heap:
 PSYoungGen      total 24064K, used 19983K [0x00000000eb900000, 0x00000000eda80000, 0x0000000100000000)
  eden space 21504K, 82% used [0x00000000eb900000,0x00000000eca3beb8,0x00000000ece00000)
  from space 2560K, 91% used [0x00000000ed800000,0x00000000eda480a0,0x00000000eda80000)
  to   space 5120K, 0% used [0x00000000ed080000,0x00000000ed080000,0x00000000ed580000)
 ParOldGen       total 42496K, used 11457K [0x00000000c2a00000, 0x00000000c5380000, 0x00000000eb900000)
  object space 42496K, 26% used [0x00000000c2a00000,0x00000000c35304a8,0x00000000c5380000)
 Metaspace       used 13898K, capacity 14322K, committed 14592K, reserved 1062912K
  class space    used 1587K, capacity 1705K, committed 1792K, reserved 1048576K
GC Heap History (10 events):
Event: 29.525 GC heap before
{Heap before GC invocations=7 (full 1):
 PSYoungGen      total 18432K, used 18400K [0x00000000eb900000, 0x00000000ecd80000, 0x0000000100000000)
  eden space 15872K, 100% used [0x00000000eb900000,0x00000000ec880000,0x00000000ec880000)
  from space 2560K, 98% used [0x00000000ec880000,0x00000000ecaf8020,0x00000000ecb00000)
  to   space 2560K, 0% used [0x00000000ecb00000,0x00000000ecb00000,0x00000000ecd80000)
 ParOldGen       total 42496K, used 6667K [0x00000000c2a00000, 0x00000000c5380000, 0x00000000eb900000)
  object space 42496K, 15% used [0x00000000c2a00000,0x00000000c3082d00,0x00000000c5380000)
 Metaspace       used 13803K, capacity 14130K, committed 14336K, reserved 1062912K
  class space    used 1587K, capacity 1705K, committed 1792K, reserved 1048576K
Event: 29.533 GC heap after
Heap after GC invocations=7 (full 1):
 PSYoungGen      total 15872K, used 2544K [0x00000000eb900000, 0x00000000ed280000, 0x0000000100000000)
  eden space 13312K, 0% used [0x00000000eb900000,0x00000000eb900000,0x00000000ec600000)
  from space 2560K, 99% used [0x00000000ecb00000,0x00000000ecd7c050,0x00000000ecd80000)
  to   space 5120K, 0% used [0x00000000ec600000,0x00000000ec600000,0x00000000ecb00000)
 ParOldGen       total 42496K, used 7973K [0x00000000c2a00000, 0x00000000c5380000, 0x00000000eb900000)
  object space 42496K, 18% used [0x00000000c2a00000,0x00000000c31c9518,0x00000000c5380000)
 Metaspace       used 13803K, capacity 14130K, committed 14336K, reserved 1062912K
  class space    used 1587K, capacity 1705K, committed 1792K, reserved 1048576K
}
Event: 29.896 GC heap before
{Heap before GC invocations=8 (full 1):
 PSYoungGen      total 15872K, used 15856K [0x00000000eb900000, 0x00000000ed280000, 0x0000000100000000)
  eden space 13312K, 100% used [0x00000000eb900000,0x00000000ec600000,0x00000000ec600000)
  from space 2560K, 99% used [0x00000000ecb00000,0x00000000ecd7c050,0x00000000ecd80000)
  to   space 5120K, 0% used [0x00000000ec600000,0x00000000ec600000,0x00000000ecb00000)
 ParOldGen       total 42496K, used 7973K [0x00000000c2a00000, 0x00000000c5380000, 0x00000000eb900000)
  object space 42496K, 18% used [0x00000000c2a00000,0x00000000c31c9518,0x00000000c5380000)
 Metaspace       used 13834K, capacity 14194K, committed 14592K, reserved 1062912K
  class space    used 1587K, capacity 1705K, committed 1792K, reserved 1048576K
Event: 29.904 GC heap after
Heap after GC invocations=8 (full 1):
 PSYoungGen      total 18432K, used 3568K [0x00000000eb900000, 0x00000000ed000000, 0x0000000100000000)
  eden space 13312K, 0% used [0x00000000eb900000,0x00000000eb900000,0x00000000ec600000)
  from space 5120K, 69% used [0x00000000ec600000,0x00000000ec97c050,0x00000000ecb00000)
  to   space 5120K, 0% used [0x00000000ecb00000,0x00000000ecb00000,0x00000000ed000000)
 ParOldGen       total 42496K, used 7973K [0x00000000c2a00000, 0x00000000c5380000, 0x00000000eb900000)
  object space 42496K, 18% used [0x00000000c2a00000,0x00000000c31c9518,0x00000000c5380000)
 Metaspace       used 13834K, capacity 14194K, committed 14592K, reserved 1062912K
  class space    used 1587K, capacity 1705K, committed 1792K, reserved 1048576K
}
Event: 30.146 GC heap before
{Heap before GC invocations=9 (full 1):
 PSYoungGen      total 18432K, used 16880K [0x00000000eb900000, 0x00000000ed000000, 0x0000000100000000)
  eden space 13312K, 100% used [0x00000000eb900000,0x00000000ec600000,0x00000000ec600000)
  from space 5120K, 69% used [0x00000000ec600000,0x00000000ec97c050,0x00000000ecb00000)
  to   space 5120K, 0% used [0x00000000ecb00000,0x00000000ecb00000,0x00000000ed000000)
 ParOldGen       total 42496K, used 7973K [0x00000000c2a00000, 0x00000000c5380000, 0x00000000eb900000)
  object space 42496K, 18% used [0x00000000c2a00000,0x00000000c31c9518,0x00000000c5380000)
 Metaspace       used 13847K, capacity 14258K, committed 14592K, reserved 1062912K
  class space    used 1587K, capacity 1705K, committed 1792K, reserved 1048576K
Event: 30.167 GC heap after
Heap after GC invocations=9 (full 1):
 PSYoungGen      total 18432K, used 3888K [0x00000000eb900000, 0x00000000edd00000, 0x0000000100000000)
  eden space 13312K, 0% used [0x00000000eb900000,0x00000000eb900000,0x00000000ec600000)
  from space 5120K, 75% used [0x00000000ecb00000,0x00000000ececc060,0x00000000ed000000)
  to   space 5120K, 0% used [0x00000000ec600000,0x00000000ec600000,0x00000000ecb00000)
 ParOldGen       total 42496K, used 8309K [0x00000000c2a00000, 0x00000000c5380000, 0x00000000eb900000)
  object space 42496K, 19% used [0x00000000c2a00000,0x00000000c321d528,0x00000000c5380000)
 Metaspace       used 13847K, capacity 14258K, committed 14592K, reserved 1062912K
  class space    used 1587K, capacity 1705K, committed 1792K, reserved 1048576K
}
Event: 30.536 GC heap before
{Heap before GC invocations=10 (full 1):
 PSYoungGen      total 18432K, used 17200K [0x00000000eb900000, 0x00000000edd00000, 0x0000000100000000)
  eden space 13312K, 100% used [0x00000000eb900000,0x00000000ec600000,0x00000000ec600000)
  from space 5120K, 75% used [0x00000000ecb00000,0x00000000ececc060,0x00000000ed000000)
  to   space 5120K, 0% used [0x00000000ec600000,0x00000000ec600000,0x00000000ecb00000)
 ParOldGen       total 42496K, used 8309K [0x00000000c2a00000, 0x00000000c5380000, 0x00000000eb900000)
  object space 42496K, 19% used [0x00000000c2a00000,0x00000000c321d528,0x00000000c5380000)
 Metaspace       used 13865K, capacity 14258K, committed 14592K, reserved 1062912K
  class space    used 1587K, capacity 1705K, committed 1792K, reserved 1048576K
Event: 30.640 GC heap after
Heap after GC invocations=10 (full 1):
 PSYoungGen      total 18432K, used 3008K [0x00000000eb900000, 0x00000000edd00000, 0x0000000100000000)
  eden space 13312K, 0% used [0x00000000eb900000,0x00000000eb900000,0x00000000ec600000)
  from space 5120K, 58% used [0x00000000ec600000,0x00000000ec8f0010,0x00000000ecb00000)
  to   space 5120K, 0% used [0x00000000ed800000,0x00000000ed800000,0x00000000edd00000)
 ParOldGen       total 42496K, used 9517K [0x00000000c2a00000, 0x00000000c5380000, 0x00000000eb900000)
  object space 42496K, 22% used [0x00000000c2a00000,0x00000000c334b6e0,0x00000000c5380000)
 Metaspace       used 13865K, capacity 14258K, committed 14592K, reserved 1062912K
  class space    used 1587K, capacity 1705K, committed 1792K, reserved 1048576K
}
Event: 30.849 GC heap before
{Heap before GC invocations=11 (full 1):
 PSYoungGen      total 18432K, used 16320K [0x00000000eb900000, 0x00000000edd00000, 0x0000000100000000)
  eden space 13312K, 100% used [0x00000000eb900000,0x00000000ec600000,0x00000000ec600000)
  from space 5120K, 58% used [0x00000000ec600000,0x00000000ec8f0010,0x00000000ecb00000)
  to   space 5120K, 0% used [0x00000000ed800000,0x00000000ed800000,0x00000000edd00000)
 ParOldGen       total 42496K, used 9517K [0x00000000c2a00000, 0x00000000c5380000, 0x00000000eb900000)
  object space 42496K, 22% used [0x00000000c2a00000,0x00000000c334b6e0,0x00000000c5380000)
 Metaspace       used 13892K, capacity 14322K, committed 14592K, reserved 1062912K
  class space    used 1587K, capacity 1705K, committed 1792K, reserved 1048576K
Event: 31.577 GC heap after
Heap after GC invocations=11 (full 1):
 PSYoungGen      total 24064K, used 2336K [0x00000000eb900000, 0x00000000eda80000, 0x0000000100000000)
  eden space 21504K, 0% used [0x00000000eb900000,0x00000000eb900000,0x00000000ece00000)
  from space 2560K, 91% used [0x00000000ed800000,0x00000000eda480a0,0x00000000eda80000)
  to   space 5120K, 0% used [0x00000000ed080000,0x00000000ed080000,0x00000000ed580000)
 ParOldGen       total 42496K, used 11457K [0x00000000c2a00000, 0x00000000c5380000, 0x00000000eb900000)
  object space 42496K, 26% used [0x00000000c2a00000,0x00000000c35304a8,0x00000000c5380000)
 Metaspace       used 13892K, capacity 14322K, committed 14592K, reserved 1062912K
  class space    used 1587K, capacity 1705K, committed 1792K, reserved 1048576K
}

