# JRE version: Java(TM) SE Runtime Environment (8.0_201-b09) (build 1.8.0_201-b09)
# Java VM: Java HotSpot(TM) 64-Bit Server VM (25.201-b09 mixed mode linux-amd64 compressed oops)
Heap:
 PSYoungGen      total 34304K, used 4064K [0x00000000eb900000, 0x00000000ee100000, 0x0000000100000000)
  eden space 29696K, 0% used [0x00000000eb900000,0x00000000eb900000,0x00000000ed600000)
  from space 4608K, 88% used [0x00000000ed600000,0x00000000ed9f8020,0x00000000eda80000)
  to   space 2560K, 0% used [0x00000000eda80000,0x00000000eda80000,0x00000000edd00000)
 ParOldGen       total 42496K, used 6062K [0x00000000c2a00000, 0x00000000c5380000, 0x00000000eb900000)
  object space 42496K, 14% used [0x00000000c2a00000,0x00000000c2feb920,0x00000000c5380000)
 Metaspace       used 13844K, capacity 14206K, committed 14336K, reserved 1062912K
  class space    used 1594K, capacity 1707K, committed 1792K, reserved 1048576K
GC Heap History (10 events):
Event: 2.744 GC heap after
Heap after GC invocations=3 (full 1):
 PSYoungGen      total 18432K, used 0K [0x00000000eb900000, 0x00000000ecd80000, 0x0000000100000000)
  eden space 15872K, 0% used [0x00000000eb900000,0x00000000eb900000,0x00000000ec880000)
  from space 2560K, 0% used [0x00000000ecb00000,0x00000000ecb00000,0x00000000ecd80000)
  to   space 2560K, 0% used [0x00000000ec880000,0x00000000ec880000,0x00000000ecb00000)
 ParOldGen       total 42496K, used 2549K [0x00000000c2a00000, 0x00000000c5380000, 0x00000000eb900000)
  object space 42496K, 5% used [0x00000000c2a00000,0x00000000c2c7d5d8,0x00000000c5380000)
 Metaspace       used 10091K, capacity 10242K, committed 10624K, reserved 1058816K
  class space    used 1223K, capacity 1285K, committed 1408K, reserved 1048576K
}
Event: 41.352 GC heap before
{Heap before GC invocations=4 (full 1):
 PSYoungGen      total 18432K, used 15872K [0x00000000eb900000, 0x00000000ecd80000, 0x0000000100000000)
  eden space 15872K, 100% used [0x00000000eb900000,0x00000000ec880000,0x00000000ec880000)
  from space 2560K, 0% used [0x00000000ecb00000,0x00000000ecb00000,0x00000000ecd80000)
  to   space 2560K, 0% used [0x00000000ec880000,0x00000000ec880000,0x00000000ecb00000)
 ParOldGen       total 42496K, used 2549K [0x00000000c2a00000, 0x00000000c5380000, 0x00000000eb900000)
  object space 42496K, 5% used [0x00000000c2a00000,0x00000000c2c7d5d8,0x00000000c5380000)
 Metaspace       used 13422K, capacity 13810K, committed 14080K, reserved 1060864K
  class space    used 1586K, capacity 1705K, committed 1792K, reserved 1048576K
Event: 41.380 GC heap after
Heap after GC invocations=4 (full 1):
 PSYoungGen      total 18432K, used 2552K [0x00000000eb900000, 0x00000000ecd80000, 0x0000000100000000)
  eden space 15872K, 0% used [0x00000000eb900000,0x00000000eb900000,0x00000000ec880000)
  from space 2560K, 99% used [0x00000000ec880000,0x00000000ecafe100,0x00000000ecb00000)
  to   space 2560K, 0% used [0x00000000ecb00000,0x00000000ecb00000,0x00000000ecd80000)
 ParOldGen       total 42496K, used 4216K [0x00000000c2a00000, 0x00000000c5380000, 0x00000000eb900000)
  object space 42496K, 9% used [0x00000000c2a00000,0x00000000c2e1e0c8,0x00000000c5380000)
 Metaspace       used 13422K, capacity 13810K, committed 14080K, reserved 1060864K
  class space    used 1586K, capacity 1705K, committed 1792K, reserved 1048576K
}
Event: 43.354 GC heap before
{Heap before GC invocations=5 (full 1):
 PSYoungGen      total 18432K, used 18424K [0x00000000eb900000, 0x00000000ecd80000, 0x0000000100000000)
  eden space 15872K, 100% used [0x00000000eb900000,0x00000000ec880000,0x00000000ec880000)
  from space 2560K, 99% used [0x00000000ec880000,0x00000000ecafe100,0x00000000ecb00000)
  to   space 2560K, 0% used [0x00000000ecb00000,0x00000000ecb00000,0x00000000ecd80000)
 ParOldGen       total 42496K, used 4216K [0x00000000c2a00000, 0x00000000c5380000, 0x00000000eb900000)
  object space 42496K, 9% used [0x00000000c2a00000,0x00000000c2e1e0c8,0x00000000c5380000)
 Metaspace       used 13697K, capacity 14078K, committed 14336K, reserved 1062912K
  class space    used 1594K, capacity 1707K, committed 1792K, reserved 1048576K
Event: 43.377 GC heap after
Heap after GC invocations=5 (full 1):
 PSYoungGen      total 18432K, used 2540K [0x00000000eb900000, 0x00000000ecd80000, 0x0000000100000000)
  eden space 15872K, 0% used [0x00000000eb900000,0x00000000eb900000,0x00000000ec880000)
  from space 2560K, 99% used [0x00000000ecb00000,0x00000000ecd7b030,0x00000000ecd80000)
  to   space 2560K, 0% used [0x00000000ec880000,0x00000000ec880000,0x00000000ecb00000)
 ParOldGen       total 42496K, used 4907K [0x00000000c2a00000, 0x00000000c5380000, 0x00000000eb900000)
  object space 42496K, 11% used [0x00000000c2a00000,0x00000000c2ecac70,0x00000000c5380000)
 Metaspace       used 13697K, capacity 14078K, committed 14336K, reserved 1062912K
  class space    used 1594K, capacity 1707K, committed 1792K, reserved 1048576K
}
Event: 44.218 GC heap before
{Heap before GC invocations=6 (full 1):
 PSYoungGen      total 18432K, used 18412K [0x00000000eb900000, 0x00000000ecd80000, 0x0000000100000000)
  eden space 15872K, 100% used [0x00000000eb900000,0x00000000ec880000,0x00000000ec880000)
  from space 2560K, 99% used [0x00000000ecb00000,0x00000000ecd7b030,0x00000000ecd80000)
  to   space 2560K, 0% used [0x00000000ec880000,0x00000000ec880000,0x00000000ecb00000)
 ParOldGen       total 42496K, used 4907K [0x00000000c2a00000, 0x00000000c5380000, 0x00000000eb900000)
  object space 42496K, 11% used [0x00000000c2a00000,0x00000000c2ecac70,0x00000000c5380000)
 Metaspace       used 13774K, capacity 14206K, committed 14336K, reserved 1062912K
  class space    used 1594K, capacity 1707K, committed 1792K, reserved 1048576K
Event: 44.277 GC heap after
Heap after GC invocations=6 (full 1):
 PSYoungGen      total 18432K, used 2548K [0x00000000eb900000, 0x00000000edd00000, 0x0000000100000000)
  eden space 15872K, 0% used [0x00000000eb900000,0x00000000eb900000,0x00000000ec880000)
  from space 2560K, 99% used [0x00000000ec880000,0x00000000ecafd148,0x00000000ecb00000)
  to   space 2560K, 0% used [0x00000000eda80000,0x00000000eda80000,0x00000000edd00000)
 ParOldGen       total 42496K, used 5790K [0x00000000c2a00000, 0x00000000c5380000, 0x00000000eb900000)
  object space 42496K, 13% used [0x00000000c2a00000,0x00000000c2fa7920,0x00000000c5380000)
 Metaspace       used 13774K, capacity 14206K, committed 14336K, reserved 1062912K
  class space    used 1594K, capacity 1707K, committed 1792K, reserved 1048576K
}
Event: 45.151 GC heap before
{Heap before GC invocations=7 (full 1):
 PSYoungGen      total 18432K, used 18420K [0x00000000eb900000, 0x00000000edd00000, 0x0000000100000000)
  eden space 15872K, 100% used [0x00000000eb900000,0x00000000ec880000,0x00000000ec880000)
  from space 2560K, 99% used [0x00000000ec880000,0x00000000ecafd148,0x00000000ecb00000)
  to   space 2560K, 0% used [0x00000000eda80000,0x00000000eda80000,0x00000000edd00000)
 ParOldGen       total 42496K, used 5790K [0x00000000c2a00000, 0x00000000c5380000, 0x00000000eb900000)
  object space 42496K, 13% used [0x00000000c2a00000,0x00000000c2fa7920,0x00000000c5380000)
 Metaspace       used 13790K, capacity 14206K, committed 14336K, reserved 1062912K
  class space    used 1594K, capacity 1707K, committed 1792K, reserved 1048576K
Event: 45.190 GC heap after
Heap after GC invocations=7 (full 1):
 PSYoungGen      total 32256K, used 2532K [0x00000000eb900000, 0x00000000ee100000, 0x0000000100000000)
  eden space 29696K, 0% used [0x00000000eb900000,0x00000000eb900000,0x00000000ed600000)
  from space 2560K, 98% used [0x00000000eda80000,0x00000000edcf9138,0x00000000edd00000)
  to   space 4608K, 0% used [0x00000000ed600000,0x00000000ed600000,0x00000000eda80000)
 ParOldGen       total 42496K, used 6062K [0x00000000c2a00000, 0x00000000c5380000, 0x00000000eb900000)
  object space 42496K, 14% used [0x00000000c2a00000,0x00000000c2feb920,0x00000000c5380000)
 Metaspace       used 13790K, capacity 14206K, committed 14336K, reserved 1062912K
  class space    used 1594K, capacity 1707K, committed 1792K, reserved 1048576K
}
Event: 46.651 GC heap before
{Heap before GC invocations=8 (full 1):
 PSYoungGen      total 32256K, used 32228K [0x00000000eb900000, 0x00000000ee100000, 0x0000000100000000)
  eden space 29696K, 100% used [0x00000000eb900000,0x00000000ed600000,0x00000000ed600000)
  from space 2560K, 98% used [0x00000000eda80000,0x00000000edcf9138,0x00000000edd00000)
  to   space 4608K, 0% used [0x00000000ed600000,0x00000000ed600000,0x00000000eda80000)
 ParOldGen       total 42496K, used 6062K [0x00000000c2a00000, 0x00000000c5380000, 0x00000000eb900000)
  object space 42496K, 14% used [0x00000000c2a00000,0x00000000c2feb920,0x00000000c5380000)
 Metaspace       used 13844K, capacity 14206K, committed 14336K, reserved 1062912K
  class space    used 1594K, capacity 1707K, committed 1792K, reserved 1048576K

