# JRE version: Java(TM) SE Runtime Environment (8.0_201-b09) (build 1.8.0_201-b09)
# Java VM: Java HotSpot(TM) 64-Bit Server VM (25.201-b09 mixed mode linux-amd64 compressed oops)
Heap:
 PSYoungGen      total 34304K, used 19845K [0x00000000eb900000, 0x00000000efc00000, 0x0000000100000000)
  eden space 29696K, 55% used [0x00000000eb900000,0x00000000ec931480,0x00000000ed600000)
  from space 4608K, 70% used [0x00000000ed600000,0x00000000ed930000,0x00000000eda80000)
  to   space 4608K, 0% used [0x00000000ef780000,0x00000000ef780000,0x00000000efc00000)
 ParOldGen       total 42496K, used 8570K [0x00000000c2a00000, 0x00000000c5380000, 0x00000000eb900000)
  object space 42496K, 20% used [0x00000000c2a00000,0x00000000c325eb58,0x00000000c5380000)
 Metaspace       used 14262K, capacity 14750K, committed 14848K, reserved 1062912K
  class space    used 1619K, capacity 1734K, committed 1792K, reserved 1048576K
GC Heap History (10 events):
Event: 24.059 GC heap before
{Heap before GC invocations=4 (full 1):
 PSYoungGen      total 18432K, used 18428K [0x00000000eb900000, 0x00000000ecd80000, 0x0000000100000000)
  eden space 15872K, 100% used [0x00000000eb900000,0x00000000ec880000,0x00000000ec880000)
  from space 2560K, 99% used [0x00000000ecb00000,0x00000000ecd7f148,0x00000000ecd80000)
  to   space 2560K, 0% used [0x00000000ec880000,0x00000000ec880000,0x00000000ecb00000)
 ParOldGen       total 42496K, used 5251K [0x00000000c2a00000, 0x00000000c5380000, 0x00000000eb900000)
  object space 42496K, 12% used [0x00000000c2a00000,0x00000000c2f20cf8,0x00000000c5380000)
 Metaspace       used 13690K, capacity 14066K, committed 14336K, reserved 1062912K
  class space    used 1587K, capacity 1705K, committed 1792K, reserved 1048576K
Event: 24.069 GC heap after
Heap after GC invocations=4 (full 1):
 PSYoungGen      total 18432K, used 2552K [0x00000000eb900000, 0x00000000ecd80000, 0x0000000100000000)
  eden space 15872K, 0% used [0x00000000eb900000,0x00000000eb900000,0x00000000ec880000)
  from space 2560K, 99% used [0x00000000ec880000,0x00000000ecafe020,0x00000000ecb00000)
  to   space 2560K, 0% used [0x00000000ecb00000,0x00000000ecb00000,0x00000000ecd80000)
 ParOldGen       total 42496K, used 5539K [0x00000000c2a00000, 0x00000000c5380000, 0x00000000eb900000)
  object space 42496K, 13% used [0x00000000c2a00000,0x00000000c2f68cf8,0x00000000c5380000)
 Metaspace       used 13690K, capacity 14066K, committed 14336K, reserved 1062912K
  class space    used 1587K, capacity 1705K, committed 1792K, reserved 1048576K
}
Event: 24.841 GC heap before
{Heap before GC invocations=5 (full 1):
 PSYoungGen      total 18432K, used 18424K [0x00000000eb900000, 0x00000000ecd80000, 0x0000000100000000)
  eden space 15872K, 100% used [0x00000000eb900000,0x00000000ec880000,0x00000000ec880000)
  from space 2560K, 99% used [0x00000000ec880000,0x00000000ecafe020,0x00000000ecb00000)
  to   space 2560K, 0% used [0x00000000ecb00000,0x00000000ecb00000,0x00000000ecd80000)
 ParOldGen       total 42496K, used 5539K [0x00000000c2a00000, 0x00000000c5380000, 0x00000000eb900000)
  object space 42496K, 13% used [0x00000000c2a00000,0x00000000c2f68cf8,0x00000000c5380000)
 Metaspace       used 13758K, capacity 14130K, committed 14336K, reserved 1062912K
  class space    used 1587K, capacity 1705K, committed 1792K, reserved 1048576K
Event: 24.860 GC heap after
Heap after GC invocations=5 (full 1):
 PSYoungGen      total 18432K, used 2528K [0x00000000eb900000, 0x00000000edd00000, 0x0000000100000000)
  eden space 15872K, 0% used [0x00000000eb900000,0x00000000eb900000,0x00000000ec880000)
  from space 2560K, 98% used [0x00000000ecb00000,0x00000000ecd78020,0x00000000ecd80000)
  to   space 2560K, 0% used [0x00000000ec880000,0x00000000ec880000,0x00000000ecb00000)
 ParOldGen       total 42496K, used 6208K [0x00000000c2a00000, 0x00000000c5380000, 0x00000000eb900000)
  object space 42496K, 14% used [0x00000000c2a00000,0x00000000c3010268,0x00000000c5380000)
 Metaspace       used 13758K, capacity 14130K, committed 14336K, reserved 1062912K
  class space    used 1587K, capacity 1705K, committed 1792K, reserved 1048576K
}
Event: 25.247 GC heap before
{Heap before GC invocations=6 (full 1):
 PSYoungGen      total 18432K, used 18400K [0x00000000eb900000, 0x00000000edd00000, 0x0000000100000000)
  eden space 15872K, 100% used [0x00000000eb900000,0x00000000ec880000,0x00000000ec880000)
  from space 2560K, 98% used [0x00000000ecb00000,0x00000000ecd78020,0x00000000ecd80000)
  to   space 2560K, 0% used [0x00000000ec880000,0x00000000ec880000,0x00000000ecb00000)
 ParOldGen       total 42496K, used 6208K [0x00000000c2a00000, 0x00000000c5380000, 0x00000000eb900000)
  object space 42496K, 14% used [0x00000000c2a00000,0x00000000c3010268,0x00000000c5380000)
 Metaspace       used 13789K, capacity 14194K, committed 14336K, reserved 1062912K
  class space    used 1587K, capacity 1705K, committed 1792K, reserved 1048576K
Event: 25.275 GC heap after
Heap after GC invocations=6 (full 1):
 PSYoungGen      total 18432K, used 2544K [0x00000000eb900000, 0x00000000edd00000, 0x0000000100000000)
  eden space 15872K, 0% used [0x00000000eb900000,0x00000000eb900000,0x00000000ec880000)
  from space 2560K, 99% used [0x00000000ec880000,0x00000000ecafc010,0x00000000ecb00000)
  to   space 2560K, 0% used [0x00000000eda80000,0x00000000eda80000,0x00000000edd00000)
 ParOldGen       total 42496K, used 7001K [0x00000000c2a00000, 0x00000000c5380000, 0x00000000eb900000)
  object space 42496K, 16% used [0x00000000c2a00000,0x00000000c30d6660,0x00000000c5380000)
 Metaspace       used 13789K, capacity 14194K, committed 14336K, reserved 1062912K
  class space    used 1587K, capacity 1705K, committed 1792K, reserved 1048576K
}
Event: 32.696 GC heap before
{Heap before GC invocations=7 (full 1):
 PSYoungGen      total 18432K, used 18416K [0x00000000eb900000, 0x00000000edd00000, 0x0000000100000000)
  eden space 15872K, 100% used [0x00000000eb900000,0x00000000ec880000,0x00000000ec880000)
  from space 2560K, 99% used [0x00000000ec880000,0x00000000ecafc010,0x00000000ecb00000)
  to   space 2560K, 0% used [0x00000000eda80000,0x00000000eda80000,0x00000000edd00000)
 ParOldGen       total 42496K, used 7001K [0x00000000c2a00000, 0x00000000c5380000, 0x00000000eb900000)
  object space 42496K, 16% used [0x00000000c2a00000,0x00000000c30d6660,0x00000000c5380000)
 Metaspace       used 14207K, capacity 14602K, committed 14848K, reserved 1062912K
  class space    used 1617K, capacity 1732K, committed 1792K, reserved 1048576K
Event: 32.925 GC heap after
Heap after GC invocations=7 (full 1):
 PSYoungGen      total 32256K, used 2560K [0x00000000eb900000, 0x00000000ee100000, 0x0000000100000000)
  eden space 29696K, 0% used [0x00000000eb900000,0x00000000eb900000,0x00000000ed600000)
  from space 2560K, 100% used [0x00000000eda80000,0x00000000edd00000,0x00000000edd00000)
  to   space 4608K, 0% used [0x00000000ed600000,0x00000000ed600000,0x00000000eda80000)
 ParOldGen       total 42496K, used 8562K [0x00000000c2a00000, 0x00000000c5380000, 0x00000000eb900000)
  object space 42496K, 20% used [0x00000000c2a00000,0x00000000c325cb58,0x00000000c5380000)
 Metaspace       used 14207K, capacity 14602K, committed 14848K, reserved 1062912K
  class space    used 1617K, capacity 1732K, committed 1792K, reserved 1048576K
}
Event: 45.958 GC heap before
{Heap before GC invocations=8 (full 1):
 PSYoungGen      total 32256K, used 32256K [0x00000000eb900000, 0x00000000ee100000, 0x0000000100000000)
  eden space 29696K, 100% used [0x00000000eb900000,0x00000000ed600000,0x00000000ed600000)
  from space 2560K, 100% used [0x00000000eda80000,0x00000000edd00000,0x00000000edd00000)
  to   space 4608K, 0% used [0x00000000ed600000,0x00000000ed600000,0x00000000eda80000)
 ParOldGen       total 42496K, used 8562K [0x00000000c2a00000, 0x00000000c5380000, 0x00000000eb900000)
  object space 42496K, 20% used [0x00000000c2a00000,0x00000000c325cb58,0x00000000c5380000)
 Metaspace       used 14257K, capacity 14750K, committed 14848K, reserved 1062912K
  class space    used 1619K, capacity 1734K, committed 1792K, reserved 1048576K
Event: 45.990 GC heap after
Heap after GC invocations=8 (full 1):
 PSYoungGen      total 34304K, used 3264K [0x00000000eb900000, 0x00000000efc00000, 0x0000000100000000)
  eden space 29696K, 0% used [0x00000000eb900000,0x00000000eb900000,0x00000000ed600000)
  from space 4608K, 70% used [0x00000000ed600000,0x00000000ed930000,0x00000000eda80000)
  to   space 4608K, 0% used [0x00000000ef780000,0x00000000ef780000,0x00000000efc00000)
 ParOldGen       total 42496K, used 8570K [0x00000000c2a00000, 0x00000000c5380000, 0x00000000eb900000)
  object space 42496K, 20% used [0x00000000c2a00000,0x00000000c325eb58,0x00000000c5380000)
 Metaspace       used 14257K, capacity 14750K, committed 14848K, reserved 1062912K
  class space    used 1619K, capacity 1734K, committed 1792K, reserved 1048576K
}

