# JRE version: Java(TM) SE Runtime Environment (8.0_201-b09) (build 1.8.0_201-b09)
# Java VM: Java HotSpot(TM) 64-Bit Server VM (25.201-b09 mixed mode linux-amd64 compressed oops)
Heap:
 PSYoungGen      total 303104K, used 190299K [0x00000000eb900000, 0x0000000100000000, 0x0000000100000000)
  eden space 271360K, 58% used [0x00000000eb900000,0x00000000f53d8d38,0x00000000fc200000)
  from space 31744K, 99% used [0x00000000fc200000,0x00000000fe0fdf58,0x00000000fe100000)
  to   space 31744K, 0% used [0x00000000fe100000,0x00000000fe100000,0x0000000100000000)
 ParOldGen       total 125440K, used 75067K [0x00000000c2a00000, 0x00000000ca480000, 0x00000000eb900000)
  object space 125440K, 59% used [0x00000000c2a00000,0x00000000c734edc8,0x00000000ca480000)
 Metaspace       used 27189K, capacity 27844K, committed 28032K, reserved 1073152K
  class space    used 3204K, capacity 3400K, committed 3456K, reserved 1048576K
GC Heap History (10 events):
Event: 32.993 GC heap before
{Heap before GC invocations=16 (full 2):
 PSYoungGen      total 253440K, used 253408K [0x00000000eb900000, 0x0000000100000000, 0x0000000100000000)
  eden space 233472K, 100% used [0x00000000eb900000,0x00000000f9d00000,0x00000000f9d00000)
  from space 19968K, 99% used [0x00000000f9d00000,0x00000000fb078010,0x00000000fb080000)
  to   space 25088K, 0% used [0x00000000fe780000,0x00000000fe780000,0x0000000100000000)
 ParOldGen       total 72704K, used 44881K [0x00000000c2a00000, 0x00000000c7100000, 0x00000000eb900000)
  object space 72704K, 61% used [0x00000000c2a00000,0x00000000c55d44a8,0x00000000c7100000)
 Metaspace       used 23322K, capacity 24036K, committed 24192K, reserved 1071104K
  class space    used 2482K, capacity 2678K, committed 2688K, reserved 1048576K
Event: 33.143 GC heap after
Heap after GC invocations=16 (full 2):
 PSYoungGen      total 297472K, used 25088K [0x00000000eb900000, 0x0000000100000000, 0x0000000100000000)
  eden space 272384K, 0% used [0x00000000eb900000,0x00000000eb900000,0x00000000fc300000)
  from space 25088K, 100% used [0x00000000fe780000,0x0000000100000000,0x0000000100000000)
  to   space 31232K, 0% used [0x00000000fc300000,0x00000000fc300000,0x00000000fe180000)
 ParOldGen       total 72704K, used 50476K [0x00000000c2a00000, 0x00000000c7100000, 0x00000000eb900000)
  object space 72704K, 69% used [0x00000000c2a00000,0x00000000c5b4b208,0x00000000c7100000)
 Metaspace       used 23322K, capacity 24036K, committed 24192K, reserved 1071104K
  class space    used 2482K, capacity 2678K, committed 2688K, reserved 1048576K
}
Event: 36.673 GC heap before
{Heap before GC invocations=17 (full 2):
 PSYoungGen      total 297472K, used 297472K [0x00000000eb900000, 0x0000000100000000, 0x0000000100000000)
  eden space 272384K, 100% used [0x00000000eb900000,0x00000000fc300000,0x00000000fc300000)
  from space 25088K, 100% used [0x00000000fe780000,0x0000000100000000,0x0000000100000000)
  to   space 31232K, 0% used [0x00000000fc300000,0x00000000fc300000,0x00000000fe180000)
 ParOldGen       total 72704K, used 50476K [0x00000000c2a00000, 0x00000000c7100000, 0x00000000eb900000)
  object space 72704K, 69% used [0x00000000c2a00000,0x00000000c5b4b208,0x00000000c7100000)
 Metaspace       used 23369K, capacity 24054K, committed 24192K, reserved 1071104K
  class space    used 2484K, capacity 2681K, committed 2688K, reserved 1048576K
Event: 36.773 GC heap after
Heap after GC invocations=17 (full 2):
 PSYoungGen      total 303616K, used 17728K [0x00000000eb900000, 0x0000000100000000, 0x0000000100000000)
  eden space 272384K, 0% used [0x00000000eb900000,0x00000000eb900000,0x00000000fc300000)
  from space 31232K, 56% used [0x00000000fc300000,0x00000000fd450040,0x00000000fe180000)
  to   space 31232K, 0% used [0x00000000fe180000,0x00000000fe180000,0x0000000100000000)
 ParOldGen       total 72704K, used 63662K [0x00000000c2a00000, 0x00000000c7100000, 0x00000000eb900000)
  object space 72704K, 87% used [0x00000000c2a00000,0x00000000c682b968,0x00000000c7100000)
 Metaspace       used 23369K, capacity 24054K, committed 24192K, reserved 1071104K
  class space    used 2484K, capacity 2681K, committed 2688K, reserved 1048576K
}
Event: 36.773 GC heap before
{Heap before GC invocations=18 (full 3):
 PSYoungGen      total 303616K, used 17728K [0x00000000eb900000, 0x0000000100000000, 0x0000000100000000)
  eden space 272384K, 0% used [0x00000000eb900000,0x00000000eb900000,0x00000000fc300000)
  from space 31232K, 56% used [0x00000000fc300000,0x00000000fd450040,0x00000000fe180000)
  to   space 31232K, 0% used [0x00000000fe180000,0x00000000fe180000,0x0000000100000000)
 ParOldGen       total 72704K, used 63662K [0x00000000c2a00000, 0x00000000c7100000, 0x00000000eb900000)
  object space 72704K, 87% used [0x00000000c2a00000,0x00000000c682b968,0x00000000c7100000)
 Metaspace       used 23369K, capacity 24054K, committed 24192K, reserved 1071104K
  class space    used 2484K, capacity 2681K, committed 2688K, reserved 1048576K
Event: 37.656 GC heap after
Heap after GC invocations=18 (full 3):
 PSYoungGen      total 303616K, used 4834K [0x00000000eb900000, 0x0000000100000000, 0x0000000100000000)
  eden space 272384K, 0% used [0x00000000eb900000,0x00000000eb900000,0x00000000fc300000)
  from space 31232K, 15% used [0x00000000fc300000,0x00000000fc7b89b0,0x00000000fe180000)
  to   space 31232K, 0% used [0x00000000fe180000,0x00000000fe180000,0x0000000100000000)
 ParOldGen       total 125440K, used 72267K [0x00000000c2a00000, 0x00000000ca480000, 0x00000000eb900000)
  object space 125440K, 57% used [0x00000000c2a00000,0x00000000c7092d40,0x00000000ca480000)
 Metaspace       used 23369K, capacity 24054K, committed 24192K, reserved 1071104K
  class space    used 2484K, capacity 2681K, committed 2688K, reserved 1048576K
}
Event: 39.727 GC heap before
{Heap before GC invocations=19 (full 3):
 PSYoungGen      total 303616K, used 277218K [0x00000000eb900000, 0x0000000100000000, 0x0000000100000000)
  eden space 272384K, 100% used [0x00000000eb900000,0x00000000fc300000,0x00000000fc300000)
  from space 31232K, 15% used [0x00000000fc300000,0x00000000fc7b89b0,0x00000000fe180000)
  to   space 31232K, 0% used [0x00000000fe180000,0x00000000fe180000,0x0000000100000000)
 ParOldGen       total 125440K, used 72267K [0x00000000c2a00000, 0x00000000ca480000, 0x00000000eb900000)
  object space 125440K, 57% used [0x00000000c2a00000,0x00000000c7092d40,0x00000000ca480000)
 Metaspace       used 23440K, capacity 24054K, committed 24192K, reserved 1071104K
  class space    used 2484K, capacity 2681K, committed 2688K, reserved 1048576K
Event: 39.794 GC heap after
Heap after GC invocations=19 (full 3):
 PSYoungGen      total 302592K, used 18816K [0x00000000eb900000, 0x0000000100000000, 0x0000000100000000)
  eden space 271360K, 0% used [0x00000000eb900000,0x00000000eb900000,0x00000000fc200000)
  from space 31232K, 60% used [0x00000000fe180000,0x00000000ff3e0040,0x0000000100000000)
  to   space 31744K, 0% used [0x00000000fc200000,0x00000000fc200000,0x00000000fe100000)
 ParOldGen       total 125440K, used 72275K [0x00000000c2a00000, 0x00000000ca480000, 0x00000000eb900000)
  object space 125440K, 57% used [0x00000000c2a00000,0x00000000c7094d40,0x00000000ca480000)
 Metaspace       used 23440K, capacity 24054K, committed 24192K, reserved 1071104K
  class space    used 2484K, capacity 2681K, committed 2688K, reserved 1048576K
}
Event: 42.423 GC heap before
{Heap before GC invocations=20 (full 3):
 PSYoungGen      total 302592K, used 290176K [0x00000000eb900000, 0x0000000100000000, 0x0000000100000000)
  eden space 271360K, 100% used [0x00000000eb900000,0x00000000fc200000,0x00000000fc200000)
  from space 31232K, 60% used [0x00000000fe180000,0x00000000ff3e0040,0x0000000100000000)
  to   space 31744K, 0% used [0x00000000fc200000,0x00000000fc200000,0x00000000fe100000)
 ParOldGen       total 125440K, used 72275K [0x00000000c2a00000, 0x00000000ca480000, 0x00000000eb900000)
  object space 125440K, 57% used [0x00000000c2a00000,0x00000000c7094d40,0x00000000ca480000)
 Metaspace       used 27118K, capacity 27780K, committed 28032K, reserved 1073152K
  class space    used 3199K, capacity 3400K, committed 3456K, reserved 1048576K
Event: 42.557 GC heap after
Heap after GC invocations=20 (full 3):
 PSYoungGen      total 303104K, used 31735K [0x00000000eb900000, 0x0000000100000000, 0x0000000100000000)
  eden space 271360K, 0% used [0x00000000eb900000,0x00000000eb900000,0x00000000fc200000)
  from space 31744K, 99% used [0x00000000fc200000,0x00000000fe0fdf58,0x00000000fe100000)
  to   space 31744K, 0% used [0x00000000fe100000,0x00000000fe100000,0x0000000100000000)
 ParOldGen       total 125440K, used 75067K [0x00000000c2a00000, 0x00000000ca480000, 0x00000000eb900000)
  object space 125440K, 59% used [0x00000000c2a00000,0x00000000c734edc8,0x00000000ca480000)
 Metaspace       used 27118K, capacity 27780K, committed 28032K, reserved 1073152K
  class space    used 3199K, capacity 3400K, committed 3456K, reserved 1048576K
}

