# JRE version: Java(TM) SE Runtime Environment (8.0_201-b09) (build 1.8.0_201-b09)
# Java VM: Java HotSpot(TM) 64-Bit Server VM (25.201-b09 mixed mode linux-amd64 compressed oops)
Heap:
 PSYoungGen      total 288768K, used 17979K [0x00000000eb900000, 0x0000000100000000, 0x0000000100000000)
  eden space 248832K, 0% used [0x00000000eb900000,0x00000000eb900000,0x00000000fac00000)
  from space 39936K, 45% used [0x00000000fac00000,0x00000000fbd8ec40,0x00000000fd300000)
  to   space 46080K, 0% used [0x00000000fd300000,0x00000000fd300000,0x0000000100000000)
 ParOldGen       total 76800K, used 76631K [0x00000000c2a00000, 0x00000000c7500000, 0x00000000eb900000)
  object space 76800K, 99% used [0x00000000c2a00000,0x00000000c74d5e08,0x00000000c7500000)
 Metaspace       used 23294K, capacity 24070K, committed 24320K, reserved 1071104K
  class space    used 2499K, capacity 2706K, committed 2816K, reserved 1048576K
GC Heap History (10 events):
Event: 39.724 GC heap after
Heap after GC invocations=17 (full 2):
 PSYoungGen      total 232448K, used 18416K [0x00000000eb900000, 0x00000000fd980000, 0x0000000100000000)
  eden space 214016K, 0% used [0x00000000eb900000,0x00000000eb900000,0x00000000f8a00000)
  from space 18432K, 99% used [0x00000000f8a00000,0x00000000f9bfc250,0x00000000f9c00000)
  to   space 24064K, 0% used [0x00000000fc200000,0x00000000fc200000,0x00000000fd980000)
 ParOldGen       total 76800K, used 48797K [0x00000000c2a00000, 0x00000000c7500000, 0x00000000eb900000)
  object space 76800K, 63% used [0x00000000c2a00000,0x00000000c59a7598,0x00000000c7500000)
 Metaspace       used 23008K, capacity 23788K, committed 24064K, reserved 1071104K
  class space    used 2491K, capacity 2691K, committed 2816K, reserved 1048576K
}
Event: 44.702 GC heap before
{Heap before GC invocations=18 (full 2):
 PSYoungGen      total 232448K, used 232432K [0x00000000eb900000, 0x00000000fd980000, 0x0000000100000000)
  eden space 214016K, 100% used [0x00000000eb900000,0x00000000f8a00000,0x00000000f8a00000)
  from space 18432K, 99% used [0x00000000f8a00000,0x00000000f9bfc250,0x00000000f9c00000)
  to   space 24064K, 0% used [0x00000000fc200000,0x00000000fc200000,0x00000000fd980000)
 ParOldGen       total 76800K, used 48797K [0x00000000c2a00000, 0x00000000c7500000, 0x00000000eb900000)
  object space 76800K, 63% used [0x00000000c2a00000,0x00000000c59a7598,0x00000000c7500000)
 Metaspace       used 23099K, capacity 23860K, committed 24064K, reserved 1071104K
  class space    used 2498K, capacity 2703K, committed 2816K, reserved 1048576K
Event: 44.784 GC heap after
Heap after GC invocations=18 (full 2):
 PSYoungGen      total 266240K, used 24048K [0x00000000eb900000, 0x00000000fe300000, 0x0000000100000000)
  eden space 242176K, 0% used [0x00000000eb900000,0x00000000eb900000,0x00000000fa580000)
  from space 24064K, 99% used [0x00000000fc200000,0x00000000fd97c260,0x00000000fd980000)
  to   space 29184K, 0% used [0x00000000fa580000,0x00000000fa580000,0x00000000fc200000)
 ParOldGen       total 76800K, used 52500K [0x00000000c2a00000, 0x00000000c7500000, 0x00000000eb900000)
  object space 76800K, 68% used [0x00000000c2a00000,0x00000000c5d45350,0x00000000c7500000)
 Metaspace       used 23099K, capacity 23860K, committed 24064K, reserved 1071104K
  class space    used 2498K, capacity 2703K, committed 2816K, reserved 1048576K
}
Event: 48.398 GC heap before
{Heap before GC invocations=19 (full 2):
 PSYoungGen      total 266240K, used 266224K [0x00000000eb900000, 0x00000000fe300000, 0x0000000100000000)
  eden space 242176K, 100% used [0x00000000eb900000,0x00000000fa580000,0x00000000fa580000)
  from space 24064K, 99% used [0x00000000fc200000,0x00000000fd97c260,0x00000000fd980000)
  to   space 29184K, 0% used [0x00000000fa580000,0x00000000fa580000,0x00000000fc200000)
 ParOldGen       total 76800K, used 52500K [0x00000000c2a00000, 0x00000000c7500000, 0x00000000eb900000)
  object space 76800K, 68% used [0x00000000c2a00000,0x00000000c5d45350,0x00000000c7500000)
 Metaspace       used 23173K, capacity 23942K, committed 24064K, reserved 1071104K
  class space    used 2499K, capacity 2706K, committed 2816K, reserved 1048576K
Event: 48.505 GC heap after
Heap after GC invocations=19 (full 2):
 PSYoungGen      total 271360K, used 29152K [0x00000000eb900000, 0x0000000100000000, 0x0000000100000000)
  eden space 242176K, 0% used [0x00000000eb900000,0x00000000eb900000,0x00000000fa580000)
  from space 29184K, 99% used [0x00000000fa580000,0x00000000fc1f8050,0x00000000fc200000)
  to   space 35840K, 0% used [0x00000000fdd00000,0x00000000fdd00000,0x0000000100000000)
 ParOldGen       total 76800K, used 58629K [0x00000000c2a00000, 0x00000000c7500000, 0x00000000eb900000)
  object space 76800K, 76% used [0x00000000c2a00000,0x00000000c63417b0,0x00000000c7500000)
 Metaspace       used 23173K, capacity 23942K, committed 24064K, reserved 1071104K
  class space    used 2499K, capacity 2706K, committed 2816K, reserved 1048576K
}
Event: 52.355 GC heap before
{Heap before GC invocations=20 (full 2):
 PSYoungGen      total 271360K, used 271328K [0x00000000eb900000, 0x0000000100000000, 0x0000000100000000)
  eden space 242176K, 100% used [0x00000000eb900000,0x00000000fa580000,0x00000000fa580000)
  from space 29184K, 99% used [0x00000000fa580000,0x00000000fc1f8050,0x00000000fc200000)
  to   space 35840K, 0% used [0x00000000fdd00000,0x00000000fdd00000,0x0000000100000000)
 ParOldGen       total 76800K, used 58629K [0x00000000c2a00000, 0x00000000c7500000, 0x00000000eb900000)
  object space 76800K, 76% used [0x00000000c2a00000,0x00000000c63417b0,0x00000000c7500000)
 Metaspace       used 23245K, capacity 24006K, committed 24320K, reserved 1071104K
  class space    used 2499K, capacity 2706K, committed 2816K, reserved 1048576K
Event: 52.443 GC heap after
Heap after GC invocations=20 (full 2):
 PSYoungGen      total 284672K, used 35824K [0x00000000eb900000, 0x0000000100000000, 0x0000000100000000)
  eden space 248832K, 0% used [0x00000000eb900000,0x00000000eb900000,0x00000000fac00000)
  from space 35840K, 99% used [0x00000000fdd00000,0x00000000ffffc020,0x0000000100000000)
  to   space 43008K, 0% used [0x00000000fac00000,0x00000000fac00000,0x00000000fd600000)
 ParOldGen       total 76800K, used 61398K [0x00000000c2a00000, 0x00000000c7500000, 0x00000000eb900000)
  object space 76800K, 79% used [0x00000000c2a00000,0x00000000c65f58b0,0x00000000c7500000)
 Metaspace       used 23245K, capacity 24006K, committed 24320K, reserved 1071104K
  class space    used 2499K, capacity 2706K, committed 2816K, reserved 1048576K
}
Event: 55.139 GC heap before
{Heap before GC invocations=21 (full 2):
 PSYoungGen      total 284672K, used 284656K [0x00000000eb900000, 0x0000000100000000, 0x0000000100000000)
  eden space 248832K, 100% used [0x00000000eb900000,0x00000000fac00000,0x00000000fac00000)
  from space 35840K, 99% used [0x00000000fdd00000,0x00000000ffffc020,0x0000000100000000)
  to   space 43008K, 0% used [0x00000000fac00000,0x00000000fac00000,0x00000000fd600000)
 ParOldGen       total 76800K, used 61398K [0x00000000c2a00000, 0x00000000c7500000, 0x00000000eb900000)
  object space 76800K, 79% used [0x00000000c2a00000,0x00000000c65f58b0,0x00000000c7500000)
 Metaspace       used 23294K, capacity 24070K, committed 24320K, reserved 1071104K
  class space    used 2499K, capacity 2706K, committed 2816K, reserved 1048576K
Event: 55.303 GC heap after
Heap after GC invocations=21 (full 2):
 PSYoungGen      total 288768K, used 39744K [0x00000000eb900000, 0x0000000100000000, 0x0000000100000000)
  eden space 248832K, 0% used [0x00000000eb900000,0x00000000eb900000,0x00000000fac00000)
  from space 39936K, 99% used [0x00000000fac00000,0x00000000fd2d0030,0x00000000fd300000)
  to   space 46080K, 0% used [0x00000000fd300000,0x00000000fd300000,0x0000000100000000)
 ParOldGen       total 76800K, used 68930K [0x00000000c2a00000, 0x00000000c7500000, 0x00000000eb900000)
  object space 76800K, 89% used [0x00000000c2a00000,0x00000000c6d509f0,0x00000000c7500000)
 Metaspace       used 23294K, capacity 24070K, committed 24320K, reserved 1071104K
  class space    used 2499K, capacity 2706K, committed 2816K, reserved 1048576K
}
Event: 55.304 GC heap before
{Heap before GC invocations=22 (full 3):
 PSYoungGen      total 288768K, used 39744K [0x00000000eb900000, 0x0000000100000000, 0x0000000100000000)
  eden space 248832K, 0% used [0x00000000eb900000,0x00000000eb900000,0x00000000fac00000)
  from space 39936K, 99% used [0x00000000fac00000,0x00000000fd2d0030,0x00000000fd300000)
  to   space 46080K, 0% used [0x00000000fd300000,0x00000000fd300000,0x0000000100000000)
 ParOldGen       total 76800K, used 68930K [0x00000000c2a00000, 0x00000000c7500000, 0x00000000eb900000)
  object space 76800K, 89% used [0x00000000c2a00000,0x00000000c6d509f0,0x00000000c7500000)
 Metaspace       used 23294K, capacity 24070K, committed 24320K, reserved 1071104K
  class space    used 2499K, capacity 2706K, committed 2816K, reserved 1048576K

