# JRE version: Java(TM) SE Runtime Environment (8.0_201-b09) (build 1.8.0_201-b09)
# Java VM: Java HotSpot(TM) 64-Bit Server VM (25.201-b09 mixed mode linux-amd64 compressed oops)
Heap:
 PSYoungGen      total 48128K, used 30980K [0x00000000eb900000, 0x00000000ef700000, 0x0000000100000000)
  eden space 44544K, 62% used [0x00000000eb900000,0x00000000ed42d238,0x00000000ee480000)
  from space 3584K, 87% used [0x00000000ef380000,0x00000000ef694010,0x00000000ef700000)
  to   space 4608K, 0% used [0x00000000eee00000,0x00000000eee00000,0x00000000ef280000)
 ParOldGen       total 42496K, used 9293K [0x00000000c2a00000, 0x00000000c5380000, 0x00000000eb900000)
  object space 42496K, 21% used [0x00000000c2a00000,0x00000000c33137a0,0x00000000c5380000)
 Metaspace       used 14086K, capacity 14582K, committed 14848K, reserved 1062912K
  class space    used 1602K, capacity 1747K, committed 1792K, reserved 1048576K
GC Heap History (10 events):
Event: 34.286 GC heap before
{Heap before GC invocations=7 (full 1):
 PSYoungGen      total 18432K, used 18420K [0x00000000eb900000, 0x00000000ecd80000, 0x0000000100000000)
  eden space 15872K, 100% used [0x00000000eb900000,0x00000000ec880000,0x00000000ec880000)
  from space 2560K, 99% used [0x00000000ec880000,0x00000000ecafd120,0x00000000ecb00000)
  to   space 2560K, 0% used [0x00000000ecb00000,0x00000000ecb00000,0x00000000ecd80000)
 ParOldGen       total 42496K, used 5663K [0x00000000c2a00000, 0x00000000c5380000, 0x00000000eb900000)
  object space 42496K, 13% used [0x00000000c2a00000,0x00000000c2f87ef0,0x00000000c5380000)
 Metaspace       used 14008K, capacity 14518K, committed 14592K, reserved 1062912K
  class space    used 1602K, capacity 1747K, committed 1792K, reserved 1048576K
Event: 34.628 GC heap after
Heap after GC invocations=7 (full 1):
 PSYoungGen      total 16384K, used 2560K [0x00000000eb900000, 0x00000000ee100000, 0x0000000100000000)
  eden space 13824K, 0% used [0x00000000eb900000,0x00000000eb900000,0x00000000ec680000)
  from space 2560K, 100% used [0x00000000ecb00000,0x00000000ecd80000,0x00000000ecd80000)
  to   space 4608K, 0% used [0x00000000ec680000,0x00000000ec680000,0x00000000ecb00000)
 ParOldGen       total 42496K, used 6295K [0x00000000c2a00000, 0x00000000c5380000, 0x00000000eb900000)
  object space 42496K, 14% used [0x00000000c2a00000,0x00000000c3025f30,0x00000000c5380000)
 Metaspace       used 14008K, capacity 14518K, committed 14592K, reserved 1062912K
  class space    used 1602K, capacity 1747K, committed 1792K, reserved 1048576K
}
Event: 34.732 GC heap before
{Heap before GC invocations=8 (full 1):
 PSYoungGen      total 16384K, used 16384K [0x00000000eb900000, 0x00000000ee100000, 0x0000000100000000)
  eden space 13824K, 100% used [0x00000000eb900000,0x00000000ec680000,0x00000000ec680000)
  from space 2560K, 100% used [0x00000000ecb00000,0x00000000ecd80000,0x00000000ecd80000)
  to   space 4608K, 0% used [0x00000000ec680000,0x00000000ec680000,0x00000000ecb00000)
 ParOldGen       total 42496K, used 6295K [0x00000000c2a00000, 0x00000000c5380000, 0x00000000eb900000)
  object space 42496K, 14% used [0x00000000c2a00000,0x00000000c3025f30,0x00000000c5380000)
 Metaspace       used 14036K, capacity 14518K, committed 14592K, reserved 1062912K
  class space    used 1602K, capacity 1747K, committed 1792K, reserved 1048576K
Event: 34.755 GC heap after
Heap after GC invocations=8 (full 1):
 PSYoungGen      total 18432K, used 3008K [0x00000000eb900000, 0x00000000edd00000, 0x0000000100000000)
  eden space 13824K, 0% used [0x00000000eb900000,0x00000000eb900000,0x00000000ec680000)
  from space 4608K, 65% used [0x00000000ec680000,0x00000000ec970000,0x00000000ecb00000)
  to   space 4608K, 0% used [0x00000000ed880000,0x00000000ed880000,0x00000000edd00000)
 ParOldGen       total 42496K, used 6303K [0x00000000c2a00000, 0x00000000c5380000, 0x00000000eb900000)
  object space 42496K, 14% used [0x00000000c2a00000,0x00000000c3027f30,0x00000000c5380000)
 Metaspace       used 14036K, capacity 14518K, committed 14592K, reserved 1062912K
  class space    used 1602K, capacity 1747K, committed 1792K, reserved 1048576K
}
Event: 35.087 GC heap before
{Heap before GC invocations=9 (full 1):
 PSYoungGen      total 18432K, used 16832K [0x00000000eb900000, 0x00000000edd00000, 0x0000000100000000)
  eden space 13824K, 100% used [0x00000000eb900000,0x00000000ec680000,0x00000000ec680000)
  from space 4608K, 65% used [0x00000000ec680000,0x00000000ec970000,0x00000000ecb00000)
  to   space 4608K, 0% used [0x00000000ed880000,0x00000000ed880000,0x00000000edd00000)
 ParOldGen       total 42496K, used 6303K [0x00000000c2a00000, 0x00000000c5380000, 0x00000000eb900000)
  object space 42496K, 14% used [0x00000000c2a00000,0x00000000c3027f30,0x00000000c5380000)
 Metaspace       used 14053K, capacity 14518K, committed 14592K, reserved 1062912K
  class space    used 1602K, capacity 1747K, committed 1792K, reserved 1048576K
Event: 35.106 GC heap after
Heap after GC invocations=9 (full 1):
 PSYoungGen      total 32256K, used 3268K [0x00000000eb900000, 0x00000000edd00000, 0x0000000100000000)
  eden space 27648K, 0% used [0x00000000eb900000,0x00000000eb900000,0x00000000ed400000)
  from space 4608K, 70% used [0x00000000ed880000,0x00000000edbb1170,0x00000000edd00000)
  to   space 4608K, 0% used [0x00000000ed400000,0x00000000ed400000,0x00000000ed880000)
 ParOldGen       total 42496K, used 7178K [0x00000000c2a00000, 0x00000000c5380000, 0x00000000eb900000)
  object space 42496K, 16% used [0x00000000c2a00000,0x00000000c3102b90,0x00000000c5380000)
 Metaspace       used 14053K, capacity 14518K, committed 14592K, reserved 1062912K
  class space    used 1602K, capacity 1747K, committed 1792K, reserved 1048576K
}
Event: 35.606 GC heap before
{Heap before GC invocations=10 (full 1):
 PSYoungGen      total 32256K, used 30916K [0x00000000eb900000, 0x00000000edd00000, 0x0000000100000000)
  eden space 27648K, 100% used [0x00000000eb900000,0x00000000ed400000,0x00000000ed400000)
  from space 4608K, 70% used [0x00000000ed880000,0x00000000edbb1170,0x00000000edd00000)
  to   space 4608K, 0% used [0x00000000ed400000,0x00000000ed400000,0x00000000ed880000)
 ParOldGen       total 42496K, used 7178K [0x00000000c2a00000, 0x00000000c5380000, 0x00000000eb900000)
  object space 42496K, 16% used [0x00000000c2a00000,0x00000000c3102b90,0x00000000c5380000)
 Metaspace       used 14073K, capacity 14518K, committed 14592K, reserved 1062912K
  class space    used 1602K, capacity 1747K, committed 1792K, reserved 1048576K
Event: 35.625 GC heap after
Heap after GC invocations=10 (full 1):
 PSYoungGen      total 32256K, used 3680K [0x00000000eb900000, 0x00000000ef800000, 0x0000000100000000)
  eden space 27648K, 0% used [0x00000000eb900000,0x00000000eb900000,0x00000000ed400000)
  from space 4608K, 79% used [0x00000000ed400000,0x00000000ed798020,0x00000000ed880000)
  to   space 4608K, 0% used [0x00000000ef380000,0x00000000ef380000,0x00000000ef800000)
 ParOldGen       total 42496K, used 8415K [0x00000000c2a00000, 0x00000000c5380000, 0x00000000eb900000)
  object space 42496K, 19% used [0x00000000c2a00000,0x00000000c3237cb0,0x00000000c5380000)
 Metaspace       used 14073K, capacity 14518K, committed 14592K, reserved 1062912K
  class space    used 1602K, capacity 1747K, committed 1792K, reserved 1048576K
}
Event: 35.878 GC heap before
{Heap before GC invocations=11 (full 1):
 PSYoungGen      total 32256K, used 31328K [0x00000000eb900000, 0x00000000ef800000, 0x0000000100000000)
  eden space 27648K, 100% used [0x00000000eb900000,0x00000000ed400000,0x00000000ed400000)
  from space 4608K, 79% used [0x00000000ed400000,0x00000000ed798020,0x00000000ed880000)
  to   space 4608K, 0% used [0x00000000ef380000,0x00000000ef380000,0x00000000ef800000)
 ParOldGen       total 42496K, used 8415K [0x00000000c2a00000, 0x00000000c5380000, 0x00000000eb900000)
  object space 42496K, 19% used [0x00000000c2a00000,0x00000000c3237cb0,0x00000000c5380000)
 Metaspace       used 14081K, capacity 14518K, committed 14592K, reserved 1062912K
  class space    used 1602K, capacity 1747K, committed 1792K, reserved 1048576K
Event: 35.923 GC heap after
Heap after GC invocations=11 (full 1):
 PSYoungGen      total 48128K, used 3152K [0x00000000eb900000, 0x00000000ef700000, 0x0000000100000000)
  eden space 44544K, 0% used [0x00000000eb900000,0x00000000eb900000,0x00000000ee480000)
  from space 3584K, 87% used [0x00000000ef380000,0x00000000ef694010,0x00000000ef700000)
  to   space 4608K, 0% used [0x00000000eee00000,0x00000000eee00000,0x00000000ef280000)
 ParOldGen       total 42496K, used 9293K [0x00000000c2a00000, 0x00000000c5380000, 0x00000000eb900000)
  object space 42496K, 21% used [0x00000000c2a00000,0x00000000c33137a0,0x00000000c5380000)
 Metaspace       used 14081K, capacity 14518K, committed 14592K, reserved 1062912K
  class space    used 1602K, capacity 1747K, committed 1792K, reserved 1048576K
}

