# JRE version: Java(TM) SE Runtime Environment (8.0_201-b09) (build 1.8.0_201-b09)
# Java VM: Java HotSpot(TM) 64-Bit Server VM (25.201-b09 mixed mode linux-amd64 compressed oops)
Heap:
 PSYoungGen      total 227840K, used 0K [0x00000000eb900000, 0x00000000fdb00000, 0x0000000100000000)
  eden space 201728K, 0% used [0x00000000eb900000,0x00000000eb900000,0x00000000f7e00000)
  from space 26112K, 0% used [0x00000000f7e00000,0x00000000f7e00000,0x00000000f9780000)
  to   space 26112K, 0% used [0x00000000fc180000,0x00000000fc180000,0x00000000fdb00000)
 ParOldGen       total 75776K, used 74546K [0x00000000c2a00000, 0x00000000c7400000, 0x00000000eb900000)
  object space 75776K, 98% used [0x00000000c2a00000,0x00000000c72cc810,0x00000000c7400000)
 Metaspace       used 26858K, capacity 27602K, committed 27776K, reserved 1073152K
  class space    used 3154K, capacity 3363K, committed 3456K, reserved 1048576K
GC Heap History (10 events):
Event: 21.974 GC heap after
Heap after GC invocations=15 (full 2):
 PSYoungGen      total 166912K, used 4479K [0x00000000eb900000, 0x00000000f8900000, 0x0000000100000000)
  eden space 150016K, 0% used [0x00000000eb900000,0x00000000eb900000,0x00000000f4b80000)
  from space 16896K, 26% used [0x00000000f4b80000,0x00000000f4fdfea8,0x00000000f5c00000)
  to   space 16384K, 0% used [0x00000000f7900000,0x00000000f7900000,0x00000000f8900000)
 ParOldGen       total 75776K, used 39548K [0x00000000c2a00000, 0x00000000c7400000, 0x00000000eb900000)
  object space 75776K, 52% used [0x00000000c2a00000,0x00000000c509f3d0,0x00000000c7400000)
 Metaspace       used 22210K, capacity 22634K, committed 22704K, reserved 1069056K
  class space    used 2408K, capacity 2545K, committed 2560K, reserved 1048576K
}
Event: 25.176 GC heap before
{Heap before GC invocations=16 (full 2):
 PSYoungGen      total 166912K, used 154495K [0x00000000eb900000, 0x00000000f8900000, 0x0000000100000000)
  eden space 150016K, 100% used [0x00000000eb900000,0x00000000f4b80000,0x00000000f4b80000)
  from space 16896K, 26% used [0x00000000f4b80000,0x00000000f4fdfea8,0x00000000f5c00000)
  to   space 16384K, 0% used [0x00000000f7900000,0x00000000f7900000,0x00000000f8900000)
 ParOldGen       total 75776K, used 39548K [0x00000000c2a00000, 0x00000000c7400000, 0x00000000eb900000)
  object space 75776K, 52% used [0x00000000c2a00000,0x00000000c509f3d0,0x00000000c7400000)
 Metaspace       used 22267K, capacity 22698K, committed 22960K, reserved 1069056K
  class space    used 2408K, capacity 2545K, committed 2560K, reserved 1048576K
Event: 25.194 GC heap after
Heap after GC invocations=16 (full 2):
 PSYoungGen      total 187392K, used 5056K [0x00000000eb900000, 0x00000000f8400000, 0x0000000100000000)
  eden space 176128K, 0% used [0x00000000eb900000,0x00000000eb900000,0x00000000f6500000)
  from space 11264K, 44% used [0x00000000f7900000,0x00000000f7df0010,0x00000000f8400000)
  to   space 15872K, 0% used [0x00000000f6500000,0x00000000f6500000,0x00000000f7480000)
 ParOldGen       total 75776K, used 39556K [0x00000000c2a00000, 0x00000000c7400000, 0x00000000eb900000)
  object space 75776K, 52% used [0x00000000c2a00000,0x00000000c50a13d0,0x00000000c7400000)
 Metaspace       used 22267K, capacity 22698K, committed 22960K, reserved 1069056K
  class space    used 2408K, capacity 2545K, committed 2560K, reserved 1048576K
}
Event: 35.358 GC heap before
{Heap before GC invocations=17 (full 2):
 PSYoungGen      total 187392K, used 181184K [0x00000000eb900000, 0x00000000f8400000, 0x0000000100000000)
  eden space 176128K, 100% used [0x00000000eb900000,0x00000000f6500000,0x00000000f6500000)
  from space 11264K, 44% used [0x00000000f7900000,0x00000000f7df0010,0x00000000f8400000)
  to   space 15872K, 0% used [0x00000000f6500000,0x00000000f6500000,0x00000000f7480000)
 ParOldGen       total 75776K, used 39556K [0x00000000c2a00000, 0x00000000c7400000, 0x00000000eb900000)
  object space 75776K, 52% used [0x00000000c2a00000,0x00000000c50a13d0,0x00000000c7400000)
 Metaspace       used 26533K, capacity 27252K, committed 27520K, reserved 1073152K
  class space    used 3145K, capacity 3358K, committed 3456K, reserved 1048576K
Event: 35.597 GC heap after
Heap after GC invocations=17 (full 2):
 PSYoungGen      total 192000K, used 15840K [0x00000000eb900000, 0x00000000fab80000, 0x0000000100000000)
  eden space 176128K, 0% used [0x00000000eb900000,0x00000000eb900000,0x00000000f6500000)
  from space 15872K, 99% used [0x00000000f6500000,0x00000000f7478010,0x00000000f7480000)
  to   space 20480K, 0% used [0x00000000f9780000,0x00000000f9780000,0x00000000fab80000)
 ParOldGen       total 75776K, used 45019K [0x00000000c2a00000, 0x00000000c7400000, 0x00000000eb900000)
  object space 75776K, 59% used [0x00000000c2a00000,0x00000000c55f6ef0,0x00000000c7400000)
 Metaspace       used 26533K, capacity 27252K, committed 27520K, reserved 1073152K
  class space    used 3145K, capacity 3358K, committed 3456K, reserved 1048576K
}
Event: 42.038 GC heap before
{Heap before GC invocations=18 (full 2):
 PSYoungGen      total 192000K, used 191968K [0x00000000eb900000, 0x00000000fab80000, 0x0000000100000000)
  eden space 176128K, 100% used [0x00000000eb900000,0x00000000f6500000,0x00000000f6500000)
  from space 15872K, 99% used [0x00000000f6500000,0x00000000f7478010,0x00000000f7480000)
  to   space 20480K, 0% used [0x00000000f9780000,0x00000000f9780000,0x00000000fab80000)
 ParOldGen       total 75776K, used 45019K [0x00000000c2a00000, 0x00000000c7400000, 0x00000000eb900000)
  object space 75776K, 59% used [0x00000000c2a00000,0x00000000c55f6ef0,0x00000000c7400000)
 Metaspace       used 26616K, capacity 27398K, committed 27776K, reserved 1073152K
  class space    used 3147K, capacity 3361K, committed 3456K, reserved 1048576K
Event: 42.244 GC heap after
Heap after GC invocations=18 (full 2):
 PSYoungGen      total 222208K, used 20480K [0x00000000eb900000, 0x00000000fb880000, 0x0000000100000000)
  eden space 201728K, 0% used [0x00000000eb900000,0x00000000eb900000,0x00000000f7e00000)
  from space 20480K, 100% used [0x00000000f9780000,0x00000000fab80000,0x00000000fab80000)
  to   space 26112K, 0% used [0x00000000f7e00000,0x00000000f7e00000,0x00000000f9780000)
 ParOldGen       total 75776K, used 51237K [0x00000000c2a00000, 0x00000000c7400000, 0x00000000eb900000)
  object space 75776K, 67% used [0x00000000c2a00000,0x00000000c5c09570,0x00000000c7400000)
 Metaspace       used 26616K, capacity 27398K, committed 27776K, reserved 1073152K
  class space    used 3147K, capacity 3361K, committed 3456K, reserved 1048576K
}
Event: 46.028 GC heap before
{Heap before GC invocations=19 (full 2):
 PSYoungGen      total 222208K, used 222208K [0x00000000eb900000, 0x00000000fb880000, 0x0000000100000000)
  eden space 201728K, 100% used [0x00000000eb900000,0x00000000f7e00000,0x00000000f7e00000)
  from space 20480K, 100% used [0x00000000f9780000,0x00000000fab80000,0x00000000fab80000)
  to   space 26112K, 0% used [0x00000000f7e00000,0x00000000f7e00000,0x00000000f9780000)
 ParOldGen       total 75776K, used 51237K [0x00000000c2a00000, 0x00000000c7400000, 0x00000000eb900000)
  object space 75776K, 67% used [0x00000000c2a00000,0x00000000c5c09570,0x00000000c7400000)
 Metaspace       used 26858K, capacity 27602K, committed 27776K, reserved 1073152K
  class space    used 3154K, capacity 3363K, committed 3456K, reserved 1048576K
Event: 46.194 GC heap after
Heap after GC invocations=19 (full 2):
 PSYoungGen      total 227840K, used 14157K [0x00000000eb900000, 0x00000000fdb00000, 0x0000000100000000)
  eden space 201728K, 0% used [0x00000000eb900000,0x00000000eb900000,0x00000000f7e00000)
  from space 26112K, 54% used [0x00000000f7e00000,0x00000000f8bd3718,0x00000000f9780000)
  to   space 26112K, 0% used [0x00000000fc180000,0x00000000fc180000,0x00000000fdb00000)
 ParOldGen       total 75776K, used 68611K [0x00000000c2a00000, 0x00000000c7400000, 0x00000000eb900000)
  object space 75776K, 90% used [0x00000000c2a00000,0x00000000c6d00ec0,0x00000000c7400000)
 Metaspace       used 26858K, capacity 27602K, committed 27776K, reserved 1073152K
  class space    used 3154K, capacity 3363K, committed 3456K, reserved 1048576K
}
Event: 46.194 GC heap before
{Heap before GC invocations=20 (full 3):
 PSYoungGen      total 227840K, used 14157K [0x00000000eb900000, 0x00000000fdb00000, 0x0000000100000000)
  eden space 201728K, 0% used [0x00000000eb900000,0x00000000eb900000,0x00000000f7e00000)
  from space 26112K, 54% used [0x00000000f7e00000,0x00000000f8bd3718,0x00000000f9780000)
  to   space 26112K, 0% used [0x00000000fc180000,0x00000000fc180000,0x00000000fdb00000)
 ParOldGen       total 75776K, used 68611K [0x00000000c2a00000, 0x00000000c7400000, 0x00000000eb900000)
  object space 75776K, 90% used [0x00000000c2a00000,0x00000000c6d00ec0,0x00000000c7400000)
 Metaspace       used 26858K, capacity 27602K, committed 27776K, reserved 1073152K
  class space    used 3154K, capacity 3363K, committed 3456K, reserved 1048576K

