# JRE version: Java(TM) SE Runtime Environment (8.0_201-b09) (build 1.8.0_201-b09)
# Java VM: Java HotSpot(TM) 64-Bit Server VM (25.201-b09 mixed mode linux-amd64 compressed oops)
Heap:
 PSYoungGen      total 247808K, used 7648K [0x00000000eb900000, 0x00000000fb280000, 0x0000000100000000)
  eden space 240128K, 0% used [0x00000000eb900000,0x00000000eb900000,0x00000000fa380000)
  from space 7680K, 99% used [0x00000000fa380000,0x00000000faaf8020,0x00000000fab00000)
  to   space 7680K, 0% used [0x00000000fab00000,0x00000000fab00000,0x00000000fb280000)
 ParOldGen       total 42496K, used 33838K [0x00000000c2a00000, 0x00000000c5380000, 0x00000000eb900000)
  object space 42496K, 79% used [0x00000000c2a00000,0x00000000c4b0ba78,0x00000000c5380000)
 Metaspace       used 14770K, capacity 15265K, committed 15360K, reserved 1062912K
  class space    used 1602K, capacity 1720K, committed 1792K, reserved 1048576K
GC Heap History (10 events):
Event: 68.860 GC heap after
Heap after GC invocations=11 (full 1):
 PSYoungGen      total 99840K, used 5664K [0x00000000eb900000, 0x00000000f3700000, 0x0000000100000000)
  eden space 93696K, 0% used [0x00000000eb900000,0x00000000eb900000,0x00000000f1480000)
  from space 6144K, 92% used [0x00000000f3100000,0x00000000f3688070,0x00000000f3700000)
  to   space 6656K, 0% used [0x00000000f2a00000,0x00000000f2a00000,0x00000000f3080000)
 ParOldGen       total 42496K, used 10298K [0x00000000c2a00000, 0x00000000c5380000, 0x00000000eb900000)
  object space 42496K, 24% used [0x00000000c2a00000,0x00000000c340e860,0x00000000c5380000)
 Metaspace       used 13855K, capacity 14258K, committed 14592K, reserved 1062912K
  class space    used 1586K, capacity 1705K, committed 1792K, reserved 1048576K
}
Event: 69.643 GC heap before
{Heap before GC invocations=12 (full 1):
 PSYoungGen      total 99840K, used 99360K [0x00000000eb900000, 0x00000000f3700000, 0x0000000100000000)
  eden space 93696K, 100% used [0x00000000eb900000,0x00000000f1480000,0x00000000f1480000)
  from space 6144K, 92% used [0x00000000f3100000,0x00000000f3688070,0x00000000f3700000)
  to   space 6656K, 0% used [0x00000000f2a00000,0x00000000f2a00000,0x00000000f3080000)
 ParOldGen       total 42496K, used 10298K [0x00000000c2a00000, 0x00000000c5380000, 0x00000000eb900000)
  object space 42496K, 24% used [0x00000000c2a00000,0x00000000c340e860,0x00000000c5380000)
 Metaspace       used 13889K, capacity 14258K, committed 14592K, reserved 1062912K
  class space    used 1586K, capacity 1705K, committed 1792K, reserved 1048576K
Event: 69.663 GC heap after
Heap after GC invocations=12 (full 1):
 PSYoungGen      total 122368K, used 5600K [0x00000000eb900000, 0x00000000f5980000, 0x0000000100000000)
  eden space 115712K, 0% used [0x00000000eb900000,0x00000000eb900000,0x00000000f2a00000)
  from space 6656K, 84% used [0x00000000f2a00000,0x00000000f2f781d0,0x00000000f3080000)
  to   space 7168K, 0% used [0x00000000f5280000,0x00000000f5280000,0x00000000f5980000)
 ParOldGen       total 42496K, used 14525K [0x00000000c2a00000, 0x00000000c5380000, 0x00000000eb900000)
  object space 42496K, 34% used [0x00000000c2a00000,0x00000000c382f660,0x00000000c5380000)
 Metaspace       used 13889K, capacity 14258K, committed 14592K, reserved 1062912K
  class space    used 1586K, capacity 1705K, committed 1792K, reserved 1048576K
}
Event: 70.284 GC heap before
{Heap before GC invocations=13 (full 1):
 PSYoungGen      total 122368K, used 121312K [0x00000000eb900000, 0x00000000f5980000, 0x0000000100000000)
  eden space 115712K, 100% used [0x00000000eb900000,0x00000000f2a00000,0x00000000f2a00000)
  from space 6656K, 84% used [0x00000000f2a00000,0x00000000f2f781d0,0x00000000f3080000)
  to   space 7168K, 0% used [0x00000000f5280000,0x00000000f5280000,0x00000000f5980000)
 ParOldGen       total 42496K, used 14525K [0x00000000c2a00000, 0x00000000c5380000, 0x00000000eb900000)
  object space 42496K, 34% used [0x00000000c2a00000,0x00000000c382f660,0x00000000c5380000)
 Metaspace       used 13916K, capacity 14322K, committed 14592K, reserved 1062912K
  class space    used 1586K, capacity 1705K, committed 1792K, reserved 1048576K
Event: 70.297 GC heap after
Heap after GC invocations=13 (full 1):
 PSYoungGen      total 157184K, used 2680K [0x00000000eb900000, 0x00000000f7c00000, 0x0000000100000000)
  eden space 150016K, 0% used [0x00000000eb900000,0x00000000eb900000,0x00000000f4b80000)
  from space 7168K, 37% used [0x00000000f5280000,0x00000000f551e1a8,0x00000000f5980000)
  to   space 7168K, 0% used [0x00000000f4b80000,0x00000000f4b80000,0x00000000f5280000)
 ParOldGen       total 42496K, used 19985K [0x00000000c2a00000, 0x00000000c5380000, 0x00000000eb900000)
  object space 42496K, 47% used [0x00000000c2a00000,0x00000000c3d84758,0x00000000c5380000)
 Metaspace       used 13916K, capacity 14322K, committed 14592K, reserved 1062912K
  class space    used 1586K, capacity 1705K, committed 1792K, reserved 1048576K
}
Event: 70.962 GC heap before
{Heap before GC invocations=14 (full 1):
 PSYoungGen      total 157184K, used 152696K [0x00000000eb900000, 0x00000000f7c00000, 0x0000000100000000)
  eden space 150016K, 100% used [0x00000000eb900000,0x00000000f4b80000,0x00000000f4b80000)
  from space 7168K, 37% used [0x00000000f5280000,0x00000000f551e1a8,0x00000000f5980000)
  to   space 7168K, 0% used [0x00000000f4b80000,0x00000000f4b80000,0x00000000f5280000)
 ParOldGen       total 42496K, used 19985K [0x00000000c2a00000, 0x00000000c5380000, 0x00000000eb900000)
  object space 42496K, 47% used [0x00000000c2a00000,0x00000000c3d84758,0x00000000c5380000)
 Metaspace       used 13955K, capacity 14322K, committed 14592K, reserved 1062912K
  class space    used 1586K, capacity 1705K, committed 1792K, reserved 1048576K
Event: 70.981 GC heap after
Heap after GC invocations=14 (full 1):
 PSYoungGen      total 157184K, used 5680K [0x00000000eb900000, 0x00000000fb280000, 0x0000000100000000)
  eden space 150016K, 0% used [0x00000000eb900000,0x00000000eb900000,0x00000000f4b80000)
  from space 7168K, 79% used [0x00000000f4b80000,0x00000000f510c130,0x00000000f5280000)
  to   space 7680K, 0% used [0x00000000fab00000,0x00000000fab00000,0x00000000fb280000)
 ParOldGen       total 42496K, used 22439K [0x00000000c2a00000, 0x00000000c5380000, 0x00000000eb900000)
  object space 42496K, 52% used [0x00000000c2a00000,0x00000000c3fe9ca0,0x00000000c5380000)
 Metaspace       used 13955K, capacity 14322K, committed 14592K, reserved 1062912K
  class space    used 1586K, capacity 1705K, committed 1792K, reserved 1048576K
}
Event: 71.404 GC heap before
{Heap before GC invocations=15 (full 1):
 PSYoungGen      total 157184K, used 155696K [0x00000000eb900000, 0x00000000fb280000, 0x0000000100000000)
  eden space 150016K, 100% used [0x00000000eb900000,0x00000000f4b80000,0x00000000f4b80000)
  from space 7168K, 79% used [0x00000000f4b80000,0x00000000f510c130,0x00000000f5280000)
  to   space 7680K, 0% used [0x00000000fab00000,0x00000000fab00000,0x00000000fb280000)
 ParOldGen       total 42496K, used 22439K [0x00000000c2a00000, 0x00000000c5380000, 0x00000000eb900000)
  object space 42496K, 52% used [0x00000000c2a00000,0x00000000c3fe9ca0,0x00000000c5380000)
 Metaspace       used 13956K, capacity 14322K, committed 14592K, reserved 1062912K
  class space    used 1586K, capacity 1705K, committed 1792K, reserved 1048576K
Event: 71.426 GC heap after
Heap after GC invocations=15 (full 1):
 PSYoungGen      total 247808K, used 832K [0x00000000eb900000, 0x00000000fb280000, 0x0000000100000000)
  eden space 240128K, 0% used [0x00000000eb900000,0x00000000eb900000,0x00000000fa380000)
  from space 7680K, 10% used [0x00000000fab00000,0x00000000fabd0000,0x00000000fb280000)
  to   space 7680K, 0% used [0x00000000fa380000,0x00000000fa380000,0x00000000fab00000)
 ParOldGen       total 42496K, used 28100K [0x00000000c2a00000, 0x00000000c5380000, 0x00000000eb900000)
  object space 42496K, 66% used [0x00000000c2a00000,0x00000000c45710b0,0x00000000c5380000)
 Metaspace       used 13956K, capacity 14322K, committed 14592K, reserved 1062912K
  class space    used 1586K, capacity 1705K, committed 1792K, reserved 1048576K
}
Event: 73.382 GC heap before
{Heap before GC invocations=16 (full 1):
 PSYoungGen      total 247808K, used 240960K [0x00000000eb900000, 0x00000000fb280000, 0x0000000100000000)
  eden space 240128K, 100% used [0x00000000eb900000,0x00000000fa380000,0x00000000fa380000)
  from space 7680K, 10% used [0x00000000fab00000,0x00000000fabd0000,0x00000000fb280000)
  to   space 7680K, 0% used [0x00000000fa380000,0x00000000fa380000,0x00000000fab00000)
 ParOldGen       total 42496K, used 28100K [0x00000000c2a00000, 0x00000000c5380000, 0x00000000eb900000)
  object space 42496K, 66% used [0x00000000c2a00000,0x00000000c45710b0,0x00000000c5380000)
 Metaspace       used 14770K, capacity 15265K, committed 15360K, reserved 1062912K
  class space    used 1602K, capacity 1720K, committed 1792K, reserved 1048576K

