# JRE version: Java(TM) SE Runtime Environment (8.0_201-b09) (build 1.8.0_201-b09)
# Java VM: Java HotSpot(TM) 64-Bit Server VM (25.201-b09 mixed mode linux-amd64 compressed oops)
Heap:
 PSYoungGen      total 63488K, used 6144K [0x00000000eb900000, 0x00000000efe00000, 0x0000000100000000)
  eden space 57344K, 0% used [0x00000000eb900000,0x00000000eb900000,0x00000000ef100000)
  from space 6144K, 100% used [0x00000000ef100000,0x00000000ef700000,0x00000000ef700000)
  to   space 5120K, 0% used [0x00000000ef700000,0x00000000ef700000,0x00000000efc00000)
 ParOldGen       total 42496K, used 15229K [0x00000000c2a00000, 0x00000000c5380000, 0x00000000eb900000)
  object space 42496K, 35% used [0x00000000c2a00000,0x00000000c38df798,0x00000000c5380000)
 Metaspace       used 13895K, capacity 14246K, committed 14336K, reserved 1062912K
  class space    used 1586K, capacity 1703K, committed 1792K, reserved 1048576K
GC Heap History (10 events):
Event: 30.991 GC heap after
Heap after GC invocations=5 (full 1):
 PSYoungGen      total 18432K, used 2544K [0x00000000eb900000, 0x00000000edd00000, 0x0000000100000000)
  eden space 15872K, 0% used [0x00000000eb900000,0x00000000eb900000,0x00000000ec880000)
  from space 2560K, 99% used [0x00000000ecb00000,0x00000000ecd7c010,0x00000000ecd80000)
  to   space 2560K, 0% used [0x00000000ec880000,0x00000000ec880000,0x00000000ecb00000)
 ParOldGen       total 42496K, used 8368K [0x00000000c2a00000, 0x00000000c5380000, 0x00000000eb900000)
  object space 42496K, 19% used [0x00000000c2a00000,0x00000000c322c0d0,0x00000000c5380000)
 Metaspace       used 13685K, capacity 14118K, committed 14336K, reserved 1062912K
  class space    used 1586K, capacity 1703K, committed 1792K, reserved 1048576K
}
Event: 31.229 GC heap before
{Heap before GC invocations=6 (full 1):
 PSYoungGen      total 18432K, used 18416K [0x00000000eb900000, 0x00000000edd00000, 0x0000000100000000)
  eden space 15872K, 100% used [0x00000000eb900000,0x00000000ec880000,0x00000000ec880000)
  from space 2560K, 99% used [0x00000000ecb00000,0x00000000ecd7c010,0x00000000ecd80000)
  to   space 2560K, 0% used [0x00000000ec880000,0x00000000ec880000,0x00000000ecb00000)
 ParOldGen       total 42496K, used 8368K [0x00000000c2a00000, 0x00000000c5380000, 0x00000000eb900000)
  object space 42496K, 19% used [0x00000000c2a00000,0x00000000c322c0d0,0x00000000c5380000)
 Metaspace       used 13704K, capacity 14118K, committed 14336K, reserved 1062912K
  class space    used 1586K, capacity 1703K, committed 1792K, reserved 1048576K
Event: 31.297 GC heap after
Heap after GC invocations=6 (full 1):
 PSYoungGen      total 18432K, used 2528K [0x00000000eb900000, 0x00000000edd00000, 0x0000000100000000)
  eden space 15872K, 0% used [0x00000000eb900000,0x00000000eb900000,0x00000000ec880000)
  from space 2560K, 98% used [0x00000000ec880000,0x00000000ecaf8060,0x00000000ecb00000)
  to   space 2560K, 0% used [0x00000000eda80000,0x00000000eda80000,0x00000000edd00000)
 ParOldGen       total 42496K, used 9611K [0x00000000c2a00000, 0x00000000c5380000, 0x00000000eb900000)
  object space 42496K, 22% used [0x00000000c2a00000,0x00000000c3362de0,0x00000000c5380000)
 Metaspace       used 13704K, capacity 14118K, committed 14336K, reserved 1062912K
  class space    used 1586K, capacity 1703K, committed 1792K, reserved 1048576K
}
Event: 31.796 GC heap before
{Heap before GC invocations=7 (full 1):
 PSYoungGen      total 18432K, used 18400K [0x00000000eb900000, 0x00000000edd00000, 0x0000000100000000)
  eden space 15872K, 100% used [0x00000000eb900000,0x00000000ec880000,0x00000000ec880000)
  from space 2560K, 98% used [0x00000000ec880000,0x00000000ecaf8060,0x00000000ecb00000)
  to   space 2560K, 0% used [0x00000000eda80000,0x00000000eda80000,0x00000000edd00000)
 ParOldGen       total 42496K, used 9611K [0x00000000c2a00000, 0x00000000c5380000, 0x00000000eb900000)
  object space 42496K, 22% used [0x00000000c2a00000,0x00000000c3362de0,0x00000000c5380000)
 Metaspace       used 13751K, capacity 14118K, committed 14336K, reserved 1062912K
  class space    used 1586K, capacity 1703K, committed 1792K, reserved 1048576K
Event: 31.812 GC heap after
Heap after GC invocations=7 (full 1):
 PSYoungGen      total 31744K, used 2544K [0x00000000eb900000, 0x00000000ee200000, 0x0000000100000000)
  eden space 29184K, 0% used [0x00000000eb900000,0x00000000eb900000,0x00000000ed580000)
  from space 2560K, 99% used [0x00000000eda80000,0x00000000edcfc060,0x00000000edd00000)
  to   space 5120K, 0% used [0x00000000ed580000,0x00000000ed580000,0x00000000eda80000)
 ParOldGen       total 42496K, used 10475K [0x00000000c2a00000, 0x00000000c5380000, 0x00000000eb900000)
  object space 42496K, 24% used [0x00000000c2a00000,0x00000000c343af40,0x00000000c5380000)
 Metaspace       used 13751K, capacity 14118K, committed 14336K, reserved 1062912K
  class space    used 1586K, capacity 1703K, committed 1792K, reserved 1048576K
}
Event: 32.582 GC heap before
{Heap before GC invocations=8 (full 1):
 PSYoungGen      total 31744K, used 31728K [0x00000000eb900000, 0x00000000ee200000, 0x0000000100000000)
  eden space 29184K, 100% used [0x00000000eb900000,0x00000000ed580000,0x00000000ed580000)
  from space 2560K, 99% used [0x00000000eda80000,0x00000000edcfc060,0x00000000edd00000)
  to   space 5120K, 0% used [0x00000000ed580000,0x00000000ed580000,0x00000000eda80000)
 ParOldGen       total 42496K, used 10475K [0x00000000c2a00000, 0x00000000c5380000, 0x00000000eb900000)
  object space 42496K, 24% used [0x00000000c2a00000,0x00000000c343af40,0x00000000c5380000)
 Metaspace       used 13822K, capacity 14182K, committed 14336K, reserved 1062912K
  class space    used 1586K, capacity 1703K, committed 1792K, reserved 1048576K
Event: 32.602 GC heap after
Heap after GC invocations=8 (full 1):
 PSYoungGen      total 34304K, used 4608K [0x00000000eb900000, 0x00000000efc00000, 0x0000000100000000)
  eden space 29184K, 0% used [0x00000000eb900000,0x00000000eb900000,0x00000000ed580000)
  from space 5120K, 90% used [0x00000000ed580000,0x00000000eda000a0,0x00000000eda80000)
  to   space 5120K, 0% used [0x00000000ef700000,0x00000000ef700000,0x00000000efc00000)
 ParOldGen       total 42496K, used 10475K [0x00000000c2a00000, 0x00000000c5380000, 0x00000000eb900000)
  object space 42496K, 24% used [0x00000000c2a00000,0x00000000c343af40,0x00000000c5380000)
 Metaspace       used 13822K, capacity 14182K, committed 14336K, reserved 1062912K
  class space    used 1586K, capacity 1703K, committed 1792K, reserved 1048576K
}
Event: 33.372 GC heap before
{Heap before GC invocations=9 (full 1):
 PSYoungGen      total 34304K, used 33792K [0x00000000eb900000, 0x00000000efc00000, 0x0000000100000000)
  eden space 29184K, 100% used [0x00000000eb900000,0x00000000ed580000,0x00000000ed580000)
  from space 5120K, 90% used [0x00000000ed580000,0x00000000eda000a0,0x00000000eda80000)
  to   space 5120K, 0% used [0x00000000ef700000,0x00000000ef700000,0x00000000efc00000)
 ParOldGen       total 42496K, used 10475K [0x00000000c2a00000, 0x00000000c5380000, 0x00000000eb900000)
  object space 42496K, 24% used [0x00000000c2a00000,0x00000000c343af40,0x00000000c5380000)
 Metaspace       used 13864K, capacity 14246K, committed 14336K, reserved 1062912K
  class space    used 1586K, capacity 1703K, committed 1792K, reserved 1048576K
Event: 33.387 GC heap after
Heap after GC invocations=9 (full 1):
 PSYoungGen      total 62464K, used 5096K [0x00000000eb900000, 0x00000000efe00000, 0x0000000100000000)
  eden space 57344K, 0% used [0x00000000eb900000,0x00000000eb900000,0x00000000ef100000)
  from space 5120K, 99% used [0x00000000ef700000,0x00000000efbfa258,0x00000000efc00000)
  to   space 6144K, 0% used [0x00000000ef100000,0x00000000ef100000,0x00000000ef700000)
 ParOldGen       total 42496K, used 12051K [0x00000000c2a00000, 0x00000000c5380000, 0x00000000eb900000)
  object space 42496K, 28% used [0x00000000c2a00000,0x00000000c35c4f60,0x00000000c5380000)
 Metaspace       used 13864K, capacity 14246K, committed 14336K, reserved 1062912K
  class space    used 1586K, capacity 1703K, committed 1792K, reserved 1048576K
}
Event: 35.251 GC heap before
{Heap before GC invocations=10 (full 1):
 PSYoungGen      total 62464K, used 62440K [0x00000000eb900000, 0x00000000efe00000, 0x0000000100000000)
  eden space 57344K, 100% used [0x00000000eb900000,0x00000000ef100000,0x00000000ef100000)
  from space 5120K, 99% used [0x00000000ef700000,0x00000000efbfa258,0x00000000efc00000)
  to   space 6144K, 0% used [0x00000000ef100000,0x00000000ef100000,0x00000000ef700000)
 ParOldGen       total 42496K, used 12051K [0x00000000c2a00000, 0x00000000c5380000, 0x00000000eb900000)
  object space 42496K, 28% used [0x00000000c2a00000,0x00000000c35c4f60,0x00000000c5380000)
 Metaspace       used 13895K, capacity 14246K, committed 14336K, reserved 1062912K
  class space    used 1586K, capacity 1703K, committed 1792K, reserved 1048576K

