# JRE version: Java(TM) SE Runtime Environment (8.0_201-b09) (build 1.8.0_201-b09)
# Java VM: Java HotSpot(TM) 64-Bit Server VM (25.201-b09 mixed mode linux-amd64 compressed oops)
Heap:
 PSYoungGen      total 29184K, used 4550K [0x00000000eb900000, 0x00000000ede80000, 0x0000000100000000)
  eden space 27136K, 9% used [0x00000000eb900000,0x00000000ebb91a48,0x00000000ed380000)
  from space 2048K, 93% used [0x00000000edc80000,0x00000000ede60000,0x00000000ede80000)
  to   space 5120K, 0% used [0x00000000ed480000,0x00000000ed480000,0x00000000ed980000)
 ParOldGen       total 42496K, used 9889K [0x00000000c2a00000, 0x00000000c5380000, 0x00000000eb900000)
  object space 42496K, 23% used [0x00000000c2a00000,0x00000000c33a8428,0x00000000c5380000)
 Metaspace       used 14238K, capacity 14622K, committed 14848K, reserved 1062912K
  class space    used 1619K, capacity 1734K, committed 1792K, reserved 1048576K
GC Heap History (10 events):
Event: 32.621 GC heap before
{Heap before GC invocations=5 (full 1):
 PSYoungGen      total 18432K, used 18412K [0x00000000eb900000, 0x00000000ecd80000, 0x0000000100000000)
  eden space 15872K, 100% used [0x00000000eb900000,0x00000000ec880000,0x00000000ec880000)
  from space 2560K, 99% used [0x00000000ec880000,0x00000000ecafb030,0x00000000ecb00000)
  to   space 2560K, 0% used [0x00000000ecb00000,0x00000000ecb00000,0x00000000ecd80000)
 ParOldGen       total 42496K, used 5548K [0x00000000c2a00000, 0x00000000c5380000, 0x00000000eb900000)
  object space 42496K, 13% used [0x00000000c2a00000,0x00000000c2f6b360,0x00000000c5380000)
 Metaspace       used 13731K, capacity 14090K, committed 14336K, reserved 1062912K
  class space    used 1588K, capacity 1709K, committed 1792K, reserved 1048576K
Event: 32.636 GC heap after
Heap after GC invocations=5 (full 1):
 PSYoungGen      total 18432K, used 2556K [0x00000000eb900000, 0x00000000ecd80000, 0x0000000100000000)
  eden space 15872K, 0% used [0x00000000eb900000,0x00000000eb900000,0x00000000ec880000)
  from space 2560K, 99% used [0x00000000ecb00000,0x00000000ecd7f020,0x00000000ecd80000)
  to   space 2560K, 0% used [0x00000000ec880000,0x00000000ec880000,0x00000000ecb00000)
 ParOldGen       total 42496K, used 6164K [0x00000000c2a00000, 0x00000000c5380000, 0x00000000eb900000)
  object space 42496K, 14% used [0x00000000c2a00000,0x00000000c3005360,0x00000000c5380000)
 Metaspace       used 13731K, capacity 14090K, committed 14336K, reserved 1062912K
  class space    used 1588K, capacity 1709K, committed 1792K, reserved 1048576K
}
Event: 33.278 GC heap before
{Heap before GC invocations=6 (full 1):
 PSYoungGen      total 18432K, used 18428K [0x00000000eb900000, 0x00000000ecd80000, 0x0000000100000000)
  eden space 15872K, 100% used [0x00000000eb900000,0x00000000ec880000,0x00000000ec880000)
  from space 2560K, 99% used [0x00000000ecb00000,0x00000000ecd7f020,0x00000000ecd80000)
  to   space 2560K, 0% used [0x00000000ec880000,0x00000000ec880000,0x00000000ecb00000)
 ParOldGen       total 42496K, used 6164K [0x00000000c2a00000, 0x00000000c5380000, 0x00000000eb900000)
  object space 42496K, 14% used [0x00000000c2a00000,0x00000000c3005360,0x00000000c5380000)
 Metaspace       used 13773K, capacity 14218K, committed 14336K, reserved 1062912K
  class space    used 1588K, capacity 1709K, committed 1792K, reserved 1048576K
Event: 33.295 GC heap after
Heap after GC invocations=6 (full 1):
 PSYoungGen      total 18432K, used 2540K [0x00000000eb900000, 0x00000000edd00000, 0x0000000100000000)
  eden space 15872K, 0% used [0x00000000eb900000,0x00000000eb900000,0x00000000ec880000)
  from space 2560K, 99% used [0x00000000ec880000,0x00000000ecafb010,0x00000000ecb00000)
  to   space 2560K, 0% used [0x00000000eda80000,0x00000000eda80000,0x00000000edd00000)
 ParOldGen       total 42496K, used 6908K [0x00000000c2a00000, 0x00000000c5380000, 0x00000000eb900000)
  object space 42496K, 16% used [0x00000000c2a00000,0x00000000c30bf1d8,0x00000000c5380000)
 Metaspace       used 13773K, capacity 14218K, committed 14336K, reserved 1062912K
  class space    used 1588K, capacity 1709K, committed 1792K, reserved 1048576K
}
Event: 42.659 GC heap before
{Heap before GC invocations=7 (full 1):
 PSYoungGen      total 18432K, used 18412K [0x00000000eb900000, 0x00000000edd00000, 0x0000000100000000)
  eden space 15872K, 100% used [0x00000000eb900000,0x00000000ec880000,0x00000000ec880000)
  from space 2560K, 99% used [0x00000000ec880000,0x00000000ecafb010,0x00000000ecb00000)
  to   space 2560K, 0% used [0x00000000eda80000,0x00000000eda80000,0x00000000edd00000)
 ParOldGen       total 42496K, used 6908K [0x00000000c2a00000, 0x00000000c5380000, 0x00000000eb900000)
  object space 42496K, 16% used [0x00000000c2a00000,0x00000000c30bf1d8,0x00000000c5380000)
 Metaspace       used 14180K, capacity 14604K, committed 14848K, reserved 1062912K
  class space    used 1616K, capacity 1731K, committed 1792K, reserved 1048576K
Event: 42.679 GC heap after
Heap after GC invocations=7 (full 1):
 PSYoungGen      total 18432K, used 2540K [0x00000000eb900000, 0x00000000edd00000, 0x0000000100000000)
  eden space 15872K, 0% used [0x00000000eb900000,0x00000000eb900000,0x00000000ec880000)
  from space 2560K, 99% used [0x00000000eda80000,0x00000000edcfb010,0x00000000edd00000)
  to   space 4608K, 0% used [0x00000000ed400000,0x00000000ed400000,0x00000000ed880000)
 ParOldGen       total 42496K, used 8539K [0x00000000c2a00000, 0x00000000c5380000, 0x00000000eb900000)
  object space 42496K, 20% used [0x00000000c2a00000,0x00000000c3256ec0,0x00000000c5380000)
 Metaspace       used 14180K, capacity 14604K, committed 14848K, reserved 1062912K
  class space    used 1616K, capacity 1731K, committed 1792K, reserved 1048576K
}
Event: 55.353 GC heap before
{Heap before GC invocations=8 (full 1):
 PSYoungGen      total 18432K, used 18412K [0x00000000eb900000, 0x00000000edd00000, 0x0000000100000000)
  eden space 15872K, 100% used [0x00000000eb900000,0x00000000ec880000,0x00000000ec880000)
  from space 2560K, 99% used [0x00000000eda80000,0x00000000edcfb010,0x00000000edd00000)
  to   space 4608K, 0% used [0x00000000ed400000,0x00000000ed400000,0x00000000ed880000)
 ParOldGen       total 42496K, used 8539K [0x00000000c2a00000, 0x00000000c5380000, 0x00000000eb900000)
  object space 42496K, 20% used [0x00000000c2a00000,0x00000000c3256ec0,0x00000000c5380000)
 Metaspace       used 14192K, capacity 14604K, committed 14848K, reserved 1062912K
  class space    used 1616K, capacity 1731K, committed 1792K, reserved 1048576K
Event: 55.551 GC heap after
Heap after GC invocations=8 (full 1):
 PSYoungGen      total 32256K, used 3468K [0x00000000eb900000, 0x00000000ee100000, 0x0000000100000000)
  eden space 27648K, 0% used [0x00000000eb900000,0x00000000eb900000,0x00000000ed400000)
  from space 4608K, 75% used [0x00000000ed400000,0x00000000ed763010,0x00000000ed880000)
  to   space 4608K, 0% used [0x00000000edc80000,0x00000000edc80000,0x00000000ee100000)
 ParOldGen       total 42496K, used 8547K [0x00000000c2a00000, 0x00000000c5380000, 0x00000000eb900000)
  object space 42496K, 20% used [0x00000000c2a00000,0x00000000c3258ec0,0x00000000c5380000)
 Metaspace       used 14192K, capacity 14604K, committed 14848K, reserved 1062912K
  class space    used 1616K, capacity 1731K, committed 1792K, reserved 1048576K
}
Event: 74.755 GC heap before
{Heap before GC invocations=9 (full 1):
 PSYoungGen      total 32256K, used 31116K [0x00000000eb900000, 0x00000000ee100000, 0x0000000100000000)
  eden space 27648K, 100% used [0x00000000eb900000,0x00000000ed400000,0x00000000ed400000)
  from space 4608K, 75% used [0x00000000ed400000,0x00000000ed763010,0x00000000ed880000)
  to   space 4608K, 0% used [0x00000000edc80000,0x00000000edc80000,0x00000000ee100000)
 ParOldGen       total 42496K, used 8547K [0x00000000c2a00000, 0x00000000c5380000, 0x00000000eb900000)
  object space 42496K, 20% used [0x00000000c2a00000,0x00000000c3258ec0,0x00000000c5380000)
 Metaspace       used 14238K, capacity 14622K, committed 14848K, reserved 1062912K
  class space    used 1619K, capacity 1734K, committed 1792K, reserved 1048576K
Event: 74.767 GC heap after
Heap after GC invocations=9 (full 1):
 PSYoungGen      total 29184K, used 1920K [0x00000000eb900000, 0x00000000ede80000, 0x0000000100000000)
  eden space 27136K, 0% used [0x00000000eb900000,0x00000000eb900000,0x00000000ed380000)
  from space 2048K, 93% used [0x00000000edc80000,0x00000000ede60000,0x00000000ede80000)
  to   space 5120K, 0% used [0x00000000ed480000,0x00000000ed480000,0x00000000ed980000)
 ParOldGen       total 42496K, used 9889K [0x00000000c2a00000, 0x00000000c5380000, 0x00000000eb900000)
  object space 42496K, 23% used [0x00000000c2a00000,0x00000000c33a8428,0x00000000c5380000)
 Metaspace       used 14238K, capacity 14622K, committed 14848K, reserved 1062912K
  class space    used 1619K, capacity 1734K, committed 1792K, reserved 1048576K
}

