# JRE version: Java(TM) SE Runtime Environment (8.0_201-b09) (build 1.8.0_201-b09)
# Java VM: Java HotSpot(TM) 64-Bit Server VM (25.201-b09 mixed mode linux-amd64 compressed oops)
Heap:
 PSYoungGen      total 18432K, used 10948K [0x00000000eb900000, 0x00000000ed080000, 0x0000000100000000)
  eden space 13824K, 73% used [0x00000000eb900000,0x00000000ec2f9130,0x00000000ec680000)
  from space 4608K, 15% used [0x00000000ec680000,0x00000000ec738000,0x00000000ecb00000)
  to   space 5120K, 0% used [0x00000000ecb80000,0x00000000ecb80000,0x00000000ed080000)
 ParOldGen       total 42496K, used 7065K [0x00000000c2a00000, 0x00000000c5380000, 0x00000000eb900000)
  object space 42496K, 16% used [0x00000000c2a00000,0x00000000c30e67c8,0x00000000c5380000)
 Metaspace       used 14934K, capacity 15380K, committed 15488K, reserved 1062912K
  class space    used 1670K, capacity 1812K, committed 1920K, reserved 1048576K
GC Heap History (10 events):
Event: 30.975 GC heap before
{Heap before GC invocations=6 (full 1):
 PSYoungGen      total 18432K, used 18112K [0x00000000eb900000, 0x00000000ecd80000, 0x0000000100000000)
  eden space 15872K, 100% used [0x00000000eb900000,0x00000000ec880000,0x00000000ec880000)
  from space 2560K, 87% used [0x00000000ecb00000,0x00000000ecd30020,0x00000000ecd80000)
  to   space 2560K, 0% used [0x00000000ec880000,0x00000000ec880000,0x00000000ecb00000)
 ParOldGen       total 42496K, used 3425K [0x00000000c2a00000, 0x00000000c5380000, 0x00000000eb900000)
  object space 42496K, 8% used [0x00000000c2a00000,0x00000000c2d58590,0x00000000c5380000)
 Metaspace       used 14516K, capacity 15000K, committed 15232K, reserved 1062912K
  class space    used 1649K, capacity 1804K, committed 1920K, reserved 1048576K
Event: 30.998 GC heap after
Heap after GC invocations=6 (full 1):
 PSYoungGen      total 18432K, used 2544K [0x00000000eb900000, 0x00000000ecd80000, 0x0000000100000000)
  eden space 15872K, 0% used [0x00000000eb900000,0x00000000eb900000,0x00000000ec880000)
  from space 2560K, 99% used [0x00000000ec880000,0x00000000ecafc010,0x00000000ecb00000)
  to   space 2560K, 0% used [0x00000000ecb00000,0x00000000ecb00000,0x00000000ecd80000)
 ParOldGen       total 42496K, used 4399K [0x00000000c2a00000, 0x00000000c5380000, 0x00000000eb900000)
  object space 42496K, 10% used [0x00000000c2a00000,0x00000000c2e4be90,0x00000000c5380000)
 Metaspace       used 14516K, capacity 15000K, committed 15232K, reserved 1062912K
  class space    used 1649K, capacity 1804K, committed 1920K, reserved 1048576K
}
Event: 41.407 GC heap before
{Heap before GC invocations=7 (full 1):
 PSYoungGen      total 18432K, used 18416K [0x00000000eb900000, 0x00000000ecd80000, 0x0000000100000000)
  eden space 15872K, 100% used [0x00000000eb900000,0x00000000ec880000,0x00000000ec880000)
  from space 2560K, 99% used [0x00000000ec880000,0x00000000ecafc010,0x00000000ecb00000)
  to   space 2560K, 0% used [0x00000000ecb00000,0x00000000ecb00000,0x00000000ecd80000)
 ParOldGen       total 42496K, used 4399K [0x00000000c2a00000, 0x00000000c5380000, 0x00000000eb900000)
  object space 42496K, 10% used [0x00000000c2a00000,0x00000000c2e4be90,0x00000000c5380000)
 Metaspace       used 14806K, capacity 15298K, committed 15488K, reserved 1062912K
  class space    used 1668K, capacity 1809K, committed 1920K, reserved 1048576K
Event: 41.583 GC heap after
Heap after GC invocations=7 (full 1):
 PSYoungGen      total 16384K, used 2544K [0x00000000eb900000, 0x00000000ed180000, 0x0000000100000000)
  eden space 13824K, 0% used [0x00000000eb900000,0x00000000eb900000,0x00000000ec680000)
  from space 2560K, 99% used [0x00000000ecb00000,0x00000000ecd7c010,0x00000000ecd80000)
  to   space 4608K, 0% used [0x00000000ec680000,0x00000000ec680000,0x00000000ecb00000)
 ParOldGen       total 42496K, used 5213K [0x00000000c2a00000, 0x00000000c5380000, 0x00000000eb900000)
  object space 42496K, 12% used [0x00000000c2a00000,0x00000000c2f176a8,0x00000000c5380000)
 Metaspace       used 14806K, capacity 15298K, committed 15488K, reserved 1062912K
  class space    used 1668K, capacity 1809K, committed 1920K, reserved 1048576K
}
Event: 52.790 GC heap before
{Heap before GC invocations=8 (full 1):
 PSYoungGen      total 16384K, used 16368K [0x00000000eb900000, 0x00000000ed180000, 0x0000000100000000)
  eden space 13824K, 100% used [0x00000000eb900000,0x00000000ec680000,0x00000000ec680000)
  from space 2560K, 99% used [0x00000000ecb00000,0x00000000ecd7c010,0x00000000ecd80000)
  to   space 4608K, 0% used [0x00000000ec680000,0x00000000ec680000,0x00000000ecb00000)
 ParOldGen       total 42496K, used 5213K [0x00000000c2a00000, 0x00000000c5380000, 0x00000000eb900000)
  object space 42496K, 12% used [0x00000000c2a00000,0x00000000c2f176a8,0x00000000c5380000)
 Metaspace       used 14834K, capacity 15310K, committed 15488K, reserved 1062912K
  class space    used 1669K, capacity 1811K, committed 1920K, reserved 1048576K
Event: 52.793 GC heap after
Heap after GC invocations=8 (full 1):
 PSYoungGen      total 18432K, used 2512K [0x00000000eb900000, 0x00000000ecf80000, 0x0000000100000000)
  eden space 13824K, 0% used [0x00000000eb900000,0x00000000eb900000,0x00000000ec680000)
  from space 4608K, 54% used [0x00000000ec680000,0x00000000ec8f4010,0x00000000ecb00000)
  to   space 4608K, 0% used [0x00000000ecb00000,0x00000000ecb00000,0x00000000ecf80000)
 ParOldGen       total 42496K, used 5213K [0x00000000c2a00000, 0x00000000c5380000, 0x00000000eb900000)
  object space 42496K, 12% used [0x00000000c2a00000,0x00000000c2f176a8,0x00000000c5380000)
 Metaspace       used 14834K, capacity 15310K, committed 15488K, reserved 1062912K
  class space    used 1669K, capacity 1811K, committed 1920K, reserved 1048576K
}
Event: 58.932 GC heap before
{Heap before GC invocations=9 (full 1):
 PSYoungGen      total 18432K, used 16336K [0x00000000eb900000, 0x00000000ecf80000, 0x0000000100000000)
  eden space 13824K, 100% used [0x00000000eb900000,0x00000000ec680000,0x00000000ec680000)
  from space 4608K, 54% used [0x00000000ec680000,0x00000000ec8f4010,0x00000000ecb00000)
  to   space 4608K, 0% used [0x00000000ecb00000,0x00000000ecb00000,0x00000000ecf80000)
 ParOldGen       total 42496K, used 5213K [0x00000000c2a00000, 0x00000000c5380000, 0x00000000eb900000)
  object space 42496K, 12% used [0x00000000c2a00000,0x00000000c2f176a8,0x00000000c5380000)
 Metaspace       used 14840K, capacity 15310K, committed 15488K, reserved 1062912K
  class space    used 1669K, capacity 1811K, committed 1920K, reserved 1048576K
Event: 58.934 GC heap after
Heap after GC invocations=9 (full 1):
 PSYoungGen      total 18432K, used 1568K [0x00000000eb900000, 0x00000000ecf80000, 0x0000000100000000)
  eden space 13824K, 0% used [0x00000000eb900000,0x00000000eb900000,0x00000000ec680000)
  from space 4608K, 34% used [0x00000000ecb00000,0x00000000ecc88000,0x00000000ecf80000)
  to   space 4608K, 0% used [0x00000000ec680000,0x00000000ec680000,0x00000000ecb00000)
 ParOldGen       total 42496K, used 5989K [0x00000000c2a00000, 0x00000000c5380000, 0x00000000eb900000)
  object space 42496K, 14% used [0x00000000c2a00000,0x00000000c2fd9798,0x00000000c5380000)
 Metaspace       used 14840K, capacity 15310K, committed 15488K, reserved 1062912K
  class space    used 1669K, capacity 1811K, committed 1920K, reserved 1048576K
}
Event: 70.394 GC heap before
{Heap before GC invocations=10 (full 1):
 PSYoungGen      total 18432K, used 15392K [0x00000000eb900000, 0x00000000ecf80000, 0x0000000100000000)
  eden space 13824K, 100% used [0x00000000eb900000,0x00000000ec680000,0x00000000ec680000)
  from space 4608K, 34% used [0x00000000ecb00000,0x00000000ecc88000,0x00000000ecf80000)
  to   space 4608K, 0% used [0x00000000ec680000,0x00000000ec680000,0x00000000ecb00000)
 ParOldGen       total 42496K, used 5989K [0x00000000c2a00000, 0x00000000c5380000, 0x00000000eb900000)
  object space 42496K, 14% used [0x00000000c2a00000,0x00000000c2fd9798,0x00000000c5380000)
 Metaspace       used 14873K, capacity 15374K, committed 15488K, reserved 1062912K
  class space    used 1669K, capacity 1811K, committed 1920K, reserved 1048576K
Event: 70.397 GC heap after
Heap after GC invocations=10 (full 1):
 PSYoungGen      total 18432K, used 736K [0x00000000eb900000, 0x00000000ed080000, 0x0000000100000000)
  eden space 13824K, 0% used [0x00000000eb900000,0x00000000eb900000,0x00000000ec680000)
  from space 4608K, 15% used [0x00000000ec680000,0x00000000ec738000,0x00000000ecb00000)
  to   space 5120K, 0% used [0x00000000ecb80000,0x00000000ecb80000,0x00000000ed080000)
 ParOldGen       total 42496K, used 7065K [0x00000000c2a00000, 0x00000000c5380000, 0x00000000eb900000)
  object space 42496K, 16% used [0x00000000c2a00000,0x00000000c30e67c8,0x00000000c5380000)
 Metaspace       used 14873K, capacity 15374K, committed 15488K, reserved 1062912K
  class space    used 1669K, capacity 1811K, committed 1920K, reserved 1048576K
}

