# JRE version: Java(TM) SE Runtime Environment (8.0_201-b09) (build 1.8.0_201-b09)
# Java VM: Java HotSpot(TM) 64-Bit Server VM (25.201-b09 mixed mode linux-amd64 compressed oops)
Heap:
 PSYoungGen      total 289792K, used 163753K [0x00000000eb900000, 0x00000000ff100000, 0x0000000100000000)
  eden space 269824K, 53% used [0x00000000eb900000,0x00000000f456a540,0x00000000fc080000)
  from space 19968K, 100% used [0x00000000fd780000,0x00000000feb00000,0x00000000feb00000)
  to   space 23552K, 0% used [0x00000000fc080000,0x00000000fc080000,0x00000000fd780000)
 ParOldGen       total 56832K, used 25210K [0x00000000c2a00000, 0x00000000c6180000, 0x00000000eb900000)
  object space 56832K, 44% used [0x00000000c2a00000,0x00000000c429e948,0x00000000c6180000)
 Metaspace       used 27833K, capacity 28798K, committed 28928K, reserved 1075200K
  class space    used 3320K, capacity 3509K, committed 3584K, reserved 1048576K
GC Heap History (10 events):
Event: 16.740 GC heap before
{Heap before GC invocations=14 (full 2):
 PSYoungGen      total 163840K, used 163808K [0x00000000eb900000, 0x00000000f9900000, 0x0000000100000000)
  eden space 162304K, 100% used [0x00000000eb900000,0x00000000f5780000,0x00000000f5780000)
  from space 1536K, 97% used [0x00000000f7b80000,0x00000000f7cf8000,0x00000000f7d00000)
  to   space 15360K, 0% used [0x00000000f8a00000,0x00000000f8a00000,0x00000000f9900000)
 ParOldGen       total 56832K, used 24451K [0x00000000c2a00000, 0x00000000c6180000, 0x00000000eb900000)
  object space 56832K, 43% used [0x00000000c2a00000,0x00000000c41e0de8,0x00000000c6180000)
 Metaspace       used 21300K, capacity 21734K, committed 22016K, reserved 1069056K
  class space    used 2397K, capacity 2502K, committed 2560K, reserved 1048576K
Event: 16.770 GC heap after
Heap after GC invocations=14 (full 2):
 PSYoungGen      total 211968K, used 2336K [0x00000000eb900000, 0x00000000f9780000, 0x0000000100000000)
  eden space 198144K, 0% used [0x00000000eb900000,0x00000000eb900000,0x00000000f7a80000)
  from space 13824K, 16% used [0x00000000f8a00000,0x00000000f8c48000,0x00000000f9780000)
  to   space 14848K, 0% used [0x00000000f7a80000,0x00000000f7a80000,0x00000000f8900000)
 ParOldGen       total 56832K, used 24459K [0x00000000c2a00000, 0x00000000c6180000, 0x00000000eb900000)
  object space 56832K, 43% used [0x00000000c2a00000,0x00000000c41e2de8,0x00000000c6180000)
 Metaspace       used 21300K, capacity 21734K, committed 22016K, reserved 1069056K
  class space    used 2397K, capacity 2502K, committed 2560K, reserved 1048576K
}
Event: 30.443 GC heap before
{Heap before GC invocations=15 (full 2):
 PSYoungGen      total 211968K, used 200480K [0x00000000eb900000, 0x00000000f9780000, 0x0000000100000000)
  eden space 198144K, 100% used [0x00000000eb900000,0x00000000f7a80000,0x00000000f7a80000)
  from space 13824K, 16% used [0x00000000f8a00000,0x00000000f8c48000,0x00000000f9780000)
  to   space 14848K, 0% used [0x00000000f7a80000,0x00000000f7a80000,0x00000000f8900000)
 ParOldGen       total 56832K, used 24459K [0x00000000c2a00000, 0x00000000c6180000, 0x00000000eb900000)
  object space 56832K, 43% used [0x00000000c2a00000,0x00000000c41e2de8,0x00000000c6180000)
 Metaspace       used 26544K, capacity 27186K, committed 27264K, reserved 1073152K
  class space    used 3252K, capacity 3409K, committed 3456K, reserved 1048576K
Event: 30.471 GC heap after
Heap after GC invocations=15 (full 2):
 PSYoungGen      total 212992K, used 10747K [0x00000000eb900000, 0x00000000fbd80000, 0x0000000100000000)
  eden space 198144K, 0% used [0x00000000eb900000,0x00000000eb900000,0x00000000f7a80000)
  from space 14848K, 72% used [0x00000000f7a80000,0x00000000f84fecc0,0x00000000f8900000)
  to   space 15872K, 0% used [0x00000000fae00000,0x00000000fae00000,0x00000000fbd80000)
 ParOldGen       total 56832K, used 24467K [0x00000000c2a00000, 0x00000000c6180000, 0x00000000eb900000)
  object space 56832K, 43% used [0x00000000c2a00000,0x00000000c41e4de8,0x00000000c6180000)
 Metaspace       used 26544K, capacity 27186K, committed 27264K, reserved 1073152K
  class space    used 3252K, capacity 3409K, committed 3456K, reserved 1048576K
}
Event: 39.689 GC heap before
{Heap before GC invocations=16 (full 2):
 PSYoungGen      total 212992K, used 208891K [0x00000000eb900000, 0x00000000fbd80000, 0x0000000100000000)
  eden space 198144K, 100% used [0x00000000eb900000,0x00000000f7a80000,0x00000000f7a80000)
  from space 14848K, 72% used [0x00000000f7a80000,0x00000000f84fecc0,0x00000000f8900000)
  to   space 15872K, 0% used [0x00000000fae00000,0x00000000fae00000,0x00000000fbd80000)
 ParOldGen       total 56832K, used 24467K [0x00000000c2a00000, 0x00000000c6180000, 0x00000000eb900000)
  object space 56832K, 43% used [0x00000000c2a00000,0x00000000c41e4de8,0x00000000c6180000)
 Metaspace       used 27038K, capacity 27786K, committed 28032K, reserved 1073152K
  class space    used 3263K, capacity 3427K, committed 3456K, reserved 1048576K
Event: 39.793 GC heap after
Heap after GC invocations=16 (full 2):
 PSYoungGen      total 248832K, used 12289K [0x00000000eb900000, 0x00000000fbe80000, 0x0000000100000000)
  eden space 232960K, 0% used [0x00000000eb900000,0x00000000eb900000,0x00000000f9c80000)
  from space 15872K, 77% used [0x00000000fae00000,0x00000000fba00658,0x00000000fbd80000)
  to   space 17408K, 0% used [0x00000000f9c80000,0x00000000f9c80000,0x00000000fad80000)
 ParOldGen       total 56832K, used 24475K [0x00000000c2a00000, 0x00000000c6180000, 0x00000000eb900000)
  object space 56832K, 43% used [0x00000000c2a00000,0x00000000c41e6de8,0x00000000c6180000)
 Metaspace       used 27038K, capacity 27786K, committed 28032K, reserved 1073152K
  class space    used 3263K, capacity 3427K, committed 3456K, reserved 1048576K
}
Event: 46.033 GC heap before
{Heap before GC invocations=17 (full 2):
 PSYoungGen      total 248832K, used 245249K [0x00000000eb900000, 0x00000000fbe80000, 0x0000000100000000)
  eden space 232960K, 100% used [0x00000000eb900000,0x00000000f9c80000,0x00000000f9c80000)
  from space 15872K, 77% used [0x00000000fae00000,0x00000000fba00658,0x00000000fbd80000)
  to   space 17408K, 0% used [0x00000000f9c80000,0x00000000f9c80000,0x00000000fad80000)
 ParOldGen       total 56832K, used 24475K [0x00000000c2a00000, 0x00000000c6180000, 0x00000000eb900000)
  object space 56832K, 43% used [0x00000000c2a00000,0x00000000c41e6de8,0x00000000c6180000)
 Metaspace       used 27498K, capacity 28374K, committed 28672K, reserved 1075200K
  class space    used 3295K, capacity 3465K, committed 3584K, reserved 1048576K
Event: 46.126 GC heap after
Heap after GC invocations=17 (full 2):
 PSYoungGen      total 250368K, used 17312K [0x00000000eb900000, 0x00000000feb00000, 0x0000000100000000)
  eden space 232960K, 0% used [0x00000000eb900000,0x00000000eb900000,0x00000000f9c80000)
  from space 17408K, 99% used [0x00000000f9c80000,0x00000000fad68000,0x00000000fad80000)
  to   space 19968K, 0% used [0x00000000fd780000,0x00000000fd780000,0x00000000feb00000)
 ParOldGen       total 56832K, used 24483K [0x00000000c2a00000, 0x00000000c6180000, 0x00000000eb900000)
  object space 56832K, 43% used [0x00000000c2a00000,0x00000000c41e8de8,0x00000000c6180000)
 Metaspace       used 27498K, capacity 28374K, committed 28672K, reserved 1075200K
  class space    used 3295K, capacity 3465K, committed 3584K, reserved 1048576K
}
Event: 51.923 GC heap before
{Heap before GC invocations=18 (full 2):
 PSYoungGen      total 250368K, used 250272K [0x00000000eb900000, 0x00000000feb00000, 0x0000000100000000)
  eden space 232960K, 100% used [0x00000000eb900000,0x00000000f9c80000,0x00000000f9c80000)
  from space 17408K, 99% used [0x00000000f9c80000,0x00000000fad68000,0x00000000fad80000)
  to   space 19968K, 0% used [0x00000000fd780000,0x00000000fd780000,0x00000000feb00000)
 ParOldGen       total 56832K, used 24483K [0x00000000c2a00000, 0x00000000c6180000, 0x00000000eb900000)
  object space 56832K, 43% used [0x00000000c2a00000,0x00000000c41e8de8,0x00000000c6180000)
 Metaspace       used 27739K, capacity 28646K, committed 28928K, reserved 1075200K
  class space    used 3318K, capacity 3505K, committed 3584K, reserved 1048576K
Event: 52.000 GC heap after
Heap after GC invocations=18 (full 2):
 PSYoungGen      total 289792K, used 19968K [0x00000000eb900000, 0x00000000ff100000, 0x0000000100000000)
  eden space 269824K, 0% used [0x00000000eb900000,0x00000000eb900000,0x00000000fc080000)
  from space 19968K, 100% used [0x00000000fd780000,0x00000000feb00000,0x00000000feb00000)
  to   space 23552K, 0% used [0x00000000fc080000,0x00000000fc080000,0x00000000fd780000)
 ParOldGen       total 56832K, used 25210K [0x00000000c2a00000, 0x00000000c6180000, 0x00000000eb900000)
  object space 56832K, 44% used [0x00000000c2a00000,0x00000000c429e948,0x00000000c6180000)
 Metaspace       used 27739K, capacity 28646K, committed 28928K, reserved 1075200K
  class space    used 3318K, capacity 3505K, committed 3584K, reserved 1048576K
}

