# JRE version: Java(TM) SE Runtime Environment (8.0_201-b09) (build 1.8.0_201-b09)
# Java VM: Java HotSpot(TM) 64-Bit Server VM (25.201-b09 mixed mode linux-amd64 compressed oops)
Heap:
 PSYoungGen      total 155648K, used 2432K [0x00000000eb900000, 0x00000000f7800000, 0x0000000100000000)
  eden space 150016K, 0% used [0x00000000eb900000,0x00000000eb900000,0x00000000f4b80000)
  from space 5632K, 43% used [0x00000000f4b80000,0x00000000f4de0000,0x00000000f5100000)
  to   space 5632K, 0% used [0x00000000f5100000,0x00000000f5100000,0x00000000f5680000)
 ParOldGen       total 42496K, used 19683K [0x00000000c2a00000, 0x00000000c5380000, 0x00000000eb900000)
  object space 42496K, 46% used [0x00000000c2a00000,0x00000000c3d38cf8,0x00000000c5380000)
 Metaspace       used 14221K, capacity 14646K, committed 14848K, reserved 1062912K
  class space    used 1611K, capacity 1744K, committed 1792K, reserved 1048576K
GC Heap History (10 events):
Event: 41.851 GC heap after
Heap after GC invocations=9 (full 1):
 PSYoungGen      total 62976K, used 4608K [0x00000000eb900000, 0x00000000efe00000, 0x0000000100000000)
  eden space 58368K, 0% used [0x00000000eb900000,0x00000000eb900000,0x00000000ef200000)
  from space 4608K, 100% used [0x00000000ef780000,0x00000000efc00000,0x00000000efc00000)
  to   space 5632K, 0% used [0x00000000ef200000,0x00000000ef200000,0x00000000ef780000)
 ParOldGen       total 42496K, used 7645K [0x00000000c2a00000, 0x00000000c5380000, 0x00000000eb900000)
  object space 42496K, 17% used [0x00000000c2a00000,0x00000000c31774d8,0x00000000c5380000)
 Metaspace       used 14125K, capacity 14582K, committed 14848K, reserved 1062912K
  class space    used 1611K, capacity 1744K, committed 1792K, reserved 1048576K
}
Event: 42.398 GC heap before
{Heap before GC invocations=10 (full 1):
 PSYoungGen      total 62976K, used 62976K [0x00000000eb900000, 0x00000000efe00000, 0x0000000100000000)
  eden space 58368K, 100% used [0x00000000eb900000,0x00000000ef200000,0x00000000ef200000)
  from space 4608K, 100% used [0x00000000ef780000,0x00000000efc00000,0x00000000efc00000)
  to   space 5632K, 0% used [0x00000000ef200000,0x00000000ef200000,0x00000000ef780000)
 ParOldGen       total 42496K, used 7645K [0x00000000c2a00000, 0x00000000c5380000, 0x00000000eb900000)
  object space 42496K, 17% used [0x00000000c2a00000,0x00000000c31774d8,0x00000000c5380000)
 Metaspace       used 14168K, capacity 14582K, committed 14848K, reserved 1062912K
  class space    used 1611K, capacity 1744K, committed 1792K, reserved 1048576K
Event: 42.408 GC heap after
Heap after GC invocations=10 (full 1):
 PSYoungGen      total 64000K, used 3968K [0x00000000eb900000, 0x00000000f3600000, 0x0000000100000000)
  eden space 58368K, 0% used [0x00000000eb900000,0x00000000eb900000,0x00000000ef200000)
  from space 5632K, 70% used [0x00000000ef200000,0x00000000ef5e0000,0x00000000ef780000)
  to   space 5632K, 0% used [0x00000000f3080000,0x00000000f3080000,0x00000000f3600000)
 ParOldGen       total 42496K, used 8877K [0x00000000c2a00000, 0x00000000c5380000, 0x00000000eb900000)
  object space 42496K, 20% used [0x00000000c2a00000,0x00000000c32ab4d8,0x00000000c5380000)
 Metaspace       used 14168K, capacity 14582K, committed 14848K, reserved 1062912K
  class space    used 1611K, capacity 1744K, committed 1792K, reserved 1048576K
}
Event: 42.861 GC heap before
{Heap before GC invocations=11 (full 1):
 PSYoungGen      total 64000K, used 62336K [0x00000000eb900000, 0x00000000f3600000, 0x0000000100000000)
  eden space 58368K, 100% used [0x00000000eb900000,0x00000000ef200000,0x00000000ef200000)
  from space 5632K, 70% used [0x00000000ef200000,0x00000000ef5e0000,0x00000000ef780000)
  to   space 5632K, 0% used [0x00000000f3080000,0x00000000f3080000,0x00000000f3600000)
 ParOldGen       total 42496K, used 8877K [0x00000000c2a00000, 0x00000000c5380000, 0x00000000eb900000)
  object space 42496K, 20% used [0x00000000c2a00000,0x00000000c32ab4d8,0x00000000c5380000)
 Metaspace       used 14185K, capacity 14646K, committed 14848K, reserved 1062912K
  class space    used 1611K, capacity 1744K, committed 1792K, reserved 1048576K
Event: 42.889 GC heap after
Heap after GC invocations=11 (full 1):
 PSYoungGen      total 97792K, used 4016K [0x00000000eb900000, 0x00000000f3480000, 0x0000000100000000)
  eden space 93696K, 0% used [0x00000000eb900000,0x00000000eb900000,0x00000000f1480000)
  from space 4096K, 98% used [0x00000000f3080000,0x00000000f346c0b0,0x00000000f3480000)
  to   space 5632K, 0% used [0x00000000f2980000,0x00000000f2980000,0x00000000f2f00000)
 ParOldGen       total 42496K, used 10829K [0x00000000c2a00000, 0x00000000c5380000, 0x00000000eb900000)
  object space 42496K, 25% used [0x00000000c2a00000,0x00000000c34934d8,0x00000000c5380000)
 Metaspace       used 14185K, capacity 14646K, committed 14848K, reserved 1062912K
  class space    used 1611K, capacity 1744K, committed 1792K, reserved 1048576K
}
Event: 43.427 GC heap before
{Heap before GC invocations=12 (full 1):
 PSYoungGen      total 97792K, used 97712K [0x00000000eb900000, 0x00000000f3480000, 0x0000000100000000)
  eden space 93696K, 100% used [0x00000000eb900000,0x00000000f1480000,0x00000000f1480000)
  from space 4096K, 98% used [0x00000000f3080000,0x00000000f346c0b0,0x00000000f3480000)
  to   space 5632K, 0% used [0x00000000f2980000,0x00000000f2980000,0x00000000f2f00000)
 ParOldGen       total 42496K, used 10829K [0x00000000c2a00000, 0x00000000c5380000, 0x00000000eb900000)
  object space 42496K, 25% used [0x00000000c2a00000,0x00000000c34934d8,0x00000000c5380000)
 Metaspace       used 14198K, capacity 14646K, committed 14848K, reserved 1062912K
  class space    used 1611K, capacity 1744K, committed 1792K, reserved 1048576K
Event: 43.439 GC heap after
Heap after GC invocations=12 (full 1):
 PSYoungGen      total 120832K, used 2592K [0x00000000eb900000, 0x00000000f5680000, 0x0000000100000000)
  eden space 115200K, 0% used [0x00000000eb900000,0x00000000eb900000,0x00000000f2980000)
  from space 5632K, 46% used [0x00000000f2980000,0x00000000f2c080a0,0x00000000f2f00000)
  to   space 5632K, 0% used [0x00000000f5100000,0x00000000f5100000,0x00000000f5680000)
 ParOldGen       total 42496K, used 12874K [0x00000000c2a00000, 0x00000000c5380000, 0x00000000eb900000)
  object space 42496K, 30% used [0x00000000c2a00000,0x00000000c3692a38,0x00000000c5380000)
 Metaspace       used 14198K, capacity 14646K, committed 14848K, reserved 1062912K
  class space    used 1611K, capacity 1744K, committed 1792K, reserved 1048576K
}
Event: 44.415 GC heap before
{Heap before GC invocations=13 (full 1):
 PSYoungGen      total 120832K, used 117792K [0x00000000eb900000, 0x00000000f5680000, 0x0000000100000000)
  eden space 115200K, 100% used [0x00000000eb900000,0x00000000f2980000,0x00000000f2980000)
  from space 5632K, 46% used [0x00000000f2980000,0x00000000f2c080a0,0x00000000f2f00000)
  to   space 5632K, 0% used [0x00000000f5100000,0x00000000f5100000,0x00000000f5680000)
 ParOldGen       total 42496K, used 12874K [0x00000000c2a00000, 0x00000000c5380000, 0x00000000eb900000)
  object space 42496K, 30% used [0x00000000c2a00000,0x00000000c3692a38,0x00000000c5380000)
 Metaspace       used 14216K, capacity 14646K, committed 14848K, reserved 1062912K
  class space    used 1611K, capacity 1744K, committed 1792K, reserved 1048576K
Event: 44.426 GC heap after
Heap after GC invocations=13 (full 1):
 PSYoungGen      total 155648K, used 4664K [0x00000000eb900000, 0x00000000f7800000, 0x0000000100000000)
  eden space 150016K, 0% used [0x00000000eb900000,0x00000000eb900000,0x00000000f4b80000)
  from space 5632K, 82% used [0x00000000f5100000,0x00000000f558e1c8,0x00000000f5680000)
  to   space 5632K, 0% used [0x00000000f4b80000,0x00000000f4b80000,0x00000000f5100000)
 ParOldGen       total 42496K, used 15246K [0x00000000c2a00000, 0x00000000c5380000, 0x00000000eb900000)
  object space 42496K, 35% used [0x00000000c2a00000,0x00000000c38e3a28,0x00000000c5380000)
 Metaspace       used 14216K, capacity 14646K, committed 14848K, reserved 1062912K
  class space    used 1611K, capacity 1744K, committed 1792K, reserved 1048576K
}
Event: 45.600 GC heap before
{Heap before GC invocations=14 (full 1):
 PSYoungGen      total 155648K, used 154680K [0x00000000eb900000, 0x00000000f7800000, 0x0000000100000000)
  eden space 150016K, 100% used [0x00000000eb900000,0x00000000f4b80000,0x00000000f4b80000)
  from space 5632K, 82% used [0x00000000f5100000,0x00000000f558e1c8,0x00000000f5680000)
  to   space 5632K, 0% used [0x00000000f4b80000,0x00000000f4b80000,0x00000000f5100000)
 ParOldGen       total 42496K, used 15246K [0x00000000c2a00000, 0x00000000c5380000, 0x00000000eb900000)
  object space 42496K, 35% used [0x00000000c2a00000,0x00000000c38e3a28,0x00000000c5380000)
 Metaspace       used 14221K, capacity 14646K, committed 14848K, reserved 1062912K
  class space    used 1611K, capacity 1744K, committed 1792K, reserved 1048576K

