# JRE version: Java(TM) SE Runtime Environment (8.0_201-b09) (build 1.8.0_201-b09)
# Java VM: Java HotSpot(TM) 64-Bit Server VM (25.201-b09 mixed mode linux-amd64 compressed oops)
Heap:
 PSYoungGen      total 289792K, used 209519K [0x00000000eb900000, 0x0000000100000000, 0x0000000100000000)
  eden space 254976K, 68% used [0x00000000eb900000,0x00000000f6443e10,0x00000000fb200000)
  from space 34816K, 98% used [0x00000000fde00000,0x00000000fff580a0,0x0000000100000000)
  to   space 39936K, 0% used [0x00000000fb200000,0x00000000fb200000,0x00000000fd900000)
 ParOldGen       total 49152K, used 37373K [0x00000000c2a00000, 0x00000000c5a00000, 0x00000000eb900000)
  object space 49152K, 76% used [0x00000000c2a00000,0x00000000c4e7f640,0x00000000c5a00000)
 Metaspace       used 21098K, capacity 21706K, committed 21888K, reserved 1069056K
  class space    used 2204K, capacity 2352K, committed 2432K, reserved 1048576K
GC Heap History (10 events):
Event: 69.691 GC heap before
{Heap before GC invocations=30 (full 2):
 PSYoungGen      total 292352K, used 291968K [0x00000000eb900000, 0x0000000100000000, 0x0000000100000000)
  eden space 273408K, 100% used [0x00000000eb900000,0x00000000fc400000,0x00000000fc400000)
  from space 18944K, 97% used [0x00000000fc400000,0x00000000fd620000,0x00000000fd680000)
  to   space 31232K, 0% used [0x00000000fe180000,0x00000000fe180000,0x0000000100000000)
 ParOldGen       total 49152K, used 37341K [0x00000000c2a00000, 0x00000000c5a00000, 0x00000000eb900000)
  object space 49152K, 75% used [0x00000000c2a00000,0x00000000c4e77640,0x00000000c5a00000)
 Metaspace       used 20817K, capacity 21378K, committed 21632K, reserved 1069056K
  class space    used 2199K, capacity 2350K, committed 2432K, reserved 1048576K
Event: 69.720 GC heap after
Heap after GC invocations=30 (full 2):
 PSYoungGen      total 301568K, used 19680K [0x00000000eb900000, 0x0000000100000000, 0x0000000100000000)
  eden space 270336K, 0% used [0x00000000eb900000,0x00000000eb900000,0x00000000fc100000)
  from space 31232K, 63% used [0x00000000fe180000,0x00000000ff4b8000,0x0000000100000000)
  to   space 32256K, 0% used [0x00000000fc100000,0x00000000fc100000,0x00000000fe080000)
 ParOldGen       total 49152K, used 37349K [0x00000000c2a00000, 0x00000000c5a00000, 0x00000000eb900000)
  object space 49152K, 75% used [0x00000000c2a00000,0x00000000c4e79640,0x00000000c5a00000)
 Metaspace       used 20817K, capacity 21378K, committed 21632K, reserved 1069056K
  class space    used 2199K, capacity 2350K, committed 2432K, reserved 1048576K
}
Event: 72.061 GC heap before
{Heap before GC invocations=31 (full 2):
 PSYoungGen      total 301568K, used 290016K [0x00000000eb900000, 0x0000000100000000, 0x0000000100000000)
  eden space 270336K, 100% used [0x00000000eb900000,0x00000000fc100000,0x00000000fc100000)
  from space 31232K, 63% used [0x00000000fe180000,0x00000000ff4b8000,0x0000000100000000)
  to   space 32256K, 0% used [0x00000000fc100000,0x00000000fc100000,0x00000000fe080000)
 ParOldGen       total 49152K, used 37349K [0x00000000c2a00000, 0x00000000c5a00000, 0x00000000eb900000)
  object space 49152K, 75% used [0x00000000c2a00000,0x00000000c4e79640,0x00000000c5a00000)
 Metaspace       used 20834K, capacity 21378K, committed 21632K, reserved 1069056K
  class space    used 2199K, capacity 2350K, committed 2432K, reserved 1048576K
Event: 72.135 GC heap after
Heap after GC invocations=31 (full 2):
 PSYoungGen      total 290816K, used 20304K [0x00000000eb900000, 0x0000000100000000, 0x0000000100000000)
  eden space 270336K, 0% used [0x00000000eb900000,0x00000000eb900000,0x00000000fc100000)
  from space 20480K, 99% used [0x00000000fc100000,0x00000000fd4d4010,0x00000000fd500000)
  to   space 32768K, 0% used [0x00000000fe000000,0x00000000fe000000,0x0000000100000000)
 ParOldGen       total 49152K, used 37357K [0x00000000c2a00000, 0x00000000c5a00000, 0x00000000eb900000)
  object space 49152K, 76% used [0x00000000c2a00000,0x00000000c4e7b640,0x00000000c5a00000)
 Metaspace       used 20834K, capacity 21378K, committed 21632K, reserved 1069056K
  class space    used 2199K, capacity 2350K, committed 2432K, reserved 1048576K
}
Event: 74.606 GC heap before
{Heap before GC invocations=32 (full 2):
 PSYoungGen      total 290816K, used 290640K [0x00000000eb900000, 0x0000000100000000, 0x0000000100000000)
  eden space 270336K, 100% used [0x00000000eb900000,0x00000000fc100000,0x00000000fc100000)
  from space 20480K, 99% used [0x00000000fc100000,0x00000000fd4d4010,0x00000000fd500000)
  to   space 32768K, 0% used [0x00000000fe000000,0x00000000fe000000,0x0000000100000000)
 ParOldGen       total 49152K, used 37357K [0x00000000c2a00000, 0x00000000c5a00000, 0x00000000eb900000)
  object space 49152K, 76% used [0x00000000c2a00000,0x00000000c4e7b640,0x00000000c5a00000)
 Metaspace       used 20839K, capacity 21442K, committed 21632K, reserved 1069056K
  class space    used 2199K, capacity 2350K, committed 2432K, reserved 1048576K
Event: 74.667 GC heap after
Heap after GC invocations=32 (full 2):
 PSYoungGen      total 297984K, used 23856K [0x00000000eb900000, 0x0000000100000000, 0x0000000100000000)
  eden space 265216K, 0% used [0x00000000eb900000,0x00000000eb900000,0x00000000fbc00000)
  from space 32768K, 72% used [0x00000000fe000000,0x00000000ff74c030,0x0000000100000000)
  to   space 34816K, 0% used [0x00000000fbc00000,0x00000000fbc00000,0x00000000fde00000)
 ParOldGen       total 49152K, used 37357K [0x00000000c2a00000, 0x00000000c5a00000, 0x00000000eb900000)
  object space 49152K, 76% used [0x00000000c2a00000,0x00000000c4e7b640,0x00000000c5a00000)
 Metaspace       used 20839K, capacity 21442K, committed 21632K, reserved 1069056K
  class space    used 2199K, capacity 2350K, committed 2432K, reserved 1048576K
}
Event: 77.061 GC heap before
{Heap before GC invocations=33 (full 2):
 PSYoungGen      total 297984K, used 289072K [0x00000000eb900000, 0x0000000100000000, 0x0000000100000000)
  eden space 265216K, 100% used [0x00000000eb900000,0x00000000fbc00000,0x00000000fbc00000)
  from space 32768K, 72% used [0x00000000fe000000,0x00000000ff74c030,0x0000000100000000)
  to   space 34816K, 0% used [0x00000000fbc00000,0x00000000fbc00000,0x00000000fde00000)
 ParOldGen       total 49152K, used 37357K [0x00000000c2a00000, 0x00000000c5a00000, 0x00000000eb900000)
  object space 49152K, 76% used [0x00000000c2a00000,0x00000000c4e7b640,0x00000000c5a00000)
 Metaspace       used 20843K, capacity 21442K, committed 21632K, reserved 1069056K
  class space    used 2199K, capacity 2350K, committed 2432K, reserved 1048576K
Event: 77.101 GC heap after
Heap after GC invocations=33 (full 2):
 PSYoungGen      total 300032K, used 21024K [0x00000000eb900000, 0x0000000100000000, 0x0000000100000000)
  eden space 265216K, 0% used [0x00000000eb900000,0x00000000eb900000,0x00000000fbc00000)
  from space 34816K, 60% used [0x00000000fbc00000,0x00000000fd088000,0x00000000fde00000)
  to   space 34816K, 0% used [0x00000000fde00000,0x00000000fde00000,0x0000000100000000)
 ParOldGen       total 49152K, used 37365K [0x00000000c2a00000, 0x00000000c5a00000, 0x00000000eb900000)
  object space 49152K, 76% used [0x00000000c2a00000,0x00000000c4e7d640,0x00000000c5a00000)
 Metaspace       used 20843K, capacity 21442K, committed 21632K, reserved 1069056K
  class space    used 2199K, capacity 2350K, committed 2432K, reserved 1048576K
}
Event: 82.958 GC heap before
{Heap before GC invocations=34 (full 2):
 PSYoungGen      total 300032K, used 286240K [0x00000000eb900000, 0x0000000100000000, 0x0000000100000000)
  eden space 265216K, 100% used [0x00000000eb900000,0x00000000fbc00000,0x00000000fbc00000)
  from space 34816K, 60% used [0x00000000fbc00000,0x00000000fd088000,0x00000000fde00000)
  to   space 34816K, 0% used [0x00000000fde00000,0x00000000fde00000,0x0000000100000000)
 ParOldGen       total 49152K, used 37365K [0x00000000c2a00000, 0x00000000c5a00000, 0x00000000eb900000)
  object space 49152K, 76% used [0x00000000c2a00000,0x00000000c4e7d640,0x00000000c5a00000)
 Metaspace       used 20994K, capacity 21514K, committed 21632K, reserved 1069056K
  class space    used 2204K, capacity 2352K, committed 2432K, reserved 1048576K
Event: 83.040 GC heap after
Heap after GC invocations=34 (full 2):
 PSYoungGen      total 289792K, used 34144K [0x00000000eb900000, 0x0000000100000000, 0x0000000100000000)
  eden space 254976K, 0% used [0x00000000eb900000,0x00000000eb900000,0x00000000fb200000)
  from space 34816K, 98% used [0x00000000fde00000,0x00000000fff580a0,0x0000000100000000)
  to   space 39936K, 0% used [0x00000000fb200000,0x00000000fb200000,0x00000000fd900000)
 ParOldGen       total 49152K, used 37373K [0x00000000c2a00000, 0x00000000c5a00000, 0x00000000eb900000)
  object space 49152K, 76% used [0x00000000c2a00000,0x00000000c4e7f640,0x00000000c5a00000)
 Metaspace       used 20994K, capacity 21514K, committed 21632K, reserved 1069056K
  class space    used 2204K, capacity 2352K, committed 2432K, reserved 1048576K
}

