# JRE version: Java(TM) SE Runtime Environment (8.0_201-b09) (build 1.8.0_201-b09)
# Java VM: Java HotSpot(TM) 64-Bit Server VM (25.201-b09 mixed mode linux-amd64 compressed oops)
Heap:
 PSYoungGen      total 129536K, used 84506K [0x00000000eb900000, 0x00000000f9d80000, 0x0000000100000000)
  eden space 124416K, 63% used [0x00000000eb900000,0x00000000f06b0020,0x00000000f3280000)
  from space 5120K, 96% used [0x00000000f9880000,0x00000000f9d56970,0x00000000f9d80000)
  to   space 15360K, 0% used [0x00000000f7f80000,0x00000000f7f80000,0x00000000f8e80000)
 ParOldGen       total 61952K, used 27512K [0x00000000c2a00000, 0x00000000c6680000, 0x00000000eb900000)
  object space 61952K, 44% used [0x00000000c2a00000,0x00000000c44de390,0x00000000c6680000)
 Metaspace       used 26765K, capacity 27384K, committed 27520K, reserved 1073152K
  class space    used 3266K, capacity 3432K, committed 3456K, reserved 1048576K
GC Heap History (10 events):
Event: 8.293 GC heap before
{Heap before GC invocations=8 (full 1):
 PSYoungGen      total 57344K, used 57312K [0x00000000eb900000, 0x00000000f0d00000, 0x0000000100000000)
  eden space 54784K, 100% used [0x00000000eb900000,0x00000000eee80000,0x00000000eee80000)
  from space 2560K, 98% used [0x00000000ef980000,0x00000000efbf8010,0x00000000efc00000)
  to   space 11264K, 0% used [0x00000000eee80000,0x00000000eee80000,0x00000000ef980000)
 ParOldGen       total 42496K, used 22308K [0x00000000c2a00000, 0x00000000c5380000, 0x00000000eb900000)
  object space 42496K, 52% used [0x00000000c2a00000,0x00000000c3fc90b8,0x00000000c5380000)
 Metaspace       used 18143K, capacity 18362K, committed 18688K, reserved 1064960K
  class space    used 2126K, capacity 2223K, committed 2304K, reserved 1048576K
Event: 8.314 GC heap after
Heap after GC invocations=8 (full 1):
 PSYoungGen      total 66048K, used 6272K [0x00000000eb900000, 0x00000000f3900000, 0x0000000100000000)
  eden space 54784K, 0% used [0x00000000eb900000,0x00000000eb900000,0x00000000eee80000)
  from space 11264K, 55% used [0x00000000eee80000,0x00000000ef4a0020,0x00000000ef980000)
  to   space 10752K, 0% used [0x00000000f2e80000,0x00000000f2e80000,0x00000000f3900000)
 ParOldGen       total 42496K, used 22316K [0x00000000c2a00000, 0x00000000c5380000, 0x00000000eb900000)
  object space 42496K, 52% used [0x00000000c2a00000,0x00000000c3fcb0b8,0x00000000c5380000)
 Metaspace       used 18143K, capacity 18362K, committed 18688K, reserved 1064960K
  class space    used 2126K, capacity 2223K, committed 2304K, reserved 1048576K
}
Event: 10.073 GC heap before
{Heap before GC invocations=9 (full 1):
 PSYoungGen      total 66048K, used 61056K [0x00000000eb900000, 0x00000000f3900000, 0x0000000100000000)
  eden space 54784K, 100% used [0x00000000eb900000,0x00000000eee80000,0x00000000eee80000)
  from space 11264K, 55% used [0x00000000eee80000,0x00000000ef4a0020,0x00000000ef980000)
  to   space 10752K, 0% used [0x00000000f2e80000,0x00000000f2e80000,0x00000000f3900000)
 ParOldGen       total 42496K, used 22316K [0x00000000c2a00000, 0x00000000c5380000, 0x00000000eb900000)
  object space 42496K, 52% used [0x00000000c2a00000,0x00000000c3fcb0b8,0x00000000c5380000)
 Metaspace       used 18706K, capacity 19066K, committed 19456K, reserved 1067008K
  class space    used 2155K, capacity 2263K, committed 2304K, reserved 1048576K
Event: 10.114 GC heap after
Heap after GC invocations=9 (full 1):
 PSYoungGen      total 117248K, used 10726K [0x00000000eb900000, 0x00000000f3f00000, 0x0000000100000000)
  eden space 106496K, 0% used [0x00000000eb900000,0x00000000eb900000,0x00000000f2100000)
  from space 10752K, 99% used [0x00000000f2e80000,0x00000000f38f9968,0x00000000f3900000)
  to   space 13824K, 0% used [0x00000000f2100000,0x00000000f2100000,0x00000000f2e80000)
 ParOldGen       total 42496K, used 25444K [0x00000000c2a00000, 0x00000000c5380000, 0x00000000eb900000)
  object space 42496K, 59% used [0x00000000c2a00000,0x00000000c42d90a0,0x00000000c5380000)
 Metaspace       used 18706K, capacity 19066K, committed 19456K, reserved 1067008K
  class space    used 2155K, capacity 2263K, committed 2304K, reserved 1048576K
}
Event: 14.003 GC heap before
{Heap before GC invocations=10 (full 1):
 PSYoungGen      total 117248K, used 85512K [0x00000000eb900000, 0x00000000f3f00000, 0x0000000100000000)
  eden space 106496K, 70% used [0x00000000eb900000,0x00000000f02087e8,0x00000000f2100000)
  from space 10752K, 99% used [0x00000000f2e80000,0x00000000f38f9968,0x00000000f3900000)
  to   space 13824K, 0% used [0x00000000f2100000,0x00000000f2100000,0x00000000f2e80000)
 ParOldGen       total 42496K, used 25444K [0x00000000c2a00000, 0x00000000c5380000, 0x00000000eb900000)
  object space 42496K, 59% used [0x00000000c2a00000,0x00000000c42d90a0,0x00000000c5380000)
 Metaspace       used 20830K, capacity 21176K, committed 21248K, reserved 1069056K
  class space    used 2373K, capacity 2500K, committed 2560K, reserved 1048576K
Event: 14.038 GC heap after
Heap after GC invocations=10 (full 1):
 PSYoungGen      total 120320K, used 13760K [0x00000000eb900000, 0x00000000fa800000, 0x0000000100000000)
  eden space 106496K, 0% used [0x00000000eb900000,0x00000000eb900000,0x00000000f2100000)
  from space 13824K, 99% used [0x00000000f2100000,0x00000000f2e702f8,0x00000000f2e80000)
  to   space 15872K, 0% used [0x00000000f9880000,0x00000000f9880000,0x00000000fa800000)
 ParOldGen       total 42496K, used 26308K [0x00000000c2a00000, 0x00000000c5380000, 0x00000000eb900000)
  object space 42496K, 61% used [0x00000000c2a00000,0x00000000c43b10c0,0x00000000c5380000)
 Metaspace       used 20830K, capacity 21176K, committed 21248K, reserved 1069056K
  class space    used 2373K, capacity 2500K, committed 2560K, reserved 1048576K
}
Event: 14.038 GC heap before
{Heap before GC invocations=11 (full 2):
 PSYoungGen      total 120320K, used 13760K [0x00000000eb900000, 0x00000000fa800000, 0x0000000100000000)
  eden space 106496K, 0% used [0x00000000eb900000,0x00000000eb900000,0x00000000f2100000)
  from space 13824K, 99% used [0x00000000f2100000,0x00000000f2e702f8,0x00000000f2e80000)
  to   space 15872K, 0% used [0x00000000f9880000,0x00000000f9880000,0x00000000fa800000)
 ParOldGen       total 42496K, used 26308K [0x00000000c2a00000, 0x00000000c5380000, 0x00000000eb900000)
  object space 42496K, 61% used [0x00000000c2a00000,0x00000000c43b10c0,0x00000000c5380000)
 Metaspace       used 20830K, capacity 21176K, committed 21248K, reserved 1069056K
  class space    used 2373K, capacity 2500K, committed 2560K, reserved 1048576K
Event: 14.527 GC heap after
Heap after GC invocations=11 (full 2):
 PSYoungGen      total 120320K, used 0K [0x00000000eb900000, 0x00000000fa800000, 0x0000000100000000)
  eden space 106496K, 0% used [0x00000000eb900000,0x00000000eb900000,0x00000000f2100000)
  from space 13824K, 0% used [0x00000000f2100000,0x00000000f2100000,0x00000000f2e80000)
  to   space 15872K, 0% used [0x00000000f9880000,0x00000000f9880000,0x00000000fa800000)
 ParOldGen       total 61952K, used 27504K [0x00000000c2a00000, 0x00000000c6680000, 0x00000000eb900000)
  object space 61952K, 44% used [0x00000000c2a00000,0x00000000c44dc390,0x00000000c6680000)
 Metaspace       used 20830K, capacity 21176K, committed 21248K, reserved 1069056K
  class space    used 2373K, capacity 2500K, committed 2560K, reserved 1048576K
}
Event: 19.665 GC heap before
{Heap before GC invocations=12 (full 2):
 PSYoungGen      total 120320K, used 106496K [0x00000000eb900000, 0x00000000fa800000, 0x0000000100000000)
  eden space 106496K, 100% used [0x00000000eb900000,0x00000000f2100000,0x00000000f2100000)
  from space 13824K, 0% used [0x00000000f2100000,0x00000000f2100000,0x00000000f2e80000)
  to   space 15872K, 0% used [0x00000000f9880000,0x00000000f9880000,0x00000000fa800000)
 ParOldGen       total 61952K, used 27504K [0x00000000c2a00000, 0x00000000c6680000, 0x00000000eb900000)
  object space 61952K, 44% used [0x00000000c2a00000,0x00000000c44dc390,0x00000000c6680000)
 Metaspace       used 22300K, capacity 22792K, committed 22912K, reserved 1069056K
  class space    used 2476K, capacity 2608K, committed 2688K, reserved 1048576K
Event: 19.676 GC heap after
Heap after GC invocations=12 (full 2):
 PSYoungGen      total 129536K, used 4954K [0x00000000eb900000, 0x00000000f9d80000, 0x0000000100000000)
  eden space 124416K, 0% used [0x00000000eb900000,0x00000000eb900000,0x00000000f3280000)
  from space 5120K, 96% used [0x00000000f9880000,0x00000000f9d56970,0x00000000f9d80000)
  to   space 15360K, 0% used [0x00000000f7f80000,0x00000000f7f80000,0x00000000f8e80000)
 ParOldGen       total 61952K, used 27512K [0x00000000c2a00000, 0x00000000c6680000, 0x00000000eb900000)
  object space 61952K, 44% used [0x00000000c2a00000,0x00000000c44de390,0x00000000c6680000)
 Metaspace       used 22300K, capacity 22792K, committed 22912K, reserved 1069056K
  class space    used 2476K, capacity 2608K, committed 2688K, reserved 1048576K
}

