# JRE version: Java(TM) SE Runtime Environment (8.0_201-b09) (build 1.8.0_201-b09)
# Java VM: Java HotSpot(TM) 64-Bit Server VM (25.201-b09 mixed mode linux-amd64 compressed oops)
Heap:
 PSYoungGen      total 31744K, used 4128K [0x00000000eb900000, 0x00000000edd00000, 0x0000000100000000)
  eden space 27136K, 0% used [0x00000000eb900000,0x00000000eb900000,0x00000000ed380000)
  from space 4608K, 89% used [0x00000000ed380000,0x00000000ed788010,0x00000000ed800000)
  to   space 4096K, 0% used [0x00000000ed800000,0x00000000ed800000,0x00000000edc00000)
 ParOldGen       total 42496K, used 7178K [0x00000000c2a00000, 0x00000000c5380000, 0x00000000eb900000)
  object space 42496K, 16% used [0x00000000c2a00000,0x00000000c3102880,0x00000000c5380000)
 Metaspace       used 14549K, capacity 14994K, committed 15232K, reserved 1062912K
  class space    used 1657K, capacity 1801K, committed 1920K, reserved 1048576K
GC Heap History (10 events):
Event: 41.786 GC heap after
Heap after GC invocations=5 (full 1):
 PSYoungGen      total 18432K, used 2560K [0x00000000eb900000, 0x00000000ecd80000, 0x0000000100000000)
  eden space 15872K, 0% used [0x00000000eb900000,0x00000000eb900000,0x00000000ec880000)
  from space 2560K, 100% used [0x00000000ecb00000,0x00000000ecd80000,0x00000000ecd80000)
  to   space 2560K, 0% used [0x00000000ec880000,0x00000000ec880000,0x00000000ecb00000)
 ParOldGen       total 42496K, used 4236K [0x00000000c2a00000, 0x00000000c5380000, 0x00000000eb900000)
  object space 42496K, 9% used [0x00000000c2a00000,0x00000000c2e23280,0x00000000c5380000)
 Metaspace       used 13939K, capacity 14398K, committed 14592K, reserved 1062912K
  class space    used 1613K, capacity 1720K, committed 1792K, reserved 1048576K
}
Event: 42.741 GC heap before
{Heap before GC invocations=6 (full 1):
 PSYoungGen      total 18432K, used 18432K [0x00000000eb900000, 0x00000000ecd80000, 0x0000000100000000)
  eden space 15872K, 100% used [0x00000000eb900000,0x00000000ec880000,0x00000000ec880000)
  from space 2560K, 100% used [0x00000000ecb00000,0x00000000ecd80000,0x00000000ecd80000)
  to   space 2560K, 0% used [0x00000000ec880000,0x00000000ec880000,0x00000000ecb00000)
 ParOldGen       total 42496K, used 4236K [0x00000000c2a00000, 0x00000000c5380000, 0x00000000eb900000)
  object space 42496K, 9% used [0x00000000c2a00000,0x00000000c2e23280,0x00000000c5380000)
 Metaspace       used 13996K, capacity 14398K, committed 14592K, reserved 1062912K
  class space    used 1613K, capacity 1720K, committed 1792K, reserved 1048576K
Event: 42.758 GC heap after
Heap after GC invocations=6 (full 1):
 PSYoungGen      total 18432K, used 2560K [0x00000000eb900000, 0x00000000ecd80000, 0x0000000100000000)
  eden space 15872K, 0% used [0x00000000eb900000,0x00000000eb900000,0x00000000ec880000)
  from space 2560K, 100% used [0x00000000ec880000,0x00000000ecb00000,0x00000000ecb00000)
  to   space 2560K, 0% used [0x00000000ecb00000,0x00000000ecb00000,0x00000000ecd80000)
 ParOldGen       total 42496K, used 4510K [0x00000000c2a00000, 0x00000000c5380000, 0x00000000eb900000)
  object space 42496K, 10% used [0x00000000c2a00000,0x00000000c2e67aa0,0x00000000c5380000)
 Metaspace       used 13996K, capacity 14398K, committed 14592K, reserved 1062912K
  class space    used 1613K, capacity 1720K, committed 1792K, reserved 1048576K
}
Event: 43.468 GC heap before
{Heap before GC invocations=7 (full 1):
 PSYoungGen      total 18432K, used 18432K [0x00000000eb900000, 0x00000000ecd80000, 0x0000000100000000)
  eden space 15872K, 100% used [0x00000000eb900000,0x00000000ec880000,0x00000000ec880000)
  from space 2560K, 100% used [0x00000000ec880000,0x00000000ecb00000,0x00000000ecb00000)
  to   space 2560K, 0% used [0x00000000ecb00000,0x00000000ecb00000,0x00000000ecd80000)
 ParOldGen       total 42496K, used 4510K [0x00000000c2a00000, 0x00000000c5380000, 0x00000000eb900000)
  object space 42496K, 10% used [0x00000000c2a00000,0x00000000c2e67aa0,0x00000000c5380000)
 Metaspace       used 14058K, capacity 14462K, committed 14592K, reserved 1062912K
  class space    used 1614K, capacity 1720K, committed 1792K, reserved 1048576K
Event: 43.479 GC heap after
Heap after GC invocations=7 (full 1):
 PSYoungGen      total 16384K, used 2544K [0x00000000eb900000, 0x00000000ee100000, 0x0000000100000000)
  eden space 13824K, 0% used [0x00000000eb900000,0x00000000eb900000,0x00000000ec680000)
  from space 2560K, 99% used [0x00000000ecb00000,0x00000000ecd7c010,0x00000000ecd80000)
  to   space 4608K, 0% used [0x00000000ec680000,0x00000000ec680000,0x00000000ecb00000)
 ParOldGen       total 42496K, used 5345K [0x00000000c2a00000, 0x00000000c5380000, 0x00000000eb900000)
  object space 42496K, 12% used [0x00000000c2a00000,0x00000000c2f38420,0x00000000c5380000)
 Metaspace       used 14058K, capacity 14462K, committed 14592K, reserved 1062912K
  class space    used 1614K, capacity 1720K, committed 1792K, reserved 1048576K
}
Event: 44.177 GC heap before
{Heap before GC invocations=8 (full 1):
 PSYoungGen      total 16384K, used 16368K [0x00000000eb900000, 0x00000000ee100000, 0x0000000100000000)
  eden space 13824K, 100% used [0x00000000eb900000,0x00000000ec680000,0x00000000ec680000)
  from space 2560K, 99% used [0x00000000ecb00000,0x00000000ecd7c010,0x00000000ecd80000)
  to   space 4608K, 0% used [0x00000000ec680000,0x00000000ec680000,0x00000000ecb00000)
 ParOldGen       total 42496K, used 5345K [0x00000000c2a00000, 0x00000000c5380000, 0x00000000eb900000)
  object space 42496K, 12% used [0x00000000c2a00000,0x00000000c2f38420,0x00000000c5380000)
 Metaspace       used 14082K, capacity 14526K, committed 14848K, reserved 1062912K
  class space    used 1614K, capacity 1720K, committed 1792K, reserved 1048576K
Event: 44.194 GC heap after
Heap after GC invocations=8 (full 1):
 PSYoungGen      total 18432K, used 2864K [0x00000000eb900000, 0x00000000edc00000, 0x0000000100000000)
  eden space 13824K, 0% used [0x00000000eb900000,0x00000000eb900000,0x00000000ec680000)
  from space 4608K, 62% used [0x00000000ec680000,0x00000000ec94c010,0x00000000ecb00000)
  to   space 4096K, 0% used [0x00000000ed800000,0x00000000ed800000,0x00000000edc00000)
 ParOldGen       total 42496K, used 5353K [0x00000000c2a00000, 0x00000000c5380000, 0x00000000eb900000)
  object space 42496K, 12% used [0x00000000c2a00000,0x00000000c2f3a420,0x00000000c5380000)
 Metaspace       used 14082K, capacity 14526K, committed 14848K, reserved 1062912K
  class space    used 1614K, capacity 1720K, committed 1792K, reserved 1048576K
}
Event: 44.655 GC heap before
{Heap before GC invocations=9 (full 1):
 PSYoungGen      total 18432K, used 16688K [0x00000000eb900000, 0x00000000edc00000, 0x0000000100000000)
  eden space 13824K, 100% used [0x00000000eb900000,0x00000000ec680000,0x00000000ec680000)
  from space 4608K, 62% used [0x00000000ec680000,0x00000000ec94c010,0x00000000ecb00000)
  to   space 4096K, 0% used [0x00000000ed800000,0x00000000ed800000,0x00000000edc00000)
 ParOldGen       total 42496K, used 5353K [0x00000000c2a00000, 0x00000000c5380000, 0x00000000eb900000)
  object space 42496K, 12% used [0x00000000c2a00000,0x00000000c2f3a420,0x00000000c5380000)
 Metaspace       used 14095K, capacity 14526K, committed 14848K, reserved 1062912K
  class space    used 1614K, capacity 1720K, committed 1792K, reserved 1048576K
Event: 44.675 GC heap after
Heap after GC invocations=9 (full 1):
 PSYoungGen      total 31232K, used 2336K [0x00000000eb900000, 0x00000000edd00000, 0x0000000100000000)
  eden space 27136K, 0% used [0x00000000eb900000,0x00000000eb900000,0x00000000ed380000)
  from space 4096K, 57% used [0x00000000ed800000,0x00000000eda48000,0x00000000edc00000)
  to   space 4608K, 0% used [0x00000000ed380000,0x00000000ed380000,0x00000000ed800000)
 ParOldGen       total 42496K, used 6450K [0x00000000c2a00000, 0x00000000c5380000, 0x00000000eb900000)
  object space 42496K, 15% used [0x00000000c2a00000,0x00000000c304c880,0x00000000c5380000)
 Metaspace       used 14095K, capacity 14526K, committed 14848K, reserved 1062912K
  class space    used 1614K, capacity 1720K, committed 1792K, reserved 1048576K
}
Event: 66.807 GC heap before
{Heap before GC invocations=10 (full 1):
 PSYoungGen      total 31232K, used 29472K [0x00000000eb900000, 0x00000000edd00000, 0x0000000100000000)
  eden space 27136K, 100% used [0x00000000eb900000,0x00000000ed380000,0x00000000ed380000)
  from space 4096K, 57% used [0x00000000ed800000,0x00000000eda48000,0x00000000edc00000)
  to   space 4608K, 0% used [0x00000000ed380000,0x00000000ed380000,0x00000000ed800000)
 ParOldGen       total 42496K, used 6450K [0x00000000c2a00000, 0x00000000c5380000, 0x00000000eb900000)
  object space 42496K, 15% used [0x00000000c2a00000,0x00000000c304c880,0x00000000c5380000)
 Metaspace       used 14549K, capacity 14994K, committed 15232K, reserved 1062912K
  class space    used 1657K, capacity 1801K, committed 1920K, reserved 1048576K

