# JRE version: Java(TM) SE Runtime Environment (8.0_201-b09) (build 1.8.0_201-b09)
# Java VM: Java HotSpot(TM) 64-Bit Server VM (25.201-b09 mixed mode linux-amd64 compressed oops)
Heap:
 PSYoungGen      total 238592K, used 14782K [0x00000000eb900000, 0x00000000fb580000, 0x0000000100000000)
  eden space 221184K, 0% used [0x00000000eb900000,0x00000000eb900000,0x00000000f9100000)
  from space 17408K, 84% used [0x00000000f9380000,0x00000000fa1ef860,0x00000000fa480000)
  to   space 12288K, 0% used [0x00000000fa980000,0x00000000fa980000,0x00000000fb580000)
 ParOldGen       total 70144K, used 34264K [0x00000000c2a00000, 0x00000000c6e80000, 0x00000000eb900000)
  object space 70144K, 48% used [0x00000000c2a00000,0x00000000c4b760c8,0x00000000c6e80000)
 Metaspace       used 24237K, capacity 24956K, committed 25088K, reserved 1071104K
  class space    used 2576K, capacity 2784K, committed 2816K, reserved 1048576K
GC Heap History (10 events):
Event: 22.844 GC heap after
Heap after GC invocations=10 (full 1):
 PSYoungGen      total 134656K, used 12272K [0x00000000eb900000, 0x00000000fca00000, 0x0000000100000000)
  eden space 122368K, 0% used [0x00000000eb900000,0x00000000eb900000,0x00000000f3080000)
  from space 12288K, 99% used [0x00000000f3080000,0x00000000f3c7c060,0x00000000f3c80000)
  to   space 17408K, 0% used [0x00000000fb900000,0x00000000fb900000,0x00000000fca00000)
 ParOldGen       total 42496K, used 29814K [0x00000000c2a00000, 0x00000000c5380000, 0x00000000eb900000)
  object space 42496K, 70% used [0x00000000c2a00000,0x00000000c471d838,0x00000000c5380000)
 Metaspace       used 20835K, capacity 21160K, committed 21248K, reserved 1069056K
  class space    used 2364K, capacity 2500K, committed 2560K, reserved 1048576K
}
Event: 22.844 GC heap before
{Heap before GC invocations=11 (full 2):
 PSYoungGen      total 134656K, used 12272K [0x00000000eb900000, 0x00000000fca00000, 0x0000000100000000)
  eden space 122368K, 0% used [0x00000000eb900000,0x00000000eb900000,0x00000000f3080000)
  from space 12288K, 99% used [0x00000000f3080000,0x00000000f3c7c060,0x00000000f3c80000)
  to   space 17408K, 0% used [0x00000000fb900000,0x00000000fb900000,0x00000000fca00000)
 ParOldGen       total 42496K, used 29814K [0x00000000c2a00000, 0x00000000c5380000, 0x00000000eb900000)
  object space 42496K, 70% used [0x00000000c2a00000,0x00000000c471d838,0x00000000c5380000)
 Metaspace       used 20835K, capacity 21160K, committed 21248K, reserved 1069056K
  class space    used 2364K, capacity 2500K, committed 2560K, reserved 1048576K
Event: 23.759 GC heap after
Heap after GC invocations=11 (full 2):
 PSYoungGen      total 134656K, used 0K [0x00000000eb900000, 0x00000000fca00000, 0x0000000100000000)
  eden space 122368K, 0% used [0x00000000eb900000,0x00000000eb900000,0x00000000f3080000)
  from space 12288K, 0% used [0x00000000f3080000,0x00000000f3080000,0x00000000f3c80000)
  to   space 17408K, 0% used [0x00000000fb900000,0x00000000fb900000,0x00000000fca00000)
 ParOldGen       total 70144K, used 34240K [0x00000000c2a00000, 0x00000000c6e80000, 0x00000000eb900000)
  object space 70144K, 48% used [0x00000000c2a00000,0x00000000c4b700c8,0x00000000c6e80000)
 Metaspace       used 20835K, capacity 21160K, committed 21248K, reserved 1069056K
  class space    used 2364K, capacity 2500K, committed 2560K, reserved 1048576K
}
Event: 28.726 GC heap before
{Heap before GC invocations=12 (full 2):
 PSYoungGen      total 134656K, used 122368K [0x00000000eb900000, 0x00000000fca00000, 0x0000000100000000)
  eden space 122368K, 100% used [0x00000000eb900000,0x00000000f3080000,0x00000000f3080000)
  from space 12288K, 0% used [0x00000000f3080000,0x00000000f3080000,0x00000000f3c80000)
  to   space 17408K, 0% used [0x00000000fb900000,0x00000000fb900000,0x00000000fca00000)
 ParOldGen       total 70144K, used 34240K [0x00000000c2a00000, 0x00000000c6e80000, 0x00000000eb900000)
  object space 70144K, 48% used [0x00000000c2a00000,0x00000000c4b700c8,0x00000000c6e80000)
 Metaspace       used 22150K, capacity 22614K, committed 22912K, reserved 1069056K
  class space    used 2455K, capacity 2577K, committed 2688K, reserved 1048576K
Event: 28.743 GC heap after
Heap after GC invocations=12 (full 2):
 PSYoungGen      total 146944K, used 2964K [0x00000000eb900000, 0x00000000fbc00000, 0x0000000100000000)
  eden space 143872K, 0% used [0x00000000eb900000,0x00000000eb900000,0x00000000f4580000)
  from space 3072K, 96% used [0x00000000fb900000,0x00000000fbbe53e8,0x00000000fbc00000)
  to   space 16896K, 0% used [0x00000000f9b00000,0x00000000f9b00000,0x00000000fab80000)
 ParOldGen       total 70144K, used 34248K [0x00000000c2a00000, 0x00000000c6e80000, 0x00000000eb900000)
  object space 70144K, 48% used [0x00000000c2a00000,0x00000000c4b720c8,0x00000000c6e80000)
 Metaspace       used 22150K, capacity 22614K, committed 22912K, reserved 1069056K
  class space    used 2455K, capacity 2577K, committed 2688K, reserved 1048576K
}
Event: 32.055 GC heap before
{Heap before GC invocations=13 (full 2):
 PSYoungGen      total 146944K, used 146836K [0x00000000eb900000, 0x00000000fbc00000, 0x0000000100000000)
  eden space 143872K, 100% used [0x00000000eb900000,0x00000000f4580000,0x00000000f4580000)
  from space 3072K, 96% used [0x00000000fb900000,0x00000000fbbe53e8,0x00000000fbc00000)
  to   space 16896K, 0% used [0x00000000f9b00000,0x00000000f9b00000,0x00000000fab80000)
 ParOldGen       total 70144K, used 34248K [0x00000000c2a00000, 0x00000000c6e80000, 0x00000000eb900000)
  object space 70144K, 48% used [0x00000000c2a00000,0x00000000c4b720c8,0x00000000c6e80000)
 Metaspace       used 22544K, capacity 22998K, committed 23168K, reserved 1069056K
  class space    used 2467K, capacity 2577K, committed 2688K, reserved 1048576K
Event: 32.074 GC heap after
Heap after GC invocations=13 (full 2):
 PSYoungGen      total 171520K, used 5545K [0x00000000eb900000, 0x00000000fb980000, 0x0000000100000000)
  eden space 165888K, 0% used [0x00000000eb900000,0x00000000eb900000,0x00000000f5b00000)
  from space 5632K, 98% used [0x00000000f9b00000,0x00000000fa06a7c0,0x00000000fa080000)
  to   space 16384K, 0% used [0x00000000fa980000,0x00000000fa980000,0x00000000fb980000)
 ParOldGen       total 70144K, used 34248K [0x00000000c2a00000, 0x00000000c6e80000, 0x00000000eb900000)
  object space 70144K, 48% used [0x00000000c2a00000,0x00000000c4b720c8,0x00000000c6e80000)
 Metaspace       used 22544K, capacity 22998K, committed 23168K, reserved 1069056K
  class space    used 2467K, capacity 2577K, committed 2688K, reserved 1048576K
}
Event: 55.620 GC heap before
{Heap before GC invocations=14 (full 2):
 PSYoungGen      total 171520K, used 171433K [0x00000000eb900000, 0x00000000fb980000, 0x0000000100000000)
  eden space 165888K, 100% used [0x00000000eb900000,0x00000000f5b00000,0x00000000f5b00000)
  from space 5632K, 98% used [0x00000000f9b00000,0x00000000fa06a7c0,0x00000000fa080000)
  to   space 16384K, 0% used [0x00000000fa980000,0x00000000fa980000,0x00000000fb980000)
 ParOldGen       total 70144K, used 34248K [0x00000000c2a00000, 0x00000000c6e80000, 0x00000000eb900000)
  object space 70144K, 48% used [0x00000000c2a00000,0x00000000c4b720c8,0x00000000c6e80000)
 Metaspace       used 23631K, capacity 24246K, committed 24576K, reserved 1071104K
  class space    used 2546K, capacity 2733K, committed 2816K, reserved 1048576K
Event: 60.400 GC heap after
Heap after GC invocations=14 (full 2):
 PSYoungGen      total 233472K, used 12063K [0x00000000eb900000, 0x00000000fb580000, 0x0000000100000000)
  eden space 221184K, 0% used [0x00000000eb900000,0x00000000eb900000,0x00000000f9100000)
  from space 12288K, 98% used [0x00000000fa980000,0x00000000fb547ce0,0x00000000fb580000)
  to   space 17408K, 0% used [0x00000000f9380000,0x00000000f9380000,0x00000000fa480000)
 ParOldGen       total 70144K, used 34256K [0x00000000c2a00000, 0x00000000c6e80000, 0x00000000eb900000)
  object space 70144K, 48% used [0x00000000c2a00000,0x00000000c4b740c8,0x00000000c6e80000)
 Metaspace       used 23631K, capacity 24246K, committed 24576K, reserved 1071104K
  class space    used 2546K, capacity 2733K, committed 2816K, reserved 1048576K
}
Event: 95.210 GC heap before
{Heap before GC invocations=15 (full 2):
 PSYoungGen      total 233472K, used 233247K [0x00000000eb900000, 0x00000000fb580000, 0x0000000100000000)
  eden space 221184K, 100% used [0x00000000eb900000,0x00000000f9100000,0x00000000f9100000)
  from space 12288K, 98% used [0x00000000fa980000,0x00000000fb547ce0,0x00000000fb580000)
  to   space 17408K, 0% used [0x00000000f9380000,0x00000000f9380000,0x00000000fa480000)
 ParOldGen       total 70144K, used 34256K [0x00000000c2a00000, 0x00000000c6e80000, 0x00000000eb900000)
  object space 70144K, 48% used [0x00000000c2a00000,0x00000000c4b740c8,0x00000000c6e80000)
 Metaspace       used 24237K, capacity 24956K, committed 25088K, reserved 1071104K
  class space    used 2576K, capacity 2784K, committed 2816K, reserved 1048576K

