# JRE version: Java(TM) SE Runtime Environment (8.0_201-b09) (build 1.8.0_201-b09)
# Java VM: Java HotSpot(TM) 64-Bit Server VM (25.201-b09 mixed mode linux-amd64 compressed oops)
Heap:
 PSYoungGen      total 120320K, used 9696K [0x00000000eb900000, 0x00000000f5c00000, 0x0000000100000000)
  eden space 110592K, 0% used [0x00000000eb900000,0x00000000eb900000,0x00000000f2500000)
  from space 9728K, 99% used [0x00000000f5280000,0x00000000f5bf8020,0x00000000f5c00000)
  to   space 10240K, 0% used [0x00000000f2500000,0x00000000f2500000,0x00000000f2f00000)
 ParOldGen       total 42496K, used 37659K [0x00000000c2a00000, 0x00000000c5380000, 0x00000000eb900000)
  object space 42496K, 88% used [0x00000000c2a00000,0x00000000c4ec6f00,0x00000000c5380000)
 Metaspace       used 14961K, capacity 15480K, committed 15616K, reserved 1062912K
  class space    used 1640K, capacity 1780K, committed 1792K, reserved 1048576K
GC Heap History (10 events):
Event: 29.029 GC heap after
Heap after GC invocations=8 (full 1):
 PSYoungGen      total 34304K, used 4544K [0x00000000eb900000, 0x00000000efc00000, 0x0000000100000000)
  eden space 29184K, 0% used [0x00000000eb900000,0x00000000eb900000,0x00000000ed580000)
  from space 5120K, 88% used [0x00000000ed580000,0x00000000ed9f00a0,0x00000000eda80000)
  to   space 5120K, 0% used [0x00000000ef700000,0x00000000ef700000,0x00000000efc00000)
 ParOldGen       total 42496K, used 10470K [0x00000000c2a00000, 0x00000000c5380000, 0x00000000eb900000)
  object space 42496K, 24% used [0x00000000c2a00000,0x00000000c3439850,0x00000000c5380000)
 Metaspace       used 13705K, capacity 14062K, committed 14336K, reserved 1062912K
  class space    used 1564K, capacity 1667K, committed 1792K, reserved 1048576K
}
Event: 29.352 GC heap before
{Heap before GC invocations=9 (full 1):
 PSYoungGen      total 34304K, used 33728K [0x00000000eb900000, 0x00000000efc00000, 0x0000000100000000)
  eden space 29184K, 100% used [0x00000000eb900000,0x00000000ed580000,0x00000000ed580000)
  from space 5120K, 88% used [0x00000000ed580000,0x00000000ed9f00a0,0x00000000eda80000)
  to   space 5120K, 0% used [0x00000000ef700000,0x00000000ef700000,0x00000000efc00000)
 ParOldGen       total 42496K, used 10470K [0x00000000c2a00000, 0x00000000c5380000, 0x00000000eb900000)
  object space 42496K, 24% used [0x00000000c2a00000,0x00000000c3439850,0x00000000c5380000)
 Metaspace       used 13721K, capacity 14062K, committed 14336K, reserved 1062912K
  class space    used 1564K, capacity 1667K, committed 1792K, reserved 1048576K
Event: 29.365 GC heap after
Heap after GC invocations=9 (full 1):
 PSYoungGen      total 62464K, used 5112K [0x00000000eb900000, 0x00000000efe00000, 0x0000000100000000)
  eden space 57344K, 0% used [0x00000000eb900000,0x00000000eb900000,0x00000000ef100000)
  from space 5120K, 99% used [0x00000000ef700000,0x00000000efbfe248,0x00000000efc00000)
  to   space 6144K, 0% used [0x00000000ef100000,0x00000000ef100000,0x00000000ef700000)
 ParOldGen       total 42496K, used 12054K [0x00000000c2a00000, 0x00000000c5380000, 0x00000000eb900000)
  object space 42496K, 28% used [0x00000000c2a00000,0x00000000c35c5940,0x00000000c5380000)
 Metaspace       used 13721K, capacity 14062K, committed 14336K, reserved 1062912K
  class space    used 1564K, capacity 1667K, committed 1792K, reserved 1048576K
}
Event: 31.071 GC heap before
{Heap before GC invocations=10 (full 1):
 PSYoungGen      total 62464K, used 62456K [0x00000000eb900000, 0x00000000efe00000, 0x0000000100000000)
  eden space 57344K, 100% used [0x00000000eb900000,0x00000000ef100000,0x00000000ef100000)
  from space 5120K, 99% used [0x00000000ef700000,0x00000000efbfe248,0x00000000efc00000)
  to   space 6144K, 0% used [0x00000000ef100000,0x00000000ef100000,0x00000000ef700000)
 ParOldGen       total 42496K, used 12054K [0x00000000c2a00000, 0x00000000c5380000, 0x00000000eb900000)
  object space 42496K, 28% used [0x00000000c2a00000,0x00000000c35c5940,0x00000000c5380000)
 Metaspace       used 13742K, capacity 14126K, committed 14336K, reserved 1062912K
  class space    used 1564K, capacity 1667K, committed 1792K, reserved 1048576K
Event: 31.093 GC heap after
Heap after GC invocations=10 (full 1):
 PSYoungGen      total 63488K, used 6144K [0x00000000eb900000, 0x00000000f3900000, 0x0000000100000000)
  eden space 57344K, 0% used [0x00000000eb900000,0x00000000eb900000,0x00000000ef100000)
  from space 6144K, 100% used [0x00000000ef100000,0x00000000ef700000,0x00000000ef700000)
  to   space 8192K, 0% used [0x00000000f3100000,0x00000000f3100000,0x00000000f3900000)
 ParOldGen       total 42496K, used 15145K [0x00000000c2a00000, 0x00000000c5380000, 0x00000000eb900000)
  object space 42496K, 35% used [0x00000000c2a00000,0x00000000c38ca608,0x00000000c5380000)
 Metaspace       used 13742K, capacity 14126K, committed 14336K, reserved 1062912K
  class space    used 1564K, capacity 1667K, committed 1792K, reserved 1048576K
}
Event: 47.710 GC heap before
{Heap before GC invocations=11 (full 1):
 PSYoungGen      total 63488K, used 63488K [0x00000000eb900000, 0x00000000f3900000, 0x0000000100000000)
  eden space 57344K, 100% used [0x00000000eb900000,0x00000000ef100000,0x00000000ef100000)
  from space 6144K, 100% used [0x00000000ef100000,0x00000000ef700000,0x00000000ef700000)
  to   space 8192K, 0% used [0x00000000f3100000,0x00000000f3100000,0x00000000f3900000)
 ParOldGen       total 42496K, used 15145K [0x00000000c2a00000, 0x00000000c5380000, 0x00000000eb900000)
  object space 42496K, 35% used [0x00000000c2a00000,0x00000000c38ca608,0x00000000c5380000)
 Metaspace       used 14891K, capacity 15326K, committed 15360K, reserved 1062912K
  class space    used 1636K, capacity 1777K, committed 1792K, reserved 1048576K
Event: 47.749 GC heap after
Heap after GC invocations=11 (full 1):
 PSYoungGen      total 100352K, used 8160K [0x00000000eb900000, 0x00000000f3900000, 0x0000000100000000)
  eden space 92160K, 0% used [0x00000000eb900000,0x00000000eb900000,0x00000000f1300000)
  from space 8192K, 99% used [0x00000000f3100000,0x00000000f38f8010,0x00000000f3900000)
  to   space 10240K, 0% used [0x00000000f2500000,0x00000000f2500000,0x00000000f2f00000)
 ParOldGen       total 42496K, used 18266K [0x00000000c2a00000, 0x00000000c5380000, 0x00000000eb900000)
  object space 42496K, 42% used [0x00000000c2a00000,0x00000000c3bd6a00,0x00000000c5380000)
 Metaspace       used 14891K, capacity 15326K, committed 15360K, reserved 1062912K
  class space    used 1636K, capacity 1777K, committed 1792K, reserved 1048576K
}
Event: 63.767 GC heap before
{Heap before GC invocations=12 (full 1):
 PSYoungGen      total 100352K, used 100320K [0x00000000eb900000, 0x00000000f3900000, 0x0000000100000000)
  eden space 92160K, 100% used [0x00000000eb900000,0x00000000f1300000,0x00000000f1300000)
  from space 8192K, 99% used [0x00000000f3100000,0x00000000f38f8010,0x00000000f3900000)
  to   space 10240K, 0% used [0x00000000f2500000,0x00000000f2500000,0x00000000f2f00000)
 ParOldGen       total 42496K, used 18266K [0x00000000c2a00000, 0x00000000c5380000, 0x00000000eb900000)
  object space 42496K, 42% used [0x00000000c2a00000,0x00000000c3bd6a00,0x00000000c5380000)
 Metaspace       used 14935K, capacity 15470K, committed 15616K, reserved 1062912K
  class space    used 1639K, capacity 1779K, committed 1792K, reserved 1048576K
Event: 63.803 GC heap after
Heap after GC invocations=12 (full 1):
 PSYoungGen      total 120832K, used 6320K [0x00000000eb900000, 0x00000000f5c00000, 0x0000000100000000)
  eden space 110592K, 0% used [0x00000000eb900000,0x00000000eb900000,0x00000000f2500000)
  from space 10240K, 61% used [0x00000000f2500000,0x00000000f2b2c030,0x00000000f2f00000)
  to   space 9728K, 0% used [0x00000000f5280000,0x00000000f5280000,0x00000000f5c00000)
 ParOldGen       total 42496K, used 22998K [0x00000000c2a00000, 0x00000000c5380000, 0x00000000eb900000)
  object space 42496K, 54% used [0x00000000c2a00000,0x00000000c4075a50,0x00000000c5380000)
 Metaspace       used 14935K, capacity 15470K, committed 15616K, reserved 1062912K
  class space    used 1639K, capacity 1779K, committed 1792K, reserved 1048576K
}
Event: 78.162 GC heap before
{Heap before GC invocations=13 (full 1):
 PSYoungGen      total 120832K, used 116912K [0x00000000eb900000, 0x00000000f5c00000, 0x0000000100000000)
  eden space 110592K, 100% used [0x00000000eb900000,0x00000000f2500000,0x00000000f2500000)
  from space 10240K, 61% used [0x00000000f2500000,0x00000000f2b2c030,0x00000000f2f00000)
  to   space 9728K, 0% used [0x00000000f5280000,0x00000000f5280000,0x00000000f5c00000)
 ParOldGen       total 42496K, used 22998K [0x00000000c2a00000, 0x00000000c5380000, 0x00000000eb900000)
  object space 42496K, 54% used [0x00000000c2a00000,0x00000000c4075a50,0x00000000c5380000)
 Metaspace       used 14961K, capacity 15480K, committed 15616K, reserved 1062912K
  class space    used 1640K, capacity 1780K, committed 1792K, reserved 1048576K

