# JRE version: Java(TM) SE Runtime Environment (8.0_201-b09) (build 1.8.0_201-b09)
# Java VM: Java HotSpot(TM) 64-Bit Server VM (25.201-b09 mixed mode linux-amd64 compressed oops)
Heap:
 PSYoungGen      total 259072K, used 0K [0x00000000eb900000, 0x00000000ffd00000, 0x0000000100000000)
  eden space 186880K, 0% used [0x00000000eb900000,0x00000000eb900000,0x00000000f6f80000)
  from space 72192K, 0% used [0x00000000f6f80000,0x00000000f6f80000,0x00000000fb600000)
  to   space 69632K, 0% used [0x00000000fb900000,0x00000000fb900000,0x00000000ffd00000)
 ParOldGen       total 380928K, used 325051K [0x00000000c2a00000, 0x00000000d9e00000, 0x00000000eb900000)
  object space 380928K, 85% used [0x00000000c2a00000,0x00000000d676ef00,0x00000000d9e00000)
 Metaspace       used 71152K, capacity 80986K, committed 81280K, reserved 1120256K
  class space    used 6158K, capacity 11210K, committed 11264K, reserved 1048576K
GC Heap History (10 events):
Event: 178.135 GC heap after
Heap after GC invocations=109 (full 6):
 PSYoungGen      total 242176K, used 48875K [0x00000000eb900000, 0x0000000100000000, 0x0000000100000000)
  eden space 193024K, 0% used [0x00000000eb900000,0x00000000eb900000,0x00000000f7580000)
  from space 49152K, 99% used [0x00000000f7580000,0x00000000fa53ade0,0x00000000fa580000)
  to   space 72704K, 0% used [0x00000000fb900000,0x00000000fb900000,0x0000000100000000)
 ParOldGen       total 380928K, used 270683K [0x00000000c2a00000, 0x00000000d9e00000, 0x00000000eb900000)
  object space 380928K, 71% used [0x00000000c2a00000,0x00000000d3256d88,0x00000000d9e00000)
 Metaspace       used 65668K, capacity 73992K, committed 74112K, reserved 1114112K
  class space    used 5860K, capacity 10081K, committed 10112K, reserved 1048576K
}
Event: 178.736 GC heap before
{Heap before GC invocations=110 (full 6):
 PSYoungGen      total 242176K, used 241899K [0x00000000eb900000, 0x0000000100000000, 0x0000000100000000)
  eden space 193024K, 100% used [0x00000000eb900000,0x00000000f7580000,0x00000000f7580000)
  from space 49152K, 99% used [0x00000000f7580000,0x00000000fa53ade0,0x00000000fa580000)
  to   space 72704K, 0% used [0x00000000fb900000,0x00000000fb900000,0x0000000100000000)
 ParOldGen       total 380928K, used 270683K [0x00000000c2a00000, 0x00000000d9e00000, 0x00000000eb900000)
  object space 380928K, 71% used [0x00000000c2a00000,0x00000000d3256d88,0x00000000d9e00000)
 Metaspace       used 67631K, capacity 76504K, committed 76544K, reserved 1116160K
  class space    used 5973K, capacity 10481K, committed 10496K, reserved 1048576K
Event: 178.774 GC heap after
Heap after GC invocations=110 (full 6):
 PSYoungGen      total 259072K, used 50257K [0x00000000eb900000, 0x0000000100000000, 0x0000000100000000)
  eden space 186368K, 0% used [0x00000000eb900000,0x00000000eb900000,0x00000000f6f00000)
  from space 72704K, 69% used [0x00000000fb900000,0x00000000fea14448,0x0000000100000000)
  to   space 74240K, 0% used [0x00000000f6f00000,0x00000000f6f00000,0x00000000fb780000)
 ParOldGen       total 380928K, used 274623K [0x00000000c2a00000, 0x00000000d9e00000, 0x00000000eb900000)
  object space 380928K, 72% used [0x00000000c2a00000,0x00000000d362feb8,0x00000000d9e00000)
 Metaspace       used 67631K, capacity 76504K, committed 76544K, reserved 1116160K
  class space    used 5973K, capacity 10481K, committed 10496K, reserved 1048576K
}
Event: 179.482 GC heap before
{Heap before GC invocations=111 (full 6):
 PSYoungGen      total 259072K, used 236625K [0x00000000eb900000, 0x0000000100000000, 0x0000000100000000)
  eden space 186368K, 100% used [0x00000000eb900000,0x00000000f6f00000,0x00000000f6f00000)
  from space 72704K, 69% used [0x00000000fb900000,0x00000000fea14448,0x0000000100000000)
  to   space 74240K, 0% used [0x00000000f6f00000,0x00000000f6f00000,0x00000000fb780000)
 ParOldGen       total 380928K, used 274623K [0x00000000c2a00000, 0x00000000d9e00000, 0x00000000eb900000)
  object space 380928K, 72% used [0x00000000c2a00000,0x00000000d362feb8,0x00000000d9e00000)
 Metaspace       used 69558K, capacity 78954K, committed 79104K, reserved 1118208K
  class space    used 6087K, capacity 10882K, committed 11008K, reserved 1048576K
Event: 179.506 GC heap after
Heap after GC invocations=111 (full 6):
 PSYoungGen      total 260608K, used 45827K [0x00000000eb900000, 0x0000000100000000, 0x0000000100000000)
  eden space 186368K, 0% used [0x00000000eb900000,0x00000000eb900000,0x00000000f6f00000)
  from space 74240K, 61% used [0x00000000f6f00000,0x00000000f9bc0f78,0x00000000fb780000)
  to   space 73728K, 0% used [0x00000000fb800000,0x00000000fb800000,0x0000000100000000)
 ParOldGen       total 380928K, used 281464K [0x00000000c2a00000, 0x00000000d9e00000, 0x00000000eb900000)
  object space 380928K, 73% used [0x00000000c2a00000,0x00000000d3cde0b8,0x00000000d9e00000)
 Metaspace       used 69558K, capacity 78954K, committed 79104K, reserved 1118208K
  class space    used 6087K, capacity 10882K, committed 11008K, reserved 1048576K
}
Event: 180.262 GC heap before
{Heap before GC invocations=112 (full 6):
 PSYoungGen      total 260608K, used 232195K [0x00000000eb900000, 0x0000000100000000, 0x0000000100000000)
  eden space 186368K, 100% used [0x00000000eb900000,0x00000000f6f00000,0x00000000f6f00000)
  from space 74240K, 61% used [0x00000000f6f00000,0x00000000f9bc0f78,0x00000000fb780000)
  to   space 73728K, 0% used [0x00000000fb800000,0x00000000fb800000,0x0000000100000000)
 ParOldGen       total 380928K, used 281464K [0x00000000c2a00000, 0x00000000d9e00000, 0x00000000eb900000)
  object space 380928K, 73% used [0x00000000c2a00000,0x00000000d3cde0b8,0x00000000d9e00000)
 Metaspace       used 71230K, capacity 81086K, committed 81152K, reserved 1120256K
  class space    used 6190K, capacity 11242K, committed 11264K, reserved 1048576K
Event: 180.293 GC heap after
Heap after GC invocations=112 (full 6):
 PSYoungGen      total 257024K, used 43376K [0x00000000eb900000, 0x00000000ffc80000, 0x0000000100000000)
  eden space 186880K, 0% used [0x00000000eb900000,0x00000000eb900000,0x00000000f6f80000)
  from space 70144K, 61% used [0x00000000fb800000,0x00000000fe25c3c8,0x00000000ffc80000)
  to   space 72192K, 0% used [0x00000000f6f80000,0x00000000f6f80000,0x00000000fb600000)
 ParOldGen       total 380928K, used 287840K [0x00000000c2a00000, 0x00000000d9e00000, 0x00000000eb900000)
  object space 380928K, 75% used [0x00000000c2a00000,0x00000000d4318298,0x00000000d9e00000)
 Metaspace       used 71230K, capacity 81086K, committed 81152K, reserved 1120256K
  class space    used 6190K, capacity 11242K, committed 11264K, reserved 1048576K
}
Event: 180.445 GC heap before
{Heap before GC invocations=113 (full 6):
 PSYoungGen      total 257024K, used 75129K [0x00000000eb900000, 0x00000000ffc80000, 0x0000000100000000)
  eden space 186880K, 16% used [0x00000000eb900000,0x00000000ed8022c8,0x00000000f6f80000)
  from space 70144K, 61% used [0x00000000fb800000,0x00000000fe25c3c8,0x00000000ffc80000)
  to   space 72192K, 0% used [0x00000000f6f80000,0x00000000f6f80000,0x00000000fb600000)
 ParOldGen       total 380928K, used 287840K [0x00000000c2a00000, 0x00000000d9e00000, 0x00000000eb900000)
  object space 380928K, 75% used [0x00000000c2a00000,0x00000000d4318298,0x00000000d9e00000)
 Metaspace       used 71381K, capacity 81234K, committed 81280K, reserved 1120256K
  class space    used 6197K, capacity 11250K, committed 11264K, reserved 1048576K
Event: 180.465 GC heap after
Heap after GC invocations=113 (full 6):
 PSYoungGen      total 259072K, used 34386K [0x00000000eb900000, 0x00000000ffd00000, 0x0000000100000000)
  eden space 186880K, 0% used [0x00000000eb900000,0x00000000eb900000,0x00000000f6f80000)
  from space 72192K, 47% used [0x00000000f6f80000,0x00000000f91148c8,0x00000000fb600000)
  to   space 69632K, 0% used [0x00000000fb900000,0x00000000fb900000,0x00000000ffd00000)
 ParOldGen       total 380928K, used 294337K [0x00000000c2a00000, 0x00000000d9e00000, 0x00000000eb900000)
  object space 380928K, 77% used [0x00000000c2a00000,0x00000000d4970478,0x00000000d9e00000)
 Metaspace       used 71381K, capacity 81234K, committed 81280K, reserved 1120256K
  class space    used 6197K, capacity 11250K, committed 11264K, reserved 1048576K
}
Event: 180.465 GC heap before
{Heap before GC invocations=114 (full 7):
 PSYoungGen      total 259072K, used 34386K [0x00000000eb900000, 0x00000000ffd00000, 0x0000000100000000)
  eden space 186880K, 0% used [0x00000000eb900000,0x00000000eb900000,0x00000000f6f80000)
  from space 72192K, 47% used [0x00000000f6f80000,0x00000000f91148c8,0x00000000fb600000)
  to   space 69632K, 0% used [0x00000000fb900000,0x00000000fb900000,0x00000000ffd00000)
 ParOldGen       total 380928K, used 294337K [0x00000000c2a00000, 0x00000000d9e00000, 0x00000000eb900000)
  object space 380928K, 77% used [0x00000000c2a00000,0x00000000d4970478,0x00000000d9e00000)
 Metaspace       used 71381K, capacity 81234K, committed 81280K, reserved 1120256K
  class space    used 6197K, capacity 11250K, committed 11264K, reserved 1048576K

