# JRE version: Java(TM) SE Runtime Environment (8.0_201-b09) (build 1.8.0_201-b09)
# Java VM: Java HotSpot(TM) 64-Bit Server VM (25.201-b09 mixed mode linux-amd64 compressed oops)
Heap:
 PSYoungGen      total 32256K, used 3488K [0x00000000eb900000, 0x00000000edd00000, 0x0000000100000000)
  eden space 27648K, 0% used [0x00000000eb900000,0x00000000eb900000,0x00000000ed400000)
  from space 4608K, 75% used [0x00000000ed400000,0x00000000ed768030,0x00000000ed880000)
  to   space 4608K, 0% used [0x00000000ed880000,0x00000000ed880000,0x00000000edd00000)
 ParOldGen       total 42496K, used 8694K [0x00000000c2a00000, 0x00000000c5380000, 0x00000000eb900000)
  object space 42496K, 20% used [0x00000000c2a00000,0x00000000c327db88,0x00000000c5380000)
 Metaspace       used 14133K, capacity 14594K, committed 14848K, reserved 1062912K
  class space    used 1609K, capacity 1751K, committed 1792K, reserved 1048576K
GC Heap History (10 events):
Event: 37.158 GC heap after
Heap after GC invocations=5 (full 1):
 PSYoungGen      total 18432K, used 2540K [0x00000000eb900000, 0x00000000ecd80000, 0x0000000100000000)
  eden space 15872K, 0% used [0x00000000eb900000,0x00000000eb900000,0x00000000ec880000)
  from space 2560K, 99% used [0x00000000ecb00000,0x00000000ecd7b010,0x00000000ecd80000)
  to   space 2560K, 0% used [0x00000000ec880000,0x00000000ec880000,0x00000000ecb00000)
 ParOldGen       total 42496K, used 4919K [0x00000000c2a00000, 0x00000000c5380000, 0x00000000eb900000)
  object space 42496K, 11% used [0x00000000c2a00000,0x00000000c2ecdc60,0x00000000c5380000)
 Metaspace       used 13962K, capacity 14402K, committed 14592K, reserved 1062912K
  class space    used 1609K, capacity 1751K, committed 1792K, reserved 1048576K
}
Event: 37.785 GC heap before
{Heap before GC invocations=6 (full 1):
 PSYoungGen      total 18432K, used 18412K [0x00000000eb900000, 0x00000000ecd80000, 0x0000000100000000)
  eden space 15872K, 100% used [0x00000000eb900000,0x00000000ec880000,0x00000000ec880000)
  from space 2560K, 99% used [0x00000000ecb00000,0x00000000ecd7b010,0x00000000ecd80000)
  to   space 2560K, 0% used [0x00000000ec880000,0x00000000ec880000,0x00000000ecb00000)
 ParOldGen       total 42496K, used 4919K [0x00000000c2a00000, 0x00000000c5380000, 0x00000000eb900000)
  object space 42496K, 11% used [0x00000000c2a00000,0x00000000c2ecdc60,0x00000000c5380000)
 Metaspace       used 14038K, capacity 14466K, committed 14592K, reserved 1062912K
  class space    used 1609K, capacity 1751K, committed 1792K, reserved 1048576K
Event: 37.802 GC heap after
Heap after GC invocations=6 (full 1):
 PSYoungGen      total 18432K, used 2556K [0x00000000eb900000, 0x00000000ecd80000, 0x0000000100000000)
  eden space 15872K, 0% used [0x00000000eb900000,0x00000000eb900000,0x00000000ec880000)
  from space 2560K, 99% used [0x00000000ec880000,0x00000000ecaff020,0x00000000ecb00000)
  to   space 2560K, 0% used [0x00000000ecb00000,0x00000000ecb00000,0x00000000ecd80000)
 ParOldGen       total 42496K, used 5735K [0x00000000c2a00000, 0x00000000c5380000, 0x00000000eb900000)
  object space 42496K, 13% used [0x00000000c2a00000,0x00000000c2f99c70,0x00000000c5380000)
 Metaspace       used 14038K, capacity 14466K, committed 14592K, reserved 1062912K
  class space    used 1609K, capacity 1751K, committed 1792K, reserved 1048576K
}
Event: 38.422 GC heap before
{Heap before GC invocations=7 (full 1):
 PSYoungGen      total 18432K, used 18428K [0x00000000eb900000, 0x00000000ecd80000, 0x0000000100000000)
  eden space 15872K, 100% used [0x00000000eb900000,0x00000000ec880000,0x00000000ec880000)
  from space 2560K, 99% used [0x00000000ec880000,0x00000000ecaff020,0x00000000ecb00000)
  to   space 2560K, 0% used [0x00000000ecb00000,0x00000000ecb00000,0x00000000ecd80000)
 ParOldGen       total 42496K, used 5735K [0x00000000c2a00000, 0x00000000c5380000, 0x00000000eb900000)
  object space 42496K, 13% used [0x00000000c2a00000,0x00000000c2f99c70,0x00000000c5380000)
 Metaspace       used 14071K, capacity 14466K, committed 14592K, reserved 1062912K
  class space    used 1609K, capacity 1751K, committed 1792K, reserved 1048576K
Event: 38.435 GC heap after
Heap after GC invocations=7 (full 1):
 PSYoungGen      total 16384K, used 2528K [0x00000000eb900000, 0x00000000ee100000, 0x0000000100000000)
  eden space 13824K, 0% used [0x00000000eb900000,0x00000000eb900000,0x00000000ec680000)
  from space 2560K, 98% used [0x00000000ecb00000,0x00000000ecd78130,0x00000000ecd80000)
  to   space 4608K, 0% used [0x00000000ec680000,0x00000000ec680000,0x00000000ecb00000)
 ParOldGen       total 42496K, used 6491K [0x00000000c2a00000, 0x00000000c5380000, 0x00000000eb900000)
  object space 42496K, 15% used [0x00000000c2a00000,0x00000000c3056df8,0x00000000c5380000)
 Metaspace       used 14071K, capacity 14466K, committed 14592K, reserved 1062912K
  class space    used 1609K, capacity 1751K, committed 1792K, reserved 1048576K
}
Event: 38.785 GC heap before
{Heap before GC invocations=8 (full 1):
 PSYoungGen      total 16384K, used 16352K [0x00000000eb900000, 0x00000000ee100000, 0x0000000100000000)
  eden space 13824K, 100% used [0x00000000eb900000,0x00000000ec680000,0x00000000ec680000)
  from space 2560K, 98% used [0x00000000ecb00000,0x00000000ecd78130,0x00000000ecd80000)
  to   space 4608K, 0% used [0x00000000ec680000,0x00000000ec680000,0x00000000ecb00000)
 ParOldGen       total 42496K, used 6491K [0x00000000c2a00000, 0x00000000c5380000, 0x00000000eb900000)
  object space 42496K, 15% used [0x00000000c2a00000,0x00000000c3056df8,0x00000000c5380000)
 Metaspace       used 14100K, capacity 14530K, committed 14592K, reserved 1062912K
  class space    used 1609K, capacity 1751K, committed 1792K, reserved 1048576K
Event: 38.798 GC heap after
Heap after GC invocations=8 (full 1):
 PSYoungGen      total 18432K, used 2812K [0x00000000eb900000, 0x00000000edd00000, 0x0000000100000000)
  eden space 13824K, 0% used [0x00000000eb900000,0x00000000eb900000,0x00000000ec680000)
  from space 4608K, 61% used [0x00000000ec680000,0x00000000ec93f020,0x00000000ecb00000)
  to   space 4608K, 0% used [0x00000000ed880000,0x00000000ed880000,0x00000000edd00000)
 ParOldGen       total 42496K, used 6491K [0x00000000c2a00000, 0x00000000c5380000, 0x00000000eb900000)
  object space 42496K, 15% used [0x00000000c2a00000,0x00000000c3056df8,0x00000000c5380000)
 Metaspace       used 14100K, capacity 14530K, committed 14592K, reserved 1062912K
  class space    used 1609K, capacity 1751K, committed 1792K, reserved 1048576K
}
Event: 39.088 GC heap before
{Heap before GC invocations=9 (full 1):
 PSYoungGen      total 18432K, used 16636K [0x00000000eb900000, 0x00000000edd00000, 0x0000000100000000)
  eden space 13824K, 100% used [0x00000000eb900000,0x00000000ec680000,0x00000000ec680000)
  from space 4608K, 61% used [0x00000000ec680000,0x00000000ec93f020,0x00000000ecb00000)
  to   space 4608K, 0% used [0x00000000ed880000,0x00000000ed880000,0x00000000edd00000)
 ParOldGen       total 42496K, used 6491K [0x00000000c2a00000, 0x00000000c5380000, 0x00000000eb900000)
  object space 42496K, 15% used [0x00000000c2a00000,0x00000000c3056df8,0x00000000c5380000)
 Metaspace       used 14114K, capacity 14530K, committed 14592K, reserved 1062912K
  class space    used 1609K, capacity 1751K, committed 1792K, reserved 1048576K
Event: 39.109 GC heap after
Heap after GC invocations=9 (full 1):
 PSYoungGen      total 32256K, used 2784K [0x00000000eb900000, 0x00000000edd00000, 0x0000000100000000)
  eden space 27648K, 0% used [0x00000000eb900000,0x00000000eb900000,0x00000000ed400000)
  from space 4608K, 60% used [0x00000000ed880000,0x00000000edb38060,0x00000000edd00000)
  to   space 4608K, 0% used [0x00000000ed400000,0x00000000ed400000,0x00000000ed880000)
 ParOldGen       total 42496K, used 7602K [0x00000000c2a00000, 0x00000000c5380000, 0x00000000eb900000)
  object space 42496K, 17% used [0x00000000c2a00000,0x00000000c316ca68,0x00000000c5380000)
 Metaspace       used 14114K, capacity 14530K, committed 14592K, reserved 1062912K
  class space    used 1609K, capacity 1751K, committed 1792K, reserved 1048576K
}
Event: 39.657 GC heap before
{Heap before GC invocations=10 (full 1):
 PSYoungGen      total 32256K, used 30432K [0x00000000eb900000, 0x00000000edd00000, 0x0000000100000000)
  eden space 27648K, 100% used [0x00000000eb900000,0x00000000ed400000,0x00000000ed400000)
  from space 4608K, 60% used [0x00000000ed880000,0x00000000edb38060,0x00000000edd00000)
  to   space 4608K, 0% used [0x00000000ed400000,0x00000000ed400000,0x00000000ed880000)
 ParOldGen       total 42496K, used 7602K [0x00000000c2a00000, 0x00000000c5380000, 0x00000000eb900000)
  object space 42496K, 17% used [0x00000000c2a00000,0x00000000c316ca68,0x00000000c5380000)
 Metaspace       used 14133K, capacity 14594K, committed 14848K, reserved 1062912K
  class space    used 1609K, capacity 1751K, committed 1792K, reserved 1048576K

