# JRE version: Java(TM) SE Runtime Environment (8.0_201-b09) (build 1.8.0_201-b09)
# Java VM: Java HotSpot(TM) 64-Bit Server VM (25.201-b09 mixed mode linux-amd64 compressed oops)
Heap:
 PSYoungGen      total 316416K, used 281913K [0x00000000eb900000, 0x00000000ffe00000, 0x0000000100000000)
  eden space 300032K, 92% used [0x00000000eb900000,0x00000000fc7c7ec8,0x00000000fde00000)
  from space 16384K, 28% used [0x00000000fee00000,0x00000000ff286658,0x00000000ffe00000)
  to   space 16384K, 0% used [0x00000000fde00000,0x00000000fde00000,0x00000000fee00000)
 ParOldGen       total 120832K, used 96236K [0x00000000c2a00000, 0x00000000ca000000, 0x00000000eb900000)
  object space 120832K, 79% used [0x00000000c2a00000,0x00000000c87fb210,0x00000000ca000000)
 Metaspace       used 23772K, capacity 24502K, committed 24832K, reserved 1071104K
  class space    used 2529K, capacity 2741K, committed 2816K, reserved 1048576K
GC Heap History (10 events):
Event: 64.617 GC heap before
{Heap before GC invocations=41 (full 3):
 PSYoungGen      total 310784K, used 292367K [0x00000000eb900000, 0x00000000fff80000, 0x0000000100000000)
  eden space 289792K, 100% used [0x00000000eb900000,0x00000000fd400000,0x00000000fd400000)
  from space 20992K, 12% used [0x00000000fd400000,0x00000000fd683fb0,0x00000000fe880000)
  to   space 20480K, 0% used [0x00000000feb80000,0x00000000feb80000,0x00000000fff80000)
 ParOldGen       total 120832K, used 96236K [0x00000000c2a00000, 0x00000000ca000000, 0x00000000eb900000)
  object space 120832K, 79% used [0x00000000c2a00000,0x00000000c87fb210,0x00000000ca000000)
 Metaspace       used 23621K, capacity 24252K, committed 24576K, reserved 1071104K
  class space    used 2515K, capacity 2694K, committed 2816K, reserved 1048576K
Event: 64.622 GC heap after
Heap after GC invocations=41 (full 3):
 PSYoungGen      total 312832K, used 4141K [0x00000000eb900000, 0x00000000ffe80000, 0x0000000100000000)
  eden space 293376K, 0% used [0x00000000eb900000,0x00000000eb900000,0x00000000fd780000)
  from space 19456K, 21% used [0x00000000feb80000,0x00000000fef8b748,0x00000000ffe80000)
  to   space 19968K, 0% used [0x00000000fd780000,0x00000000fd780000,0x00000000feb00000)
 ParOldGen       total 120832K, used 96236K [0x00000000c2a00000, 0x00000000ca000000, 0x00000000eb900000)
  object space 120832K, 79% used [0x00000000c2a00000,0x00000000c87fb210,0x00000000ca000000)
 Metaspace       used 23621K, capacity 24252K, committed 24576K, reserved 1071104K
  class space    used 2515K, capacity 2694K, committed 2816K, reserved 1048576K
}
Event: 65.252 GC heap before
{Heap before GC invocations=42 (full 3):
 PSYoungGen      total 312832K, used 297517K [0x00000000eb900000, 0x00000000ffe80000, 0x0000000100000000)
  eden space 293376K, 100% used [0x00000000eb900000,0x00000000fd780000,0x00000000fd780000)
  from space 19456K, 21% used [0x00000000feb80000,0x00000000fef8b748,0x00000000ffe80000)
  to   space 19968K, 0% used [0x00000000fd780000,0x00000000fd780000,0x00000000feb00000)
 ParOldGen       total 120832K, used 96236K [0x00000000c2a00000, 0x00000000ca000000, 0x00000000eb900000)
  object space 120832K, 79% used [0x00000000c2a00000,0x00000000c87fb210,0x00000000ca000000)
 Metaspace       used 23621K, capacity 24252K, committed 24576K, reserved 1071104K
  class space    used 2515K, capacity 2694K, committed 2816K, reserved 1048576K
Event: 65.257 GC heap after
Heap after GC invocations=42 (full 3):
 PSYoungGen      total 313344K, used 6115K [0x00000000eb900000, 0x00000000ffe80000, 0x0000000100000000)
  eden space 293376K, 0% used [0x00000000eb900000,0x00000000eb900000,0x00000000fd780000)
  from space 19968K, 30% used [0x00000000fd780000,0x00000000fdd78f60,0x00000000feb00000)
  to   space 18944K, 0% used [0x00000000fec00000,0x00000000fec00000,0x00000000ffe80000)
 ParOldGen       total 120832K, used 96236K [0x00000000c2a00000, 0x00000000ca000000, 0x00000000eb900000)
  object space 120832K, 79% used [0x00000000c2a00000,0x00000000c87fb210,0x00000000ca000000)
 Metaspace       used 23621K, capacity 24252K, committed 24576K, reserved 1071104K
  class space    used 2515K, capacity 2694K, committed 2816K, reserved 1048576K
}
Event: 65.577 GC heap before
{Heap before GC invocations=43 (full 3):
 PSYoungGen      total 313344K, used 299491K [0x00000000eb900000, 0x00000000ffe80000, 0x0000000100000000)
  eden space 293376K, 100% used [0x00000000eb900000,0x00000000fd780000,0x00000000fd780000)
  from space 19968K, 30% used [0x00000000fd780000,0x00000000fdd78f60,0x00000000feb00000)
  to   space 18944K, 0% used [0x00000000fec00000,0x00000000fec00000,0x00000000ffe80000)
 ParOldGen       total 120832K, used 96236K [0x00000000c2a00000, 0x00000000ca000000, 0x00000000eb900000)
  object space 120832K, 79% used [0x00000000c2a00000,0x00000000c87fb210,0x00000000ca000000)
 Metaspace       used 23621K, capacity 24252K, committed 24576K, reserved 1071104K
  class space    used 2515K, capacity 2694K, committed 2816K, reserved 1048576K
Event: 65.588 GC heap after
Heap after GC invocations=43 (full 3):
 PSYoungGen      total 313344K, used 5548K [0x00000000eb900000, 0x00000000ffd00000, 0x0000000100000000)
  eden space 295936K, 0% used [0x00000000eb900000,0x00000000eb900000,0x00000000fda00000)
  from space 17408K, 31% used [0x00000000fec00000,0x00000000ff16b370,0x00000000ffd00000)
  to   space 17920K, 0% used [0x00000000fda00000,0x00000000fda00000,0x00000000feb80000)
 ParOldGen       total 120832K, used 96236K [0x00000000c2a00000, 0x00000000ca000000, 0x00000000eb900000)
  object space 120832K, 79% used [0x00000000c2a00000,0x00000000c87fb210,0x00000000ca000000)
 Metaspace       used 23621K, capacity 24252K, committed 24576K, reserved 1071104K
  class space    used 2515K, capacity 2694K, committed 2816K, reserved 1048576K
}
Event: 65.847 GC heap before
{Heap before GC invocations=44 (full 3):
 PSYoungGen      total 313344K, used 301484K [0x00000000eb900000, 0x00000000ffd00000, 0x0000000100000000)
  eden space 295936K, 100% used [0x00000000eb900000,0x00000000fda00000,0x00000000fda00000)
  from space 17408K, 31% used [0x00000000fec00000,0x00000000ff16b370,0x00000000ffd00000)
  to   space 17920K, 0% used [0x00000000fda00000,0x00000000fda00000,0x00000000feb80000)
 ParOldGen       total 120832K, used 96236K [0x00000000c2a00000, 0x00000000ca000000, 0x00000000eb900000)
  object space 120832K, 79% used [0x00000000c2a00000,0x00000000c87fb210,0x00000000ca000000)
 Metaspace       used 23623K, capacity 24316K, committed 24576K, reserved 1071104K
  class space    used 2515K, capacity 2694K, committed 2816K, reserved 1048576K
Event: 65.850 GC heap after
Heap after GC invocations=44 (full 3):
 PSYoungGen      total 313856K, used 5683K [0x00000000eb900000, 0x00000000ffe80000, 0x0000000100000000)
  eden space 295936K, 0% used [0x00000000eb900000,0x00000000eb900000,0x00000000fda00000)
  from space 17920K, 31% used [0x00000000fda00000,0x00000000fdf8cf88,0x00000000feb80000)
  to   space 16896K, 0% used [0x00000000fee00000,0x00000000fee00000,0x00000000ffe80000)
 ParOldGen       total 120832K, used 96236K [0x00000000c2a00000, 0x00000000ca000000, 0x00000000eb900000)
  object space 120832K, 79% used [0x00000000c2a00000,0x00000000c87fb210,0x00000000ca000000)
 Metaspace       used 23623K, capacity 24316K, committed 24576K, reserved 1071104K
  class space    used 2515K, capacity 2694K, committed 2816K, reserved 1048576K
}
Event: 66.279 GC heap before
{Heap before GC invocations=45 (full 3):
 PSYoungGen      total 313856K, used 301619K [0x00000000eb900000, 0x00000000ffe80000, 0x0000000100000000)
  eden space 295936K, 100% used [0x00000000eb900000,0x00000000fda00000,0x00000000fda00000)
  from space 17920K, 31% used [0x00000000fda00000,0x00000000fdf8cf88,0x00000000feb80000)
  to   space 16896K, 0% used [0x00000000fee00000,0x00000000fee00000,0x00000000ffe80000)
 ParOldGen       total 120832K, used 96236K [0x00000000c2a00000, 0x00000000ca000000, 0x00000000eb900000)
  object space 120832K, 79% used [0x00000000c2a00000,0x00000000c87fb210,0x00000000ca000000)
 Metaspace       used 23623K, capacity 24316K, committed 24576K, reserved 1071104K
  class space    used 2515K, capacity 2694K, committed 2816K, reserved 1048576K
Event: 66.281 GC heap after
Heap after GC invocations=45 (full 3):
 PSYoungGen      total 316416K, used 4633K [0x00000000eb900000, 0x00000000ffe00000, 0x0000000100000000)
  eden space 300032K, 0% used [0x00000000eb900000,0x00000000eb900000,0x00000000fde00000)
  from space 16384K, 28% used [0x00000000fee00000,0x00000000ff286658,0x00000000ffe00000)
  to   space 16384K, 0% used [0x00000000fde00000,0x00000000fde00000,0x00000000fee00000)
 ParOldGen       total 120832K, used 96236K [0x00000000c2a00000, 0x00000000ca000000, 0x00000000eb900000)
  object space 120832K, 79% used [0x00000000c2a00000,0x00000000c87fb210,0x00000000ca000000)
 Metaspace       used 23623K, capacity 24316K, committed 24576K, reserved 1071104K
  class space    used 2515K, capacity 2694K, committed 2816K, reserved 1048576K
}

