# JRE version: Java(TM) SE Runtime Environment (8.0_201-b09) (build 1.8.0_201-b09)
# Java VM: Java HotSpot(TM) 64-Bit Server VM (25.201-b09 mixed mode linux-amd64 compressed oops)
Heap:
 PSYoungGen      total 123904K, used 47184K [0x00000000eb900000, 0x00000000f4500000, 0x0000000100000000)
  eden space 121344K, 36% used [0x00000000eb900000,0x00000000ee49c290,0x00000000f2f80000)
  from space 2560K, 98% used [0x00000000f3780000,0x00000000f39f8110,0x00000000f3a00000)
  to   space 8192K, 0% used [0x00000000f2f80000,0x00000000f2f80000,0x00000000f3780000)
 ParOldGen       total 42496K, used 15867K [0x00000000c2a00000, 0x00000000c5380000, 0x00000000eb900000)
  object space 42496K, 37% used [0x00000000c2a00000,0x00000000c397ec30,0x00000000c5380000)
 Metaspace       used 14638K, capacity 15110K, committed 15360K, reserved 1062912K
  class space    used 1625K, capacity 1733K, committed 1792K, reserved 1048576K
GC Heap History (10 events):
Event: 3.759 GC heap before
{Heap before GC invocations=3 (full 1):
 PSYoungGen      total 34304K, used 2528K [0x00000000eb900000, 0x00000000edd00000, 0x0000000100000000)
  eden space 31744K, 0% used [0x00000000eb900000,0x00000000eb900000,0x00000000ed800000)
  from space 2560K, 98% used [0x00000000eda80000,0x00000000edcf8020,0x00000000edd00000)
  to   space 2560K, 0% used [0x00000000ed800000,0x00000000ed800000,0x00000000eda80000)
 ParOldGen       total 42496K, used 1745K [0x00000000c2a00000, 0x00000000c5380000, 0x00000000eb900000)
  object space 42496K, 4% used [0x00000000c2a00000,0x00000000c2bb4768,0x00000000c5380000)
 Metaspace       used 10201K, capacity 10374K, committed 10624K, reserved 1058816K
  class space    used 1240K, capacity 1326K, committed 1408K, reserved 1048576K
Event: 3.841 GC heap after
Heap after GC invocations=3 (full 1):
 PSYoungGen      total 34304K, used 0K [0x00000000eb900000, 0x00000000edd00000, 0x0000000100000000)
  eden space 31744K, 0% used [0x00000000eb900000,0x00000000eb900000,0x00000000ed800000)
  from space 2560K, 0% used [0x00000000eda80000,0x00000000eda80000,0x00000000edd00000)
  to   space 2560K, 0% used [0x00000000ed800000,0x00000000ed800000,0x00000000eda80000)
 ParOldGen       total 42496K, used 2644K [0x00000000c2a00000, 0x00000000c5380000, 0x00000000eb900000)
  object space 42496K, 6% used [0x00000000c2a00000,0x00000000c2c95298,0x00000000c5380000)
 Metaspace       used 10193K, capacity 10364K, committed 10624K, reserved 1058816K
  class space    used 1238K, capacity 1324K, committed 1408K, reserved 1048576K
}
Event: 48.634 GC heap before
{Heap before GC invocations=4 (full 1):
 PSYoungGen      total 34304K, used 31744K [0x00000000eb900000, 0x00000000edd00000, 0x0000000100000000)
  eden space 31744K, 100% used [0x00000000eb900000,0x00000000ed800000,0x00000000ed800000)
  from space 2560K, 0% used [0x00000000eda80000,0x00000000eda80000,0x00000000edd00000)
  to   space 2560K, 0% used [0x00000000ed800000,0x00000000ed800000,0x00000000eda80000)
 ParOldGen       total 42496K, used 2644K [0x00000000c2a00000, 0x00000000c5380000, 0x00000000eb900000)
  object space 42496K, 6% used [0x00000000c2a00000,0x00000000c2c95298,0x00000000c5380000)
 Metaspace       used 13687K, capacity 14084K, committed 14336K, reserved 1062912K
  class space    used 1594K, capacity 1708K, committed 1792K, reserved 1048576K
Event: 48.643 GC heap after
Heap after GC invocations=4 (full 1):
 PSYoungGen      total 34304K, used 2550K [0x00000000eb900000, 0x00000000efc00000, 0x0000000100000000)
  eden space 31744K, 0% used [0x00000000eb900000,0x00000000eb900000,0x00000000ed800000)
  from space 2560K, 99% used [0x00000000ed800000,0x00000000eda7d840,0x00000000eda80000)
  to   space 2560K, 0% used [0x00000000ef980000,0x00000000ef980000,0x00000000efc00000)
 ParOldGen       total 42496K, used 5290K [0x00000000c2a00000, 0x00000000c5380000, 0x00000000eb900000)
  object space 42496K, 12% used [0x00000000c2a00000,0x00000000c2f2a838,0x00000000c5380000)
 Metaspace       used 13687K, capacity 14084K, committed 14336K, reserved 1062912K
  class space    used 1594K, capacity 1708K, committed 1792K, reserved 1048576K
}
Event: 50.870 GC heap before
{Heap before GC invocations=5 (full 1):
 PSYoungGen      total 34304K, used 34294K [0x00000000eb900000, 0x00000000efc00000, 0x0000000100000000)
  eden space 31744K, 100% used [0x00000000eb900000,0x00000000ed800000,0x00000000ed800000)
  from space 2560K, 99% used [0x00000000ed800000,0x00000000eda7d840,0x00000000eda80000)
  to   space 2560K, 0% used [0x00000000ef980000,0x00000000ef980000,0x00000000efc00000)
 ParOldGen       total 42496K, used 5290K [0x00000000c2a00000, 0x00000000c5380000, 0x00000000eb900000)
  object space 42496K, 12% used [0x00000000c2a00000,0x00000000c2f2a838,0x00000000c5380000)
 Metaspace       used 13828K, capacity 14212K, committed 14336K, reserved 1062912K
  class space    used 1594K, capacity 1708K, committed 1792K, reserved 1048576K
Event: 51.910 GC heap after
Heap after GC invocations=5 (full 1):
 PSYoungGen      total 66048K, used 2534K [0x00000000eb900000, 0x00000000efc00000, 0x0000000100000000)
  eden space 63488K, 0% used [0x00000000eb900000,0x00000000eb900000,0x00000000ef700000)
  from space 2560K, 98% used [0x00000000ef980000,0x00000000efbf9890,0x00000000efc00000)
  to   space 2560K, 0% used [0x00000000ef700000,0x00000000ef700000,0x00000000ef980000)
 ParOldGen       total 42496K, used 8034K [0x00000000c2a00000, 0x00000000c5380000, 0x00000000eb900000)
  object space 42496K, 18% used [0x00000000c2a00000,0x00000000c31d8ab0,0x00000000c5380000)
 Metaspace       used 13828K, capacity 14212K, committed 14336K, reserved 1062912K
  class space    used 1594K, capacity 1708K, committed 1792K, reserved 1048576K
}
Event: 54.746 GC heap before
{Heap before GC invocations=6 (full 1):
 PSYoungGen      total 66048K, used 66022K [0x00000000eb900000, 0x00000000efc00000, 0x0000000100000000)
  eden space 63488K, 100% used [0x00000000eb900000,0x00000000ef700000,0x00000000ef700000)
  from space 2560K, 98% used [0x00000000ef980000,0x00000000efbf9890,0x00000000efc00000)
  to   space 2560K, 0% used [0x00000000ef700000,0x00000000ef700000,0x00000000ef980000)
 ParOldGen       total 42496K, used 8034K [0x00000000c2a00000, 0x00000000c5380000, 0x00000000eb900000)
  object space 42496K, 18% used [0x00000000c2a00000,0x00000000c31d8ab0,0x00000000c5380000)
 Metaspace       used 13926K, capacity 14340K, committed 14592K, reserved 1062912K
  class space    used 1594K, capacity 1708K, committed 1792K, reserved 1048576K
Event: 54.775 GC heap after
Heap after GC invocations=6 (full 1):
 PSYoungGen      total 66048K, used 2544K [0x00000000eb900000, 0x00000000f3a00000, 0x0000000100000000)
  eden space 63488K, 0% used [0x00000000eb900000,0x00000000eb900000,0x00000000ef700000)
  from space 2560K, 99% used [0x00000000ef700000,0x00000000ef97c0a0,0x00000000ef980000)
  to   space 2560K, 0% used [0x00000000f3780000,0x00000000f3780000,0x00000000f3a00000)
 ParOldGen       total 42496K, used 12202K [0x00000000c2a00000, 0x00000000c5380000, 0x00000000eb900000)
  object space 42496K, 28% used [0x00000000c2a00000,0x00000000c35ea9c8,0x00000000c5380000)
 Metaspace       used 13926K, capacity 14340K, committed 14592K, reserved 1062912K
  class space    used 1594K, capacity 1708K, committed 1792K, reserved 1048576K
}
Event: 57.758 GC heap before
{Heap before GC invocations=7 (full 1):
 PSYoungGen      total 66048K, used 66032K [0x00000000eb900000, 0x00000000f3a00000, 0x0000000100000000)
  eden space 63488K, 100% used [0x00000000eb900000,0x00000000ef700000,0x00000000ef700000)
  from space 2560K, 99% used [0x00000000ef700000,0x00000000ef97c0a0,0x00000000ef980000)
  to   space 2560K, 0% used [0x00000000f3780000,0x00000000f3780000,0x00000000f3a00000)
 ParOldGen       total 42496K, used 12202K [0x00000000c2a00000, 0x00000000c5380000, 0x00000000eb900000)
  object space 42496K, 28% used [0x00000000c2a00000,0x00000000c35ea9c8,0x00000000c5380000)
 Metaspace       used 13983K, capacity 14404K, committed 14592K, reserved 1062912K
  class space    used 1594K, capacity 1708K, committed 1792K, reserved 1048576K
Event: 57.801 GC heap after
Heap after GC invocations=7 (full 1):
 PSYoungGen      total 123904K, used 2528K [0x00000000eb900000, 0x00000000f4500000, 0x0000000100000000)
  eden space 121344K, 0% used [0x00000000eb900000,0x00000000eb900000,0x00000000f2f80000)
  from space 2560K, 98% used [0x00000000f3780000,0x00000000f39f8110,0x00000000f3a00000)
  to   space 8192K, 0% used [0x00000000f2f80000,0x00000000f2f80000,0x00000000f3780000)
 ParOldGen       total 42496K, used 15867K [0x00000000c2a00000, 0x00000000c5380000, 0x00000000eb900000)
  object space 42496K, 37% used [0x00000000c2a00000,0x00000000c397ec30,0x00000000c5380000)
 Metaspace       used 13983K, capacity 14404K, committed 14592K, reserved 1062912K
  class space    used 1594K, capacity 1708K, committed 1792K, reserved 1048576K
}

