# JRE version: Java(TM) SE Runtime Environment (8.0_201-b09) (build 1.8.0_201-b09)
# Java VM: Java HotSpot(TM) 64-Bit Server VM (25.201-b09 mixed mode linux-amd64 compressed oops)
Heap:
 PSYoungGen      total 315392K, used 146799K [0x00000000eb900000, 0x00000000ffe00000, 0x0000000100000000)
  eden space 301056K, 46% used [0x00000000eb900000,0x00000000f40c7ce8,0x00000000fdf00000)
  from space 14336K, 54% used [0x00000000ff000000,0x00000000ff794030,0x00000000ffe00000)
  to   space 15872K, 0% used [0x00000000fdf00000,0x00000000fdf00000,0x00000000fee80000)
 ParOldGen       total 75776K, used 59221K [0x00000000c2a00000, 0x00000000c7400000, 0x00000000eb900000)
  object space 75776K, 78% used [0x00000000c2a00000,0x00000000c63d5728,0x00000000c7400000)
 Metaspace       used 23709K, capacity 24314K, committed 24576K, reserved 1071104K
  class space    used 2521K, capacity 2695K, committed 2816K, reserved 1048576K
GC Heap History (10 events):
Event: 26.693 GC heap before
{Heap before GC invocations=16 (full 1):
 PSYoungGen      total 246784K, used 241920K [0x00000000eb900000, 0x00000000fb100000, 0x0000000100000000)
  eden space 241152K, 100% used [0x00000000eb900000,0x00000000fa480000,0x00000000fa480000)
  from space 5632K, 13% used [0x00000000faa80000,0x00000000fab40000,0x00000000fb000000)
  to   space 6144K, 0% used [0x00000000fa480000,0x00000000fa480000,0x00000000faa80000)
 ParOldGen       total 42496K, used 22680K [0x00000000c2a00000, 0x00000000c5380000, 0x00000000eb900000)
  object space 42496K, 53% used [0x00000000c2a00000,0x00000000c40262c8,0x00000000c5380000)
 Metaspace       used 18984K, capacity 19260K, committed 19712K, reserved 1067008K
  class space    used 2138K, capacity 2228K, committed 2304K, reserved 1048576K
Event: 26.907 GC heap after
Heap after GC invocations=16 (full 1):
 PSYoungGen      total 247296K, used 6128K [0x00000000eb900000, 0x0000000100000000, 0x0000000100000000)
  eden space 241152K, 0% used [0x00000000eb900000,0x00000000eb900000,0x00000000fa480000)
  from space 6144K, 99% used [0x00000000fa480000,0x00000000faa7c160,0x00000000faa80000)
  to   space 13312K, 0% used [0x00000000ff300000,0x00000000ff300000,0x0000000100000000)
 ParOldGen       total 42496K, used 39726K [0x00000000c2a00000, 0x00000000c5380000, 0x00000000eb900000)
  object space 42496K, 93% used [0x00000000c2a00000,0x00000000c50cbbe0,0x00000000c5380000)
 Metaspace       used 18984K, capacity 19260K, committed 19712K, reserved 1067008K
  class space    used 2138K, capacity 2228K, committed 2304K, reserved 1048576K
}
Event: 26.907 GC heap before
{Heap before GC invocations=17 (full 2):
 PSYoungGen      total 247296K, used 6128K [0x00000000eb900000, 0x0000000100000000, 0x0000000100000000)
  eden space 241152K, 0% used [0x00000000eb900000,0x00000000eb900000,0x00000000fa480000)
  from space 6144K, 99% used [0x00000000fa480000,0x00000000faa7c160,0x00000000faa80000)
  to   space 13312K, 0% used [0x00000000ff300000,0x00000000ff300000,0x0000000100000000)
 ParOldGen       total 42496K, used 39726K [0x00000000c2a00000, 0x00000000c5380000, 0x00000000eb900000)
  object space 42496K, 93% used [0x00000000c2a00000,0x00000000c50cbbe0,0x00000000c5380000)
 Metaspace       used 18984K, capacity 19260K, committed 19712K, reserved 1067008K
  class space    used 2138K, capacity 2228K, committed 2304K, reserved 1048576K
Event: 27.739 GC heap after
Heap after GC invocations=17 (full 2):
 PSYoungGen      total 247296K, used 0K [0x00000000eb900000, 0x0000000100000000, 0x0000000100000000)
  eden space 241152K, 0% used [0x00000000eb900000,0x00000000eb900000,0x00000000fa480000)
  from space 6144K, 0% used [0x00000000fa480000,0x00000000fa480000,0x00000000faa80000)
  to   space 13312K, 0% used [0x00000000ff300000,0x00000000ff300000,0x0000000100000000)
 ParOldGen       total 75776K, used 40711K [0x00000000c2a00000, 0x00000000c7400000, 0x00000000eb900000)
  object space 75776K, 53% used [0x00000000c2a00000,0x00000000c51c1f98,0x00000000c7400000)
 Metaspace       used 18984K, capacity 19260K, committed 19712K, reserved 1067008K
  class space    used 2138K, capacity 2228K, committed 2304K, reserved 1048576K
}
Event: 37.776 GC heap before
{Heap before GC invocations=18 (full 2):
 PSYoungGen      total 247296K, used 241152K [0x00000000eb900000, 0x0000000100000000, 0x0000000100000000)
  eden space 241152K, 100% used [0x00000000eb900000,0x00000000fa480000,0x00000000fa480000)
  from space 6144K, 0% used [0x00000000fa480000,0x00000000fa480000,0x00000000faa80000)
  to   space 13312K, 0% used [0x00000000ff300000,0x00000000ff300000,0x0000000100000000)
 ParOldGen       total 75776K, used 40711K [0x00000000c2a00000, 0x00000000c7400000, 0x00000000eb900000)
  object space 75776K, 53% used [0x00000000c2a00000,0x00000000c51c1f98,0x00000000c7400000)
 Metaspace       used 22264K, capacity 22636K, committed 22784K, reserved 1069056K
  class space    used 2427K, capacity 2544K, committed 2560K, reserved 1048576K
Event: 37.882 GC heap after
Heap after GC invocations=18 (full 2):
 PSYoungGen      total 309248K, used 13284K [0x00000000eb900000, 0x0000000100000000, 0x0000000100000000)
  eden space 295936K, 0% used [0x00000000eb900000,0x00000000eb900000,0x00000000fda00000)
  from space 13312K, 99% used [0x00000000ff300000,0x00000000ffff92d8,0x0000000100000000)
  to   space 17408K, 0% used [0x00000000fde00000,0x00000000fde00000,0x00000000fef00000)
 ParOldGen       total 75776K, used 46036K [0x00000000c2a00000, 0x00000000c7400000, 0x00000000eb900000)
  object space 75776K, 60% used [0x00000000c2a00000,0x00000000c56f51c8,0x00000000c7400000)
 Metaspace       used 22264K, capacity 22636K, committed 22784K, reserved 1069056K
  class space    used 2427K, capacity 2544K, committed 2560K, reserved 1048576K
}
Event: 54.268 GC heap before
{Heap before GC invocations=19 (full 2):
 PSYoungGen      total 309248K, used 309220K [0x00000000eb900000, 0x0000000100000000, 0x0000000100000000)
  eden space 295936K, 100% used [0x00000000eb900000,0x00000000fda00000,0x00000000fda00000)
  from space 13312K, 99% used [0x00000000ff300000,0x00000000ffff92d8,0x0000000100000000)
  to   space 17408K, 0% used [0x00000000fde00000,0x00000000fde00000,0x00000000fef00000)
 ParOldGen       total 75776K, used 46036K [0x00000000c2a00000, 0x00000000c7400000, 0x00000000eb900000)
  object space 75776K, 60% used [0x00000000c2a00000,0x00000000c56f51c8,0x00000000c7400000)
 Metaspace       used 23530K, capacity 24214K, committed 24576K, reserved 1071104K
  class space    used 2509K, capacity 2689K, committed 2816K, reserved 1048576K
Event: 54.403 GC heap after
Heap after GC invocations=19 (full 2):
 PSYoungGen      total 317440K, used 6260K [0x00000000eb900000, 0x0000000100000000, 0x0000000100000000)
  eden space 300032K, 0% used [0x00000000eb900000,0x00000000eb900000,0x00000000fde00000)
  from space 17408K, 35% used [0x00000000fde00000,0x00000000fe41d158,0x00000000fef00000)
  to   space 16384K, 0% used [0x00000000ff000000,0x00000000ff000000,0x0000000100000000)
 ParOldGen       total 75776K, used 59213K [0x00000000c2a00000, 0x00000000c7400000, 0x00000000eb900000)
  object space 75776K, 78% used [0x00000000c2a00000,0x00000000c63d3728,0x00000000c7400000)
 Metaspace       used 23530K, capacity 24214K, committed 24576K, reserved 1071104K
  class space    used 2509K, capacity 2689K, committed 2816K, reserved 1048576K
}
Event: 63.106 GC heap before
{Heap before GC invocations=20 (full 2):
 PSYoungGen      total 317440K, used 306292K [0x00000000eb900000, 0x0000000100000000, 0x0000000100000000)
  eden space 300032K, 100% used [0x00000000eb900000,0x00000000fde00000,0x00000000fde00000)
  from space 17408K, 35% used [0x00000000fde00000,0x00000000fe41d158,0x00000000fef00000)
  to   space 16384K, 0% used [0x00000000ff000000,0x00000000ff000000,0x0000000100000000)
 ParOldGen       total 75776K, used 59213K [0x00000000c2a00000, 0x00000000c7400000, 0x00000000eb900000)
  object space 75776K, 78% used [0x00000000c2a00000,0x00000000c63d3728,0x00000000c7400000)
 Metaspace       used 23657K, capacity 24244K, committed 24576K, reserved 1071104K
  class space    used 2521K, capacity 2694K, committed 2816K, reserved 1048576K
Event: 63.152 GC heap after
Heap after GC invocations=20 (full 2):
 PSYoungGen      total 315392K, used 7760K [0x00000000eb900000, 0x00000000ffe00000, 0x0000000100000000)
  eden space 301056K, 0% used [0x00000000eb900000,0x00000000eb900000,0x00000000fdf00000)
  from space 14336K, 54% used [0x00000000ff000000,0x00000000ff794030,0x00000000ffe00000)
  to   space 15872K, 0% used [0x00000000fdf00000,0x00000000fdf00000,0x00000000fee80000)
 ParOldGen       total 75776K, used 59221K [0x00000000c2a00000, 0x00000000c7400000, 0x00000000eb900000)
  object space 75776K, 78% used [0x00000000c2a00000,0x00000000c63d5728,0x00000000c7400000)
 Metaspace       used 23657K, capacity 24244K, committed 24576K, reserved 1071104K
  class space    used 2521K, capacity 2694K, committed 2816K, reserved 1048576K
}

