# JRE version: Java(TM) SE Runtime Environment (8.0_201-b09) (build 1.8.0_201-b09)
# Java VM: Java HotSpot(TM) 64-Bit Server VM (25.201-b09 mixed mode linux-amd64 compressed oops)
Heap:
 PSYoungGen      total 118784K, used 4624K [0x00000000eb900000, 0x00000000f5400000, 0x0000000100000000)
  eden space 113152K, 0% used [0x00000000eb900000,0x00000000eb900000,0x00000000f2780000)
  from space 5632K, 82% used [0x00000000f4e80000,0x00000000f53041b0,0x00000000f5400000)
  to   space 5632K, 0% used [0x00000000f2780000,0x00000000f2780000,0x00000000f2d00000)
 ParOldGen       total 42496K, used 14544K [0x00000000c2a00000, 0x00000000c5380000, 0x00000000eb900000)
  object space 42496K, 34% used [0x00000000c2a00000,0x00000000c38342f8,0x00000000c5380000)
 Metaspace       used 13930K, capacity 14334K, committed 14592K, reserved 1062912K
  class space    used 1594K, capacity 1707K, committed 1792K, reserved 1048576K
GC Heap History (10 events):
Event: 55.189 GC heap after
Heap after GC invocations=8 (full 1):
 PSYoungGen      total 34304K, used 4116K [0x00000000eb900000, 0x00000000efc00000, 0x0000000100000000)
  eden space 29184K, 0% used [0x00000000eb900000,0x00000000eb900000,0x00000000ed580000)
  from space 5120K, 80% used [0x00000000ed580000,0x00000000ed985120,0x00000000eda80000)
  to   space 5120K, 0% used [0x00000000ef700000,0x00000000ef700000,0x00000000efc00000)
 ParOldGen       total 42496K, used 6022K [0x00000000c2a00000, 0x00000000c5380000, 0x00000000eb900000)
  object space 42496K, 14% used [0x00000000c2a00000,0x00000000c2fe1ad0,0x00000000c5380000)
 Metaspace       used 13827K, capacity 14206K, committed 14336K, reserved 1062912K
  class space    used 1594K, capacity 1707K, committed 1792K, reserved 1048576K
}
Event: 55.850 GC heap before
{Heap before GC invocations=9 (full 1):
 PSYoungGen      total 34304K, used 33300K [0x00000000eb900000, 0x00000000efc00000, 0x0000000100000000)
  eden space 29184K, 100% used [0x00000000eb900000,0x00000000ed580000,0x00000000ed580000)
  from space 5120K, 80% used [0x00000000ed580000,0x00000000ed985120,0x00000000eda80000)
  to   space 5120K, 0% used [0x00000000ef700000,0x00000000ef700000,0x00000000efc00000)
 ParOldGen       total 42496K, used 6022K [0x00000000c2a00000, 0x00000000c5380000, 0x00000000eb900000)
  object space 42496K, 14% used [0x00000000c2a00000,0x00000000c2fe1ad0,0x00000000c5380000)
 Metaspace       used 13845K, capacity 14206K, committed 14336K, reserved 1062912K
  class space    used 1594K, capacity 1707K, committed 1792K, reserved 1048576K
Event: 55.868 GC heap after
Heap after GC invocations=9 (full 1):
 PSYoungGen      total 62464K, used 5088K [0x00000000eb900000, 0x00000000efe00000, 0x0000000100000000)
  eden space 57344K, 0% used [0x00000000eb900000,0x00000000eb900000,0x00000000ef100000)
  from space 5120K, 99% used [0x00000000ef700000,0x00000000efbf8020,0x00000000efc00000)
  to   space 6144K, 0% used [0x00000000ef100000,0x00000000ef100000,0x00000000ef700000)
 ParOldGen       total 42496K, used 6843K [0x00000000c2a00000, 0x00000000c5380000, 0x00000000eb900000)
  object space 42496K, 16% used [0x00000000c2a00000,0x00000000c30aed50,0x00000000c5380000)
 Metaspace       used 13845K, capacity 14206K, committed 14336K, reserved 1062912K
  class space    used 1594K, capacity 1707K, committed 1792K, reserved 1048576K
}
Event: 56.747 GC heap before
{Heap before GC invocations=10 (full 1):
 PSYoungGen      total 62464K, used 62432K [0x00000000eb900000, 0x00000000efe00000, 0x0000000100000000)
  eden space 57344K, 100% used [0x00000000eb900000,0x00000000ef100000,0x00000000ef100000)
  from space 5120K, 99% used [0x00000000ef700000,0x00000000efbf8020,0x00000000efc00000)
  to   space 6144K, 0% used [0x00000000ef100000,0x00000000ef100000,0x00000000ef700000)
 ParOldGen       total 42496K, used 6843K [0x00000000c2a00000, 0x00000000c5380000, 0x00000000eb900000)
  object space 42496K, 16% used [0x00000000c2a00000,0x00000000c30aed50,0x00000000c5380000)
 Metaspace       used 13879K, capacity 14270K, committed 14592K, reserved 1062912K
  class space    used 1594K, capacity 1707K, committed 1792K, reserved 1048576K
Event: 56.757 GC heap after
Heap after GC invocations=10 (full 1):
 PSYoungGen      total 63488K, used 4016K [0x00000000eb900000, 0x00000000f3400000, 0x0000000100000000)
  eden space 57344K, 0% used [0x00000000eb900000,0x00000000eb900000,0x00000000ef100000)
  from space 6144K, 65% used [0x00000000ef100000,0x00000000ef4ec010,0x00000000ef700000)
  to   space 5632K, 0% used [0x00000000f2e80000,0x00000000f2e80000,0x00000000f3400000)
 ParOldGen       total 42496K, used 8499K [0x00000000c2a00000, 0x00000000c5380000, 0x00000000eb900000)
  object space 42496K, 20% used [0x00000000c2a00000,0x00000000c324cd70,0x00000000c5380000)
 Metaspace       used 13879K, capacity 14270K, committed 14592K, reserved 1062912K
  class space    used 1594K, capacity 1707K, committed 1792K, reserved 1048576K
}
Event: 57.589 GC heap before
{Heap before GC invocations=11 (full 1):
 PSYoungGen      total 63488K, used 61360K [0x00000000eb900000, 0x00000000f3400000, 0x0000000100000000)
  eden space 57344K, 100% used [0x00000000eb900000,0x00000000ef100000,0x00000000ef100000)
  from space 6144K, 65% used [0x00000000ef100000,0x00000000ef4ec010,0x00000000ef700000)
  to   space 5632K, 0% used [0x00000000f2e80000,0x00000000f2e80000,0x00000000f3400000)
 ParOldGen       total 42496K, used 8499K [0x00000000c2a00000, 0x00000000c5380000, 0x00000000eb900000)
  object space 42496K, 20% used [0x00000000c2a00000,0x00000000c324cd70,0x00000000c5380000)
 Metaspace       used 13890K, capacity 14270K, committed 14592K, reserved 1062912K
  class space    used 1594K, capacity 1707K, committed 1792K, reserved 1048576K
Event: 57.610 GC heap after
Heap after GC invocations=11 (full 1):
 PSYoungGen      total 96256K, used 4016K [0x00000000eb900000, 0x00000000f3280000, 0x0000000100000000)
  eden space 92160K, 0% used [0x00000000eb900000,0x00000000eb900000,0x00000000f1300000)
  from space 4096K, 98% used [0x00000000f2e80000,0x00000000f326c020,0x00000000f3280000)
  to   space 5632K, 0% used [0x00000000f2780000,0x00000000f2780000,0x00000000f2d00000)
 ParOldGen       total 42496K, used 10148K [0x00000000c2a00000, 0x00000000c5380000, 0x00000000eb900000)
  object space 42496K, 23% used [0x00000000c2a00000,0x00000000c33e9348,0x00000000c5380000)
 Metaspace       used 13890K, capacity 14270K, committed 14592K, reserved 1062912K
  class space    used 1594K, capacity 1707K, committed 1792K, reserved 1048576K
}
Event: 58.749 GC heap before
{Heap before GC invocations=12 (full 1):
 PSYoungGen      total 96256K, used 96176K [0x00000000eb900000, 0x00000000f3280000, 0x0000000100000000)
  eden space 92160K, 100% used [0x00000000eb900000,0x00000000f1300000,0x00000000f1300000)
  from space 4096K, 98% used [0x00000000f2e80000,0x00000000f326c020,0x00000000f3280000)
  to   space 5632K, 0% used [0x00000000f2780000,0x00000000f2780000,0x00000000f2d00000)
 ParOldGen       total 42496K, used 10148K [0x00000000c2a00000, 0x00000000c5380000, 0x00000000eb900000)
  object space 42496K, 23% used [0x00000000c2a00000,0x00000000c33e9348,0x00000000c5380000)
 Metaspace       used 13906K, capacity 14270K, committed 14592K, reserved 1062912K
  class space    used 1594K, capacity 1707K, committed 1792K, reserved 1048576K
Event: 58.773 GC heap after
Heap after GC invocations=12 (full 1):
 PSYoungGen      total 118784K, used 2304K [0x00000000eb900000, 0x00000000f5400000, 0x0000000100000000)
  eden space 113152K, 0% used [0x00000000eb900000,0x00000000eb900000,0x00000000f2780000)
  from space 5632K, 40% used [0x00000000f2780000,0x00000000f29c0010,0x00000000f2d00000)
  to   space 5632K, 0% used [0x00000000f4e80000,0x00000000f4e80000,0x00000000f5400000)
 ParOldGen       total 42496K, used 12475K [0x00000000c2a00000, 0x00000000c5380000, 0x00000000eb900000)
  object space 42496K, 29% used [0x00000000c2a00000,0x00000000c362ee40,0x00000000c5380000)
 Metaspace       used 13906K, capacity 14270K, committed 14592K, reserved 1062912K
  class space    used 1594K, capacity 1707K, committed 1792K, reserved 1048576K
}
Event: 60.748 GC heap before
{Heap before GC invocations=13 (full 1):
 PSYoungGen      total 118784K, used 115456K [0x00000000eb900000, 0x00000000f5400000, 0x0000000100000000)
  eden space 113152K, 100% used [0x00000000eb900000,0x00000000f2780000,0x00000000f2780000)
  from space 5632K, 40% used [0x00000000f2780000,0x00000000f29c0010,0x00000000f2d00000)
  to   space 5632K, 0% used [0x00000000f4e80000,0x00000000f4e80000,0x00000000f5400000)
 ParOldGen       total 42496K, used 12475K [0x00000000c2a00000, 0x00000000c5380000, 0x00000000eb900000)
  object space 42496K, 29% used [0x00000000c2a00000,0x00000000c362ee40,0x00000000c5380000)
 Metaspace       used 13930K, capacity 14334K, committed 14592K, reserved 1062912K
  class space    used 1594K, capacity 1707K, committed 1792K, reserved 1048576K

