# JRE version: Java(TM) SE Runtime Environment (8.0_201-b09) (build 1.8.0_201-b09)
# Java VM: Java HotSpot(TM) 64-Bit Server VM (25.201-b09 mixed mode linux-amd64 compressed oops)
Heap:
 PSYoungGen      total 66048K, used 60831K [0x00000000eb900000, 0x00000000f3b00000, 0x0000000100000000)
  eden space 59392K, 91% used [0x00000000eb900000,0x00000000eedebd20,0x00000000ef300000)
  from space 6656K, 99% used [0x00000000ef300000,0x00000000ef97c060,0x00000000ef980000)
  to   space 7168K, 0% used [0x00000000f3400000,0x00000000f3400000,0x00000000f3b00000)
 ParOldGen       total 42496K, used 14249K [0x00000000c2a00000, 0x00000000c5380000, 0x00000000eb900000)
  object space 42496K, 33% used [0x00000000c2a00000,0x00000000c37ea758,0x00000000c5380000)
 Metaspace       used 15975K, capacity 16508K, committed 16640K, reserved 1064960K
  class space    used 1756K, capacity 1936K, committed 2048K, reserved 1048576K
GC Heap History (10 events):
Event: 3.089 GC heap before
{Heap before GC invocations=4 (full 0):
 PSYoungGen      total 18432K, used 16331K [0x00000000eb900000, 0x00000000edd00000, 0x0000000100000000)
  eden space 15872K, 86% used [0x00000000eb900000,0x00000000ec67aec0,0x00000000ec880000)
  from space 2560K, 98% used [0x00000000ec880000,0x00000000ecaf8010,0x00000000ecb00000)
  to   space 2560K, 0% used [0x00000000eda80000,0x00000000eda80000,0x00000000edd00000)
 ParOldGen       total 42496K, used 7606K [0x00000000c2a00000, 0x00000000c5380000, 0x00000000eb900000)
  object space 42496K, 17% used [0x00000000c2a00000,0x00000000c316d810,0x00000000c5380000)
 Metaspace       used 10159K, capacity 10316K, committed 10624K, reserved 1058816K
  class space    used 1225K, capacity 1287K, committed 1408K, reserved 1048576K
Event: 3.103 GC heap after
Heap after GC invocations=4 (full 0):
 PSYoungGen      total 34304K, used 2528K [0x00000000eb900000, 0x00000000edd00000, 0x0000000100000000)
  eden space 31744K, 0% used [0x00000000eb900000,0x00000000eb900000,0x00000000ed800000)
  from space 2560K, 98% used [0x00000000eda80000,0x00000000edcf8010,0x00000000edd00000)
  to   space 2560K, 0% used [0x00000000ed800000,0x00000000ed800000,0x00000000eda80000)
 ParOldGen       total 42496K, used 9994K [0x00000000c2a00000, 0x00000000c5380000, 0x00000000eb900000)
  object space 42496K, 23% used [0x00000000c2a00000,0x00000000c33c2bc8,0x00000000c5380000)
 Metaspace       used 10159K, capacity 10316K, committed 10624K, reserved 1058816K
  class space    used 1225K, capacity 1287K, committed 1408K, reserved 1048576K
}
Event: 3.103 GC heap before
{Heap before GC invocations=5 (full 1):
 PSYoungGen      total 34304K, used 2528K [0x00000000eb900000, 0x00000000edd00000, 0x0000000100000000)
  eden space 31744K, 0% used [0x00000000eb900000,0x00000000eb900000,0x00000000ed800000)
  from space 2560K, 98% used [0x00000000eda80000,0x00000000edcf8010,0x00000000edd00000)
  to   space 2560K, 0% used [0x00000000ed800000,0x00000000ed800000,0x00000000eda80000)
 ParOldGen       total 42496K, used 9994K [0x00000000c2a00000, 0x00000000c5380000, 0x00000000eb900000)
  object space 42496K, 23% used [0x00000000c2a00000,0x00000000c33c2bc8,0x00000000c5380000)
 Metaspace       used 10159K, capacity 10316K, committed 10624K, reserved 1058816K
  class space    used 1225K, capacity 1287K, committed 1408K, reserved 1048576K
Event: 3.340 GC heap after
Heap after GC invocations=5 (full 1):
 PSYoungGen      total 34304K, used 0K [0x00000000eb900000, 0x00000000edd00000, 0x0000000100000000)
  eden space 31744K, 0% used [0x00000000eb900000,0x00000000eb900000,0x00000000ed800000)
  from space 2560K, 0% used [0x00000000eda80000,0x00000000eda80000,0x00000000edd00000)
  to   space 2560K, 0% used [0x00000000ed800000,0x00000000ed800000,0x00000000eda80000)
 ParOldGen       total 42496K, used 10839K [0x00000000c2a00000, 0x00000000c5380000, 0x00000000eb900000)
  object space 42496K, 25% used [0x00000000c2a00000,0x00000000c3495c08,0x00000000c5380000)
 Metaspace       used 10151K, capacity 10306K, committed 10624K, reserved 1058816K
  class space    used 1223K, capacity 1285K, committed 1408K, reserved 1048576K
}
Event: 49.768 GC heap before
{Heap before GC invocations=6 (full 1):
 PSYoungGen      total 34304K, used 31744K [0x00000000eb900000, 0x00000000edd00000, 0x0000000100000000)
  eden space 31744K, 100% used [0x00000000eb900000,0x00000000ed800000,0x00000000ed800000)
  from space 2560K, 0% used [0x00000000eda80000,0x00000000eda80000,0x00000000edd00000)
  to   space 2560K, 0% used [0x00000000ed800000,0x00000000ed800000,0x00000000eda80000)
 ParOldGen       total 42496K, used 10839K [0x00000000c2a00000, 0x00000000c5380000, 0x00000000eb900000)
  object space 42496K, 25% used [0x00000000c2a00000,0x00000000c3495c08,0x00000000c5380000)
 Metaspace       used 13693K, capacity 14058K, committed 14336K, reserved 1062912K
  class space    used 1589K, capacity 1704K, committed 1792K, reserved 1048576K
Event: 50.250 GC heap after
Heap after GC invocations=6 (full 1):
 PSYoungGen      total 34304K, used 2536K [0x00000000eb900000, 0x00000000efc00000, 0x0000000100000000)
  eden space 31744K, 0% used [0x00000000eb900000,0x00000000eb900000,0x00000000ed800000)
  from space 2560K, 99% used [0x00000000ed800000,0x00000000eda7a030,0x00000000eda80000)
  to   space 2560K, 0% used [0x00000000ef980000,0x00000000ef980000,0x00000000efc00000)
 ParOldGen       total 42496K, used 12801K [0x00000000c2a00000, 0x00000000c5380000, 0x00000000eb900000)
  object space 42496K, 30% used [0x00000000c2a00000,0x00000000c3680678,0x00000000c5380000)
 Metaspace       used 13693K, capacity 14058K, committed 14336K, reserved 1062912K
  class space    used 1589K, capacity 1704K, committed 1792K, reserved 1048576K
}
Event: 52.480 GC heap before
{Heap before GC invocations=7 (full 1):
 PSYoungGen      total 34304K, used 34280K [0x00000000eb900000, 0x00000000efc00000, 0x0000000100000000)
  eden space 31744K, 100% used [0x00000000eb900000,0x00000000ed800000,0x00000000ed800000)
  from space 2560K, 99% used [0x00000000ed800000,0x00000000eda7a030,0x00000000eda80000)
  to   space 2560K, 0% used [0x00000000ef980000,0x00000000ef980000,0x00000000efc00000)
 ParOldGen       total 42496K, used 12801K [0x00000000c2a00000, 0x00000000c5380000, 0x00000000eb900000)
  object space 42496K, 30% used [0x00000000c2a00000,0x00000000c3680678,0x00000000c5380000)
 Metaspace       used 13822K, capacity 14256K, committed 14592K, reserved 1062912K
  class space    used 1589K, capacity 1705K, committed 1792K, reserved 1048576K
Event: 52.602 GC heap after
Heap after GC invocations=7 (full 1):
 PSYoungGen      total 61952K, used 2560K [0x00000000eb900000, 0x00000000f0400000, 0x0000000100000000)
  eden space 59392K, 0% used [0x00000000eb900000,0x00000000eb900000,0x00000000ef300000)
  from space 2560K, 100% used [0x00000000ef980000,0x00000000efc00000,0x00000000efc00000)
  to   space 6656K, 0% used [0x00000000ef300000,0x00000000ef300000,0x00000000ef980000)
 ParOldGen       total 42496K, used 14096K [0x00000000c2a00000, 0x00000000c5380000, 0x00000000eb900000)
  object space 42496K, 33% used [0x00000000c2a00000,0x00000000c37c4378,0x00000000c5380000)
 Metaspace       used 13822K, capacity 14256K, committed 14592K, reserved 1062912K
  class space    used 1589K, capacity 1705K, committed 1792K, reserved 1048576K
}
Event: 56.170 GC heap before
{Heap before GC invocations=8 (full 1):
 PSYoungGen      total 61952K, used 61952K [0x00000000eb900000, 0x00000000f0400000, 0x0000000100000000)
  eden space 59392K, 100% used [0x00000000eb900000,0x00000000ef300000,0x00000000ef300000)
  from space 2560K, 100% used [0x00000000ef980000,0x00000000efc00000,0x00000000efc00000)
  to   space 6656K, 0% used [0x00000000ef300000,0x00000000ef300000,0x00000000ef980000)
 ParOldGen       total 42496K, used 14096K [0x00000000c2a00000, 0x00000000c5380000, 0x00000000eb900000)
  object space 42496K, 33% used [0x00000000c2a00000,0x00000000c37c4378,0x00000000c5380000)
 Metaspace       used 14469K, capacity 14906K, committed 15104K, reserved 1062912K
  class space    used 1623K, capacity 1749K, committed 1792K, reserved 1048576K
Event: 58.054 GC heap after
Heap after GC invocations=8 (full 1):
 PSYoungGen      total 66048K, used 6640K [0x00000000eb900000, 0x00000000f3b00000, 0x0000000100000000)
  eden space 59392K, 0% used [0x00000000eb900000,0x00000000eb900000,0x00000000ef300000)
  from space 6656K, 99% used [0x00000000ef300000,0x00000000ef97c060,0x00000000ef980000)
  to   space 7168K, 0% used [0x00000000f3400000,0x00000000f3400000,0x00000000f3b00000)
 ParOldGen       total 42496K, used 14249K [0x00000000c2a00000, 0x00000000c5380000, 0x00000000eb900000)
  object space 42496K, 33% used [0x00000000c2a00000,0x00000000c37ea758,0x00000000c5380000)
 Metaspace       used 14469K, capacity 14906K, committed 15104K, reserved 1062912K
  class space    used 1623K, capacity 1749K, committed 1792K, reserved 1048576K
}

