# JRE version: Java(TM) SE Runtime Environment (8.0_201-b09) (build 1.8.0_201-b09)
# Java VM: Java HotSpot(TM) 64-Bit Server VM (25.201-b09 mixed mode linux-amd64 compressed oops)
Heap:
 PSYoungGen      total 255488K, used 0K [0x00000000eb900000, 0x0000000100000000, 0x0000000100000000)
  eden space 178176K, 0% used [0x00000000eb900000,0x00000000eb900000,0x00000000f6700000)
  from space 77312K, 0% used [0x00000000f6700000,0x00000000f6700000,0x00000000fb280000)
  to   space 79360K, 0% used [0x00000000fb280000,0x00000000fb280000,0x0000000100000000)
 ParOldGen       total 291328K, used 284243K [0x00000000c2a00000, 0x00000000d4680000, 0x00000000eb900000)
  object space 291328K, 97% used [0x00000000c2a00000,0x00000000d3f94ca0,0x00000000d4680000)
 Metaspace       used 43642K, capacity 46354K, committed 46592K, reserved 1089536K
  class space    used 4477K, capacity 5570K, committed 5632K, reserved 1048576K
GC Heap History (10 events):
Event: 164.216 GC heap after
Heap after GC invocations=80 (full 5):
 PSYoungGen      total 243200K, used 52747K [0x00000000eb900000, 0x0000000100000000, 0x0000000100000000)
  eden space 161792K, 0% used [0x00000000eb900000,0x00000000eb900000,0x00000000f5700000)
  from space 81408K, 64% used [0x00000000f5700000,0x00000000f8a82da0,0x00000000fa680000)
  to   space 80384K, 0% used [0x00000000fb180000,0x00000000fb180000,0x0000000100000000)
 ParOldGen       total 291328K, used 216252K [0x00000000c2a00000, 0x00000000d4680000, 0x00000000eb900000)
  object space 291328K, 74% used [0x00000000c2a00000,0x00000000cfd2f2f0,0x00000000d4680000)
 Metaspace       used 35637K, capacity 36796K, committed 36992K, reserved 1081344K
  class space    used 3849K, capacity 4130K, committed 4224K, reserved 1048576K
}
Event: 166.049 GC heap before
{Heap before GC invocations=81 (full 5):
 PSYoungGen      total 243200K, used 214539K [0x00000000eb900000, 0x0000000100000000, 0x0000000100000000)
  eden space 161792K, 100% used [0x00000000eb900000,0x00000000f5700000,0x00000000f5700000)
  from space 81408K, 64% used [0x00000000f5700000,0x00000000f8a82da0,0x00000000fa680000)
  to   space 80384K, 0% used [0x00000000fb180000,0x00000000fb180000,0x0000000100000000)
 ParOldGen       total 291328K, used 216252K [0x00000000c2a00000, 0x00000000d4680000, 0x00000000eb900000)
  object space 291328K, 74% used [0x00000000c2a00000,0x00000000cfd2f2f0,0x00000000d4680000)
 Metaspace       used 38210K, capacity 39398K, committed 39552K, reserved 1085440K
  class space    used 4158K, capacity 4446K, committed 4480K, reserved 1048576K
Event: 166.148 GC heap after
Heap after GC invocations=81 (full 5):
 PSYoungGen      total 250368K, used 52005K [0x00000000eb900000, 0x00000000ffd00000, 0x0000000100000000)
  eden space 173056K, 0% used [0x00000000eb900000,0x00000000eb900000,0x00000000f6200000)
  from space 77312K, 67% used [0x00000000fb180000,0x00000000fe449560,0x00000000ffd00000)
  to   space 79360K, 0% used [0x00000000f6200000,0x00000000f6200000,0x00000000faf80000)
 ParOldGen       total 291328K, used 225565K [0x00000000c2a00000, 0x00000000d4680000, 0x00000000eb900000)
  object space 291328K, 77% used [0x00000000c2a00000,0x00000000d0647620,0x00000000d4680000)
 Metaspace       used 38210K, capacity 39398K, committed 39552K, reserved 1085440K
  class space    used 4158K, capacity 4446K, committed 4480K, reserved 1048576K
}
Event: 167.730 GC heap before
{Heap before GC invocations=82 (full 5):
 PSYoungGen      total 250368K, used 225061K [0x00000000eb900000, 0x00000000ffd00000, 0x0000000100000000)
  eden space 173056K, 100% used [0x00000000eb900000,0x00000000f6200000,0x00000000f6200000)
  from space 77312K, 67% used [0x00000000fb180000,0x00000000fe449560,0x00000000ffd00000)
  to   space 79360K, 0% used [0x00000000f6200000,0x00000000f6200000,0x00000000faf80000)
 ParOldGen       total 291328K, used 225565K [0x00000000c2a00000, 0x00000000d4680000, 0x00000000eb900000)
  object space 291328K, 77% used [0x00000000c2a00000,0x00000000d0647620,0x00000000d4680000)
 Metaspace       used 39934K, capacity 41582K, committed 41728K, reserved 1085440K
  class space    used 4254K, capacity 4798K, committed 4864K, reserved 1048576K
Event: 167.929 GC heap after
Heap after GC invocations=82 (full 5):
 PSYoungGen      total 252416K, used 38079K [0x00000000eb900000, 0x00000000ffe00000, 0x0000000100000000)
  eden space 173056K, 0% used [0x00000000eb900000,0x00000000eb900000,0x00000000f6200000)
  from space 79360K, 47% used [0x00000000f6200000,0x00000000f872ffc8,0x00000000faf80000)
  to   space 77312K, 0% used [0x00000000fb280000,0x00000000fb280000,0x00000000ffe00000)
 ParOldGen       total 291328K, used 239582K [0x00000000c2a00000, 0x00000000d4680000, 0x00000000eb900000)
  object space 291328K, 82% used [0x00000000c2a00000,0x00000000d13f7b00,0x00000000d4680000)
 Metaspace       used 39934K, capacity 41582K, committed 41728K, reserved 1085440K
  class space    used 4254K, capacity 4798K, committed 4864K, reserved 1048576K
}
Event: 169.494 GC heap before
{Heap before GC invocations=83 (full 5):
 PSYoungGen      total 252416K, used 211135K [0x00000000eb900000, 0x00000000ffe00000, 0x0000000100000000)
  eden space 173056K, 100% used [0x00000000eb900000,0x00000000f6200000,0x00000000f6200000)
  from space 79360K, 47% used [0x00000000f6200000,0x00000000f872ffc8,0x00000000faf80000)
  to   space 77312K, 0% used [0x00000000fb280000,0x00000000fb280000,0x00000000ffe00000)
 ParOldGen       total 291328K, used 239582K [0x00000000c2a00000, 0x00000000d4680000, 0x00000000eb900000)
  object space 291328K, 82% used [0x00000000c2a00000,0x00000000d13f7b00,0x00000000d4680000)
 Metaspace       used 41744K, capacity 43914K, committed 44160K, reserved 1087488K
  class space    used 4363K, capacity 5170K, committed 5248K, reserved 1048576K
Event: 169.543 GC heap after
Heap after GC invocations=83 (full 5):
 PSYoungGen      total 255488K, used 28233K [0x00000000eb900000, 0x00000000ffe00000, 0x0000000100000000)
  eden space 178176K, 0% used [0x00000000eb900000,0x00000000eb900000,0x00000000f6700000)
  from space 77312K, 36% used [0x00000000fb280000,0x00000000fce124b8,0x00000000ffe00000)
  to   space 77312K, 0% used [0x00000000f6700000,0x00000000f6700000,0x00000000fb280000)
 ParOldGen       total 291328K, used 253431K [0x00000000c2a00000, 0x00000000d4680000, 0x00000000eb900000)
  object space 291328K, 86% used [0x00000000c2a00000,0x00000000d217dfc0,0x00000000d4680000)
 Metaspace       used 41744K, capacity 43914K, committed 44160K, reserved 1087488K
  class space    used 4363K, capacity 5170K, committed 5248K, reserved 1048576K
}
Event: 171.145 GC heap before
{Heap before GC invocations=84 (full 5):
 PSYoungGen      total 255488K, used 206409K [0x00000000eb900000, 0x00000000ffe00000, 0x0000000100000000)
  eden space 178176K, 100% used [0x00000000eb900000,0x00000000f6700000,0x00000000f6700000)
  from space 77312K, 36% used [0x00000000fb280000,0x00000000fce124b8,0x00000000ffe00000)
  to   space 77312K, 0% used [0x00000000f6700000,0x00000000f6700000,0x00000000fb280000)
 ParOldGen       total 291328K, used 253431K [0x00000000c2a00000, 0x00000000d4680000, 0x00000000eb900000)
  object space 291328K, 86% used [0x00000000c2a00000,0x00000000d217dfc0,0x00000000d4680000)
 Metaspace       used 43642K, capacity 46354K, committed 46592K, reserved 1089536K
  class space    used 4477K, capacity 5570K, committed 5632K, reserved 1048576K
Event: 171.199 GC heap after
Heap after GC invocations=84 (full 5):
 PSYoungGen      total 255488K, used 15741K [0x00000000eb900000, 0x0000000100000000, 0x0000000100000000)
  eden space 178176K, 0% used [0x00000000eb900000,0x00000000eb900000,0x00000000f6700000)
  from space 77312K, 20% used [0x00000000f6700000,0x00000000f765f5b8,0x00000000fb280000)
  to   space 79360K, 0% used [0x00000000fb280000,0x00000000fb280000,0x0000000100000000)
 ParOldGen       total 291328K, used 270729K [0x00000000c2a00000, 0x00000000d4680000, 0x00000000eb900000)
  object space 291328K, 92% used [0x00000000c2a00000,0x00000000d3262580,0x00000000d4680000)
 Metaspace       used 43642K, capacity 46354K, committed 46592K, reserved 1089536K
  class space    used 4477K, capacity 5570K, committed 5632K, reserved 1048576K
}
Event: 171.199 GC heap before
{Heap before GC invocations=85 (full 6):
 PSYoungGen      total 255488K, used 15741K [0x00000000eb900000, 0x0000000100000000, 0x0000000100000000)
  eden space 178176K, 0% used [0x00000000eb900000,0x00000000eb900000,0x00000000f6700000)
  from space 77312K, 20% used [0x00000000f6700000,0x00000000f765f5b8,0x00000000fb280000)
  to   space 79360K, 0% used [0x00000000fb280000,0x00000000fb280000,0x0000000100000000)
 ParOldGen       total 291328K, used 270729K [0x00000000c2a00000, 0x00000000d4680000, 0x00000000eb900000)
  object space 291328K, 92% used [0x00000000c2a00000,0x00000000d3262580,0x00000000d4680000)
 Metaspace       used 43642K, capacity 46354K, committed 46592K, reserved 1089536K
  class space    used 4477K, capacity 5570K, committed 5632K, reserved 1048576K

