# JRE version: Java(TM) SE Runtime Environment (8.0_201-b09) (build 1.8.0_201-b09)
# Java VM: Java HotSpot(TM) 64-Bit Server VM (25.201-b09 mixed mode linux-amd64 compressed oops)
Heap:
 PSYoungGen      total 246272K, used 20960K [0x00000000eb900000, 0x00000000fe780000, 0x0000000100000000)
  eden space 225280K, 0% used [0x00000000eb900000,0x00000000eb900000,0x00000000f9500000)
  from space 20992K, 99% used [0x00000000f9500000,0x00000000fa978010,0x00000000fa980000)
  to   space 18944K, 0% used [0x00000000fa980000,0x00000000fa980000,0x00000000fbc00000)
 ParOldGen       total 74752K, used 48891K [0x00000000c2a00000, 0x00000000c7300000, 0x00000000eb900000)
  object space 74752K, 65% used [0x00000000c2a00000,0x00000000c59bee18,0x00000000c7300000)
 Metaspace       used 23230K, capacity 23894K, committed 23936K, reserved 1071104K
  class space    used 2485K, capacity 2673K, committed 2688K, reserved 1048576K
GC Heap History (10 events):
Event: 12.606 GC heap after
Heap after GC invocations=10 (full 1):
 PSYoungGen      total 128000K, used 9188K [0x00000000eb900000, 0x00000000fc300000, 0x0000000100000000)
  eden space 118784K, 0% used [0x00000000eb900000,0x00000000eb900000,0x00000000f2d00000)
  from space 9216K, 99% used [0x00000000f2d00000,0x00000000f35f92a8,0x00000000f3600000)
  to   space 17408K, 0% used [0x00000000fb200000,0x00000000fb200000,0x00000000fc300000)
 ParOldGen       total 42496K, used 31273K [0x00000000c2a00000, 0x00000000c5380000, 0x00000000eb900000)
  object space 42496K, 73% used [0x00000000c2a00000,0x00000000c488a720,0x00000000c5380000)
 Metaspace       used 19050K, capacity 19322K, committed 19712K, reserved 1067008K
  class space    used 2135K, capacity 2226K, committed 2304K, reserved 1048576K
}
Event: 16.658 GC heap before
{Heap before GC invocations=11 (full 1):
 PSYoungGen      total 128000K, used 125834K [0x00000000eb900000, 0x00000000fc300000, 0x0000000100000000)
  eden space 118784K, 98% used [0x00000000eb900000,0x00000000f2ae9578,0x00000000f2d00000)
  from space 9216K, 99% used [0x00000000f2d00000,0x00000000f35f92a8,0x00000000f3600000)
  to   space 17408K, 0% used [0x00000000fb200000,0x00000000fb200000,0x00000000fc300000)
 ParOldGen       total 42496K, used 31273K [0x00000000c2a00000, 0x00000000c5380000, 0x00000000eb900000)
  object space 42496K, 73% used [0x00000000c2a00000,0x00000000c488a720,0x00000000c5380000)
 Metaspace       used 20696K, capacity 21082K, committed 21248K, reserved 1069056K
  class space    used 2290K, capacity 2435K, committed 2560K, reserved 1048576K
Event: 16.745 GC heap after
Heap after GC invocations=11 (full 1):
 PSYoungGen      total 206848K, used 16137K [0x00000000eb900000, 0x00000000fc200000, 0x0000000100000000)
  eden space 190464K, 0% used [0x00000000eb900000,0x00000000eb900000,0x00000000f7300000)
  from space 16384K, 98% used [0x00000000fb200000,0x00000000fc1c2420,0x00000000fc200000)
  to   space 19456K, 0% used [0x00000000f9c00000,0x00000000f9c00000,0x00000000faf00000)
 ParOldGen       total 42496K, used 33937K [0x00000000c2a00000, 0x00000000c5380000, 0x00000000eb900000)
  object space 42496K, 79% used [0x00000000c2a00000,0x00000000c4b24720,0x00000000c5380000)
 Metaspace       used 20696K, capacity 21082K, committed 21248K, reserved 1069056K
  class space    used 2290K, capacity 2435K, committed 2560K, reserved 1048576K
}
Event: 16.745 GC heap before
{Heap before GC invocations=12 (full 2):
 PSYoungGen      total 206848K, used 16137K [0x00000000eb900000, 0x00000000fc200000, 0x0000000100000000)
  eden space 190464K, 0% used [0x00000000eb900000,0x00000000eb900000,0x00000000f7300000)
  from space 16384K, 98% used [0x00000000fb200000,0x00000000fc1c2420,0x00000000fc200000)
  to   space 19456K, 0% used [0x00000000f9c00000,0x00000000f9c00000,0x00000000faf00000)
 ParOldGen       total 42496K, used 33937K [0x00000000c2a00000, 0x00000000c5380000, 0x00000000eb900000)
  object space 42496K, 79% used [0x00000000c2a00000,0x00000000c4b24720,0x00000000c5380000)
 Metaspace       used 20696K, capacity 21082K, committed 21248K, reserved 1069056K
  class space    used 2290K, capacity 2435K, committed 2560K, reserved 1048576K
Event: 17.452 GC heap after
Heap after GC invocations=12 (full 2):
 PSYoungGen      total 206848K, used 0K [0x00000000eb900000, 0x00000000fc200000, 0x0000000100000000)
  eden space 190464K, 0% used [0x00000000eb900000,0x00000000eb900000,0x00000000f7300000)
  from space 16384K, 0% used [0x00000000fb200000,0x00000000fb200000,0x00000000fc200000)
  to   space 19456K, 0% used [0x00000000f9c00000,0x00000000f9c00000,0x00000000faf00000)
 ParOldGen       total 74752K, used 39537K [0x00000000c2a00000, 0x00000000c7300000, 0x00000000eb900000)
  object space 74752K, 52% used [0x00000000c2a00000,0x00000000c509c7e8,0x00000000c7300000)
 Metaspace       used 20696K, capacity 21082K, committed 21248K, reserved 1069056K
  class space    used 2290K, capacity 2435K, committed 2560K, reserved 1048576K
}
Event: 21.791 GC heap before
{Heap before GC invocations=13 (full 2):
 PSYoungGen      total 206848K, used 190464K [0x00000000eb900000, 0x00000000fc200000, 0x0000000100000000)
  eden space 190464K, 100% used [0x00000000eb900000,0x00000000f7300000,0x00000000f7300000)
  from space 16384K, 0% used [0x00000000fb200000,0x00000000fb200000,0x00000000fc200000)
  to   space 19456K, 0% used [0x00000000f9c00000,0x00000000f9c00000,0x00000000faf00000)
 ParOldGen       total 74752K, used 39537K [0x00000000c2a00000, 0x00000000c7300000, 0x00000000eb900000)
  object space 74752K, 52% used [0x00000000c2a00000,0x00000000c509c7e8,0x00000000c7300000)
 Metaspace       used 22144K, capacity 22498K, committed 22784K, reserved 1069056K
  class space    used 2404K, capacity 2541K, committed 2560K, reserved 1048576K
Event: 21.817 GC heap after
Heap after GC invocations=13 (full 2):
 PSYoungGen      total 232448K, used 5018K [0x00000000eb900000, 0x00000000fbc00000, 0x0000000100000000)
  eden space 227328K, 0% used [0x00000000eb900000,0x00000000eb900000,0x00000000f9700000)
  from space 5120K, 98% used [0x00000000f9c00000,0x00000000fa0e6818,0x00000000fa100000)
  to   space 18944K, 0% used [0x00000000fa980000,0x00000000fa980000,0x00000000fbc00000)
 ParOldGen       total 74752K, used 39545K [0x00000000c2a00000, 0x00000000c7300000, 0x00000000eb900000)
  object space 74752K, 52% used [0x00000000c2a00000,0x00000000c509e7e8,0x00000000c7300000)
 Metaspace       used 22144K, capacity 22498K, committed 22784K, reserved 1069056K
  class space    used 2404K, capacity 2541K, committed 2560K, reserved 1048576K
}
Event: 31.714 GC heap before
{Heap before GC invocations=14 (full 2):
 PSYoungGen      total 232448K, used 232346K [0x00000000eb900000, 0x00000000fbc00000, 0x0000000100000000)
  eden space 227328K, 100% used [0x00000000eb900000,0x00000000f9700000,0x00000000f9700000)
  from space 5120K, 98% used [0x00000000f9c00000,0x00000000fa0e6818,0x00000000fa100000)
  to   space 18944K, 0% used [0x00000000fa980000,0x00000000fa980000,0x00000000fbc00000)
 ParOldGen       total 74752K, used 39545K [0x00000000c2a00000, 0x00000000c7300000, 0x00000000eb900000)
  object space 74752K, 52% used [0x00000000c2a00000,0x00000000c509e7e8,0x00000000c7300000)
 Metaspace       used 23153K, capacity 23882K, committed 23936K, reserved 1071104K
  class space    used 2483K, capacity 2671K, committed 2688K, reserved 1048576K
Event: 31.830 GC heap after
Heap after GC invocations=14 (full 2):
 PSYoungGen      total 244224K, used 16317K [0x00000000eb900000, 0x00000000fe780000, 0x0000000100000000)
  eden space 225280K, 0% used [0x00000000eb900000,0x00000000eb900000,0x00000000f9500000)
  from space 18944K, 86% used [0x00000000fa980000,0x00000000fb96f718,0x00000000fbc00000)
  to   space 20992K, 0% used [0x00000000f9500000,0x00000000f9500000,0x00000000fa980000)
 ParOldGen       total 74752K, used 39553K [0x00000000c2a00000, 0x00000000c7300000, 0x00000000eb900000)
  object space 74752K, 52% used [0x00000000c2a00000,0x00000000c50a07e8,0x00000000c7300000)
 Metaspace       used 23153K, capacity 23882K, committed 23936K, reserved 1071104K
  class space    used 2483K, capacity 2671K, committed 2688K, reserved 1048576K
}
Event: 35.571 GC heap before
{Heap before GC invocations=15 (full 2):
 PSYoungGen      total 244224K, used 241597K [0x00000000eb900000, 0x00000000fe780000, 0x0000000100000000)
  eden space 225280K, 100% used [0x00000000eb900000,0x00000000f9500000,0x00000000f9500000)
  from space 18944K, 86% used [0x00000000fa980000,0x00000000fb96f718,0x00000000fbc00000)
  to   space 20992K, 0% used [0x00000000f9500000,0x00000000f9500000,0x00000000fa980000)
 ParOldGen       total 74752K, used 39553K [0x00000000c2a00000, 0x00000000c7300000, 0x00000000eb900000)
  object space 74752K, 52% used [0x00000000c2a00000,0x00000000c50a07e8,0x00000000c7300000)
 Metaspace       used 23230K, capacity 23894K, committed 23936K, reserved 1071104K
  class space    used 2485K, capacity 2673K, committed 2688K, reserved 1048576K

