# JRE version: Java(TM) SE Runtime Environment (8.0_201-b09) (build 1.8.0_201-b09)
# Java VM: Java HotSpot(TM) 64-Bit Server VM (25.201-b09 mixed mode linux-amd64 compressed oops)
Heap:
 PSYoungGen      total 311296K, used 71660K [0x00000000eb900000, 0x0000000100000000, 0x0000000100000000)
  eden space 289280K, 19% used [0x00000000eb900000,0x00000000ef0c72d0,0x00000000fd380000)
  from space 22016K, 66% used [0x00000000fd380000,0x00000000fe1b4010,0x00000000fe900000)
  to   space 22016K, 0% used [0x00000000fea80000,0x00000000fea80000,0x0000000100000000)
 ParOldGen       total 120320K, used 74648K [0x00000000c2a00000, 0x00000000c9f80000, 0x00000000eb900000)
  object space 120320K, 62% used [0x00000000c2a00000,0x00000000c72e6220,0x00000000c9f80000)
 Metaspace       used 28511K, capacity 29238K, committed 29440K, reserved 1075200K
  class space    used 3318K, capacity 3523K, committed 3584K, reserved 1048576K
GC Heap History (10 events):
Event: 79.966 GC heap before
{Heap before GC invocations=36 (full 3):
 PSYoungGen      total 313344K, used 305856K [0x00000000eb900000, 0x0000000100000000, 0x0000000100000000)
  eden space 291840K, 100% used [0x00000000eb900000,0x00000000fd600000,0x00000000fd600000)
  from space 21504K, 65% used [0x00000000feb00000,0x00000000ff8b0000,0x0000000100000000)
  to   space 21504K, 0% used [0x00000000fd600000,0x00000000fd600000,0x00000000feb00000)
 ParOldGen       total 120320K, used 74632K [0x00000000c2a00000, 0x00000000c9f80000, 0x00000000eb900000)
  object space 120320K, 62% used [0x00000000c2a00000,0x00000000c72e2220,0x00000000c9f80000)
 Metaspace       used 28459K, capacity 29222K, committed 29440K, reserved 1075200K
  class space    used 3313K, capacity 3519K, committed 3584K, reserved 1048576K
Event: 79.999 GC heap after
Heap after GC invocations=36 (full 3):
 PSYoungGen      total 307200K, used 15200K [0x00000000eb900000, 0x0000000100000000, 0x0000000100000000)
  eden space 291840K, 0% used [0x00000000eb900000,0x00000000eb900000,0x00000000fd600000)
  from space 15360K, 98% used [0x00000000fd600000,0x00000000fe4d8000,0x00000000fe500000)
  to   space 22016K, 0% used [0x00000000fea80000,0x00000000fea80000,0x0000000100000000)
 ParOldGen       total 120320K, used 74632K [0x00000000c2a00000, 0x00000000c9f80000, 0x00000000eb900000)
  object space 120320K, 62% used [0x00000000c2a00000,0x00000000c72e2220,0x00000000c9f80000)
 Metaspace       used 28459K, capacity 29222K, committed 29440K, reserved 1075200K
  class space    used 3313K, capacity 3519K, committed 3584K, reserved 1048576K
}
Event: 82.879 GC heap before
{Heap before GC invocations=37 (full 3):
 PSYoungGen      total 307200K, used 307040K [0x00000000eb900000, 0x0000000100000000, 0x0000000100000000)
  eden space 291840K, 100% used [0x00000000eb900000,0x00000000fd600000,0x00000000fd600000)
  from space 15360K, 98% used [0x00000000fd600000,0x00000000fe4d8000,0x00000000fe500000)
  to   space 22016K, 0% used [0x00000000fea80000,0x00000000fea80000,0x0000000100000000)
 ParOldGen       total 120320K, used 74632K [0x00000000c2a00000, 0x00000000c9f80000, 0x00000000eb900000)
  object space 120320K, 62% used [0x00000000c2a00000,0x00000000c72e2220,0x00000000c9f80000)
 Metaspace       used 28493K, capacity 29222K, committed 29440K, reserved 1075200K
  class space    used 3316K, capacity 3519K, committed 3584K, reserved 1048576K
Event: 82.912 GC heap after
Heap after GC invocations=37 (full 3):
 PSYoungGen      total 310784K, used 17888K [0x00000000eb900000, 0x0000000100000000, 0x0000000100000000)
  eden space 288768K, 0% used [0x00000000eb900000,0x00000000eb900000,0x00000000fd300000)
  from space 22016K, 81% used [0x00000000fea80000,0x00000000ffbf8000,0x0000000100000000)
  to   space 23040K, 0% used [0x00000000fd300000,0x00000000fd300000,0x00000000fe980000)
 ParOldGen       total 120320K, used 74640K [0x00000000c2a00000, 0x00000000c9f80000, 0x00000000eb900000)
  object space 120320K, 62% used [0x00000000c2a00000,0x00000000c72e4220,0x00000000c9f80000)
 Metaspace       used 28493K, capacity 29222K, committed 29440K, reserved 1075200K
  class space    used 3316K, capacity 3519K, committed 3584K, reserved 1048576K
}
Event: 84.919 GC heap before
{Heap before GC invocations=38 (full 3):
 PSYoungGen      total 310784K, used 306656K [0x00000000eb900000, 0x0000000100000000, 0x0000000100000000)
  eden space 288768K, 100% used [0x00000000eb900000,0x00000000fd300000,0x00000000fd300000)
  from space 22016K, 81% used [0x00000000fea80000,0x00000000ffbf8000,0x0000000100000000)
  to   space 23040K, 0% used [0x00000000fd300000,0x00000000fd300000,0x00000000fe980000)
 ParOldGen       total 120320K, used 74640K [0x00000000c2a00000, 0x00000000c9f80000, 0x00000000eb900000)
  object space 120320K, 62% used [0x00000000c2a00000,0x00000000c72e4220,0x00000000c9f80000)
 Metaspace       used 28502K, capacity 29228K, committed 29440K, reserved 1075200K
  class space    used 3316K, capacity 3520K, committed 3584K, reserved 1048576K
Event: 84.950 GC heap after
Heap after GC invocations=38 (full 3):
 PSYoungGen      total 311808K, used 14176K [0x00000000eb900000, 0x0000000100000000, 0x0000000100000000)
  eden space 288768K, 0% used [0x00000000eb900000,0x00000000eb900000,0x00000000fd300000)
  from space 23040K, 61% used [0x00000000fd300000,0x00000000fe0d8000,0x00000000fe980000)
  to   space 22528K, 0% used [0x00000000fea00000,0x00000000fea00000,0x0000000100000000)
 ParOldGen       total 120320K, used 74648K [0x00000000c2a00000, 0x00000000c9f80000, 0x00000000eb900000)
  object space 120320K, 62% used [0x00000000c2a00000,0x00000000c72e6220,0x00000000c9f80000)
 Metaspace       used 28502K, capacity 29228K, committed 29440K, reserved 1075200K
  class space    used 3316K, capacity 3520K, committed 3584K, reserved 1048576K
}
Event: 85.469 GC heap before
{Heap before GC invocations=39 (full 3):
 PSYoungGen      total 311808K, used 302944K [0x00000000eb900000, 0x0000000100000000, 0x0000000100000000)
  eden space 288768K, 100% used [0x00000000eb900000,0x00000000fd300000,0x00000000fd300000)
  from space 23040K, 61% used [0x00000000fd300000,0x00000000fe0d8000,0x00000000fe980000)
  to   space 22528K, 0% used [0x00000000fea00000,0x00000000fea00000,0x0000000100000000)
 ParOldGen       total 120320K, used 74648K [0x00000000c2a00000, 0x00000000c9f80000, 0x00000000eb900000)
  object space 120320K, 62% used [0x00000000c2a00000,0x00000000c72e6220,0x00000000c9f80000)
 Metaspace       used 28502K, capacity 29228K, committed 29440K, reserved 1075200K
  class space    used 3316K, capacity 3520K, committed 3584K, reserved 1048576K
Event: 85.484 GC heap after
Heap after GC invocations=39 (full 3):
 PSYoungGen      total 310272K, used 14208K [0x00000000eb900000, 0x00000000ffe80000, 0x0000000100000000)
  eden space 289280K, 0% used [0x00000000eb900000,0x00000000eb900000,0x00000000fd380000)
  from space 20992K, 67% used [0x00000000fea00000,0x00000000ff7e0000,0x00000000ffe80000)
  to   space 22016K, 0% used [0x00000000fd380000,0x00000000fd380000,0x00000000fe900000)
 ParOldGen       total 120320K, used 74648K [0x00000000c2a00000, 0x00000000c9f80000, 0x00000000eb900000)
  object space 120320K, 62% used [0x00000000c2a00000,0x00000000c72e6220,0x00000000c9f80000)
 Metaspace       used 28502K, capacity 29228K, committed 29440K, reserved 1075200K
  class space    used 3316K, capacity 3520K, committed 3584K, reserved 1048576K
}
Event: 86.243 GC heap before
{Heap before GC invocations=40 (full 3):
 PSYoungGen      total 310272K, used 303488K [0x00000000eb900000, 0x00000000ffe80000, 0x0000000100000000)
  eden space 289280K, 100% used [0x00000000eb900000,0x00000000fd380000,0x00000000fd380000)
  from space 20992K, 67% used [0x00000000fea00000,0x00000000ff7e0000,0x00000000ffe80000)
  to   space 22016K, 0% used [0x00000000fd380000,0x00000000fd380000,0x00000000fe900000)
 ParOldGen       total 120320K, used 74648K [0x00000000c2a00000, 0x00000000c9f80000, 0x00000000eb900000)
  object space 120320K, 62% used [0x00000000c2a00000,0x00000000c72e6220,0x00000000c9f80000)
 Metaspace       used 28508K, capacity 29238K, committed 29440K, reserved 1075200K
  class space    used 3318K, capacity 3523K, committed 3584K, reserved 1048576K
Event: 86.304 GC heap after
Heap after GC invocations=40 (full 3):
 PSYoungGen      total 311296K, used 14544K [0x00000000eb900000, 0x0000000100000000, 0x0000000100000000)
  eden space 289280K, 0% used [0x00000000eb900000,0x00000000eb900000,0x00000000fd380000)
  from space 22016K, 66% used [0x00000000fd380000,0x00000000fe1b4010,0x00000000fe900000)
  to   space 22016K, 0% used [0x00000000fea80000,0x00000000fea80000,0x0000000100000000)
 ParOldGen       total 120320K, used 74648K [0x00000000c2a00000, 0x00000000c9f80000, 0x00000000eb900000)
  object space 120320K, 62% used [0x00000000c2a00000,0x00000000c72e6220,0x00000000c9f80000)
 Metaspace       used 28508K, capacity 29238K, committed 29440K, reserved 1075200K
  class space    used 3318K, capacity 3523K, committed 3584K, reserved 1048576K
}

