# JRE version: Java(TM) SE Runtime Environment (8.0_201-b09) (build 1.8.0_201-b09)
# Java VM: Java HotSpot(TM) 64-Bit Server VM (25.201-b09 mixed mode linux-amd64 compressed oops)
Heap:
 PSYoungGen      total 99328K, used 2208K [0x00000000eb900000, 0x00000000f3500000, 0x0000000100000000)
  eden space 93696K, 0% used [0x00000000eb900000,0x00000000eb900000,0x00000000f1480000)
  from space 5632K, 39% used [0x00000000f2a00000,0x00000000f2c28000,0x00000000f2f80000)
  to   space 4096K, 0% used [0x00000000f3100000,0x00000000f3100000,0x00000000f3500000)
 ParOldGen       total 42496K, used 17033K [0x00000000c2a00000, 0x00000000c5380000, 0x00000000eb900000)
  object space 42496K, 40% used [0x00000000c2a00000,0x00000000c3aa2438,0x00000000c5380000)
 Metaspace       used 13977K, capacity 14430K, committed 14592K, reserved 1062912K
  class space    used 1584K, capacity 1703K, committed 1792K, reserved 1048576K
GC Heap History (10 events):
Event: 87.375 GC heap after
Heap after GC invocations=7 (full 1):
 PSYoungGen      total 31744K, used 2538K [0x00000000eb900000, 0x00000000ee200000, 0x0000000100000000)
  eden space 29184K, 0% used [0x00000000eb900000,0x00000000eb900000,0x00000000ed580000)
  from space 2560K, 99% used [0x00000000eda80000,0x00000000edcfa870,0x00000000edd00000)
  to   space 5120K, 0% used [0x00000000ed580000,0x00000000ed580000,0x00000000eda80000)
 ParOldGen       total 42496K, used 9755K [0x00000000c2a00000, 0x00000000c5380000, 0x00000000eb900000)
  object space 42496K, 22% used [0x00000000c2a00000,0x00000000c3386d78,0x00000000c5380000)
 Metaspace       used 13820K, capacity 14238K, committed 14336K, reserved 1062912K
  class space    used 1584K, capacity 1703K, committed 1792K, reserved 1048576K
}
Event: 87.956 GC heap before
{Heap before GC invocations=8 (full 1):
 PSYoungGen      total 31744K, used 31722K [0x00000000eb900000, 0x00000000ee200000, 0x0000000100000000)
  eden space 29184K, 100% used [0x00000000eb900000,0x00000000ed580000,0x00000000ed580000)
  from space 2560K, 99% used [0x00000000eda80000,0x00000000edcfa870,0x00000000edd00000)
  to   space 5120K, 0% used [0x00000000ed580000,0x00000000ed580000,0x00000000eda80000)
 ParOldGen       total 42496K, used 9755K [0x00000000c2a00000, 0x00000000c5380000, 0x00000000eb900000)
  object space 42496K, 22% used [0x00000000c2a00000,0x00000000c3386d78,0x00000000c5380000)
 Metaspace       used 13920K, capacity 14302K, committed 14592K, reserved 1062912K
  class space    used 1584K, capacity 1703K, committed 1792K, reserved 1048576K
Event: 88.029 GC heap after
Heap after GC invocations=8 (full 1):
 PSYoungGen      total 34304K, used 4222K [0x00000000eb900000, 0x00000000efc00000, 0x0000000100000000)
  eden space 29184K, 0% used [0x00000000eb900000,0x00000000eb900000,0x00000000ed580000)
  from space 5120K, 82% used [0x00000000ed580000,0x00000000ed99f900,0x00000000eda80000)
  to   space 5120K, 0% used [0x00000000ef700000,0x00000000ef700000,0x00000000efc00000)
 ParOldGen       total 42496K, used 9763K [0x00000000c2a00000, 0x00000000c5380000, 0x00000000eb900000)
  object space 42496K, 22% used [0x00000000c2a00000,0x00000000c3388d78,0x00000000c5380000)
 Metaspace       used 13920K, capacity 14302K, committed 14592K, reserved 1062912K
  class space    used 1584K, capacity 1703K, committed 1792K, reserved 1048576K
}
Event: 88.233 GC heap before
{Heap before GC invocations=9 (full 1):
 PSYoungGen      total 34304K, used 33406K [0x00000000eb900000, 0x00000000efc00000, 0x0000000100000000)
  eden space 29184K, 100% used [0x00000000eb900000,0x00000000ed580000,0x00000000ed580000)
  from space 5120K, 82% used [0x00000000ed580000,0x00000000ed99f900,0x00000000eda80000)
  to   space 5120K, 0% used [0x00000000ef700000,0x00000000ef700000,0x00000000efc00000)
 ParOldGen       total 42496K, used 9763K [0x00000000c2a00000, 0x00000000c5380000, 0x00000000eb900000)
  object space 42496K, 22% used [0x00000000c2a00000,0x00000000c3388d78,0x00000000c5380000)
 Metaspace       used 13941K, capacity 14366K, committed 14592K, reserved 1062912K
  class space    used 1584K, capacity 1703K, committed 1792K, reserved 1048576K
Event: 88.305 GC heap after
Heap after GC invocations=9 (full 1):
 PSYoungGen      total 63488K, used 4356K [0x00000000eb900000, 0x00000000efc00000, 0x0000000100000000)
  eden space 58368K, 0% used [0x00000000eb900000,0x00000000eb900000,0x00000000ef200000)
  from space 5120K, 85% used [0x00000000ef700000,0x00000000efb41100,0x00000000efc00000)
  to   space 5120K, 0% used [0x00000000ef200000,0x00000000ef200000,0x00000000ef700000)
 ParOldGen       total 42496K, used 10876K [0x00000000c2a00000, 0x00000000c5380000, 0x00000000eb900000)
  object space 42496K, 25% used [0x00000000c2a00000,0x00000000c349f228,0x00000000c5380000)
 Metaspace       used 13941K, capacity 14366K, committed 14592K, reserved 1062912K
  class space    used 1584K, capacity 1703K, committed 1792K, reserved 1048576K
}
Event: 89.962 GC heap before
{Heap before GC invocations=10 (full 1):
 PSYoungGen      total 63488K, used 62724K [0x00000000eb900000, 0x00000000efc00000, 0x0000000100000000)
  eden space 58368K, 100% used [0x00000000eb900000,0x00000000ef200000,0x00000000ef200000)
  from space 5120K, 85% used [0x00000000ef700000,0x00000000efb41100,0x00000000efc00000)
  to   space 5120K, 0% used [0x00000000ef200000,0x00000000ef200000,0x00000000ef700000)
 ParOldGen       total 42496K, used 10876K [0x00000000c2a00000, 0x00000000c5380000, 0x00000000eb900000)
  object space 42496K, 25% used [0x00000000c2a00000,0x00000000c349f228,0x00000000c5380000)
 Metaspace       used 13962K, capacity 14366K, committed 14592K, reserved 1062912K
  class space    used 1584K, capacity 1703K, committed 1792K, reserved 1048576K
Event: 89.981 GC heap after
Heap after GC invocations=10 (full 1):
 PSYoungGen      total 63488K, used 5096K [0x00000000eb900000, 0x00000000f3700000, 0x0000000100000000)
  eden space 58368K, 0% used [0x00000000eb900000,0x00000000eb900000,0x00000000ef200000)
  from space 5120K, 99% used [0x00000000ef200000,0x00000000ef6fa1e0,0x00000000ef700000)
  to   space 6144K, 0% used [0x00000000f3100000,0x00000000f3100000,0x00000000f3700000)
 ParOldGen       total 42496K, used 11924K [0x00000000c2a00000, 0x00000000c5380000, 0x00000000eb900000)
  object space 42496K, 28% used [0x00000000c2a00000,0x00000000c35a5228,0x00000000c5380000)
 Metaspace       used 13962K, capacity 14366K, committed 14592K, reserved 1062912K
  class space    used 1584K, capacity 1703K, committed 1792K, reserved 1048576K
}
Event: 90.336 GC heap before
{Heap before GC invocations=11 (full 1):
 PSYoungGen      total 63488K, used 63464K [0x00000000eb900000, 0x00000000f3700000, 0x0000000100000000)
  eden space 58368K, 100% used [0x00000000eb900000,0x00000000ef200000,0x00000000ef200000)
  from space 5120K, 99% used [0x00000000ef200000,0x00000000ef6fa1e0,0x00000000ef700000)
  to   space 6144K, 0% used [0x00000000f3100000,0x00000000f3100000,0x00000000f3700000)
 ParOldGen       total 42496K, used 11924K [0x00000000c2a00000, 0x00000000c5380000, 0x00000000eb900000)
  object space 42496K, 28% used [0x00000000c2a00000,0x00000000c35a5228,0x00000000c5380000)
 Metaspace       used 13967K, capacity 14430K, committed 14592K, reserved 1062912K
  class space    used 1584K, capacity 1703K, committed 1792K, reserved 1048576K
Event: 90.355 GC heap after
Heap after GC invocations=11 (full 1):
 PSYoungGen      total 97792K, used 3742K [0x00000000eb900000, 0x00000000f3500000, 0x0000000100000000)
  eden space 93696K, 0% used [0x00000000eb900000,0x00000000eb900000,0x00000000f1480000)
  from space 4096K, 91% used [0x00000000f3100000,0x00000000f34a7990,0x00000000f3500000)
  to   space 5632K, 0% used [0x00000000f2a00000,0x00000000f2a00000,0x00000000f2f80000)
 ParOldGen       total 42496K, used 13946K [0x00000000c2a00000, 0x00000000c5380000, 0x00000000eb900000)
  object space 42496K, 32% used [0x00000000c2a00000,0x00000000c379ea88,0x00000000c5380000)
 Metaspace       used 13967K, capacity 14430K, committed 14592K, reserved 1062912K
  class space    used 1584K, capacity 1703K, committed 1792K, reserved 1048576K
}
Event: 92.015 GC heap before
{Heap before GC invocations=12 (full 1):
 PSYoungGen      total 97792K, used 97438K [0x00000000eb900000, 0x00000000f3500000, 0x0000000100000000)
  eden space 93696K, 100% used [0x00000000eb900000,0x00000000f1480000,0x00000000f1480000)
  from space 4096K, 91% used [0x00000000f3100000,0x00000000f34a7990,0x00000000f3500000)
  to   space 5632K, 0% used [0x00000000f2a00000,0x00000000f2a00000,0x00000000f2f80000)
 ParOldGen       total 42496K, used 13946K [0x00000000c2a00000, 0x00000000c5380000, 0x00000000eb900000)
  object space 42496K, 32% used [0x00000000c2a00000,0x00000000c379ea88,0x00000000c5380000)
 Metaspace       used 13977K, capacity 14430K, committed 14592K, reserved 1062912K
  class space    used 1584K, capacity 1703K, committed 1792K, reserved 1048576K

