# JRE version: Java(TM) SE Runtime Environment (8.0_201-b09) (build 1.8.0_201-b09)
# Java VM: Java HotSpot(TM) 64-Bit Server VM (25.201-b09 mixed mode linux-amd64 compressed oops)
Heap:
 PSYoungGen      total 230400K, used 0K [0x00000000eb900000, 0x0000000100000000, 0x0000000100000000)
  eden space 181248K, 0% used [0x00000000eb900000,0x00000000eb900000,0x00000000f6a00000)
  from space 49152K, 0% used [0x00000000f6a00000,0x00000000f6a00000,0x00000000f9a00000)
  to   space 77312K, 0% used [0x00000000fb480000,0x00000000fb480000,0x0000000100000000)
 ParOldGen       total 147456K, used 123190K [0x00000000c2a00000, 0x00000000cba00000, 0x00000000eb900000)
  object space 147456K, 83% used [0x00000000c2a00000,0x00000000ca24d8d8,0x00000000cba00000)
 Metaspace       used 39280K, capacity 41302K, committed 41344K, reserved 1085440K
  class space    used 3973K, capacity 4462K, committed 4480K, reserved 1048576K
GC Heap History (10 events):
Event: 154.164 GC heap after
Heap after GC invocations=55 (full 4):
 PSYoungGen      total 244224K, used 40498K [0x00000000eb900000, 0x00000000ffe80000, 0x0000000100000000)
  eden space 165376K, 0% used [0x00000000eb900000,0x00000000eb900000,0x00000000f5a80000)
  from space 78848K, 51% used [0x00000000f5a80000,0x00000000f820c870,0x00000000fa780000)
  to   space 77312K, 0% used [0x00000000fb300000,0x00000000fb300000,0x00000000ffe80000)
 ParOldGen       total 147456K, used 86730K [0x00000000c2a00000, 0x00000000cba00000, 0x00000000eb900000)
  object space 147456K, 58% used [0x00000000c2a00000,0x00000000c7eb28e8,0x00000000cba00000)
 Metaspace       used 30694K, capacity 31434K, committed 31616K, reserved 1077248K
  class space    used 3186K, capacity 3381K, committed 3456K, reserved 1048576K
}
Event: 159.827 GC heap before
{Heap before GC invocations=56 (full 4):
 PSYoungGen      total 244224K, used 205874K [0x00000000eb900000, 0x00000000ffe80000, 0x0000000100000000)
  eden space 165376K, 100% used [0x00000000eb900000,0x00000000f5a80000,0x00000000f5a80000)
  from space 78848K, 51% used [0x00000000f5a80000,0x00000000f820c870,0x00000000fa780000)
  to   space 77312K, 0% used [0x00000000fb300000,0x00000000fb300000,0x00000000ffe80000)
 ParOldGen       total 147456K, used 86730K [0x00000000c2a00000, 0x00000000cba00000, 0x00000000eb900000)
  object space 147456K, 58% used [0x00000000c2a00000,0x00000000c7eb28e8,0x00000000cba00000)
 Metaspace       used 33472K, capacity 34422K, committed 34816K, reserved 1081344K
  class space    used 3520K, capacity 3738K, committed 3840K, reserved 1048576K
Event: 159.881 GC heap after
Heap after GC invocations=56 (full 4):
 PSYoungGen      total 253952K, used 41439K [0x00000000eb900000, 0x00000000ffc80000, 0x0000000100000000)
  eden space 178688K, 0% used [0x00000000eb900000,0x00000000eb900000,0x00000000f6780000)
  from space 75264K, 55% used [0x00000000fb300000,0x00000000fdb77cd0,0x00000000ffc80000)
  to   space 76288K, 0% used [0x00000000f6780000,0x00000000f6780000,0x00000000fb200000)
 ParOldGen       total 147456K, used 86738K [0x00000000c2a00000, 0x00000000cba00000, 0x00000000eb900000)
  object space 147456K, 58% used [0x00000000c2a00000,0x00000000c7eb48e8,0x00000000cba00000)
 Metaspace       used 33472K, capacity 34422K, committed 34816K, reserved 1081344K
  class space    used 3520K, capacity 3738K, committed 3840K, reserved 1048576K
}
Event: 168.076 GC heap before
{Heap before GC invocations=57 (full 4):
 PSYoungGen      total 253952K, used 220127K [0x00000000eb900000, 0x00000000ffc80000, 0x0000000100000000)
  eden space 178688K, 100% used [0x00000000eb900000,0x00000000f6780000,0x00000000f6780000)
  from space 75264K, 55% used [0x00000000fb300000,0x00000000fdb77cd0,0x00000000ffc80000)
  to   space 76288K, 0% used [0x00000000f6780000,0x00000000f6780000,0x00000000fb200000)
 ParOldGen       total 147456K, used 86738K [0x00000000c2a00000, 0x00000000cba00000, 0x00000000eb900000)
  object space 147456K, 58% used [0x00000000c2a00000,0x00000000c7eb48e8,0x00000000cba00000)
 Metaspace       used 35365K, capacity 36590K, committed 36864K, reserved 1081344K
  class space    used 3665K, capacity 3970K, committed 4096K, reserved 1048576K
Event: 168.127 GC heap after
Heap after GC invocations=57 (full 4):
 PSYoungGen      total 254976K, used 44424K [0x00000000eb900000, 0x0000000100000000, 0x0000000100000000)
  eden space 178688K, 0% used [0x00000000eb900000,0x00000000eb900000,0x00000000f6780000)
  from space 76288K, 58% used [0x00000000f6780000,0x00000000f92e23b8,0x00000000fb200000)
  to   space 75776K, 0% used [0x00000000fb600000,0x00000000fb600000,0x0000000100000000)
 ParOldGen       total 147456K, used 86738K [0x00000000c2a00000, 0x00000000cba00000, 0x00000000eb900000)
  object space 147456K, 58% used [0x00000000c2a00000,0x00000000c7eb48e8,0x00000000cba00000)
 Metaspace       used 35365K, capacity 36590K, committed 36864K, reserved 1081344K
  class space    used 3665K, capacity 3970K, committed 4096K, reserved 1048576K
}
Event: 177.273 GC heap before
{Heap before GC invocations=58 (full 4):
 PSYoungGen      total 254976K, used 223112K [0x00000000eb900000, 0x0000000100000000, 0x0000000100000000)
  eden space 178688K, 100% used [0x00000000eb900000,0x00000000f6780000,0x00000000f6780000)
  from space 76288K, 58% used [0x00000000f6780000,0x00000000f92e23b8,0x00000000fb200000)
  to   space 75776K, 0% used [0x00000000fb600000,0x00000000fb600000,0x0000000100000000)
 ParOldGen       total 147456K, used 86738K [0x00000000c2a00000, 0x00000000cba00000, 0x00000000eb900000)
  object space 147456K, 58% used [0x00000000c2a00000,0x00000000c7eb48e8,0x00000000cba00000)
 Metaspace       used 37322K, capacity 38998K, committed 39040K, reserved 1083392K
  class space    used 3825K, capacity 4218K, committed 4224K, reserved 1048576K
Event: 177.331 GC heap after
Heap after GC invocations=58 (full 4):
 PSYoungGen      total 257024K, used 47494K [0x00000000eb900000, 0x0000000100000000, 0x0000000100000000)
  eden space 181248K, 0% used [0x00000000eb900000,0x00000000eb900000,0x00000000f6a00000)
  from space 75776K, 62% used [0x00000000fb600000,0x00000000fe461bc0,0x0000000100000000)
  to   space 76800K, 0% used [0x00000000f6a00000,0x00000000f6a00000,0x00000000fb500000)
 ParOldGen       total 147456K, used 86746K [0x00000000c2a00000, 0x00000000cba00000, 0x00000000eb900000)
  object space 147456K, 58% used [0x00000000c2a00000,0x00000000c7eb68e8,0x00000000cba00000)
 Metaspace       used 37322K, capacity 38998K, committed 39040K, reserved 1083392K
  class space    used 3825K, capacity 4218K, committed 4224K, reserved 1048576K
}
Event: 186.638 GC heap before
{Heap before GC invocations=59 (full 4):
 PSYoungGen      total 257024K, used 198847K [0x00000000eb900000, 0x0000000100000000, 0x0000000100000000)
  eden space 181248K, 83% used [0x00000000eb900000,0x00000000f4cce328,0x00000000f6a00000)
  from space 75776K, 62% used [0x00000000fb600000,0x00000000fe461bc0,0x0000000100000000)
  to   space 76800K, 0% used [0x00000000f6a00000,0x00000000f6a00000,0x00000000fb500000)
 ParOldGen       total 147456K, used 86746K [0x00000000c2a00000, 0x00000000cba00000, 0x00000000eb900000)
  object space 147456K, 58% used [0x00000000c2a00000,0x00000000c7eb68e8,0x00000000cba00000)
 Metaspace       used 39280K, capacity 41302K, committed 41344K, reserved 1085440K
  class space    used 3973K, capacity 4462K, committed 4480K, reserved 1048576K
Event: 186.706 GC heap after
Heap after GC invocations=59 (full 4):
 PSYoungGen      total 230400K, used 48960K [0x00000000eb900000, 0x0000000100000000, 0x0000000100000000)
  eden space 181248K, 0% used [0x00000000eb900000,0x00000000eb900000,0x00000000f6a00000)
  from space 49152K, 99% used [0x00000000f6a00000,0x00000000f99d0348,0x00000000f9a00000)
  to   space 77312K, 0% used [0x00000000fb480000,0x00000000fb480000,0x0000000100000000)
 ParOldGen       total 147456K, used 86754K [0x00000000c2a00000, 0x00000000cba00000, 0x00000000eb900000)
  object space 147456K, 58% used [0x00000000c2a00000,0x00000000c7eb88e8,0x00000000cba00000)
 Metaspace       used 39280K, capacity 41302K, committed 41344K, reserved 1085440K
  class space    used 3973K, capacity 4462K, committed 4480K, reserved 1048576K
}
Event: 186.706 GC heap before
{Heap before GC invocations=60 (full 5):
 PSYoungGen      total 230400K, used 48960K [0x00000000eb900000, 0x0000000100000000, 0x0000000100000000)
  eden space 181248K, 0% used [0x00000000eb900000,0x00000000eb900000,0x00000000f6a00000)
  from space 49152K, 99% used [0x00000000f6a00000,0x00000000f99d0348,0x00000000f9a00000)
  to   space 77312K, 0% used [0x00000000fb480000,0x00000000fb480000,0x0000000100000000)
 ParOldGen       total 147456K, used 86754K [0x00000000c2a00000, 0x00000000cba00000, 0x00000000eb900000)
  object space 147456K, 58% used [0x00000000c2a00000,0x00000000c7eb88e8,0x00000000cba00000)
 Metaspace       used 39280K, capacity 41302K, committed 41344K, reserved 1085440K
  class space    used 3973K, capacity 4462K, committed 4480K, reserved 1048576K

