# JRE version: Java(TM) SE Runtime Environment (8.0_201-b09) (build 1.8.0_201-b09)
# Java VM: Java HotSpot(TM) 64-Bit Server VM (25.201-b09 mixed mode linux-amd64 compressed oops)
Heap:
 PSYoungGen      total 64512K, used 5112K [0x00000000eb900000, 0x00000000efd00000, 0x0000000100000000)
  eden space 59392K, 0% used [0x00000000eb900000,0x00000000eb900000,0x00000000ef300000)
  from space 5120K, 99% used [0x00000000ef300000,0x00000000ef7fe020,0x00000000ef800000)
  to   space 5120K, 0% used [0x00000000ef800000,0x00000000ef800000,0x00000000efd00000)
 ParOldGen       total 42496K, used 12232K [0x00000000c2a00000, 0x00000000c5380000, 0x00000000eb900000)
  object space 42496K, 28% used [0x00000000c2a00000,0x00000000c35f23a8,0x00000000c5380000)
 Metaspace       used 14416K, capacity 14876K, committed 15104K, reserved 1062912K
  class space    used 1627K, capacity 1737K, committed 1792K, reserved 1048576K
GC Heap History (10 events):
Event: 29.576 GC heap after
Heap after GC invocations=5 (full 1):
 PSYoungGen      total 18432K, used 2556K [0x00000000eb900000, 0x00000000ecd80000, 0x0000000100000000)
  eden space 15872K, 0% used [0x00000000eb900000,0x00000000eb900000,0x00000000ec880000)
  from space 2560K, 99% used [0x00000000ecb00000,0x00000000ecd7f020,0x00000000ecd80000)
  to   space 2560K, 0% used [0x00000000ec880000,0x00000000ec880000,0x00000000ecb00000)
 ParOldGen       total 42496K, used 4386K [0x00000000c2a00000, 0x00000000c5380000, 0x00000000eb900000)
  object space 42496K, 10% used [0x00000000c2a00000,0x00000000c2e48b40,0x00000000c5380000)
 Metaspace       used 13523K, capacity 13928K, committed 14080K, reserved 1060864K
  class space    used 1562K, capacity 1666K, committed 1792K, reserved 1048576K
}
Event: 30.308 GC heap before
{Heap before GC invocations=6 (full 1):
 PSYoungGen      total 18432K, used 18428K [0x00000000eb900000, 0x00000000ecd80000, 0x0000000100000000)
  eden space 15872K, 100% used [0x00000000eb900000,0x00000000ec880000,0x00000000ec880000)
  from space 2560K, 99% used [0x00000000ecb00000,0x00000000ecd7f020,0x00000000ecd80000)
  to   space 2560K, 0% used [0x00000000ec880000,0x00000000ec880000,0x00000000ecb00000)
 ParOldGen       total 42496K, used 4386K [0x00000000c2a00000, 0x00000000c5380000, 0x00000000eb900000)
  object space 42496K, 10% used [0x00000000c2a00000,0x00000000c2e48b40,0x00000000c5380000)
 Metaspace       used 13590K, capacity 13992K, committed 14336K, reserved 1062912K
  class space    used 1562K, capacity 1666K, committed 1792K, reserved 1048576K
Event: 30.345 GC heap after
Heap after GC invocations=6 (full 1):
 PSYoungGen      total 18432K, used 2560K [0x00000000eb900000, 0x00000000edd00000, 0x0000000100000000)
  eden space 15872K, 0% used [0x00000000eb900000,0x00000000eb900000,0x00000000ec880000)
  from space 2560K, 100% used [0x00000000ec880000,0x00000000ecb00000,0x00000000ecb00000)
  to   space 2560K, 0% used [0x00000000eda80000,0x00000000eda80000,0x00000000edd00000)
 ParOldGen       total 42496K, used 5422K [0x00000000c2a00000, 0x00000000c5380000, 0x00000000eb900000)
  object space 42496K, 12% used [0x00000000c2a00000,0x00000000c2f4b8a0,0x00000000c5380000)
 Metaspace       used 13590K, capacity 13992K, committed 14336K, reserved 1062912K
  class space    used 1562K, capacity 1666K, committed 1792K, reserved 1048576K
}
Event: 30.580 GC heap before
{Heap before GC invocations=7 (full 1):
 PSYoungGen      total 18432K, used 18432K [0x00000000eb900000, 0x00000000edd00000, 0x0000000100000000)
  eden space 15872K, 100% used [0x00000000eb900000,0x00000000ec880000,0x00000000ec880000)
  from space 2560K, 100% used [0x00000000ec880000,0x00000000ecb00000,0x00000000ecb00000)
  to   space 2560K, 0% used [0x00000000eda80000,0x00000000eda80000,0x00000000edd00000)
 ParOldGen       total 42496K, used 5422K [0x00000000c2a00000, 0x00000000c5380000, 0x00000000eb900000)
  object space 42496K, 12% used [0x00000000c2a00000,0x00000000c2f4b8a0,0x00000000c5380000)
 Metaspace       used 13634K, capacity 13992K, committed 14336K, reserved 1062912K
  class space    used 1562K, capacity 1666K, committed 1792K, reserved 1048576K
Event: 30.595 GC heap after
Heap after GC invocations=7 (full 1):
 PSYoungGen      total 32256K, used 2549K [0x00000000eb900000, 0x00000000ee100000, 0x0000000100000000)
  eden space 29696K, 0% used [0x00000000eb900000,0x00000000eb900000,0x00000000ed600000)
  from space 2560K, 99% used [0x00000000eda80000,0x00000000edcfd490,0x00000000edd00000)
  to   space 4608K, 0% used [0x00000000ed600000,0x00000000ed600000,0x00000000eda80000)
 ParOldGen       total 42496K, used 6618K [0x00000000c2a00000, 0x00000000c5380000, 0x00000000eb900000)
  object space 42496K, 15% used [0x00000000c2a00000,0x00000000c3076b88,0x00000000c5380000)
 Metaspace       used 13634K, capacity 13992K, committed 14336K, reserved 1062912K
  class space    used 1562K, capacity 1666K, committed 1792K, reserved 1048576K
}
Event: 61.188 GC heap before
{Heap before GC invocations=8 (full 1):
 PSYoungGen      total 32256K, used 32245K [0x00000000eb900000, 0x00000000ee100000, 0x0000000100000000)
  eden space 29696K, 100% used [0x00000000eb900000,0x00000000ed600000,0x00000000ed600000)
  from space 2560K, 99% used [0x00000000eda80000,0x00000000edcfd490,0x00000000edd00000)
  to   space 4608K, 0% used [0x00000000ed600000,0x00000000ed600000,0x00000000eda80000)
 ParOldGen       total 42496K, used 6618K [0x00000000c2a00000, 0x00000000c5380000, 0x00000000eb900000)
  object space 42496K, 15% used [0x00000000c2a00000,0x00000000c3076b88,0x00000000c5380000)
 Metaspace       used 14235K, capacity 14700K, committed 14848K, reserved 1062912K
  class space    used 1614K, capacity 1729K, committed 1792K, reserved 1048576K
Event: 61.245 GC heap after
Heap after GC invocations=8 (full 1):
 PSYoungGen      total 34304K, used 4587K [0x00000000eb900000, 0x00000000efd00000, 0x0000000100000000)
  eden space 29696K, 0% used [0x00000000eb900000,0x00000000eb900000,0x00000000ed600000)
  from space 4608K, 99% used [0x00000000ed600000,0x00000000eda7aca0,0x00000000eda80000)
  to   space 5120K, 0% used [0x00000000ef800000,0x00000000ef800000,0x00000000efd00000)
 ParOldGen       total 42496K, used 6683K [0x00000000c2a00000, 0x00000000c5380000, 0x00000000eb900000)
  object space 42496K, 15% used [0x00000000c2a00000,0x00000000c3086fd8,0x00000000c5380000)
 Metaspace       used 14235K, capacity 14700K, committed 14848K, reserved 1062912K
  class space    used 1614K, capacity 1729K, committed 1792K, reserved 1048576K
}
Event: 70.152 GC heap before
{Heap before GC invocations=9 (full 1):
 PSYoungGen      total 34304K, used 34283K [0x00000000eb900000, 0x00000000efd00000, 0x0000000100000000)
  eden space 29696K, 100% used [0x00000000eb900000,0x00000000ed600000,0x00000000ed600000)
  from space 4608K, 99% used [0x00000000ed600000,0x00000000eda7aca0,0x00000000eda80000)
  to   space 5120K, 0% used [0x00000000ef800000,0x00000000ef800000,0x00000000efd00000)
 ParOldGen       total 42496K, used 6683K [0x00000000c2a00000, 0x00000000c5380000, 0x00000000eb900000)
  object space 42496K, 15% used [0x00000000c2a00000,0x00000000c3086fd8,0x00000000c5380000)
 Metaspace       used 14276K, capacity 14736K, committed 14848K, reserved 1062912K
  class space    used 1621K, capacity 1735K, committed 1792K, reserved 1048576K
Event: 70.169 GC heap after
Heap after GC invocations=9 (full 1):
 PSYoungGen      total 64512K, used 3996K [0x00000000eb900000, 0x00000000efd00000, 0x0000000100000000)
  eden space 59392K, 0% used [0x00000000eb900000,0x00000000eb900000,0x00000000ef300000)
  from space 5120K, 78% used [0x00000000ef800000,0x00000000efbe7070,0x00000000efd00000)
  to   space 5120K, 0% used [0x00000000ef300000,0x00000000ef300000,0x00000000ef800000)
 ParOldGen       total 42496K, used 7003K [0x00000000c2a00000, 0x00000000c5380000, 0x00000000eb900000)
  object space 42496K, 16% used [0x00000000c2a00000,0x00000000c30d6fe8,0x00000000c5380000)
 Metaspace       used 14276K, capacity 14736K, committed 14848K, reserved 1062912K
  class space    used 1621K, capacity 1735K, committed 1792K, reserved 1048576K
}
Event: 144.804 GC heap before
{Heap before GC invocations=10 (full 1):
 PSYoungGen      total 64512K, used 63388K [0x00000000eb900000, 0x00000000efd00000, 0x0000000100000000)
  eden space 59392K, 100% used [0x00000000eb900000,0x00000000ef300000,0x00000000ef300000)
  from space 5120K, 78% used [0x00000000ef800000,0x00000000efbe7070,0x00000000efd00000)
  to   space 5120K, 0% used [0x00000000ef300000,0x00000000ef300000,0x00000000ef800000)
 ParOldGen       total 42496K, used 7003K [0x00000000c2a00000, 0x00000000c5380000, 0x00000000eb900000)
  object space 42496K, 16% used [0x00000000c2a00000,0x00000000c30d6fe8,0x00000000c5380000)
 Metaspace       used 14416K, capacity 14876K, committed 15104K, reserved 1062912K
  class space    used 1627K, capacity 1737K, committed 1792K, reserved 1048576K

