# JRE version: Java(TM) SE Runtime Environment (8.0_201-b09) (build 1.8.0_201-b09)
# Java VM: Java HotSpot(TM) 64-Bit Server VM (25.201-b09 mixed mode linux-amd64 compressed oops)
Heap:
 PSYoungGen      total 250368K, used 19941K [0x00000000eb900000, 0x00000000fc100000, 0x0000000100000000)
  eden space 230400K, 0% used [0x00000000eb900000,0x00000000eb900000,0x00000000f9a00000)
  from space 19968K, 99% used [0x00000000fad80000,0x00000000fc0f9630,0x00000000fc100000)
  to   space 14336K, 0% used [0x00000000f9d80000,0x00000000f9d80000,0x00000000fab80000)
 ParOldGen       total 73728K, used 42389K [0x00000000c2a00000, 0x00000000c7200000, 0x00000000eb900000)
  object space 73728K, 57% used [0x00000000c2a00000,0x00000000c53657b8,0x00000000c7200000)
 Metaspace       used 22941K, capacity 23536K, committed 23680K, reserved 1071104K
  class space    used 2484K, capacity 2658K, committed 2688K, reserved 1048576K
GC Heap History (10 events):
Event: 6.208 GC heap after
Heap after GC invocations=9 (full 1):
 PSYoungGen      total 125952K, used 6632K [0x00000000eb900000, 0x00000000f3f00000, 0x0000000100000000)
  eden space 119296K, 0% used [0x00000000eb900000,0x00000000eb900000,0x00000000f2d80000)
  from space 6656K, 99% used [0x00000000f3580000,0x00000000f3bfa1b8,0x00000000f3c00000)
  to   space 8192K, 0% used [0x00000000f2d80000,0x00000000f2d80000,0x00000000f3580000)
 ParOldGen       total 42496K, used 13426K [0x00000000c2a00000, 0x00000000c5380000, 0x00000000eb900000)
  object space 42496K, 31% used [0x00000000c2a00000,0x00000000c371c818,0x00000000c5380000)
 Metaspace       used 16348K, capacity 16592K, committed 16768K, reserved 1064960K
  class space    used 1832K, capacity 1910K, committed 1920K, reserved 1048576K
}
Event: 11.403 GC heap before
{Heap before GC invocations=10 (full 1):
 PSYoungGen      total 125952K, used 125928K [0x00000000eb900000, 0x00000000f3f00000, 0x0000000100000000)
  eden space 119296K, 100% used [0x00000000eb900000,0x00000000f2d80000,0x00000000f2d80000)
  from space 6656K, 99% used [0x00000000f3580000,0x00000000f3bfa1b8,0x00000000f3c00000)
  to   space 8192K, 0% used [0x00000000f2d80000,0x00000000f2d80000,0x00000000f3580000)
 ParOldGen       total 42496K, used 13426K [0x00000000c2a00000, 0x00000000c5380000, 0x00000000eb900000)
  object space 42496K, 31% used [0x00000000c2a00000,0x00000000c371c818,0x00000000c5380000)
 Metaspace       used 18886K, capacity 19192K, committed 19456K, reserved 1067008K
  class space    used 2133K, capacity 2224K, committed 2304K, reserved 1048576K
Event: 11.516 GC heap after
Heap after GC invocations=10 (full 1):
 PSYoungGen      total 127488K, used 8184K [0x00000000eb900000, 0x00000000fc200000, 0x0000000100000000)
  eden space 119296K, 0% used [0x00000000eb900000,0x00000000eb900000,0x00000000f2d80000)
  from space 8192K, 99% used [0x00000000f2d80000,0x00000000f357e1b8,0x00000000f3580000)
  to   space 16384K, 0% used [0x00000000fb200000,0x00000000fb200000,0x00000000fc200000)
 ParOldGen       total 42496K, used 30359K [0x00000000c2a00000, 0x00000000c5380000, 0x00000000eb900000)
  object space 42496K, 71% used [0x00000000c2a00000,0x00000000c47a5d60,0x00000000c5380000)
 Metaspace       used 18886K, capacity 19192K, committed 19456K, reserved 1067008K
  class space    used 2133K, capacity 2224K, committed 2304K, reserved 1048576K
}
Event: 14.736 GC heap before
{Heap before GC invocations=11 (full 1):
 PSYoungGen      total 127488K, used 127480K [0x00000000eb900000, 0x00000000fc200000, 0x0000000100000000)
  eden space 119296K, 100% used [0x00000000eb900000,0x00000000f2d80000,0x00000000f2d80000)
  from space 8192K, 99% used [0x00000000f2d80000,0x00000000f357e1b8,0x00000000f3580000)
  to   space 16384K, 0% used [0x00000000fb200000,0x00000000fb200000,0x00000000fc200000)
 ParOldGen       total 42496K, used 30359K [0x00000000c2a00000, 0x00000000c5380000, 0x00000000eb900000)
  object space 42496K, 71% used [0x00000000c2a00000,0x00000000c47a5d60,0x00000000c5380000)
 Metaspace       used 19704K, capacity 20086K, committed 20352K, reserved 1067008K
  class space    used 2214K, capacity 2324K, committed 2432K, reserved 1048576K
Event: 14.799 GC heap after
Heap after GC invocations=11 (full 1):
 PSYoungGen      total 206848K, used 15620K [0x00000000eb900000, 0x00000000fc180000, 0x0000000100000000)
  eden space 190976K, 0% used [0x00000000eb900000,0x00000000eb900000,0x00000000f7380000)
  from space 15872K, 98% used [0x00000000fb200000,0x00000000fc141138,0x00000000fc180000)
  to   space 18432K, 0% used [0x00000000f9d80000,0x00000000f9d80000,0x00000000faf80000)
 ParOldGen       total 42496K, used 33815K [0x00000000c2a00000, 0x00000000c5380000, 0x00000000eb900000)
  object space 42496K, 79% used [0x00000000c2a00000,0x00000000c4b05d70,0x00000000c5380000)
 Metaspace       used 19704K, capacity 20086K, committed 20352K, reserved 1067008K
  class space    used 2214K, capacity 2324K, committed 2432K, reserved 1048576K
}
Event: 14.799 GC heap before
{Heap before GC invocations=12 (full 2):
 PSYoungGen      total 206848K, used 15620K [0x00000000eb900000, 0x00000000fc180000, 0x0000000100000000)
  eden space 190976K, 0% used [0x00000000eb900000,0x00000000eb900000,0x00000000f7380000)
  from space 15872K, 98% used [0x00000000fb200000,0x00000000fc141138,0x00000000fc180000)
  to   space 18432K, 0% used [0x00000000f9d80000,0x00000000f9d80000,0x00000000faf80000)
 ParOldGen       total 42496K, used 33815K [0x00000000c2a00000, 0x00000000c5380000, 0x00000000eb900000)
  object space 42496K, 79% used [0x00000000c2a00000,0x00000000c4b05d70,0x00000000c5380000)
 Metaspace       used 19704K, capacity 20086K, committed 20352K, reserved 1067008K
  class space    used 2214K, capacity 2324K, committed 2432K, reserved 1048576K
Event: 15.366 GC heap after
Heap after GC invocations=12 (full 2):
 PSYoungGen      total 206848K, used 0K [0x00000000eb900000, 0x00000000fc180000, 0x0000000100000000)
  eden space 190976K, 0% used [0x00000000eb900000,0x00000000eb900000,0x00000000f7380000)
  from space 15872K, 0% used [0x00000000fb200000,0x00000000fb200000,0x00000000fc180000)
  to   space 18432K, 0% used [0x00000000f9d80000,0x00000000f9d80000,0x00000000faf80000)
 ParOldGen       total 73728K, used 38321K [0x00000000c2a00000, 0x00000000c7200000, 0x00000000eb900000)
  object space 73728K, 51% used [0x00000000c2a00000,0x00000000c4f6c688,0x00000000c7200000)
 Metaspace       used 19704K, capacity 20086K, committed 20352K, reserved 1067008K
  class space    used 2214K, capacity 2324K, committed 2432K, reserved 1048576K
}
Event: 24.310 GC heap before
{Heap before GC invocations=13 (full 2):
 PSYoungGen      total 206848K, used 190976K [0x00000000eb900000, 0x00000000fc180000, 0x0000000100000000)
  eden space 190976K, 100% used [0x00000000eb900000,0x00000000f7380000,0x00000000f7380000)
  from space 15872K, 0% used [0x00000000fb200000,0x00000000fb200000,0x00000000fc180000)
  to   space 18432K, 0% used [0x00000000f9d80000,0x00000000f9d80000,0x00000000faf80000)
 ParOldGen       total 73728K, used 38321K [0x00000000c2a00000, 0x00000000c7200000, 0x00000000eb900000)
  object space 73728K, 51% used [0x00000000c2a00000,0x00000000c4f6c688,0x00000000c7200000)
 Metaspace       used 22643K, capacity 23250K, committed 23424K, reserved 1071104K
  class space    used 2472K, capacity 2653K, committed 2688K, reserved 1048576K
Event: 24.378 GC heap after
Heap after GC invocations=13 (full 2):
 PSYoungGen      total 244736K, used 14012K [0x00000000eb900000, 0x00000000fc100000, 0x0000000100000000)
  eden space 230400K, 0% used [0x00000000eb900000,0x00000000eb900000,0x00000000f9a00000)
  from space 14336K, 97% used [0x00000000f9d80000,0x00000000fab2f270,0x00000000fab80000)
  to   space 19968K, 0% used [0x00000000fad80000,0x00000000fad80000,0x00000000fc100000)
 ParOldGen       total 73728K, used 38329K [0x00000000c2a00000, 0x00000000c7200000, 0x00000000eb900000)
  object space 73728K, 51% used [0x00000000c2a00000,0x00000000c4f6e688,0x00000000c7200000)
 Metaspace       used 22643K, capacity 23250K, committed 23424K, reserved 1071104K
  class space    used 2472K, capacity 2653K, committed 2688K, reserved 1048576K
}
Event: 34.435 GC heap before
{Heap before GC invocations=14 (full 2):
 PSYoungGen      total 244736K, used 244412K [0x00000000eb900000, 0x00000000fc100000, 0x0000000100000000)
  eden space 230400K, 100% used [0x00000000eb900000,0x00000000f9a00000,0x00000000f9a00000)
  from space 14336K, 97% used [0x00000000f9d80000,0x00000000fab2f270,0x00000000fab80000)
  to   space 19968K, 0% used [0x00000000fad80000,0x00000000fad80000,0x00000000fc100000)
 ParOldGen       total 73728K, used 38329K [0x00000000c2a00000, 0x00000000c7200000, 0x00000000eb900000)
  object space 73728K, 51% used [0x00000000c2a00000,0x00000000c4f6e688,0x00000000c7200000)
 Metaspace       used 22941K, capacity 23536K, committed 23680K, reserved 1071104K
  class space    used 2484K, capacity 2658K, committed 2688K, reserved 1048576K

