# JRE version: Java(TM) SE Runtime Environment (8.0_201-b09) (build 1.8.0_201-b09)
# Java VM: Java HotSpot(TM) 64-Bit Server VM (25.201-b09 mixed mode linux-amd64 compressed oops)
Heap:
 PSYoungGen      total 64000K, used 4576K [0x00000000eb900000, 0x00000000efc00000, 0x0000000100000000)
  eden space 59392K, 0% used [0x00000000eb900000,0x00000000eb900000,0x00000000ef300000)
  from space 4608K, 99% used [0x00000000ef300000,0x00000000ef778070,0x00000000ef780000)
  to   space 4096K, 0% used [0x00000000ef800000,0x00000000ef800000,0x00000000efc00000)
 ParOldGen       total 42496K, used 11262K [0x00000000c2a00000, 0x00000000c5380000, 0x00000000eb900000)
  object space 42496K, 26% used [0x00000000c2a00000,0x00000000c34ff840,0x00000000c5380000)
 Metaspace       used 14267K, capacity 14726K, committed 14848K, reserved 1062912K
  class space    used 1598K, capacity 1726K, committed 1792K, reserved 1048576K
GC Heap History (10 events):
Event: 38.801 GC heap after
Heap after GC invocations=5 (full 1):
 PSYoungGen      total 18432K, used 2560K [0x00000000eb900000, 0x00000000ecd80000, 0x0000000100000000)
  eden space 15872K, 0% used [0x00000000eb900000,0x00000000eb900000,0x00000000ec880000)
  from space 2560K, 100% used [0x00000000ecb00000,0x00000000ecd80000,0x00000000ecd80000)
  to   space 2560K, 0% used [0x00000000ec880000,0x00000000ec880000,0x00000000ecb00000)
 ParOldGen       total 42496K, used 6206K [0x00000000c2a00000, 0x00000000c5380000, 0x00000000eb900000)
  object space 42496K, 14% used [0x00000000c2a00000,0x00000000c300faf8,0x00000000c5380000)
 Metaspace       used 13492K, capacity 13840K, committed 14080K, reserved 1060864K
  class space    used 1570K, capacity 1668K, committed 1792K, reserved 1048576K
}
Event: 39.051 GC heap before
{Heap before GC invocations=6 (full 1):
 PSYoungGen      total 18432K, used 18432K [0x00000000eb900000, 0x00000000ecd80000, 0x0000000100000000)
  eden space 15872K, 100% used [0x00000000eb900000,0x00000000ec880000,0x00000000ec880000)
  from space 2560K, 100% used [0x00000000ecb00000,0x00000000ecd80000,0x00000000ecd80000)
  to   space 2560K, 0% used [0x00000000ec880000,0x00000000ec880000,0x00000000ecb00000)
 ParOldGen       total 42496K, used 6206K [0x00000000c2a00000, 0x00000000c5380000, 0x00000000eb900000)
  object space 42496K, 14% used [0x00000000c2a00000,0x00000000c300faf8,0x00000000c5380000)
 Metaspace       used 13505K, capacity 13904K, committed 14080K, reserved 1060864K
  class space    used 1570K, capacity 1668K, committed 1792K, reserved 1048576K
Event: 39.074 GC heap after
Heap after GC invocations=6 (full 1):
 PSYoungGen      total 18432K, used 2544K [0x00000000eb900000, 0x00000000edd00000, 0x0000000100000000)
  eden space 15872K, 0% used [0x00000000eb900000,0x00000000eb900000,0x00000000ec880000)
  from space 2560K, 99% used [0x00000000ec880000,0x00000000ecafc010,0x00000000ecb00000)
  to   space 2560K, 0% used [0x00000000eda80000,0x00000000eda80000,0x00000000edd00000)
 ParOldGen       total 42496K, used 6262K [0x00000000c2a00000, 0x00000000c5380000, 0x00000000eb900000)
  object space 42496K, 14% used [0x00000000c2a00000,0x00000000c301daf8,0x00000000c5380000)
 Metaspace       used 13505K, capacity 13904K, committed 14080K, reserved 1060864K
  class space    used 1570K, capacity 1668K, committed 1792K, reserved 1048576K
}
Event: 39.492 GC heap before
{Heap before GC invocations=7 (full 1):
 PSYoungGen      total 18432K, used 18416K [0x00000000eb900000, 0x00000000edd00000, 0x0000000100000000)
  eden space 15872K, 100% used [0x00000000eb900000,0x00000000ec880000,0x00000000ec880000)
  from space 2560K, 99% used [0x00000000ec880000,0x00000000ecafc010,0x00000000ecb00000)
  to   space 2560K, 0% used [0x00000000eda80000,0x00000000eda80000,0x00000000edd00000)
 ParOldGen       total 42496K, used 6262K [0x00000000c2a00000, 0x00000000c5380000, 0x00000000eb900000)
  object space 42496K, 14% used [0x00000000c2a00000,0x00000000c301daf8,0x00000000c5380000)
 Metaspace       used 13533K, capacity 13904K, committed 14080K, reserved 1060864K
  class space    used 1570K, capacity 1668K, committed 1792K, reserved 1048576K
Event: 39.510 GC heap after
Heap after GC invocations=7 (full 1):
 PSYoungGen      total 32256K, used 2560K [0x00000000eb900000, 0x00000000ee100000, 0x0000000100000000)
  eden space 29696K, 0% used [0x00000000eb900000,0x00000000eb900000,0x00000000ed600000)
  from space 2560K, 100% used [0x00000000eda80000,0x00000000edd00000,0x00000000edd00000)
  to   space 4608K, 0% used [0x00000000ed600000,0x00000000ed600000,0x00000000eda80000)
 ParOldGen       total 42496K, used 6478K [0x00000000c2a00000, 0x00000000c5380000, 0x00000000eb900000)
  object space 42496K, 15% used [0x00000000c2a00000,0x00000000c3053b68,0x00000000c5380000)
 Metaspace       used 13533K, capacity 13904K, committed 14080K, reserved 1060864K
  class space    used 1570K, capacity 1668K, committed 1792K, reserved 1048576K
}
Event: 40.464 GC heap before
{Heap before GC invocations=8 (full 1):
 PSYoungGen      total 32256K, used 32256K [0x00000000eb900000, 0x00000000ee100000, 0x0000000100000000)
  eden space 29696K, 100% used [0x00000000eb900000,0x00000000ed600000,0x00000000ed600000)
  from space 2560K, 100% used [0x00000000eda80000,0x00000000edd00000,0x00000000edd00000)
  to   space 4608K, 0% used [0x00000000ed600000,0x00000000ed600000,0x00000000eda80000)
 ParOldGen       total 42496K, used 6478K [0x00000000c2a00000, 0x00000000c5380000, 0x00000000eb900000)
  object space 42496K, 15% used [0x00000000c2a00000,0x00000000c3053b68,0x00000000c5380000)
 Metaspace       used 13638K, capacity 14032K, committed 14336K, reserved 1062912K
  class space    used 1570K, capacity 1668K, committed 1792K, reserved 1048576K
Event: 40.511 GC heap after
Heap after GC invocations=8 (full 1):
 PSYoungGen      total 34304K, used 3792K [0x00000000eb900000, 0x00000000efd00000, 0x0000000100000000)
  eden space 29696K, 0% used [0x00000000eb900000,0x00000000eb900000,0x00000000ed600000)
  from space 4608K, 82% used [0x00000000ed600000,0x00000000ed9b4010,0x00000000eda80000)
  to   space 5120K, 0% used [0x00000000ef800000,0x00000000ef800000,0x00000000efd00000)
 ParOldGen       total 42496K, used 6486K [0x00000000c2a00000, 0x00000000c5380000, 0x00000000eb900000)
  object space 42496K, 15% used [0x00000000c2a00000,0x00000000c3055b68,0x00000000c5380000)
 Metaspace       used 13638K, capacity 14032K, committed 14336K, reserved 1062912K
  class space    used 1570K, capacity 1668K, committed 1792K, reserved 1048576K
}
Event: 41.272 GC heap before
{Heap before GC invocations=9 (full 1):
 PSYoungGen      total 34304K, used 33488K [0x00000000eb900000, 0x00000000efd00000, 0x0000000100000000)
  eden space 29696K, 100% used [0x00000000eb900000,0x00000000ed600000,0x00000000ed600000)
  from space 4608K, 82% used [0x00000000ed600000,0x00000000ed9b4010,0x00000000eda80000)
  to   space 5120K, 0% used [0x00000000ef800000,0x00000000ef800000,0x00000000efd00000)
 ParOldGen       total 42496K, used 6486K [0x00000000c2a00000, 0x00000000c5380000, 0x00000000eb900000)
  object space 42496K, 15% used [0x00000000c2a00000,0x00000000c3055b68,0x00000000c5380000)
 Metaspace       used 13723K, capacity 14096K, committed 14336K, reserved 1062912K
  class space    used 1570K, capacity 1668K, committed 1792K, reserved 1048576K
Event: 41.352 GC heap after
Heap after GC invocations=9 (full 1):
 PSYoungGen      total 63488K, used 3552K [0x00000000eb900000, 0x00000000efc00000, 0x0000000100000000)
  eden space 59392K, 0% used [0x00000000eb900000,0x00000000eb900000,0x00000000ef300000)
  from space 4096K, 86% used [0x00000000ef800000,0x00000000efb78000,0x00000000efc00000)
  to   space 4608K, 0% used [0x00000000ef300000,0x00000000ef300000,0x00000000ef780000)
 ParOldGen       total 42496K, used 8527K [0x00000000c2a00000, 0x00000000c5380000, 0x00000000eb900000)
  object space 42496K, 20% used [0x00000000c2a00000,0x00000000c3253c28,0x00000000c5380000)
 Metaspace       used 13723K, capacity 14096K, committed 14336K, reserved 1062912K
  class space    used 1570K, capacity 1668K, committed 1792K, reserved 1048576K
}
Event: 49.980 GC heap before
{Heap before GC invocations=10 (full 1):
 PSYoungGen      total 63488K, used 62944K [0x00000000eb900000, 0x00000000efc00000, 0x0000000100000000)
  eden space 59392K, 100% used [0x00000000eb900000,0x00000000ef300000,0x00000000ef300000)
  from space 4096K, 86% used [0x00000000ef800000,0x00000000efb78000,0x00000000efc00000)
  to   space 4608K, 0% used [0x00000000ef300000,0x00000000ef300000,0x00000000ef780000)
 ParOldGen       total 42496K, used 8527K [0x00000000c2a00000, 0x00000000c5380000, 0x00000000eb900000)
  object space 42496K, 20% used [0x00000000c2a00000,0x00000000c3253c28,0x00000000c5380000)
 Metaspace       used 14267K, capacity 14726K, committed 14848K, reserved 1062912K
  class space    used 1598K, capacity 1726K, committed 1792K, reserved 1048576K

