# JRE version: Java(TM) SE Runtime Environment (8.0_201-b09) (build 1.8.0_201-b09)
# Java VM: Java HotSpot(TM) 64-Bit Server VM (25.201-b09 mixed mode linux-amd64 compressed oops)
Heap:
 PSYoungGen      total 64000K, used 4604K [0x00000000eb900000, 0x00000000efc00000, 0x0000000100000000)
  eden space 59392K, 0% used [0x00000000eb900000,0x00000000eb900000,0x00000000ef300000)
  from space 4608K, 99% used [0x00000000ef300000,0x00000000ef77f070,0x00000000ef780000)
  to   space 4608K, 0% used [0x00000000ef780000,0x00000000ef780000,0x00000000efc00000)
 ParOldGen       total 42496K, used 10862K [0x00000000c2a00000, 0x00000000c5380000, 0x00000000eb900000)
  object space 42496K, 25% used [0x00000000c2a00000,0x00000000c349b850,0x00000000c5380000)
 Metaspace       used 14216K, capacity 14658K, committed 14848K, reserved 1062912K
  class space    used 1595K, capacity 1724K, committed 1792K, reserved 1048576K
GC Heap History (10 events):
Event: 29.383 GC heap after
Heap after GC invocations=5 (full 1):
 PSYoungGen      total 18432K, used 2550K [0x00000000eb900000, 0x00000000ecd80000, 0x0000000100000000)
  eden space 15872K, 0% used [0x00000000eb900000,0x00000000eb900000,0x00000000ec880000)
  from space 2560K, 99% used [0x00000000ecb00000,0x00000000ecd7d810,0x00000000ecd80000)
  to   space 2560K, 0% used [0x00000000ec880000,0x00000000ec880000,0x00000000ecb00000)
 ParOldGen       total 42496K, used 6171K [0x00000000c2a00000, 0x00000000c5380000, 0x00000000eb900000)
  object space 42496K, 14% used [0x00000000c2a00000,0x00000000c3006d38,0x00000000c5380000)
 Metaspace       used 13416K, capacity 13816K, committed 14080K, reserved 1060864K
  class space    used 1561K, capacity 1664K, committed 1792K, reserved 1048576K
}
Event: 29.786 GC heap before
{Heap before GC invocations=6 (full 1):
 PSYoungGen      total 18432K, used 18422K [0x00000000eb900000, 0x00000000ecd80000, 0x0000000100000000)
  eden space 15872K, 100% used [0x00000000eb900000,0x00000000ec880000,0x00000000ec880000)
  from space 2560K, 99% used [0x00000000ecb00000,0x00000000ecd7d810,0x00000000ecd80000)
  to   space 2560K, 0% used [0x00000000ec880000,0x00000000ec880000,0x00000000ecb00000)
 ParOldGen       total 42496K, used 6171K [0x00000000c2a00000, 0x00000000c5380000, 0x00000000eb900000)
  object space 42496K, 14% used [0x00000000c2a00000,0x00000000c3006d38,0x00000000c5380000)
 Metaspace       used 13427K, capacity 13816K, committed 14080K, reserved 1060864K
  class space    used 1561K, capacity 1664K, committed 1792K, reserved 1048576K
Event: 29.791 GC heap after
Heap after GC invocations=6 (full 1):
 PSYoungGen      total 18432K, used 2390K [0x00000000eb900000, 0x00000000edd00000, 0x0000000100000000)
  eden space 15872K, 0% used [0x00000000eb900000,0x00000000eb900000,0x00000000ec880000)
  from space 2560K, 93% used [0x00000000ec880000,0x00000000ecad5810,0x00000000ecb00000)
  to   space 2560K, 0% used [0x00000000eda80000,0x00000000eda80000,0x00000000edd00000)
 ParOldGen       total 42496K, used 6171K [0x00000000c2a00000, 0x00000000c5380000, 0x00000000eb900000)
  object space 42496K, 14% used [0x00000000c2a00000,0x00000000c3006d38,0x00000000c5380000)
 Metaspace       used 13427K, capacity 13816K, committed 14080K, reserved 1060864K
  class space    used 1561K, capacity 1664K, committed 1792K, reserved 1048576K
}
Event: 30.281 GC heap before
{Heap before GC invocations=7 (full 1):
 PSYoungGen      total 18432K, used 18262K [0x00000000eb900000, 0x00000000edd00000, 0x0000000100000000)
  eden space 15872K, 100% used [0x00000000eb900000,0x00000000ec880000,0x00000000ec880000)
  from space 2560K, 93% used [0x00000000ec880000,0x00000000ecad5810,0x00000000ecb00000)
  to   space 2560K, 0% used [0x00000000eda80000,0x00000000eda80000,0x00000000edd00000)
 ParOldGen       total 42496K, used 6171K [0x00000000c2a00000, 0x00000000c5380000, 0x00000000eb900000)
  object space 42496K, 14% used [0x00000000c2a00000,0x00000000c3006d38,0x00000000c5380000)
 Metaspace       used 13464K, capacity 13816K, committed 14080K, reserved 1060864K
  class space    used 1561K, capacity 1664K, committed 1792K, reserved 1048576K
Event: 30.294 GC heap after
Heap after GC invocations=7 (full 1):
 PSYoungGen      total 32256K, used 2550K [0x00000000eb900000, 0x00000000ee100000, 0x0000000100000000)
  eden space 29696K, 0% used [0x00000000eb900000,0x00000000eb900000,0x00000000ed600000)
  from space 2560K, 99% used [0x00000000eda80000,0x00000000edcfd810,0x00000000edd00000)
  to   space 4608K, 0% used [0x00000000ed600000,0x00000000ed600000,0x00000000eda80000)
 ParOldGen       total 42496K, used 6211K [0x00000000c2a00000, 0x00000000c5380000, 0x00000000eb900000)
  object space 42496K, 14% used [0x00000000c2a00000,0x00000000c3010d38,0x00000000c5380000)
 Metaspace       used 13464K, capacity 13816K, committed 14080K, reserved 1060864K
  class space    used 1561K, capacity 1664K, committed 1792K, reserved 1048576K
}
Event: 32.149 GC heap before
{Heap before GC invocations=8 (full 1):
 PSYoungGen      total 32256K, used 32246K [0x00000000eb900000, 0x00000000ee100000, 0x0000000100000000)
  eden space 29696K, 100% used [0x00000000eb900000,0x00000000ed600000,0x00000000ed600000)
  from space 2560K, 99% used [0x00000000eda80000,0x00000000edcfd810,0x00000000edd00000)
  to   space 4608K, 0% used [0x00000000ed600000,0x00000000ed600000,0x00000000eda80000)
 ParOldGen       total 42496K, used 6211K [0x00000000c2a00000, 0x00000000c5380000, 0x00000000eb900000)
  object space 42496K, 14% used [0x00000000c2a00000,0x00000000c3010d38,0x00000000c5380000)
 Metaspace       used 13571K, capacity 13944K, committed 14080K, reserved 1060864K
  class space    used 1561K, capacity 1664K, committed 1792K, reserved 1048576K
Event: 32.562 GC heap after
Heap after GC invocations=8 (full 1):
 PSYoungGen      total 34304K, used 3734K [0x00000000eb900000, 0x00000000efc00000, 0x0000000100000000)
  eden space 29696K, 0% used [0x00000000eb900000,0x00000000eb900000,0x00000000ed600000)
  from space 4608K, 81% used [0x00000000ed600000,0x00000000ed9a5810,0x00000000eda80000)
  to   space 4608K, 0% used [0x00000000ef780000,0x00000000ef780000,0x00000000efc00000)
 ParOldGen       total 42496K, used 6219K [0x00000000c2a00000, 0x00000000c5380000, 0x00000000eb900000)
  object space 42496K, 14% used [0x00000000c2a00000,0x00000000c3012d38,0x00000000c5380000)
 Metaspace       used 13571K, capacity 13944K, committed 14080K, reserved 1060864K
  class space    used 1561K, capacity 1664K, committed 1792K, reserved 1048576K
}
Event: 33.666 GC heap before
{Heap before GC invocations=9 (full 1):
 PSYoungGen      total 34304K, used 33430K [0x00000000eb900000, 0x00000000efc00000, 0x0000000100000000)
  eden space 29696K, 100% used [0x00000000eb900000,0x00000000ed600000,0x00000000ed600000)
  from space 4608K, 81% used [0x00000000ed600000,0x00000000ed9a5810,0x00000000eda80000)
  to   space 4608K, 0% used [0x00000000ef780000,0x00000000ef780000,0x00000000efc00000)
 ParOldGen       total 42496K, used 6219K [0x00000000c2a00000, 0x00000000c5380000, 0x00000000eb900000)
  object space 42496K, 14% used [0x00000000c2a00000,0x00000000c3012d38,0x00000000c5380000)
 Metaspace       used 13591K, capacity 14008K, committed 14336K, reserved 1062912K
  class space    used 1561K, capacity 1664K, committed 1792K, reserved 1048576K
Event: 34.412 GC heap after
Heap after GC invocations=9 (full 1):
 PSYoungGen      total 64000K, used 3440K [0x00000000eb900000, 0x00000000efc00000, 0x0000000100000000)
  eden space 59392K, 0% used [0x00000000eb900000,0x00000000eb900000,0x00000000ef300000)
  from space 4608K, 74% used [0x00000000ef780000,0x00000000efadc010,0x00000000efc00000)
  to   space 4608K, 0% used [0x00000000ef300000,0x00000000ef300000,0x00000000ef780000)
 ParOldGen       total 42496K, used 8223K [0x00000000c2a00000, 0x00000000c5380000, 0x00000000eb900000)
  object space 42496K, 19% used [0x00000000c2a00000,0x00000000c3207f68,0x00000000c5380000)
 Metaspace       used 13591K, capacity 14008K, committed 14336K, reserved 1062912K
  class space    used 1561K, capacity 1664K, committed 1792K, reserved 1048576K
}
Event: 44.223 GC heap before
{Heap before GC invocations=10 (full 1):
 PSYoungGen      total 64000K, used 62832K [0x00000000eb900000, 0x00000000efc00000, 0x0000000100000000)
  eden space 59392K, 100% used [0x00000000eb900000,0x00000000ef300000,0x00000000ef300000)
  from space 4608K, 74% used [0x00000000ef780000,0x00000000efadc010,0x00000000efc00000)
  to   space 4608K, 0% used [0x00000000ef300000,0x00000000ef300000,0x00000000ef780000)
 ParOldGen       total 42496K, used 8223K [0x00000000c2a00000, 0x00000000c5380000, 0x00000000eb900000)
  object space 42496K, 19% used [0x00000000c2a00000,0x00000000c3207f68,0x00000000c5380000)
 Metaspace       used 14216K, capacity 14658K, committed 14848K, reserved 1062912K
  class space    used 1595K, capacity 1724K, committed 1792K, reserved 1048576K

