# JRE version: Java(TM) SE Runtime Environment (8.0_201-b09) (build 1.8.0_201-b09)
# Java VM: Java HotSpot(TM) 64-Bit Server VM (25.201-b09 mixed mode linux-amd64 compressed oops)
Heap:
 PSYoungGen      total 213504K, used 8160K [0x00000000eb900000, 0x00000000fba00000, 0x0000000100000000)
  eden space 195072K, 0% used [0x00000000eb900000,0x00000000eb900000,0x00000000f7780000)
  from space 18432K, 44% used [0x00000000fa800000,0x00000000faff8030,0x00000000fba00000)
  to   space 19456K, 0% used [0x00000000f7780000,0x00000000f7780000,0x00000000f8a80000)
 ParOldGen       total 50176K, used 35608K [0x00000000c2a00000, 0x00000000c5b00000, 0x00000000eb900000)
  object space 50176K, 70% used [0x00000000c2a00000,0x00000000c4cc61f8,0x00000000c5b00000)
 Metaspace       used 20088K, capacity 20664K, committed 20864K, reserved 1067008K
  class space    used 2160K, capacity 2311K, committed 2432K, reserved 1048576K
GC Heap History (10 events):
Event: 23.771 GC heap after
Heap after GC invocations=17 (full 2):
 PSYoungGen      total 150528K, used 896K [0x00000000eb900000, 0x00000000f8480000, 0x0000000100000000)
  eden space 128512K, 0% used [0x00000000eb900000,0x00000000eb900000,0x00000000f3680000)
  from space 22016K, 4% used [0x00000000f3680000,0x00000000f3760000,0x00000000f4c00000)
  to   space 22016K, 0% used [0x00000000f6f00000,0x00000000f6f00000,0x00000000f8480000)
 ParOldGen       total 50176K, used 33836K [0x00000000c2a00000, 0x00000000c5b00000, 0x00000000eb900000)
  object space 50176K, 67% used [0x00000000c2a00000,0x00000000c4b0b1e8,0x00000000c5b00000)
 Metaspace       used 19567K, capacity 19936K, committed 20224K, reserved 1067008K
  class space    used 2130K, capacity 2227K, committed 2304K, reserved 1048576K
}
Event: 26.269 GC heap before
{Heap before GC invocations=18 (full 2):
 PSYoungGen      total 150528K, used 129408K [0x00000000eb900000, 0x00000000f8480000, 0x0000000100000000)
  eden space 128512K, 100% used [0x00000000eb900000,0x00000000f3680000,0x00000000f3680000)
  from space 22016K, 4% used [0x00000000f3680000,0x00000000f3760000,0x00000000f4c00000)
  to   space 22016K, 0% used [0x00000000f6f00000,0x00000000f6f00000,0x00000000f8480000)
 ParOldGen       total 50176K, used 33836K [0x00000000c2a00000, 0x00000000c5b00000, 0x00000000eb900000)
  object space 50176K, 67% used [0x00000000c2a00000,0x00000000c4b0b1e8,0x00000000c5b00000)
 Metaspace       used 19617K, capacity 20064K, committed 20224K, reserved 1067008K
  class space    used 2130K, capacity 2227K, committed 2304K, reserved 1048576K
Event: 26.293 GC heap after
Heap after GC invocations=18 (full 2):
 PSYoungGen      total 178176K, used 1920K [0x00000000eb900000, 0x00000000f8000000, 0x0000000100000000)
  eden space 160768K, 0% used [0x00000000eb900000,0x00000000eb900000,0x00000000f5600000)
  from space 17408K, 11% used [0x00000000f6f00000,0x00000000f70e0000,0x00000000f8000000)
  to   space 21504K, 0% used [0x00000000f5600000,0x00000000f5600000,0x00000000f6b00000)
 ParOldGen       total 50176K, used 33844K [0x00000000c2a00000, 0x00000000c5b00000, 0x00000000eb900000)
  object space 50176K, 67% used [0x00000000c2a00000,0x00000000c4b0d1e8,0x00000000c5b00000)
 Metaspace       used 19617K, capacity 20064K, committed 20224K, reserved 1067008K
  class space    used 2130K, capacity 2227K, committed 2304K, reserved 1048576K
}
Event: 30.302 GC heap before
{Heap before GC invocations=19 (full 2):
 PSYoungGen      total 178176K, used 162688K [0x00000000eb900000, 0x00000000f8000000, 0x0000000100000000)
  eden space 160768K, 100% used [0x00000000eb900000,0x00000000f5600000,0x00000000f5600000)
  from space 17408K, 11% used [0x00000000f6f00000,0x00000000f70e0000,0x00000000f8000000)
  to   space 21504K, 0% used [0x00000000f5600000,0x00000000f5600000,0x00000000f6b00000)
 ParOldGen       total 50176K, used 33844K [0x00000000c2a00000, 0x00000000c5b00000, 0x00000000eb900000)
  object space 50176K, 67% used [0x00000000c2a00000,0x00000000c4b0d1e8,0x00000000c5b00000)
 Metaspace       used 19655K, capacity 20064K, committed 20224K, reserved 1067008K
  class space    used 2130K, capacity 2227K, committed 2304K, reserved 1048576K
Event: 30.551 GC heap after
Heap after GC invocations=19 (full 2):
 PSYoungGen      total 182272K, used 3136K [0x00000000eb900000, 0x00000000fad80000, 0x0000000100000000)
  eden space 160768K, 0% used [0x00000000eb900000,0x00000000eb900000,0x00000000f5600000)
  from space 21504K, 14% used [0x00000000f5600000,0x00000000f5910000,0x00000000f6b00000)
  to   space 20480K, 0% used [0x00000000f9980000,0x00000000f9980000,0x00000000fad80000)
 ParOldGen       total 50176K, used 33852K [0x00000000c2a00000, 0x00000000c5b00000, 0x00000000eb900000)
  object space 50176K, 67% used [0x00000000c2a00000,0x00000000c4b0f1e8,0x00000000c5b00000)
 Metaspace       used 19655K, capacity 20064K, committed 20224K, reserved 1067008K
  class space    used 2130K, capacity 2227K, committed 2304K, reserved 1048576K
}
Event: 36.914 GC heap before
{Heap before GC invocations=20 (full 2):
 PSYoungGen      total 182272K, used 163904K [0x00000000eb900000, 0x00000000fad80000, 0x0000000100000000)
  eden space 160768K, 100% used [0x00000000eb900000,0x00000000f5600000,0x00000000f5600000)
  from space 21504K, 14% used [0x00000000f5600000,0x00000000f5910000,0x00000000f6b00000)
  to   space 20480K, 0% used [0x00000000f9980000,0x00000000f9980000,0x00000000fad80000)
 ParOldGen       total 50176K, used 33852K [0x00000000c2a00000, 0x00000000c5b00000, 0x00000000eb900000)
  object space 50176K, 67% used [0x00000000c2a00000,0x00000000c4b0f1e8,0x00000000c5b00000)
 Metaspace       used 19758K, capacity 20182K, committed 20480K, reserved 1067008K
  class space    used 2135K, capacity 2236K, committed 2304K, reserved 1048576K
Event: 37.081 GC heap after
Heap after GC invocations=20 (full 2):
 PSYoungGen      total 196608K, used 4088K [0x00000000eb900000, 0x00000000f9d80000, 0x0000000100000000)
  eden space 192512K, 0% used [0x00000000eb900000,0x00000000eb900000,0x00000000f7500000)
  from space 4096K, 99% used [0x00000000f9980000,0x00000000f9d7e020,0x00000000f9d80000)
  to   space 19456K, 0% used [0x00000000f7780000,0x00000000f7780000,0x00000000f8a80000)
 ParOldGen       total 50176K, used 34640K [0x00000000c2a00000, 0x00000000c5b00000, 0x00000000eb900000)
  object space 50176K, 69% used [0x00000000c2a00000,0x00000000c4bd41f8,0x00000000c5b00000)
 Metaspace       used 19758K, capacity 20182K, committed 20480K, reserved 1067008K
  class space    used 2135K, capacity 2236K, committed 2304K, reserved 1048576K
}
Event: 39.842 GC heap before
{Heap before GC invocations=21 (full 2):
 PSYoungGen      total 196608K, used 196600K [0x00000000eb900000, 0x00000000f9d80000, 0x0000000100000000)
  eden space 192512K, 100% used [0x00000000eb900000,0x00000000f7500000,0x00000000f7500000)
  from space 4096K, 99% used [0x00000000f9980000,0x00000000f9d7e020,0x00000000f9d80000)
  to   space 19456K, 0% used [0x00000000f7780000,0x00000000f7780000,0x00000000f8a80000)
 ParOldGen       total 50176K, used 34640K [0x00000000c2a00000, 0x00000000c5b00000, 0x00000000eb900000)
  object space 50176K, 69% used [0x00000000c2a00000,0x00000000c4bd41f8,0x00000000c5b00000)
 Metaspace       used 19885K, capacity 20378K, committed 20480K, reserved 1067008K
  class space    used 2147K, capacity 2258K, committed 2304K, reserved 1048576K
Event: 39.860 GC heap after
Heap after GC invocations=21 (full 2):
 PSYoungGen      total 214528K, used 5216K [0x00000000eb900000, 0x00000000fba00000, 0x0000000100000000)
  eden space 195072K, 0% used [0x00000000eb900000,0x00000000eb900000,0x00000000f7780000)
  from space 19456K, 26% used [0x00000000f7780000,0x00000000f7c98000,0x00000000f8a80000)
  to   space 18432K, 0% used [0x00000000fa800000,0x00000000fa800000,0x00000000fba00000)
 ParOldGen       total 50176K, used 35600K [0x00000000c2a00000, 0x00000000c5b00000, 0x00000000eb900000)
  object space 50176K, 70% used [0x00000000c2a00000,0x00000000c4cc41f8,0x00000000c5b00000)
 Metaspace       used 19885K, capacity 20378K, committed 20480K, reserved 1067008K
  class space    used 2147K, capacity 2258K, committed 2304K, reserved 1048576K
}
Event: 42.345 GC heap before
{Heap before GC invocations=22 (full 2):
 PSYoungGen      total 214528K, used 200288K [0x00000000eb900000, 0x00000000fba00000, 0x0000000100000000)
  eden space 195072K, 100% used [0x00000000eb900000,0x00000000f7780000,0x00000000f7780000)
  from space 19456K, 26% used [0x00000000f7780000,0x00000000f7c98000,0x00000000f8a80000)
  to   space 18432K, 0% used [0x00000000fa800000,0x00000000fa800000,0x00000000fba00000)
 ParOldGen       total 50176K, used 35600K [0x00000000c2a00000, 0x00000000c5b00000, 0x00000000eb900000)
  object space 50176K, 70% used [0x00000000c2a00000,0x00000000c4cc41f8,0x00000000c5b00000)
 Metaspace       used 20088K, capacity 20664K, committed 20864K, reserved 1067008K
  class space    used 2160K, capacity 2311K, committed 2432K, reserved 1048576K

