# JRE version: Java(TM) SE Runtime Environment (8.0_201-b09) (build 1.8.0_201-b09)
# Java VM: Java HotSpot(TM) 64-Bit Server VM (25.201-b09 mixed mode linux-amd64 compressed oops)
Heap:
 PSYoungGen      total 120320K, used 10736K [0x00000000eb900000, 0x00000000f5e00000, 0x0000000100000000)
  eden space 109568K, 0% used [0x00000000eb900000,0x00000000eb900000,0x00000000f2400000)
  from space 10752K, 99% used [0x00000000f5380000,0x00000000f5dfc030,0x00000000f5e00000)
  to   space 10752K, 0% used [0x00000000f2400000,0x00000000f2400000,0x00000000f2e80000)
 ParOldGen       total 46592K, used 45297K [0x00000000c2a00000, 0x00000000c5780000, 0x00000000eb900000)
  object space 46592K, 97% used [0x00000000c2a00000,0x00000000c563c718,0x00000000c5780000)
 Metaspace       used 15067K, capacity 15584K, committed 15744K, reserved 1062912K
  class space    used 1645K, capacity 1814K, committed 1920K, reserved 1048576K
GC Heap History (10 events):
Event: 38.080 GC heap after
Heap after GC invocations=8 (full 1):
 PSYoungGen      total 34304K, used 4433K [0x00000000eb900000, 0x00000000efc00000, 0x0000000100000000)
  eden space 29184K, 0% used [0x00000000eb900000,0x00000000eb900000,0x00000000ed580000)
  from space 5120K, 86% used [0x00000000ed580000,0x00000000ed9d4750,0x00000000eda80000)
  to   space 5120K, 0% used [0x00000000ef700000,0x00000000ef700000,0x00000000efc00000)
 ParOldGen       total 42496K, used 8052K [0x00000000c2a00000, 0x00000000c5380000, 0x00000000eb900000)
  object space 42496K, 18% used [0x00000000c2a00000,0x00000000c31dd010,0x00000000c5380000)
 Metaspace       used 13834K, capacity 14246K, committed 14336K, reserved 1062912K
  class space    used 1585K, capacity 1703K, committed 1792K, reserved 1048576K
}
Event: 38.476 GC heap before
{Heap before GC invocations=9 (full 1):
 PSYoungGen      total 34304K, used 33617K [0x00000000eb900000, 0x00000000efc00000, 0x0000000100000000)
  eden space 29184K, 100% used [0x00000000eb900000,0x00000000ed580000,0x00000000ed580000)
  from space 5120K, 86% used [0x00000000ed580000,0x00000000ed9d4750,0x00000000eda80000)
  to   space 5120K, 0% used [0x00000000ef700000,0x00000000ef700000,0x00000000efc00000)
 ParOldGen       total 42496K, used 8052K [0x00000000c2a00000, 0x00000000c5380000, 0x00000000eb900000)
  object space 42496K, 18% used [0x00000000c2a00000,0x00000000c31dd010,0x00000000c5380000)
 Metaspace       used 13879K, capacity 14310K, committed 14592K, reserved 1062912K
  class space    used 1585K, capacity 1703K, committed 1792K, reserved 1048576K
Event: 38.493 GC heap after
Heap after GC invocations=9 (full 1):
 PSYoungGen      total 62464K, used 5088K [0x00000000eb900000, 0x00000000efe00000, 0x0000000100000000)
  eden space 57344K, 0% used [0x00000000eb900000,0x00000000eb900000,0x00000000ef100000)
  from space 5120K, 99% used [0x00000000ef700000,0x00000000efbf8010,0x00000000efc00000)
  to   space 6144K, 0% used [0x00000000ef100000,0x00000000ef100000,0x00000000ef700000)
 ParOldGen       total 42496K, used 9379K [0x00000000c2a00000, 0x00000000c5380000, 0x00000000eb900000)
  object space 42496K, 22% used [0x00000000c2a00000,0x00000000c3328de0,0x00000000c5380000)
 Metaspace       used 13879K, capacity 14310K, committed 14592K, reserved 1062912K
  class space    used 1585K, capacity 1703K, committed 1792K, reserved 1048576K
}
Event: 39.416 GC heap before
{Heap before GC invocations=10 (full 1):
 PSYoungGen      total 62464K, used 62432K [0x00000000eb900000, 0x00000000efe00000, 0x0000000100000000)
  eden space 57344K, 100% used [0x00000000eb900000,0x00000000ef100000,0x00000000ef100000)
  from space 5120K, 99% used [0x00000000ef700000,0x00000000efbf8010,0x00000000efc00000)
  to   space 6144K, 0% used [0x00000000ef100000,0x00000000ef100000,0x00000000ef700000)
 ParOldGen       total 42496K, used 9379K [0x00000000c2a00000, 0x00000000c5380000, 0x00000000eb900000)
  object space 42496K, 22% used [0x00000000c2a00000,0x00000000c3328de0,0x00000000c5380000)
 Metaspace       used 13919K, capacity 14310K, committed 14592K, reserved 1062912K
  class space    used 1585K, capacity 1703K, committed 1792K, reserved 1048576K
Event: 39.459 GC heap after
Heap after GC invocations=10 (full 1):
 PSYoungGen      total 63488K, used 6144K [0x00000000eb900000, 0x00000000f3900000, 0x0000000100000000)
  eden space 57344K, 0% used [0x00000000eb900000,0x00000000eb900000,0x00000000ef100000)
  from space 6144K, 100% used [0x00000000ef100000,0x00000000ef700000,0x00000000ef700000)
  to   space 8192K, 0% used [0x00000000f3100000,0x00000000f3100000,0x00000000f3900000)
 ParOldGen       total 42496K, used 12635K [0x00000000c2a00000, 0x00000000c5380000, 0x00000000eb900000)
  object space 42496K, 29% used [0x00000000c2a00000,0x00000000c3656fb0,0x00000000c5380000)
 Metaspace       used 13919K, capacity 14310K, committed 14592K, reserved 1062912K
  class space    used 1585K, capacity 1703K, committed 1792K, reserved 1048576K
}
Event: 40.973 GC heap before
{Heap before GC invocations=11 (full 1):
 PSYoungGen      total 63488K, used 63488K [0x00000000eb900000, 0x00000000f3900000, 0x0000000100000000)
  eden space 57344K, 100% used [0x00000000eb900000,0x00000000ef100000,0x00000000ef100000)
  from space 6144K, 100% used [0x00000000ef100000,0x00000000ef700000,0x00000000ef700000)
  to   space 8192K, 0% used [0x00000000f3100000,0x00000000f3100000,0x00000000f3900000)
 ParOldGen       total 42496K, used 12635K [0x00000000c2a00000, 0x00000000c5380000, 0x00000000eb900000)
  object space 42496K, 29% used [0x00000000c2a00000,0x00000000c3656fb0,0x00000000c5380000)
 Metaspace       used 14844K, capacity 15326K, committed 15360K, reserved 1062912K
  class space    used 1629K, capacity 1767K, committed 1792K, reserved 1048576K
Event: 41.018 GC heap after
Heap after GC invocations=11 (full 1):
 PSYoungGen      total 100352K, used 8164K [0x00000000eb900000, 0x00000000f3900000, 0x0000000100000000)
  eden space 92160K, 0% used [0x00000000eb900000,0x00000000eb900000,0x00000000f1300000)
  from space 8192K, 99% used [0x00000000f3100000,0x00000000f38f9288,0x00000000f3900000)
  to   space 10752K, 0% used [0x00000000f2400000,0x00000000f2400000,0x00000000f2e80000)
 ParOldGen       total 42496K, used 17712K [0x00000000c2a00000, 0x00000000c5380000, 0x00000000eb900000)
  object space 42496K, 41% used [0x00000000c2a00000,0x00000000c3b4c1f0,0x00000000c5380000)
 Metaspace       used 14844K, capacity 15326K, committed 15360K, reserved 1062912K
  class space    used 1629K, capacity 1767K, committed 1792K, reserved 1048576K
}
Event: 78.767 GC heap before
{Heap before GC invocations=12 (full 1):
 PSYoungGen      total 100352K, used 100324K [0x00000000eb900000, 0x00000000f3900000, 0x0000000100000000)
  eden space 92160K, 100% used [0x00000000eb900000,0x00000000f1300000,0x00000000f1300000)
  from space 8192K, 99% used [0x00000000f3100000,0x00000000f38f9288,0x00000000f3900000)
  to   space 10752K, 0% used [0x00000000f2400000,0x00000000f2400000,0x00000000f2e80000)
 ParOldGen       total 42496K, used 17712K [0x00000000c2a00000, 0x00000000c5380000, 0x00000000eb900000)
  object space 42496K, 41% used [0x00000000c2a00000,0x00000000c3b4c1f0,0x00000000c5380000)
 Metaspace       used 14964K, capacity 15388K, committed 15616K, reserved 1062912K
  class space    used 1636K, capacity 1776K, committed 1792K, reserved 1048576K
Event: 78.810 GC heap after
Heap after GC invocations=12 (full 1):
 PSYoungGen      total 120320K, used 6548K [0x00000000eb900000, 0x00000000f5e00000, 0x0000000100000000)
  eden space 109568K, 0% used [0x00000000eb900000,0x00000000eb900000,0x00000000f2400000)
  from space 10752K, 60% used [0x00000000f2400000,0x00000000f2a652a8,0x00000000f2e80000)
  to   space 10752K, 0% used [0x00000000f5380000,0x00000000f5380000,0x00000000f5e00000)
 ParOldGen       total 42496K, used 21972K [0x00000000c2a00000, 0x00000000c5380000, 0x00000000eb900000)
  object space 42496K, 51% used [0x00000000c2a00000,0x00000000c3f75290,0x00000000c5380000)
 Metaspace       used 14964K, capacity 15388K, committed 15616K, reserved 1062912K
  class space    used 1636K, capacity 1776K, committed 1792K, reserved 1048576K
}
Event: 83.126 GC heap before
{Heap before GC invocations=13 (full 1):
 PSYoungGen      total 120320K, used 116116K [0x00000000eb900000, 0x00000000f5e00000, 0x0000000100000000)
  eden space 109568K, 100% used [0x00000000eb900000,0x00000000f2400000,0x00000000f2400000)
  from space 10752K, 60% used [0x00000000f2400000,0x00000000f2a652a8,0x00000000f2e80000)
  to   space 10752K, 0% used [0x00000000f5380000,0x00000000f5380000,0x00000000f5e00000)
 ParOldGen       total 42496K, used 21972K [0x00000000c2a00000, 0x00000000c5380000, 0x00000000eb900000)
  object space 42496K, 51% used [0x00000000c2a00000,0x00000000c3f75290,0x00000000c5380000)
 Metaspace       used 15067K, capacity 15584K, committed 15744K, reserved 1062912K
  class space    used 1645K, capacity 1814K, committed 1920K, reserved 1048576K

