# JRE version: Java(TM) SE Runtime Environment (8.0_201-b09) (build 1.8.0_201-b09)
# Java VM: Java HotSpot(TM) 64-Bit Server VM (25.201-b09 mixed mode linux-amd64 compressed oops)
Heap:
 PSYoungGen      total 223232K, used 114847K [0x00000000eb900000, 0x00000000ff900000, 0x0000000100000000)
  eden space 122368K, 65% used [0x00000000eb900000,0x00000000f06f5150,0x00000000f3080000)
  from space 100864K, 34% used [0x00000000f3080000,0x00000000f52b2cd8,0x00000000f9300000)
  to   space 97792K, 0% used [0x00000000f9980000,0x00000000f9980000,0x00000000ff900000)
 ParOldGen       total 195584K, used 166567K [0x00000000c2a00000, 0x00000000ce900000, 0x00000000eb900000)
  object space 195584K, 85% used [0x00000000c2a00000,0x00000000ccca9ca8,0x00000000ce900000)
 Metaspace       used 35635K, capacity 36812K, committed 37120K, reserved 1081344K
  class space    used 3987K, capacity 4258K, committed 4352K, reserved 1048576K
GC Heap History (10 events):
Event: 147.004 GC heap before
{Heap before GC invocations=53 (full 4):
 PSYoungGen      total 223232K, used 153010K [0x00000000eb900000, 0x0000000100000000, 0x0000000100000000)
  eden space 111616K, 100% used [0x00000000eb900000,0x00000000f2600000,0x00000000f2600000)
  from space 111616K, 37% used [0x00000000f9300000,0x00000000fbb6c8b0,0x0000000100000000)
  to   space 111616K, 0% used [0x00000000f2600000,0x00000000f2600000,0x00000000f9300000)
 ParOldGen       total 195584K, used 141107K [0x00000000c2a00000, 0x00000000ce900000, 0x00000000eb900000)
  object space 195584K, 72% used [0x00000000c2a00000,0x00000000cb3ccf58,0x00000000ce900000)
 Metaspace       used 29034K, capacity 30164K, committed 30208K, reserved 1075200K
  class space    used 3338K, capacity 3582K, committed 3584K, reserved 1048576K
Event: 147.097 GC heap after
Heap after GC invocations=53 (full 4):
 PSYoungGen      total 148992K, used 37169K [0x00000000eb900000, 0x00000000ffb00000, 0x0000000100000000)
  eden space 111616K, 0% used [0x00000000eb900000,0x00000000eb900000,0x00000000f2600000)
  from space 37376K, 99% used [0x00000000f2600000,0x00000000f4a4c470,0x00000000f4a80000)
  to   space 109056K, 0% used [0x00000000f9080000,0x00000000f9080000,0x00000000ffb00000)
 ParOldGen       total 195584K, used 146789K [0x00000000c2a00000, 0x00000000ce900000, 0x00000000eb900000)
  object space 195584K, 75% used [0x00000000c2a00000,0x00000000cb959490,0x00000000ce900000)
 Metaspace       used 29034K, capacity 30164K, committed 30208K, reserved 1075200K
  class space    used 3338K, capacity 3582K, committed 3584K, reserved 1048576K
}
Event: 149.676 GC heap before
{Heap before GC invocations=54 (full 4):
 PSYoungGen      total 148992K, used 148785K [0x00000000eb900000, 0x00000000ffb00000, 0x0000000100000000)
  eden space 111616K, 100% used [0x00000000eb900000,0x00000000f2600000,0x00000000f2600000)
  from space 37376K, 99% used [0x00000000f2600000,0x00000000f4a4c470,0x00000000f4a80000)
  to   space 109056K, 0% used [0x00000000f9080000,0x00000000f9080000,0x00000000ffb00000)
 ParOldGen       total 195584K, used 146789K [0x00000000c2a00000, 0x00000000ce900000, 0x00000000eb900000)
  object space 195584K, 75% used [0x00000000c2a00000,0x00000000cb959490,0x00000000ce900000)
 Metaspace       used 34352K, capacity 35572K, committed 35840K, reserved 1081344K
  class space    used 3978K, capacity 4254K, committed 4352K, reserved 1048576K
Event: 149.738 GC heap after
Heap after GC invocations=54 (full 4):
 PSYoungGen      total 222720K, used 31637K [0x00000000eb900000, 0x0000000100000000, 0x0000000100000000)
  eden space 113664K, 0% used [0x00000000eb900000,0x00000000eb900000,0x00000000f2800000)
  from space 109056K, 29% used [0x00000000f9080000,0x00000000faf65718,0x00000000ffb00000)
  to   space 107008K, 0% used [0x00000000f2800000,0x00000000f2800000,0x00000000f9080000)
 ParOldGen       total 195584K, used 149518K [0x00000000c2a00000, 0x00000000ce900000, 0x00000000eb900000)
  object space 195584K, 76% used [0x00000000c2a00000,0x00000000cbc03908,0x00000000ce900000)
 Metaspace       used 34352K, capacity 35572K, committed 35840K, reserved 1081344K
  class space    used 3978K, capacity 4254K, committed 4352K, reserved 1048576K
}
Event: 152.883 GC heap before
{Heap before GC invocations=55 (full 4):
 PSYoungGen      total 222720K, used 145301K [0x00000000eb900000, 0x0000000100000000, 0x0000000100000000)
  eden space 113664K, 100% used [0x00000000eb900000,0x00000000f2800000,0x00000000f2800000)
  from space 109056K, 29% used [0x00000000f9080000,0x00000000faf65718,0x00000000ffb00000)
  to   space 107008K, 0% used [0x00000000f2800000,0x00000000f2800000,0x00000000f9080000)
 ParOldGen       total 195584K, used 149518K [0x00000000c2a00000, 0x00000000ce900000, 0x00000000eb900000)
  object space 195584K, 76% used [0x00000000c2a00000,0x00000000cbc03908,0x00000000ce900000)
 Metaspace       used 35102K, capacity 36282K, committed 36608K, reserved 1081344K
  class space    used 3982K, capacity 4255K, committed 4352K, reserved 1048576K
Event: 152.984 GC heap after
Heap after GC invocations=55 (full 4):
 PSYoungGen      total 220672K, used 33810K [0x00000000eb900000, 0x00000000ff900000, 0x0000000100000000)
  eden space 113664K, 0% used [0x00000000eb900000,0x00000000eb900000,0x00000000f2800000)
  from space 107008K, 31% used [0x00000000f2800000,0x00000000f4904b78,0x00000000f9080000)
  to   space 104448K, 0% used [0x00000000f9300000,0x00000000f9300000,0x00000000ff900000)
 ParOldGen       total 195584K, used 155614K [0x00000000c2a00000, 0x00000000ce900000, 0x00000000eb900000)
  object space 195584K, 79% used [0x00000000c2a00000,0x00000000cc1f7a68,0x00000000ce900000)
 Metaspace       used 35102K, capacity 36282K, committed 36608K, reserved 1081344K
  class space    used 3982K, capacity 4255K, committed 4352K, reserved 1048576K
}
Event: 158.701 GC heap before
{Heap before GC invocations=56 (full 4):
 PSYoungGen      total 220672K, used 147474K [0x00000000eb900000, 0x00000000ff900000, 0x0000000100000000)
  eden space 113664K, 100% used [0x00000000eb900000,0x00000000f2800000,0x00000000f2800000)
  from space 107008K, 31% used [0x00000000f2800000,0x00000000f4904b78,0x00000000f9080000)
  to   space 104448K, 0% used [0x00000000f9300000,0x00000000f9300000,0x00000000ff900000)
 ParOldGen       total 195584K, used 155614K [0x00000000c2a00000, 0x00000000ce900000, 0x00000000eb900000)
  object space 195584K, 79% used [0x00000000c2a00000,0x00000000cc1f7a68,0x00000000ce900000)
 Metaspace       used 35384K, capacity 36544K, committed 36864K, reserved 1081344K
  class space    used 3983K, capacity 4256K, committed 4352K, reserved 1048576K
Event: 158.803 GC heap after
Heap after GC invocations=56 (full 4):
 PSYoungGen      total 224256K, used 35259K [0x00000000eb900000, 0x00000000ff680000, 0x0000000100000000)
  eden space 122368K, 0% used [0x00000000eb900000,0x00000000eb900000,0x00000000f3080000)
  from space 101888K, 34% used [0x00000000f9300000,0x00000000fb56ec30,0x00000000ff680000)
  to   space 100864K, 0% used [0x00000000f3080000,0x00000000f3080000,0x00000000f9300000)
 ParOldGen       total 195584K, used 160830K [0x00000000c2a00000, 0x00000000ce900000, 0x00000000eb900000)
  object space 195584K, 82% used [0x00000000c2a00000,0x00000000cc70fb88,0x00000000ce900000)
 Metaspace       used 35384K, capacity 36544K, committed 36864K, reserved 1081344K
  class space    used 3983K, capacity 4256K, committed 4352K, reserved 1048576K
}
Event: 162.010 GC heap before
{Heap before GC invocations=57 (full 4):
 PSYoungGen      total 224256K, used 157627K [0x00000000eb900000, 0x00000000ff680000, 0x0000000100000000)
  eden space 122368K, 100% used [0x00000000eb900000,0x00000000f3080000,0x00000000f3080000)
  from space 101888K, 34% used [0x00000000f9300000,0x00000000fb56ec30,0x00000000ff680000)
  to   space 100864K, 0% used [0x00000000f3080000,0x00000000f3080000,0x00000000f9300000)
 ParOldGen       total 195584K, used 160830K [0x00000000c2a00000, 0x00000000ce900000, 0x00000000eb900000)
  object space 195584K, 82% used [0x00000000c2a00000,0x00000000cc70fb88,0x00000000ce900000)
 Metaspace       used 35497K, capacity 36672K, committed 36864K, reserved 1081344K
  class space    used 3986K, capacity 4256K, committed 4352K, reserved 1048576K
Event: 162.157 GC heap after
Heap after GC invocations=57 (full 4):
 PSYoungGen      total 223232K, used 35019K [0x00000000eb900000, 0x00000000ff900000, 0x0000000100000000)
  eden space 122368K, 0% used [0x00000000eb900000,0x00000000eb900000,0x00000000f3080000)
  from space 100864K, 34% used [0x00000000f3080000,0x00000000f52b2cd8,0x00000000f9300000)
  to   space 97792K, 0% used [0x00000000f9980000,0x00000000f9980000,0x00000000ff900000)
 ParOldGen       total 195584K, used 166567K [0x00000000c2a00000, 0x00000000ce900000, 0x00000000eb900000)
  object space 195584K, 85% used [0x00000000c2a00000,0x00000000ccca9ca8,0x00000000ce900000)
 Metaspace       used 35497K, capacity 36672K, committed 36864K, reserved 1081344K
  class space    used 3986K, capacity 4256K, committed 4352K, reserved 1048576K
}

