# JRE version: Java(TM) SE Runtime Environment (8.0_201-b09) (build 1.8.0_201-b09)
# Java VM: Java HotSpot(TM) 64-Bit Server VM (25.201-b09 mixed mode linux-amd64 compressed oops)
Heap:
 PSYoungGen      total 126976K, used 192K [0x00000000eb900000, 0x00000000f3b00000, 0x0000000100000000)
  eden space 121344K, 0% used [0x00000000eb900000,0x00000000eb900000,0x00000000f2f80000)
  from space 5632K, 3% used [0x00000000f2f80000,0x00000000f2fb0000,0x00000000f3500000)
  to   space 5120K, 0% used [0x00000000f3500000,0x00000000f3500000,0x00000000f3a00000)
 ParOldGen       total 42496K, used 7972K [0x00000000c2a00000, 0x00000000c5380000, 0x00000000eb900000)
  object space 42496K, 18% used [0x00000000c2a00000,0x00000000c31c93a8,0x00000000c5380000)
 Metaspace       used 13804K, capacity 14224K, committed 14336K, reserved 1062912K
  class space    used 1594K, capacity 1710K, committed 1792K, reserved 1048576K
GC Heap History (10 events):
Event: 47.636 GC heap after
Heap after GC invocations=5 (full 1):
 PSYoungGen      total 34304K, used 2540K [0x00000000eb900000, 0x00000000efc00000, 0x0000000100000000)
  eden space 31744K, 0% used [0x00000000eb900000,0x00000000eb900000,0x00000000ed800000)
  from space 2560K, 99% used [0x00000000eda80000,0x00000000edcfb010,0x00000000edd00000)
  to   space 2560K, 0% used [0x00000000ed800000,0x00000000ed800000,0x00000000eda80000)
 ParOldGen       total 42496K, used 5387K [0x00000000c2a00000, 0x00000000c5380000, 0x00000000eb900000)
  object space 42496K, 12% used [0x00000000c2a00000,0x00000000c2f42db0,0x00000000c5380000)
 Metaspace       used 13793K, capacity 14154K, committed 14336K, reserved 1062912K
  class space    used 1594K, capacity 1709K, committed 1792K, reserved 1048576K
}
Event: 47.989 GC heap before
{Heap before GC invocations=6 (full 1):
 PSYoungGen      total 34304K, used 34284K [0x00000000eb900000, 0x00000000efc00000, 0x0000000100000000)
  eden space 31744K, 100% used [0x00000000eb900000,0x00000000ed800000,0x00000000ed800000)
  from space 2560K, 99% used [0x00000000eda80000,0x00000000edcfb010,0x00000000edd00000)
  to   space 2560K, 0% used [0x00000000ed800000,0x00000000ed800000,0x00000000eda80000)
 ParOldGen       total 42496K, used 5387K [0x00000000c2a00000, 0x00000000c5380000, 0x00000000eb900000)
  object space 42496K, 12% used [0x00000000c2a00000,0x00000000c2f42db0,0x00000000c5380000)
 Metaspace       used 13798K, capacity 14160K, committed 14336K, reserved 1062912K
  class space    used 1594K, capacity 1710K, committed 1792K, reserved 1048576K
Event: 48.011 GC heap after
Heap after GC invocations=6 (full 1):
 PSYoungGen      total 34304K, used 2540K [0x00000000eb900000, 0x00000000efc00000, 0x0000000100000000)
  eden space 31744K, 0% used [0x00000000eb900000,0x00000000eb900000,0x00000000ed800000)
  from space 2560K, 99% used [0x00000000ed800000,0x00000000eda7b010,0x00000000eda80000)
  to   space 2560K, 0% used [0x00000000ef980000,0x00000000ef980000,0x00000000efc00000)
 ParOldGen       total 42496K, used 5459K [0x00000000c2a00000, 0x00000000c5380000, 0x00000000eb900000)
  object space 42496K, 12% used [0x00000000c2a00000,0x00000000c2f54dd0,0x00000000c5380000)
 Metaspace       used 13798K, capacity 14160K, committed 14336K, reserved 1062912K
  class space    used 1594K, capacity 1710K, committed 1792K, reserved 1048576K
}
Event: 48.648 GC heap before
{Heap before GC invocations=7 (full 1):
 PSYoungGen      total 34304K, used 34284K [0x00000000eb900000, 0x00000000efc00000, 0x0000000100000000)
  eden space 31744K, 100% used [0x00000000eb900000,0x00000000ed800000,0x00000000ed800000)
  from space 2560K, 99% used [0x00000000ed800000,0x00000000eda7b010,0x00000000eda80000)
  to   space 2560K, 0% used [0x00000000ef980000,0x00000000ef980000,0x00000000efc00000)
 ParOldGen       total 42496K, used 5459K [0x00000000c2a00000, 0x00000000c5380000, 0x00000000eb900000)
  object space 42496K, 12% used [0x00000000c2a00000,0x00000000c2f54dd0,0x00000000c5380000)
 Metaspace       used 13798K, capacity 14160K, committed 14336K, reserved 1062912K
  class space    used 1594K, capacity 1710K, committed 1792K, reserved 1048576K
Event: 48.668 GC heap after
Heap after GC invocations=7 (full 1):
 PSYoungGen      total 63488K, used 2540K [0x00000000eb900000, 0x00000000f0100000, 0x0000000100000000)
  eden space 60928K, 0% used [0x00000000eb900000,0x00000000eb900000,0x00000000ef480000)
  from space 2560K, 99% used [0x00000000ef980000,0x00000000efbfb010,0x00000000efc00000)
  to   space 5120K, 0% used [0x00000000ef480000,0x00000000ef480000,0x00000000ef980000)
 ParOldGen       total 42496K, used 5531K [0x00000000c2a00000, 0x00000000c5380000, 0x00000000eb900000)
  object space 42496K, 13% used [0x00000000c2a00000,0x00000000c2f66dd0,0x00000000c5380000)
 Metaspace       used 13798K, capacity 14160K, committed 14336K, reserved 1062912K
  class space    used 1594K, capacity 1710K, committed 1792K, reserved 1048576K
}
Event: 48.981 GC heap before
{Heap before GC invocations=8 (full 1):
 PSYoungGen      total 63488K, used 63468K [0x00000000eb900000, 0x00000000f0100000, 0x0000000100000000)
  eden space 60928K, 100% used [0x00000000eb900000,0x00000000ef480000,0x00000000ef480000)
  from space 2560K, 99% used [0x00000000ef980000,0x00000000efbfb010,0x00000000efc00000)
  to   space 5120K, 0% used [0x00000000ef480000,0x00000000ef480000,0x00000000ef980000)
 ParOldGen       total 42496K, used 5531K [0x00000000c2a00000, 0x00000000c5380000, 0x00000000eb900000)
  object space 42496K, 13% used [0x00000000c2a00000,0x00000000c2f66dd0,0x00000000c5380000)
 Metaspace       used 13799K, capacity 14224K, committed 14336K, reserved 1062912K
  class space    used 1594K, capacity 1710K, committed 1792K, reserved 1048576K
Event: 48.996 GC heap after
Heap after GC invocations=8 (full 1):
 PSYoungGen      total 66048K, used 2541K [0x00000000eb900000, 0x00000000f3a00000, 0x0000000100000000)
  eden space 60928K, 0% used [0x00000000eb900000,0x00000000eb900000,0x00000000ef480000)
  from space 5120K, 49% used [0x00000000ef480000,0x00000000ef6fb628,0x00000000ef980000)
  to   space 5120K, 0% used [0x00000000f3500000,0x00000000f3500000,0x00000000f3a00000)
 ParOldGen       total 42496K, used 5531K [0x00000000c2a00000, 0x00000000c5380000, 0x00000000eb900000)
  object space 42496K, 13% used [0x00000000c2a00000,0x00000000c2f66dd0,0x00000000c5380000)
 Metaspace       used 13799K, capacity 14224K, committed 14336K, reserved 1062912K
  class space    used 1594K, capacity 1710K, committed 1792K, reserved 1048576K
}
Event: 49.288 GC heap before
{Heap before GC invocations=9 (full 1):
 PSYoungGen      total 66048K, used 63469K [0x00000000eb900000, 0x00000000f3a00000, 0x0000000100000000)
  eden space 60928K, 100% used [0x00000000eb900000,0x00000000ef480000,0x00000000ef480000)
  from space 5120K, 49% used [0x00000000ef480000,0x00000000ef6fb628,0x00000000ef980000)
  to   space 5120K, 0% used [0x00000000f3500000,0x00000000f3500000,0x00000000f3a00000)
 ParOldGen       total 42496K, used 5531K [0x00000000c2a00000, 0x00000000c5380000, 0x00000000eb900000)
  object space 42496K, 13% used [0x00000000c2a00000,0x00000000c2f66dd0,0x00000000c5380000)
 Metaspace       used 13800K, capacity 14224K, committed 14336K, reserved 1062912K
  class space    used 1594K, capacity 1710K, committed 1792K, reserved 1048576K
Event: 49.293 GC heap after
Heap after GC invocations=9 (full 1):
 PSYoungGen      total 126464K, used 832K [0x00000000eb900000, 0x00000000f3b00000, 0x0000000100000000)
  eden space 121344K, 0% used [0x00000000eb900000,0x00000000eb900000,0x00000000f2f80000)
  from space 5120K, 16% used [0x00000000f3500000,0x00000000f35d0000,0x00000000f3a00000)
  to   space 5632K, 0% used [0x00000000f2f80000,0x00000000f2f80000,0x00000000f3500000)
 ParOldGen       total 42496K, used 7308K [0x00000000c2a00000, 0x00000000c5380000, 0x00000000eb900000)
  object space 42496K, 17% used [0x00000000c2a00000,0x00000000c31233a8,0x00000000c5380000)
 Metaspace       used 13800K, capacity 14224K, committed 14336K, reserved 1062912K
  class space    used 1594K, capacity 1710K, committed 1792K, reserved 1048576K
}
Event: 50.692 GC heap before
{Heap before GC invocations=10 (full 1):
 PSYoungGen      total 126464K, used 122176K [0x00000000eb900000, 0x00000000f3b00000, 0x0000000100000000)
  eden space 121344K, 100% used [0x00000000eb900000,0x00000000f2f80000,0x00000000f2f80000)
  from space 5120K, 16% used [0x00000000f3500000,0x00000000f35d0000,0x00000000f3a00000)
  to   space 5632K, 0% used [0x00000000f2f80000,0x00000000f2f80000,0x00000000f3500000)
 ParOldGen       total 42496K, used 7308K [0x00000000c2a00000, 0x00000000c5380000, 0x00000000eb900000)
  object space 42496K, 17% used [0x00000000c2a00000,0x00000000c31233a8,0x00000000c5380000)
 Metaspace       used 13804K, capacity 14224K, committed 14336K, reserved 1062912K
  class space    used 1594K, capacity 1710K, committed 1792K, reserved 1048576K

