# JRE version: Java(TM) SE Runtime Environment (8.0_201-b09) (build 1.8.0_201-b09)
# Java VM: Java HotSpot(TM) 64-Bit Server VM (25.201-b09 mixed mode linux-amd64 compressed oops)
Heap:
 PSYoungGen      total 34304K, used 3536K [0x00000000eb900000, 0x00000000ee100000, 0x0000000100000000)
  eden space 29696K, 0% used [0x00000000eb900000,0x00000000eb900000,0x00000000ed600000)
  from space 4608K, 76% used [0x00000000ed600000,0x00000000ed974050,0x00000000eda80000)
  to   space 2560K, 0% used [0x00000000eda80000,0x00000000eda80000,0x00000000edd00000)
 ParOldGen       total 42496K, used 5313K [0x00000000c2a00000, 0x00000000c5380000, 0x00000000eb900000)
  object space 42496K, 12% used [0x00000000c2a00000,0x00000000c2f305a8,0x00000000c5380000)
 Metaspace       used 14006K, capacity 14450K, committed 14592K, reserved 1062912K
  class space    used 1607K, capacity 1718K, committed 1792K, reserved 1048576K
GC Heap History (10 events):
Event: 3.148 GC heap after
Heap after GC invocations=3 (full 1):
 PSYoungGen      total 18432K, used 0K [0x00000000eb900000, 0x00000000ecd80000, 0x0000000100000000)
  eden space 15872K, 0% used [0x00000000eb900000,0x00000000eb900000,0x00000000ec880000)
  from space 2560K, 0% used [0x00000000ecb00000,0x00000000ecb00000,0x00000000ecd80000)
  to   space 2560K, 0% used [0x00000000ec880000,0x00000000ec880000,0x00000000ecb00000)
 ParOldGen       total 42496K, used 2724K [0x00000000c2a00000, 0x00000000c5380000, 0x00000000eb900000)
  object space 42496K, 6% used [0x00000000c2a00000,0x00000000c2ca9050,0x00000000c5380000)
 Metaspace       used 10189K, capacity 10338K, committed 10624K, reserved 1058816K
  class space    used 1233K, capacity 1317K, committed 1408K, reserved 1048576K
}
Event: 42.184 GC heap before
{Heap before GC invocations=4 (full 1):
 PSYoungGen      total 18432K, used 15872K [0x00000000eb900000, 0x00000000ecd80000, 0x0000000100000000)
  eden space 15872K, 100% used [0x00000000eb900000,0x00000000ec880000,0x00000000ec880000)
  from space 2560K, 0% used [0x00000000ecb00000,0x00000000ecb00000,0x00000000ecd80000)
  to   space 2560K, 0% used [0x00000000ec880000,0x00000000ec880000,0x00000000ecb00000)
 ParOldGen       total 42496K, used 2724K [0x00000000c2a00000, 0x00000000c5380000, 0x00000000eb900000)
  object space 42496K, 6% used [0x00000000c2a00000,0x00000000c2ca9050,0x00000000c5380000)
 Metaspace       used 13237K, capacity 13606K, committed 13696K, reserved 1060864K
  class space    used 1550K, capacity 1652K, committed 1664K, reserved 1048576K
Event: 42.202 GC heap after
Heap after GC invocations=4 (full 1):
 PSYoungGen      total 18432K, used 2536K [0x00000000eb900000, 0x00000000ecd80000, 0x0000000100000000)
  eden space 15872K, 0% used [0x00000000eb900000,0x00000000eb900000,0x00000000ec880000)
  from space 2560K, 99% used [0x00000000ec880000,0x00000000ecafa2f8,0x00000000ecb00000)
  to   space 2560K, 0% used [0x00000000ecb00000,0x00000000ecb00000,0x00000000ecd80000)
 ParOldGen       total 42496K, used 3762K [0x00000000c2a00000, 0x00000000c5380000, 0x00000000eb900000)
  object space 42496K, 8% used [0x00000000c2a00000,0x00000000c2daca58,0x00000000c5380000)
 Metaspace       used 13237K, capacity 13606K, committed 13696K, reserved 1060864K
  class space    used 1550K, capacity 1652K, committed 1664K, reserved 1048576K
}
Event: 51.505 GC heap before
{Heap before GC invocations=5 (full 1):
 PSYoungGen      total 18432K, used 18408K [0x00000000eb900000, 0x00000000ecd80000, 0x0000000100000000)
  eden space 15872K, 100% used [0x00000000eb900000,0x00000000ec880000,0x00000000ec880000)
  from space 2560K, 99% used [0x00000000ec880000,0x00000000ecafa2f8,0x00000000ecb00000)
  to   space 2560K, 0% used [0x00000000ecb00000,0x00000000ecb00000,0x00000000ecd80000)
 ParOldGen       total 42496K, used 3762K [0x00000000c2a00000, 0x00000000c5380000, 0x00000000eb900000)
  object space 42496K, 8% used [0x00000000c2a00000,0x00000000c2daca58,0x00000000c5380000)
 Metaspace       used 13908K, capacity 14386K, committed 14592K, reserved 1062912K
  class space    used 1606K, capacity 1718K, committed 1792K, reserved 1048576K
Event: 51.536 GC heap after
Heap after GC invocations=5 (full 1):
 PSYoungGen      total 18432K, used 2540K [0x00000000eb900000, 0x00000000ecd80000, 0x0000000100000000)
  eden space 15872K, 0% used [0x00000000eb900000,0x00000000eb900000,0x00000000ec880000)
  from space 2560K, 99% used [0x00000000ecb00000,0x00000000ecd7b020,0x00000000ecd80000)
  to   space 2560K, 0% used [0x00000000ec880000,0x00000000ec880000,0x00000000ecb00000)
 ParOldGen       total 42496K, used 4217K [0x00000000c2a00000, 0x00000000c5380000, 0x00000000eb900000)
  object space 42496K, 9% used [0x00000000c2a00000,0x00000000c2e1e548,0x00000000c5380000)
 Metaspace       used 13908K, capacity 14386K, committed 14592K, reserved 1062912K
  class space    used 1606K, capacity 1718K, committed 1792K, reserved 1048576K
}
Event: 60.507 GC heap before
{Heap before GC invocations=6 (full 1):
 PSYoungGen      total 18432K, used 18412K [0x00000000eb900000, 0x00000000ecd80000, 0x0000000100000000)
  eden space 15872K, 100% used [0x00000000eb900000,0x00000000ec880000,0x00000000ec880000)
  from space 2560K, 99% used [0x00000000ecb00000,0x00000000ecd7b020,0x00000000ecd80000)
  to   space 2560K, 0% used [0x00000000ec880000,0x00000000ec880000,0x00000000ecb00000)
 ParOldGen       total 42496K, used 4217K [0x00000000c2a00000, 0x00000000c5380000, 0x00000000eb900000)
  object space 42496K, 9% used [0x00000000c2a00000,0x00000000c2e1e548,0x00000000c5380000)
 Metaspace       used 13933K, capacity 14386K, committed 14592K, reserved 1062912K
  class space    used 1606K, capacity 1718K, committed 1792K, reserved 1048576K
Event: 62.847 GC heap after
Heap after GC invocations=6 (full 1):
 PSYoungGen      total 18432K, used 2550K [0x00000000eb900000, 0x00000000edd00000, 0x0000000100000000)
  eden space 15872K, 0% used [0x00000000eb900000,0x00000000eb900000,0x00000000ec880000)
  from space 2560K, 99% used [0x00000000ec880000,0x00000000ecafd830,0x00000000ecb00000)
  to   space 2560K, 0% used [0x00000000eda80000,0x00000000eda80000,0x00000000edd00000)
 ParOldGen       total 42496K, used 4471K [0x00000000c2a00000, 0x00000000c5380000, 0x00000000eb900000)
  object space 42496K, 10% used [0x00000000c2a00000,0x00000000c2e5de98,0x00000000c5380000)
 Metaspace       used 13933K, capacity 14386K, committed 14592K, reserved 1062912K
  class space    used 1606K, capacity 1718K, committed 1792K, reserved 1048576K
}
Event: 68.441 GC heap before
{Heap before GC invocations=7 (full 1):
 PSYoungGen      total 18432K, used 18422K [0x00000000eb900000, 0x00000000edd00000, 0x0000000100000000)
  eden space 15872K, 100% used [0x00000000eb900000,0x00000000ec880000,0x00000000ec880000)
  from space 2560K, 99% used [0x00000000ec880000,0x00000000ecafd830,0x00000000ecb00000)
  to   space 2560K, 0% used [0x00000000eda80000,0x00000000eda80000,0x00000000edd00000)
 ParOldGen       total 42496K, used 4471K [0x00000000c2a00000, 0x00000000c5380000, 0x00000000eb900000)
  object space 42496K, 10% used [0x00000000c2a00000,0x00000000c2e5de98,0x00000000c5380000)
 Metaspace       used 13977K, capacity 14386K, committed 14592K, reserved 1062912K
  class space    used 1607K, capacity 1718K, committed 1792K, reserved 1048576K
Event: 68.448 GC heap after
Heap after GC invocations=7 (full 1):
 PSYoungGen      total 32256K, used 2544K [0x00000000eb900000, 0x00000000ee100000, 0x0000000100000000)
  eden space 29696K, 0% used [0x00000000eb900000,0x00000000eb900000,0x00000000ed600000)
  from space 2560K, 99% used [0x00000000eda80000,0x00000000edcfc010,0x00000000edd00000)
  to   space 4608K, 0% used [0x00000000ed600000,0x00000000ed600000,0x00000000eda80000)
 ParOldGen       total 42496K, used 5313K [0x00000000c2a00000, 0x00000000c5380000, 0x00000000eb900000)
  object space 42496K, 12% used [0x00000000c2a00000,0x00000000c2f305a8,0x00000000c5380000)
 Metaspace       used 13977K, capacity 14386K, committed 14592K, reserved 1062912K
  class space    used 1607K, capacity 1718K, committed 1792K, reserved 1048576K
}
Event: 78.569 GC heap before
{Heap before GC invocations=8 (full 1):
 PSYoungGen      total 32256K, used 32240K [0x00000000eb900000, 0x00000000ee100000, 0x0000000100000000)
  eden space 29696K, 100% used [0x00000000eb900000,0x00000000ed600000,0x00000000ed600000)
  from space 2560K, 99% used [0x00000000eda80000,0x00000000edcfc010,0x00000000edd00000)
  to   space 4608K, 0% used [0x00000000ed600000,0x00000000ed600000,0x00000000eda80000)
 ParOldGen       total 42496K, used 5313K [0x00000000c2a00000, 0x00000000c5380000, 0x00000000eb900000)
  object space 42496K, 12% used [0x00000000c2a00000,0x00000000c2f305a8,0x00000000c5380000)
 Metaspace       used 14006K, capacity 14450K, committed 14592K, reserved 1062912K
  class space    used 1607K, capacity 1718K, committed 1792K, reserved 1048576K

