# JRE version: Java(TM) SE Runtime Environment (8.0_201-b09) (build 1.8.0_201-b09)
# Java VM: Java HotSpot(TM) 64-Bit Server VM (25.201-b09 mixed mode linux-amd64 compressed oops)
Heap:
 PSYoungGen      total 211968K, used 119951K [0x00000000eb900000, 0x00000000f9900000, 0x0000000100000000)
  eden space 196608K, 55% used [0x00000000eb900000,0x00000000f2353fc0,0x00000000f7900000)
  from space 15360K, 72% used [0x00000000f8a00000,0x00000000f94d0000,0x00000000f9900000)
  to   space 16384K, 0% used [0x00000000f7900000,0x00000000f7900000,0x00000000f8900000)
 ParOldGen       total 57856K, used 25195K [0x00000000c2a00000, 0x00000000c6280000, 0x00000000eb900000)
  object space 57856K, 43% used [0x00000000c2a00000,0x00000000c429aea8,0x00000000c6280000)
 Metaspace       used 22981K, capacity 23558K, committed 23680K, reserved 1071104K
  class space    used 2480K, capacity 2657K, committed 2688K, reserved 1048576K
GC Heap History (10 events):
Event: 21.912 GC heap before
{Heap before GC invocations=10 (full 1):
 PSYoungGen      total 117760K, used 37694K [0x00000000eb900000, 0x00000000f4000000, 0x0000000100000000)
  eden space 106496K, 24% used [0x00000000eb900000,0x00000000ed2d3500,0x00000000f2100000)
  from space 11264K, 99% used [0x00000000f2f00000,0x00000000f39fc680,0x00000000f3a00000)
  to   space 14336K, 0% used [0x00000000f2100000,0x00000000f2100000,0x00000000f2f00000)
 ParOldGen       total 42496K, used 23282K [0x00000000c2a00000, 0x00000000c5380000, 0x00000000eb900000)
  object space 42496K, 54% used [0x00000000c2a00000,0x00000000c40bc9d8,0x00000000c5380000)
 Metaspace       used 20790K, capacity 21144K, committed 21248K, reserved 1069056K
  class space    used 2383K, capacity 2500K, committed 2560K, reserved 1048576K
Event: 22.011 GC heap after
Heap after GC invocations=10 (full 1):
 PSYoungGen      total 120832K, used 13815K [0x00000000eb900000, 0x00000000fa900000, 0x0000000100000000)
  eden space 106496K, 0% used [0x00000000eb900000,0x00000000eb900000,0x00000000f2100000)
  from space 14336K, 96% used [0x00000000f2100000,0x00000000f2e7dd80,0x00000000f2f00000)
  to   space 16384K, 0% used [0x00000000f9900000,0x00000000f9900000,0x00000000fa900000)
 ParOldGen       total 42496K, used 23778K [0x00000000c2a00000, 0x00000000c5380000, 0x00000000eb900000)
  object space 42496K, 55% used [0x00000000c2a00000,0x00000000c41389d8,0x00000000c5380000)
 Metaspace       used 20790K, capacity 21144K, committed 21248K, reserved 1069056K
  class space    used 2383K, capacity 2500K, committed 2560K, reserved 1048576K
}
Event: 22.011 GC heap before
{Heap before GC invocations=11 (full 2):
 PSYoungGen      total 120832K, used 13815K [0x00000000eb900000, 0x00000000fa900000, 0x0000000100000000)
  eden space 106496K, 0% used [0x00000000eb900000,0x00000000eb900000,0x00000000f2100000)
  from space 14336K, 96% used [0x00000000f2100000,0x00000000f2e7dd80,0x00000000f2f00000)
  to   space 16384K, 0% used [0x00000000f9900000,0x00000000f9900000,0x00000000fa900000)
 ParOldGen       total 42496K, used 23778K [0x00000000c2a00000, 0x00000000c5380000, 0x00000000eb900000)
  object space 42496K, 55% used [0x00000000c2a00000,0x00000000c41389d8,0x00000000c5380000)
 Metaspace       used 20790K, capacity 21144K, committed 21248K, reserved 1069056K
  class space    used 2383K, capacity 2500K, committed 2560K, reserved 1048576K
Event: 22.624 GC heap after
Heap after GC invocations=11 (full 2):
 PSYoungGen      total 120832K, used 0K [0x00000000eb900000, 0x00000000fa900000, 0x0000000100000000)
  eden space 106496K, 0% used [0x00000000eb900000,0x00000000eb900000,0x00000000f2100000)
  from space 14336K, 0% used [0x00000000f2100000,0x00000000f2100000,0x00000000f2f00000)
  to   space 16384K, 0% used [0x00000000f9900000,0x00000000f9900000,0x00000000fa900000)
 ParOldGen       total 57856K, used 25171K [0x00000000c2a00000, 0x00000000c6280000, 0x00000000eb900000)
  object space 57856K, 43% used [0x00000000c2a00000,0x00000000c4294ea8,0x00000000c6280000)
 Metaspace       used 20790K, capacity 21144K, committed 21248K, reserved 1069056K
  class space    used 2383K, capacity 2500K, committed 2560K, reserved 1048576K
}
Event: 37.150 GC heap before
{Heap before GC invocations=12 (full 2):
 PSYoungGen      total 120832K, used 106496K [0x00000000eb900000, 0x00000000fa900000, 0x0000000100000000)
  eden space 106496K, 100% used [0x00000000eb900000,0x00000000f2100000,0x00000000f2100000)
  from space 14336K, 0% used [0x00000000f2100000,0x00000000f2100000,0x00000000f2f00000)
  to   space 16384K, 0% used [0x00000000f9900000,0x00000000f9900000,0x00000000fa900000)
 ParOldGen       total 57856K, used 25171K [0x00000000c2a00000, 0x00000000c6280000, 0x00000000eb900000)
  object space 57856K, 43% used [0x00000000c2a00000,0x00000000c4294ea8,0x00000000c6280000)
 Metaspace       used 22235K, capacity 22774K, committed 22912K, reserved 1069056K
  class space    used 2467K, capacity 2617K, committed 2688K, reserved 1048576K
Event: 37.205 GC heap after
Heap after GC invocations=12 (full 2):
 PSYoungGen      total 137728K, used 4765K [0x00000000eb900000, 0x00000000f9e00000, 0x0000000100000000)
  eden space 132608K, 0% used [0x00000000eb900000,0x00000000eb900000,0x00000000f3a80000)
  from space 5120K, 93% used [0x00000000f9900000,0x00000000f9da7708,0x00000000f9e00000)
  to   space 15872K, 0% used [0x00000000f7f00000,0x00000000f7f00000,0x00000000f8e80000)
 ParOldGen       total 57856K, used 25179K [0x00000000c2a00000, 0x00000000c6280000, 0x00000000eb900000)
  object space 57856K, 43% used [0x00000000c2a00000,0x00000000c4296ea8,0x00000000c6280000)
 Metaspace       used 22235K, capacity 22774K, committed 22912K, reserved 1069056K
  class space    used 2467K, capacity 2617K, committed 2688K, reserved 1048576K
}
Event: 45.326 GC heap before
{Heap before GC invocations=13 (full 2):
 PSYoungGen      total 137728K, used 137373K [0x00000000eb900000, 0x00000000f9e00000, 0x0000000100000000)
  eden space 132608K, 100% used [0x00000000eb900000,0x00000000f3a80000,0x00000000f3a80000)
  from space 5120K, 93% used [0x00000000f9900000,0x00000000f9da7708,0x00000000f9e00000)
  to   space 15872K, 0% used [0x00000000f7f00000,0x00000000f7f00000,0x00000000f8e80000)
 ParOldGen       total 57856K, used 25179K [0x00000000c2a00000, 0x00000000c6280000, 0x00000000eb900000)
  object space 57856K, 43% used [0x00000000c2a00000,0x00000000c4296ea8,0x00000000c6280000)
 Metaspace       used 22733K, capacity 23290K, committed 23424K, reserved 1071104K
  class space    used 2479K, capacity 2655K, committed 2688K, reserved 1048576K
Event: 45.398 GC heap after
Heap after GC invocations=13 (full 2):
 PSYoungGen      total 171008K, used 9088K [0x00000000eb900000, 0x00000000f9980000, 0x0000000100000000)
  eden space 161792K, 0% used [0x00000000eb900000,0x00000000eb900000,0x00000000f5700000)
  from space 9216K, 98% used [0x00000000f7f00000,0x00000000f87e0000,0x00000000f8800000)
  to   space 15872K, 0% used [0x00000000f8a00000,0x00000000f8a00000,0x00000000f9980000)
 ParOldGen       total 57856K, used 25187K [0x00000000c2a00000, 0x00000000c6280000, 0x00000000eb900000)
  object space 57856K, 43% used [0x00000000c2a00000,0x00000000c4298ea8,0x00000000c6280000)
 Metaspace       used 22733K, capacity 23290K, committed 23424K, reserved 1071104K
  class space    used 2479K, capacity 2655K, committed 2688K, reserved 1048576K
}
Event: 55.694 GC heap before
{Heap before GC invocations=14 (full 2):
 PSYoungGen      total 171008K, used 170880K [0x00000000eb900000, 0x00000000f9980000, 0x0000000100000000)
  eden space 161792K, 100% used [0x00000000eb900000,0x00000000f5700000,0x00000000f5700000)
  from space 9216K, 98% used [0x00000000f7f00000,0x00000000f87e0000,0x00000000f8800000)
  to   space 15872K, 0% used [0x00000000f8a00000,0x00000000f8a00000,0x00000000f9980000)
 ParOldGen       total 57856K, used 25187K [0x00000000c2a00000, 0x00000000c6280000, 0x00000000eb900000)
  object space 57856K, 43% used [0x00000000c2a00000,0x00000000c4298ea8,0x00000000c6280000)
 Metaspace       used 22910K, capacity 23488K, committed 23680K, reserved 1071104K
  class space    used 2479K, capacity 2656K, committed 2688K, reserved 1048576K
Event: 55.860 GC heap after
Heap after GC invocations=14 (full 2):
 PSYoungGen      total 211968K, used 11072K [0x00000000eb900000, 0x00000000f9900000, 0x0000000100000000)
  eden space 196608K, 0% used [0x00000000eb900000,0x00000000eb900000,0x00000000f7900000)
  from space 15360K, 72% used [0x00000000f8a00000,0x00000000f94d0000,0x00000000f9900000)
  to   space 16384K, 0% used [0x00000000f7900000,0x00000000f7900000,0x00000000f8900000)
 ParOldGen       total 57856K, used 25195K [0x00000000c2a00000, 0x00000000c6280000, 0x00000000eb900000)
  object space 57856K, 43% used [0x00000000c2a00000,0x00000000c429aea8,0x00000000c6280000)
 Metaspace       used 22910K, capacity 23488K, committed 23680K, reserved 1071104K
  class space    used 2479K, capacity 2656K, committed 2688K, reserved 1048576K
}

