# JRE version: Java(TM) SE Runtime Environment (8.0_201-b09) (build 1.8.0_201-b09)
# Java VM: Java HotSpot(TM) 64-Bit Server VM (25.201-b09 mixed mode linux-amd64 compressed oops)
Heap:
 PSYoungGen      total 297984K, used 229364K [0x00000000eb900000, 0x0000000100000000, 0x0000000100000000)
  eden space 260608K, 80% used [0x00000000eb900000,0x00000000f8609160,0x00000000fb780000)
  from space 37376K, 51% used [0x00000000fdb80000,0x00000000fee74030,0x0000000100000000)
  to   space 36864K, 0% used [0x00000000fb780000,0x00000000fb780000,0x00000000fdb80000)
 ParOldGen       total 129024K, used 73995K [0x00000000c2a00000, 0x00000000ca800000, 0x00000000eb900000)
  object space 129024K, 57% used [0x00000000c2a00000,0x00000000c7242c38,0x00000000ca800000)
 Metaspace       used 23556K, capacity 24250K, committed 24576K, reserved 1071104K
  class space    used 2506K, capacity 2719K, committed 2816K, reserved 1048576K
GC Heap History (10 events):
Event: 33.877 GC heap before
{Heap before GC invocations=15 (full 2):
 PSYoungGen      total 242688K, used 239164K [0x00000000eb900000, 0x00000000fe100000, 0x0000000100000000)
  eden space 223744K, 100% used [0x00000000eb900000,0x00000000f9380000,0x00000000f9380000)
  from space 18944K, 81% used [0x00000000fa780000,0x00000000fb68f040,0x00000000fba00000)
  to   space 20480K, 0% used [0x00000000f9380000,0x00000000f9380000,0x00000000fa780000)
 ParOldGen       total 74240K, used 38853K [0x00000000c2a00000, 0x00000000c7280000, 0x00000000eb900000)
  object space 74240K, 52% used [0x00000000c2a00000,0x00000000c4ff1618,0x00000000c7280000)
 Metaspace       used 23183K, capacity 23872K, committed 23936K, reserved 1071104K
  class space    used 2481K, capacity 2672K, committed 2688K, reserved 1048576K
Event: 34.068 GC heap after
Heap after GC invocations=15 (full 2):
 PSYoungGen      total 244224K, used 20448K [0x00000000eb900000, 0x00000000feb80000, 0x0000000100000000)
  eden space 223744K, 0% used [0x00000000eb900000,0x00000000eb900000,0x00000000f9380000)
  from space 20480K, 99% used [0x00000000f9380000,0x00000000fa778010,0x00000000fa780000)
  to   space 26624K, 0% used [0x00000000fd180000,0x00000000fd180000,0x00000000feb80000)
 ParOldGen       total 74240K, used 45884K [0x00000000c2a00000, 0x00000000c7280000, 0x00000000eb900000)
  object space 74240K, 61% used [0x00000000c2a00000,0x00000000c56cf230,0x00000000c7280000)
 Metaspace       used 23183K, capacity 23872K, committed 23936K, reserved 1071104K
  class space    used 2481K, capacity 2672K, committed 2688K, reserved 1048576K
}
Event: 38.650 GC heap before
{Heap before GC invocations=16 (full 2):
 PSYoungGen      total 244224K, used 244192K [0x00000000eb900000, 0x00000000feb80000, 0x0000000100000000)
  eden space 223744K, 100% used [0x00000000eb900000,0x00000000f9380000,0x00000000f9380000)
  from space 20480K, 99% used [0x00000000f9380000,0x00000000fa778010,0x00000000fa780000)
  to   space 26624K, 0% used [0x00000000fd180000,0x00000000fd180000,0x00000000feb80000)
 ParOldGen       total 74240K, used 45884K [0x00000000c2a00000, 0x00000000c7280000, 0x00000000eb900000)
  object space 74240K, 61% used [0x00000000c2a00000,0x00000000c56cf230,0x00000000c7280000)
 Metaspace       used 23364K, capacity 24020K, committed 24192K, reserved 1071104K
  class space    used 2499K, capacity 2686K, committed 2688K, reserved 1048576K
Event: 38.876 GC heap after
Heap after GC invocations=16 (full 2):
 PSYoungGen      total 280576K, used 26608K [0x00000000eb900000, 0x0000000100000000, 0x0000000100000000)
  eden space 253952K, 0% used [0x00000000eb900000,0x00000000eb900000,0x00000000fb100000)
  from space 26624K, 99% used [0x00000000fd180000,0x00000000feb7c010,0x00000000feb80000)
  to   space 33280K, 0% used [0x00000000fb100000,0x00000000fb100000,0x00000000fd180000)
 ParOldGen       total 74240K, used 52550K [0x00000000c2a00000, 0x00000000c7280000, 0x00000000eb900000)
  object space 74240K, 70% used [0x00000000c2a00000,0x00000000c5d51ba8,0x00000000c7280000)
 Metaspace       used 23364K, capacity 24020K, committed 24192K, reserved 1071104K
  class space    used 2499K, capacity 2686K, committed 2688K, reserved 1048576K
}
Event: 41.363 GC heap before
{Heap before GC invocations=17 (full 2):
 PSYoungGen      total 280576K, used 280560K [0x00000000eb900000, 0x0000000100000000, 0x0000000100000000)
  eden space 253952K, 100% used [0x00000000eb900000,0x00000000fb100000,0x00000000fb100000)
  from space 26624K, 99% used [0x00000000fd180000,0x00000000feb7c010,0x00000000feb80000)
  to   space 33280K, 0% used [0x00000000fb100000,0x00000000fb100000,0x00000000fd180000)
 ParOldGen       total 74240K, used 52550K [0x00000000c2a00000, 0x00000000c7280000, 0x00000000eb900000)
  object space 74240K, 70% used [0x00000000c2a00000,0x00000000c5d51ba8,0x00000000c7280000)
 Metaspace       used 23453K, capacity 24154K, committed 24192K, reserved 1071104K
  class space    used 2499K, capacity 2687K, committed 2688K, reserved 1048576K
Event: 41.528 GC heap after
Heap after GC invocations=17 (full 2):
 PSYoungGen      total 287232K, used 29632K [0x00000000eb900000, 0x0000000100000000, 0x0000000100000000)
  eden space 253952K, 0% used [0x00000000eb900000,0x00000000eb900000,0x00000000fb100000)
  from space 33280K, 89% used [0x00000000fb100000,0x00000000fcdf0000,0x00000000fd180000)
  to   space 37376K, 0% used [0x00000000fdb80000,0x00000000fdb80000,0x0000000100000000)
 ParOldGen       total 74240K, used 64164K [0x00000000c2a00000, 0x00000000c7280000, 0x00000000eb900000)
  object space 74240K, 86% used [0x00000000c2a00000,0x00000000c68a91c8,0x00000000c7280000)
 Metaspace       used 23453K, capacity 24154K, committed 24192K, reserved 1071104K
  class space    used 2499K, capacity 2687K, committed 2688K, reserved 1048576K
}
Event: 41.528 GC heap before
{Heap before GC invocations=18 (full 3):
 PSYoungGen      total 287232K, used 29632K [0x00000000eb900000, 0x0000000100000000, 0x0000000100000000)
  eden space 253952K, 0% used [0x00000000eb900000,0x00000000eb900000,0x00000000fb100000)
  from space 33280K, 89% used [0x00000000fb100000,0x00000000fcdf0000,0x00000000fd180000)
  to   space 37376K, 0% used [0x00000000fdb80000,0x00000000fdb80000,0x0000000100000000)
 ParOldGen       total 74240K, used 64164K [0x00000000c2a00000, 0x00000000c7280000, 0x00000000eb900000)
  object space 74240K, 86% used [0x00000000c2a00000,0x00000000c68a91c8,0x00000000c7280000)
 Metaspace       used 23453K, capacity 24154K, committed 24192K, reserved 1071104K
  class space    used 2499K, capacity 2687K, committed 2688K, reserved 1048576K
Event: 43.104 GC heap after
Heap after GC invocations=18 (full 3):
 PSYoungGen      total 287232K, used 13464K [0x00000000eb900000, 0x0000000100000000, 0x0000000100000000)
  eden space 253952K, 0% used [0x00000000eb900000,0x00000000eb900000,0x00000000fb100000)
  from space 33280K, 40% used [0x00000000fb100000,0x00000000fbe26048,0x00000000fd180000)
  to   space 37376K, 0% used [0x00000000fdb80000,0x00000000fdb80000,0x0000000100000000)
 ParOldGen       total 129024K, used 73995K [0x00000000c2a00000, 0x00000000ca800000, 0x00000000eb900000)
  object space 129024K, 57% used [0x00000000c2a00000,0x00000000c7242c38,0x00000000ca800000)
 Metaspace       used 23453K, capacity 24154K, committed 24192K, reserved 1071104K
  class space    used 2499K, capacity 2687K, committed 2688K, reserved 1048576K
}
Event: 48.603 GC heap before
{Heap before GC invocations=19 (full 3):
 PSYoungGen      total 287232K, used 267416K [0x00000000eb900000, 0x0000000100000000, 0x0000000100000000)
  eden space 253952K, 100% used [0x00000000eb900000,0x00000000fb100000,0x00000000fb100000)
  from space 33280K, 40% used [0x00000000fb100000,0x00000000fbe26048,0x00000000fd180000)
  to   space 37376K, 0% used [0x00000000fdb80000,0x00000000fdb80000,0x0000000100000000)
 ParOldGen       total 129024K, used 73995K [0x00000000c2a00000, 0x00000000ca800000, 0x00000000eb900000)
  object space 129024K, 57% used [0x00000000c2a00000,0x00000000c7242c38,0x00000000ca800000)
 Metaspace       used 23473K, capacity 24154K, committed 24192K, reserved 1071104K
  class space    used 2499K, capacity 2687K, committed 2688K, reserved 1048576K
Event: 48.664 GC heap after
Heap after GC invocations=19 (full 3):
 PSYoungGen      total 297984K, used 19408K [0x00000000eb900000, 0x0000000100000000, 0x0000000100000000)
  eden space 260608K, 0% used [0x00000000eb900000,0x00000000eb900000,0x00000000fb780000)
  from space 37376K, 51% used [0x00000000fdb80000,0x00000000fee74030,0x0000000100000000)
  to   space 36864K, 0% used [0x00000000fb780000,0x00000000fb780000,0x00000000fdb80000)
 ParOldGen       total 129024K, used 73995K [0x00000000c2a00000, 0x00000000ca800000, 0x00000000eb900000)
  object space 129024K, 57% used [0x00000000c2a00000,0x00000000c7242c38,0x00000000ca800000)
 Metaspace       used 23473K, capacity 24154K, committed 24192K, reserved 1071104K
  class space    used 2499K, capacity 2687K, committed 2688K, reserved 1048576K
}

