# JRE version: Java(TM) SE Runtime Environment (8.0_201-b09) (build 1.8.0_201-b09)
# Java VM: Java HotSpot(TM) 64-Bit Server VM (25.201-b09 mixed mode linux-amd64 compressed oops)
Heap:
 PSYoungGen      total 308224K, used 0K [0x00000000eb900000, 0x0000000100000000, 0x0000000100000000)
  eden space 291840K, 0% used [0x00000000eb900000,0x00000000eb900000,0x00000000fd600000)
  from space 16384K, 0% used [0x00000000ff000000,0x00000000ff000000,0x0000000100000000)
  to   space 21504K, 0% used [0x00000000fd600000,0x00000000fd600000,0x00000000feb00000)
 ParOldGen       total 66048K, used 58381K [0x00000000c2a00000, 0x00000000c6a80000, 0x00000000eb900000)
  object space 66048K, 88% used [0x00000000c2a00000,0x00000000c63034c0,0x00000000c6a80000)
 Metaspace       used 27343K, capacity 28086K, committed 28416K, reserved 1075200K
  class space    used 3255K, capacity 3465K, committed 3584K, reserved 1048576K
GC Heap History (10 events):
Event: 20.497 GC heap after
Heap after GC invocations=14 (full 1):
 PSYoungGen      total 320512K, used 11233K [0x00000000eb900000, 0x0000000100000000, 0x0000000100000000)
  eden space 309248K, 0% used [0x00000000eb900000,0x00000000eb900000,0x00000000fe700000)
  from space 11264K, 99% used [0x00000000fe700000,0x00000000ff1f8690,0x00000000ff200000)
  to   space 14336K, 0% used [0x00000000ff200000,0x00000000ff200000,0x0000000100000000)
 ParOldGen       total 42496K, used 30708K [0x00000000c2a00000, 0x00000000c5380000, 0x00000000eb900000)
  object space 42496K, 72% used [0x00000000c2a00000,0x00000000c47fd250,0x00000000c5380000)
 Metaspace       used 20688K, capacity 21094K, committed 21248K, reserved 1069056K
  class space    used 2311K, capacity 2435K, committed 2560K, reserved 1048576K
}
Event: 20.497 GC heap before
{Heap before GC invocations=15 (full 2):
 PSYoungGen      total 320512K, used 11233K [0x00000000eb900000, 0x0000000100000000, 0x0000000100000000)
  eden space 309248K, 0% used [0x00000000eb900000,0x00000000eb900000,0x00000000fe700000)
  from space 11264K, 99% used [0x00000000fe700000,0x00000000ff1f8690,0x00000000ff200000)
  to   space 14336K, 0% used [0x00000000ff200000,0x00000000ff200000,0x0000000100000000)
 ParOldGen       total 42496K, used 30708K [0x00000000c2a00000, 0x00000000c5380000, 0x00000000eb900000)
  object space 42496K, 72% used [0x00000000c2a00000,0x00000000c47fd250,0x00000000c5380000)
 Metaspace       used 20688K, capacity 21094K, committed 21248K, reserved 1069056K
  class space    used 2311K, capacity 2435K, committed 2560K, reserved 1048576K
Event: 21.163 GC heap after
Heap after GC invocations=15 (full 2):
 PSYoungGen      total 320512K, used 0K [0x00000000eb900000, 0x0000000100000000, 0x0000000100000000)
  eden space 309248K, 0% used [0x00000000eb900000,0x00000000eb900000,0x00000000fe700000)
  from space 11264K, 0% used [0x00000000fe700000,0x00000000fe700000,0x00000000ff200000)
  to   space 14336K, 0% used [0x00000000ff200000,0x00000000ff200000,0x0000000100000000)
 ParOldGen       total 66048K, used 31214K [0x00000000c2a00000, 0x00000000c6a80000, 0x00000000eb900000)
  object space 66048K, 47% used [0x00000000c2a00000,0x00000000c487ba80,0x00000000c6a80000)
 Metaspace       used 20688K, capacity 21094K, committed 21248K, reserved 1069056K
  class space    used 2311K, capacity 2435K, committed 2560K, reserved 1048576K
}
Event: 28.100 GC heap before
{Heap before GC invocations=16 (full 2):
 PSYoungGen      total 320512K, used 309248K [0x00000000eb900000, 0x0000000100000000, 0x0000000100000000)
  eden space 309248K, 100% used [0x00000000eb900000,0x00000000fe700000,0x00000000fe700000)
  from space 11264K, 0% used [0x00000000fe700000,0x00000000fe700000,0x00000000ff200000)
  to   space 14336K, 0% used [0x00000000ff200000,0x00000000ff200000,0x0000000100000000)
 ParOldGen       total 66048K, used 31214K [0x00000000c2a00000, 0x00000000c6a80000, 0x00000000eb900000)
  object space 66048K, 47% used [0x00000000c2a00000,0x00000000c487ba80,0x00000000c6a80000)
 Metaspace       used 23054K, capacity 23690K, committed 24064K, reserved 1071104K
  class space    used 2502K, capacity 2697K, committed 2816K, reserved 1048576K
Event: 28.307 GC heap after
Heap after GC invocations=16 (full 2):
 PSYoungGen      total 316416K, used 13417K [0x00000000eb900000, 0x0000000100000000, 0x0000000100000000)
  eden space 302080K, 0% used [0x00000000eb900000,0x00000000eb900000,0x00000000fe000000)
  from space 14336K, 93% used [0x00000000ff200000,0x00000000fff1a768,0x0000000100000000)
  to   space 16384K, 0% used [0x00000000fe000000,0x00000000fe000000,0x00000000ff000000)
 ParOldGen       total 66048K, used 31222K [0x00000000c2a00000, 0x00000000c6a80000, 0x00000000eb900000)
  object space 66048K, 47% used [0x00000000c2a00000,0x00000000c487da80,0x00000000c6a80000)
 Metaspace       used 23054K, capacity 23690K, committed 24064K, reserved 1071104K
  class space    used 2502K, capacity 2697K, committed 2816K, reserved 1048576K
}
Event: 38.722 GC heap before
{Heap before GC invocations=17 (full 2):
 PSYoungGen      total 316416K, used 315497K [0x00000000eb900000, 0x0000000100000000, 0x0000000100000000)
  eden space 302080K, 100% used [0x00000000eb900000,0x00000000fe000000,0x00000000fe000000)
  from space 14336K, 93% used [0x00000000ff200000,0x00000000fff1a768,0x0000000100000000)
  to   space 16384K, 0% used [0x00000000fe000000,0x00000000fe000000,0x00000000ff000000)
 ParOldGen       total 66048K, used 31222K [0x00000000c2a00000, 0x00000000c6a80000, 0x00000000eb900000)
  object space 66048K, 47% used [0x00000000c2a00000,0x00000000c487da80,0x00000000c6a80000)
 Metaspace       used 26992K, capacity 27728K, committed 27776K, reserved 1073152K
  class space    used 3238K, capacity 3427K, committed 3456K, reserved 1048576K
Event: 38.803 GC heap after
Heap after GC invocations=17 (full 2):
 PSYoungGen      total 318464K, used 16358K [0x00000000eb900000, 0x0000000100000000, 0x0000000100000000)
  eden space 302080K, 0% used [0x00000000eb900000,0x00000000eb900000,0x00000000fe000000)
  from space 16384K, 99% used [0x00000000fe000000,0x00000000feff9928,0x00000000ff000000)
  to   space 16384K, 0% used [0x00000000ff000000,0x00000000ff000000,0x0000000100000000)
 ParOldGen       total 66048K, used 40181K [0x00000000c2a00000, 0x00000000c6a80000, 0x00000000eb900000)
  object space 66048K, 60% used [0x00000000c2a00000,0x00000000c513d580,0x00000000c6a80000)
 Metaspace       used 26992K, capacity 27728K, committed 27776K, reserved 1073152K
  class space    used 3238K, capacity 3427K, committed 3456K, reserved 1048576K
}
Event: 43.578 GC heap before
{Heap before GC invocations=18 (full 2):
 PSYoungGen      total 318464K, used 318438K [0x00000000eb900000, 0x0000000100000000, 0x0000000100000000)
  eden space 302080K, 100% used [0x00000000eb900000,0x00000000fe000000,0x00000000fe000000)
  from space 16384K, 99% used [0x00000000fe000000,0x00000000feff9928,0x00000000ff000000)
  to   space 16384K, 0% used [0x00000000ff000000,0x00000000ff000000,0x0000000100000000)
 ParOldGen       total 66048K, used 40181K [0x00000000c2a00000, 0x00000000c6a80000, 0x00000000eb900000)
  object space 66048K, 60% used [0x00000000c2a00000,0x00000000c513d580,0x00000000c6a80000)
 Metaspace       used 27351K, capacity 28098K, committed 28416K, reserved 1075200K
  class space    used 3256K, capacity 3467K, committed 3584K, reserved 1048576K
Event: 43.841 GC heap after
Heap after GC invocations=18 (full 2):
 PSYoungGen      total 308224K, used 9011K [0x00000000eb900000, 0x0000000100000000, 0x0000000100000000)
  eden space 291840K, 0% used [0x00000000eb900000,0x00000000eb900000,0x00000000fd600000)
  from space 16384K, 55% used [0x00000000ff000000,0x00000000ff8cce10,0x0000000100000000)
  to   space 21504K, 0% used [0x00000000fd600000,0x00000000fd600000,0x00000000feb00000)
 ParOldGen       total 66048K, used 56095K [0x00000000c2a00000, 0x00000000c6a80000, 0x00000000eb900000)
  object space 66048K, 84% used [0x00000000c2a00000,0x00000000c60c7c60,0x00000000c6a80000)
 Metaspace       used 27351K, capacity 28098K, committed 28416K, reserved 1075200K
  class space    used 3256K, capacity 3467K, committed 3584K, reserved 1048576K
}
Event: 43.841 GC heap before
{Heap before GC invocations=19 (full 3):
 PSYoungGen      total 308224K, used 9011K [0x00000000eb900000, 0x0000000100000000, 0x0000000100000000)
  eden space 291840K, 0% used [0x00000000eb900000,0x00000000eb900000,0x00000000fd600000)
  from space 16384K, 55% used [0x00000000ff000000,0x00000000ff8cce10,0x0000000100000000)
  to   space 21504K, 0% used [0x00000000fd600000,0x00000000fd600000,0x00000000feb00000)
 ParOldGen       total 66048K, used 56095K [0x00000000c2a00000, 0x00000000c6a80000, 0x00000000eb900000)
  object space 66048K, 84% used [0x00000000c2a00000,0x00000000c60c7c60,0x00000000c6a80000)
 Metaspace       used 27351K, capacity 28098K, committed 28416K, reserved 1075200K
  class space    used 3256K, capacity 3467K, committed 3584K, reserved 1048576K

