# JRE version: Java(TM) SE Runtime Environment (8.0_201-b09) (build 1.8.0_201-b09)
# Java VM: Java HotSpot(TM) 64-Bit Server VM (25.201-b09 mixed mode linux-amd64 compressed oops)
Heap:
 PSYoungGen      total 253440K, used 480K [0x00000000eb900000, 0x00000000fb600000, 0x0000000100000000)
  eden space 247808K, 0% used [0x00000000eb900000,0x00000000eb900000,0x00000000fab00000)
  from space 5632K, 8% used [0x00000000fab00000,0x00000000fab78000,0x00000000fb080000)
  to   space 5632K, 0% used [0x00000000fb080000,0x00000000fb080000,0x00000000fb600000)
 ParOldGen       total 42496K, used 9611K [0x00000000c2a00000, 0x00000000c5380000, 0x00000000eb900000)
  object space 42496K, 22% used [0x00000000c2a00000,0x00000000c3362ed0,0x00000000c5380000)
 Metaspace       used 13795K, capacity 14224K, committed 14336K, reserved 1062912K
  class space    used 1594K, capacity 1710K, committed 1792K, reserved 1048576K
GC Heap History (10 events):
Event: 33.460 GC heap after
Heap after GC invocations=5 (full 1):
 PSYoungGen      total 66048K, used 2536K [0x00000000eb900000, 0x00000000efc00000, 0x0000000100000000)
  eden space 63488K, 0% used [0x00000000eb900000,0x00000000eb900000,0x00000000ef700000)
  from space 2560K, 99% used [0x00000000ef980000,0x00000000efbfa020,0x00000000efc00000)
  to   space 2560K, 0% used [0x00000000ef700000,0x00000000ef700000,0x00000000ef980000)
 ParOldGen       total 42496K, used 7013K [0x00000000c2a00000, 0x00000000c5380000, 0x00000000eb900000)
  object space 42496K, 16% used [0x00000000c2a00000,0x00000000c30d9478,0x00000000c5380000)
 Metaspace       used 13783K, capacity 14160K, committed 14336K, reserved 1062912K
  class space    used 1593K, capacity 1710K, committed 1792K, reserved 1048576K
}
Event: 33.973 GC heap before
{Heap before GC invocations=6 (full 1):
 PSYoungGen      total 66048K, used 66024K [0x00000000eb900000, 0x00000000efc00000, 0x0000000100000000)
  eden space 63488K, 100% used [0x00000000eb900000,0x00000000ef700000,0x00000000ef700000)
  from space 2560K, 99% used [0x00000000ef980000,0x00000000efbfa020,0x00000000efc00000)
  to   space 2560K, 0% used [0x00000000ef700000,0x00000000ef700000,0x00000000ef980000)
 ParOldGen       total 42496K, used 7013K [0x00000000c2a00000, 0x00000000c5380000, 0x00000000eb900000)
  object space 42496K, 16% used [0x00000000c2a00000,0x00000000c30d9478,0x00000000c5380000)
 Metaspace       used 13784K, capacity 14160K, committed 14336K, reserved 1062912K
  class space    used 1593K, capacity 1710K, committed 1792K, reserved 1048576K
Event: 33.986 GC heap after
Heap after GC invocations=6 (full 1):
 PSYoungGen      total 66048K, used 2518K [0x00000000eb900000, 0x00000000f3a00000, 0x0000000100000000)
  eden space 63488K, 0% used [0x00000000eb900000,0x00000000eb900000,0x00000000ef700000)
  from space 2560K, 98% used [0x00000000ef700000,0x00000000ef975810,0x00000000ef980000)
  to   space 2560K, 0% used [0x00000000f3780000,0x00000000f3780000,0x00000000f3a00000)
 ParOldGen       total 42496K, used 7101K [0x00000000c2a00000, 0x00000000c5380000, 0x00000000eb900000)
  object space 42496K, 16% used [0x00000000c2a00000,0x00000000c30ef488,0x00000000c5380000)
 Metaspace       used 13784K, capacity 14160K, committed 14336K, reserved 1062912K
  class space    used 1593K, capacity 1710K, committed 1792K, reserved 1048576K
}
Event: 34.398 GC heap before
{Heap before GC invocations=7 (full 1):
 PSYoungGen      total 66048K, used 66006K [0x00000000eb900000, 0x00000000f3a00000, 0x0000000100000000)
  eden space 63488K, 100% used [0x00000000eb900000,0x00000000ef700000,0x00000000ef700000)
  from space 2560K, 98% used [0x00000000ef700000,0x00000000ef975810,0x00000000ef980000)
  to   space 2560K, 0% used [0x00000000f3780000,0x00000000f3780000,0x00000000f3a00000)
 ParOldGen       total 42496K, used 7101K [0x00000000c2a00000, 0x00000000c5380000, 0x00000000eb900000)
  object space 42496K, 16% used [0x00000000c2a00000,0x00000000c30ef488,0x00000000c5380000)
 Metaspace       used 13785K, capacity 14160K, committed 14336K, reserved 1062912K
  class space    used 1593K, capacity 1710K, committed 1792K, reserved 1048576K
Event: 34.429 GC heap after
Heap after GC invocations=7 (full 1):
 PSYoungGen      total 126464K, used 2544K [0x00000000eb900000, 0x00000000f4000000, 0x0000000100000000)
  eden space 123904K, 0% used [0x00000000eb900000,0x00000000eb900000,0x00000000f3200000)
  from space 2560K, 99% used [0x00000000f3780000,0x00000000f39fc010,0x00000000f3a00000)
  to   space 5632K, 0% used [0x00000000f3200000,0x00000000f3200000,0x00000000f3780000)
 ParOldGen       total 42496K, used 7101K [0x00000000c2a00000, 0x00000000c5380000, 0x00000000eb900000)
  object space 42496K, 16% used [0x00000000c2a00000,0x00000000c30ef488,0x00000000c5380000)
 Metaspace       used 13785K, capacity 14160K, committed 14336K, reserved 1062912K
  class space    used 1593K, capacity 1710K, committed 1792K, reserved 1048576K
}
Event: 35.381 GC heap before
{Heap before GC invocations=8 (full 1):
 PSYoungGen      total 126464K, used 126448K [0x00000000eb900000, 0x00000000f4000000, 0x0000000100000000)
  eden space 123904K, 100% used [0x00000000eb900000,0x00000000f3200000,0x00000000f3200000)
  from space 2560K, 99% used [0x00000000f3780000,0x00000000f39fc010,0x00000000f3a00000)
  to   space 5632K, 0% used [0x00000000f3200000,0x00000000f3200000,0x00000000f3780000)
 ParOldGen       total 42496K, used 7101K [0x00000000c2a00000, 0x00000000c5380000, 0x00000000eb900000)
  object space 42496K, 16% used [0x00000000c2a00000,0x00000000c30ef488,0x00000000c5380000)
 Metaspace       used 13790K, capacity 14224K, committed 14336K, reserved 1062912K
  class space    used 1594K, capacity 1710K, committed 1792K, reserved 1048576K
Event: 35.395 GC heap after
Heap after GC invocations=8 (full 1):
 PSYoungGen      total 129536K, used 2646K [0x00000000eb900000, 0x00000000fb600000, 0x0000000100000000)
  eden space 123904K, 0% used [0x00000000eb900000,0x00000000eb900000,0x00000000f3200000)
  from space 5632K, 46% used [0x00000000f3200000,0x00000000f3495810,0x00000000f3780000)
  to   space 5632K, 0% used [0x00000000fb080000,0x00000000fb080000,0x00000000fb600000)
 ParOldGen       total 42496K, used 7101K [0x00000000c2a00000, 0x00000000c5380000, 0x00000000eb900000)
  object space 42496K, 16% used [0x00000000c2a00000,0x00000000c30ef488,0x00000000c5380000)
 Metaspace       used 13790K, capacity 14224K, committed 14336K, reserved 1062912K
  class space    used 1594K, capacity 1710K, committed 1792K, reserved 1048576K
}
Event: 35.910 GC heap before
{Heap before GC invocations=9 (full 1):
 PSYoungGen      total 129536K, used 126550K [0x00000000eb900000, 0x00000000fb600000, 0x0000000100000000)
  eden space 123904K, 100% used [0x00000000eb900000,0x00000000f3200000,0x00000000f3200000)
  from space 5632K, 46% used [0x00000000f3200000,0x00000000f3495810,0x00000000f3780000)
  to   space 5632K, 0% used [0x00000000fb080000,0x00000000fb080000,0x00000000fb600000)
 ParOldGen       total 42496K, used 7101K [0x00000000c2a00000, 0x00000000c5380000, 0x00000000eb900000)
  object space 42496K, 16% used [0x00000000c2a00000,0x00000000c30ef488,0x00000000c5380000)
 Metaspace       used 13792K, capacity 14224K, committed 14336K, reserved 1062912K
  class space    used 1594K, capacity 1710K, committed 1792K, reserved 1048576K
Event: 35.928 GC heap after
Heap after GC invocations=9 (full 1):
 PSYoungGen      total 253440K, used 896K [0x00000000eb900000, 0x00000000fb600000, 0x0000000100000000)
  eden space 247808K, 0% used [0x00000000eb900000,0x00000000eb900000,0x00000000fab00000)
  from space 5632K, 15% used [0x00000000fb080000,0x00000000fb160000,0x00000000fb600000)
  to   space 5632K, 0% used [0x00000000fab00000,0x00000000fab00000,0x00000000fb080000)
 ParOldGen       total 42496K, used 8971K [0x00000000c2a00000, 0x00000000c5380000, 0x00000000eb900000)
  object space 42496K, 21% used [0x00000000c2a00000,0x00000000c32c2ec0,0x00000000c5380000)
 Metaspace       used 13792K, capacity 14224K, committed 14336K, reserved 1062912K
  class space    used 1594K, capacity 1710K, committed 1792K, reserved 1048576K
}
Event: 37.590 GC heap before
{Heap before GC invocations=10 (full 1):
 PSYoungGen      total 253440K, used 248704K [0x00000000eb900000, 0x00000000fb600000, 0x0000000100000000)
  eden space 247808K, 100% used [0x00000000eb900000,0x00000000fab00000,0x00000000fab00000)
  from space 5632K, 15% used [0x00000000fb080000,0x00000000fb160000,0x00000000fb600000)
  to   space 5632K, 0% used [0x00000000fab00000,0x00000000fab00000,0x00000000fb080000)
 ParOldGen       total 42496K, used 8971K [0x00000000c2a00000, 0x00000000c5380000, 0x00000000eb900000)
  object space 42496K, 21% used [0x00000000c2a00000,0x00000000c32c2ec0,0x00000000c5380000)
 Metaspace       used 13795K, capacity 14224K, committed 14336K, reserved 1062912K
  class space    used 1594K, capacity 1710K, committed 1792K, reserved 1048576K

