# JRE version: Java(TM) SE Runtime Environment (8.0_201-b09) (build 1.8.0_201-b09)
# Java VM: Java HotSpot(TM) 64-Bit Server VM (25.201-b09 mixed mode linux-amd64 compressed oops)
Heap:
 PSYoungGen      total 302592K, used 93528K [0x00000000eb900000, 0x00000000ffe80000, 0x0000000100000000)
  eden space 274432K, 31% used [0x00000000eb900000,0x00000000f0c8e1b8,0x00000000fc500000)
  from space 28160K, 28% used [0x00000000fc500000,0x00000000fccc8000,0x00000000fe080000)
  to   space 26624K, 0% used [0x00000000fe480000,0x00000000fe480000,0x00000000ffe80000)
 ParOldGen       total 131584K, used 81145K [0x00000000c2a00000, 0x00000000caa80000, 0x00000000eb900000)
  object space 131584K, 61% used [0x00000000c2a00000,0x00000000c793e748,0x00000000caa80000)
 Metaspace       used 23784K, capacity 24482K, committed 24832K, reserved 1071104K
  class space    used 2516K, capacity 2699K, committed 2816K, reserved 1048576K
GC Heap History (10 events):
Event: 57.262 GC heap before
{Heap before GC invocations=18 (full 3):
 PSYoungGen      total 294400K, used 279975K [0x00000000eb900000, 0x0000000100000000, 0x0000000100000000)
  eden space 271360K, 100% used [0x00000000eb900000,0x00000000fc200000,0x00000000fc200000)
  from space 23040K, 37% used [0x00000000fe980000,0x00000000ff1e9ed8,0x0000000100000000)
  to   space 31744K, 0% used [0x00000000fc200000,0x00000000fc200000,0x00000000fe100000)
 ParOldGen       total 131584K, used 72792K [0x00000000c2a00000, 0x00000000caa80000, 0x00000000eb900000)
  object space 131584K, 55% used [0x00000000c2a00000,0x00000000c7116138,0x00000000caa80000)
 Metaspace       used 23502K, capacity 24154K, committed 24192K, reserved 1071104K
  class space    used 2508K, capacity 2687K, committed 2688K, reserved 1048576K
Event: 57.306 GC heap after
Heap after GC invocations=18 (full 3):
 PSYoungGen      total 303104K, used 2368K [0x00000000eb900000, 0x0000000100000000, 0x0000000100000000)
  eden space 271360K, 0% used [0x00000000eb900000,0x00000000eb900000,0x00000000fc200000)
  from space 31744K, 7% used [0x00000000fc200000,0x00000000fc450000,0x00000000fe100000)
  to   space 31744K, 0% used [0x00000000fe100000,0x00000000fe100000,0x0000000100000000)
 ParOldGen       total 131584K, used 81137K [0x00000000c2a00000, 0x00000000caa80000, 0x00000000eb900000)
  object space 131584K, 61% used [0x00000000c2a00000,0x00000000c793c748,0x00000000caa80000)
 Metaspace       used 23502K, capacity 24154K, committed 24192K, reserved 1071104K
  class space    used 2508K, capacity 2687K, committed 2688K, reserved 1048576K
}
Event: 59.175 GC heap before
{Heap before GC invocations=19 (full 3):
 PSYoungGen      total 303104K, used 273728K [0x00000000eb900000, 0x0000000100000000, 0x0000000100000000)
  eden space 271360K, 100% used [0x00000000eb900000,0x00000000fc200000,0x00000000fc200000)
  from space 31744K, 7% used [0x00000000fc200000,0x00000000fc450000,0x00000000fe100000)
  to   space 31744K, 0% used [0x00000000fe100000,0x00000000fe100000,0x0000000100000000)
 ParOldGen       total 131584K, used 81137K [0x00000000c2a00000, 0x00000000caa80000, 0x00000000eb900000)
  object space 131584K, 61% used [0x00000000c2a00000,0x00000000c793c748,0x00000000caa80000)
 Metaspace       used 23562K, capacity 24230K, committed 24576K, reserved 1071104K
  class space    used 2510K, capacity 2689K, committed 2816K, reserved 1048576K
Event: 59.191 GC heap after
Heap after GC invocations=19 (full 3):
 PSYoungGen      total 301056K, used 5600K [0x00000000eb900000, 0x00000000ffe00000, 0x0000000100000000)
  eden space 271360K, 0% used [0x00000000eb900000,0x00000000eb900000,0x00000000fc200000)
  from space 29696K, 18% used [0x00000000fe100000,0x00000000fe678000,0x00000000ffe00000)
  to   space 30720K, 0% used [0x00000000fc200000,0x00000000fc200000,0x00000000fe000000)
 ParOldGen       total 131584K, used 81137K [0x00000000c2a00000, 0x00000000caa80000, 0x00000000eb900000)
  object space 131584K, 61% used [0x00000000c2a00000,0x00000000c793c748,0x00000000caa80000)
 Metaspace       used 23562K, capacity 24230K, committed 24576K, reserved 1071104K
  class space    used 2510K, capacity 2689K, committed 2816K, reserved 1048576K
}
Event: 61.495 GC heap before
{Heap before GC invocations=20 (full 3):
 PSYoungGen      total 301056K, used 276960K [0x00000000eb900000, 0x00000000ffe00000, 0x0000000100000000)
  eden space 271360K, 100% used [0x00000000eb900000,0x00000000fc200000,0x00000000fc200000)
  from space 29696K, 18% used [0x00000000fe100000,0x00000000fe678000,0x00000000ffe00000)
  to   space 30720K, 0% used [0x00000000fc200000,0x00000000fc200000,0x00000000fe000000)
 ParOldGen       total 131584K, used 81137K [0x00000000c2a00000, 0x00000000caa80000, 0x00000000eb900000)
  object space 131584K, 61% used [0x00000000c2a00000,0x00000000c793c748,0x00000000caa80000)
 Metaspace       used 23582K, capacity 24242K, committed 24576K, reserved 1071104K
  class space    used 2511K, capacity 2691K, committed 2816K, reserved 1048576K
Event: 61.515 GC heap after
Heap after GC invocations=20 (full 3):
 PSYoungGen      total 302080K, used 6496K [0x00000000eb900000, 0x00000000fff00000, 0x0000000100000000)
  eden space 271360K, 0% used [0x00000000eb900000,0x00000000eb900000,0x00000000fc200000)
  from space 30720K, 21% used [0x00000000fc200000,0x00000000fc858000,0x00000000fe000000)
  to   space 29696K, 0% used [0x00000000fe200000,0x00000000fe200000,0x00000000fff00000)
 ParOldGen       total 131584K, used 81137K [0x00000000c2a00000, 0x00000000caa80000, 0x00000000eb900000)
  object space 131584K, 61% used [0x00000000c2a00000,0x00000000c793c748,0x00000000caa80000)
 Metaspace       used 23582K, capacity 24242K, committed 24576K, reserved 1071104K
  class space    used 2511K, capacity 2691K, committed 2816K, reserved 1048576K
}
Event: 63.447 GC heap before
{Heap before GC invocations=21 (full 3):
 PSYoungGen      total 302080K, used 277856K [0x00000000eb900000, 0x00000000fff00000, 0x0000000100000000)
  eden space 271360K, 100% used [0x00000000eb900000,0x00000000fc200000,0x00000000fc200000)
  from space 30720K, 21% used [0x00000000fc200000,0x00000000fc858000,0x00000000fe000000)
  to   space 29696K, 0% used [0x00000000fe200000,0x00000000fe200000,0x00000000fff00000)
 ParOldGen       total 131584K, used 81137K [0x00000000c2a00000, 0x00000000caa80000, 0x00000000eb900000)
  object space 131584K, 61% used [0x00000000c2a00000,0x00000000c793c748,0x00000000caa80000)
 Metaspace       used 23628K, capacity 24260K, committed 24576K, reserved 1071104K
  class space    used 2512K, capacity 2694K, committed 2816K, reserved 1048576K
Event: 63.467 GC heap after
Heap after GC invocations=21 (full 3):
 PSYoungGen      total 301056K, used 8704K [0x00000000eb900000, 0x00000000ffc00000, 0x0000000100000000)
  eden space 274432K, 0% used [0x00000000eb900000,0x00000000eb900000,0x00000000fc500000)
  from space 26624K, 32% used [0x00000000fe200000,0x00000000fea80000,0x00000000ffc00000)
  to   space 28160K, 0% used [0x00000000fc500000,0x00000000fc500000,0x00000000fe080000)
 ParOldGen       total 131584K, used 81137K [0x00000000c2a00000, 0x00000000caa80000, 0x00000000eb900000)
  object space 131584K, 61% used [0x00000000c2a00000,0x00000000c793c748,0x00000000caa80000)
 Metaspace       used 23628K, capacity 24260K, committed 24576K, reserved 1071104K
  class space    used 2512K, capacity 2694K, committed 2816K, reserved 1048576K
}
Event: 65.447 GC heap before
{Heap before GC invocations=22 (full 3):
 PSYoungGen      total 301056K, used 283136K [0x00000000eb900000, 0x00000000ffc00000, 0x0000000100000000)
  eden space 274432K, 100% used [0x00000000eb900000,0x00000000fc500000,0x00000000fc500000)
  from space 26624K, 32% used [0x00000000fe200000,0x00000000fea80000,0x00000000ffc00000)
  to   space 28160K, 0% used [0x00000000fc500000,0x00000000fc500000,0x00000000fe080000)
 ParOldGen       total 131584K, used 81137K [0x00000000c2a00000, 0x00000000caa80000, 0x00000000eb900000)
  object space 131584K, 61% used [0x00000000c2a00000,0x00000000c793c748,0x00000000caa80000)
 Metaspace       used 23752K, capacity 24400K, committed 24576K, reserved 1071104K
  class space    used 2515K, capacity 2696K, committed 2816K, reserved 1048576K
Event: 65.467 GC heap after
Heap after GC invocations=22 (full 3):
 PSYoungGen      total 302592K, used 7968K [0x00000000eb900000, 0x00000000ffe80000, 0x0000000100000000)
  eden space 274432K, 0% used [0x00000000eb900000,0x00000000eb900000,0x00000000fc500000)
  from space 28160K, 28% used [0x00000000fc500000,0x00000000fccc8000,0x00000000fe080000)
  to   space 26624K, 0% used [0x00000000fe480000,0x00000000fe480000,0x00000000ffe80000)
 ParOldGen       total 131584K, used 81145K [0x00000000c2a00000, 0x00000000caa80000, 0x00000000eb900000)
  object space 131584K, 61% used [0x00000000c2a00000,0x00000000c793e748,0x00000000caa80000)
 Metaspace       used 23752K, capacity 24400K, committed 24576K, reserved 1071104K
  class space    used 2515K, capacity 2696K, committed 2816K, reserved 1048576K
}

