# JRE version: Java(TM) SE Runtime Environment (8.0_201-b09) (build 1.8.0_201-b09)
# Java VM: Java HotSpot(TM) 64-Bit Server VM (25.201-b09 mixed mode linux-amd64 compressed oops)
Heap:
 PSYoungGen      total 123904K, used 4608K [0x00000000eb900000, 0x00000000f5d80000, 0x0000000100000000)
  eden space 114688K, 0% used [0x00000000eb900000,0x00000000eb900000,0x00000000f2900000)
  from space 9216K, 50% used [0x00000000f5480000,0x00000000f5900010,0x00000000f5d80000)
  to   space 7168K, 0% used [0x00000000f2900000,0x00000000f2900000,0x00000000f3000000)
 ParOldGen       total 42496K, used 26273K [0x00000000c2a00000, 0x00000000c5380000, 0x00000000eb900000)
  object space 42496K, 61% used [0x00000000c2a00000,0x00000000c43a8438,0x00000000c5380000)
 Metaspace       used 14688K, capacity 15110K, committed 15360K, reserved 1062912K
  class space    used 1611K, capacity 1723K, committed 1792K, reserved 1048576K
GC Heap History (10 events):
Event: 55.105 GC heap after
Heap after GC invocations=8 (full 1):
 PSYoungGen      total 34304K, used 4544K [0x00000000eb900000, 0x00000000efd00000, 0x0000000100000000)
  eden space 29184K, 0% used [0x00000000eb900000,0x00000000eb900000,0x00000000ed580000)
  from space 5120K, 88% used [0x00000000ed580000,0x00000000ed9f0010,0x00000000eda80000)
  to   space 5632K, 0% used [0x00000000ef780000,0x00000000ef780000,0x00000000efd00000)
 ParOldGen       total 42496K, used 10110K [0x00000000c2a00000, 0x00000000c5380000, 0x00000000eb900000)
  object space 42496K, 23% used [0x00000000c2a00000,0x00000000c33df848,0x00000000c5380000)
 Metaspace       used 13665K, capacity 14002K, committed 14336K, reserved 1062912K
  class space    used 1564K, capacity 1663K, committed 1792K, reserved 1048576K
}
Event: 55.446 GC heap before
{Heap before GC invocations=9 (full 1):
 PSYoungGen      total 34304K, used 33728K [0x00000000eb900000, 0x00000000efd00000, 0x0000000100000000)
  eden space 29184K, 100% used [0x00000000eb900000,0x00000000ed580000,0x00000000ed580000)
  from space 5120K, 88% used [0x00000000ed580000,0x00000000ed9f0010,0x00000000eda80000)
  to   space 5632K, 0% used [0x00000000ef780000,0x00000000ef780000,0x00000000efd00000)
 ParOldGen       total 42496K, used 10110K [0x00000000c2a00000, 0x00000000c5380000, 0x00000000eb900000)
  object space 42496K, 23% used [0x00000000c2a00000,0x00000000c33df848,0x00000000c5380000)
 Metaspace       used 13682K, capacity 14002K, committed 14336K, reserved 1062912K
  class space    used 1565K, capacity 1663K, committed 1792K, reserved 1048576K
Event: 55.487 GC heap after
Heap after GC invocations=9 (full 1):
 PSYoungGen      total 64000K, used 4896K [0x00000000eb900000, 0x00000000efd00000, 0x0000000100000000)
  eden space 58368K, 0% used [0x00000000eb900000,0x00000000eb900000,0x00000000ef200000)
  from space 5632K, 86% used [0x00000000ef780000,0x00000000efc480a0,0x00000000efd00000)
  to   space 5632K, 0% used [0x00000000ef200000,0x00000000ef200000,0x00000000ef780000)
 ParOldGen       total 42496K, used 11258K [0x00000000c2a00000, 0x00000000c5380000, 0x00000000eb900000)
  object space 42496K, 26% used [0x00000000c2a00000,0x00000000c34fe888,0x00000000c5380000)
 Metaspace       used 13682K, capacity 14002K, committed 14336K, reserved 1062912K
  class space    used 1565K, capacity 1663K, committed 1792K, reserved 1048576K
}
Event: 56.610 GC heap before
{Heap before GC invocations=10 (full 1):
 PSYoungGen      total 64000K, used 63264K [0x00000000eb900000, 0x00000000efd00000, 0x0000000100000000)
  eden space 58368K, 100% used [0x00000000eb900000,0x00000000ef200000,0x00000000ef200000)
  from space 5632K, 86% used [0x00000000ef780000,0x00000000efc480a0,0x00000000efd00000)
  to   space 5632K, 0% used [0x00000000ef200000,0x00000000ef200000,0x00000000ef780000)
 ParOldGen       total 42496K, used 11258K [0x00000000c2a00000, 0x00000000c5380000, 0x00000000eb900000)
  object space 42496K, 26% used [0x00000000c2a00000,0x00000000c34fe888,0x00000000c5380000)
 Metaspace       used 13694K, capacity 14066K, committed 14336K, reserved 1062912K
  class space    used 1565K, capacity 1663K, committed 1792K, reserved 1048576K
Event: 56.698 GC heap after
Heap after GC invocations=10 (full 1):
 PSYoungGen      total 64000K, used 5600K [0x00000000eb900000, 0x00000000f3800000, 0x0000000100000000)
  eden space 58368K, 0% used [0x00000000eb900000,0x00000000eb900000,0x00000000ef200000)
  from space 5632K, 99% used [0x00000000ef200000,0x00000000ef778090,0x00000000ef780000)
  to   space 6656K, 0% used [0x00000000f3180000,0x00000000f3180000,0x00000000f3800000)
 ParOldGen       total 42496K, used 12991K [0x00000000c2a00000, 0x00000000c5380000, 0x00000000eb900000)
  object space 42496K, 30% used [0x00000000c2a00000,0x00000000c36aff28,0x00000000c5380000)
 Metaspace       used 13694K, capacity 14066K, committed 14336K, reserved 1062912K
  class space    used 1565K, capacity 1663K, committed 1792K, reserved 1048576K
}
Event: 57.235 GC heap before
{Heap before GC invocations=11 (full 1):
 PSYoungGen      total 64000K, used 63968K [0x00000000eb900000, 0x00000000f3800000, 0x0000000100000000)
  eden space 58368K, 100% used [0x00000000eb900000,0x00000000ef200000,0x00000000ef200000)
  from space 5632K, 99% used [0x00000000ef200000,0x00000000ef778090,0x00000000ef780000)
  to   space 6656K, 0% used [0x00000000f3180000,0x00000000f3180000,0x00000000f3800000)
 ParOldGen       total 42496K, used 12991K [0x00000000c2a00000, 0x00000000c5380000, 0x00000000eb900000)
  object space 42496K, 30% used [0x00000000c2a00000,0x00000000c36aff28,0x00000000c5380000)
 Metaspace       used 13722K, capacity 14066K, committed 14336K, reserved 1062912K
  class space    used 1565K, capacity 1663K, committed 1792K, reserved 1048576K
Event: 57.279 GC heap after
Heap after GC invocations=11 (full 1):
 PSYoungGen      total 99328K, used 5568K [0x00000000eb900000, 0x00000000f3700000, 0x0000000100000000)
  eden space 93696K, 0% used [0x00000000eb900000,0x00000000eb900000,0x00000000f1480000)
  from space 5632K, 98% used [0x00000000f3180000,0x00000000f36f00a0,0x00000000f3700000)
  to   space 7168K, 0% used [0x00000000f2900000,0x00000000f2900000,0x00000000f3000000)
 ParOldGen       total 42496K, used 15135K [0x00000000c2a00000, 0x00000000c5380000, 0x00000000eb900000)
  object space 42496K, 35% used [0x00000000c2a00000,0x00000000c38c7f48,0x00000000c5380000)
 Metaspace       used 13722K, capacity 14066K, committed 14336K, reserved 1062912K
  class space    used 1565K, capacity 1663K, committed 1792K, reserved 1048576K
}
Event: 58.292 GC heap before
{Heap before GC invocations=12 (full 1):
 PSYoungGen      total 99328K, used 99264K [0x00000000eb900000, 0x00000000f3700000, 0x0000000100000000)
  eden space 93696K, 100% used [0x00000000eb900000,0x00000000f1480000,0x00000000f1480000)
  from space 5632K, 98% used [0x00000000f3180000,0x00000000f36f00a0,0x00000000f3700000)
  to   space 7168K, 0% used [0x00000000f2900000,0x00000000f2900000,0x00000000f3000000)
 ParOldGen       total 42496K, used 15135K [0x00000000c2a00000, 0x00000000c5380000, 0x00000000eb900000)
  object space 42496K, 35% used [0x00000000c2a00000,0x00000000c38c7f48,0x00000000c5380000)
 Metaspace       used 13777K, capacity 14130K, committed 14336K, reserved 1062912K
  class space    used 1565K, capacity 1663K, committed 1792K, reserved 1048576K
Event: 58.343 GC heap after
Heap after GC invocations=12 (full 1):
 PSYoungGen      total 121856K, used 7136K [0x00000000eb900000, 0x00000000f5d80000, 0x0000000100000000)
  eden space 114688K, 0% used [0x00000000eb900000,0x00000000eb900000,0x00000000f2900000)
  from space 7168K, 99% used [0x00000000f2900000,0x00000000f2ff8120,0x00000000f3000000)
  to   space 9216K, 0% used [0x00000000f5480000,0x00000000f5480000,0x00000000f5d80000)
 ParOldGen       total 42496K, used 19116K [0x00000000c2a00000, 0x00000000c5380000, 0x00000000eb900000)
  object space 42496K, 44% used [0x00000000c2a00000,0x00000000c3cab288,0x00000000c5380000)
 Metaspace       used 13777K, capacity 14130K, committed 14336K, reserved 1062912K
  class space    used 1565K, capacity 1663K, committed 1792K, reserved 1048576K
}
Event: 82.304 GC heap before
{Heap before GC invocations=13 (full 1):
 PSYoungGen      total 121856K, used 121824K [0x00000000eb900000, 0x00000000f5d80000, 0x0000000100000000)
  eden space 114688K, 100% used [0x00000000eb900000,0x00000000f2900000,0x00000000f2900000)
  from space 7168K, 99% used [0x00000000f2900000,0x00000000f2ff8120,0x00000000f3000000)
  to   space 9216K, 0% used [0x00000000f5480000,0x00000000f5480000,0x00000000f5d80000)
 ParOldGen       total 42496K, used 19116K [0x00000000c2a00000, 0x00000000c5380000, 0x00000000eb900000)
  object space 42496K, 44% used [0x00000000c2a00000,0x00000000c3cab288,0x00000000c5380000)
 Metaspace       used 14688K, capacity 15110K, committed 15360K, reserved 1062912K
  class space    used 1611K, capacity 1723K, committed 1792K, reserved 1048576K

