# JRE version: Java(TM) SE Runtime Environment (8.0_201-b09) (build 1.8.0_201-b09)
# Java VM: Java HotSpot(TM) 64-Bit Server VM (25.201-b09 mixed mode linux-amd64 compressed oops)
Heap:
 PSYoungGen      total 31232K, used 128K [0x00000000eb900000, 0x00000000edd00000, 0x0000000100000000)
  eden space 26112K, 0% used [0x00000000eb900000,0x00000000eb900000,0x00000000ed280000)
  from space 5120K, 2% used [0x00000000ed280000,0x00000000ed2a0000,0x00000000ed780000)
  to   space 4608K, 0% used [0x00000000ed780000,0x00000000ed780000,0x00000000edc00000)
 ParOldGen       total 42496K, used 7655K [0x00000000c2a00000, 0x00000000c5380000, 0x00000000eb900000)
  object space 42496K, 18% used [0x00000000c2a00000,0x00000000c3179c80,0x00000000c5380000)
 Metaspace       used 13750K, capacity 14154K, committed 14336K, reserved 1062912K
  class space    used 1591K, capacity 1709K, committed 1792K, reserved 1048576K
GC Heap History (10 events):
Event: 40.384 GC heap after
Heap after GC invocations=5 (full 1):
 PSYoungGen      total 18432K, used 2540K [0x00000000eb900000, 0x00000000ecd80000, 0x0000000100000000)
  eden space 15872K, 0% used [0x00000000eb900000,0x00000000eb900000,0x00000000ec880000)
  from space 2560K, 99% used [0x00000000ecb00000,0x00000000ecd7b010,0x00000000ecd80000)
  to   space 2560K, 0% used [0x00000000ec880000,0x00000000ec880000,0x00000000ecb00000)
 ParOldGen       total 42496K, used 4348K [0x00000000c2a00000, 0x00000000c5380000, 0x00000000eb900000)
  object space 42496K, 10% used [0x00000000c2a00000,0x00000000c2e3f320,0x00000000c5380000)
 Metaspace       used 13659K, capacity 14090K, committed 14336K, reserved 1062912K
  class space    used 1590K, capacity 1709K, committed 1792K, reserved 1048576K
}
Event: 42.167 GC heap before
{Heap before GC invocations=6 (full 1):
 PSYoungGen      total 18432K, used 18412K [0x00000000eb900000, 0x00000000ecd80000, 0x0000000100000000)
  eden space 15872K, 100% used [0x00000000eb900000,0x00000000ec880000,0x00000000ec880000)
  from space 2560K, 99% used [0x00000000ecb00000,0x00000000ecd7b010,0x00000000ecd80000)
  to   space 2560K, 0% used [0x00000000ec880000,0x00000000ec880000,0x00000000ecb00000)
 ParOldGen       total 42496K, used 4348K [0x00000000c2a00000, 0x00000000c5380000, 0x00000000eb900000)
  object space 42496K, 10% used [0x00000000c2a00000,0x00000000c2e3f320,0x00000000c5380000)
 Metaspace       used 13746K, capacity 14154K, committed 14336K, reserved 1062912K
  class space    used 1591K, capacity 1709K, committed 1792K, reserved 1048576K
Event: 42.179 GC heap after
Heap after GC invocations=6 (full 1):
 PSYoungGen      total 18432K, used 2544K [0x00000000eb900000, 0x00000000ecd80000, 0x0000000100000000)
  eden space 15872K, 0% used [0x00000000eb900000,0x00000000eb900000,0x00000000ec880000)
  from space 2560K, 99% used [0x00000000ec880000,0x00000000ecafc010,0x00000000ecb00000)
  to   space 2560K, 0% used [0x00000000ecb00000,0x00000000ecb00000,0x00000000ecd80000)
 ParOldGen       total 42496K, used 5074K [0x00000000c2a00000, 0x00000000c5380000, 0x00000000eb900000)
  object space 42496K, 11% used [0x00000000c2a00000,0x00000000c2ef4b40,0x00000000c5380000)
 Metaspace       used 13746K, capacity 14154K, committed 14336K, reserved 1062912K
  class space    used 1591K, capacity 1709K, committed 1792K, reserved 1048576K
}
Event: 42.371 GC heap before
{Heap before GC invocations=7 (full 1):
 PSYoungGen      total 18432K, used 18416K [0x00000000eb900000, 0x00000000ecd80000, 0x0000000100000000)
  eden space 15872K, 100% used [0x00000000eb900000,0x00000000ec880000,0x00000000ec880000)
  from space 2560K, 99% used [0x00000000ec880000,0x00000000ecafc010,0x00000000ecb00000)
  to   space 2560K, 0% used [0x00000000ecb00000,0x00000000ecb00000,0x00000000ecd80000)
 ParOldGen       total 42496K, used 5074K [0x00000000c2a00000, 0x00000000c5380000, 0x00000000eb900000)
  object space 42496K, 11% used [0x00000000c2a00000,0x00000000c2ef4b40,0x00000000c5380000)
 Metaspace       used 13747K, capacity 14154K, committed 14336K, reserved 1062912K
  class space    used 1591K, capacity 1709K, committed 1792K, reserved 1048576K
Event: 42.375 GC heap after
Heap after GC invocations=7 (full 1):
 PSYoungGen      total 15872K, used 2528K [0x00000000eb900000, 0x00000000ee200000, 0x0000000100000000)
  eden space 13312K, 0% used [0x00000000eb900000,0x00000000eb900000,0x00000000ec600000)
  from space 2560K, 98% used [0x00000000ecb00000,0x00000000ecd78020,0x00000000ecd80000)
  to   space 5120K, 0% used [0x00000000ec600000,0x00000000ec600000,0x00000000ecb00000)
 ParOldGen       total 42496K, used 5098K [0x00000000c2a00000, 0x00000000c5380000, 0x00000000eb900000)
  object space 42496K, 11% used [0x00000000c2a00000,0x00000000c2efab40,0x00000000c5380000)
 Metaspace       used 13747K, capacity 14154K, committed 14336K, reserved 1062912K
  class space    used 1591K, capacity 1709K, committed 1792K, reserved 1048576K
}
Event: 42.626 GC heap before
{Heap before GC invocations=8 (full 1):
 PSYoungGen      total 15872K, used 15840K [0x00000000eb900000, 0x00000000ee200000, 0x0000000100000000)
  eden space 13312K, 100% used [0x00000000eb900000,0x00000000ec600000,0x00000000ec600000)
  from space 2560K, 98% used [0x00000000ecb00000,0x00000000ecd78020,0x00000000ecd80000)
  to   space 5120K, 0% used [0x00000000ec600000,0x00000000ec600000,0x00000000ecb00000)
 ParOldGen       total 42496K, used 5098K [0x00000000c2a00000, 0x00000000c5380000, 0x00000000eb900000)
  object space 42496K, 11% used [0x00000000c2a00000,0x00000000c2efab40,0x00000000c5380000)
 Metaspace       used 13747K, capacity 14154K, committed 14336K, reserved 1062912K
  class space    used 1591K, capacity 1709K, committed 1792K, reserved 1048576K
Event: 42.907 GC heap after
Heap after GC invocations=8 (full 1):
 PSYoungGen      total 18432K, used 2608K [0x00000000eb900000, 0x00000000edc00000, 0x0000000100000000)
  eden space 13312K, 0% used [0x00000000eb900000,0x00000000eb900000,0x00000000ec600000)
  from space 5120K, 50% used [0x00000000ec600000,0x00000000ec88c030,0x00000000ecb00000)
  to   space 4608K, 0% used [0x00000000ed780000,0x00000000ed780000,0x00000000edc00000)
 ParOldGen       total 42496K, used 5106K [0x00000000c2a00000, 0x00000000c5380000, 0x00000000eb900000)
  object space 42496K, 12% used [0x00000000c2a00000,0x00000000c2efcb40,0x00000000c5380000)
 Metaspace       used 13747K, capacity 14154K, committed 14336K, reserved 1062912K
  class space    used 1591K, capacity 1709K, committed 1792K, reserved 1048576K
}
Event: 42.968 GC heap before
{Heap before GC invocations=9 (full 1):
 PSYoungGen      total 18432K, used 15920K [0x00000000eb900000, 0x00000000edc00000, 0x0000000100000000)
  eden space 13312K, 100% used [0x00000000eb900000,0x00000000ec600000,0x00000000ec600000)
  from space 5120K, 50% used [0x00000000ec600000,0x00000000ec88c030,0x00000000ecb00000)
  to   space 4608K, 0% used [0x00000000ed780000,0x00000000ed780000,0x00000000edc00000)
 ParOldGen       total 42496K, used 5106K [0x00000000c2a00000, 0x00000000c5380000, 0x00000000eb900000)
  object space 42496K, 12% used [0x00000000c2a00000,0x00000000c2efcb40,0x00000000c5380000)
 Metaspace       used 13748K, capacity 14154K, committed 14336K, reserved 1062912K
  class space    used 1591K, capacity 1709K, committed 1792K, reserved 1048576K
Event: 43.013 GC heap after
Heap after GC invocations=9 (full 1):
 PSYoungGen      total 30720K, used 1152K [0x00000000eb900000, 0x00000000edd00000, 0x0000000100000000)
  eden space 26112K, 0% used [0x00000000eb900000,0x00000000eb900000,0x00000000ed280000)
  from space 4608K, 25% used [0x00000000ed780000,0x00000000ed8a0000,0x00000000edc00000)
  to   space 5120K, 0% used [0x00000000ed280000,0x00000000ed280000,0x00000000ed780000)
 ParOldGen       total 42496K, used 6579K [0x00000000c2a00000, 0x00000000c5380000, 0x00000000eb900000)
  object space 42496K, 15% used [0x00000000c2a00000,0x00000000c306cc50,0x00000000c5380000)
 Metaspace       used 13748K, capacity 14154K, committed 14336K, reserved 1062912K
  class space    used 1591K, capacity 1709K, committed 1792K, reserved 1048576K
}
Event: 43.734 GC heap before
{Heap before GC invocations=10 (full 1):
 PSYoungGen      total 30720K, used 27264K [0x00000000eb900000, 0x00000000edd00000, 0x0000000100000000)
  eden space 26112K, 100% used [0x00000000eb900000,0x00000000ed280000,0x00000000ed280000)
  from space 4608K, 25% used [0x00000000ed780000,0x00000000ed8a0000,0x00000000edc00000)
  to   space 5120K, 0% used [0x00000000ed280000,0x00000000ed280000,0x00000000ed780000)
 ParOldGen       total 42496K, used 6579K [0x00000000c2a00000, 0x00000000c5380000, 0x00000000eb900000)
  object space 42496K, 15% used [0x00000000c2a00000,0x00000000c306cc50,0x00000000c5380000)
 Metaspace       used 13750K, capacity 14154K, committed 14336K, reserved 1062912K
  class space    used 1591K, capacity 1709K, committed 1792K, reserved 1048576K

