# JRE version: Java(TM) SE Runtime Environment (8.0_201-b09) (build 1.8.0_201-b09)
# Java VM: Java HotSpot(TM) 64-Bit Server VM (25.201-b09 mixed mode linux-amd64 compressed oops)
Heap:
 PSYoungGen      total 267264K, used 193629K [0x00000000eb900000, 0x0000000100000000, 0x0000000100000000)
  eden space 207872K, 64% used [0x00000000eb900000,0x00000000f3c6fff8,0x00000000f8400000)
  from space 59392K, 99% used [0x00000000f8400000,0x00000000fbda7450,0x00000000fbe00000)
  to   space 67584K, 0% used [0x00000000fbe00000,0x00000000fbe00000,0x0000000100000000)
 ParOldGen       total 92672K, used 50594K [0x00000000c2a00000, 0x00000000c8480000, 0x00000000eb900000)
  object space 92672K, 54% used [0x00000000c2a00000,0x00000000c5b68ab0,0x00000000c8480000)
 Metaspace       used 30803K, capacity 31490K, committed 31872K, reserved 1077248K
  class space    used 3174K, capacity 3358K, committed 3456K, reserved 1048576K
GC Heap History (10 events):
Event: 150.312 GC heap before
{Heap before GC invocations=38 (full 3):
 PSYoungGen      total 278528K, used 231898K [0x00000000eb900000, 0x0000000100000000, 0x0000000100000000)
  eden space 222208K, 100% used [0x00000000eb900000,0x00000000f9200000,0x00000000f9200000)
  from space 56320K, 17% used [0x00000000fc900000,0x00000000fd276848,0x0000000100000000)
  to   space 56320K, 0% used [0x00000000f9200000,0x00000000f9200000,0x00000000fc900000)
 ParOldGen       total 92672K, used 50562K [0x00000000c2a00000, 0x00000000c8480000, 0x00000000eb900000)
  object space 92672K, 54% used [0x00000000c2a00000,0x00000000c5b60ab0,0x00000000c8480000)
 Metaspace       used 20988K, capacity 21564K, committed 21888K, reserved 1069056K
  class space    used 2164K, capacity 2312K, committed 2432K, reserved 1048576K
Event: 150.341 GC heap after
Heap after GC invocations=38 (full 3):
 PSYoungGen      total 235008K, used 12384K [0x00000000eb900000, 0x00000000fff00000, 0x0000000100000000)
  eden space 222208K, 0% used [0x00000000eb900000,0x00000000eb900000,0x00000000f9200000)
  from space 12800K, 96% used [0x00000000f9200000,0x00000000f9e18120,0x00000000f9e80000)
  to   space 55808K, 0% used [0x00000000fc880000,0x00000000fc880000,0x00000000fff00000)
 ParOldGen       total 92672K, used 50570K [0x00000000c2a00000, 0x00000000c8480000, 0x00000000eb900000)
  object space 92672K, 54% used [0x00000000c2a00000,0x00000000c5b62ab0,0x00000000c8480000)
 Metaspace       used 20988K, capacity 21564K, committed 21888K, reserved 1069056K
  class space    used 2164K, capacity 2312K, committed 2432K, reserved 1048576K
}
Event: 152.768 GC heap before
{Heap before GC invocations=39 (full 3):
 PSYoungGen      total 235008K, used 234592K [0x00000000eb900000, 0x00000000fff00000, 0x0000000100000000)
  eden space 222208K, 100% used [0x00000000eb900000,0x00000000f9200000,0x00000000f9200000)
  from space 12800K, 96% used [0x00000000f9200000,0x00000000f9e18120,0x00000000f9e80000)
  to   space 55808K, 0% used [0x00000000fc880000,0x00000000fc880000,0x00000000fff00000)
 ParOldGen       total 92672K, used 50570K [0x00000000c2a00000, 0x00000000c8480000, 0x00000000eb900000)
  object space 92672K, 54% used [0x00000000c2a00000,0x00000000c5b62ab0,0x00000000c8480000)
 Metaspace       used 21022K, capacity 21564K, committed 21888K, reserved 1069056K
  class space    used 2167K, capacity 2312K, committed 2432K, reserved 1048576K
Event: 152.795 GC heap after
Heap after GC invocations=39 (full 3):
 PSYoungGen      total 279552K, used 17480K [0x00000000eb900000, 0x0000000100000000, 0x0000000100000000)
  eden space 223744K, 0% used [0x00000000eb900000,0x00000000eb900000,0x00000000f9380000)
  from space 55808K, 31% used [0x00000000fc880000,0x00000000fd992298,0x00000000fff00000)
  to   space 54272K, 0% used [0x00000000f9380000,0x00000000f9380000,0x00000000fc880000)
 ParOldGen       total 92672K, used 50570K [0x00000000c2a00000, 0x00000000c8480000, 0x00000000eb900000)
  object space 92672K, 54% used [0x00000000c2a00000,0x00000000c5b62ab0,0x00000000c8480000)
 Metaspace       used 21022K, capacity 21564K, committed 21888K, reserved 1069056K
  class space    used 2167K, capacity 2312K, committed 2432K, reserved 1048576K
}
Event: 158.300 GC heap before
{Heap before GC invocations=40 (full 3):
 PSYoungGen      total 279552K, used 241224K [0x00000000eb900000, 0x0000000100000000, 0x0000000100000000)
  eden space 223744K, 100% used [0x00000000eb900000,0x00000000f9380000,0x00000000f9380000)
  from space 55808K, 31% used [0x00000000fc880000,0x00000000fd992298,0x00000000fff00000)
  to   space 54272K, 0% used [0x00000000f9380000,0x00000000f9380000,0x00000000fc880000)
 ParOldGen       total 92672K, used 50570K [0x00000000c2a00000, 0x00000000c8480000, 0x00000000eb900000)
  object space 92672K, 54% used [0x00000000c2a00000,0x00000000c5b62ab0,0x00000000c8480000)
 Metaspace       used 27367K, capacity 27938K, committed 28160K, reserved 1075200K
  class space    used 2822K, capacity 2985K, committed 3072K, reserved 1048576K
Event: 158.381 GC heap after
Heap after GC invocations=40 (full 3):
 PSYoungGen      total 278016K, used 38004K [0x00000000eb900000, 0x0000000100000000, 0x0000000100000000)
  eden space 223744K, 0% used [0x00000000eb900000,0x00000000eb900000,0x00000000f9380000)
  from space 54272K, 70% used [0x00000000f9380000,0x00000000fb89d128,0x00000000fc880000)
  to   space 56320K, 0% used [0x00000000fc900000,0x00000000fc900000,0x0000000100000000)
 ParOldGen       total 92672K, used 50578K [0x00000000c2a00000, 0x00000000c8480000, 0x00000000eb900000)
  object space 92672K, 54% used [0x00000000c2a00000,0x00000000c5b64ab0,0x00000000c8480000)
 Metaspace       used 27367K, capacity 27938K, committed 28160K, reserved 1075200K
  class space    used 2822K, capacity 2985K, committed 3072K, reserved 1048576K
}
Event: 162.204 GC heap before
{Heap before GC invocations=41 (full 3):
 PSYoungGen      total 278016K, used 261748K [0x00000000eb900000, 0x0000000100000000, 0x0000000100000000)
  eden space 223744K, 100% used [0x00000000eb900000,0x00000000f9380000,0x00000000f9380000)
  from space 54272K, 70% used [0x00000000f9380000,0x00000000fb89d128,0x00000000fc880000)
  to   space 56320K, 0% used [0x00000000fc900000,0x00000000fc900000,0x0000000100000000)
 ParOldGen       total 92672K, used 50578K [0x00000000c2a00000, 0x00000000c8480000, 0x00000000eb900000)
  object space 92672K, 54% used [0x00000000c2a00000,0x00000000c5b64ab0,0x00000000c8480000)
 Metaspace       used 27711K, capacity 28322K, committed 28672K, reserved 1075200K
  class space    used 2823K, capacity 2985K, committed 3072K, reserved 1048576K
Event: 162.333 GC heap after
Heap after GC invocations=41 (full 3):
 PSYoungGen      total 264192K, used 53822K [0x00000000eb900000, 0x0000000100000000, 0x0000000100000000)
  eden space 207872K, 0% used [0x00000000eb900000,0x00000000eb900000,0x00000000f8400000)
  from space 56320K, 95% used [0x00000000fc900000,0x00000000ffd8f938,0x0000000100000000)
  to   space 63488K, 0% used [0x00000000f8400000,0x00000000f8400000,0x00000000fc200000)
 ParOldGen       total 92672K, used 50586K [0x00000000c2a00000, 0x00000000c8480000, 0x00000000eb900000)
  object space 92672K, 54% used [0x00000000c2a00000,0x00000000c5b66ab0,0x00000000c8480000)
 Metaspace       used 27711K, capacity 28322K, committed 28672K, reserved 1075200K
  class space    used 2823K, capacity 2985K, committed 3072K, reserved 1048576K
}
Event: 166.285 GC heap before
{Heap before GC invocations=42 (full 3):
 PSYoungGen      total 264192K, used 261694K [0x00000000eb900000, 0x0000000100000000, 0x0000000100000000)
  eden space 207872K, 100% used [0x00000000eb900000,0x00000000f8400000,0x00000000f8400000)
  from space 56320K, 95% used [0x00000000fc900000,0x00000000ffd8f938,0x0000000100000000)
  to   space 63488K, 0% used [0x00000000f8400000,0x00000000f8400000,0x00000000fc200000)
 ParOldGen       total 92672K, used 50586K [0x00000000c2a00000, 0x00000000c8480000, 0x00000000eb900000)
  object space 92672K, 54% used [0x00000000c2a00000,0x00000000c5b66ab0,0x00000000c8480000)
 Metaspace       used 27784K, capacity 28390K, committed 28672K, reserved 1075200K
  class space    used 2823K, capacity 2985K, committed 3072K, reserved 1048576K
Event: 166.411 GC heap after
Heap after GC invocations=42 (full 3):
 PSYoungGen      total 267264K, used 59037K [0x00000000eb900000, 0x0000000100000000, 0x0000000100000000)
  eden space 207872K, 0% used [0x00000000eb900000,0x00000000eb900000,0x00000000f8400000)
  from space 59392K, 99% used [0x00000000f8400000,0x00000000fbda7450,0x00000000fbe00000)
  to   space 67584K, 0% used [0x00000000fbe00000,0x00000000fbe00000,0x0000000100000000)
 ParOldGen       total 92672K, used 50594K [0x00000000c2a00000, 0x00000000c8480000, 0x00000000eb900000)
  object space 92672K, 54% used [0x00000000c2a00000,0x00000000c5b68ab0,0x00000000c8480000)
 Metaspace       used 27784K, capacity 28390K, committed 28672K, reserved 1075200K
  class space    used 2823K, capacity 2985K, committed 3072K, reserved 1048576K
}

