# JRE version: Java(TM) SE Runtime Environment (8.0_201-b09) (build 1.8.0_201-b09)
# Java VM: Java HotSpot(TM) 64-Bit Server VM (25.201-b09 mixed mode linux-amd64 compressed oops)
Heap:
 PSYoungGen      total 101376K, used 4484K [0x00000000eb900000, 0x00000000f3800000, 0x0000000100000000)
  eden space 95232K, 0% used [0x00000000eb900000,0x00000000eb900000,0x00000000f1600000)
  from space 6144K, 72% used [0x00000000f2c00000,0x00000000f3061060,0x00000000f3200000)
  to   space 5632K, 0% used [0x00000000f3280000,0x00000000f3280000,0x00000000f3800000)
 ParOldGen       total 42496K, used 14861K [0x00000000c2a00000, 0x00000000c5380000, 0x00000000eb900000)
  object space 42496K, 34% used [0x00000000c2a00000,0x00000000c3883740,0x00000000c5380000)
 Metaspace       used 14405K, capacity 14892K, committed 15104K, reserved 1062912K
  class space    used 1604K, capacity 1731K, committed 1792K, reserved 1048576K
GC Heap History (10 events):
Event: 31.836 GC heap after
Heap after GC invocations=7 (full 1):
 PSYoungGen      total 32256K, used 2560K [0x00000000eb900000, 0x00000000ee100000, 0x0000000100000000)
  eden space 29696K, 0% used [0x00000000eb900000,0x00000000eb900000,0x00000000ed600000)
  from space 2560K, 100% used [0x00000000eda80000,0x00000000edd00000,0x00000000edd00000)
  to   space 4608K, 0% used [0x00000000ed600000,0x00000000ed600000,0x00000000eda80000)
 ParOldGen       total 42496K, used 6572K [0x00000000c2a00000, 0x00000000c5380000, 0x00000000eb900000)
  object space 42496K, 15% used [0x00000000c2a00000,0x00000000c306b1e8,0x00000000c5380000)
 Metaspace       used 13494K, capacity 13868K, committed 13952K, reserved 1060864K
  class space    used 1559K, capacity 1662K, committed 1664K, reserved 1048576K
}
Event: 33.381 GC heap before
{Heap before GC invocations=8 (full 1):
 PSYoungGen      total 32256K, used 32256K [0x00000000eb900000, 0x00000000ee100000, 0x0000000100000000)
  eden space 29696K, 100% used [0x00000000eb900000,0x00000000ed600000,0x00000000ed600000)
  from space 2560K, 100% used [0x00000000eda80000,0x00000000edd00000,0x00000000edd00000)
  to   space 4608K, 0% used [0x00000000ed600000,0x00000000ed600000,0x00000000eda80000)
 ParOldGen       total 42496K, used 6572K [0x00000000c2a00000, 0x00000000c5380000, 0x00000000eb900000)
  object space 42496K, 15% used [0x00000000c2a00000,0x00000000c306b1e8,0x00000000c5380000)
 Metaspace       used 13584K, capacity 13932K, committed 13952K, reserved 1060864K
  class space    used 1559K, capacity 1662K, committed 1664K, reserved 1048576K
Event: 33.396 GC heap after
Heap after GC invocations=8 (full 1):
 PSYoungGen      total 34304K, used 3552K [0x00000000eb900000, 0x00000000efc00000, 0x0000000100000000)
  eden space 29696K, 0% used [0x00000000eb900000,0x00000000eb900000,0x00000000ed600000)
  from space 4608K, 77% used [0x00000000ed600000,0x00000000ed978020,0x00000000eda80000)
  to   space 4608K, 0% used [0x00000000ef780000,0x00000000ef780000,0x00000000efc00000)
 ParOldGen       total 42496K, used 6580K [0x00000000c2a00000, 0x00000000c5380000, 0x00000000eb900000)
  object space 42496K, 15% used [0x00000000c2a00000,0x00000000c306d1e8,0x00000000c5380000)
 Metaspace       used 13584K, capacity 13932K, committed 13952K, reserved 1060864K
  class space    used 1559K, capacity 1662K, committed 1664K, reserved 1048576K
}
Event: 34.167 GC heap before
{Heap before GC invocations=9 (full 1):
 PSYoungGen      total 34304K, used 33248K [0x00000000eb900000, 0x00000000efc00000, 0x0000000100000000)
  eden space 29696K, 100% used [0x00000000eb900000,0x00000000ed600000,0x00000000ed600000)
  from space 4608K, 77% used [0x00000000ed600000,0x00000000ed978020,0x00000000eda80000)
  to   space 4608K, 0% used [0x00000000ef780000,0x00000000ef780000,0x00000000efc00000)
 ParOldGen       total 42496K, used 6580K [0x00000000c2a00000, 0x00000000c5380000, 0x00000000eb900000)
  object space 42496K, 15% used [0x00000000c2a00000,0x00000000c306d1e8,0x00000000c5380000)
 Metaspace       used 13643K, capacity 13996K, committed 14208K, reserved 1062912K
  class space    used 1559K, capacity 1662K, committed 1664K, reserved 1048576K
Event: 34.256 GC heap after
Heap after GC invocations=9 (full 1):
 PSYoungGen      total 64000K, used 3104K [0x00000000eb900000, 0x00000000efc00000, 0x0000000100000000)
  eden space 59392K, 0% used [0x00000000eb900000,0x00000000eb900000,0x00000000ef300000)
  from space 4608K, 67% used [0x00000000ef780000,0x00000000efa88060,0x00000000efc00000)
  to   space 4608K, 0% used [0x00000000ef300000,0x00000000ef300000,0x00000000ef780000)
 ParOldGen       total 42496K, used 8713K [0x00000000c2a00000, 0x00000000c5380000, 0x00000000eb900000)
  object space 42496K, 20% used [0x00000000c2a00000,0x00000000c3282628,0x00000000c5380000)
 Metaspace       used 13643K, capacity 13996K, committed 14208K, reserved 1062912K
  class space    used 1559K, capacity 1662K, committed 1664K, reserved 1048576K
}
Event: 52.164 GC heap before
{Heap before GC invocations=10 (full 1):
 PSYoungGen      total 64000K, used 62496K [0x00000000eb900000, 0x00000000efc00000, 0x0000000100000000)
  eden space 59392K, 100% used [0x00000000eb900000,0x00000000ef300000,0x00000000ef300000)
  from space 4608K, 67% used [0x00000000ef780000,0x00000000efa88060,0x00000000efc00000)
  to   space 4608K, 0% used [0x00000000ef300000,0x00000000ef300000,0x00000000ef780000)
 ParOldGen       total 42496K, used 8713K [0x00000000c2a00000, 0x00000000c5380000, 0x00000000eb900000)
  object space 42496K, 20% used [0x00000000c2a00000,0x00000000c3282628,0x00000000c5380000)
 Metaspace       used 14232K, capacity 14714K, committed 14848K, reserved 1062912K
  class space    used 1595K, capacity 1724K, committed 1792K, reserved 1048576K
Event: 52.964 GC heap after
Heap after GC invocations=10 (full 1):
 PSYoungGen      total 64000K, used 4592K [0x00000000eb900000, 0x00000000f3800000, 0x0000000100000000)
  eden space 59392K, 0% used [0x00000000eb900000,0x00000000eb900000,0x00000000ef300000)
  from space 4608K, 99% used [0x00000000ef300000,0x00000000ef77c060,0x00000000ef780000)
  to   space 5632K, 0% used [0x00000000f3280000,0x00000000f3280000,0x00000000f3800000)
 ParOldGen       total 42496K, used 10293K [0x00000000c2a00000, 0x00000000c5380000, 0x00000000eb900000)
  object space 42496K, 24% used [0x00000000c2a00000,0x00000000c340d6a0,0x00000000c5380000)
 Metaspace       used 14232K, capacity 14714K, committed 14848K, reserved 1062912K
  class space    used 1595K, capacity 1724K, committed 1792K, reserved 1048576K
}
Event: 66.593 GC heap before
{Heap before GC invocations=11 (full 1):
 PSYoungGen      total 64000K, used 63984K [0x00000000eb900000, 0x00000000f3800000, 0x0000000100000000)
  eden space 59392K, 100% used [0x00000000eb900000,0x00000000ef300000,0x00000000ef300000)
  from space 4608K, 99% used [0x00000000ef300000,0x00000000ef77c060,0x00000000ef780000)
  to   space 5632K, 0% used [0x00000000f3280000,0x00000000f3280000,0x00000000f3800000)
 ParOldGen       total 42496K, used 10293K [0x00000000c2a00000, 0x00000000c5380000, 0x00000000eb900000)
  object space 42496K, 24% used [0x00000000c2a00000,0x00000000c340d6a0,0x00000000c5380000)
 Metaspace       used 14306K, capacity 14740K, committed 14848K, reserved 1062912K
  class space    used 1599K, capacity 1727K, committed 1792K, reserved 1048576K
Event: 66.636 GC heap after
Heap after GC invocations=11 (full 1):
 PSYoungGen      total 100864K, used 5222K [0x00000000eb900000, 0x00000000f3800000, 0x0000000100000000)
  eden space 95232K, 0% used [0x00000000eb900000,0x00000000eb900000,0x00000000f1600000)
  from space 5632K, 92% used [0x00000000f3280000,0x00000000f37998a0,0x00000000f3800000)
  to   space 6144K, 0% used [0x00000000f2c00000,0x00000000f2c00000,0x00000000f3200000)
 ParOldGen       total 42496K, used 11357K [0x00000000c2a00000, 0x00000000c5380000, 0x00000000eb900000)
  object space 42496K, 26% used [0x00000000c2a00000,0x00000000c35176b0,0x00000000c5380000)
 Metaspace       used 14306K, capacity 14740K, committed 14848K, reserved 1062912K
  class space    used 1599K, capacity 1727K, committed 1792K, reserved 1048576K
}
Event: 84.030 GC heap before
{Heap before GC invocations=12 (full 1):
 PSYoungGen      total 100864K, used 100431K [0x00000000eb900000, 0x00000000f3800000, 0x0000000100000000)
  eden space 95232K, 99% used [0x00000000eb900000,0x00000000f15fa510,0x00000000f1600000)
  from space 5632K, 92% used [0x00000000f3280000,0x00000000f37998a0,0x00000000f3800000)
  to   space 6144K, 0% used [0x00000000f2c00000,0x00000000f2c00000,0x00000000f3200000)
 ParOldGen       total 42496K, used 11357K [0x00000000c2a00000, 0x00000000c5380000, 0x00000000eb900000)
  object space 42496K, 26% used [0x00000000c2a00000,0x00000000c35176b0,0x00000000c5380000)
 Metaspace       used 14405K, capacity 14892K, committed 15104K, reserved 1062912K
  class space    used 1604K, capacity 1731K, committed 1792K, reserved 1048576K

