# JRE version: Java(TM) SE Runtime Environment (8.0_201-b09) (build 1.8.0_201-b09)
# Java VM: Java HotSpot(TM) 64-Bit Server VM (25.201-b09 mixed mode linux-amd64 compressed oops)
Heap:
 PSYoungGen      total 241664K, used 14499K [0x00000000eb900000, 0x00000000fb700000, 0x0000000100000000)
  eden space 223232K, 0% used [0x00000000eb900000,0x00000000eb900000,0x00000000f9300000)
  from space 18432K, 78% used [0x00000000fa500000,0x00000000fb328f68,0x00000000fb700000)
  to   space 5632K, 0% used [0x00000000f9b80000,0x00000000f9b80000,0x00000000fa100000)
 ParOldGen       total 74752K, used 39414K [0x00000000c2a00000, 0x00000000c7300000, 0x00000000eb900000)
  object space 74752K, 52% used [0x00000000c2a00000,0x00000000c507d848,0x00000000c7300000)
 Metaspace       used 23072K, capacity 23770K, committed 23936K, reserved 1071104K
  class space    used 2472K, capacity 2663K, committed 2688K, reserved 1048576K
GC Heap History (10 events):
Event: 6.673 GC heap after
Heap after GC invocations=9 (full 1):
 PSYoungGen      total 125952K, used 7140K [0x00000000eb900000, 0x00000000f4100000, 0x0000000100000000)
  eden space 118784K, 0% used [0x00000000eb900000,0x00000000eb900000,0x00000000f2d00000)
  from space 7168K, 99% used [0x00000000f3600000,0x00000000f3cf9288,0x00000000f3d00000)
  to   space 9216K, 0% used [0x00000000f2d00000,0x00000000f2d00000,0x00000000f3600000)
 ParOldGen       total 42496K, used 14813K [0x00000000c2a00000, 0x00000000c5380000, 0x00000000eb900000)
  object space 42496K, 34% used [0x00000000c2a00000,0x00000000c3877610,0x00000000c5380000)
 Metaspace       used 16786K, capacity 16984K, committed 17280K, reserved 1064960K
  class space    used 1837K, capacity 1914K, committed 1920K, reserved 1048576K
}
Event: 12.298 GC heap before
{Heap before GC invocations=10 (full 1):
 PSYoungGen      total 125952K, used 125924K [0x00000000eb900000, 0x00000000f4100000, 0x0000000100000000)
  eden space 118784K, 100% used [0x00000000eb900000,0x00000000f2d00000,0x00000000f2d00000)
  from space 7168K, 99% used [0x00000000f3600000,0x00000000f3cf9288,0x00000000f3d00000)
  to   space 9216K, 0% used [0x00000000f2d00000,0x00000000f2d00000,0x00000000f3600000)
 ParOldGen       total 42496K, used 14813K [0x00000000c2a00000, 0x00000000c5380000, 0x00000000eb900000)
  object space 42496K, 34% used [0x00000000c2a00000,0x00000000c3877610,0x00000000c5380000)
 Metaspace       used 19032K, capacity 19316K, committed 19712K, reserved 1067008K
  class space    used 2135K, capacity 2225K, committed 2304K, reserved 1048576K
Event: 12.412 GC heap after
Heap after GC invocations=10 (full 1):
 PSYoungGen      total 128000K, used 9188K [0x00000000eb900000, 0x00000000fc200000, 0x0000000100000000)
  eden space 118784K, 0% used [0x00000000eb900000,0x00000000eb900000,0x00000000f2d00000)
  from space 9216K, 99% used [0x00000000f2d00000,0x00000000f35f92a8,0x00000000f3600000)
  to   space 16896K, 0% used [0x00000000fb180000,0x00000000fb180000,0x00000000fc200000)
 ParOldGen       total 42496K, used 31059K [0x00000000c2a00000, 0x00000000c5380000, 0x00000000eb900000)
  object space 42496K, 73% used [0x00000000c2a00000,0x00000000c4854de0,0x00000000c5380000)
 Metaspace       used 19032K, capacity 19316K, committed 19712K, reserved 1067008K
  class space    used 2135K, capacity 2225K, committed 2304K, reserved 1048576K
}
Event: 16.515 GC heap before
{Heap before GC invocations=11 (full 1):
 PSYoungGen      total 128000K, used 127972K [0x00000000eb900000, 0x00000000fc200000, 0x0000000100000000)
  eden space 118784K, 100% used [0x00000000eb900000,0x00000000f2d00000,0x00000000f2d00000)
  from space 9216K, 99% used [0x00000000f2d00000,0x00000000f35f92a8,0x00000000f3600000)
  to   space 16896K, 0% used [0x00000000fb180000,0x00000000fb180000,0x00000000fc200000)
 ParOldGen       total 42496K, used 31059K [0x00000000c2a00000, 0x00000000c5380000, 0x00000000eb900000)
  object space 42496K, 73% used [0x00000000c2a00000,0x00000000c4854de0,0x00000000c5380000)
 Metaspace       used 20363K, capacity 20716K, committed 20864K, reserved 1067008K
  class space    used 2252K, capacity 2402K, committed 2432K, reserved 1048576K
Event: 16.581 GC heap after
Heap after GC invocations=11 (full 1):
 PSYoungGen      total 205824K, used 15122K [0x00000000eb900000, 0x00000000fc080000, 0x0000000100000000)
  eden space 190464K, 0% used [0x00000000eb900000,0x00000000eb900000,0x00000000f7300000)
  from space 15360K, 98% used [0x00000000fb180000,0x00000000fc044b58,0x00000000fc080000)
  to   space 18944K, 0% used [0x00000000f9b80000,0x00000000f9b80000,0x00000000fae00000)
 ParOldGen       total 42496K, used 34243K [0x00000000c2a00000, 0x00000000c5380000, 0x00000000eb900000)
  object space 42496K, 80% used [0x00000000c2a00000,0x00000000c4b70e30,0x00000000c5380000)
 Metaspace       used 20363K, capacity 20716K, committed 20864K, reserved 1067008K
  class space    used 2252K, capacity 2402K, committed 2432K, reserved 1048576K
}
Event: 16.581 GC heap before
{Heap before GC invocations=12 (full 2):
 PSYoungGen      total 205824K, used 15122K [0x00000000eb900000, 0x00000000fc080000, 0x0000000100000000)
  eden space 190464K, 0% used [0x00000000eb900000,0x00000000eb900000,0x00000000f7300000)
  from space 15360K, 98% used [0x00000000fb180000,0x00000000fc044b58,0x00000000fc080000)
  to   space 18944K, 0% used [0x00000000f9b80000,0x00000000f9b80000,0x00000000fae00000)
 ParOldGen       total 42496K, used 34243K [0x00000000c2a00000, 0x00000000c5380000, 0x00000000eb900000)
  object space 42496K, 80% used [0x00000000c2a00000,0x00000000c4b70e30,0x00000000c5380000)
 Metaspace       used 20363K, capacity 20716K, committed 20864K, reserved 1067008K
  class space    used 2252K, capacity 2402K, committed 2432K, reserved 1048576K
Event: 17.383 GC heap after
Heap after GC invocations=12 (full 2):
 PSYoungGen      total 205824K, used 0K [0x00000000eb900000, 0x00000000fc080000, 0x0000000100000000)
  eden space 190464K, 0% used [0x00000000eb900000,0x00000000eb900000,0x00000000f7300000)
  from space 15360K, 0% used [0x00000000fb180000,0x00000000fb180000,0x00000000fc080000)
  to   space 18944K, 0% used [0x00000000f9b80000,0x00000000f9b80000,0x00000000fae00000)
 ParOldGen       total 74752K, used 39398K [0x00000000c2a00000, 0x00000000c7300000, 0x00000000eb900000)
  object space 74752K, 52% used [0x00000000c2a00000,0x00000000c5079848,0x00000000c7300000)
 Metaspace       used 20363K, capacity 20716K, committed 20864K, reserved 1067008K
  class space    used 2252K, capacity 2402K, committed 2432K, reserved 1048576K
}
Event: 21.380 GC heap before
{Heap before GC invocations=13 (full 2):
 PSYoungGen      total 205824K, used 190464K [0x00000000eb900000, 0x00000000fc080000, 0x0000000100000000)
  eden space 190464K, 100% used [0x00000000eb900000,0x00000000f7300000,0x00000000f7300000)
  from space 15360K, 0% used [0x00000000fb180000,0x00000000fb180000,0x00000000fc080000)
  to   space 18944K, 0% used [0x00000000f9b80000,0x00000000f9b80000,0x00000000fae00000)
 ParOldGen       total 74752K, used 39398K [0x00000000c2a00000, 0x00000000c7300000, 0x00000000eb900000)
  object space 74752K, 52% used [0x00000000c2a00000,0x00000000c5079848,0x00000000c7300000)
 Metaspace       used 22173K, capacity 22626K, committed 22784K, reserved 1069056K
  class space    used 2406K, capacity 2541K, committed 2560K, reserved 1048576K
Event: 21.402 GC heap after
Heap after GC invocations=13 (full 2):
 PSYoungGen      total 228864K, used 5350K [0x00000000eb900000, 0x00000000fb700000, 0x0000000100000000)
  eden space 223232K, 0% used [0x00000000eb900000,0x00000000eb900000,0x00000000f9300000)
  from space 5632K, 95% used [0x00000000f9b80000,0x00000000fa0b9be0,0x00000000fa100000)
  to   space 18432K, 0% used [0x00000000fa500000,0x00000000fa500000,0x00000000fb700000)
 ParOldGen       total 74752K, used 39406K [0x00000000c2a00000, 0x00000000c7300000, 0x00000000eb900000)
  object space 74752K, 52% used [0x00000000c2a00000,0x00000000c507b848,0x00000000c7300000)
 Metaspace       used 22173K, capacity 22626K, committed 22784K, reserved 1069056K
  class space    used 2406K, capacity 2541K, committed 2560K, reserved 1048576K
}
Event: 27.506 GC heap before
{Heap before GC invocations=14 (full 2):
 PSYoungGen      total 228864K, used 228582K [0x00000000eb900000, 0x00000000fb700000, 0x0000000100000000)
  eden space 223232K, 100% used [0x00000000eb900000,0x00000000f9300000,0x00000000f9300000)
  from space 5632K, 95% used [0x00000000f9b80000,0x00000000fa0b9be0,0x00000000fa100000)
  to   space 18432K, 0% used [0x00000000fa500000,0x00000000fa500000,0x00000000fb700000)
 ParOldGen       total 74752K, used 39406K [0x00000000c2a00000, 0x00000000c7300000, 0x00000000eb900000)
  object space 74752K, 52% used [0x00000000c2a00000,0x00000000c507b848,0x00000000c7300000)
 Metaspace       used 23072K, capacity 23770K, committed 23936K, reserved 1071104K
  class space    used 2472K, capacity 2663K, committed 2688K, reserved 1048576K

