# JRE version: Java(TM) SE Runtime Environment (8.0_201-b09) (build 1.8.0_201-b09)
# Java VM: Java HotSpot(TM) 64-Bit Server VM (25.201-b09 mixed mode linux-amd64 compressed oops)
Heap:
 PSYoungGen      total 32256K, used 21088K [0x00000000eb900000, 0x00000000edd00000, 0x0000000100000000)
  eden space 27648K, 67% used [0x00000000eb900000,0x00000000ecb18108,0x00000000ed400000)
  from space 4608K, 55% used [0x00000000ed880000,0x00000000edb00060,0x00000000edd00000)
  to   space 4608K, 0% used [0x00000000ed400000,0x00000000ed400000,0x00000000ed880000)
 ParOldGen       total 42496K, used 5998K [0x00000000c2a00000, 0x00000000c5380000, 0x00000000eb900000)
  object space 42496K, 14% used [0x00000000c2a00000,0x00000000c2fdbb40,0x00000000c5380000)
 Metaspace       used 14409K, capacity 14872K, committed 15104K, reserved 1062912K
  class space    used 1630K, capacity 1745K, committed 1792K, reserved 1048576K
GC Heap History (10 events):
Event: 41.704 GC heap before
{Heap before GC invocations=5 (full 1):
 PSYoungGen      total 18432K, used 18421K [0x00000000eb900000, 0x00000000ecd80000, 0x0000000100000000)
  eden space 15872K, 100% used [0x00000000eb900000,0x00000000ec880000,0x00000000ec880000)
  from space 2560K, 99% used [0x00000000ec880000,0x00000000ecafd408,0x00000000ecb00000)
  to   space 2560K, 0% used [0x00000000ecb00000,0x00000000ecb00000,0x00000000ecd80000)
 ParOldGen       total 42496K, used 3746K [0x00000000c2a00000, 0x00000000c5380000, 0x00000000eb900000)
  object space 42496K, 8% used [0x00000000c2a00000,0x00000000c2da8ba0,0x00000000c5380000)
 Metaspace       used 13686K, capacity 14090K, committed 14336K, reserved 1062912K
  class space    used 1588K, capacity 1709K, committed 1792K, reserved 1048576K
Event: 41.719 GC heap after
Heap after GC invocations=5 (full 1):
 PSYoungGen      total 18432K, used 2552K [0x00000000eb900000, 0x00000000ecd80000, 0x0000000100000000)
  eden space 15872K, 0% used [0x00000000eb900000,0x00000000eb900000,0x00000000ec880000)
  from space 2560K, 99% used [0x00000000ecb00000,0x00000000ecd7e020,0x00000000ecd80000)
  to   space 2560K, 0% used [0x00000000ec880000,0x00000000ec880000,0x00000000ecb00000)
 ParOldGen       total 42496K, used 3834K [0x00000000c2a00000, 0x00000000c5380000, 0x00000000eb900000)
  object space 42496K, 9% used [0x00000000c2a00000,0x00000000c2dbeba0,0x00000000c5380000)
 Metaspace       used 13686K, capacity 14090K, committed 14336K, reserved 1062912K
  class space    used 1588K, capacity 1709K, committed 1792K, reserved 1048576K
}
Event: 42.708 GC heap before
{Heap before GC invocations=6 (full 1):
 PSYoungGen      total 18432K, used 18424K [0x00000000eb900000, 0x00000000ecd80000, 0x0000000100000000)
  eden space 15872K, 100% used [0x00000000eb900000,0x00000000ec880000,0x00000000ec880000)
  from space 2560K, 99% used [0x00000000ecb00000,0x00000000ecd7e020,0x00000000ecd80000)
  to   space 2560K, 0% used [0x00000000ec880000,0x00000000ec880000,0x00000000ecb00000)
 ParOldGen       total 42496K, used 3834K [0x00000000c2a00000, 0x00000000c5380000, 0x00000000eb900000)
  object space 42496K, 9% used [0x00000000c2a00000,0x00000000c2dbeba0,0x00000000c5380000)
 Metaspace       used 13767K, capacity 14154K, committed 14336K, reserved 1062912K
  class space    used 1589K, capacity 1709K, committed 1792K, reserved 1048576K
Event: 42.726 GC heap after
Heap after GC invocations=6 (full 1):
 PSYoungGen      total 18432K, used 2540K [0x00000000eb900000, 0x00000000ecd80000, 0x0000000100000000)
  eden space 15872K, 0% used [0x00000000eb900000,0x00000000eb900000,0x00000000ec880000)
  from space 2560K, 99% used [0x00000000ec880000,0x00000000ecafb010,0x00000000ecb00000)
  to   space 2560K, 0% used [0x00000000ecb00000,0x00000000ecb00000,0x00000000ecd80000)
 ParOldGen       total 42496K, used 4543K [0x00000000c2a00000, 0x00000000c5380000, 0x00000000eb900000)
  object space 42496K, 10% used [0x00000000c2a00000,0x00000000c2e6fc40,0x00000000c5380000)
 Metaspace       used 13767K, capacity 14154K, committed 14336K, reserved 1062912K
  class space    used 1589K, capacity 1709K, committed 1792K, reserved 1048576K
}
Event: 43.740 GC heap before
{Heap before GC invocations=7 (full 1):
 PSYoungGen      total 18432K, used 18412K [0x00000000eb900000, 0x00000000ecd80000, 0x0000000100000000)
  eden space 15872K, 100% used [0x00000000eb900000,0x00000000ec880000,0x00000000ec880000)
  from space 2560K, 99% used [0x00000000ec880000,0x00000000ecafb010,0x00000000ecb00000)
  to   space 2560K, 0% used [0x00000000ecb00000,0x00000000ecb00000,0x00000000ecd80000)
 ParOldGen       total 42496K, used 4543K [0x00000000c2a00000, 0x00000000c5380000, 0x00000000eb900000)
  object space 42496K, 10% used [0x00000000c2a00000,0x00000000c2e6fc40,0x00000000c5380000)
 Metaspace       used 13812K, capacity 14218K, committed 14592K, reserved 1062912K
  class space    used 1589K, capacity 1709K, committed 1792K, reserved 1048576K
Event: 43.810 GC heap after
Heap after GC invocations=7 (full 1):
 PSYoungGen      total 16384K, used 2540K [0x00000000eb900000, 0x00000000ee100000, 0x0000000100000000)
  eden space 13824K, 0% used [0x00000000eb900000,0x00000000eb900000,0x00000000ec680000)
  from space 2560K, 99% used [0x00000000ecb00000,0x00000000ecd7b010,0x00000000ecd80000)
  to   space 4608K, 0% used [0x00000000ec680000,0x00000000ec680000,0x00000000ecb00000)
 ParOldGen       total 42496K, used 4771K [0x00000000c2a00000, 0x00000000c5380000, 0x00000000eb900000)
  object space 42496K, 11% used [0x00000000c2a00000,0x00000000c2ea8e80,0x00000000c5380000)
 Metaspace       used 13812K, capacity 14218K, committed 14592K, reserved 1062912K
  class space    used 1589K, capacity 1709K, committed 1792K, reserved 1048576K
}
Event: 44.299 GC heap before
{Heap before GC invocations=8 (full 1):
 PSYoungGen      total 16384K, used 16364K [0x00000000eb900000, 0x00000000ee100000, 0x0000000100000000)
  eden space 13824K, 100% used [0x00000000eb900000,0x00000000ec680000,0x00000000ec680000)
  from space 2560K, 99% used [0x00000000ecb00000,0x00000000ecd7b010,0x00000000ecd80000)
  to   space 4608K, 0% used [0x00000000ec680000,0x00000000ec680000,0x00000000ecb00000)
 ParOldGen       total 42496K, used 4771K [0x00000000c2a00000, 0x00000000c5380000, 0x00000000eb900000)
  object space 42496K, 11% used [0x00000000c2a00000,0x00000000c2ea8e80,0x00000000c5380000)
 Metaspace       used 13849K, capacity 14218K, committed 14592K, reserved 1062912K
  class space    used 1590K, capacity 1709K, committed 1792K, reserved 1048576K
Event: 44.306 GC heap after
Heap after GC invocations=8 (full 1):
 PSYoungGen      total 18432K, used 3244K [0x00000000eb900000, 0x00000000edd00000, 0x0000000100000000)
  eden space 13824K, 0% used [0x00000000eb900000,0x00000000eb900000,0x00000000ec680000)
  from space 4608K, 70% used [0x00000000ec680000,0x00000000ec9ab010,0x00000000ecb00000)
  to   space 4608K, 0% used [0x00000000ed880000,0x00000000ed880000,0x00000000edd00000)
 ParOldGen       total 42496K, used 4779K [0x00000000c2a00000, 0x00000000c5380000, 0x00000000eb900000)
  object space 42496K, 11% used [0x00000000c2a00000,0x00000000c2eaae80,0x00000000c5380000)
 Metaspace       used 13849K, capacity 14218K, committed 14592K, reserved 1062912K
  class space    used 1590K, capacity 1709K, committed 1792K, reserved 1048576K
}
Event: 44.744 GC heap before
{Heap before GC invocations=9 (full 1):
 PSYoungGen      total 18432K, used 17068K [0x00000000eb900000, 0x00000000edd00000, 0x0000000100000000)
  eden space 13824K, 100% used [0x00000000eb900000,0x00000000ec680000,0x00000000ec680000)
  from space 4608K, 70% used [0x00000000ec680000,0x00000000ec9ab010,0x00000000ecb00000)
  to   space 4608K, 0% used [0x00000000ed880000,0x00000000ed880000,0x00000000edd00000)
 ParOldGen       total 42496K, used 4779K [0x00000000c2a00000, 0x00000000c5380000, 0x00000000eb900000)
  object space 42496K, 11% used [0x00000000c2a00000,0x00000000c2eaae80,0x00000000c5380000)
 Metaspace       used 13869K, capacity 14218K, committed 14592K, reserved 1062912K
  class space    used 1590K, capacity 1709K, committed 1792K, reserved 1048576K
Event: 44.760 GC heap after
Heap after GC invocations=9 (full 1):
 PSYoungGen      total 32256K, used 2560K [0x00000000eb900000, 0x00000000edd00000, 0x0000000100000000)
  eden space 27648K, 0% used [0x00000000eb900000,0x00000000eb900000,0x00000000ed400000)
  from space 4608K, 55% used [0x00000000ed880000,0x00000000edb00060,0x00000000edd00000)
  to   space 4608K, 0% used [0x00000000ed400000,0x00000000ed400000,0x00000000ed880000)
 ParOldGen       total 42496K, used 5998K [0x00000000c2a00000, 0x00000000c5380000, 0x00000000eb900000)
  object space 42496K, 14% used [0x00000000c2a00000,0x00000000c2fdbb40,0x00000000c5380000)
 Metaspace       used 13869K, capacity 14218K, committed 14592K, reserved 1062912K
  class space    used 1590K, capacity 1709K, committed 1792K, reserved 1048576K
}

