# JRE version: Java(TM) SE Runtime Environment (8.0_201-b09) (build 1.8.0_201-b09)
# Java VM: Java HotSpot(TM) 64-Bit Server VM (25.201-b09 mixed mode linux-amd64 compressed oops)
Heap:
 PSYoungGen      total 310272K, used 204415K [0x00000000eb900000, 0x00000000ffe80000, 0x0000000100000000)
  eden space 288256K, 66% used [0x00000000eb900000,0x00000000f733bf70,0x00000000fd280000)
  from space 22016K, 62% used [0x00000000fd280000,0x00000000fdfe4010,0x00000000fe800000)
  to   space 21504K, 0% used [0x00000000fe980000,0x00000000fe980000,0x00000000ffe80000)
 ParOldGen       total 82944K, used 48155K [0x00000000c2a00000, 0x00000000c7b00000, 0x00000000eb900000)
  object space 82944K, 58% used [0x00000000c2a00000,0x00000000c5906ca0,0x00000000c7b00000)
 Metaspace       used 24282K, capacity 24910K, committed 25088K, reserved 1071104K
  class space    used 2530K, capacity 2699K, committed 2816K, reserved 1048576K
GC Heap History (10 events):
Event: 45.049 GC heap before
{Heap before GC invocations=25 (full 2):
 PSYoungGen      total 310784K, used 300944K [0x00000000eb900000, 0x0000000100000000, 0x0000000100000000)
  eden space 286720K, 100% used [0x00000000eb900000,0x00000000fd100000,0x00000000fd100000)
  from space 24064K, 59% used [0x00000000fe880000,0x00000000ff664030,0x0000000100000000)
  to   space 24064K, 0% used [0x00000000fd100000,0x00000000fd100000,0x00000000fe880000)
 ParOldGen       total 82944K, used 48147K [0x00000000c2a00000, 0x00000000c7b00000, 0x00000000eb900000)
  object space 82944K, 58% used [0x00000000c2a00000,0x00000000c5904ca0,0x00000000c7b00000)
 Metaspace       used 24155K, capacity 24846K, committed 25088K, reserved 1071104K
  class space    used 2530K, capacity 2699K, committed 2816K, reserved 1048576K
Event: 45.074 GC heap after
Heap after GC invocations=25 (full 2):
 PSYoungGen      total 301056K, used 14240K [0x00000000eb900000, 0x00000000fff00000, 0x0000000100000000)
  eden space 286720K, 0% used [0x00000000eb900000,0x00000000eb900000,0x00000000fd100000)
  from space 14336K, 99% used [0x00000000fd100000,0x00000000fdee8020,0x00000000fdf00000)
  to   space 23552K, 0% used [0x00000000fe800000,0x00000000fe800000,0x00000000fff00000)
 ParOldGen       total 82944K, used 48147K [0x00000000c2a00000, 0x00000000c7b00000, 0x00000000eb900000)
  object space 82944K, 58% used [0x00000000c2a00000,0x00000000c5904ca0,0x00000000c7b00000)
 Metaspace       used 24155K, capacity 24846K, committed 25088K, reserved 1071104K
  class space    used 2530K, capacity 2699K, committed 2816K, reserved 1048576K
}
Event: 46.356 GC heap before
{Heap before GC invocations=26 (full 2):
 PSYoungGen      total 301056K, used 300960K [0x00000000eb900000, 0x00000000fff00000, 0x0000000100000000)
  eden space 286720K, 100% used [0x00000000eb900000,0x00000000fd100000,0x00000000fd100000)
  from space 14336K, 99% used [0x00000000fd100000,0x00000000fdee8020,0x00000000fdf00000)
  to   space 23552K, 0% used [0x00000000fe800000,0x00000000fe800000,0x00000000fff00000)
 ParOldGen       total 82944K, used 48147K [0x00000000c2a00000, 0x00000000c7b00000, 0x00000000eb900000)
  object space 82944K, 58% used [0x00000000c2a00000,0x00000000c5904ca0,0x00000000c7b00000)
 Metaspace       used 24179K, capacity 24846K, committed 25088K, reserved 1071104K
  class space    used 2530K, capacity 2699K, committed 2816K, reserved 1048576K
Event: 46.392 GC heap after
Heap after GC invocations=26 (full 2):
 PSYoungGen      total 310272K, used 15136K [0x00000000eb900000, 0x0000000100000000, 0x0000000100000000)
  eden space 286720K, 0% used [0x00000000eb900000,0x00000000eb900000,0x00000000fd100000)
  from space 23552K, 64% used [0x00000000fe800000,0x00000000ff6c8020,0x00000000fff00000)
  to   space 23552K, 0% used [0x00000000fd100000,0x00000000fd100000,0x00000000fe800000)
 ParOldGen       total 82944K, used 48147K [0x00000000c2a00000, 0x00000000c7b00000, 0x00000000eb900000)
  object space 82944K, 58% used [0x00000000c2a00000,0x00000000c5904ca0,0x00000000c7b00000)
 Metaspace       used 24179K, capacity 24846K, committed 25088K, reserved 1071104K
  class space    used 2530K, capacity 2699K, committed 2816K, reserved 1048576K
}
Event: 47.618 GC heap before
{Heap before GC invocations=27 (full 2):
 PSYoungGen      total 310272K, used 301856K [0x00000000eb900000, 0x0000000100000000, 0x0000000100000000)
  eden space 286720K, 100% used [0x00000000eb900000,0x00000000fd100000,0x00000000fd100000)
  from space 23552K, 64% used [0x00000000fe800000,0x00000000ff6c8020,0x00000000fff00000)
  to   space 23552K, 0% used [0x00000000fd100000,0x00000000fd100000,0x00000000fe800000)
 ParOldGen       total 82944K, used 48147K [0x00000000c2a00000, 0x00000000c7b00000, 0x00000000eb900000)
  object space 82944K, 58% used [0x00000000c2a00000,0x00000000c5904ca0,0x00000000c7b00000)
 Metaspace       used 24200K, capacity 24846K, committed 25088K, reserved 1071104K
  class space    used 2530K, capacity 2699K, committed 2816K, reserved 1048576K
Event: 47.642 GC heap after
Heap after GC invocations=27 (full 2):
 PSYoungGen      total 310272K, used 12880K [0x00000000eb900000, 0x00000000ffe00000, 0x0000000100000000)
  eden space 286720K, 0% used [0x00000000eb900000,0x00000000eb900000,0x00000000fd100000)
  from space 23552K, 54% used [0x00000000fd100000,0x00000000fdd94030,0x00000000fe800000)
  to   space 22528K, 0% used [0x00000000fe800000,0x00000000fe800000,0x00000000ffe00000)
 ParOldGen       total 82944K, used 48147K [0x00000000c2a00000, 0x00000000c7b00000, 0x00000000eb900000)
  object space 82944K, 58% used [0x00000000c2a00000,0x00000000c5904ca0,0x00000000c7b00000)
 Metaspace       used 24200K, capacity 24846K, committed 25088K, reserved 1071104K
  class space    used 2530K, capacity 2699K, committed 2816K, reserved 1048576K
}
Event: 48.938 GC heap before
{Heap before GC invocations=28 (full 2):
 PSYoungGen      total 310272K, used 299600K [0x00000000eb900000, 0x00000000ffe00000, 0x0000000100000000)
  eden space 286720K, 100% used [0x00000000eb900000,0x00000000fd100000,0x00000000fd100000)
  from space 23552K, 54% used [0x00000000fd100000,0x00000000fdd94030,0x00000000fe800000)
  to   space 22528K, 0% used [0x00000000fe800000,0x00000000fe800000,0x00000000ffe00000)
 ParOldGen       total 82944K, used 48147K [0x00000000c2a00000, 0x00000000c7b00000, 0x00000000eb900000)
  object space 82944K, 58% used [0x00000000c2a00000,0x00000000c5904ca0,0x00000000c7b00000)
 Metaspace       used 24201K, capacity 24846K, committed 25088K, reserved 1071104K
  class space    used 2530K, capacity 2699K, committed 2816K, reserved 1048576K
Event: 48.970 GC heap after
Heap after GC invocations=28 (full 2):
 PSYoungGen      total 310784K, used 12896K [0x00000000eb900000, 0x00000000ffe00000, 0x0000000100000000)
  eden space 288256K, 0% used [0x00000000eb900000,0x00000000eb900000,0x00000000fd280000)
  from space 22528K, 57% used [0x00000000fe800000,0x00000000ff498020,0x00000000ffe00000)
  to   space 22016K, 0% used [0x00000000fd280000,0x00000000fd280000,0x00000000fe800000)
 ParOldGen       total 82944K, used 48147K [0x00000000c2a00000, 0x00000000c7b00000, 0x00000000eb900000)
  object space 82944K, 58% used [0x00000000c2a00000,0x00000000c5904ca0,0x00000000c7b00000)
 Metaspace       used 24201K, capacity 24846K, committed 25088K, reserved 1071104K
  class space    used 2530K, capacity 2699K, committed 2816K, reserved 1048576K
}
Event: 51.122 GC heap before
{Heap before GC invocations=29 (full 2):
 PSYoungGen      total 310784K, used 301152K [0x00000000eb900000, 0x00000000ffe00000, 0x0000000100000000)
  eden space 288256K, 100% used [0x00000000eb900000,0x00000000fd280000,0x00000000fd280000)
  from space 22528K, 57% used [0x00000000fe800000,0x00000000ff498020,0x00000000ffe00000)
  to   space 22016K, 0% used [0x00000000fd280000,0x00000000fd280000,0x00000000fe800000)
 ParOldGen       total 82944K, used 48147K [0x00000000c2a00000, 0x00000000c7b00000, 0x00000000eb900000)
  object space 82944K, 58% used [0x00000000c2a00000,0x00000000c5904ca0,0x00000000c7b00000)
 Metaspace       used 24223K, capacity 24910K, committed 25088K, reserved 1071104K
  class space    used 2530K, capacity 2699K, committed 2816K, reserved 1048576K
Event: 51.558 GC heap after
Heap after GC invocations=29 (full 2):
 PSYoungGen      total 310272K, used 13712K [0x00000000eb900000, 0x00000000ffe80000, 0x0000000100000000)
  eden space 288256K, 0% used [0x00000000eb900000,0x00000000eb900000,0x00000000fd280000)
  from space 22016K, 62% used [0x00000000fd280000,0x00000000fdfe4010,0x00000000fe800000)
  to   space 21504K, 0% used [0x00000000fe980000,0x00000000fe980000,0x00000000ffe80000)
 ParOldGen       total 82944K, used 48155K [0x00000000c2a00000, 0x00000000c7b00000, 0x00000000eb900000)
  object space 82944K, 58% used [0x00000000c2a00000,0x00000000c5906ca0,0x00000000c7b00000)
 Metaspace       used 24223K, capacity 24910K, committed 25088K, reserved 1071104K
  class space    used 2530K, capacity 2699K, committed 2816K, reserved 1048576K
}

