# JRE version: Java(TM) SE Runtime Environment (8.0_201-b09) (build 1.8.0_201-b09)
# Java VM: Java HotSpot(TM) 64-Bit Server VM (25.201-b09 mixed mode linux-amd64 compressed oops)
Heap:
 PSYoungGen      total 295424K, used 111752K [0x00000000eb900000, 0x0000000100000000, 0x0000000100000000)
  eden space 281088K, 36% used [0x00000000eb900000,0x00000000f1d4a228,0x00000000fcb80000)
  from space 14336K, 63% used [0x00000000fd980000,0x00000000fe258000,0x00000000fe780000)
  to   space 14336K, 0% used [0x00000000fcb80000,0x00000000fcb80000,0x00000000fd980000)
 ParOldGen       total 94720K, used 45825K [0x00000000c2a00000, 0x00000000c8680000, 0x00000000eb900000)
  object space 94720K, 48% used [0x00000000c2a00000,0x00000000c56c05b0,0x00000000c8680000)
 Metaspace       used 23155K, capacity 23906K, committed 24064K, reserved 1071104K
  class space    used 2501K, capacity 2692K, committed 2816K, reserved 1048576K
GC Heap History (10 events):
Event: 71.177 GC heap before
{Heap before GC invocations=19 (full 2):
 PSYoungGen      total 230400K, used 227712K [0x00000000eb900000, 0x00000000fba00000, 0x0000000100000000)
  eden space 216576K, 100% used [0x00000000eb900000,0x00000000f8c80000,0x00000000f8c80000)
  from space 13824K, 80% used [0x00000000f9b00000,0x00000000fa5e0000,0x00000000fa880000)
  to   space 14848K, 0% used [0x00000000f8c80000,0x00000000f8c80000,0x00000000f9b00000)
 ParOldGen       total 57344K, used 40506K [0x00000000c2a00000, 0x00000000c6200000, 0x00000000eb900000)
  object space 57344K, 70% used [0x00000000c2a00000,0x00000000c518e858,0x00000000c6200000)
 Metaspace       used 22978K, capacity 23726K, committed 23936K, reserved 1071104K
  class space    used 2494K, capacity 2682K, committed 2688K, reserved 1048576K
Event: 71.316 GC heap after
Heap after GC invocations=19 (full 2):
 PSYoungGen      total 231424K, used 4800K [0x00000000eb900000, 0x00000000feb00000, 0x0000000100000000)
  eden space 216576K, 0% used [0x00000000eb900000,0x00000000eb900000,0x00000000f8c80000)
  from space 14848K, 32% used [0x00000000f8c80000,0x00000000f9130000,0x00000000f9b00000)
  to   space 14848K, 0% used [0x00000000fdc80000,0x00000000fdc80000,0x00000000feb00000)
 ParOldGen       total 57344K, used 48642K [0x00000000c2a00000, 0x00000000c6200000, 0x00000000eb900000)
  object space 57344K, 84% used [0x00000000c2a00000,0x00000000c59809f8,0x00000000c6200000)
 Metaspace       used 22978K, capacity 23726K, committed 23936K, reserved 1071104K
  class space    used 2494K, capacity 2682K, committed 2688K, reserved 1048576K
}
Event: 71.316 GC heap before
{Heap before GC invocations=20 (full 3):
 PSYoungGen      total 231424K, used 4800K [0x00000000eb900000, 0x00000000feb00000, 0x0000000100000000)
  eden space 216576K, 0% used [0x00000000eb900000,0x00000000eb900000,0x00000000f8c80000)
  from space 14848K, 32% used [0x00000000f8c80000,0x00000000f9130000,0x00000000f9b00000)
  to   space 14848K, 0% used [0x00000000fdc80000,0x00000000fdc80000,0x00000000feb00000)
 ParOldGen       total 57344K, used 48642K [0x00000000c2a00000, 0x00000000c6200000, 0x00000000eb900000)
  object space 57344K, 84% used [0x00000000c2a00000,0x00000000c59809f8,0x00000000c6200000)
 Metaspace       used 22978K, capacity 23726K, committed 23936K, reserved 1071104K
  class space    used 2494K, capacity 2682K, committed 2688K, reserved 1048576K
Event: 74.189 GC heap after
Heap after GC invocations=20 (full 3):
 PSYoungGen      total 231424K, used 0K [0x00000000eb900000, 0x00000000feb00000, 0x0000000100000000)
  eden space 216576K, 0% used [0x00000000eb900000,0x00000000eb900000,0x00000000f8c80000)
  from space 14848K, 0% used [0x00000000f8c80000,0x00000000f8c80000,0x00000000f9b00000)
  to   space 14848K, 0% used [0x00000000fdc80000,0x00000000fdc80000,0x00000000feb00000)
 ParOldGen       total 94720K, used 45801K [0x00000000c2a00000, 0x00000000c8680000, 0x00000000eb900000)
  object space 94720K, 48% used [0x00000000c2a00000,0x00000000c56ba5b0,0x00000000c8680000)
 Metaspace       used 22978K, capacity 23726K, committed 23936K, reserved 1071104K
  class space    used 2494K, capacity 2682K, committed 2688K, reserved 1048576K
}
Event: 77.696 GC heap before
{Heap before GC invocations=21 (full 3):
 PSYoungGen      total 231424K, used 216576K [0x00000000eb900000, 0x00000000feb00000, 0x0000000100000000)
  eden space 216576K, 100% used [0x00000000eb900000,0x00000000f8c80000,0x00000000f8c80000)
  from space 14848K, 0% used [0x00000000f8c80000,0x00000000f8c80000,0x00000000f9b00000)
  to   space 14848K, 0% used [0x00000000fdc80000,0x00000000fdc80000,0x00000000feb00000)
 ParOldGen       total 94720K, used 45801K [0x00000000c2a00000, 0x00000000c8680000, 0x00000000eb900000)
  object space 94720K, 48% used [0x00000000c2a00000,0x00000000c56ba5b0,0x00000000c8680000)
 Metaspace       used 23057K, capacity 23814K, committed 23936K, reserved 1071104K
  class space    used 2497K, capacity 2686K, committed 2688K, reserved 1048576K
Event: 77.717 GC heap after
Heap after GC invocations=21 (full 3):
 PSYoungGen      total 252928K, used 6048K [0x00000000eb900000, 0x00000000fe280000, 0x0000000100000000)
  eden space 246784K, 0% used [0x00000000eb900000,0x00000000eb900000,0x00000000faa00000)
  from space 6144K, 98% used [0x00000000fdc80000,0x00000000fe268000,0x00000000fe280000)
  to   space 14336K, 0% used [0x00000000fc680000,0x00000000fc680000,0x00000000fd480000)
 ParOldGen       total 94720K, used 45809K [0x00000000c2a00000, 0x00000000c8680000, 0x00000000eb900000)
  object space 94720K, 48% used [0x00000000c2a00000,0x00000000c56bc5b0,0x00000000c8680000)
 Metaspace       used 23057K, capacity 23814K, committed 23936K, reserved 1071104K
  class space    used 2497K, capacity 2686K, committed 2688K, reserved 1048576K
}
Event: 81.453 GC heap before
{Heap before GC invocations=22 (full 3):
 PSYoungGen      total 252928K, used 252832K [0x00000000eb900000, 0x00000000fe280000, 0x0000000100000000)
  eden space 246784K, 100% used [0x00000000eb900000,0x00000000faa00000,0x00000000faa00000)
  from space 6144K, 98% used [0x00000000fdc80000,0x00000000fe268000,0x00000000fe280000)
  to   space 14336K, 0% used [0x00000000fc680000,0x00000000fc680000,0x00000000fd480000)
 ParOldGen       total 94720K, used 45809K [0x00000000c2a00000, 0x00000000c8680000, 0x00000000eb900000)
  object space 94720K, 48% used [0x00000000c2a00000,0x00000000c56bc5b0,0x00000000c8680000)
 Metaspace       used 23131K, capacity 23890K, committed 23936K, reserved 1071104K
  class space    used 2498K, capacity 2688K, committed 2688K, reserved 1048576K
Event: 81.545 GC heap after
Heap after GC invocations=22 (full 3):
 PSYoungGen      total 290304K, used 9888K [0x00000000eb900000, 0x00000000fe780000, 0x0000000100000000)
  eden space 275968K, 0% used [0x00000000eb900000,0x00000000eb900000,0x00000000fc680000)
  from space 14336K, 68% used [0x00000000fc680000,0x00000000fd028000,0x00000000fd480000)
  to   space 14336K, 0% used [0x00000000fd980000,0x00000000fd980000,0x00000000fe780000)
 ParOldGen       total 94720K, used 45817K [0x00000000c2a00000, 0x00000000c8680000, 0x00000000eb900000)
  object space 94720K, 48% used [0x00000000c2a00000,0x00000000c56be5b0,0x00000000c8680000)
 Metaspace       used 23131K, capacity 23890K, committed 23936K, reserved 1071104K
  class space    used 2498K, capacity 2688K, committed 2688K, reserved 1048576K
}
Event: 85.882 GC heap before
{Heap before GC invocations=23 (full 3):
 PSYoungGen      total 290304K, used 285856K [0x00000000eb900000, 0x00000000fe780000, 0x0000000100000000)
  eden space 275968K, 100% used [0x00000000eb900000,0x00000000fc680000,0x00000000fc680000)
  from space 14336K, 68% used [0x00000000fc680000,0x00000000fd028000,0x00000000fd480000)
  to   space 14336K, 0% used [0x00000000fd980000,0x00000000fd980000,0x00000000fe780000)
 ParOldGen       total 94720K, used 45817K [0x00000000c2a00000, 0x00000000c8680000, 0x00000000eb900000)
  object space 94720K, 48% used [0x00000000c2a00000,0x00000000c56be5b0,0x00000000c8680000)
 Metaspace       used 23143K, capacity 23890K, committed 23936K, reserved 1071104K
  class space    used 2498K, capacity 2688K, committed 2688K, reserved 1048576K
Event: 85.959 GC heap after
Heap after GC invocations=23 (full 3):
 PSYoungGen      total 295424K, used 9056K [0x00000000eb900000, 0x0000000100000000, 0x0000000100000000)
  eden space 281088K, 0% used [0x00000000eb900000,0x00000000eb900000,0x00000000fcb80000)
  from space 14336K, 63% used [0x00000000fd980000,0x00000000fe258000,0x00000000fe780000)
  to   space 14336K, 0% used [0x00000000fcb80000,0x00000000fcb80000,0x00000000fd980000)
 ParOldGen       total 94720K, used 45825K [0x00000000c2a00000, 0x00000000c8680000, 0x00000000eb900000)
  object space 94720K, 48% used [0x00000000c2a00000,0x00000000c56c05b0,0x00000000c8680000)
 Metaspace       used 23143K, capacity 23890K, committed 23936K, reserved 1071104K
  class space    used 2498K, capacity 2688K, committed 2688K, reserved 1048576K
}

