# JRE version: Java(TM) SE Runtime Environment (8.0_201-b09) (build 1.8.0_201-b09)
# Java VM: Java HotSpot(TM) 64-Bit Server VM (25.201-b09 mixed mode linux-amd64 compressed oops)
Heap:
 PSYoungGen      total 18944K, used 5100K [0x00000000eb900000, 0x00000000ed080000, 0x0000000100000000)
  eden space 13824K, 0% used [0x00000000eb900000,0x00000000eb900000,0x00000000ec680000)
  from space 5120K, 99% used [0x00000000ec680000,0x00000000ecb7b030,0x00000000ecb80000)
  to   space 5120K, 0% used [0x00000000ecb80000,0x00000000ecb80000,0x00000000ed080000)
 ParOldGen       total 42496K, used 10330K [0x00000000c2a00000, 0x00000000c5380000, 0x00000000eb900000)
  object space 42496K, 24% used [0x00000000c2a00000,0x00000000c3416bc8,0x00000000c5380000)
 Metaspace       used 14335K, capacity 14820K, committed 15104K, reserved 1062912K
  class space    used 1622K, capacity 1735K, committed 1792K, reserved 1048576K
GC Heap History (10 events):
Event: 46.540 GC heap after
Heap after GC invocations=7 (full 1):
 PSYoungGen      total 16384K, used 2560K [0x00000000eb900000, 0x00000000ed180000, 0x0000000100000000)
  eden space 13824K, 0% used [0x00000000eb900000,0x00000000eb900000,0x00000000ec680000)
  from space 2560K, 100% used [0x00000000ecb00000,0x00000000ecd80000,0x00000000ecd80000)
  to   space 4608K, 0% used [0x00000000ec680000,0x00000000ec680000,0x00000000ecb00000)
 ParOldGen       total 42496K, used 6875K [0x00000000c2a00000, 0x00000000c5380000, 0x00000000eb900000)
  object space 42496K, 16% used [0x00000000c2a00000,0x00000000c30b6e70,0x00000000c5380000)
 Metaspace       used 13768K, capacity 14130K, committed 14336K, reserved 1062912K
  class space    used 1585K, capacity 1705K, committed 1792K, reserved 1048576K
}
Event: 54.486 GC heap before
{Heap before GC invocations=8 (full 1):
 PSYoungGen      total 16384K, used 16384K [0x00000000eb900000, 0x00000000ed180000, 0x0000000100000000)
  eden space 13824K, 100% used [0x00000000eb900000,0x00000000ec680000,0x00000000ec680000)
  from space 2560K, 100% used [0x00000000ecb00000,0x00000000ecd80000,0x00000000ecd80000)
  to   space 4608K, 0% used [0x00000000ec680000,0x00000000ec680000,0x00000000ecb00000)
 ParOldGen       total 42496K, used 6875K [0x00000000c2a00000, 0x00000000c5380000, 0x00000000eb900000)
  object space 42496K, 16% used [0x00000000c2a00000,0x00000000c30b6e70,0x00000000c5380000)
 Metaspace       used 14213K, capacity 14596K, committed 14848K, reserved 1062912K
  class space    used 1616K, capacity 1731K, committed 1792K, reserved 1048576K
Event: 54.540 GC heap after
Heap after GC invocations=8 (full 1):
 PSYoungGen      total 18432K, used 4216K [0x00000000eb900000, 0x00000000ecf80000, 0x0000000100000000)
  eden space 13824K, 0% used [0x00000000eb900000,0x00000000eb900000,0x00000000ec680000)
  from space 4608K, 91% used [0x00000000ec680000,0x00000000eca9e020,0x00000000ecb00000)
  to   space 4608K, 0% used [0x00000000ecb00000,0x00000000ecb00000,0x00000000ecf80000)
 ParOldGen       total 42496K, used 6875K [0x00000000c2a00000, 0x00000000c5380000, 0x00000000eb900000)
  object space 42496K, 16% used [0x00000000c2a00000,0x00000000c30b6e70,0x00000000c5380000)
 Metaspace       used 14213K, capacity 14596K, committed 14848K, reserved 1062912K
  class space    used 1616K, capacity 1731K, committed 1792K, reserved 1048576K
}
Event: 61.900 GC heap before
{Heap before GC invocations=9 (full 1):
 PSYoungGen      total 18432K, used 18040K [0x00000000eb900000, 0x00000000ecf80000, 0x0000000100000000)
  eden space 13824K, 100% used [0x00000000eb900000,0x00000000ec680000,0x00000000ec680000)
  from space 4608K, 91% used [0x00000000ec680000,0x00000000eca9e020,0x00000000ecb00000)
  to   space 4608K, 0% used [0x00000000ecb00000,0x00000000ecb00000,0x00000000ecf80000)
 ParOldGen       total 42496K, used 6875K [0x00000000c2a00000, 0x00000000c5380000, 0x00000000eb900000)
  object space 42496K, 16% used [0x00000000c2a00000,0x00000000c30b6e70,0x00000000c5380000)
 Metaspace       used 14239K, capacity 14730K, committed 14848K, reserved 1062912K
  class space    used 1618K, capacity 1732K, committed 1792K, reserved 1048576K
Event: 61.938 GC heap after
Heap after GC invocations=9 (full 1):
 PSYoungGen      total 18432K, used 2784K [0x00000000eb900000, 0x00000000ecf80000, 0x0000000100000000)
  eden space 13824K, 0% used [0x00000000eb900000,0x00000000eb900000,0x00000000ec680000)
  from space 4608K, 60% used [0x00000000ecb00000,0x00000000ecdb8000,0x00000000ecf80000)
  to   space 4608K, 0% used [0x00000000ec680000,0x00000000ec680000,0x00000000ecb00000)
 ParOldGen       total 42496K, used 7502K [0x00000000c2a00000, 0x00000000c5380000, 0x00000000eb900000)
  object space 42496K, 17% used [0x00000000c2a00000,0x00000000c3153b98,0x00000000c5380000)
 Metaspace       used 14239K, capacity 14730K, committed 14848K, reserved 1062912K
  class space    used 1618K, capacity 1732K, committed 1792K, reserved 1048576K
}
Event: 79.608 GC heap before
{Heap before GC invocations=10 (full 1):
 PSYoungGen      total 18432K, used 16608K [0x00000000eb900000, 0x00000000ecf80000, 0x0000000100000000)
  eden space 13824K, 100% used [0x00000000eb900000,0x00000000ec680000,0x00000000ec680000)
  from space 4608K, 60% used [0x00000000ecb00000,0x00000000ecdb8000,0x00000000ecf80000)
  to   space 4608K, 0% used [0x00000000ec680000,0x00000000ec680000,0x00000000ecb00000)
 ParOldGen       total 42496K, used 7502K [0x00000000c2a00000, 0x00000000c5380000, 0x00000000eb900000)
  object space 42496K, 17% used [0x00000000c2a00000,0x00000000c3153b98,0x00000000c5380000)
 Metaspace       used 14264K, capacity 14742K, committed 14848K, reserved 1062912K
  class space    used 1620K, capacity 1734K, committed 1792K, reserved 1048576K
Event: 79.624 GC heap after
Heap after GC invocations=10 (full 1):
 PSYoungGen      total 18432K, used 2082K [0x00000000eb900000, 0x00000000ed080000, 0x0000000100000000)
  eden space 13824K, 0% used [0x00000000eb900000,0x00000000eb900000,0x00000000ec680000)
  from space 4608K, 45% used [0x00000000ec680000,0x00000000ec888820,0x00000000ecb00000)
  to   space 5120K, 0% used [0x00000000ecb80000,0x00000000ecb80000,0x00000000ed080000)
 ParOldGen       total 42496K, used 8766K [0x00000000c2a00000, 0x00000000c5380000, 0x00000000eb900000)
  object space 42496K, 20% used [0x00000000c2a00000,0x00000000c328fb98,0x00000000c5380000)
 Metaspace       used 14264K, capacity 14742K, committed 14848K, reserved 1062912K
  class space    used 1620K, capacity 1734K, committed 1792K, reserved 1048576K
}
Event: 91.534 GC heap before
{Heap before GC invocations=11 (full 1):
 PSYoungGen      total 18432K, used 15906K [0x00000000eb900000, 0x00000000ed080000, 0x0000000100000000)
  eden space 13824K, 100% used [0x00000000eb900000,0x00000000ec680000,0x00000000ec680000)
  from space 4608K, 45% used [0x00000000ec680000,0x00000000ec888820,0x00000000ecb00000)
  to   space 5120K, 0% used [0x00000000ecb80000,0x00000000ecb80000,0x00000000ed080000)
 ParOldGen       total 42496K, used 8766K [0x00000000c2a00000, 0x00000000c5380000, 0x00000000eb900000)
  object space 42496K, 20% used [0x00000000c2a00000,0x00000000c328fb98,0x00000000c5380000)
 Metaspace       used 14333K, capacity 14820K, committed 15104K, reserved 1062912K
  class space    used 1622K, capacity 1735K, committed 1792K, reserved 1048576K
Event: 91.560 GC heap after
Heap after GC invocations=11 (full 1):
 PSYoungGen      total 18944K, used 1368K [0x00000000eb900000, 0x00000000ed080000, 0x0000000100000000)
  eden space 13824K, 0% used [0x00000000eb900000,0x00000000eb900000,0x00000000ec680000)
  from space 5120K, 26% used [0x00000000ecb80000,0x00000000eccd6020,0x00000000ed080000)
  to   space 5120K, 0% used [0x00000000ec680000,0x00000000ec680000,0x00000000ecb80000)
 ParOldGen       total 42496K, used 9794K [0x00000000c2a00000, 0x00000000c5380000, 0x00000000eb900000)
  object space 42496K, 23% used [0x00000000c2a00000,0x00000000c3390ba8,0x00000000c5380000)
 Metaspace       used 14333K, capacity 14820K, committed 15104K, reserved 1062912K
  class space    used 1622K, capacity 1735K, committed 1792K, reserved 1048576K
}
Event: 93.590 GC heap before
{Heap before GC invocations=12 (full 1):
 PSYoungGen      total 18944K, used 15192K [0x00000000eb900000, 0x00000000ed080000, 0x0000000100000000)
  eden space 13824K, 100% used [0x00000000eb900000,0x00000000ec680000,0x00000000ec680000)
  from space 5120K, 26% used [0x00000000ecb80000,0x00000000eccd6020,0x00000000ed080000)
  to   space 5120K, 0% used [0x00000000ec680000,0x00000000ec680000,0x00000000ecb80000)
 ParOldGen       total 42496K, used 9794K [0x00000000c2a00000, 0x00000000c5380000, 0x00000000eb900000)
  object space 42496K, 23% used [0x00000000c2a00000,0x00000000c3390ba8,0x00000000c5380000)
 Metaspace       used 14335K, capacity 14820K, committed 15104K, reserved 1062912K
  class space    used 1622K, capacity 1735K, committed 1792K, reserved 1048576K

