# JRE version: Java(TM) SE Runtime Environment (8.0_201-b09) (build 1.8.0_201-b09)
# Java VM: Java HotSpot(TM) 64-Bit Server VM (25.201-b09 mixed mode linux-amd64 compressed oops)
Heap:
 PSYoungGen      total 253440K, used 14776K [0x00000000eb900000, 0x0000000100000000, 0x0000000100000000)
  eden space 206848K, 0% used [0x00000000eb900000,0x00000000eb900000,0x00000000f8300000)
  from space 46592K, 31% used [0x00000000fd280000,0x00000000fe0ee1b8,0x0000000100000000)
  to   space 64000K, 0% used [0x00000000f8300000,0x00000000f8300000,0x00000000fc180000)
 ParOldGen       total 131584K, used 131093K [0x00000000c2a00000, 0x00000000caa80000, 0x00000000eb900000)
  object space 131584K, 99% used [0x00000000c2a00000,0x00000000caa05628,0x00000000caa80000)
 Metaspace       used 25269K, capacity 26348K, committed 26496K, reserved 1073152K
  class space    used 2613K, capacity 2874K, committed 2944K, reserved 1048576K
GC Heap History (10 events):
Event: 91.588 GC heap after
Heap after GC invocations=49 (full 3):
 PSYoungGen      total 293376K, used 28700K [0x00000000eb900000, 0x0000000100000000, 0x0000000100000000)
  eden space 258048K, 0% used [0x00000000eb900000,0x00000000eb900000,0x00000000fb500000)
  from space 35328K, 81% used [0x00000000fdd80000,0x00000000ff987250,0x0000000100000000)
  to   space 38400K, 0% used [0x00000000fb500000,0x00000000fb500000,0x00000000fda80000)
 ParOldGen       total 131584K, used 111667K [0x00000000c2a00000, 0x00000000caa80000, 0x00000000eb900000)
  object space 131584K, 84% used [0x00000000c2a00000,0x00000000c970cf18,0x00000000caa80000)
 Metaspace       used 24859K, capacity 25868K, committed 25984K, reserved 1073152K
  class space    used 2593K, capacity 2838K, committed 2944K, reserved 1048576K
}
Event: 95.301 GC heap before
{Heap before GC invocations=50 (full 3):
 PSYoungGen      total 293376K, used 286748K [0x00000000eb900000, 0x0000000100000000, 0x0000000100000000)
  eden space 258048K, 100% used [0x00000000eb900000,0x00000000fb500000,0x00000000fb500000)
  from space 35328K, 81% used [0x00000000fdd80000,0x00000000ff987250,0x0000000100000000)
  to   space 38400K, 0% used [0x00000000fb500000,0x00000000fb500000,0x00000000fda80000)
 ParOldGen       total 131584K, used 111667K [0x00000000c2a00000, 0x00000000caa80000, 0x00000000eb900000)
  object space 131584K, 84% used [0x00000000c2a00000,0x00000000c970cf18,0x00000000caa80000)
 Metaspace       used 24959K, capacity 25992K, committed 26240K, reserved 1073152K
  class space    used 2598K, capacity 2848K, committed 2944K, reserved 1048576K
Event: 95.344 GC heap after
Heap after GC invocations=50 (full 3):
 PSYoungGen      total 288256K, used 30194K [0x00000000eb900000, 0x0000000100000000, 0x0000000100000000)
  eden space 258048K, 0% used [0x00000000eb900000,0x00000000eb900000,0x00000000fb500000)
  from space 30208K, 99% used [0x00000000fb500000,0x00000000fd27cad8,0x00000000fd280000)
  to   space 41472K, 0% used [0x00000000fd780000,0x00000000fd780000,0x0000000100000000)
 ParOldGen       total 131584K, used 113103K [0x00000000c2a00000, 0x00000000caa80000, 0x00000000eb900000)
  object space 131584K, 85% used [0x00000000c2a00000,0x00000000c9873f48,0x00000000caa80000)
 Metaspace       used 24959K, capacity 25992K, committed 26240K, reserved 1073152K
  class space    used 2598K, capacity 2848K, committed 2944K, reserved 1048576K
}
Event: 97.691 GC heap before
{Heap before GC invocations=51 (full 3):
 PSYoungGen      total 288256K, used 288242K [0x00000000eb900000, 0x0000000100000000, 0x0000000100000000)
  eden space 258048K, 100% used [0x00000000eb900000,0x00000000fb500000,0x00000000fb500000)
  from space 30208K, 99% used [0x00000000fb500000,0x00000000fd27cad8,0x00000000fd280000)
  to   space 41472K, 0% used [0x00000000fd780000,0x00000000fd780000,0x0000000100000000)
 ParOldGen       total 131584K, used 113103K [0x00000000c2a00000, 0x00000000caa80000, 0x00000000eb900000)
  object space 131584K, 85% used [0x00000000c2a00000,0x00000000c9873f48,0x00000000caa80000)
 Metaspace       used 25092K, capacity 26204K, committed 26496K, reserved 1073152K
  class space    used 2606K, capacity 2862K, committed 2944K, reserved 1048576K
Event: 97.755 GC heap after
Heap after GC invocations=51 (full 3):
 PSYoungGen      total 283136K, used 39266K [0x00000000eb900000, 0x0000000100000000, 0x0000000100000000)
  eden space 241664K, 0% used [0x00000000eb900000,0x00000000eb900000,0x00000000fa500000)
  from space 41472K, 94% used [0x00000000fd780000,0x00000000ffdd8bd8,0x0000000100000000)
  to   space 46592K, 0% used [0x00000000fa500000,0x00000000fa500000,0x00000000fd280000)
 ParOldGen       total 131584K, used 113551K [0x00000000c2a00000, 0x00000000caa80000, 0x00000000eb900000)
  object space 131584K, 86% used [0x00000000c2a00000,0x00000000c98e3f48,0x00000000caa80000)
 Metaspace       used 25092K, capacity 26204K, committed 26496K, reserved 1073152K
  class space    used 2606K, capacity 2862K, committed 2944K, reserved 1048576K
}
Event: 100.149 GC heap before
{Heap before GC invocations=52 (full 3):
 PSYoungGen      total 283136K, used 280930K [0x00000000eb900000, 0x0000000100000000, 0x0000000100000000)
  eden space 241664K, 100% used [0x00000000eb900000,0x00000000fa500000,0x00000000fa500000)
  from space 41472K, 94% used [0x00000000fd780000,0x00000000ffdd8bd8,0x0000000100000000)
  to   space 46592K, 0% used [0x00000000fa500000,0x00000000fa500000,0x00000000fd280000)
 ParOldGen       total 131584K, used 113551K [0x00000000c2a00000, 0x00000000caa80000, 0x00000000eb900000)
  object space 131584K, 86% used [0x00000000c2a00000,0x00000000c98e3f48,0x00000000caa80000)
 Metaspace       used 25204K, capacity 26336K, committed 26496K, reserved 1073152K
  class space    used 2612K, capacity 2872K, committed 2944K, reserved 1048576K
Event: 100.256 GC heap after
Heap after GC invocations=52 (full 3):
 PSYoungGen      total 288256K, used 46563K [0x00000000eb900000, 0x0000000100000000, 0x0000000100000000)
  eden space 241664K, 0% used [0x00000000eb900000,0x00000000eb900000,0x00000000fa500000)
  from space 46592K, 99% used [0x00000000fa500000,0x00000000fd278ed8,0x00000000fd280000)
  to   space 46592K, 0% used [0x00000000fd280000,0x00000000fd280000,0x0000000100000000)
 ParOldGen       total 131584K, used 119252K [0x00000000c2a00000, 0x00000000caa80000, 0x00000000eb900000)
  object space 131584K, 90% used [0x00000000c2a00000,0x00000000c9e752c0,0x00000000caa80000)
 Metaspace       used 25204K, capacity 26336K, committed 26496K, reserved 1073152K
  class space    used 2612K, capacity 2872K, committed 2944K, reserved 1048576K
}
Event: 102.948 GC heap before
{Heap before GC invocations=53 (full 3):
 PSYoungGen      total 288256K, used 288227K [0x00000000eb900000, 0x0000000100000000, 0x0000000100000000)
  eden space 241664K, 100% used [0x00000000eb900000,0x00000000fa500000,0x00000000fa500000)
  from space 46592K, 99% used [0x00000000fa500000,0x00000000fd278ed8,0x00000000fd280000)
  to   space 46592K, 0% used [0x00000000fd280000,0x00000000fd280000,0x0000000100000000)
 ParOldGen       total 131584K, used 119252K [0x00000000c2a00000, 0x00000000caa80000, 0x00000000eb900000)
  object space 131584K, 90% used [0x00000000c2a00000,0x00000000c9e752c0,0x00000000caa80000)
 Metaspace       used 25269K, capacity 26348K, committed 26496K, reserved 1073152K
  class space    used 2613K, capacity 2874K, committed 2944K, reserved 1048576K
Event: 103.021 GC heap after
Heap after GC invocations=53 (full 3):
 PSYoungGen      total 253440K, used 46561K [0x00000000eb900000, 0x0000000100000000, 0x0000000100000000)
  eden space 206848K, 0% used [0x00000000eb900000,0x00000000eb900000,0x00000000f8300000)
  from space 46592K, 99% used [0x00000000fd280000,0x00000000ffff8458,0x0000000100000000)
  to   space 64000K, 0% used [0x00000000f8300000,0x00000000f8300000,0x00000000fc180000)
 ParOldGen       total 131584K, used 125820K [0x00000000c2a00000, 0x00000000caa80000, 0x00000000eb900000)
  object space 131584K, 95% used [0x00000000c2a00000,0x00000000ca4df1b0,0x00000000caa80000)
 Metaspace       used 25269K, capacity 26348K, committed 26496K, reserved 1073152K
  class space    used 2613K, capacity 2874K, committed 2944K, reserved 1048576K
}
Event: 103.021 GC heap before
{Heap before GC invocations=54 (full 4):
 PSYoungGen      total 253440K, used 46561K [0x00000000eb900000, 0x0000000100000000, 0x0000000100000000)
  eden space 206848K, 0% used [0x00000000eb900000,0x00000000eb900000,0x00000000f8300000)
  from space 46592K, 99% used [0x00000000fd280000,0x00000000ffff8458,0x0000000100000000)
  to   space 64000K, 0% used [0x00000000f8300000,0x00000000f8300000,0x00000000fc180000)
 ParOldGen       total 131584K, used 125820K [0x00000000c2a00000, 0x00000000caa80000, 0x00000000eb900000)
  object space 131584K, 95% used [0x00000000c2a00000,0x00000000ca4df1b0,0x00000000caa80000)
 Metaspace       used 25269K, capacity 26348K, committed 26496K, reserved 1073152K
  class space    used 2613K, capacity 2874K, committed 2944K, reserved 1048576K

