# JRE version: Java(TM) SE Runtime Environment (8.0_201-b09) (build 1.8.0_201-b09)
# Java VM: Java HotSpot(TM) 64-Bit Server VM (25.201-b09 mixed mode linux-amd64 compressed oops)
Heap:
 PSYoungGen      total 154112K, used 352K [0x00000000eb900000, 0x00000000f7100000, 0x0000000100000000)
  eden space 148480K, 0% used [0x00000000eb900000,0x00000000eb900000,0x00000000f4a00000)
  from space 5632K, 6% used [0x00000000f4a00000,0x00000000f4a58000,0x00000000f4f80000)
  to   space 5632K, 0% used [0x00000000f4f80000,0x00000000f4f80000,0x00000000f5500000)
 ParOldGen       total 42496K, used 7998K [0x00000000c2a00000, 0x00000000c5380000, 0x00000000eb900000)
  object space 42496K, 18% used [0x00000000c2a00000,0x00000000c31cf958,0x00000000c5380000)
 Metaspace       used 13807K, capacity 14224K, committed 14336K, reserved 1062912K
  class space    used 1592K, capacity 1710K, committed 1792K, reserved 1048576K
GC Heap History (10 events):
Event: 29.102 GC heap after
Heap after GC invocations=9 (full 1):
 PSYoungGen      total 62464K, used 1120K [0x00000000eb900000, 0x00000000efc00000, 0x0000000100000000)
  eden space 57856K, 0% used [0x00000000eb900000,0x00000000eb900000,0x00000000ef180000)
  from space 4608K, 24% used [0x00000000ef680000,0x00000000ef798000,0x00000000efb00000)
  to   space 5120K, 0% used [0x00000000ef180000,0x00000000ef180000,0x00000000ef680000)
 ParOldGen       total 42496K, used 6778K [0x00000000c2a00000, 0x00000000c5380000, 0x00000000eb900000)
  object space 42496K, 15% used [0x00000000c2a00000,0x00000000c309e928,0x00000000c5380000)
 Metaspace       used 13797K, capacity 14224K, committed 14336K, reserved 1062912K
  class space    used 1592K, capacity 1710K, committed 1792K, reserved 1048576K
}
Event: 30.797 GC heap before
{Heap before GC invocations=10 (full 1):
 PSYoungGen      total 62464K, used 58976K [0x00000000eb900000, 0x00000000efc00000, 0x0000000100000000)
  eden space 57856K, 100% used [0x00000000eb900000,0x00000000ef180000,0x00000000ef180000)
  from space 4608K, 24% used [0x00000000ef680000,0x00000000ef798000,0x00000000efb00000)
  to   space 5120K, 0% used [0x00000000ef180000,0x00000000ef180000,0x00000000ef680000)
 ParOldGen       total 42496K, used 6778K [0x00000000c2a00000, 0x00000000c5380000, 0x00000000eb900000)
  object space 42496K, 15% used [0x00000000c2a00000,0x00000000c309e928,0x00000000c5380000)
 Metaspace       used 13798K, capacity 14224K, committed 14336K, reserved 1062912K
  class space    used 1592K, capacity 1710K, committed 1792K, reserved 1048576K
Event: 30.841 GC heap after
Heap after GC invocations=10 (full 1):
 PSYoungGen      total 62976K, used 192K [0x00000000eb900000, 0x00000000f3500000, 0x0000000100000000)
  eden space 57856K, 0% used [0x00000000eb900000,0x00000000eb900000,0x00000000ef180000)
  from space 5120K, 3% used [0x00000000ef180000,0x00000000ef1b0000,0x00000000ef680000)
  to   space 5632K, 0% used [0x00000000f2f80000,0x00000000f2f80000,0x00000000f3500000)
 ParOldGen       total 42496K, used 7838K [0x00000000c2a00000, 0x00000000c5380000, 0x00000000eb900000)
  object space 42496K, 18% used [0x00000000c2a00000,0x00000000c31a7958,0x00000000c5380000)
 Metaspace       used 13798K, capacity 14224K, committed 14336K, reserved 1062912K
  class space    used 1592K, capacity 1710K, committed 1792K, reserved 1048576K
}
Event: 31.225 GC heap before
{Heap before GC invocations=11 (full 1):
 PSYoungGen      total 62976K, used 58048K [0x00000000eb900000, 0x00000000f3500000, 0x0000000100000000)
  eden space 57856K, 100% used [0x00000000eb900000,0x00000000ef180000,0x00000000ef180000)
  from space 5120K, 3% used [0x00000000ef180000,0x00000000ef1b0000,0x00000000ef680000)
  to   space 5632K, 0% used [0x00000000f2f80000,0x00000000f2f80000,0x00000000f3500000)
 ParOldGen       total 42496K, used 7838K [0x00000000c2a00000, 0x00000000c5380000, 0x00000000eb900000)
  object space 42496K, 18% used [0x00000000c2a00000,0x00000000c31a7958,0x00000000c5380000)
 Metaspace       used 13799K, capacity 14224K, committed 14336K, reserved 1062912K
  class space    used 1592K, capacity 1710K, committed 1792K, reserved 1048576K
Event: 31.401 GC heap after
Heap after GC invocations=11 (full 1):
 PSYoungGen      total 93184K, used 192K [0x00000000eb900000, 0x00000000f3000000, 0x0000000100000000)
  eden space 92672K, 0% used [0x00000000eb900000,0x00000000eb900000,0x00000000f1380000)
  from space 512K, 37% used [0x00000000f2f80000,0x00000000f2fb0000,0x00000000f3000000)
  to   space 5632K, 0% used [0x00000000f2500000,0x00000000f2500000,0x00000000f2a80000)
 ParOldGen       total 42496K, used 7878K [0x00000000c2a00000, 0x00000000c5380000, 0x00000000eb900000)
  object space 42496K, 18% used [0x00000000c2a00000,0x00000000c31b1958,0x00000000c5380000)
 Metaspace       used 13799K, capacity 14224K, committed 14336K, reserved 1062912K
  class space    used 1592K, capacity 1710K, committed 1792K, reserved 1048576K
}
Event: 32.144 GC heap before
{Heap before GC invocations=12 (full 1):
 PSYoungGen      total 93184K, used 92864K [0x00000000eb900000, 0x00000000f3000000, 0x0000000100000000)
  eden space 92672K, 100% used [0x00000000eb900000,0x00000000f1380000,0x00000000f1380000)
  from space 512K, 37% used [0x00000000f2f80000,0x00000000f2fb0000,0x00000000f3000000)
  to   space 5632K, 0% used [0x00000000f2500000,0x00000000f2500000,0x00000000f2a80000)
 ParOldGen       total 42496K, used 7878K [0x00000000c2a00000, 0x00000000c5380000, 0x00000000eb900000)
  object space 42496K, 18% used [0x00000000c2a00000,0x00000000c31b1958,0x00000000c5380000)
 Metaspace       used 13802K, capacity 14224K, committed 14336K, reserved 1062912K
  class space    used 1592K, capacity 1710K, committed 1792K, reserved 1048576K
Event: 32.145 GC heap after
Heap after GC invocations=12 (full 1):
 PSYoungGen      total 116224K, used 160K [0x00000000eb900000, 0x00000000f5500000, 0x0000000100000000)
  eden space 110592K, 0% used [0x00000000eb900000,0x00000000eb900000,0x00000000f2500000)
  from space 5632K, 2% used [0x00000000f2500000,0x00000000f2528000,0x00000000f2a80000)
  to   space 5632K, 0% used [0x00000000f4f80000,0x00000000f4f80000,0x00000000f5500000)
 ParOldGen       total 42496K, used 7910K [0x00000000c2a00000, 0x00000000c5380000, 0x00000000eb900000)
  object space 42496K, 18% used [0x00000000c2a00000,0x00000000c31b9958,0x00000000c5380000)
 Metaspace       used 13802K, capacity 14224K, committed 14336K, reserved 1062912K
  class space    used 1592K, capacity 1710K, committed 1792K, reserved 1048576K
}
Event: 32.791 GC heap before
{Heap before GC invocations=13 (full 1):
 PSYoungGen      total 116224K, used 110752K [0x00000000eb900000, 0x00000000f5500000, 0x0000000100000000)
  eden space 110592K, 100% used [0x00000000eb900000,0x00000000f2500000,0x00000000f2500000)
  from space 5632K, 2% used [0x00000000f2500000,0x00000000f2528000,0x00000000f2a80000)
  to   space 5632K, 0% used [0x00000000f4f80000,0x00000000f4f80000,0x00000000f5500000)
 ParOldGen       total 42496K, used 7910K [0x00000000c2a00000, 0x00000000c5380000, 0x00000000eb900000)
  object space 42496K, 18% used [0x00000000c2a00000,0x00000000c31b9958,0x00000000c5380000)
 Metaspace       used 13806K, capacity 14224K, committed 14336K, reserved 1062912K
  class space    used 1592K, capacity 1710K, committed 1792K, reserved 1048576K
Event: 32.794 GC heap after
Heap after GC invocations=13 (full 1):
 PSYoungGen      total 154112K, used 192K [0x00000000eb900000, 0x00000000f7100000, 0x0000000100000000)
  eden space 148480K, 0% used [0x00000000eb900000,0x00000000eb900000,0x00000000f4a00000)
  from space 5632K, 3% used [0x00000000f4f80000,0x00000000f4fb0000,0x00000000f5500000)
  to   space 5632K, 0% used [0x00000000f4a00000,0x00000000f4a00000,0x00000000f4f80000)
 ParOldGen       total 42496K, used 7950K [0x00000000c2a00000, 0x00000000c5380000, 0x00000000eb900000)
  object space 42496K, 18% used [0x00000000c2a00000,0x00000000c31c3958,0x00000000c5380000)
 Metaspace       used 13806K, capacity 14224K, committed 14336K, reserved 1062912K
  class space    used 1592K, capacity 1710K, committed 1792K, reserved 1048576K
}
Event: 33.936 GC heap before
{Heap before GC invocations=14 (full 1):
 PSYoungGen      total 154112K, used 148672K [0x00000000eb900000, 0x00000000f7100000, 0x0000000100000000)
  eden space 148480K, 100% used [0x00000000eb900000,0x00000000f4a00000,0x00000000f4a00000)
  from space 5632K, 3% used [0x00000000f4f80000,0x00000000f4fb0000,0x00000000f5500000)
  to   space 5632K, 0% used [0x00000000f4a00000,0x00000000f4a00000,0x00000000f4f80000)
 ParOldGen       total 42496K, used 7950K [0x00000000c2a00000, 0x00000000c5380000, 0x00000000eb900000)
  object space 42496K, 18% used [0x00000000c2a00000,0x00000000c31c3958,0x00000000c5380000)
 Metaspace       used 13807K, capacity 14224K, committed 14336K, reserved 1062912K
  class space    used 1592K, capacity 1710K, committed 1792K, reserved 1048576K

