# JRE version: Java(TM) SE Runtime Environment (8.0_201-b09) (build 1.8.0_201-b09)
# Java VM: Java HotSpot(TM) 64-Bit Server VM (25.201-b09 mixed mode linux-amd64 compressed oops)
Heap:
 PSYoungGen      total 307200K, used 0K [0x00000000eb900000, 0x0000000100000000, 0x0000000100000000)
  eden space 290816K, 0% used [0x00000000eb900000,0x00000000eb900000,0x00000000fd500000)
  from space 16384K, 0% used [0x00000000ff000000,0x00000000ff000000,0x0000000100000000)
  to   space 22016K, 0% used [0x00000000fd500000,0x00000000fd500000,0x00000000fea80000)
 ParOldGen       total 66560K, used 58436K [0x00000000c2a00000, 0x00000000c6b00000, 0x00000000eb900000)
  object space 66560K, 87% used [0x00000000c2a00000,0x00000000c6311308,0x00000000c6b00000)
 Metaspace       used 27675K, capacity 28432K, committed 28672K, reserved 1075200K
  class space    used 3309K, capacity 3506K, committed 3584K, reserved 1048576K
GC Heap History (10 events):
Event: 15.499 GC heap after
Heap after GC invocations=14 (full 1):
 PSYoungGen      total 320000K, used 11037K [0x00000000eb900000, 0x0000000100000000, 0x0000000100000000)
  eden space 308736K, 0% used [0x00000000eb900000,0x00000000eb900000,0x00000000fe680000)
  from space 11264K, 97% used [0x00000000fe680000,0x00000000ff147488,0x00000000ff180000)
  to   space 14336K, 0% used [0x00000000ff200000,0x00000000ff200000,0x0000000100000000)
 ParOldGen       total 42496K, used 31571K [0x00000000c2a00000, 0x00000000c5380000, 0x00000000eb900000)
  object space 42496K, 74% used [0x00000000c2a00000,0x00000000c48d4de8,0x00000000c5380000)
 Metaspace       used 20742K, capacity 21126K, committed 21248K, reserved 1069056K
  class space    used 2323K, capacity 2467K, committed 2560K, reserved 1048576K
}
Event: 15.499 GC heap before
{Heap before GC invocations=15 (full 2):
 PSYoungGen      total 320000K, used 11037K [0x00000000eb900000, 0x0000000100000000, 0x0000000100000000)
  eden space 308736K, 0% used [0x00000000eb900000,0x00000000eb900000,0x00000000fe680000)
  from space 11264K, 97% used [0x00000000fe680000,0x00000000ff147488,0x00000000ff180000)
  to   space 14336K, 0% used [0x00000000ff200000,0x00000000ff200000,0x0000000100000000)
 ParOldGen       total 42496K, used 31571K [0x00000000c2a00000, 0x00000000c5380000, 0x00000000eb900000)
  object space 42496K, 74% used [0x00000000c2a00000,0x00000000c48d4de8,0x00000000c5380000)
 Metaspace       used 20742K, capacity 21126K, committed 21248K, reserved 1069056K
  class space    used 2323K, capacity 2467K, committed 2560K, reserved 1048576K
Event: 16.130 GC heap after
Heap after GC invocations=15 (full 2):
 PSYoungGen      total 320000K, used 0K [0x00000000eb900000, 0x0000000100000000, 0x0000000100000000)
  eden space 308736K, 0% used [0x00000000eb900000,0x00000000eb900000,0x00000000fe680000)
  from space 11264K, 0% used [0x00000000fe680000,0x00000000fe680000,0x00000000ff180000)
  to   space 14336K, 0% used [0x00000000ff200000,0x00000000ff200000,0x0000000100000000)
 ParOldGen       total 66560K, used 31332K [0x00000000c2a00000, 0x00000000c6b00000, 0x00000000eb900000)
  object space 66560K, 47% used [0x00000000c2a00000,0x00000000c48992d8,0x00000000c6b00000)
 Metaspace       used 20742K, capacity 21126K, committed 21248K, reserved 1069056K
  class space    used 2323K, capacity 2467K, committed 2560K, reserved 1048576K
}
Event: 25.288 GC heap before
{Heap before GC invocations=16 (full 2):
 PSYoungGen      total 320000K, used 308736K [0x00000000eb900000, 0x0000000100000000, 0x0000000100000000)
  eden space 308736K, 100% used [0x00000000eb900000,0x00000000fe680000,0x00000000fe680000)
  from space 11264K, 0% used [0x00000000fe680000,0x00000000fe680000,0x00000000ff180000)
  to   space 14336K, 0% used [0x00000000ff200000,0x00000000ff200000,0x0000000100000000)
 ParOldGen       total 66560K, used 31332K [0x00000000c2a00000, 0x00000000c6b00000, 0x00000000eb900000)
  object space 66560K, 47% used [0x00000000c2a00000,0x00000000c48992d8,0x00000000c6b00000)
 Metaspace       used 23064K, capacity 23776K, committed 24064K, reserved 1071104K
  class space    used 2507K, capacity 2701K, committed 2816K, reserved 1048576K
Event: 25.362 GC heap after
Heap after GC invocations=16 (full 2):
 PSYoungGen      total 316416K, used 13506K [0x00000000eb900000, 0x0000000100000000, 0x0000000100000000)
  eden space 302080K, 0% used [0x00000000eb900000,0x00000000eb900000,0x00000000fe000000)
  from space 14336K, 94% used [0x00000000ff200000,0x00000000fff309a8,0x0000000100000000)
  to   space 16384K, 0% used [0x00000000fe000000,0x00000000fe000000,0x00000000ff000000)
 ParOldGen       total 66560K, used 31340K [0x00000000c2a00000, 0x00000000c6b00000, 0x00000000eb900000)
  object space 66560K, 47% used [0x00000000c2a00000,0x00000000c489b2d8,0x00000000c6b00000)
 Metaspace       used 23064K, capacity 23776K, committed 24064K, reserved 1071104K
  class space    used 2507K, capacity 2701K, committed 2816K, reserved 1048576K
}
Event: 38.233 GC heap before
{Heap before GC invocations=17 (full 2):
 PSYoungGen      total 316416K, used 315586K [0x00000000eb900000, 0x0000000100000000, 0x0000000100000000)
  eden space 302080K, 100% used [0x00000000eb900000,0x00000000fe000000,0x00000000fe000000)
  from space 14336K, 94% used [0x00000000ff200000,0x00000000fff309a8,0x0000000100000000)
  to   space 16384K, 0% used [0x00000000fe000000,0x00000000fe000000,0x00000000ff000000)
 ParOldGen       total 66560K, used 31340K [0x00000000c2a00000, 0x00000000c6b00000, 0x00000000eb900000)
  object space 66560K, 47% used [0x00000000c2a00000,0x00000000c489b2d8,0x00000000c6b00000)
 Metaspace       used 27475K, capacity 28182K, committed 28416K, reserved 1075200K
  class space    used 3302K, capacity 3507K, committed 3584K, reserved 1048576K
Event: 38.340 GC heap after
Heap after GC invocations=17 (full 2):
 PSYoungGen      total 318464K, used 16368K [0x00000000eb900000, 0x0000000100000000, 0x0000000100000000)
  eden space 302080K, 0% used [0x00000000eb900000,0x00000000eb900000,0x00000000fe000000)
  from space 16384K, 99% used [0x00000000fe000000,0x00000000feffc250,0x00000000ff000000)
  to   space 16384K, 0% used [0x00000000ff000000,0x00000000ff000000,0x0000000100000000)
 ParOldGen       total 66560K, used 39753K [0x00000000c2a00000, 0x00000000c6b00000, 0x00000000eb900000)
  object space 66560K, 59% used [0x00000000c2a00000,0x00000000c50d26a0,0x00000000c6b00000)
 Metaspace       used 27475K, capacity 28182K, committed 28416K, reserved 1075200K
  class space    used 3302K, capacity 3507K, committed 3584K, reserved 1048576K
}
Event: 42.155 GC heap before
{Heap before GC invocations=18 (full 2):
 PSYoungGen      total 318464K, used 318448K [0x00000000eb900000, 0x0000000100000000, 0x0000000100000000)
  eden space 302080K, 100% used [0x00000000eb900000,0x00000000fe000000,0x00000000fe000000)
  from space 16384K, 99% used [0x00000000fe000000,0x00000000feffc250,0x00000000ff000000)
  to   space 16384K, 0% used [0x00000000ff000000,0x00000000ff000000,0x0000000100000000)
 ParOldGen       total 66560K, used 39753K [0x00000000c2a00000, 0x00000000c6b00000, 0x00000000eb900000)
  object space 66560K, 59% used [0x00000000c2a00000,0x00000000c50d26a0,0x00000000c6b00000)
 Metaspace       used 27686K, capacity 28450K, committed 28672K, reserved 1075200K
  class space    used 3311K, capacity 3509K, committed 3584K, reserved 1048576K
Event: 42.584 GC heap after
Heap after GC invocations=18 (full 2):
 PSYoungGen      total 307200K, used 9888K [0x00000000eb900000, 0x0000000100000000, 0x0000000100000000)
  eden space 290816K, 0% used [0x00000000eb900000,0x00000000eb900000,0x00000000fd500000)
  from space 16384K, 60% used [0x00000000ff000000,0x00000000ff9a8000,0x0000000100000000)
  to   space 22016K, 0% used [0x00000000fd500000,0x00000000fd500000,0x00000000fea80000)
 ParOldGen       total 66560K, used 55157K [0x00000000c2a00000, 0x00000000c6b00000, 0x00000000eb900000)
  object space 66560K, 82% used [0x00000000c2a00000,0x00000000c5fdd708,0x00000000c6b00000)
 Metaspace       used 27686K, capacity 28450K, committed 28672K, reserved 1075200K
  class space    used 3311K, capacity 3509K, committed 3584K, reserved 1048576K
}
Event: 42.586 GC heap before
{Heap before GC invocations=19 (full 3):
 PSYoungGen      total 307200K, used 9888K [0x00000000eb900000, 0x0000000100000000, 0x0000000100000000)
  eden space 290816K, 0% used [0x00000000eb900000,0x00000000eb900000,0x00000000fd500000)
  from space 16384K, 60% used [0x00000000ff000000,0x00000000ff9a8000,0x0000000100000000)
  to   space 22016K, 0% used [0x00000000fd500000,0x00000000fd500000,0x00000000fea80000)
 ParOldGen       total 66560K, used 55157K [0x00000000c2a00000, 0x00000000c6b00000, 0x00000000eb900000)
  object space 66560K, 82% used [0x00000000c2a00000,0x00000000c5fdd708,0x00000000c6b00000)
 Metaspace       used 27686K, capacity 28450K, committed 28672K, reserved 1075200K
  class space    used 3311K, capacity 3509K, committed 3584K, reserved 1048576K

