# JRE version: Java(TM) SE Runtime Environment (8.0_201-b09) (build 1.8.0_201-b09)
# Java VM: Java HotSpot(TM) 64-Bit Server VM (25.201-b09 mixed mode linux-amd64 compressed oops)
Heap:
 PSYoungGen      total 120320K, used 10720K [0x00000000eb900000, 0x00000000f5e00000, 0x0000000100000000)
  eden space 109568K, 0% used [0x00000000eb900000,0x00000000eb900000,0x00000000f2400000)
  from space 10752K, 99% used [0x00000000f5380000,0x00000000f5df8020,0x00000000f5e00000)
  to   space 10752K, 0% used [0x00000000f2400000,0x00000000f2400000,0x00000000f2e80000)
 ParOldGen       total 53248K, used 51764K [0x00000000c2a00000, 0x00000000c5e00000, 0x00000000eb900000)
  object space 53248K, 97% used [0x00000000c2a00000,0x00000000c5c8d3e0,0x00000000c5e00000)
 Metaspace       used 15065K, capacity 15524K, committed 15744K, reserved 1062912K
  class space    used 1645K, capacity 1814K, committed 1920K, reserved 1048576K
GC Heap History (10 events):
Event: 34.746 GC heap after
Heap after GC invocations=8 (full 1):
 PSYoungGen      total 34304K, used 4241K [0x00000000eb900000, 0x00000000efc00000, 0x0000000100000000)
  eden space 29184K, 0% used [0x00000000eb900000,0x00000000eb900000,0x00000000ed580000)
  from space 5120K, 82% used [0x00000000ed580000,0x00000000ed9a4768,0x00000000eda80000)
  to   space 5120K, 0% used [0x00000000ef700000,0x00000000ef700000,0x00000000efc00000)
 ParOldGen       total 42496K, used 8954K [0x00000000c2a00000, 0x00000000c5380000, 0x00000000eb900000)
  object space 42496K, 21% used [0x00000000c2a00000,0x00000000c32be858,0x00000000c5380000)
 Metaspace       used 13797K, capacity 14176K, committed 14336K, reserved 1062912K
  class space    used 1584K, capacity 1702K, committed 1792K, reserved 1048576K
}
Event: 35.401 GC heap before
{Heap before GC invocations=9 (full 1):
 PSYoungGen      total 34304K, used 33425K [0x00000000eb900000, 0x00000000efc00000, 0x0000000100000000)
  eden space 29184K, 100% used [0x00000000eb900000,0x00000000ed580000,0x00000000ed580000)
  from space 5120K, 82% used [0x00000000ed580000,0x00000000ed9a4768,0x00000000eda80000)
  to   space 5120K, 0% used [0x00000000ef700000,0x00000000ef700000,0x00000000efc00000)
 ParOldGen       total 42496K, used 8954K [0x00000000c2a00000, 0x00000000c5380000, 0x00000000eb900000)
  object space 42496K, 21% used [0x00000000c2a00000,0x00000000c32be858,0x00000000c5380000)
 Metaspace       used 13845K, capacity 14240K, committed 14336K, reserved 1062912K
  class space    used 1584K, capacity 1702K, committed 1792K, reserved 1048576K
Event: 35.415 GC heap after
Heap after GC invocations=9 (full 1):
 PSYoungGen      total 62464K, used 5088K [0x00000000eb900000, 0x00000000efe00000, 0x0000000100000000)
  eden space 57344K, 0% used [0x00000000eb900000,0x00000000eb900000,0x00000000ef100000)
  from space 5120K, 99% used [0x00000000ef700000,0x00000000efbf80a0,0x00000000efc00000)
  to   space 6144K, 0% used [0x00000000ef100000,0x00000000ef100000,0x00000000ef700000)
 ParOldGen       total 42496K, used 10150K [0x00000000c2a00000, 0x00000000c5380000, 0x00000000eb900000)
  object space 42496K, 23% used [0x00000000c2a00000,0x00000000c33e9b60,0x00000000c5380000)
 Metaspace       used 13845K, capacity 14240K, committed 14336K, reserved 1062912K
  class space    used 1584K, capacity 1702K, committed 1792K, reserved 1048576K
}
Event: 36.513 GC heap before
{Heap before GC invocations=10 (full 1):
 PSYoungGen      total 62464K, used 62432K [0x00000000eb900000, 0x00000000efe00000, 0x0000000100000000)
  eden space 57344K, 100% used [0x00000000eb900000,0x00000000ef100000,0x00000000ef100000)
  from space 5120K, 99% used [0x00000000ef700000,0x00000000efbf80a0,0x00000000efc00000)
  to   space 6144K, 0% used [0x00000000ef100000,0x00000000ef100000,0x00000000ef700000)
 ParOldGen       total 42496K, used 10150K [0x00000000c2a00000, 0x00000000c5380000, 0x00000000eb900000)
  object space 42496K, 23% used [0x00000000c2a00000,0x00000000c33e9b60,0x00000000c5380000)
 Metaspace       used 13897K, capacity 14246K, committed 14336K, reserved 1062912K
  class space    used 1585K, capacity 1703K, committed 1792K, reserved 1048576K
Event: 36.538 GC heap after
Heap after GC invocations=10 (full 1):
 PSYoungGen      total 63488K, used 6144K [0x00000000eb900000, 0x00000000f3900000, 0x0000000100000000)
  eden space 57344K, 0% used [0x00000000eb900000,0x00000000eb900000,0x00000000ef100000)
  from space 6144K, 100% used [0x00000000ef100000,0x00000000ef700000,0x00000000ef700000)
  to   space 8192K, 0% used [0x00000000f3100000,0x00000000f3100000,0x00000000f3900000)
 ParOldGen       total 42496K, used 13384K [0x00000000c2a00000, 0x00000000c5380000, 0x00000000eb900000)
  object space 42496K, 31% used [0x00000000c2a00000,0x00000000c3712210,0x00000000c5380000)
 Metaspace       used 13897K, capacity 14246K, committed 14336K, reserved 1062912K
  class space    used 1585K, capacity 1703K, committed 1792K, reserved 1048576K
}
Event: 42.285 GC heap before
{Heap before GC invocations=11 (full 1):
 PSYoungGen      total 63488K, used 63488K [0x00000000eb900000, 0x00000000f3900000, 0x0000000100000000)
  eden space 57344K, 100% used [0x00000000eb900000,0x00000000ef100000,0x00000000ef100000)
  from space 6144K, 100% used [0x00000000ef100000,0x00000000ef700000,0x00000000ef700000)
  to   space 8192K, 0% used [0x00000000f3100000,0x00000000f3100000,0x00000000f3900000)
 ParOldGen       total 42496K, used 13384K [0x00000000c2a00000, 0x00000000c5380000, 0x00000000eb900000)
  object space 42496K, 31% used [0x00000000c2a00000,0x00000000c3712210,0x00000000c5380000)
 Metaspace       used 14844K, capacity 15280K, committed 15360K, reserved 1062912K
  class space    used 1629K, capacity 1770K, committed 1792K, reserved 1048576K
Event: 42.374 GC heap after
Heap after GC invocations=11 (full 1):
 PSYoungGen      total 100352K, used 8164K [0x00000000eb900000, 0x00000000f3900000, 0x0000000100000000)
  eden space 92160K, 0% used [0x00000000eb900000,0x00000000eb900000,0x00000000f1300000)
  from space 8192K, 99% used [0x00000000f3100000,0x00000000f38f9288,0x00000000f3900000)
  to   space 10752K, 0% used [0x00000000f2400000,0x00000000f2400000,0x00000000f2e80000)
 ParOldGen       total 42496K, used 18592K [0x00000000c2a00000, 0x00000000c5380000, 0x00000000eb900000)
  object space 42496K, 43% used [0x00000000c2a00000,0x00000000c3c281e0,0x00000000c5380000)
 Metaspace       used 14844K, capacity 15280K, committed 15360K, reserved 1062912K
  class space    used 1629K, capacity 1770K, committed 1792K, reserved 1048576K
}
Event: 77.197 GC heap before
{Heap before GC invocations=12 (full 1):
 PSYoungGen      total 100352K, used 100324K [0x00000000eb900000, 0x00000000f3900000, 0x0000000100000000)
  eden space 92160K, 100% used [0x00000000eb900000,0x00000000f1300000,0x00000000f1300000)
  from space 8192K, 99% used [0x00000000f3100000,0x00000000f38f9288,0x00000000f3900000)
  to   space 10752K, 0% used [0x00000000f2400000,0x00000000f2400000,0x00000000f2e80000)
 ParOldGen       total 42496K, used 18592K [0x00000000c2a00000, 0x00000000c5380000, 0x00000000eb900000)
  object space 42496K, 43% used [0x00000000c2a00000,0x00000000c3c281e0,0x00000000c5380000)
 Metaspace       used 15019K, capacity 15508K, committed 15744K, reserved 1062912K
  class space    used 1642K, capacity 1812K, committed 1920K, reserved 1048576K
Event: 77.284 GC heap after
Heap after GC invocations=12 (full 1):
 PSYoungGen      total 120320K, used 6012K [0x00000000eb900000, 0x00000000f5e00000, 0x0000000100000000)
  eden space 109568K, 0% used [0x00000000eb900000,0x00000000eb900000,0x00000000f2400000)
  from space 10752K, 55% used [0x00000000f2400000,0x00000000f29df2a8,0x00000000f2e80000)
  to   space 10752K, 0% used [0x00000000f5380000,0x00000000f5380000,0x00000000f5e00000)
 ParOldGen       total 42496K, used 22984K [0x00000000c2a00000, 0x00000000c5380000, 0x00000000eb900000)
  object space 42496K, 54% used [0x00000000c2a00000,0x00000000c4072230,0x00000000c5380000)
 Metaspace       used 15019K, capacity 15508K, committed 15744K, reserved 1062912K
  class space    used 1642K, capacity 1812K, committed 1920K, reserved 1048576K
}
Event: 83.256 GC heap before
{Heap before GC invocations=13 (full 1):
 PSYoungGen      total 120320K, used 115580K [0x00000000eb900000, 0x00000000f5e00000, 0x0000000100000000)
  eden space 109568K, 100% used [0x00000000eb900000,0x00000000f2400000,0x00000000f2400000)
  from space 10752K, 55% used [0x00000000f2400000,0x00000000f29df2a8,0x00000000f2e80000)
  to   space 10752K, 0% used [0x00000000f5380000,0x00000000f5380000,0x00000000f5e00000)
 ParOldGen       total 42496K, used 22984K [0x00000000c2a00000, 0x00000000c5380000, 0x00000000eb900000)
  object space 42496K, 54% used [0x00000000c2a00000,0x00000000c4072230,0x00000000c5380000)
 Metaspace       used 15065K, capacity 15524K, committed 15744K, reserved 1062912K
  class space    used 1645K, capacity 1814K, committed 1920K, reserved 1048576K

