# JRE version: Java(TM) SE Runtime Environment (8.0_201-b09) (build 1.8.0_201-b09)
# Java VM: Java HotSpot(TM) 64-Bit Server VM (25.201-b09 mixed mode linux-amd64 compressed oops)
Heap:
 PSYoungGen      total 260096K, used 102205K [0x00000000eb900000, 0x00000000fef80000, 0x0000000100000000)
  eden space 242688K, 38% used [0x00000000eb900000,0x00000000f1486a08,0x00000000fa600000)
  from space 17408K, 48% used [0x00000000fb680000,0x00000000fbec8cd8,0x00000000fc780000)
  to   space 16896K, 0% used [0x00000000fa600000,0x00000000fa600000,0x00000000fb680000)
 ParOldGen       total 61952K, used 29564K [0x00000000c2a00000, 0x00000000c6680000, 0x00000000eb900000)
  object space 61952K, 47% used [0x00000000c2a00000,0x00000000c46df018,0x00000000c6680000)
 Metaspace       used 23605K, capacity 24274K, committed 24576K, reserved 1071104K
  class space    used 2547K, capacity 2727K, committed 2816K, reserved 1048576K
GC Heap History (10 events):
Event: 23.322 GC heap before
{Heap before GC invocations=10 (full 1):
 PSYoungGen      total 131072K, used 131040K [0x00000000eb900000, 0x00000000f4900000, 0x0000000100000000)
  eden space 120832K, 100% used [0x00000000eb900000,0x00000000f2f00000,0x00000000f2f00000)
  from space 10240K, 99% used [0x00000000f3b00000,0x00000000f44f8060,0x00000000f4500000)
  to   space 12288K, 0% used [0x00000000f2f00000,0x00000000f2f00000,0x00000000f3b00000)
 ParOldGen       total 42496K, used 19579K [0x00000000c2a00000, 0x00000000c5380000, 0x00000000eb900000)
  object space 42496K, 46% used [0x00000000c2a00000,0x00000000c3d1eff8,0x00000000c5380000)
 Metaspace       used 20040K, capacity 20424K, committed 20608K, reserved 1067008K
  class space    used 2271K, capacity 2392K, committed 2432K, reserved 1048576K
Event: 23.473 GC heap after
Heap after GC invocations=10 (full 1):
 PSYoungGen      total 133120K, used 12272K [0x00000000eb900000, 0x00000000fc700000, 0x0000000100000000)
  eden space 120832K, 0% used [0x00000000eb900000,0x00000000eb900000,0x00000000f2f00000)
  from space 12288K, 99% used [0x00000000f2f00000,0x00000000f3afc060,0x00000000f3b00000)
  to   space 17408K, 0% used [0x00000000fb600000,0x00000000fb600000,0x00000000fc700000)
 ParOldGen       total 42496K, used 28080K [0x00000000c2a00000, 0x00000000c5380000, 0x00000000eb900000)
  object space 42496K, 66% used [0x00000000c2a00000,0x00000000c456c120,0x00000000c5380000)
 Metaspace       used 20040K, capacity 20424K, committed 20608K, reserved 1067008K
  class space    used 2271K, capacity 2392K, committed 2432K, reserved 1048576K
}
Event: 24.239 GC heap before
{Heap before GC invocations=11 (full 1):
 PSYoungGen      total 133120K, used 23748K [0x00000000eb900000, 0x00000000fc700000, 0x0000000100000000)
  eden space 120832K, 9% used [0x00000000eb900000,0x00000000ec434ff0,0x00000000f2f00000)
  from space 12288K, 99% used [0x00000000f2f00000,0x00000000f3afc060,0x00000000f3b00000)
  to   space 17408K, 0% used [0x00000000fb600000,0x00000000fb600000,0x00000000fc700000)
 ParOldGen       total 42496K, used 28080K [0x00000000c2a00000, 0x00000000c5380000, 0x00000000eb900000)
  object space 42496K, 66% used [0x00000000c2a00000,0x00000000c456c120,0x00000000c5380000)
 Metaspace       used 20816K, capacity 21156K, committed 21248K, reserved 1069056K
  class space    used 2365K, capacity 2500K, committed 2560K, reserved 1048576K
Event: 24.297 GC heap after
Heap after GC invocations=11 (full 1):
 PSYoungGen      total 204288K, used 10400K [0x00000000eb900000, 0x00000000fc080000, 0x0000000100000000)
  eden space 193536K, 0% used [0x00000000eb900000,0x00000000eb900000,0x00000000f7600000)
  from space 10752K, 96% used [0x00000000fb600000,0x00000000fc028120,0x00000000fc080000)
  to   space 17920K, 0% used [0x00000000f9d80000,0x00000000f9d80000,0x00000000faf00000)
 ParOldGen       total 42496K, used 30788K [0x00000000c2a00000, 0x00000000c5380000, 0x00000000eb900000)
  object space 42496K, 72% used [0x00000000c2a00000,0x00000000c4811058,0x00000000c5380000)
 Metaspace       used 20816K, capacity 21156K, committed 21248K, reserved 1069056K
  class space    used 2365K, capacity 2500K, committed 2560K, reserved 1048576K
}
Event: 24.297 GC heap before
{Heap before GC invocations=12 (full 2):
 PSYoungGen      total 204288K, used 10400K [0x00000000eb900000, 0x00000000fc080000, 0x0000000100000000)
  eden space 193536K, 0% used [0x00000000eb900000,0x00000000eb900000,0x00000000f7600000)
  from space 10752K, 96% used [0x00000000fb600000,0x00000000fc028120,0x00000000fc080000)
  to   space 17920K, 0% used [0x00000000f9d80000,0x00000000f9d80000,0x00000000faf00000)
 ParOldGen       total 42496K, used 30788K [0x00000000c2a00000, 0x00000000c5380000, 0x00000000eb900000)
  object space 42496K, 72% used [0x00000000c2a00000,0x00000000c4811058,0x00000000c5380000)
 Metaspace       used 20816K, capacity 21156K, committed 21248K, reserved 1069056K
  class space    used 2365K, capacity 2500K, committed 2560K, reserved 1048576K
Event: 25.143 GC heap after
Heap after GC invocations=12 (full 2):
 PSYoungGen      total 204288K, used 0K [0x00000000eb900000, 0x00000000fc080000, 0x0000000100000000)
  eden space 193536K, 0% used [0x00000000eb900000,0x00000000eb900000,0x00000000f7600000)
  from space 10752K, 0% used [0x00000000fb600000,0x00000000fb600000,0x00000000fc080000)
  to   space 17920K, 0% used [0x00000000f9d80000,0x00000000f9d80000,0x00000000faf00000)
 ParOldGen       total 61952K, used 29548K [0x00000000c2a00000, 0x00000000c6680000, 0x00000000eb900000)
  object space 61952K, 47% used [0x00000000c2a00000,0x00000000c46db018,0x00000000c6680000)
 Metaspace       used 20816K, capacity 21156K, committed 21248K, reserved 1069056K
  class space    used 2365K, capacity 2500K, committed 2560K, reserved 1048576K
}
Event: 31.283 GC heap before
{Heap before GC invocations=13 (full 2):
 PSYoungGen      total 204288K, used 193536K [0x00000000eb900000, 0x00000000fc080000, 0x0000000100000000)
  eden space 193536K, 100% used [0x00000000eb900000,0x00000000f7600000,0x00000000f7600000)
  from space 10752K, 0% used [0x00000000fb600000,0x00000000fb600000,0x00000000fc080000)
  to   space 17920K, 0% used [0x00000000f9d80000,0x00000000f9d80000,0x00000000faf00000)
 ParOldGen       total 61952K, used 29548K [0x00000000c2a00000, 0x00000000c6680000, 0x00000000eb900000)
  object space 61952K, 47% used [0x00000000c2a00000,0x00000000c46db018,0x00000000c6680000)
 Metaspace       used 22161K, capacity 22610K, committed 22912K, reserved 1069056K
  class space    used 2455K, capacity 2577K, committed 2688K, reserved 1048576K
Event: 31.317 GC heap after
Heap after GC invocations=13 (full 2):
 PSYoungGen      total 251904K, used 3284K [0x00000000eb900000, 0x00000000fc780000, 0x0000000100000000)
  eden space 233984K, 0% used [0x00000000eb900000,0x00000000eb900000,0x00000000f9d80000)
  from space 17920K, 18% used [0x00000000f9d80000,0x00000000fa0b53e8,0x00000000faf00000)
  to   space 17408K, 0% used [0x00000000fb680000,0x00000000fb680000,0x00000000fc780000)
 ParOldGen       total 61952K, used 29556K [0x00000000c2a00000, 0x00000000c6680000, 0x00000000eb900000)
  object space 61952K, 47% used [0x00000000c2a00000,0x00000000c46dd018,0x00000000c6680000)
 Metaspace       used 22161K, capacity 22610K, committed 22912K, reserved 1069056K
  class space    used 2455K, capacity 2577K, committed 2688K, reserved 1048576K
}
Event: 42.984 GC heap before
{Heap before GC invocations=14 (full 2):
 PSYoungGen      total 251904K, used 237268K [0x00000000eb900000, 0x00000000fc780000, 0x0000000100000000)
  eden space 233984K, 100% used [0x00000000eb900000,0x00000000f9d80000,0x00000000f9d80000)
  from space 17920K, 18% used [0x00000000f9d80000,0x00000000fa0b53e8,0x00000000faf00000)
  to   space 17408K, 0% used [0x00000000fb680000,0x00000000fb680000,0x00000000fc780000)
 ParOldGen       total 61952K, used 29556K [0x00000000c2a00000, 0x00000000c6680000, 0x00000000eb900000)
  object space 61952K, 47% used [0x00000000c2a00000,0x00000000c46dd018,0x00000000c6680000)
 Metaspace       used 23522K, capacity 24116K, committed 24320K, reserved 1071104K
  class space    used 2543K, capacity 2722K, committed 2816K, reserved 1048576K
Event: 42.997 GC heap after
Heap after GC invocations=14 (full 2):
 PSYoungGen      total 260096K, used 8483K [0x00000000eb900000, 0x00000000fef80000, 0x0000000100000000)
  eden space 242688K, 0% used [0x00000000eb900000,0x00000000eb900000,0x00000000fa600000)
  from space 17408K, 48% used [0x00000000fb680000,0x00000000fbec8cd8,0x00000000fc780000)
  to   space 16896K, 0% used [0x00000000fa600000,0x00000000fa600000,0x00000000fb680000)
 ParOldGen       total 61952K, used 29564K [0x00000000c2a00000, 0x00000000c6680000, 0x00000000eb900000)
  object space 61952K, 47% used [0x00000000c2a00000,0x00000000c46df018,0x00000000c6680000)
 Metaspace       used 23522K, capacity 24116K, committed 24320K, reserved 1071104K
  class space    used 2543K, capacity 2722K, committed 2816K, reserved 1048576K
}

