# JRE version: Java(TM) SE Runtime Environment (8.0_201-b09) (build 1.8.0_201-b09)
# Java VM: Java HotSpot(TM) 64-Bit Server VM (25.201-b09 mixed mode linux-amd64 compressed oops)
Heap:
 PSYoungGen      total 32256K, used 18119K [0x00000000eb900000, 0x00000000ede00000, 0x0000000100000000)
  eden space 28160K, 56% used [0x00000000eb900000,0x00000000ec889f58,0x00000000ed480000)
  from space 4096K, 53% used [0x00000000ed900000,0x00000000edb28000,0x00000000edd00000)
  to   space 4608K, 0% used [0x00000000ed480000,0x00000000ed480000,0x00000000ed900000)
 ParOldGen       total 42496K, used 6478K [0x00000000c2a00000, 0x00000000c5380000, 0x00000000eb900000)
  object space 42496K, 15% used [0x00000000c2a00000,0x00000000c3053830,0x00000000c5380000)
 Metaspace       used 14242K, capacity 14758K, committed 14848K, reserved 1062912K
  class space    used 1619K, capacity 1755K, committed 1792K, reserved 1048576K
GC Heap History (10 events):
Event: 51.025 GC heap before
{Heap before GC invocations=5 (full 1):
 PSYoungGen      total 18432K, used 18427K [0x00000000eb900000, 0x00000000ecd80000, 0x0000000100000000)
  eden space 15872K, 100% used [0x00000000eb900000,0x00000000ec880000,0x00000000ec880000)
  from space 2560K, 99% used [0x00000000ec880000,0x00000000ecafef98,0x00000000ecb00000)
  to   space 2560K, 0% used [0x00000000ecb00000,0x00000000ecb00000,0x00000000ecd80000)
 ParOldGen       total 42496K, used 3749K [0x00000000c2a00000, 0x00000000c5380000, 0x00000000eb900000)
  object space 42496K, 8% used [0x00000000c2a00000,0x00000000c2da97d8,0x00000000c5380000)
 Metaspace       used 13975K, capacity 14392K, committed 14592K, reserved 1062912K
  class space    used 1610K, capacity 1719K, committed 1792K, reserved 1048576K
Event: 51.030 GC heap after
Heap after GC invocations=5 (full 1):
 PSYoungGen      total 18432K, used 2550K [0x00000000eb900000, 0x00000000ecd80000, 0x0000000100000000)
  eden space 15872K, 0% used [0x00000000eb900000,0x00000000eb900000,0x00000000ec880000)
  from space 2560K, 99% used [0x00000000ecb00000,0x00000000ecd7d810,0x00000000ecd80000)
  to   space 2560K, 0% used [0x00000000ec880000,0x00000000ec880000,0x00000000ecb00000)
 ParOldGen       total 42496K, used 4212K [0x00000000c2a00000, 0x00000000c5380000, 0x00000000eb900000)
  object space 42496K, 9% used [0x00000000c2a00000,0x00000000c2e1d330,0x00000000c5380000)
 Metaspace       used 13975K, capacity 14392K, committed 14592K, reserved 1062912K
  class space    used 1610K, capacity 1719K, committed 1792K, reserved 1048576K
}
Event: 53.105 GC heap before
{Heap before GC invocations=6 (full 1):
 PSYoungGen      total 18432K, used 18422K [0x00000000eb900000, 0x00000000ecd80000, 0x0000000100000000)
  eden space 15872K, 100% used [0x00000000eb900000,0x00000000ec880000,0x00000000ec880000)
  from space 2560K, 99% used [0x00000000ecb00000,0x00000000ecd7d810,0x00000000ecd80000)
  to   space 2560K, 0% used [0x00000000ec880000,0x00000000ec880000,0x00000000ecb00000)
 ParOldGen       total 42496K, used 4212K [0x00000000c2a00000, 0x00000000c5380000, 0x00000000eb900000)
  object space 42496K, 9% used [0x00000000c2a00000,0x00000000c2e1d330,0x00000000c5380000)
 Metaspace       used 14002K, capacity 14392K, committed 14592K, reserved 1062912K
  class space    used 1610K, capacity 1719K, committed 1792K, reserved 1048576K
Event: 53.121 GC heap after
Heap after GC invocations=6 (full 1):
 PSYoungGen      total 18432K, used 2540K [0x00000000eb900000, 0x00000000ecd80000, 0x0000000100000000)
  eden space 15872K, 0% used [0x00000000eb900000,0x00000000eb900000,0x00000000ec880000)
  from space 2560K, 99% used [0x00000000ec880000,0x00000000ecafb020,0x00000000ecb00000)
  to   space 2560K, 0% used [0x00000000ecb00000,0x00000000ecb00000,0x00000000ecd80000)
 ParOldGen       total 42496K, used 4444K [0x00000000c2a00000, 0x00000000c5380000, 0x00000000eb900000)
  object space 42496K, 10% used [0x00000000c2a00000,0x00000000c2e57350,0x00000000c5380000)
 Metaspace       used 14002K, capacity 14392K, committed 14592K, reserved 1062912K
  class space    used 1610K, capacity 1719K, committed 1792K, reserved 1048576K
}
Event: 53.536 GC heap before
{Heap before GC invocations=7 (full 1):
 PSYoungGen      total 18432K, used 18412K [0x00000000eb900000, 0x00000000ecd80000, 0x0000000100000000)
  eden space 15872K, 100% used [0x00000000eb900000,0x00000000ec880000,0x00000000ec880000)
  from space 2560K, 99% used [0x00000000ec880000,0x00000000ecafb020,0x00000000ecb00000)
  to   space 2560K, 0% used [0x00000000ecb00000,0x00000000ecb00000,0x00000000ecd80000)
 ParOldGen       total 42496K, used 4444K [0x00000000c2a00000, 0x00000000c5380000, 0x00000000eb900000)
  object space 42496K, 10% used [0x00000000c2a00000,0x00000000c2e57350,0x00000000c5380000)
 Metaspace       used 14055K, capacity 14456K, committed 14592K, reserved 1062912K
  class space    used 1611K, capacity 1719K, committed 1792K, reserved 1048576K
Event: 62.030 GC heap after
Heap after GC invocations=7 (full 1):
 PSYoungGen      total 16896K, used 2560K [0x00000000eb900000, 0x00000000ee000000, 0x0000000100000000)
  eden space 14336K, 0% used [0x00000000eb900000,0x00000000eb900000,0x00000000ec700000)
  from space 2560K, 100% used [0x00000000ecb00000,0x00000000ecd80000,0x00000000ecd80000)
  to   space 4096K, 0% used [0x00000000ec700000,0x00000000ec700000,0x00000000ecb00000)
 ParOldGen       total 42496K, used 5205K [0x00000000c2a00000, 0x00000000c5380000, 0x00000000eb900000)
  object space 42496K, 12% used [0x00000000c2a00000,0x00000000c2f156d8,0x00000000c5380000)
 Metaspace       used 14055K, capacity 14456K, committed 14592K, reserved 1062912K
  class space    used 1611K, capacity 1719K, committed 1792K, reserved 1048576K
}
Event: 64.204 GC heap before
{Heap before GC invocations=8 (full 1):
 PSYoungGen      total 16896K, used 16896K [0x00000000eb900000, 0x00000000ee000000, 0x0000000100000000)
  eden space 14336K, 100% used [0x00000000eb900000,0x00000000ec700000,0x00000000ec700000)
  from space 2560K, 100% used [0x00000000ecb00000,0x00000000ecd80000,0x00000000ecd80000)
  to   space 4096K, 0% used [0x00000000ec700000,0x00000000ec700000,0x00000000ecb00000)
 ParOldGen       total 42496K, used 5205K [0x00000000c2a00000, 0x00000000c5380000, 0x00000000eb900000)
  object space 42496K, 12% used [0x00000000c2a00000,0x00000000c2f156d8,0x00000000c5380000)
 Metaspace       used 14069K, capacity 14456K, committed 14592K, reserved 1062912K
  class space    used 1611K, capacity 1719K, committed 1792K, reserved 1048576K
Event: 64.245 GC heap after
Heap after GC invocations=8 (full 1):
 PSYoungGen      total 18432K, used 2944K [0x00000000eb900000, 0x00000000edd00000, 0x0000000100000000)
  eden space 14336K, 0% used [0x00000000eb900000,0x00000000eb900000,0x00000000ec700000)
  from space 4096K, 71% used [0x00000000ec700000,0x00000000ec9e0000,0x00000000ecb00000)
  to   space 4096K, 0% used [0x00000000ed900000,0x00000000ed900000,0x00000000edd00000)
 ParOldGen       total 42496K, used 5205K [0x00000000c2a00000, 0x00000000c5380000, 0x00000000eb900000)
  object space 42496K, 12% used [0x00000000c2a00000,0x00000000c2f156d8,0x00000000c5380000)
 Metaspace       used 14069K, capacity 14456K, committed 14592K, reserved 1062912K
  class space    used 1611K, capacity 1719K, committed 1792K, reserved 1048576K
}
Event: 64.289 GC heap before
{Heap before GC invocations=9 (full 1):
 PSYoungGen      total 18432K, used 17280K [0x00000000eb900000, 0x00000000edd00000, 0x0000000100000000)
  eden space 14336K, 100% used [0x00000000eb900000,0x00000000ec700000,0x00000000ec700000)
  from space 4096K, 71% used [0x00000000ec700000,0x00000000ec9e0000,0x00000000ecb00000)
  to   space 4096K, 0% used [0x00000000ed900000,0x00000000ed900000,0x00000000edd00000)
 ParOldGen       total 42496K, used 5205K [0x00000000c2a00000, 0x00000000c5380000, 0x00000000eb900000)
  object space 42496K, 12% used [0x00000000c2a00000,0x00000000c2f156d8,0x00000000c5380000)
 Metaspace       used 14082K, capacity 14456K, committed 14592K, reserved 1062912K
  class space    used 1611K, capacity 1719K, committed 1792K, reserved 1048576K
Event: 64.744 GC heap after
Heap after GC invocations=9 (full 1):
 PSYoungGen      total 32256K, used 2208K [0x00000000eb900000, 0x00000000ede00000, 0x0000000100000000)
  eden space 28160K, 0% used [0x00000000eb900000,0x00000000eb900000,0x00000000ed480000)
  from space 4096K, 53% used [0x00000000ed900000,0x00000000edb28000,0x00000000edd00000)
  to   space 4608K, 0% used [0x00000000ed480000,0x00000000ed480000,0x00000000ed900000)
 ParOldGen       total 42496K, used 6478K [0x00000000c2a00000, 0x00000000c5380000, 0x00000000eb900000)
  object space 42496K, 15% used [0x00000000c2a00000,0x00000000c3053830,0x00000000c5380000)
 Metaspace       used 14082K, capacity 14456K, committed 14592K, reserved 1062912K
  class space    used 1611K, capacity 1719K, committed 1792K, reserved 1048576K
}

