# JRE version: Java(TM) SE Runtime Environment (8.0_201-b09) (build 1.8.0_201-b09)
# Java VM: Java HotSpot(TM) 64-Bit Server VM (25.201-b09 mixed mode linux-amd64 compressed oops)
Heap:
 PSYoungGen      total 312320K, used 0K [0x00000000eb900000, 0x00000000fff80000, 0x0000000100000000)
  eden space 290304K, 0% used [0x00000000eb900000,0x00000000eb900000,0x00000000fd480000)
  from space 22016K, 0% used [0x00000000fd480000,0x00000000fd480000,0x00000000fea00000)
  to   space 22016K, 0% used [0x00000000fea00000,0x00000000fea00000,0x00000000fff80000)
 ParOldGen       total 125952K, used 103162K [0x00000000c2a00000, 0x00000000ca500000, 0x00000000eb900000)
  object space 125952K, 81% used [0x00000000c2a00000,0x00000000c8ebe858,0x00000000ca500000)
 Metaspace       used 27475K, capacity 28218K, committed 28544K, reserved 1075200K
  class space    used 3230K, capacity 3433K, committed 3456K, reserved 1048576K
GC Heap History (10 events):
Event: 45.209 GC heap after
Heap after GC invocations=20 (full 3):
 PSYoungGen      total 274432K, used 4046K [0x00000000eb900000, 0x0000000100000000, 0x0000000100000000)
  eden space 256000K, 0% used [0x00000000eb900000,0x00000000eb900000,0x00000000fb300000)
  from space 18432K, 21% used [0x00000000fb300000,0x00000000fb6f3880,0x00000000fc500000)
  to   space 20480K, 0% used [0x00000000fec00000,0x00000000fec00000,0x0000000100000000)
 ParOldGen       total 125952K, used 74779K [0x00000000c2a00000, 0x00000000ca500000, 0x00000000eb900000)
  object space 125952K, 59% used [0x00000000c2a00000,0x00000000c7306c20,0x00000000ca500000)
 Metaspace       used 26840K, capacity 27504K, committed 27776K, reserved 1073152K
  class space    used 3208K, capacity 3394K, committed 3456K, reserved 1048576K
}
Event: 47.854 GC heap before
{Heap before GC invocations=21 (full 3):
 PSYoungGen      total 274432K, used 260046K [0x00000000eb900000, 0x0000000100000000, 0x0000000100000000)
  eden space 256000K, 100% used [0x00000000eb900000,0x00000000fb300000,0x00000000fb300000)
  from space 18432K, 21% used [0x00000000fb300000,0x00000000fb6f3880,0x00000000fc500000)
  to   space 20480K, 0% used [0x00000000fec00000,0x00000000fec00000,0x0000000100000000)
 ParOldGen       total 125952K, used 74779K [0x00000000c2a00000, 0x00000000ca500000, 0x00000000eb900000)
  object space 125952K, 59% used [0x00000000c2a00000,0x00000000c7306c20,0x00000000ca500000)
 Metaspace       used 27048K, capacity 27804K, committed 28032K, reserved 1073152K
  class space    used 3210K, capacity 3428K, committed 3456K, reserved 1048576K
Event: 47.943 GC heap after
Heap after GC invocations=21 (full 3):
 PSYoungGen      total 312320K, used 15069K [0x00000000eb900000, 0x0000000100000000, 0x0000000100000000)
  eden space 291840K, 0% used [0x00000000eb900000,0x00000000eb900000,0x00000000fd600000)
  from space 20480K, 73% used [0x00000000fec00000,0x00000000ffab7728,0x0000000100000000)
  to   space 21504K, 0% used [0x00000000fd600000,0x00000000fd600000,0x00000000feb00000)
 ParOldGen       total 125952K, used 75171K [0x00000000c2a00000, 0x00000000ca500000, 0x00000000eb900000)
  object space 125952K, 59% used [0x00000000c2a00000,0x00000000c7368c60,0x00000000ca500000)
 Metaspace       used 27048K, capacity 27804K, committed 28032K, reserved 1073152K
  class space    used 3210K, capacity 3428K, committed 3456K, reserved 1048576K
}
Event: 50.650 GC heap before
{Heap before GC invocations=22 (full 3):
 PSYoungGen      total 312320K, used 306909K [0x00000000eb900000, 0x0000000100000000, 0x0000000100000000)
  eden space 291840K, 100% used [0x00000000eb900000,0x00000000fd600000,0x00000000fd600000)
  from space 20480K, 73% used [0x00000000fec00000,0x00000000ffab7728,0x0000000100000000)
  to   space 21504K, 0% used [0x00000000fd600000,0x00000000fd600000,0x00000000feb00000)
 ParOldGen       total 125952K, used 75171K [0x00000000c2a00000, 0x00000000ca500000, 0x00000000eb900000)
  object space 125952K, 59% used [0x00000000c2a00000,0x00000000c7368c60,0x00000000ca500000)
 Metaspace       used 27132K, capacity 27886K, committed 28032K, reserved 1073152K
  class space    used 3212K, capacity 3431K, committed 3456K, reserved 1048576K
Event: 50.785 GC heap after
Heap after GC invocations=22 (full 3):
 PSYoungGen      total 307712K, used 15648K [0x00000000eb900000, 0x0000000100000000, 0x0000000100000000)
  eden space 291840K, 0% used [0x00000000eb900000,0x00000000eb900000,0x00000000fd600000)
  from space 15872K, 98% used [0x00000000fd600000,0x00000000fe548000,0x00000000fe580000)
  to   space 22528K, 0% used [0x00000000fea00000,0x00000000fea00000,0x0000000100000000)
 ParOldGen       total 125952K, used 88512K [0x00000000c2a00000, 0x00000000ca500000, 0x00000000eb900000)
  object space 125952K, 70% used [0x00000000c2a00000,0x00000000c80703f0,0x00000000ca500000)
 Metaspace       used 27132K, capacity 27886K, committed 28032K, reserved 1073152K
  class space    used 3212K, capacity 3431K, committed 3456K, reserved 1048576K
}
Event: 52.794 GC heap before
{Heap before GC invocations=23 (full 3):
 PSYoungGen      total 307712K, used 307488K [0x00000000eb900000, 0x0000000100000000, 0x0000000100000000)
  eden space 291840K, 100% used [0x00000000eb900000,0x00000000fd600000,0x00000000fd600000)
  from space 15872K, 98% used [0x00000000fd600000,0x00000000fe548000,0x00000000fe580000)
  to   space 22528K, 0% used [0x00000000fea00000,0x00000000fea00000,0x0000000100000000)
 ParOldGen       total 125952K, used 88512K [0x00000000c2a00000, 0x00000000ca500000, 0x00000000eb900000)
  object space 125952K, 70% used [0x00000000c2a00000,0x00000000c80703f0,0x00000000ca500000)
 Metaspace       used 27426K, capacity 28148K, committed 28288K, reserved 1075200K
  class space    used 3229K, capacity 3432K, committed 3456K, reserved 1048576K
Event: 52.864 GC heap after
Heap after GC invocations=23 (full 3):
 PSYoungGen      total 312832K, used 6368K [0x00000000eb900000, 0x0000000100000000, 0x0000000100000000)
  eden space 290304K, 0% used [0x00000000eb900000,0x00000000eb900000,0x00000000fd480000)
  from space 22528K, 28% used [0x00000000fea00000,0x00000000ff038000,0x0000000100000000)
  to   space 22016K, 0% used [0x00000000fd480000,0x00000000fd480000,0x00000000fea00000)
 ParOldGen       total 125952K, used 103063K [0x00000000c2a00000, 0x00000000ca500000, 0x00000000eb900000)
  object space 125952K, 81% used [0x00000000c2a00000,0x00000000c8ea5d60,0x00000000ca500000)
 Metaspace       used 27426K, capacity 28148K, committed 28288K, reserved 1075200K
  class space    used 3229K, capacity 3432K, committed 3456K, reserved 1048576K
}
Event: 54.993 GC heap before
{Heap before GC invocations=24 (full 3):
 PSYoungGen      total 312832K, used 296672K [0x00000000eb900000, 0x0000000100000000, 0x0000000100000000)
  eden space 290304K, 100% used [0x00000000eb900000,0x00000000fd480000,0x00000000fd480000)
  from space 22528K, 28% used [0x00000000fea00000,0x00000000ff038000,0x0000000100000000)
  to   space 22016K, 0% used [0x00000000fd480000,0x00000000fd480000,0x00000000fea00000)
 ParOldGen       total 125952K, used 103063K [0x00000000c2a00000, 0x00000000ca500000, 0x00000000eb900000)
  object space 125952K, 81% used [0x00000000c2a00000,0x00000000c8ea5d60,0x00000000ca500000)
 Metaspace       used 27475K, capacity 28218K, committed 28544K, reserved 1075200K
  class space    used 3230K, capacity 3433K, committed 3456K, reserved 1048576K
Event: 55.063 GC heap after
Heap after GC invocations=24 (full 3):
 PSYoungGen      total 312320K, used 2784K [0x00000000eb900000, 0x00000000fff80000, 0x0000000100000000)
  eden space 290304K, 0% used [0x00000000eb900000,0x00000000eb900000,0x00000000fd480000)
  from space 22016K, 12% used [0x00000000fd480000,0x00000000fd738000,0x00000000fea00000)
  to   space 22016K, 0% used [0x00000000fea00000,0x00000000fea00000,0x00000000fff80000)
 ParOldGen       total 125952K, used 108860K [0x00000000c2a00000, 0x00000000ca500000, 0x00000000eb900000)
  object space 125952K, 86% used [0x00000000c2a00000,0x00000000c944f070,0x00000000ca500000)
 Metaspace       used 27475K, capacity 28218K, committed 28544K, reserved 1075200K
  class space    used 3230K, capacity 3433K, committed 3456K, reserved 1048576K
}
Event: 55.063 GC heap before
{Heap before GC invocations=25 (full 4):
 PSYoungGen      total 312320K, used 2784K [0x00000000eb900000, 0x00000000fff80000, 0x0000000100000000)
  eden space 290304K, 0% used [0x00000000eb900000,0x00000000eb900000,0x00000000fd480000)
  from space 22016K, 12% used [0x00000000fd480000,0x00000000fd738000,0x00000000fea00000)
  to   space 22016K, 0% used [0x00000000fea00000,0x00000000fea00000,0x00000000fff80000)
 ParOldGen       total 125952K, used 108860K [0x00000000c2a00000, 0x00000000ca500000, 0x00000000eb900000)
  object space 125952K, 86% used [0x00000000c2a00000,0x00000000c944f070,0x00000000ca500000)
 Metaspace       used 27475K, capacity 28218K, committed 28544K, reserved 1075200K
  class space    used 3230K, capacity 3433K, committed 3456K, reserved 1048576K

