# JRE version: Java(TM) SE Runtime Environment (8.0_201-b09) (build 1.8.0_201-b09)
# Java VM: Java HotSpot(TM) 64-Bit Server VM (25.201-b09 mixed mode linux-amd64 compressed oops)
Heap:
 PSYoungGen      total 229888K, used 20044K [0x00000000eb900000, 0x0000000100000000, 0x0000000100000000)
  eden space 165888K, 0% used [0x00000000eb900000,0x00000000eb900000,0x00000000f5b00000)
  from space 64000K, 31% used [0x00000000f5b00000,0x00000000f6e930b8,0x00000000f9980000)
  to   space 90624K, 0% used [0x00000000fa780000,0x00000000fa780000,0x0000000100000000)
 ParOldGen       total 121856K, used 121558K [0x00000000c2a00000, 0x00000000ca100000, 0x00000000eb900000)
  object space 121856K, 99% used [0x00000000c2a00000,0x00000000ca0b5810,0x00000000ca100000)
 Metaspace       used 31356K, capacity 32314K, committed 32384K, reserved 1079296K
  class space    used 3216K, capacity 3447K, committed 3456K, reserved 1048576K
GC Heap History (10 events):
Event: 145.310 GC heap after
Heap after GC invocations=32 (full 3):
 PSYoungGen      total 283648K, used 41567K [0x00000000eb900000, 0x0000000100000000, 0x0000000100000000)
  eden space 241664K, 0% used [0x00000000eb900000,0x00000000eb900000,0x00000000fa500000)
  from space 41984K, 99% used [0x00000000fa500000,0x00000000fcd97ca0,0x00000000fce00000)
  to   space 51200K, 0% used [0x00000000fce00000,0x00000000fce00000,0x0000000100000000)
 ParOldGen       total 121856K, used 86762K [0x00000000c2a00000, 0x00000000ca100000, 0x00000000eb900000)
  object space 121856K, 71% used [0x00000000c2a00000,0x00000000c7eba990,0x00000000ca100000)
 Metaspace       used 24885K, capacity 25768K, committed 25856K, reserved 1073152K
  class space    used 2559K, capacity 2768K, committed 2816K, reserved 1048576K
}
Event: 155.329 GC heap before
{Heap before GC invocations=33 (full 3):
 PSYoungGen      total 283648K, used 283231K [0x00000000eb900000, 0x0000000100000000, 0x0000000100000000)
  eden space 241664K, 100% used [0x00000000eb900000,0x00000000fa500000,0x00000000fa500000)
  from space 41984K, 99% used [0x00000000fa500000,0x00000000fcd97ca0,0x00000000fce00000)
  to   space 51200K, 0% used [0x00000000fce00000,0x00000000fce00000,0x0000000100000000)
 ParOldGen       total 121856K, used 86762K [0x00000000c2a00000, 0x00000000ca100000, 0x00000000eb900000)
  object space 121856K, 71% used [0x00000000c2a00000,0x00000000c7eba990,0x00000000ca100000)
 Metaspace       used 24965K, capacity 25876K, committed 26112K, reserved 1073152K
  class space    used 2563K, capacity 2774K, committed 2816K, reserved 1048576K
Event: 155.417 GC heap after
Heap after GC invocations=33 (full 3):
 PSYoungGen      total 258048K, used 51183K [0x00000000eb900000, 0x0000000100000000, 0x0000000100000000)
  eden space 206848K, 0% used [0x00000000eb900000,0x00000000eb900000,0x00000000f8300000)
  from space 51200K, 99% used [0x00000000fce00000,0x00000000ffffbd20,0x0000000100000000)
  to   space 64000K, 0% used [0x00000000f8300000,0x00000000f8300000,0x00000000fc180000)
 ParOldGen       total 121856K, used 96608K [0x00000000c2a00000, 0x00000000ca100000, 0x00000000eb900000)
  object space 121856K, 79% used [0x00000000c2a00000,0x00000000c88581e0,0x00000000ca100000)
 Metaspace       used 24965K, capacity 25876K, committed 26112K, reserved 1073152K
  class space    used 2563K, capacity 2774K, committed 2816K, reserved 1048576K
}
Event: 156.466 GC heap before
{Heap before GC invocations=34 (full 3):
 PSYoungGen      total 258048K, used 258031K [0x00000000eb900000, 0x0000000100000000, 0x0000000100000000)
  eden space 206848K, 100% used [0x00000000eb900000,0x00000000f8300000,0x00000000f8300000)
  from space 51200K, 99% used [0x00000000fce00000,0x00000000ffffbd20,0x0000000100000000)
  to   space 64000K, 0% used [0x00000000f8300000,0x00000000f8300000,0x00000000fc180000)
 ParOldGen       total 121856K, used 96608K [0x00000000c2a00000, 0x00000000ca100000, 0x00000000eb900000)
  object space 121856K, 79% used [0x00000000c2a00000,0x00000000c88581e0,0x00000000ca100000)
 Metaspace       used 24987K, capacity 25876K, committed 26112K, reserved 1073152K
  class space    used 2566K, capacity 2774K, committed 2816K, reserved 1048576K
Event: 156.599 GC heap after
Heap after GC invocations=34 (full 3):
 PSYoungGen      total 270848K, used 63991K [0x00000000eb900000, 0x0000000100000000, 0x0000000100000000)
  eden space 206848K, 0% used [0x00000000eb900000,0x00000000eb900000,0x00000000f8300000)
  from space 64000K, 99% used [0x00000000f8300000,0x00000000fc17dc68,0x00000000fc180000)
  to   space 64000K, 0% used [0x00000000fc180000,0x00000000fc180000,0x0000000100000000)
 ParOldGen       total 121856K, used 102181K [0x00000000c2a00000, 0x00000000ca100000, 0x00000000eb900000)
  object space 121856K, 83% used [0x00000000c2a00000,0x00000000c8dc95d0,0x00000000ca100000)
 Metaspace       used 24987K, capacity 25876K, committed 26112K, reserved 1073152K
  class space    used 2566K, capacity 2774K, committed 2816K, reserved 1048576K
}
Event: 161.596 GC heap before
{Heap before GC invocations=35 (full 3):
 PSYoungGen      total 270848K, used 270839K [0x00000000eb900000, 0x0000000100000000, 0x0000000100000000)
  eden space 206848K, 100% used [0x00000000eb900000,0x00000000f8300000,0x00000000f8300000)
  from space 64000K, 99% used [0x00000000f8300000,0x00000000fc17dc68,0x00000000fc180000)
  to   space 64000K, 0% used [0x00000000fc180000,0x00000000fc180000,0x0000000100000000)
 ParOldGen       total 121856K, used 102181K [0x00000000c2a00000, 0x00000000ca100000, 0x00000000eb900000)
  object space 121856K, 83% used [0x00000000c2a00000,0x00000000c8dc95d0,0x00000000ca100000)
 Metaspace       used 30782K, capacity 31668K, committed 31872K, reserved 1077248K
  class space    used 3215K, capacity 3446K, committed 3456K, reserved 1048576K
Event: 161.740 GC heap after
Heap after GC invocations=35 (full 3):
 PSYoungGen      total 229888K, used 63431K [0x00000000eb900000, 0x0000000100000000, 0x0000000100000000)
  eden space 165888K, 0% used [0x00000000eb900000,0x00000000eb900000,0x00000000f5b00000)
  from space 64000K, 99% used [0x00000000fc180000,0x00000000fff71fb8,0x0000000100000000)
  to   space 84480K, 0% used [0x00000000f5b00000,0x00000000f5b00000,0x00000000fad80000)
 ParOldGen       total 121856K, used 106037K [0x00000000c2a00000, 0x00000000ca100000, 0x00000000eb900000)
  object space 121856K, 87% used [0x00000000c2a00000,0x00000000c918d5d0,0x00000000ca100000)
 Metaspace       used 30782K, capacity 31668K, committed 31872K, reserved 1077248K
  class space    used 3215K, capacity 3446K, committed 3456K, reserved 1048576K
}
Event: 170.626 GC heap before
{Heap before GC invocations=36 (full 3):
 PSYoungGen      total 229888K, used 229319K [0x00000000eb900000, 0x0000000100000000, 0x0000000100000000)
  eden space 165888K, 100% used [0x00000000eb900000,0x00000000f5b00000,0x00000000f5b00000)
  from space 64000K, 99% used [0x00000000fc180000,0x00000000fff71fb8,0x0000000100000000)
  to   space 84480K, 0% used [0x00000000f5b00000,0x00000000f5b00000,0x00000000fad80000)
 ParOldGen       total 121856K, used 106037K [0x00000000c2a00000, 0x00000000ca100000, 0x00000000eb900000)
  object space 121856K, 87% used [0x00000000c2a00000,0x00000000c918d5d0,0x00000000ca100000)
 Metaspace       used 31356K, capacity 32314K, committed 32384K, reserved 1079296K
  class space    used 3216K, capacity 3447K, committed 3456K, reserved 1048576K
Event: 170.984 GC heap after
Heap after GC invocations=36 (full 3):
 PSYoungGen      total 229888K, used 63817K [0x00000000eb900000, 0x0000000100000000, 0x0000000100000000)
  eden space 165888K, 0% used [0x00000000eb900000,0x00000000eb900000,0x00000000f5b00000)
  from space 64000K, 99% used [0x00000000f5b00000,0x00000000f9952540,0x00000000f9980000)
  to   space 90624K, 0% used [0x00000000fa780000,0x00000000fa780000,0x0000000100000000)
 ParOldGen       total 121856K, used 121788K [0x00000000c2a00000, 0x00000000ca100000, 0x00000000eb900000)
  object space 121856K, 99% used [0x00000000c2a00000,0x00000000ca0ef2c0,0x00000000ca100000)
 Metaspace       used 31356K, capacity 32314K, committed 32384K, reserved 1079296K
  class space    used 3216K, capacity 3447K, committed 3456K, reserved 1048576K
}
Event: 171.002 GC heap before
{Heap before GC invocations=37 (full 4):
 PSYoungGen      total 229888K, used 63817K [0x00000000eb900000, 0x0000000100000000, 0x0000000100000000)
  eden space 165888K, 0% used [0x00000000eb900000,0x00000000eb900000,0x00000000f5b00000)
  from space 64000K, 99% used [0x00000000f5b00000,0x00000000f9952540,0x00000000f9980000)
  to   space 90624K, 0% used [0x00000000fa780000,0x00000000fa780000,0x0000000100000000)
 ParOldGen       total 121856K, used 121788K [0x00000000c2a00000, 0x00000000ca100000, 0x00000000eb900000)
  object space 121856K, 99% used [0x00000000c2a00000,0x00000000ca0ef2c0,0x00000000ca100000)
 Metaspace       used 31356K, capacity 32314K, committed 32384K, reserved 1079296K
  class space    used 3216K, capacity 3447K, committed 3456K, reserved 1048576K

