# JRE version: Java(TM) SE Runtime Environment (8.0_201-b09) (build 1.8.0_201-b09)
# Java VM: Java HotSpot(TM) 64-Bit Server VM (25.201-b09 mixed mode linux-amd64 compressed oops)
Heap:
 PSYoungGen      total 126464K, used 5136K [0x00000000eb900000, 0x00000000f3a00000, 0x0000000100000000)
  eden space 120832K, 0% used [0x00000000eb900000,0x00000000eb900000,0x00000000f2f00000)
  from space 5632K, 91% used [0x00000000f2f00000,0x00000000f34041c0,0x00000000f3480000)
  to   space 5632K, 0% used [0x00000000f3480000,0x00000000f3480000,0x00000000f3a00000)
 ParOldGen       total 42496K, used 12067K [0x00000000c2a00000, 0x00000000c5380000, 0x00000000eb900000)
  object space 42496K, 28% used [0x00000000c2a00000,0x00000000c35c8e00,0x00000000c5380000)
 Metaspace       used 14183K, capacity 14652K, committed 14848K, reserved 1062912K
  class space    used 1609K, capacity 1750K, committed 1792K, reserved 1048576K
GC Heap History (10 events):
Event: 39.925 GC heap after
Heap after GC invocations=5 (full 1):
 PSYoungGen      total 34304K, used 2552K [0x00000000eb900000, 0x00000000efc00000, 0x0000000100000000)
  eden space 31744K, 0% used [0x00000000eb900000,0x00000000eb900000,0x00000000ed800000)
  from space 2560K, 99% used [0x00000000eda80000,0x00000000edcfe280,0x00000000edd00000)
  to   space 2560K, 0% used [0x00000000ed800000,0x00000000ed800000,0x00000000eda80000)
 ParOldGen       total 42496K, used 6816K [0x00000000c2a00000, 0x00000000c5380000, 0x00000000eb900000)
  object space 42496K, 16% used [0x00000000c2a00000,0x00000000c30a8228,0x00000000c5380000)
 Metaspace       used 14034K, capacity 14460K, committed 14592K, reserved 1062912K
  class space    used 1609K, capacity 1750K, committed 1792K, reserved 1048576K
}
Event: 40.216 GC heap before
{Heap before GC invocations=6 (full 1):
 PSYoungGen      total 34304K, used 34296K [0x00000000eb900000, 0x00000000efc00000, 0x0000000100000000)
  eden space 31744K, 100% used [0x00000000eb900000,0x00000000ed800000,0x00000000ed800000)
  from space 2560K, 99% used [0x00000000eda80000,0x00000000edcfe280,0x00000000edd00000)
  to   space 2560K, 0% used [0x00000000ed800000,0x00000000ed800000,0x00000000eda80000)
 ParOldGen       total 42496K, used 6816K [0x00000000c2a00000, 0x00000000c5380000, 0x00000000eb900000)
  object space 42496K, 16% used [0x00000000c2a00000,0x00000000c30a8228,0x00000000c5380000)
 Metaspace       used 14099K, capacity 14524K, committed 14848K, reserved 1062912K
  class space    used 1609K, capacity 1750K, committed 1792K, reserved 1048576K
Event: 40.259 GC heap after
Heap after GC invocations=6 (full 1):
 PSYoungGen      total 34304K, used 2560K [0x00000000eb900000, 0x00000000efc00000, 0x0000000100000000)
  eden space 31744K, 0% used [0x00000000eb900000,0x00000000eb900000,0x00000000ed800000)
  from space 2560K, 100% used [0x00000000ed800000,0x00000000eda80000,0x00000000eda80000)
  to   space 2560K, 0% used [0x00000000ef980000,0x00000000ef980000,0x00000000efc00000)
 ParOldGen       total 42496K, used 8364K [0x00000000c2a00000, 0x00000000c5380000, 0x00000000eb900000)
  object space 42496K, 19% used [0x00000000c2a00000,0x00000000c322b318,0x00000000c5380000)
 Metaspace       used 14099K, capacity 14524K, committed 14848K, reserved 1062912K
  class space    used 1609K, capacity 1750K, committed 1792K, reserved 1048576K
}
Event: 40.449 GC heap before
{Heap before GC invocations=7 (full 1):
 PSYoungGen      total 34304K, used 34304K [0x00000000eb900000, 0x00000000efc00000, 0x0000000100000000)
  eden space 31744K, 100% used [0x00000000eb900000,0x00000000ed800000,0x00000000ed800000)
  from space 2560K, 100% used [0x00000000ed800000,0x00000000eda80000,0x00000000eda80000)
  to   space 2560K, 0% used [0x00000000ef980000,0x00000000ef980000,0x00000000efc00000)
 ParOldGen       total 42496K, used 8364K [0x00000000c2a00000, 0x00000000c5380000, 0x00000000eb900000)
  object space 42496K, 19% used [0x00000000c2a00000,0x00000000c322b318,0x00000000c5380000)
 Metaspace       used 14125K, capacity 14588K, committed 14848K, reserved 1062912K
  class space    used 1609K, capacity 1750K, committed 1792K, reserved 1048576K
Event: 40.462 GC heap after
Heap after GC invocations=7 (full 1):
 PSYoungGen      total 62976K, used 2560K [0x00000000eb900000, 0x00000000f0200000, 0x0000000100000000)
  eden space 60416K, 0% used [0x00000000eb900000,0x00000000eb900000,0x00000000ef400000)
  from space 2560K, 100% used [0x00000000ef980000,0x00000000efc00000,0x00000000efc00000)
  to   space 5632K, 0% used [0x00000000ef400000,0x00000000ef400000,0x00000000ef980000)
 ParOldGen       total 42496K, used 10291K [0x00000000c2a00000, 0x00000000c5380000, 0x00000000eb900000)
  object space 42496K, 24% used [0x00000000c2a00000,0x00000000c340cdf0,0x00000000c5380000)
 Metaspace       used 14125K, capacity 14588K, committed 14848K, reserved 1062912K
  class space    used 1609K, capacity 1750K, committed 1792K, reserved 1048576K
}
Event: 40.986 GC heap before
{Heap before GC invocations=8 (full 1):
 PSYoungGen      total 62976K, used 62976K [0x00000000eb900000, 0x00000000f0200000, 0x0000000100000000)
  eden space 60416K, 100% used [0x00000000eb900000,0x00000000ef400000,0x00000000ef400000)
  from space 2560K, 100% used [0x00000000ef980000,0x00000000efc00000,0x00000000efc00000)
  to   space 5632K, 0% used [0x00000000ef400000,0x00000000ef400000,0x00000000ef980000)
 ParOldGen       total 42496K, used 10291K [0x00000000c2a00000, 0x00000000c5380000, 0x00000000eb900000)
  object space 42496K, 24% used [0x00000000c2a00000,0x00000000c340cdf0,0x00000000c5380000)
 Metaspace       used 14158K, capacity 14588K, committed 14848K, reserved 1062912K
  class space    used 1609K, capacity 1750K, committed 1792K, reserved 1048576K
Event: 41.012 GC heap after
Heap after GC invocations=8 (full 1):
 PSYoungGen      total 66048K, used 3424K [0x00000000eb900000, 0x00000000f3a00000, 0x0000000100000000)
  eden space 60416K, 0% used [0x00000000eb900000,0x00000000eb900000,0x00000000ef400000)
  from space 5632K, 60% used [0x00000000ef400000,0x00000000ef758010,0x00000000ef980000)
  to   space 5632K, 0% used [0x00000000f3480000,0x00000000f3480000,0x00000000f3a00000)
 ParOldGen       total 42496K, used 10299K [0x00000000c2a00000, 0x00000000c5380000, 0x00000000eb900000)
  object space 42496K, 24% used [0x00000000c2a00000,0x00000000c340edf0,0x00000000c5380000)
 Metaspace       used 14158K, capacity 14588K, committed 14848K, reserved 1062912K
  class space    used 1609K, capacity 1750K, committed 1792K, reserved 1048576K
}
Event: 41.395 GC heap before
{Heap before GC invocations=9 (full 1):
 PSYoungGen      total 66048K, used 63840K [0x00000000eb900000, 0x00000000f3a00000, 0x0000000100000000)
  eden space 60416K, 100% used [0x00000000eb900000,0x00000000ef400000,0x00000000ef400000)
  from space 5632K, 60% used [0x00000000ef400000,0x00000000ef758010,0x00000000ef980000)
  to   space 5632K, 0% used [0x00000000f3480000,0x00000000f3480000,0x00000000f3a00000)
 ParOldGen       total 42496K, used 10299K [0x00000000c2a00000, 0x00000000c5380000, 0x00000000eb900000)
  object space 42496K, 24% used [0x00000000c2a00000,0x00000000c340edf0,0x00000000c5380000)
 Metaspace       used 14170K, capacity 14588K, committed 14848K, reserved 1062912K
  class space    used 1609K, capacity 1750K, committed 1792K, reserved 1048576K
Event: 41.427 GC heap after
Heap after GC invocations=9 (full 1):
 PSYoungGen      total 126464K, used 4384K [0x00000000eb900000, 0x00000000f3a00000, 0x0000000100000000)
  eden space 120832K, 0% used [0x00000000eb900000,0x00000000eb900000,0x00000000f2f00000)
  from space 5632K, 77% used [0x00000000f3480000,0x00000000f38c80a0,0x00000000f3a00000)
  to   space 5632K, 0% used [0x00000000f2f00000,0x00000000f2f00000,0x00000000f3480000)
 ParOldGen       total 42496K, used 10995K [0x00000000c2a00000, 0x00000000c5380000, 0x00000000eb900000)
  object space 42496K, 25% used [0x00000000c2a00000,0x00000000c34bce00,0x00000000c5380000)
 Metaspace       used 14170K, capacity 14588K, committed 14848K, reserved 1062912K
  class space    used 1609K, capacity 1750K, committed 1792K, reserved 1048576K
}
Event: 42.874 GC heap before
{Heap before GC invocations=10 (full 1):
 PSYoungGen      total 126464K, used 125216K [0x00000000eb900000, 0x00000000f3a00000, 0x0000000100000000)
  eden space 120832K, 100% used [0x00000000eb900000,0x00000000f2f00000,0x00000000f2f00000)
  from space 5632K, 77% used [0x00000000f3480000,0x00000000f38c80a0,0x00000000f3a00000)
  to   space 5632K, 0% used [0x00000000f2f00000,0x00000000f2f00000,0x00000000f3480000)
 ParOldGen       total 42496K, used 10995K [0x00000000c2a00000, 0x00000000c5380000, 0x00000000eb900000)
  object space 42496K, 25% used [0x00000000c2a00000,0x00000000c34bce00,0x00000000c5380000)
 Metaspace       used 14183K, capacity 14652K, committed 14848K, reserved 1062912K
  class space    used 1609K, capacity 1750K, committed 1792K, reserved 1048576K

