# JRE version: Java(TM) SE Runtime Environment (8.0_201-b09) (build 1.8.0_201-b09)
# Java VM: Java HotSpot(TM) 64-Bit Server VM (25.201-b09 mixed mode linux-amd64 compressed oops)
Heap:
 PSYoungGen      total 18432K, used 2284K [0x00000000eb900000, 0x00000000ecf80000, 0x0000000100000000)
  eden space 13824K, 0% used [0x00000000eb900000,0x00000000eb900000,0x00000000ec680000)
  from space 4608K, 49% used [0x00000000ecb00000,0x00000000ecd3b020,0x00000000ecf80000)
  to   space 4608K, 0% used [0x00000000ec680000,0x00000000ec680000,0x00000000ecb00000)
 ParOldGen       total 42496K, used 5430K [0x00000000c2a00000, 0x00000000c5380000, 0x00000000eb900000)
  object space 42496K, 12% used [0x00000000c2a00000,0x00000000c2f4db58,0x00000000c5380000)
 Metaspace       used 14259K, capacity 14692K, committed 14848K, reserved 1062912K
  class space    used 1626K, capacity 1735K, committed 1792K, reserved 1048576K
GC Heap History (10 events):
Event: 17.438 GC heap after
Heap after GC invocations=4 (full 1):
 PSYoungGen      total 18432K, used 2552K [0x00000000eb900000, 0x00000000ecd80000, 0x0000000100000000)
  eden space 15872K, 0% used [0x00000000eb900000,0x00000000eb900000,0x00000000ec880000)
  from space 2560K, 99% used [0x00000000ec880000,0x00000000ecafe2c8,0x00000000ecb00000)
  to   space 2560K, 0% used [0x00000000ecb00000,0x00000000ecb00000,0x00000000ecd80000)
 ParOldGen       total 42496K, used 3607K [0x00000000c2a00000, 0x00000000c5380000, 0x00000000eb900000)
  object space 42496K, 8% used [0x00000000c2a00000,0x00000000c2d85d80,0x00000000c5380000)
 Metaspace       used 13364K, capacity 13748K, committed 14080K, reserved 1060864K
  class space    used 1567K, capacity 1668K, committed 1792K, reserved 1048576K
}
Event: 18.529 GC heap before
{Heap before GC invocations=5 (full 1):
 PSYoungGen      total 18432K, used 18424K [0x00000000eb900000, 0x00000000ecd80000, 0x0000000100000000)
  eden space 15872K, 100% used [0x00000000eb900000,0x00000000ec880000,0x00000000ec880000)
  from space 2560K, 99% used [0x00000000ec880000,0x00000000ecafe2c8,0x00000000ecb00000)
  to   space 2560K, 0% used [0x00000000ecb00000,0x00000000ecb00000,0x00000000ecd80000)
 ParOldGen       total 42496K, used 3607K [0x00000000c2a00000, 0x00000000c5380000, 0x00000000eb900000)
  object space 42496K, 8% used [0x00000000c2a00000,0x00000000c2d85d80,0x00000000c5380000)
 Metaspace       used 13557K, capacity 13946K, committed 14080K, reserved 1060864K
  class space    used 1572K, capacity 1669K, committed 1792K, reserved 1048576K
Event: 18.548 GC heap after
Heap after GC invocations=5 (full 1):
 PSYoungGen      total 18432K, used 2368K [0x00000000eb900000, 0x00000000ecd80000, 0x0000000100000000)
  eden space 15872K, 0% used [0x00000000eb900000,0x00000000eb900000,0x00000000ec880000)
  from space 2560K, 92% used [0x00000000ecb00000,0x00000000ecd50020,0x00000000ecd80000)
  to   space 2560K, 0% used [0x00000000ec880000,0x00000000ec880000,0x00000000ecb00000)
 ParOldGen       total 42496K, used 3607K [0x00000000c2a00000, 0x00000000c5380000, 0x00000000eb900000)
  object space 42496K, 8% used [0x00000000c2a00000,0x00000000c2d85d80,0x00000000c5380000)
 Metaspace       used 13557K, capacity 13946K, committed 14080K, reserved 1060864K
  class space    used 1572K, capacity 1669K, committed 1792K, reserved 1048576K
}
Event: 19.597 GC heap before
{Heap before GC invocations=6 (full 1):
 PSYoungGen      total 18432K, used 18240K [0x00000000eb900000, 0x00000000ecd80000, 0x0000000100000000)
  eden space 15872K, 100% used [0x00000000eb900000,0x00000000ec880000,0x00000000ec880000)
  from space 2560K, 92% used [0x00000000ecb00000,0x00000000ecd50020,0x00000000ecd80000)
  to   space 2560K, 0% used [0x00000000ec880000,0x00000000ec880000,0x00000000ecb00000)
 ParOldGen       total 42496K, used 3607K [0x00000000c2a00000, 0x00000000c5380000, 0x00000000eb900000)
  object space 42496K, 8% used [0x00000000c2a00000,0x00000000c2d85d80,0x00000000c5380000)
 Metaspace       used 14064K, capacity 14496K, committed 14592K, reserved 1062912K
  class space    used 1615K, capacity 1725K, committed 1792K, reserved 1048576K
Event: 19.609 GC heap after
Heap after GC invocations=6 (full 1):
 PSYoungGen      total 18432K, used 2528K [0x00000000eb900000, 0x00000000ecd80000, 0x0000000100000000)
  eden space 15872K, 0% used [0x00000000eb900000,0x00000000eb900000,0x00000000ec880000)
  from space 2560K, 98% used [0x00000000ec880000,0x00000000ecaf8020,0x00000000ecb00000)
  to   space 2560K, 0% used [0x00000000ecb00000,0x00000000ecb00000,0x00000000ecd80000)
 ParOldGen       total 42496K, used 4408K [0x00000000c2a00000, 0x00000000c5380000, 0x00000000eb900000)
  object space 42496K, 10% used [0x00000000c2a00000,0x00000000c2e4e228,0x00000000c5380000)
 Metaspace       used 14064K, capacity 14496K, committed 14592K, reserved 1062912K
  class space    used 1615K, capacity 1725K, committed 1792K, reserved 1048576K
}
Event: 27.834 GC heap before
{Heap before GC invocations=7 (full 1):
 PSYoungGen      total 18432K, used 18400K [0x00000000eb900000, 0x00000000ecd80000, 0x0000000100000000)
  eden space 15872K, 100% used [0x00000000eb900000,0x00000000ec880000,0x00000000ec880000)
  from space 2560K, 98% used [0x00000000ec880000,0x00000000ecaf8020,0x00000000ecb00000)
  to   space 2560K, 0% used [0x00000000ecb00000,0x00000000ecb00000,0x00000000ecd80000)
 ParOldGen       total 42496K, used 4408K [0x00000000c2a00000, 0x00000000c5380000, 0x00000000eb900000)
  object space 42496K, 10% used [0x00000000c2a00000,0x00000000c2e4e228,0x00000000c5380000)
 Metaspace       used 14182K, capacity 14672K, committed 14848K, reserved 1062912K
  class space    used 1621K, capacity 1733K, committed 1792K, reserved 1048576K
Event: 27.846 GC heap after
Heap after GC invocations=7 (full 1):
 PSYoungGen      total 16384K, used 2550K [0x00000000eb900000, 0x00000000ed180000, 0x0000000100000000)
  eden space 13824K, 0% used [0x00000000eb900000,0x00000000eb900000,0x00000000ec680000)
  from space 2560K, 99% used [0x00000000ecb00000,0x00000000ecd7d810,0x00000000ecd80000)
  to   space 4608K, 0% used [0x00000000ec680000,0x00000000ec680000,0x00000000ecb00000)
 ParOldGen       total 42496K, used 4694K [0x00000000c2a00000, 0x00000000c5380000, 0x00000000eb900000)
  object space 42496K, 11% used [0x00000000c2a00000,0x00000000c2e95ac8,0x00000000c5380000)
 Metaspace       used 14182K, capacity 14672K, committed 14848K, reserved 1062912K
  class space    used 1621K, capacity 1733K, committed 1792K, reserved 1048576K
}
Event: 35.176 GC heap before
{Heap before GC invocations=8 (full 1):
 PSYoungGen      total 16384K, used 16374K [0x00000000eb900000, 0x00000000ed180000, 0x0000000100000000)
  eden space 13824K, 100% used [0x00000000eb900000,0x00000000ec680000,0x00000000ec680000)
  from space 2560K, 99% used [0x00000000ecb00000,0x00000000ecd7d810,0x00000000ecd80000)
  to   space 4608K, 0% used [0x00000000ec680000,0x00000000ec680000,0x00000000ecb00000)
 ParOldGen       total 42496K, used 4694K [0x00000000c2a00000, 0x00000000c5380000, 0x00000000eb900000)
  object space 42496K, 11% used [0x00000000c2a00000,0x00000000c2e95ac8,0x00000000c5380000)
 Metaspace       used 14238K, capacity 14692K, committed 14848K, reserved 1062912K
  class space    used 1626K, capacity 1735K, committed 1792K, reserved 1048576K
Event: 35.217 GC heap after
Heap after GC invocations=8 (full 1):
 PSYoungGen      total 18432K, used 2828K [0x00000000eb900000, 0x00000000ecf80000, 0x0000000100000000)
  eden space 13824K, 0% used [0x00000000eb900000,0x00000000eb900000,0x00000000ec680000)
  from space 4608K, 61% used [0x00000000ec680000,0x00000000ec943020,0x00000000ecb00000)
  to   space 4608K, 0% used [0x00000000ecb00000,0x00000000ecb00000,0x00000000ecf80000)
 ParOldGen       total 42496K, used 4694K [0x00000000c2a00000, 0x00000000c5380000, 0x00000000eb900000)
  object space 42496K, 11% used [0x00000000c2a00000,0x00000000c2e95ac8,0x00000000c5380000)
 Metaspace       used 14238K, capacity 14692K, committed 14848K, reserved 1062912K
  class space    used 1626K, capacity 1735K, committed 1792K, reserved 1048576K
}
Event: 49.127 GC heap before
{Heap before GC invocations=9 (full 1):
 PSYoungGen      total 18432K, used 16652K [0x00000000eb900000, 0x00000000ecf80000, 0x0000000100000000)
  eden space 13824K, 100% used [0x00000000eb900000,0x00000000ec680000,0x00000000ec680000)
  from space 4608K, 61% used [0x00000000ec680000,0x00000000ec943020,0x00000000ecb00000)
  to   space 4608K, 0% used [0x00000000ecb00000,0x00000000ecb00000,0x00000000ecf80000)
 ParOldGen       total 42496K, used 4694K [0x00000000c2a00000, 0x00000000c5380000, 0x00000000eb900000)
  object space 42496K, 11% used [0x00000000c2a00000,0x00000000c2e95ac8,0x00000000c5380000)
 Metaspace       used 14259K, capacity 14692K, committed 14848K, reserved 1062912K
  class space    used 1626K, capacity 1735K, committed 1792K, reserved 1048576K

