# JRE version: Java(TM) SE Runtime Environment (8.0_201-b09) (build 1.8.0_201-b09)
# Java VM: Java HotSpot(TM) 64-Bit Server VM (25.201-b09 mixed mode linux-amd64 compressed oops)
Heap:
 PSYoungGen      total 255488K, used 20448K [0x00000000eb900000, 0x00000000fd300000, 0x0000000100000000)
  eden space 235008K, 0% used [0x00000000eb900000,0x00000000eb900000,0x00000000f9e80000)
  from space 20480K, 99% used [0x00000000f9e80000,0x00000000fb278240,0x00000000fb280000)
  to   space 17408K, 0% used [0x00000000fb280000,0x00000000fb280000,0x00000000fc380000)
 ParOldGen       total 77312K, used 53285K [0x00000000c2a00000, 0x00000000c7580000, 0x00000000eb900000)
  object space 77312K, 68% used [0x00000000c2a00000,0x00000000c5e094d8,0x00000000c7580000)
 Metaspace       used 23041K, capacity 23760K, committed 24064K, reserved 1071104K
  class space    used 2495K, capacity 2697K, committed 2816K, reserved 1048576K
GC Heap History (10 events):
Event: 18.708 GC heap after
Heap after GC invocations=12 (full 2):
 PSYoungGen      total 150528K, used 7430K [0x00000000eb900000, 0x00000000fbb80000, 0x0000000100000000)
  eden space 142848K, 0% used [0x00000000eb900000,0x00000000eb900000,0x00000000f4480000)
  from space 7680K, 96% used [0x00000000fb400000,0x00000000fbb41a30,0x00000000fbb80000)
  to   space 19456K, 0% used [0x00000000f9580000,0x00000000f9580000,0x00000000fa880000)
 ParOldGen       total 77312K, used 40954K [0x00000000c2a00000, 0x00000000c7580000, 0x00000000eb900000)
  object space 77312K, 52% used [0x00000000c2a00000,0x00000000c51feb58,0x00000000c7580000)
 Metaspace       used 21795K, capacity 22210K, committed 22528K, reserved 1069056K
  class space    used 2400K, capacity 2540K, committed 2560K, reserved 1048576K
}
Event: 20.618 GC heap before
{Heap before GC invocations=13 (full 2):
 PSYoungGen      total 150528K, used 150278K [0x00000000eb900000, 0x00000000fbb80000, 0x0000000100000000)
  eden space 142848K, 100% used [0x00000000eb900000,0x00000000f4480000,0x00000000f4480000)
  from space 7680K, 96% used [0x00000000fb400000,0x00000000fbb41a30,0x00000000fbb80000)
  to   space 19456K, 0% used [0x00000000f9580000,0x00000000f9580000,0x00000000fa880000)
 ParOldGen       total 77312K, used 40954K [0x00000000c2a00000, 0x00000000c7580000, 0x00000000eb900000)
  object space 77312K, 52% used [0x00000000c2a00000,0x00000000c51feb58,0x00000000c7580000)
 Metaspace       used 21923K, capacity 22342K, committed 22528K, reserved 1069056K
  class space    used 2400K, capacity 2540K, committed 2560K, reserved 1048576K
Event: 20.641 GC heap after
Heap after GC invocations=13 (full 2):
 PSYoungGen      total 177152K, used 7120K [0x00000000eb900000, 0x00000000fb480000, 0x0000000100000000)
  eden space 169984K, 0% used [0x00000000eb900000,0x00000000eb900000,0x00000000f5f00000)
  from space 7168K, 99% used [0x00000000f9580000,0x00000000f9c74250,0x00000000f9c80000)
  to   space 18432K, 0% used [0x00000000fa280000,0x00000000fa280000,0x00000000fb480000)
 ParOldGen       total 77312K, used 40962K [0x00000000c2a00000, 0x00000000c7580000, 0x00000000eb900000)
  object space 77312K, 52% used [0x00000000c2a00000,0x00000000c5200b58,0x00000000c7580000)
 Metaspace       used 21923K, capacity 22342K, committed 22528K, reserved 1069056K
  class space    used 2400K, capacity 2540K, committed 2560K, reserved 1048576K
}
Event: 22.345 GC heap before
{Heap before GC invocations=14 (full 2):
 PSYoungGen      total 177152K, used 177104K [0x00000000eb900000, 0x00000000fb480000, 0x0000000100000000)
  eden space 169984K, 100% used [0x00000000eb900000,0x00000000f5f00000,0x00000000f5f00000)
  from space 7168K, 99% used [0x00000000f9580000,0x00000000f9c74250,0x00000000f9c80000)
  to   space 18432K, 0% used [0x00000000fa280000,0x00000000fa280000,0x00000000fb480000)
 ParOldGen       total 77312K, used 40962K [0x00000000c2a00000, 0x00000000c7580000, 0x00000000eb900000)
  object space 77312K, 52% used [0x00000000c2a00000,0x00000000c5200b58,0x00000000c7580000)
 Metaspace       used 21948K, capacity 22342K, committed 22528K, reserved 1069056K
  class space    used 2400K, capacity 2540K, committed 2560K, reserved 1048576K
Event: 22.376 GC heap after
Heap after GC invocations=14 (full 2):
 PSYoungGen      total 209920K, used 8512K [0x00000000eb900000, 0x00000000fab00000, 0x0000000100000000)
  eden space 201216K, 0% used [0x00000000eb900000,0x00000000eb900000,0x00000000f7d80000)
  from space 8704K, 97% used [0x00000000fa280000,0x00000000faad0240,0x00000000fab00000)
  to   space 17920K, 0% used [0x00000000f8800000,0x00000000f8800000,0x00000000f9980000)
 ParOldGen       total 77312K, used 40962K [0x00000000c2a00000, 0x00000000c7580000, 0x00000000eb900000)
  object space 77312K, 52% used [0x00000000c2a00000,0x00000000c5200b58,0x00000000c7580000)
 Metaspace       used 21948K, capacity 22342K, committed 22528K, reserved 1069056K
  class space    used 2400K, capacity 2540K, committed 2560K, reserved 1048576K
}
Event: 24.100 GC heap before
{Heap before GC invocations=15 (full 2):
 PSYoungGen      total 209920K, used 209728K [0x00000000eb900000, 0x00000000fab00000, 0x0000000100000000)
  eden space 201216K, 100% used [0x00000000eb900000,0x00000000f7d80000,0x00000000f7d80000)
  from space 8704K, 97% used [0x00000000fa280000,0x00000000faad0240,0x00000000fab00000)
  to   space 17920K, 0% used [0x00000000f8800000,0x00000000f8800000,0x00000000f9980000)
 ParOldGen       total 77312K, used 40962K [0x00000000c2a00000, 0x00000000c7580000, 0x00000000eb900000)
  object space 77312K, 52% used [0x00000000c2a00000,0x00000000c5200b58,0x00000000c7580000)
 Metaspace       used 22002K, capacity 22406K, committed 22528K, reserved 1069056K
  class space    used 2400K, capacity 2540K, committed 2560K, reserved 1048576K
Event: 24.134 GC heap after
Heap after GC invocations=15 (full 2):
 PSYoungGen      total 229888K, used 10064K [0x00000000eb900000, 0x00000000fc380000, 0x0000000100000000)
  eden space 211968K, 0% used [0x00000000eb900000,0x00000000eb900000,0x00000000f8800000)
  from space 17920K, 56% used [0x00000000f8800000,0x00000000f91d4250,0x00000000f9980000)
  to   space 17408K, 0% used [0x00000000fb280000,0x00000000fb280000,0x00000000fc380000)
 ParOldGen       total 77312K, used 40970K [0x00000000c2a00000, 0x00000000c7580000, 0x00000000eb900000)
  object space 77312K, 52% used [0x00000000c2a00000,0x00000000c5202b58,0x00000000c7580000)
 Metaspace       used 22002K, capacity 22406K, committed 22528K, reserved 1069056K
  class space    used 2400K, capacity 2540K, committed 2560K, reserved 1048576K
}
Event: 33.133 GC heap before
{Heap before GC invocations=16 (full 2):
 PSYoungGen      total 229888K, used 222032K [0x00000000eb900000, 0x00000000fc380000, 0x0000000100000000)
  eden space 211968K, 100% used [0x00000000eb900000,0x00000000f8800000,0x00000000f8800000)
  from space 17920K, 56% used [0x00000000f8800000,0x00000000f91d4250,0x00000000f9980000)
  to   space 17408K, 0% used [0x00000000fb280000,0x00000000fb280000,0x00000000fc380000)
 ParOldGen       total 77312K, used 40970K [0x00000000c2a00000, 0x00000000c7580000, 0x00000000eb900000)
  object space 77312K, 52% used [0x00000000c2a00000,0x00000000c5202b58,0x00000000c7580000)
 Metaspace       used 22868K, capacity 23526K, committed 23680K, reserved 1071104K
  class space    used 2474K, capacity 2658K, committed 2688K, reserved 1048576K
Event: 33.237 GC heap after
Heap after GC invocations=16 (full 2):
 PSYoungGen      total 252416K, used 17376K [0x00000000eb900000, 0x00000000fd300000, 0x0000000100000000)
  eden space 235008K, 0% used [0x00000000eb900000,0x00000000eb900000,0x00000000f9e80000)
  from space 17408K, 99% used [0x00000000fb280000,0x00000000fc378250,0x00000000fc380000)
  to   space 20480K, 0% used [0x00000000f9e80000,0x00000000f9e80000,0x00000000fb280000)
 ParOldGen       total 77312K, used 42936K [0x00000000c2a00000, 0x00000000c7580000, 0x00000000eb900000)
  object space 77312K, 55% used [0x00000000c2a00000,0x00000000c53ee060,0x00000000c7580000)
 Metaspace       used 22868K, capacity 23526K, committed 23680K, reserved 1071104K
  class space    used 2474K, capacity 2658K, committed 2688K, reserved 1048576K
}
Event: 42.101 GC heap before
{Heap before GC invocations=17 (full 2):
 PSYoungGen      total 252416K, used 252384K [0x00000000eb900000, 0x00000000fd300000, 0x0000000100000000)
  eden space 235008K, 100% used [0x00000000eb900000,0x00000000f9e80000,0x00000000f9e80000)
  from space 17408K, 99% used [0x00000000fb280000,0x00000000fc378250,0x00000000fc380000)
  to   space 20480K, 0% used [0x00000000f9e80000,0x00000000f9e80000,0x00000000fb280000)
 ParOldGen       total 77312K, used 42936K [0x00000000c2a00000, 0x00000000c7580000, 0x00000000eb900000)
  object space 77312K, 55% used [0x00000000c2a00000,0x00000000c53ee060,0x00000000c7580000)
 Metaspace       used 23041K, capacity 23760K, committed 24064K, reserved 1071104K
  class space    used 2495K, capacity 2697K, committed 2816K, reserved 1048576K

