# JRE version: Java(TM) SE Runtime Environment (8.0_201-b09) (build 1.8.0_201-b09)
# Java VM: Java HotSpot(TM) 64-Bit Server VM (25.201-b09 mixed mode linux-amd64 compressed oops)
Heap:
 PSYoungGen      total 213504K, used 19942K [0x00000000eb900000, 0x00000000fb280000, 0x0000000100000000)
  eden space 193536K, 0% used [0x00000000eb900000,0x00000000eb900000,0x00000000f7600000)
  from space 19968K, 99% used [0x00000000f8b80000,0x00000000f9ef98b0,0x00000000f9f00000)
  to   space 13312K, 0% used [0x00000000fa580000,0x00000000fa580000,0x00000000fb280000)
 ParOldGen       total 73216K, used 44369K [0x00000000c2a00000, 0x00000000c7180000, 0x00000000eb900000)
  object space 73216K, 60% used [0x00000000c2a00000,0x00000000c5554758,0x00000000c7180000)
 Metaspace       used 23006K, capacity 23640K, committed 23680K, reserved 1071104K
  class space    used 2471K, capacity 2662K, committed 2688K, reserved 1048576K
GC Heap History (10 events):
Event: 12.024 GC heap after
Heap after GC invocations=10 (full 1):
 PSYoungGen      total 128000K, used 9188K [0x00000000eb900000, 0x00000000fc400000, 0x0000000100000000)
  eden space 118784K, 0% used [0x00000000eb900000,0x00000000eb900000,0x00000000f2d00000)
  from space 9216K, 99% used [0x00000000f2d00000,0x00000000f35f93c8,0x00000000f3600000)
  to   space 17920K, 0% used [0x00000000fb280000,0x00000000fb280000,0x00000000fc400000)
 ParOldGen       total 42496K, used 32890K [0x00000000c2a00000, 0x00000000c5380000, 0x00000000eb900000)
  object space 42496K, 77% used [0x00000000c2a00000,0x00000000c4a1e8a8,0x00000000c5380000)
 Metaspace       used 19071K, capacity 19322K, committed 19712K, reserved 1067008K
  class space    used 2135K, capacity 2226K, committed 2304K, reserved 1048576K
}
Event: 12.024 GC heap before
{Heap before GC invocations=11 (full 2):
 PSYoungGen      total 128000K, used 9188K [0x00000000eb900000, 0x00000000fc400000, 0x0000000100000000)
  eden space 118784K, 0% used [0x00000000eb900000,0x00000000eb900000,0x00000000f2d00000)
  from space 9216K, 99% used [0x00000000f2d00000,0x00000000f35f93c8,0x00000000f3600000)
  to   space 17920K, 0% used [0x00000000fb280000,0x00000000fb280000,0x00000000fc400000)
 ParOldGen       total 42496K, used 32890K [0x00000000c2a00000, 0x00000000c5380000, 0x00000000eb900000)
  object space 42496K, 77% used [0x00000000c2a00000,0x00000000c4a1e8a8,0x00000000c5380000)
 Metaspace       used 19071K, capacity 19322K, committed 19712K, reserved 1067008K
  class space    used 2135K, capacity 2226K, committed 2304K, reserved 1048576K
Event: 12.599 GC heap after
Heap after GC invocations=11 (full 2):
 PSYoungGen      total 128000K, used 0K [0x00000000eb900000, 0x00000000fc400000, 0x0000000100000000)
  eden space 118784K, 0% used [0x00000000eb900000,0x00000000eb900000,0x00000000f2d00000)
  from space 9216K, 0% used [0x00000000f2d00000,0x00000000f2d00000,0x00000000f3600000)
  to   space 17920K, 0% used [0x00000000fb280000,0x00000000fb280000,0x00000000fc400000)
 ParOldGen       total 73216K, used 37334K [0x00000000c2a00000, 0x00000000c7180000, 0x00000000eb900000)
  object space 73216K, 50% used [0x00000000c2a00000,0x00000000c4e75bc0,0x00000000c7180000)
 Metaspace       used 19071K, capacity 19322K, committed 19712K, reserved 1067008K
  class space    used 2135K, capacity 2226K, committed 2304K, reserved 1048576K
}
Event: 16.078 GC heap before
{Heap before GC invocations=12 (full 2):
 PSYoungGen      total 128000K, used 118784K [0x00000000eb900000, 0x00000000fc400000, 0x0000000100000000)
  eden space 118784K, 100% used [0x00000000eb900000,0x00000000f2d00000,0x00000000f2d00000)
  from space 9216K, 0% used [0x00000000f2d00000,0x00000000f2d00000,0x00000000f3600000)
  to   space 17920K, 0% used [0x00000000fb280000,0x00000000fb280000,0x00000000fc400000)
 ParOldGen       total 73216K, used 37334K [0x00000000c2a00000, 0x00000000c7180000, 0x00000000eb900000)
  object space 73216K, 50% used [0x00000000c2a00000,0x00000000c4e75bc0,0x00000000c7180000)
 Metaspace       used 21379K, capacity 21798K, committed 22016K, reserved 1069056K
  class space    used 2354K, capacity 2501K, committed 2560K, reserved 1048576K
Event: 16.105 GC heap after
Heap after GC invocations=12 (full 2):
 PSYoungGen      total 154112K, used 12773K [0x00000000eb900000, 0x00000000fbf00000, 0x0000000100000000)
  eden space 141312K, 0% used [0x00000000eb900000,0x00000000eb900000,0x00000000f4300000)
  from space 12800K, 99% used [0x00000000fb280000,0x00000000fbef94c8,0x00000000fbf00000)
  to   space 18944K, 0% used [0x00000000f9a00000,0x00000000f9a00000,0x00000000fac80000)
 ParOldGen       total 73216K, used 37342K [0x00000000c2a00000, 0x00000000c7180000, 0x00000000eb900000)
  object space 73216K, 51% used [0x00000000c2a00000,0x00000000c4e77bc0,0x00000000c7180000)
 Metaspace       used 21379K, capacity 21798K, committed 22016K, reserved 1069056K
  class space    used 2354K, capacity 2501K, committed 2560K, reserved 1048576K
}
Event: 19.195 GC heap before
{Heap before GC invocations=13 (full 2):
 PSYoungGen      total 154112K, used 154085K [0x00000000eb900000, 0x00000000fbf00000, 0x0000000100000000)
  eden space 141312K, 100% used [0x00000000eb900000,0x00000000f4300000,0x00000000f4300000)
  from space 12800K, 99% used [0x00000000fb280000,0x00000000fbef94c8,0x00000000fbf00000)
  to   space 18944K, 0% used [0x00000000f9a00000,0x00000000f9a00000,0x00000000fac80000)
 ParOldGen       total 73216K, used 37342K [0x00000000c2a00000, 0x00000000c7180000, 0x00000000eb900000)
  object space 73216K, 51% used [0x00000000c2a00000,0x00000000c4e77bc0,0x00000000c7180000)
 Metaspace       used 22179K, capacity 22562K, committed 22784K, reserved 1069056K
  class space    used 2406K, capacity 2541K, committed 2560K, reserved 1048576K
Event: 19.235 GC heap after
Heap after GC invocations=13 (full 2):
 PSYoungGen      total 177664K, used 11697K [0x00000000eb900000, 0x00000000fb300000, 0x0000000100000000)
  eden space 165888K, 0% used [0x00000000eb900000,0x00000000eb900000,0x00000000f5b00000)
  from space 11776K, 99% used [0x00000000f9a00000,0x00000000fa56c540,0x00000000fa580000)
  to   space 13824K, 0% used [0x00000000fa580000,0x00000000fa580000,0x00000000fb300000)
 ParOldGen       total 73216K, used 37350K [0x00000000c2a00000, 0x00000000c7180000, 0x00000000eb900000)
  object space 73216K, 51% used [0x00000000c2a00000,0x00000000c4e79bc0,0x00000000c7180000)
 Metaspace       used 22179K, capacity 22562K, committed 22784K, reserved 1069056K
  class space    used 2406K, capacity 2541K, committed 2560K, reserved 1048576K
}
Event: 21.508 GC heap before
{Heap before GC invocations=14 (full 2):
 PSYoungGen      total 177664K, used 177585K [0x00000000eb900000, 0x00000000fb300000, 0x0000000100000000)
  eden space 165888K, 100% used [0x00000000eb900000,0x00000000f5b00000,0x00000000f5b00000)
  from space 11776K, 99% used [0x00000000f9a00000,0x00000000fa56c540,0x00000000fa580000)
  to   space 13824K, 0% used [0x00000000fa580000,0x00000000fa580000,0x00000000fb300000)
 ParOldGen       total 73216K, used 37350K [0x00000000c2a00000, 0x00000000c7180000, 0x00000000eb900000)
  object space 73216K, 51% used [0x00000000c2a00000,0x00000000c4e79bc0,0x00000000c7180000)
 Metaspace       used 22228K, capacity 22630K, committed 22784K, reserved 1069056K
  class space    used 2406K, capacity 2541K, committed 2560K, reserved 1048576K
Event: 21.546 GC heap after
Heap after GC invocations=14 (full 2):
 PSYoungGen      total 206848K, used 12929K [0x00000000eb900000, 0x00000000fb280000, 0x0000000100000000)
  eden space 193536K, 0% used [0x00000000eb900000,0x00000000eb900000,0x00000000f7600000)
  from space 13312K, 97% used [0x00000000fa580000,0x00000000fb220458,0x00000000fb280000)
  to   space 19968K, 0% used [0x00000000f8b80000,0x00000000f8b80000,0x00000000f9f00000)
 ParOldGen       total 73216K, used 37358K [0x00000000c2a00000, 0x00000000c7180000, 0x00000000eb900000)
  object space 73216K, 51% used [0x00000000c2a00000,0x00000000c4e7bbc0,0x00000000c7180000)
 Metaspace       used 22228K, capacity 22630K, committed 22784K, reserved 1069056K
  class space    used 2406K, capacity 2541K, committed 2560K, reserved 1048576K
}
Event: 28.508 GC heap before
{Heap before GC invocations=15 (full 2):
 PSYoungGen      total 206848K, used 206465K [0x00000000eb900000, 0x00000000fb280000, 0x0000000100000000)
  eden space 193536K, 100% used [0x00000000eb900000,0x00000000f7600000,0x00000000f7600000)
  from space 13312K, 97% used [0x00000000fa580000,0x00000000fb220458,0x00000000fb280000)
  to   space 19968K, 0% used [0x00000000f8b80000,0x00000000f8b80000,0x00000000f9f00000)
 ParOldGen       total 73216K, used 37358K [0x00000000c2a00000, 0x00000000c7180000, 0x00000000eb900000)
  object space 73216K, 51% used [0x00000000c2a00000,0x00000000c4e7bbc0,0x00000000c7180000)
 Metaspace       used 23006K, capacity 23640K, committed 23680K, reserved 1071104K
  class space    used 2471K, capacity 2662K, committed 2688K, reserved 1048576K

