# JRE version: Java(TM) SE Runtime Environment (8.0_201-b09) (build 1.8.0_201-b09)
# Java VM: Java HotSpot(TM) 64-Bit Server VM (25.201-b09 mixed mode linux-amd64 compressed oops)
Heap:
 PSYoungGen      total 126976K, used 5216K [0x00000000eb900000, 0x00000000f3c00000, 0x0000000100000000)
  eden space 120832K, 0% used [0x00000000eb900000,0x00000000eb900000,0x00000000f2f00000)
  from space 6144K, 84% used [0x00000000f2f00000,0x00000000f3418020,0x00000000f3500000)
  to   space 5120K, 0% used [0x00000000f3500000,0x00000000f3500000,0x00000000f3a00000)
 ParOldGen       total 42496K, used 9707K [0x00000000c2a00000, 0x00000000c5380000, 0x00000000eb900000)
  object space 42496K, 22% used [0x00000000c2a00000,0x00000000c337af50,0x00000000c5380000)
 Metaspace       used 13973K, capacity 14334K, committed 14592K, reserved 1062912K
  class space    used 1594K, capacity 1707K, committed 1792K, reserved 1048576K
GC Heap History (10 events):
Event: 30.768 GC heap after
Heap after GC invocations=5 (full 1):
 PSYoungGen      total 34304K, used 2536K [0x00000000eb900000, 0x00000000edd00000, 0x0000000100000000)
  eden space 31744K, 0% used [0x00000000eb900000,0x00000000eb900000,0x00000000ed800000)
  from space 2560K, 99% used [0x00000000eda80000,0x00000000edcfa240,0x00000000edd00000)
  to   space 2560K, 0% used [0x00000000ed800000,0x00000000ed800000,0x00000000eda80000)
 ParOldGen       total 42496K, used 5036K [0x00000000c2a00000, 0x00000000c5380000, 0x00000000eb900000)
  object space 42496K, 11% used [0x00000000c2a00000,0x00000000c2eeb138,0x00000000c5380000)
 Metaspace       used 13754K, capacity 14142K, committed 14336K, reserved 1062912K
  class space    used 1593K, capacity 1707K, committed 1792K, reserved 1048576K
}
Event: 31.629 GC heap before
{Heap before GC invocations=6 (full 1):
 PSYoungGen      total 34304K, used 34280K [0x00000000eb900000, 0x00000000edd00000, 0x0000000100000000)
  eden space 31744K, 100% used [0x00000000eb900000,0x00000000ed800000,0x00000000ed800000)
  from space 2560K, 99% used [0x00000000eda80000,0x00000000edcfa240,0x00000000edd00000)
  to   space 2560K, 0% used [0x00000000ed800000,0x00000000ed800000,0x00000000eda80000)
 ParOldGen       total 42496K, used 5036K [0x00000000c2a00000, 0x00000000c5380000, 0x00000000eb900000)
  object space 42496K, 11% used [0x00000000c2a00000,0x00000000c2eeb138,0x00000000c5380000)
 Metaspace       used 13848K, capacity 14270K, committed 14592K, reserved 1062912K
  class space    used 1593K, capacity 1707K, committed 1792K, reserved 1048576K
Event: 31.659 GC heap after
Heap after GC invocations=6 (full 1):
 PSYoungGen      total 34304K, used 2548K [0x00000000eb900000, 0x00000000efc00000, 0x0000000100000000)
  eden space 31744K, 0% used [0x00000000eb900000,0x00000000eb900000,0x00000000ed800000)
  from space 2560K, 99% used [0x00000000ed800000,0x00000000eda7d120,0x00000000eda80000)
  to   space 2560K, 0% used [0x00000000ef980000,0x00000000ef980000,0x00000000efc00000)
 ParOldGen       total 42496K, used 6117K [0x00000000c2a00000, 0x00000000c5380000, 0x00000000eb900000)
  object space 42496K, 14% used [0x00000000c2a00000,0x00000000c2ff97a0,0x00000000c5380000)
 Metaspace       used 13848K, capacity 14270K, committed 14592K, reserved 1062912K
  class space    used 1593K, capacity 1707K, committed 1792K, reserved 1048576K
}
Event: 31.983 GC heap before
{Heap before GC invocations=7 (full 1):
 PSYoungGen      total 34304K, used 34292K [0x00000000eb900000, 0x00000000efc00000, 0x0000000100000000)
  eden space 31744K, 100% used [0x00000000eb900000,0x00000000ed800000,0x00000000ed800000)
  from space 2560K, 99% used [0x00000000ed800000,0x00000000eda7d120,0x00000000eda80000)
  to   space 2560K, 0% used [0x00000000ef980000,0x00000000ef980000,0x00000000efc00000)
 ParOldGen       total 42496K, used 6117K [0x00000000c2a00000, 0x00000000c5380000, 0x00000000eb900000)
  object space 42496K, 14% used [0x00000000c2a00000,0x00000000c2ff97a0,0x00000000c5380000)
 Metaspace       used 13890K, capacity 14270K, committed 14592K, reserved 1062912K
  class space    used 1593K, capacity 1707K, committed 1792K, reserved 1048576K
Event: 32.000 GC heap after
Heap after GC invocations=7 (full 1):
 PSYoungGen      total 63488K, used 2544K [0x00000000eb900000, 0x00000000f0100000, 0x0000000100000000)
  eden space 60928K, 0% used [0x00000000eb900000,0x00000000eb900000,0x00000000ef480000)
  from space 2560K, 99% used [0x00000000ef980000,0x00000000efbfc050,0x00000000efc00000)
  to   space 5120K, 0% used [0x00000000ef480000,0x00000000ef480000,0x00000000ef980000)
 ParOldGen       total 42496K, used 7694K [0x00000000c2a00000, 0x00000000c5380000, 0x00000000eb900000)
  object space 42496K, 18% used [0x00000000c2a00000,0x00000000c3183a98,0x00000000c5380000)
 Metaspace       used 13890K, capacity 14270K, committed 14592K, reserved 1062912K
  class space    used 1593K, capacity 1707K, committed 1792K, reserved 1048576K
}
Event: 32.843 GC heap before
{Heap before GC invocations=8 (full 1):
 PSYoungGen      total 63488K, used 63472K [0x00000000eb900000, 0x00000000f0100000, 0x0000000100000000)
  eden space 60928K, 100% used [0x00000000eb900000,0x00000000ef480000,0x00000000ef480000)
  from space 2560K, 99% used [0x00000000ef980000,0x00000000efbfc050,0x00000000efc00000)
  to   space 5120K, 0% used [0x00000000ef480000,0x00000000ef480000,0x00000000ef980000)
 ParOldGen       total 42496K, used 7694K [0x00000000c2a00000, 0x00000000c5380000, 0x00000000eb900000)
  object space 42496K, 18% used [0x00000000c2a00000,0x00000000c3183a98,0x00000000c5380000)
 Metaspace       used 13920K, capacity 14334K, committed 14592K, reserved 1062912K
  class space    used 1593K, capacity 1707K, committed 1792K, reserved 1048576K
Event: 32.859 GC heap after
Heap after GC invocations=8 (full 1):
 PSYoungGen      total 66048K, used 4560K [0x00000000eb900000, 0x00000000f3a00000, 0x0000000100000000)
  eden space 60928K, 0% used [0x00000000eb900000,0x00000000eb900000,0x00000000ef480000)
  from space 5120K, 89% used [0x00000000ef480000,0x00000000ef8f4010,0x00000000ef980000)
  to   space 5120K, 0% used [0x00000000f3500000,0x00000000f3500000,0x00000000f3a00000)
 ParOldGen       total 42496K, used 7694K [0x00000000c2a00000, 0x00000000c5380000, 0x00000000eb900000)
  object space 42496K, 18% used [0x00000000c2a00000,0x00000000c3183a98,0x00000000c5380000)
 Metaspace       used 13920K, capacity 14334K, committed 14592K, reserved 1062912K
  class space    used 1593K, capacity 1707K, committed 1792K, reserved 1048576K
}
Event: 33.449 GC heap before
{Heap before GC invocations=9 (full 1):
 PSYoungGen      total 66048K, used 65488K [0x00000000eb900000, 0x00000000f3a00000, 0x0000000100000000)
  eden space 60928K, 100% used [0x00000000eb900000,0x00000000ef480000,0x00000000ef480000)
  from space 5120K, 89% used [0x00000000ef480000,0x00000000ef8f4010,0x00000000ef980000)
  to   space 5120K, 0% used [0x00000000f3500000,0x00000000f3500000,0x00000000f3a00000)
 ParOldGen       total 42496K, used 7694K [0x00000000c2a00000, 0x00000000c5380000, 0x00000000eb900000)
  object space 42496K, 18% used [0x00000000c2a00000,0x00000000c3183a98,0x00000000c5380000)
 Metaspace       used 13956K, capacity 14334K, committed 14592K, reserved 1062912K
  class space    used 1594K, capacity 1707K, committed 1792K, reserved 1048576K
Event: 33.466 GC heap after
Heap after GC invocations=9 (full 1):
 PSYoungGen      total 125952K, used 5088K [0x00000000eb900000, 0x00000000f3c00000, 0x0000000100000000)
  eden space 120832K, 0% used [0x00000000eb900000,0x00000000eb900000,0x00000000f2f00000)
  from space 5120K, 99% used [0x00000000f3500000,0x00000000f39f8020,0x00000000f3a00000)
  to   space 6144K, 0% used [0x00000000f2f00000,0x00000000f2f00000,0x00000000f3500000)
 ParOldGen       total 42496K, used 8867K [0x00000000c2a00000, 0x00000000c5380000, 0x00000000eb900000)
  object space 42496K, 20% used [0x00000000c2a00000,0x00000000c32a8f50,0x00000000c5380000)
 Metaspace       used 13956K, capacity 14334K, committed 14592K, reserved 1062912K
  class space    used 1594K, capacity 1707K, committed 1792K, reserved 1048576K
}
Event: 34.786 GC heap before
{Heap before GC invocations=10 (full 1):
 PSYoungGen      total 125952K, used 125920K [0x00000000eb900000, 0x00000000f3c00000, 0x0000000100000000)
  eden space 120832K, 100% used [0x00000000eb900000,0x00000000f2f00000,0x00000000f2f00000)
  from space 5120K, 99% used [0x00000000f3500000,0x00000000f39f8020,0x00000000f3a00000)
  to   space 6144K, 0% used [0x00000000f2f00000,0x00000000f2f00000,0x00000000f3500000)
 ParOldGen       total 42496K, used 8867K [0x00000000c2a00000, 0x00000000c5380000, 0x00000000eb900000)
  object space 42496K, 20% used [0x00000000c2a00000,0x00000000c32a8f50,0x00000000c5380000)
 Metaspace       used 13973K, capacity 14334K, committed 14592K, reserved 1062912K
  class space    used 1594K, capacity 1707K, committed 1792K, reserved 1048576K

