# JRE version: Java(TM) SE Runtime Environment (8.0_201-b09) (build 1.8.0_201-b09)
# Java VM: Java HotSpot(TM) 64-Bit Server VM (25.201-b09 mixed mode linux-amd64 compressed oops)
Heap:
 PSYoungGen      total 314880K, used 23228K [0x00000000eb900000, 0x0000000100000000, 0x0000000100000000)
  eden space 294912K, 6% used [0x00000000eb900000,0x00000000eca9b2b8,0x00000000fd900000)
  from space 19968K, 26% used [0x00000000fd900000,0x00000000fde14010,0x00000000fec80000)
  to   space 19456K, 0% used [0x00000000fed00000,0x00000000fed00000,0x0000000100000000)
 ParOldGen       total 80896K, used 58357K [0x00000000c2a00000, 0x00000000c7900000, 0x00000000eb900000)
  object space 80896K, 72% used [0x00000000c2a00000,0x00000000c62fd600,0x00000000c7900000)
 Metaspace       used 23887K, capacity 24542K, committed 24832K, reserved 1071104K
  class space    used 2526K, capacity 2701K, committed 2816K, reserved 1048576K
GC Heap History (10 events):
Event: 14.864 GC heap before
{Heap before GC invocations=15 (full 2):
 PSYoungGen      total 318464K, used 8692K [0x00000000eb900000, 0x0000000100000000, 0x0000000100000000)
  eden space 309760K, 0% used [0x00000000eb900000,0x00000000eb900000,0x00000000fe780000)
  from space 8704K, 99% used [0x00000000fe780000,0x00000000feffd2c8,0x00000000ff000000)
  to   space 16384K, 0% used [0x00000000ff000000,0x00000000ff000000,0x0000000100000000)
 ParOldGen       total 44544K, used 44195K [0x00000000c2a00000, 0x00000000c5580000, 0x00000000eb900000)
  object space 44544K, 99% used [0x00000000c2a00000,0x00000000c5528d18,0x00000000c5580000)
 Metaspace       used 20858K, capacity 21178K, committed 21296K, reserved 1069056K
  class space    used 2310K, capacity 2403K, committed 2432K, reserved 1048576K
Event: 15.440 GC heap after
Heap after GC invocations=15 (full 2):
 PSYoungGen      total 318464K, used 3567K [0x00000000eb900000, 0x0000000100000000, 0x0000000100000000)
  eden space 309760K, 0% used [0x00000000eb900000,0x00000000eb900000,0x00000000fe780000)
  from space 8704K, 40% used [0x00000000fe780000,0x00000000feafbf20,0x00000000ff000000)
  to   space 16384K, 0% used [0x00000000ff000000,0x00000000ff000000,0x0000000100000000)
 ParOldGen       total 80896K, used 44261K [0x00000000c2a00000, 0x00000000c7900000, 0x00000000eb900000)
  object space 80896K, 54% used [0x00000000c2a00000,0x00000000c5539588,0x00000000c7900000)
 Metaspace       used 20858K, capacity 21178K, committed 21296K, reserved 1069056K
  class space    used 2310K, capacity 2403K, committed 2432K, reserved 1048576K
}
Event: 23.203 GC heap before
{Heap before GC invocations=16 (full 2):
 PSYoungGen      total 318464K, used 313327K [0x00000000eb900000, 0x0000000100000000, 0x0000000100000000)
  eden space 309760K, 100% used [0x00000000eb900000,0x00000000fe780000,0x00000000fe780000)
  from space 8704K, 40% used [0x00000000fe780000,0x00000000feafbf20,0x00000000ff000000)
  to   space 16384K, 0% used [0x00000000ff000000,0x00000000ff000000,0x0000000100000000)
 ParOldGen       total 80896K, used 44261K [0x00000000c2a00000, 0x00000000c7900000, 0x00000000eb900000)
  object space 80896K, 54% used [0x00000000c2a00000,0x00000000c5539588,0x00000000c7900000)
 Metaspace       used 23244K, capacity 23742K, committed 23936K, reserved 1071104K
  class space    used 2484K, capacity 2653K, committed 2688K, reserved 1048576K
Event: 23.331 GC heap after
Heap after GC invocations=16 (full 2):
 PSYoungGen      total 318464K, used 7829K [0x00000000eb900000, 0x0000000100000000, 0x0000000100000000)
  eden space 302080K, 0% used [0x00000000eb900000,0x00000000eb900000,0x00000000fe000000)
  from space 16384K, 47% used [0x00000000ff000000,0x00000000ff7a55f0,0x0000000100000000)
  to   space 16384K, 0% used [0x00000000fe000000,0x00000000fe000000,0x00000000ff000000)
 ParOldGen       total 80896K, used 47853K [0x00000000c2a00000, 0x00000000c7900000, 0x00000000eb900000)
  object space 80896K, 59% used [0x00000000c2a00000,0x00000000c58bb5d8,0x00000000c7900000)
 Metaspace       used 23244K, capacity 23742K, committed 23936K, reserved 1071104K
  class space    used 2484K, capacity 2653K, committed 2688K, reserved 1048576K
}
Event: 29.199 GC heap before
{Heap before GC invocations=17 (full 2):
 PSYoungGen      total 318464K, used 309909K [0x00000000eb900000, 0x0000000100000000, 0x0000000100000000)
  eden space 302080K, 100% used [0x00000000eb900000,0x00000000fe000000,0x00000000fe000000)
  from space 16384K, 47% used [0x00000000ff000000,0x00000000ff7a55f0,0x0000000100000000)
  to   space 16384K, 0% used [0x00000000fe000000,0x00000000fe000000,0x00000000ff000000)
 ParOldGen       total 80896K, used 47853K [0x00000000c2a00000, 0x00000000c7900000, 0x00000000eb900000)
  object space 80896K, 59% used [0x00000000c2a00000,0x00000000c58bb5d8,0x00000000c7900000)
 Metaspace       used 23643K, capacity 24232K, committed 24576K, reserved 1071104K
  class space    used 2508K, capacity 2692K, committed 2816K, reserved 1048576K
Event: 29.285 GC heap after
Heap after GC invocations=17 (full 2):
 PSYoungGen      total 312832K, used 10446K [0x00000000eb900000, 0x0000000100000000, 0x0000000100000000)
  eden space 302080K, 0% used [0x00000000eb900000,0x00000000eb900000,0x00000000fe000000)
  from space 10752K, 97% used [0x00000000fe000000,0x00000000fea33830,0x00000000fea80000)
  to   space 16896K, 0% used [0x00000000fef80000,0x00000000fef80000,0x0000000100000000)
 ParOldGen       total 80896K, used 47861K [0x00000000c2a00000, 0x00000000c7900000, 0x00000000eb900000)
  object space 80896K, 59% used [0x00000000c2a00000,0x00000000c58bd5d8,0x00000000c7900000)
 Metaspace       used 23643K, capacity 24232K, committed 24576K, reserved 1071104K
  class space    used 2508K, capacity 2692K, committed 2816K, reserved 1048576K
}
Event: 35.009 GC heap before
{Heap before GC invocations=18 (full 2):
 PSYoungGen      total 312832K, used 312526K [0x00000000eb900000, 0x0000000100000000, 0x0000000100000000)
  eden space 302080K, 100% used [0x00000000eb900000,0x00000000fe000000,0x00000000fe000000)
  from space 10752K, 97% used [0x00000000fe000000,0x00000000fea33830,0x00000000fea80000)
  to   space 16896K, 0% used [0x00000000fef80000,0x00000000fef80000,0x0000000100000000)
 ParOldGen       total 80896K, used 47861K [0x00000000c2a00000, 0x00000000c7900000, 0x00000000eb900000)
  object space 80896K, 59% used [0x00000000c2a00000,0x00000000c58bd5d8,0x00000000c7900000)
 Metaspace       used 23795K, capacity 24396K, committed 24576K, reserved 1071104K
  class space    used 2523K, capacity 2698K, committed 2816K, reserved 1048576K
Event: 35.063 GC heap after
Heap after GC invocations=18 (full 2):
 PSYoungGen      total 311808K, used 16871K [0x00000000eb900000, 0x0000000100000000, 0x0000000100000000)
  eden space 294912K, 0% used [0x00000000eb900000,0x00000000eb900000,0x00000000fd900000)
  from space 16896K, 99% used [0x00000000fef80000,0x00000000ffff9f38,0x0000000100000000)
  to   space 19968K, 0% used [0x00000000fd900000,0x00000000fd900000,0x00000000fec80000)
 ParOldGen       total 80896K, used 49951K [0x00000000c2a00000, 0x00000000c7900000, 0x00000000eb900000)
  object space 80896K, 61% used [0x00000000c2a00000,0x00000000c5ac7fc8,0x00000000c7900000)
 Metaspace       used 23795K, capacity 24396K, committed 24576K, reserved 1071104K
  class space    used 2523K, capacity 2698K, committed 2816K, reserved 1048576K
}
Event: 36.741 GC heap before
{Heap before GC invocations=19 (full 2):
 PSYoungGen      total 311808K, used 311783K [0x00000000eb900000, 0x0000000100000000, 0x0000000100000000)
  eden space 294912K, 100% used [0x00000000eb900000,0x00000000fd900000,0x00000000fd900000)
  from space 16896K, 99% used [0x00000000fef80000,0x00000000ffff9f38,0x0000000100000000)
  to   space 19968K, 0% used [0x00000000fd900000,0x00000000fd900000,0x00000000fec80000)
 ParOldGen       total 80896K, used 49951K [0x00000000c2a00000, 0x00000000c7900000, 0x00000000eb900000)
  object space 80896K, 61% used [0x00000000c2a00000,0x00000000c5ac7fc8,0x00000000c7900000)
 Metaspace       used 23887K, capacity 24542K, committed 24832K, reserved 1071104K
  class space    used 2526K, capacity 2701K, committed 2816K, reserved 1048576K
Event: 36.782 GC heap after
Heap after GC invocations=19 (full 2):
 PSYoungGen      total 314880K, used 5200K [0x00000000eb900000, 0x0000000100000000, 0x0000000100000000)
  eden space 294912K, 0% used [0x00000000eb900000,0x00000000eb900000,0x00000000fd900000)
  from space 19968K, 26% used [0x00000000fd900000,0x00000000fde14010,0x00000000fec80000)
  to   space 19456K, 0% used [0x00000000fed00000,0x00000000fed00000,0x0000000100000000)
 ParOldGen       total 80896K, used 58357K [0x00000000c2a00000, 0x00000000c7900000, 0x00000000eb900000)
  object space 80896K, 72% used [0x00000000c2a00000,0x00000000c62fd600,0x00000000c7900000)
 Metaspace       used 23887K, capacity 24542K, committed 24832K, reserved 1071104K
  class space    used 2526K, capacity 2701K, committed 2816K, reserved 1048576K
}

