# JRE version: Java(TM) SE Runtime Environment (8.0_201-b09) (build 1.8.0_201-b09)
# Java VM: Java HotSpot(TM) 64-Bit Server VM (25.201-b09 mixed mode linux-amd64 compressed oops)
Heap:
 PSYoungGen      total 232448K, used 141009K [0x00000000eb900000, 0x00000000fd700000, 0x0000000100000000)
  eden space 210944K, 56% used [0x00000000eb900000,0x00000000f2dbc7a0,0x00000000f8700000)
  from space 21504K, 99% used [0x00000000f8700000,0x00000000f9bf8010,0x00000000f9c00000)
  to   space 27136K, 0% used [0x00000000fbc80000,0x00000000fbc80000,0x00000000fd700000)
 ParOldGen       total 74240K, used 53360K [0x00000000c2a00000, 0x00000000c7280000, 0x00000000eb900000)
  object space 74240K, 71% used [0x00000000c2a00000,0x00000000c5e1c088,0x00000000c7280000)
 Metaspace       used 23192K, capacity 23942K, committed 24064K, reserved 1071104K
  class space    used 2502K, capacity 2706K, committed 2816K, reserved 1048576K
GC Heap History (10 events):
Event: 22.616 GC heap before
{Heap before GC invocations=17 (full 2):
 PSYoungGen      total 166400K, used 157488K [0x00000000eb900000, 0x00000000f6e80000, 0x0000000100000000)
  eden space 149504K, 100% used [0x00000000eb900000,0x00000000f4b00000,0x00000000f4b00000)
  from space 16896K, 47% used [0x00000000f5a80000,0x00000000f624c250,0x00000000f6b00000)
  to   space 15872K, 0% used [0x00000000f4b00000,0x00000000f4b00000,0x00000000f5a80000)
 ParOldGen       total 74240K, used 39821K [0x00000000c2a00000, 0x00000000c7280000, 0x00000000eb900000)
  object space 74240K, 53% used [0x00000000c2a00000,0x00000000c50e3468,0x00000000c7280000)
 Metaspace       used 21946K, capacity 22406K, committed 22528K, reserved 1069056K
  class space    used 2399K, capacity 2540K, committed 2560K, reserved 1048576K
Event: 22.637 GC heap after
Heap after GC invocations=17 (full 2):
 PSYoungGen      total 165376K, used 9152K [0x00000000eb900000, 0x00000000f8100000, 0x0000000100000000)
  eden space 149504K, 0% used [0x00000000eb900000,0x00000000eb900000,0x00000000f4b00000)
  from space 15872K, 57% used [0x00000000f4b00000,0x00000000f53f0240,0x00000000f5a80000)
  to   space 15872K, 0% used [0x00000000f7180000,0x00000000f7180000,0x00000000f8100000)
 ParOldGen       total 74240K, used 39829K [0x00000000c2a00000, 0x00000000c7280000, 0x00000000eb900000)
  object space 74240K, 53% used [0x00000000c2a00000,0x00000000c50e5468,0x00000000c7280000)
 Metaspace       used 21946K, capacity 22406K, committed 22528K, reserved 1069056K
  class space    used 2399K, capacity 2540K, committed 2560K, reserved 1048576K
}
Event: 23.725 GC heap before
{Heap before GC invocations=18 (full 2):
 PSYoungGen      total 165376K, used 158656K [0x00000000eb900000, 0x00000000f8100000, 0x0000000100000000)
  eden space 149504K, 100% used [0x00000000eb900000,0x00000000f4b00000,0x00000000f4b00000)
  from space 15872K, 57% used [0x00000000f4b00000,0x00000000f53f0240,0x00000000f5a80000)
  to   space 15872K, 0% used [0x00000000f7180000,0x00000000f7180000,0x00000000f8100000)
 ParOldGen       total 74240K, used 39829K [0x00000000c2a00000, 0x00000000c7280000, 0x00000000eb900000)
  object space 74240K, 53% used [0x00000000c2a00000,0x00000000c50e5468,0x00000000c7280000)
 Metaspace       used 21964K, capacity 22406K, committed 22528K, reserved 1069056K
  class space    used 2399K, capacity 2540K, committed 2560K, reserved 1048576K
Event: 23.756 GC heap after
Heap after GC invocations=18 (full 2):
 PSYoungGen      total 188928K, used 10336K [0x00000000eb900000, 0x00000000f8380000, 0x0000000100000000)
  eden space 173056K, 0% used [0x00000000eb900000,0x00000000eb900000,0x00000000f6200000)
  from space 15872K, 65% used [0x00000000f7180000,0x00000000f7b98240,0x00000000f8100000)
  to   space 15872K, 0% used [0x00000000f6200000,0x00000000f6200000,0x00000000f7180000)
 ParOldGen       total 74240K, used 39829K [0x00000000c2a00000, 0x00000000c7280000, 0x00000000eb900000)
  object space 74240K, 53% used [0x00000000c2a00000,0x00000000c50e5468,0x00000000c7280000)
 Metaspace       used 21964K, capacity 22406K, committed 22528K, reserved 1069056K
  class space    used 2399K, capacity 2540K, committed 2560K, reserved 1048576K
}
Event: 26.567 GC heap before
{Heap before GC invocations=19 (full 2):
 PSYoungGen      total 188928K, used 183392K [0x00000000eb900000, 0x00000000f8380000, 0x0000000100000000)
  eden space 173056K, 100% used [0x00000000eb900000,0x00000000f6200000,0x00000000f6200000)
  from space 15872K, 65% used [0x00000000f7180000,0x00000000f7b98240,0x00000000f8100000)
  to   space 15872K, 0% used [0x00000000f6200000,0x00000000f6200000,0x00000000f7180000)
 ParOldGen       total 74240K, used 39829K [0x00000000c2a00000, 0x00000000c7280000, 0x00000000eb900000)
  object space 74240K, 53% used [0x00000000c2a00000,0x00000000c50e5468,0x00000000c7280000)
 Metaspace       used 22222K, capacity 22634K, committed 22784K, reserved 1069056K
  class space    used 2408K, capacity 2546K, committed 2560K, reserved 1048576K
Event: 26.881 GC heap after
Heap after GC invocations=19 (full 2):
 PSYoungGen      total 188928K, used 13264K [0x00000000eb900000, 0x00000000fb100000, 0x0000000100000000)
  eden space 173056K, 0% used [0x00000000eb900000,0x00000000eb900000,0x00000000f6200000)
  from space 15872K, 83% used [0x00000000f6200000,0x00000000f6ef4250,0x00000000f7180000)
  to   space 16896K, 0% used [0x00000000fa080000,0x00000000fa080000,0x00000000fb100000)
 ParOldGen       total 74240K, used 39837K [0x00000000c2a00000, 0x00000000c7280000, 0x00000000eb900000)
  object space 74240K, 53% used [0x00000000c2a00000,0x00000000c50e7468,0x00000000c7280000)
 Metaspace       used 22222K, capacity 22634K, committed 22784K, reserved 1069056K
  class space    used 2408K, capacity 2546K, committed 2560K, reserved 1048576K
}
Event: 39.259 GC heap before
{Heap before GC invocations=20 (full 2):
 PSYoungGen      total 188928K, used 186320K [0x00000000eb900000, 0x00000000fb100000, 0x0000000100000000)
  eden space 173056K, 100% used [0x00000000eb900000,0x00000000f6200000,0x00000000f6200000)
  from space 15872K, 83% used [0x00000000f6200000,0x00000000f6ef4250,0x00000000f7180000)
  to   space 16896K, 0% used [0x00000000fa080000,0x00000000fa080000,0x00000000fb100000)
 ParOldGen       total 74240K, used 39837K [0x00000000c2a00000, 0x00000000c7280000, 0x00000000eb900000)
  object space 74240K, 53% used [0x00000000c2a00000,0x00000000c50e7468,0x00000000c7280000)
 Metaspace       used 22912K, capacity 23524K, committed 23680K, reserved 1071104K
  class space    used 2469K, capacity 2631K, committed 2688K, reserved 1048576K
Event: 39.428 GC heap after
Heap after GC invocations=20 (full 2):
 PSYoungGen      total 218624K, used 16864K [0x00000000eb900000, 0x00000000fb100000, 0x0000000100000000)
  eden space 201728K, 0% used [0x00000000eb900000,0x00000000eb900000,0x00000000f7e00000)
  from space 16896K, 99% used [0x00000000fa080000,0x00000000fb0f8260,0x00000000fb100000)
  to   space 21504K, 0% used [0x00000000f8700000,0x00000000f8700000,0x00000000f9c00000)
 ParOldGen       total 74240K, used 46382K [0x00000000c2a00000, 0x00000000c7280000, 0x00000000eb900000)
  object space 74240K, 62% used [0x00000000c2a00000,0x00000000c574b9f0,0x00000000c7280000)
 Metaspace       used 22912K, capacity 23524K, committed 23680K, reserved 1071104K
  class space    used 2469K, capacity 2631K, committed 2688K, reserved 1048576K
}
Event: 45.164 GC heap before
{Heap before GC invocations=21 (full 2):
 PSYoungGen      total 218624K, used 218592K [0x00000000eb900000, 0x00000000fb100000, 0x0000000100000000)
  eden space 201728K, 100% used [0x00000000eb900000,0x00000000f7e00000,0x00000000f7e00000)
  from space 16896K, 99% used [0x00000000fa080000,0x00000000fb0f8260,0x00000000fb100000)
  to   space 21504K, 0% used [0x00000000f8700000,0x00000000f8700000,0x00000000f9c00000)
 ParOldGen       total 74240K, used 46382K [0x00000000c2a00000, 0x00000000c7280000, 0x00000000eb900000)
  object space 74240K, 62% used [0x00000000c2a00000,0x00000000c574b9f0,0x00000000c7280000)
 Metaspace       used 23131K, capacity 23918K, committed 24064K, reserved 1071104K
  class space    used 2500K, capacity 2702K, committed 2816K, reserved 1048576K
Event: 45.542 GC heap after
Heap after GC invocations=21 (full 2):
 PSYoungGen      total 232448K, used 21472K [0x00000000eb900000, 0x00000000fd700000, 0x0000000100000000)
  eden space 210944K, 0% used [0x00000000eb900000,0x00000000eb900000,0x00000000f8700000)
  from space 21504K, 99% used [0x00000000f8700000,0x00000000f9bf8010,0x00000000f9c00000)
  to   space 27136K, 0% used [0x00000000fbc80000,0x00000000fbc80000,0x00000000fd700000)
 ParOldGen       total 74240K, used 53360K [0x00000000c2a00000, 0x00000000c7280000, 0x00000000eb900000)
  object space 74240K, 71% used [0x00000000c2a00000,0x00000000c5e1c088,0x00000000c7280000)
 Metaspace       used 23131K, capacity 23918K, committed 24064K, reserved 1071104K
  class space    used 2500K, capacity 2702K, committed 2816K, reserved 1048576K
}

