# JRE version: Java(TM) SE Runtime Environment (8.0_201-b09) (build 1.8.0_201-b09)
# Java VM: Java HotSpot(TM) 64-Bit Server VM (25.201-b09 mixed mode linux-amd64 compressed oops)
Heap:
 PSYoungGen      total 32768K, used 4080K [0x00000000eb900000, 0x00000000edd00000, 0x0000000100000000)
  eden space 28672K, 0% used [0x00000000eb900000,0x00000000eb900000,0x00000000ed500000)
  from space 4096K, 99% used [0x00000000ed500000,0x00000000ed8fc050,0x00000000ed900000)
  to   space 4096K, 0% used [0x00000000ed900000,0x00000000ed900000,0x00000000edd00000)
 ParOldGen       total 42496K, used 7667K [0x00000000c2a00000, 0x00000000c5380000, 0x00000000eb900000)
  object space 42496K, 18% used [0x00000000c2a00000,0x00000000c317cdd8,0x00000000c5380000)
 Metaspace       used 14695K, capacity 15190K, committed 15488K, reserved 1062912K
  class space    used 1652K, capacity 1801K, committed 1920K, reserved 1048576K
GC Heap History (10 events):
Event: 38.879 GC heap after
Heap after GC invocations=5 (full 1):
 PSYoungGen      total 18432K, used 2540K [0x00000000eb900000, 0x00000000ecd80000, 0x0000000100000000)
  eden space 15872K, 0% used [0x00000000eb900000,0x00000000eb900000,0x00000000ec880000)
  from space 2560K, 99% used [0x00000000ecb00000,0x00000000ecd7b040,0x00000000ecd80000)
  to   space 2560K, 0% used [0x00000000ec880000,0x00000000ec880000,0x00000000ecb00000)
 ParOldGen       total 42496K, used 4436K [0x00000000c2a00000, 0x00000000c5380000, 0x00000000eb900000)
  object space 42496K, 10% used [0x00000000c2a00000,0x00000000c2e55108,0x00000000c5380000)
 Metaspace       used 14071K, capacity 14524K, committed 14592K, reserved 1062912K
  class space    used 1615K, capacity 1748K, committed 1792K, reserved 1048576K
}
Event: 39.638 GC heap before
{Heap before GC invocations=6 (full 1):
 PSYoungGen      total 18432K, used 18412K [0x00000000eb900000, 0x00000000ecd80000, 0x0000000100000000)
  eden space 15872K, 100% used [0x00000000eb900000,0x00000000ec880000,0x00000000ec880000)
  from space 2560K, 99% used [0x00000000ecb00000,0x00000000ecd7b040,0x00000000ecd80000)
  to   space 2560K, 0% used [0x00000000ec880000,0x00000000ec880000,0x00000000ecb00000)
 ParOldGen       total 42496K, used 4436K [0x00000000c2a00000, 0x00000000c5380000, 0x00000000eb900000)
  object space 42496K, 10% used [0x00000000c2a00000,0x00000000c2e55108,0x00000000c5380000)
 Metaspace       used 14110K, capacity 14588K, committed 14848K, reserved 1062912K
  class space    used 1615K, capacity 1748K, committed 1792K, reserved 1048576K
Event: 39.650 GC heap after
Heap after GC invocations=6 (full 1):
 PSYoungGen      total 18432K, used 2550K [0x00000000eb900000, 0x00000000ecd80000, 0x0000000100000000)
  eden space 15872K, 0% used [0x00000000eb900000,0x00000000eb900000,0x00000000ec880000)
  from space 2560K, 99% used [0x00000000ec880000,0x00000000ecafd810,0x00000000ecb00000)
  to   space 2560K, 0% used [0x00000000ecb00000,0x00000000ecb00000,0x00000000ecd80000)
 ParOldGen       total 42496K, used 4826K [0x00000000c2a00000, 0x00000000c5380000, 0x00000000eb900000)
  object space 42496K, 11% used [0x00000000c2a00000,0x00000000c2eb69a8,0x00000000c5380000)
 Metaspace       used 14110K, capacity 14588K, committed 14848K, reserved 1062912K
  class space    used 1615K, capacity 1748K, committed 1792K, reserved 1048576K
}
Event: 40.227 GC heap before
{Heap before GC invocations=7 (full 1):
 PSYoungGen      total 18432K, used 18422K [0x00000000eb900000, 0x00000000ecd80000, 0x0000000100000000)
  eden space 15872K, 100% used [0x00000000eb900000,0x00000000ec880000,0x00000000ec880000)
  from space 2560K, 99% used [0x00000000ec880000,0x00000000ecafd810,0x00000000ecb00000)
  to   space 2560K, 0% used [0x00000000ecb00000,0x00000000ecb00000,0x00000000ecd80000)
 ParOldGen       total 42496K, used 4826K [0x00000000c2a00000, 0x00000000c5380000, 0x00000000eb900000)
  object space 42496K, 11% used [0x00000000c2a00000,0x00000000c2eb69a8,0x00000000c5380000)
 Metaspace       used 14154K, capacity 14588K, committed 14848K, reserved 1062912K
  class space    used 1616K, capacity 1748K, committed 1792K, reserved 1048576K
Event: 40.237 GC heap after
Heap after GC invocations=7 (full 1):
 PSYoungGen      total 16896K, used 2560K [0x00000000eb900000, 0x00000000ed080000, 0x0000000100000000)
  eden space 14336K, 0% used [0x00000000eb900000,0x00000000eb900000,0x00000000ec700000)
  from space 2560K, 100% used [0x00000000ecb00000,0x00000000ecd80000,0x00000000ecd80000)
  to   space 4096K, 0% used [0x00000000ec700000,0x00000000ec700000,0x00000000ecb00000)
 ParOldGen       total 42496K, used 5399K [0x00000000c2a00000, 0x00000000c5380000, 0x00000000eb900000)
  object space 42496K, 12% used [0x00000000c2a00000,0x00000000c2f45eb0,0x00000000c5380000)
 Metaspace       used 14154K, capacity 14588K, committed 14848K, reserved 1062912K
  class space    used 1616K, capacity 1748K, committed 1792K, reserved 1048576K
}
Event: 40.604 GC heap before
{Heap before GC invocations=8 (full 1):
 PSYoungGen      total 16896K, used 16896K [0x00000000eb900000, 0x00000000ed080000, 0x0000000100000000)
  eden space 14336K, 100% used [0x00000000eb900000,0x00000000ec700000,0x00000000ec700000)
  from space 2560K, 100% used [0x00000000ecb00000,0x00000000ecd80000,0x00000000ecd80000)
  to   space 4096K, 0% used [0x00000000ec700000,0x00000000ec700000,0x00000000ecb00000)
 ParOldGen       total 42496K, used 5399K [0x00000000c2a00000, 0x00000000c5380000, 0x00000000eb900000)
  object space 42496K, 12% used [0x00000000c2a00000,0x00000000c2f45eb0,0x00000000c5380000)
 Metaspace       used 14177K, capacity 14588K, committed 14848K, reserved 1062912K
  class space    used 1616K, capacity 1748K, committed 1792K, reserved 1048576K
Event: 40.633 GC heap after
Heap after GC invocations=8 (full 1):
 PSYoungGen      total 18432K, used 3104K [0x00000000eb900000, 0x00000000edd00000, 0x0000000100000000)
  eden space 14336K, 0% used [0x00000000eb900000,0x00000000eb900000,0x00000000ec700000)
  from space 4096K, 75% used [0x00000000ec700000,0x00000000eca08000,0x00000000ecb00000)
  to   space 4096K, 0% used [0x00000000ed900000,0x00000000ed900000,0x00000000edd00000)
 ParOldGen       total 42496K, used 5399K [0x00000000c2a00000, 0x00000000c5380000, 0x00000000eb900000)
  object space 42496K, 12% used [0x00000000c2a00000,0x00000000c2f45eb0,0x00000000c5380000)
 Metaspace       used 14177K, capacity 14588K, committed 14848K, reserved 1062912K
  class space    used 1616K, capacity 1748K, committed 1792K, reserved 1048576K
}
Event: 40.950 GC heap before
{Heap before GC invocations=9 (full 1):
 PSYoungGen      total 18432K, used 17440K [0x00000000eb900000, 0x00000000edd00000, 0x0000000100000000)
  eden space 14336K, 100% used [0x00000000eb900000,0x00000000ec700000,0x00000000ec700000)
  from space 4096K, 75% used [0x00000000ec700000,0x00000000eca08000,0x00000000ecb00000)
  to   space 4096K, 0% used [0x00000000ed900000,0x00000000ed900000,0x00000000edd00000)
 ParOldGen       total 42496K, used 5399K [0x00000000c2a00000, 0x00000000c5380000, 0x00000000eb900000)
  object space 42496K, 12% used [0x00000000c2a00000,0x00000000c2f45eb0,0x00000000c5380000)
 Metaspace       used 14198K, capacity 14652K, committed 14848K, reserved 1062912K
  class space    used 1616K, capacity 1748K, committed 1792K, reserved 1048576K
Event: 40.969 GC heap after
Heap after GC invocations=9 (full 1):
 PSYoungGen      total 32768K, used 2656K [0x00000000eb900000, 0x00000000edd00000, 0x0000000100000000)
  eden space 28672K, 0% used [0x00000000eb900000,0x00000000eb900000,0x00000000ed500000)
  from space 4096K, 64% used [0x00000000ed900000,0x00000000edb98000,0x00000000edd00000)
  to   space 4096K, 0% used [0x00000000ed500000,0x00000000ed500000,0x00000000ed900000)
 ParOldGen       total 42496K, used 6428K [0x00000000c2a00000, 0x00000000c5380000, 0x00000000eb900000)
  object space 42496K, 15% used [0x00000000c2a00000,0x00000000c3047350,0x00000000c5380000)
 Metaspace       used 14198K, capacity 14652K, committed 14848K, reserved 1062912K
  class space    used 1616K, capacity 1748K, committed 1792K, reserved 1048576K
}
Event: 45.393 GC heap before
{Heap before GC invocations=10 (full 1):
 PSYoungGen      total 32768K, used 31328K [0x00000000eb900000, 0x00000000edd00000, 0x0000000100000000)
  eden space 28672K, 100% used [0x00000000eb900000,0x00000000ed500000,0x00000000ed500000)
  from space 4096K, 64% used [0x00000000ed900000,0x00000000edb98000,0x00000000edd00000)
  to   space 4096K, 0% used [0x00000000ed500000,0x00000000ed500000,0x00000000ed900000)
 ParOldGen       total 42496K, used 6428K [0x00000000c2a00000, 0x00000000c5380000, 0x00000000eb900000)
  object space 42496K, 15% used [0x00000000c2a00000,0x00000000c3047350,0x00000000c5380000)
 Metaspace       used 14695K, capacity 15190K, committed 15488K, reserved 1062912K
  class space    used 1652K, capacity 1801K, committed 1920K, reserved 1048576K

