# JRE version: Java(TM) SE Runtime Environment (8.0_201-b09) (build 1.8.0_201-b09)
# Java VM: Java HotSpot(TM) 64-Bit Server VM (25.201-b09 mixed mode linux-amd64 compressed oops)
Heap:
 PSYoungGen      total 228864K, used 21472K [0x00000000eb900000, 0x00000000fb300000, 0x0000000100000000)
  eden space 207360K, 0% used [0x00000000eb900000,0x00000000eb900000,0x00000000f8380000)
  from space 21504K, 99% used [0x00000000f8900000,0x00000000f9df8050,0x00000000f9e00000)
  to   space 13312K, 0% used [0x00000000fa600000,0x00000000fa600000,0x00000000fb300000)
 ParOldGen       total 73728K, used 47567K [0x00000000c2a00000, 0x00000000c7200000, 0x00000000eb900000)
  object space 73728K, 64% used [0x00000000c2a00000,0x00000000c5873e38,0x00000000c7200000)
 Metaspace       used 23054K, capacity 23772K, committed 23936K, reserved 1071104K
  class space    used 2472K, capacity 2666K, committed 2688K, reserved 1048576K
GC Heap History (10 events):
Event: 14.010 GC heap after
Heap after GC invocations=10 (full 1):
 PSYoungGen      total 128000K, used 9184K [0x00000000eb900000, 0x00000000fc400000, 0x0000000100000000)
  eden space 118784K, 0% used [0x00000000eb900000,0x00000000eb900000,0x00000000f2d00000)
  from space 9216K, 99% used [0x00000000f2d00000,0x00000000f35f8150,0x00000000f3600000)
  to   space 17920K, 0% used [0x00000000fb280000,0x00000000fb280000,0x00000000fc400000)
 ParOldGen       total 42496K, used 33020K [0x00000000c2a00000, 0x00000000c5380000, 0x00000000eb900000)
  object space 42496K, 77% used [0x00000000c2a00000,0x00000000c4a3f148,0x00000000c5380000)
 Metaspace       used 19070K, capacity 19322K, committed 19712K, reserved 1067008K
  class space    used 2135K, capacity 2226K, committed 2304K, reserved 1048576K
}
Event: 14.010 GC heap before
{Heap before GC invocations=11 (full 2):
 PSYoungGen      total 128000K, used 9184K [0x00000000eb900000, 0x00000000fc400000, 0x0000000100000000)
  eden space 118784K, 0% used [0x00000000eb900000,0x00000000eb900000,0x00000000f2d00000)
  from space 9216K, 99% used [0x00000000f2d00000,0x00000000f35f8150,0x00000000f3600000)
  to   space 17920K, 0% used [0x00000000fb280000,0x00000000fb280000,0x00000000fc400000)
 ParOldGen       total 42496K, used 33020K [0x00000000c2a00000, 0x00000000c5380000, 0x00000000eb900000)
  object space 42496K, 77% used [0x00000000c2a00000,0x00000000c4a3f148,0x00000000c5380000)
 Metaspace       used 19070K, capacity 19322K, committed 19712K, reserved 1067008K
  class space    used 2135K, capacity 2226K, committed 2304K, reserved 1048576K
Event: 14.637 GC heap after
Heap after GC invocations=11 (full 2):
 PSYoungGen      total 128000K, used 0K [0x00000000eb900000, 0x00000000fc400000, 0x0000000100000000)
  eden space 118784K, 0% used [0x00000000eb900000,0x00000000eb900000,0x00000000f2d00000)
  from space 9216K, 0% used [0x00000000f2d00000,0x00000000f2d00000,0x00000000f3600000)
  to   space 17920K, 0% used [0x00000000fb280000,0x00000000fb280000,0x00000000fc400000)
 ParOldGen       total 73728K, used 37472K [0x00000000c2a00000, 0x00000000c7200000, 0x00000000eb900000)
  object space 73728K, 50% used [0x00000000c2a00000,0x00000000c4e982f0,0x00000000c7200000)
 Metaspace       used 19070K, capacity 19322K, committed 19712K, reserved 1067008K
  class space    used 2135K, capacity 2226K, committed 2304K, reserved 1048576K
}
Event: 18.955 GC heap before
{Heap before GC invocations=12 (full 2):
 PSYoungGen      total 128000K, used 118784K [0x00000000eb900000, 0x00000000fc400000, 0x0000000100000000)
  eden space 118784K, 100% used [0x00000000eb900000,0x00000000f2d00000,0x00000000f2d00000)
  from space 9216K, 0% used [0x00000000f2d00000,0x00000000f2d00000,0x00000000f3600000)
  to   space 17920K, 0% used [0x00000000fb280000,0x00000000fb280000,0x00000000fc400000)
 ParOldGen       total 73728K, used 37472K [0x00000000c2a00000, 0x00000000c7200000, 0x00000000eb900000)
  object space 73728K, 50% used [0x00000000c2a00000,0x00000000c4e982f0,0x00000000c7200000)
 Metaspace       used 21419K, capacity 21798K, committed 22016K, reserved 1069056K
  class space    used 2354K, capacity 2501K, committed 2560K, reserved 1048576K
Event: 19.031 GC heap after
Heap after GC invocations=12 (full 2):
 PSYoungGen      total 156160K, used 12730K [0x00000000eb900000, 0x00000000fbf00000, 0x0000000100000000)
  eden space 143360K, 0% used [0x00000000eb900000,0x00000000eb900000,0x00000000f4500000)
  from space 12800K, 99% used [0x00000000fb280000,0x00000000fbeeea80,0x00000000fbf00000)
  to   space 18944K, 0% used [0x00000000f9a00000,0x00000000f9a00000,0x00000000fac80000)
 ParOldGen       total 73728K, used 37480K [0x00000000c2a00000, 0x00000000c7200000, 0x00000000eb900000)
  object space 73728K, 50% used [0x00000000c2a00000,0x00000000c4e9a2f0,0x00000000c7200000)
 Metaspace       used 21419K, capacity 21798K, committed 22016K, reserved 1069056K
  class space    used 2354K, capacity 2501K, committed 2560K, reserved 1048576K
}
Event: 22.353 GC heap before
{Heap before GC invocations=13 (full 2):
 PSYoungGen      total 156160K, used 156090K [0x00000000eb900000, 0x00000000fbf00000, 0x0000000100000000)
  eden space 143360K, 100% used [0x00000000eb900000,0x00000000f4500000,0x00000000f4500000)
  from space 12800K, 99% used [0x00000000fb280000,0x00000000fbeeea80,0x00000000fbf00000)
  to   space 18944K, 0% used [0x00000000f9a00000,0x00000000f9a00000,0x00000000fac80000)
 ParOldGen       total 73728K, used 37480K [0x00000000c2a00000, 0x00000000c7200000, 0x00000000eb900000)
  object space 73728K, 50% used [0x00000000c2a00000,0x00000000c4e9a2f0,0x00000000c7200000)
 Metaspace       used 22217K, capacity 22626K, committed 22784K, reserved 1069056K
  class space    used 2406K, capacity 2541K, committed 2560K, reserved 1048576K
Event: 22.392 GC heap after
Heap after GC invocations=13 (full 2):
 PSYoungGen      total 182272K, used 11794K [0x00000000eb900000, 0x00000000fb300000, 0x0000000100000000)
  eden space 169984K, 0% used [0x00000000eb900000,0x00000000eb900000,0x00000000f5f00000)
  from space 12288K, 95% used [0x00000000f9a00000,0x00000000fa584888,0x00000000fa600000)
  to   space 13312K, 0% used [0x00000000fa600000,0x00000000fa600000,0x00000000fb300000)
 ParOldGen       total 73728K, used 37488K [0x00000000c2a00000, 0x00000000c7200000, 0x00000000eb900000)
  object space 73728K, 50% used [0x00000000c2a00000,0x00000000c4e9c2f0,0x00000000c7200000)
 Metaspace       used 22217K, capacity 22626K, committed 22784K, reserved 1069056K
  class space    used 2406K, capacity 2541K, committed 2560K, reserved 1048576K
}
Event: 26.454 GC heap before
{Heap before GC invocations=14 (full 2):
 PSYoungGen      total 182272K, used 181778K [0x00000000eb900000, 0x00000000fb300000, 0x0000000100000000)
  eden space 169984K, 100% used [0x00000000eb900000,0x00000000f5f00000,0x00000000f5f00000)
  from space 12288K, 95% used [0x00000000f9a00000,0x00000000fa584888,0x00000000fa600000)
  to   space 13312K, 0% used [0x00000000fa600000,0x00000000fa600000,0x00000000fb300000)
 ParOldGen       total 73728K, used 37488K [0x00000000c2a00000, 0x00000000c7200000, 0x00000000eb900000)
  object space 73728K, 50% used [0x00000000c2a00000,0x00000000c4e9c2f0,0x00000000c7200000)
 Metaspace       used 22931K, capacity 23620K, committed 23680K, reserved 1071104K
  class space    used 2470K, capacity 2662K, committed 2688K, reserved 1048576K
Event: 26.665 GC heap after
Heap after GC invocations=14 (full 2):
 PSYoungGen      total 220672K, used 13302K [0x00000000eb900000, 0x00000000fb300000, 0x0000000100000000)
  eden space 207360K, 0% used [0x00000000eb900000,0x00000000eb900000,0x00000000f8380000)
  from space 13312K, 99% used [0x00000000fa600000,0x00000000fb2fd860,0x00000000fb300000)
  to   space 21504K, 0% used [0x00000000f8900000,0x00000000f8900000,0x00000000f9e00000)
 ParOldGen       total 73728K, used 42417K [0x00000000c2a00000, 0x00000000c7200000, 0x00000000eb900000)
  object space 73728K, 57% used [0x00000000c2a00000,0x00000000c536c6b8,0x00000000c7200000)
 Metaspace       used 22931K, capacity 23620K, committed 23680K, reserved 1071104K
  class space    used 2470K, capacity 2662K, committed 2688K, reserved 1048576K
}
Event: 36.234 GC heap before
{Heap before GC invocations=15 (full 2):
 PSYoungGen      total 220672K, used 220662K [0x00000000eb900000, 0x00000000fb300000, 0x0000000100000000)
  eden space 207360K, 100% used [0x00000000eb900000,0x00000000f8380000,0x00000000f8380000)
  from space 13312K, 99% used [0x00000000fa600000,0x00000000fb2fd860,0x00000000fb300000)
  to   space 21504K, 0% used [0x00000000f8900000,0x00000000f8900000,0x00000000f9e00000)
 ParOldGen       total 73728K, used 42417K [0x00000000c2a00000, 0x00000000c7200000, 0x00000000eb900000)
  object space 73728K, 57% used [0x00000000c2a00000,0x00000000c536c6b8,0x00000000c7200000)
 Metaspace       used 23054K, capacity 23772K, committed 23936K, reserved 1071104K
  class space    used 2472K, capacity 2666K, committed 2688K, reserved 1048576K

