# JRE version: Java(TM) SE Runtime Environment (8.0_201-b09) (build 1.8.0_201-b09)
# Java VM: Java HotSpot(TM) 64-Bit Server VM (25.201-b09 mixed mode linux-amd64 compressed oops)
Heap:
 PSYoungGen      total 57344K, used 51962K [0x00000000eb900000, 0x00000000f0680000, 0x0000000100000000)
  eden space 52736K, 90% used [0x00000000eb900000,0x00000000ee7a0750,0x00000000eec80000)
  from space 4608K, 91% used [0x00000000eec80000,0x00000000ef09e1b8,0x00000000ef100000)
  to   space 5120K, 0% used [0x00000000f0180000,0x00000000f0180000,0x00000000f0680000)
 ParOldGen       total 42496K, used 13647K [0x00000000c2a00000, 0x00000000c5380000, 0x00000000eb900000)
  object space 42496K, 32% used [0x00000000c2a00000,0x00000000c3753fc8,0x00000000c5380000)
 Metaspace       used 14491K, capacity 14934K, committed 15104K, reserved 1062912K
  class space    used 1613K, capacity 1726K, committed 1792K, reserved 1048576K
GC Heap History (10 events):
Event: 42.506 GC heap before
{Heap before GC invocations=8 (full 1):
 PSYoungGen      total 15872K, used 15840K [0x00000000eb900000, 0x00000000ed280000, 0x0000000100000000)
  eden space 13312K, 100% used [0x00000000eb900000,0x00000000ec600000,0x00000000ec600000)
  from space 2560K, 98% used [0x00000000ecb00000,0x00000000ecd78020,0x00000000ecd80000)
  to   space 5120K, 0% used [0x00000000ec600000,0x00000000ec600000,0x00000000ecb00000)
 ParOldGen       total 42496K, used 8026K [0x00000000c2a00000, 0x00000000c5380000, 0x00000000eb900000)
  object space 42496K, 18% used [0x00000000c2a00000,0x00000000c31d69b8,0x00000000c5380000)
 Metaspace       used 13840K, capacity 14258K, committed 14592K, reserved 1062912K
  class space    used 1587K, capacity 1705K, committed 1792K, reserved 1048576K
Event: 42.524 GC heap after
Heap after GC invocations=8 (full 1):
 PSYoungGen      total 18432K, used 3520K [0x00000000eb900000, 0x00000000edd00000, 0x0000000100000000)
  eden space 13312K, 0% used [0x00000000eb900000,0x00000000eb900000,0x00000000ec600000)
  from space 5120K, 68% used [0x00000000ec600000,0x00000000ec970000,0x00000000ecb00000)
  to   space 5120K, 0% used [0x00000000ed800000,0x00000000ed800000,0x00000000edd00000)
 ParOldGen       total 42496K, used 8034K [0x00000000c2a00000, 0x00000000c5380000, 0x00000000eb900000)
  object space 42496K, 18% used [0x00000000c2a00000,0x00000000c31d89b8,0x00000000c5380000)
 Metaspace       used 13840K, capacity 14258K, committed 14592K, reserved 1062912K
  class space    used 1587K, capacity 1705K, committed 1792K, reserved 1048576K
}
Event: 42.896 GC heap before
{Heap before GC invocations=9 (full 1):
 PSYoungGen      total 18432K, used 16832K [0x00000000eb900000, 0x00000000edd00000, 0x0000000100000000)
  eden space 13312K, 100% used [0x00000000eb900000,0x00000000ec600000,0x00000000ec600000)
  from space 5120K, 68% used [0x00000000ec600000,0x00000000ec970000,0x00000000ecb00000)
  to   space 5120K, 0% used [0x00000000ed800000,0x00000000ed800000,0x00000000edd00000)
 ParOldGen       total 42496K, used 8034K [0x00000000c2a00000, 0x00000000c5380000, 0x00000000eb900000)
  object space 42496K, 18% used [0x00000000c2a00000,0x00000000c31d89b8,0x00000000c5380000)
 Metaspace       used 13850K, capacity 14258K, committed 14592K, reserved 1062912K
  class space    used 1587K, capacity 1705K, committed 1792K, reserved 1048576K
Event: 42.911 GC heap after
Heap after GC invocations=9 (full 1):
 PSYoungGen      total 30720K, used 3296K [0x00000000eb900000, 0x00000000edc00000, 0x0000000100000000)
  eden space 26624K, 0% used [0x00000000eb900000,0x00000000eb900000,0x00000000ed300000)
  from space 4096K, 80% used [0x00000000ed800000,0x00000000edb38070,0x00000000edc00000)
  to   space 4608K, 0% used [0x00000000ed300000,0x00000000ed300000,0x00000000ed780000)
 ParOldGen       total 42496K, used 8876K [0x00000000c2a00000, 0x00000000c5380000, 0x00000000eb900000)
  object space 42496K, 20% used [0x00000000c2a00000,0x00000000c32ab1f8,0x00000000c5380000)
 Metaspace       used 13850K, capacity 14258K, committed 14592K, reserved 1062912K
  class space    used 1587K, capacity 1705K, committed 1792K, reserved 1048576K
}
Event: 43.836 GC heap before
{Heap before GC invocations=10 (full 1):
 PSYoungGen      total 30720K, used 29920K [0x00000000eb900000, 0x00000000edc00000, 0x0000000100000000)
  eden space 26624K, 100% used [0x00000000eb900000,0x00000000ed300000,0x00000000ed300000)
  from space 4096K, 80% used [0x00000000ed800000,0x00000000edb38070,0x00000000edc00000)
  to   space 4608K, 0% used [0x00000000ed300000,0x00000000ed300000,0x00000000ed780000)
 ParOldGen       total 42496K, used 8876K [0x00000000c2a00000, 0x00000000c5380000, 0x00000000eb900000)
  object space 42496K, 20% used [0x00000000c2a00000,0x00000000c32ab1f8,0x00000000c5380000)
 Metaspace       used 13901K, capacity 14322K, committed 14592K, reserved 1062912K
  class space    used 1587K, capacity 1705K, committed 1792K, reserved 1048576K
Event: 43.852 GC heap after
Heap after GC invocations=10 (full 1):
 PSYoungGen      total 31232K, used 3744K [0x00000000eb900000, 0x00000000ef600000, 0x0000000100000000)
  eden space 26624K, 0% used [0x00000000eb900000,0x00000000eb900000,0x00000000ed300000)
  from space 4608K, 81% used [0x00000000ed300000,0x00000000ed6a81d0,0x00000000ed780000)
  to   space 4608K, 0% used [0x00000000ef180000,0x00000000ef180000,0x00000000ef600000)
 ParOldGen       total 42496K, used 9924K [0x00000000c2a00000, 0x00000000c5380000, 0x00000000eb900000)
  object space 42496K, 23% used [0x00000000c2a00000,0x00000000c33b1208,0x00000000c5380000)
 Metaspace       used 13901K, capacity 14322K, committed 14592K, reserved 1062912K
  class space    used 1587K, capacity 1705K, committed 1792K, reserved 1048576K
}
Event: 44.596 GC heap before
{Heap before GC invocations=11 (full 1):
 PSYoungGen      total 31232K, used 30368K [0x00000000eb900000, 0x00000000ef600000, 0x0000000100000000)
  eden space 26624K, 100% used [0x00000000eb900000,0x00000000ed300000,0x00000000ed300000)
  from space 4608K, 81% used [0x00000000ed300000,0x00000000ed6a81d0,0x00000000ed780000)
  to   space 4608K, 0% used [0x00000000ef180000,0x00000000ef180000,0x00000000ef600000)
 ParOldGen       total 42496K, used 9924K [0x00000000c2a00000, 0x00000000c5380000, 0x00000000eb900000)
  object space 42496K, 23% used [0x00000000c2a00000,0x00000000c33b1208,0x00000000c5380000)
 Metaspace       used 13918K, capacity 14322K, committed 14592K, reserved 1062912K
  class space    used 1588K, capacity 1705K, committed 1792K, reserved 1048576K
Event: 44.614 GC heap after
Heap after GC invocations=11 (full 1):
 PSYoungGen      total 47104K, used 4048K [0x00000000eb900000, 0x00000000ef580000, 0x0000000100000000)
  eden space 43008K, 0% used [0x00000000eb900000,0x00000000eb900000,0x00000000ee300000)
  from space 4096K, 98% used [0x00000000ef180000,0x00000000ef5740b0,0x00000000ef580000)
  to   space 4608K, 0% used [0x00000000eec80000,0x00000000eec80000,0x00000000ef100000)
 ParOldGen       total 42496K, used 11504K [0x00000000c2a00000, 0x00000000c5380000, 0x00000000eb900000)
  object space 42496K, 27% used [0x00000000c2a00000,0x00000000c353c248,0x00000000c5380000)
 Metaspace       used 13918K, capacity 14322K, committed 14592K, reserved 1062912K
  class space    used 1588K, capacity 1705K, committed 1792K, reserved 1048576K
}
Event: 45.879 GC heap before
{Heap before GC invocations=12 (full 1):
 PSYoungGen      total 47104K, used 47056K [0x00000000eb900000, 0x00000000ef580000, 0x0000000100000000)
  eden space 43008K, 100% used [0x00000000eb900000,0x00000000ee300000,0x00000000ee300000)
  from space 4096K, 98% used [0x00000000ef180000,0x00000000ef5740b0,0x00000000ef580000)
  to   space 4608K, 0% used [0x00000000eec80000,0x00000000eec80000,0x00000000ef100000)
 ParOldGen       total 42496K, used 11504K [0x00000000c2a00000, 0x00000000c5380000, 0x00000000eb900000)
  object space 42496K, 27% used [0x00000000c2a00000,0x00000000c353c248,0x00000000c5380000)
 Metaspace       used 13955K, capacity 14322K, committed 14592K, reserved 1062912K
  class space    used 1588K, capacity 1705K, committed 1792K, reserved 1048576K
Event: 45.923 GC heap after
Heap after GC invocations=12 (full 1):
 PSYoungGen      total 57344K, used 4216K [0x00000000eb900000, 0x00000000f0680000, 0x0000000100000000)
  eden space 52736K, 0% used [0x00000000eb900000,0x00000000eb900000,0x00000000eec80000)
  from space 4608K, 91% used [0x00000000eec80000,0x00000000ef09e1b8,0x00000000ef100000)
  to   space 5120K, 0% used [0x00000000f0180000,0x00000000f0180000,0x00000000f0680000)
 ParOldGen       total 42496K, used 13647K [0x00000000c2a00000, 0x00000000c5380000, 0x00000000eb900000)
  object space 42496K, 32% used [0x00000000c2a00000,0x00000000c3753fc8,0x00000000c5380000)
 Metaspace       used 13955K, capacity 14322K, committed 14592K, reserved 1062912K
  class space    used 1588K, capacity 1705K, committed 1792K, reserved 1048576K
}

