# JRE version: Java(TM) SE Runtime Environment (8.0_201-b09) (build 1.8.0_201-b09)
# Java VM: Java HotSpot(TM) 64-Bit Server VM (25.201-b09 mixed mode linux-amd64 compressed oops)
Heap:
 PSYoungGen      total 128512K, used 9210K [0x00000000eb900000, 0x00000000f4200000, 0x0000000100000000)
  eden space 119296K, 0% used [0x00000000eb900000,0x00000000eb900000,0x00000000f2d80000)
  from space 9216K, 99% used [0x00000000f2d80000,0x00000000f367eac8,0x00000000f3680000)
  to   space 6656K, 0% used [0x00000000f3680000,0x00000000f3680000,0x00000000f3d00000)
 ParOldGen       total 42496K, used 19381K [0x00000000c2a00000, 0x00000000c5380000, 0x00000000eb900000)
  object space 42496K, 45% used [0x00000000c2a00000,0x00000000c3ced5a8,0x00000000c5380000)
 Metaspace       used 14975K, capacity 15474K, committed 15616K, reserved 1062912K
  class space    used 1639K, capacity 1779K, committed 1792K, reserved 1048576K
GC Heap History (10 events):
Event: 28.754 GC heap after
Heap after GC invocations=5 (full 1):
 PSYoungGen      total 34304K, used 2545K [0x00000000eb900000, 0x00000000edd00000, 0x0000000100000000)
  eden space 31744K, 0% used [0x00000000eb900000,0x00000000eb900000,0x00000000ed800000)
  from space 2560K, 99% used [0x00000000eda80000,0x00000000edcfc748,0x00000000edd00000)
  to   space 2560K, 0% used [0x00000000ed800000,0x00000000ed800000,0x00000000eda80000)
 ParOldGen       total 42496K, used 8245K [0x00000000c2a00000, 0x00000000c5380000, 0x00000000eb900000)
  object space 42496K, 19% used [0x00000000c2a00000,0x00000000c320d708,0x00000000c5380000)
 Metaspace       used 13581K, capacity 13928K, committed 14080K, reserved 1060864K
  class space    used 1564K, capacity 1666K, committed 1792K, reserved 1048576K
}
Event: 32.531 GC heap before
{Heap before GC invocations=6 (full 1):
 PSYoungGen      total 34304K, used 34289K [0x00000000eb900000, 0x00000000edd00000, 0x0000000100000000)
  eden space 31744K, 100% used [0x00000000eb900000,0x00000000ed800000,0x00000000ed800000)
  from space 2560K, 99% used [0x00000000eda80000,0x00000000edcfc748,0x00000000edd00000)
  to   space 2560K, 0% used [0x00000000ed800000,0x00000000ed800000,0x00000000eda80000)
 ParOldGen       total 42496K, used 8245K [0x00000000c2a00000, 0x00000000c5380000, 0x00000000eb900000)
  object space 42496K, 19% used [0x00000000c2a00000,0x00000000c320d708,0x00000000c5380000)
 Metaspace       used 13655K, capacity 14056K, committed 14336K, reserved 1062912K
  class space    used 1564K, capacity 1666K, committed 1792K, reserved 1048576K
Event: 32.719 GC heap after
Heap after GC invocations=6 (full 1):
 PSYoungGen      total 34304K, used 2545K [0x00000000eb900000, 0x00000000efc00000, 0x0000000100000000)
  eden space 31744K, 0% used [0x00000000eb900000,0x00000000eb900000,0x00000000ed800000)
  from space 2560K, 99% used [0x00000000ed800000,0x00000000eda7c758,0x00000000eda80000)
  to   space 2560K, 0% used [0x00000000ef980000,0x00000000ef980000,0x00000000efc00000)
 ParOldGen       total 42496K, used 10339K [0x00000000c2a00000, 0x00000000c5380000, 0x00000000eb900000)
  object space 42496K, 24% used [0x00000000c2a00000,0x00000000c3418cf8,0x00000000c5380000)
 Metaspace       used 13655K, capacity 14056K, committed 14336K, reserved 1062912K
  class space    used 1564K, capacity 1666K, committed 1792K, reserved 1048576K
}
Event: 33.364 GC heap before
{Heap before GC invocations=7 (full 1):
 PSYoungGen      total 34304K, used 34289K [0x00000000eb900000, 0x00000000efc00000, 0x0000000100000000)
  eden space 31744K, 100% used [0x00000000eb900000,0x00000000ed800000,0x00000000ed800000)
  from space 2560K, 99% used [0x00000000ed800000,0x00000000eda7c758,0x00000000eda80000)
  to   space 2560K, 0% used [0x00000000ef980000,0x00000000ef980000,0x00000000efc00000)
 ParOldGen       total 42496K, used 10339K [0x00000000c2a00000, 0x00000000c5380000, 0x00000000eb900000)
  object space 42496K, 24% used [0x00000000c2a00000,0x00000000c3418cf8,0x00000000c5380000)
 Metaspace       used 13697K, capacity 14056K, committed 14336K, reserved 1062912K
  class space    used 1564K, capacity 1666K, committed 1792K, reserved 1048576K
Event: 33.432 GC heap after
Heap after GC invocations=7 (full 1):
 PSYoungGen      total 63488K, used 2544K [0x00000000eb900000, 0x00000000f0100000, 0x0000000100000000)
  eden space 60928K, 0% used [0x00000000eb900000,0x00000000eb900000,0x00000000ef480000)
  from space 2560K, 99% used [0x00000000ef980000,0x00000000efbfc1c0,0x00000000efc00000)
  to   space 5120K, 0% used [0x00000000ef480000,0x00000000ef480000,0x00000000ef980000)
 ParOldGen       total 42496K, used 12322K [0x00000000c2a00000, 0x00000000c5380000, 0x00000000eb900000)
  object space 42496K, 28% used [0x00000000c2a00000,0x00000000c3608b78,0x00000000c5380000)
 Metaspace       used 13697K, capacity 14056K, committed 14336K, reserved 1062912K
  class space    used 1564K, capacity 1666K, committed 1792K, reserved 1048576K
}
Event: 34.699 GC heap before
{Heap before GC invocations=8 (full 1):
 PSYoungGen      total 63488K, used 63472K [0x00000000eb900000, 0x00000000f0100000, 0x0000000100000000)
  eden space 60928K, 100% used [0x00000000eb900000,0x00000000ef480000,0x00000000ef480000)
  from space 2560K, 99% used [0x00000000ef980000,0x00000000efbfc1c0,0x00000000efc00000)
  to   space 5120K, 0% used [0x00000000ef480000,0x00000000ef480000,0x00000000ef980000)
 ParOldGen       total 42496K, used 12322K [0x00000000c2a00000, 0x00000000c5380000, 0x00000000eb900000)
  object space 42496K, 28% used [0x00000000c2a00000,0x00000000c3608b78,0x00000000c5380000)
 Metaspace       used 13790K, capacity 14126K, committed 14336K, reserved 1062912K
  class space    used 1565K, capacity 1667K, committed 1792K, reserved 1048576K
Event: 34.731 GC heap after
Heap after GC invocations=8 (full 1):
 PSYoungGen      total 66048K, used 5112K [0x00000000eb900000, 0x00000000f3d00000, 0x0000000100000000)
  eden space 60928K, 0% used [0x00000000eb900000,0x00000000eb900000,0x00000000ef480000)
  from space 5120K, 99% used [0x00000000ef480000,0x00000000ef97e248,0x00000000ef980000)
  to   space 6656K, 0% used [0x00000000f3680000,0x00000000f3680000,0x00000000f3d00000)
 ParOldGen       total 42496K, used 14306K [0x00000000c2a00000, 0x00000000c5380000, 0x00000000eb900000)
  object space 42496K, 33% used [0x00000000c2a00000,0x00000000c37f8ba8,0x00000000c5380000)
 Metaspace       used 13790K, capacity 14126K, committed 14336K, reserved 1062912K
  class space    used 1565K, capacity 1667K, committed 1792K, reserved 1048576K
}
Event: 36.861 GC heap before
{Heap before GC invocations=9 (full 1):
 PSYoungGen      total 66048K, used 66040K [0x00000000eb900000, 0x00000000f3d00000, 0x0000000100000000)
  eden space 60928K, 100% used [0x00000000eb900000,0x00000000ef480000,0x00000000ef480000)
  from space 5120K, 99% used [0x00000000ef480000,0x00000000ef97e248,0x00000000ef980000)
  to   space 6656K, 0% used [0x00000000f3680000,0x00000000f3680000,0x00000000f3d00000)
 ParOldGen       total 42496K, used 14306K [0x00000000c2a00000, 0x00000000c5380000, 0x00000000eb900000)
  object space 42496K, 33% used [0x00000000c2a00000,0x00000000c37f8ba8,0x00000000c5380000)
 Metaspace       used 14727K, capacity 15186K, committed 15360K, reserved 1062912K
  class space    used 1627K, capacity 1765K, committed 1792K, reserved 1048576K
Event: 36.954 GC heap after
Heap after GC invocations=9 (full 1):
 PSYoungGen      total 125952K, used 6628K [0x00000000eb900000, 0x00000000f4200000, 0x0000000100000000)
  eden space 119296K, 0% used [0x00000000eb900000,0x00000000eb900000,0x00000000f2d80000)
  from space 6656K, 99% used [0x00000000f3680000,0x00000000f3cf93a8,0x00000000f3d00000)
  to   space 9216K, 0% used [0x00000000f2d80000,0x00000000f2d80000,0x00000000f3680000)
 ParOldGen       total 42496K, used 17996K [0x00000000c2a00000, 0x00000000c5380000, 0x00000000eb900000)
  object space 42496K, 42% used [0x00000000c2a00000,0x00000000c3b93310,0x00000000c5380000)
 Metaspace       used 14727K, capacity 15186K, committed 15360K, reserved 1062912K
  class space    used 1627K, capacity 1765K, committed 1792K, reserved 1048576K
}
Event: 72.251 GC heap before
{Heap before GC invocations=10 (full 1):
 PSYoungGen      total 125952K, used 125924K [0x00000000eb900000, 0x00000000f4200000, 0x0000000100000000)
  eden space 119296K, 100% used [0x00000000eb900000,0x00000000f2d80000,0x00000000f2d80000)
  from space 6656K, 99% used [0x00000000f3680000,0x00000000f3cf93a8,0x00000000f3d00000)
  to   space 9216K, 0% used [0x00000000f2d80000,0x00000000f2d80000,0x00000000f3680000)
 ParOldGen       total 42496K, used 17996K [0x00000000c2a00000, 0x00000000c5380000, 0x00000000eb900000)
  object space 42496K, 42% used [0x00000000c2a00000,0x00000000c3b93310,0x00000000c5380000)
 Metaspace       used 14975K, capacity 15474K, committed 15616K, reserved 1062912K
  class space    used 1639K, capacity 1779K, committed 1792K, reserved 1048576K

