# JRE version: Java(TM) SE Runtime Environment (8.0_201-b09) (build 1.8.0_201-b09)
# Java VM: Java HotSpot(TM) 64-Bit Server VM (25.201-b09 mixed mode linux-amd64 compressed oops)
Heap:
 PSYoungGen      total 209920K, used 2088K [0x00000000eb900000, 0x00000000f8c80000, 0x0000000100000000)
  eden space 203264K, 0% used [0x00000000eb900000,0x00000000eb900000,0x00000000f7f80000)
  from space 6656K, 31% used [0x00000000f7f80000,0x00000000f818a1b8,0x00000000f8600000)
  to   space 6656K, 0% used [0x00000000f8600000,0x00000000f8600000,0x00000000f8c80000)
 ParOldGen       total 42496K, used 21315K [0x00000000c2a00000, 0x00000000c5380000, 0x00000000eb900000)
  object space 42496K, 50% used [0x00000000c2a00000,0x00000000c3ed0dc8,0x00000000c5380000)
 Metaspace       used 13937K, capacity 14332K, committed 14592K, reserved 1062912K
  class space    used 1590K, capacity 1707K, committed 1792K, reserved 1048576K
GC Heap History (10 events):
Event: 36.378 GC heap after
Heap after GC invocations=6 (full 0):
 PSYoungGen      total 70656K, used 4848K [0x00000000eb900000, 0x00000000f0500000, 0x0000000100000000)
  eden space 63488K, 0% used [0x00000000eb900000,0x00000000eb900000,0x00000000ef700000)
  from space 7168K, 67% used [0x00000000efe00000,0x00000000f02bc070,0x00000000f0500000)
  to   space 7168K, 0% used [0x00000000ef700000,0x00000000ef700000,0x00000000efe00000)
 ParOldGen       total 42496K, used 8648K [0x00000000c2a00000, 0x00000000c5380000, 0x00000000eb900000)
  object space 42496K, 20% used [0x00000000c2a00000,0x00000000c32722c8,0x00000000c5380000)
 Metaspace       used 13840K, capacity 14204K, committed 14592K, reserved 1062912K
  class space    used 1590K, capacity 1707K, committed 1792K, reserved 1048576K
}
Event: 37.137 GC heap before
{Heap before GC invocations=7 (full 0):
 PSYoungGen      total 70656K, used 68336K [0x00000000eb900000, 0x00000000f0500000, 0x0000000100000000)
  eden space 63488K, 100% used [0x00000000eb900000,0x00000000ef700000,0x00000000ef700000)
  from space 7168K, 67% used [0x00000000efe00000,0x00000000f02bc070,0x00000000f0500000)
  to   space 7168K, 0% used [0x00000000ef700000,0x00000000ef700000,0x00000000efe00000)
 ParOldGen       total 42496K, used 8648K [0x00000000c2a00000, 0x00000000c5380000, 0x00000000eb900000)
  object space 42496K, 20% used [0x00000000c2a00000,0x00000000c32722c8,0x00000000c5380000)
 Metaspace       used 13866K, capacity 14204K, committed 14592K, reserved 1062912K
  class space    used 1590K, capacity 1707K, committed 1792K, reserved 1048576K
Event: 37.159 GC heap after
Heap after GC invocations=7 (full 0):
 PSYoungGen      total 70656K, used 4592K [0x00000000eb900000, 0x00000000f4200000, 0x0000000100000000)
  eden space 63488K, 0% used [0x00000000eb900000,0x00000000eb900000,0x00000000ef700000)
  from space 7168K, 64% used [0x00000000ef700000,0x00000000efb7c070,0x00000000efe00000)
  to   space 6656K, 0% used [0x00000000f3b80000,0x00000000f3b80000,0x00000000f4200000)
 ParOldGen       total 42496K, used 9612K [0x00000000c2a00000, 0x00000000c5380000, 0x00000000eb900000)
  object space 42496K, 22% used [0x00000000c2a00000,0x00000000c3363338,0x00000000c5380000)
 Metaspace       used 13866K, capacity 14204K, committed 14592K, reserved 1062912K
  class space    used 1590K, capacity 1707K, committed 1792K, reserved 1048576K
}
Event: 38.245 GC heap before
{Heap before GC invocations=8 (full 0):
 PSYoungGen      total 70656K, used 68080K [0x00000000eb900000, 0x00000000f4200000, 0x0000000100000000)
  eden space 63488K, 100% used [0x00000000eb900000,0x00000000ef700000,0x00000000ef700000)
  from space 7168K, 64% used [0x00000000ef700000,0x00000000efb7c070,0x00000000efe00000)
  to   space 6656K, 0% used [0x00000000f3b80000,0x00000000f3b80000,0x00000000f4200000)
 ParOldGen       total 42496K, used 9612K [0x00000000c2a00000, 0x00000000c5380000, 0x00000000eb900000)
  object space 42496K, 22% used [0x00000000c2a00000,0x00000000c3363338,0x00000000c5380000)
 Metaspace       used 13875K, capacity 14204K, committed 14592K, reserved 1062912K
  class space    used 1590K, capacity 1707K, committed 1792K, reserved 1048576K
Event: 38.307 GC heap after
Heap after GC invocations=8 (full 0):
 PSYoungGen      total 133632K, used 5216K [0x00000000eb900000, 0x00000000f4200000, 0x0000000100000000)
  eden space 126976K, 0% used [0x00000000eb900000,0x00000000eb900000,0x00000000f3500000)
  from space 6656K, 78% used [0x00000000f3b80000,0x00000000f4098030,0x00000000f4200000)
  to   space 6656K, 0% used [0x00000000f3500000,0x00000000f3500000,0x00000000f3b80000)
 ParOldGen       total 42496K, used 10812K [0x00000000c2a00000, 0x00000000c5380000, 0x00000000eb900000)
  object space 42496K, 25% used [0x00000000c2a00000,0x00000000c348f338,0x00000000c5380000)
 Metaspace       used 13875K, capacity 14204K, committed 14592K, reserved 1062912K
  class space    used 1590K, capacity 1707K, committed 1792K, reserved 1048576K
}
Event: 39.194 GC heap before
{Heap before GC invocations=9 (full 0):
 PSYoungGen      total 133632K, used 132192K [0x00000000eb900000, 0x00000000f4200000, 0x0000000100000000)
  eden space 126976K, 100% used [0x00000000eb900000,0x00000000f3500000,0x00000000f3500000)
  from space 6656K, 78% used [0x00000000f3b80000,0x00000000f4098030,0x00000000f4200000)
  to   space 6656K, 0% used [0x00000000f3500000,0x00000000f3500000,0x00000000f3b80000)
 ParOldGen       total 42496K, used 10812K [0x00000000c2a00000, 0x00000000c5380000, 0x00000000eb900000)
  object space 42496K, 25% used [0x00000000c2a00000,0x00000000c348f338,0x00000000c5380000)
 Metaspace       used 13898K, capacity 14332K, committed 14592K, reserved 1062912K
  class space    used 1590K, capacity 1707K, committed 1792K, reserved 1048576K
Event: 39.217 GC heap after
Heap after GC invocations=9 (full 0):
 PSYoungGen      total 133632K, used 4496K [0x00000000eb900000, 0x00000000f8c80000, 0x0000000100000000)
  eden space 126976K, 0% used [0x00000000eb900000,0x00000000eb900000,0x00000000f3500000)
  from space 6656K, 67% used [0x00000000f3500000,0x00000000f39640b0,0x00000000f3b80000)
  to   space 6656K, 0% used [0x00000000f8600000,0x00000000f8600000,0x00000000f8c80000)
 ParOldGen       total 42496K, used 13364K [0x00000000c2a00000, 0x00000000c5380000, 0x00000000eb900000)
  object space 42496K, 31% used [0x00000000c2a00000,0x00000000c370d1b8,0x00000000c5380000)
 Metaspace       used 13898K, capacity 14332K, committed 14592K, reserved 1062912K
  class space    used 1590K, capacity 1707K, committed 1792K, reserved 1048576K
}
Event: 40.214 GC heap before
{Heap before GC invocations=10 (full 0):
 PSYoungGen      total 133632K, used 131472K [0x00000000eb900000, 0x00000000f8c80000, 0x0000000100000000)
  eden space 126976K, 100% used [0x00000000eb900000,0x00000000f3500000,0x00000000f3500000)
  from space 6656K, 67% used [0x00000000f3500000,0x00000000f39640b0,0x00000000f3b80000)
  to   space 6656K, 0% used [0x00000000f8600000,0x00000000f8600000,0x00000000f8c80000)
 ParOldGen       total 42496K, used 13364K [0x00000000c2a00000, 0x00000000c5380000, 0x00000000eb900000)
  object space 42496K, 31% used [0x00000000c2a00000,0x00000000c370d1b8,0x00000000c5380000)
 Metaspace       used 13922K, capacity 14332K, committed 14592K, reserved 1062912K
  class space    used 1590K, capacity 1707K, committed 1792K, reserved 1048576K
Event: 40.229 GC heap after
Heap after GC invocations=10 (full 0):
 PSYoungGen      total 209920K, used 5456K [0x00000000eb900000, 0x00000000f8c80000, 0x0000000100000000)
  eden space 203264K, 0% used [0x00000000eb900000,0x00000000eb900000,0x00000000f7f80000)
  from space 6656K, 81% used [0x00000000f8600000,0x00000000f8b540c0,0x00000000f8c80000)
  to   space 6656K, 0% used [0x00000000f7f80000,0x00000000f7f80000,0x00000000f8600000)
 ParOldGen       total 42496K, used 15960K [0x00000000c2a00000, 0x00000000c5380000, 0x00000000eb900000)
  object space 42496K, 37% used [0x00000000c2a00000,0x00000000c3996108,0x00000000c5380000)
 Metaspace       used 13922K, capacity 14332K, committed 14592K, reserved 1062912K
  class space    used 1590K, capacity 1707K, committed 1792K, reserved 1048576K
}
Event: 42.191 GC heap before
{Heap before GC invocations=11 (full 0):
 PSYoungGen      total 209920K, used 208720K [0x00000000eb900000, 0x00000000f8c80000, 0x0000000100000000)
  eden space 203264K, 100% used [0x00000000eb900000,0x00000000f7f80000,0x00000000f7f80000)
  from space 6656K, 81% used [0x00000000f8600000,0x00000000f8b540c0,0x00000000f8c80000)
  to   space 6656K, 0% used [0x00000000f7f80000,0x00000000f7f80000,0x00000000f8600000)
 ParOldGen       total 42496K, used 15960K [0x00000000c2a00000, 0x00000000c5380000, 0x00000000eb900000)
  object space 42496K, 37% used [0x00000000c2a00000,0x00000000c3996108,0x00000000c5380000)
 Metaspace       used 13937K, capacity 14332K, committed 14592K, reserved 1062912K
  class space    used 1590K, capacity 1707K, committed 1792K, reserved 1048576K

