# JRE version: Java(TM) SE Runtime Environment (8.0_201-b09) (build 1.8.0_201-b09)
# Java VM: Java HotSpot(TM) 64-Bit Server VM (25.201-b09 mixed mode linux-amd64 compressed oops)
Heap:
 PSYoungGen      total 119808K, used 9208K [0x00000000eb900000, 0x00000000f5b00000, 0x0000000100000000)
  eden space 110592K, 0% used [0x00000000eb900000,0x00000000eb900000,0x00000000f2500000)
  from space 9216K, 99% used [0x00000000f5200000,0x00000000f5afe030,0x00000000f5b00000)
  to   space 9728K, 0% used [0x00000000f2500000,0x00000000f2500000,0x00000000f2e80000)
 ParOldGen       total 42496K, used 28554K [0x00000000c2a00000, 0x00000000c5380000, 0x00000000eb900000)
  object space 42496K, 67% used [0x00000000c2a00000,0x00000000c45e28f8,0x00000000c5380000)
 Metaspace       used 14974K, capacity 15438K, committed 15616K, reserved 1062912K
  class space    used 1648K, capacity 1782K, committed 1792K, reserved 1048576K
GC Heap History (10 events):
Event: 20.683 GC heap after
Heap after GC invocations=8 (full 1):
 PSYoungGen      total 34304K, used 4288K [0x00000000eb900000, 0x00000000efc00000, 0x0000000100000000)
  eden space 29184K, 0% used [0x00000000eb900000,0x00000000eb900000,0x00000000ed580000)
  from space 5120K, 83% used [0x00000000ed580000,0x00000000ed9b0010,0x00000000eda80000)
  to   space 5120K, 0% used [0x00000000ef700000,0x00000000ef700000,0x00000000efc00000)
 ParOldGen       total 42496K, used 7933K [0x00000000c2a00000, 0x00000000c5380000, 0x00000000eb900000)
  object space 42496K, 18% used [0x00000000c2a00000,0x00000000c31bf700,0x00000000c5380000)
 Metaspace       used 13810K, capacity 14188K, committed 14336K, reserved 1062912K
  class space    used 1586K, capacity 1704K, committed 1792K, reserved 1048576K
}
Event: 21.210 GC heap before
{Heap before GC invocations=9 (full 1):
 PSYoungGen      total 34304K, used 33472K [0x00000000eb900000, 0x00000000efc00000, 0x0000000100000000)
  eden space 29184K, 100% used [0x00000000eb900000,0x00000000ed580000,0x00000000ed580000)
  from space 5120K, 83% used [0x00000000ed580000,0x00000000ed9b0010,0x00000000eda80000)
  to   space 5120K, 0% used [0x00000000ef700000,0x00000000ef700000,0x00000000efc00000)
 ParOldGen       total 42496K, used 7933K [0x00000000c2a00000, 0x00000000c5380000, 0x00000000eb900000)
  object space 42496K, 18% used [0x00000000c2a00000,0x00000000c31bf700,0x00000000c5380000)
 Metaspace       used 13844K, capacity 14252K, committed 14592K, reserved 1062912K
  class space    used 1586K, capacity 1704K, committed 1792K, reserved 1048576K
Event: 21.224 GC heap after
Heap after GC invocations=9 (full 1):
 PSYoungGen      total 62464K, used 5120K [0x00000000eb900000, 0x00000000efe00000, 0x0000000100000000)
  eden space 57344K, 0% used [0x00000000eb900000,0x00000000eb900000,0x00000000ef100000)
  from space 5120K, 100% used [0x00000000ef700000,0x00000000efc00000,0x00000000efc00000)
  to   space 6144K, 0% used [0x00000000ef100000,0x00000000ef100000,0x00000000ef700000)
 ParOldGen       total 42496K, used 9064K [0x00000000c2a00000, 0x00000000c5380000, 0x00000000eb900000)
  object space 42496K, 21% used [0x00000000c2a00000,0x00000000c32da188,0x00000000c5380000)
 Metaspace       used 13844K, capacity 14252K, committed 14592K, reserved 1062912K
  class space    used 1586K, capacity 1704K, committed 1792K, reserved 1048576K
}
Event: 22.202 GC heap before
{Heap before GC invocations=10 (full 1):
 PSYoungGen      total 62464K, used 62464K [0x00000000eb900000, 0x00000000efe00000, 0x0000000100000000)
  eden space 57344K, 100% used [0x00000000eb900000,0x00000000ef100000,0x00000000ef100000)
  from space 5120K, 100% used [0x00000000ef700000,0x00000000efc00000,0x00000000efc00000)
  to   space 6144K, 0% used [0x00000000ef100000,0x00000000ef100000,0x00000000ef700000)
 ParOldGen       total 42496K, used 9064K [0x00000000c2a00000, 0x00000000c5380000, 0x00000000eb900000)
  object space 42496K, 21% used [0x00000000c2a00000,0x00000000c32da188,0x00000000c5380000)
 Metaspace       used 13905K, capacity 14252K, committed 14592K, reserved 1062912K
  class space    used 1587K, capacity 1704K, committed 1792K, reserved 1048576K
Event: 22.215 GC heap after
Heap after GC invocations=10 (full 1):
 PSYoungGen      total 63488K, used 6136K [0x00000000eb900000, 0x00000000f3800000, 0x0000000100000000)
  eden space 57344K, 0% used [0x00000000eb900000,0x00000000eb900000,0x00000000ef100000)
  from space 6144K, 99% used [0x00000000ef100000,0x00000000ef6fe1a8,0x00000000ef700000)
  to   space 7680K, 0% used [0x00000000f3080000,0x00000000f3080000,0x00000000f3800000)
 ParOldGen       total 42496K, used 11377K [0x00000000c2a00000, 0x00000000c5380000, 0x00000000eb900000)
  object space 42496K, 26% used [0x00000000c2a00000,0x00000000c351c668,0x00000000c5380000)
 Metaspace       used 13905K, capacity 14252K, committed 14592K, reserved 1062912K
  class space    used 1587K, capacity 1704K, committed 1792K, reserved 1048576K
}
Event: 29.672 GC heap before
{Heap before GC invocations=11 (full 1):
 PSYoungGen      total 63488K, used 63480K [0x00000000eb900000, 0x00000000f3800000, 0x0000000100000000)
  eden space 57344K, 100% used [0x00000000eb900000,0x00000000ef100000,0x00000000ef100000)
  from space 6144K, 99% used [0x00000000ef100000,0x00000000ef6fe1a8,0x00000000ef700000)
  to   space 7680K, 0% used [0x00000000f3080000,0x00000000f3080000,0x00000000f3800000)
 ParOldGen       total 42496K, used 11377K [0x00000000c2a00000, 0x00000000c5380000, 0x00000000eb900000)
  object space 42496K, 26% used [0x00000000c2a00000,0x00000000c351c668,0x00000000c5380000)
 Metaspace       used 14750K, capacity 15238K, committed 15360K, reserved 1062912K
  class space    used 1634K, capacity 1772K, committed 1792K, reserved 1048576K
Event: 29.862 GC heap after
Heap after GC invocations=11 (full 1):
 PSYoungGen      total 99840K, used 7672K [0x00000000eb900000, 0x00000000f3800000, 0x0000000100000000)
  eden space 92160K, 0% used [0x00000000eb900000,0x00000000eb900000,0x00000000f1300000)
  from space 7680K, 99% used [0x00000000f3080000,0x00000000f37fe1a8,0x00000000f3800000)
  to   space 9728K, 0% used [0x00000000f2500000,0x00000000f2500000,0x00000000f2e80000)
 ParOldGen       total 42496K, used 14990K [0x00000000c2a00000, 0x00000000c5380000, 0x00000000eb900000)
  object space 42496K, 35% used [0x00000000c2a00000,0x00000000c38a3ad0,0x00000000c5380000)
 Metaspace       used 14750K, capacity 15238K, committed 15360K, reserved 1062912K
  class space    used 1634K, capacity 1772K, committed 1792K, reserved 1048576K
}
Event: 66.714 GC heap before
{Heap before GC invocations=12 (full 1):
 PSYoungGen      total 99840K, used 99832K [0x00000000eb900000, 0x00000000f3800000, 0x0000000100000000)
  eden space 92160K, 100% used [0x00000000eb900000,0x00000000f1300000,0x00000000f1300000)
  from space 7680K, 99% used [0x00000000f3080000,0x00000000f37fe1a8,0x00000000f3800000)
  to   space 9728K, 0% used [0x00000000f2500000,0x00000000f2500000,0x00000000f2e80000)
 ParOldGen       total 42496K, used 14990K [0x00000000c2a00000, 0x00000000c5380000, 0x00000000eb900000)
  object space 42496K, 35% used [0x00000000c2a00000,0x00000000c38a3ad0,0x00000000c5380000)
 Metaspace       used 14864K, capacity 15368K, committed 15616K, reserved 1062912K
  class space    used 1642K, capacity 1781K, committed 1792K, reserved 1048576K
Event: 66.734 GC heap after
Heap after GC invocations=12 (full 1):
 PSYoungGen      total 120320K, used 5240K [0x00000000eb900000, 0x00000000f5b00000, 0x0000000100000000)
  eden space 110592K, 0% used [0x00000000eb900000,0x00000000eb900000,0x00000000f2500000)
  from space 9728K, 53% used [0x00000000f2500000,0x00000000f2a1e020,0x00000000f2e80000)
  to   space 9216K, 0% used [0x00000000f5200000,0x00000000f5200000,0x00000000f5b00000)
 ParOldGen       total 42496K, used 19047K [0x00000000c2a00000, 0x00000000c5380000, 0x00000000eb900000)
  object space 42496K, 44% used [0x00000000c2a00000,0x00000000c3c99c78,0x00000000c5380000)
 Metaspace       used 14864K, capacity 15368K, committed 15616K, reserved 1062912K
  class space    used 1642K, capacity 1781K, committed 1792K, reserved 1048576K
}
Event: 140.581 GC heap before
{Heap before GC invocations=13 (full 1):
 PSYoungGen      total 120320K, used 115832K [0x00000000eb900000, 0x00000000f5b00000, 0x0000000100000000)
  eden space 110592K, 100% used [0x00000000eb900000,0x00000000f2500000,0x00000000f2500000)
  from space 9728K, 53% used [0x00000000f2500000,0x00000000f2a1e020,0x00000000f2e80000)
  to   space 9216K, 0% used [0x00000000f5200000,0x00000000f5200000,0x00000000f5b00000)
 ParOldGen       total 42496K, used 19047K [0x00000000c2a00000, 0x00000000c5380000, 0x00000000eb900000)
  object space 42496K, 44% used [0x00000000c2a00000,0x00000000c3c99c78,0x00000000c5380000)
 Metaspace       used 14974K, capacity 15438K, committed 15616K, reserved 1062912K
  class space    used 1648K, capacity 1782K, committed 1792K, reserved 1048576K

