# JRE version: Java(TM) SE Runtime Environment (8.0_201-b09) (build 1.8.0_201-b09)
# Java VM: Java HotSpot(TM) 64-Bit Server VM (25.201-b09 mixed mode linux-amd64 compressed oops)
Heap:
 PSYoungGen      total 129536K, used 4704K [0x00000000eb900000, 0x00000000f4200000, 0x0000000100000000)
  eden space 122880K, 0% used [0x00000000eb900000,0x00000000eb900000,0x00000000f3100000)
  from space 6656K, 70% used [0x00000000f3100000,0x00000000f3598010,0x00000000f3780000)
  to   space 2560K, 0% used [0x00000000f3780000,0x00000000f3780000,0x00000000f3a00000)
 ParOldGen       total 42496K, used 10588K [0x00000000c2a00000, 0x00000000c5380000, 0x00000000eb900000)
  object space 42496K, 24% used [0x00000000c2a00000,0x00000000c34570f0,0x00000000c5380000)
 Metaspace       used 13949K, capacity 14334K, committed 14592K, reserved 1062912K
  class space    used 1594K, capacity 1707K, committed 1792K, reserved 1048576K
GC Heap History (10 events):
Event: 2.618 GC heap after
Heap after GC invocations=3 (full 1):
 PSYoungGen      total 34304K, used 0K [0x00000000eb900000, 0x00000000edd00000, 0x0000000100000000)
  eden space 31744K, 0% used [0x00000000eb900000,0x00000000eb900000,0x00000000ed800000)
  from space 2560K, 0% used [0x00000000eda80000,0x00000000eda80000,0x00000000edd00000)
  to   space 2560K, 0% used [0x00000000ed800000,0x00000000ed800000,0x00000000eda80000)
 ParOldGen       total 42496K, used 2557K [0x00000000c2a00000, 0x00000000c5380000, 0x00000000eb900000)
  object space 42496K, 6% used [0x00000000c2a00000,0x00000000c2c7f570,0x00000000c5380000)
 Metaspace       used 10106K, capacity 10242K, committed 10624K, reserved 1058816K
  class space    used 1225K, capacity 1285K, committed 1408K, reserved 1048576K
}
Event: 40.770 GC heap before
{Heap before GC invocations=4 (full 1):
 PSYoungGen      total 34304K, used 31744K [0x00000000eb900000, 0x00000000edd00000, 0x0000000100000000)
  eden space 31744K, 100% used [0x00000000eb900000,0x00000000ed800000,0x00000000ed800000)
  from space 2560K, 0% used [0x00000000eda80000,0x00000000eda80000,0x00000000edd00000)
  to   space 2560K, 0% used [0x00000000ed800000,0x00000000ed800000,0x00000000eda80000)
 ParOldGen       total 42496K, used 2557K [0x00000000c2a00000, 0x00000000c5380000, 0x00000000eb900000)
  object space 42496K, 6% used [0x00000000c2a00000,0x00000000c2c7f570,0x00000000c5380000)
 Metaspace       used 13706K, capacity 14142K, committed 14336K, reserved 1062912K
  class space    used 1594K, capacity 1707K, committed 1792K, reserved 1048576K
Event: 44.103 GC heap after
Heap after GC invocations=4 (full 1):
 PSYoungGen      total 34304K, used 2556K [0x00000000eb900000, 0x00000000efc00000, 0x0000000100000000)
  eden space 31744K, 0% used [0x00000000eb900000,0x00000000eb900000,0x00000000ed800000)
  from space 2560K, 99% used [0x00000000ed800000,0x00000000eda7f020,0x00000000eda80000)
  to   space 2560K, 0% used [0x00000000ef980000,0x00000000ef980000,0x00000000efc00000)
 ParOldGen       total 42496K, used 5085K [0x00000000c2a00000, 0x00000000c5380000, 0x00000000eb900000)
  object space 42496K, 11% used [0x00000000c2a00000,0x00000000c2ef76a0,0x00000000c5380000)
 Metaspace       used 13706K, capacity 14142K, committed 14336K, reserved 1062912K
  class space    used 1594K, capacity 1707K, committed 1792K, reserved 1048576K
}
Event: 45.084 GC heap before
{Heap before GC invocations=5 (full 1):
 PSYoungGen      total 34304K, used 34300K [0x00000000eb900000, 0x00000000efc00000, 0x0000000100000000)
  eden space 31744K, 100% used [0x00000000eb900000,0x00000000ed800000,0x00000000ed800000)
  from space 2560K, 99% used [0x00000000ed800000,0x00000000eda7f020,0x00000000eda80000)
  to   space 2560K, 0% used [0x00000000ef980000,0x00000000ef980000,0x00000000efc00000)
 ParOldGen       total 42496K, used 5085K [0x00000000c2a00000, 0x00000000c5380000, 0x00000000eb900000)
  object space 42496K, 11% used [0x00000000c2a00000,0x00000000c2ef76a0,0x00000000c5380000)
 Metaspace       used 13786K, capacity 14206K, committed 14336K, reserved 1062912K
  class space    used 1594K, capacity 1707K, committed 1792K, reserved 1048576K
Event: 45.095 GC heap after
Heap after GC invocations=5 (full 1):
 PSYoungGen      total 66048K, used 2560K [0x00000000eb900000, 0x00000000efc00000, 0x0000000100000000)
  eden space 63488K, 0% used [0x00000000eb900000,0x00000000eb900000,0x00000000ef700000)
  from space 2560K, 100% used [0x00000000ef980000,0x00000000efc00000,0x00000000efc00000)
  to   space 2560K, 0% used [0x00000000ef700000,0x00000000ef700000,0x00000000ef980000)
 ParOldGen       total 42496K, used 6294K [0x00000000c2a00000, 0x00000000c5380000, 0x00000000eb900000)
  object space 42496K, 14% used [0x00000000c2a00000,0x00000000c3025a80,0x00000000c5380000)
 Metaspace       used 13786K, capacity 14206K, committed 14336K, reserved 1062912K
  class space    used 1594K, capacity 1707K, committed 1792K, reserved 1048576K
}
Event: 46.487 GC heap before
{Heap before GC invocations=6 (full 1):
 PSYoungGen      total 66048K, used 66048K [0x00000000eb900000, 0x00000000efc00000, 0x0000000100000000)
  eden space 63488K, 100% used [0x00000000eb900000,0x00000000ef700000,0x00000000ef700000)
  from space 2560K, 100% used [0x00000000ef980000,0x00000000efc00000,0x00000000efc00000)
  to   space 2560K, 0% used [0x00000000ef700000,0x00000000ef700000,0x00000000ef980000)
 ParOldGen       total 42496K, used 6294K [0x00000000c2a00000, 0x00000000c5380000, 0x00000000eb900000)
  object space 42496K, 14% used [0x00000000c2a00000,0x00000000c3025a80,0x00000000c5380000)
 Metaspace       used 13881K, capacity 14206K, committed 14336K, reserved 1062912K
  class space    used 1594K, capacity 1707K, committed 1792K, reserved 1048576K
Event: 46.502 GC heap after
Heap after GC invocations=6 (full 1):
 PSYoungGen      total 66048K, used 2544K [0x00000000eb900000, 0x00000000f3a00000, 0x0000000100000000)
  eden space 63488K, 0% used [0x00000000eb900000,0x00000000eb900000,0x00000000ef700000)
  from space 2560K, 99% used [0x00000000ef700000,0x00000000ef97c010,0x00000000ef980000)
  to   space 2560K, 0% used [0x00000000f3780000,0x00000000f3780000,0x00000000f3a00000)
 ParOldGen       total 42496K, used 9638K [0x00000000c2a00000, 0x00000000c5380000, 0x00000000eb900000)
  object space 42496K, 22% used [0x00000000c2a00000,0x00000000c3369918,0x00000000c5380000)
 Metaspace       used 13881K, capacity 14206K, committed 14336K, reserved 1062912K
  class space    used 1594K, capacity 1707K, committed 1792K, reserved 1048576K
}
Event: 47.270 GC heap before
{Heap before GC invocations=7 (full 1):
 PSYoungGen      total 66048K, used 66032K [0x00000000eb900000, 0x00000000f3a00000, 0x0000000100000000)
  eden space 63488K, 100% used [0x00000000eb900000,0x00000000ef700000,0x00000000ef700000)
  from space 2560K, 99% used [0x00000000ef700000,0x00000000ef97c010,0x00000000ef980000)
  to   space 2560K, 0% used [0x00000000f3780000,0x00000000f3780000,0x00000000f3a00000)
 ParOldGen       total 42496K, used 9638K [0x00000000c2a00000, 0x00000000c5380000, 0x00000000eb900000)
  object space 42496K, 22% used [0x00000000c2a00000,0x00000000c3369918,0x00000000c5380000)
 Metaspace       used 13919K, capacity 14334K, committed 14592K, reserved 1062912K
  class space    used 1594K, capacity 1707K, committed 1792K, reserved 1048576K
Event: 47.311 GC heap after
Heap after GC invocations=7 (full 1):
 PSYoungGen      total 125440K, used 2560K [0x00000000eb900000, 0x00000000f4200000, 0x0000000100000000)
  eden space 122880K, 0% used [0x00000000eb900000,0x00000000eb900000,0x00000000f3100000)
  from space 2560K, 100% used [0x00000000f3780000,0x00000000f3a00000,0x00000000f3a00000)
  to   space 6656K, 0% used [0x00000000f3100000,0x00000000f3100000,0x00000000f3780000)
 ParOldGen       total 42496K, used 10588K [0x00000000c2a00000, 0x00000000c5380000, 0x00000000eb900000)
  object space 42496K, 24% used [0x00000000c2a00000,0x00000000c34570f0,0x00000000c5380000)
 Metaspace       used 13919K, capacity 14334K, committed 14592K, reserved 1062912K
  class space    used 1594K, capacity 1707K, committed 1792K, reserved 1048576K
}
Event: 49.111 GC heap before
{Heap before GC invocations=8 (full 1):
 PSYoungGen      total 125440K, used 125440K [0x00000000eb900000, 0x00000000f4200000, 0x0000000100000000)
  eden space 122880K, 100% used [0x00000000eb900000,0x00000000f3100000,0x00000000f3100000)
  from space 2560K, 100% used [0x00000000f3780000,0x00000000f3a00000,0x00000000f3a00000)
  to   space 6656K, 0% used [0x00000000f3100000,0x00000000f3100000,0x00000000f3780000)
 ParOldGen       total 42496K, used 10588K [0x00000000c2a00000, 0x00000000c5380000, 0x00000000eb900000)
  object space 42496K, 24% used [0x00000000c2a00000,0x00000000c34570f0,0x00000000c5380000)
 Metaspace       used 13949K, capacity 14334K, committed 14592K, reserved 1062912K
  class space    used 1594K, capacity 1707K, committed 1792K, reserved 1048576K

