# JRE version: Java(TM) SE Runtime Environment (8.0_201-b09) (build 1.8.0_201-b09)
# Java VM: Java HotSpot(TM) 64-Bit Server VM (25.201-b09 mixed mode linux-amd64 compressed oops)
Heap:
 PSYoungGen      total 58880K, used 1632K [0x00000000eb900000, 0x00000000f0800000, 0x0000000100000000)
  eden space 54272K, 0% used [0x00000000eb900000,0x00000000eb900000,0x00000000eee00000)
  from space 4608K, 35% used [0x00000000f0380000,0x00000000f0518090,0x00000000f0800000)
  to   space 4608K, 0% used [0x00000000eee00000,0x00000000eee00000,0x00000000ef280000)
 ParOldGen       total 42496K, used 13413K [0x00000000c2a00000, 0x00000000c5380000, 0x00000000eb900000)
  object space 42496K, 31% used [0x00000000c2a00000,0x00000000c37197e0,0x00000000c5380000)
 Metaspace       used 14333K, capacity 14834K, committed 15104K, reserved 1062912K
  class space    used 1621K, capacity 1757K, committed 1792K, reserved 1048576K
GC Heap History (10 events):
Event: 24.884 GC heap after
Heap after GC invocations=8 (full 1):
 PSYoungGen      total 18432K, used 2784K [0x00000000eb900000, 0x00000000edd00000, 0x0000000100000000)
  eden space 13824K, 0% used [0x00000000eb900000,0x00000000eb900000,0x00000000ec680000)
  from space 4608K, 60% used [0x00000000ec680000,0x00000000ec938000,0x00000000ecb00000)
  to   space 4608K, 0% used [0x00000000ed880000,0x00000000ed880000,0x00000000edd00000)
 ParOldGen       total 42496K, used 6703K [0x00000000c2a00000, 0x00000000c5380000, 0x00000000eb900000)
  object space 42496K, 15% used [0x00000000c2a00000,0x00000000c308bd00,0x00000000c5380000)
 Metaspace       used 14269K, capacity 14706K, committed 14848K, reserved 1062912K
  class space    used 1621K, capacity 1757K, committed 1792K, reserved 1048576K
}
Event: 25.012 GC heap before
{Heap before GC invocations=9 (full 1):
 PSYoungGen      total 18432K, used 16608K [0x00000000eb900000, 0x00000000edd00000, 0x0000000100000000)
  eden space 13824K, 100% used [0x00000000eb900000,0x00000000ec680000,0x00000000ec680000)
  from space 4608K, 60% used [0x00000000ec680000,0x00000000ec938000,0x00000000ecb00000)
  to   space 4608K, 0% used [0x00000000ed880000,0x00000000ed880000,0x00000000edd00000)
 ParOldGen       total 42496K, used 6703K [0x00000000c2a00000, 0x00000000c5380000, 0x00000000eb900000)
  object space 42496K, 15% used [0x00000000c2a00000,0x00000000c308bd00,0x00000000c5380000)
 Metaspace       used 14279K, capacity 14770K, committed 15104K, reserved 1062912K
  class space    used 1621K, capacity 1757K, committed 1792K, reserved 1048576K
Event: 25.077 GC heap after
Heap after GC invocations=9 (full 1):
 PSYoungGen      total 32256K, used 2896K [0x00000000eb900000, 0x00000000edd00000, 0x0000000100000000)
  eden space 27648K, 0% used [0x00000000eb900000,0x00000000eb900000,0x00000000ed400000)
  from space 4608K, 62% used [0x00000000ed880000,0x00000000edb54050,0x00000000edd00000)
  to   space 4608K, 0% used [0x00000000ed400000,0x00000000ed400000,0x00000000ed880000)
 ParOldGen       total 42496K, used 7439K [0x00000000c2a00000, 0x00000000c5380000, 0x00000000eb900000)
  object space 42496K, 17% used [0x00000000c2a00000,0x00000000c3143d10,0x00000000c5380000)
 Metaspace       used 14279K, capacity 14770K, committed 15104K, reserved 1062912K
  class space    used 1621K, capacity 1757K, committed 1792K, reserved 1048576K
}
Event: 25.823 GC heap before
{Heap before GC invocations=10 (full 1):
 PSYoungGen      total 32256K, used 30544K [0x00000000eb900000, 0x00000000edd00000, 0x0000000100000000)
  eden space 27648K, 100% used [0x00000000eb900000,0x00000000ed400000,0x00000000ed400000)
  from space 4608K, 62% used [0x00000000ed880000,0x00000000edb54050,0x00000000edd00000)
  to   space 4608K, 0% used [0x00000000ed400000,0x00000000ed400000,0x00000000ed880000)
 ParOldGen       total 42496K, used 7439K [0x00000000c2a00000, 0x00000000c5380000, 0x00000000eb900000)
  object space 42496K, 17% used [0x00000000c2a00000,0x00000000c3143d10,0x00000000c5380000)
 Metaspace       used 14298K, capacity 14770K, committed 15104K, reserved 1062912K
  class space    used 1621K, capacity 1757K, committed 1792K, reserved 1048576K
Event: 25.991 GC heap after
Heap after GC invocations=10 (full 1):
 PSYoungGen      total 32256K, used 3312K [0x00000000eb900000, 0x00000000ef800000, 0x0000000100000000)
  eden space 27648K, 0% used [0x00000000eb900000,0x00000000eb900000,0x00000000ed400000)
  from space 4608K, 71% used [0x00000000ed400000,0x00000000ed73c080,0x00000000ed880000)
  to   space 4608K, 0% used [0x00000000ef380000,0x00000000ef380000,0x00000000ef800000)
 ParOldGen       total 42496K, used 9019K [0x00000000c2a00000, 0x00000000c5380000, 0x00000000eb900000)
  object space 42496K, 21% used [0x00000000c2a00000,0x00000000c32ced30,0x00000000c5380000)
 Metaspace       used 14298K, capacity 14770K, committed 15104K, reserved 1062912K
  class space    used 1621K, capacity 1757K, committed 1792K, reserved 1048576K
}
Event: 26.409 GC heap before
{Heap before GC invocations=11 (full 1):
 PSYoungGen      total 32256K, used 30960K [0x00000000eb900000, 0x00000000ef800000, 0x0000000100000000)
  eden space 27648K, 100% used [0x00000000eb900000,0x00000000ed400000,0x00000000ed400000)
  from space 4608K, 71% used [0x00000000ed400000,0x00000000ed73c080,0x00000000ed880000)
  to   space 4608K, 0% used [0x00000000ef380000,0x00000000ef380000,0x00000000ef800000)
 ParOldGen       total 42496K, used 9019K [0x00000000c2a00000, 0x00000000c5380000, 0x00000000eb900000)
  object space 42496K, 21% used [0x00000000c2a00000,0x00000000c32ced30,0x00000000c5380000)
 Metaspace       used 14307K, capacity 14770K, committed 15104K, reserved 1062912K
  class space    used 1621K, capacity 1757K, committed 1792K, reserved 1048576K
Event: 26.427 GC heap after
Heap after GC invocations=11 (full 1):
 PSYoungGen      total 48128K, used 3408K [0x00000000eb900000, 0x00000000ef700000, 0x0000000100000000)
  eden space 44544K, 0% used [0x00000000eb900000,0x00000000eb900000,0x00000000ee480000)
  from space 3584K, 95% used [0x00000000ef380000,0x00000000ef6d4020,0x00000000ef700000)
  to   space 4608K, 0% used [0x00000000eee00000,0x00000000eee00000,0x00000000ef280000)
 ParOldGen       total 42496K, used 9471K [0x00000000c2a00000, 0x00000000c5380000, 0x00000000eb900000)
  object space 42496K, 22% used [0x00000000c2a00000,0x00000000c333fd50,0x00000000c5380000)
 Metaspace       used 14307K, capacity 14770K, committed 15104K, reserved 1062912K
  class space    used 1621K, capacity 1757K, committed 1792K, reserved 1048576K
}
Event: 27.222 GC heap before
{Heap before GC invocations=12 (full 1):
 PSYoungGen      total 48128K, used 47952K [0x00000000eb900000, 0x00000000ef700000, 0x0000000100000000)
  eden space 44544K, 100% used [0x00000000eb900000,0x00000000ee480000,0x00000000ee480000)
  from space 3584K, 95% used [0x00000000ef380000,0x00000000ef6d4020,0x00000000ef700000)
  to   space 4608K, 0% used [0x00000000eee00000,0x00000000eee00000,0x00000000ef280000)
 ParOldGen       total 42496K, used 9471K [0x00000000c2a00000, 0x00000000c5380000, 0x00000000eb900000)
  object space 42496K, 22% used [0x00000000c2a00000,0x00000000c333fd50,0x00000000c5380000)
 Metaspace       used 14324K, capacity 14770K, committed 15104K, reserved 1062912K
  class space    used 1621K, capacity 1757K, committed 1792K, reserved 1048576K
Event: 27.258 GC heap after
Heap after GC invocations=12 (full 1):
 PSYoungGen      total 58880K, used 1184K [0x00000000eb900000, 0x00000000f0800000, 0x0000000100000000)
  eden space 54272K, 0% used [0x00000000eb900000,0x00000000eb900000,0x00000000eee00000)
  from space 4608K, 25% used [0x00000000eee00000,0x00000000eef28000,0x00000000ef280000)
  to   space 4608K, 0% used [0x00000000f0380000,0x00000000f0380000,0x00000000f0800000)
 ParOldGen       total 42496K, used 12275K [0x00000000c2a00000, 0x00000000c5380000, 0x00000000eb900000)
  object space 42496K, 28% used [0x00000000c2a00000,0x00000000c35fcd18,0x00000000c5380000)
 Metaspace       used 14324K, capacity 14770K, committed 15104K, reserved 1062912K
  class space    used 1621K, capacity 1757K, committed 1792K, reserved 1048576K
}
Event: 28.329 GC heap before
{Heap before GC invocations=13 (full 1):
 PSYoungGen      total 58880K, used 55456K [0x00000000eb900000, 0x00000000f0800000, 0x0000000100000000)
  eden space 54272K, 100% used [0x00000000eb900000,0x00000000eee00000,0x00000000eee00000)
  from space 4608K, 25% used [0x00000000eee00000,0x00000000eef28000,0x00000000ef280000)
  to   space 4608K, 0% used [0x00000000f0380000,0x00000000f0380000,0x00000000f0800000)
 ParOldGen       total 42496K, used 12275K [0x00000000c2a00000, 0x00000000c5380000, 0x00000000eb900000)
  object space 42496K, 28% used [0x00000000c2a00000,0x00000000c35fcd18,0x00000000c5380000)
 Metaspace       used 14333K, capacity 14834K, committed 15104K, reserved 1062912K
  class space    used 1621K, capacity 1757K, committed 1792K, reserved 1048576K

