# JRE version: Java(TM) SE Runtime Environment (8.0_201-b09) (build 1.8.0_201-b09)
# Java VM: Java HotSpot(TM) 64-Bit Server VM (25.201-b09 mixed mode linux-amd64 compressed oops)
Heap:
 PSYoungGen      total 168960K, used 87575K [0x00000000eb900000, 0x00000000f9900000, 0x0000000100000000)
  eden space 159232K, 48% used [0x00000000eb900000,0x00000000f051af10,0x00000000f5480000)
  from space 9728K, 99% used [0x00000000f8180000,0x00000000f8aeb048,0x00000000f8b00000)
  to   space 14336K, 0% used [0x00000000f8b00000,0x00000000f8b00000,0x00000000f9900000)
 ParOldGen       total 60928K, used 27933K [0x00000000c2a00000, 0x00000000c6580000, 0x00000000eb900000)
  object space 60928K, 45% used [0x00000000c2a00000,0x00000000c4547748,0x00000000c6580000)
 Metaspace       used 27935K, capacity 28778K, committed 29056K, reserved 1075200K
  class space    used 3384K, capacity 3601K, committed 3712K, reserved 1048576K
GC Heap History (10 events):
Event: 11.825 GC heap before
{Heap before GC invocations=9 (full 1):
 PSYoungGen      total 66048K, used 60960K [0x00000000eb900000, 0x00000000f3900000, 0x0000000100000000)
  eden space 54784K, 100% used [0x00000000eb900000,0x00000000eee80000,0x00000000eee80000)
  from space 11264K, 54% used [0x00000000eee80000,0x00000000ef488020,0x00000000ef980000)
  to   space 10752K, 0% used [0x00000000f2e80000,0x00000000f2e80000,0x00000000f3900000)
 ParOldGen       total 42496K, used 22312K [0x00000000c2a00000, 0x00000000c5380000, 0x00000000eb900000)
  object space 42496K, 52% used [0x00000000c2a00000,0x00000000c3fca198,0x00000000c5380000)
 Metaspace       used 18664K, capacity 19002K, committed 19200K, reserved 1067008K
  class space    used 2155K, capacity 2263K, committed 2304K, reserved 1048576K
Event: 11.875 GC heap after
Heap after GC invocations=9 (full 1):
 PSYoungGen      total 117248K, used 10726K [0x00000000eb900000, 0x00000000f3f00000, 0x0000000100000000)
  eden space 106496K, 0% used [0x00000000eb900000,0x00000000eb900000,0x00000000f2100000)
  from space 10752K, 99% used [0x00000000f2e80000,0x00000000f38f9968,0x00000000f3900000)
  to   space 13824K, 0% used [0x00000000f2100000,0x00000000f2100000,0x00000000f2e80000)
 ParOldGen       total 42496K, used 25412K [0x00000000c2a00000, 0x00000000c5380000, 0x00000000eb900000)
  object space 42496K, 59% used [0x00000000c2a00000,0x00000000c42d1030,0x00000000c5380000)
 Metaspace       used 18664K, capacity 19002K, committed 19200K, reserved 1067008K
  class space    used 2155K, capacity 2263K, committed 2304K, reserved 1048576K
}
Event: 15.618 GC heap before
{Heap before GC invocations=10 (full 1):
 PSYoungGen      total 117248K, used 85831K [0x00000000eb900000, 0x00000000f3f00000, 0x0000000100000000)
  eden space 106496K, 70% used [0x00000000eb900000,0x00000000f0258650,0x00000000f2100000)
  from space 10752K, 99% used [0x00000000f2e80000,0x00000000f38f9968,0x00000000f3900000)
  to   space 13824K, 0% used [0x00000000f2100000,0x00000000f2100000,0x00000000f2e80000)
 ParOldGen       total 42496K, used 25412K [0x00000000c2a00000, 0x00000000c5380000, 0x00000000eb900000)
  object space 42496K, 59% used [0x00000000c2a00000,0x00000000c42d1030,0x00000000c5380000)
 Metaspace       used 20799K, capacity 21176K, committed 21248K, reserved 1069056K
  class space    used 2376K, capacity 2500K, committed 2560K, reserved 1048576K
Event: 15.675 GC heap after
Heap after GC invocations=10 (full 1):
 PSYoungGen      total 120320K, used 13798K [0x00000000eb900000, 0x00000000fa800000, 0x0000000100000000)
  eden space 106496K, 0% used [0x00000000eb900000,0x00000000eb900000,0x00000000f2100000)
  from space 13824K, 99% used [0x00000000f2100000,0x00000000f2e79b20,0x00000000f2e80000)
  to   space 15872K, 0% used [0x00000000f9880000,0x00000000f9880000,0x00000000fa800000)
 ParOldGen       total 42496K, used 26255K [0x00000000c2a00000, 0x00000000c5380000, 0x00000000eb900000)
  object space 42496K, 61% used [0x00000000c2a00000,0x00000000c43a3c70,0x00000000c5380000)
 Metaspace       used 20799K, capacity 21176K, committed 21248K, reserved 1069056K
  class space    used 2376K, capacity 2500K, committed 2560K, reserved 1048576K
}
Event: 15.675 GC heap before
{Heap before GC invocations=11 (full 2):
 PSYoungGen      total 120320K, used 13798K [0x00000000eb900000, 0x00000000fa800000, 0x0000000100000000)
  eden space 106496K, 0% used [0x00000000eb900000,0x00000000eb900000,0x00000000f2100000)
  from space 13824K, 99% used [0x00000000f2100000,0x00000000f2e79b20,0x00000000f2e80000)
  to   space 15872K, 0% used [0x00000000f9880000,0x00000000f9880000,0x00000000fa800000)
 ParOldGen       total 42496K, used 26255K [0x00000000c2a00000, 0x00000000c5380000, 0x00000000eb900000)
  object space 42496K, 61% used [0x00000000c2a00000,0x00000000c43a3c70,0x00000000c5380000)
 Metaspace       used 20799K, capacity 21176K, committed 21248K, reserved 1069056K
  class space    used 2376K, capacity 2500K, committed 2560K, reserved 1048576K
Event: 16.121 GC heap after
Heap after GC invocations=11 (full 2):
 PSYoungGen      total 120320K, used 0K [0x00000000eb900000, 0x00000000fa800000, 0x0000000100000000)
  eden space 106496K, 0% used [0x00000000eb900000,0x00000000eb900000,0x00000000f2100000)
  from space 13824K, 0% used [0x00000000f2100000,0x00000000f2100000,0x00000000f2e80000)
  to   space 15872K, 0% used [0x00000000f9880000,0x00000000f9880000,0x00000000fa800000)
 ParOldGen       total 60928K, used 27917K [0x00000000c2a00000, 0x00000000c6580000, 0x00000000eb900000)
  object space 60928K, 45% used [0x00000000c2a00000,0x00000000c4543748,0x00000000c6580000)
 Metaspace       used 20799K, capacity 21176K, committed 21248K, reserved 1069056K
  class space    used 2376K, capacity 2500K, committed 2560K, reserved 1048576K
}
Event: 22.183 GC heap before
{Heap before GC invocations=12 (full 2):
 PSYoungGen      total 120320K, used 106496K [0x00000000eb900000, 0x00000000fa800000, 0x0000000100000000)
  eden space 106496K, 100% used [0x00000000eb900000,0x00000000f2100000,0x00000000f2100000)
  from space 13824K, 0% used [0x00000000f2100000,0x00000000f2100000,0x00000000f2e80000)
  to   space 15872K, 0% used [0x00000000f9880000,0x00000000f9880000,0x00000000fa800000)
 ParOldGen       total 60928K, used 27917K [0x00000000c2a00000, 0x00000000c6580000, 0x00000000eb900000)
  object space 60928K, 45% used [0x00000000c2a00000,0x00000000c4543748,0x00000000c6580000)
 Metaspace       used 24131K, capacity 24556K, committed 24832K, reserved 1071104K
  class space    used 2867K, capacity 2998K, committed 3072K, reserved 1048576K
Event: 22.196 GC heap after
Heap after GC invocations=12 (full 2):
 PSYoungGen      total 137216K, used 7122K [0x00000000eb900000, 0x00000000f9f80000, 0x0000000100000000)
  eden space 130048K, 0% used [0x00000000eb900000,0x00000000eb900000,0x00000000f3800000)
  from space 7168K, 99% used [0x00000000f9880000,0x00000000f9f74a68,0x00000000f9f80000)
  to   space 15360K, 0% used [0x00000000f8180000,0x00000000f8180000,0x00000000f9080000)
 ParOldGen       total 60928K, used 27925K [0x00000000c2a00000, 0x00000000c6580000, 0x00000000eb900000)
  object space 60928K, 45% used [0x00000000c2a00000,0x00000000c4545748,0x00000000c6580000)
 Metaspace       used 24131K, capacity 24556K, committed 24832K, reserved 1071104K
  class space    used 2867K, capacity 2998K, committed 3072K, reserved 1048576K
}
Event: 36.705 GC heap before
{Heap before GC invocations=13 (full 2):
 PSYoungGen      total 137216K, used 137170K [0x00000000eb900000, 0x00000000f9f80000, 0x0000000100000000)
  eden space 130048K, 100% used [0x00000000eb900000,0x00000000f3800000,0x00000000f3800000)
  from space 7168K, 99% used [0x00000000f9880000,0x00000000f9f74a68,0x00000000f9f80000)
  to   space 15360K, 0% used [0x00000000f8180000,0x00000000f8180000,0x00000000f9080000)
 ParOldGen       total 60928K, used 27925K [0x00000000c2a00000, 0x00000000c6580000, 0x00000000eb900000)
  object space 60928K, 45% used [0x00000000c2a00000,0x00000000c4545748,0x00000000c6580000)
 Metaspace       used 27483K, capacity 28216K, committed 28416K, reserved 1075200K
  class space    used 3340K, capacity 3539K, committed 3584K, reserved 1048576K
Event: 36.992 GC heap after
Heap after GC invocations=13 (full 2):
 PSYoungGen      total 168960K, used 9644K [0x00000000eb900000, 0x00000000f9900000, 0x0000000100000000)
  eden space 159232K, 0% used [0x00000000eb900000,0x00000000eb900000,0x00000000f5480000)
  from space 9728K, 99% used [0x00000000f8180000,0x00000000f8aeb048,0x00000000f8b00000)
  to   space 14336K, 0% used [0x00000000f8b00000,0x00000000f8b00000,0x00000000f9900000)
 ParOldGen       total 60928K, used 27933K [0x00000000c2a00000, 0x00000000c6580000, 0x00000000eb900000)
  object space 60928K, 45% used [0x00000000c2a00000,0x00000000c4547748,0x00000000c6580000)
 Metaspace       used 27483K, capacity 28216K, committed 28416K, reserved 1075200K
  class space    used 3340K, capacity 3539K, committed 3584K, reserved 1048576K
}

