# JRE version: Java(TM) SE Runtime Environment (8.0_201-b09) (build 1.8.0_201-b09)
# Java VM: Java HotSpot(TM) 64-Bit Server VM (25.201-b09 mixed mode linux-amd64 compressed oops)
Heap:
 PSYoungGen      total 207360K, used 127271K [0x00000000eb900000, 0x00000000fa180000, 0x0000000100000000)
  eden space 189440K, 61% used [0x00000000eb900000,0x00000000f2a79cc8,0x00000000f7200000)
  from space 17920K, 61% used [0x00000000f7200000,0x00000000f7cd0000,0x00000000f8380000)
  to   space 18432K, 0% used [0x00000000f8f80000,0x00000000f8f80000,0x00000000fa180000)
 ParOldGen       total 61440K, used 27682K [0x00000000c2a00000, 0x00000000c6600000, 0x00000000eb900000)
  object space 61440K, 45% used [0x00000000c2a00000,0x00000000c4508998,0x00000000c6600000)
 Metaspace       used 27795K, capacity 28674K, committed 28928K, reserved 1075200K
  class space    used 3339K, capacity 3547K, committed 3584K, reserved 1048576K
GC Heap History (10 events):
Event: 12.869 GC heap before
{Heap before GC invocations=11 (full 2):
 PSYoungGen      total 119808K, used 13808K [0x00000000eb900000, 0x00000000fa900000, 0x0000000100000000)
  eden space 105984K, 0% used [0x00000000eb900000,0x00000000eb900000,0x00000000f2080000)
  from space 13824K, 99% used [0x00000000f2080000,0x00000000f2dfc070,0x00000000f2e00000)
  to   space 16896K, 0% used [0x00000000f9880000,0x00000000f9880000,0x00000000fa900000)
 ParOldGen       total 42496K, used 26161K [0x00000000c2a00000, 0x00000000c5380000, 0x00000000eb900000)
  object space 42496K, 61% used [0x00000000c2a00000,0x00000000c438c428,0x00000000c5380000)
 Metaspace       used 20741K, capacity 21118K, committed 21248K, reserved 1069056K
  class space    used 2351K, capacity 2467K, committed 2560K, reserved 1048576K
Event: 13.308 GC heap after
Heap after GC invocations=11 (full 2):
 PSYoungGen      total 119808K, used 0K [0x00000000eb900000, 0x00000000fa900000, 0x0000000100000000)
  eden space 105984K, 0% used [0x00000000eb900000,0x00000000eb900000,0x00000000f2080000)
  from space 13824K, 0% used [0x00000000f2080000,0x00000000f2080000,0x00000000f2e00000)
  to   space 16896K, 0% used [0x00000000f9880000,0x00000000f9880000,0x00000000fa900000)
 ParOldGen       total 61440K, used 27650K [0x00000000c2a00000, 0x00000000c6600000, 0x00000000eb900000)
  object space 61440K, 45% used [0x00000000c2a00000,0x00000000c4500998,0x00000000c6600000)
 Metaspace       used 20741K, capacity 21118K, committed 21248K, reserved 1069056K
  class space    used 2351K, capacity 2467K, committed 2560K, reserved 1048576K
}
Event: 16.643 GC heap before
{Heap before GC invocations=12 (full 2):
 PSYoungGen      total 119808K, used 105984K [0x00000000eb900000, 0x00000000fa900000, 0x0000000100000000)
  eden space 105984K, 100% used [0x00000000eb900000,0x00000000f2080000,0x00000000f2080000)
  from space 13824K, 0% used [0x00000000f2080000,0x00000000f2080000,0x00000000f2e00000)
  to   space 16896K, 0% used [0x00000000f9880000,0x00000000f9880000,0x00000000fa900000)
 ParOldGen       total 61440K, used 27650K [0x00000000c2a00000, 0x00000000c6600000, 0x00000000eb900000)
  object space 61440K, 45% used [0x00000000c2a00000,0x00000000c4500998,0x00000000c6600000)
 Metaspace       used 21927K, capacity 22316K, committed 22528K, reserved 1069056K
  class space    used 2434K, capacity 2544K, committed 2560K, reserved 1048576K
Event: 16.659 GC heap after
Heap after GC invocations=12 (full 2):
 PSYoungGen      total 129536K, used 2207K [0x00000000eb900000, 0x00000000f9b00000, 0x0000000100000000)
  eden space 126976K, 0% used [0x00000000eb900000,0x00000000eb900000,0x00000000f3500000)
  from space 2560K, 86% used [0x00000000f9880000,0x00000000f9aa7e40,0x00000000f9b00000)
  to   space 16896K, 0% used [0x00000000f7a00000,0x00000000f7a00000,0x00000000f8a80000)
 ParOldGen       total 61440K, used 27658K [0x00000000c2a00000, 0x00000000c6600000, 0x00000000eb900000)
  object space 61440K, 45% used [0x00000000c2a00000,0x00000000c4502998,0x00000000c6600000)
 Metaspace       used 21927K, capacity 22316K, committed 22528K, reserved 1069056K
  class space    used 2434K, capacity 2544K, committed 2560K, reserved 1048576K
}
Event: 18.846 GC heap before
{Heap before GC invocations=13 (full 2):
 PSYoungGen      total 129536K, used 129183K [0x00000000eb900000, 0x00000000f9b00000, 0x0000000100000000)
  eden space 126976K, 100% used [0x00000000eb900000,0x00000000f3500000,0x00000000f3500000)
  from space 2560K, 86% used [0x00000000f9880000,0x00000000f9aa7e40,0x00000000f9b00000)
  to   space 16896K, 0% used [0x00000000f7a00000,0x00000000f7a00000,0x00000000f8a80000)
 ParOldGen       total 61440K, used 27658K [0x00000000c2a00000, 0x00000000c6600000, 0x00000000eb900000)
  object space 61440K, 45% used [0x00000000c2a00000,0x00000000c4502998,0x00000000c6600000)
 Metaspace       used 21967K, capacity 22316K, committed 22528K, reserved 1069056K
  class space    used 2436K, capacity 2544K, committed 2560K, reserved 1048576K
Event: 18.866 GC heap after
Heap after GC invocations=13 (full 2):
 PSYoungGen      total 153088K, used 3168K [0x00000000eb900000, 0x00000000f9900000, 0x0000000100000000)
  eden space 149504K, 0% used [0x00000000eb900000,0x00000000eb900000,0x00000000f4b00000)
  from space 3584K, 88% used [0x00000000f7a00000,0x00000000f7d18000,0x00000000f7d80000)
  to   space 16896K, 0% used [0x00000000f8880000,0x00000000f8880000,0x00000000f9900000)
 ParOldGen       total 61440K, used 27666K [0x00000000c2a00000, 0x00000000c6600000, 0x00000000eb900000)
  object space 61440K, 45% used [0x00000000c2a00000,0x00000000c4504998,0x00000000c6600000)
 Metaspace       used 21967K, capacity 22316K, committed 22528K, reserved 1069056K
  class space    used 2436K, capacity 2544K, committed 2560K, reserved 1048576K
}
Event: 27.694 GC heap before
{Heap before GC invocations=14 (full 2):
 PSYoungGen      total 153088K, used 152672K [0x00000000eb900000, 0x00000000f9900000, 0x0000000100000000)
  eden space 149504K, 100% used [0x00000000eb900000,0x00000000f4b00000,0x00000000f4b00000)
  from space 3584K, 88% used [0x00000000f7a00000,0x00000000f7d18000,0x00000000f7d80000)
  to   space 16896K, 0% used [0x00000000f8880000,0x00000000f8880000,0x00000000f9900000)
 ParOldGen       total 61440K, used 27666K [0x00000000c2a00000, 0x00000000c6600000, 0x00000000eb900000)
  object space 61440K, 45% used [0x00000000c2a00000,0x00000000c4504998,0x00000000c6600000)
 Metaspace       used 27168K, capacity 27892K, committed 28160K, reserved 1073152K
  class space    used 3275K, capacity 3470K, committed 3584K, reserved 1048576K
Event: 27.751 GC heap after
Heap after GC invocations=14 (full 2):
 PSYoungGen      total 185856K, used 12708K [0x00000000eb900000, 0x00000000f9500000, 0x0000000100000000)
  eden space 173056K, 0% used [0x00000000eb900000,0x00000000eb900000,0x00000000f6200000)
  from space 12800K, 99% used [0x00000000f8880000,0x00000000f94e9390,0x00000000f9500000)
  to   space 17920K, 0% used [0x00000000f7200000,0x00000000f7200000,0x00000000f8380000)
 ParOldGen       total 61440K, used 27674K [0x00000000c2a00000, 0x00000000c6600000, 0x00000000eb900000)
  object space 61440K, 45% used [0x00000000c2a00000,0x00000000c4506998,0x00000000c6600000)
 Metaspace       used 27168K, capacity 27892K, committed 28160K, reserved 1073152K
  class space    used 3275K, capacity 3470K, committed 3584K, reserved 1048576K
}
Event: 32.916 GC heap before
{Heap before GC invocations=15 (full 2):
 PSYoungGen      total 185856K, used 185764K [0x00000000eb900000, 0x00000000f9500000, 0x0000000100000000)
  eden space 173056K, 100% used [0x00000000eb900000,0x00000000f6200000,0x00000000f6200000)
  from space 12800K, 99% used [0x00000000f8880000,0x00000000f94e9390,0x00000000f9500000)
  to   space 17920K, 0% used [0x00000000f7200000,0x00000000f7200000,0x00000000f8380000)
 ParOldGen       total 61440K, used 27674K [0x00000000c2a00000, 0x00000000c6600000, 0x00000000eb900000)
  object space 61440K, 45% used [0x00000000c2a00000,0x00000000c4506998,0x00000000c6600000)
 Metaspace       used 27702K, capacity 28552K, committed 28672K, reserved 1075200K
  class space    used 3331K, capacity 3536K, committed 3584K, reserved 1048576K
Event: 33.000 GC heap after
Heap after GC invocations=15 (full 2):
 PSYoungGen      total 207360K, used 11072K [0x00000000eb900000, 0x00000000fa180000, 0x0000000100000000)
  eden space 189440K, 0% used [0x00000000eb900000,0x00000000eb900000,0x00000000f7200000)
  from space 17920K, 61% used [0x00000000f7200000,0x00000000f7cd0000,0x00000000f8380000)
  to   space 18432K, 0% used [0x00000000f8f80000,0x00000000f8f80000,0x00000000fa180000)
 ParOldGen       total 61440K, used 27682K [0x00000000c2a00000, 0x00000000c6600000, 0x00000000eb900000)
  object space 61440K, 45% used [0x00000000c2a00000,0x00000000c4508998,0x00000000c6600000)
 Metaspace       used 27702K, capacity 28552K, committed 28672K, reserved 1075200K
  class space    used 3331K, capacity 3536K, committed 3584K, reserved 1048576K
}

