# JRE version: Java(TM) SE Runtime Environment (8.0_201-b09) (build 1.8.0_201-b09)
# Java VM: Java HotSpot(TM) 64-Bit Server VM (25.201-b09 mixed mode linux-amd64 compressed oops)
Heap:
 PSYoungGen      total 317952K, used 69345K [0x00000000eb900000, 0x00000000fff00000, 0x0000000100000000)
  eden space 310272K, 20% used [0x00000000eb900000,0x00000000ef7f1810,0x00000000fe800000)
  from space 7680K, 63% used [0x00000000fef00000,0x00000000ff3c6ec0,0x00000000ff680000)
  to   space 7168K, 0% used [0x00000000fe800000,0x00000000fe800000,0x00000000fef00000)
 ParOldGen       total 42496K, used 23020K [0x00000000c2a00000, 0x00000000c5380000, 0x00000000eb900000)
  object space 42496K, 54% used [0x00000000c2a00000,0x00000000c407b100,0x00000000c5380000)
 Metaspace       used 15168K, capacity 15578K, committed 15616K, reserved 1062912K
  class space    used 1652K, capacity 1773K, committed 1792K, reserved 1048576K
GC Heap History (10 events):
Event: 56.127 GC heap before
{Heap before GC invocations=9 (full 1):
 PSYoungGen      total 66048K, used 63504K [0x00000000eb900000, 0x00000000f3a00000, 0x0000000100000000)
  eden space 60416K, 100% used [0x00000000eb900000,0x00000000ef400000,0x00000000ef400000)
  from space 5632K, 54% used [0x00000000ef400000,0x00000000ef704050,0x00000000ef980000)
  to   space 5632K, 0% used [0x00000000f3480000,0x00000000f3480000,0x00000000f3a00000)
 ParOldGen       total 42496K, used 10641K [0x00000000c2a00000, 0x00000000c5380000, 0x00000000eb900000)
  object space 42496K, 25% used [0x00000000c2a00000,0x00000000c3464578,0x00000000c5380000)
 Metaspace       used 14266K, capacity 14688K, committed 14848K, reserved 1062912K
  class space    used 1619K, capacity 1754K, committed 1792K, reserved 1048576K
Event: 56.170 GC heap after
Heap after GC invocations=9 (full 1):
 PSYoungGen      total 126464K, used 4368K [0x00000000eb900000, 0x00000000f3a00000, 0x0000000100000000)
  eden space 120832K, 0% used [0x00000000eb900000,0x00000000eb900000,0x00000000f2f00000)
  from space 5632K, 77% used [0x00000000f3480000,0x00000000f38c40a0,0x00000000f3a00000)
  to   space 5632K, 0% used [0x00000000f2f00000,0x00000000f2f00000,0x00000000f3480000)
 ParOldGen       total 42496K, used 11297K [0x00000000c2a00000, 0x00000000c5380000, 0x00000000eb900000)
  object space 42496K, 26% used [0x00000000c2a00000,0x00000000c3508588,0x00000000c5380000)
 Metaspace       used 14266K, capacity 14688K, committed 14848K, reserved 1062912K
  class space    used 1619K, capacity 1754K, committed 1792K, reserved 1048576K
}
Event: 58.108 GC heap before
{Heap before GC invocations=10 (full 1):
 PSYoungGen      total 126464K, used 125200K [0x00000000eb900000, 0x00000000f3a00000, 0x0000000100000000)
  eden space 120832K, 100% used [0x00000000eb900000,0x00000000f2f00000,0x00000000f2f00000)
  from space 5632K, 77% used [0x00000000f3480000,0x00000000f38c40a0,0x00000000f3a00000)
  to   space 5632K, 0% used [0x00000000f2f00000,0x00000000f2f00000,0x00000000f3480000)
 ParOldGen       total 42496K, used 11297K [0x00000000c2a00000, 0x00000000c5380000, 0x00000000eb900000)
  object space 42496K, 26% used [0x00000000c2a00000,0x00000000c3508588,0x00000000c5380000)
 Metaspace       used 14284K, capacity 14752K, committed 14848K, reserved 1062912K
  class space    used 1619K, capacity 1754K, committed 1792K, reserved 1048576K
Event: 58.137 GC heap after
Heap after GC invocations=10 (full 1):
 PSYoungGen      total 126464K, used 4976K [0x00000000eb900000, 0x00000000fb100000, 0x0000000100000000)
  eden space 120832K, 0% used [0x00000000eb900000,0x00000000eb900000,0x00000000f2f00000)
  from space 5632K, 88% used [0x00000000f2f00000,0x00000000f33dc1b0,0x00000000f3480000)
  to   space 6144K, 0% used [0x00000000fab00000,0x00000000fab00000,0x00000000fb100000)
 ParOldGen       total 42496K, used 12425K [0x00000000c2a00000, 0x00000000c5380000, 0x00000000eb900000)
  object space 42496K, 29% used [0x00000000c2a00000,0x00000000c3622588,0x00000000c5380000)
 Metaspace       used 14284K, capacity 14752K, committed 14848K, reserved 1062912K
  class space    used 1619K, capacity 1754K, committed 1792K, reserved 1048576K
}
Event: 60.745 GC heap before
{Heap before GC invocations=11 (full 1):
 PSYoungGen      total 126464K, used 125808K [0x00000000eb900000, 0x00000000fb100000, 0x0000000100000000)
  eden space 120832K, 100% used [0x00000000eb900000,0x00000000f2f00000,0x00000000f2f00000)
  from space 5632K, 88% used [0x00000000f2f00000,0x00000000f33dc1b0,0x00000000f3480000)
  to   space 6144K, 0% used [0x00000000fab00000,0x00000000fab00000,0x00000000fb100000)
 ParOldGen       total 42496K, used 12425K [0x00000000c2a00000, 0x00000000c5380000, 0x00000000eb900000)
  object space 42496K, 29% used [0x00000000c2a00000,0x00000000c3622588,0x00000000c5380000)
 Metaspace       used 14305K, capacity 14816K, committed 15104K, reserved 1062912K
  class space    used 1619K, capacity 1754K, committed 1792K, reserved 1048576K
Event: 60.782 GC heap after
Heap after GC invocations=11 (full 1):
 PSYoungGen      total 199680K, used 6136K [0x00000000eb900000, 0x00000000fb100000, 0x0000000100000000)
  eden space 193536K, 0% used [0x00000000eb900000,0x00000000eb900000,0x00000000f7600000)
  from space 6144K, 99% used [0x00000000fab00000,0x00000000fb0fe238,0x00000000fb100000)
  to   space 7680K, 0% used [0x00000000fa200000,0x00000000fa200000,0x00000000fa980000)
 ParOldGen       total 42496K, used 14749K [0x00000000c2a00000, 0x00000000c5380000, 0x00000000eb900000)
  object space 42496K, 34% used [0x00000000c2a00000,0x00000000c38677c8,0x00000000c5380000)
 Metaspace       used 14305K, capacity 14816K, committed 15104K, reserved 1062912K
  class space    used 1619K, capacity 1754K, committed 1792K, reserved 1048576K
}
Event: 63.062 GC heap before
{Heap before GC invocations=12 (full 1):
 PSYoungGen      total 199680K, used 199672K [0x00000000eb900000, 0x00000000fb100000, 0x0000000100000000)
  eden space 193536K, 100% used [0x00000000eb900000,0x00000000f7600000,0x00000000f7600000)
  from space 6144K, 99% used [0x00000000fab00000,0x00000000fb0fe238,0x00000000fb100000)
  to   space 7680K, 0% used [0x00000000fa200000,0x00000000fa200000,0x00000000fa980000)
 ParOldGen       total 42496K, used 14749K [0x00000000c2a00000, 0x00000000c5380000, 0x00000000eb900000)
  object space 42496K, 34% used [0x00000000c2a00000,0x00000000c38677c8,0x00000000c5380000)
 Metaspace       used 14323K, capacity 14816K, committed 15104K, reserved 1062912K
  class space    used 1619K, capacity 1754K, committed 1792K, reserved 1048576K
Event: 63.107 GC heap after
Heap after GC invocations=12 (full 1):
 PSYoungGen      total 246272K, used 5352K [0x00000000eb900000, 0x00000000ff680000, 0x0000000100000000)
  eden space 238592K, 0% used [0x00000000eb900000,0x00000000eb900000,0x00000000fa200000)
  from space 7680K, 69% used [0x00000000fa200000,0x00000000fa73a1b8,0x00000000fa980000)
  to   space 7680K, 0% used [0x00000000fef00000,0x00000000fef00000,0x00000000ff680000)
 ParOldGen       total 42496K, used 17836K [0x00000000c2a00000, 0x00000000c5380000, 0x00000000eb900000)
  object space 42496K, 41% used [0x00000000c2a00000,0x00000000c3b6b310,0x00000000c5380000)
 Metaspace       used 14323K, capacity 14816K, committed 15104K, reserved 1062912K
  class space    used 1619K, capacity 1754K, committed 1792K, reserved 1048576K
}
Event: 71.711 GC heap before
{Heap before GC invocations=13 (full 1):
 PSYoungGen      total 246272K, used 243944K [0x00000000eb900000, 0x00000000ff680000, 0x0000000100000000)
  eden space 238592K, 100% used [0x00000000eb900000,0x00000000fa200000,0x00000000fa200000)
  from space 7680K, 69% used [0x00000000fa200000,0x00000000fa73a1b8,0x00000000fa980000)
  to   space 7680K, 0% used [0x00000000fef00000,0x00000000fef00000,0x00000000ff680000)
 ParOldGen       total 42496K, used 17836K [0x00000000c2a00000, 0x00000000c5380000, 0x00000000eb900000)
  object space 42496K, 41% used [0x00000000c2a00000,0x00000000c3b6b310,0x00000000c5380000)
 Metaspace       used 14969K, capacity 15488K, committed 15616K, reserved 1062912K
  class space    used 1647K, capacity 1770K, committed 1792K, reserved 1048576K
Event: 71.758 GC heap after
Heap after GC invocations=13 (full 1):
 PSYoungGen      total 317952K, used 4891K [0x00000000eb900000, 0x00000000fff00000, 0x0000000100000000)
  eden space 310272K, 0% used [0x00000000eb900000,0x00000000eb900000,0x00000000fe800000)
  from space 7680K, 63% used [0x00000000fef00000,0x00000000ff3c6ec0,0x00000000ff680000)
  to   space 7168K, 0% used [0x00000000fe800000,0x00000000fe800000,0x00000000fef00000)
 ParOldGen       total 42496K, used 23020K [0x00000000c2a00000, 0x00000000c5380000, 0x00000000eb900000)
  object space 42496K, 54% used [0x00000000c2a00000,0x00000000c407b100,0x00000000c5380000)
 Metaspace       used 14969K, capacity 15488K, committed 15616K, reserved 1062912K
  class space    used 1647K, capacity 1770K, committed 1792K, reserved 1048576K
}

