# JRE version: Java(TM) SE Runtime Environment (8.0_201-b09) (build 1.8.0_201-b09)
# Java VM: Java HotSpot(TM) 64-Bit Server VM (25.201-b09 mixed mode linux-amd64 compressed oops)
Heap:
 PSYoungGen      total 128000K, used 8696K [0x00000000eb900000, 0x00000000f4200000, 0x0000000100000000)
  eden space 118272K, 0% used [0x00000000eb900000,0x00000000eb900000,0x00000000f2c80000)
  from space 9728K, 89% used [0x00000000f2c80000,0x00000000f34fe030,0x00000000f3600000)
  to   space 7168K, 0% used [0x00000000f3600000,0x00000000f3600000,0x00000000f3d00000)
 ParOldGen       total 42496K, used 16748K [0x00000000c2a00000, 0x00000000c5380000, 0x00000000eb900000)
  object space 42496K, 39% used [0x00000000c2a00000,0x00000000c3a5b070,0x00000000c5380000)
 Metaspace       used 14963K, capacity 15470K, committed 15616K, reserved 1062912K
  class space    used 1640K, capacity 1779K, committed 1792K, reserved 1048576K
GC Heap History (10 events):
Event: 32.531 GC heap after
Heap after GC invocations=5 (full 1):
 PSYoungGen      total 34304K, used 2531K [0x00000000eb900000, 0x00000000edd00000, 0x0000000100000000)
  eden space 31744K, 0% used [0x00000000eb900000,0x00000000eb900000,0x00000000ed800000)
  from space 2560K, 98% used [0x00000000eda80000,0x00000000edcf8eb0,0x00000000edd00000)
  to   space 2560K, 0% used [0x00000000ed800000,0x00000000ed800000,0x00000000eda80000)
 ParOldGen       total 42496K, used 5672K [0x00000000c2a00000, 0x00000000c5380000, 0x00000000eb900000)
  object space 42496K, 13% used [0x00000000c2a00000,0x00000000c2f8a030,0x00000000c5380000)
 Metaspace       used 13616K, capacity 14048K, committed 14336K, reserved 1062912K
  class space    used 1584K, capacity 1702K, committed 1792K, reserved 1048576K
}
Event: 32.950 GC heap before
{Heap before GC invocations=6 (full 1):
 PSYoungGen      total 34304K, used 34275K [0x00000000eb900000, 0x00000000edd00000, 0x0000000100000000)
  eden space 31744K, 100% used [0x00000000eb900000,0x00000000ed800000,0x00000000ed800000)
  from space 2560K, 98% used [0x00000000eda80000,0x00000000edcf8eb0,0x00000000edd00000)
  to   space 2560K, 0% used [0x00000000ed800000,0x00000000ed800000,0x00000000eda80000)
 ParOldGen       total 42496K, used 5672K [0x00000000c2a00000, 0x00000000c5380000, 0x00000000eb900000)
  object space 42496K, 13% used [0x00000000c2a00000,0x00000000c2f8a030,0x00000000c5380000)
 Metaspace       used 13728K, capacity 14112K, committed 14336K, reserved 1062912K
  class space    used 1584K, capacity 1702K, committed 1792K, reserved 1048576K
Event: 32.959 GC heap after
Heap after GC invocations=6 (full 1):
 PSYoungGen      total 34304K, used 2560K [0x00000000eb900000, 0x00000000efc00000, 0x0000000100000000)
  eden space 31744K, 0% used [0x00000000eb900000,0x00000000eb900000,0x00000000ed800000)
  from space 2560K, 100% used [0x00000000ed800000,0x00000000eda80000,0x00000000eda80000)
  to   space 2560K, 0% used [0x00000000ef980000,0x00000000ef980000,0x00000000efc00000)
 ParOldGen       total 42496K, used 8039K [0x00000000c2a00000, 0x00000000c5380000, 0x00000000eb900000)
  object space 42496K, 18% used [0x00000000c2a00000,0x00000000c31d9fd0,0x00000000c5380000)
 Metaspace       used 13728K, capacity 14112K, committed 14336K, reserved 1062912K
  class space    used 1584K, capacity 1702K, committed 1792K, reserved 1048576K
}
Event: 33.151 GC heap before
{Heap before GC invocations=7 (full 1):
 PSYoungGen      total 34304K, used 34304K [0x00000000eb900000, 0x00000000efc00000, 0x0000000100000000)
  eden space 31744K, 100% used [0x00000000eb900000,0x00000000ed800000,0x00000000ed800000)
  from space 2560K, 100% used [0x00000000ed800000,0x00000000eda80000,0x00000000eda80000)
  to   space 2560K, 0% used [0x00000000ef980000,0x00000000ef980000,0x00000000efc00000)
 ParOldGen       total 42496K, used 8039K [0x00000000c2a00000, 0x00000000c5380000, 0x00000000eb900000)
  object space 42496K, 18% used [0x00000000c2a00000,0x00000000c31d9fd0,0x00000000c5380000)
 Metaspace       used 13773K, capacity 14176K, committed 14336K, reserved 1062912K
  class space    used 1584K, capacity 1702K, committed 1792K, reserved 1048576K
Event: 33.166 GC heap after
Heap after GC invocations=7 (full 1):
 PSYoungGen      total 62976K, used 2560K [0x00000000eb900000, 0x00000000f0200000, 0x0000000100000000)
  eden space 60416K, 0% used [0x00000000eb900000,0x00000000eb900000,0x00000000ef400000)
  from space 2560K, 100% used [0x00000000ef980000,0x00000000efc00000,0x00000000efc00000)
  to   space 5632K, 0% used [0x00000000ef400000,0x00000000ef400000,0x00000000ef980000)
 ParOldGen       total 42496K, used 10037K [0x00000000c2a00000, 0x00000000c5380000, 0x00000000eb900000)
  object space 42496K, 23% used [0x00000000c2a00000,0x00000000c33cd468,0x00000000c5380000)
 Metaspace       used 13773K, capacity 14176K, committed 14336K, reserved 1062912K
  class space    used 1584K, capacity 1702K, committed 1792K, reserved 1048576K
}
Event: 33.684 GC heap before
{Heap before GC invocations=8 (full 1):
 PSYoungGen      total 62976K, used 62976K [0x00000000eb900000, 0x00000000f0200000, 0x0000000100000000)
  eden space 60416K, 100% used [0x00000000eb900000,0x00000000ef400000,0x00000000ef400000)
  from space 2560K, 100% used [0x00000000ef980000,0x00000000efc00000,0x00000000efc00000)
  to   space 5632K, 0% used [0x00000000ef400000,0x00000000ef400000,0x00000000ef980000)
 ParOldGen       total 42496K, used 10037K [0x00000000c2a00000, 0x00000000c5380000, 0x00000000eb900000)
  object space 42496K, 23% used [0x00000000c2a00000,0x00000000c33cd468,0x00000000c5380000)
 Metaspace       used 13862K, capacity 14240K, committed 14336K, reserved 1062912K
  class space    used 1584K, capacity 1702K, committed 1792K, reserved 1048576K
Event: 33.750 GC heap after
Heap after GC invocations=8 (full 1):
 PSYoungGen      total 66048K, used 5624K [0x00000000eb900000, 0x00000000f3d00000, 0x0000000100000000)
  eden space 60416K, 0% used [0x00000000eb900000,0x00000000eb900000,0x00000000ef400000)
  from space 5632K, 99% used [0x00000000ef400000,0x00000000ef97e238,0x00000000ef980000)
  to   space 7168K, 0% used [0x00000000f3600000,0x00000000f3600000,0x00000000f3d00000)
 ParOldGen       total 42496K, used 11817K [0x00000000c2a00000, 0x00000000c5380000, 0x00000000eb900000)
  object space 42496K, 27% used [0x00000000c2a00000,0x00000000c358a4c8,0x00000000c5380000)
 Metaspace       used 13862K, capacity 14240K, committed 14336K, reserved 1062912K
  class space    used 1584K, capacity 1702K, committed 1792K, reserved 1048576K
}
Event: 35.308 GC heap before
{Heap before GC invocations=9 (full 1):
 PSYoungGen      total 66048K, used 66040K [0x00000000eb900000, 0x00000000f3d00000, 0x0000000100000000)
  eden space 60416K, 100% used [0x00000000eb900000,0x00000000ef400000,0x00000000ef400000)
  from space 5632K, 99% used [0x00000000ef400000,0x00000000ef97e238,0x00000000ef980000)
  to   space 7168K, 0% used [0x00000000f3600000,0x00000000f3600000,0x00000000f3d00000)
 ParOldGen       total 42496K, used 11817K [0x00000000c2a00000, 0x00000000c5380000, 0x00000000eb900000)
  object space 42496K, 27% used [0x00000000c2a00000,0x00000000c358a4c8,0x00000000c5380000)
 Metaspace       used 14402K, capacity 14838K, committed 15104K, reserved 1062912K
  class space    used 1594K, capacity 1710K, committed 1792K, reserved 1048576K
Event: 35.361 GC heap after
Heap after GC invocations=9 (full 1):
 PSYoungGen      total 125440K, used 7136K [0x00000000eb900000, 0x00000000f4200000, 0x0000000100000000)
  eden space 118272K, 0% used [0x00000000eb900000,0x00000000eb900000,0x00000000f2c80000)
  from space 7168K, 99% used [0x00000000f3600000,0x00000000f3cf8010,0x00000000f3d00000)
  to   space 9728K, 0% used [0x00000000f2c80000,0x00000000f2c80000,0x00000000f3600000)
 ParOldGen       total 42496K, used 15404K [0x00000000c2a00000, 0x00000000c5380000, 0x00000000eb900000)
  object space 42496K, 36% used [0x00000000c2a00000,0x00000000c390b070,0x00000000c5380000)
 Metaspace       used 14402K, capacity 14838K, committed 15104K, reserved 1062912K
  class space    used 1594K, capacity 1710K, committed 1792K, reserved 1048576K
}
Event: 66.872 GC heap before
{Heap before GC invocations=10 (full 1):
 PSYoungGen      total 125440K, used 125408K [0x00000000eb900000, 0x00000000f4200000, 0x0000000100000000)
  eden space 118272K, 100% used [0x00000000eb900000,0x00000000f2c80000,0x00000000f2c80000)
  from space 7168K, 99% used [0x00000000f3600000,0x00000000f3cf8010,0x00000000f3d00000)
  to   space 9728K, 0% used [0x00000000f2c80000,0x00000000f2c80000,0x00000000f3600000)
 ParOldGen       total 42496K, used 15404K [0x00000000c2a00000, 0x00000000c5380000, 0x00000000eb900000)
  object space 42496K, 36% used [0x00000000c2a00000,0x00000000c390b070,0x00000000c5380000)
 Metaspace       used 14963K, capacity 15470K, committed 15616K, reserved 1062912K
  class space    used 1640K, capacity 1779K, committed 1792K, reserved 1048576K

