# JRE version: Java(TM) SE Runtime Environment (8.0_201-b09) (build 1.8.0_201-b09)
# Java VM: Java HotSpot(TM) 64-Bit Server VM (25.201-b09 mixed mode linux-amd64 compressed oops)
Heap:
 PSYoungGen      total 18432K, used 2492K [0x00000000eb900000, 0x00000000ed180000, 0x0000000100000000)
  eden space 13824K, 0% used [0x00000000eb900000,0x00000000eb900000,0x00000000ec680000)
  from space 4608K, 54% used [0x00000000ec680000,0x00000000ec8ef030,0x00000000ecb00000)
  to   space 2560K, 0% used [0x00000000ecb00000,0x00000000ecb00000,0x00000000ecd80000)
 ParOldGen       total 42496K, used 3667K [0x00000000c2a00000, 0x00000000c5380000, 0x00000000eb900000)
  object space 42496K, 8% used [0x00000000c2a00000,0x00000000c2d94f58,0x00000000c5380000)
 Metaspace       used 14175K, capacity 14642K, committed 14848K, reserved 1062912K
  class space    used 1628K, capacity 1767K, committed 1792K, reserved 1048576K
GC Heap History (10 events):
Event: 1.990 GC heap after
Heap after GC invocations=3 (full 1):
 PSYoungGen      total 18432K, used 0K [0x00000000eb900000, 0x00000000ecd80000, 0x0000000100000000)
  eden space 15872K, 0% used [0x00000000eb900000,0x00000000eb900000,0x00000000ec880000)
  from space 2560K, 0% used [0x00000000ecb00000,0x00000000ecb00000,0x00000000ecd80000)
  to   space 2560K, 0% used [0x00000000ec880000,0x00000000ec880000,0x00000000ecb00000)
 ParOldGen       total 42496K, used 2566K [0x00000000c2a00000, 0x00000000c5380000, 0x00000000eb900000)
  object space 42496K, 6% used [0x00000000c2a00000,0x00000000c2c81908,0x00000000c5380000)
 Metaspace       used 10223K, capacity 10404K, committed 10624K, reserved 1058816K
  class space    used 1234K, capacity 1318K, committed 1408K, reserved 1048576K
}
Event: 17.361 GC heap before
{Heap before GC invocations=4 (full 1):
 PSYoungGen      total 18432K, used 15872K [0x00000000eb900000, 0x00000000ecd80000, 0x0000000100000000)
  eden space 15872K, 100% used [0x00000000eb900000,0x00000000ec880000,0x00000000ec880000)
  from space 2560K, 0% used [0x00000000ecb00000,0x00000000ecb00000,0x00000000ecd80000)
  to   space 2560K, 0% used [0x00000000ec880000,0x00000000ec880000,0x00000000ecb00000)
 ParOldGen       total 42496K, used 2566K [0x00000000c2a00000, 0x00000000c5380000, 0x00000000eb900000)
  object space 42496K, 6% used [0x00000000c2a00000,0x00000000c2c81908,0x00000000c5380000)
 Metaspace       used 13657K, capacity 14120K, committed 14336K, reserved 1062912K
  class space    used 1604K, capacity 1718K, committed 1792K, reserved 1048576K
Event: 17.368 GC heap after
Heap after GC invocations=4 (full 1):
 PSYoungGen      total 18432K, used 2545K [0x00000000eb900000, 0x00000000ecd80000, 0x0000000100000000)
  eden space 15872K, 0% used [0x00000000eb900000,0x00000000eb900000,0x00000000ec880000)
  from space 2560K, 99% used [0x00000000ec880000,0x00000000ecafc760,0x00000000ecb00000)
  to   space 2560K, 0% used [0x00000000ecb00000,0x00000000ecb00000,0x00000000ecd80000)
 ParOldGen       total 42496K, used 3659K [0x00000000c2a00000, 0x00000000c5380000, 0x00000000eb900000)
  object space 42496K, 8% used [0x00000000c2a00000,0x00000000c2d92f58,0x00000000c5380000)
 Metaspace       used 13657K, capacity 14120K, committed 14336K, reserved 1062912K
  class space    used 1604K, capacity 1718K, committed 1792K, reserved 1048576K
}
Event: 18.117 GC heap before
{Heap before GC invocations=5 (full 1):
 PSYoungGen      total 18432K, used 18417K [0x00000000eb900000, 0x00000000ecd80000, 0x0000000100000000)
  eden space 15872K, 100% used [0x00000000eb900000,0x00000000ec880000,0x00000000ec880000)
  from space 2560K, 99% used [0x00000000ec880000,0x00000000ecafc760,0x00000000ecb00000)
  to   space 2560K, 0% used [0x00000000ecb00000,0x00000000ecb00000,0x00000000ecd80000)
 ParOldGen       total 42496K, used 3659K [0x00000000c2a00000, 0x00000000c5380000, 0x00000000eb900000)
  object space 42496K, 8% used [0x00000000c2a00000,0x00000000c2d92f58,0x00000000c5380000)
 Metaspace       used 13787K, capacity 14260K, committed 14336K, reserved 1062912K
  class space    used 1605K, capacity 1720K, committed 1792K, reserved 1048576K
Event: 18.121 GC heap after
Heap after GC invocations=5 (full 1):
 PSYoungGen      total 18432K, used 1856K [0x00000000eb900000, 0x00000000ecd80000, 0x0000000100000000)
  eden space 15872K, 0% used [0x00000000eb900000,0x00000000eb900000,0x00000000ec880000)
  from space 2560K, 72% used [0x00000000ecb00000,0x00000000eccd0020,0x00000000ecd80000)
  to   space 2560K, 0% used [0x00000000ec880000,0x00000000ec880000,0x00000000ecb00000)
 ParOldGen       total 42496K, used 3659K [0x00000000c2a00000, 0x00000000c5380000, 0x00000000eb900000)
  object space 42496K, 8% used [0x00000000c2a00000,0x00000000c2d92f58,0x00000000c5380000)
 Metaspace       used 13787K, capacity 14260K, committed 14336K, reserved 1062912K
  class space    used 1605K, capacity 1720K, committed 1792K, reserved 1048576K
}
Event: 27.573 GC heap before
{Heap before GC invocations=6 (full 1):
 PSYoungGen      total 18432K, used 17728K [0x00000000eb900000, 0x00000000ecd80000, 0x0000000100000000)
  eden space 15872K, 100% used [0x00000000eb900000,0x00000000ec880000,0x00000000ec880000)
  from space 2560K, 72% used [0x00000000ecb00000,0x00000000eccd0020,0x00000000ecd80000)
  to   space 2560K, 0% used [0x00000000ec880000,0x00000000ec880000,0x00000000ecb00000)
 ParOldGen       total 42496K, used 3659K [0x00000000c2a00000, 0x00000000c5380000, 0x00000000eb900000)
  object space 42496K, 8% used [0x00000000c2a00000,0x00000000c2d92f58,0x00000000c5380000)
 Metaspace       used 14114K, capacity 14568K, committed 14848K, reserved 1062912K
  class space    used 1626K, capacity 1766K, committed 1792K, reserved 1048576K
Event: 27.588 GC heap after
Heap after GC invocations=6 (full 1):
 PSYoungGen      total 18432K, used 2304K [0x00000000eb900000, 0x00000000ecd80000, 0x0000000100000000)
  eden space 15872K, 0% used [0x00000000eb900000,0x00000000eb900000,0x00000000ec880000)
  from space 2560K, 90% used [0x00000000ec880000,0x00000000ecac0020,0x00000000ecb00000)
  to   space 2560K, 0% used [0x00000000ecb00000,0x00000000ecb00000,0x00000000ecd80000)
 ParOldGen       total 42496K, used 3659K [0x00000000c2a00000, 0x00000000c5380000, 0x00000000eb900000)
  object space 42496K, 8% used [0x00000000c2a00000,0x00000000c2d92f58,0x00000000c5380000)
 Metaspace       used 14114K, capacity 14568K, committed 14848K, reserved 1062912K
  class space    used 1626K, capacity 1766K, committed 1792K, reserved 1048576K
}
Event: 35.206 GC heap before
{Heap before GC invocations=7 (full 1):
 PSYoungGen      total 18432K, used 18176K [0x00000000eb900000, 0x00000000ecd80000, 0x0000000100000000)
  eden space 15872K, 100% used [0x00000000eb900000,0x00000000ec880000,0x00000000ec880000)
  from space 2560K, 90% used [0x00000000ec880000,0x00000000ecac0020,0x00000000ecb00000)
  to   space 2560K, 0% used [0x00000000ecb00000,0x00000000ecb00000,0x00000000ecd80000)
 ParOldGen       total 42496K, used 3659K [0x00000000c2a00000, 0x00000000c5380000, 0x00000000eb900000)
  object space 42496K, 8% used [0x00000000c2a00000,0x00000000c2d92f58,0x00000000c5380000)
 Metaspace       used 14166K, capacity 14642K, committed 14848K, reserved 1062912K
  class space    used 1628K, capacity 1767K, committed 1792K, reserved 1048576K
Event: 35.211 GC heap after
Heap after GC invocations=7 (full 1):
 PSYoungGen      total 16384K, used 2192K [0x00000000eb900000, 0x00000000ed180000, 0x0000000100000000)
  eden space 13824K, 0% used [0x00000000eb900000,0x00000000eb900000,0x00000000ec680000)
  from space 2560K, 85% used [0x00000000ecb00000,0x00000000ecd24010,0x00000000ecd80000)
  to   space 4608K, 0% used [0x00000000ec680000,0x00000000ec680000,0x00000000ecb00000)
 ParOldGen       total 42496K, used 3659K [0x00000000c2a00000, 0x00000000c5380000, 0x00000000eb900000)
  object space 42496K, 8% used [0x00000000c2a00000,0x00000000c2d92f58,0x00000000c5380000)
 Metaspace       used 14166K, capacity 14642K, committed 14848K, reserved 1062912K
  class space    used 1628K, capacity 1767K, committed 1792K, reserved 1048576K
}
Event: 46.624 GC heap before
{Heap before GC invocations=8 (full 1):
 PSYoungGen      total 16384K, used 16016K [0x00000000eb900000, 0x00000000ed180000, 0x0000000100000000)
  eden space 13824K, 100% used [0x00000000eb900000,0x00000000ec680000,0x00000000ec680000)
  from space 2560K, 85% used [0x00000000ecb00000,0x00000000ecd24010,0x00000000ecd80000)
  to   space 4608K, 0% used [0x00000000ec680000,0x00000000ec680000,0x00000000ecb00000)
 ParOldGen       total 42496K, used 3659K [0x00000000c2a00000, 0x00000000c5380000, 0x00000000eb900000)
  object space 42496K, 8% used [0x00000000c2a00000,0x00000000c2d92f58,0x00000000c5380000)
 Metaspace       used 14175K, capacity 14642K, committed 14848K, reserved 1062912K
  class space    used 1628K, capacity 1767K, committed 1792K, reserved 1048576K

