# JRE version: Java(TM) SE Runtime Environment (8.0_201-b09) (build 1.8.0_201-b09)
# Java VM: Java HotSpot(TM) 64-Bit Server VM (25.201-b09 mixed mode linux-amd64 compressed oops)
Heap:
 PSYoungGen      total 190976K, used 19933K [0x00000000eb900000, 0x0000000100000000, 0x0000000100000000)
  eden space 123904K, 0% used [0x00000000eb900000,0x00000000eb900000,0x00000000f3200000)
  from space 67072K, 29% used [0x00000000f3200000,0x00000000f4577438,0x00000000f7380000)
  to   space 109056K, 0% used [0x00000000f9580000,0x00000000f9580000,0x0000000100000000)
 ParOldGen       total 198656K, used 198567K [0x00000000c2a00000, 0x00000000cec00000, 0x00000000eb900000)
  object space 198656K, 99% used [0x00000000c2a00000,0x00000000cebe9e38,0x00000000cec00000)
 Metaspace       used 36175K, capacity 37388K, committed 37632K, reserved 1083392K
  class space    used 4018K, capacity 4302K, committed 4352K, reserved 1048576K
GC Heap History (10 events):
Event: 152.523 GC heap after
Heap after GC invocations=77 (full 4):
 PSYoungGen      total 278528K, used 56302K [0x00000000eb900000, 0x0000000100000000, 0x0000000100000000)
  eden space 222208K, 0% used [0x00000000eb900000,0x00000000eb900000,0x00000000f9200000)
  from space 56320K, 99% used [0x00000000f9200000,0x00000000fc8fb928,0x00000000fc900000)
  to   space 56320K, 0% used [0x00000000fc900000,0x00000000fc900000,0x0000000100000000)
 ParOldGen       total 198656K, used 160263K [0x00000000c2a00000, 0x00000000cec00000, 0x00000000eb900000)
  object space 198656K, 80% used [0x00000000c2a00000,0x00000000cc681c40,0x00000000cec00000)
 Metaspace       used 35503K, capacity 36686K, committed 36864K, reserved 1081344K
  class space    used 3975K, capacity 4265K, committed 4352K, reserved 1048576K
}
Event: 155.271 GC heap before
{Heap before GC invocations=78 (full 4):
 PSYoungGen      total 278528K, used 278510K [0x00000000eb900000, 0x0000000100000000, 0x0000000100000000)
  eden space 222208K, 100% used [0x00000000eb900000,0x00000000f9200000,0x00000000f9200000)
  from space 56320K, 99% used [0x00000000f9200000,0x00000000fc8fb928,0x00000000fc900000)
  to   space 56320K, 0% used [0x00000000fc900000,0x00000000fc900000,0x0000000100000000)
 ParOldGen       total 198656K, used 160263K [0x00000000c2a00000, 0x00000000cec00000, 0x00000000eb900000)
  object space 198656K, 80% used [0x00000000c2a00000,0x00000000cc681c40,0x00000000cec00000)
 Metaspace       used 35691K, capacity 36826K, committed 37120K, reserved 1081344K
  class space    used 3976K, capacity 4267K, committed 4352K, reserved 1048576K
Event: 155.406 GC heap after
Heap after GC invocations=78 (full 4):
 PSYoungGen      total 223232K, used 56290K [0x00000000eb900000, 0x0000000100000000, 0x0000000100000000)
  eden space 166912K, 0% used [0x00000000eb900000,0x00000000eb900000,0x00000000f5c00000)
  from space 56320K, 99% used [0x00000000fc900000,0x00000000ffff8808,0x0000000100000000)
  to   space 83968K, 0% used [0x00000000f5c00000,0x00000000f5c00000,0x00000000fae00000)
 ParOldGen       total 198656K, used 180993K [0x00000000c2a00000, 0x00000000cec00000, 0x00000000eb900000)
  object space 198656K, 91% used [0x00000000c2a00000,0x00000000cdac0670,0x00000000cec00000)
 Metaspace       used 35691K, capacity 36826K, committed 37120K, reserved 1081344K
  class space    used 3976K, capacity 4267K, committed 4352K, reserved 1048576K
}
Event: 157.003 GC heap before
{Heap before GC invocations=79 (full 4):
 PSYoungGen      total 223232K, used 223202K [0x00000000eb900000, 0x0000000100000000, 0x0000000100000000)
  eden space 166912K, 100% used [0x00000000eb900000,0x00000000f5c00000,0x00000000f5c00000)
  from space 56320K, 99% used [0x00000000fc900000,0x00000000ffff8808,0x0000000100000000)
  to   space 83968K, 0% used [0x00000000f5c00000,0x00000000f5c00000,0x00000000fae00000)
 ParOldGen       total 198656K, used 180993K [0x00000000c2a00000, 0x00000000cec00000, 0x00000000eb900000)
  object space 198656K, 91% used [0x00000000c2a00000,0x00000000cdac0670,0x00000000cec00000)
 Metaspace       used 35852K, capacity 37030K, committed 37376K, reserved 1083392K
  class space    used 3979K, capacity 4269K, committed 4352K, reserved 1048576K
Event: 157.143 GC heap after
Heap after GC invocations=79 (full 4):
 PSYoungGen      total 239616K, used 72247K [0x00000000eb900000, 0x0000000100000000, 0x0000000100000000)
  eden space 166912K, 0% used [0x00000000eb900000,0x00000000eb900000,0x00000000f5c00000)
  from space 72704K, 99% used [0x00000000f5c00000,0x00000000fa28deb8,0x00000000fa300000)
  to   space 94208K, 0% used [0x00000000fa400000,0x00000000fa400000,0x0000000100000000)
 ParOldGen       total 198656K, used 181001K [0x00000000c2a00000, 0x00000000cec00000, 0x00000000eb900000)
  object space 198656K, 91% used [0x00000000c2a00000,0x00000000cdac2670,0x00000000cec00000)
 Metaspace       used 35852K, capacity 37030K, committed 37376K, reserved 1083392K
  class space    used 3979K, capacity 4269K, committed 4352K, reserved 1048576K
}
Event: 158.999 GC heap before
{Heap before GC invocations=80 (full 4):
 PSYoungGen      total 239616K, used 239159K [0x00000000eb900000, 0x0000000100000000, 0x0000000100000000)
  eden space 166912K, 100% used [0x00000000eb900000,0x00000000f5c00000,0x00000000f5c00000)
  from space 72704K, 99% used [0x00000000f5c00000,0x00000000fa28deb8,0x00000000fa300000)
  to   space 94208K, 0% used [0x00000000fa400000,0x00000000fa400000,0x0000000100000000)
 ParOldGen       total 198656K, used 181001K [0x00000000c2a00000, 0x00000000cec00000, 0x00000000eb900000)
  object space 198656K, 91% used [0x00000000c2a00000,0x00000000cdac2670,0x00000000cec00000)
 Metaspace       used 36176K, capacity 37394K, committed 37632K, reserved 1083392K
  class space    used 4018K, capacity 4303K, committed 4352K, reserved 1048576K
Event: 159.111 GC heap after
Heap after GC invocations=80 (full 4):
 PSYoungGen      total 218112K, used 80544K [0x00000000eb900000, 0x0000000100000000, 0x0000000100000000)
  eden space 123904K, 0% used [0x00000000eb900000,0x00000000eb900000,0x00000000f3200000)
  from space 94208K, 85% used [0x00000000fa400000,0x00000000ff2a81e0,0x0000000100000000)
  to   space 105472K, 0% used [0x00000000f3200000,0x00000000f3200000,0x00000000f9900000)
 ParOldGen       total 198656K, used 181553K [0x00000000c2a00000, 0x00000000cec00000, 0x00000000eb900000)
  object space 198656K, 91% used [0x00000000c2a00000,0x00000000cdb4c690,0x00000000cec00000)
 Metaspace       used 36176K, capacity 37394K, committed 37632K, reserved 1083392K
  class space    used 4018K, capacity 4303K, committed 4352K, reserved 1048576K
}
Event: 160.847 GC heap before
{Heap before GC invocations=81 (full 4):
 PSYoungGen      total 218112K, used 204448K [0x00000000eb900000, 0x0000000100000000, 0x0000000100000000)
  eden space 123904K, 100% used [0x00000000eb900000,0x00000000f3200000,0x00000000f3200000)
  from space 94208K, 85% used [0x00000000fa400000,0x00000000ff2a81e0,0x0000000100000000)
  to   space 105472K, 0% used [0x00000000f3200000,0x00000000f3200000,0x00000000f9900000)
 ParOldGen       total 198656K, used 181553K [0x00000000c2a00000, 0x00000000cec00000, 0x00000000eb900000)
  object space 198656K, 91% used [0x00000000c2a00000,0x00000000cdb4c690,0x00000000cec00000)
 Metaspace       used 36179K, capacity 37394K, committed 37632K, reserved 1083392K
  class space    used 4018K, capacity 4303K, committed 4352K, reserved 1048576K
Event: 160.929 GC heap after
Heap after GC invocations=81 (full 4):
 PSYoungGen      total 190976K, used 66833K [0x00000000eb900000, 0x0000000100000000, 0x0000000100000000)
  eden space 123904K, 0% used [0x00000000eb900000,0x00000000eb900000,0x00000000f3200000)
  from space 67072K, 99% used [0x00000000f3200000,0x00000000f7344538,0x00000000f7380000)
  to   space 109056K, 0% used [0x00000000f9580000,0x00000000f9580000,0x0000000100000000)
 ParOldGen       total 198656K, used 190048K [0x00000000c2a00000, 0x00000000cec00000, 0x00000000eb900000)
  object space 198656K, 95% used [0x00000000c2a00000,0x00000000ce3980b0,0x00000000cec00000)
 Metaspace       used 36179K, capacity 37394K, committed 37632K, reserved 1083392K
  class space    used 4018K, capacity 4303K, committed 4352K, reserved 1048576K
}
Event: 160.929 GC heap before
{Heap before GC invocations=82 (full 5):
 PSYoungGen      total 190976K, used 66833K [0x00000000eb900000, 0x0000000100000000, 0x0000000100000000)
  eden space 123904K, 0% used [0x00000000eb900000,0x00000000eb900000,0x00000000f3200000)
  from space 67072K, 99% used [0x00000000f3200000,0x00000000f7344538,0x00000000f7380000)
  to   space 109056K, 0% used [0x00000000f9580000,0x00000000f9580000,0x0000000100000000)
 ParOldGen       total 198656K, used 190048K [0x00000000c2a00000, 0x00000000cec00000, 0x00000000eb900000)
  object space 198656K, 95% used [0x00000000c2a00000,0x00000000ce3980b0,0x00000000cec00000)
 Metaspace       used 36179K, capacity 37394K, committed 37632K, reserved 1083392K
  class space    used 4018K, capacity 4303K, committed 4352K, reserved 1048576K

