# JRE version: Java(TM) SE Runtime Environment (8.0_201-b09) (build 1.8.0_201-b09)
# Java VM: Java HotSpot(TM) 64-Bit Server VM (25.201-b09 mixed mode linux-amd64 compressed oops)
Heap:
 PSYoungGen      total 259584K, used 0K [0x00000000eb900000, 0x0000000100000000, 0x0000000100000000)
  eden space 216064K, 0% used [0x00000000eb900000,0x00000000eb900000,0x00000000f8c00000)
  from space 43520K, 0% used [0x00000000fd580000,0x00000000fd580000,0x0000000100000000)
  to   space 59392K, 0% used [0x00000000f8c00000,0x00000000f8c00000,0x00000000fc600000)
 ParOldGen       total 124416K, used 117179K [0x00000000c2a00000, 0x00000000ca380000, 0x00000000eb900000)
  object space 124416K, 94% used [0x00000000c2a00000,0x00000000c9c6edf8,0x00000000ca380000)
 Metaspace       used 25173K, capacity 26072K, committed 26112K, reserved 1073152K
  class space    used 2570K, capacity 2784K, committed 2816K, reserved 1048576K
GC Heap History (10 events):
Event: 108.550 GC heap after
Heap after GC invocations=43 (full 3):
 PSYoungGen      total 290304K, used 23024K [0x00000000eb900000, 0x0000000100000000, 0x0000000100000000)
  eden space 267264K, 0% used [0x00000000eb900000,0x00000000eb900000,0x00000000fbe00000)
  from space 23040K, 99% used [0x00000000fe980000,0x00000000ffffc0d0,0x0000000100000000)
  to   space 33792K, 0% used [0x00000000fbe00000,0x00000000fbe00000,0x00000000fdf00000)
 ParOldGen       total 124416K, used 106738K [0x00000000c2a00000, 0x00000000ca380000, 0x00000000eb900000)
  object space 124416K, 85% used [0x00000000c2a00000,0x00000000c923c840,0x00000000ca380000)
 Metaspace       used 24721K, capacity 25506K, committed 25600K, reserved 1073152K
  class space    used 2562K, capacity 2771K, committed 2816K, reserved 1048576K
}
Event: 115.544 GC heap before
{Heap before GC invocations=44 (full 3):
 PSYoungGen      total 290304K, used 290288K [0x00000000eb900000, 0x0000000100000000, 0x0000000100000000)
  eden space 267264K, 100% used [0x00000000eb900000,0x00000000fbe00000,0x00000000fbe00000)
  from space 23040K, 99% used [0x00000000fe980000,0x00000000ffffc0d0,0x0000000100000000)
  to   space 33792K, 0% used [0x00000000fbe00000,0x00000000fbe00000,0x00000000fdf00000)
 ParOldGen       total 124416K, used 106738K [0x00000000c2a00000, 0x00000000ca380000, 0x00000000eb900000)
  object space 124416K, 85% used [0x00000000c2a00000,0x00000000c923c840,0x00000000ca380000)
 Metaspace       used 24870K, capacity 25664K, committed 25856K, reserved 1073152K
  class space    used 2564K, capacity 2774K, committed 2816K, reserved 1048576K
Event: 115.589 GC heap after
Heap after GC invocations=44 (full 3):
 PSYoungGen      total 296960K, used 29632K [0x00000000eb900000, 0x0000000100000000, 0x0000000100000000)
  eden space 267264K, 0% used [0x00000000eb900000,0x00000000eb900000,0x00000000fbe00000)
  from space 29696K, 99% used [0x00000000fbe00000,0x00000000fdaf02d0,0x00000000fdb00000)
  to   space 37376K, 0% used [0x00000000fdb80000,0x00000000fdb80000,0x0000000100000000)
 ParOldGen       total 124416K, used 106746K [0x00000000c2a00000, 0x00000000ca380000, 0x00000000eb900000)
  object space 124416K, 85% used [0x00000000c2a00000,0x00000000c923e840,0x00000000ca380000)
 Metaspace       used 24870K, capacity 25664K, committed 25856K, reserved 1073152K
  class space    used 2564K, capacity 2774K, committed 2816K, reserved 1048576K
}
Event: 127.960 GC heap before
{Heap before GC invocations=45 (full 3):
 PSYoungGen      total 296960K, used 296896K [0x00000000eb900000, 0x0000000100000000, 0x0000000100000000)
  eden space 267264K, 100% used [0x00000000eb900000,0x00000000fbe00000,0x00000000fbe00000)
  from space 29696K, 99% used [0x00000000fbe00000,0x00000000fdaf02d0,0x00000000fdb00000)
  to   space 37376K, 0% used [0x00000000fdb80000,0x00000000fdb80000,0x0000000100000000)
 ParOldGen       total 124416K, used 106746K [0x00000000c2a00000, 0x00000000ca380000, 0x00000000eb900000)
  object space 124416K, 85% used [0x00000000c2a00000,0x00000000c923e840,0x00000000ca380000)
 Metaspace       used 24995K, capacity 25842K, committed 26112K, reserved 1073152K
  class space    used 2567K, capacity 2781K, committed 2816K, reserved 1048576K
Event: 128.018 GC heap after
Heap after GC invocations=45 (full 3):
 PSYoungGen      total 285184K, used 37361K [0x00000000eb900000, 0x0000000100000000, 0x0000000100000000)
  eden space 247808K, 0% used [0x00000000eb900000,0x00000000eb900000,0x00000000fab00000)
  from space 37376K, 99% used [0x00000000fdb80000,0x00000000ffffc510,0x0000000100000000)
  to   space 43520K, 0% used [0x00000000fab00000,0x00000000fab00000,0x00000000fd580000)
 ParOldGen       total 124416K, used 108344K [0x00000000c2a00000, 0x00000000ca380000, 0x00000000eb900000)
  object space 124416K, 87% used [0x00000000c2a00000,0x00000000c93ce2f8,0x00000000ca380000)
 Metaspace       used 24995K, capacity 25842K, committed 26112K, reserved 1073152K
  class space    used 2567K, capacity 2781K, committed 2816K, reserved 1048576K
}
Event: 139.004 GC heap before
{Heap before GC invocations=46 (full 3):
 PSYoungGen      total 285184K, used 285169K [0x00000000eb900000, 0x0000000100000000, 0x0000000100000000)
  eden space 247808K, 100% used [0x00000000eb900000,0x00000000fab00000,0x00000000fab00000)
  from space 37376K, 99% used [0x00000000fdb80000,0x00000000ffffc510,0x0000000100000000)
  to   space 43520K, 0% used [0x00000000fab00000,0x00000000fab00000,0x00000000fd580000)
 ParOldGen       total 124416K, used 108344K [0x00000000c2a00000, 0x00000000ca380000, 0x00000000eb900000)
  object space 124416K, 87% used [0x00000000c2a00000,0x00000000c93ce2f8,0x00000000ca380000)
 Metaspace       used 25127K, capacity 26046K, committed 26112K, reserved 1073152K
  class space    used 2567K, capacity 2781K, committed 2816K, reserved 1048576K
Event: 139.112 GC heap after
Heap after GC invocations=46 (full 3):
 PSYoungGen      total 291328K, used 43489K [0x00000000eb900000, 0x0000000100000000, 0x0000000100000000)
  eden space 247808K, 0% used [0x00000000eb900000,0x00000000eb900000,0x00000000fab00000)
  from space 43520K, 99% used [0x00000000fab00000,0x00000000fd5785c0,0x00000000fd580000)
  to   space 43520K, 0% used [0x00000000fd580000,0x00000000fd580000,0x0000000100000000)
 ParOldGen       total 124416K, used 109925K [0x00000000c2a00000, 0x00000000ca380000, 0x00000000eb900000)
  object space 124416K, 88% used [0x00000000c2a00000,0x00000000c9559678,0x00000000ca380000)
 Metaspace       used 25127K, capacity 26046K, committed 26112K, reserved 1073152K
  class space    used 2567K, capacity 2781K, committed 2816K, reserved 1048576K
}
Event: 153.045 GC heap before
{Heap before GC invocations=47 (full 3):
 PSYoungGen      total 291328K, used 291297K [0x00000000eb900000, 0x0000000100000000, 0x0000000100000000)
  eden space 247808K, 100% used [0x00000000eb900000,0x00000000fab00000,0x00000000fab00000)
  from space 43520K, 99% used [0x00000000fab00000,0x00000000fd5785c0,0x00000000fd580000)
  to   space 43520K, 0% used [0x00000000fd580000,0x00000000fd580000,0x0000000100000000)
 ParOldGen       total 124416K, used 109925K [0x00000000c2a00000, 0x00000000ca380000, 0x00000000eb900000)
  object space 124416K, 88% used [0x00000000c2a00000,0x00000000c9559678,0x00000000ca380000)
 Metaspace       used 25173K, capacity 26072K, committed 26112K, reserved 1073152K
  class space    used 2570K, capacity 2784K, committed 2816K, reserved 1048576K
Event: 153.184 GC heap after
Heap after GC invocations=47 (full 3):
 PSYoungGen      total 259584K, used 43504K [0x00000000eb900000, 0x0000000100000000, 0x0000000100000000)
  eden space 216064K, 0% used [0x00000000eb900000,0x00000000eb900000,0x00000000f8c00000)
  from space 43520K, 99% used [0x00000000fd580000,0x00000000ffffc350,0x0000000100000000)
  to   space 59392K, 0% used [0x00000000f8c00000,0x00000000f8c00000,0x00000000fc600000)
 ParOldGen       total 124416K, used 117750K [0x00000000c2a00000, 0x00000000ca380000, 0x00000000eb900000)
  object space 124416K, 94% used [0x00000000c2a00000,0x00000000c9cfd910,0x00000000ca380000)
 Metaspace       used 25173K, capacity 26072K, committed 26112K, reserved 1073152K
  class space    used 2570K, capacity 2784K, committed 2816K, reserved 1048576K
}
Event: 153.185 GC heap before
{Heap before GC invocations=48 (full 4):
 PSYoungGen      total 259584K, used 43504K [0x00000000eb900000, 0x0000000100000000, 0x0000000100000000)
  eden space 216064K, 0% used [0x00000000eb900000,0x00000000eb900000,0x00000000f8c00000)
  from space 43520K, 99% used [0x00000000fd580000,0x00000000ffffc350,0x0000000100000000)
  to   space 59392K, 0% used [0x00000000f8c00000,0x00000000f8c00000,0x00000000fc600000)
 ParOldGen       total 124416K, used 117750K [0x00000000c2a00000, 0x00000000ca380000, 0x00000000eb900000)
  object space 124416K, 94% used [0x00000000c2a00000,0x00000000c9cfd910,0x00000000ca380000)
 Metaspace       used 25173K, capacity 26072K, committed 26112K, reserved 1073152K
  class space    used 2570K, capacity 2784K, committed 2816K, reserved 1048576K

