# JRE version: Java(TM) SE Runtime Environment (8.0_201-b09) (build 1.8.0_201-b09)
# Java VM: Java HotSpot(TM) 64-Bit Server VM (25.201-b09 mixed mode linux-amd64 compressed oops)
Heap:
 PSYoungGen      total 250880K, used 0K [0x00000000eb900000, 0x00000000ffd00000, 0x0000000100000000)
  eden space 171008K, 0% used [0x00000000eb900000,0x00000000eb900000,0x00000000f6000000)
  from space 79872K, 0% used [0x00000000faf00000,0x00000000faf00000,0x00000000ffd00000)
  to   space 80384K, 0% used [0x00000000f6000000,0x00000000f6000000,0x00000000fae80000)
 ParOldGen       total 277504K, used 273357K [0x00000000c2a00000, 0x00000000d3900000, 0x00000000eb900000)
  object space 277504K, 98% used [0x00000000c2a00000,0x00000000d34f35a0,0x00000000d3900000)
 Metaspace       used 32484K, capacity 33644K, committed 33792K, reserved 1079296K
  class space    used 3269K, capacity 3534K, committed 3584K, reserved 1048576K
GC Heap History (10 events):
Event: 146.033 GC heap after
Heap after GC invocations=83 (full 5):
 PSYoungGen      total 245248K, used 20626K [0x00000000eb900000, 0x0000000100000000, 0x0000000100000000)
  eden space 160768K, 0% used [0x00000000eb900000,0x00000000eb900000,0x00000000f5600000)
  from space 84480K, 24% used [0x00000000fa900000,0x00000000fbd24980,0x00000000ffb80000)
  to   space 84992K, 0% used [0x00000000f5600000,0x00000000f5600000,0x00000000fa900000)
 ParOldGen       total 277504K, used 218864K [0x00000000c2a00000, 0x00000000d3900000, 0x00000000eb900000)
  object space 277504K, 78% used [0x00000000c2a00000,0x00000000cffbc2e8,0x00000000d3900000)
 Metaspace       used 25682K, capacity 26820K, committed 27008K, reserved 1073152K
  class space    used 2609K, capacity 2888K, committed 2944K, reserved 1048576K
}
Event: 151.830 GC heap before
{Heap before GC invocations=84 (full 5):
 PSYoungGen      total 245248K, used 181394K [0x00000000eb900000, 0x0000000100000000, 0x0000000100000000)
  eden space 160768K, 100% used [0x00000000eb900000,0x00000000f5600000,0x00000000f5600000)
  from space 84480K, 24% used [0x00000000fa900000,0x00000000fbd24980,0x00000000ffb80000)
  to   space 84992K, 0% used [0x00000000f5600000,0x00000000f5600000,0x00000000fa900000)
 ParOldGen       total 277504K, used 218864K [0x00000000c2a00000, 0x00000000d3900000, 0x00000000eb900000)
  object space 277504K, 78% used [0x00000000c2a00000,0x00000000cffbc2e8,0x00000000d3900000)
 Metaspace       used 31566K, capacity 32668K, committed 32768K, reserved 1079296K
  class space    used 3262K, capacity 3532K, committed 3584K, reserved 1048576K
Event: 151.933 GC heap after
Heap after GC invocations=84 (full 5):
 PSYoungGen      total 245760K, used 16540K [0x00000000eb900000, 0x0000000100000000, 0x0000000100000000)
  eden space 160768K, 0% used [0x00000000eb900000,0x00000000eb900000,0x00000000f5600000)
  from space 84992K, 19% used [0x00000000f5600000,0x00000000f6627308,0x00000000fa900000)
  to   space 85504K, 0% used [0x00000000fac80000,0x00000000fac80000,0x0000000100000000)
 ParOldGen       total 277504K, used 235476K [0x00000000c2a00000, 0x00000000d3900000, 0x00000000eb900000)
  object space 277504K, 84% used [0x00000000c2a00000,0x00000000d0ff5248,0x00000000d3900000)
 Metaspace       used 31566K, capacity 32668K, committed 32768K, reserved 1079296K
  class space    used 3262K, capacity 3532K, committed 3584K, reserved 1048576K
}
Event: 155.226 GC heap before
{Heap before GC invocations=85 (full 5):
 PSYoungGen      total 245760K, used 177308K [0x00000000eb900000, 0x0000000100000000, 0x0000000100000000)
  eden space 160768K, 100% used [0x00000000eb900000,0x00000000f5600000,0x00000000f5600000)
  from space 84992K, 19% used [0x00000000f5600000,0x00000000f6627308,0x00000000fa900000)
  to   space 85504K, 0% used [0x00000000fac80000,0x00000000fac80000,0x0000000100000000)
 ParOldGen       total 277504K, used 235476K [0x00000000c2a00000, 0x00000000d3900000, 0x00000000eb900000)
  object space 277504K, 84% used [0x00000000c2a00000,0x00000000d0ff5248,0x00000000d3900000)
 Metaspace       used 32075K, capacity 33186K, committed 33536K, reserved 1079296K
  class space    used 3264K, capacity 3533K, committed 3584K, reserved 1048576K
Event: 155.287 GC heap after
Heap after GC invocations=85 (full 5):
 PSYoungGen      total 245248K, used 30962K [0x00000000eb900000, 0x00000000ffb80000, 0x0000000100000000)
  eden space 164352K, 0% used [0x00000000eb900000,0x00000000eb900000,0x00000000f5980000)
  from space 80896K, 38% used [0x00000000fac80000,0x00000000fcabc948,0x00000000ffb80000)
  to   space 82944K, 0% used [0x00000000f5980000,0x00000000f5980000,0x00000000faa80000)
 ParOldGen       total 277504K, used 235756K [0x00000000c2a00000, 0x00000000d3900000, 0x00000000eb900000)
  object space 277504K, 84% used [0x00000000c2a00000,0x00000000d103b268,0x00000000d3900000)
 Metaspace       used 32075K, capacity 33186K, committed 33536K, reserved 1079296K
  class space    used 3264K, capacity 3533K, committed 3584K, reserved 1048576K
}
Event: 157.817 GC heap before
{Heap before GC invocations=86 (full 5):
 PSYoungGen      total 245248K, used 195314K [0x00000000eb900000, 0x00000000ffb80000, 0x0000000100000000)
  eden space 164352K, 100% used [0x00000000eb900000,0x00000000f5980000,0x00000000f5980000)
  from space 80896K, 38% used [0x00000000fac80000,0x00000000fcabc948,0x00000000ffb80000)
  to   space 82944K, 0% used [0x00000000f5980000,0x00000000f5980000,0x00000000faa80000)
 ParOldGen       total 277504K, used 235756K [0x00000000c2a00000, 0x00000000d3900000, 0x00000000eb900000)
  object space 277504K, 84% used [0x00000000c2a00000,0x00000000d103b268,0x00000000d3900000)
 Metaspace       used 32321K, capacity 33442K, committed 33792K, reserved 1079296K
  class space    used 3268K, capacity 3533K, committed 3584K, reserved 1048576K
Event: 157.996 GC heap after
Heap after GC invocations=86 (full 5):
 PSYoungGen      total 247296K, used 26885K [0x00000000eb900000, 0x00000000ffe00000, 0x0000000100000000)
  eden space 164352K, 0% used [0x00000000eb900000,0x00000000eb900000,0x00000000f5980000)
  from space 82944K, 32% used [0x00000000f5980000,0x00000000f73c16f0,0x00000000faa80000)
  to   space 80896K, 0% used [0x00000000faf00000,0x00000000faf00000,0x00000000ffe00000)
 ParOldGen       total 277504K, used 248732K [0x00000000c2a00000, 0x00000000d3900000, 0x00000000eb900000)
  object space 277504K, 89% used [0x00000000c2a00000,0x00000000d1ce71d8,0x00000000d3900000)
 Metaspace       used 32321K, capacity 33442K, committed 33792K, reserved 1079296K
  class space    used 3268K, capacity 3533K, committed 3584K, reserved 1048576K
}
Event: 160.461 GC heap before
{Heap before GC invocations=87 (full 5):
 PSYoungGen      total 247296K, used 191237K [0x00000000eb900000, 0x00000000ffe00000, 0x0000000100000000)
  eden space 164352K, 100% used [0x00000000eb900000,0x00000000f5980000,0x00000000f5980000)
  from space 82944K, 32% used [0x00000000f5980000,0x00000000f73c16f0,0x00000000faa80000)
  to   space 80896K, 0% used [0x00000000faf00000,0x00000000faf00000,0x00000000ffe00000)
 ParOldGen       total 277504K, used 248732K [0x00000000c2a00000, 0x00000000d3900000, 0x00000000eb900000)
  object space 277504K, 89% used [0x00000000c2a00000,0x00000000d1ce71d8,0x00000000d3900000)
 Metaspace       used 32484K, capacity 33644K, committed 33792K, reserved 1079296K
  class space    used 3269K, capacity 3534K, committed 3584K, reserved 1048576K
Event: 160.515 GC heap after
Heap after GC invocations=87 (full 5):
 PSYoungGen      total 250880K, used 15848K [0x00000000eb900000, 0x00000000ffd00000, 0x0000000100000000)
  eden space 171008K, 0% used [0x00000000eb900000,0x00000000eb900000,0x00000000f6000000)
  from space 79872K, 19% used [0x00000000faf00000,0x00000000fbe7a010,0x00000000ffd00000)
  to   space 80384K, 0% used [0x00000000f6000000,0x00000000f6000000,0x00000000fae80000)
 ParOldGen       total 277504K, used 267934K [0x00000000c2a00000, 0x00000000d3900000, 0x00000000eb900000)
  object space 277504K, 96% used [0x00000000c2a00000,0x00000000d2fa7878,0x00000000d3900000)
 Metaspace       used 32484K, capacity 33644K, committed 33792K, reserved 1079296K
  class space    used 3269K, capacity 3534K, committed 3584K, reserved 1048576K
}
Event: 160.515 GC heap before
{Heap before GC invocations=88 (full 6):
 PSYoungGen      total 250880K, used 15848K [0x00000000eb900000, 0x00000000ffd00000, 0x0000000100000000)
  eden space 171008K, 0% used [0x00000000eb900000,0x00000000eb900000,0x00000000f6000000)
  from space 79872K, 19% used [0x00000000faf00000,0x00000000fbe7a010,0x00000000ffd00000)
  to   space 80384K, 0% used [0x00000000f6000000,0x00000000f6000000,0x00000000fae80000)
 ParOldGen       total 277504K, used 267934K [0x00000000c2a00000, 0x00000000d3900000, 0x00000000eb900000)
  object space 277504K, 96% used [0x00000000c2a00000,0x00000000d2fa7878,0x00000000d3900000)
 Metaspace       used 32484K, capacity 33644K, committed 33792K, reserved 1079296K
  class space    used 3269K, capacity 3534K, committed 3584K, reserved 1048576K

