# JRE version: Java(TM) SE Runtime Environment (8.0_201-b09) (build 1.8.0_201-b09)
# Java VM: Java HotSpot(TM) 64-Bit Server VM (25.201-b09 mixed mode linux-amd64 compressed oops)
Heap:
 PSYoungGen      total 172032K, used 15806K [0x00000000eb900000, 0x00000000f8980000, 0x0000000100000000)
  eden space 156160K, 0% used [0x00000000eb900000,0x00000000eb900000,0x00000000f5180000)
  from space 15872K, 99% used [0x00000000f6c80000,0x00000000f7bef840,0x00000000f7c00000)
  to   space 27648K, 0% used [0x00000000f5180000,0x00000000f5180000,0x00000000f6c80000)
 ParOldGen       total 62464K, used 62266K [0x00000000c2a00000, 0x00000000c6700000, 0x00000000eb900000)
  object space 62464K, 99% used [0x00000000c2a00000,0x00000000c66cead8,0x00000000c6700000)
 Metaspace       used 15106K, capacity 15626K, committed 15872K, reserved 1062912K
  class space    used 1646K, capacity 1783K, committed 1792K, reserved 1048576K
GC Heap History (10 events):
Event: 64.921 GC heap after
Heap after GC invocations=14 (full 1):
 PSYoungGen      total 75776K, used 2470K [0x00000000eb900000, 0x00000000f3300000, 0x0000000100000000)
  eden space 66560K, 0% used [0x00000000eb900000,0x00000000eb900000,0x00000000efa00000)
  from space 9216K, 26% used [0x00000000efa00000,0x00000000efc69830,0x00000000f0300000)
  to   space 9216K, 0% used [0x00000000f2a00000,0x00000000f2a00000,0x00000000f3300000)
 ParOldGen       total 42496K, used 24601K [0x00000000c2a00000, 0x00000000c5380000, 0x00000000eb900000)
  object space 42496K, 57% used [0x00000000c2a00000,0x00000000c42064e0,0x00000000c5380000)
 Metaspace       used 14971K, capacity 15396K, committed 15616K, reserved 1062912K
  class space    used 1638K, capacity 1778K, committed 1792K, reserved 1048576K
}
Event: 82.646 GC heap before
{Heap before GC invocations=15 (full 1):
 PSYoungGen      total 75776K, used 69030K [0x00000000eb900000, 0x00000000f3300000, 0x0000000100000000)
  eden space 66560K, 100% used [0x00000000eb900000,0x00000000efa00000,0x00000000efa00000)
  from space 9216K, 26% used [0x00000000efa00000,0x00000000efc69830,0x00000000f0300000)
  to   space 9216K, 0% used [0x00000000f2a00000,0x00000000f2a00000,0x00000000f3300000)
 ParOldGen       total 42496K, used 24601K [0x00000000c2a00000, 0x00000000c5380000, 0x00000000eb900000)
  object space 42496K, 57% used [0x00000000c2a00000,0x00000000c42064e0,0x00000000c5380000)
 Metaspace       used 15008K, capacity 15550K, committed 15616K, reserved 1062912K
  class space    used 1641K, capacity 1781K, committed 1792K, reserved 1048576K
Event: 82.669 GC heap after
Heap after GC invocations=15 (full 1):
 PSYoungGen      total 114176K, used 9200K [0x00000000eb900000, 0x00000000f3600000, 0x0000000100000000)
  eden space 104960K, 0% used [0x00000000eb900000,0x00000000eb900000,0x00000000f1f80000)
  from space 9216K, 99% used [0x00000000f2a00000,0x00000000f32fc030,0x00000000f3300000)
  to   space 10752K, 0% used [0x00000000f1f80000,0x00000000f1f80000,0x00000000f2a00000)
 ParOldGen       total 42496K, used 26033K [0x00000000c2a00000, 0x00000000c5380000, 0x00000000eb900000)
  object space 42496K, 61% used [0x00000000c2a00000,0x00000000c436c5e0,0x00000000c5380000)
 Metaspace       used 15008K, capacity 15550K, committed 15616K, reserved 1062912K
  class space    used 1641K, capacity 1781K, committed 1792K, reserved 1048576K
}
Event: 137.621 GC heap before
{Heap before GC invocations=16 (full 1):
 PSYoungGen      total 114176K, used 114160K [0x00000000eb900000, 0x00000000f3600000, 0x0000000100000000)
  eden space 104960K, 100% used [0x00000000eb900000,0x00000000f1f80000,0x00000000f1f80000)
  from space 9216K, 99% used [0x00000000f2a00000,0x00000000f32fc030,0x00000000f3300000)
  to   space 10752K, 0% used [0x00000000f1f80000,0x00000000f1f80000,0x00000000f2a00000)
 ParOldGen       total 42496K, used 26033K [0x00000000c2a00000, 0x00000000c5380000, 0x00000000eb900000)
  object space 42496K, 61% used [0x00000000c2a00000,0x00000000c436c5e0,0x00000000c5380000)
 Metaspace       used 15086K, capacity 15620K, committed 15872K, reserved 1062912K
  class space    used 1642K, capacity 1782K, committed 1792K, reserved 1048576K
Event: 137.676 GC heap after
Heap after GC invocations=16 (full 1):
 PSYoungGen      total 115712K, used 10752K [0x00000000eb900000, 0x00000000f7c00000, 0x0000000100000000)
  eden space 104960K, 0% used [0x00000000eb900000,0x00000000eb900000,0x00000000f1f80000)
  from space 10752K, 100% used [0x00000000f1f80000,0x00000000f2a00000,0x00000000f2a00000)
  to   space 15872K, 0% used [0x00000000f6c80000,0x00000000f6c80000,0x00000000f7c00000)
 ParOldGen       total 42496K, used 35719K [0x00000000c2a00000, 0x00000000c5380000, 0x00000000eb900000)
  object space 42496K, 84% used [0x00000000c2a00000,0x00000000c4ce1d30,0x00000000c5380000)
 Metaspace       used 15086K, capacity 15620K, committed 15872K, reserved 1062912K
  class space    used 1642K, capacity 1782K, committed 1792K, reserved 1048576K
}
Event: 137.676 GC heap before
{Heap before GC invocations=17 (full 2):
 PSYoungGen      total 115712K, used 10752K [0x00000000eb900000, 0x00000000f7c00000, 0x0000000100000000)
  eden space 104960K, 0% used [0x00000000eb900000,0x00000000eb900000,0x00000000f1f80000)
  from space 10752K, 100% used [0x00000000f1f80000,0x00000000f2a00000,0x00000000f2a00000)
  to   space 15872K, 0% used [0x00000000f6c80000,0x00000000f6c80000,0x00000000f7c00000)
 ParOldGen       total 42496K, used 35719K [0x00000000c2a00000, 0x00000000c5380000, 0x00000000eb900000)
  object space 42496K, 84% used [0x00000000c2a00000,0x00000000c4ce1d30,0x00000000c5380000)
 Metaspace       used 15086K, capacity 15620K, committed 15872K, reserved 1062912K
  class space    used 1642K, capacity 1782K, committed 1792K, reserved 1048576K
Event: 138.007 GC heap after
Heap after GC invocations=17 (full 2):
 PSYoungGen      total 115712K, used 0K [0x00000000eb900000, 0x00000000f7c00000, 0x0000000100000000)
  eden space 104960K, 0% used [0x00000000eb900000,0x00000000eb900000,0x00000000f1f80000)
  from space 10752K, 0% used [0x00000000f1f80000,0x00000000f1f80000,0x00000000f2a00000)
  to   space 15872K, 0% used [0x00000000f6c80000,0x00000000f6c80000,0x00000000f7c00000)
 ParOldGen       total 62464K, used 36816K [0x00000000c2a00000, 0x00000000c6700000, 0x00000000eb900000)
  object space 62464K, 58% used [0x00000000c2a00000,0x00000000c4df43d8,0x00000000c6700000)
 Metaspace       used 15086K, capacity 15620K, committed 15872K, reserved 1062912K
  class space    used 1642K, capacity 1782K, committed 1792K, reserved 1048576K
}
Event: 148.666 GC heap before
{Heap before GC invocations=18 (full 2):
 PSYoungGen      total 115712K, used 104960K [0x00000000eb900000, 0x00000000f7c00000, 0x0000000100000000)
  eden space 104960K, 100% used [0x00000000eb900000,0x00000000f1f80000,0x00000000f1f80000)
  from space 10752K, 0% used [0x00000000f1f80000,0x00000000f1f80000,0x00000000f2a00000)
  to   space 15872K, 0% used [0x00000000f6c80000,0x00000000f6c80000,0x00000000f7c00000)
 ParOldGen       total 62464K, used 36816K [0x00000000c2a00000, 0x00000000c6700000, 0x00000000eb900000)
  object space 62464K, 58% used [0x00000000c2a00000,0x00000000c4df43d8,0x00000000c6700000)
 Metaspace       used 15106K, capacity 15626K, committed 15872K, reserved 1062912K
  class space    used 1646K, capacity 1783K, committed 1792K, reserved 1048576K
Event: 148.726 GC heap after
Heap after GC invocations=18 (full 2):
 PSYoungGen      total 172032K, used 15856K [0x00000000eb900000, 0x00000000f8980000, 0x0000000100000000)
  eden space 156160K, 0% used [0x00000000eb900000,0x00000000eb900000,0x00000000f5180000)
  from space 15872K, 99% used [0x00000000f6c80000,0x00000000f7bfc160,0x00000000f7c00000)
  to   space 27648K, 0% used [0x00000000f5180000,0x00000000f5180000,0x00000000f6c80000)
 ParOldGen       total 62464K, used 62408K [0x00000000c2a00000, 0x00000000c6700000, 0x00000000eb900000)
  object space 62464K, 99% used [0x00000000c2a00000,0x00000000c66f2148,0x00000000c6700000)
 Metaspace       used 15106K, capacity 15626K, committed 15872K, reserved 1062912K
  class space    used 1646K, capacity 1783K, committed 1792K, reserved 1048576K
}
Event: 148.726 GC heap before
{Heap before GC invocations=19 (full 3):
 PSYoungGen      total 172032K, used 15856K [0x00000000eb900000, 0x00000000f8980000, 0x0000000100000000)
  eden space 156160K, 0% used [0x00000000eb900000,0x00000000eb900000,0x00000000f5180000)
  from space 15872K, 99% used [0x00000000f6c80000,0x00000000f7bfc160,0x00000000f7c00000)
  to   space 27648K, 0% used [0x00000000f5180000,0x00000000f5180000,0x00000000f6c80000)
 ParOldGen       total 62464K, used 62408K [0x00000000c2a00000, 0x00000000c6700000, 0x00000000eb900000)
  object space 62464K, 99% used [0x00000000c2a00000,0x00000000c66f2148,0x00000000c6700000)
 Metaspace       used 15106K, capacity 15626K, committed 15872K, reserved 1062912K
  class space    used 1646K, capacity 1783K, committed 1792K, reserved 1048576K

