# JRE version: Java(TM) SE Runtime Environment (8.0_201-b09) (build 1.8.0_201-b09)
# Java VM: Java HotSpot(TM) 64-Bit Server VM (25.201-b09 mixed mode linux-amd64 compressed oops)
Heap:
 PSYoungGen      total 261120K, used 217068K [0x00000000eb900000, 0x00000000ff700000, 0x0000000100000000)
  eden space 195584K, 97% used [0x00000000eb900000,0x00000000f72ecf10,0x00000000f7800000)
  from space 65536K, 40% used [0x00000000fb700000,0x00000000fd10e378,0x00000000ff700000)
  to   space 64512K, 0% used [0x00000000f7800000,0x00000000f7800000,0x00000000fb700000)
 ParOldGen       total 171008K, used 107884K [0x00000000c2a00000, 0x00000000cd100000, 0x00000000eb900000)
  object space 171008K, 63% used [0x00000000c2a00000,0x00000000c935b368,0x00000000cd100000)
 Metaspace       used 30627K, capacity 31402K, committed 31616K, reserved 1077248K
  class space    used 3179K, capacity 3358K, committed 3456K, reserved 1048576K
GC Heap History (10 events):
Event: 136.623 GC heap before
{Heap before GC invocations=52 (full 4):
 PSYoungGen      total 184320K, used 184000K [0x00000000eb900000, 0x00000000ffc80000, 0x0000000100000000)
  eden space 175616K, 100% used [0x00000000eb900000,0x00000000f6480000,0x00000000f6480000)
  from space 8704K, 96% used [0x00000000f6480000,0x00000000f6cb01a0,0x00000000f6d00000)
  to   space 77824K, 0% used [0x00000000fb080000,0x00000000fb080000,0x00000000ffc80000)
 ParOldGen       total 171008K, used 107876K [0x00000000c2a00000, 0x00000000cd100000, 0x00000000eb900000)
  object space 171008K, 63% used [0x00000000c2a00000,0x00000000c9359368,0x00000000cd100000)
 Metaspace       used 24399K, capacity 25158K, committed 25344K, reserved 1071104K
  class space    used 2521K, capacity 2712K, committed 2816K, reserved 1048576K
Event: 136.647 GC heap after
Heap after GC invocations=52 (full 4):
 PSYoungGen      total 254976K, used 9952K [0x00000000eb900000, 0x0000000100000000, 0x0000000100000000)
  eden space 177152K, 0% used [0x00000000eb900000,0x00000000eb900000,0x00000000f6600000)
  from space 77824K, 12% used [0x00000000fb080000,0x00000000fba38200,0x00000000ffc80000)
  to   space 76288K, 0% used [0x00000000f6600000,0x00000000f6600000,0x00000000fb080000)
 ParOldGen       total 171008K, used 107876K [0x00000000c2a00000, 0x00000000cd100000, 0x00000000eb900000)
  object space 171008K, 63% used [0x00000000c2a00000,0x00000000c9359368,0x00000000cd100000)
 Metaspace       used 24399K, capacity 25158K, committed 25344K, reserved 1071104K
  class space    used 2521K, capacity 2712K, committed 2816K, reserved 1048576K
}
Event: 138.589 GC heap before
{Heap before GC invocations=53 (full 4):
 PSYoungGen      total 254976K, used 187104K [0x00000000eb900000, 0x0000000100000000, 0x0000000100000000)
  eden space 177152K, 100% used [0x00000000eb900000,0x00000000f6600000,0x00000000f6600000)
  from space 77824K, 12% used [0x00000000fb080000,0x00000000fba38200,0x00000000ffc80000)
  to   space 76288K, 0% used [0x00000000f6600000,0x00000000f6600000,0x00000000fb080000)
 ParOldGen       total 171008K, used 107876K [0x00000000c2a00000, 0x00000000cd100000, 0x00000000eb900000)
  object space 171008K, 63% used [0x00000000c2a00000,0x00000000c9359368,0x00000000cd100000)
 Metaspace       used 24400K, capacity 25158K, committed 25344K, reserved 1071104K
  class space    used 2521K, capacity 2712K, committed 2816K, reserved 1048576K
Event: 138.627 GC heap after
Heap after GC invocations=53 (full 4):
 PSYoungGen      total 253440K, used 11584K [0x00000000eb900000, 0x00000000ff980000, 0x0000000100000000)
  eden space 177152K, 0% used [0x00000000eb900000,0x00000000eb900000,0x00000000f6600000)
  from space 76288K, 15% used [0x00000000f6600000,0x00000000f71501c0,0x00000000fb080000)
  to   space 73728K, 0% used [0x00000000fb180000,0x00000000fb180000,0x00000000ff980000)
 ParOldGen       total 171008K, used 107876K [0x00000000c2a00000, 0x00000000cd100000, 0x00000000eb900000)
  object space 171008K, 63% used [0x00000000c2a00000,0x00000000c9359368,0x00000000cd100000)
 Metaspace       used 24400K, capacity 25158K, committed 25344K, reserved 1071104K
  class space    used 2521K, capacity 2712K, committed 2816K, reserved 1048576K
}
Event: 141.081 GC heap before
{Heap before GC invocations=54 (full 4):
 PSYoungGen      total 253440K, used 188736K [0x00000000eb900000, 0x00000000ff980000, 0x0000000100000000)
  eden space 177152K, 100% used [0x00000000eb900000,0x00000000f6600000,0x00000000f6600000)
  from space 76288K, 15% used [0x00000000f6600000,0x00000000f71501c0,0x00000000fb080000)
  to   space 73728K, 0% used [0x00000000fb180000,0x00000000fb180000,0x00000000ff980000)
 ParOldGen       total 171008K, used 107876K [0x00000000c2a00000, 0x00000000cd100000, 0x00000000eb900000)
  object space 171008K, 63% used [0x00000000c2a00000,0x00000000c9359368,0x00000000cd100000)
 Metaspace       used 24400K, capacity 25158K, committed 25344K, reserved 1071104K
  class space    used 2521K, capacity 2712K, committed 2816K, reserved 1048576K
Event: 141.159 GC heap after
Heap after GC invocations=54 (full 4):
 PSYoungGen      total 255488K, used 13984K [0x00000000eb900000, 0x00000000ff780000, 0x0000000100000000)
  eden space 183808K, 0% used [0x00000000eb900000,0x00000000eb900000,0x00000000f6c80000)
  from space 71680K, 19% used [0x00000000fb180000,0x00000000fbf28280,0x00000000ff780000)
  to   space 70656K, 0% used [0x00000000f6c80000,0x00000000f6c80000,0x00000000fb180000)
 ParOldGen       total 171008K, used 107876K [0x00000000c2a00000, 0x00000000cd100000, 0x00000000eb900000)
  object space 171008K, 63% used [0x00000000c2a00000,0x00000000c9359368,0x00000000cd100000)
 Metaspace       used 24400K, capacity 25158K, committed 25344K, reserved 1071104K
  class space    used 2521K, capacity 2712K, committed 2816K, reserved 1048576K
}
Event: 143.120 GC heap before
{Heap before GC invocations=55 (full 4):
 PSYoungGen      total 255488K, used 197792K [0x00000000eb900000, 0x00000000ff780000, 0x0000000100000000)
  eden space 183808K, 100% used [0x00000000eb900000,0x00000000f6c80000,0x00000000f6c80000)
  from space 71680K, 19% used [0x00000000fb180000,0x00000000fbf28280,0x00000000ff780000)
  to   space 70656K, 0% used [0x00000000f6c80000,0x00000000f6c80000,0x00000000fb180000)
 ParOldGen       total 171008K, used 107876K [0x00000000c2a00000, 0x00000000cd100000, 0x00000000eb900000)
  object space 171008K, 63% used [0x00000000c2a00000,0x00000000c9359368,0x00000000cd100000)
 Metaspace       used 24400K, capacity 25158K, committed 25344K, reserved 1071104K
  class space    used 2521K, capacity 2712K, committed 2816K, reserved 1048576K
Event: 143.254 GC heap after
Heap after GC invocations=55 (full 4):
 PSYoungGen      total 254464K, used 16048K [0x00000000eb900000, 0x00000000ff900000, 0x0000000100000000)
  eden space 183808K, 0% used [0x00000000eb900000,0x00000000eb900000,0x00000000f6c80000)
  from space 70656K, 22% used [0x00000000f6c80000,0x00000000f7c2c310,0x00000000fb180000)
  to   space 67584K, 0% used [0x00000000fb700000,0x00000000fb700000,0x00000000ff900000)
 ParOldGen       total 171008K, used 107876K [0x00000000c2a00000, 0x00000000cd100000, 0x00000000eb900000)
  object space 171008K, 63% used [0x00000000c2a00000,0x00000000c9359368,0x00000000cd100000)
 Metaspace       used 24400K, capacity 25158K, committed 25344K, reserved 1071104K
  class space    used 2521K, capacity 2712K, committed 2816K, reserved 1048576K
}
Event: 146.871 GC heap before
{Heap before GC invocations=56 (full 4):
 PSYoungGen      total 254464K, used 199856K [0x00000000eb900000, 0x00000000ff900000, 0x0000000100000000)
  eden space 183808K, 100% used [0x00000000eb900000,0x00000000f6c80000,0x00000000f6c80000)
  from space 70656K, 22% used [0x00000000f6c80000,0x00000000f7c2c310,0x00000000fb180000)
  to   space 67584K, 0% used [0x00000000fb700000,0x00000000fb700000,0x00000000ff900000)
 ParOldGen       total 171008K, used 107876K [0x00000000c2a00000, 0x00000000cd100000, 0x00000000eb900000)
  object space 171008K, 63% used [0x00000000c2a00000,0x00000000c9359368,0x00000000cd100000)
 Metaspace       used 28764K, capacity 29540K, committed 29696K, reserved 1075200K
  class space    used 3080K, capacity 3293K, committed 3328K, reserved 1048576K
Event: 146.928 GC heap after
Heap after GC invocations=56 (full 4):
 PSYoungGen      total 261120K, used 26680K [0x00000000eb900000, 0x00000000ff700000, 0x0000000100000000)
  eden space 195584K, 0% used [0x00000000eb900000,0x00000000eb900000,0x00000000f7800000)
  from space 65536K, 40% used [0x00000000fb700000,0x00000000fd10e378,0x00000000ff700000)
  to   space 64512K, 0% used [0x00000000f7800000,0x00000000f7800000,0x00000000fb700000)
 ParOldGen       total 171008K, used 107884K [0x00000000c2a00000, 0x00000000cd100000, 0x00000000eb900000)
  object space 171008K, 63% used [0x00000000c2a00000,0x00000000c935b368,0x00000000cd100000)
 Metaspace       used 28764K, capacity 29540K, committed 29696K, reserved 1075200K
  class space    used 3080K, capacity 3293K, committed 3328K, reserved 1048576K
}

