# JRE version: Java(TM) SE Runtime Environment (8.0_201-b09) (build 1.8.0_201-b09)
# Java VM: Java HotSpot(TM) 64-Bit Server VM (25.201-b09 mixed mode linux-amd64 compressed oops)
Heap:
 PSYoungGen      total 243712K, used 19408K [0x00000000eb900000, 0x0000000100000000, 0x0000000100000000)
  eden space 158208K, 0% used [0x00000000eb900000,0x00000000eb900000,0x00000000f5380000)
  from space 85504K, 22% used [0x00000000f5380000,0x00000000f6674350,0x00000000fa700000)
  to   space 85504K, 0% used [0x00000000fac80000,0x00000000fac80000,0x0000000100000000)
 ParOldGen       total 278016K, used 277489K [0x00000000c2a00000, 0x00000000d3980000, 0x00000000eb900000)
  object space 278016K, 99% used [0x00000000c2a00000,0x00000000d38fc6c0,0x00000000d3980000)
 Metaspace       used 55750K, capacity 61406K, committed 61440K, reserved 1103872K
  class space    used 5280K, capacity 8033K, committed 8064K, reserved 1048576K
GC Heap History (10 events):
Event: 174.944 GC heap after
Heap after GC invocations=76 (full 5):
 PSYoungGen      total 237568K, used 68161K [0x00000000eb900000, 0x0000000100000000, 0x0000000100000000)
  eden space 168960K, 0% used [0x00000000eb900000,0x00000000eb900000,0x00000000f5e00000)
  from space 68608K, 99% used [0x00000000f5e00000,0x00000000fa090608,0x00000000fa100000)
  to   space 86528K, 0% used [0x00000000fab80000,0x00000000fab80000,0x0000000100000000)
 ParOldGen       total 278016K, used 220906K [0x00000000c2a00000, 0x00000000d3980000, 0x00000000eb900000)
  object space 278016K, 79% used [0x00000000c2a00000,0x00000000d01ba8b8,0x00000000d3980000)
 Metaspace       used 50215K, capacity 54444K, committed 54528K, reserved 1097728K
  class space    used 4959K, capacity 6911K, committed 6912K, reserved 1048576K
}
Event: 176.115 GC heap before
{Heap before GC invocations=77 (full 5):
 PSYoungGen      total 237568K, used 237121K [0x00000000eb900000, 0x0000000100000000, 0x0000000100000000)
  eden space 168960K, 100% used [0x00000000eb900000,0x00000000f5e00000,0x00000000f5e00000)
  from space 68608K, 99% used [0x00000000f5e00000,0x00000000fa090608,0x00000000fa100000)
  to   space 86528K, 0% used [0x00000000fab80000,0x00000000fab80000,0x0000000100000000)
 ParOldGen       total 278016K, used 220906K [0x00000000c2a00000, 0x00000000d3980000, 0x00000000eb900000)
  object space 278016K, 79% used [0x00000000c2a00000,0x00000000d01ba8b8,0x00000000d3980000)
 Metaspace       used 52039K, capacity 56704K, committed 56960K, reserved 1099776K
  class space    used 5063K, capacity 7271K, committed 7296K, reserved 1048576K
Event: 176.193 GC heap after
Heap after GC invocations=77 (full 5):
 PSYoungGen      total 243200K, used 68338K [0x00000000eb900000, 0x0000000100000000, 0x0000000100000000)
  eden space 156672K, 0% used [0x00000000eb900000,0x00000000eb900000,0x00000000f5200000)
  from space 86528K, 78% used [0x00000000fab80000,0x00000000fee3c9c8,0x0000000100000000)
  to   space 89088K, 0% used [0x00000000f5200000,0x00000000f5200000,0x00000000fa900000)
 ParOldGen       total 278016K, used 225186K [0x00000000c2a00000, 0x00000000d3980000, 0x00000000eb900000)
  object space 278016K, 80% used [0x00000000c2a00000,0x00000000d05e8a38,0x00000000d3980000)
 Metaspace       used 52039K, capacity 56704K, committed 56960K, reserved 1099776K
  class space    used 5063K, capacity 7271K, committed 7296K, reserved 1048576K
}
Event: 177.040 GC heap before
{Heap before GC invocations=78 (full 5):
 PSYoungGen      total 243200K, used 225010K [0x00000000eb900000, 0x0000000100000000, 0x0000000100000000)
  eden space 156672K, 100% used [0x00000000eb900000,0x00000000f5200000,0x00000000f5200000)
  from space 86528K, 78% used [0x00000000fab80000,0x00000000fee3c9c8,0x0000000100000000)
  to   space 89088K, 0% used [0x00000000f5200000,0x00000000f5200000,0x00000000fa900000)
 ParOldGen       total 278016K, used 225186K [0x00000000c2a00000, 0x00000000d3980000, 0x00000000eb900000)
  object space 278016K, 80% used [0x00000000c2a00000,0x00000000d05e8a38,0x00000000d3980000)
 Metaspace       used 53715K, capacity 58836K, committed 59136K, reserved 1101824K
  class space    used 5165K, capacity 7631K, committed 7680K, reserved 1048576K
Event: 177.109 GC heap after
Heap after GC invocations=78 (full 5):
 PSYoungGen      total 245760K, used 57647K [0x00000000eb900000, 0x00000000fff80000, 0x0000000100000000)
  eden space 156672K, 0% used [0x00000000eb900000,0x00000000eb900000,0x00000000f5200000)
  from space 89088K, 64% used [0x00000000f5200000,0x00000000f8a4bfb0,0x00000000fa900000)
  to   space 87552K, 0% used [0x00000000faa00000,0x00000000faa00000,0x00000000fff80000)
 ParOldGen       total 278016K, used 238835K [0x00000000c2a00000, 0x00000000d3980000, 0x00000000eb900000)
  object space 278016K, 85% used [0x00000000c2a00000,0x00000000d133cee8,0x00000000d3980000)
 Metaspace       used 53715K, capacity 58836K, committed 59136K, reserved 1101824K
  class space    used 5165K, capacity 7631K, committed 7680K, reserved 1048576K
}
Event: 177.944 GC heap before
{Heap before GC invocations=79 (full 5):
 PSYoungGen      total 245760K, used 214319K [0x00000000eb900000, 0x00000000fff80000, 0x0000000100000000)
  eden space 156672K, 100% used [0x00000000eb900000,0x00000000f5200000,0x00000000f5200000)
  from space 89088K, 64% used [0x00000000f5200000,0x00000000f8a4bfb0,0x00000000fa900000)
  to   space 87552K, 0% used [0x00000000faa00000,0x00000000faa00000,0x00000000fff80000)
 ParOldGen       total 278016K, used 238835K [0x00000000c2a00000, 0x00000000d3980000, 0x00000000eb900000)
  object space 278016K, 85% used [0x00000000c2a00000,0x00000000d133cee8,0x00000000d3980000)
 Metaspace       used 55401K, capacity 60996K, committed 61312K, reserved 1101824K
  class space    used 5260K, capacity 7955K, committed 8064K, reserved 1048576K
Event: 178.077 GC heap after
Heap after GC invocations=79 (full 5):
 PSYoungGen      total 240640K, used 44693K [0x00000000eb900000, 0x00000000ffa80000, 0x0000000100000000)
  eden space 158208K, 0% used [0x00000000eb900000,0x00000000eb900000,0x00000000f5380000)
  from space 82432K, 54% used [0x00000000faa00000,0x00000000fd5a57e8,0x00000000ffa80000)
  to   space 85504K, 0% used [0x00000000f5380000,0x00000000f5380000,0x00000000fa700000)
 ParOldGen       total 278016K, used 255277K [0x00000000c2a00000, 0x00000000d3980000, 0x00000000eb900000)
  object space 278016K, 91% used [0x00000000c2a00000,0x00000000d234b498,0x00000000d3980000)
 Metaspace       used 55401K, capacity 60996K, committed 61312K, reserved 1101824K
  class space    used 5260K, capacity 7955K, committed 8064K, reserved 1048576K
}
Event: 178.366 GC heap before
{Heap before GC invocations=80 (full 5):
 PSYoungGen      total 240640K, used 79449K [0x00000000eb900000, 0x00000000ffa80000, 0x0000000100000000)
  eden space 158208K, 21% used [0x00000000eb900000,0x00000000edaf0e70,0x00000000f5380000)
  from space 82432K, 54% used [0x00000000faa00000,0x00000000fd5a57e8,0x00000000ffa80000)
  to   space 85504K, 0% used [0x00000000f5380000,0x00000000f5380000,0x00000000fa700000)
 ParOldGen       total 278016K, used 255277K [0x00000000c2a00000, 0x00000000d3980000, 0x00000000eb900000)
  object space 278016K, 91% used [0x00000000c2a00000,0x00000000d234b498,0x00000000d3980000)
 Metaspace       used 55750K, capacity 61406K, committed 61440K, reserved 1103872K
  class space    used 5280K, capacity 8033K, committed 8064K, reserved 1048576K
Event: 178.406 GC heap after
Heap after GC invocations=80 (full 5):
 PSYoungGen      total 243712K, used 33313K [0x00000000eb900000, 0x0000000100000000, 0x0000000100000000)
  eden space 158208K, 0% used [0x00000000eb900000,0x00000000eb900000,0x00000000f5380000)
  from space 85504K, 38% used [0x00000000f5380000,0x00000000f7408528,0x00000000fa700000)
  to   space 85504K, 0% used [0x00000000fac80000,0x00000000fac80000,0x0000000100000000)
 ParOldGen       total 278016K, used 264610K [0x00000000c2a00000, 0x00000000d3980000, 0x00000000eb900000)
  object space 278016K, 95% used [0x00000000c2a00000,0x00000000d2c68a80,0x00000000d3980000)
 Metaspace       used 55750K, capacity 61406K, committed 61440K, reserved 1103872K
  class space    used 5280K, capacity 8033K, committed 8064K, reserved 1048576K
}
Event: 178.406 GC heap before
{Heap before GC invocations=81 (full 6):
 PSYoungGen      total 243712K, used 33313K [0x00000000eb900000, 0x0000000100000000, 0x0000000100000000)
  eden space 158208K, 0% used [0x00000000eb900000,0x00000000eb900000,0x00000000f5380000)
  from space 85504K, 38% used [0x00000000f5380000,0x00000000f7408528,0x00000000fa700000)
  to   space 85504K, 0% used [0x00000000fac80000,0x00000000fac80000,0x0000000100000000)
 ParOldGen       total 278016K, used 264610K [0x00000000c2a00000, 0x00000000d3980000, 0x00000000eb900000)
  object space 278016K, 95% used [0x00000000c2a00000,0x00000000d2c68a80,0x00000000d3980000)
 Metaspace       used 55750K, capacity 61406K, committed 61440K, reserved 1103872K
  class space    used 5280K, capacity 8033K, committed 8064K, reserved 1048576K

