# JRE version: Java(TM) SE Runtime Environment (8.0_201-b09) (build 1.8.0_201-b09)
# Java VM: Java HotSpot(TM) 64-Bit Server VM (25.201-b09 mixed mode linux-amd64 compressed oops)
Heap:
 PSYoungGen      total 117248K, used 224K [0x00000000eb900000, 0x00000000f5680000, 0x0000000100000000)
  eden space 111616K, 0% used [0x00000000eb900000,0x00000000eb900000,0x00000000f2600000)
  from space 5632K, 3% used [0x00000000f5100000,0x00000000f5138000,0x00000000f5680000)
  to   space 5632K, 0% used [0x00000000f2600000,0x00000000f2600000,0x00000000f2b80000)
 ParOldGen       total 42496K, used 7931K [0x00000000c2a00000, 0x00000000c5380000, 0x00000000eb900000)
  object space 42496K, 18% used [0x00000000c2a00000,0x00000000c31beec8,0x00000000c5380000)
 Metaspace       used 13751K, capacity 14142K, committed 14336K, reserved 1062912K
  class space    used 1590K, capacity 1707K, committed 1792K, reserved 1048576K
GC Heap History (10 events):
Event: 51.323 GC heap after
Heap after GC invocations=8 (full 1):
 PSYoungGen      total 34304K, used 2640K [0x00000000eb900000, 0x00000000efc00000, 0x0000000100000000)
  eden space 29184K, 0% used [0x00000000eb900000,0x00000000eb900000,0x00000000ed580000)
  from space 5120K, 51% used [0x00000000ed580000,0x00000000ed814010,0x00000000eda80000)
  to   space 5120K, 0% used [0x00000000ef700000,0x00000000ef700000,0x00000000efc00000)
 ParOldGen       total 42496K, used 5255K [0x00000000c2a00000, 0x00000000c5380000, 0x00000000eb900000)
  object space 42496K, 12% used [0x00000000c2a00000,0x00000000c2f21e48,0x00000000c5380000)
 Metaspace       used 13744K, capacity 14142K, committed 14336K, reserved 1062912K
  class space    used 1590K, capacity 1707K, committed 1792K, reserved 1048576K
}
Event: 51.435 GC heap before
{Heap before GC invocations=9 (full 1):
 PSYoungGen      total 34304K, used 31824K [0x00000000eb900000, 0x00000000efc00000, 0x0000000100000000)
  eden space 29184K, 100% used [0x00000000eb900000,0x00000000ed580000,0x00000000ed580000)
  from space 5120K, 51% used [0x00000000ed580000,0x00000000ed814010,0x00000000eda80000)
  to   space 5120K, 0% used [0x00000000ef700000,0x00000000ef700000,0x00000000efc00000)
 ParOldGen       total 42496K, used 5255K [0x00000000c2a00000, 0x00000000c5380000, 0x00000000eb900000)
  object space 42496K, 12% used [0x00000000c2a00000,0x00000000c2f21e48,0x00000000c5380000)
 Metaspace       used 13745K, capacity 14142K, committed 14336K, reserved 1062912K
  class space    used 1590K, capacity 1707K, committed 1792K, reserved 1048576K
Event: 51.459 GC heap after
Heap after GC invocations=9 (full 1):
 PSYoungGen      total 63488K, used 1312K [0x00000000eb900000, 0x00000000efc00000, 0x0000000100000000)
  eden space 58368K, 0% used [0x00000000eb900000,0x00000000eb900000,0x00000000ef200000)
  from space 5120K, 25% used [0x00000000ef700000,0x00000000ef848000,0x00000000efc00000)
  to   space 5120K, 0% used [0x00000000ef200000,0x00000000ef200000,0x00000000ef700000)
 ParOldGen       total 42496K, used 6635K [0x00000000c2a00000, 0x00000000c5380000, 0x00000000eb900000)
  object space 42496K, 15% used [0x00000000c2a00000,0x00000000c307aeb8,0x00000000c5380000)
 Metaspace       used 13745K, capacity 14142K, committed 14336K, reserved 1062912K
  class space    used 1590K, capacity 1707K, committed 1792K, reserved 1048576K
}
Event: 51.792 GC heap before
{Heap before GC invocations=10 (full 1):
 PSYoungGen      total 63488K, used 59680K [0x00000000eb900000, 0x00000000efc00000, 0x0000000100000000)
  eden space 58368K, 100% used [0x00000000eb900000,0x00000000ef200000,0x00000000ef200000)
  from space 5120K, 25% used [0x00000000ef700000,0x00000000ef848000,0x00000000efc00000)
  to   space 5120K, 0% used [0x00000000ef200000,0x00000000ef200000,0x00000000ef700000)
 ParOldGen       total 42496K, used 6635K [0x00000000c2a00000, 0x00000000c5380000, 0x00000000eb900000)
  object space 42496K, 15% used [0x00000000c2a00000,0x00000000c307aeb8,0x00000000c5380000)
 Metaspace       used 13745K, capacity 14142K, committed 14336K, reserved 1062912K
  class space    used 1590K, capacity 1707K, committed 1792K, reserved 1048576K
Event: 51.811 GC heap after
Heap after GC invocations=10 (full 1):
 PSYoungGen      total 63488K, used 128K [0x00000000eb900000, 0x00000000f3600000, 0x0000000100000000)
  eden space 58368K, 0% used [0x00000000eb900000,0x00000000eb900000,0x00000000ef200000)
  from space 5120K, 2% used [0x00000000ef200000,0x00000000ef220000,0x00000000ef700000)
  to   space 5632K, 0% used [0x00000000f3080000,0x00000000f3080000,0x00000000f3600000)
 ParOldGen       total 42496K, used 7811K [0x00000000c2a00000, 0x00000000c5380000, 0x00000000eb900000)
  object space 42496K, 18% used [0x00000000c2a00000,0x00000000c31a0ec8,0x00000000c5380000)
 Metaspace       used 13745K, capacity 14142K, committed 14336K, reserved 1062912K
  class space    used 1590K, capacity 1707K, committed 1792K, reserved 1048576K
}
Event: 52.071 GC heap before
{Heap before GC invocations=11 (full 1):
 PSYoungGen      total 63488K, used 58496K [0x00000000eb900000, 0x00000000f3600000, 0x0000000100000000)
  eden space 58368K, 100% used [0x00000000eb900000,0x00000000ef200000,0x00000000ef200000)
  from space 5120K, 2% used [0x00000000ef200000,0x00000000ef220000,0x00000000ef700000)
  to   space 5632K, 0% used [0x00000000f3080000,0x00000000f3080000,0x00000000f3600000)
 ParOldGen       total 42496K, used 7811K [0x00000000c2a00000, 0x00000000c5380000, 0x00000000eb900000)
  object space 42496K, 18% used [0x00000000c2a00000,0x00000000c31a0ec8,0x00000000c5380000)
 Metaspace       used 13745K, capacity 14142K, committed 14336K, reserved 1062912K
  class space    used 1590K, capacity 1707K, committed 1792K, reserved 1048576K
Event: 52.074 GC heap after
Heap after GC invocations=11 (full 1):
 PSYoungGen      total 94208K, used 96K [0x00000000eb900000, 0x00000000f3100000, 0x0000000100000000)
  eden space 93696K, 0% used [0x00000000eb900000,0x00000000eb900000,0x00000000f1480000)
  from space 512K, 18% used [0x00000000f3080000,0x00000000f3098000,0x00000000f3100000)
  to   space 5632K, 0% used [0x00000000f2600000,0x00000000f2600000,0x00000000f2b80000)
 ParOldGen       total 42496K, used 7843K [0x00000000c2a00000, 0x00000000c5380000, 0x00000000eb900000)
  object space 42496K, 18% used [0x00000000c2a00000,0x00000000c31a8ec8,0x00000000c5380000)
 Metaspace       used 13745K, capacity 14142K, committed 14336K, reserved 1062912K
  class space    used 1590K, capacity 1707K, committed 1792K, reserved 1048576K
}
Event: 54.335 GC heap before
{Heap before GC invocations=12 (full 1):
 PSYoungGen      total 94208K, used 93792K [0x00000000eb900000, 0x00000000f3100000, 0x0000000100000000)
  eden space 93696K, 100% used [0x00000000eb900000,0x00000000f1480000,0x00000000f1480000)
  from space 512K, 18% used [0x00000000f3080000,0x00000000f3098000,0x00000000f3100000)
  to   space 5632K, 0% used [0x00000000f2600000,0x00000000f2600000,0x00000000f2b80000)
 ParOldGen       total 42496K, used 7843K [0x00000000c2a00000, 0x00000000c5380000, 0x00000000eb900000)
  object space 42496K, 18% used [0x00000000c2a00000,0x00000000c31a8ec8,0x00000000c5380000)
 Metaspace       used 13750K, capacity 14142K, committed 14336K, reserved 1062912K
  class space    used 1590K, capacity 1707K, committed 1792K, reserved 1048576K
Event: 54.375 GC heap after
Heap after GC invocations=12 (full 1):
 PSYoungGen      total 117248K, used 192K [0x00000000eb900000, 0x00000000f5680000, 0x0000000100000000)
  eden space 111616K, 0% used [0x00000000eb900000,0x00000000eb900000,0x00000000f2600000)
  from space 5632K, 3% used [0x00000000f2600000,0x00000000f2630000,0x00000000f2b80000)
  to   space 5632K, 0% used [0x00000000f5100000,0x00000000f5100000,0x00000000f5680000)
 ParOldGen       total 42496K, used 7883K [0x00000000c2a00000, 0x00000000c5380000, 0x00000000eb900000)
  object space 42496K, 18% used [0x00000000c2a00000,0x00000000c31b2ec8,0x00000000c5380000)
 Metaspace       used 13750K, capacity 14142K, committed 14336K, reserved 1062912K
  class space    used 1590K, capacity 1707K, committed 1792K, reserved 1048576K
}
Event: 55.166 GC heap before
{Heap before GC invocations=13 (full 1):
 PSYoungGen      total 117248K, used 111808K [0x00000000eb900000, 0x00000000f5680000, 0x0000000100000000)
  eden space 111616K, 100% used [0x00000000eb900000,0x00000000f2600000,0x00000000f2600000)
  from space 5632K, 3% used [0x00000000f2600000,0x00000000f2630000,0x00000000f2b80000)
  to   space 5632K, 0% used [0x00000000f5100000,0x00000000f5100000,0x00000000f5680000)
 ParOldGen       total 42496K, used 7883K [0x00000000c2a00000, 0x00000000c5380000, 0x00000000eb900000)
  object space 42496K, 18% used [0x00000000c2a00000,0x00000000c31b2ec8,0x00000000c5380000)
 Metaspace       used 13751K, capacity 14142K, committed 14336K, reserved 1062912K
  class space    used 1590K, capacity 1707K, committed 1792K, reserved 1048576K

