# JRE version: Java(TM) SE Runtime Environment (8.0_201-b09) (build 1.8.0_201-b09)
# Java VM: Java HotSpot(TM) 64-Bit Server VM (25.201-b09 mixed mode linux-amd64 compressed oops)
Heap:
 PSYoungGen      total 289280K, used 140185K [0x00000000eb900000, 0x00000000ffe80000, 0x0000000100000000)
  eden space 249344K, 49% used [0x00000000eb900000,0x00000000f31de608,0x00000000fac80000)
  from space 39936K, 41% used [0x00000000fac80000,0x00000000fbc88000,0x00000000fd380000)
  to   space 37888K, 0% used [0x00000000fd980000,0x00000000fd980000,0x00000000ffe80000)
 ParOldGen       total 129024K, used 86535K [0x00000000c2a00000, 0x00000000ca800000, 0x00000000eb900000)
  object space 129024K, 67% used [0x00000000c2a00000,0x00000000c7e81dd8,0x00000000ca800000)
 Metaspace       used 23879K, capacity 24526K, committed 24704K, reserved 1071104K
  class space    used 2503K, capacity 2685K, committed 2688K, reserved 1048576K
GC Heap History (10 events):
Event: 48.182 GC heap before
{Heap before GC invocations=20 (full 3):
 PSYoungGen      total 292864K, used 280640K [0x00000000eb900000, 0x0000000100000000, 0x0000000100000000)
  eden space 254976K, 100% used [0x00000000eb900000,0x00000000fb200000,0x00000000fb200000)
  from space 37888K, 67% used [0x00000000fdb00000,0x00000000ff410000,0x0000000100000000)
  to   space 39936K, 0% used [0x00000000fb200000,0x00000000fb200000,0x00000000fd900000)
 ParOldGen       total 129024K, used 72973K [0x00000000c2a00000, 0x00000000ca800000, 0x00000000eb900000)
  object space 129024K, 56% used [0x00000000c2a00000,0x00000000c7143628,0x00000000ca800000)
 Metaspace       used 23616K, capacity 24258K, committed 24448K, reserved 1071104K
  class space    used 2492K, capacity 2683K, committed 2688K, reserved 1048576K
Event: 48.238 GC heap after
Heap after GC invocations=20 (full 3):
 PSYoungGen      total 282624K, used 27296K [0x00000000eb900000, 0x0000000100000000, 0x0000000100000000)
  eden space 254976K, 0% used [0x00000000eb900000,0x00000000eb900000,0x00000000fb200000)
  from space 27648K, 98% used [0x00000000fb200000,0x00000000fcca8000,0x00000000fcd00000)
  to   space 41472K, 0% used [0x00000000fd780000,0x00000000fd780000,0x0000000100000000)
 ParOldGen       total 129024K, used 72981K [0x00000000c2a00000, 0x00000000ca800000, 0x00000000eb900000)
  object space 129024K, 56% used [0x00000000c2a00000,0x00000000c7145628,0x00000000ca800000)
 Metaspace       used 23616K, capacity 24258K, committed 24448K, reserved 1071104K
  class space    used 2492K, capacity 2683K, committed 2688K, reserved 1048576K
}
Event: 49.631 GC heap before
{Heap before GC invocations=21 (full 3):
 PSYoungGen      total 282624K, used 282272K [0x00000000eb900000, 0x0000000100000000, 0x0000000100000000)
  eden space 254976K, 100% used [0x00000000eb900000,0x00000000fb200000,0x00000000fb200000)
  from space 27648K, 98% used [0x00000000fb200000,0x00000000fcca8000,0x00000000fcd00000)
  to   space 41472K, 0% used [0x00000000fd780000,0x00000000fd780000,0x0000000100000000)
 ParOldGen       total 129024K, used 72981K [0x00000000c2a00000, 0x00000000ca800000, 0x00000000eb900000)
  object space 129024K, 56% used [0x00000000c2a00000,0x00000000c7145628,0x00000000ca800000)
 Metaspace       used 23828K, capacity 24450K, committed 24704K, reserved 1071104K
  class space    used 2501K, capacity 2683K, committed 2688K, reserved 1048576K
Event: 49.742 GC heap after
Heap after GC invocations=21 (full 3):
 PSYoungGen      total 289280K, used 28288K [0x00000000eb900000, 0x0000000100000000, 0x0000000100000000)
  eden space 247808K, 0% used [0x00000000eb900000,0x00000000eb900000,0x00000000fab00000)
  from space 41472K, 68% used [0x00000000fd780000,0x00000000ff320000,0x0000000100000000)
  to   space 43520K, 0% used [0x00000000fab00000,0x00000000fab00000,0x00000000fd580000)
 ParOldGen       total 129024K, used 72981K [0x00000000c2a00000, 0x00000000ca800000, 0x00000000eb900000)
  object space 129024K, 56% used [0x00000000c2a00000,0x00000000c7145628,0x00000000ca800000)
 Metaspace       used 23828K, capacity 24450K, committed 24704K, reserved 1071104K
  class space    used 2501K, capacity 2683K, committed 2688K, reserved 1048576K
}
Event: 51.249 GC heap before
{Heap before GC invocations=22 (full 3):
 PSYoungGen      total 289280K, used 276096K [0x00000000eb900000, 0x0000000100000000, 0x0000000100000000)
  eden space 247808K, 100% used [0x00000000eb900000,0x00000000fab00000,0x00000000fab00000)
  from space 41472K, 68% used [0x00000000fd780000,0x00000000ff320000,0x0000000100000000)
  to   space 43520K, 0% used [0x00000000fab00000,0x00000000fab00000,0x00000000fd580000)
 ParOldGen       total 129024K, used 72981K [0x00000000c2a00000, 0x00000000ca800000, 0x00000000eb900000)
  object space 129024K, 56% used [0x00000000c2a00000,0x00000000c7145628,0x00000000ca800000)
 Metaspace       used 23840K, capacity 24450K, committed 24704K, reserved 1071104K
  class space    used 2502K, capacity 2683K, committed 2688K, reserved 1048576K
Event: 51.313 GC heap after
Heap after GC invocations=22 (full 3):
 PSYoungGen      total 291328K, used 20576K [0x00000000eb900000, 0x00000000fff00000, 0x0000000100000000)
  eden space 247808K, 0% used [0x00000000eb900000,0x00000000eb900000,0x00000000fab00000)
  from space 43520K, 47% used [0x00000000fab00000,0x00000000fbf18000,0x00000000fd580000)
  to   space 41984K, 0% used [0x00000000fd600000,0x00000000fd600000,0x00000000fff00000)
 ParOldGen       total 129024K, used 81234K [0x00000000c2a00000, 0x00000000ca800000, 0x00000000eb900000)
  object space 129024K, 62% used [0x00000000c2a00000,0x00000000c7954b18,0x00000000ca800000)
 Metaspace       used 23840K, capacity 24450K, committed 24704K, reserved 1071104K
  class space    used 2502K, capacity 2683K, committed 2688K, reserved 1048576K
}
Event: 52.908 GC heap before
{Heap before GC invocations=23 (full 3):
 PSYoungGen      total 291328K, used 268384K [0x00000000eb900000, 0x00000000fff00000, 0x0000000100000000)
  eden space 247808K, 100% used [0x00000000eb900000,0x00000000fab00000,0x00000000fab00000)
  from space 43520K, 47% used [0x00000000fab00000,0x00000000fbf18000,0x00000000fd580000)
  to   space 41984K, 0% used [0x00000000fd600000,0x00000000fd600000,0x00000000fff00000)
 ParOldGen       total 129024K, used 81234K [0x00000000c2a00000, 0x00000000ca800000, 0x00000000eb900000)
  object space 129024K, 62% used [0x00000000c2a00000,0x00000000c7954b18,0x00000000ca800000)
 Metaspace       used 23854K, capacity 24514K, committed 24704K, reserved 1071104K
  class space    used 2502K, capacity 2683K, committed 2688K, reserved 1048576K
Event: 52.954 GC heap after
Heap after GC invocations=23 (full 3):
 PSYoungGen      total 286720K, used 16352K [0x00000000eb900000, 0x00000000ffa80000, 0x0000000100000000)
  eden space 249344K, 0% used [0x00000000eb900000,0x00000000eb900000,0x00000000fac80000)
  from space 37376K, 43% used [0x00000000fd600000,0x00000000fe5f8000,0x00000000ffa80000)
  to   space 39936K, 0% used [0x00000000fac80000,0x00000000fac80000,0x00000000fd380000)
 ParOldGen       total 129024K, used 86535K [0x00000000c2a00000, 0x00000000ca800000, 0x00000000eb900000)
  object space 129024K, 67% used [0x00000000c2a00000,0x00000000c7e81dd8,0x00000000ca800000)
 Metaspace       used 23854K, capacity 24514K, committed 24704K, reserved 1071104K
  class space    used 2502K, capacity 2683K, committed 2688K, reserved 1048576K
}
Event: 54.358 GC heap before
{Heap before GC invocations=24 (full 3):
 PSYoungGen      total 286720K, used 265696K [0x00000000eb900000, 0x00000000ffa80000, 0x0000000100000000)
  eden space 249344K, 100% used [0x00000000eb900000,0x00000000fac80000,0x00000000fac80000)
  from space 37376K, 43% used [0x00000000fd600000,0x00000000fe5f8000,0x00000000ffa80000)
  to   space 39936K, 0% used [0x00000000fac80000,0x00000000fac80000,0x00000000fd380000)
 ParOldGen       total 129024K, used 86535K [0x00000000c2a00000, 0x00000000ca800000, 0x00000000eb900000)
  object space 129024K, 67% used [0x00000000c2a00000,0x00000000c7e81dd8,0x00000000ca800000)
 Metaspace       used 23858K, capacity 24514K, committed 24704K, reserved 1071104K
  class space    used 2502K, capacity 2683K, committed 2688K, reserved 1048576K
Event: 54.410 GC heap after
Heap after GC invocations=24 (full 3):
 PSYoungGen      total 289280K, used 16416K [0x00000000eb900000, 0x00000000ffe80000, 0x0000000100000000)
  eden space 249344K, 0% used [0x00000000eb900000,0x00000000eb900000,0x00000000fac80000)
  from space 39936K, 41% used [0x00000000fac80000,0x00000000fbc88000,0x00000000fd380000)
  to   space 37888K, 0% used [0x00000000fd980000,0x00000000fd980000,0x00000000ffe80000)
 ParOldGen       total 129024K, used 86535K [0x00000000c2a00000, 0x00000000ca800000, 0x00000000eb900000)
  object space 129024K, 67% used [0x00000000c2a00000,0x00000000c7e81dd8,0x00000000ca800000)
 Metaspace       used 23858K, capacity 24514K, committed 24704K, reserved 1071104K
  class space    used 2502K, capacity 2683K, committed 2688K, reserved 1048576K
}

