# JRE version: Java(TM) SE Runtime Environment (8.0_201-b09) (build 1.8.0_201-b09)
# Java VM: Java HotSpot(TM) 64-Bit Server VM (25.201-b09 mixed mode linux-amd64 compressed oops)
Heap:
 PSYoungGen      total 64000K, used 4576K [0x00000000eb900000, 0x00000000efc00000, 0x0000000100000000)
  eden space 59392K, 0% used [0x00000000eb900000,0x00000000eb900000,0x00000000ef300000)
  from space 4608K, 99% used [0x00000000ef300000,0x00000000ef778070,0x00000000ef780000)
  to   space 4608K, 0% used [0x00000000ef780000,0x00000000ef780000,0x00000000efc00000)
 ParOldGen       total 42496K, used 10463K [0x00000000c2a00000, 0x00000000c5380000, 0x00000000eb900000)
  object space 42496K, 24% used [0x00000000c2a00000,0x00000000c3437e90,0x00000000c5380000)
 Metaspace       used 14236K, capacity 14714K, committed 14848K, reserved 1062912K
  class space    used 1595K, capacity 1724K, committed 1792K, reserved 1048576K
GC Heap History (10 events):
Event: 33.044 GC heap after
Heap after GC invocations=5 (full 1):
 PSYoungGen      total 18432K, used 2542K [0x00000000eb900000, 0x00000000ecd80000, 0x0000000100000000)
  eden space 15872K, 0% used [0x00000000eb900000,0x00000000eb900000,0x00000000ec880000)
  from space 2560K, 99% used [0x00000000ecb00000,0x00000000ecd7b820,0x00000000ecd80000)
  to   space 2560K, 0% used [0x00000000ec880000,0x00000000ec880000,0x00000000ecb00000)
 ParOldGen       total 42496K, used 6063K [0x00000000c2a00000, 0x00000000c5380000, 0x00000000eb900000)
  object space 42496K, 14% used [0x00000000c2a00000,0x00000000c2febc28,0x00000000c5380000)
 Metaspace       used 13424K, capacity 13816K, committed 14080K, reserved 1060864K
  class space    used 1561K, capacity 1664K, committed 1792K, reserved 1048576K
}
Event: 33.809 GC heap before
{Heap before GC invocations=6 (full 1):
 PSYoungGen      total 18432K, used 18414K [0x00000000eb900000, 0x00000000ecd80000, 0x0000000100000000)
  eden space 15872K, 100% used [0x00000000eb900000,0x00000000ec880000,0x00000000ec880000)
  from space 2560K, 99% used [0x00000000ecb00000,0x00000000ecd7b820,0x00000000ecd80000)
  to   space 2560K, 0% used [0x00000000ec880000,0x00000000ec880000,0x00000000ecb00000)
 ParOldGen       total 42496K, used 6063K [0x00000000c2a00000, 0x00000000c5380000, 0x00000000eb900000)
  object space 42496K, 14% used [0x00000000c2a00000,0x00000000c2febc28,0x00000000c5380000)
 Metaspace       used 13434K, capacity 13816K, committed 14080K, reserved 1060864K
  class space    used 1561K, capacity 1664K, committed 1792K, reserved 1048576K
Event: 33.825 GC heap after
Heap after GC invocations=6 (full 1):
 PSYoungGen      total 18432K, used 2552K [0x00000000eb900000, 0x00000000edd00000, 0x0000000100000000)
  eden space 15872K, 0% used [0x00000000eb900000,0x00000000eb900000,0x00000000ec880000)
  from space 2560K, 99% used [0x00000000ec880000,0x00000000ecafe010,0x00000000ecb00000)
  to   space 2560K, 0% used [0x00000000eda80000,0x00000000eda80000,0x00000000edd00000)
 ParOldGen       total 42496K, used 6103K [0x00000000c2a00000, 0x00000000c5380000, 0x00000000eb900000)
  object space 42496K, 14% used [0x00000000c2a00000,0x00000000c2ff5c28,0x00000000c5380000)
 Metaspace       used 13434K, capacity 13816K, committed 14080K, reserved 1060864K
  class space    used 1561K, capacity 1664K, committed 1792K, reserved 1048576K
}
Event: 34.553 GC heap before
{Heap before GC invocations=7 (full 1):
 PSYoungGen      total 18432K, used 18424K [0x00000000eb900000, 0x00000000edd00000, 0x0000000100000000)
  eden space 15872K, 100% used [0x00000000eb900000,0x00000000ec880000,0x00000000ec880000)
  from space 2560K, 99% used [0x00000000ec880000,0x00000000ecafe010,0x00000000ecb00000)
  to   space 2560K, 0% used [0x00000000eda80000,0x00000000eda80000,0x00000000edd00000)
 ParOldGen       total 42496K, used 6103K [0x00000000c2a00000, 0x00000000c5380000, 0x00000000eb900000)
  object space 42496K, 14% used [0x00000000c2a00000,0x00000000c2ff5c28,0x00000000c5380000)
 Metaspace       used 13461K, capacity 13816K, committed 14080K, reserved 1060864K
  class space    used 1561K, capacity 1664K, committed 1792K, reserved 1048576K
Event: 34.756 GC heap after
Heap after GC invocations=7 (full 1):
 PSYoungGen      total 32256K, used 2542K [0x00000000eb900000, 0x00000000ee100000, 0x0000000100000000)
  eden space 29696K, 0% used [0x00000000eb900000,0x00000000eb900000,0x00000000ed600000)
  from space 2560K, 99% used [0x00000000eda80000,0x00000000edcfb820,0x00000000edd00000)
  to   space 4608K, 0% used [0x00000000ed600000,0x00000000ed600000,0x00000000eda80000)
 ParOldGen       total 42496K, used 6303K [0x00000000c2a00000, 0x00000000c5380000, 0x00000000eb900000)
  object space 42496K, 14% used [0x00000000c2a00000,0x00000000c3027c28,0x00000000c5380000)
 Metaspace       used 13461K, capacity 13816K, committed 14080K, reserved 1060864K
  class space    used 1561K, capacity 1664K, committed 1792K, reserved 1048576K
}
Event: 36.450 GC heap before
{Heap before GC invocations=8 (full 1):
 PSYoungGen      total 32256K, used 32238K [0x00000000eb900000, 0x00000000ee100000, 0x0000000100000000)
  eden space 29696K, 100% used [0x00000000eb900000,0x00000000ed600000,0x00000000ed600000)
  from space 2560K, 99% used [0x00000000eda80000,0x00000000edcfb820,0x00000000edd00000)
  to   space 4608K, 0% used [0x00000000ed600000,0x00000000ed600000,0x00000000eda80000)
 ParOldGen       total 42496K, used 6303K [0x00000000c2a00000, 0x00000000c5380000, 0x00000000eb900000)
  object space 42496K, 14% used [0x00000000c2a00000,0x00000000c3027c28,0x00000000c5380000)
 Metaspace       used 13564K, capacity 13880K, committed 14080K, reserved 1060864K
  class space    used 1561K, capacity 1664K, committed 1792K, reserved 1048576K
Event: 36.531 GC heap after
Heap after GC invocations=8 (full 1):
 PSYoungGen      total 34304K, used 3806K [0x00000000eb900000, 0x00000000efc00000, 0x0000000100000000)
  eden space 29696K, 0% used [0x00000000eb900000,0x00000000eb900000,0x00000000ed600000)
  from space 4608K, 82% used [0x00000000ed600000,0x00000000ed9b7830,0x00000000eda80000)
  to   space 4608K, 0% used [0x00000000ef780000,0x00000000ef780000,0x00000000efc00000)
 ParOldGen       total 42496K, used 6311K [0x00000000c2a00000, 0x00000000c5380000, 0x00000000eb900000)
  object space 42496K, 14% used [0x00000000c2a00000,0x00000000c3029c28,0x00000000c5380000)
 Metaspace       used 13564K, capacity 13880K, committed 14080K, reserved 1060864K
  class space    used 1561K, capacity 1664K, committed 1792K, reserved 1048576K
}
Event: 38.934 GC heap before
{Heap before GC invocations=9 (full 1):
 PSYoungGen      total 34304K, used 33502K [0x00000000eb900000, 0x00000000efc00000, 0x0000000100000000)
  eden space 29696K, 100% used [0x00000000eb900000,0x00000000ed600000,0x00000000ed600000)
  from space 4608K, 82% used [0x00000000ed600000,0x00000000ed9b7830,0x00000000eda80000)
  to   space 4608K, 0% used [0x00000000ef780000,0x00000000ef780000,0x00000000efc00000)
 ParOldGen       total 42496K, used 6311K [0x00000000c2a00000, 0x00000000c5380000, 0x00000000eb900000)
  object space 42496K, 14% used [0x00000000c2a00000,0x00000000c3029c28,0x00000000c5380000)
 Metaspace       used 13612K, capacity 14008K, committed 14336K, reserved 1062912K
  class space    used 1561K, capacity 1664K, committed 1792K, reserved 1048576K
Event: 39.007 GC heap after
Heap after GC invocations=9 (full 1):
 PSYoungGen      total 64000K, used 3456K [0x00000000eb900000, 0x00000000efc00000, 0x0000000100000000)
  eden space 59392K, 0% used [0x00000000eb900000,0x00000000eb900000,0x00000000ef300000)
  from space 4608K, 75% used [0x00000000ef780000,0x00000000efae0000,0x00000000efc00000)
  to   space 4608K, 0% used [0x00000000ef300000,0x00000000ef300000,0x00000000ef780000)
 ParOldGen       total 42496K, used 8436K [0x00000000c2a00000, 0x00000000c5380000, 0x00000000eb900000)
  object space 42496K, 19% used [0x00000000c2a00000,0x00000000c323d268,0x00000000c5380000)
 Metaspace       used 13612K, capacity 14008K, committed 14336K, reserved 1062912K
  class space    used 1561K, capacity 1664K, committed 1792K, reserved 1048576K
}
Event: 46.778 GC heap before
{Heap before GC invocations=10 (full 1):
 PSYoungGen      total 64000K, used 62848K [0x00000000eb900000, 0x00000000efc00000, 0x0000000100000000)
  eden space 59392K, 100% used [0x00000000eb900000,0x00000000ef300000,0x00000000ef300000)
  from space 4608K, 75% used [0x00000000ef780000,0x00000000efae0000,0x00000000efc00000)
  to   space 4608K, 0% used [0x00000000ef300000,0x00000000ef300000,0x00000000ef780000)
 ParOldGen       total 42496K, used 8436K [0x00000000c2a00000, 0x00000000c5380000, 0x00000000eb900000)
  object space 42496K, 19% used [0x00000000c2a00000,0x00000000c323d268,0x00000000c5380000)
 Metaspace       used 14236K, capacity 14714K, committed 14848K, reserved 1062912K
  class space    used 1595K, capacity 1724K, committed 1792K, reserved 1048576K

