# JRE version: Java(TM) SE Runtime Environment (8.0_201-b09) (build 1.8.0_201-b09)
# Java VM: Java HotSpot(TM) 64-Bit Server VM (25.201-b09 mixed mode linux-amd64 compressed oops)
Heap:
 PSYoungGen      total 121344K, used 68949K [0x00000000eb900000, 0x00000000f9000000, 0x0000000100000000)
  eden space 113664K, 58% used [0x00000000eb900000,0x00000000ef966c00,0x00000000f2800000)
  from space 7680K, 39% used [0x00000000f2800000,0x00000000f2aee890,0x00000000f2f80000)
  to   space 18944K, 0% used [0x00000000f7d80000,0x00000000f7d80000,0x00000000f9000000)
 ParOldGen       total 84992K, used 49460K [0x00000000c2a00000, 0x00000000c7d00000, 0x00000000eb900000)
  object space 84992K, 58% used [0x00000000c2a00000,0x00000000c5a4d1a8,0x00000000c7d00000)
 Metaspace       used 15101K, capacity 15556K, committed 15616K, reserved 1062912K
  class space    used 1645K, capacity 1782K, committed 1792K, reserved 1048576K
GC Heap History (10 events):
Event: 41.259 GC heap before
{Heap before GC invocations=13 (full 1):
 PSYoungGen      total 60416K, used 60388K [0x00000000eb900000, 0x00000000f0c00000, 0x0000000100000000)
  eden space 55296K, 100% used [0x00000000eb900000,0x00000000eef00000,0x00000000eef00000)
  from space 5120K, 99% used [0x00000000eef00000,0x00000000ef3f9398,0x00000000ef400000)
  to   space 6656K, 0% used [0x00000000f0580000,0x00000000f0580000,0x00000000f0c00000)
 ParOldGen       total 42496K, used 14456K [0x00000000c2a00000, 0x00000000c5380000, 0x00000000eb900000)
  object space 42496K, 34% used [0x00000000c2a00000,0x00000000c381e2d0,0x00000000c5380000)
 Metaspace       used 14911K, capacity 15374K, committed 15616K, reserved 1062912K
  class space    used 1635K, capacity 1775K, committed 1792K, reserved 1048576K
Event: 41.295 GC heap after
Heap after GC invocations=13 (full 1):
 PSYoungGen      total 77824K, used 5976K [0x00000000eb900000, 0x00000000f1d80000, 0x0000000100000000)
  eden space 71168K, 0% used [0x00000000eb900000,0x00000000eb900000,0x00000000efe80000)
  from space 6656K, 89% used [0x00000000f0580000,0x00000000f0b56030,0x00000000f0c00000)
  to   space 7168K, 0% used [0x00000000efe80000,0x00000000efe80000,0x00000000f0580000)
 ParOldGen       total 42496K, used 19551K [0x00000000c2a00000, 0x00000000c5380000, 0x00000000eb900000)
  object space 42496K, 46% used [0x00000000c2a00000,0x00000000c3d17f88,0x00000000c5380000)
 Metaspace       used 14911K, capacity 15374K, committed 15616K, reserved 1062912K
  class space    used 1635K, capacity 1775K, committed 1792K, reserved 1048576K
}
Event: 63.560 GC heap before
{Heap before GC invocations=14 (full 1):
 PSYoungGen      total 77824K, used 77144K [0x00000000eb900000, 0x00000000f1d80000, 0x0000000100000000)
  eden space 71168K, 100% used [0x00000000eb900000,0x00000000efe80000,0x00000000efe80000)
  from space 6656K, 89% used [0x00000000f0580000,0x00000000f0b56030,0x00000000f0c00000)
  to   space 7168K, 0% used [0x00000000efe80000,0x00000000efe80000,0x00000000f0580000)
 ParOldGen       total 42496K, used 19551K [0x00000000c2a00000, 0x00000000c5380000, 0x00000000eb900000)
  object space 42496K, 46% used [0x00000000c2a00000,0x00000000c3d17f88,0x00000000c5380000)
 Metaspace       used 14982K, capacity 15474K, committed 15616K, reserved 1062912K
  class space    used 1639K, capacity 1779K, committed 1792K, reserved 1048576K
Event: 63.576 GC heap after
Heap after GC invocations=14 (full 1):
 PSYoungGen      total 78336K, used 2470K [0x00000000eb900000, 0x00000000f3680000, 0x0000000100000000)
  eden space 71168K, 0% used [0x00000000eb900000,0x00000000eb900000,0x00000000efe80000)
  from space 7168K, 34% used [0x00000000efe80000,0x00000000f00e9830,0x00000000f0580000)
  to   space 7168K, 0% used [0x00000000f2f80000,0x00000000f2f80000,0x00000000f3680000)
 ParOldGen       total 42496K, used 22793K [0x00000000c2a00000, 0x00000000c5380000, 0x00000000eb900000)
  object space 42496K, 53% used [0x00000000c2a00000,0x00000000c40426a8,0x00000000c5380000)
 Metaspace       used 14982K, capacity 15474K, committed 15616K, reserved 1062912K
  class space    used 1639K, capacity 1779K, committed 1792K, reserved 1048576K
}
Event: 78.779 GC heap before
{Heap before GC invocations=15 (full 1):
 PSYoungGen      total 78336K, used 73638K [0x00000000eb900000, 0x00000000f3680000, 0x0000000100000000)
  eden space 71168K, 100% used [0x00000000eb900000,0x00000000efe80000,0x00000000efe80000)
  from space 7168K, 34% used [0x00000000efe80000,0x00000000f00e9830,0x00000000f0580000)
  to   space 7168K, 0% used [0x00000000f2f80000,0x00000000f2f80000,0x00000000f3680000)
 ParOldGen       total 42496K, used 22793K [0x00000000c2a00000, 0x00000000c5380000, 0x00000000eb900000)
  object space 42496K, 53% used [0x00000000c2a00000,0x00000000c40426a8,0x00000000c5380000)
 Metaspace       used 14996K, capacity 15474K, committed 15616K, reserved 1062912K
  class space    used 1639K, capacity 1779K, committed 1792K, reserved 1048576K
Event: 78.787 GC heap after
Heap after GC invocations=15 (full 1):
 PSYoungGen      total 120832K, used 1376K [0x00000000eb900000, 0x00000000f3780000, 0x0000000100000000)
  eden space 113664K, 0% used [0x00000000eb900000,0x00000000eb900000,0x00000000f2800000)
  from space 7168K, 19% used [0x00000000f2f80000,0x00000000f30d8000,0x00000000f3680000)
  to   space 7680K, 0% used [0x00000000f2800000,0x00000000f2800000,0x00000000f2f80000)
 ParOldGen       total 42496K, used 22873K [0x00000000c2a00000, 0x00000000c5380000, 0x00000000eb900000)
  object space 42496K, 53% used [0x00000000c2a00000,0x00000000c40566c8,0x00000000c5380000)
 Metaspace       used 14996K, capacity 15474K, committed 15616K, reserved 1062912K
  class space    used 1639K, capacity 1779K, committed 1792K, reserved 1048576K
}
Event: 84.796 GC heap before
{Heap before GC invocations=16 (full 1):
 PSYoungGen      total 120832K, used 115040K [0x00000000eb900000, 0x00000000f3780000, 0x0000000100000000)
  eden space 113664K, 100% used [0x00000000eb900000,0x00000000f2800000,0x00000000f2800000)
  from space 7168K, 19% used [0x00000000f2f80000,0x00000000f30d8000,0x00000000f3680000)
  to   space 7680K, 0% used [0x00000000f2800000,0x00000000f2800000,0x00000000f2f80000)
 ParOldGen       total 42496K, used 22873K [0x00000000c2a00000, 0x00000000c5380000, 0x00000000eb900000)
  object space 42496K, 53% used [0x00000000c2a00000,0x00000000c40566c8,0x00000000c5380000)
 Metaspace       used 15041K, capacity 15550K, committed 15616K, reserved 1062912K
  class space    used 1641K, capacity 1781K, committed 1792K, reserved 1048576K
Event: 84.875 GC heap after
Heap after GC invocations=16 (full 1):
 PSYoungGen      total 121344K, used 7648K [0x00000000eb900000, 0x00000000f9000000, 0x0000000100000000)
  eden space 113664K, 0% used [0x00000000eb900000,0x00000000eb900000,0x00000000f2800000)
  from space 7680K, 99% used [0x00000000f2800000,0x00000000f2f78030,0x00000000f2f80000)
  to   space 18944K, 0% used [0x00000000f7d80000,0x00000000f7d80000,0x00000000f9000000)
 ParOldGen       total 50688K, used 50662K [0x00000000c2a00000, 0x00000000c5b80000, 0x00000000eb900000)
  object space 50688K, 99% used [0x00000000c2a00000,0x00000000c5b79b68,0x00000000c5b80000)
 Metaspace       used 15041K, capacity 15550K, committed 15616K, reserved 1062912K
  class space    used 1641K, capacity 1781K, committed 1792K, reserved 1048576K
}
Event: 84.875 GC heap before
{Heap before GC invocations=17 (full 2):
 PSYoungGen      total 121344K, used 7648K [0x00000000eb900000, 0x00000000f9000000, 0x0000000100000000)
  eden space 113664K, 0% used [0x00000000eb900000,0x00000000eb900000,0x00000000f2800000)
  from space 7680K, 99% used [0x00000000f2800000,0x00000000f2f78030,0x00000000f2f80000)
  to   space 18944K, 0% used [0x00000000f7d80000,0x00000000f7d80000,0x00000000f9000000)
 ParOldGen       total 50688K, used 50662K [0x00000000c2a00000, 0x00000000c5b80000, 0x00000000eb900000)
  object space 50688K, 99% used [0x00000000c2a00000,0x00000000c5b79b68,0x00000000c5b80000)
 Metaspace       used 15041K, capacity 15550K, committed 15616K, reserved 1062912K
  class space    used 1641K, capacity 1781K, committed 1792K, reserved 1048576K
Event: 85.585 GC heap after
Heap after GC invocations=17 (full 2):
 PSYoungGen      total 121344K, used 3002K [0x00000000eb900000, 0x00000000f9000000, 0x0000000100000000)
  eden space 113664K, 0% used [0x00000000eb900000,0x00000000eb900000,0x00000000f2800000)
  from space 7680K, 39% used [0x00000000f2800000,0x00000000f2aee890,0x00000000f2f80000)
  to   space 18944K, 0% used [0x00000000f7d80000,0x00000000f7d80000,0x00000000f9000000)
 ParOldGen       total 84992K, used 49460K [0x00000000c2a00000, 0x00000000c7d00000, 0x00000000eb900000)
  object space 84992K, 58% used [0x00000000c2a00000,0x00000000c5a4d1a8,0x00000000c7d00000)
 Metaspace       used 15041K, capacity 15550K, committed 15616K, reserved 1062912K
  class space    used 1641K, capacity 1781K, committed 1792K, reserved 1048576K
}

