# JRE version: Java(TM) SE Runtime Environment (8.0_201-b09) (build 1.8.0_201-b09)
# Java VM: Java HotSpot(TM) 64-Bit Server VM (25.201-b09 mixed mode linux-amd64 compressed oops)
Heap:
 PSYoungGen      total 301056K, used 241571K [0x00000000eb900000, 0x0000000100000000, 0x0000000100000000)
  eden space 267264K, 77% used [0x00000000eb900000,0x00000000f83e96e8,0x00000000fbe00000)
  from space 33792K, 99% used [0x00000000fbe00000,0x00000000fdeff808,0x00000000fdf00000)
  to   space 33792K, 0% used [0x00000000fdf00000,0x00000000fdf00000,0x0000000100000000)
 ParOldGen       total 201216K, used 157122K [0x00000000c2a00000, 0x00000000cee80000, 0x00000000eb900000)
  object space 201216K, 78% used [0x00000000c2a00000,0x00000000cc370b68,0x00000000cee80000)
 Metaspace       used 34544K, capacity 35914K, committed 35968K, reserved 1081344K
  class space    used 3582K, capacity 3916K, committed 3968K, reserved 1048576K
GC Heap History (10 events):
Event: 145.717 GC heap before
{Heap before GC invocations=69 (full 4):
 PSYoungGen      total 304128K, used 292776K [0x00000000eb900000, 0x00000000ffd00000, 0x0000000100000000)
  eden space 275456K, 100% used [0x00000000eb900000,0x00000000fc600000,0x00000000fc600000)
  from space 28672K, 60% used [0x00000000fe100000,0x00000000ff1ea358,0x00000000ffd00000)
  to   space 27648K, 0% used [0x00000000fc600000,0x00000000fc600000,0x00000000fe100000)
 ParOldGen       total 201216K, used 138682K [0x00000000c2a00000, 0x00000000cee80000, 0x00000000eb900000)
  object space 201216K, 68% used [0x00000000c2a00000,0x00000000cb16e990,0x00000000cee80000)
 Metaspace       used 25266K, capacity 26314K, committed 26496K, reserved 1073152K
  class space    used 2602K, capacity 2873K, committed 2944K, reserved 1048576K
Event: 145.749 GC heap after
Heap after GC invocations=69 (full 4):
 PSYoungGen      total 303104K, used 17633K [0x00000000eb900000, 0x00000000ffd00000, 0x0000000100000000)
  eden space 275456K, 0% used [0x00000000eb900000,0x00000000eb900000,0x00000000fc600000)
  from space 27648K, 63% used [0x00000000fc600000,0x00000000fd738500,0x00000000fe100000)
  to   space 26624K, 0% used [0x00000000fe300000,0x00000000fe300000,0x00000000ffd00000)
 ParOldGen       total 201216K, used 138682K [0x00000000c2a00000, 0x00000000cee80000, 0x00000000eb900000)
  object space 201216K, 68% used [0x00000000c2a00000,0x00000000cb16e990,0x00000000cee80000)
 Metaspace       used 25266K, capacity 26314K, committed 26496K, reserved 1073152K
  class space    used 2602K, capacity 2873K, committed 2944K, reserved 1048576K
}
Event: 147.743 GC heap before
{Heap before GC invocations=70 (full 4):
 PSYoungGen      total 303104K, used 293089K [0x00000000eb900000, 0x00000000ffd00000, 0x0000000100000000)
  eden space 275456K, 100% used [0x00000000eb900000,0x00000000fc600000,0x00000000fc600000)
  from space 27648K, 63% used [0x00000000fc600000,0x00000000fd738500,0x00000000fe100000)
  to   space 26624K, 0% used [0x00000000fe300000,0x00000000fe300000,0x00000000ffd00000)
 ParOldGen       total 201216K, used 138682K [0x00000000c2a00000, 0x00000000cee80000, 0x00000000eb900000)
  object space 201216K, 68% used [0x00000000c2a00000,0x00000000cb16e990,0x00000000cee80000)
 Metaspace       used 25325K, capacity 26448K, committed 26752K, reserved 1073152K
  class space    used 2602K, capacity 2874K, committed 2944K, reserved 1048576K
Event: 147.778 GC heap after
Heap after GC invocations=70 (full 4):
 PSYoungGen      total 305664K, used 18982K [0x00000000eb900000, 0x00000000ffe00000, 0x0000000100000000)
  eden space 279040K, 0% used [0x00000000eb900000,0x00000000eb900000,0x00000000fc980000)
  from space 26624K, 71% used [0x00000000fe300000,0x00000000ff589b08,0x00000000ffd00000)
  to   space 26112K, 0% used [0x00000000fc980000,0x00000000fc980000,0x00000000fe300000)
 ParOldGen       total 201216K, used 138690K [0x00000000c2a00000, 0x00000000cee80000, 0x00000000eb900000)
  object space 201216K, 68% used [0x00000000c2a00000,0x00000000cb170990,0x00000000cee80000)
 Metaspace       used 25325K, capacity 26448K, committed 26752K, reserved 1073152K
  class space    used 2602K, capacity 2874K, committed 2944K, reserved 1048576K
}
Event: 149.901 GC heap before
{Heap before GC invocations=71 (full 4):
 PSYoungGen      total 305664K, used 298022K [0x00000000eb900000, 0x00000000ffe00000, 0x0000000100000000)
  eden space 279040K, 100% used [0x00000000eb900000,0x00000000fc980000,0x00000000fc980000)
  from space 26624K, 71% used [0x00000000fe300000,0x00000000ff589b08,0x00000000ffd00000)
  to   space 26112K, 0% used [0x00000000fc980000,0x00000000fc980000,0x00000000fe300000)
 ParOldGen       total 201216K, used 138690K [0x00000000c2a00000, 0x00000000cee80000, 0x00000000eb900000)
  object space 201216K, 68% used [0x00000000c2a00000,0x00000000cb170990,0x00000000cee80000)
 Metaspace       used 25367K, capacity 26524K, committed 26752K, reserved 1073152K
  class space    used 2607K, capacity 2876K, committed 2944K, reserved 1048576K
Event: 150.009 GC heap after
Heap after GC invocations=71 (full 4):
 PSYoungGen      total 305152K, used 26103K [0x00000000eb900000, 0x0000000100000000, 0x0000000100000000)
  eden space 279040K, 0% used [0x00000000eb900000,0x00000000eb900000,0x00000000fc980000)
  from space 26112K, 99% used [0x00000000fc980000,0x00000000fe2fded8,0x00000000fe300000)
  to   space 29696K, 0% used [0x00000000fe300000,0x00000000fe300000,0x0000000100000000)
 ParOldGen       total 201216K, used 149250K [0x00000000c2a00000, 0x00000000cee80000, 0x00000000eb900000)
  object space 201216K, 74% used [0x00000000c2a00000,0x00000000cbbc0860,0x00000000cee80000)
 Metaspace       used 25367K, capacity 26524K, committed 26752K, reserved 1073152K
  class space    used 2607K, capacity 2876K, committed 2944K, reserved 1048576K
}
Event: 151.568 GC heap before
{Heap before GC invocations=72 (full 4):
 PSYoungGen      total 305152K, used 305143K [0x00000000eb900000, 0x0000000100000000, 0x0000000100000000)
  eden space 279040K, 100% used [0x00000000eb900000,0x00000000fc980000,0x00000000fc980000)
  from space 26112K, 99% used [0x00000000fc980000,0x00000000fe2fded8,0x00000000fe300000)
  to   space 29696K, 0% used [0x00000000fe300000,0x00000000fe300000,0x0000000100000000)
 ParOldGen       total 201216K, used 149250K [0x00000000c2a00000, 0x00000000cee80000, 0x00000000eb900000)
  object space 201216K, 74% used [0x00000000c2a00000,0x00000000cbbc0860,0x00000000cee80000)
 Metaspace       used 25376K, capacity 26530K, committed 26752K, reserved 1073152K
  class space    used 2608K, capacity 2877K, committed 2944K, reserved 1048576K
Event: 151.628 GC heap after
Heap after GC invocations=72 (full 4):
 PSYoungGen      total 296960K, used 26175K [0x00000000eb900000, 0x0000000100000000, 0x0000000100000000)
  eden space 267264K, 0% used [0x00000000eb900000,0x00000000eb900000,0x00000000fbe00000)
  from space 29696K, 88% used [0x00000000fe300000,0x00000000ffc8fc60,0x0000000100000000)
  to   space 33792K, 0% used [0x00000000fbe00000,0x00000000fbe00000,0x00000000fdf00000)
 ParOldGen       total 201216K, used 150354K [0x00000000c2a00000, 0x00000000cee80000, 0x00000000eb900000)
  object space 201216K, 74% used [0x00000000c2a00000,0x00000000cbcd48a0,0x00000000cee80000)
 Metaspace       used 25376K, capacity 26530K, committed 26752K, reserved 1073152K
  class space    used 2608K, capacity 2877K, committed 2944K, reserved 1048576K
}
Event: 157.617 GC heap before
{Heap before GC invocations=73 (full 4):
 PSYoungGen      total 296960K, used 293439K [0x00000000eb900000, 0x0000000100000000, 0x0000000100000000)
  eden space 267264K, 100% used [0x00000000eb900000,0x00000000fbe00000,0x00000000fbe00000)
  from space 29696K, 88% used [0x00000000fe300000,0x00000000ffc8fc60,0x0000000100000000)
  to   space 33792K, 0% used [0x00000000fbe00000,0x00000000fbe00000,0x00000000fdf00000)
 ParOldGen       total 201216K, used 150354K [0x00000000c2a00000, 0x00000000cee80000, 0x00000000eb900000)
  object space 201216K, 74% used [0x00000000c2a00000,0x00000000cbcd48a0,0x00000000cee80000)
 Metaspace       used 31227K, capacity 32354K, committed 32512K, reserved 1079296K
  class space    used 3250K, capacity 3517K, committed 3584K, reserved 1048576K
Event: 158.006 GC heap after
Heap after GC invocations=73 (full 4):
 PSYoungGen      total 301056K, used 33790K [0x00000000eb900000, 0x0000000100000000, 0x0000000100000000)
  eden space 267264K, 0% used [0x00000000eb900000,0x00000000eb900000,0x00000000fbe00000)
  from space 33792K, 99% used [0x00000000fbe00000,0x00000000fdeff808,0x00000000fdf00000)
  to   space 33792K, 0% used [0x00000000fdf00000,0x00000000fdf00000,0x0000000100000000)
 ParOldGen       total 201216K, used 157122K [0x00000000c2a00000, 0x00000000cee80000, 0x00000000eb900000)
  object space 201216K, 78% used [0x00000000c2a00000,0x00000000cc370b68,0x00000000cee80000)
 Metaspace       used 31227K, capacity 32354K, committed 32512K, reserved 1079296K
  class space    used 3250K, capacity 3517K, committed 3584K, reserved 1048576K
}

