# JRE version: Java(TM) SE Runtime Environment (8.0_201-b09) (build 1.8.0_201-b09)
# Java VM: Java HotSpot(TM) 64-Bit Server VM (25.201-b09 mixed mode linux-amd64 compressed oops)
Heap:
 PSYoungGen      total 157696K, used 10240K [0x00000000eb900000, 0x00000000f7a00000, 0x0000000100000000)
  eden space 147456K, 0% used [0x00000000eb900000,0x00000000eb900000,0x00000000f4900000)
  from space 10240K, 100% used [0x00000000f4900000,0x00000000f5300000,0x00000000f5300000)
  to   space 10240K, 0% used [0x00000000f5300000,0x00000000f5300000,0x00000000f5d00000)
 ParOldGen       total 42496K, used 34477K [0x00000000c2a00000, 0x00000000c5380000, 0x00000000eb900000)
  object space 42496K, 81% used [0x00000000c2a00000,0x00000000c4bab7c0,0x00000000c5380000)
 Metaspace       used 15042K, capacity 15556K, committed 15616K, reserved 1062912K
  class space    used 1642K, capacity 1782K, committed 1792K, reserved 1048576K
GC Heap History (10 events):
Event: 32.286 GC heap after
Heap after GC invocations=9 (full 1):
 PSYoungGen      total 62464K, used 5088K [0x00000000eb900000, 0x00000000efe00000, 0x0000000100000000)
  eden space 57344K, 0% used [0x00000000eb900000,0x00000000eb900000,0x00000000ef100000)
  from space 5120K, 99% used [0x00000000ef700000,0x00000000efbf80a0,0x00000000efc00000)
  to   space 6144K, 0% used [0x00000000ef100000,0x00000000ef100000,0x00000000ef700000)
 ParOldGen       total 42496K, used 9252K [0x00000000c2a00000, 0x00000000c5380000, 0x00000000eb900000)
  object space 42496K, 21% used [0x00000000c2a00000,0x00000000c33091a8,0x00000000c5380000)
 Metaspace       used 13887K, capacity 14304K, committed 14592K, reserved 1062912K
  class space    used 1584K, capacity 1702K, committed 1792K, reserved 1048576K
}
Event: 35.893 GC heap before
{Heap before GC invocations=10 (full 1):
 PSYoungGen      total 62464K, used 62432K [0x00000000eb900000, 0x00000000efe00000, 0x0000000100000000)
  eden space 57344K, 100% used [0x00000000eb900000,0x00000000ef100000,0x00000000ef100000)
  from space 5120K, 99% used [0x00000000ef700000,0x00000000efbf80a0,0x00000000efc00000)
  to   space 6144K, 0% used [0x00000000ef100000,0x00000000ef100000,0x00000000ef700000)
 ParOldGen       total 42496K, used 9252K [0x00000000c2a00000, 0x00000000c5380000, 0x00000000eb900000)
  object space 42496K, 21% used [0x00000000c2a00000,0x00000000c33091a8,0x00000000c5380000)
 Metaspace       used 13924K, capacity 14304K, committed 14592K, reserved 1062912K
  class space    used 1584K, capacity 1702K, committed 1792K, reserved 1048576K
Event: 35.972 GC heap after
Heap after GC invocations=10 (full 1):
 PSYoungGen      total 63488K, used 6112K [0x00000000eb900000, 0x00000000f3900000, 0x0000000100000000)
  eden space 57344K, 0% used [0x00000000eb900000,0x00000000eb900000,0x00000000ef100000)
  from space 6144K, 99% used [0x00000000ef100000,0x00000000ef6f8010,0x00000000ef700000)
  to   space 8192K, 0% used [0x00000000f3100000,0x00000000f3100000,0x00000000f3900000)
 ParOldGen       total 42496K, used 12489K [0x00000000c2a00000, 0x00000000c5380000, 0x00000000eb900000)
  object space 42496K, 29% used [0x00000000c2a00000,0x00000000c36324a0,0x00000000c5380000)
 Metaspace       used 13924K, capacity 14304K, committed 14592K, reserved 1062912K
  class space    used 1584K, capacity 1702K, committed 1792K, reserved 1048576K
}
Event: 45.182 GC heap before
{Heap before GC invocations=11 (full 1):
 PSYoungGen      total 63488K, used 63456K [0x00000000eb900000, 0x00000000f3900000, 0x0000000100000000)
  eden space 57344K, 100% used [0x00000000eb900000,0x00000000ef100000,0x00000000ef100000)
  from space 6144K, 99% used [0x00000000ef100000,0x00000000ef6f8010,0x00000000ef700000)
  to   space 8192K, 0% used [0x00000000f3100000,0x00000000f3100000,0x00000000f3900000)
 ParOldGen       total 42496K, used 12489K [0x00000000c2a00000, 0x00000000c5380000, 0x00000000eb900000)
  object space 42496K, 29% used [0x00000000c2a00000,0x00000000c36324a0,0x00000000c5380000)
 Metaspace       used 14774K, capacity 15250K, committed 15360K, reserved 1062912K
  class space    used 1625K, capacity 1765K, committed 1792K, reserved 1048576K
Event: 45.219 GC heap after
Heap after GC invocations=11 (full 1):
 PSYoungGen      total 100352K, used 8192K [0x00000000eb900000, 0x00000000f3900000, 0x0000000100000000)
  eden space 92160K, 0% used [0x00000000eb900000,0x00000000eb900000,0x00000000f1300000)
  from space 8192K, 100% used [0x00000000f3100000,0x00000000f3900000,0x00000000f3900000)
  to   space 10240K, 0% used [0x00000000f2500000,0x00000000f2500000,0x00000000f2f00000)
 ParOldGen       total 42496K, used 16423K [0x00000000c2a00000, 0x00000000c5380000, 0x00000000eb900000)
  object space 42496K, 38% used [0x00000000c2a00000,0x00000000c3a09ff0,0x00000000c5380000)
 Metaspace       used 14774K, capacity 15250K, committed 15360K, reserved 1062912K
  class space    used 1625K, capacity 1765K, committed 1792K, reserved 1048576K
}
Event: 62.807 GC heap before
{Heap before GC invocations=12 (full 1):
 PSYoungGen      total 100352K, used 100352K [0x00000000eb900000, 0x00000000f3900000, 0x0000000100000000)
  eden space 92160K, 100% used [0x00000000eb900000,0x00000000f1300000,0x00000000f1300000)
  from space 8192K, 100% used [0x00000000f3100000,0x00000000f3900000,0x00000000f3900000)
  to   space 10240K, 0% used [0x00000000f2500000,0x00000000f2500000,0x00000000f2f00000)
 ParOldGen       total 42496K, used 16423K [0x00000000c2a00000, 0x00000000c5380000, 0x00000000eb900000)
  object space 42496K, 38% used [0x00000000c2a00000,0x00000000c3a09ff0,0x00000000c5380000)
 Metaspace       used 14989K, capacity 15474K, committed 15616K, reserved 1062912K
  class space    used 1640K, capacity 1779K, committed 1792K, reserved 1048576K
Event: 62.866 GC heap after
Heap after GC invocations=12 (full 1):
 PSYoungGen      total 120832K, used 6182K [0x00000000eb900000, 0x00000000f5d00000, 0x0000000100000000)
  eden space 110592K, 0% used [0x00000000eb900000,0x00000000eb900000,0x00000000f2500000)
  from space 10240K, 60% used [0x00000000f2500000,0x00000000f2b09830,0x00000000f2f00000)
  to   space 10240K, 0% used [0x00000000f5300000,0x00000000f5300000,0x00000000f5d00000)
 ParOldGen       total 42496K, used 21156K [0x00000000c2a00000, 0x00000000c5380000, 0x00000000eb900000)
  object space 42496K, 49% used [0x00000000c2a00000,0x00000000c3ea90a0,0x00000000c5380000)
 Metaspace       used 14989K, capacity 15474K, committed 15616K, reserved 1062912K
  class space    used 1640K, capacity 1779K, committed 1792K, reserved 1048576K
}
Event: 80.223 GC heap before
{Heap before GC invocations=13 (full 1):
 PSYoungGen      total 120832K, used 116774K [0x00000000eb900000, 0x00000000f5d00000, 0x0000000100000000)
  eden space 110592K, 100% used [0x00000000eb900000,0x00000000f2500000,0x00000000f2500000)
  from space 10240K, 60% used [0x00000000f2500000,0x00000000f2b09830,0x00000000f2f00000)
  to   space 10240K, 0% used [0x00000000f5300000,0x00000000f5300000,0x00000000f5d00000)
 ParOldGen       total 42496K, used 21156K [0x00000000c2a00000, 0x00000000c5380000, 0x00000000eb900000)
  object space 42496K, 49% used [0x00000000c2a00000,0x00000000c3ea90a0,0x00000000c5380000)
 Metaspace       used 15012K, capacity 15550K, committed 15616K, reserved 1062912K
  class space    used 1641K, capacity 1781K, committed 1792K, reserved 1048576K
Event: 80.242 GC heap after
Heap after GC invocations=13 (full 1):
 PSYoungGen      total 157696K, used 2040K [0x00000000eb900000, 0x00000000f7a00000, 0x0000000100000000)
  eden space 147456K, 0% used [0x00000000eb900000,0x00000000eb900000,0x00000000f4900000)
  from space 10240K, 19% used [0x00000000f5300000,0x00000000f54fe020,0x00000000f5d00000)
  to   space 10240K, 0% used [0x00000000f4900000,0x00000000f4900000,0x00000000f5300000)
 ParOldGen       total 42496K, used 24852K [0x00000000c2a00000, 0x00000000c5380000, 0x00000000eb900000)
  object space 42496K, 58% used [0x00000000c2a00000,0x00000000c4245120,0x00000000c5380000)
 Metaspace       used 15012K, capacity 15550K, committed 15616K, reserved 1062912K
  class space    used 1641K, capacity 1781K, committed 1792K, reserved 1048576K
}
Event: 85.640 GC heap before
{Heap before GC invocations=14 (full 1):
 PSYoungGen      total 157696K, used 149496K [0x00000000eb900000, 0x00000000f7a00000, 0x0000000100000000)
  eden space 147456K, 100% used [0x00000000eb900000,0x00000000f4900000,0x00000000f4900000)
  from space 10240K, 19% used [0x00000000f5300000,0x00000000f54fe020,0x00000000f5d00000)
  to   space 10240K, 0% used [0x00000000f4900000,0x00000000f4900000,0x00000000f5300000)
 ParOldGen       total 42496K, used 24852K [0x00000000c2a00000, 0x00000000c5380000, 0x00000000eb900000)
  object space 42496K, 58% used [0x00000000c2a00000,0x00000000c4245120,0x00000000c5380000)
 Metaspace       used 15042K, capacity 15556K, committed 15616K, reserved 1062912K
  class space    used 1642K, capacity 1782K, committed 1792K, reserved 1048576K

