# JRE version: Java(TM) SE Runtime Environment (8.0_201-b09) (build 1.8.0_201-b09)
# Java VM: Java HotSpot(TM) 64-Bit Server VM (25.201-b09 mixed mode linux-amd64 compressed oops)
Heap:
 PSYoungGen      total 108544K, used 1776K [0x00000000eb900000, 0x00000000f2980000, 0x0000000100000000)
  eden space 101888K, 0% used [0x00000000eb900000,0x00000000eb900000,0x00000000f1c80000)
  from space 6656K, 26% used [0x00000000f1c80000,0x00000000f1e3c120,0x00000000f2300000)
  to   space 6656K, 0% used [0x00000000f2300000,0x00000000f2300000,0x00000000f2980000)
 ParOldGen       total 42496K, used 17878K [0x00000000c2a00000, 0x00000000c5380000, 0x00000000eb900000)
  object space 42496K, 42% used [0x00000000c2a00000,0x00000000c3b75858,0x00000000c5380000)
 Metaspace       used 14291K, capacity 14802K, committed 15104K, reserved 1062912K
  class space    used 1615K, capacity 1749K, committed 1792K, reserved 1048576K
GC Heap History (10 events):
Event: 42.676 GC heap after
Heap after GC invocations=6 (full 0):
 PSYoungGen      total 38912K, used 2784K [0x00000000eb900000, 0x00000000ee600000, 0x0000000100000000)
  eden space 31744K, 0% used [0x00000000eb900000,0x00000000eb900000,0x00000000ed800000)
  from space 7168K, 38% used [0x00000000edf00000,0x00000000ee1b8000,0x00000000ee600000)
  to   space 7168K, 0% used [0x00000000ed800000,0x00000000ed800000,0x00000000edf00000)
 ParOldGen       total 42496K, used 9577K [0x00000000c2a00000, 0x00000000c5380000, 0x00000000eb900000)
  object space 42496K, 22% used [0x00000000c2a00000,0x00000000c335a490,0x00000000c5380000)
 Metaspace       used 14175K, capacity 14610K, committed 14848K, reserved 1062912K
  class space    used 1615K, capacity 1749K, committed 1792K, reserved 1048576K
}
Event: 42.940 GC heap before
{Heap before GC invocations=7 (full 0):
 PSYoungGen      total 38912K, used 34528K [0x00000000eb900000, 0x00000000ee600000, 0x0000000100000000)
  eden space 31744K, 100% used [0x00000000eb900000,0x00000000ed800000,0x00000000ed800000)
  from space 7168K, 38% used [0x00000000edf00000,0x00000000ee1b8000,0x00000000ee600000)
  to   space 7168K, 0% used [0x00000000ed800000,0x00000000ed800000,0x00000000edf00000)
 ParOldGen       total 42496K, used 9577K [0x00000000c2a00000, 0x00000000c5380000, 0x00000000eb900000)
  object space 42496K, 22% used [0x00000000c2a00000,0x00000000c335a490,0x00000000c5380000)
 Metaspace       used 14231K, capacity 14738K, committed 14848K, reserved 1062912K
  class space    used 1615K, capacity 1749K, committed 1792K, reserved 1048576K
Event: 42.966 GC heap after
Heap after GC invocations=7 (full 0):
 PSYoungGen      total 38912K, used 4496K [0x00000000eb900000, 0x00000000f0500000, 0x0000000100000000)
  eden space 31744K, 0% used [0x00000000eb900000,0x00000000eb900000,0x00000000ed800000)
  from space 7168K, 62% used [0x00000000ed800000,0x00000000edc64010,0x00000000edf00000)
  to   space 7168K, 0% used [0x00000000efe00000,0x00000000efe00000,0x00000000f0500000)
 ParOldGen       total 42496K, used 10326K [0x00000000c2a00000, 0x00000000c5380000, 0x00000000eb900000)
  object space 42496K, 24% used [0x00000000c2a00000,0x00000000c3415910,0x00000000c5380000)
 Metaspace       used 14231K, capacity 14738K, committed 14848K, reserved 1062912K
  class space    used 1615K, capacity 1749K, committed 1792K, reserved 1048576K
}
Event: 43.255 GC heap before
{Heap before GC invocations=8 (full 0):
 PSYoungGen      total 38912K, used 36240K [0x00000000eb900000, 0x00000000f0500000, 0x0000000100000000)
  eden space 31744K, 100% used [0x00000000eb900000,0x00000000ed800000,0x00000000ed800000)
  from space 7168K, 62% used [0x00000000ed800000,0x00000000edc64010,0x00000000edf00000)
  to   space 7168K, 0% used [0x00000000efe00000,0x00000000efe00000,0x00000000f0500000)
 ParOldGen       total 42496K, used 10326K [0x00000000c2a00000, 0x00000000c5380000, 0x00000000eb900000)
  object space 42496K, 24% used [0x00000000c2a00000,0x00000000c3415910,0x00000000c5380000)
 Metaspace       used 14241K, capacity 14738K, committed 14848K, reserved 1062912K
  class space    used 1615K, capacity 1749K, committed 1792K, reserved 1048576K
Event: 43.271 GC heap after
Heap after GC invocations=8 (full 0):
 PSYoungGen      total 69632K, used 4160K [0x00000000eb900000, 0x00000000f0400000, 0x0000000100000000)
  eden space 63488K, 0% used [0x00000000eb900000,0x00000000eb900000,0x00000000ef700000)
  from space 6144K, 67% used [0x00000000efe00000,0x00000000f0210060,0x00000000f0400000)
  to   space 6656K, 0% used [0x00000000ef700000,0x00000000ef700000,0x00000000efd80000)
 ParOldGen       total 42496K, used 11518K [0x00000000c2a00000, 0x00000000c5380000, 0x00000000eb900000)
  object space 42496K, 27% used [0x00000000c2a00000,0x00000000c353f910,0x00000000c5380000)
 Metaspace       used 14241K, capacity 14738K, committed 14848K, reserved 1062912K
  class space    used 1615K, capacity 1749K, committed 1792K, reserved 1048576K
}
Event: 43.905 GC heap before
{Heap before GC invocations=9 (full 0):
 PSYoungGen      total 69632K, used 67648K [0x00000000eb900000, 0x00000000f0400000, 0x0000000100000000)
  eden space 63488K, 100% used [0x00000000eb900000,0x00000000ef700000,0x00000000ef700000)
  from space 6144K, 67% used [0x00000000efe00000,0x00000000f0210060,0x00000000f0400000)
  to   space 6656K, 0% used [0x00000000ef700000,0x00000000ef700000,0x00000000efd80000)
 ParOldGen       total 42496K, used 11518K [0x00000000c2a00000, 0x00000000c5380000, 0x00000000eb900000)
  object space 42496K, 27% used [0x00000000c2a00000,0x00000000c353f910,0x00000000c5380000)
 Metaspace       used 14266K, capacity 14738K, committed 14848K, reserved 1062912K
  class space    used 1615K, capacity 1749K, committed 1792K, reserved 1048576K
Event: 43.945 GC heap after
Heap after GC invocations=9 (full 0):
 PSYoungGen      total 70144K, used 4144K [0x00000000eb900000, 0x00000000f2980000, 0x0000000100000000)
  eden space 63488K, 0% used [0x00000000eb900000,0x00000000eb900000,0x00000000ef700000)
  from space 6656K, 62% used [0x00000000ef700000,0x00000000efb0c020,0x00000000efd80000)
  to   space 6656K, 0% used [0x00000000f2300000,0x00000000f2300000,0x00000000f2980000)
 ParOldGen       total 42496K, used 12363K [0x00000000c2a00000, 0x00000000c5380000, 0x00000000eb900000)
  object space 42496K, 29% used [0x00000000c2a00000,0x00000000c3612e68,0x00000000c5380000)
 Metaspace       used 14266K, capacity 14738K, committed 14848K, reserved 1062912K
  class space    used 1615K, capacity 1749K, committed 1792K, reserved 1048576K
}
Event: 44.410 GC heap before
{Heap before GC invocations=10 (full 0):
 PSYoungGen      total 70144K, used 67632K [0x00000000eb900000, 0x00000000f2980000, 0x0000000100000000)
  eden space 63488K, 100% used [0x00000000eb900000,0x00000000ef700000,0x00000000ef700000)
  from space 6656K, 62% used [0x00000000ef700000,0x00000000efb0c020,0x00000000efd80000)
  to   space 6656K, 0% used [0x00000000f2300000,0x00000000f2300000,0x00000000f2980000)
 ParOldGen       total 42496K, used 12363K [0x00000000c2a00000, 0x00000000c5380000, 0x00000000eb900000)
  object space 42496K, 29% used [0x00000000c2a00000,0x00000000c3612e68,0x00000000c5380000)
 Metaspace       used 14276K, capacity 14738K, committed 14848K, reserved 1062912K
  class space    used 1615K, capacity 1749K, committed 1792K, reserved 1048576K
Event: 44.424 GC heap after
Heap after GC invocations=10 (full 0):
 PSYoungGen      total 108544K, used 2272K [0x00000000eb900000, 0x00000000f2980000, 0x0000000100000000)
  eden space 101888K, 0% used [0x00000000eb900000,0x00000000eb900000,0x00000000f1c80000)
  from space 6656K, 34% used [0x00000000f2300000,0x00000000f25380a0,0x00000000f2980000)
  to   space 6656K, 0% used [0x00000000f1c80000,0x00000000f1c80000,0x00000000f2300000)
 ParOldGen       total 42496K, used 15654K [0x00000000c2a00000, 0x00000000c5380000, 0x00000000eb900000)
  object space 42496K, 36% used [0x00000000c2a00000,0x00000000c3949868,0x00000000c5380000)
 Metaspace       used 14276K, capacity 14738K, committed 14848K, reserved 1062912K
  class space    used 1615K, capacity 1749K, committed 1792K, reserved 1048576K
}
Event: 45.459 GC heap before
{Heap before GC invocations=11 (full 0):
 PSYoungGen      total 108544K, used 104160K [0x00000000eb900000, 0x00000000f2980000, 0x0000000100000000)
  eden space 101888K, 100% used [0x00000000eb900000,0x00000000f1c80000,0x00000000f1c80000)
  from space 6656K, 34% used [0x00000000f2300000,0x00000000f25380a0,0x00000000f2980000)
  to   space 6656K, 0% used [0x00000000f1c80000,0x00000000f1c80000,0x00000000f2300000)
 ParOldGen       total 42496K, used 15654K [0x00000000c2a00000, 0x00000000c5380000, 0x00000000eb900000)
  object space 42496K, 36% used [0x00000000c2a00000,0x00000000c3949868,0x00000000c5380000)
 Metaspace       used 14291K, capacity 14802K, committed 15104K, reserved 1062912K
  class space    used 1615K, capacity 1749K, committed 1792K, reserved 1048576K

