# JRE version: Java(TM) SE Runtime Environment (8.0_201-b09) (build 1.8.0_201-b09)
# Java VM: Java HotSpot(TM) 64-Bit Server VM (25.201-b09 mixed mode linux-amd64 compressed oops)
Heap:
 PSYoungGen      total 97792K, used 97776K [0x00000000eb900000, 0x00000000f3480000, 0x0000000100000000)
  eden space 93696K, 100% used [0x00000000eb900000,0x00000000f1480000,0x00000000f1480000)
  from space 4096K, 99% used [0x00000000f3080000,0x00000000f347c020,0x00000000f3480000)
  to   space 5632K, 0% used [0x00000000f2980000,0x00000000f2980000,0x00000000f2f00000)
 ParOldGen       total 42496K, used 10369K [0x00000000c2a00000, 0x00000000c5380000, 0x00000000eb900000)
  object space 42496K, 24% used [0x00000000c2a00000,0x00000000c3420798,0x00000000c5380000)
 Metaspace       used 14171K, capacity 14606K, committed 14848K, reserved 1062912K
  class space    used 1609K, capacity 1751K, committed 1792K, reserved 1048576K
GC Heap History (10 events):
Event: 53.501 GC heap before
{Heap before GC invocations=7 (full 1):
 PSYoungGen      total 18432K, used 18428K [0x00000000eb900000, 0x00000000edd00000, 0x0000000100000000)
  eden space 15872K, 100% used [0x00000000eb900000,0x00000000ec880000,0x00000000ec880000)
  from space 2560K, 99% used [0x00000000ec880000,0x00000000ecaff040,0x00000000ecb00000)
  to   space 2560K, 0% used [0x00000000eda80000,0x00000000eda80000,0x00000000edd00000)
 ParOldGen       total 42496K, used 5649K [0x00000000c2a00000, 0x00000000c5380000, 0x00000000eb900000)
  object space 42496K, 13% used [0x00000000c2a00000,0x00000000c2f84430,0x00000000c5380000)
 Metaspace       used 14033K, capacity 14542K, committed 14592K, reserved 1062912K
  class space    used 1609K, capacity 1751K, committed 1792K, reserved 1048576K
Event: 53.524 GC heap after
Heap after GC invocations=7 (full 1):
 PSYoungGen      total 32256K, used 2560K [0x00000000eb900000, 0x00000000ee100000, 0x0000000100000000)
  eden space 29696K, 0% used [0x00000000eb900000,0x00000000eb900000,0x00000000ed600000)
  from space 2560K, 100% used [0x00000000eda80000,0x00000000edd00000,0x00000000edd00000)
  to   space 4608K, 0% used [0x00000000ed600000,0x00000000ed600000,0x00000000eda80000)
 ParOldGen       total 42496K, used 6245K [0x00000000c2a00000, 0x00000000c5380000, 0x00000000eb900000)
  object space 42496K, 14% used [0x00000000c2a00000,0x00000000c3019648,0x00000000c5380000)
 Metaspace       used 14033K, capacity 14542K, committed 14592K, reserved 1062912K
  class space    used 1609K, capacity 1751K, committed 1792K, reserved 1048576K
}
Event: 54.807 GC heap before
{Heap before GC invocations=8 (full 1):
 PSYoungGen      total 32256K, used 32256K [0x00000000eb900000, 0x00000000ee100000, 0x0000000100000000)
  eden space 29696K, 100% used [0x00000000eb900000,0x00000000ed600000,0x00000000ed600000)
  from space 2560K, 100% used [0x00000000eda80000,0x00000000edd00000,0x00000000edd00000)
  to   space 4608K, 0% used [0x00000000ed600000,0x00000000ed600000,0x00000000eda80000)
 ParOldGen       total 42496K, used 6245K [0x00000000c2a00000, 0x00000000c5380000, 0x00000000eb900000)
  object space 42496K, 14% used [0x00000000c2a00000,0x00000000c3019648,0x00000000c5380000)
 Metaspace       used 14090K, capacity 14606K, committed 14848K, reserved 1062912K
  class space    used 1609K, capacity 1751K, committed 1792K, reserved 1048576K
Event: 54.823 GC heap after
Heap after GC invocations=8 (full 1):
 PSYoungGen      total 34304K, used 4112K [0x00000000eb900000, 0x00000000efc00000, 0x0000000100000000)
  eden space 29696K, 0% used [0x00000000eb900000,0x00000000eb900000,0x00000000ed600000)
  from space 4608K, 89% used [0x00000000ed600000,0x00000000eda04050,0x00000000eda80000)
  to   space 4608K, 0% used [0x00000000ef780000,0x00000000ef780000,0x00000000efc00000)
 ParOldGen       total 42496K, used 6253K [0x00000000c2a00000, 0x00000000c5380000, 0x00000000eb900000)
  object space 42496K, 14% used [0x00000000c2a00000,0x00000000c301b648,0x00000000c5380000)
 Metaspace       used 14090K, capacity 14606K, committed 14848K, reserved 1062912K
  class space    used 1609K, capacity 1751K, committed 1792K, reserved 1048576K
}
Event: 55.613 GC heap before
{Heap before GC invocations=9 (full 1):
 PSYoungGen      total 34304K, used 33808K [0x00000000eb900000, 0x00000000efc00000, 0x0000000100000000)
  eden space 29696K, 100% used [0x00000000eb900000,0x00000000ed600000,0x00000000ed600000)
  from space 4608K, 89% used [0x00000000ed600000,0x00000000eda04050,0x00000000eda80000)
  to   space 4608K, 0% used [0x00000000ef780000,0x00000000ef780000,0x00000000efc00000)
 ParOldGen       total 42496K, used 6253K [0x00000000c2a00000, 0x00000000c5380000, 0x00000000eb900000)
  object space 42496K, 14% used [0x00000000c2a00000,0x00000000c301b648,0x00000000c5380000)
 Metaspace       used 14120K, capacity 14606K, committed 14848K, reserved 1062912K
  class space    used 1609K, capacity 1751K, committed 1792K, reserved 1048576K
Event: 55.633 GC heap after
Heap after GC invocations=9 (full 1):
 PSYoungGen      total 62976K, used 4596K [0x00000000eb900000, 0x00000000efe00000, 0x0000000100000000)
  eden space 58368K, 0% used [0x00000000eb900000,0x00000000eb900000,0x00000000ef200000)
  from space 4608K, 99% used [0x00000000ef780000,0x00000000efbfd148,0x00000000efc00000)
  to   space 5632K, 0% used [0x00000000ef200000,0x00000000ef200000,0x00000000ef780000)
 ParOldGen       total 42496K, used 7528K [0x00000000c2a00000, 0x00000000c5380000, 0x00000000eb900000)
  object space 42496K, 17% used [0x00000000c2a00000,0x00000000c315a088,0x00000000c5380000)
 Metaspace       used 14120K, capacity 14606K, committed 14848K, reserved 1062912K
  class space    used 1609K, capacity 1751K, committed 1792K, reserved 1048576K
}
Event: 56.615 GC heap before
{Heap before GC invocations=10 (full 1):
 PSYoungGen      total 62976K, used 62964K [0x00000000eb900000, 0x00000000efe00000, 0x0000000100000000)
  eden space 58368K, 100% used [0x00000000eb900000,0x00000000ef200000,0x00000000ef200000)
  from space 4608K, 99% used [0x00000000ef780000,0x00000000efbfd148,0x00000000efc00000)
  to   space 5632K, 0% used [0x00000000ef200000,0x00000000ef200000,0x00000000ef780000)
 ParOldGen       total 42496K, used 7528K [0x00000000c2a00000, 0x00000000c5380000, 0x00000000eb900000)
  object space 42496K, 17% used [0x00000000c2a00000,0x00000000c315a088,0x00000000c5380000)
 Metaspace       used 14148K, capacity 14606K, committed 14848K, reserved 1062912K
  class space    used 1609K, capacity 1751K, committed 1792K, reserved 1048576K
Event: 56.630 GC heap after
Heap after GC invocations=10 (full 1):
 PSYoungGen      total 64000K, used 4064K [0x00000000eb900000, 0x00000000f3600000, 0x0000000100000000)
  eden space 58368K, 0% used [0x00000000eb900000,0x00000000eb900000,0x00000000ef200000)
  from space 5632K, 72% used [0x00000000ef200000,0x00000000ef5f8060,0x00000000ef780000)
  to   space 5632K, 0% used [0x00000000f3080000,0x00000000f3080000,0x00000000f3600000)
 ParOldGen       total 42496K, used 8556K [0x00000000c2a00000, 0x00000000c5380000, 0x00000000eb900000)
  object space 42496K, 20% used [0x00000000c2a00000,0x00000000c325b1c0,0x00000000c5380000)
 Metaspace       used 14148K, capacity 14606K, committed 14848K, reserved 1062912K
  class space    used 1609K, capacity 1751K, committed 1792K, reserved 1048576K
}
Event: 57.819 GC heap before
{Heap before GC invocations=11 (full 1):
 PSYoungGen      total 64000K, used 62432K [0x00000000eb900000, 0x00000000f3600000, 0x0000000100000000)
  eden space 58368K, 100% used [0x00000000eb900000,0x00000000ef200000,0x00000000ef200000)
  from space 5632K, 72% used [0x00000000ef200000,0x00000000ef5f8060,0x00000000ef780000)
  to   space 5632K, 0% used [0x00000000f3080000,0x00000000f3080000,0x00000000f3600000)
 ParOldGen       total 42496K, used 8556K [0x00000000c2a00000, 0x00000000c5380000, 0x00000000eb900000)
  object space 42496K, 20% used [0x00000000c2a00000,0x00000000c325b1c0,0x00000000c5380000)
 Metaspace       used 14162K, capacity 14606K, committed 14848K, reserved 1062912K
  class space    used 1609K, capacity 1751K, committed 1792K, reserved 1048576K
Event: 57.841 GC heap after
Heap after GC invocations=11 (full 1):
 PSYoungGen      total 97792K, used 4080K [0x00000000eb900000, 0x00000000f3480000, 0x0000000100000000)
  eden space 93696K, 0% used [0x00000000eb900000,0x00000000eb900000,0x00000000f1480000)
  from space 4096K, 99% used [0x00000000f3080000,0x00000000f347c020,0x00000000f3480000)
  to   space 5632K, 0% used [0x00000000f2980000,0x00000000f2980000,0x00000000f2f00000)
 ParOldGen       total 42496K, used 10369K [0x00000000c2a00000, 0x00000000c5380000, 0x00000000eb900000)
  object space 42496K, 24% used [0x00000000c2a00000,0x00000000c3420798,0x00000000c5380000)
 Metaspace       used 14162K, capacity 14606K, committed 14848K, reserved 1062912K
  class space    used 1609K, capacity 1751K, committed 1792K, reserved 1048576K
}

