# JRE version: Java(TM) SE Runtime Environment (8.0_201-b09) (build 1.8.0_201-b09)
# Java VM: Java HotSpot(TM) 64-Bit Server VM (25.201-b09 mixed mode linux-amd64 compressed oops)
Heap:
 PSYoungGen      total 63488K, used 6144K [0x00000000eb900000, 0x00000000efe00000, 0x0000000100000000)
  eden space 57344K, 0% used [0x00000000eb900000,0x00000000eb900000,0x00000000ef100000)
  from space 6144K, 100% used [0x00000000ef100000,0x00000000ef700000,0x00000000ef700000)
  to   space 5120K, 0% used [0x00000000ef700000,0x00000000ef700000,0x00000000efc00000)
 ParOldGen       total 42496K, used 11599K [0x00000000c2a00000, 0x00000000c5380000, 0x00000000eb900000)
  object space 42496K, 27% used [0x00000000c2a00000,0x00000000c3553c70,0x00000000c5380000)
 Metaspace       used 13944K, capacity 14328K, committed 14592K, reserved 1062912K
  class space    used 1588K, capacity 1706K, committed 1792K, reserved 1048576K
GC Heap History (10 events):
Event: 34.897 GC heap after
Heap after GC invocations=5 (full 1):
 PSYoungGen      total 18432K, used 2560K [0x00000000eb900000, 0x00000000ecd80000, 0x0000000100000000)
  eden space 15872K, 0% used [0x00000000eb900000,0x00000000eb900000,0x00000000ec880000)
  from space 2560K, 100% used [0x00000000ecb00000,0x00000000ecd80000,0x00000000ecd80000)
  to   space 2560K, 0% used [0x00000000ec880000,0x00000000ec880000,0x00000000ecb00000)
 ParOldGen       total 42496K, used 5326K [0x00000000c2a00000, 0x00000000c5380000, 0x00000000eb900000)
  object space 42496K, 12% used [0x00000000c2a00000,0x00000000c2f33b78,0x00000000c5380000)
 Metaspace       used 13661K, capacity 14072K, committed 14336K, reserved 1062912K
  class space    used 1587K, capacity 1706K, committed 1792K, reserved 1048576K
}
Event: 35.802 GC heap before
{Heap before GC invocations=6 (full 1):
 PSYoungGen      total 18432K, used 18432K [0x00000000eb900000, 0x00000000ecd80000, 0x0000000100000000)
  eden space 15872K, 100% used [0x00000000eb900000,0x00000000ec880000,0x00000000ec880000)
  from space 2560K, 100% used [0x00000000ecb00000,0x00000000ecd80000,0x00000000ecd80000)
  to   space 2560K, 0% used [0x00000000ec880000,0x00000000ec880000,0x00000000ecb00000)
 ParOldGen       total 42496K, used 5326K [0x00000000c2a00000, 0x00000000c5380000, 0x00000000eb900000)
  object space 42496K, 12% used [0x00000000c2a00000,0x00000000c2f33b78,0x00000000c5380000)
 Metaspace       used 13744K, capacity 14136K, committed 14336K, reserved 1062912K
  class space    used 1588K, capacity 1706K, committed 1792K, reserved 1048576K
Event: 35.854 GC heap after
Heap after GC invocations=6 (full 1):
 PSYoungGen      total 18432K, used 2544K [0x00000000eb900000, 0x00000000edd00000, 0x0000000100000000)
  eden space 15872K, 0% used [0x00000000eb900000,0x00000000eb900000,0x00000000ec880000)
  from space 2560K, 99% used [0x00000000ec880000,0x00000000ecafc010,0x00000000ecb00000)
  to   space 2560K, 0% used [0x00000000eda80000,0x00000000eda80000,0x00000000edd00000)
 ParOldGen       total 42496K, used 6622K [0x00000000c2a00000, 0x00000000c5380000, 0x00000000eb900000)
  object space 42496K, 15% used [0x00000000c2a00000,0x00000000c30779c8,0x00000000c5380000)
 Metaspace       used 13744K, capacity 14136K, committed 14336K, reserved 1062912K
  class space    used 1588K, capacity 1706K, committed 1792K, reserved 1048576K
}
Event: 36.506 GC heap before
{Heap before GC invocations=7 (full 1):
 PSYoungGen      total 18432K, used 18416K [0x00000000eb900000, 0x00000000edd00000, 0x0000000100000000)
  eden space 15872K, 100% used [0x00000000eb900000,0x00000000ec880000,0x00000000ec880000)
  from space 2560K, 99% used [0x00000000ec880000,0x00000000ecafc010,0x00000000ecb00000)
  to   space 2560K, 0% used [0x00000000eda80000,0x00000000eda80000,0x00000000edd00000)
 ParOldGen       total 42496K, used 6622K [0x00000000c2a00000, 0x00000000c5380000, 0x00000000eb900000)
  object space 42496K, 15% used [0x00000000c2a00000,0x00000000c30779c8,0x00000000c5380000)
 Metaspace       used 13792K, capacity 14200K, committed 14336K, reserved 1062912K
  class space    used 1588K, capacity 1706K, committed 1792K, reserved 1048576K
Event: 36.517 GC heap after
Heap after GC invocations=7 (full 1):
 PSYoungGen      total 31744K, used 2560K [0x00000000eb900000, 0x00000000ee200000, 0x0000000100000000)
  eden space 29184K, 0% used [0x00000000eb900000,0x00000000eb900000,0x00000000ed580000)
  from space 2560K, 100% used [0x00000000eda80000,0x00000000edd00000,0x00000000edd00000)
  to   space 5120K, 0% used [0x00000000ed580000,0x00000000ed580000,0x00000000eda80000)
 ParOldGen       total 42496K, used 8042K [0x00000000c2a00000, 0x00000000c5380000, 0x00000000eb900000)
  object space 42496K, 18% used [0x00000000c2a00000,0x00000000c31da960,0x00000000c5380000)
 Metaspace       used 13792K, capacity 14200K, committed 14336K, reserved 1062912K
  class space    used 1588K, capacity 1706K, committed 1792K, reserved 1048576K
}
Event: 37.599 GC heap before
{Heap before GC invocations=8 (full 1):
 PSYoungGen      total 31744K, used 31744K [0x00000000eb900000, 0x00000000ee200000, 0x0000000100000000)
  eden space 29184K, 100% used [0x00000000eb900000,0x00000000ed580000,0x00000000ed580000)
  from space 2560K, 100% used [0x00000000eda80000,0x00000000edd00000,0x00000000edd00000)
  to   space 5120K, 0% used [0x00000000ed580000,0x00000000ed580000,0x00000000eda80000)
 ParOldGen       total 42496K, used 8042K [0x00000000c2a00000, 0x00000000c5380000, 0x00000000eb900000)
  object space 42496K, 18% used [0x00000000c2a00000,0x00000000c31da960,0x00000000c5380000)
 Metaspace       used 13831K, capacity 14200K, committed 14336K, reserved 1062912K
  class space    used 1588K, capacity 1706K, committed 1792K, reserved 1048576K
Event: 37.610 GC heap after
Heap after GC invocations=8 (full 1):
 PSYoungGen      total 34304K, used 4288K [0x00000000eb900000, 0x00000000efc00000, 0x0000000100000000)
  eden space 29184K, 0% used [0x00000000eb900000,0x00000000eb900000,0x00000000ed580000)
  from space 5120K, 83% used [0x00000000ed580000,0x00000000ed9b0010,0x00000000eda80000)
  to   space 5120K, 0% used [0x00000000ef700000,0x00000000ef700000,0x00000000efc00000)
 ParOldGen       total 42496K, used 8042K [0x00000000c2a00000, 0x00000000c5380000, 0x00000000eb900000)
  object space 42496K, 18% used [0x00000000c2a00000,0x00000000c31da960,0x00000000c5380000)
 Metaspace       used 13831K, capacity 14200K, committed 14336K, reserved 1062912K
  class space    used 1588K, capacity 1706K, committed 1792K, reserved 1048576K
}
Event: 38.509 GC heap before
{Heap before GC invocations=9 (full 1):
 PSYoungGen      total 34304K, used 33472K [0x00000000eb900000, 0x00000000efc00000, 0x0000000100000000)
  eden space 29184K, 100% used [0x00000000eb900000,0x00000000ed580000,0x00000000ed580000)
  from space 5120K, 83% used [0x00000000ed580000,0x00000000ed9b0010,0x00000000eda80000)
  to   space 5120K, 0% used [0x00000000ef700000,0x00000000ef700000,0x00000000efc00000)
 ParOldGen       total 42496K, used 8042K [0x00000000c2a00000, 0x00000000c5380000, 0x00000000eb900000)
  object space 42496K, 18% used [0x00000000c2a00000,0x00000000c31da960,0x00000000c5380000)
 Metaspace       used 13887K, capacity 14264K, committed 14592K, reserved 1062912K
  class space    used 1588K, capacity 1706K, committed 1792K, reserved 1048576K
Event: 38.538 GC heap after
Heap after GC invocations=9 (full 1):
 PSYoungGen      total 62464K, used 5120K [0x00000000eb900000, 0x00000000efe00000, 0x0000000100000000)
  eden space 57344K, 0% used [0x00000000eb900000,0x00000000eb900000,0x00000000ef100000)
  from space 5120K, 100% used [0x00000000ef700000,0x00000000efc00000,0x00000000efc00000)
  to   space 6144K, 0% used [0x00000000ef100000,0x00000000ef100000,0x00000000ef700000)
 ParOldGen       total 42496K, used 9241K [0x00000000c2a00000, 0x00000000c5380000, 0x00000000eb900000)
  object space 42496K, 21% used [0x00000000c2a00000,0x00000000c3306590,0x00000000c5380000)
 Metaspace       used 13887K, capacity 14264K, committed 14592K, reserved 1062912K
  class space    used 1588K, capacity 1706K, committed 1792K, reserved 1048576K
}
Event: 40.249 GC heap before
{Heap before GC invocations=10 (full 1):
 PSYoungGen      total 62464K, used 62464K [0x00000000eb900000, 0x00000000efe00000, 0x0000000100000000)
  eden space 57344K, 100% used [0x00000000eb900000,0x00000000ef100000,0x00000000ef100000)
  from space 5120K, 100% used [0x00000000ef700000,0x00000000efc00000,0x00000000efc00000)
  to   space 6144K, 0% used [0x00000000ef100000,0x00000000ef100000,0x00000000ef700000)
 ParOldGen       total 42496K, used 9241K [0x00000000c2a00000, 0x00000000c5380000, 0x00000000eb900000)
  object space 42496K, 21% used [0x00000000c2a00000,0x00000000c3306590,0x00000000c5380000)
 Metaspace       used 13944K, capacity 14328K, committed 14592K, reserved 1062912K
  class space    used 1588K, capacity 1706K, committed 1792K, reserved 1048576K

