# JRE version: Java(TM) SE Runtime Environment (8.0_201-b09) (build 1.8.0_201-b09)
# Java VM: Java HotSpot(TM) 64-Bit Server VM (25.201-b09 mixed mode linux-amd64 compressed oops)
Heap:
 PSYoungGen      total 307712K, used 207737K [0x00000000eb900000, 0x00000000ffc80000, 0x0000000100000000)
  eden space 283648K, 71% used [0x00000000eb900000,0x00000000f7e89178,0x00000000fce00000)
  from space 24064K, 22% used [0x00000000fe480000,0x00000000fe9d5598,0x00000000ffc00000)
  to   space 23040K, 0% used [0x00000000fce00000,0x00000000fce00000,0x00000000fe480000)
 ParOldGen       total 118784K, used 67048K [0x00000000c2a00000, 0x00000000c9e00000, 0x00000000eb900000)
  object space 118784K, 56% used [0x00000000c2a00000,0x00000000c6b7a338,0x00000000c9e00000)
 Metaspace       used 23271K, capacity 23884K, committed 23936K, reserved 1071104K
  class space    used 2492K, capacity 2664K, committed 2688K, reserved 1048576K
GC Heap History (10 events):
Event: 50.761 GC heap before
{Heap before GC invocations=21 (full 3):
 PSYoungGen      total 279040K, used 278642K [0x00000000eb900000, 0x00000000fff00000, 0x0000000100000000)
  eden space 276480K, 100% used [0x00000000eb900000,0x00000000fc700000,0x00000000fc700000)
  from space 2560K, 84% used [0x00000000fc700000,0x00000000fc91c908,0x00000000fc980000)
  to   space 28672K, 0% used [0x00000000fe300000,0x00000000fe300000,0x00000000fff00000)
 ParOldGen       total 118784K, used 67040K [0x00000000c2a00000, 0x00000000c9e00000, 0x00000000eb900000)
  object space 118784K, 56% used [0x00000000c2a00000,0x00000000c6b78338,0x00000000c9e00000)
 Metaspace       used 23094K, capacity 23692K, committed 23936K, reserved 1071104K
  class space    used 2488K, capacity 2664K, committed 2688K, reserved 1048576K
Event: 50.764 GC heap after
Heap after GC invocations=21 (full 3):
 PSYoungGen      total 306176K, used 2888K [0x00000000eb900000, 0x0000000100000000, 0x0000000100000000)
  eden space 277504K, 0% used [0x00000000eb900000,0x00000000eb900000,0x00000000fc800000)
  from space 28672K, 10% used [0x00000000fe300000,0x00000000fe5d2058,0x00000000fff00000)
  to   space 27648K, 0% used [0x00000000fc800000,0x00000000fc800000,0x00000000fe300000)
 ParOldGen       total 118784K, used 67048K [0x00000000c2a00000, 0x00000000c9e00000, 0x00000000eb900000)
  object space 118784K, 56% used [0x00000000c2a00000,0x00000000c6b7a338,0x00000000c9e00000)
 Metaspace       used 23094K, capacity 23692K, committed 23936K, reserved 1071104K
  class space    used 2488K, capacity 2664K, committed 2688K, reserved 1048576K
}
Event: 51.473 GC heap before
{Heap before GC invocations=22 (full 3):
 PSYoungGen      total 306176K, used 280392K [0x00000000eb900000, 0x0000000100000000, 0x0000000100000000)
  eden space 277504K, 100% used [0x00000000eb900000,0x00000000fc800000,0x00000000fc800000)
  from space 28672K, 10% used [0x00000000fe300000,0x00000000fe5d2058,0x00000000fff00000)
  to   space 27648K, 0% used [0x00000000fc800000,0x00000000fc800000,0x00000000fe300000)
 ParOldGen       total 118784K, used 67048K [0x00000000c2a00000, 0x00000000c9e00000, 0x00000000eb900000)
  object space 118784K, 56% used [0x00000000c2a00000,0x00000000c6b7a338,0x00000000c9e00000)
 Metaspace       used 23094K, capacity 23692K, committed 23936K, reserved 1071104K
  class space    used 2488K, capacity 2664K, committed 2688K, reserved 1048576K
Event: 51.498 GC heap after
Heap after GC invocations=22 (full 3):
 PSYoungGen      total 305152K, used 3435K [0x00000000eb900000, 0x00000000ffd00000, 0x0000000100000000)
  eden space 277504K, 0% used [0x00000000eb900000,0x00000000eb900000,0x00000000fc800000)
  from space 27648K, 12% used [0x00000000fc800000,0x00000000fcb5ac08,0x00000000fe300000)
  to   space 26624K, 0% used [0x00000000fe300000,0x00000000fe300000,0x00000000ffd00000)
 ParOldGen       total 118784K, used 67048K [0x00000000c2a00000, 0x00000000c9e00000, 0x00000000eb900000)
  object space 118784K, 56% used [0x00000000c2a00000,0x00000000c6b7a338,0x00000000c9e00000)
 Metaspace       used 23094K, capacity 23692K, committed 23936K, reserved 1071104K
  class space    used 2488K, capacity 2664K, committed 2688K, reserved 1048576K
}
Event: 52.422 GC heap before
{Heap before GC invocations=23 (full 3):
 PSYoungGen      total 305152K, used 280939K [0x00000000eb900000, 0x00000000ffd00000, 0x0000000100000000)
  eden space 277504K, 100% used [0x00000000eb900000,0x00000000fc800000,0x00000000fc800000)
  from space 27648K, 12% used [0x00000000fc800000,0x00000000fcb5ac08,0x00000000fe300000)
  to   space 26624K, 0% used [0x00000000fe300000,0x00000000fe300000,0x00000000ffd00000)
 ParOldGen       total 118784K, used 67048K [0x00000000c2a00000, 0x00000000c9e00000, 0x00000000eb900000)
  object space 118784K, 56% used [0x00000000c2a00000,0x00000000c6b7a338,0x00000000c9e00000)
 Metaspace       used 23094K, capacity 23692K, committed 23936K, reserved 1071104K
  class space    used 2488K, capacity 2664K, committed 2688K, reserved 1048576K
Event: 52.426 GC heap after
Heap after GC invocations=23 (full 3):
 PSYoungGen      total 306176K, used 4454K [0x00000000eb900000, 0x00000000ffd00000, 0x0000000100000000)
  eden space 279552K, 0% used [0x00000000eb900000,0x00000000eb900000,0x00000000fca00000)
  from space 26624K, 16% used [0x00000000fe300000,0x00000000fe759ab0,0x00000000ffd00000)
  to   space 25600K, 0% used [0x00000000fca00000,0x00000000fca00000,0x00000000fe300000)
 ParOldGen       total 118784K, used 67048K [0x00000000c2a00000, 0x00000000c9e00000, 0x00000000eb900000)
  object space 118784K, 56% used [0x00000000c2a00000,0x00000000c6b7a338,0x00000000c9e00000)
 Metaspace       used 23094K, capacity 23692K, committed 23936K, reserved 1071104K
  class space    used 2488K, capacity 2664K, committed 2688K, reserved 1048576K
}
Event: 53.278 GC heap before
{Heap before GC invocations=24 (full 3):
 PSYoungGen      total 306176K, used 284006K [0x00000000eb900000, 0x00000000ffd00000, 0x0000000100000000)
  eden space 279552K, 100% used [0x00000000eb900000,0x00000000fca00000,0x00000000fca00000)
  from space 26624K, 16% used [0x00000000fe300000,0x00000000fe759ab0,0x00000000ffd00000)
  to   space 25600K, 0% used [0x00000000fca00000,0x00000000fca00000,0x00000000fe300000)
 ParOldGen       total 118784K, used 67048K [0x00000000c2a00000, 0x00000000c9e00000, 0x00000000eb900000)
  object space 118784K, 56% used [0x00000000c2a00000,0x00000000c6b7a338,0x00000000c9e00000)
 Metaspace       used 23237K, capacity 23820K, committed 23936K, reserved 1071104K
  class space    used 2492K, capacity 2664K, committed 2688K, reserved 1048576K
Event: 53.299 GC heap after
Heap after GC invocations=24 (full 3):
 PSYoungGen      total 305152K, used 4925K [0x00000000eb900000, 0x00000000ffc00000, 0x0000000100000000)
  eden space 279552K, 0% used [0x00000000eb900000,0x00000000eb900000,0x00000000fca00000)
  from space 25600K, 19% used [0x00000000fca00000,0x00000000fcecf6b8,0x00000000fe300000)
  to   space 24064K, 0% used [0x00000000fe480000,0x00000000fe480000,0x00000000ffc00000)
 ParOldGen       total 118784K, used 67048K [0x00000000c2a00000, 0x00000000c9e00000, 0x00000000eb900000)
  object space 118784K, 56% used [0x00000000c2a00000,0x00000000c6b7a338,0x00000000c9e00000)
 Metaspace       used 23237K, capacity 23820K, committed 23936K, reserved 1071104K
  class space    used 2492K, capacity 2664K, committed 2688K, reserved 1048576K
}
Event: 53.862 GC heap before
{Heap before GC invocations=25 (full 3):
 PSYoungGen      total 305152K, used 284477K [0x00000000eb900000, 0x00000000ffc00000, 0x0000000100000000)
  eden space 279552K, 100% used [0x00000000eb900000,0x00000000fca00000,0x00000000fca00000)
  from space 25600K, 19% used [0x00000000fca00000,0x00000000fcecf6b8,0x00000000fe300000)
  to   space 24064K, 0% used [0x00000000fe480000,0x00000000fe480000,0x00000000ffc00000)
 ParOldGen       total 118784K, used 67048K [0x00000000c2a00000, 0x00000000c9e00000, 0x00000000eb900000)
  object space 118784K, 56% used [0x00000000c2a00000,0x00000000c6b7a338,0x00000000c9e00000)
 Metaspace       used 23237K, capacity 23820K, committed 23936K, reserved 1071104K
  class space    used 2492K, capacity 2664K, committed 2688K, reserved 1048576K
Event: 53.889 GC heap after
Heap after GC invocations=25 (full 3):
 PSYoungGen      total 307712K, used 5461K [0x00000000eb900000, 0x00000000ffc80000, 0x0000000100000000)
  eden space 283648K, 0% used [0x00000000eb900000,0x00000000eb900000,0x00000000fce00000)
  from space 24064K, 22% used [0x00000000fe480000,0x00000000fe9d5598,0x00000000ffc00000)
  to   space 23040K, 0% used [0x00000000fce00000,0x00000000fce00000,0x00000000fe480000)
 ParOldGen       total 118784K, used 67048K [0x00000000c2a00000, 0x00000000c9e00000, 0x00000000eb900000)
  object space 118784K, 56% used [0x00000000c2a00000,0x00000000c6b7a338,0x00000000c9e00000)
 Metaspace       used 23237K, capacity 23820K, committed 23936K, reserved 1071104K
  class space    used 2492K, capacity 2664K, committed 2688K, reserved 1048576K
}

