# JRE version: Java(TM) SE Runtime Environment (8.0_201-b09) (build 1.8.0_201-b09)
# Java VM: Java HotSpot(TM) 64-Bit Server VM (25.201-b09 mixed mode linux-amd64 compressed oops)
Heap:
 PSYoungGen      total 292864K, used 210057K [0x00000000eb900000, 0x00000000ffe80000, 0x0000000100000000)
  eden space 254464K, 74% used [0x00000000eb900000,0x00000000f716a720,0x00000000fb180000)
  from space 38400K, 55% used [0x00000000fd900000,0x00000000fedb8000,0x00000000ffe80000)
  to   space 39424K, 0% used [0x00000000fb180000,0x00000000fb180000,0x00000000fd800000)
 ParOldGen       total 130048K, used 77535K [0x00000000c2a00000, 0x00000000ca900000, 0x00000000eb900000)
  object space 130048K, 59% used [0x00000000c2a00000,0x00000000c75b7c70,0x00000000ca900000)
 Metaspace       used 27401K, capacity 28128K, committed 28288K, reserved 1075200K
  class space    used 3231K, capacity 3418K, committed 3456K, reserved 1048576K
GC Heap History (10 events):
Event: 41.635 GC heap before
{Heap before GC invocations=17 (full 2):
 PSYoungGen      total 284672K, used 279808K [0x00000000eb900000, 0x00000000ff600000, 0x0000000100000000)
  eden space 258048K, 100% used [0x00000000eb900000,0x00000000fb500000,0x00000000fb500000)
  from space 26624K, 81% used [0x00000000fd180000,0x00000000fe6c0020,0x00000000feb80000)
  to   space 29184K, 0% used [0x00000000fb500000,0x00000000fb500000,0x00000000fd180000)
 ParOldGen       total 74752K, used 48175K [0x00000000c2a00000, 0x00000000c7300000, 0x00000000eb900000)
  object space 74752K, 64% used [0x00000000c2a00000,0x00000000c590bcc0,0x00000000c7300000)
 Metaspace       used 26994K, capacity 27738K, committed 28032K, reserved 1073152K
  class space    used 3214K, capacity 3417K, committed 3456K, reserved 1048576K
Event: 41.741 GC heap after
Heap after GC invocations=17 (full 2):
 PSYoungGen      total 287232K, used 29184K [0x00000000eb900000, 0x0000000100000000, 0x0000000100000000)
  eden space 258048K, 0% used [0x00000000eb900000,0x00000000eb900000,0x00000000fb500000)
  from space 29184K, 100% used [0x00000000fb500000,0x00000000fd180000,0x00000000fd180000)
  to   space 37888K, 0% used [0x00000000fdb00000,0x00000000fdb00000,0x0000000100000000)
 ParOldGen       total 74752K, used 59542K [0x00000000c2a00000, 0x00000000c7300000, 0x00000000eb900000)
  object space 74752K, 79% used [0x00000000c2a00000,0x00000000c6425af8,0x00000000c7300000)
 Metaspace       used 26994K, capacity 27738K, committed 28032K, reserved 1073152K
  class space    used 3214K, capacity 3417K, committed 3456K, reserved 1048576K
}
Event: 43.731 GC heap before
{Heap before GC invocations=18 (full 2):
 PSYoungGen      total 287232K, used 287232K [0x00000000eb900000, 0x0000000100000000, 0x0000000100000000)
  eden space 258048K, 100% used [0x00000000eb900000,0x00000000fb500000,0x00000000fb500000)
  from space 29184K, 100% used [0x00000000fb500000,0x00000000fd180000,0x00000000fd180000)
  to   space 37888K, 0% used [0x00000000fdb00000,0x00000000fdb00000,0x0000000100000000)
 ParOldGen       total 74752K, used 59542K [0x00000000c2a00000, 0x00000000c7300000, 0x00000000eb900000)
  object space 74752K, 79% used [0x00000000c2a00000,0x00000000c6425af8,0x00000000c7300000)
 Metaspace       used 27100K, capacity 27744K, committed 28032K, reserved 1073152K
  class space    used 3215K, capacity 3418K, committed 3456K, reserved 1048576K
Event: 43.876 GC heap after
Heap after GC invocations=18 (full 2):
 PSYoungGen      total 291840K, used 27168K [0x00000000eb900000, 0x0000000100000000, 0x0000000100000000)
  eden space 253952K, 0% used [0x00000000eb900000,0x00000000eb900000,0x00000000fb100000)
  from space 37888K, 71% used [0x00000000fdb00000,0x00000000ff588000,0x0000000100000000)
  to   space 40448K, 0% used [0x00000000fb100000,0x00000000fb100000,0x00000000fd880000)
 ParOldGen       total 74752K, used 71124K [0x00000000c2a00000, 0x00000000c7300000, 0x00000000eb900000)
  object space 74752K, 95% used [0x00000000c2a00000,0x00000000c6f750e8,0x00000000c7300000)
 Metaspace       used 27100K, capacity 27744K, committed 28032K, reserved 1073152K
  class space    used 3215K, capacity 3418K, committed 3456K, reserved 1048576K
}
Event: 43.876 GC heap before
{Heap before GC invocations=19 (full 3):
 PSYoungGen      total 291840K, used 27168K [0x00000000eb900000, 0x0000000100000000, 0x0000000100000000)
  eden space 253952K, 0% used [0x00000000eb900000,0x00000000eb900000,0x00000000fb100000)
  from space 37888K, 71% used [0x00000000fdb00000,0x00000000ff588000,0x0000000100000000)
  to   space 40448K, 0% used [0x00000000fb100000,0x00000000fb100000,0x00000000fd880000)
 ParOldGen       total 74752K, used 71124K [0x00000000c2a00000, 0x00000000c7300000, 0x00000000eb900000)
  object space 74752K, 95% used [0x00000000c2a00000,0x00000000c6f750e8,0x00000000c7300000)
 Metaspace       used 27100K, capacity 27744K, committed 28032K, reserved 1073152K
  class space    used 3215K, capacity 3418K, committed 3456K, reserved 1048576K
Event: 45.022 GC heap after
Heap after GC invocations=19 (full 3):
 PSYoungGen      total 291840K, used 14117K [0x00000000eb900000, 0x0000000100000000, 0x0000000100000000)
  eden space 253952K, 0% used [0x00000000eb900000,0x00000000eb900000,0x00000000fb100000)
  from space 37888K, 37% used [0x00000000fdb00000,0x00000000fe8c9560,0x0000000100000000)
  to   space 40448K, 0% used [0x00000000fb100000,0x00000000fb100000,0x00000000fd880000)
 ParOldGen       total 130048K, used 74682K [0x00000000c2a00000, 0x00000000ca900000, 0x00000000eb900000)
  object space 130048K, 57% used [0x00000000c2a00000,0x00000000c72eeac0,0x00000000ca900000)
 Metaspace       used 27092K, capacity 27732K, committed 28032K, reserved 1073152K
  class space    used 3214K, capacity 3416K, committed 3456K, reserved 1048576K
}
Event: 46.348 GC heap before
{Heap before GC invocations=20 (full 3):
 PSYoungGen      total 291840K, used 268069K [0x00000000eb900000, 0x0000000100000000, 0x0000000100000000)
  eden space 253952K, 100% used [0x00000000eb900000,0x00000000fb100000,0x00000000fb100000)
  from space 37888K, 37% used [0x00000000fdb00000,0x00000000fe8c9560,0x0000000100000000)
  to   space 40448K, 0% used [0x00000000fb100000,0x00000000fb100000,0x00000000fd880000)
 ParOldGen       total 130048K, used 74682K [0x00000000c2a00000, 0x00000000ca900000, 0x00000000eb900000)
  object space 130048K, 57% used [0x00000000c2a00000,0x00000000c72eeac0,0x00000000ca900000)
 Metaspace       used 27180K, capacity 27860K, committed 28032K, reserved 1073152K
  class space    used 3220K, capacity 3416K, committed 3456K, reserved 1048576K
Event: 46.490 GC heap after
Heap after GC invocations=20 (full 3):
 PSYoungGen      total 294400K, used 21056K [0x00000000eb900000, 0x0000000100000000, 0x0000000100000000)
  eden space 253952K, 0% used [0x00000000eb900000,0x00000000eb900000,0x00000000fb100000)
  from space 40448K, 52% used [0x00000000fb100000,0x00000000fc590000,0x00000000fd880000)
  to   space 39936K, 0% used [0x00000000fd900000,0x00000000fd900000,0x0000000100000000)
 ParOldGen       total 130048K, used 74690K [0x00000000c2a00000, 0x00000000ca900000, 0x00000000eb900000)
  object space 130048K, 57% used [0x00000000c2a00000,0x00000000c72f0ac0,0x00000000ca900000)
 Metaspace       used 27180K, capacity 27860K, committed 28032K, reserved 1073152K
  class space    used 3220K, capacity 3416K, committed 3456K, reserved 1048576K
}
Event: 47.986 GC heap before
{Heap before GC invocations=21 (full 3):
 PSYoungGen      total 294400K, used 275008K [0x00000000eb900000, 0x0000000100000000, 0x0000000100000000)
  eden space 253952K, 100% used [0x00000000eb900000,0x00000000fb100000,0x00000000fb100000)
  from space 40448K, 52% used [0x00000000fb100000,0x00000000fc590000,0x00000000fd880000)
  to   space 39936K, 0% used [0x00000000fd900000,0x00000000fd900000,0x0000000100000000)
 ParOldGen       total 130048K, used 74690K [0x00000000c2a00000, 0x00000000ca900000, 0x00000000eb900000)
  object space 130048K, 57% used [0x00000000c2a00000,0x00000000c72f0ac0,0x00000000ca900000)
 Metaspace       used 27384K, capacity 28064K, committed 28288K, reserved 1075200K
  class space    used 3231K, capacity 3418K, committed 3456K, reserved 1048576K
Event: 48.057 GC heap after
Heap after GC invocations=21 (full 3):
 PSYoungGen      total 292864K, used 21216K [0x00000000eb900000, 0x00000000ffe80000, 0x0000000100000000)
  eden space 254464K, 0% used [0x00000000eb900000,0x00000000eb900000,0x00000000fb180000)
  from space 38400K, 55% used [0x00000000fd900000,0x00000000fedb8000,0x00000000ffe80000)
  to   space 39424K, 0% used [0x00000000fb180000,0x00000000fb180000,0x00000000fd800000)
 ParOldGen       total 130048K, used 77535K [0x00000000c2a00000, 0x00000000ca900000, 0x00000000eb900000)
  object space 130048K, 59% used [0x00000000c2a00000,0x00000000c75b7c70,0x00000000ca900000)
 Metaspace       used 27384K, capacity 28064K, committed 28288K, reserved 1075200K
  class space    used 3231K, capacity 3418K, committed 3456K, reserved 1048576K
}

