# JRE version: Java(TM) SE Runtime Environment (8.0_201-b09) (build 1.8.0_201-b09)
# Java VM: Java HotSpot(TM) 64-Bit Server VM (25.201-b09 mixed mode linux-amd64 compressed oops)
Heap:
 PSYoungGen      total 253440K, used 119944K [0x00000000eb900000, 0x0000000100000000, 0x0000000100000000)
  eden space 173056K, 61% used [0x00000000eb900000,0x00000000f20fe9f8,0x00000000f6200000)
  from space 80384K, 16% used [0x00000000fb180000,0x00000000fbea39b8,0x0000000100000000)
  to   space 80896K, 0% used [0x00000000f6200000,0x00000000f6200000,0x00000000fb100000)
 ParOldGen       total 350208K, used 262136K [0x00000000c2a00000, 0x00000000d8000000, 0x00000000eb900000)
  object space 350208K, 74% used [0x00000000c2a00000,0x00000000d29fe1e8,0x00000000d8000000)
 Metaspace       used 44881K, capacity 48624K, committed 48896K, reserved 1091584K
  class space    used 4133K, capacity 5813K, committed 5888K, reserved 1048576K
GC Heap History (10 events):
Event: 182.443 GC heap before
{Heap before GC invocations=76 (full 5):
 PSYoungGen      total 249856K, used 202875K [0x00000000eb900000, 0x00000000ffe00000, 0x0000000100000000)
  eden space 172032K, 100% used [0x00000000eb900000,0x00000000f6100000,0x00000000f6100000)
  from space 77824K, 39% used [0x00000000fad80000,0x00000000fcb9ec68,0x00000000ff980000)
  to   space 78336K, 0% used [0x00000000f6100000,0x00000000f6100000,0x00000000fad80000)
 ParOldGen       total 254464K, used 227757K [0x00000000c2a00000, 0x00000000d2280000, 0x00000000eb900000)
  object space 254464K, 89% used [0x00000000c2a00000,0x00000000d086b5d0,0x00000000d2280000)
 Metaspace       used 37986K, capacity 39872K, committed 40064K, reserved 1085440K
  class space    used 3729K, capacity 4401K, committed 4480K, reserved 1048576K
Event: 182.488 GC heap after
Heap after GC invocations=76 (full 5):
 PSYoungGen      total 250368K, used 30459K [0x00000000eb900000, 0x00000000fff80000, 0x0000000100000000)
  eden space 172032K, 0% used [0x00000000eb900000,0x00000000eb900000,0x00000000f6100000)
  from space 78336K, 38% used [0x00000000f6100000,0x00000000f7ebee08,0x00000000fad80000)
  to   space 77824K, 0% used [0x00000000fb380000,0x00000000fb380000,0x00000000fff80000)
 ParOldGen       total 254464K, used 232797K [0x00000000c2a00000, 0x00000000d2280000, 0x00000000eb900000)
  object space 254464K, 91% used [0x00000000c2a00000,0x00000000d0d57790,0x00000000d2280000)
 Metaspace       used 37986K, capacity 39872K, committed 40064K, reserved 1085440K
  class space    used 3729K, capacity 4401K, committed 4480K, reserved 1048576K
}
Event: 183.896 GC heap before
{Heap before GC invocations=77 (full 5):
 PSYoungGen      total 250368K, used 202491K [0x00000000eb900000, 0x00000000fff80000, 0x0000000100000000)
  eden space 172032K, 100% used [0x00000000eb900000,0x00000000f6100000,0x00000000f6100000)
  from space 78336K, 38% used [0x00000000f6100000,0x00000000f7ebee08,0x00000000fad80000)
  to   space 77824K, 0% used [0x00000000fb380000,0x00000000fb380000,0x00000000fff80000)
 ParOldGen       total 254464K, used 232797K [0x00000000c2a00000, 0x00000000d2280000, 0x00000000eb900000)
  object space 254464K, 91% used [0x00000000c2a00000,0x00000000d0d57790,0x00000000d2280000)
 Metaspace       used 39928K, capacity 42324K, committed 42496K, reserved 1087488K
  class space    used 3849K, capacity 4813K, committed 4864K, reserved 1048576K
Event: 183.936 GC heap after
Heap after GC invocations=77 (full 5):
 PSYoungGen      total 256000K, used 24438K [0x00000000eb900000, 0x0000000100000000, 0x0000000100000000)
  eden space 178176K, 0% used [0x00000000eb900000,0x00000000eb900000,0x00000000f6700000)
  from space 77824K, 31% used [0x00000000fb380000,0x00000000fcb5d878,0x00000000fff80000)
  to   space 78336K, 0% used [0x00000000f6700000,0x00000000f6700000,0x00000000fb380000)
 ParOldGen       total 254464K, used 242550K [0x00000000c2a00000, 0x00000000d2280000, 0x00000000eb900000)
  object space 254464K, 95% used [0x00000000c2a00000,0x00000000d16ddaf0,0x00000000d2280000)
 Metaspace       used 39928K, capacity 42324K, committed 42496K, reserved 1087488K
  class space    used 3849K, capacity 4813K, committed 4864K, reserved 1048576K
}
Event: 183.936 GC heap before
{Heap before GC invocations=78 (full 6):
 PSYoungGen      total 256000K, used 24438K [0x00000000eb900000, 0x0000000100000000, 0x0000000100000000)
  eden space 178176K, 0% used [0x00000000eb900000,0x00000000eb900000,0x00000000f6700000)
  from space 77824K, 31% used [0x00000000fb380000,0x00000000fcb5d878,0x00000000fff80000)
  to   space 78336K, 0% used [0x00000000f6700000,0x00000000f6700000,0x00000000fb380000)
 ParOldGen       total 254464K, used 242550K [0x00000000c2a00000, 0x00000000d2280000, 0x00000000eb900000)
  object space 254464K, 95% used [0x00000000c2a00000,0x00000000d16ddaf0,0x00000000d2280000)
 Metaspace       used 39928K, capacity 42324K, committed 42496K, reserved 1087488K
  class space    used 3849K, capacity 4813K, committed 4864K, reserved 1048576K
Event: 186.484 GC heap after
Heap after GC invocations=78 (full 6):
 PSYoungGen      total 256000K, used 11961K [0x00000000eb900000, 0x0000000100000000, 0x0000000100000000)
  eden space 178176K, 0% used [0x00000000eb900000,0x00000000eb900000,0x00000000f6700000)
  from space 77824K, 15% used [0x00000000fb380000,0x00000000fbf2e5d8,0x00000000fff80000)
  to   space 78336K, 0% used [0x00000000f6700000,0x00000000f6700000,0x00000000fb380000)
 ParOldGen       total 350208K, used 254159K [0x00000000c2a00000, 0x00000000d8000000, 0x00000000eb900000)
  object space 350208K, 72% used [0x00000000c2a00000,0x00000000d2233f28,0x00000000d8000000)
 Metaspace       used 39928K, capacity 42324K, committed 42496K, reserved 1087488K
  class space    used 3849K, capacity 4813K, committed 4864K, reserved 1048576K
}
Event: 187.910 GC heap before
{Heap before GC invocations=79 (full 6):
 PSYoungGen      total 256000K, used 190137K [0x00000000eb900000, 0x0000000100000000, 0x0000000100000000)
  eden space 178176K, 100% used [0x00000000eb900000,0x00000000f6700000,0x00000000f6700000)
  from space 77824K, 15% used [0x00000000fb380000,0x00000000fbf2e5d8,0x00000000fff80000)
  to   space 78336K, 0% used [0x00000000f6700000,0x00000000f6700000,0x00000000fb380000)
 ParOldGen       total 350208K, used 254159K [0x00000000c2a00000, 0x00000000d8000000, 0x00000000eb900000)
  object space 350208K, 72% used [0x00000000c2a00000,0x00000000d2233f28,0x00000000d8000000)
 Metaspace       used 41787K, capacity 44730K, committed 44928K, reserved 1089536K
  class space    used 3952K, capacity 5175K, committed 5248K, reserved 1048576K
Event: 188.021 GC heap after
Heap after GC invocations=79 (full 6):
 PSYoungGen      total 187904K, used 9674K [0x00000000eb900000, 0x0000000100000000, 0x0000000100000000)
  eden space 178176K, 0% used [0x00000000eb900000,0x00000000eb900000,0x00000000f6700000)
  from space 9728K, 99% used [0x00000000f6700000,0x00000000f7072ae8,0x00000000f7080000)
  to   space 80384K, 0% used [0x00000000fb180000,0x00000000fb180000,0x0000000100000000)
 ParOldGen       total 350208K, used 262136K [0x00000000c2a00000, 0x00000000d8000000, 0x00000000eb900000)
  object space 350208K, 74% used [0x00000000c2a00000,0x00000000d29fe1e8,0x00000000d8000000)
 Metaspace       used 41787K, capacity 44730K, committed 44928K, reserved 1089536K
  class space    used 3952K, capacity 5175K, committed 5248K, reserved 1048576K
}
Event: 189.956 GC heap before
{Heap before GC invocations=80 (full 6):
 PSYoungGen      total 187904K, used 187850K [0x00000000eb900000, 0x0000000100000000, 0x0000000100000000)
  eden space 178176K, 100% used [0x00000000eb900000,0x00000000f6700000,0x00000000f6700000)
  from space 9728K, 99% used [0x00000000f6700000,0x00000000f7072ae8,0x00000000f7080000)
  to   space 80384K, 0% used [0x00000000fb180000,0x00000000fb180000,0x0000000100000000)
 ParOldGen       total 350208K, used 262136K [0x00000000c2a00000, 0x00000000d8000000, 0x00000000eb900000)
  object space 350208K, 74% used [0x00000000c2a00000,0x00000000d29fe1e8,0x00000000d8000000)
 Metaspace       used 43771K, capacity 47240K, committed 47360K, reserved 1091584K
  class space    used 4068K, capacity 5577K, committed 5632K, reserved 1048576K
Event: 189.973 GC heap after
Heap after GC invocations=80 (full 6):
 PSYoungGen      total 253440K, used 13454K [0x00000000eb900000, 0x0000000100000000, 0x0000000100000000)
  eden space 173056K, 0% used [0x00000000eb900000,0x00000000eb900000,0x00000000f6200000)
  from space 80384K, 16% used [0x00000000fb180000,0x00000000fbea39b8,0x0000000100000000)
  to   space 80896K, 0% used [0x00000000f6200000,0x00000000f6200000,0x00000000fb100000)
 ParOldGen       total 350208K, used 262136K [0x00000000c2a00000, 0x00000000d8000000, 0x00000000eb900000)
  object space 350208K, 74% used [0x00000000c2a00000,0x00000000d29fe1e8,0x00000000d8000000)
 Metaspace       used 43771K, capacity 47240K, committed 47360K, reserved 1091584K
  class space    used 4068K, capacity 5577K, committed 5632K, reserved 1048576K
}

