# JRE version: Java(TM) SE Runtime Environment (8.0_201-b09) (build 1.8.0_201-b09)
# Java VM: Java HotSpot(TM) 64-Bit Server VM (25.201-b09 mixed mode linux-amd64 compressed oops)
Heap:
 PSYoungGen      total 247296K, used 10853K [0x00000000eb900000, 0x00000000ff080000, 0x0000000100000000)
  eden space 175616K, 0% used [0x00000000eb900000,0x00000000eb900000,0x00000000f6480000)
  from space 71680K, 15% used [0x00000000faa80000,0x00000000fb519758,0x00000000ff080000)
  to   space 71680K, 0% used [0x00000000f6480000,0x00000000f6480000,0x00000000faa80000)
 ParOldGen       total 287232K, used 287082K [0x00000000c2a00000, 0x00000000d4280000, 0x00000000eb900000)
  object space 287232K, 99% used [0x00000000c2a00000,0x00000000d425a9f0,0x00000000d4280000)
 Metaspace       used 50939K, capacity 56228K, committed 56320K, reserved 1099776K
  class space    used 4473K, capacity 7009K, committed 7040K, reserved 1048576K
GC Heap History (10 events):
Event: 174.973 GC heap after
Heap after GC invocations=81 (full 5):
 PSYoungGen      total 240640K, used 21386K [0x00000000eb900000, 0x00000000fff80000, 0x0000000100000000)
  eden space 148480K, 0% used [0x00000000eb900000,0x00000000eb900000,0x00000000f4a00000)
  from space 92160K, 23% used [0x00000000fa080000,0x00000000fb562bf8,0x00000000ffa80000)
  to   space 88576K, 0% used [0x00000000f4a00000,0x00000000f4a00000,0x00000000fa080000)
 ParOldGen       total 287232K, used 266493K [0x00000000c2a00000, 0x00000000d4280000, 0x00000000eb900000)
  object space 287232K, 92% used [0x00000000c2a00000,0x00000000d2e3f668,0x00000000d4280000)
 Metaspace       used 44698K, capacity 48370K, committed 48512K, reserved 1091584K
  class space    used 4114K, capacity 5760K, committed 5760K, reserved 1048576K
}
Event: 176.150 GC heap before
{Heap before GC invocations=82 (full 5):
 PSYoungGen      total 240640K, used 169866K [0x00000000eb900000, 0x00000000fff80000, 0x0000000100000000)
  eden space 148480K, 100% used [0x00000000eb900000,0x00000000f4a00000,0x00000000f4a00000)
  from space 92160K, 23% used [0x00000000fa080000,0x00000000fb562bf8,0x00000000ffa80000)
  to   space 88576K, 0% used [0x00000000f4a00000,0x00000000f4a00000,0x00000000fa080000)
 ParOldGen       total 287232K, used 266493K [0x00000000c2a00000, 0x00000000d4280000, 0x00000000eb900000)
  object space 287232K, 92% used [0x00000000c2a00000,0x00000000d2e3f668,0x00000000d4280000)
 Metaspace       used 46404K, capacity 50470K, committed 50688K, reserved 1093632K
  class space    used 4207K, capacity 6083K, committed 6144K, reserved 1048576K
Event: 176.194 GC heap after
Heap after GC invocations=82 (full 5):
 PSYoungGen      total 237056K, used 24160K [0x00000000eb900000, 0x00000000ff480000, 0x0000000100000000)
  eden space 148480K, 0% used [0x00000000eb900000,0x00000000eb900000,0x00000000f4a00000)
  from space 88576K, 27% used [0x00000000f4a00000,0x00000000f61980a0,0x00000000fa080000)
  to   space 84480K, 0% used [0x00000000fa200000,0x00000000fa200000,0x00000000ff480000)
 ParOldGen       total 287232K, used 266493K [0x00000000c2a00000, 0x00000000d4280000, 0x00000000eb900000)
  object space 287232K, 92% used [0x00000000c2a00000,0x00000000d2e3f668,0x00000000d4280000)
 Metaspace       used 46404K, capacity 50470K, committed 50688K, reserved 1093632K
  class space    used 4207K, capacity 6083K, committed 6144K, reserved 1048576K
}
Event: 177.334 GC heap before
{Heap before GC invocations=83 (full 5):
 PSYoungGen      total 237056K, used 172640K [0x00000000eb900000, 0x00000000ff480000, 0x0000000100000000)
  eden space 148480K, 100% used [0x00000000eb900000,0x00000000f4a00000,0x00000000f4a00000)
  from space 88576K, 27% used [0x00000000f4a00000,0x00000000f61980a0,0x00000000fa080000)
  to   space 84480K, 0% used [0x00000000fa200000,0x00000000fa200000,0x00000000ff480000)
 ParOldGen       total 287232K, used 266493K [0x00000000c2a00000, 0x00000000d4280000, 0x00000000eb900000)
  object space 287232K, 92% used [0x00000000c2a00000,0x00000000d2e3f668,0x00000000d4280000)
 Metaspace       used 48069K, capacity 52592K, committed 52864K, reserved 1095680K
  class space    used 4308K, capacity 6441K, committed 6528K, reserved 1048576K
Event: 177.375 GC heap after
Heap after GC invocations=83 (full 5):
 PSYoungGen      total 241664K, used 27682K [0x00000000eb900000, 0x00000000ff300000, 0x0000000100000000)
  eden space 158720K, 0% used [0x00000000eb900000,0x00000000eb900000,0x00000000f5400000)
  from space 82944K, 33% used [0x00000000fa200000,0x00000000fbd08860,0x00000000ff300000)
  to   space 79872K, 0% used [0x00000000f5400000,0x00000000f5400000,0x00000000fa200000)
 ParOldGen       total 287232K, used 266501K [0x00000000c2a00000, 0x00000000d4280000, 0x00000000eb900000)
  object space 287232K, 92% used [0x00000000c2a00000,0x00000000d2e41668,0x00000000d4280000)
 Metaspace       used 48069K, capacity 52592K, committed 52864K, reserved 1095680K
  class space    used 4308K, capacity 6441K, committed 6528K, reserved 1048576K
}
Event: 178.702 GC heap before
{Heap before GC invocations=84 (full 5):
 PSYoungGen      total 241664K, used 186402K [0x00000000eb900000, 0x00000000ff300000, 0x0000000100000000)
  eden space 158720K, 100% used [0x00000000eb900000,0x00000000f5400000,0x00000000f5400000)
  from space 82944K, 33% used [0x00000000fa200000,0x00000000fbd08860,0x00000000ff300000)
  to   space 79872K, 0% used [0x00000000f5400000,0x00000000f5400000,0x00000000fa200000)
 ParOldGen       total 287232K, used 266501K [0x00000000c2a00000, 0x00000000d4280000, 0x00000000eb900000)
  object space 287232K, 92% used [0x00000000c2a00000,0x00000000d2e41668,0x00000000d4280000)
 Metaspace       used 49787K, capacity 54792K, committed 55040K, reserved 1097728K
  class space    used 4409K, capacity 6801K, committed 6912K, reserved 1048576K
Event: 178.774 GC heap after
Heap after GC invocations=84 (full 5):
 PSYoungGen      total 238592K, used 31115K [0x00000000eb900000, 0x00000000ff400000, 0x0000000100000000)
  eden space 158720K, 0% used [0x00000000eb900000,0x00000000eb900000,0x00000000f5400000)
  from space 79872K, 38% used [0x00000000f5400000,0x00000000f7262df0,0x00000000fa200000)
  to   space 75264K, 0% used [0x00000000faa80000,0x00000000faa80000,0x00000000ff400000)
 ParOldGen       total 287232K, used 266509K [0x00000000c2a00000, 0x00000000d4280000, 0x00000000eb900000)
  object space 287232K, 92% used [0x00000000c2a00000,0x00000000d2e43668,0x00000000d4280000)
 Metaspace       used 49787K, capacity 54792K, committed 55040K, reserved 1097728K
  class space    used 4409K, capacity 6801K, committed 6912K, reserved 1048576K
}
Event: 180.446 GC heap before
{Heap before GC invocations=85 (full 5):
 PSYoungGen      total 238592K, used 176703K [0x00000000eb900000, 0x00000000ff400000, 0x0000000100000000)
  eden space 158720K, 91% used [0x00000000eb900000,0x00000000f472cf00,0x00000000f5400000)
  from space 79872K, 38% used [0x00000000f5400000,0x00000000f7262df0,0x00000000fa200000)
  to   space 75264K, 0% used [0x00000000faa80000,0x00000000faa80000,0x00000000ff400000)
 ParOldGen       total 287232K, used 266509K [0x00000000c2a00000, 0x00000000d4280000, 0x00000000eb900000)
  object space 287232K, 92% used [0x00000000c2a00000,0x00000000d2e43668,0x00000000d4280000)
 Metaspace       used 50939K, capacity 56228K, committed 56320K, reserved 1099776K
  class space    used 4473K, capacity 7009K, committed 7040K, reserved 1048576K
Event: 180.575 GC heap after
Heap after GC invocations=85 (full 5):
 PSYoungGen      total 247296K, used 33554K [0x00000000eb900000, 0x00000000ff080000, 0x0000000100000000)
  eden space 175616K, 0% used [0x00000000eb900000,0x00000000eb900000,0x00000000f6480000)
  from space 71680K, 46% used [0x00000000faa80000,0x00000000fcb44a10,0x00000000ff080000)
  to   space 71680K, 0% used [0x00000000f6480000,0x00000000f6480000,0x00000000faa80000)
 ParOldGen       total 287232K, used 266517K [0x00000000c2a00000, 0x00000000d4280000, 0x00000000eb900000)
  object space 287232K, 92% used [0x00000000c2a00000,0x00000000d2e45668,0x00000000d4280000)
 Metaspace       used 50939K, capacity 56228K, committed 56320K, reserved 1099776K
  class space    used 4473K, capacity 7009K, committed 7040K, reserved 1048576K
}
Event: 180.575 GC heap before
{Heap before GC invocations=86 (full 6):
 PSYoungGen      total 247296K, used 33554K [0x00000000eb900000, 0x00000000ff080000, 0x0000000100000000)
  eden space 175616K, 0% used [0x00000000eb900000,0x00000000eb900000,0x00000000f6480000)
  from space 71680K, 46% used [0x00000000faa80000,0x00000000fcb44a10,0x00000000ff080000)
  to   space 71680K, 0% used [0x00000000f6480000,0x00000000f6480000,0x00000000faa80000)
 ParOldGen       total 287232K, used 266517K [0x00000000c2a00000, 0x00000000d4280000, 0x00000000eb900000)
  object space 287232K, 92% used [0x00000000c2a00000,0x00000000d2e45668,0x00000000d4280000)
 Metaspace       used 50939K, capacity 56228K, committed 56320K, reserved 1099776K
  class space    used 4473K, capacity 7009K, committed 7040K, reserved 1048576K

