# JRE version: Java(TM) SE Runtime Environment (8.0_201-b09) (build 1.8.0_201-b09)
# Java VM: Java HotSpot(TM) 64-Bit Server VM (25.201-b09 mixed mode linux-amd64 compressed oops)
Heap:
 PSYoungGen      total 59904K, used 1520K [0x00000000eb900000, 0x00000000f0800000, 0x0000000100000000)
  eden space 55296K, 0% used [0x00000000eb900000,0x00000000eb900000,0x00000000eef00000)
  from space 4608K, 32% used [0x00000000f0380000,0x00000000f04fc010,0x00000000f0800000)
  to   space 4096K, 0% used [0x00000000eef00000,0x00000000eef00000,0x00000000ef300000)
 ParOldGen       total 42496K, used 12783K [0x00000000c2a00000, 0x00000000c5380000, 0x00000000eb900000)
  object space 42496K, 30% used [0x00000000c2a00000,0x00000000c367bc20,0x00000000c5380000)
 Metaspace       used 14108K, capacity 14588K, committed 14848K, reserved 1062912K
  class space    used 1606K, capacity 1748K, committed 1792K, reserved 1048576K
GC Heap History (10 events):
Event: 39.268 GC heap after
Heap after GC invocations=8 (full 1):
 PSYoungGen      total 18432K, used 2932K [0x00000000eb900000, 0x00000000edd00000, 0x0000000100000000)
  eden space 13824K, 0% used [0x00000000eb900000,0x00000000eb900000,0x00000000ec680000)
  from space 4608K, 63% used [0x00000000ec680000,0x00000000ec95d180,0x00000000ecb00000)
  to   space 4608K, 0% used [0x00000000ed880000,0x00000000ed880000,0x00000000edd00000)
 ParOldGen       total 42496K, used 6122K [0x00000000c2a00000, 0x00000000c5380000, 0x00000000eb900000)
  object space 42496K, 14% used [0x00000000c2a00000,0x00000000c2ffaac8,0x00000000c5380000)
 Metaspace       used 14046K, capacity 14524K, committed 14592K, reserved 1062912K
  class space    used 1606K, capacity 1748K, committed 1792K, reserved 1048576K
}
Event: 39.500 GC heap before
{Heap before GC invocations=9 (full 1):
 PSYoungGen      total 18432K, used 16756K [0x00000000eb900000, 0x00000000edd00000, 0x0000000100000000)
  eden space 13824K, 100% used [0x00000000eb900000,0x00000000ec680000,0x00000000ec680000)
  from space 4608K, 63% used [0x00000000ec680000,0x00000000ec95d180,0x00000000ecb00000)
  to   space 4608K, 0% used [0x00000000ed880000,0x00000000ed880000,0x00000000edd00000)
 ParOldGen       total 42496K, used 6122K [0x00000000c2a00000, 0x00000000c5380000, 0x00000000eb900000)
  object space 42496K, 14% used [0x00000000c2a00000,0x00000000c2ffaac8,0x00000000c5380000)
 Metaspace       used 14057K, capacity 14524K, committed 14592K, reserved 1062912K
  class space    used 1606K, capacity 1748K, committed 1792K, reserved 1048576K
Event: 39.527 GC heap after
Heap after GC invocations=9 (full 1):
 PSYoungGen      total 31232K, used 3200K [0x00000000eb900000, 0x00000000edc00000, 0x0000000100000000)
  eden space 27648K, 0% used [0x00000000eb900000,0x00000000eb900000,0x00000000ed400000)
  from space 3584K, 89% used [0x00000000ed880000,0x00000000edba0060,0x00000000edc00000)
  to   space 4096K, 0% used [0x00000000ed400000,0x00000000ed400000,0x00000000ed800000)
 ParOldGen       total 42496K, used 6914K [0x00000000c2a00000, 0x00000000c5380000, 0x00000000eb900000)
  object space 42496K, 16% used [0x00000000c2a00000,0x00000000c30c0b08,0x00000000c5380000)
 Metaspace       used 14057K, capacity 14524K, committed 14592K, reserved 1062912K
  class space    used 1606K, capacity 1748K, committed 1792K, reserved 1048576K
}
Event: 40.121 GC heap before
{Heap before GC invocations=10 (full 1):
 PSYoungGen      total 31232K, used 30848K [0x00000000eb900000, 0x00000000edc00000, 0x0000000100000000)
  eden space 27648K, 100% used [0x00000000eb900000,0x00000000ed400000,0x00000000ed400000)
  from space 3584K, 89% used [0x00000000ed880000,0x00000000edba0060,0x00000000edc00000)
  to   space 4096K, 0% used [0x00000000ed400000,0x00000000ed400000,0x00000000ed800000)
 ParOldGen       total 42496K, used 6914K [0x00000000c2a00000, 0x00000000c5380000, 0x00000000eb900000)
  object space 42496K, 16% used [0x00000000c2a00000,0x00000000c30c0b08,0x00000000c5380000)
 Metaspace       used 14075K, capacity 14588K, committed 14848K, reserved 1062912K
  class space    used 1606K, capacity 1748K, committed 1792K, reserved 1048576K
Event: 40.137 GC heap after
Heap after GC invocations=10 (full 1):
 PSYoungGen      total 31744K, used 3696K [0x00000000eb900000, 0x00000000ef800000, 0x0000000100000000)
  eden space 27648K, 0% used [0x00000000eb900000,0x00000000eb900000,0x00000000ed400000)
  from space 4096K, 90% used [0x00000000ed400000,0x00000000ed79c070,0x00000000ed800000)
  to   space 4608K, 0% used [0x00000000ef380000,0x00000000ef380000,0x00000000ef800000)
 ParOldGen       total 42496K, used 8108K [0x00000000c2a00000, 0x00000000c5380000, 0x00000000eb900000)
  object space 42496K, 19% used [0x00000000c2a00000,0x00000000c31eb170,0x00000000c5380000)
 Metaspace       used 14075K, capacity 14588K, committed 14848K, reserved 1062912K
  class space    used 1606K, capacity 1748K, committed 1792K, reserved 1048576K
}
Event: 40.501 GC heap before
{Heap before GC invocations=11 (full 1):
 PSYoungGen      total 31744K, used 31344K [0x00000000eb900000, 0x00000000ef800000, 0x0000000100000000)
  eden space 27648K, 100% used [0x00000000eb900000,0x00000000ed400000,0x00000000ed400000)
  from space 4096K, 90% used [0x00000000ed400000,0x00000000ed79c070,0x00000000ed800000)
  to   space 4608K, 0% used [0x00000000ef380000,0x00000000ef380000,0x00000000ef800000)
 ParOldGen       total 42496K, used 8108K [0x00000000c2a00000, 0x00000000c5380000, 0x00000000eb900000)
  object space 42496K, 19% used [0x00000000c2a00000,0x00000000c31eb170,0x00000000c5380000)
 Metaspace       used 14080K, capacity 14588K, committed 14848K, reserved 1062912K
  class space    used 1606K, capacity 1748K, committed 1792K, reserved 1048576K
Event: 40.533 GC heap after
Heap after GC invocations=11 (full 1):
 PSYoungGen      total 48128K, used 3072K [0x00000000eb900000, 0x00000000ef700000, 0x0000000100000000)
  eden space 44544K, 0% used [0x00000000eb900000,0x00000000eb900000,0x00000000ee480000)
  from space 3584K, 85% used [0x00000000ef380000,0x00000000ef680020,0x00000000ef700000)
  to   space 4096K, 0% used [0x00000000eef00000,0x00000000eef00000,0x00000000ef300000)
 ParOldGen       total 42496K, used 9057K [0x00000000c2a00000, 0x00000000c5380000, 0x00000000eb900000)
  object space 42496K, 21% used [0x00000000c2a00000,0x00000000c32d8758,0x00000000c5380000)
 Metaspace       used 14080K, capacity 14588K, committed 14848K, reserved 1062912K
  class space    used 1606K, capacity 1748K, committed 1792K, reserved 1048576K
}
Event: 41.007 GC heap before
{Heap before GC invocations=12 (full 1):
 PSYoungGen      total 48128K, used 47616K [0x00000000eb900000, 0x00000000ef700000, 0x0000000100000000)
  eden space 44544K, 100% used [0x00000000eb900000,0x00000000ee480000,0x00000000ee480000)
  from space 3584K, 85% used [0x00000000ef380000,0x00000000ef680020,0x00000000ef700000)
  to   space 4096K, 0% used [0x00000000eef00000,0x00000000eef00000,0x00000000ef300000)
 ParOldGen       total 42496K, used 9057K [0x00000000c2a00000, 0x00000000c5380000, 0x00000000eb900000)
  object space 42496K, 21% used [0x00000000c2a00000,0x00000000c32d8758,0x00000000c5380000)
 Metaspace       used 14096K, capacity 14588K, committed 14848K, reserved 1062912K
  class space    used 1606K, capacity 1748K, committed 1792K, reserved 1048576K
Event: 41.038 GC heap after
Heap after GC invocations=12 (full 1):
 PSYoungGen      total 59392K, used 1184K [0x00000000eb900000, 0x00000000f0800000, 0x0000000100000000)
  eden space 55296K, 0% used [0x00000000eb900000,0x00000000eb900000,0x00000000eef00000)
  from space 4096K, 28% used [0x00000000eef00000,0x00000000ef028010,0x00000000ef300000)
  to   space 4608K, 0% used [0x00000000f0380000,0x00000000f0380000,0x00000000f0800000)
 ParOldGen       total 42496K, used 11669K [0x00000000c2a00000, 0x00000000c5380000, 0x00000000eb900000)
  object space 42496K, 27% used [0x00000000c2a00000,0x00000000c35655e8,0x00000000c5380000)
 Metaspace       used 14096K, capacity 14588K, committed 14848K, reserved 1062912K
  class space    used 1606K, capacity 1748K, committed 1792K, reserved 1048576K
}
Event: 42.460 GC heap before
{Heap before GC invocations=13 (full 1):
 PSYoungGen      total 59392K, used 56480K [0x00000000eb900000, 0x00000000f0800000, 0x0000000100000000)
  eden space 55296K, 100% used [0x00000000eb900000,0x00000000eef00000,0x00000000eef00000)
  from space 4096K, 28% used [0x00000000eef00000,0x00000000ef028010,0x00000000ef300000)
  to   space 4608K, 0% used [0x00000000f0380000,0x00000000f0380000,0x00000000f0800000)
 ParOldGen       total 42496K, used 11669K [0x00000000c2a00000, 0x00000000c5380000, 0x00000000eb900000)
  object space 42496K, 27% used [0x00000000c2a00000,0x00000000c35655e8,0x00000000c5380000)
 Metaspace       used 14108K, capacity 14588K, committed 14848K, reserved 1062912K
  class space    used 1606K, capacity 1748K, committed 1792K, reserved 1048576K

