# JRE version: Java(TM) SE Runtime Environment (8.0_201-b09) (build 1.8.0_201-b09)
# Java VM: Java HotSpot(TM) 64-Bit Server VM (25.201-b09 mixed mode linux-amd64 compressed oops)
Heap:
 PSYoungGen      total 66048K, used 3472K [0x00000000eb900000, 0x00000000f0200000, 0x0000000100000000)
  eden space 60416K, 0% used [0x00000000eb900000,0x00000000eb900000,0x00000000ef400000)
  from space 5632K, 61% used [0x00000000ef400000,0x00000000ef764070,0x00000000ef980000)
  to   space 2560K, 0% used [0x00000000ef980000,0x00000000ef980000,0x00000000efc00000)
 ParOldGen       total 42496K, used 9842K [0x00000000c2a00000, 0x00000000c5380000, 0x00000000eb900000)
  object space 42496K, 23% used [0x00000000c2a00000,0x00000000c339c9e0,0x00000000c5380000)
 Metaspace       used 13841K, capacity 14194K, committed 14336K, reserved 1062912K
  class space    used 1589K, capacity 1705K, committed 1792K, reserved 1048576K
GC Heap History (10 events):
Event: 3.147 GC heap after
Heap after GC invocations=3 (full 1):
 PSYoungGen      total 34304K, used 0K [0x00000000eb900000, 0x00000000edd00000, 0x0000000100000000)
  eden space 31744K, 0% used [0x00000000eb900000,0x00000000eb900000,0x00000000ed800000)
  from space 2560K, 0% used [0x00000000eda80000,0x00000000eda80000,0x00000000edd00000)
  to   space 2560K, 0% used [0x00000000ed800000,0x00000000ed800000,0x00000000eda80000)
 ParOldGen       total 42496K, used 2615K [0x00000000c2a00000, 0x00000000c5380000, 0x00000000eb900000)
  object space 42496K, 6% used [0x00000000c2a00000,0x00000000c2c8dff8,0x00000000c5380000)
 Metaspace       used 10203K, capacity 10346K, committed 10624K, reserved 1058816K
  class space    used 1235K, capacity 1319K, committed 1408K, reserved 1048576K
}
Event: 57.579 GC heap before
{Heap before GC invocations=4 (full 1):
 PSYoungGen      total 34304K, used 31744K [0x00000000eb900000, 0x00000000edd00000, 0x0000000100000000)
  eden space 31744K, 100% used [0x00000000eb900000,0x00000000ed800000,0x00000000ed800000)
  from space 2560K, 0% used [0x00000000eda80000,0x00000000eda80000,0x00000000edd00000)
  to   space 2560K, 0% used [0x00000000ed800000,0x00000000ed800000,0x00000000eda80000)
 ParOldGen       total 42496K, used 2615K [0x00000000c2a00000, 0x00000000c5380000, 0x00000000eb900000)
  object space 42496K, 6% used [0x00000000c2a00000,0x00000000c2c8dff8,0x00000000c5380000)
 Metaspace       used 13661K, capacity 14066K, committed 14336K, reserved 1062912K
  class space    used 1589K, capacity 1705K, committed 1792K, reserved 1048576K
Event: 57.616 GC heap after
Heap after GC invocations=4 (full 1):
 PSYoungGen      total 34304K, used 2540K [0x00000000eb900000, 0x00000000edd00000, 0x0000000100000000)
  eden space 31744K, 0% used [0x00000000eb900000,0x00000000eb900000,0x00000000ed800000)
  from space 2560K, 99% used [0x00000000ed800000,0x00000000eda7b160,0x00000000eda80000)
  to   space 2560K, 0% used [0x00000000eda80000,0x00000000eda80000,0x00000000edd00000)
 ParOldGen       total 42496K, used 5148K [0x00000000c2a00000, 0x00000000c5380000, 0x00000000eb900000)
  object space 42496K, 12% used [0x00000000c2a00000,0x00000000c2f07070,0x00000000c5380000)
 Metaspace       used 13661K, capacity 14066K, committed 14336K, reserved 1062912K
  class space    used 1589K, capacity 1705K, committed 1792K, reserved 1048576K
}
Event: 58.771 GC heap before
{Heap before GC invocations=5 (full 1):
 PSYoungGen      total 34304K, used 34284K [0x00000000eb900000, 0x00000000edd00000, 0x0000000100000000)
  eden space 31744K, 100% used [0x00000000eb900000,0x00000000ed800000,0x00000000ed800000)
  from space 2560K, 99% used [0x00000000ed800000,0x00000000eda7b160,0x00000000eda80000)
  to   space 2560K, 0% used [0x00000000eda80000,0x00000000eda80000,0x00000000edd00000)
 ParOldGen       total 42496K, used 5148K [0x00000000c2a00000, 0x00000000c5380000, 0x00000000eb900000)
  object space 42496K, 12% used [0x00000000c2a00000,0x00000000c2f07070,0x00000000c5380000)
 Metaspace       used 13747K, capacity 14130K, committed 14336K, reserved 1062912K
  class space    used 1589K, capacity 1705K, committed 1792K, reserved 1048576K
Event: 58.786 GC heap after
Heap after GC invocations=5 (full 1):
 PSYoungGen      total 34304K, used 2544K [0x00000000eb900000, 0x00000000edd00000, 0x0000000100000000)
  eden space 31744K, 0% used [0x00000000eb900000,0x00000000eb900000,0x00000000ed800000)
  from space 2560K, 99% used [0x00000000eda80000,0x00000000edcfc010,0x00000000edd00000)
  to   space 2560K, 0% used [0x00000000ed800000,0x00000000ed800000,0x00000000eda80000)
 ParOldGen       total 42496K, used 6304K [0x00000000c2a00000, 0x00000000c5380000, 0x00000000eb900000)
  object space 42496K, 14% used [0x00000000c2a00000,0x00000000c3028398,0x00000000c5380000)
 Metaspace       used 13747K, capacity 14130K, committed 14336K, reserved 1062912K
  class space    used 1589K, capacity 1705K, committed 1792K, reserved 1048576K
}
Event: 59.960 GC heap before
{Heap before GC invocations=6 (full 1):
 PSYoungGen      total 34304K, used 34288K [0x00000000eb900000, 0x00000000edd00000, 0x0000000100000000)
  eden space 31744K, 100% used [0x00000000eb900000,0x00000000ed800000,0x00000000ed800000)
  from space 2560K, 99% used [0x00000000eda80000,0x00000000edcfc010,0x00000000edd00000)
  to   space 2560K, 0% used [0x00000000ed800000,0x00000000ed800000,0x00000000eda80000)
 ParOldGen       total 42496K, used 6304K [0x00000000c2a00000, 0x00000000c5380000, 0x00000000eb900000)
  object space 42496K, 14% used [0x00000000c2a00000,0x00000000c3028398,0x00000000c5380000)
 Metaspace       used 13799K, capacity 14194K, committed 14336K, reserved 1062912K
  class space    used 1589K, capacity 1705K, committed 1792K, reserved 1048576K
Event: 59.980 GC heap after
Heap after GC invocations=6 (full 1):
 PSYoungGen      total 34304K, used 2528K [0x00000000eb900000, 0x00000000efc00000, 0x0000000100000000)
  eden space 31744K, 0% used [0x00000000eb900000,0x00000000eb900000,0x00000000ed800000)
  from space 2560K, 98% used [0x00000000ed800000,0x00000000eda78060,0x00000000eda80000)
  to   space 2560K, 0% used [0x00000000ef980000,0x00000000ef980000,0x00000000efc00000)
 ParOldGen       total 42496K, used 7951K [0x00000000c2a00000, 0x00000000c5380000, 0x00000000eb900000)
  object space 42496K, 18% used [0x00000000c2a00000,0x00000000c31c3cd0,0x00000000c5380000)
 Metaspace       used 13799K, capacity 14194K, committed 14336K, reserved 1062912K
  class space    used 1589K, capacity 1705K, committed 1792K, reserved 1048576K
}
Event: 60.734 GC heap before
{Heap before GC invocations=7 (full 1):
 PSYoungGen      total 34304K, used 34272K [0x00000000eb900000, 0x00000000efc00000, 0x0000000100000000)
  eden space 31744K, 100% used [0x00000000eb900000,0x00000000ed800000,0x00000000ed800000)
  from space 2560K, 98% used [0x00000000ed800000,0x00000000eda78060,0x00000000eda80000)
  to   space 2560K, 0% used [0x00000000ef980000,0x00000000ef980000,0x00000000efc00000)
 ParOldGen       total 42496K, used 7951K [0x00000000c2a00000, 0x00000000c5380000, 0x00000000eb900000)
  object space 42496K, 18% used [0x00000000c2a00000,0x00000000c31c3cd0,0x00000000c5380000)
 Metaspace       used 13813K, capacity 14194K, committed 14336K, reserved 1062912K
  class space    used 1589K, capacity 1705K, committed 1792K, reserved 1048576K
Event: 60.753 GC heap after
Heap after GC invocations=7 (full 1):
 PSYoungGen      total 62976K, used 2528K [0x00000000eb900000, 0x00000000f0200000, 0x0000000100000000)
  eden space 60416K, 0% used [0x00000000eb900000,0x00000000eb900000,0x00000000ef400000)
  from space 2560K, 98% used [0x00000000ef980000,0x00000000efbf8060,0x00000000efc00000)
  to   space 5632K, 0% used [0x00000000ef400000,0x00000000ef400000,0x00000000ef980000)
 ParOldGen       total 42496K, used 9842K [0x00000000c2a00000, 0x00000000c5380000, 0x00000000eb900000)
  object space 42496K, 23% used [0x00000000c2a00000,0x00000000c339c9e0,0x00000000c5380000)
 Metaspace       used 13813K, capacity 14194K, committed 14336K, reserved 1062912K
  class space    used 1589K, capacity 1705K, committed 1792K, reserved 1048576K
}
Event: 62.023 GC heap before
{Heap before GC invocations=8 (full 1):
 PSYoungGen      total 62976K, used 62944K [0x00000000eb900000, 0x00000000f0200000, 0x0000000100000000)
  eden space 60416K, 100% used [0x00000000eb900000,0x00000000ef400000,0x00000000ef400000)
  from space 2560K, 98% used [0x00000000ef980000,0x00000000efbf8060,0x00000000efc00000)
  to   space 5632K, 0% used [0x00000000ef400000,0x00000000ef400000,0x00000000ef980000)
 ParOldGen       total 42496K, used 9842K [0x00000000c2a00000, 0x00000000c5380000, 0x00000000eb900000)
  object space 42496K, 23% used [0x00000000c2a00000,0x00000000c339c9e0,0x00000000c5380000)
 Metaspace       used 13841K, capacity 14194K, committed 14336K, reserved 1062912K
  class space    used 1589K, capacity 1705K, committed 1792K, reserved 1048576K

