# JRE version: Java(TM) SE Runtime Environment (8.0_201-b09) (build 1.8.0_201-b09)
# Java VM: Java HotSpot(TM) 64-Bit Server VM (25.201-b09 mixed mode linux-amd64 compressed oops)
Heap:
 PSYoungGen      total 126464K, used 9184K [0x00000000eb900000, 0x00000000f4000000, 0x0000000100000000)
  eden space 117248K, 0% used [0x00000000eb900000,0x00000000eb900000,0x00000000f2b80000)
  from space 9216K, 99% used [0x00000000f2b80000,0x00000000f3478140,0x00000000f3480000)
  to   space 6656K, 0% used [0x00000000f3480000,0x00000000f3480000,0x00000000f3b00000)
 ParOldGen       total 42496K, used 36241K [0x00000000c2a00000, 0x00000000c5380000, 0x00000000eb900000)
  object space 42496K, 85% used [0x00000000c2a00000,0x00000000c4d644f0,0x00000000c5380000)
 Metaspace       used 14946K, capacity 15496K, committed 15616K, reserved 1062912K
  class space    used 1647K, capacity 1781K, committed 1792K, reserved 1048576K
GC Heap History (10 events):
Event: 45.467 GC heap after
Heap after GC invocations=5 (full 1):
 PSYoungGen      total 34304K, used 2560K [0x00000000eb900000, 0x00000000edd00000, 0x0000000100000000)
  eden space 31744K, 0% used [0x00000000eb900000,0x00000000eb900000,0x00000000ed800000)
  from space 2560K, 100% used [0x00000000eda80000,0x00000000edd00000,0x00000000edd00000)
  to   space 2560K, 0% used [0x00000000ed800000,0x00000000ed800000,0x00000000eda80000)
 ParOldGen       total 42496K, used 7886K [0x00000000c2a00000, 0x00000000c5380000, 0x00000000eb900000)
  object space 42496K, 18% used [0x00000000c2a00000,0x00000000c31b3950,0x00000000c5380000)
 Metaspace       used 13785K, capacity 14194K, committed 14336K, reserved 1062912K
  class space    used 1587K, capacity 1705K, committed 1792K, reserved 1048576K
}
Event: 48.281 GC heap before
{Heap before GC invocations=6 (full 1):
 PSYoungGen      total 34304K, used 34304K [0x00000000eb900000, 0x00000000edd00000, 0x0000000100000000)
  eden space 31744K, 100% used [0x00000000eb900000,0x00000000ed800000,0x00000000ed800000)
  from space 2560K, 100% used [0x00000000eda80000,0x00000000edd00000,0x00000000edd00000)
  to   space 2560K, 0% used [0x00000000ed800000,0x00000000ed800000,0x00000000eda80000)
 ParOldGen       total 42496K, used 7886K [0x00000000c2a00000, 0x00000000c5380000, 0x00000000eb900000)
  object space 42496K, 18% used [0x00000000c2a00000,0x00000000c31b3950,0x00000000c5380000)
 Metaspace       used 13813K, capacity 14194K, committed 14336K, reserved 1062912K
  class space    used 1587K, capacity 1705K, committed 1792K, reserved 1048576K
Event: 49.822 GC heap after
Heap after GC invocations=6 (full 1):
 PSYoungGen      total 34304K, used 2560K [0x00000000eb900000, 0x00000000efc00000, 0x0000000100000000)
  eden space 31744K, 0% used [0x00000000eb900000,0x00000000eb900000,0x00000000ed800000)
  from space 2560K, 100% used [0x00000000ed800000,0x00000000eda80000,0x00000000eda80000)
  to   space 2560K, 0% used [0x00000000ef980000,0x00000000ef980000,0x00000000efc00000)
 ParOldGen       total 42496K, used 9775K [0x00000000c2a00000, 0x00000000c5380000, 0x00000000eb900000)
  object space 42496K, 23% used [0x00000000c2a00000,0x00000000c338bf78,0x00000000c5380000)
 Metaspace       used 13813K, capacity 14194K, committed 14336K, reserved 1062912K
  class space    used 1587K, capacity 1705K, committed 1792K, reserved 1048576K
}
Event: 50.890 GC heap before
{Heap before GC invocations=7 (full 1):
 PSYoungGen      total 34304K, used 34304K [0x00000000eb900000, 0x00000000efc00000, 0x0000000100000000)
  eden space 31744K, 100% used [0x00000000eb900000,0x00000000ed800000,0x00000000ed800000)
  from space 2560K, 100% used [0x00000000ed800000,0x00000000eda80000,0x00000000eda80000)
  to   space 2560K, 0% used [0x00000000ef980000,0x00000000ef980000,0x00000000efc00000)
 ParOldGen       total 42496K, used 9775K [0x00000000c2a00000, 0x00000000c5380000, 0x00000000eb900000)
  object space 42496K, 23% used [0x00000000c2a00000,0x00000000c338bf78,0x00000000c5380000)
 Metaspace       used 13879K, capacity 14258K, committed 14592K, reserved 1062912K
  class space    used 1587K, capacity 1705K, committed 1792K, reserved 1048576K
Event: 50.909 GC heap after
Heap after GC invocations=7 (full 1):
 PSYoungGen      total 62464K, used 2560K [0x00000000eb900000, 0x00000000f0300000, 0x0000000100000000)
  eden space 59904K, 0% used [0x00000000eb900000,0x00000000eb900000,0x00000000ef380000)
  from space 2560K, 100% used [0x00000000ef980000,0x00000000efc00000,0x00000000efc00000)
  to   space 6144K, 0% used [0x00000000ef380000,0x00000000ef380000,0x00000000ef980000)
 ParOldGen       total 42496K, used 11903K [0x00000000c2a00000, 0x00000000c5380000, 0x00000000eb900000)
  object space 42496K, 28% used [0x00000000c2a00000,0x00000000c359fe70,0x00000000c5380000)
 Metaspace       used 13879K, capacity 14258K, committed 14592K, reserved 1062912K
  class space    used 1587K, capacity 1705K, committed 1792K, reserved 1048576K
}
Event: 52.499 GC heap before
{Heap before GC invocations=8 (full 1):
 PSYoungGen      total 62464K, used 62464K [0x00000000eb900000, 0x00000000f0300000, 0x0000000100000000)
  eden space 59904K, 100% used [0x00000000eb900000,0x00000000ef380000,0x00000000ef380000)
  from space 2560K, 100% used [0x00000000ef980000,0x00000000efc00000,0x00000000efc00000)
  to   space 6144K, 0% used [0x00000000ef380000,0x00000000ef380000,0x00000000ef980000)
 ParOldGen       total 42496K, used 11903K [0x00000000c2a00000, 0x00000000c5380000, 0x00000000eb900000)
  object space 42496K, 28% used [0x00000000c2a00000,0x00000000c359fe70,0x00000000c5380000)
 Metaspace       used 13930K, capacity 14322K, committed 14592K, reserved 1062912K
  class space    used 1588K, capacity 1705K, committed 1792K, reserved 1048576K
Event: 52.550 GC heap after
Heap after GC invocations=8 (full 1):
 PSYoungGen      total 66048K, used 5928K [0x00000000eb900000, 0x00000000f3b00000, 0x0000000100000000)
  eden space 59904K, 0% used [0x00000000eb900000,0x00000000eb900000,0x00000000ef380000)
  from space 6144K, 96% used [0x00000000ef380000,0x00000000ef94a1c8,0x00000000ef980000)
  to   space 6656K, 0% used [0x00000000f3480000,0x00000000f3480000,0x00000000f3b00000)
 ParOldGen       total 42496K, used 11911K [0x00000000c2a00000, 0x00000000c5380000, 0x00000000eb900000)
  object space 42496K, 28% used [0x00000000c2a00000,0x00000000c35a1e70,0x00000000c5380000)
 Metaspace       used 13930K, capacity 14322K, committed 14592K, reserved 1062912K
  class space    used 1588K, capacity 1705K, committed 1792K, reserved 1048576K
}
Event: 79.216 GC heap before
{Heap before GC invocations=9 (full 1):
 PSYoungGen      total 66048K, used 65832K [0x00000000eb900000, 0x00000000f3b00000, 0x0000000100000000)
  eden space 59904K, 100% used [0x00000000eb900000,0x00000000ef380000,0x00000000ef380000)
  from space 6144K, 96% used [0x00000000ef380000,0x00000000ef94a1c8,0x00000000ef980000)
  to   space 6656K, 0% used [0x00000000f3480000,0x00000000f3480000,0x00000000f3b00000)
 ParOldGen       total 42496K, used 11911K [0x00000000c2a00000, 0x00000000c5380000, 0x00000000eb900000)
  object space 42496K, 28% used [0x00000000c2a00000,0x00000000c35a1e70,0x00000000c5380000)
 Metaspace       used 14797K, capacity 15322K, committed 15360K, reserved 1062912K
  class space    used 1638K, capacity 1774K, committed 1792K, reserved 1048576K
Event: 79.272 GC heap after
Heap after GC invocations=9 (full 1):
 PSYoungGen      total 123904K, used 6640K [0x00000000eb900000, 0x00000000f4000000, 0x0000000100000000)
  eden space 117248K, 0% used [0x00000000eb900000,0x00000000eb900000,0x00000000f2b80000)
  from space 6656K, 99% used [0x00000000f3480000,0x00000000f3afc120,0x00000000f3b00000)
  to   space 9216K, 0% used [0x00000000f2b80000,0x00000000f2b80000,0x00000000f3480000)
 ParOldGen       total 42496K, used 15209K [0x00000000c2a00000, 0x00000000c5380000, 0x00000000eb900000)
  object space 42496K, 35% used [0x00000000c2a00000,0x00000000c38da4a0,0x00000000c5380000)
 Metaspace       used 14797K, capacity 15322K, committed 15360K, reserved 1062912K
  class space    used 1638K, capacity 1774K, committed 1792K, reserved 1048576K
}
Event: 163.043 GC heap before
{Heap before GC invocations=10 (full 1):
 PSYoungGen      total 123904K, used 123888K [0x00000000eb900000, 0x00000000f4000000, 0x0000000100000000)
  eden space 117248K, 100% used [0x00000000eb900000,0x00000000f2b80000,0x00000000f2b80000)
  from space 6656K, 99% used [0x00000000f3480000,0x00000000f3afc120,0x00000000f3b00000)
  to   space 9216K, 0% used [0x00000000f2b80000,0x00000000f2b80000,0x00000000f3480000)
 ParOldGen       total 42496K, used 15209K [0x00000000c2a00000, 0x00000000c5380000, 0x00000000eb900000)
  object space 42496K, 35% used [0x00000000c2a00000,0x00000000c38da4a0,0x00000000c5380000)
 Metaspace       used 14946K, capacity 15496K, committed 15616K, reserved 1062912K
  class space    used 1647K, capacity 1781K, committed 1792K, reserved 1048576K

