# JRE version: Java(TM) SE Runtime Environment (8.0_201-b09) (build 1.8.0_201-b09)
# Java VM: Java HotSpot(TM) 64-Bit Server VM (25.201-b09 mixed mode linux-amd64 compressed oops)
Heap:
 PSYoungGen      total 186368K, used 20564K [0x00000000eb900000, 0x00000000ffd00000, 0x0000000100000000)
  eden space 126976K, 0% used [0x00000000eb900000,0x00000000eb900000,0x00000000f3500000)
  from space 59392K, 34% used [0x00000000f3500000,0x00000000f49153a8,0x00000000f6f00000)
  to   space 102400K, 0% used [0x00000000f9900000,0x00000000f9900000,0x00000000ffd00000)
 ParOldGen       total 168960K, used 168810K [0x00000000c2a00000, 0x00000000ccf00000, 0x00000000eb900000)
  object space 168960K, 99% used [0x00000000c2a00000,0x00000000ccedaa58,0x00000000ccf00000)
 Metaspace       used 32171K, capacity 33140K, committed 33152K, reserved 1079296K
  class space    used 3227K, capacity 3444K, committed 3456K, reserved 1048576K
GC Heap History (10 events):
Event: 167.710 GC heap after
Heap after GC invocations=45 (full 4):
 PSYoungGen      total 227840K, used 70660K [0x00000000eb900000, 0x0000000100000000, 0x0000000100000000)
  eden space 156672K, 0% used [0x00000000eb900000,0x00000000eb900000,0x00000000f5200000)
  from space 71168K, 99% used [0x00000000f5200000,0x00000000f9701238,0x00000000f9780000)
  to   space 96256K, 0% used [0x00000000fa200000,0x00000000fa200000,0x0000000100000000)
 ParOldGen       total 168960K, used 105366K [0x00000000c2a00000, 0x00000000ccf00000, 0x00000000eb900000)
  object space 168960K, 62% used [0x00000000c2a00000,0x00000000c90e5b38,0x00000000ccf00000)
 Metaspace       used 31204K, capacity 32170K, committed 32384K, reserved 1079296K
  class space    used 3222K, capacity 3443K, committed 3456K, reserved 1048576K
}
Event: 173.531 GC heap before
{Heap before GC invocations=46 (full 4):
 PSYoungGen      total 227840K, used 227332K [0x00000000eb900000, 0x0000000100000000, 0x0000000100000000)
  eden space 156672K, 100% used [0x00000000eb900000,0x00000000f5200000,0x00000000f5200000)
  from space 71168K, 99% used [0x00000000f5200000,0x00000000f9701238,0x00000000f9780000)
  to   space 96256K, 0% used [0x00000000fa200000,0x00000000fa200000,0x0000000100000000)
 ParOldGen       total 168960K, used 105366K [0x00000000c2a00000, 0x00000000ccf00000, 0x00000000eb900000)
  object space 168960K, 62% used [0x00000000c2a00000,0x00000000c90e5b38,0x00000000ccf00000)
 Metaspace       used 31665K, capacity 32688K, committed 32896K, reserved 1079296K
  class space    used 3223K, capacity 3444K, committed 3456K, reserved 1048576K
Event: 173.739 GC heap after
Heap after GC invocations=46 (full 4):
 PSYoungGen      total 226304K, used 73264K [0x00000000eb900000, 0x0000000100000000, 0x0000000100000000)
  eden space 130048K, 0% used [0x00000000eb900000,0x00000000eb900000,0x00000000f3800000)
  from space 96256K, 76% used [0x00000000fa200000,0x00000000fe98c3f8,0x0000000100000000)
  to   space 102400K, 0% used [0x00000000f3800000,0x00000000f3800000,0x00000000f9c00000)
 ParOldGen       total 168960K, used 114520K [0x00000000c2a00000, 0x00000000ccf00000, 0x00000000eb900000)
  object space 168960K, 67% used [0x00000000c2a00000,0x00000000c99d62e0,0x00000000ccf00000)
 Metaspace       used 31665K, capacity 32688K, committed 32896K, reserved 1079296K
  class space    used 3223K, capacity 3444K, committed 3456K, reserved 1048576K
}
Event: 177.704 GC heap before
{Heap before GC invocations=47 (full 4):
 PSYoungGen      total 226304K, used 203312K [0x00000000eb900000, 0x0000000100000000, 0x0000000100000000)
  eden space 130048K, 100% used [0x00000000eb900000,0x00000000f3800000,0x00000000f3800000)
  from space 96256K, 76% used [0x00000000fa200000,0x00000000fe98c3f8,0x0000000100000000)
  to   space 102400K, 0% used [0x00000000f3800000,0x00000000f3800000,0x00000000f9c00000)
 ParOldGen       total 168960K, used 114520K [0x00000000c2a00000, 0x00000000ccf00000, 0x00000000eb900000)
  object space 168960K, 67% used [0x00000000c2a00000,0x00000000c99d62e0,0x00000000ccf00000)
 Metaspace       used 31957K, capacity 32944K, committed 33152K, reserved 1079296K
  class space    used 3227K, capacity 3444K, committed 3456K, reserved 1048576K
Event: 177.889 GC heap after
Heap after GC invocations=47 (full 4):
 PSYoungGen      total 194560K, used 64350K [0x00000000eb900000, 0x0000000100000000, 0x0000000100000000)
  eden space 130048K, 0% used [0x00000000eb900000,0x00000000eb900000,0x00000000f3800000)
  from space 64512K, 99% used [0x00000000f3800000,0x00000000f76d78a8,0x00000000f7700000)
  to   space 104448K, 0% used [0x00000000f9a00000,0x00000000f9a00000,0x0000000100000000)
 ParOldGen       total 168960K, used 132994K [0x00000000c2a00000, 0x00000000ccf00000, 0x00000000eb900000)
  object space 168960K, 78% used [0x00000000c2a00000,0x00000000cabe0860,0x00000000ccf00000)
 Metaspace       used 31957K, capacity 32944K, committed 33152K, reserved 1079296K
  class space    used 3227K, capacity 3444K, committed 3456K, reserved 1048576K
}
Event: 181.145 GC heap before
{Heap before GC invocations=48 (full 4):
 PSYoungGen      total 194560K, used 194398K [0x00000000eb900000, 0x0000000100000000, 0x0000000100000000)
  eden space 130048K, 100% used [0x00000000eb900000,0x00000000f3800000,0x00000000f3800000)
  from space 64512K, 99% used [0x00000000f3800000,0x00000000f76d78a8,0x00000000f7700000)
  to   space 104448K, 0% used [0x00000000f9a00000,0x00000000f9a00000,0x0000000100000000)
 ParOldGen       total 168960K, used 132994K [0x00000000c2a00000, 0x00000000ccf00000, 0x00000000eb900000)
  object space 168960K, 78% used [0x00000000c2a00000,0x00000000cabe0860,0x00000000ccf00000)
 Metaspace       used 32059K, capacity 33076K, committed 33152K, reserved 1079296K
  class space    used 3227K, capacity 3444K, committed 3456K, reserved 1048576K
Event: 181.304 GC heap after
Heap after GC invocations=48 (full 4):
 PSYoungGen      total 231424K, used 60382K [0x00000000eb900000, 0x0000000100000000, 0x0000000100000000)
  eden space 126976K, 0% used [0x00000000eb900000,0x00000000eb900000,0x00000000f3500000)
  from space 104448K, 57% used [0x00000000f9a00000,0x00000000fd4f7bb8,0x0000000100000000)
  to   space 103424K, 0% used [0x00000000f3500000,0x00000000f3500000,0x00000000f9a00000)
 ParOldGen       total 168960K, used 144475K [0x00000000c2a00000, 0x00000000ccf00000, 0x00000000eb900000)
  object space 168960K, 85% used [0x00000000c2a00000,0x00000000cb716d60,0x00000000ccf00000)
 Metaspace       used 32059K, capacity 33076K, committed 33152K, reserved 1079296K
  class space    used 3227K, capacity 3444K, committed 3456K, reserved 1048576K
}
Event: 184.463 GC heap before
{Heap before GC invocations=49 (full 4):
 PSYoungGen      total 231424K, used 187358K [0x00000000eb900000, 0x0000000100000000, 0x0000000100000000)
  eden space 126976K, 100% used [0x00000000eb900000,0x00000000f3500000,0x00000000f3500000)
  from space 104448K, 57% used [0x00000000f9a00000,0x00000000fd4f7bb8,0x0000000100000000)
  to   space 103424K, 0% used [0x00000000f3500000,0x00000000f3500000,0x00000000f9a00000)
 ParOldGen       total 168960K, used 144475K [0x00000000c2a00000, 0x00000000ccf00000, 0x00000000eb900000)
  object space 168960K, 85% used [0x00000000c2a00000,0x00000000cb716d60,0x00000000ccf00000)
 Metaspace       used 32171K, capacity 33140K, committed 33152K, reserved 1079296K
  class space    used 3227K, capacity 3444K, committed 3456K, reserved 1048576K
Event: 184.654 GC heap after
Heap after GC invocations=49 (full 4):
 PSYoungGen      total 186368K, used 59113K [0x00000000eb900000, 0x00000000ffd00000, 0x0000000100000000)
  eden space 126976K, 0% used [0x00000000eb900000,0x00000000eb900000,0x00000000f3500000)
  from space 59392K, 99% used [0x00000000f3500000,0x00000000f6eba4d0,0x00000000f6f00000)
  to   space 102400K, 0% used [0x00000000f9900000,0x00000000f9900000,0x00000000ffd00000)
 ParOldGen       total 168960K, used 152603K [0x00000000c2a00000, 0x00000000ccf00000, 0x00000000eb900000)
  object space 168960K, 90% used [0x00000000c2a00000,0x00000000cbf06f80,0x00000000ccf00000)
 Metaspace       used 32171K, capacity 33140K, committed 33152K, reserved 1079296K
  class space    used 3227K, capacity 3444K, committed 3456K, reserved 1048576K
}
Event: 184.654 GC heap before
{Heap before GC invocations=50 (full 5):
 PSYoungGen      total 186368K, used 59113K [0x00000000eb900000, 0x00000000ffd00000, 0x0000000100000000)
  eden space 126976K, 0% used [0x00000000eb900000,0x00000000eb900000,0x00000000f3500000)
  from space 59392K, 99% used [0x00000000f3500000,0x00000000f6eba4d0,0x00000000f6f00000)
  to   space 102400K, 0% used [0x00000000f9900000,0x00000000f9900000,0x00000000ffd00000)
 ParOldGen       total 168960K, used 152603K [0x00000000c2a00000, 0x00000000ccf00000, 0x00000000eb900000)
  object space 168960K, 90% used [0x00000000c2a00000,0x00000000cbf06f80,0x00000000ccf00000)
 Metaspace       used 32171K, capacity 33140K, committed 33152K, reserved 1079296K
  class space    used 3227K, capacity 3444K, committed 3456K, reserved 1048576K

