# JRE version: Java(TM) SE Runtime Environment (8.0_201-b09) (build 1.8.0_201-b09)
# Java VM: Java HotSpot(TM) 64-Bit Server VM (25.201-b09 mixed mode linux-amd64 compressed oops)
Heap:
 PSYoungGen      total 211456K, used 60916K [0x00000000eb900000, 0x00000000ff880000, 0x0000000100000000)
  eden space 166912K, 10% used [0x00000000eb900000,0x00000000ec9577e0,0x00000000f5c00000)
  from space 44544K, 99% used [0x00000000f5c00000,0x00000000f87258f8,0x00000000f8780000)
  to   space 79872K, 0% used [0x00000000faa80000,0x00000000faa80000,0x00000000ff880000)
 ParOldGen       total 303104K, used 245024K [0x00000000c2a00000, 0x00000000d5200000, 0x00000000eb900000)
  object space 303104K, 80% used [0x00000000c2a00000,0x00000000d1948230,0x00000000d5200000)
 Metaspace       used 36715K, capacity 38286K, committed 38528K, reserved 1083392K
  class space    used 3661K, capacity 4162K, committed 4224K, reserved 1048576K
GC Heap History (10 events):
Event: 172.341 GC heap before
{Heap before GC invocations=76 (full 5):
 PSYoungGen      total 249856K, used 218360K [0x00000000eb900000, 0x0000000100000000, 0x0000000100000000)
  eden space 174592K, 100% used [0x00000000eb900000,0x00000000f6380000,0x00000000f6380000)
  from space 75264K, 58% used [0x00000000fac00000,0x00000000fd6be148,0x00000000ff580000)
  to   space 74240K, 0% used [0x00000000f6380000,0x00000000f6380000,0x00000000fac00000)
 ParOldGen       total 303104K, used 208436K [0x00000000c2a00000, 0x00000000d5200000, 0x00000000eb900000)
  object space 303104K, 68% used [0x00000000c2a00000,0x00000000cf58d310,0x00000000d5200000)
 Metaspace       used 32443K, capacity 33554K, committed 33792K, reserved 1079296K
  class space    used 3269K, capacity 3533K, committed 3584K, reserved 1048576K
Event: 172.407 GC heap after
Heap after GC invocations=76 (full 5):
 PSYoungGen      total 248832K, used 53121K [0x00000000eb900000, 0x0000000100000000, 0x0000000100000000)
  eden space 174592K, 0% used [0x00000000eb900000,0x00000000eb900000,0x00000000f6380000)
  from space 74240K, 71% used [0x00000000f6380000,0x00000000f9760768,0x00000000fac00000)
  to   space 76800K, 0% used [0x00000000fb500000,0x00000000fb500000,0x0000000100000000)
 ParOldGen       total 303104K, used 209841K [0x00000000c2a00000, 0x00000000d5200000, 0x00000000eb900000)
  object space 303104K, 69% used [0x00000000c2a00000,0x00000000cf6ec628,0x00000000d5200000)
 Metaspace       used 32443K, capacity 33554K, committed 33792K, reserved 1079296K
  class space    used 3269K, capacity 3533K, committed 3584K, reserved 1048576K
}
Event: 174.880 GC heap before
{Heap before GC invocations=77 (full 5):
 PSYoungGen      total 248832K, used 227713K [0x00000000eb900000, 0x0000000100000000, 0x0000000100000000)
  eden space 174592K, 100% used [0x00000000eb900000,0x00000000f6380000,0x00000000f6380000)
  from space 74240K, 71% used [0x00000000f6380000,0x00000000f9760768,0x00000000fac00000)
  to   space 76800K, 0% used [0x00000000fb500000,0x00000000fb500000,0x0000000100000000)
 ParOldGen       total 303104K, used 209841K [0x00000000c2a00000, 0x00000000d5200000, 0x00000000eb900000)
  object space 303104K, 69% used [0x00000000c2a00000,0x00000000cf6ec628,0x00000000d5200000)
 Metaspace       used 32593K, capacity 33746K, committed 34048K, reserved 1079296K
  class space    used 3269K, capacity 3533K, committed 3584K, reserved 1048576K
Event: 174.989 GC heap after
Heap after GC invocations=77 (full 5):
 PSYoungGen      total 246784K, used 63535K [0x00000000eb900000, 0x0000000100000000, 0x0000000100000000)
  eden space 169984K, 0% used [0x00000000eb900000,0x00000000eb900000,0x00000000f5f00000)
  from space 76800K, 82% used [0x00000000fb500000,0x00000000ff30bd68,0x0000000100000000)
  to   space 82432K, 0% used [0x00000000f5f00000,0x00000000f5f00000,0x00000000faf80000)
 ParOldGen       total 303104K, used 209849K [0x00000000c2a00000, 0x00000000d5200000, 0x00000000eb900000)
  object space 303104K, 69% used [0x00000000c2a00000,0x00000000cf6ee628,0x00000000d5200000)
 Metaspace       used 32593K, capacity 33746K, committed 34048K, reserved 1079296K
  class space    used 3269K, capacity 3533K, committed 3584K, reserved 1048576K
}
Event: 177.305 GC heap before
{Heap before GC invocations=78 (full 5):
 PSYoungGen      total 246784K, used 233519K [0x00000000eb900000, 0x0000000100000000, 0x0000000100000000)
  eden space 169984K, 100% used [0x00000000eb900000,0x00000000f5f00000,0x00000000f5f00000)
  from space 76800K, 82% used [0x00000000fb500000,0x00000000ff30bd68,0x0000000100000000)
  to   space 82432K, 0% used [0x00000000f5f00000,0x00000000f5f00000,0x00000000faf80000)
 ParOldGen       total 303104K, used 209849K [0x00000000c2a00000, 0x00000000d5200000, 0x00000000eb900000)
  object space 303104K, 69% used [0x00000000c2a00000,0x00000000cf6ee628,0x00000000d5200000)
 Metaspace       used 32679K, capacity 33810K, committed 34048K, reserved 1079296K
  class space    used 3269K, capacity 3533K, committed 3584K, reserved 1048576K
Event: 177.408 GC heap after
Heap after GC invocations=78 (full 5):
 PSYoungGen      total 225792K, used 55706K [0x00000000eb900000, 0x0000000100000000, 0x0000000100000000)
  eden space 169984K, 0% used [0x00000000eb900000,0x00000000eb900000,0x00000000f5f00000)
  from space 55808K, 99% used [0x00000000f5f00000,0x00000000f9566830,0x00000000f9580000)
  to   space 83456K, 0% used [0x00000000fae80000,0x00000000fae80000,0x0000000100000000)
 ParOldGen       total 303104K, used 225126K [0x00000000c2a00000, 0x00000000d5200000, 0x00000000eb900000)
  object space 303104K, 74% used [0x00000000c2a00000,0x00000000d05d9b50,0x00000000d5200000)
 Metaspace       used 32679K, capacity 33810K, committed 34048K, reserved 1079296K
  class space    used 3269K, capacity 3533K, committed 3584K, reserved 1048576K
}
Event: 180.761 GC heap before
{Heap before GC invocations=79 (full 5):
 PSYoungGen      total 225792K, used 225690K [0x00000000eb900000, 0x0000000100000000, 0x0000000100000000)
  eden space 169984K, 100% used [0x00000000eb900000,0x00000000f5f00000,0x00000000f5f00000)
  from space 55808K, 99% used [0x00000000f5f00000,0x00000000f9566830,0x00000000f9580000)
  to   space 83456K, 0% used [0x00000000fae80000,0x00000000fae80000,0x0000000100000000)
 ParOldGen       total 303104K, used 225126K [0x00000000c2a00000, 0x00000000d5200000, 0x00000000eb900000)
  object space 303104K, 74% used [0x00000000c2a00000,0x00000000d05d9b50,0x00000000d5200000)
 Metaspace       used 35071K, capacity 36220K, committed 36480K, reserved 1081344K
  class space    used 3564K, capacity 3844K, committed 3968K, reserved 1048576K
Event: 180.917 GC heap after
Heap after GC invocations=79 (full 5):
 PSYoungGen      total 250368K, used 54240K [0x00000000eb900000, 0x0000000100000000, 0x0000000100000000)
  eden space 166912K, 0% used [0x00000000eb900000,0x00000000eb900000,0x00000000f5c00000)
  from space 83456K, 64% used [0x00000000fae80000,0x00000000fe378200,0x0000000100000000)
  to   space 83968K, 0% used [0x00000000f5c00000,0x00000000f5c00000,0x00000000fae00000)
 ParOldGen       total 303104K, used 235967K [0x00000000c2a00000, 0x00000000d5200000, 0x00000000eb900000)
  object space 303104K, 77% used [0x00000000c2a00000,0x00000000d106ff10,0x00000000d5200000)
 Metaspace       used 35071K, capacity 36220K, committed 36480K, reserved 1081344K
  class space    used 3564K, capacity 3844K, committed 3968K, reserved 1048576K
}
Event: 186.345 GC heap before
{Heap before GC invocations=80 (full 5):
 PSYoungGen      total 250368K, used 221152K [0x00000000eb900000, 0x0000000100000000, 0x0000000100000000)
  eden space 166912K, 100% used [0x00000000eb900000,0x00000000f5c00000,0x00000000f5c00000)
  from space 83456K, 64% used [0x00000000fae80000,0x00000000fe378200,0x0000000100000000)
  to   space 83968K, 0% used [0x00000000f5c00000,0x00000000f5c00000,0x00000000fae00000)
 ParOldGen       total 303104K, used 235967K [0x00000000c2a00000, 0x00000000d5200000, 0x00000000eb900000)
  object space 303104K, 77% used [0x00000000c2a00000,0x00000000d106ff10,0x00000000d5200000)
 Metaspace       used 36520K, capacity 38042K, committed 38272K, reserved 1083392K
  class space    used 3650K, capacity 4122K, committed 4224K, reserved 1048576K
Event: 186.445 GC heap after
Heap after GC invocations=80 (full 5):
 PSYoungGen      total 211456K, used 44182K [0x00000000eb900000, 0x00000000ff880000, 0x0000000100000000)
  eden space 166912K, 0% used [0x00000000eb900000,0x00000000eb900000,0x00000000f5c00000)
  from space 44544K, 99% used [0x00000000f5c00000,0x00000000f87258f8,0x00000000f8780000)
  to   space 79872K, 0% used [0x00000000faa80000,0x00000000faa80000,0x00000000ff880000)
 ParOldGen       total 303104K, used 245024K [0x00000000c2a00000, 0x00000000d5200000, 0x00000000eb900000)
  object space 303104K, 80% used [0x00000000c2a00000,0x00000000d1948230,0x00000000d5200000)
 Metaspace       used 36520K, capacity 38042K, committed 38272K, reserved 1083392K
  class space    used 3650K, capacity 4122K, committed 4224K, reserved 1048576K
}

