# JRE version: Java(TM) SE Runtime Environment (8.0_201-b09) (build 1.8.0_201-b09)
# Java VM: Java HotSpot(TM) 64-Bit Server VM (25.201-b09 mixed mode linux-amd64 compressed oops)
Heap:
 PSYoungGen      total 199168K, used 20454K [0x00000000eb900000, 0x00000000fb300000, 0x0000000100000000)
  eden space 178688K, 0% used [0x00000000eb900000,0x00000000eb900000,0x00000000f6780000)
  from space 20480K, 99% used [0x00000000f8b00000,0x00000000f9ef9890,0x00000000f9f00000)
  to   space 13312K, 0% used [0x00000000fa600000,0x00000000fa600000,0x00000000fb300000)
 ParOldGen       total 74752K, used 46527K [0x00000000c2a00000, 0x00000000c7300000, 0x00000000eb900000)
  object space 74752K, 62% used [0x00000000c2a00000,0x00000000c576fd38,0x00000000c7300000)
 Metaspace       used 23152K, capacity 23858K, committed 23936K, reserved 1071104K
  class space    used 2475K, capacity 2667K, committed 2688K, reserved 1048576K
GC Heap History (10 events):
Event: 12.379 GC heap after
Heap after GC invocations=10 (full 1):
 PSYoungGen      total 128000K, used 9204K [0x00000000eb900000, 0x00000000fc400000, 0x0000000100000000)
  eden space 118784K, 0% used [0x00000000eb900000,0x00000000eb900000,0x00000000f2d00000)
  from space 9216K, 99% used [0x00000000f2d00000,0x00000000f35fd3e8,0x00000000f3600000)
  to   space 17920K, 0% used [0x00000000fb280000,0x00000000fb280000,0x00000000fc400000)
 ParOldGen       total 42496K, used 32903K [0x00000000c2a00000, 0x00000000c5380000, 0x00000000eb900000)
  object space 42496K, 77% used [0x00000000c2a00000,0x00000000c4a21f40,0x00000000c5380000)
 Metaspace       used 19069K, capacity 19322K, committed 19712K, reserved 1067008K
  class space    used 2135K, capacity 2226K, committed 2304K, reserved 1048576K
}
Event: 12.379 GC heap before
{Heap before GC invocations=11 (full 2):
 PSYoungGen      total 128000K, used 9204K [0x00000000eb900000, 0x00000000fc400000, 0x0000000100000000)
  eden space 118784K, 0% used [0x00000000eb900000,0x00000000eb900000,0x00000000f2d00000)
  from space 9216K, 99% used [0x00000000f2d00000,0x00000000f35fd3e8,0x00000000f3600000)
  to   space 17920K, 0% used [0x00000000fb280000,0x00000000fb280000,0x00000000fc400000)
 ParOldGen       total 42496K, used 32903K [0x00000000c2a00000, 0x00000000c5380000, 0x00000000eb900000)
  object space 42496K, 77% used [0x00000000c2a00000,0x00000000c4a21f40,0x00000000c5380000)
 Metaspace       used 19069K, capacity 19322K, committed 19712K, reserved 1067008K
  class space    used 2135K, capacity 2226K, committed 2304K, reserved 1048576K
Event: 13.159 GC heap after
Heap after GC invocations=11 (full 2):
 PSYoungGen      total 128000K, used 0K [0x00000000eb900000, 0x00000000fc400000, 0x0000000100000000)
  eden space 118784K, 0% used [0x00000000eb900000,0x00000000eb900000,0x00000000f2d00000)
  from space 9216K, 0% used [0x00000000f2d00000,0x00000000f2d00000,0x00000000f3600000)
  to   space 17920K, 0% used [0x00000000fb280000,0x00000000fb280000,0x00000000fc400000)
 ParOldGen       total 74752K, used 37248K [0x00000000c2a00000, 0x00000000c7300000, 0x00000000eb900000)
  object space 74752K, 49% used [0x00000000c2a00000,0x00000000c4e602f0,0x00000000c7300000)
 Metaspace       used 19069K, capacity 19322K, committed 19712K, reserved 1067008K
  class space    used 2135K, capacity 2226K, committed 2304K, reserved 1048576K
}
Event: 16.967 GC heap before
{Heap before GC invocations=12 (full 2):
 PSYoungGen      total 128000K, used 118784K [0x00000000eb900000, 0x00000000fc400000, 0x0000000100000000)
  eden space 118784K, 100% used [0x00000000eb900000,0x00000000f2d00000,0x00000000f2d00000)
  from space 9216K, 0% used [0x00000000f2d00000,0x00000000f2d00000,0x00000000f3600000)
  to   space 17920K, 0% used [0x00000000fb280000,0x00000000fb280000,0x00000000fc400000)
 ParOldGen       total 74752K, used 37248K [0x00000000c2a00000, 0x00000000c7300000, 0x00000000eb900000)
  object space 74752K, 49% used [0x00000000c2a00000,0x00000000c4e602f0,0x00000000c7300000)
 Metaspace       used 21351K, capacity 21734K, committed 22016K, reserved 1069056K
  class space    used 2353K, capacity 2501K, committed 2560K, reserved 1048576K
Event: 17.025 GC heap after
Heap after GC invocations=12 (full 2):
 PSYoungGen      total 150528K, used 12884K [0x00000000eb900000, 0x00000000fbf80000, 0x0000000100000000)
  eden space 137216K, 0% used [0x00000000eb900000,0x00000000eb900000,0x00000000f3f00000)
  from space 13312K, 96% used [0x00000000fb280000,0x00000000fbf150b0,0x00000000fbf80000)
  to   space 18944K, 0% used [0x00000000f9a80000,0x00000000f9a80000,0x00000000fad00000)
 ParOldGen       total 74752K, used 37256K [0x00000000c2a00000, 0x00000000c7300000, 0x00000000eb900000)
  object space 74752K, 49% used [0x00000000c2a00000,0x00000000c4e622f0,0x00000000c7300000)
 Metaspace       used 21351K, capacity 21734K, committed 22016K, reserved 1069056K
  class space    used 2353K, capacity 2501K, committed 2560K, reserved 1048576K
}
Event: 19.972 GC heap before
{Heap before GC invocations=13 (full 2):
 PSYoungGen      total 150528K, used 150100K [0x00000000eb900000, 0x00000000fbf80000, 0x0000000100000000)
  eden space 137216K, 100% used [0x00000000eb900000,0x00000000f3f00000,0x00000000f3f00000)
  from space 13312K, 96% used [0x00000000fb280000,0x00000000fbf150b0,0x00000000fbf80000)
  to   space 18944K, 0% used [0x00000000f9a80000,0x00000000f9a80000,0x00000000fad00000)
 ParOldGen       total 74752K, used 37256K [0x00000000c2a00000, 0x00000000c7300000, 0x00000000eb900000)
  object space 74752K, 49% used [0x00000000c2a00000,0x00000000c4e622f0,0x00000000c7300000)
 Metaspace       used 22160K, capacity 22562K, committed 22784K, reserved 1069056K
  class space    used 2405K, capacity 2541K, committed 2560K, reserved 1048576K
Event: 20.008 GC heap after
Heap after GC invocations=13 (full 2):
 PSYoungGen      total 167936K, used 11631K [0x00000000eb900000, 0x00000000fb300000, 0x0000000100000000)
  eden space 156160K, 0% used [0x00000000eb900000,0x00000000eb900000,0x00000000f5180000)
  from space 11776K, 98% used [0x00000000f9a80000,0x00000000fa5dbda0,0x00000000fa600000)
  to   space 13312K, 0% used [0x00000000fa600000,0x00000000fa600000,0x00000000fb300000)
 ParOldGen       total 74752K, used 37264K [0x00000000c2a00000, 0x00000000c7300000, 0x00000000eb900000)
  object space 74752K, 49% used [0x00000000c2a00000,0x00000000c4e642f0,0x00000000c7300000)
 Metaspace       used 22160K, capacity 22562K, committed 22784K, reserved 1069056K
  class space    used 2405K, capacity 2541K, committed 2560K, reserved 1048576K
}
Event: 22.793 GC heap before
{Heap before GC invocations=14 (full 2):
 PSYoungGen      total 167936K, used 167791K [0x00000000eb900000, 0x00000000fb300000, 0x0000000100000000)
  eden space 156160K, 100% used [0x00000000eb900000,0x00000000f5180000,0x00000000f5180000)
  from space 11776K, 98% used [0x00000000f9a80000,0x00000000fa5dbda0,0x00000000fa600000)
  to   space 13312K, 0% used [0x00000000fa600000,0x00000000fa600000,0x00000000fb300000)
 ParOldGen       total 74752K, used 37264K [0x00000000c2a00000, 0x00000000c7300000, 0x00000000eb900000)
  object space 74752K, 49% used [0x00000000c2a00000,0x00000000c4e642f0,0x00000000c7300000)
 Metaspace       used 22730K, capacity 23282K, committed 23424K, reserved 1071104K
  class space    used 2436K, capacity 2613K, committed 2688K, reserved 1048576K
Event: 22.862 GC heap after
Heap after GC invocations=14 (full 2):
 PSYoungGen      total 192000K, used 13302K [0x00000000eb900000, 0x00000000fb300000, 0x0000000100000000)
  eden space 178688K, 0% used [0x00000000eb900000,0x00000000eb900000,0x00000000f6780000)
  from space 13312K, 99% used [0x00000000fa600000,0x00000000fb2fd880,0x00000000fb300000)
  to   space 20480K, 0% used [0x00000000f8b00000,0x00000000f8b00000,0x00000000f9f00000)
 ParOldGen       total 74752K, used 38968K [0x00000000c2a00000, 0x00000000c7300000, 0x00000000eb900000)
  object space 74752K, 52% used [0x00000000c2a00000,0x00000000c500e300,0x00000000c7300000)
 Metaspace       used 22730K, capacity 23282K, committed 23424K, reserved 1071104K
  class space    used 2436K, capacity 2613K, committed 2688K, reserved 1048576K
}
Event: 28.673 GC heap before
{Heap before GC invocations=15 (full 2):
 PSYoungGen      total 192000K, used 191990K [0x00000000eb900000, 0x00000000fb300000, 0x0000000100000000)
  eden space 178688K, 100% used [0x00000000eb900000,0x00000000f6780000,0x00000000f6780000)
  from space 13312K, 99% used [0x00000000fa600000,0x00000000fb2fd880,0x00000000fb300000)
  to   space 20480K, 0% used [0x00000000f8b00000,0x00000000f8b00000,0x00000000f9f00000)
 ParOldGen       total 74752K, used 38968K [0x00000000c2a00000, 0x00000000c7300000, 0x00000000eb900000)
  object space 74752K, 52% used [0x00000000c2a00000,0x00000000c500e300,0x00000000c7300000)
 Metaspace       used 23152K, capacity 23858K, committed 23936K, reserved 1071104K
  class space    used 2475K, capacity 2667K, committed 2688K, reserved 1048576K

