# JRE version: Java(TM) SE Runtime Environment (8.0_201-b09) (build 1.8.0_201-b09)
# Java VM: Java HotSpot(TM) 64-Bit Server VM (25.201-b09 mixed mode linux-amd64 compressed oops)
Heap:
 PSYoungGen      total 305152K, used 197736K [0x00000000eb900000, 0x00000000ffd00000, 0x0000000100000000)
  eden space 278016K, 67% used [0x00000000eb900000,0x00000000f717a2d0,0x00000000fc880000)
  from space 27136K, 32% used [0x00000000fe280000,0x00000000feb20000,0x00000000ffd00000)
  to   space 26624K, 0% used [0x00000000fc880000,0x00000000fc880000,0x00000000fe280000)
 ParOldGen       total 58880K, used 40435K [0x00000000c2a00000, 0x00000000c6380000, 0x00000000eb900000)
  object space 58880K, 68% used [0x00000000c2a00000,0x00000000c517cd70,0x00000000c6380000)
 Metaspace       used 28776K, capacity 29824K, committed 30080K, reserved 1075200K
  class space    used 3395K, capacity 3618K, committed 3712K, reserved 1048576K
GC Heap History (10 events):
Event: 44.267 GC heap before
{Heap before GC invocations=22 (full 2):
 PSYoungGen      total 299008K, used 298688K [0x00000000eb900000, 0x0000000100000000, 0x0000000100000000)
  eden space 277504K, 100% used [0x00000000eb900000,0x00000000fc800000,0x00000000fc800000)
  from space 21504K, 98% used [0x00000000fc800000,0x00000000fdcb0000,0x00000000fdd00000)
  to   space 30208K, 0% used [0x00000000fe280000,0x00000000fe280000,0x0000000100000000)
 ParOldGen       total 58880K, used 27708K [0x00000000c2a00000, 0x00000000c6380000, 0x00000000eb900000)
  object space 58880K, 47% used [0x00000000c2a00000,0x00000000c450f288,0x00000000c6380000)
 Metaspace       used 28616K, capacity 29616K, committed 29824K, reserved 1075200K
  class space    used 3380K, capacity 3592K, committed 3712K, reserved 1048576K
Event: 44.316 GC heap after
Heap after GC invocations=22 (full 2):
 PSYoungGen      total 305152K, used 15936K [0x00000000eb900000, 0x0000000100000000, 0x0000000100000000)
  eden space 274944K, 0% used [0x00000000eb900000,0x00000000eb900000,0x00000000fc580000)
  from space 30208K, 52% used [0x00000000fe280000,0x00000000ff210000,0x0000000100000000)
  to   space 29696K, 0% used [0x00000000fc580000,0x00000000fc580000,0x00000000fe280000)
 ParOldGen       total 58880K, used 30666K [0x00000000c2a00000, 0x00000000c6380000, 0x00000000eb900000)
  object space 58880K, 52% used [0x00000000c2a00000,0x00000000c47f2aa8,0x00000000c6380000)
 Metaspace       used 28616K, capacity 29616K, committed 29824K, reserved 1075200K
  class space    used 3380K, capacity 3592K, committed 3712K, reserved 1048576K
}
Event: 46.557 GC heap before
{Heap before GC invocations=23 (full 2):
 PSYoungGen      total 305152K, used 290880K [0x00000000eb900000, 0x0000000100000000, 0x0000000100000000)
  eden space 274944K, 100% used [0x00000000eb900000,0x00000000fc580000,0x00000000fc580000)
  from space 30208K, 52% used [0x00000000fe280000,0x00000000ff210000,0x0000000100000000)
  to   space 29696K, 0% used [0x00000000fc580000,0x00000000fc580000,0x00000000fe280000)
 ParOldGen       total 58880K, used 30666K [0x00000000c2a00000, 0x00000000c6380000, 0x00000000eb900000)
  object space 58880K, 52% used [0x00000000c2a00000,0x00000000c47f2aa8,0x00000000c6380000)
 Metaspace       used 28692K, capacity 29734K, committed 30080K, reserved 1075200K
  class space    used 3386K, capacity 3603K, committed 3712K, reserved 1048576K
Event: 46.600 GC heap after
Heap after GC invocations=23 (full 2):
 PSYoungGen      total 281600K, used 6304K [0x00000000eb900000, 0x00000000ffe80000, 0x0000000100000000)
  eden space 274944K, 0% used [0x00000000eb900000,0x00000000eb900000,0x00000000fc580000)
  from space 6656K, 94% used [0x00000000fc580000,0x00000000fcba8000,0x00000000fcc00000)
  to   space 29184K, 0% used [0x00000000fe200000,0x00000000fe200000,0x00000000ffe80000)
 ParOldGen       total 58880K, used 40187K [0x00000000c2a00000, 0x00000000c6380000, 0x00000000eb900000)
  object space 58880K, 68% used [0x00000000c2a00000,0x00000000c513ed70,0x00000000c6380000)
 Metaspace       used 28692K, capacity 29734K, committed 30080K, reserved 1075200K
  class space    used 3386K, capacity 3603K, committed 3712K, reserved 1048576K
}
Event: 48.368 GC heap before
{Heap before GC invocations=24 (full 2):
 PSYoungGen      total 281600K, used 281248K [0x00000000eb900000, 0x00000000ffe80000, 0x0000000100000000)
  eden space 274944K, 100% used [0x00000000eb900000,0x00000000fc580000,0x00000000fc580000)
  from space 6656K, 94% used [0x00000000fc580000,0x00000000fcba8000,0x00000000fcc00000)
  to   space 29184K, 0% used [0x00000000fe200000,0x00000000fe200000,0x00000000ffe80000)
 ParOldGen       total 58880K, used 40187K [0x00000000c2a00000, 0x00000000c6380000, 0x00000000eb900000)
  object space 58880K, 68% used [0x00000000c2a00000,0x00000000c513ed70,0x00000000c6380000)
 Metaspace       used 28703K, capacity 29752K, committed 30080K, reserved 1075200K
  class space    used 3388K, capacity 3606K, committed 3712K, reserved 1048576K
Event: 48.389 GC heap after
Heap after GC invocations=24 (full 2):
 PSYoungGen      total 304640K, used 5728K [0x00000000eb900000, 0x0000000100000000, 0x0000000100000000)
  eden space 275456K, 0% used [0x00000000eb900000,0x00000000eb900000,0x00000000fc600000)
  from space 29184K, 19% used [0x00000000fe200000,0x00000000fe798000,0x00000000ffe80000)
  to   space 28672K, 0% used [0x00000000fc600000,0x00000000fc600000,0x00000000fe200000)
 ParOldGen       total 58880K, used 40419K [0x00000000c2a00000, 0x00000000c6380000, 0x00000000eb900000)
  object space 58880K, 68% used [0x00000000c2a00000,0x00000000c5178d70,0x00000000c6380000)
 Metaspace       used 28703K, capacity 29752K, committed 30080K, reserved 1075200K
  class space    used 3388K, capacity 3606K, committed 3712K, reserved 1048576K
}
Event: 50.095 GC heap before
{Heap before GC invocations=25 (full 2):
 PSYoungGen      total 304640K, used 281184K [0x00000000eb900000, 0x0000000100000000, 0x0000000100000000)
  eden space 275456K, 100% used [0x00000000eb900000,0x00000000fc600000,0x00000000fc600000)
  from space 29184K, 19% used [0x00000000fe200000,0x00000000fe798000,0x00000000ffe80000)
  to   space 28672K, 0% used [0x00000000fc600000,0x00000000fc600000,0x00000000fe200000)
 ParOldGen       total 58880K, used 40419K [0x00000000c2a00000, 0x00000000c6380000, 0x00000000eb900000)
  object space 58880K, 68% used [0x00000000c2a00000,0x00000000c5178d70,0x00000000c6380000)
 Metaspace       used 28732K, capacity 29776K, committed 30080K, reserved 1075200K
  class space    used 3390K, capacity 3610K, committed 3712K, reserved 1048576K
Event: 50.115 GC heap after
Heap after GC invocations=25 (full 2):
 PSYoungGen      total 304128K, used 7936K [0x00000000eb900000, 0x00000000ffd80000, 0x0000000100000000)
  eden space 275456K, 0% used [0x00000000eb900000,0x00000000eb900000,0x00000000fc600000)
  from space 28672K, 27% used [0x00000000fc600000,0x00000000fcdc0000,0x00000000fe200000)
  to   space 27648K, 0% used [0x00000000fe280000,0x00000000fe280000,0x00000000ffd80000)
 ParOldGen       total 58880K, used 40427K [0x00000000c2a00000, 0x00000000c6380000, 0x00000000eb900000)
  object space 58880K, 68% used [0x00000000c2a00000,0x00000000c517ad70,0x00000000c6380000)
 Metaspace       used 28732K, capacity 29776K, committed 30080K, reserved 1075200K
  class space    used 3390K, capacity 3610K, committed 3712K, reserved 1048576K
}
Event: 52.858 GC heap before
{Heap before GC invocations=26 (full 2):
 PSYoungGen      total 304128K, used 283392K [0x00000000eb900000, 0x00000000ffd80000, 0x0000000100000000)
  eden space 275456K, 100% used [0x00000000eb900000,0x00000000fc600000,0x00000000fc600000)
  from space 28672K, 27% used [0x00000000fc600000,0x00000000fcdc0000,0x00000000fe200000)
  to   space 27648K, 0% used [0x00000000fe280000,0x00000000fe280000,0x00000000ffd80000)
 ParOldGen       total 58880K, used 40427K [0x00000000c2a00000, 0x00000000c6380000, 0x00000000eb900000)
  object space 58880K, 68% used [0x00000000c2a00000,0x00000000c517ad70,0x00000000c6380000)
 Metaspace       used 28750K, capacity 29794K, committed 30080K, reserved 1075200K
  class space    used 3393K, capacity 3613K, committed 3712K, reserved 1048576K
Event: 52.921 GC heap after
Heap after GC invocations=26 (full 2):
 PSYoungGen      total 305152K, used 8832K [0x00000000eb900000, 0x00000000ffd00000, 0x0000000100000000)
  eden space 278016K, 0% used [0x00000000eb900000,0x00000000eb900000,0x00000000fc880000)
  from space 27136K, 32% used [0x00000000fe280000,0x00000000feb20000,0x00000000ffd00000)
  to   space 26624K, 0% used [0x00000000fc880000,0x00000000fc880000,0x00000000fe280000)
 ParOldGen       total 58880K, used 40435K [0x00000000c2a00000, 0x00000000c6380000, 0x00000000eb900000)
  object space 58880K, 68% used [0x00000000c2a00000,0x00000000c517cd70,0x00000000c6380000)
 Metaspace       used 28750K, capacity 29794K, committed 30080K, reserved 1075200K
  class space    used 3393K, capacity 3613K, committed 3712K, reserved 1048576K
}

