# JRE version: Java(TM) SE Runtime Environment (8.0_201-b09) (build 1.8.0_201-b09)
# Java VM: Java HotSpot(TM) 64-Bit Server VM (25.201-b09 mixed mode linux-amd64 compressed oops)
Heap:
 PSYoungGen      total 77824K, used 12940K [0x00000000eb900000, 0x00000000f1d80000, 0x0000000100000000)
  eden space 71168K, 8% used [0x00000000eb900000,0x00000000ebf370e0,0x00000000efe80000)
  from space 6656K, 98% used [0x00000000f0580000,0x00000000f0bec030,0x00000000f0c00000)
  to   space 7168K, 0% used [0x00000000efe80000,0x00000000efe80000,0x00000000f0580000)
 ParOldGen       total 42496K, used 20958K [0x00000000c2a00000, 0x00000000c5380000, 0x00000000eb900000)
  object space 42496K, 49% used [0x00000000c2a00000,0x00000000c3e77b38,0x00000000c5380000)
 Metaspace       used 14928K, capacity 15438K, committed 15616K, reserved 1062912K
  class space    used 1635K, capacity 1775K, committed 1792K, reserved 1048576K
GC Heap History (10 events):
Event: 35.022 GC heap before
{Heap before GC invocations=9 (full 1):
 PSYoungGen      total 18432K, used 17169K [0x00000000eb900000, 0x00000000edd00000, 0x0000000100000000)
  eden space 13824K, 100% used [0x00000000eb900000,0x00000000ec680000,0x00000000ec680000)
  from space 4608K, 72% used [0x00000000ec680000,0x00000000ec9c4750,0x00000000ecb00000)
  to   space 4608K, 0% used [0x00000000ed880000,0x00000000ed880000,0x00000000edd00000)
 ParOldGen       total 42496K, used 9513K [0x00000000c2a00000, 0x00000000c5380000, 0x00000000eb900000)
  object space 42496K, 22% used [0x00000000c2a00000,0x00000000c334a6e8,0x00000000c5380000)
 Metaspace       used 13744K, capacity 14062K, committed 14336K, reserved 1062912K
  class space    used 1565K, capacity 1667K, committed 1792K, reserved 1048576K
Event: 35.129 GC heap after
Heap after GC invocations=9 (full 1):
 PSYoungGen      total 32256K, used 3632K [0x00000000eb900000, 0x00000000edd00000, 0x0000000100000000)
  eden space 27648K, 0% used [0x00000000eb900000,0x00000000eb900000,0x00000000ed400000)
  from space 4608K, 78% used [0x00000000ed880000,0x00000000edc0c060,0x00000000edd00000)
  to   space 4608K, 0% used [0x00000000ed400000,0x00000000ed400000,0x00000000ed880000)
 ParOldGen       total 42496K, used 10043K [0x00000000c2a00000, 0x00000000c5380000, 0x00000000eb900000)
  object space 42496K, 23% used [0x00000000c2a00000,0x00000000c33cee48,0x00000000c5380000)
 Metaspace       used 13744K, capacity 14062K, committed 14336K, reserved 1062912K
  class space    used 1565K, capacity 1667K, committed 1792K, reserved 1048576K
}
Event: 35.733 GC heap before
{Heap before GC invocations=10 (full 1):
 PSYoungGen      total 32256K, used 31280K [0x00000000eb900000, 0x00000000edd00000, 0x0000000100000000)
  eden space 27648K, 100% used [0x00000000eb900000,0x00000000ed400000,0x00000000ed400000)
  from space 4608K, 78% used [0x00000000ed880000,0x00000000edc0c060,0x00000000edd00000)
  to   space 4608K, 0% used [0x00000000ed400000,0x00000000ed400000,0x00000000ed880000)
 ParOldGen       total 42496K, used 10043K [0x00000000c2a00000, 0x00000000c5380000, 0x00000000eb900000)
  object space 42496K, 23% used [0x00000000c2a00000,0x00000000c33cee48,0x00000000c5380000)
 Metaspace       used 13781K, capacity 14190K, committed 14336K, reserved 1062912K
  class space    used 1565K, capacity 1667K, committed 1792K, reserved 1048576K
Event: 35.747 GC heap after
Heap after GC invocations=10 (full 1):
 PSYoungGen      total 32256K, used 4448K [0x00000000eb900000, 0x00000000ef900000, 0x0000000100000000)
  eden space 27648K, 0% used [0x00000000eb900000,0x00000000eb900000,0x00000000ed400000)
  from space 4608K, 96% used [0x00000000ed400000,0x00000000ed8580a0,0x00000000ed880000)
  to   space 5120K, 0% used [0x00000000ef400000,0x00000000ef400000,0x00000000ef900000)
 ParOldGen       total 42496K, used 11167K [0x00000000c2a00000, 0x00000000c5380000, 0x00000000eb900000)
  object space 42496K, 26% used [0x00000000c2a00000,0x00000000c34e7e58,0x00000000c5380000)
 Metaspace       used 13781K, capacity 14190K, committed 14336K, reserved 1062912K
  class space    used 1565K, capacity 1667K, committed 1792K, reserved 1048576K
}
Event: 36.191 GC heap before
{Heap before GC invocations=11 (full 1):
 PSYoungGen      total 32256K, used 32096K [0x00000000eb900000, 0x00000000ef900000, 0x0000000100000000)
  eden space 27648K, 100% used [0x00000000eb900000,0x00000000ed400000,0x00000000ed400000)
  from space 4608K, 96% used [0x00000000ed400000,0x00000000ed8580a0,0x00000000ed880000)
  to   space 5120K, 0% used [0x00000000ef400000,0x00000000ef400000,0x00000000ef900000)
 ParOldGen       total 42496K, used 11167K [0x00000000c2a00000, 0x00000000c5380000, 0x00000000eb900000)
  object space 42496K, 26% used [0x00000000c2a00000,0x00000000c34e7e58,0x00000000c5380000)
 Metaspace       used 13791K, capacity 14190K, committed 14336K, reserved 1062912K
  class space    used 1565K, capacity 1667K, committed 1792K, reserved 1048576K
Event: 36.206 GC heap after
Heap after GC invocations=11 (full 1):
 PSYoungGen      total 49664K, used 4968K [0x00000000eb900000, 0x00000000ef900000, 0x0000000100000000)
  eden space 44544K, 0% used [0x00000000eb900000,0x00000000eb900000,0x00000000ee480000)
  from space 5120K, 97% used [0x00000000ef400000,0x00000000ef8da258,0x00000000ef900000)
  to   space 5120K, 0% used [0x00000000eef00000,0x00000000eef00000,0x00000000ef400000)
 ParOldGen       total 42496K, used 12793K [0x00000000c2a00000, 0x00000000c5380000, 0x00000000eb900000)
  object space 42496K, 30% used [0x00000000c2a00000,0x00000000c367e478,0x00000000c5380000)
 Metaspace       used 13791K, capacity 14190K, committed 14336K, reserved 1062912K
  class space    used 1565K, capacity 1667K, committed 1792K, reserved 1048576K
}
Event: 38.783 GC heap before
{Heap before GC invocations=12 (full 1):
 PSYoungGen      total 49664K, used 49512K [0x00000000eb900000, 0x00000000ef900000, 0x0000000100000000)
  eden space 44544K, 100% used [0x00000000eb900000,0x00000000ee480000,0x00000000ee480000)
  from space 5120K, 97% used [0x00000000ef400000,0x00000000ef8da258,0x00000000ef900000)
  to   space 5120K, 0% used [0x00000000eef00000,0x00000000eef00000,0x00000000ef400000)
 ParOldGen       total 42496K, used 12793K [0x00000000c2a00000, 0x00000000c5380000, 0x00000000eb900000)
  object space 42496K, 30% used [0x00000000c2a00000,0x00000000c367e478,0x00000000c5380000)
 Metaspace       used 13806K, capacity 14190K, committed 14336K, reserved 1062912K
  class space    used 1565K, capacity 1667K, committed 1792K, reserved 1048576K
Event: 38.817 GC heap after
Heap after GC invocations=12 (full 1):
 PSYoungGen      total 60416K, used 5092K [0x00000000eb900000, 0x00000000f0c00000, 0x0000000100000000)
  eden space 55296K, 0% used [0x00000000eb900000,0x00000000eb900000,0x00000000eef00000)
  from space 5120K, 99% used [0x00000000eef00000,0x00000000ef3f9398,0x00000000ef400000)
  to   space 6656K, 0% used [0x00000000f0580000,0x00000000f0580000,0x00000000f0c00000)
 ParOldGen       total 42496K, used 15868K [0x00000000c2a00000, 0x00000000c5380000, 0x00000000eb900000)
  object space 42496K, 37% used [0x00000000c2a00000,0x00000000c397f3d8,0x00000000c5380000)
 Metaspace       used 13806K, capacity 14190K, committed 14336K, reserved 1062912K
  class space    used 1565K, capacity 1667K, committed 1792K, reserved 1048576K
}
Event: 41.288 GC heap before
{Heap before GC invocations=13 (full 1):
 PSYoungGen      total 60416K, used 60388K [0x00000000eb900000, 0x00000000f0c00000, 0x0000000100000000)
  eden space 55296K, 100% used [0x00000000eb900000,0x00000000eef00000,0x00000000eef00000)
  from space 5120K, 99% used [0x00000000eef00000,0x00000000ef3f9398,0x00000000ef400000)
  to   space 6656K, 0% used [0x00000000f0580000,0x00000000f0580000,0x00000000f0c00000)
 ParOldGen       total 42496K, used 15868K [0x00000000c2a00000, 0x00000000c5380000, 0x00000000eb900000)
  object space 42496K, 37% used [0x00000000c2a00000,0x00000000c397f3d8,0x00000000c5380000)
 Metaspace       used 14918K, capacity 15438K, committed 15616K, reserved 1062912K
  class space    used 1635K, capacity 1775K, committed 1792K, reserved 1048576K
Event: 41.357 GC heap after
Heap after GC invocations=13 (full 1):
 PSYoungGen      total 77824K, used 6576K [0x00000000eb900000, 0x00000000f1d80000, 0x0000000100000000)
  eden space 71168K, 0% used [0x00000000eb900000,0x00000000eb900000,0x00000000efe80000)
  from space 6656K, 98% used [0x00000000f0580000,0x00000000f0bec030,0x00000000f0c00000)
  to   space 7168K, 0% used [0x00000000efe80000,0x00000000efe80000,0x00000000f0580000)
 ParOldGen       total 42496K, used 20958K [0x00000000c2a00000, 0x00000000c5380000, 0x00000000eb900000)
  object space 42496K, 49% used [0x00000000c2a00000,0x00000000c3e77b38,0x00000000c5380000)
 Metaspace       used 14918K, capacity 15438K, committed 15616K, reserved 1062912K
  class space    used 1635K, capacity 1775K, committed 1792K, reserved 1048576K
}

