# JRE version: Java(TM) SE Runtime Environment (8.0_201-b09) (build 1.8.0_201-b09)
# Java VM: Java HotSpot(TM) 64-Bit Server VM (25.201-b09 mixed mode linux-amd64 compressed oops)
Heap:
 PSYoungGen      total 244736K, used 25600K [0x00000000eb900000, 0x00000000fe680000, 0x0000000100000000)
  eden space 219136K, 0% used [0x00000000eb900000,0x00000000eb900000,0x00000000f8f00000)
  from space 25600K, 100% used [0x00000000fcd80000,0x00000000fe680000,0x00000000fe680000)
  to   space 20480K, 0% used [0x00000000f8f00000,0x00000000f8f00000,0x00000000fa300000)
 ParOldGen       total 75264K, used 52151K [0x00000000c2a00000, 0x00000000c7380000, 0x00000000eb900000)
  object space 75264K, 69% used [0x00000000c2a00000,0x00000000c5cedf70,0x00000000c7380000)
 Metaspace       used 23335K, capacity 24030K, committed 24192K, reserved 1071104K
  class space    used 2493K, capacity 2675K, committed 2688K, reserved 1048576K
GC Heap History (10 events):
Event: 14.860 GC heap after
Heap after GC invocations=11 (full 1):
 PSYoungGen      total 206848K, used 16942K [0x00000000eb900000, 0x00000000fc200000, 0x0000000100000000)
  eden space 189440K, 0% used [0x00000000eb900000,0x00000000eb900000,0x00000000f7200000)
  from space 17408K, 97% used [0x00000000fb100000,0x00000000fc18baa8,0x00000000fc200000)
  to   space 19968K, 0% used [0x00000000f9b00000,0x00000000f9b00000,0x00000000fae80000)
 ParOldGen       total 42496K, used 33454K [0x00000000c2a00000, 0x00000000c5380000, 0x00000000eb900000)
  object space 42496K, 78% used [0x00000000c2a00000,0x00000000c4aaba90,0x00000000c5380000)
 Metaspace       used 20698K, capacity 21082K, committed 21248K, reserved 1069056K
  class space    used 2289K, capacity 2435K, committed 2560K, reserved 1048576K
}
Event: 14.860 GC heap before
{Heap before GC invocations=12 (full 2):
 PSYoungGen      total 206848K, used 16942K [0x00000000eb900000, 0x00000000fc200000, 0x0000000100000000)
  eden space 189440K, 0% used [0x00000000eb900000,0x00000000eb900000,0x00000000f7200000)
  from space 17408K, 97% used [0x00000000fb100000,0x00000000fc18baa8,0x00000000fc200000)
  to   space 19968K, 0% used [0x00000000f9b00000,0x00000000f9b00000,0x00000000fae80000)
 ParOldGen       total 42496K, used 33454K [0x00000000c2a00000, 0x00000000c5380000, 0x00000000eb900000)
  object space 42496K, 78% used [0x00000000c2a00000,0x00000000c4aaba90,0x00000000c5380000)
 Metaspace       used 20698K, capacity 21082K, committed 21248K, reserved 1069056K
  class space    used 2289K, capacity 2435K, committed 2560K, reserved 1048576K
Event: 15.542 GC heap after
Heap after GC invocations=12 (full 2):
 PSYoungGen      total 206848K, used 0K [0x00000000eb900000, 0x00000000fc200000, 0x0000000100000000)
  eden space 189440K, 0% used [0x00000000eb900000,0x00000000eb900000,0x00000000f7200000)
  from space 17408K, 0% used [0x00000000fb100000,0x00000000fb100000,0x00000000fc200000)
  to   space 19968K, 0% used [0x00000000f9b00000,0x00000000f9b00000,0x00000000fae80000)
 ParOldGen       total 75264K, used 38830K [0x00000000c2a00000, 0x00000000c7380000, 0x00000000eb900000)
  object space 75264K, 51% used [0x00000000c2a00000,0x00000000c4feba30,0x00000000c7380000)
 Metaspace       used 20698K, capacity 21082K, committed 21248K, reserved 1069056K
  class space    used 2289K, capacity 2435K, committed 2560K, reserved 1048576K
}
Event: 19.742 GC heap before
{Heap before GC invocations=13 (full 2):
 PSYoungGen      total 206848K, used 189440K [0x00000000eb900000, 0x00000000fc200000, 0x0000000100000000)
  eden space 189440K, 100% used [0x00000000eb900000,0x00000000f7200000,0x00000000f7200000)
  from space 17408K, 0% used [0x00000000fb100000,0x00000000fb100000,0x00000000fc200000)
  to   space 19968K, 0% used [0x00000000f9b00000,0x00000000f9b00000,0x00000000fae80000)
 ParOldGen       total 75264K, used 38830K [0x00000000c2a00000, 0x00000000c7380000, 0x00000000eb900000)
  object space 75264K, 51% used [0x00000000c2a00000,0x00000000c4feba30,0x00000000c7380000)
 Metaspace       used 22164K, capacity 22562K, committed 22784K, reserved 1069056K
  class space    used 2406K, capacity 2541K, committed 2560K, reserved 1048576K
Event: 19.754 GC heap after
Heap after GC invocations=13 (full 2):
 PSYoungGen      total 225280K, used 5018K [0x00000000eb900000, 0x00000000fb600000, 0x0000000100000000)
  eden space 220160K, 0% used [0x00000000eb900000,0x00000000eb900000,0x00000000f9000000)
  from space 5120K, 98% used [0x00000000f9b00000,0x00000000f9fe6818,0x00000000fa000000)
  to   space 19456K, 0% used [0x00000000fa300000,0x00000000fa300000,0x00000000fb600000)
 ParOldGen       total 75264K, used 38838K [0x00000000c2a00000, 0x00000000c7380000, 0x00000000eb900000)
  object space 75264K, 51% used [0x00000000c2a00000,0x00000000c4feda30,0x00000000c7380000)
 Metaspace       used 22164K, capacity 22562K, committed 22784K, reserved 1069056K
  class space    used 2406K, capacity 2541K, committed 2560K, reserved 1048576K
}
Event: 25.579 GC heap before
{Heap before GC invocations=14 (full 2):
 PSYoungGen      total 225280K, used 225178K [0x00000000eb900000, 0x00000000fb600000, 0x0000000100000000)
  eden space 220160K, 100% used [0x00000000eb900000,0x00000000f9000000,0x00000000f9000000)
  from space 5120K, 98% used [0x00000000f9b00000,0x00000000f9fe6818,0x00000000fa000000)
  to   space 19456K, 0% used [0x00000000fa300000,0x00000000fa300000,0x00000000fb600000)
 ParOldGen       total 75264K, used 38838K [0x00000000c2a00000, 0x00000000c7380000, 0x00000000eb900000)
  object space 75264K, 51% used [0x00000000c2a00000,0x00000000c4feda30,0x00000000c7380000)
 Metaspace       used 23097K, capacity 23778K, committed 23936K, reserved 1071104K
  class space    used 2474K, capacity 2665K, committed 2688K, reserved 1048576K
Event: 25.696 GC heap after
Heap after GC invocations=14 (full 2):
 PSYoungGen      total 238592K, used 13763K [0x00000000eb900000, 0x00000000fdb00000, 0x0000000100000000)
  eden space 219136K, 0% used [0x00000000eb900000,0x00000000eb900000,0x00000000f8f00000)
  from space 19456K, 70% used [0x00000000fa300000,0x00000000fb070f48,0x00000000fb600000)
  to   space 20480K, 0% used [0x00000000f8f00000,0x00000000f8f00000,0x00000000fa300000)
 ParOldGen       total 75264K, used 38846K [0x00000000c2a00000, 0x00000000c7380000, 0x00000000eb900000)
  object space 75264K, 51% used [0x00000000c2a00000,0x00000000c4fefa30,0x00000000c7380000)
 Metaspace       used 23097K, capacity 23778K, committed 23936K, reserved 1071104K
  class space    used 2474K, capacity 2665K, committed 2688K, reserved 1048576K
}
Event: 35.070 GC heap before
{Heap before GC invocations=15 (full 2):
 PSYoungGen      total 238592K, used 232899K [0x00000000eb900000, 0x00000000fdb00000, 0x0000000100000000)
  eden space 219136K, 100% used [0x00000000eb900000,0x00000000f8f00000,0x00000000f8f00000)
  from space 19456K, 70% used [0x00000000fa300000,0x00000000fb070f48,0x00000000fb600000)
  to   space 20480K, 0% used [0x00000000f8f00000,0x00000000f8f00000,0x00000000fa300000)
 ParOldGen       total 75264K, used 38846K [0x00000000c2a00000, 0x00000000c7380000, 0x00000000eb900000)
  object space 75264K, 51% used [0x00000000c2a00000,0x00000000c4fefa30,0x00000000c7380000)
 Metaspace       used 23268K, capacity 23960K, committed 24192K, reserved 1071104K
  class space    used 2492K, capacity 2674K, committed 2688K, reserved 1048576K
Event: 35.353 GC heap after
Heap after GC invocations=15 (full 2):
 PSYoungGen      total 239616K, used 20448K [0x00000000eb900000, 0x00000000fe680000, 0x0000000100000000)
  eden space 219136K, 0% used [0x00000000eb900000,0x00000000eb900000,0x00000000f8f00000)
  from space 20480K, 99% used [0x00000000f8f00000,0x00000000fa2f8010,0x00000000fa300000)
  to   space 25600K, 0% used [0x00000000fcd80000,0x00000000fcd80000,0x00000000fe680000)
 ParOldGen       total 75264K, used 43709K [0x00000000c2a00000, 0x00000000c7380000, 0x00000000eb900000)
  object space 75264K, 58% used [0x00000000c2a00000,0x00000000c54af780,0x00000000c7380000)
 Metaspace       used 23268K, capacity 23960K, committed 24192K, reserved 1071104K
  class space    used 2492K, capacity 2674K, committed 2688K, reserved 1048576K
}
Event: 39.608 GC heap before
{Heap before GC invocations=16 (full 2):
 PSYoungGen      total 239616K, used 239584K [0x00000000eb900000, 0x00000000fe680000, 0x0000000100000000)
  eden space 219136K, 100% used [0x00000000eb900000,0x00000000f8f00000,0x00000000f8f00000)
  from space 20480K, 99% used [0x00000000f8f00000,0x00000000fa2f8010,0x00000000fa300000)
  to   space 25600K, 0% used [0x00000000fcd80000,0x00000000fcd80000,0x00000000fe680000)
 ParOldGen       total 75264K, used 43709K [0x00000000c2a00000, 0x00000000c7380000, 0x00000000eb900000)
  object space 75264K, 58% used [0x00000000c2a00000,0x00000000c54af780,0x00000000c7380000)
 Metaspace       used 23335K, capacity 24030K, committed 24192K, reserved 1071104K
  class space    used 2493K, capacity 2675K, committed 2688K, reserved 1048576K

