# JRE version: Java(TM) SE Runtime Environment (8.0_201-b09) (build 1.8.0_201-b09)
# Java VM: Java HotSpot(TM) 64-Bit Server VM (25.201-b09 mixed mode linux-amd64 compressed oops)
Heap:
 PSYoungGen      total 125952K, used 18293K [0x00000000eb900000, 0x00000000f4200000, 0x0000000100000000)
  eden space 119296K, 9% used [0x00000000eb900000,0x00000000ec4653c8,0x00000000f2d80000)
  from space 6656K, 99% used [0x00000000f3680000,0x00000000f3cf8110,0x00000000f3d00000)
  to   space 9216K, 0% used [0x00000000f2d80000,0x00000000f2d80000,0x00000000f3680000)
 ParOldGen       total 42496K, used 19370K [0x00000000c2a00000, 0x00000000c5380000, 0x00000000eb900000)
  object space 42496K, 45% used [0x00000000c2a00000,0x00000000c3cea9a0,0x00000000c5380000)
 Metaspace       used 14877K, capacity 15310K, committed 15360K, reserved 1062912K
  class space    used 1634K, capacity 1775K, committed 1792K, reserved 1048576K
GC Heap History (10 events):
Event: 29.388 GC heap before
{Heap before GC invocations=5 (full 1):
 PSYoungGen      total 18432K, used 18432K [0x00000000eb900000, 0x00000000edd00000, 0x0000000100000000)
  eden space 15872K, 100% used [0x00000000eb900000,0x00000000ec880000,0x00000000ec880000)
  from space 2560K, 100% used [0x00000000ec880000,0x00000000ecb00000,0x00000000ecb00000)
  to   space 2560K, 0% used [0x00000000eda80000,0x00000000eda80000,0x00000000edd00000)
 ParOldGen       total 42496K, used 7136K [0x00000000c2a00000, 0x00000000c5380000, 0x00000000eb900000)
  object space 42496K, 16% used [0x00000000c2a00000,0x00000000c30f8138,0x00000000c5380000)
 Metaspace       used 13714K, capacity 14118K, committed 14336K, reserved 1062912K
  class space    used 1584K, capacity 1703K, committed 1792K, reserved 1048576K
Event: 29.404 GC heap after
Heap after GC invocations=5 (full 1):
 PSYoungGen      total 34304K, used 2545K [0x00000000eb900000, 0x00000000edd00000, 0x0000000100000000)
  eden space 31744K, 0% used [0x00000000eb900000,0x00000000eb900000,0x00000000ed800000)
  from space 2560K, 99% used [0x00000000eda80000,0x00000000edcfc750,0x00000000edd00000)
  to   space 2560K, 0% used [0x00000000ed800000,0x00000000ed800000,0x00000000eda80000)
 ParOldGen       total 42496K, used 8333K [0x00000000c2a00000, 0x00000000c5380000, 0x00000000eb900000)
  object space 42496K, 19% used [0x00000000c2a00000,0x00000000c3223490,0x00000000c5380000)
 Metaspace       used 13714K, capacity 14118K, committed 14336K, reserved 1062912K
  class space    used 1584K, capacity 1703K, committed 1792K, reserved 1048576K
}
Event: 30.983 GC heap before
{Heap before GC invocations=6 (full 1):
 PSYoungGen      total 34304K, used 34289K [0x00000000eb900000, 0x00000000edd00000, 0x0000000100000000)
  eden space 31744K, 100% used [0x00000000eb900000,0x00000000ed800000,0x00000000ed800000)
  from space 2560K, 99% used [0x00000000eda80000,0x00000000edcfc750,0x00000000edd00000)
  to   space 2560K, 0% used [0x00000000ed800000,0x00000000ed800000,0x00000000eda80000)
 ParOldGen       total 42496K, used 8333K [0x00000000c2a00000, 0x00000000c5380000, 0x00000000eb900000)
  object space 42496K, 19% used [0x00000000c2a00000,0x00000000c3223490,0x00000000c5380000)
 Metaspace       used 13802K, capacity 14182K, committed 14336K, reserved 1062912K
  class space    used 1584K, capacity 1703K, committed 1792K, reserved 1048576K
Event: 30.996 GC heap after
Heap after GC invocations=6 (full 1):
 PSYoungGen      total 34304K, used 2544K [0x00000000eb900000, 0x00000000efc00000, 0x0000000100000000)
  eden space 31744K, 0% used [0x00000000eb900000,0x00000000eb900000,0x00000000ed800000)
  from space 2560K, 99% used [0x00000000ed800000,0x00000000eda7c050,0x00000000eda80000)
  to   space 2560K, 0% used [0x00000000ef980000,0x00000000ef980000,0x00000000efc00000)
 ParOldGen       total 42496K, used 10443K [0x00000000c2a00000, 0x00000000c5380000, 0x00000000eb900000)
  object space 42496K, 24% used [0x00000000c2a00000,0x00000000c3432dc0,0x00000000c5380000)
 Metaspace       used 13802K, capacity 14182K, committed 14336K, reserved 1062912K
  class space    used 1584K, capacity 1703K, committed 1792K, reserved 1048576K
}
Event: 31.700 GC heap before
{Heap before GC invocations=7 (full 1):
 PSYoungGen      total 34304K, used 34288K [0x00000000eb900000, 0x00000000efc00000, 0x0000000100000000)
  eden space 31744K, 100% used [0x00000000eb900000,0x00000000ed800000,0x00000000ed800000)
  from space 2560K, 99% used [0x00000000ed800000,0x00000000eda7c050,0x00000000eda80000)
  to   space 2560K, 0% used [0x00000000ef980000,0x00000000ef980000,0x00000000efc00000)
 ParOldGen       total 42496K, used 10443K [0x00000000c2a00000, 0x00000000c5380000, 0x00000000eb900000)
  object space 42496K, 24% used [0x00000000c2a00000,0x00000000c3432dc0,0x00000000c5380000)
 Metaspace       used 13857K, capacity 14246K, committed 14336K, reserved 1062912K
  class space    used 1584K, capacity 1703K, committed 1792K, reserved 1048576K
Event: 31.735 GC heap after
Heap after GC invocations=7 (full 1):
 PSYoungGen      total 63488K, used 2528K [0x00000000eb900000, 0x00000000f0100000, 0x0000000100000000)
  eden space 60928K, 0% used [0x00000000eb900000,0x00000000eb900000,0x00000000ef480000)
  from space 2560K, 98% used [0x00000000ef980000,0x00000000efbf8090,0x00000000efc00000)
  to   space 5120K, 0% used [0x00000000ef480000,0x00000000ef480000,0x00000000ef980000)
 ParOldGen       total 42496K, used 12517K [0x00000000c2a00000, 0x00000000c5380000, 0x00000000eb900000)
  object space 42496K, 29% used [0x00000000c2a00000,0x00000000c3639588,0x00000000c5380000)
 Metaspace       used 13857K, capacity 14246K, committed 14336K, reserved 1062912K
  class space    used 1584K, capacity 1703K, committed 1792K, reserved 1048576K
}
Event: 33.007 GC heap before
{Heap before GC invocations=8 (full 1):
 PSYoungGen      total 63488K, used 63456K [0x00000000eb900000, 0x00000000f0100000, 0x0000000100000000)
  eden space 60928K, 100% used [0x00000000eb900000,0x00000000ef480000,0x00000000ef480000)
  from space 2560K, 98% used [0x00000000ef980000,0x00000000efbf8090,0x00000000efc00000)
  to   space 5120K, 0% used [0x00000000ef480000,0x00000000ef480000,0x00000000ef980000)
 ParOldGen       total 42496K, used 12517K [0x00000000c2a00000, 0x00000000c5380000, 0x00000000eb900000)
  object space 42496K, 29% used [0x00000000c2a00000,0x00000000c3639588,0x00000000c5380000)
 Metaspace       used 13900K, capacity 14246K, committed 14336K, reserved 1062912K
  class space    used 1584K, capacity 1703K, committed 1792K, reserved 1048576K
Event: 33.019 GC heap after
Heap after GC invocations=8 (full 1):
 PSYoungGen      total 66048K, used 5088K [0x00000000eb900000, 0x00000000f3d00000, 0x0000000100000000)
  eden space 60928K, 0% used [0x00000000eb900000,0x00000000eb900000,0x00000000ef480000)
  from space 5120K, 99% used [0x00000000ef480000,0x00000000ef978090,0x00000000ef980000)
  to   space 6656K, 0% used [0x00000000f3680000,0x00000000f3680000,0x00000000f3d00000)
 ParOldGen       total 42496K, used 14600K [0x00000000c2a00000, 0x00000000c5380000, 0x00000000eb900000)
  object space 42496K, 34% used [0x00000000c2a00000,0x00000000c3842390,0x00000000c5380000)
 Metaspace       used 13900K, capacity 14246K, committed 14336K, reserved 1062912K
  class space    used 1584K, capacity 1703K, committed 1792K, reserved 1048576K
}
Event: 35.283 GC heap before
{Heap before GC invocations=9 (full 1):
 PSYoungGen      total 66048K, used 66016K [0x00000000eb900000, 0x00000000f3d00000, 0x0000000100000000)
  eden space 60928K, 100% used [0x00000000eb900000,0x00000000ef480000,0x00000000ef480000)
  from space 5120K, 99% used [0x00000000ef480000,0x00000000ef978090,0x00000000ef980000)
  to   space 6656K, 0% used [0x00000000f3680000,0x00000000f3680000,0x00000000f3d00000)
 ParOldGen       total 42496K, used 14600K [0x00000000c2a00000, 0x00000000c5380000, 0x00000000eb900000)
  object space 42496K, 34% used [0x00000000c2a00000,0x00000000c3842390,0x00000000c5380000)
 Metaspace       used 14791K, capacity 15262K, committed 15360K, reserved 1062912K
  class space    used 1627K, capacity 1767K, committed 1792K, reserved 1048576K
Event: 35.407 GC heap after
Heap after GC invocations=9 (full 1):
 PSYoungGen      total 125952K, used 6624K [0x00000000eb900000, 0x00000000f4200000, 0x0000000100000000)
  eden space 119296K, 0% used [0x00000000eb900000,0x00000000eb900000,0x00000000f2d80000)
  from space 6656K, 99% used [0x00000000f3680000,0x00000000f3cf8110,0x00000000f3d00000)
  to   space 9216K, 0% used [0x00000000f2d80000,0x00000000f2d80000,0x00000000f3680000)
 ParOldGen       total 42496K, used 19370K [0x00000000c2a00000, 0x00000000c5380000, 0x00000000eb900000)
  object space 42496K, 45% used [0x00000000c2a00000,0x00000000c3cea9a0,0x00000000c5380000)
 Metaspace       used 14791K, capacity 15262K, committed 15360K, reserved 1062912K
  class space    used 1627K, capacity 1767K, committed 1792K, reserved 1048576K
}

