# JRE version: Java(TM) SE Runtime Environment (8.0_201-b09) (build 1.8.0_201-b09)
# Java VM: Java HotSpot(TM) 64-Bit Server VM (25.201-b09 mixed mode linux-amd64 compressed oops)
Heap:
 PSYoungGen      total 155648K, used 2384K [0x00000000eb900000, 0x00000000f7800000, 0x0000000100000000)
  eden space 150016K, 0% used [0x00000000eb900000,0x00000000eb900000,0x00000000f4b80000)
  from space 5632K, 42% used [0x00000000f4b80000,0x00000000f4dd4010,0x00000000f5100000)
  to   space 5632K, 0% used [0x00000000f5100000,0x00000000f5100000,0x00000000f5680000)
 ParOldGen       total 42496K, used 19361K [0x00000000c2a00000, 0x00000000c5380000, 0x00000000eb900000)
  object space 42496K, 45% used [0x00000000c2a00000,0x00000000c3ce8410,0x00000000c5380000)
 Metaspace       used 14077K, capacity 14512K, committed 14848K, reserved 1062912K
  class space    used 1599K, capacity 1746K, committed 1792K, reserved 1048576K
GC Heap History (10 events):
Event: 41.038 GC heap after
Heap after GC invocations=9 (full 1):
 PSYoungGen      total 62976K, used 4592K [0x00000000eb900000, 0x00000000efe00000, 0x0000000100000000)
  eden space 58368K, 0% used [0x00000000eb900000,0x00000000eb900000,0x00000000ef200000)
  from space 4608K, 99% used [0x00000000ef780000,0x00000000efbfc010,0x00000000efc00000)
  to   space 5632K, 0% used [0x00000000ef200000,0x00000000ef200000,0x00000000ef780000)
 ParOldGen       total 42496K, used 7466K [0x00000000c2a00000, 0x00000000c5380000, 0x00000000eb900000)
  object space 42496K, 17% used [0x00000000c2a00000,0x00000000c314a930,0x00000000c5380000)
 Metaspace       used 13991K, capacity 14384K, committed 14592K, reserved 1062912K
  class space    used 1599K, capacity 1746K, committed 1792K, reserved 1048576K
}
Event: 41.717 GC heap before
{Heap before GC invocations=10 (full 1):
 PSYoungGen      total 62976K, used 62960K [0x00000000eb900000, 0x00000000efe00000, 0x0000000100000000)
  eden space 58368K, 100% used [0x00000000eb900000,0x00000000ef200000,0x00000000ef200000)
  from space 4608K, 99% used [0x00000000ef780000,0x00000000efbfc010,0x00000000efc00000)
  to   space 5632K, 0% used [0x00000000ef200000,0x00000000ef200000,0x00000000ef780000)
 ParOldGen       total 42496K, used 7466K [0x00000000c2a00000, 0x00000000c5380000, 0x00000000eb900000)
  object space 42496K, 17% used [0x00000000c2a00000,0x00000000c314a930,0x00000000c5380000)
 Metaspace       used 14023K, capacity 14448K, committed 14592K, reserved 1062912K
  class space    used 1599K, capacity 1746K, committed 1792K, reserved 1048576K
Event: 41.748 GC heap after
Heap after GC invocations=10 (full 1):
 PSYoungGen      total 64000K, used 4016K [0x00000000eb900000, 0x00000000f3600000, 0x0000000100000000)
  eden space 58368K, 0% used [0x00000000eb900000,0x00000000eb900000,0x00000000ef200000)
  from space 5632K, 71% used [0x00000000ef200000,0x00000000ef5ec010,0x00000000ef780000)
  to   space 5632K, 0% used [0x00000000f3080000,0x00000000f3080000,0x00000000f3600000)
 ParOldGen       total 42496K, used 8594K [0x00000000c2a00000, 0x00000000c5380000, 0x00000000eb900000)
  object space 42496K, 20% used [0x00000000c2a00000,0x00000000c3264930,0x00000000c5380000)
 Metaspace       used 14023K, capacity 14448K, committed 14592K, reserved 1062912K
  class space    used 1599K, capacity 1746K, committed 1792K, reserved 1048576K
}
Event: 42.361 GC heap before
{Heap before GC invocations=11 (full 1):
 PSYoungGen      total 64000K, used 62384K [0x00000000eb900000, 0x00000000f3600000, 0x0000000100000000)
  eden space 58368K, 100% used [0x00000000eb900000,0x00000000ef200000,0x00000000ef200000)
  from space 5632K, 71% used [0x00000000ef200000,0x00000000ef5ec010,0x00000000ef780000)
  to   space 5632K, 0% used [0x00000000f3080000,0x00000000f3080000,0x00000000f3600000)
 ParOldGen       total 42496K, used 8594K [0x00000000c2a00000, 0x00000000c5380000, 0x00000000eb900000)
  object space 42496K, 20% used [0x00000000c2a00000,0x00000000c3264930,0x00000000c5380000)
 Metaspace       used 14037K, capacity 14448K, committed 14592K, reserved 1062912K
  class space    used 1599K, capacity 1746K, committed 1792K, reserved 1048576K
Event: 42.386 GC heap after
Heap after GC invocations=11 (full 1):
 PSYoungGen      total 97792K, used 4048K [0x00000000eb900000, 0x00000000f3480000, 0x0000000100000000)
  eden space 93696K, 0% used [0x00000000eb900000,0x00000000eb900000,0x00000000f1480000)
  from space 4096K, 98% used [0x00000000f3080000,0x00000000f3474040,0x00000000f3480000)
  to   space 5632K, 0% used [0x00000000f2980000,0x00000000f2980000,0x00000000f2f00000)
 ParOldGen       total 42496K, used 10482K [0x00000000c2a00000, 0x00000000c5380000, 0x00000000eb900000)
  object space 42496K, 24% used [0x00000000c2a00000,0x00000000c343c970,0x00000000c5380000)
 Metaspace       used 14037K, capacity 14448K, committed 14592K, reserved 1062912K
  class space    used 1599K, capacity 1746K, committed 1792K, reserved 1048576K
}
Event: 43.029 GC heap before
{Heap before GC invocations=12 (full 1):
 PSYoungGen      total 97792K, used 97744K [0x00000000eb900000, 0x00000000f3480000, 0x0000000100000000)
  eden space 93696K, 100% used [0x00000000eb900000,0x00000000f1480000,0x00000000f1480000)
  from space 4096K, 98% used [0x00000000f3080000,0x00000000f3474040,0x00000000f3480000)
  to   space 5632K, 0% used [0x00000000f2980000,0x00000000f2980000,0x00000000f2f00000)
 ParOldGen       total 42496K, used 10482K [0x00000000c2a00000, 0x00000000c5380000, 0x00000000eb900000)
  object space 42496K, 24% used [0x00000000c2a00000,0x00000000c343c970,0x00000000c5380000)
 Metaspace       used 14050K, capacity 14448K, committed 14592K, reserved 1062912K
  class space    used 1599K, capacity 1746K, committed 1792K, reserved 1048576K
Event: 43.054 GC heap after
Heap after GC invocations=12 (full 1):
 PSYoungGen      total 120832K, used 2560K [0x00000000eb900000, 0x00000000f5680000, 0x0000000100000000)
  eden space 115200K, 0% used [0x00000000eb900000,0x00000000eb900000,0x00000000f2980000)
  from space 5632K, 45% used [0x00000000f2980000,0x00000000f2c00010,0x00000000f2f00000)
  to   space 5632K, 0% used [0x00000000f5100000,0x00000000f5100000,0x00000000f5680000)
 ParOldGen       total 42496K, used 12528K [0x00000000c2a00000, 0x00000000c5380000, 0x00000000eb900000)
  object space 42496K, 29% used [0x00000000c2a00000,0x00000000c363c390,0x00000000c5380000)
 Metaspace       used 14050K, capacity 14448K, committed 14592K, reserved 1062912K
  class space    used 1599K, capacity 1746K, committed 1792K, reserved 1048576K
}
Event: 44.363 GC heap before
{Heap before GC invocations=13 (full 1):
 PSYoungGen      total 120832K, used 117760K [0x00000000eb900000, 0x00000000f5680000, 0x0000000100000000)
  eden space 115200K, 100% used [0x00000000eb900000,0x00000000f2980000,0x00000000f2980000)
  from space 5632K, 45% used [0x00000000f2980000,0x00000000f2c00010,0x00000000f2f00000)
  to   space 5632K, 0% used [0x00000000f5100000,0x00000000f5100000,0x00000000f5680000)
 ParOldGen       total 42496K, used 12528K [0x00000000c2a00000, 0x00000000c5380000, 0x00000000eb900000)
  object space 42496K, 29% used [0x00000000c2a00000,0x00000000c363c390,0x00000000c5380000)
 Metaspace       used 14069K, capacity 14512K, committed 14848K, reserved 1062912K
  class space    used 1599K, capacity 1746K, committed 1792K, reserved 1048576K
Event: 44.479 GC heap after
Heap after GC invocations=13 (full 1):
 PSYoungGen      total 155648K, used 4696K [0x00000000eb900000, 0x00000000f7800000, 0x0000000100000000)
  eden space 150016K, 0% used [0x00000000eb900000,0x00000000eb900000,0x00000000f4b80000)
  from space 5632K, 83% used [0x00000000f5100000,0x00000000f5596258,0x00000000f5680000)
  to   space 5632K, 0% used [0x00000000f4b80000,0x00000000f4b80000,0x00000000f5100000)
 ParOldGen       total 42496K, used 14872K [0x00000000c2a00000, 0x00000000c5380000, 0x00000000eb900000)
  object space 42496K, 34% used [0x00000000c2a00000,0x00000000c38862e0,0x00000000c5380000)
 Metaspace       used 14069K, capacity 14512K, committed 14848K, reserved 1062912K
  class space    used 1599K, capacity 1746K, committed 1792K, reserved 1048576K
}
Event: 46.054 GC heap before
{Heap before GC invocations=14 (full 1):
 PSYoungGen      total 155648K, used 154712K [0x00000000eb900000, 0x00000000f7800000, 0x0000000100000000)
  eden space 150016K, 100% used [0x00000000eb900000,0x00000000f4b80000,0x00000000f4b80000)
  from space 5632K, 83% used [0x00000000f5100000,0x00000000f5596258,0x00000000f5680000)
  to   space 5632K, 0% used [0x00000000f4b80000,0x00000000f4b80000,0x00000000f5100000)
 ParOldGen       total 42496K, used 14872K [0x00000000c2a00000, 0x00000000c5380000, 0x00000000eb900000)
  object space 42496K, 34% used [0x00000000c2a00000,0x00000000c38862e0,0x00000000c5380000)
 Metaspace       used 14077K, capacity 14512K, committed 14848K, reserved 1062912K
  class space    used 1599K, capacity 1746K, committed 1792K, reserved 1048576K

