# JRE version: Java(TM) SE Runtime Environment (8.0_201-b09) (build 1.8.0_201-b09)
# Java VM: Java HotSpot(TM) 64-Bit Server VM (25.201-b09 mixed mode linux-amd64 compressed oops)
Heap:
 PSYoungGen      total 245760K, used 238298K [0x00000000eb900000, 0x00000000ff580000, 0x0000000100000000)
  eden space 238592K, 97% used [0x00000000eb900000,0x00000000f9ca48e8,0x00000000fa200000)
  from space 7168K, 72% used [0x00000000fa200000,0x00000000fa7121b8,0x00000000fa900000)
  to   space 7168K, 0% used [0x00000000fee80000,0x00000000fee80000,0x00000000ff580000)
 ParOldGen       total 42496K, used 17406K [0x00000000c2a00000, 0x00000000c5380000, 0x00000000eb900000)
  object space 42496K, 40% used [0x00000000c2a00000,0x00000000c3aff848,0x00000000c5380000)
 Metaspace       used 15018K, capacity 15534K, committed 15616K, reserved 1062912K
  class space    used 1645K, capacity 1767K, committed 1792K, reserved 1048576K
GC Heap History (10 events):
Event: 76.070 GC heap before
{Heap before GC invocations=8 (full 1):
 PSYoungGen      total 62976K, used 62976K [0x00000000eb900000, 0x00000000f0200000, 0x0000000100000000)
  eden space 60416K, 100% used [0x00000000eb900000,0x00000000ef400000,0x00000000ef400000)
  from space 2560K, 100% used [0x00000000ef980000,0x00000000efc00000,0x00000000efc00000)
  to   space 5632K, 0% used [0x00000000ef400000,0x00000000ef400000,0x00000000ef980000)
 ParOldGen       total 42496K, used 10167K [0x00000000c2a00000, 0x00000000c5380000, 0x00000000eb900000)
  object space 42496K, 23% used [0x00000000c2a00000,0x00000000c33edd00,0x00000000c5380000)
 Metaspace       used 14101K, capacity 14588K, committed 14848K, reserved 1062912K
  class space    used 1603K, capacity 1748K, committed 1792K, reserved 1048576K
Event: 76.112 GC heap after
Heap after GC invocations=8 (full 1):
 PSYoungGen      total 66048K, used 3456K [0x00000000eb900000, 0x00000000f3a00000, 0x0000000100000000)
  eden space 60416K, 0% used [0x00000000eb900000,0x00000000eb900000,0x00000000ef400000)
  from space 5632K, 61% used [0x00000000ef400000,0x00000000ef760010,0x00000000ef980000)
  to   space 5632K, 0% used [0x00000000f3480000,0x00000000f3480000,0x00000000f3a00000)
 ParOldGen       total 42496K, used 10175K [0x00000000c2a00000, 0x00000000c5380000, 0x00000000eb900000)
  object space 42496K, 23% used [0x00000000c2a00000,0x00000000c33efd00,0x00000000c5380000)
 Metaspace       used 14101K, capacity 14588K, committed 14848K, reserved 1062912K
  class space    used 1603K, capacity 1748K, committed 1792K, reserved 1048576K
}
Event: 77.171 GC heap before
{Heap before GC invocations=9 (full 1):
 PSYoungGen      total 66048K, used 63872K [0x00000000eb900000, 0x00000000f3a00000, 0x0000000100000000)
  eden space 60416K, 100% used [0x00000000eb900000,0x00000000ef400000,0x00000000ef400000)
  from space 5632K, 61% used [0x00000000ef400000,0x00000000ef760010,0x00000000ef980000)
  to   space 5632K, 0% used [0x00000000f3480000,0x00000000f3480000,0x00000000f3a00000)
 ParOldGen       total 42496K, used 10175K [0x00000000c2a00000, 0x00000000c5380000, 0x00000000eb900000)
  object space 42496K, 23% used [0x00000000c2a00000,0x00000000c33efd00,0x00000000c5380000)
 Metaspace       used 14113K, capacity 14588K, committed 14848K, reserved 1062912K
  class space    used 1603K, capacity 1748K, committed 1792K, reserved 1048576K
Event: 77.193 GC heap after
Heap after GC invocations=9 (full 1):
 PSYoungGen      total 126464K, used 4304K [0x00000000eb900000, 0x00000000f3a00000, 0x0000000100000000)
  eden space 120832K, 0% used [0x00000000eb900000,0x00000000eb900000,0x00000000f2f00000)
  from space 5632K, 76% used [0x00000000f3480000,0x00000000f38b4020,0x00000000f3a00000)
  to   space 5632K, 0% used [0x00000000f2f00000,0x00000000f2f00000,0x00000000f3480000)
 ParOldGen       total 42496K, used 10903K [0x00000000c2a00000, 0x00000000c5380000, 0x00000000eb900000)
  object space 42496K, 25% used [0x00000000c2a00000,0x00000000c34a5d00,0x00000000c5380000)
 Metaspace       used 14113K, capacity 14588K, committed 14848K, reserved 1062912K
  class space    used 1603K, capacity 1748K, committed 1792K, reserved 1048576K
}
Event: 82.061 GC heap before
{Heap before GC invocations=10 (full 1):
 PSYoungGen      total 126464K, used 125136K [0x00000000eb900000, 0x00000000f3a00000, 0x0000000100000000)
  eden space 120832K, 100% used [0x00000000eb900000,0x00000000f2f00000,0x00000000f2f00000)
  from space 5632K, 76% used [0x00000000f3480000,0x00000000f38b4020,0x00000000f3a00000)
  to   space 5632K, 0% used [0x00000000f2f00000,0x00000000f2f00000,0x00000000f3480000)
 ParOldGen       total 42496K, used 10903K [0x00000000c2a00000, 0x00000000c5380000, 0x00000000eb900000)
  object space 42496K, 25% used [0x00000000c2a00000,0x00000000c34a5d00,0x00000000c5380000)
 Metaspace       used 14132K, capacity 14588K, committed 14848K, reserved 1062912K
  class space    used 1603K, capacity 1748K, committed 1792K, reserved 1048576K
Event: 82.085 GC heap after
Heap after GC invocations=10 (full 1):
 PSYoungGen      total 126464K, used 4976K [0x00000000eb900000, 0x00000000fb000000, 0x0000000100000000)
  eden space 120832K, 0% used [0x00000000eb900000,0x00000000eb900000,0x00000000f2f00000)
  from space 5632K, 88% used [0x00000000f2f00000,0x00000000f33dc1e0,0x00000000f3480000)
  to   space 5632K, 0% used [0x00000000faa80000,0x00000000faa80000,0x00000000fb000000)
 ParOldGen       total 42496K, used 12039K [0x00000000c2a00000, 0x00000000c5380000, 0x00000000eb900000)
  object space 42496K, 28% used [0x00000000c2a00000,0x00000000c35c1d00,0x00000000c5380000)
 Metaspace       used 14132K, capacity 14588K, committed 14848K, reserved 1062912K
  class space    used 1603K, capacity 1748K, committed 1792K, reserved 1048576K
}
Event: 84.055 GC heap before
{Heap before GC invocations=11 (full 1):
 PSYoungGen      total 126464K, used 125808K [0x00000000eb900000, 0x00000000fb000000, 0x0000000100000000)
  eden space 120832K, 100% used [0x00000000eb900000,0x00000000f2f00000,0x00000000f2f00000)
  from space 5632K, 88% used [0x00000000f2f00000,0x00000000f33dc1e0,0x00000000f3480000)
  to   space 5632K, 0% used [0x00000000faa80000,0x00000000faa80000,0x00000000fb000000)
 ParOldGen       total 42496K, used 12039K [0x00000000c2a00000, 0x00000000c5380000, 0x00000000eb900000)
  object space 42496K, 28% used [0x00000000c2a00000,0x00000000c35c1d00,0x00000000c5380000)
 Metaspace       used 14147K, capacity 14652K, committed 14848K, reserved 1062912K
  class space    used 1603K, capacity 1748K, committed 1792K, reserved 1048576K
Event: 84.131 GC heap after
Heap after GC invocations=11 (full 1):
 PSYoungGen      total 199168K, used 5600K [0x00000000eb900000, 0x00000000fb000000, 0x0000000100000000)
  eden space 193536K, 0% used [0x00000000eb900000,0x00000000eb900000,0x00000000f7600000)
  from space 5632K, 99% used [0x00000000faa80000,0x00000000faff8090,0x00000000fb000000)
  to   space 7168K, 0% used [0x00000000fa200000,0x00000000fa200000,0x00000000fa900000)
 ParOldGen       total 42496K, used 14845K [0x00000000c2a00000, 0x00000000c5380000, 0x00000000eb900000)
  object space 42496K, 34% used [0x00000000c2a00000,0x00000000c387f778,0x00000000c5380000)
 Metaspace       used 14147K, capacity 14652K, committed 14848K, reserved 1062912K
  class space    used 1603K, capacity 1748K, committed 1792K, reserved 1048576K
}
Event: 86.728 GC heap before
{Heap before GC invocations=12 (full 1):
 PSYoungGen      total 199168K, used 199136K [0x00000000eb900000, 0x00000000fb000000, 0x0000000100000000)
  eden space 193536K, 100% used [0x00000000eb900000,0x00000000f7600000,0x00000000f7600000)
  from space 5632K, 99% used [0x00000000faa80000,0x00000000faff8090,0x00000000fb000000)
  to   space 7168K, 0% used [0x00000000fa200000,0x00000000fa200000,0x00000000fa900000)
 ParOldGen       total 42496K, used 14845K [0x00000000c2a00000, 0x00000000c5380000, 0x00000000eb900000)
  object space 42496K, 34% used [0x00000000c2a00000,0x00000000c387f778,0x00000000c5380000)
 Metaspace       used 14150K, capacity 14652K, committed 14848K, reserved 1062912K
  class space    used 1603K, capacity 1748K, committed 1792K, reserved 1048576K
Event: 86.774 GC heap after
Heap after GC invocations=12 (full 1):
 PSYoungGen      total 245760K, used 5192K [0x00000000eb900000, 0x00000000ff580000, 0x0000000100000000)
  eden space 238592K, 0% used [0x00000000eb900000,0x00000000eb900000,0x00000000fa200000)
  from space 7168K, 72% used [0x00000000fa200000,0x00000000fa7121b8,0x00000000fa900000)
  to   space 7168K, 0% used [0x00000000fee80000,0x00000000fee80000,0x00000000ff580000)
 ParOldGen       total 42496K, used 17406K [0x00000000c2a00000, 0x00000000c5380000, 0x00000000eb900000)
  object space 42496K, 40% used [0x00000000c2a00000,0x00000000c3aff848,0x00000000c5380000)
 Metaspace       used 14150K, capacity 14652K, committed 14848K, reserved 1062912K
  class space    used 1603K, capacity 1748K, committed 1792K, reserved 1048576K
}

