# JRE version: Java(TM) SE Runtime Environment (8.0_201-b09) (build 1.8.0_201-b09)
# Java VM: Java HotSpot(TM) 64-Bit Server VM (25.201-b09 mixed mode linux-amd64 compressed oops)
Heap:
 PSYoungGen      total 96768K, used 22141K [0x00000000eb900000, 0x00000000f3380000, 0x0000000100000000)
  eden space 92672K, 19% used [0x00000000eb900000,0x00000000ecaa7490,0x00000000f1380000)
  from space 4096K, 99% used [0x00000000f2f80000,0x00000000f3378030,0x00000000f3380000)
  to   space 5632K, 0% used [0x00000000f2880000,0x00000000f2880000,0x00000000f2e00000)
 ParOldGen       total 42496K, used 10150K [0x00000000c2a00000, 0x00000000c5380000, 0x00000000eb900000)
  object space 42496K, 23% used [0x00000000c2a00000,0x00000000c33e9838,0x00000000c5380000)
 Metaspace       used 13886K, capacity 14276K, committed 14592K, reserved 1062912K
  class space    used 1594K, capacity 1708K, committed 1792K, reserved 1048576K
GC Heap History (10 events):
Event: 25.267 GC heap before
{Heap before GC invocations=7 (full 1):
 PSYoungGen      total 18432K, used 18400K [0x00000000eb900000, 0x00000000edd00000, 0x0000000100000000)
  eden space 15872K, 100% used [0x00000000eb900000,0x00000000ec880000,0x00000000ec880000)
  from space 2560K, 98% used [0x00000000ec880000,0x00000000ecaf8158,0x00000000ecb00000)
  to   space 2560K, 0% used [0x00000000eda80000,0x00000000eda80000,0x00000000edd00000)
 ParOldGen       total 42496K, used 5893K [0x00000000c2a00000, 0x00000000c5380000, 0x00000000eb900000)
  object space 42496K, 13% used [0x00000000c2a00000,0x00000000c2fc1658,0x00000000c5380000)
 Metaspace       used 13782K, capacity 14212K, committed 14336K, reserved 1062912K
  class space    used 1594K, capacity 1708K, committed 1792K, reserved 1048576K
Event: 25.289 GC heap after
Heap after GC invocations=7 (full 1):
 PSYoungGen      total 31744K, used 2540K [0x00000000eb900000, 0x00000000ee200000, 0x0000000100000000)
  eden space 29184K, 0% used [0x00000000eb900000,0x00000000eb900000,0x00000000ed580000)
  from space 2560K, 99% used [0x00000000eda80000,0x00000000edcfb010,0x00000000edd00000)
  to   space 5120K, 0% used [0x00000000ed580000,0x00000000ed580000,0x00000000eda80000)
 ParOldGen       total 42496K, used 6036K [0x00000000c2a00000, 0x00000000c5380000, 0x00000000eb900000)
  object space 42496K, 14% used [0x00000000c2a00000,0x00000000c2fe5048,0x00000000c5380000)
 Metaspace       used 13782K, capacity 14212K, committed 14336K, reserved 1062912K
  class space    used 1594K, capacity 1708K, committed 1792K, reserved 1048576K
}
Event: 25.973 GC heap before
{Heap before GC invocations=8 (full 1):
 PSYoungGen      total 31744K, used 31724K [0x00000000eb900000, 0x00000000ee200000, 0x0000000100000000)
  eden space 29184K, 100% used [0x00000000eb900000,0x00000000ed580000,0x00000000ed580000)
  from space 2560K, 99% used [0x00000000eda80000,0x00000000edcfb010,0x00000000edd00000)
  to   space 5120K, 0% used [0x00000000ed580000,0x00000000ed580000,0x00000000eda80000)
 ParOldGen       total 42496K, used 6036K [0x00000000c2a00000, 0x00000000c5380000, 0x00000000eb900000)
  object space 42496K, 14% used [0x00000000c2a00000,0x00000000c2fe5048,0x00000000c5380000)
 Metaspace       used 13830K, capacity 14212K, committed 14336K, reserved 1062912K
  class space    used 1594K, capacity 1708K, committed 1792K, reserved 1048576K
Event: 25.985 GC heap after
Heap after GC invocations=8 (full 1):
 PSYoungGen      total 34304K, used 4160K [0x00000000eb900000, 0x00000000efc00000, 0x0000000100000000)
  eden space 29184K, 0% used [0x00000000eb900000,0x00000000eb900000,0x00000000ed580000)
  from space 5120K, 81% used [0x00000000ed580000,0x00000000ed990158,0x00000000eda80000)
  to   space 5120K, 0% used [0x00000000ef700000,0x00000000ef700000,0x00000000efc00000)
 ParOldGen       total 42496K, used 6044K [0x00000000c2a00000, 0x00000000c5380000, 0x00000000eb900000)
  object space 42496K, 14% used [0x00000000c2a00000,0x00000000c2fe7048,0x00000000c5380000)
 Metaspace       used 13830K, capacity 14212K, committed 14336K, reserved 1062912K
  class space    used 1594K, capacity 1708K, committed 1792K, reserved 1048576K
}
Event: 26.316 GC heap before
{Heap before GC invocations=9 (full 1):
 PSYoungGen      total 34304K, used 33344K [0x00000000eb900000, 0x00000000efc00000, 0x0000000100000000)
  eden space 29184K, 100% used [0x00000000eb900000,0x00000000ed580000,0x00000000ed580000)
  from space 5120K, 81% used [0x00000000ed580000,0x00000000ed990158,0x00000000eda80000)
  to   space 5120K, 0% used [0x00000000ef700000,0x00000000ef700000,0x00000000efc00000)
 ParOldGen       total 42496K, used 6044K [0x00000000c2a00000, 0x00000000c5380000, 0x00000000eb900000)
  object space 42496K, 14% used [0x00000000c2a00000,0x00000000c2fe7048,0x00000000c5380000)
 Metaspace       used 13847K, capacity 14212K, committed 14336K, reserved 1062912K
  class space    used 1594K, capacity 1708K, committed 1792K, reserved 1048576K
Event: 26.342 GC heap after
Heap after GC invocations=9 (full 1):
 PSYoungGen      total 62976K, used 4912K [0x00000000eb900000, 0x00000000efd00000, 0x0000000100000000)
  eden space 57856K, 0% used [0x00000000eb900000,0x00000000eb900000,0x00000000ef180000)
  from space 5120K, 95% used [0x00000000ef700000,0x00000000efbcc010,0x00000000efc00000)
  to   space 5632K, 0% used [0x00000000ef180000,0x00000000ef180000,0x00000000ef700000)
 ParOldGen       total 42496K, used 7071K [0x00000000c2a00000, 0x00000000c5380000, 0x00000000eb900000)
  object space 42496K, 16% used [0x00000000c2a00000,0x00000000c30e7df0,0x00000000c5380000)
 Metaspace       used 13847K, capacity 14212K, committed 14336K, reserved 1062912K
  class space    used 1594K, capacity 1708K, committed 1792K, reserved 1048576K
}
Event: 27.274 GC heap before
{Heap before GC invocations=10 (full 1):
 PSYoungGen      total 62976K, used 62768K [0x00000000eb900000, 0x00000000efd00000, 0x0000000100000000)
  eden space 57856K, 100% used [0x00000000eb900000,0x00000000ef180000,0x00000000ef180000)
  from space 5120K, 95% used [0x00000000ef700000,0x00000000efbcc010,0x00000000efc00000)
  to   space 5632K, 0% used [0x00000000ef180000,0x00000000ef180000,0x00000000ef700000)
 ParOldGen       total 42496K, used 7071K [0x00000000c2a00000, 0x00000000c5380000, 0x00000000eb900000)
  object space 42496K, 16% used [0x00000000c2a00000,0x00000000c30e7df0,0x00000000c5380000)
 Metaspace       used 13871K, capacity 14276K, committed 14592K, reserved 1062912K
  class space    used 1594K, capacity 1708K, committed 1792K, reserved 1048576K
Event: 27.294 GC heap after
Heap after GC invocations=10 (full 1):
 PSYoungGen      total 63488K, used 4160K [0x00000000eb900000, 0x00000000f3500000, 0x0000000100000000)
  eden space 57856K, 0% used [0x00000000eb900000,0x00000000eb900000,0x00000000ef180000)
  from space 5632K, 73% used [0x00000000ef180000,0x00000000ef590020,0x00000000ef700000)
  to   space 5632K, 0% used [0x00000000f2f80000,0x00000000f2f80000,0x00000000f3500000)
 ParOldGen       total 42496K, used 8471K [0x00000000c2a00000, 0x00000000c5380000, 0x00000000eb900000)
  object space 42496K, 19% used [0x00000000c2a00000,0x00000000c3245e10,0x00000000c5380000)
 Metaspace       used 13871K, capacity 14276K, committed 14592K, reserved 1062912K
  class space    used 1594K, capacity 1708K, committed 1792K, reserved 1048576K
}
Event: 28.260 GC heap before
{Heap before GC invocations=11 (full 1):
 PSYoungGen      total 63488K, used 62016K [0x00000000eb900000, 0x00000000f3500000, 0x0000000100000000)
  eden space 57856K, 100% used [0x00000000eb900000,0x00000000ef180000,0x00000000ef180000)
  from space 5632K, 73% used [0x00000000ef180000,0x00000000ef590020,0x00000000ef700000)
  to   space 5632K, 0% used [0x00000000f2f80000,0x00000000f2f80000,0x00000000f3500000)
 ParOldGen       total 42496K, used 8471K [0x00000000c2a00000, 0x00000000c5380000, 0x00000000eb900000)
  object space 42496K, 19% used [0x00000000c2a00000,0x00000000c3245e10,0x00000000c5380000)
 Metaspace       used 13886K, capacity 14276K, committed 14592K, reserved 1062912K
  class space    used 1594K, capacity 1708K, committed 1792K, reserved 1048576K
Event: 28.456 GC heap after
Heap after GC invocations=11 (full 1):
 PSYoungGen      total 96768K, used 4064K [0x00000000eb900000, 0x00000000f3380000, 0x0000000100000000)
  eden space 92672K, 0% used [0x00000000eb900000,0x00000000eb900000,0x00000000f1380000)
  from space 4096K, 99% used [0x00000000f2f80000,0x00000000f3378030,0x00000000f3380000)
  to   space 5632K, 0% used [0x00000000f2880000,0x00000000f2880000,0x00000000f2e00000)
 ParOldGen       total 42496K, used 10150K [0x00000000c2a00000, 0x00000000c5380000, 0x00000000eb900000)
  object space 42496K, 23% used [0x00000000c2a00000,0x00000000c33e9838,0x00000000c5380000)
 Metaspace       used 13886K, capacity 14276K, committed 14592K, reserved 1062912K
  class space    used 1594K, capacity 1708K, committed 1792K, reserved 1048576K
}

