# JRE version: Java(TM) SE Runtime Environment (8.0_201-b09) (build 1.8.0_201-b09)
# Java VM: Java HotSpot(TM) 64-Bit Server VM (25.201-b09 mixed mode linux-amd64 compressed oops)
Heap:
 PSYoungGen      total 226816K, used 0K [0x00000000eb900000, 0x00000000fe880000, 0x0000000100000000)
  eden space 152576K, 0% used [0x00000000eb900000,0x00000000eb900000,0x00000000f4e00000)
  from space 74240K, 0% used [0x00000000f4e00000,0x00000000f4e00000,0x00000000f9680000)
  to   space 69632K, 0% used [0x00000000fa480000,0x00000000fa480000,0x00000000fe880000)
 ParOldGen       total 291328K, used 279656K [0x00000000c2a00000, 0x00000000d4680000, 0x00000000eb900000)
  object space 291328K, 95% used [0x00000000c2a00000,0x00000000d3b1a2a8,0x00000000d4680000)
 Metaspace       used 51249K, capacity 56684K, committed 56748K, reserved 1099776K
  class space    used 4508K, capacity 7151K, committed 7168K, reserved 1048576K
GC Heap History (10 events):
Event: 174.194 GC heap after
Heap after GC invocations=88 (full 5):
 PSYoungGen      total 223744K, used 17105K [0x00000000eb900000, 0x00000000fef80000, 0x0000000100000000)
  eden space 129024K, 0% used [0x00000000eb900000,0x00000000eb900000,0x00000000f3700000)
  from space 94720K, 18% used [0x00000000f3700000,0x00000000f47b45d0,0x00000000f9380000)
  to   space 89600K, 0% used [0x00000000f9800000,0x00000000f9800000,0x00000000fef80000)
 ParOldGen       total 291328K, used 257206K [0x00000000c2a00000, 0x00000000d4680000, 0x00000000eb900000)
  object space 291328K, 88% used [0x00000000c2a00000,0x00000000d252d990,0x00000000d4680000)
 Metaspace       used 46683K, capacity 50900K, committed 51072K, reserved 1093632K
  class space    used 4240K, capacity 6195K, committed 6272K, reserved 1048576K
}
Event: 175.203 GC heap before
{Heap before GC invocations=89 (full 5):
 PSYoungGen      total 223744K, used 146129K [0x00000000eb900000, 0x00000000fef80000, 0x0000000100000000)
  eden space 129024K, 100% used [0x00000000eb900000,0x00000000f3700000,0x00000000f3700000)
  from space 94720K, 18% used [0x00000000f3700000,0x00000000f47b45d0,0x00000000f9380000)
  to   space 89600K, 0% used [0x00000000f9800000,0x00000000f9800000,0x00000000fef80000)
 ParOldGen       total 291328K, used 257206K [0x00000000c2a00000, 0x00000000d4680000, 0x00000000eb900000)
  object space 291328K, 88% used [0x00000000c2a00000,0x00000000d252d990,0x00000000d4680000)
 Metaspace       used 48116K, capacity 52712K, committed 52864K, reserved 1095680K
  class space    used 4326K, capacity 6511K, committed 6528K, reserved 1048576K
Event: 175.241 GC heap after
Heap after GC invocations=89 (full 5):
 PSYoungGen      total 219136K, used 20868K [0x00000000eb900000, 0x00000000fe580000, 0x0000000100000000)
  eden space 139776K, 0% used [0x00000000eb900000,0x00000000eb900000,0x00000000f4180000)
  from space 79360K, 26% used [0x00000000f9800000,0x00000000fac612d0,0x00000000fe580000)
  to   space 83968K, 0% used [0x00000000f4180000,0x00000000f4180000,0x00000000f9380000)
 ParOldGen       total 291328K, used 257214K [0x00000000c2a00000, 0x00000000d4680000, 0x00000000eb900000)
  object space 291328K, 88% used [0x00000000c2a00000,0x00000000d252f990,0x00000000d4680000)
 Metaspace       used 48116K, capacity 52712K, committed 52864K, reserved 1095680K
  class space    used 4326K, capacity 6511K, committed 6528K, reserved 1048576K
}
Event: 176.397 GC heap before
{Heap before GC invocations=90 (full 5):
 PSYoungGen      total 219136K, used 160644K [0x00000000eb900000, 0x00000000fe580000, 0x0000000100000000)
  eden space 139776K, 100% used [0x00000000eb900000,0x00000000f4180000,0x00000000f4180000)
  from space 79360K, 26% used [0x00000000f9800000,0x00000000fac612d0,0x00000000fe580000)
  to   space 83968K, 0% used [0x00000000f4180000,0x00000000f4180000,0x00000000f9380000)
 ParOldGen       total 291328K, used 257214K [0x00000000c2a00000, 0x00000000d4680000, 0x00000000eb900000)
  object space 291328K, 88% used [0x00000000c2a00000,0x00000000d252f990,0x00000000d4680000)
 Metaspace       used 49666K, capacity 54664K, committed 54784K, reserved 1097728K
  class space    used 4418K, capacity 6831K, committed 6912K, reserved 1048576K
Event: 176.448 GC heap after
Heap after GC invocations=90 (full 5):
 PSYoungGen      total 223744K, used 23879K [0x00000000eb900000, 0x00000000fe680000, 0x0000000100000000)
  eden space 139776K, 0% used [0x00000000eb900000,0x00000000eb900000,0x00000000f4180000)
  from space 83968K, 28% used [0x00000000f4180000,0x00000000f58d1f70,0x00000000f9380000)
  to   space 78336K, 0% used [0x00000000f9a00000,0x00000000f9a00000,0x00000000fe680000)
 ParOldGen       total 291328K, used 257222K [0x00000000c2a00000, 0x00000000d4680000, 0x00000000eb900000)
  object space 291328K, 88% used [0x00000000c2a00000,0x00000000d2531990,0x00000000d4680000)
 Metaspace       used 49666K, capacity 54664K, committed 54784K, reserved 1097728K
  class space    used 4418K, capacity 6831K, committed 6912K, reserved 1048576K
}
Event: 177.492 GC heap before
{Heap before GC invocations=91 (full 5):
 PSYoungGen      total 223744K, used 163655K [0x00000000eb900000, 0x00000000fe680000, 0x0000000100000000)
  eden space 139776K, 100% used [0x00000000eb900000,0x00000000f4180000,0x00000000f4180000)
  from space 83968K, 28% used [0x00000000f4180000,0x00000000f58d1f70,0x00000000f9380000)
  to   space 78336K, 0% used [0x00000000f9a00000,0x00000000f9a00000,0x00000000fe680000)
 ParOldGen       total 291328K, used 257222K [0x00000000c2a00000, 0x00000000d4680000, 0x00000000eb900000)
  object space 291328K, 88% used [0x00000000c2a00000,0x00000000d2531990,0x00000000d4680000)
 Metaspace       used 51098K, capacity 56504K, committed 56576K, reserved 1099776K
  class space    used 4497K, capacity 7111K, committed 7168K, reserved 1048576K
Event: 177.526 GC heap after
Heap after GC invocations=91 (full 5):
 PSYoungGen      total 223232K, used 27822K [0x00000000eb900000, 0x00000000fdf00000, 0x0000000100000000)
  eden space 152576K, 0% used [0x00000000eb900000,0x00000000eb900000,0x00000000f4e00000)
  from space 70656K, 39% used [0x00000000f9a00000,0x00000000fb52ba48,0x00000000fdf00000)
  to   space 74240K, 0% used [0x00000000f4e00000,0x00000000f4e00000,0x00000000f9680000)
 ParOldGen       total 291328K, used 257230K [0x00000000c2a00000, 0x00000000d4680000, 0x00000000eb900000)
  object space 291328K, 88% used [0x00000000c2a00000,0x00000000d2533990,0x00000000d4680000)
 Metaspace       used 51098K, capacity 56504K, committed 56576K, reserved 1099776K
  class space    used 4497K, capacity 7111K, committed 7168K, reserved 1048576K
}
Event: 177.646 GC heap before
{Heap before GC invocations=92 (full 5):
 PSYoungGen      total 223232K, used 41960K [0x00000000eb900000, 0x00000000fdf00000, 0x0000000100000000)
  eden space 152576K, 9% used [0x00000000eb900000,0x00000000ec6ce998,0x00000000f4e00000)
  from space 70656K, 39% used [0x00000000f9a00000,0x00000000fb52ba48,0x00000000fdf00000)
  to   space 74240K, 0% used [0x00000000f4e00000,0x00000000f4e00000,0x00000000f9680000)
 ParOldGen       total 291328K, used 257230K [0x00000000c2a00000, 0x00000000d4680000, 0x00000000eb900000)
  object space 291328K, 88% used [0x00000000c2a00000,0x00000000d2533990,0x00000000d4680000)
 Metaspace       used 51249K, capacity 56684K, committed 56748K, reserved 1099776K
  class space    used 4508K, capacity 7151K, committed 7168K, reserved 1048576K
Event: 177.667 GC heap after
Heap after GC invocations=92 (full 5):
 PSYoungGen      total 226816K, used 24199K [0x00000000eb900000, 0x00000000fe880000, 0x0000000100000000)
  eden space 152576K, 0% used [0x00000000eb900000,0x00000000eb900000,0x00000000f4e00000)
  from space 74240K, 32% used [0x00000000f4e00000,0x00000000f65a1d88,0x00000000f9680000)
  to   space 69632K, 0% used [0x00000000fa480000,0x00000000fa480000,0x00000000fe880000)
 ParOldGen       total 291328K, used 257230K [0x00000000c2a00000, 0x00000000d4680000, 0x00000000eb900000)
  object space 291328K, 88% used [0x00000000c2a00000,0x00000000d2533990,0x00000000d4680000)
 Metaspace       used 51249K, capacity 56684K, committed 56748K, reserved 1099776K
  class space    used 4508K, capacity 7151K, committed 7168K, reserved 1048576K
}
Event: 177.667 GC heap before
{Heap before GC invocations=93 (full 6):
 PSYoungGen      total 226816K, used 24199K [0x00000000eb900000, 0x00000000fe880000, 0x0000000100000000)
  eden space 152576K, 0% used [0x00000000eb900000,0x00000000eb900000,0x00000000f4e00000)
  from space 74240K, 32% used [0x00000000f4e00000,0x00000000f65a1d88,0x00000000f9680000)
  to   space 69632K, 0% used [0x00000000fa480000,0x00000000fa480000,0x00000000fe880000)
 ParOldGen       total 291328K, used 257230K [0x00000000c2a00000, 0x00000000d4680000, 0x00000000eb900000)
  object space 291328K, 88% used [0x00000000c2a00000,0x00000000d2533990,0x00000000d4680000)
 Metaspace       used 51249K, capacity 56684K, committed 56748K, reserved 1099776K
  class space    used 4508K, capacity 7151K, committed 7168K, reserved 1048576K

