# JRE version: Java(TM) SE Runtime Environment (8.0_201-b09) (build 1.8.0_201-b09)
# Java VM: Java HotSpot(TM) 64-Bit Server VM (25.201-b09 mixed mode linux-amd64 compressed oops)
Heap:
 PSYoungGen      total 236544K, used 26122K [0x00000000eb900000, 0x0000000100000000, 0x0000000100000000)
  eden space 173056K, 0% used [0x00000000eb900000,0x00000000eb900000,0x00000000f6200000)
  from space 63488K, 41% used [0x00000000fc200000,0x00000000fdb82b40,0x0000000100000000)
  to   space 80896K, 0% used [0x00000000f6200000,0x00000000f6200000,0x00000000fb100000)
 ParOldGen       total 125952K, used 125917K [0x00000000c2a00000, 0x00000000ca500000, 0x00000000eb900000)
  object space 125952K, 99% used [0x00000000c2a00000,0x00000000ca4f77f0,0x00000000ca500000)
 Metaspace       used 25220K, capacity 26318K, committed 26496K, reserved 1073152K
  class space    used 2604K, capacity 2871K, committed 2944K, reserved 1048576K
GC Heap History (10 events):
Event: 95.994 GC heap after
Heap after GC invocations=47 (full 3):
 PSYoungGen      total 282624K, used 39932K [0x00000000eb900000, 0x0000000100000000, 0x0000000100000000)
  eden space 239616K, 0% used [0x00000000eb900000,0x00000000eb900000,0x00000000fa300000)
  from space 43008K, 92% used [0x00000000fd600000,0x00000000ffcff2b0,0x0000000100000000)
  to   space 47616K, 0% used [0x00000000fa300000,0x00000000fa300000,0x00000000fd180000)
 ParOldGen       total 125952K, used 106575K [0x00000000c2a00000, 0x00000000ca500000, 0x00000000eb900000)
  object space 125952K, 84% used [0x00000000c2a00000,0x00000000c9213d68,0x00000000ca500000)
 Metaspace       used 24956K, capacity 25968K, committed 26240K, reserved 1073152K
  class space    used 2592K, capacity 2818K, committed 2944K, reserved 1048576K
}
Event: 99.835 GC heap before
{Heap before GC invocations=48 (full 3):
 PSYoungGen      total 282624K, used 279548K [0x00000000eb900000, 0x0000000100000000, 0x0000000100000000)
  eden space 239616K, 100% used [0x00000000eb900000,0x00000000fa300000,0x00000000fa300000)
  from space 43008K, 92% used [0x00000000fd600000,0x00000000ffcff2b0,0x0000000100000000)
  to   space 47616K, 0% used [0x00000000fa300000,0x00000000fa300000,0x00000000fd180000)
 ParOldGen       total 125952K, used 106575K [0x00000000c2a00000, 0x00000000ca500000, 0x00000000eb900000)
  object space 125952K, 84% used [0x00000000c2a00000,0x00000000c9213d68,0x00000000ca500000)
 Metaspace       used 25029K, capacity 26108K, committed 26240K, reserved 1073152K
  class space    used 2593K, capacity 2820K, committed 2944K, reserved 1048576K
Event: 99.880 GC heap after
Heap after GC invocations=48 (full 3):
 PSYoungGen      total 285184K, used 45095K [0x00000000eb900000, 0x0000000100000000, 0x0000000100000000)
  eden space 239616K, 0% used [0x00000000eb900000,0x00000000eb900000,0x00000000fa300000)
  from space 45568K, 98% used [0x00000000fa300000,0x00000000fcf09c18,0x00000000fcf80000)
  to   space 49664K, 0% used [0x00000000fcf80000,0x00000000fcf80000,0x0000000100000000)
 ParOldGen       total 125952K, used 107459K [0x00000000c2a00000, 0x00000000ca500000, 0x00000000eb900000)
  object space 125952K, 85% used [0x00000000c2a00000,0x00000000c92f0d78,0x00000000ca500000)
 Metaspace       used 25029K, capacity 26108K, committed 26240K, reserved 1073152K
  class space    used 2593K, capacity 2820K, committed 2944K, reserved 1048576K
}
Event: 104.524 GC heap before
{Heap before GC invocations=49 (full 3):
 PSYoungGen      total 285184K, used 284711K [0x00000000eb900000, 0x0000000100000000, 0x0000000100000000)
  eden space 239616K, 100% used [0x00000000eb900000,0x00000000fa300000,0x00000000fa300000)
  from space 45568K, 98% used [0x00000000fa300000,0x00000000fcf09c18,0x00000000fcf80000)
  to   space 49664K, 0% used [0x00000000fcf80000,0x00000000fcf80000,0x0000000100000000)
 ParOldGen       total 125952K, used 107459K [0x00000000c2a00000, 0x00000000ca500000, 0x00000000eb900000)
  object space 125952K, 85% used [0x00000000c2a00000,0x00000000c92f0d78,0x00000000ca500000)
 Metaspace       used 25117K, capacity 26196K, committed 26496K, reserved 1073152K
  class space    used 2595K, capacity 2824K, committed 2944K, reserved 1048576K
Event: 104.622 GC heap after
Heap after GC invocations=49 (full 3):
 PSYoungGen      total 260608K, used 49655K [0x00000000eb900000, 0x0000000100000000, 0x0000000100000000)
  eden space 210944K, 0% used [0x00000000eb900000,0x00000000eb900000,0x00000000f8700000)
  from space 49664K, 99% used [0x00000000fcf80000,0x00000000ffffde68,0x0000000100000000)
  to   space 61952K, 0% used [0x00000000f8700000,0x00000000f8700000,0x00000000fc380000)
 ParOldGen       total 125952K, used 112477K [0x00000000c2a00000, 0x00000000ca500000, 0x00000000eb900000)
  object space 125952K, 89% used [0x00000000c2a00000,0x00000000c97d74b0,0x00000000ca500000)
 Metaspace       used 25117K, capacity 26196K, committed 26496K, reserved 1073152K
  class space    used 2595K, capacity 2824K, committed 2944K, reserved 1048576K
}
Event: 109.535 GC heap before
{Heap before GC invocations=50 (full 3):
 PSYoungGen      total 260608K, used 260599K [0x00000000eb900000, 0x0000000100000000, 0x0000000100000000)
  eden space 210944K, 100% used [0x00000000eb900000,0x00000000f8700000,0x00000000f8700000)
  from space 49664K, 99% used [0x00000000fcf80000,0x00000000ffffde68,0x0000000100000000)
  to   space 61952K, 0% used [0x00000000f8700000,0x00000000f8700000,0x00000000fc380000)
 ParOldGen       total 125952K, used 112477K [0x00000000c2a00000, 0x00000000ca500000, 0x00000000eb900000)
  object space 125952K, 89% used [0x00000000c2a00000,0x00000000c97d74b0,0x00000000ca500000)
 Metaspace       used 25146K, capacity 26220K, committed 26496K, reserved 1073152K
  class space    used 2598K, capacity 2828K, committed 2944K, reserved 1048576K
Event: 109.597 GC heap after
Heap after GC invocations=50 (full 3):
 PSYoungGen      total 271360K, used 60136K [0x00000000eb900000, 0x0000000100000000, 0x0000000100000000)
  eden space 210944K, 0% used [0x00000000eb900000,0x00000000eb900000,0x00000000f8700000)
  from space 60416K, 99% used [0x00000000f8700000,0x00000000fc1ba208,0x00000000fc200000)
  to   space 63488K, 0% used [0x00000000fc200000,0x00000000fc200000,0x0000000100000000)
 ParOldGen       total 125952K, used 113137K [0x00000000c2a00000, 0x00000000ca500000, 0x00000000eb900000)
  object space 125952K, 89% used [0x00000000c2a00000,0x00000000c987c4c0,0x00000000ca500000)
 Metaspace       used 25146K, capacity 26220K, committed 26496K, reserved 1073152K
  class space    used 2598K, capacity 2828K, committed 2944K, reserved 1048576K
}
Event: 115.106 GC heap before
{Heap before GC invocations=51 (full 3):
 PSYoungGen      total 271360K, used 271080K [0x00000000eb900000, 0x0000000100000000, 0x0000000100000000)
  eden space 210944K, 100% used [0x00000000eb900000,0x00000000f8700000,0x00000000f8700000)
  from space 60416K, 99% used [0x00000000f8700000,0x00000000fc1ba208,0x00000000fc200000)
  to   space 63488K, 0% used [0x00000000fc200000,0x00000000fc200000,0x0000000100000000)
 ParOldGen       total 125952K, used 113137K [0x00000000c2a00000, 0x00000000ca500000, 0x00000000eb900000)
  object space 125952K, 89% used [0x00000000c2a00000,0x00000000c987c4c0,0x00000000ca500000)
 Metaspace       used 25220K, capacity 26318K, committed 26496K, reserved 1073152K
  class space    used 2604K, capacity 2871K, committed 2944K, reserved 1048576K
Event: 115.171 GC heap after
Heap after GC invocations=51 (full 3):
 PSYoungGen      total 236544K, used 63480K [0x00000000eb900000, 0x0000000100000000, 0x0000000100000000)
  eden space 173056K, 0% used [0x00000000eb900000,0x00000000eb900000,0x00000000f6200000)
  from space 63488K, 99% used [0x00000000fc200000,0x00000000ffffe3c8,0x0000000100000000)
  to   space 80896K, 0% used [0x00000000f6200000,0x00000000f6200000,0x00000000fb100000)
 ParOldGen       total 125952K, used 119561K [0x00000000c2a00000, 0x00000000ca500000, 0x00000000eb900000)
  object space 125952K, 94% used [0x00000000c2a00000,0x00000000c9ec2478,0x00000000ca500000)
 Metaspace       used 25220K, capacity 26318K, committed 26496K, reserved 1073152K
  class space    used 2604K, capacity 2871K, committed 2944K, reserved 1048576K
}
Event: 115.171 GC heap before
{Heap before GC invocations=52 (full 4):
 PSYoungGen      total 236544K, used 63480K [0x00000000eb900000, 0x0000000100000000, 0x0000000100000000)
  eden space 173056K, 0% used [0x00000000eb900000,0x00000000eb900000,0x00000000f6200000)
  from space 63488K, 99% used [0x00000000fc200000,0x00000000ffffe3c8,0x0000000100000000)
  to   space 80896K, 0% used [0x00000000f6200000,0x00000000f6200000,0x00000000fb100000)
 ParOldGen       total 125952K, used 119561K [0x00000000c2a00000, 0x00000000ca500000, 0x00000000eb900000)
  object space 125952K, 94% used [0x00000000c2a00000,0x00000000c9ec2478,0x00000000ca500000)
 Metaspace       used 25220K, capacity 26318K, committed 26496K, reserved 1073152K
  class space    used 2604K, capacity 2871K, committed 2944K, reserved 1048576K

