# JRE version: Java(TM) SE Runtime Environment (8.0_201-b09) (build 1.8.0_201-b09)
# Java VM: Java HotSpot(TM) 64-Bit Server VM (25.201-b09 mixed mode linux-amd64 compressed oops)
Heap:
 PSYoungGen      total 63488K, used 160K [0x00000000eb900000, 0x00000000efc00000, 0x0000000100000000)
  eden space 58368K, 0% used [0x00000000eb900000,0x00000000eb900000,0x00000000ef200000)
  from space 5120K, 3% used [0x00000000ef200000,0x00000000ef228000,0x00000000ef700000)
  to   space 5120K, 0% used [0x00000000ef700000,0x00000000ef700000,0x00000000efc00000)
 ParOldGen       total 42496K, used 9452K [0x00000000c2a00000, 0x00000000c5380000, 0x00000000eb900000)
  object space 42496K, 22% used [0x00000000c2a00000,0x00000000c333b028,0x00000000c5380000)
 Metaspace       used 13730K, capacity 14096K, committed 14336K, reserved 1062912K
  class space    used 1597K, capacity 1710K, committed 1792K, reserved 1048576K
GC Heap History (10 events):
Event: 43.291 GC heap after
Heap after GC invocations=5 (full 1):
 PSYoungGen      total 18432K, used 2534K [0x00000000eb900000, 0x00000000edd00000, 0x0000000100000000)
  eden space 15872K, 0% used [0x00000000eb900000,0x00000000eb900000,0x00000000ec880000)
  from space 2560K, 98% used [0x00000000ecb00000,0x00000000ecd79830,0x00000000ecd80000)
  to   space 2560K, 0% used [0x00000000ec880000,0x00000000ec880000,0x00000000ecb00000)
 ParOldGen       total 42496K, used 6899K [0x00000000c2a00000, 0x00000000c5380000, 0x00000000eb900000)
  object space 42496K, 16% used [0x00000000c2a00000,0x00000000c30bcd80,0x00000000c5380000)
 Metaspace       used 13719K, capacity 14096K, committed 14336K, reserved 1062912K
  class space    used 1597K, capacity 1710K, committed 1792K, reserved 1048576K
}
Event: 43.408 GC heap before
{Heap before GC invocations=6 (full 1):
 PSYoungGen      total 18432K, used 18406K [0x00000000eb900000, 0x00000000edd00000, 0x0000000100000000)
  eden space 15872K, 100% used [0x00000000eb900000,0x00000000ec880000,0x00000000ec880000)
  from space 2560K, 98% used [0x00000000ecb00000,0x00000000ecd79830,0x00000000ecd80000)
  to   space 2560K, 0% used [0x00000000ec880000,0x00000000ec880000,0x00000000ecb00000)
 ParOldGen       total 42496K, used 6899K [0x00000000c2a00000, 0x00000000c5380000, 0x00000000eb900000)
  object space 42496K, 16% used [0x00000000c2a00000,0x00000000c30bcd80,0x00000000c5380000)
 Metaspace       used 13720K, capacity 14096K, committed 14336K, reserved 1062912K
  class space    used 1597K, capacity 1710K, committed 1792K, reserved 1048576K
Event: 43.428 GC heap after
Heap after GC invocations=6 (full 1):
 PSYoungGen      total 18432K, used 2534K [0x00000000eb900000, 0x00000000edd00000, 0x0000000100000000)
  eden space 15872K, 0% used [0x00000000eb900000,0x00000000eb900000,0x00000000ec880000)
  from space 2560K, 98% used [0x00000000ec880000,0x00000000ecaf9830,0x00000000ecb00000)
  to   space 2560K, 0% used [0x00000000eda80000,0x00000000eda80000,0x00000000edd00000)
 ParOldGen       total 42496K, used 6931K [0x00000000c2a00000, 0x00000000c5380000, 0x00000000eb900000)
  object space 42496K, 16% used [0x00000000c2a00000,0x00000000c30c4d80,0x00000000c5380000)
 Metaspace       used 13720K, capacity 14096K, committed 14336K, reserved 1062912K
  class space    used 1597K, capacity 1710K, committed 1792K, reserved 1048576K
}
Event: 43.527 GC heap before
{Heap before GC invocations=7 (full 1):
 PSYoungGen      total 18432K, used 18406K [0x00000000eb900000, 0x00000000edd00000, 0x0000000100000000)
  eden space 15872K, 100% used [0x00000000eb900000,0x00000000ec880000,0x00000000ec880000)
  from space 2560K, 98% used [0x00000000ec880000,0x00000000ecaf9830,0x00000000ecb00000)
  to   space 2560K, 0% used [0x00000000eda80000,0x00000000eda80000,0x00000000edd00000)
 ParOldGen       total 42496K, used 6931K [0x00000000c2a00000, 0x00000000c5380000, 0x00000000eb900000)
  object space 42496K, 16% used [0x00000000c2a00000,0x00000000c30c4d80,0x00000000c5380000)
 Metaspace       used 13726K, capacity 14096K, committed 14336K, reserved 1062912K
  class space    used 1597K, capacity 1710K, committed 1792K, reserved 1048576K
Event: 43.578 GC heap after
Heap after GC invocations=7 (full 1):
 PSYoungGen      total 31744K, used 2534K [0x00000000eb900000, 0x00000000ee200000, 0x0000000100000000)
  eden space 29184K, 0% used [0x00000000eb900000,0x00000000eb900000,0x00000000ed580000)
  from space 2560K, 98% used [0x00000000eda80000,0x00000000edcf9830,0x00000000edd00000)
  to   space 5120K, 0% used [0x00000000ed580000,0x00000000ed580000,0x00000000eda80000)
 ParOldGen       total 42496K, used 6971K [0x00000000c2a00000, 0x00000000c5380000, 0x00000000eb900000)
  object space 42496K, 16% used [0x00000000c2a00000,0x00000000c30ced80,0x00000000c5380000)
 Metaspace       used 13726K, capacity 14096K, committed 14336K, reserved 1062912K
  class space    used 1597K, capacity 1710K, committed 1792K, reserved 1048576K
}
Event: 43.619 GC heap before
{Heap before GC invocations=8 (full 1):
 PSYoungGen      total 31744K, used 31718K [0x00000000eb900000, 0x00000000ee200000, 0x0000000100000000)
  eden space 29184K, 100% used [0x00000000eb900000,0x00000000ed580000,0x00000000ed580000)
  from space 2560K, 98% used [0x00000000eda80000,0x00000000edcf9830,0x00000000edd00000)
  to   space 5120K, 0% used [0x00000000ed580000,0x00000000ed580000,0x00000000eda80000)
 ParOldGen       total 42496K, used 6971K [0x00000000c2a00000, 0x00000000c5380000, 0x00000000eb900000)
  object space 42496K, 16% used [0x00000000c2a00000,0x00000000c30ced80,0x00000000c5380000)
 Metaspace       used 13727K, capacity 14096K, committed 14336K, reserved 1062912K
  class space    used 1597K, capacity 1710K, committed 1792K, reserved 1048576K
Event: 43.643 GC heap after
Heap after GC invocations=8 (full 1):
 PSYoungGen      total 34304K, used 2534K [0x00000000eb900000, 0x00000000efc00000, 0x0000000100000000)
  eden space 29184K, 0% used [0x00000000eb900000,0x00000000eb900000,0x00000000ed580000)
  from space 5120K, 49% used [0x00000000ed580000,0x00000000ed7f9830,0x00000000eda80000)
  to   space 5120K, 0% used [0x00000000ef700000,0x00000000ef700000,0x00000000efc00000)
 ParOldGen       total 42496K, used 6971K [0x00000000c2a00000, 0x00000000c5380000, 0x00000000eb900000)
  object space 42496K, 16% used [0x00000000c2a00000,0x00000000c30ced80,0x00000000c5380000)
 Metaspace       used 13727K, capacity 14096K, committed 14336K, reserved 1062912K
  class space    used 1597K, capacity 1710K, committed 1792K, reserved 1048576K
}
Event: 43.974 GC heap before
{Heap before GC invocations=9 (full 1):
 PSYoungGen      total 34304K, used 31718K [0x00000000eb900000, 0x00000000efc00000, 0x0000000100000000)
  eden space 29184K, 100% used [0x00000000eb900000,0x00000000ed580000,0x00000000ed580000)
  from space 5120K, 49% used [0x00000000ed580000,0x00000000ed7f9830,0x00000000eda80000)
  to   space 5120K, 0% used [0x00000000ef700000,0x00000000ef700000,0x00000000efc00000)
 ParOldGen       total 42496K, used 6971K [0x00000000c2a00000, 0x00000000c5380000, 0x00000000eb900000)
  object space 42496K, 16% used [0x00000000c2a00000,0x00000000c30ced80,0x00000000c5380000)
 Metaspace       used 13727K, capacity 14096K, committed 14336K, reserved 1062912K
  class space    used 1597K, capacity 1710K, committed 1792K, reserved 1048576K
Event: 43.993 GC heap after
Heap after GC invocations=9 (full 1):
 PSYoungGen      total 63488K, used 672K [0x00000000eb900000, 0x00000000efc00000, 0x0000000100000000)
  eden space 58368K, 0% used [0x00000000eb900000,0x00000000eb900000,0x00000000ef200000)
  from space 5120K, 13% used [0x00000000ef700000,0x00000000ef7a8000,0x00000000efc00000)
  to   space 5120K, 0% used [0x00000000ef200000,0x00000000ef200000,0x00000000ef700000)
 ParOldGen       total 42496K, used 8900K [0x00000000c2a00000, 0x00000000c5380000, 0x00000000eb900000)
  object space 42496K, 20% used [0x00000000c2a00000,0x00000000c32b1028,0x00000000c5380000)
 Metaspace       used 13727K, capacity 14096K, committed 14336K, reserved 1062912K
  class space    used 1597K, capacity 1710K, committed 1792K, reserved 1048576K
}
Event: 44.631 GC heap before
{Heap before GC invocations=10 (full 1):
 PSYoungGen      total 63488K, used 59040K [0x00000000eb900000, 0x00000000efc00000, 0x0000000100000000)
  eden space 58368K, 100% used [0x00000000eb900000,0x00000000ef200000,0x00000000ef200000)
  from space 5120K, 13% used [0x00000000ef700000,0x00000000ef7a8000,0x00000000efc00000)
  to   space 5120K, 0% used [0x00000000ef200000,0x00000000ef200000,0x00000000ef700000)
 ParOldGen       total 42496K, used 8900K [0x00000000c2a00000, 0x00000000c5380000, 0x00000000eb900000)
  object space 42496K, 20% used [0x00000000c2a00000,0x00000000c32b1028,0x00000000c5380000)
 Metaspace       used 13730K, capacity 14096K, committed 14336K, reserved 1062912K
  class space    used 1597K, capacity 1710K, committed 1792K, reserved 1048576K

