# JRE version: Java(TM) SE Runtime Environment (8.0_201-b09) (build 1.8.0_201-b09)
# Java VM: Java HotSpot(TM) 64-Bit Server VM (25.201-b09 mixed mode linux-amd64 compressed oops)
Heap:
 PSYoungGen      total 120832K, used 9200K [0x00000000eb900000, 0x00000000f5c00000, 0x0000000100000000)
  eden space 111616K, 0% used [0x00000000eb900000,0x00000000eb900000,0x00000000f2600000)
  from space 9216K, 99% used [0x00000000f5300000,0x00000000f5bfc030,0x00000000f5c00000)
  to   space 9728K, 0% used [0x00000000f2600000,0x00000000f2600000,0x00000000f2f80000)
 ParOldGen       total 42496K, used 30434K [0x00000000c2a00000, 0x00000000c5380000, 0x00000000eb900000)
  object space 42496K, 71% used [0x00000000c2a00000,0x00000000c47b8988,0x00000000c5380000)
 Metaspace       used 15012K, capacity 15550K, committed 15616K, reserved 1062912K
  class space    used 1641K, capacity 1781K, committed 1792K, reserved 1048576K
GC Heap History (10 events):
Event: 35.286 GC heap after
Heap after GC invocations=8 (full 1):
 PSYoungGen      total 34304K, used 4576K [0x00000000eb900000, 0x00000000efc00000, 0x0000000100000000)
  eden space 29184K, 0% used [0x00000000eb900000,0x00000000eb900000,0x00000000ed580000)
  from space 5120K, 89% used [0x00000000ed580000,0x00000000ed9f80a0,0x00000000eda80000)
  to   space 5120K, 0% used [0x00000000ef700000,0x00000000ef700000,0x00000000efc00000)
 ParOldGen       total 42496K, used 10474K [0x00000000c2a00000, 0x00000000c5380000, 0x00000000eb900000)
  object space 42496K, 24% used [0x00000000c2a00000,0x00000000c343aa68,0x00000000c5380000)
 Metaspace       used 13854K, capacity 14176K, committed 14336K, reserved 1062912K
  class space    used 1584K, capacity 1702K, committed 1792K, reserved 1048576K
}
Event: 35.718 GC heap before
{Heap before GC invocations=9 (full 1):
 PSYoungGen      total 34304K, used 33760K [0x00000000eb900000, 0x00000000efc00000, 0x0000000100000000)
  eden space 29184K, 100% used [0x00000000eb900000,0x00000000ed580000,0x00000000ed580000)
  from space 5120K, 89% used [0x00000000ed580000,0x00000000ed9f80a0,0x00000000eda80000)
  to   space 5120K, 0% used [0x00000000ef700000,0x00000000ef700000,0x00000000efc00000)
 ParOldGen       total 42496K, used 10474K [0x00000000c2a00000, 0x00000000c5380000, 0x00000000eb900000)
  object space 42496K, 24% used [0x00000000c2a00000,0x00000000c343aa68,0x00000000c5380000)
 Metaspace       used 13873K, capacity 14240K, committed 14336K, reserved 1062912K
  class space    used 1584K, capacity 1702K, committed 1792K, reserved 1048576K
Event: 35.740 GC heap after
Heap after GC invocations=9 (full 1):
 PSYoungGen      total 62976K, used 5112K [0x00000000eb900000, 0x00000000efd00000, 0x0000000100000000)
  eden space 57856K, 0% used [0x00000000eb900000,0x00000000eb900000,0x00000000ef180000)
  from space 5120K, 99% used [0x00000000ef700000,0x00000000efbfe248,0x00000000efc00000)
  to   space 5632K, 0% used [0x00000000ef180000,0x00000000ef180000,0x00000000ef700000)
 ParOldGen       total 42496K, used 12102K [0x00000000c2a00000, 0x00000000c5380000, 0x00000000eb900000)
  object space 42496K, 28% used [0x00000000c2a00000,0x00000000c35d1a98,0x00000000c5380000)
 Metaspace       used 13873K, capacity 14240K, committed 14336K, reserved 1062912K
  class space    used 1584K, capacity 1702K, committed 1792K, reserved 1048576K
}
Event: 36.809 GC heap before
{Heap before GC invocations=10 (full 1):
 PSYoungGen      total 62976K, used 62968K [0x00000000eb900000, 0x00000000efd00000, 0x0000000100000000)
  eden space 57856K, 100% used [0x00000000eb900000,0x00000000ef180000,0x00000000ef180000)
  from space 5120K, 99% used [0x00000000ef700000,0x00000000efbfe248,0x00000000efc00000)
  to   space 5632K, 0% used [0x00000000ef180000,0x00000000ef180000,0x00000000ef700000)
 ParOldGen       total 42496K, used 12102K [0x00000000c2a00000, 0x00000000c5380000, 0x00000000eb900000)
  object space 42496K, 28% used [0x00000000c2a00000,0x00000000c35d1a98,0x00000000c5380000)
 Metaspace       used 13901K, capacity 14304K, committed 14592K, reserved 1062912K
  class space    used 1584K, capacity 1702K, committed 1792K, reserved 1048576K
Event: 36.849 GC heap after
Heap after GC invocations=10 (full 1):
 PSYoungGen      total 63488K, used 5632K [0x00000000eb900000, 0x00000000f3900000, 0x0000000100000000)
  eden space 57856K, 0% used [0x00000000eb900000,0x00000000eb900000,0x00000000ef180000)
  from space 5632K, 100% used [0x00000000ef180000,0x00000000ef700000,0x00000000ef700000)
  to   space 7680K, 0% used [0x00000000f3180000,0x00000000f3180000,0x00000000f3900000)
 ParOldGen       total 42496K, used 16019K [0x00000000c2a00000, 0x00000000c5380000, 0x00000000eb900000)
  object space 42496K, 37% used [0x00000000c2a00000,0x00000000c39a4e00,0x00000000c5380000)
 Metaspace       used 13901K, capacity 14304K, committed 14592K, reserved 1062912K
  class space    used 1584K, capacity 1702K, committed 1792K, reserved 1048576K
}
Event: 45.092 GC heap before
{Heap before GC invocations=11 (full 1):
 PSYoungGen      total 63488K, used 63488K [0x00000000eb900000, 0x00000000f3900000, 0x0000000100000000)
  eden space 57856K, 100% used [0x00000000eb900000,0x00000000ef180000,0x00000000ef180000)
  from space 5632K, 100% used [0x00000000ef180000,0x00000000ef700000,0x00000000ef700000)
  to   space 7680K, 0% used [0x00000000f3180000,0x00000000f3180000,0x00000000f3900000)
 ParOldGen       total 42496K, used 16019K [0x00000000c2a00000, 0x00000000c5380000, 0x00000000eb900000)
  object space 42496K, 37% used [0x00000000c2a00000,0x00000000c39a4e00,0x00000000c5380000)
 Metaspace       used 14920K, capacity 15374K, committed 15616K, reserved 1062912K
  class space    used 1635K, capacity 1775K, committed 1792K, reserved 1048576K
Event: 45.121 GC heap after
Heap after GC invocations=11 (full 1):
 PSYoungGen      total 100352K, used 7672K [0x00000000eb900000, 0x00000000f3900000, 0x0000000100000000)
  eden space 92672K, 0% used [0x00000000eb900000,0x00000000eb900000,0x00000000f1380000)
  from space 7680K, 99% used [0x00000000f3180000,0x00000000f38fe020,0x00000000f3900000)
  to   space 9728K, 0% used [0x00000000f2600000,0x00000000f2600000,0x00000000f2f80000)
 ParOldGen       total 42496K, used 19012K [0x00000000c2a00000, 0x00000000c5380000, 0x00000000eb900000)
  object space 42496K, 44% used [0x00000000c2a00000,0x00000000c3c91058,0x00000000c5380000)
 Metaspace       used 14920K, capacity 15374K, committed 15616K, reserved 1062912K
  class space    used 1635K, capacity 1775K, committed 1792K, reserved 1048576K
}
Event: 71.633 GC heap before
{Heap before GC invocations=12 (full 1):
 PSYoungGen      total 100352K, used 100344K [0x00000000eb900000, 0x00000000f3900000, 0x0000000100000000)
  eden space 92672K, 100% used [0x00000000eb900000,0x00000000f1380000,0x00000000f1380000)
  from space 7680K, 99% used [0x00000000f3180000,0x00000000f38fe020,0x00000000f3900000)
  to   space 9728K, 0% used [0x00000000f2600000,0x00000000f2600000,0x00000000f2f80000)
 ParOldGen       total 42496K, used 19012K [0x00000000c2a00000, 0x00000000c5380000, 0x00000000eb900000)
  object space 42496K, 44% used [0x00000000c2a00000,0x00000000c3c91058,0x00000000c5380000)
 Metaspace       used 14998K, capacity 15478K, committed 15616K, reserved 1062912K
  class space    used 1641K, capacity 1781K, committed 1792K, reserved 1048576K
Event: 71.670 GC heap after
Heap after GC invocations=12 (full 1):
 PSYoungGen      total 121344K, used 4760K [0x00000000eb900000, 0x00000000f5c00000, 0x0000000100000000)
  eden space 111616K, 0% used [0x00000000eb900000,0x00000000eb900000,0x00000000f2600000)
  from space 9728K, 48% used [0x00000000f2600000,0x00000000f2aa6020,0x00000000f2f80000)
  to   space 9216K, 0% used [0x00000000f5300000,0x00000000f5300000,0x00000000f5c00000)
 ParOldGen       total 42496K, used 23320K [0x00000000c2a00000, 0x00000000c5380000, 0x00000000eb900000)
  object space 42496K, 54% used [0x00000000c2a00000,0x00000000c40c60e8,0x00000000c5380000)
 Metaspace       used 14998K, capacity 15478K, committed 15616K, reserved 1062912K
  class space    used 1641K, capacity 1781K, committed 1792K, reserved 1048576K
}
Event: 84.944 GC heap before
{Heap before GC invocations=13 (full 1):
 PSYoungGen      total 121344K, used 116376K [0x00000000eb900000, 0x00000000f5c00000, 0x0000000100000000)
  eden space 111616K, 100% used [0x00000000eb900000,0x00000000f2600000,0x00000000f2600000)
  from space 9728K, 48% used [0x00000000f2600000,0x00000000f2aa6020,0x00000000f2f80000)
  to   space 9216K, 0% used [0x00000000f5300000,0x00000000f5300000,0x00000000f5c00000)
 ParOldGen       total 42496K, used 23320K [0x00000000c2a00000, 0x00000000c5380000, 0x00000000eb900000)
  object space 42496K, 54% used [0x00000000c2a00000,0x00000000c40c60e8,0x00000000c5380000)
 Metaspace       used 15012K, capacity 15550K, committed 15616K, reserved 1062912K
  class space    used 1641K, capacity 1781K, committed 1792K, reserved 1048576K

