# JRE version: Java(TM) SE Runtime Environment (8.0_201-b09) (build 1.8.0_201-b09)
# Java VM: Java HotSpot(TM) 64-Bit Server VM (25.201-b09 mixed mode linux-amd64 compressed oops)
Heap:
 PSYoungGen      total 64000K, used 4128K [0x00000000eb900000, 0x00000000efe00000, 0x0000000100000000)
  eden space 58368K, 0% used [0x00000000eb900000,0x00000000eb900000,0x00000000ef200000)
  from space 5632K, 73% used [0x00000000ef200000,0x00000000ef608000,0x00000000ef780000)
  to   space 4608K, 0% used [0x00000000ef780000,0x00000000ef780000,0x00000000efc00000)
 ParOldGen       total 42496K, used 8337K [0x00000000c2a00000, 0x00000000c5380000, 0x00000000eb900000)
  object space 42496K, 19% used [0x00000000c2a00000,0x00000000c3224710,0x00000000c5380000)
 Metaspace       used 14010K, capacity 14384K, committed 14592K, reserved 1062912K
  class space    used 1599K, capacity 1746K, committed 1792K, reserved 1048576K
GC Heap History (10 events):
Event: 44.822 GC heap after
Heap after GC invocations=5 (full 1):
 PSYoungGen      total 18432K, used 2540K [0x00000000eb900000, 0x00000000ecd80000, 0x0000000100000000)
  eden space 15872K, 0% used [0x00000000eb900000,0x00000000eb900000,0x00000000ec880000)
  from space 2560K, 99% used [0x00000000ecb00000,0x00000000ecd7b180,0x00000000ecd80000)
  to   space 2560K, 0% used [0x00000000ec880000,0x00000000ec880000,0x00000000ecb00000)
 ParOldGen       total 42496K, used 4730K [0x00000000c2a00000, 0x00000000c5380000, 0x00000000eb900000)
  object space 42496K, 11% used [0x00000000c2a00000,0x00000000c2e9e880,0x00000000c5380000)
 Metaspace       used 13819K, capacity 14256K, committed 14592K, reserved 1062912K
  class space    used 1599K, capacity 1746K, committed 1792K, reserved 1048576K
}
Event: 45.401 GC heap before
{Heap before GC invocations=6 (full 1):
 PSYoungGen      total 18432K, used 18412K [0x00000000eb900000, 0x00000000ecd80000, 0x0000000100000000)
  eden space 15872K, 100% used [0x00000000eb900000,0x00000000ec880000,0x00000000ec880000)
  from space 2560K, 99% used [0x00000000ecb00000,0x00000000ecd7b180,0x00000000ecd80000)
  to   space 2560K, 0% used [0x00000000ec880000,0x00000000ec880000,0x00000000ecb00000)
 ParOldGen       total 42496K, used 4730K [0x00000000c2a00000, 0x00000000c5380000, 0x00000000eb900000)
  object space 42496K, 11% used [0x00000000c2a00000,0x00000000c2e9e880,0x00000000c5380000)
 Metaspace       used 13898K, capacity 14320K, committed 14592K, reserved 1062912K
  class space    used 1599K, capacity 1746K, committed 1792K, reserved 1048576K
Event: 45.437 GC heap after
Heap after GC invocations=6 (full 1):
 PSYoungGen      total 18432K, used 2528K [0x00000000eb900000, 0x00000000edd00000, 0x0000000100000000)
  eden space 15872K, 0% used [0x00000000eb900000,0x00000000eb900000,0x00000000ec880000)
  from space 2560K, 98% used [0x00000000ec880000,0x00000000ecaf8170,0x00000000ecb00000)
  to   space 2560K, 0% used [0x00000000eda80000,0x00000000eda80000,0x00000000edd00000)
 ParOldGen       total 42496K, used 5507K [0x00000000c2a00000, 0x00000000c5380000, 0x00000000eb900000)
  object space 42496K, 12% used [0x00000000c2a00000,0x00000000c2f60eb8,0x00000000c5380000)
 Metaspace       used 13898K, capacity 14320K, committed 14592K, reserved 1062912K
  class space    used 1599K, capacity 1746K, committed 1792K, reserved 1048576K
}
Event: 45.893 GC heap before
{Heap before GC invocations=7 (full 1):
 PSYoungGen      total 18432K, used 18400K [0x00000000eb900000, 0x00000000edd00000, 0x0000000100000000)
  eden space 15872K, 100% used [0x00000000eb900000,0x00000000ec880000,0x00000000ec880000)
  from space 2560K, 98% used [0x00000000ec880000,0x00000000ecaf8170,0x00000000ecb00000)
  to   space 2560K, 0% used [0x00000000eda80000,0x00000000eda80000,0x00000000edd00000)
 ParOldGen       total 42496K, used 5507K [0x00000000c2a00000, 0x00000000c5380000, 0x00000000eb900000)
  object space 42496K, 12% used [0x00000000c2a00000,0x00000000c2f60eb8,0x00000000c5380000)
 Metaspace       used 13916K, capacity 14320K, committed 14592K, reserved 1062912K
  class space    used 1599K, capacity 1746K, committed 1792K, reserved 1048576K
Event: 45.908 GC heap after
Heap after GC invocations=7 (full 1):
 PSYoungGen      total 32256K, used 2548K [0x00000000eb900000, 0x00000000ee100000, 0x0000000100000000)
  eden space 29696K, 0% used [0x00000000eb900000,0x00000000eb900000,0x00000000ed600000)
  from space 2560K, 99% used [0x00000000eda80000,0x00000000edcfd140,0x00000000edd00000)
  to   space 4608K, 0% used [0x00000000ed600000,0x00000000ed600000,0x00000000eda80000)
 ParOldGen       total 42496K, used 6063K [0x00000000c2a00000, 0x00000000c5380000, 0x00000000eb900000)
  object space 42496K, 14% used [0x00000000c2a00000,0x00000000c2febfe8,0x00000000c5380000)
 Metaspace       used 13916K, capacity 14320K, committed 14592K, reserved 1062912K
  class space    used 1599K, capacity 1746K, committed 1792K, reserved 1048576K
}
Event: 46.435 GC heap before
{Heap before GC invocations=8 (full 1):
 PSYoungGen      total 32256K, used 32244K [0x00000000eb900000, 0x00000000ee100000, 0x0000000100000000)
  eden space 29696K, 100% used [0x00000000eb900000,0x00000000ed600000,0x00000000ed600000)
  from space 2560K, 99% used [0x00000000eda80000,0x00000000edcfd140,0x00000000edd00000)
  to   space 4608K, 0% used [0x00000000ed600000,0x00000000ed600000,0x00000000eda80000)
 ParOldGen       total 42496K, used 6063K [0x00000000c2a00000, 0x00000000c5380000, 0x00000000eb900000)
  object space 42496K, 14% used [0x00000000c2a00000,0x00000000c2febfe8,0x00000000c5380000)
 Metaspace       used 13968K, capacity 14384K, committed 14592K, reserved 1062912K
  class space    used 1599K, capacity 1746K, committed 1792K, reserved 1048576K
Event: 46.471 GC heap after
Heap after GC invocations=8 (full 1):
 PSYoungGen      total 34304K, used 4112K [0x00000000eb900000, 0x00000000efc00000, 0x0000000100000000)
  eden space 29696K, 0% used [0x00000000eb900000,0x00000000eb900000,0x00000000ed600000)
  from space 4608K, 89% used [0x00000000ed600000,0x00000000eda04050,0x00000000eda80000)
  to   space 4608K, 0% used [0x00000000ef780000,0x00000000ef780000,0x00000000efc00000)
 ParOldGen       total 42496K, used 6063K [0x00000000c2a00000, 0x00000000c5380000, 0x00000000eb900000)
  object space 42496K, 14% used [0x00000000c2a00000,0x00000000c2febfe8,0x00000000c5380000)
 Metaspace       used 13968K, capacity 14384K, committed 14592K, reserved 1062912K
  class space    used 1599K, capacity 1746K, committed 1792K, reserved 1048576K
}
Event: 46.979 GC heap before
{Heap before GC invocations=9 (full 1):
 PSYoungGen      total 34304K, used 33808K [0x00000000eb900000, 0x00000000efc00000, 0x0000000100000000)
  eden space 29696K, 100% used [0x00000000eb900000,0x00000000ed600000,0x00000000ed600000)
  from space 4608K, 89% used [0x00000000ed600000,0x00000000eda04050,0x00000000eda80000)
  to   space 4608K, 0% used [0x00000000ef780000,0x00000000ef780000,0x00000000efc00000)
 ParOldGen       total 42496K, used 6063K [0x00000000c2a00000, 0x00000000c5380000, 0x00000000eb900000)
  object space 42496K, 14% used [0x00000000c2a00000,0x00000000c2febfe8,0x00000000c5380000)
 Metaspace       used 13984K, capacity 14384K, committed 14592K, reserved 1062912K
  class space    used 1599K, capacity 1746K, committed 1792K, reserved 1048576K
Event: 46.997 GC heap after
Heap after GC invocations=9 (full 1):
 PSYoungGen      total 62976K, used 4608K [0x00000000eb900000, 0x00000000efe00000, 0x0000000100000000)
  eden space 58368K, 0% used [0x00000000eb900000,0x00000000eb900000,0x00000000ef200000)
  from space 4608K, 100% used [0x00000000ef780000,0x00000000efc00000,0x00000000efc00000)
  to   space 5632K, 0% used [0x00000000ef200000,0x00000000ef200000,0x00000000ef780000)
 ParOldGen       total 42496K, used 7364K [0x00000000c2a00000, 0x00000000c5380000, 0x00000000eb900000)
  object space 42496K, 17% used [0x00000000c2a00000,0x00000000c31311e8,0x00000000c5380000)
 Metaspace       used 13984K, capacity 14384K, committed 14592K, reserved 1062912K
  class space    used 1599K, capacity 1746K, committed 1792K, reserved 1048576K
}
Event: 47.880 GC heap before
{Heap before GC invocations=10 (full 1):
 PSYoungGen      total 62976K, used 62976K [0x00000000eb900000, 0x00000000efe00000, 0x0000000100000000)
  eden space 58368K, 100% used [0x00000000eb900000,0x00000000ef200000,0x00000000ef200000)
  from space 4608K, 100% used [0x00000000ef780000,0x00000000efc00000,0x00000000efc00000)
  to   space 5632K, 0% used [0x00000000ef200000,0x00000000ef200000,0x00000000ef780000)
 ParOldGen       total 42496K, used 7364K [0x00000000c2a00000, 0x00000000c5380000, 0x00000000eb900000)
  object space 42496K, 17% used [0x00000000c2a00000,0x00000000c31311e8,0x00000000c5380000)
 Metaspace       used 14010K, capacity 14384K, committed 14592K, reserved 1062912K
  class space    used 1599K, capacity 1746K, committed 1792K, reserved 1048576K

