# JRE version: Java(TM) SE Runtime Environment (8.0_201-b09) (build 1.8.0_201-b09)
# Java VM: Java HotSpot(TM) 64-Bit Server VM (25.201-b09 mixed mode linux-amd64 compressed oops)
Heap:
 PSYoungGen      total 66048K, used 6132K [0x00000000eb900000, 0x00000000f0300000, 0x0000000100000000)
  eden space 59904K, 0% used [0x00000000eb900000,0x00000000eb900000,0x00000000ef380000)
  from space 6144K, 99% used [0x00000000ef380000,0x00000000ef97d1e0,0x00000000ef980000)
  to   space 2560K, 0% used [0x00000000ef980000,0x00000000ef980000,0x00000000efc00000)
 ParOldGen       total 42496K, used 14234K [0x00000000c2a00000, 0x00000000c5380000, 0x00000000eb900000)
  object space 42496K, 33% used [0x00000000c2a00000,0x00000000c37e6900,0x00000000c5380000)
 Metaspace       used 14710K, capacity 15122K, committed 15360K, reserved 1062912K
  class space    used 1646K, capacity 1763K, committed 1792K, reserved 1048576K
GC Heap History (10 events):
Event: 2.517 GC heap after
Heap after GC invocations=3 (full 0):
 PSYoungGen      total 18432K, used 2560K [0x00000000eb900000, 0x00000000edd00000, 0x0000000100000000)
  eden space 15872K, 0% used [0x00000000eb900000,0x00000000eb900000,0x00000000ec880000)
  from space 2560K, 100% used [0x00000000ec880000,0x00000000ecb00000,0x00000000ecb00000)
  to   space 2560K, 0% used [0x00000000eda80000,0x00000000eda80000,0x00000000edd00000)
 ParOldGen       total 42496K, used 7464K [0x00000000c2a00000, 0x00000000c5380000, 0x00000000eb900000)
  object space 42496K, 17% used [0x00000000c2a00000,0x00000000c314a0c0,0x00000000c5380000)
 Metaspace       used 8316K, capacity 8422K, committed 8448K, reserved 1056768K
  class space    used 996K, capacity 1012K, committed 1024K, reserved 1048576K
}
Event: 2.899 GC heap before
{Heap before GC invocations=4 (full 0):
 PSYoungGen      total 18432K, used 16534K [0x00000000eb900000, 0x00000000edd00000, 0x0000000100000000)
  eden space 15872K, 88% used [0x00000000eb900000,0x00000000ec6a5ac0,0x00000000ec880000)
  from space 2560K, 100% used [0x00000000ec880000,0x00000000ecb00000,0x00000000ecb00000)
  to   space 2560K, 0% used [0x00000000eda80000,0x00000000eda80000,0x00000000edd00000)
 ParOldGen       total 42496K, used 7464K [0x00000000c2a00000, 0x00000000c5380000, 0x00000000eb900000)
  object space 42496K, 17% used [0x00000000c2a00000,0x00000000c314a0c0,0x00000000c5380000)
 Metaspace       used 10259K, capacity 10412K, committed 10624K, reserved 1058816K
  class space    used 1235K, capacity 1319K, committed 1408K, reserved 1048576K
Event: 2.926 GC heap after
Heap after GC invocations=4 (full 0):
 PSYoungGen      total 34304K, used 2560K [0x00000000eb900000, 0x00000000edd00000, 0x0000000100000000)
  eden space 31744K, 0% used [0x00000000eb900000,0x00000000eb900000,0x00000000ed800000)
  from space 2560K, 100% used [0x00000000eda80000,0x00000000edd00000,0x00000000edd00000)
  to   space 2560K, 0% used [0x00000000ed800000,0x00000000ed800000,0x00000000eda80000)
 ParOldGen       total 42496K, used 9860K [0x00000000c2a00000, 0x00000000c5380000, 0x00000000eb900000)
  object space 42496K, 23% used [0x00000000c2a00000,0x00000000c33a13c8,0x00000000c5380000)
 Metaspace       used 10259K, capacity 10412K, committed 10624K, reserved 1058816K
  class space    used 1235K, capacity 1319K, committed 1408K, reserved 1048576K
}
Event: 2.926 GC heap before
{Heap before GC invocations=5 (full 1):
 PSYoungGen      total 34304K, used 2560K [0x00000000eb900000, 0x00000000edd00000, 0x0000000100000000)
  eden space 31744K, 0% used [0x00000000eb900000,0x00000000eb900000,0x00000000ed800000)
  from space 2560K, 100% used [0x00000000eda80000,0x00000000edd00000,0x00000000edd00000)
  to   space 2560K, 0% used [0x00000000ed800000,0x00000000ed800000,0x00000000eda80000)
 ParOldGen       total 42496K, used 9860K [0x00000000c2a00000, 0x00000000c5380000, 0x00000000eb900000)
  object space 42496K, 23% used [0x00000000c2a00000,0x00000000c33a13c8,0x00000000c5380000)
 Metaspace       used 10259K, capacity 10412K, committed 10624K, reserved 1058816K
  class space    used 1235K, capacity 1319K, committed 1408K, reserved 1048576K
Event: 3.065 GC heap after
Heap after GC invocations=5 (full 1):
 PSYoungGen      total 34304K, used 0K [0x00000000eb900000, 0x00000000edd00000, 0x0000000100000000)
  eden space 31744K, 0% used [0x00000000eb900000,0x00000000eb900000,0x00000000ed800000)
  from space 2560K, 0% used [0x00000000eda80000,0x00000000eda80000,0x00000000edd00000)
  to   space 2560K, 0% used [0x00000000ed800000,0x00000000ed800000,0x00000000eda80000)
 ParOldGen       total 42496K, used 10865K [0x00000000c2a00000, 0x00000000c5380000, 0x00000000eb900000)
  object space 42496K, 25% used [0x00000000c2a00000,0x00000000c349c6c0,0x00000000c5380000)
 Metaspace       used 10251K, capacity 10402K, committed 10624K, reserved 1058816K
  class space    used 1234K, capacity 1317K, committed 1408K, reserved 1048576K
}
Event: 55.504 GC heap before
{Heap before GC invocations=6 (full 1):
 PSYoungGen      total 34304K, used 31744K [0x00000000eb900000, 0x00000000edd00000, 0x0000000100000000)
  eden space 31744K, 100% used [0x00000000eb900000,0x00000000ed800000,0x00000000ed800000)
  from space 2560K, 0% used [0x00000000eda80000,0x00000000eda80000,0x00000000edd00000)
  to   space 2560K, 0% used [0x00000000ed800000,0x00000000ed800000,0x00000000eda80000)
 ParOldGen       total 42496K, used 10865K [0x00000000c2a00000, 0x00000000c5380000, 0x00000000eb900000)
  object space 42496K, 25% used [0x00000000c2a00000,0x00000000c349c6c0,0x00000000c5380000)
 Metaspace       used 13659K, capacity 14030K, committed 14336K, reserved 1062912K
  class space    used 1573K, capacity 1672K, committed 1792K, reserved 1048576K
Event: 55.616 GC heap after
Heap after GC invocations=6 (full 1):
 PSYoungGen      total 34304K, used 2536K [0x00000000eb900000, 0x00000000efc00000, 0x0000000100000000)
  eden space 31744K, 0% used [0x00000000eb900000,0x00000000eb900000,0x00000000ed800000)
  from space 2560K, 99% used [0x00000000ed800000,0x00000000eda7a030,0x00000000eda80000)
  to   space 2560K, 0% used [0x00000000ef980000,0x00000000ef980000,0x00000000efc00000)
 ParOldGen       total 42496K, used 12733K [0x00000000c2a00000, 0x00000000c5380000, 0x00000000eb900000)
  object space 42496K, 29% used [0x00000000c2a00000,0x00000000c366f6e0,0x00000000c5380000)
 Metaspace       used 13659K, capacity 14030K, committed 14336K, reserved 1062912K
  class space    used 1573K, capacity 1672K, committed 1792K, reserved 1048576K
}
Event: 56.439 GC heap before
{Heap before GC invocations=7 (full 1):
 PSYoungGen      total 34304K, used 34280K [0x00000000eb900000, 0x00000000efc00000, 0x0000000100000000)
  eden space 31744K, 100% used [0x00000000eb900000,0x00000000ed800000,0x00000000ed800000)
  from space 2560K, 99% used [0x00000000ed800000,0x00000000eda7a030,0x00000000eda80000)
  to   space 2560K, 0% used [0x00000000ef980000,0x00000000ef980000,0x00000000efc00000)
 ParOldGen       total 42496K, used 12733K [0x00000000c2a00000, 0x00000000c5380000, 0x00000000eb900000)
  object space 42496K, 29% used [0x00000000c2a00000,0x00000000c366f6e0,0x00000000c5380000)
 Metaspace       used 13754K, capacity 14158K, committed 14336K, reserved 1062912K
  class space    used 1573K, capacity 1672K, committed 1792K, reserved 1048576K
Event: 56.459 GC heap after
Heap after GC invocations=7 (full 1):
 PSYoungGen      total 62464K, used 2544K [0x00000000eb900000, 0x00000000f0300000, 0x0000000100000000)
  eden space 59904K, 0% used [0x00000000eb900000,0x00000000eb900000,0x00000000ef380000)
  from space 2560K, 99% used [0x00000000ef980000,0x00000000efbfc030,0x00000000efc00000)
  to   space 6144K, 0% used [0x00000000ef380000,0x00000000ef380000,0x00000000ef980000)
 ParOldGen       total 42496K, used 14053K [0x00000000c2a00000, 0x00000000c5380000, 0x00000000eb900000)
  object space 42496K, 33% used [0x00000000c2a00000,0x00000000c37b95f0,0x00000000c5380000)
 Metaspace       used 13754K, capacity 14158K, committed 14336K, reserved 1062912K
  class space    used 1573K, capacity 1672K, committed 1792K, reserved 1048576K
}
Event: 59.248 GC heap before
{Heap before GC invocations=8 (full 1):
 PSYoungGen      total 62464K, used 62448K [0x00000000eb900000, 0x00000000f0300000, 0x0000000100000000)
  eden space 59904K, 100% used [0x00000000eb900000,0x00000000ef380000,0x00000000ef380000)
  from space 2560K, 99% used [0x00000000ef980000,0x00000000efbfc030,0x00000000efc00000)
  to   space 6144K, 0% used [0x00000000ef380000,0x00000000ef380000,0x00000000ef980000)
 ParOldGen       total 42496K, used 14053K [0x00000000c2a00000, 0x00000000c5380000, 0x00000000eb900000)
  object space 42496K, 33% used [0x00000000c2a00000,0x00000000c37b95f0,0x00000000c5380000)
 Metaspace       used 14710K, capacity 15122K, committed 15360K, reserved 1062912K
  class space    used 1646K, capacity 1763K, committed 1792K, reserved 1048576K

