# JRE version: Java(TM) SE Runtime Environment (8.0_201-b09) (build 1.8.0_201-b09)
# Java VM: Java HotSpot(TM) 64-Bit Server VM (25.201-b09 mixed mode linux-amd64 compressed oops)
Heap:
 PSYoungGen      total 201216K, used 0K [0x00000000eb900000, 0x00000000fb600000, 0x0000000100000000)
  eden space 190464K, 0% used [0x00000000eb900000,0x00000000eb900000,0x00000000f7300000)
  from space 10752K, 0% used [0x00000000fab80000,0x00000000fab80000,0x00000000fb600000)
  to   space 17408K, 0% used [0x00000000f9400000,0x00000000f9400000,0x00000000fa500000)
 ParOldGen       total 74752K, used 71441K [0x00000000c2a00000, 0x00000000c7300000, 0x00000000eb900000)
  object space 74752K, 95% used [0x00000000c2a00000,0x00000000c6fc4778,0x00000000c7300000)
 Metaspace       used 15110K, capacity 15626K, committed 15872K, reserved 1062912K
  class space    used 1644K, capacity 1783K, committed 1792K, reserved 1048576K
GC Heap History (10 events):
Event: 37.089 GC heap after
Heap after GC invocations=8 (full 1):
 PSYoungGen      total 66048K, used 5104K [0x00000000eb900000, 0x00000000f3d00000, 0x0000000100000000)
  eden space 60928K, 0% used [0x00000000eb900000,0x00000000eb900000,0x00000000ef480000)
  from space 5120K, 99% used [0x00000000ef480000,0x00000000ef97c0b0,0x00000000ef980000)
  to   space 6656K, 0% used [0x00000000f3680000,0x00000000f3680000,0x00000000f3d00000)
 ParOldGen       total 42496K, used 14601K [0x00000000c2a00000, 0x00000000c5380000, 0x00000000eb900000)
  object space 42496K, 34% used [0x00000000c2a00000,0x00000000c38427f0,0x00000000c5380000)
 Metaspace       used 13922K, capacity 14310K, committed 14592K, reserved 1062912K
  class space    used 1585K, capacity 1703K, committed 1792K, reserved 1048576K
}
Event: 38.666 GC heap before
{Heap before GC invocations=9 (full 1):
 PSYoungGen      total 66048K, used 66032K [0x00000000eb900000, 0x00000000f3d00000, 0x0000000100000000)
  eden space 60928K, 100% used [0x00000000eb900000,0x00000000ef480000,0x00000000ef480000)
  from space 5120K, 99% used [0x00000000ef480000,0x00000000ef97c0b0,0x00000000ef980000)
  to   space 6656K, 0% used [0x00000000f3680000,0x00000000f3680000,0x00000000f3d00000)
 ParOldGen       total 42496K, used 14601K [0x00000000c2a00000, 0x00000000c5380000, 0x00000000eb900000)
  object space 42496K, 34% used [0x00000000c2a00000,0x00000000c38427f0,0x00000000c5380000)
 Metaspace       used 14777K, capacity 15256K, committed 15360K, reserved 1062912K
  class space    used 1626K, capacity 1766K, committed 1792K, reserved 1048576K
Event: 38.695 GC heap after
Heap after GC invocations=9 (full 1):
 PSYoungGen      total 125440K, used 6628K [0x00000000eb900000, 0x00000000f4300000, 0x0000000100000000)
  eden space 118784K, 0% used [0x00000000eb900000,0x00000000eb900000,0x00000000f2d00000)
  from space 6656K, 99% used [0x00000000f3680000,0x00000000f3cf9288,0x00000000f3d00000)
  to   space 9728K, 0% used [0x00000000f2d00000,0x00000000f2d00000,0x00000000f3680000)
 ParOldGen       total 42496K, used 19677K [0x00000000c2a00000, 0x00000000c5380000, 0x00000000eb900000)
  object space 42496K, 46% used [0x00000000c2a00000,0x00000000c3d37710,0x00000000c5380000)
 Metaspace       used 14777K, capacity 15256K, committed 15360K, reserved 1062912K
  class space    used 1626K, capacity 1766K, committed 1792K, reserved 1048576K
}
Event: 69.611 GC heap before
{Heap before GC invocations=10 (full 1):
 PSYoungGen      total 125440K, used 125412K [0x00000000eb900000, 0x00000000f4300000, 0x0000000100000000)
  eden space 118784K, 100% used [0x00000000eb900000,0x00000000f2d00000,0x00000000f2d00000)
  from space 6656K, 99% used [0x00000000f3680000,0x00000000f3cf9288,0x00000000f3d00000)
  to   space 9728K, 0% used [0x00000000f2d00000,0x00000000f2d00000,0x00000000f3680000)
 ParOldGen       total 42496K, used 19677K [0x00000000c2a00000, 0x00000000c5380000, 0x00000000eb900000)
  object space 42496K, 46% used [0x00000000c2a00000,0x00000000c3d37710,0x00000000c5380000)
 Metaspace       used 15003K, capacity 15472K, committed 15616K, reserved 1062912K
  class space    used 1641K, capacity 1780K, committed 1792K, reserved 1048576K
Event: 69.656 GC heap after
Heap after GC invocations=10 (full 1):
 PSYoungGen      total 128512K, used 9632K [0x00000000eb900000, 0x00000000fb600000, 0x0000000100000000)
  eden space 118784K, 0% used [0x00000000eb900000,0x00000000eb900000,0x00000000f2d00000)
  from space 9728K, 99% used [0x00000000f2d00000,0x00000000f36682c8,0x00000000f3680000)
  to   space 10752K, 0% used [0x00000000fab80000,0x00000000fab80000,0x00000000fb600000)
 ParOldGen       total 42496K, used 19733K [0x00000000c2a00000, 0x00000000c5380000, 0x00000000eb900000)
  object space 42496K, 46% used [0x00000000c2a00000,0x00000000c3d45710,0x00000000c5380000)
 Metaspace       used 15003K, capacity 15472K, committed 15616K, reserved 1062912K
  class space    used 1641K, capacity 1780K, committed 1792K, reserved 1048576K
}
Event: 82.069 GC heap before
{Heap before GC invocations=11 (full 1):
 PSYoungGen      total 128512K, used 127727K [0x00000000eb900000, 0x00000000fb600000, 0x0000000100000000)
  eden space 118784K, 99% used [0x00000000eb900000,0x00000000f2c53bf0,0x00000000f2d00000)
  from space 9728K, 99% used [0x00000000f2d00000,0x00000000f36682c8,0x00000000f3680000)
  to   space 10752K, 0% used [0x00000000fab80000,0x00000000fab80000,0x00000000fb600000)
 ParOldGen       total 42496K, used 19733K [0x00000000c2a00000, 0x00000000c5380000, 0x00000000eb900000)
  object space 42496K, 46% used [0x00000000c2a00000,0x00000000c3d45710,0x00000000c5380000)
 Metaspace       used 15025K, capacity 15552K, committed 15616K, reserved 1062912K
  class space    used 1642K, capacity 1782K, committed 1792K, reserved 1048576K
Event: 82.128 GC heap after
Heap after GC invocations=11 (full 1):
 PSYoungGen      total 201216K, used 10740K [0x00000000eb900000, 0x00000000fb600000, 0x0000000100000000)
  eden space 190464K, 0% used [0x00000000eb900000,0x00000000eb900000,0x00000000f7300000)
  from space 10752K, 99% used [0x00000000fab80000,0x00000000fb5fd2c8,0x00000000fb600000)
  to   space 17408K, 0% used [0x00000000f9400000,0x00000000f9400000,0x00000000fa500000)
 ParOldGen       total 42496K, used 33809K [0x00000000c2a00000, 0x00000000c5380000, 0x00000000eb900000)
  object space 42496K, 79% used [0x00000000c2a00000,0x00000000c4b04780,0x00000000c5380000)
 Metaspace       used 15025K, capacity 15552K, committed 15616K, reserved 1062912K
  class space    used 1642K, capacity 1782K, committed 1792K, reserved 1048576K
}
Event: 132.192 GC heap before
{Heap before GC invocations=12 (full 1):
 PSYoungGen      total 201216K, used 201204K [0x00000000eb900000, 0x00000000fb600000, 0x0000000100000000)
  eden space 190464K, 100% used [0x00000000eb900000,0x00000000f7300000,0x00000000f7300000)
  from space 10752K, 99% used [0x00000000fab80000,0x00000000fb5fd2c8,0x00000000fb600000)
  to   space 17408K, 0% used [0x00000000f9400000,0x00000000f9400000,0x00000000fa500000)
 ParOldGen       total 42496K, used 33809K [0x00000000c2a00000, 0x00000000c5380000, 0x00000000eb900000)
  object space 42496K, 79% used [0x00000000c2a00000,0x00000000c4b04780,0x00000000c5380000)
 Metaspace       used 15110K, capacity 15626K, committed 15872K, reserved 1062912K
  class space    used 1644K, capacity 1783K, committed 1792K, reserved 1048576K
Event: 132.896 GC heap after
Heap after GC invocations=12 (full 1):
 PSYoungGen      total 201216K, used 201204K [0x00000000eb900000, 0x00000000fb600000, 0x0000000100000000)
  eden space 190464K, 100% used [0x00000000eb900000,0x00000000f7300000,0x00000000f7300000)
  from space 10752K, 99% used [0x00000000fab80000,0x00000000fb5fd2c8,0x00000000fb600000)
  to   space 17408K, 99% used [0x00000000f9400000,0x00000000fa4f8060,0x00000000fa500000)
 ParOldGen       total 74752K, used 74312K [0x00000000c2a00000, 0x00000000c7300000, 0x00000000eb900000)
  object space 74752K, 99% used [0x00000000c2a00000,0x00000000c7292048,0x00000000c7300000)
 Metaspace       used 15110K, capacity 15626K, committed 15872K, reserved 1062912K
  class space    used 1644K, capacity 1783K, committed 1792K, reserved 1048576K
}
Event: 132.896 GC heap before
{Heap before GC invocations=13 (full 2):
 PSYoungGen      total 201216K, used 201204K [0x00000000eb900000, 0x00000000fb600000, 0x0000000100000000)
  eden space 190464K, 100% used [0x00000000eb900000,0x00000000f7300000,0x00000000f7300000)
  from space 10752K, 99% used [0x00000000fab80000,0x00000000fb5fd2c8,0x00000000fb600000)
  to   space 17408K, 99% used [0x00000000f9400000,0x00000000fa4f8060,0x00000000fa500000)
 ParOldGen       total 74752K, used 74312K [0x00000000c2a00000, 0x00000000c7300000, 0x00000000eb900000)
  object space 74752K, 99% used [0x00000000c2a00000,0x00000000c7292048,0x00000000c7300000)
 Metaspace       used 15110K, capacity 15626K, committed 15872K, reserved 1062912K
  class space    used 1644K, capacity 1783K, committed 1792K, reserved 1048576K

