# JRE version: Java(TM) SE Runtime Environment (8.0_201-b09) (build 1.8.0_201-b09)
# Java VM: Java HotSpot(TM) 64-Bit Server VM (25.201-b09 mixed mode linux-amd64 compressed oops)
Heap:
 PSYoungGen      total 187904K, used 640K [0x00000000eb900000, 0x00000000f7580000, 0x0000000100000000)
  eden space 182784K, 0% used [0x00000000eb900000,0x00000000eb900000,0x00000000f6b80000)
  from space 5120K, 12% used [0x00000000f6b80000,0x00000000f6c20000,0x00000000f7080000)
  to   space 5120K, 0% used [0x00000000f7080000,0x00000000f7080000,0x00000000f7580000)
 ParOldGen       total 42496K, used 21588K [0x00000000c2a00000, 0x00000000c5380000, 0x00000000eb900000)
  object space 42496K, 50% used [0x00000000c2a00000,0x00000000c3f153b0,0x00000000c5380000)
 Metaspace       used 13923K, capacity 14272K, committed 14592K, reserved 1062912K
  class space    used 1589K, capacity 1707K, committed 1792K, reserved 1048576K
GC Heap History (10 events):
Event: 53.641 GC heap after
Heap after GC invocations=13 (full 1):
 PSYoungGen      total 75776K, used 1456K [0x00000000eb900000, 0x00000000f1700000, 0x0000000100000000)
  eden space 71168K, 0% used [0x00000000eb900000,0x00000000eb900000,0x00000000efe80000)
  from space 4608K, 31% used [0x00000000f0380000,0x00000000f04ec020,0x00000000f0800000)
  to   space 5120K, 0% used [0x00000000efe80000,0x00000000efe80000,0x00000000f0380000)
 ParOldGen       total 42496K, used 12686K [0x00000000c2a00000, 0x00000000c5380000, 0x00000000eb900000)
  object space 42496K, 29% used [0x00000000c2a00000,0x00000000c36638c0,0x00000000c5380000)
 Metaspace       used 13875K, capacity 14272K, committed 14592K, reserved 1062912K
  class space    used 1589K, capacity 1707K, committed 1792K, reserved 1048576K
}
Event: 54.880 GC heap before
{Heap before GC invocations=14 (full 1):
 PSYoungGen      total 75776K, used 72624K [0x00000000eb900000, 0x00000000f1700000, 0x0000000100000000)
  eden space 71168K, 100% used [0x00000000eb900000,0x00000000efe80000,0x00000000efe80000)
  from space 4608K, 31% used [0x00000000f0380000,0x00000000f04ec020,0x00000000f0800000)
  to   space 5120K, 0% used [0x00000000efe80000,0x00000000efe80000,0x00000000f0380000)
 ParOldGen       total 42496K, used 12686K [0x00000000c2a00000, 0x00000000c5380000, 0x00000000eb900000)
  object space 42496K, 29% used [0x00000000c2a00000,0x00000000c36638c0,0x00000000c5380000)
 Metaspace       used 13889K, capacity 14272K, committed 14592K, reserved 1062912K
  class space    used 1589K, capacity 1707K, committed 1792K, reserved 1048576K
Event: 54.896 GC heap after
Heap after GC invocations=14 (full 1):
 PSYoungGen      total 76288K, used 640K [0x00000000eb900000, 0x00000000f3280000, 0x0000000100000000)
  eden space 71168K, 0% used [0x00000000eb900000,0x00000000eb900000,0x00000000efe80000)
  from space 5120K, 12% used [0x00000000efe80000,0x00000000eff20000,0x00000000f0380000)
  to   space 5120K, 0% used [0x00000000f2d80000,0x00000000f2d80000,0x00000000f3280000)
 ParOldGen       total 42496K, used 14082K [0x00000000c2a00000, 0x00000000c5380000, 0x00000000eb900000)
  object space 42496K, 33% used [0x00000000c2a00000,0x00000000c37c08c8,0x00000000c5380000)
 Metaspace       used 13889K, capacity 14272K, committed 14592K, reserved 1062912K
  class space    used 1589K, capacity 1707K, committed 1792K, reserved 1048576K
}
Event: 56.160 GC heap before
{Heap before GC invocations=15 (full 1):
 PSYoungGen      total 76288K, used 71808K [0x00000000eb900000, 0x00000000f3280000, 0x0000000100000000)
  eden space 71168K, 100% used [0x00000000eb900000,0x00000000efe80000,0x00000000efe80000)
  from space 5120K, 12% used [0x00000000efe80000,0x00000000eff20000,0x00000000f0380000)
  to   space 5120K, 0% used [0x00000000f2d80000,0x00000000f2d80000,0x00000000f3280000)
 ParOldGen       total 42496K, used 14082K [0x00000000c2a00000, 0x00000000c5380000, 0x00000000eb900000)
  object space 42496K, 33% used [0x00000000c2a00000,0x00000000c37c08c8,0x00000000c5380000)
 Metaspace       used 13906K, capacity 14272K, committed 14592K, reserved 1062912K
  class space    used 1589K, capacity 1707K, committed 1792K, reserved 1048576K
Event: 56.176 GC heap after
Heap after GC invocations=15 (full 1):
 PSYoungGen      total 119296K, used 3264K [0x00000000eb900000, 0x00000000f3280000, 0x0000000100000000)
  eden space 114176K, 0% used [0x00000000eb900000,0x00000000eb900000,0x00000000f2880000)
  from space 5120K, 63% used [0x00000000f2d80000,0x00000000f30b00b0,0x00000000f3280000)
  to   space 5120K, 0% used [0x00000000f2880000,0x00000000f2880000,0x00000000f2d80000)
 ParOldGen       total 42496K, used 14634K [0x00000000c2a00000, 0x00000000c5380000, 0x00000000eb900000)
  object space 42496K, 34% used [0x00000000c2a00000,0x00000000c384a8d8,0x00000000c5380000)
 Metaspace       used 13906K, capacity 14272K, committed 14592K, reserved 1062912K
  class space    used 1589K, capacity 1707K, committed 1792K, reserved 1048576K
}
Event: 57.718 GC heap before
{Heap before GC invocations=16 (full 1):
 PSYoungGen      total 119296K, used 117440K [0x00000000eb900000, 0x00000000f3280000, 0x0000000100000000)
  eden space 114176K, 100% used [0x00000000eb900000,0x00000000f2880000,0x00000000f2880000)
  from space 5120K, 63% used [0x00000000f2d80000,0x00000000f30b00b0,0x00000000f3280000)
  to   space 5120K, 0% used [0x00000000f2880000,0x00000000f2880000,0x00000000f2d80000)
 ParOldGen       total 42496K, used 14634K [0x00000000c2a00000, 0x00000000c5380000, 0x00000000eb900000)
  object space 42496K, 34% used [0x00000000c2a00000,0x00000000c384a8d8,0x00000000c5380000)
 Metaspace       used 13911K, capacity 14272K, committed 14592K, reserved 1062912K
  class space    used 1589K, capacity 1707K, committed 1792K, reserved 1048576K
Event: 57.739 GC heap after
Heap after GC invocations=16 (full 1):
 PSYoungGen      total 119296K, used 1840K [0x00000000eb900000, 0x00000000f7580000, 0x0000000100000000)
  eden space 114176K, 0% used [0x00000000eb900000,0x00000000eb900000,0x00000000f2880000)
  from space 5120K, 35% used [0x00000000f2880000,0x00000000f2a4c010,0x00000000f2d80000)
  to   space 5120K, 0% used [0x00000000f7080000,0x00000000f7080000,0x00000000f7580000)
 ParOldGen       total 42496K, used 17839K [0x00000000c2a00000, 0x00000000c5380000, 0x00000000eb900000)
  object space 42496K, 41% used [0x00000000c2a00000,0x00000000c3b6bfb0,0x00000000c5380000)
 Metaspace       used 13911K, capacity 14272K, committed 14592K, reserved 1062912K
  class space    used 1589K, capacity 1707K, committed 1792K, reserved 1048576K
}
Event: 59.094 GC heap before
{Heap before GC invocations=17 (full 1):
 PSYoungGen      total 119296K, used 116016K [0x00000000eb900000, 0x00000000f7580000, 0x0000000100000000)
  eden space 114176K, 100% used [0x00000000eb900000,0x00000000f2880000,0x00000000f2880000)
  from space 5120K, 35% used [0x00000000f2880000,0x00000000f2a4c010,0x00000000f2d80000)
  to   space 5120K, 0% used [0x00000000f7080000,0x00000000f7080000,0x00000000f7580000)
 ParOldGen       total 42496K, used 17839K [0x00000000c2a00000, 0x00000000c5380000, 0x00000000eb900000)
  object space 42496K, 41% used [0x00000000c2a00000,0x00000000c3b6bfb0,0x00000000c5380000)
 Metaspace       used 13920K, capacity 14272K, committed 14592K, reserved 1062912K
  class space    used 1589K, capacity 1707K, committed 1792K, reserved 1048576K
Event: 59.114 GC heap after
Heap after GC invocations=17 (full 1):
 PSYoungGen      total 187904K, used 2024K [0x00000000eb900000, 0x00000000f7580000, 0x0000000100000000)
  eden space 182784K, 0% used [0x00000000eb900000,0x00000000eb900000,0x00000000f6b80000)
  from space 5120K, 39% used [0x00000000f7080000,0x00000000f727a1b8,0x00000000f7580000)
  to   space 5120K, 0% used [0x00000000f6b80000,0x00000000f6b80000,0x00000000f7080000)
 ParOldGen       total 42496K, used 19614K [0x00000000c2a00000, 0x00000000c5380000, 0x00000000eb900000)
  object space 42496K, 46% used [0x00000000c2a00000,0x00000000c3d27bc0,0x00000000c5380000)
 Metaspace       used 13920K, capacity 14272K, committed 14592K, reserved 1062912K
  class space    used 1589K, capacity 1707K, committed 1792K, reserved 1048576K
}
Event: 61.355 GC heap before
{Heap before GC invocations=18 (full 1):
 PSYoungGen      total 187904K, used 184808K [0x00000000eb900000, 0x00000000f7580000, 0x0000000100000000)
  eden space 182784K, 100% used [0x00000000eb900000,0x00000000f6b80000,0x00000000f6b80000)
  from space 5120K, 39% used [0x00000000f7080000,0x00000000f727a1b8,0x00000000f7580000)
  to   space 5120K, 0% used [0x00000000f6b80000,0x00000000f6b80000,0x00000000f7080000)
 ParOldGen       total 42496K, used 19614K [0x00000000c2a00000, 0x00000000c5380000, 0x00000000eb900000)
  object space 42496K, 46% used [0x00000000c2a00000,0x00000000c3d27bc0,0x00000000c5380000)
 Metaspace       used 13923K, capacity 14272K, committed 14592K, reserved 1062912K
  class space    used 1589K, capacity 1707K, committed 1792K, reserved 1048576K

