# JRE version: Java(TM) SE Runtime Environment (8.0_201-b09) (build 1.8.0_201-b09)
# Java VM: Java HotSpot(TM) 64-Bit Server VM (25.201-b09 mixed mode linux-amd64 compressed oops)
Heap:
 PSYoungGen      total 313344K, used 62666K [0x00000000eb900000, 0x0000000100000000, 0x0000000100000000)
  eden space 291840K, 17% used [0x00000000eb900000,0x00000000ee98a938,0x00000000fd600000)
  from space 21504K, 60% used [0x00000000feb00000,0x00000000ff7a8000,0x0000000100000000)
  to   space 21504K, 0% used [0x00000000fd600000,0x00000000fd600000,0x00000000feb00000)
 ParOldGen       total 82944K, used 48053K [0x00000000c2a00000, 0x00000000c7b00000, 0x00000000eb900000)
  object space 82944K, 57% used [0x00000000c2a00000,0x00000000c58ed558,0x00000000c7b00000)
 Metaspace       used 24045K, capacity 24612K, committed 24832K, reserved 1071104K
  class space    used 2524K, capacity 2692K, committed 2816K, reserved 1048576K
GC Heap History (10 events):
Event: 62.496 GC heap before
{Heap before GC invocations=18 (full 2):
 PSYoungGen      total 311808K, used 311736K [0x00000000eb900000, 0x0000000100000000, 0x0000000100000000)
  eden space 301056K, 100% used [0x00000000eb900000,0x00000000fdf00000,0x00000000fdf00000)
  from space 10752K, 99% used [0x00000000fdf00000,0x00000000fe96e020,0x00000000fe980000)
  to   space 17408K, 0% used [0x00000000fef00000,0x00000000fef00000,0x0000000100000000)
 ParOldGen       total 82944K, used 48029K [0x00000000c2a00000, 0x00000000c7b00000, 0x00000000eb900000)
  object space 82944K, 57% used [0x00000000c2a00000,0x00000000c58e7558,0x00000000c7b00000)
 Metaspace       used 23779K, capacity 24350K, committed 24576K, reserved 1071104K
  class space    used 2516K, capacity 2691K, committed 2816K, reserved 1048576K
Event: 62.548 GC heap after
Heap after GC invocations=18 (full 2):
 PSYoungGen      total 315392K, used 12992K [0x00000000eb900000, 0x0000000100000000, 0x0000000100000000)
  eden space 297984K, 0% used [0x00000000eb900000,0x00000000eb900000,0x00000000fdc00000)
  from space 17408K, 74% used [0x00000000fef00000,0x00000000ffbb0000,0x0000000100000000)
  to   space 18432K, 0% used [0x00000000fdc00000,0x00000000fdc00000,0x00000000fee00000)
 ParOldGen       total 82944K, used 48037K [0x00000000c2a00000, 0x00000000c7b00000, 0x00000000eb900000)
  object space 82944K, 57% used [0x00000000c2a00000,0x00000000c58e9558,0x00000000c7b00000)
 Metaspace       used 23779K, capacity 24350K, committed 24576K, reserved 1071104K
  class space    used 2516K, capacity 2691K, committed 2816K, reserved 1048576K
}
Event: 66.724 GC heap before
{Heap before GC invocations=19 (full 2):
 PSYoungGen      total 315392K, used 310976K [0x00000000eb900000, 0x0000000100000000, 0x0000000100000000)
  eden space 297984K, 100% used [0x00000000eb900000,0x00000000fdc00000,0x00000000fdc00000)
  from space 17408K, 74% used [0x00000000fef00000,0x00000000ffbb0000,0x0000000100000000)
  to   space 18432K, 0% used [0x00000000fdc00000,0x00000000fdc00000,0x00000000fee00000)
 ParOldGen       total 82944K, used 48037K [0x00000000c2a00000, 0x00000000c7b00000, 0x00000000eb900000)
  object space 82944K, 57% used [0x00000000c2a00000,0x00000000c58e9558,0x00000000c7b00000)
 Metaspace       used 23994K, capacity 24612K, committed 24832K, reserved 1071104K
  class space    used 2524K, capacity 2692K, committed 2816K, reserved 1048576K
Event: 66.780 GC heap after
Heap after GC invocations=19 (full 2):
 PSYoungGen      total 312832K, used 14576K [0x00000000eb900000, 0x0000000100000000, 0x0000000100000000)
  eden space 297984K, 0% used [0x00000000eb900000,0x00000000eb900000,0x00000000fdc00000)
  from space 14848K, 98% used [0x00000000fdc00000,0x00000000fea3c010,0x00000000fea80000)
  to   space 19456K, 0% used [0x00000000fed00000,0x00000000fed00000,0x0000000100000000)
 ParOldGen       total 82944K, used 48045K [0x00000000c2a00000, 0x00000000c7b00000, 0x00000000eb900000)
  object space 82944K, 57% used [0x00000000c2a00000,0x00000000c58eb558,0x00000000c7b00000)
 Metaspace       used 23994K, capacity 24612K, committed 24832K, reserved 1071104K
  class space    used 2524K, capacity 2692K, committed 2816K, reserved 1048576K
}
Event: 69.785 GC heap before
{Heap before GC invocations=20 (full 2):
 PSYoungGen      total 312832K, used 312560K [0x00000000eb900000, 0x0000000100000000, 0x0000000100000000)
  eden space 297984K, 100% used [0x00000000eb900000,0x00000000fdc00000,0x00000000fdc00000)
  from space 14848K, 98% used [0x00000000fdc00000,0x00000000fea3c010,0x00000000fea80000)
  to   space 19456K, 0% used [0x00000000fed00000,0x00000000fed00000,0x0000000100000000)
 ParOldGen       total 82944K, used 48045K [0x00000000c2a00000, 0x00000000c7b00000, 0x00000000eb900000)
  object space 82944K, 57% used [0x00000000c2a00000,0x00000000c58eb558,0x00000000c7b00000)
 Metaspace       used 24008K, capacity 24612K, committed 24832K, reserved 1071104K
  class space    used 2524K, capacity 2692K, committed 2816K, reserved 1048576K
Event: 69.845 GC heap after
Heap after GC invocations=20 (full 2):
 PSYoungGen      total 312320K, used 16112K [0x00000000eb900000, 0x0000000100000000, 0x0000000100000000)
  eden space 292864K, 0% used [0x00000000eb900000,0x00000000eb900000,0x00000000fd700000)
  from space 19456K, 82% used [0x00000000fed00000,0x00000000ffcbc010,0x0000000100000000)
  to   space 20992K, 0% used [0x00000000fd700000,0x00000000fd700000,0x00000000feb80000)
 ParOldGen       total 82944K, used 48053K [0x00000000c2a00000, 0x00000000c7b00000, 0x00000000eb900000)
  object space 82944K, 57% used [0x00000000c2a00000,0x00000000c58ed558,0x00000000c7b00000)
 Metaspace       used 24008K, capacity 24612K, committed 24832K, reserved 1071104K
  class space    used 2524K, capacity 2692K, committed 2816K, reserved 1048576K
}
Event: 71.401 GC heap before
{Heap before GC invocations=21 (full 2):
 PSYoungGen      total 312320K, used 308976K [0x00000000eb900000, 0x0000000100000000, 0x0000000100000000)
  eden space 292864K, 100% used [0x00000000eb900000,0x00000000fd700000,0x00000000fd700000)
  from space 19456K, 82% used [0x00000000fed00000,0x00000000ffcbc010,0x0000000100000000)
  to   space 20992K, 0% used [0x00000000fd700000,0x00000000fd700000,0x00000000feb80000)
 ParOldGen       total 82944K, used 48053K [0x00000000c2a00000, 0x00000000c7b00000, 0x00000000eb900000)
  object space 82944K, 57% used [0x00000000c2a00000,0x00000000c58ed558,0x00000000c7b00000)
 Metaspace       used 24041K, capacity 24612K, committed 24832K, reserved 1071104K
  class space    used 2524K, capacity 2692K, committed 2816K, reserved 1048576K
Event: 71.458 GC heap after
Heap after GC invocations=21 (full 2):
 PSYoungGen      total 306176K, used 13024K [0x00000000eb900000, 0x0000000100000000, 0x0000000100000000)
  eden space 292864K, 0% used [0x00000000eb900000,0x00000000eb900000,0x00000000fd700000)
  from space 13312K, 97% used [0x00000000fd700000,0x00000000fe3b8000,0x00000000fe400000)
  to   space 21504K, 0% used [0x00000000feb00000,0x00000000feb00000,0x0000000100000000)
 ParOldGen       total 82944K, used 48053K [0x00000000c2a00000, 0x00000000c7b00000, 0x00000000eb900000)
  object space 82944K, 57% used [0x00000000c2a00000,0x00000000c58ed558,0x00000000c7b00000)
 Metaspace       used 24041K, capacity 24612K, committed 24832K, reserved 1071104K
  class space    used 2524K, capacity 2692K, committed 2816K, reserved 1048576K
}
Event: 73.293 GC heap before
{Heap before GC invocations=22 (full 2):
 PSYoungGen      total 306176K, used 305888K [0x00000000eb900000, 0x0000000100000000, 0x0000000100000000)
  eden space 292864K, 100% used [0x00000000eb900000,0x00000000fd700000,0x00000000fd700000)
  from space 13312K, 97% used [0x00000000fd700000,0x00000000fe3b8000,0x00000000fe400000)
  to   space 21504K, 0% used [0x00000000feb00000,0x00000000feb00000,0x0000000100000000)
 ParOldGen       total 82944K, used 48053K [0x00000000c2a00000, 0x00000000c7b00000, 0x00000000eb900000)
  object space 82944K, 57% used [0x00000000c2a00000,0x00000000c58ed558,0x00000000c7b00000)
 Metaspace       used 24044K, capacity 24612K, committed 24832K, reserved 1071104K
  class space    used 2524K, capacity 2692K, committed 2816K, reserved 1048576K
Event: 73.341 GC heap after
Heap after GC invocations=22 (full 2):
 PSYoungGen      total 313344K, used 12960K [0x00000000eb900000, 0x0000000100000000, 0x0000000100000000)
  eden space 291840K, 0% used [0x00000000eb900000,0x00000000eb900000,0x00000000fd600000)
  from space 21504K, 60% used [0x00000000feb00000,0x00000000ff7a8000,0x0000000100000000)
  to   space 21504K, 0% used [0x00000000fd600000,0x00000000fd600000,0x00000000feb00000)
 ParOldGen       total 82944K, used 48053K [0x00000000c2a00000, 0x00000000c7b00000, 0x00000000eb900000)
  object space 82944K, 57% used [0x00000000c2a00000,0x00000000c58ed558,0x00000000c7b00000)
 Metaspace       used 24044K, capacity 24612K, committed 24832K, reserved 1071104K
  class space    used 2524K, capacity 2692K, committed 2816K, reserved 1048576K
}

