# JRE version: Java(TM) SE Runtime Environment (8.0_201-b09) (build 1.8.0_201-b09)
# Java VM: Java HotSpot(TM) 64-Bit Server VM (25.201-b09 mixed mode linux-amd64 compressed oops)
Heap:
 PSYoungGen      total 120832K, used 10224K [0x00000000eb900000, 0x00000000f5e00000, 0x0000000100000000)
  eden space 110592K, 0% used [0x00000000eb900000,0x00000000eb900000,0x00000000f2500000)
  from space 10240K, 99% used [0x00000000f5400000,0x00000000f5dfc020,0x00000000f5e00000)
  to   space 10240K, 0% used [0x00000000f2500000,0x00000000f2500000,0x00000000f2f00000)
 ParOldGen       total 42496K, used 41373K [0x00000000c2a00000, 0x00000000c5380000, 0x00000000eb900000)
  object space 42496K, 97% used [0x00000000c2a00000,0x00000000c5267548,0x00000000c5380000)
 Metaspace       used 14987K, capacity 15486K, committed 15616K, reserved 1062912K
  class space    used 1641K, capacity 1781K, committed 1792K, reserved 1048576K
GC Heap History (10 events):
Event: 44.283 GC heap after
Heap after GC invocations=8 (full 1):
 PSYoungGen      total 34304K, used 4384K [0x00000000eb900000, 0x00000000efc00000, 0x0000000100000000)
  eden space 29184K, 0% used [0x00000000eb900000,0x00000000eb900000,0x00000000ed580000)
  from space 5120K, 85% used [0x00000000ed580000,0x00000000ed9c8010,0x00000000eda80000)
  to   space 5120K, 0% used [0x00000000ef700000,0x00000000ef700000,0x00000000efc00000)
 ParOldGen       total 42496K, used 8120K [0x00000000c2a00000, 0x00000000c5380000, 0x00000000eb900000)
  object space 42496K, 19% used [0x00000000c2a00000,0x00000000c31ee1b0,0x00000000c5380000)
 Metaspace       used 13850K, capacity 14246K, committed 14336K, reserved 1062912K
  class space    used 1585K, capacity 1703K, committed 1792K, reserved 1048576K
}
Event: 44.658 GC heap before
{Heap before GC invocations=9 (full 1):
 PSYoungGen      total 34304K, used 33568K [0x00000000eb900000, 0x00000000efc00000, 0x0000000100000000)
  eden space 29184K, 100% used [0x00000000eb900000,0x00000000ed580000,0x00000000ed580000)
  from space 5120K, 85% used [0x00000000ed580000,0x00000000ed9c8010,0x00000000eda80000)
  to   space 5120K, 0% used [0x00000000ef700000,0x00000000ef700000,0x00000000efc00000)
 ParOldGen       total 42496K, used 8120K [0x00000000c2a00000, 0x00000000c5380000, 0x00000000eb900000)
  object space 42496K, 19% used [0x00000000c2a00000,0x00000000c31ee1b0,0x00000000c5380000)
 Metaspace       used 13879K, capacity 14310K, committed 14592K, reserved 1062912K
  class space    used 1585K, capacity 1703K, committed 1792K, reserved 1048576K
Event: 44.673 GC heap after
Heap after GC invocations=9 (full 1):
 PSYoungGen      total 62976K, used 5056K [0x00000000eb900000, 0x00000000efd00000, 0x0000000100000000)
  eden space 57856K, 0% used [0x00000000eb900000,0x00000000eb900000,0x00000000ef180000)
  from space 5120K, 98% used [0x00000000ef700000,0x00000000efbf00a0,0x00000000efc00000)
  to   space 5632K, 0% used [0x00000000ef180000,0x00000000ef180000,0x00000000ef700000)
 ParOldGen       total 42496K, used 9448K [0x00000000c2a00000, 0x00000000c5380000, 0x00000000eb900000)
  object space 42496K, 22% used [0x00000000c2a00000,0x00000000c333a200,0x00000000c5380000)
 Metaspace       used 13879K, capacity 14310K, committed 14592K, reserved 1062912K
  class space    used 1585K, capacity 1703K, committed 1792K, reserved 1048576K
}
Event: 45.530 GC heap before
{Heap before GC invocations=10 (full 1):
 PSYoungGen      total 62976K, used 62912K [0x00000000eb900000, 0x00000000efd00000, 0x0000000100000000)
  eden space 57856K, 100% used [0x00000000eb900000,0x00000000ef180000,0x00000000ef180000)
  from space 5120K, 98% used [0x00000000ef700000,0x00000000efbf00a0,0x00000000efc00000)
  to   space 5632K, 0% used [0x00000000ef180000,0x00000000ef180000,0x00000000ef700000)
 ParOldGen       total 42496K, used 9448K [0x00000000c2a00000, 0x00000000c5380000, 0x00000000eb900000)
  object space 42496K, 22% used [0x00000000c2a00000,0x00000000c333a200,0x00000000c5380000)
 Metaspace       used 13919K, capacity 14310K, committed 14592K, reserved 1062912K
  class space    used 1585K, capacity 1703K, committed 1792K, reserved 1048576K
Event: 45.570 GC heap after
Heap after GC invocations=10 (full 1):
 PSYoungGen      total 63488K, used 5632K [0x00000000eb900000, 0x00000000f3900000, 0x0000000100000000)
  eden space 57856K, 0% used [0x00000000eb900000,0x00000000eb900000,0x00000000ef180000)
  from space 5632K, 100% used [0x00000000ef180000,0x00000000ef700000,0x00000000ef700000)
  to   space 7680K, 0% used [0x00000000f3180000,0x00000000f3180000,0x00000000f3900000)
 ParOldGen       total 42496K, used 13266K [0x00000000c2a00000, 0x00000000c5380000, 0x00000000eb900000)
  object space 42496K, 31% used [0x00000000c2a00000,0x00000000c36f4b50,0x00000000c5380000)
 Metaspace       used 13919K, capacity 14310K, committed 14592K, reserved 1062912K
  class space    used 1585K, capacity 1703K, committed 1792K, reserved 1048576K
}
Event: 48.000 GC heap before
{Heap before GC invocations=11 (full 1):
 PSYoungGen      total 63488K, used 63488K [0x00000000eb900000, 0x00000000f3900000, 0x0000000100000000)
  eden space 57856K, 100% used [0x00000000eb900000,0x00000000ef180000,0x00000000ef180000)
  from space 5632K, 100% used [0x00000000ef180000,0x00000000ef700000,0x00000000ef700000)
  to   space 7680K, 0% used [0x00000000f3180000,0x00000000f3180000,0x00000000f3900000)
 ParOldGen       total 42496K, used 13266K [0x00000000c2a00000, 0x00000000c5380000, 0x00000000eb900000)
  object space 42496K, 31% used [0x00000000c2a00000,0x00000000c36f4b50,0x00000000c5380000)
 Metaspace       used 14885K, capacity 15374K, committed 15616K, reserved 1062912K
  class space    used 1635K, capacity 1775K, committed 1792K, reserved 1048576K
Event: 48.037 GC heap after
Heap after GC invocations=11 (full 1):
 PSYoungGen      total 100352K, used 7648K [0x00000000eb900000, 0x00000000f3900000, 0x0000000100000000)
  eden space 92672K, 0% used [0x00000000eb900000,0x00000000eb900000,0x00000000f1380000)
  from space 7680K, 99% used [0x00000000f3180000,0x00000000f38f8010,0x00000000f3900000)
  to   space 10240K, 0% used [0x00000000f2500000,0x00000000f2500000,0x00000000f2f00000)
 ParOldGen       total 42496K, used 18234K [0x00000000c2a00000, 0x00000000c5380000, 0x00000000eb900000)
  object space 42496K, 42% used [0x00000000c2a00000,0x00000000c3bce938,0x00000000c5380000)
 Metaspace       used 14885K, capacity 15374K, committed 15616K, reserved 1062912K
  class space    used 1635K, capacity 1775K, committed 1792K, reserved 1048576K
}
Event: 73.732 GC heap before
{Heap before GC invocations=12 (full 1):
 PSYoungGen      total 100352K, used 100320K [0x00000000eb900000, 0x00000000f3900000, 0x0000000100000000)
  eden space 92672K, 100% used [0x00000000eb900000,0x00000000f1380000,0x00000000f1380000)
  from space 7680K, 99% used [0x00000000f3180000,0x00000000f38f8010,0x00000000f3900000)
  to   space 10240K, 0% used [0x00000000f2500000,0x00000000f2500000,0x00000000f2f00000)
 ParOldGen       total 42496K, used 18234K [0x00000000c2a00000, 0x00000000c5380000, 0x00000000eb900000)
  object space 42496K, 42% used [0x00000000c2a00000,0x00000000c3bce938,0x00000000c5380000)
 Metaspace       used 14973K, capacity 15480K, committed 15616K, reserved 1062912K
  class space    used 1640K, capacity 1780K, committed 1792K, reserved 1048576K
Event: 73.777 GC heap after
Heap after GC invocations=12 (full 1):
 PSYoungGen      total 120832K, used 6040K [0x00000000eb900000, 0x00000000f5e00000, 0x0000000100000000)
  eden space 110592K, 0% used [0x00000000eb900000,0x00000000eb900000,0x00000000f2500000)
  from space 10240K, 58% used [0x00000000f2500000,0x00000000f2ae6030,0x00000000f2f00000)
  to   space 10240K, 0% used [0x00000000f5400000,0x00000000f5400000,0x00000000f5e00000)
 ParOldGen       total 42496K, used 22310K [0x00000000c2a00000, 0x00000000c5380000, 0x00000000eb900000)
  object space 42496K, 52% used [0x00000000c2a00000,0x00000000c3fc99e8,0x00000000c5380000)
 Metaspace       used 14973K, capacity 15480K, committed 15616K, reserved 1062912K
  class space    used 1640K, capacity 1780K, committed 1792K, reserved 1048576K
}
Event: 82.792 GC heap before
{Heap before GC invocations=13 (full 1):
 PSYoungGen      total 120832K, used 116632K [0x00000000eb900000, 0x00000000f5e00000, 0x0000000100000000)
  eden space 110592K, 100% used [0x00000000eb900000,0x00000000f2500000,0x00000000f2500000)
  from space 10240K, 58% used [0x00000000f2500000,0x00000000f2ae6030,0x00000000f2f00000)
  to   space 10240K, 0% used [0x00000000f5400000,0x00000000f5400000,0x00000000f5e00000)
 ParOldGen       total 42496K, used 22310K [0x00000000c2a00000, 0x00000000c5380000, 0x00000000eb900000)
  object space 42496K, 52% used [0x00000000c2a00000,0x00000000c3fc99e8,0x00000000c5380000)
 Metaspace       used 14987K, capacity 15486K, committed 15616K, reserved 1062912K
  class space    used 1641K, capacity 1781K, committed 1792K, reserved 1048576K

