# JRE version: Java(TM) SE Runtime Environment (8.0_201-b09) (build 1.8.0_201-b09)
# Java VM: Java HotSpot(TM) 64-Bit Server VM (25.201-b09 mixed mode linux-amd64 compressed oops)
Heap:
 PSYoungGen      total 245760K, used 15995K [0x00000000eb900000, 0x00000000fae80000, 0x0000000100000000)
  eden space 240128K, 5% used [0x00000000eb900000,0x00000000ec577ed0,0x00000000fa380000)
  from space 5632K, 57% used [0x00000000fa900000,0x00000000fac27080,0x00000000fae80000)
  to   space 5632K, 0% used [0x00000000fa380000,0x00000000fa380000,0x00000000fa900000)
 ParOldGen       total 42496K, used 9497K [0x00000000c2a00000, 0x00000000c5380000, 0x00000000eb900000)
  object space 42496K, 22% used [0x00000000c2a00000,0x00000000c33466e8,0x00000000c5380000)
 Metaspace       used 14771K, capacity 15262K, committed 15488K, reserved 1062912K
  class space    used 1661K, capacity 1801K, committed 1920K, reserved 1048576K
GC Heap History (10 events):
Event: 42.753 GC heap before
{Heap before GC invocations=11 (full 1):
 PSYoungGen      total 63488K, used 58496K [0x00000000eb900000, 0x00000000f3600000, 0x0000000100000000)
  eden space 58368K, 100% used [0x00000000eb900000,0x00000000ef200000,0x00000000ef200000)
  from space 5120K, 2% used [0x00000000ef200000,0x00000000ef220000,0x00000000ef700000)
  to   space 5632K, 0% used [0x00000000f3080000,0x00000000f3080000,0x00000000f3600000)
 ParOldGen       total 42496K, used 9305K [0x00000000c2a00000, 0x00000000c5380000, 0x00000000eb900000)
  object space 42496K, 21% used [0x00000000c2a00000,0x00000000c33166e8,0x00000000c5380000)
 Metaspace       used 13690K, capacity 14072K, committed 14336K, reserved 1062912K
  class space    used 1589K, capacity 1706K, committed 1792K, reserved 1048576K
Event: 42.755 GC heap after
Heap after GC invocations=11 (full 1):
 PSYoungGen      total 94208K, used 96K [0x00000000eb900000, 0x00000000f3100000, 0x0000000100000000)
  eden space 93696K, 0% used [0x00000000eb900000,0x00000000eb900000,0x00000000f1480000)
  from space 512K, 18% used [0x00000000f3080000,0x00000000f3098000,0x00000000f3100000)
  to   space 5632K, 0% used [0x00000000f2600000,0x00000000f2600000,0x00000000f2b80000)
 ParOldGen       total 42496K, used 9337K [0x00000000c2a00000, 0x00000000c5380000, 0x00000000eb900000)
  object space 42496K, 21% used [0x00000000c2a00000,0x00000000c331e6e8,0x00000000c5380000)
 Metaspace       used 13690K, capacity 14072K, committed 14336K, reserved 1062912K
  class space    used 1589K, capacity 1706K, committed 1792K, reserved 1048576K
}
Event: 46.043 GC heap before
{Heap before GC invocations=12 (full 1):
 PSYoungGen      total 94208K, used 93792K [0x00000000eb900000, 0x00000000f3100000, 0x0000000100000000)
  eden space 93696K, 100% used [0x00000000eb900000,0x00000000f1480000,0x00000000f1480000)
  from space 512K, 18% used [0x00000000f3080000,0x00000000f3098000,0x00000000f3100000)
  to   space 5632K, 0% used [0x00000000f2600000,0x00000000f2600000,0x00000000f2b80000)
 ParOldGen       total 42496K, used 9337K [0x00000000c2a00000, 0x00000000c5380000, 0x00000000eb900000)
  object space 42496K, 21% used [0x00000000c2a00000,0x00000000c331e6e8,0x00000000c5380000)
 Metaspace       used 13695K, capacity 14072K, committed 14336K, reserved 1062912K
  class space    used 1589K, capacity 1706K, committed 1792K, reserved 1048576K
Event: 46.045 GC heap after
Heap after GC invocations=12 (full 1):
 PSYoungGen      total 117248K, used 160K [0x00000000eb900000, 0x00000000f5680000, 0x0000000100000000)
  eden space 111616K, 0% used [0x00000000eb900000,0x00000000eb900000,0x00000000f2600000)
  from space 5632K, 2% used [0x00000000f2600000,0x00000000f2628000,0x00000000f2b80000)
  to   space 5632K, 0% used [0x00000000f5100000,0x00000000f5100000,0x00000000f5680000)
 ParOldGen       total 42496K, used 9369K [0x00000000c2a00000, 0x00000000c5380000, 0x00000000eb900000)
  object space 42496K, 22% used [0x00000000c2a00000,0x00000000c33266e8,0x00000000c5380000)
 Metaspace       used 13695K, capacity 14072K, committed 14336K, reserved 1062912K
  class space    used 1589K, capacity 1706K, committed 1792K, reserved 1048576K
}
Event: 46.684 GC heap before
{Heap before GC invocations=13 (full 1):
 PSYoungGen      total 117248K, used 111776K [0x00000000eb900000, 0x00000000f5680000, 0x0000000100000000)
  eden space 111616K, 100% used [0x00000000eb900000,0x00000000f2600000,0x00000000f2600000)
  from space 5632K, 2% used [0x00000000f2600000,0x00000000f2628000,0x00000000f2b80000)
  to   space 5632K, 0% used [0x00000000f5100000,0x00000000f5100000,0x00000000f5680000)
 ParOldGen       total 42496K, used 9369K [0x00000000c2a00000, 0x00000000c5380000, 0x00000000eb900000)
  object space 42496K, 22% used [0x00000000c2a00000,0x00000000c33266e8,0x00000000c5380000)
 Metaspace       used 13703K, capacity 14136K, committed 14336K, reserved 1062912K
  class space    used 1589K, capacity 1706K, committed 1792K, reserved 1048576K
Event: 46.686 GC heap after
Heap after GC invocations=13 (full 1):
 PSYoungGen      total 155648K, used 192K [0x00000000eb900000, 0x00000000f7280000, 0x0000000100000000)
  eden space 150016K, 0% used [0x00000000eb900000,0x00000000eb900000,0x00000000f4b80000)
  from space 5632K, 3% used [0x00000000f5100000,0x00000000f5130000,0x00000000f5680000)
  to   space 5632K, 0% used [0x00000000f4b80000,0x00000000f4b80000,0x00000000f5100000)
 ParOldGen       total 42496K, used 9409K [0x00000000c2a00000, 0x00000000c5380000, 0x00000000eb900000)
  object space 42496K, 22% used [0x00000000c2a00000,0x00000000c33306e8,0x00000000c5380000)
 Metaspace       used 13703K, capacity 14136K, committed 14336K, reserved 1062912K
  class space    used 1589K, capacity 1706K, committed 1792K, reserved 1048576K
}
Event: 47.349 GC heap before
{Heap before GC invocations=14 (full 1):
 PSYoungGen      total 155648K, used 150208K [0x00000000eb900000, 0x00000000f7280000, 0x0000000100000000)
  eden space 150016K, 100% used [0x00000000eb900000,0x00000000f4b80000,0x00000000f4b80000)
  from space 5632K, 3% used [0x00000000f5100000,0x00000000f5130000,0x00000000f5680000)
  to   space 5632K, 0% used [0x00000000f4b80000,0x00000000f4b80000,0x00000000f5100000)
 ParOldGen       total 42496K, used 9409K [0x00000000c2a00000, 0x00000000c5380000, 0x00000000eb900000)
  object space 42496K, 22% used [0x00000000c2a00000,0x00000000c33306e8,0x00000000c5380000)
 Metaspace       used 13711K, capacity 14136K, committed 14336K, reserved 1062912K
  class space    used 1589K, capacity 1706K, committed 1792K, reserved 1048576K
Event: 47.352 GC heap after
Heap after GC invocations=14 (full 1):
 PSYoungGen      total 155648K, used 320K [0x00000000eb900000, 0x00000000fae80000, 0x0000000100000000)
  eden space 150016K, 0% used [0x00000000eb900000,0x00000000eb900000,0x00000000f4b80000)
  from space 5632K, 5% used [0x00000000f4b80000,0x00000000f4bd0000,0x00000000f5100000)
  to   space 5632K, 0% used [0x00000000fa900000,0x00000000fa900000,0x00000000fae80000)
 ParOldGen       total 42496K, used 9441K [0x00000000c2a00000, 0x00000000c5380000, 0x00000000eb900000)
  object space 42496K, 22% used [0x00000000c2a00000,0x00000000c33386e8,0x00000000c5380000)
 Metaspace       used 13711K, capacity 14136K, committed 14336K, reserved 1062912K
  class space    used 1589K, capacity 1706K, committed 1792K, reserved 1048576K
}
Event: 49.077 GC heap before
{Heap before GC invocations=15 (full 1):
 PSYoungGen      total 155648K, used 150336K [0x00000000eb900000, 0x00000000fae80000, 0x0000000100000000)
  eden space 150016K, 100% used [0x00000000eb900000,0x00000000f4b80000,0x00000000f4b80000)
  from space 5632K, 5% used [0x00000000f4b80000,0x00000000f4bd0000,0x00000000f5100000)
  to   space 5632K, 0% used [0x00000000fa900000,0x00000000fa900000,0x00000000fae80000)
 ParOldGen       total 42496K, used 9441K [0x00000000c2a00000, 0x00000000c5380000, 0x00000000eb900000)
  object space 42496K, 22% used [0x00000000c2a00000,0x00000000c33386e8,0x00000000c5380000)
 Metaspace       used 14178K, capacity 14556K, committed 14848K, reserved 1062912K
  class space    used 1624K, capacity 1726K, committed 1792K, reserved 1048576K
Event: 49.093 GC heap after
Heap after GC invocations=15 (full 1):
 PSYoungGen      total 245760K, used 3228K [0x00000000eb900000, 0x00000000fae80000, 0x0000000100000000)
  eden space 240128K, 0% used [0x00000000eb900000,0x00000000eb900000,0x00000000fa380000)
  from space 5632K, 57% used [0x00000000fa900000,0x00000000fac27080,0x00000000fae80000)
  to   space 5632K, 0% used [0x00000000fa380000,0x00000000fa380000,0x00000000fa900000)
 ParOldGen       total 42496K, used 9497K [0x00000000c2a00000, 0x00000000c5380000, 0x00000000eb900000)
  object space 42496K, 22% used [0x00000000c2a00000,0x00000000c33466e8,0x00000000c5380000)
 Metaspace       used 14178K, capacity 14556K, committed 14848K, reserved 1062912K
  class space    used 1624K, capacity 1726K, committed 1792K, reserved 1048576K
}

