# JRE version: Java(TM) SE Runtime Environment (8.0_201-b09) (build 1.8.0_201-b09)
# Java VM: Java HotSpot(TM) 64-Bit Server VM (25.201-b09 mixed mode linux-amd64 compressed oops)
Heap:
 PSYoungGen      total 280064K, used 2193K [0x00000000eb900000, 0x0000000100000000, 0x0000000100000000)
  eden space 228864K, 0% used [0x00000000eb900000,0x00000000eb900000,0x00000000f9880000)
  from space 51200K, 4% used [0x00000000fc880000,0x00000000fcaa4518,0x00000000ffa80000)
  to   space 49152K, 0% used [0x00000000f9880000,0x00000000f9880000,0x00000000fc880000)
 ParOldGen       total 118272K, used 117998K [0x00000000c2a00000, 0x00000000c9d80000, 0x00000000eb900000)
  object space 118272K, 99% used [0x00000000c2a00000,0x00000000c9d3b920,0x00000000c9d80000)
 Metaspace       used 22674K, capacity 23291K, committed 23424K, reserved 1071104K
  class space    used 2421K, capacity 2593K, committed 2688K, reserved 1048576K
GC Heap History (10 events):
Event: 99.993 GC heap after
Heap after GC invocations=37 (full 3):
 PSYoungGen      total 272896K, used 40960K [0x00000000eb900000, 0x0000000100000000, 0x0000000100000000)
  eden space 231424K, 0% used [0x00000000eb900000,0x00000000eb900000,0x00000000f9b00000)
  from space 41472K, 98% used [0x00000000fd780000,0x00000000fff80360,0x0000000100000000)
  to   space 51712K, 0% used [0x00000000f9b00000,0x00000000f9b00000,0x00000000fcd80000)
 ParOldGen       total 118272K, used 66978K [0x00000000c2a00000, 0x00000000c9d80000, 0x00000000eb900000)
  object space 118272K, 56% used [0x00000000c2a00000,0x00000000c6b68850,0x00000000c9d80000)
 Metaspace       used 22621K, capacity 23227K, committed 23424K, reserved 1071104K
  class space    used 2421K, capacity 2593K, committed 2688K, reserved 1048576K
}
Event: 100.764 GC heap before
{Heap before GC invocations=38 (full 3):
 PSYoungGen      total 272896K, used 272384K [0x00000000eb900000, 0x0000000100000000, 0x0000000100000000)
  eden space 231424K, 100% used [0x00000000eb900000,0x00000000f9b00000,0x00000000f9b00000)
  from space 41472K, 98% used [0x00000000fd780000,0x00000000fff80360,0x0000000100000000)
  to   space 51712K, 0% used [0x00000000f9b00000,0x00000000f9b00000,0x00000000fcd80000)
 ParOldGen       total 118272K, used 66978K [0x00000000c2a00000, 0x00000000c9d80000, 0x00000000eb900000)
  object space 118272K, 56% used [0x00000000c2a00000,0x00000000c6b68850,0x00000000c9d80000)
 Metaspace       used 22627K, capacity 23227K, committed 23424K, reserved 1071104K
  class space    used 2421K, capacity 2593K, committed 2688K, reserved 1048576K
Event: 100.853 GC heap after
Heap after GC invocations=38 (full 3):
 PSYoungGen      total 265216K, used 33408K [0x00000000eb900000, 0x0000000100000000, 0x0000000100000000)
  eden space 231424K, 0% used [0x00000000eb900000,0x00000000eb900000,0x00000000f9b00000)
  from space 33792K, 98% used [0x00000000f9b00000,0x00000000fbba0280,0x00000000fbc00000)
  to   space 54272K, 0% used [0x00000000fcb00000,0x00000000fcb00000,0x0000000100000000)
 ParOldGen       total 118272K, used 77839K [0x00000000c2a00000, 0x00000000c9d80000, 0x00000000eb900000)
  object space 118272K, 65% used [0x00000000c2a00000,0x00000000c7603da0,0x00000000c9d80000)
 Metaspace       used 22627K, capacity 23227K, committed 23424K, reserved 1071104K
  class space    used 2421K, capacity 2593K, committed 2688K, reserved 1048576K
}
Event: 101.723 GC heap before
{Heap before GC invocations=39 (full 3):
 PSYoungGen      total 265216K, used 264832K [0x00000000eb900000, 0x0000000100000000, 0x0000000100000000)
  eden space 231424K, 100% used [0x00000000eb900000,0x00000000f9b00000,0x00000000f9b00000)
  from space 33792K, 98% used [0x00000000f9b00000,0x00000000fbba0280,0x00000000fbc00000)
  to   space 54272K, 0% used [0x00000000fcb00000,0x00000000fcb00000,0x0000000100000000)
 ParOldGen       total 118272K, used 77839K [0x00000000c2a00000, 0x00000000c9d80000, 0x00000000eb900000)
  object space 118272K, 65% used [0x00000000c2a00000,0x00000000c7603da0,0x00000000c9d80000)
 Metaspace       used 22640K, capacity 23227K, committed 23424K, reserved 1071104K
  class space    used 2421K, capacity 2593K, committed 2688K, reserved 1048576K
Event: 101.789 GC heap after
Heap after GC invocations=39 (full 3):
 PSYoungGen      total 281088K, used 27984K [0x00000000eb900000, 0x0000000100000000, 0x0000000100000000)
  eden space 226816K, 0% used [0x00000000eb900000,0x00000000eb900000,0x00000000f9680000)
  from space 54272K, 51% used [0x00000000fcb00000,0x00000000fe654270,0x0000000100000000)
  to   space 53760K, 0% used [0x00000000f9680000,0x00000000f9680000,0x00000000fcb00000)
 ParOldGen       total 118272K, used 86748K [0x00000000c2a00000, 0x00000000c9d80000, 0x00000000eb900000)
  object space 118272K, 73% used [0x00000000c2a00000,0x00000000c7eb7150,0x00000000c9d80000)
 Metaspace       used 22640K, capacity 23227K, committed 23424K, reserved 1071104K
  class space    used 2421K, capacity 2593K, committed 2688K, reserved 1048576K
}
Event: 102.348 GC heap before
{Heap before GC invocations=40 (full 3):
 PSYoungGen      total 281088K, used 254800K [0x00000000eb900000, 0x0000000100000000, 0x0000000100000000)
  eden space 226816K, 100% used [0x00000000eb900000,0x00000000f9680000,0x00000000f9680000)
  from space 54272K, 51% used [0x00000000fcb00000,0x00000000fe654270,0x0000000100000000)
  to   space 53760K, 0% used [0x00000000f9680000,0x00000000f9680000,0x00000000fcb00000)
 ParOldGen       total 118272K, used 86748K [0x00000000c2a00000, 0x00000000c9d80000, 0x00000000eb900000)
  object space 118272K, 73% used [0x00000000c2a00000,0x00000000c7eb7150,0x00000000c9d80000)
 Metaspace       used 22670K, capacity 23291K, committed 23424K, reserved 1071104K
  class space    used 2421K, capacity 2593K, committed 2688K, reserved 1048576K
Event: 102.388 GC heap after
Heap after GC invocations=40 (full 3):
 PSYoungGen      total 249856K, used 22720K [0x00000000eb900000, 0x00000000ffa80000, 0x0000000100000000)
  eden space 226816K, 0% used [0x00000000eb900000,0x00000000eb900000,0x00000000f9680000)
  from space 23040K, 98% used [0x00000000f9680000,0x00000000facb0180,0x00000000fad00000)
  to   space 51200K, 0% used [0x00000000fc880000,0x00000000fc880000,0x00000000ffa80000)
 ParOldGen       total 118272K, used 96993K [0x00000000c2a00000, 0x00000000c9d80000, 0x00000000eb900000)
  object space 118272K, 82% used [0x00000000c2a00000,0x00000000c88b85a0,0x00000000c9d80000)
 Metaspace       used 22670K, capacity 23291K, committed 23424K, reserved 1071104K
  class space    used 2421K, capacity 2593K, committed 2688K, reserved 1048576K
}
Event: 102.956 GC heap before
{Heap before GC invocations=41 (full 3):
 PSYoungGen      total 249856K, used 249536K [0x00000000eb900000, 0x00000000ffa80000, 0x0000000100000000)
  eden space 226816K, 100% used [0x00000000eb900000,0x00000000f9680000,0x00000000f9680000)
  from space 23040K, 98% used [0x00000000f9680000,0x00000000facb0180,0x00000000fad00000)
  to   space 51200K, 0% used [0x00000000fc880000,0x00000000fc880000,0x00000000ffa80000)
 ParOldGen       total 118272K, used 96993K [0x00000000c2a00000, 0x00000000c9d80000, 0x00000000eb900000)
  object space 118272K, 82% used [0x00000000c2a00000,0x00000000c88b85a0,0x00000000c9d80000)
 Metaspace       used 22674K, capacity 23291K, committed 23424K, reserved 1071104K
  class space    used 2421K, capacity 2593K, committed 2688K, reserved 1048576K
Event: 103.016 GC heap after
Heap after GC invocations=41 (full 3):
 PSYoungGen      total 280064K, used 16608K [0x00000000eb900000, 0x0000000100000000, 0x0000000100000000)
  eden space 228864K, 0% used [0x00000000eb900000,0x00000000eb900000,0x00000000f9880000)
  from space 51200K, 32% used [0x00000000fc880000,0x00000000fd8b8160,0x00000000ffa80000)
  to   space 49152K, 0% used [0x00000000f9880000,0x00000000f9880000,0x00000000fc880000)
 ParOldGen       total 118272K, used 107082K [0x00000000c2a00000, 0x00000000c9d80000, 0x00000000eb900000)
  object space 118272K, 90% used [0x00000000c2a00000,0x00000000c9292a80,0x00000000c9d80000)
 Metaspace       used 22674K, capacity 23291K, committed 23424K, reserved 1071104K
  class space    used 2421K, capacity 2593K, committed 2688K, reserved 1048576K
}
Event: 103.016 GC heap before
{Heap before GC invocations=42 (full 4):
 PSYoungGen      total 280064K, used 16608K [0x00000000eb900000, 0x0000000100000000, 0x0000000100000000)
  eden space 228864K, 0% used [0x00000000eb900000,0x00000000eb900000,0x00000000f9880000)
  from space 51200K, 32% used [0x00000000fc880000,0x00000000fd8b8160,0x00000000ffa80000)
  to   space 49152K, 0% used [0x00000000f9880000,0x00000000f9880000,0x00000000fc880000)
 ParOldGen       total 118272K, used 107082K [0x00000000c2a00000, 0x00000000c9d80000, 0x00000000eb900000)
  object space 118272K, 90% used [0x00000000c2a00000,0x00000000c9292a80,0x00000000c9d80000)
 Metaspace       used 22674K, capacity 23291K, committed 23424K, reserved 1071104K
  class space    used 2421K, capacity 2593K, committed 2688K, reserved 1048576K

