# JRE version: Java(TM) SE Runtime Environment (8.0_201-b09) (build 1.8.0_201-b09)
# Java VM: Java HotSpot(TM) 64-Bit Server VM (25.201-b09 mixed mode linux-amd64 compressed oops)
Heap:
 PSYoungGen      total 120320K, used 2504K [0x00000000eb900000, 0x00000000f5700000, 0x0000000100000000)
  eden space 113152K, 0% used [0x00000000eb900000,0x00000000eb900000,0x00000000f2780000)
  from space 7168K, 34% used [0x00000000f5000000,0x00000000f52721b8,0x00000000f5700000)
  to   space 6656K, 0% used [0x00000000f2780000,0x00000000f2780000,0x00000000f2e00000)
 ParOldGen       total 42496K, used 20044K [0x00000000c2a00000, 0x00000000c5380000, 0x00000000eb900000)
  object space 42496K, 47% used [0x00000000c2a00000,0x00000000c3d93318,0x00000000c5380000)
 Metaspace       used 13890K, capacity 14322K, committed 14592K, reserved 1062912K
  class space    used 1586K, capacity 1705K, committed 1792K, reserved 1048576K
GC Heap History (10 events):
Event: 84.464 GC heap after
Heap after GC invocations=8 (full 1):
 PSYoungGen      total 34304K, used 3560K [0x00000000eb900000, 0x00000000efb00000, 0x0000000100000000)
  eden space 28672K, 0% used [0x00000000eb900000,0x00000000eb900000,0x00000000ed500000)
  from space 5632K, 63% used [0x00000000ed500000,0x00000000ed87a020,0x00000000eda80000)
  to   space 5120K, 0% used [0x00000000ef600000,0x00000000ef600000,0x00000000efb00000)
 ParOldGen       total 42496K, used 6460K [0x00000000c2a00000, 0x00000000c5380000, 0x00000000eb900000)
  object space 42496K, 15% used [0x00000000c2a00000,0x00000000c304f1b0,0x00000000c5380000)
 Metaspace       used 13750K, capacity 14130K, committed 14336K, reserved 1062912K
  class space    used 1585K, capacity 1705K, committed 1792K, reserved 1048576K
}
Event: 84.618 GC heap before
{Heap before GC invocations=9 (full 1):
 PSYoungGen      total 34304K, used 32232K [0x00000000eb900000, 0x00000000efb00000, 0x0000000100000000)
  eden space 28672K, 100% used [0x00000000eb900000,0x00000000ed500000,0x00000000ed500000)
  from space 5632K, 63% used [0x00000000ed500000,0x00000000ed87a020,0x00000000eda80000)
  to   space 5120K, 0% used [0x00000000ef600000,0x00000000ef600000,0x00000000efb00000)
 ParOldGen       total 42496K, used 6460K [0x00000000c2a00000, 0x00000000c5380000, 0x00000000eb900000)
  object space 42496K, 15% used [0x00000000c2a00000,0x00000000c304f1b0,0x00000000c5380000)
 Metaspace       used 13768K, capacity 14130K, committed 14336K, reserved 1062912K
  class space    used 1585K, capacity 1705K, committed 1792K, reserved 1048576K
Event: 84.639 GC heap after
Heap after GC invocations=9 (full 1):
 PSYoungGen      total 62464K, used 2688K [0x00000000eb900000, 0x00000000efb00000, 0x0000000100000000)
  eden space 57344K, 0% used [0x00000000eb900000,0x00000000eb900000,0x00000000ef100000)
  from space 5120K, 52% used [0x00000000ef600000,0x00000000ef8a0000,0x00000000efb00000)
  to   space 5120K, 0% used [0x00000000ef100000,0x00000000ef100000,0x00000000ef600000)
 ParOldGen       total 42496K, used 7890K [0x00000000c2a00000, 0x00000000c5380000, 0x00000000eb900000)
  object space 42496K, 18% used [0x00000000c2a00000,0x00000000c31b4ac0,0x00000000c5380000)
 Metaspace       used 13768K, capacity 14130K, committed 14336K, reserved 1062912K
  class space    used 1585K, capacity 1705K, committed 1792K, reserved 1048576K
}
Event: 85.131 GC heap before
{Heap before GC invocations=10 (full 1):
 PSYoungGen      total 62464K, used 60032K [0x00000000eb900000, 0x00000000efb00000, 0x0000000100000000)
  eden space 57344K, 100% used [0x00000000eb900000,0x00000000ef100000,0x00000000ef100000)
  from space 5120K, 52% used [0x00000000ef600000,0x00000000ef8a0000,0x00000000efb00000)
  to   space 5120K, 0% used [0x00000000ef100000,0x00000000ef100000,0x00000000ef600000)
 ParOldGen       total 42496K, used 7890K [0x00000000c2a00000, 0x00000000c5380000, 0x00000000eb900000)
  object space 42496K, 18% used [0x00000000c2a00000,0x00000000c31b4ac0,0x00000000c5380000)
 Metaspace       used 13809K, capacity 14194K, committed 14592K, reserved 1062912K
  class space    used 1585K, capacity 1705K, committed 1792K, reserved 1048576K
Event: 85.149 GC heap after
Heap after GC invocations=10 (full 1):
 PSYoungGen      total 62464K, used 5104K [0x00000000eb900000, 0x00000000f3500000, 0x0000000100000000)
  eden space 57344K, 0% used [0x00000000eb900000,0x00000000eb900000,0x00000000ef100000)
  from space 5120K, 99% used [0x00000000ef100000,0x00000000ef5fc050,0x00000000ef600000)
  to   space 6144K, 0% used [0x00000000f2f00000,0x00000000f2f00000,0x00000000f3500000)
 ParOldGen       total 42496K, used 9390K [0x00000000c2a00000, 0x00000000c5380000, 0x00000000eb900000)
  object space 42496K, 22% used [0x00000000c2a00000,0x00000000c332b910,0x00000000c5380000)
 Metaspace       used 13809K, capacity 14194K, committed 14592K, reserved 1062912K
  class space    used 1585K, capacity 1705K, committed 1792K, reserved 1048576K
}
Event: 85.636 GC heap before
{Heap before GC invocations=11 (full 1):
 PSYoungGen      total 62464K, used 62448K [0x00000000eb900000, 0x00000000f3500000, 0x0000000100000000)
  eden space 57344K, 100% used [0x00000000eb900000,0x00000000ef100000,0x00000000ef100000)
  from space 5120K, 99% used [0x00000000ef100000,0x00000000ef5fc050,0x00000000ef600000)
  to   space 6144K, 0% used [0x00000000f2f00000,0x00000000f2f00000,0x00000000f3500000)
 ParOldGen       total 42496K, used 9390K [0x00000000c2a00000, 0x00000000c5380000, 0x00000000eb900000)
  object space 42496K, 22% used [0x00000000c2a00000,0x00000000c332b910,0x00000000c5380000)
 Metaspace       used 13831K, capacity 14194K, committed 14592K, reserved 1062912K
  class space    used 1586K, capacity 1705K, committed 1792K, reserved 1048576K
Event: 85.681 GC heap after
Heap after GC invocations=11 (full 1):
 PSYoungGen      total 97792K, used 5584K [0x00000000eb900000, 0x00000000f3480000, 0x0000000100000000)
  eden space 92160K, 0% used [0x00000000eb900000,0x00000000eb900000,0x00000000f1300000)
  from space 5632K, 99% used [0x00000000f2f00000,0x00000000f3474010,0x00000000f3480000)
  to   space 6656K, 0% used [0x00000000f2780000,0x00000000f2780000,0x00000000f2e00000)
 ParOldGen       total 42496K, used 10408K [0x00000000c2a00000, 0x00000000c5380000, 0x00000000eb900000)
  object space 42496K, 24% used [0x00000000c2a00000,0x00000000c342a380,0x00000000c5380000)
 Metaspace       used 13831K, capacity 14194K, committed 14592K, reserved 1062912K
  class space    used 1586K, capacity 1705K, committed 1792K, reserved 1048576K
}
Event: 86.831 GC heap before
{Heap before GC invocations=12 (full 1):
 PSYoungGen      total 97792K, used 97744K [0x00000000eb900000, 0x00000000f3480000, 0x0000000100000000)
  eden space 92160K, 100% used [0x00000000eb900000,0x00000000f1300000,0x00000000f1300000)
  from space 5632K, 99% used [0x00000000f2f00000,0x00000000f3474010,0x00000000f3480000)
  to   space 6656K, 0% used [0x00000000f2780000,0x00000000f2780000,0x00000000f2e00000)
 ParOldGen       total 42496K, used 10408K [0x00000000c2a00000, 0x00000000c5380000, 0x00000000eb900000)
  object space 42496K, 24% used [0x00000000c2a00000,0x00000000c342a380,0x00000000c5380000)
 Metaspace       used 13864K, capacity 14258K, committed 14592K, reserved 1062912K
  class space    used 1586K, capacity 1705K, committed 1792K, reserved 1048576K
Event: 87.211 GC heap after
Heap after GC invocations=12 (full 1):
 PSYoungGen      total 119808K, used 5600K [0x00000000eb900000, 0x00000000f5700000, 0x0000000100000000)
  eden space 113152K, 0% used [0x00000000eb900000,0x00000000eb900000,0x00000000f2780000)
  from space 6656K, 84% used [0x00000000f2780000,0x00000000f2cf80a0,0x00000000f2e00000)
  to   space 7168K, 0% used [0x00000000f5000000,0x00000000f5000000,0x00000000f5700000)
 ParOldGen       total 42496K, used 14568K [0x00000000c2a00000, 0x00000000c5380000, 0x00000000eb900000)
  object space 42496K, 34% used [0x00000000c2a00000,0x00000000c383a380,0x00000000c5380000)
 Metaspace       used 13864K, capacity 14258K, committed 14592K, reserved 1062912K
  class space    used 1586K, capacity 1705K, committed 1792K, reserved 1048576K
}
Event: 88.558 GC heap before
{Heap before GC invocations=13 (full 1):
 PSYoungGen      total 119808K, used 118752K [0x00000000eb900000, 0x00000000f5700000, 0x0000000100000000)
  eden space 113152K, 100% used [0x00000000eb900000,0x00000000f2780000,0x00000000f2780000)
  from space 6656K, 84% used [0x00000000f2780000,0x00000000f2cf80a0,0x00000000f2e00000)
  to   space 7168K, 0% used [0x00000000f5000000,0x00000000f5000000,0x00000000f5700000)
 ParOldGen       total 42496K, used 14568K [0x00000000c2a00000, 0x00000000c5380000, 0x00000000eb900000)
  object space 42496K, 34% used [0x00000000c2a00000,0x00000000c383a380,0x00000000c5380000)
 Metaspace       used 13890K, capacity 14322K, committed 14592K, reserved 1062912K
  class space    used 1586K, capacity 1705K, committed 1792K, reserved 1048576K

