# JRE version: Java(TM) SE Runtime Environment (8.0_201-b09) (build 1.8.0_201-b09)
# Java VM: Java HotSpot(TM) 64-Bit Server VM (25.201-b09 mixed mode linux-amd64 compressed oops)
Heap:
 PSYoungGen      total 18432K, used 9595K [0x00000000eb900000, 0x00000000ecf80000, 0x0000000100000000)
  eden space 13824K, 62% used [0x00000000eb900000,0x00000000ec178ea8,0x00000000ec680000)
  from space 4608K, 19% used [0x00000000ec680000,0x00000000ec766020,0x00000000ecb00000)
  to   space 4608K, 0% used [0x00000000ecb00000,0x00000000ecb00000,0x00000000ecf80000)
 ParOldGen       total 42496K, used 6927K [0x00000000c2a00000, 0x00000000c5380000, 0x00000000eb900000)
  object space 42496K, 16% used [0x00000000c2a00000,0x00000000c30c3e18,0x00000000c5380000)
 Metaspace       used 14098K, capacity 14590K, committed 14848K, reserved 1062912K
  class space    used 1603K, capacity 1724K, committed 1792K, reserved 1048576K
GC Heap History (10 events):
Event: 30.077 GC heap before
{Heap before GC invocations=6 (full 1):
 PSYoungGen      total 18432K, used 18432K [0x00000000eb900000, 0x00000000ecd80000, 0x0000000100000000)
  eden space 15872K, 100% used [0x00000000eb900000,0x00000000ec880000,0x00000000ec880000)
  from space 2560K, 100% used [0x00000000ecb00000,0x00000000ecd80000,0x00000000ecd80000)
  to   space 2560K, 0% used [0x00000000ec880000,0x00000000ec880000,0x00000000ecb00000)
 ParOldGen       total 42496K, used 4700K [0x00000000c2a00000, 0x00000000c5380000, 0x00000000eb900000)
  object space 42496K, 11% used [0x00000000c2a00000,0x00000000c2e97288,0x00000000c5380000)
 Metaspace       used 13900K, capacity 14374K, committed 14592K, reserved 1062912K
  class space    used 1597K, capacity 1720K, committed 1792K, reserved 1048576K
Event: 30.097 GC heap after
Heap after GC invocations=6 (full 1):
 PSYoungGen      total 18432K, used 2544K [0x00000000eb900000, 0x00000000ecd80000, 0x0000000100000000)
  eden space 15872K, 0% used [0x00000000eb900000,0x00000000eb900000,0x00000000ec880000)
  from space 2560K, 99% used [0x00000000ec880000,0x00000000ecafc010,0x00000000ecb00000)
  to   space 2560K, 0% used [0x00000000ecb00000,0x00000000ecb00000,0x00000000ecd80000)
 ParOldGen       total 42496K, used 4828K [0x00000000c2a00000, 0x00000000c5380000, 0x00000000eb900000)
  object space 42496K, 11% used [0x00000000c2a00000,0x00000000c2eb7288,0x00000000c5380000)
 Metaspace       used 13900K, capacity 14374K, committed 14592K, reserved 1062912K
  class space    used 1597K, capacity 1720K, committed 1792K, reserved 1048576K
}
Event: 35.885 GC heap before
{Heap before GC invocations=7 (full 1):
 PSYoungGen      total 18432K, used 18416K [0x00000000eb900000, 0x00000000ecd80000, 0x0000000100000000)
  eden space 15872K, 100% used [0x00000000eb900000,0x00000000ec880000,0x00000000ec880000)
  from space 2560K, 99% used [0x00000000ec880000,0x00000000ecafc010,0x00000000ecb00000)
  to   space 2560K, 0% used [0x00000000ecb00000,0x00000000ecb00000,0x00000000ecd80000)
 ParOldGen       total 42496K, used 4828K [0x00000000c2a00000, 0x00000000c5380000, 0x00000000eb900000)
  object space 42496K, 11% used [0x00000000c2a00000,0x00000000c2eb7288,0x00000000c5380000)
 Metaspace       used 13925K, capacity 14386K, committed 14592K, reserved 1062912K
  class space    used 1598K, capacity 1722K, committed 1792K, reserved 1048576K
Event: 35.902 GC heap after
Heap after GC invocations=7 (full 1):
 PSYoungGen      total 16896K, used 2544K [0x00000000eb900000, 0x00000000ed080000, 0x0000000100000000)
  eden space 14336K, 0% used [0x00000000eb900000,0x00000000eb900000,0x00000000ec700000)
  from space 2560K, 99% used [0x00000000ecb00000,0x00000000ecd7c010,0x00000000ecd80000)
  to   space 4096K, 0% used [0x00000000ec700000,0x00000000ec700000,0x00000000ecb00000)
 ParOldGen       total 42496K, used 4844K [0x00000000c2a00000, 0x00000000c5380000, 0x00000000eb900000)
  object space 42496K, 11% used [0x00000000c2a00000,0x00000000c2ebb288,0x00000000c5380000)
 Metaspace       used 13925K, capacity 14386K, committed 14592K, reserved 1062912K
  class space    used 1598K, capacity 1722K, committed 1792K, reserved 1048576K
}
Event: 45.996 GC heap before
{Heap before GC invocations=8 (full 1):
 PSYoungGen      total 16896K, used 16880K [0x00000000eb900000, 0x00000000ed080000, 0x0000000100000000)
  eden space 14336K, 100% used [0x00000000eb900000,0x00000000ec700000,0x00000000ec700000)
  from space 2560K, 99% used [0x00000000ecb00000,0x00000000ecd7c010,0x00000000ecd80000)
  to   space 4096K, 0% used [0x00000000ec700000,0x00000000ec700000,0x00000000ecb00000)
 ParOldGen       total 42496K, used 4844K [0x00000000c2a00000, 0x00000000c5380000, 0x00000000eb900000)
  object space 42496K, 11% used [0x00000000c2a00000,0x00000000c2ebb288,0x00000000c5380000)
 Metaspace       used 13937K, capacity 14386K, committed 14592K, reserved 1062912K
  class space    used 1598K, capacity 1722K, committed 1792K, reserved 1048576K
Event: 46.019 GC heap after
Heap after GC invocations=8 (full 1):
 PSYoungGen      total 18432K, used 2416K [0x00000000eb900000, 0x00000000ecf00000, 0x0000000100000000)
  eden space 14336K, 0% used [0x00000000eb900000,0x00000000eb900000,0x00000000ec700000)
  from space 4096K, 58% used [0x00000000ec700000,0x00000000ec95c010,0x00000000ecb00000)
  to   space 4096K, 0% used [0x00000000ecb00000,0x00000000ecb00000,0x00000000ecf00000)
 ParOldGen       total 42496K, used 4844K [0x00000000c2a00000, 0x00000000c5380000, 0x00000000eb900000)
  object space 42496K, 11% used [0x00000000c2a00000,0x00000000c2ebb288,0x00000000c5380000)
 Metaspace       used 13937K, capacity 14386K, committed 14592K, reserved 1062912K
  class space    used 1598K, capacity 1722K, committed 1792K, reserved 1048576K
}
Event: 61.868 GC heap before
{Heap before GC invocations=9 (full 1):
 PSYoungGen      total 18432K, used 16752K [0x00000000eb900000, 0x00000000ecf00000, 0x0000000100000000)
  eden space 14336K, 100% used [0x00000000eb900000,0x00000000ec700000,0x00000000ec700000)
  from space 4096K, 58% used [0x00000000ec700000,0x00000000ec95c010,0x00000000ecb00000)
  to   space 4096K, 0% used [0x00000000ecb00000,0x00000000ecb00000,0x00000000ecf00000)
 ParOldGen       total 42496K, used 4844K [0x00000000c2a00000, 0x00000000c5380000, 0x00000000eb900000)
  object space 42496K, 11% used [0x00000000c2a00000,0x00000000c2ebb288,0x00000000c5380000)
 Metaspace       used 13942K, capacity 14386K, committed 14592K, reserved 1062912K
  class space    used 1598K, capacity 1722K, committed 1792K, reserved 1048576K
Event: 61.888 GC heap after
Heap after GC invocations=9 (full 1):
 PSYoungGen      total 17920K, used 1036K [0x00000000eb900000, 0x00000000ed000000, 0x0000000100000000)
  eden space 13824K, 0% used [0x00000000eb900000,0x00000000eb900000,0x00000000ec680000)
  from space 4096K, 25% used [0x00000000ecb00000,0x00000000ecc03020,0x00000000ecf00000)
  to   space 4608K, 0% used [0x00000000ec680000,0x00000000ec680000,0x00000000ecb00000)
 ParOldGen       total 42496K, used 6487K [0x00000000c2a00000, 0x00000000c5380000, 0x00000000eb900000)
  object space 42496K, 15% used [0x00000000c2a00000,0x00000000c3055df8,0x00000000c5380000)
 Metaspace       used 13942K, capacity 14386K, committed 14592K, reserved 1062912K
  class space    used 1598K, capacity 1722K, committed 1792K, reserved 1048576K
}
Event: 72.376 GC heap before
{Heap before GC invocations=10 (full 1):
 PSYoungGen      total 17920K, used 14860K [0x00000000eb900000, 0x00000000ed000000, 0x0000000100000000)
  eden space 13824K, 100% used [0x00000000eb900000,0x00000000ec680000,0x00000000ec680000)
  from space 4096K, 25% used [0x00000000ecb00000,0x00000000ecc03020,0x00000000ecf00000)
  to   space 4608K, 0% used [0x00000000ec680000,0x00000000ec680000,0x00000000ecb00000)
 ParOldGen       total 42496K, used 6487K [0x00000000c2a00000, 0x00000000c5380000, 0x00000000eb900000)
  object space 42496K, 15% used [0x00000000c2a00000,0x00000000c3055df8,0x00000000c5380000)
 Metaspace       used 14070K, capacity 14526K, committed 14848K, reserved 1062912K
  class space    used 1603K, capacity 1724K, committed 1792K, reserved 1048576K
Event: 72.381 GC heap after
Heap after GC invocations=10 (full 1):
 PSYoungGen      total 18432K, used 920K [0x00000000eb900000, 0x00000000ecf80000, 0x0000000100000000)
  eden space 13824K, 0% used [0x00000000eb900000,0x00000000eb900000,0x00000000ec680000)
  from space 4608K, 19% used [0x00000000ec680000,0x00000000ec766020,0x00000000ecb00000)
  to   space 4608K, 0% used [0x00000000ecb00000,0x00000000ecb00000,0x00000000ecf80000)
 ParOldGen       total 42496K, used 6927K [0x00000000c2a00000, 0x00000000c5380000, 0x00000000eb900000)
  object space 42496K, 16% used [0x00000000c2a00000,0x00000000c30c3e18,0x00000000c5380000)
 Metaspace       used 14070K, capacity 14526K, committed 14848K, reserved 1062912K
  class space    used 1603K, capacity 1724K, committed 1792K, reserved 1048576K
}

