# JRE version: Java(TM) SE Runtime Environment (8.0_201-b09) (build 1.8.0_201-b09)
# Java VM: Java HotSpot(TM) 64-Bit Server VM (25.201-b09 mixed mode linux-amd64 compressed oops)
Heap:
 PSYoungGen      total 190976K, used 68801K [0x00000000eb900000, 0x00000000f8880000, 0x0000000100000000)
  eden space 179712K, 35% used [0x00000000eb900000,0x00000000ef750708,0x00000000f6880000)
  from space 11264K, 44% used [0x00000000f7d80000,0x00000000f8260010,0x00000000f8880000)
  to   space 16384K, 0% used [0x00000000f6880000,0x00000000f6880000,0x00000000f7880000)
 ParOldGen       total 74752K, used 38852K [0x00000000c2a00000, 0x00000000c7300000, 0x00000000eb900000)
  object space 74752K, 51% used [0x00000000c2a00000,0x00000000c4ff1350,0x00000000c7300000)
 Metaspace       used 22765K, capacity 23380K, committed 23424K, reserved 1071104K
  class space    used 2459K, capacity 2644K, committed 2688K, reserved 1048576K
GC Heap History (10 events):
Event: 12.375 GC heap before
{Heap before GC invocations=12 (full 1):
 PSYoungGen      total 101888K, used 101888K [0x00000000eb900000, 0x00000000f3b00000, 0x0000000100000000)
  eden space 93696K, 100% used [0x00000000eb900000,0x00000000f1480000,0x00000000f1480000)
  from space 8192K, 100% used [0x00000000f3300000,0x00000000f3b00000,0x00000000f3b00000)
  to   space 10752K, 0% used [0x00000000f2600000,0x00000000f2600000,0x00000000f3080000)
 ParOldGen       total 42496K, used 17638K [0x00000000c2a00000, 0x00000000c5380000, 0x00000000eb900000)
  object space 42496K, 41% used [0x00000000c2a00000,0x00000000c3b398d8,0x00000000c5380000)
 Metaspace       used 19082K, capacity 19386K, committed 19712K, reserved 1067008K
  class space    used 2135K, capacity 2226K, committed 2304K, reserved 1048576K
Event: 12.510 GC heap after
Heap after GC invocations=12 (full 1):
 PSYoungGen      total 122368K, used 10720K [0x00000000eb900000, 0x00000000f6c80000, 0x0000000100000000)
  eden space 111616K, 0% used [0x00000000eb900000,0x00000000eb900000,0x00000000f2600000)
  from space 10752K, 99% used [0x00000000f2600000,0x00000000f3078040,0x00000000f3080000)
  to   space 16896K, 0% used [0x00000000f5c00000,0x00000000f5c00000,0x00000000f6c80000)
 ParOldGen       total 42496K, used 30812K [0x00000000c2a00000, 0x00000000c5380000, 0x00000000eb900000)
  object space 42496K, 72% used [0x00000000c2a00000,0x00000000c48172d8,0x00000000c5380000)
 Metaspace       used 19082K, capacity 19386K, committed 19712K, reserved 1067008K
  class space    used 2135K, capacity 2226K, committed 2304K, reserved 1048576K
}
Event: 15.749 GC heap before
{Heap before GC invocations=13 (full 1):
 PSYoungGen      total 122368K, used 109490K [0x00000000eb900000, 0x00000000f6c80000, 0x0000000100000000)
  eden space 111616K, 88% used [0x00000000eb900000,0x00000000f19747e0,0x00000000f2600000)
  from space 10752K, 99% used [0x00000000f2600000,0x00000000f3078040,0x00000000f3080000)
  to   space 16896K, 0% used [0x00000000f5c00000,0x00000000f5c00000,0x00000000f6c80000)
 ParOldGen       total 42496K, used 30812K [0x00000000c2a00000, 0x00000000c5380000, 0x00000000eb900000)
  object space 42496K, 72% used [0x00000000c2a00000,0x00000000c48172d8,0x00000000c5380000)
 Metaspace       used 20740K, capacity 21114K, committed 21296K, reserved 1069056K
  class space    used 2294K, capacity 2403K, committed 2432K, reserved 1048576K
Event: 15.809 GC heap after
Heap after GC invocations=13 (full 1):
 PSYoungGen      total 166400K, used 11165K [0x00000000eb900000, 0x00000000f8980000, 0x0000000100000000)
  eden space 149504K, 0% used [0x00000000eb900000,0x00000000eb900000,0x00000000f4b00000)
  from space 16896K, 66% used [0x00000000f5c00000,0x00000000f66e7590,0x00000000f6c80000)
  to   space 17408K, 0% used [0x00000000f4b00000,0x00000000f4b00000,0x00000000f5c00000)
 ParOldGen       total 42496K, used 41427K [0x00000000c2a00000, 0x00000000c5380000, 0x00000000eb900000)
  object space 42496K, 97% used [0x00000000c2a00000,0x00000000c5274fc8,0x00000000c5380000)
 Metaspace       used 20740K, capacity 21114K, committed 21296K, reserved 1069056K
  class space    used 2294K, capacity 2403K, committed 2432K, reserved 1048576K
}
Event: 15.809 GC heap before
{Heap before GC invocations=14 (full 2):
 PSYoungGen      total 166400K, used 11165K [0x00000000eb900000, 0x00000000f8980000, 0x0000000100000000)
  eden space 149504K, 0% used [0x00000000eb900000,0x00000000eb900000,0x00000000f4b00000)
  from space 16896K, 66% used [0x00000000f5c00000,0x00000000f66e7590,0x00000000f6c80000)
  to   space 17408K, 0% used [0x00000000f4b00000,0x00000000f4b00000,0x00000000f5c00000)
 ParOldGen       total 42496K, used 41427K [0x00000000c2a00000, 0x00000000c5380000, 0x00000000eb900000)
  object space 42496K, 97% used [0x00000000c2a00000,0x00000000c5274fc8,0x00000000c5380000)
 Metaspace       used 20740K, capacity 21114K, committed 21296K, reserved 1069056K
  class space    used 2294K, capacity 2403K, committed 2432K, reserved 1048576K
Event: 16.511 GC heap after
Heap after GC invocations=14 (full 2):
 PSYoungGen      total 166400K, used 0K [0x00000000eb900000, 0x00000000f8980000, 0x0000000100000000)
  eden space 149504K, 0% used [0x00000000eb900000,0x00000000eb900000,0x00000000f4b00000)
  from space 16896K, 0% used [0x00000000f5c00000,0x00000000f5c00000,0x00000000f6c80000)
  to   space 17408K, 0% used [0x00000000f4b00000,0x00000000f4b00000,0x00000000f5c00000)
 ParOldGen       total 74752K, used 38836K [0x00000000c2a00000, 0x00000000c7300000, 0x00000000eb900000)
  object space 74752K, 51% used [0x00000000c2a00000,0x00000000c4fed350,0x00000000c7300000)
 Metaspace       used 20740K, capacity 21114K, committed 21296K, reserved 1069056K
  class space    used 2294K, capacity 2403K, committed 2432K, reserved 1048576K
}
Event: 20.439 GC heap before
{Heap before GC invocations=15 (full 2):
 PSYoungGen      total 166400K, used 149504K [0x00000000eb900000, 0x00000000f8980000, 0x0000000100000000)
  eden space 149504K, 100% used [0x00000000eb900000,0x00000000f4b00000,0x00000000f4b00000)
  from space 16896K, 0% used [0x00000000f5c00000,0x00000000f5c00000,0x00000000f6c80000)
  to   space 17408K, 0% used [0x00000000f4b00000,0x00000000f4b00000,0x00000000f5c00000)
 ParOldGen       total 74752K, used 38836K [0x00000000c2a00000, 0x00000000c7300000, 0x00000000eb900000)
  object space 74752K, 51% used [0x00000000c2a00000,0x00000000c4fed350,0x00000000c7300000)
 Metaspace       used 22149K, capacity 22570K, committed 22704K, reserved 1069056K
  class space    used 2406K, capacity 2545K, committed 2560K, reserved 1048576K
Event: 20.535 GC heap after
Heap after GC invocations=15 (full 2):
 PSYoungGen      total 166912K, used 4355K [0x00000000eb900000, 0x00000000f8e80000, 0x0000000100000000)
  eden space 149504K, 0% used [0x00000000eb900000,0x00000000eb900000,0x00000000f4b00000)
  from space 17408K, 25% used [0x00000000f4b00000,0x00000000f4f40e40,0x00000000f5c00000)
  to   space 17408K, 0% used [0x00000000f7d80000,0x00000000f7d80000,0x00000000f8e80000)
 ParOldGen       total 74752K, used 38844K [0x00000000c2a00000, 0x00000000c7300000, 0x00000000eb900000)
  object space 74752K, 51% used [0x00000000c2a00000,0x00000000c4fef350,0x00000000c7300000)
 Metaspace       used 22149K, capacity 22570K, committed 22704K, reserved 1069056K
  class space    used 2406K, capacity 2545K, committed 2560K, reserved 1048576K
}
Event: 22.740 GC heap before
{Heap before GC invocations=16 (full 2):
 PSYoungGen      total 166912K, used 153859K [0x00000000eb900000, 0x00000000f8e80000, 0x0000000100000000)
  eden space 149504K, 100% used [0x00000000eb900000,0x00000000f4b00000,0x00000000f4b00000)
  from space 17408K, 25% used [0x00000000f4b00000,0x00000000f4f40e40,0x00000000f5c00000)
  to   space 17408K, 0% used [0x00000000f7d80000,0x00000000f7d80000,0x00000000f8e80000)
 ParOldGen       total 74752K, used 38844K [0x00000000c2a00000, 0x00000000c7300000, 0x00000000eb900000)
  object space 74752K, 51% used [0x00000000c2a00000,0x00000000c4fef350,0x00000000c7300000)
 Metaspace       used 22205K, capacity 22634K, committed 22704K, reserved 1069056K
  class space    used 2407K, capacity 2545K, committed 2560K, reserved 1048576K
Event: 22.757 GC heap after
Heap after GC invocations=16 (full 2):
 PSYoungGen      total 190976K, used 4992K [0x00000000eb900000, 0x00000000f8880000, 0x0000000100000000)
  eden space 179712K, 0% used [0x00000000eb900000,0x00000000eb900000,0x00000000f6880000)
  from space 11264K, 44% used [0x00000000f7d80000,0x00000000f8260010,0x00000000f8880000)
  to   space 16384K, 0% used [0x00000000f6880000,0x00000000f6880000,0x00000000f7880000)
 ParOldGen       total 74752K, used 38852K [0x00000000c2a00000, 0x00000000c7300000, 0x00000000eb900000)
  object space 74752K, 51% used [0x00000000c2a00000,0x00000000c4ff1350,0x00000000c7300000)
 Metaspace       used 22205K, capacity 22634K, committed 22704K, reserved 1069056K
  class space    used 2407K, capacity 2545K, committed 2560K, reserved 1048576K
}

