# JRE version: Java(TM) SE Runtime Environment (8.0_201-b09) (build 1.8.0_201-b09)
# Java VM: Java HotSpot(TM) 64-Bit Server VM (25.201-b09 mixed mode linux-amd64 compressed oops)
Heap:
 PSYoungGen      total 123392K, used 3248K [0x00000000eb900000, 0x00000000f5e80000, 0x0000000100000000)
  eden space 113664K, 0% used [0x00000000eb900000,0x00000000eb900000,0x00000000f2800000)
  from space 9728K, 33% used [0x00000000f5500000,0x00000000f582c020,0x00000000f5e80000)
  to   space 8704K, 0% used [0x00000000f2800000,0x00000000f2800000,0x00000000f3080000)
 ParOldGen       total 42496K, used 27091K [0x00000000c2a00000, 0x00000000c5380000, 0x00000000eb900000)
  object space 42496K, 63% used [0x00000000c2a00000,0x00000000c4474eb8,0x00000000c5380000)
 Metaspace       used 14853K, capacity 15340K, committed 15360K, reserved 1062912K
  class space    used 1633K, capacity 1784K, committed 1792K, reserved 1048576K
GC Heap History (10 events):
Event: 33.914 GC heap after
Heap after GC invocations=8 (full 1):
 PSYoungGen      total 34304K, used 4320K [0x00000000eb900000, 0x00000000efc00000, 0x0000000100000000)
  eden space 29184K, 0% used [0x00000000eb900000,0x00000000eb900000,0x00000000ed580000)
  from space 5120K, 84% used [0x00000000ed580000,0x00000000ed9b80a0,0x00000000eda80000)
  to   space 5120K, 0% used [0x00000000ef700000,0x00000000ef700000,0x00000000efc00000)
 ParOldGen       total 42496K, used 10264K [0x00000000c2a00000, 0x00000000c5380000, 0x00000000eb900000)
  object space 42496K, 24% used [0x00000000c2a00000,0x00000000c3406270,0x00000000c5380000)
 Metaspace       used 13523K, capacity 13926K, committed 13952K, reserved 1060864K
  class space    used 1558K, capacity 1661K, committed 1664K, reserved 1048576K
}
Event: 34.386 GC heap before
{Heap before GC invocations=9 (full 1):
 PSYoungGen      total 34304K, used 33504K [0x00000000eb900000, 0x00000000efc00000, 0x0000000100000000)
  eden space 29184K, 100% used [0x00000000eb900000,0x00000000ed580000,0x00000000ed580000)
  from space 5120K, 84% used [0x00000000ed580000,0x00000000ed9b80a0,0x00000000eda80000)
  to   space 5120K, 0% used [0x00000000ef700000,0x00000000ef700000,0x00000000efc00000)
 ParOldGen       total 42496K, used 10264K [0x00000000c2a00000, 0x00000000c5380000, 0x00000000eb900000)
  object space 42496K, 24% used [0x00000000c2a00000,0x00000000c3406270,0x00000000c5380000)
 Metaspace       used 13572K, capacity 13926K, committed 13952K, reserved 1060864K
  class space    used 1559K, capacity 1661K, committed 1664K, reserved 1048576K
Event: 34.416 GC heap after
Heap after GC invocations=9 (full 1):
 PSYoungGen      total 63488K, used 4656K [0x00000000eb900000, 0x00000000efc00000, 0x0000000100000000)
  eden space 58368K, 0% used [0x00000000eb900000,0x00000000eb900000,0x00000000ef200000)
  from space 5120K, 90% used [0x00000000ef700000,0x00000000efb8c0b0,0x00000000efc00000)
  to   space 5120K, 0% used [0x00000000ef200000,0x00000000ef200000,0x00000000ef700000)
 ParOldGen       total 42496K, used 11904K [0x00000000c2a00000, 0x00000000c5380000, 0x00000000eb900000)
  object space 42496K, 28% used [0x00000000c2a00000,0x00000000c35a02b0,0x00000000c5380000)
 Metaspace       used 13572K, capacity 13926K, committed 13952K, reserved 1060864K
  class space    used 1559K, capacity 1661K, committed 1664K, reserved 1048576K
}
Event: 35.604 GC heap before
{Heap before GC invocations=10 (full 1):
 PSYoungGen      total 63488K, used 63024K [0x00000000eb900000, 0x00000000efc00000, 0x0000000100000000)
  eden space 58368K, 100% used [0x00000000eb900000,0x00000000ef200000,0x00000000ef200000)
  from space 5120K, 90% used [0x00000000ef700000,0x00000000efb8c0b0,0x00000000efc00000)
  to   space 5120K, 0% used [0x00000000ef200000,0x00000000ef200000,0x00000000ef700000)
 ParOldGen       total 42496K, used 11904K [0x00000000c2a00000, 0x00000000c5380000, 0x00000000eb900000)
  object space 42496K, 28% used [0x00000000c2a00000,0x00000000c35a02b0,0x00000000c5380000)
 Metaspace       used 13603K, capacity 13990K, committed 14208K, reserved 1062912K
  class space    used 1559K, capacity 1661K, committed 1664K, reserved 1048576K
Event: 35.627 GC heap after
Heap after GC invocations=10 (full 1):
 PSYoungGen      total 63488K, used 5088K [0x00000000eb900000, 0x00000000f3900000, 0x0000000100000000)
  eden space 58368K, 0% used [0x00000000eb900000,0x00000000eb900000,0x00000000ef200000)
  from space 5120K, 99% used [0x00000000ef200000,0x00000000ef6f8120,0x00000000ef700000)
  to   space 7168K, 0% used [0x00000000f3200000,0x00000000f3200000,0x00000000f3900000)
 ParOldGen       total 42496K, used 15437K [0x00000000c2a00000, 0x00000000c5380000, 0x00000000eb900000)
  object space 42496K, 36% used [0x00000000c2a00000,0x00000000c39137d8,0x00000000c5380000)
 Metaspace       used 13603K, capacity 13990K, committed 14208K, reserved 1062912K
  class space    used 1559K, capacity 1661K, committed 1664K, reserved 1048576K
}
Event: 37.434 GC heap before
{Heap before GC invocations=11 (full 1):
 PSYoungGen      total 63488K, used 63456K [0x00000000eb900000, 0x00000000f3900000, 0x0000000100000000)
  eden space 58368K, 100% used [0x00000000eb900000,0x00000000ef200000,0x00000000ef200000)
  from space 5120K, 99% used [0x00000000ef200000,0x00000000ef6f8120,0x00000000ef700000)
  to   space 7168K, 0% used [0x00000000f3200000,0x00000000f3200000,0x00000000f3900000)
 ParOldGen       total 42496K, used 15437K [0x00000000c2a00000, 0x00000000c5380000, 0x00000000eb900000)
  object space 42496K, 36% used [0x00000000c2a00000,0x00000000c39137d8,0x00000000c5380000)
 Metaspace       used 14505K, capacity 14986K, committed 15104K, reserved 1062912K
  class space    used 1599K, capacity 1720K, committed 1792K, reserved 1048576K
Event: 37.484 GC heap after
Heap after GC invocations=11 (full 1):
 PSYoungGen      total 100864K, used 7136K [0x00000000eb900000, 0x00000000f3900000, 0x0000000100000000)
  eden space 93696K, 0% used [0x00000000eb900000,0x00000000eb900000,0x00000000f1480000)
  from space 7168K, 99% used [0x00000000f3200000,0x00000000f38f8120,0x00000000f3900000)
  to   space 8704K, 0% used [0x00000000f2800000,0x00000000f2800000,0x00000000f3080000)
 ParOldGen       total 42496K, used 18481K [0x00000000c2a00000, 0x00000000c5380000, 0x00000000eb900000)
  object space 42496K, 43% used [0x00000000c2a00000,0x00000000c3c0c468,0x00000000c5380000)
 Metaspace       used 14505K, capacity 14986K, committed 15104K, reserved 1062912K
  class space    used 1599K, capacity 1720K, committed 1792K, reserved 1048576K
}
Event: 45.125 GC heap before
{Heap before GC invocations=12 (full 1):
 PSYoungGen      total 100864K, used 100832K [0x00000000eb900000, 0x00000000f3900000, 0x0000000100000000)
  eden space 93696K, 100% used [0x00000000eb900000,0x00000000f1480000,0x00000000f1480000)
  from space 7168K, 99% used [0x00000000f3200000,0x00000000f38f8120,0x00000000f3900000)
  to   space 8704K, 0% used [0x00000000f2800000,0x00000000f2800000,0x00000000f3080000)
 ParOldGen       total 42496K, used 18481K [0x00000000c2a00000, 0x00000000c5380000, 0x00000000eb900000)
  object space 42496K, 43% used [0x00000000c2a00000,0x00000000c3c0c468,0x00000000c5380000)
 Metaspace       used 14675K, capacity 15166K, committed 15360K, reserved 1062912K
  class space    used 1615K, capacity 1767K, committed 1792K, reserved 1048576K
Event: 45.184 GC heap after
Heap after GC invocations=12 (full 1):
 PSYoungGen      total 122368K, used 7518K [0x00000000eb900000, 0x00000000f5e80000, 0x0000000100000000)
  eden space 113664K, 0% used [0x00000000eb900000,0x00000000eb900000,0x00000000f2800000)
  from space 8704K, 86% used [0x00000000f2800000,0x00000000f2f57850,0x00000000f3080000)
  to   space 9728K, 0% used [0x00000000f5500000,0x00000000f5500000,0x00000000f5e80000)
 ParOldGen       total 42496K, used 22397K [0x00000000c2a00000, 0x00000000c5380000, 0x00000000eb900000)
  object space 42496K, 52% used [0x00000000c2a00000,0x00000000c3fdf648,0x00000000c5380000)
 Metaspace       used 14675K, capacity 15166K, committed 15360K, reserved 1062912K
  class space    used 1615K, capacity 1767K, committed 1792K, reserved 1048576K
}
Event: 61.648 GC heap before
{Heap before GC invocations=13 (full 1):
 PSYoungGen      total 122368K, used 121182K [0x00000000eb900000, 0x00000000f5e80000, 0x0000000100000000)
  eden space 113664K, 100% used [0x00000000eb900000,0x00000000f2800000,0x00000000f2800000)
  from space 8704K, 86% used [0x00000000f2800000,0x00000000f2f57850,0x00000000f3080000)
  to   space 9728K, 0% used [0x00000000f5500000,0x00000000f5500000,0x00000000f5e80000)
 ParOldGen       total 42496K, used 22397K [0x00000000c2a00000, 0x00000000c5380000, 0x00000000eb900000)
  object space 42496K, 52% used [0x00000000c2a00000,0x00000000c3fdf648,0x00000000c5380000)
 Metaspace       used 14853K, capacity 15340K, committed 15360K, reserved 1062912K
  class space    used 1633K, capacity 1784K, committed 1792K, reserved 1048576K

