# JRE version: Java(TM) SE Runtime Environment (8.0_201-b09) (build 1.8.0_201-b09)
# Java VM: Java HotSpot(TM) 64-Bit Server VM (25.201-b09 mixed mode linux-amd64 compressed oops)
Heap:
 PSYoungGen      total 150016K, used 477K [0x00000000eb900000, 0x00000000f8f80000, 0x0000000100000000)
  eden space 139776K, 0% used [0x00000000eb900000,0x00000000eb900000,0x00000000f4180000)
  from space 10240K, 4% used [0x00000000f5580000,0x00000000f55f74e0,0x00000000f5f80000)
  to   space 20480K, 0% used [0x00000000f4180000,0x00000000f4180000,0x00000000f5580000)
 ParOldGen       total 46592K, used 46243K [0x00000000c2a00000, 0x00000000c5780000, 0x00000000eb900000)
  object space 46592K, 99% used [0x00000000c2a00000,0x00000000c5728fc0,0x00000000c5780000)
 Metaspace       used 15008K, capacity 15550K, committed 15616K, reserved 1062912K
  class space    used 1640K, capacity 1781K, committed 1792K, reserved 1048576K
GC Heap History (10 events):
Event: 30.553 GC heap after
Heap after GC invocations=9 (full 1):
 PSYoungGen      total 63488K, used 5104K [0x00000000eb900000, 0x00000000eff00000, 0x0000000100000000)
  eden space 58368K, 0% used [0x00000000eb900000,0x00000000eb900000,0x00000000ef200000)
  from space 5120K, 99% used [0x00000000ef800000,0x00000000efcfc0b0,0x00000000efd00000)
  to   space 6144K, 0% used [0x00000000ef200000,0x00000000ef200000,0x00000000ef800000)
 ParOldGen       total 42496K, used 9277K [0x00000000c2a00000, 0x00000000c5380000, 0x00000000eb900000)
  object space 42496K, 21% used [0x00000000c2a00000,0x00000000c330f7c8,0x00000000c5380000)
 Metaspace       used 13782K, capacity 14126K, committed 14336K, reserved 1062912K
  class space    used 1564K, capacity 1667K, committed 1792K, reserved 1048576K
}
Event: 31.965 GC heap before
{Heap before GC invocations=10 (full 1):
 PSYoungGen      total 63488K, used 63472K [0x00000000eb900000, 0x00000000eff00000, 0x0000000100000000)
  eden space 58368K, 100% used [0x00000000eb900000,0x00000000ef200000,0x00000000ef200000)
  from space 5120K, 99% used [0x00000000ef800000,0x00000000efcfc0b0,0x00000000efd00000)
  to   space 6144K, 0% used [0x00000000ef200000,0x00000000ef200000,0x00000000ef800000)
 ParOldGen       total 42496K, used 9277K [0x00000000c2a00000, 0x00000000c5380000, 0x00000000eb900000)
  object space 42496K, 21% used [0x00000000c2a00000,0x00000000c330f7c8,0x00000000c5380000)
 Metaspace       used 13821K, capacity 14126K, committed 14336K, reserved 1062912K
  class space    used 1564K, capacity 1667K, committed 1792K, reserved 1048576K
Event: 32.105 GC heap after
Heap after GC invocations=10 (full 1):
 PSYoungGen      total 64512K, used 6136K [0x00000000eb900000, 0x00000000f3b00000, 0x0000000100000000)
  eden space 58368K, 0% used [0x00000000eb900000,0x00000000eb900000,0x00000000ef200000)
  from space 6144K, 99% used [0x00000000ef200000,0x00000000ef7fe1a8,0x00000000ef800000)
  to   space 8192K, 0% used [0x00000000f3300000,0x00000000f3300000,0x00000000f3b00000)
 ParOldGen       total 42496K, used 12563K [0x00000000c2a00000, 0x00000000c5380000, 0x00000000eb900000)
  object space 42496K, 29% used [0x00000000c2a00000,0x00000000c3644c50,0x00000000c5380000)
 Metaspace       used 13821K, capacity 14126K, committed 14336K, reserved 1062912K
  class space    used 1564K, capacity 1667K, committed 1792K, reserved 1048576K
}
Event: 37.090 GC heap before
{Heap before GC invocations=11 (full 1):
 PSYoungGen      total 64512K, used 64504K [0x00000000eb900000, 0x00000000f3b00000, 0x0000000100000000)
  eden space 58368K, 100% used [0x00000000eb900000,0x00000000ef200000,0x00000000ef200000)
  from space 6144K, 99% used [0x00000000ef200000,0x00000000ef7fe1a8,0x00000000ef800000)
  to   space 8192K, 0% used [0x00000000f3300000,0x00000000f3300000,0x00000000f3b00000)
 ParOldGen       total 42496K, used 12563K [0x00000000c2a00000, 0x00000000c5380000, 0x00000000eb900000)
  object space 42496K, 29% used [0x00000000c2a00000,0x00000000c3644c50,0x00000000c5380000)
 Metaspace       used 14767K, capacity 15250K, committed 15360K, reserved 1062912K
  class space    used 1626K, capacity 1765K, committed 1792K, reserved 1048576K
Event: 37.228 GC heap after
Heap after GC invocations=11 (full 1):
 PSYoungGen      total 101888K, used 8188K [0x00000000eb900000, 0x00000000f3b00000, 0x0000000100000000)
  eden space 93696K, 0% used [0x00000000eb900000,0x00000000eb900000,0x00000000f1480000)
  from space 8192K, 99% used [0x00000000f3300000,0x00000000f3aff298,0x00000000f3b00000)
  to   space 10752K, 0% used [0x00000000f2600000,0x00000000f2600000,0x00000000f3080000)
 ParOldGen       total 42496K, used 17662K [0x00000000c2a00000, 0x00000000c5380000, 0x00000000eb900000)
  object space 42496K, 41% used [0x00000000c2a00000,0x00000000c3b3f978,0x00000000c5380000)
 Metaspace       used 14767K, capacity 15250K, committed 15360K, reserved 1062912K
  class space    used 1626K, capacity 1765K, committed 1792K, reserved 1048576K
}
Event: 72.686 GC heap before
{Heap before GC invocations=12 (full 1):
 PSYoungGen      total 101888K, used 101884K [0x00000000eb900000, 0x00000000f3b00000, 0x0000000100000000)
  eden space 93696K, 100% used [0x00000000eb900000,0x00000000f1480000,0x00000000f1480000)
  from space 8192K, 99% used [0x00000000f3300000,0x00000000f3aff298,0x00000000f3b00000)
  to   space 10752K, 0% used [0x00000000f2600000,0x00000000f2600000,0x00000000f3080000)
 ParOldGen       total 42496K, used 17662K [0x00000000c2a00000, 0x00000000c5380000, 0x00000000eb900000)
  object space 42496K, 41% used [0x00000000c2a00000,0x00000000c3b3f978,0x00000000c5380000)
 Metaspace       used 14973K, capacity 15416K, committed 15616K, reserved 1062912K
  class space    used 1638K, capacity 1780K, committed 1792K, reserved 1048576K
Event: 72.811 GC heap after
Heap after GC invocations=12 (full 1):
 PSYoungGen      total 122368K, used 5532K [0x00000000eb900000, 0x00000000f5f80000, 0x0000000100000000)
  eden space 111616K, 0% used [0x00000000eb900000,0x00000000eb900000,0x00000000f2600000)
  from space 10752K, 51% used [0x00000000f2600000,0x00000000f2b67298,0x00000000f3080000)
  to   space 10240K, 0% used [0x00000000f5580000,0x00000000f5580000,0x00000000f5f80000)
 ParOldGen       total 42496K, used 21890K [0x00000000c2a00000, 0x00000000c5380000, 0x00000000eb900000)
  object space 42496K, 51% used [0x00000000c2a00000,0x00000000c3f609f8,0x00000000c5380000)
 Metaspace       used 14973K, capacity 15416K, committed 15616K, reserved 1062912K
  class space    used 1638K, capacity 1780K, committed 1792K, reserved 1048576K
}
Event: 82.253 GC heap before
{Heap before GC invocations=13 (full 1):
 PSYoungGen      total 122368K, used 117148K [0x00000000eb900000, 0x00000000f5f80000, 0x0000000100000000)
  eden space 111616K, 100% used [0x00000000eb900000,0x00000000f2600000,0x00000000f2600000)
  from space 10752K, 51% used [0x00000000f2600000,0x00000000f2b67298,0x00000000f3080000)
  to   space 10240K, 0% used [0x00000000f5580000,0x00000000f5580000,0x00000000f5f80000)
 ParOldGen       total 42496K, used 21890K [0x00000000c2a00000, 0x00000000c5380000, 0x00000000eb900000)
  object space 42496K, 51% used [0x00000000c2a00000,0x00000000c3f609f8,0x00000000c5380000)
 Metaspace       used 15008K, capacity 15550K, committed 15616K, reserved 1062912K
  class space    used 1640K, capacity 1781K, committed 1792K, reserved 1048576K
Event: 82.382 GC heap after
Heap after GC invocations=13 (full 1):
 PSYoungGen      total 150016K, used 10224K [0x00000000eb900000, 0x00000000f8f80000, 0x0000000100000000)
  eden space 139776K, 0% used [0x00000000eb900000,0x00000000eb900000,0x00000000f4180000)
  from space 10240K, 99% used [0x00000000f5580000,0x00000000f5f7c020,0x00000000f5f80000)
  to   space 20480K, 0% used [0x00000000f4180000,0x00000000f4180000,0x00000000f5580000)
 ParOldGen       total 46592K, used 45609K [0x00000000c2a00000, 0x00000000c5780000, 0x00000000eb900000)
  object space 46592K, 97% used [0x00000000c2a00000,0x00000000c568a518,0x00000000c5780000)
 Metaspace       used 15008K, capacity 15550K, committed 15616K, reserved 1062912K
  class space    used 1640K, capacity 1781K, committed 1792K, reserved 1048576K
}
Event: 82.382 GC heap before
{Heap before GC invocations=14 (full 2):
 PSYoungGen      total 150016K, used 10224K [0x00000000eb900000, 0x00000000f8f80000, 0x0000000100000000)
  eden space 139776K, 0% used [0x00000000eb900000,0x00000000eb900000,0x00000000f4180000)
  from space 10240K, 99% used [0x00000000f5580000,0x00000000f5f7c020,0x00000000f5f80000)
  to   space 20480K, 0% used [0x00000000f4180000,0x00000000f4180000,0x00000000f5580000)
 ParOldGen       total 46592K, used 45609K [0x00000000c2a00000, 0x00000000c5780000, 0x00000000eb900000)
  object space 46592K, 97% used [0x00000000c2a00000,0x00000000c568a518,0x00000000c5780000)
 Metaspace       used 15008K, capacity 15550K, committed 15616K, reserved 1062912K
  class space    used 1640K, capacity 1781K, committed 1792K, reserved 1048576K

