# JRE version: Java(TM) SE Runtime Environment (8.0_201-b09) (build 1.8.0_201-b09)
# Java VM: Java HotSpot(TM) 64-Bit Server VM (25.201-b09 mixed mode linux-amd64 compressed oops)
Heap:
 PSYoungGen      total 154112K, used 2424K [0x00000000eb900000, 0x00000000f7880000, 0x0000000100000000)
  eden space 147968K, 0% used [0x00000000eb900000,0x00000000eb900000,0x00000000f4980000)
  from space 6144K, 39% used [0x00000000f4980000,0x00000000f4bde1a8,0x00000000f4f80000)
  to   space 5632K, 0% used [0x00000000f4f80000,0x00000000f4f80000,0x00000000f5500000)
 ParOldGen       total 42496K, used 19255K [0x00000000c2a00000, 0x00000000c5380000, 0x00000000eb900000)
  object space 42496K, 45% used [0x00000000c2a00000,0x00000000c3ccdea8,0x00000000c5380000)
 Metaspace       used 14019K, capacity 14398K, committed 14592K, reserved 1062912K
  class space    used 1594K, capacity 1707K, committed 1792K, reserved 1048576K
GC Heap History (10 events):
Event: 34.996 GC heap after
Heap after GC invocations=9 (full 1):
 PSYoungGen      total 62976K, used 4960K [0x00000000eb900000, 0x00000000efd00000, 0x0000000100000000)
  eden space 57856K, 0% used [0x00000000eb900000,0x00000000eb900000,0x00000000ef180000)
  from space 5120K, 96% used [0x00000000ef700000,0x00000000efbd8060,0x00000000efc00000)
  to   space 5632K, 0% used [0x00000000ef180000,0x00000000ef180000,0x00000000ef700000)
 ParOldGen       total 42496K, used 7059K [0x00000000c2a00000, 0x00000000c5380000, 0x00000000eb900000)
  object space 42496K, 16% used [0x00000000c2a00000,0x00000000c30e4e70,0x00000000c5380000)
 Metaspace       used 13912K, capacity 14270K, committed 14592K, reserved 1062912K
  class space    used 1594K, capacity 1707K, committed 1792K, reserved 1048576K
}
Event: 37.235 GC heap before
{Heap before GC invocations=10 (full 1):
 PSYoungGen      total 62976K, used 62816K [0x00000000eb900000, 0x00000000efd00000, 0x0000000100000000)
  eden space 57856K, 100% used [0x00000000eb900000,0x00000000ef180000,0x00000000ef180000)
  from space 5120K, 96% used [0x00000000ef700000,0x00000000efbd8060,0x00000000efc00000)
  to   space 5632K, 0% used [0x00000000ef180000,0x00000000ef180000,0x00000000ef700000)
 ParOldGen       total 42496K, used 7059K [0x00000000c2a00000, 0x00000000c5380000, 0x00000000eb900000)
  object space 42496K, 16% used [0x00000000c2a00000,0x00000000c30e4e70,0x00000000c5380000)
 Metaspace       used 13947K, capacity 14334K, committed 14592K, reserved 1062912K
  class space    used 1594K, capacity 1707K, committed 1792K, reserved 1048576K
Event: 37.256 GC heap after
Heap after GC invocations=10 (full 1):
 PSYoungGen      total 63488K, used 4048K [0x00000000eb900000, 0x00000000f3500000, 0x0000000100000000)
  eden space 57856K, 0% used [0x00000000eb900000,0x00000000eb900000,0x00000000ef180000)
  from space 5632K, 71% used [0x00000000ef180000,0x00000000ef574010,0x00000000ef700000)
  to   space 5632K, 0% used [0x00000000f2f80000,0x00000000f2f80000,0x00000000f3500000)
 ParOldGen       total 42496K, used 8547K [0x00000000c2a00000, 0x00000000c5380000, 0x00000000eb900000)
  object space 42496K, 20% used [0x00000000c2a00000,0x00000000c3258eb0,0x00000000c5380000)
 Metaspace       used 13947K, capacity 14334K, committed 14592K, reserved 1062912K
  class space    used 1594K, capacity 1707K, committed 1792K, reserved 1048576K
}
Event: 37.771 GC heap before
{Heap before GC invocations=11 (full 1):
 PSYoungGen      total 63488K, used 61904K [0x00000000eb900000, 0x00000000f3500000, 0x0000000100000000)
  eden space 57856K, 100% used [0x00000000eb900000,0x00000000ef180000,0x00000000ef180000)
  from space 5632K, 71% used [0x00000000ef180000,0x00000000ef574010,0x00000000ef700000)
  to   space 5632K, 0% used [0x00000000f2f80000,0x00000000f2f80000,0x00000000f3500000)
 ParOldGen       total 42496K, used 8547K [0x00000000c2a00000, 0x00000000c5380000, 0x00000000eb900000)
  object space 42496K, 20% used [0x00000000c2a00000,0x00000000c3258eb0,0x00000000c5380000)
 Metaspace       used 13960K, capacity 14334K, committed 14592K, reserved 1062912K
  class space    used 1594K, capacity 1707K, committed 1792K, reserved 1048576K
Event: 37.785 GC heap after
Heap after GC invocations=11 (full 1):
 PSYoungGen      total 97280K, used 4096K [0x00000000eb900000, 0x00000000f3400000, 0x0000000100000000)
  eden space 92672K, 0% used [0x00000000eb900000,0x00000000eb900000,0x00000000f1380000)
  from space 4608K, 88% used [0x00000000f2f80000,0x00000000f3380030,0x00000000f3400000)
  to   space 5632K, 0% used [0x00000000f2900000,0x00000000f2900000,0x00000000f2e80000)
 ParOldGen       total 42496K, used 10182K [0x00000000c2a00000, 0x00000000c5380000, 0x00000000eb900000)
  object space 42496K, 23% used [0x00000000c2a00000,0x00000000c33f18e8,0x00000000c5380000)
 Metaspace       used 13960K, capacity 14334K, committed 14592K, reserved 1062912K
  class space    used 1594K, capacity 1707K, committed 1792K, reserved 1048576K
}
Event: 38.557 GC heap before
{Heap before GC invocations=12 (full 1):
 PSYoungGen      total 97280K, used 96768K [0x00000000eb900000, 0x00000000f3400000, 0x0000000100000000)
  eden space 92672K, 100% used [0x00000000eb900000,0x00000000f1380000,0x00000000f1380000)
  from space 4608K, 88% used [0x00000000f2f80000,0x00000000f3380030,0x00000000f3400000)
  to   space 5632K, 0% used [0x00000000f2900000,0x00000000f2900000,0x00000000f2e80000)
 ParOldGen       total 42496K, used 10182K [0x00000000c2a00000, 0x00000000c5380000, 0x00000000eb900000)
  object space 42496K, 23% used [0x00000000c2a00000,0x00000000c33f18e8,0x00000000c5380000)
 Metaspace       used 13975K, capacity 14334K, committed 14592K, reserved 1062912K
  class space    used 1594K, capacity 1707K, committed 1792K, reserved 1048576K
Event: 38.573 GC heap after
Heap after GC invocations=12 (full 1):
 PSYoungGen      total 120320K, used 2288K [0x00000000eb900000, 0x00000000f5500000, 0x0000000100000000)
  eden space 114688K, 0% used [0x00000000eb900000,0x00000000eb900000,0x00000000f2900000)
  from space 5632K, 40% used [0x00000000f2900000,0x00000000f2b3c020,0x00000000f2e80000)
  to   space 5632K, 0% used [0x00000000f4f80000,0x00000000f4f80000,0x00000000f5500000)
 ParOldGen       total 42496K, used 12564K [0x00000000c2a00000, 0x00000000c5380000, 0x00000000eb900000)
  object space 42496K, 29% used [0x00000000c2a00000,0x00000000c3645318,0x00000000c5380000)
 Metaspace       used 13975K, capacity 14334K, committed 14592K, reserved 1062912K
  class space    used 1594K, capacity 1707K, committed 1792K, reserved 1048576K
}
Event: 39.807 GC heap before
{Heap before GC invocations=13 (full 1):
 PSYoungGen      total 120320K, used 116976K [0x00000000eb900000, 0x00000000f5500000, 0x0000000100000000)
  eden space 114688K, 100% used [0x00000000eb900000,0x00000000f2900000,0x00000000f2900000)
  from space 5632K, 40% used [0x00000000f2900000,0x00000000f2b3c020,0x00000000f2e80000)
  to   space 5632K, 0% used [0x00000000f4f80000,0x00000000f4f80000,0x00000000f5500000)
 ParOldGen       total 42496K, used 12564K [0x00000000c2a00000, 0x00000000c5380000, 0x00000000eb900000)
  object space 42496K, 29% used [0x00000000c2a00000,0x00000000c3645318,0x00000000c5380000)
 Metaspace       used 14000K, capacity 14398K, committed 14592K, reserved 1062912K
  class space    used 1594K, capacity 1707K, committed 1792K, reserved 1048576K
Event: 39.829 GC heap after
Heap after GC invocations=13 (full 1):
 PSYoungGen      total 153600K, used 4864K [0x00000000eb900000, 0x00000000f7880000, 0x0000000100000000)
  eden space 147968K, 0% used [0x00000000eb900000,0x00000000eb900000,0x00000000f4980000)
  from space 5632K, 86% used [0x00000000f4f80000,0x00000000f54401e0,0x00000000f5500000)
  to   space 6144K, 0% used [0x00000000f4980000,0x00000000f4980000,0x00000000f4f80000)
 ParOldGen       total 42496K, used 14625K [0x00000000c2a00000, 0x00000000c5380000, 0x00000000eb900000)
  object space 42496K, 34% used [0x00000000c2a00000,0x00000000c38487d0,0x00000000c5380000)
 Metaspace       used 14000K, capacity 14398K, committed 14592K, reserved 1062912K
  class space    used 1594K, capacity 1707K, committed 1792K, reserved 1048576K
}
Event: 41.228 GC heap before
{Heap before GC invocations=14 (full 1):
 PSYoungGen      total 153600K, used 152832K [0x00000000eb900000, 0x00000000f7880000, 0x0000000100000000)
  eden space 147968K, 100% used [0x00000000eb900000,0x00000000f4980000,0x00000000f4980000)
  from space 5632K, 86% used [0x00000000f4f80000,0x00000000f54401e0,0x00000000f5500000)
  to   space 6144K, 0% used [0x00000000f4980000,0x00000000f4980000,0x00000000f4f80000)
 ParOldGen       total 42496K, used 14625K [0x00000000c2a00000, 0x00000000c5380000, 0x00000000eb900000)
  object space 42496K, 34% used [0x00000000c2a00000,0x00000000c38487d0,0x00000000c5380000)
 Metaspace       used 14019K, capacity 14398K, committed 14592K, reserved 1062912K
  class space    used 1594K, capacity 1707K, committed 1792K, reserved 1048576K

