# JRE version: Java(TM) SE Runtime Environment (8.0_201-b09) (build 1.8.0_201-b09)
# Java VM: Java HotSpot(TM) 64-Bit Server VM (25.201-b09 mixed mode linux-amd64 compressed oops)
Heap:
 PSYoungGen      total 223232K, used 84310K [0x00000000eb900000, 0x0000000100000000, 0x0000000100000000)
  eden space 111616K, 5% used [0x00000000eb900000,0x00000000ebec2190,0x00000000f2600000)
  from space 111616K, 70% used [0x00000000f2600000,0x00000000f7293908,0x00000000f9300000)
  to   space 111616K, 0% used [0x00000000f9300000,0x00000000f9300000,0x0000000100000000)
 ParOldGen       total 202752K, used 178409K [0x00000000c2a00000, 0x00000000cf000000, 0x00000000eb900000)
  object space 202752K, 87% used [0x00000000c2a00000,0x00000000cd83a618,0x00000000cf000000)
 Metaspace       used 38079K, capacity 40106K, committed 40320K, reserved 1085440K
  class space    used 3751K, capacity 4474K, committed 4480K, reserved 1048576K
GC Heap History (10 events):
Event: 174.876 GC heap before
{Heap before GC invocations=61 (full 4):
 PSYoungGen      total 210432K, used 210429K [0x00000000eb900000, 0x0000000100000000, 0x0000000100000000)
  eden space 132096K, 100% used [0x00000000eb900000,0x00000000f3a00000,0x00000000f3a00000)
  from space 78336K, 99% used [0x00000000fb380000,0x00000000fffff4d0,0x0000000100000000)
  to   space 101376K, 0% used [0x00000000f3a00000,0x00000000f3a00000,0x00000000f9d00000)
 ParOldGen       total 202752K, used 156779K [0x00000000c2a00000, 0x00000000cf000000, 0x00000000eb900000)
  object space 202752K, 77% used [0x00000000c2a00000,0x00000000cc31ac00,0x00000000cf000000)
 Metaspace       used 32265K, capacity 33370K, committed 33536K, reserved 1079296K
  class space    used 3251K, capacity 3501K, committed 3584K, reserved 1048576K
Event: 174.964 GC heap after
Heap after GC invocations=61 (full 4):
 PSYoungGen      total 217088K, used 84764K [0x00000000eb900000, 0x0000000100000000, 0x0000000100000000)
  eden space 132096K, 0% used [0x00000000eb900000,0x00000000eb900000,0x00000000f3a00000)
  from space 84992K, 99% used [0x00000000f3a00000,0x00000000f8cc7390,0x00000000f8d00000)
  to   space 110080K, 0% used [0x00000000f9480000,0x00000000f9480000,0x0000000100000000)
 ParOldGen       total 202752K, used 156867K [0x00000000c2a00000, 0x00000000cf000000, 0x00000000eb900000)
  object space 202752K, 77% used [0x00000000c2a00000,0x00000000cc330c00,0x00000000cf000000)
 Metaspace       used 32265K, capacity 33370K, committed 33536K, reserved 1079296K
  class space    used 3251K, capacity 3501K, committed 3584K, reserved 1048576K
}
Event: 176.522 GC heap before
{Heap before GC invocations=62 (full 4):
 PSYoungGen      total 217088K, used 216860K [0x00000000eb900000, 0x0000000100000000, 0x0000000100000000)
  eden space 132096K, 100% used [0x00000000eb900000,0x00000000f3a00000,0x00000000f3a00000)
  from space 84992K, 99% used [0x00000000f3a00000,0x00000000f8cc7390,0x00000000f8d00000)
  to   space 110080K, 0% used [0x00000000f9480000,0x00000000f9480000,0x0000000100000000)
 ParOldGen       total 202752K, used 156867K [0x00000000c2a00000, 0x00000000cf000000, 0x00000000eb900000)
  object space 202752K, 77% used [0x00000000c2a00000,0x00000000cc330c00,0x00000000cf000000)
 Metaspace       used 32316K, capacity 33388K, committed 33536K, reserved 1079296K
  class space    used 3252K, capacity 3504K, committed 3584K, reserved 1048576K
Event: 176.630 GC heap after
Heap after GC invocations=62 (full 4):
 PSYoungGen      total 221696K, used 93093K [0x00000000eb900000, 0x0000000100000000, 0x0000000100000000)
  eden space 111616K, 0% used [0x00000000eb900000,0x00000000eb900000,0x00000000f2600000)
  from space 110080K, 84% used [0x00000000f9480000,0x00000000fef69678,0x0000000100000000)
  to   space 111616K, 0% used [0x00000000f2600000,0x00000000f2600000,0x00000000f9300000)
 ParOldGen       total 202752K, used 160891K [0x00000000c2a00000, 0x00000000cf000000, 0x00000000eb900000)
  object space 202752K, 79% used [0x00000000c2a00000,0x00000000cc71ed00,0x00000000cf000000)
 Metaspace       used 32316K, capacity 33388K, committed 33536K, reserved 1079296K
  class space    used 3252K, capacity 3504K, committed 3584K, reserved 1048576K
}
Event: 179.008 GC heap before
{Heap before GC invocations=63 (full 4):
 PSYoungGen      total 221696K, used 204709K [0x00000000eb900000, 0x0000000100000000, 0x0000000100000000)
  eden space 111616K, 100% used [0x00000000eb900000,0x00000000f2600000,0x00000000f2600000)
  from space 110080K, 84% used [0x00000000f9480000,0x00000000fef69678,0x0000000100000000)
  to   space 111616K, 0% used [0x00000000f2600000,0x00000000f2600000,0x00000000f9300000)
 ParOldGen       total 202752K, used 160891K [0x00000000c2a00000, 0x00000000cf000000, 0x00000000eb900000)
  object space 202752K, 79% used [0x00000000c2a00000,0x00000000cc71ed00,0x00000000cf000000)
 Metaspace       used 35754K, capacity 37132K, committed 37376K, reserved 1083392K
  class space    used 3611K, capacity 4013K, committed 4096K, reserved 1048576K
Event: 179.149 GC heap after
Heap after GC invocations=63 (full 4):
 PSYoungGen      total 223232K, used 80327K [0x00000000eb900000, 0x0000000100000000, 0x0000000100000000)
  eden space 111616K, 0% used [0x00000000eb900000,0x00000000eb900000,0x00000000f2600000)
  from space 111616K, 71% used [0x00000000f2600000,0x00000000f7471f88,0x00000000f9300000)
  to   space 111616K, 0% used [0x00000000f9300000,0x00000000f9300000,0x0000000100000000)
 ParOldGen       total 202752K, used 170731K [0x00000000c2a00000, 0x00000000cf000000, 0x00000000eb900000)
  object space 202752K, 84% used [0x00000000c2a00000,0x00000000cd0baf40,0x00000000cf000000)
 Metaspace       used 35754K, capacity 37132K, committed 37376K, reserved 1083392K
  class space    used 3611K, capacity 4013K, committed 4096K, reserved 1048576K
}
Event: 181.880 GC heap before
{Heap before GC invocations=64 (full 4):
 PSYoungGen      total 223232K, used 191943K [0x00000000eb900000, 0x0000000100000000, 0x0000000100000000)
  eden space 111616K, 100% used [0x00000000eb900000,0x00000000f2600000,0x00000000f2600000)
  from space 111616K, 71% used [0x00000000f2600000,0x00000000f7471f88,0x00000000f9300000)
  to   space 111616K, 0% used [0x00000000f9300000,0x00000000f9300000,0x0000000100000000)
 ParOldGen       total 202752K, used 170731K [0x00000000c2a00000, 0x00000000cf000000, 0x00000000eb900000)
  object space 202752K, 84% used [0x00000000c2a00000,0x00000000cd0baf40,0x00000000cf000000)
 Metaspace       used 36746K, capacity 38422K, committed 38528K, reserved 1083392K
  class space    used 3668K, capacity 4214K, committed 4224K, reserved 1048576K
Event: 182.045 GC heap after
Heap after GC invocations=64 (full 4):
 PSYoungGen      total 223232K, used 77983K [0x00000000eb900000, 0x0000000100000000, 0x0000000100000000)
  eden space 111616K, 0% used [0x00000000eb900000,0x00000000eb900000,0x00000000f2600000)
  from space 111616K, 69% used [0x00000000f9300000,0x00000000fdf27f80,0x0000000100000000)
  to   space 111616K, 0% used [0x00000000f2600000,0x00000000f2600000,0x00000000f9300000)
 ParOldGen       total 202752K, used 175764K [0x00000000c2a00000, 0x00000000cf000000, 0x00000000eb900000)
  object space 202752K, 86% used [0x00000000c2a00000,0x00000000cd5a5060,0x00000000cf000000)
 Metaspace       used 36746K, capacity 38422K, committed 38528K, reserved 1083392K
  class space    used 3668K, capacity 4214K, committed 4224K, reserved 1048576K
}
Event: 187.108 GC heap before
{Heap before GC invocations=65 (full 4):
 PSYoungGen      total 223232K, used 189599K [0x00000000eb900000, 0x0000000100000000, 0x0000000100000000)
  eden space 111616K, 100% used [0x00000000eb900000,0x00000000f2600000,0x00000000f2600000)
  from space 111616K, 69% used [0x00000000f9300000,0x00000000fdf27f80,0x0000000100000000)
  to   space 111616K, 0% used [0x00000000f2600000,0x00000000f2600000,0x00000000f9300000)
 ParOldGen       total 202752K, used 175764K [0x00000000c2a00000, 0x00000000cf000000, 0x00000000eb900000)
  object space 202752K, 86% used [0x00000000c2a00000,0x00000000cd5a5060,0x00000000cf000000)
 Metaspace       used 37988K, capacity 39972K, committed 40064K, reserved 1085440K
  class space    used 3745K, capacity 4468K, committed 4480K, reserved 1048576K
Event: 187.406 GC heap after
Heap after GC invocations=65 (full 4):
 PSYoungGen      total 223232K, used 78414K [0x00000000eb900000, 0x0000000100000000, 0x0000000100000000)
  eden space 111616K, 0% used [0x00000000eb900000,0x00000000eb900000,0x00000000f2600000)
  from space 111616K, 70% used [0x00000000f2600000,0x00000000f7293908,0x00000000f9300000)
  to   space 111616K, 0% used [0x00000000f9300000,0x00000000f9300000,0x0000000100000000)
 ParOldGen       total 202752K, used 178409K [0x00000000c2a00000, 0x00000000cf000000, 0x00000000eb900000)
  object space 202752K, 87% used [0x00000000c2a00000,0x00000000cd83a618,0x00000000cf000000)
 Metaspace       used 37988K, capacity 39972K, committed 40064K, reserved 1085440K
  class space    used 3745K, capacity 4468K, committed 4480K, reserved 1048576K
}

