# JRE version: Java(TM) SE Runtime Environment (8.0_201-b09) (build 1.8.0_201-b09)
# Java VM: Java HotSpot(TM) 64-Bit Server VM (25.201-b09 mixed mode linux-amd64 compressed oops)
Heap:
 PSYoungGen      total 199168K, used 195557K [0x00000000eb900000, 0x00000000fb400000, 0x0000000100000000)
  eden space 190976K, 98% used [0x00000000eb900000,0x00000000f7013540,0x00000000f7380000)
  from space 8192K, 98% used [0x00000000fac00000,0x00000000fb3e61c8,0x00000000fb400000)
  to   space 10752K, 0% used [0x00000000f9f00000,0x00000000f9f00000,0x00000000fa980000)
 ParOldGen       total 42496K, used 16240K [0x00000000c2a00000, 0x00000000c5380000, 0x00000000eb900000)
  object space 42496K, 38% used [0x00000000c2a00000,0x00000000c39dc2c8,0x00000000c5380000)
 Metaspace       used 13960K, capacity 14322K, committed 14592K, reserved 1062912K
  class space    used 1587K, capacity 1705K, committed 1792K, reserved 1048576K
GC Heap History (10 events):
Event: 82.391 GC heap before
{Heap before GC invocations=7 (full 1):
 PSYoungGen      total 34304K, used 34300K [0x00000000eb900000, 0x00000000efc00000, 0x0000000100000000)
  eden space 31744K, 100% used [0x00000000eb900000,0x00000000ed800000,0x00000000ed800000)
  from space 2560K, 99% used [0x00000000ed800000,0x00000000eda7f110,0x00000000eda80000)
  to   space 2560K, 0% used [0x00000000ef980000,0x00000000ef980000,0x00000000efc00000)
 ParOldGen       total 42496K, used 7465K [0x00000000c2a00000, 0x00000000c5380000, 0x00000000eb900000)
  object space 42496K, 17% used [0x00000000c2a00000,0x00000000c314a520,0x00000000c5380000)
 Metaspace       used 13803K, capacity 14194K, committed 14336K, reserved 1062912K
  class space    used 1585K, capacity 1705K, committed 1792K, reserved 1048576K
Event: 82.431 GC heap after
Heap after GC invocations=7 (full 1):
 PSYoungGen      total 62464K, used 2556K [0x00000000eb900000, 0x00000000f0300000, 0x0000000100000000)
  eden space 59904K, 0% used [0x00000000eb900000,0x00000000eb900000,0x00000000ef380000)
  from space 2560K, 99% used [0x00000000ef980000,0x00000000efbff110,0x00000000efc00000)
  to   space 6144K, 0% used [0x00000000ef380000,0x00000000ef380000,0x00000000ef980000)
 ParOldGen       total 42496K, used 8112K [0x00000000c2a00000, 0x00000000c5380000, 0x00000000eb900000)
  object space 42496K, 19% used [0x00000000c2a00000,0x00000000c31ec1a8,0x00000000c5380000)
 Metaspace       used 13803K, capacity 14194K, committed 14336K, reserved 1062912K
  class space    used 1585K, capacity 1705K, committed 1792K, reserved 1048576K
}
Event: 83.261 GC heap before
{Heap before GC invocations=8 (full 1):
 PSYoungGen      total 62464K, used 62460K [0x00000000eb900000, 0x00000000f0300000, 0x0000000100000000)
  eden space 59904K, 100% used [0x00000000eb900000,0x00000000ef380000,0x00000000ef380000)
  from space 2560K, 99% used [0x00000000ef980000,0x00000000efbff110,0x00000000efc00000)
  to   space 6144K, 0% used [0x00000000ef380000,0x00000000ef380000,0x00000000ef980000)
 ParOldGen       total 42496K, used 8112K [0x00000000c2a00000, 0x00000000c5380000, 0x00000000eb900000)
  object space 42496K, 19% used [0x00000000c2a00000,0x00000000c31ec1a8,0x00000000c5380000)
 Metaspace       used 13836K, capacity 14258K, committed 14592K, reserved 1062912K
  class space    used 1585K, capacity 1705K, committed 1792K, reserved 1048576K
Event: 83.296 GC heap after
Heap after GC invocations=8 (full 1):
 PSYoungGen      total 66048K, used 6140K [0x00000000eb900000, 0x00000000f3c00000, 0x0000000100000000)
  eden space 59904K, 0% used [0x00000000eb900000,0x00000000eb900000,0x00000000ef380000)
  from space 6144K, 99% used [0x00000000ef380000,0x00000000ef97f110,0x00000000ef980000)
  to   space 7168K, 0% used [0x00000000f3500000,0x00000000f3500000,0x00000000f3c00000)
 ParOldGen       total 42496K, used 8609K [0x00000000c2a00000, 0x00000000c5380000, 0x00000000eb900000)
  object space 42496K, 20% used [0x00000000c2a00000,0x00000000c3268538,0x00000000c5380000)
 Metaspace       used 13836K, capacity 14258K, committed 14592K, reserved 1062912K
  class space    used 1585K, capacity 1705K, committed 1792K, reserved 1048576K
}
Event: 83.810 GC heap before
{Heap before GC invocations=9 (full 1):
 PSYoungGen      total 66048K, used 66044K [0x00000000eb900000, 0x00000000f3c00000, 0x0000000100000000)
  eden space 59904K, 100% used [0x00000000eb900000,0x00000000ef380000,0x00000000ef380000)
  from space 6144K, 99% used [0x00000000ef380000,0x00000000ef97f110,0x00000000ef980000)
  to   space 7168K, 0% used [0x00000000f3500000,0x00000000f3500000,0x00000000f3c00000)
 ParOldGen       total 42496K, used 8609K [0x00000000c2a00000, 0x00000000c5380000, 0x00000000eb900000)
  object space 42496K, 20% used [0x00000000c2a00000,0x00000000c3268538,0x00000000c5380000)
 Metaspace       used 13855K, capacity 14258K, committed 14592K, reserved 1062912K
  class space    used 1586K, capacity 1705K, committed 1792K, reserved 1048576K
Event: 83.830 GC heap after
Heap after GC invocations=9 (full 1):
 PSYoungGen      total 126464K, used 6592K [0x00000000eb900000, 0x00000000f3d00000, 0x0000000100000000)
  eden space 119296K, 0% used [0x00000000eb900000,0x00000000eb900000,0x00000000f2d80000)
  from space 7168K, 91% used [0x00000000f3500000,0x00000000f3b70000,0x00000000f3c00000)
  to   space 7680K, 0% used [0x00000000f2d80000,0x00000000f2d80000,0x00000000f3500000)
 ParOldGen       total 42496K, used 9653K [0x00000000c2a00000, 0x00000000c5380000, 0x00000000eb900000)
  object space 42496K, 22% used [0x00000000c2a00000,0x00000000c336d668,0x00000000c5380000)
 Metaspace       used 13855K, capacity 14258K, committed 14592K, reserved 1062912K
  class space    used 1586K, capacity 1705K, committed 1792K, reserved 1048576K
}
Event: 85.445 GC heap before
{Heap before GC invocations=10 (full 1):
 PSYoungGen      total 126464K, used 125888K [0x00000000eb900000, 0x00000000f3d00000, 0x0000000100000000)
  eden space 119296K, 100% used [0x00000000eb900000,0x00000000f2d80000,0x00000000f2d80000)
  from space 7168K, 91% used [0x00000000f3500000,0x00000000f3b70000,0x00000000f3c00000)
  to   space 7680K, 0% used [0x00000000f2d80000,0x00000000f2d80000,0x00000000f3500000)
 ParOldGen       total 42496K, used 9653K [0x00000000c2a00000, 0x00000000c5380000, 0x00000000eb900000)
  object space 42496K, 22% used [0x00000000c2a00000,0x00000000c336d668,0x00000000c5380000)
 Metaspace       used 13896K, capacity 14258K, committed 14592K, reserved 1062912K
  class space    used 1586K, capacity 1705K, committed 1792K, reserved 1048576K
Event: 85.476 GC heap after
Heap after GC invocations=10 (full 1):
 PSYoungGen      total 126976K, used 7680K [0x00000000eb900000, 0x00000000fb600000, 0x0000000100000000)
  eden space 119296K, 0% used [0x00000000eb900000,0x00000000eb900000,0x00000000f2d80000)
  from space 7680K, 100% used [0x00000000f2d80000,0x00000000f3500000,0x00000000f3500000)
  to   space 10240K, 0% used [0x00000000fac00000,0x00000000fac00000,0x00000000fb600000)
 ParOldGen       total 42496K, used 12888K [0x00000000c2a00000, 0x00000000c5380000, 0x00000000eb900000)
  object space 42496K, 30% used [0x00000000c2a00000,0x00000000c36962c8,0x00000000c5380000)
 Metaspace       used 13896K, capacity 14258K, committed 14592K, reserved 1062912K
  class space    used 1586K, capacity 1705K, committed 1792K, reserved 1048576K
}
Event: 86.567 GC heap before
{Heap before GC invocations=11 (full 1):
 PSYoungGen      total 126976K, used 126976K [0x00000000eb900000, 0x00000000fb600000, 0x0000000100000000)
  eden space 119296K, 100% used [0x00000000eb900000,0x00000000f2d80000,0x00000000f2d80000)
  from space 7680K, 100% used [0x00000000f2d80000,0x00000000f3500000,0x00000000f3500000)
  to   space 10240K, 0% used [0x00000000fac00000,0x00000000fac00000,0x00000000fb600000)
 ParOldGen       total 42496K, used 12888K [0x00000000c2a00000, 0x00000000c5380000, 0x00000000eb900000)
  object space 42496K, 30% used [0x00000000c2a00000,0x00000000c36962c8,0x00000000c5380000)
 Metaspace       used 13929K, capacity 14322K, committed 14592K, reserved 1062912K
  class space    used 1586K, capacity 1705K, committed 1792K, reserved 1048576K
Event: 86.591 GC heap after
Heap after GC invocations=11 (full 1):
 PSYoungGen      total 199168K, used 8088K [0x00000000eb900000, 0x00000000fb400000, 0x0000000100000000)
  eden space 190976K, 0% used [0x00000000eb900000,0x00000000eb900000,0x00000000f7380000)
  from space 8192K, 98% used [0x00000000fac00000,0x00000000fb3e61c8,0x00000000fb400000)
  to   space 10752K, 0% used [0x00000000f9f00000,0x00000000f9f00000,0x00000000fa980000)
 ParOldGen       total 42496K, used 16240K [0x00000000c2a00000, 0x00000000c5380000, 0x00000000eb900000)
  object space 42496K, 38% used [0x00000000c2a00000,0x00000000c39dc2c8,0x00000000c5380000)
 Metaspace       used 13929K, capacity 14322K, committed 14592K, reserved 1062912K
  class space    used 1586K, capacity 1705K, committed 1792K, reserved 1048576K
}

