# JRE version: Java(TM) SE Runtime Environment (8.0_201-b09) (build 1.8.0_201-b09)
# Java VM: Java HotSpot(TM) 64-Bit Server VM (25.201-b09 mixed mode linux-amd64 compressed oops)
Heap:
 PSYoungGen      total 65024K, used 6652K [0x00000000eb900000, 0x00000000f0000000, 0x0000000100000000)
  eden space 58368K, 0% used [0x00000000eb900000,0x00000000eb900000,0x00000000ef200000)
  from space 6656K, 99% used [0x00000000ef200000,0x00000000ef87f060,0x00000000ef880000)
  to   space 5632K, 0% used [0x00000000ef880000,0x00000000ef880000,0x00000000efe00000)
 ParOldGen       total 42496K, used 19118K [0x00000000c2a00000, 0x00000000c5380000, 0x00000000eb900000)
  object space 42496K, 44% used [0x00000000c2a00000,0x00000000c3cab9a8,0x00000000c5380000)
 Metaspace       used 14417K, capacity 14796K, committed 15104K, reserved 1062912K
  class space    used 1624K, capacity 1736K, committed 1792K, reserved 1048576K
GC Heap History (10 events):
Event: 37.721 GC heap after
Heap after GC invocations=5 (full 1):
 PSYoungGen      total 18432K, used 2528K [0x00000000eb900000, 0x00000000ecd80000, 0x0000000100000000)
  eden space 15872K, 0% used [0x00000000eb900000,0x00000000eb900000,0x00000000ec880000)
  from space 2560K, 98% used [0x00000000ecb00000,0x00000000ecd78020,0x00000000ecd80000)
  to   space 2560K, 0% used [0x00000000ec880000,0x00000000ec880000,0x00000000ecb00000)
 ParOldGen       total 42496K, used 5002K [0x00000000c2a00000, 0x00000000c5380000, 0x00000000eb900000)
  object space 42496K, 11% used [0x00000000c2a00000,0x00000000c2ee2af8,0x00000000c5380000)
 Metaspace       used 13590K, capacity 13926K, committed 14080K, reserved 1060864K
  class space    used 1583K, capacity 1703K, committed 1792K, reserved 1048576K
}
Event: 38.272 GC heap before
{Heap before GC invocations=6 (full 1):
 PSYoungGen      total 18432K, used 18400K [0x00000000eb900000, 0x00000000ecd80000, 0x0000000100000000)
  eden space 15872K, 100% used [0x00000000eb900000,0x00000000ec880000,0x00000000ec880000)
  from space 2560K, 98% used [0x00000000ecb00000,0x00000000ecd78020,0x00000000ecd80000)
  to   space 2560K, 0% used [0x00000000ec880000,0x00000000ec880000,0x00000000ecb00000)
 ParOldGen       total 42496K, used 5002K [0x00000000c2a00000, 0x00000000c5380000, 0x00000000eb900000)
  object space 42496K, 11% used [0x00000000c2a00000,0x00000000c2ee2af8,0x00000000c5380000)
 Metaspace       used 13679K, capacity 14054K, committed 14336K, reserved 1062912K
  class space    used 1583K, capacity 1703K, committed 1792K, reserved 1048576K
Event: 38.288 GC heap after
Heap after GC invocations=6 (full 1):
 PSYoungGen      total 18432K, used 2560K [0x00000000eb900000, 0x00000000edd00000, 0x0000000100000000)
  eden space 15872K, 0% used [0x00000000eb900000,0x00000000eb900000,0x00000000ec880000)
  from space 2560K, 100% used [0x00000000ec880000,0x00000000ecb00000,0x00000000ecb00000)
  to   space 2560K, 0% used [0x00000000eda80000,0x00000000eda80000,0x00000000edd00000)
 ParOldGen       total 42496K, used 6024K [0x00000000c2a00000, 0x00000000c5380000, 0x00000000eb900000)
  object space 42496K, 14% used [0x00000000c2a00000,0x00000000c2fe2370,0x00000000c5380000)
 Metaspace       used 13679K, capacity 14054K, committed 14336K, reserved 1062912K
  class space    used 1583K, capacity 1703K, committed 1792K, reserved 1048576K
}
Event: 38.781 GC heap before
{Heap before GC invocations=7 (full 1):
 PSYoungGen      total 18432K, used 18432K [0x00000000eb900000, 0x00000000edd00000, 0x0000000100000000)
  eden space 15872K, 100% used [0x00000000eb900000,0x00000000ec880000,0x00000000ec880000)
  from space 2560K, 100% used [0x00000000ec880000,0x00000000ecb00000,0x00000000ecb00000)
  to   space 2560K, 0% used [0x00000000eda80000,0x00000000eda80000,0x00000000edd00000)
 ParOldGen       total 42496K, used 6024K [0x00000000c2a00000, 0x00000000c5380000, 0x00000000eb900000)
  object space 42496K, 14% used [0x00000000c2a00000,0x00000000c2fe2370,0x00000000c5380000)
 Metaspace       used 13724K, capacity 14118K, committed 14336K, reserved 1062912K
  class space    used 1583K, capacity 1703K, committed 1792K, reserved 1048576K
Event: 38.795 GC heap after
Heap after GC invocations=7 (full 1):
 PSYoungGen      total 32256K, used 2544K [0x00000000eb900000, 0x00000000ee100000, 0x0000000100000000)
  eden space 29696K, 0% used [0x00000000eb900000,0x00000000eb900000,0x00000000ed600000)
  from space 2560K, 99% used [0x00000000eda80000,0x00000000edcfc050,0x00000000edd00000)
  to   space 4608K, 0% used [0x00000000ed600000,0x00000000ed600000,0x00000000eda80000)
 ParOldGen       total 42496K, used 7069K [0x00000000c2a00000, 0x00000000c5380000, 0x00000000eb900000)
  object space 42496K, 16% used [0x00000000c2a00000,0x00000000c30e7660,0x00000000c5380000)
 Metaspace       used 13724K, capacity 14118K, committed 14336K, reserved 1062912K
  class space    used 1583K, capacity 1703K, committed 1792K, reserved 1048576K
}
Event: 41.693 GC heap before
{Heap before GC invocations=8 (full 1):
 PSYoungGen      total 32256K, used 32240K [0x00000000eb900000, 0x00000000ee100000, 0x0000000100000000)
  eden space 29696K, 100% used [0x00000000eb900000,0x00000000ed600000,0x00000000ed600000)
  from space 2560K, 99% used [0x00000000eda80000,0x00000000edcfc050,0x00000000edd00000)
  to   space 4608K, 0% used [0x00000000ed600000,0x00000000ed600000,0x00000000eda80000)
 ParOldGen       total 42496K, used 7069K [0x00000000c2a00000, 0x00000000c5380000, 0x00000000eb900000)
  object space 42496K, 16% used [0x00000000c2a00000,0x00000000c30e7660,0x00000000c5380000)
 Metaspace       used 14200K, capacity 14606K, committed 14848K, reserved 1062912K
  class space    used 1613K, capacity 1727K, committed 1792K, reserved 1048576K
Event: 41.726 GC heap after
Heap after GC invocations=8 (full 1):
 PSYoungGen      total 34304K, used 4592K [0x00000000eb900000, 0x00000000efe00000, 0x0000000100000000)
  eden space 29696K, 0% used [0x00000000eb900000,0x00000000eb900000,0x00000000ed600000)
  from space 4608K, 99% used [0x00000000ed600000,0x00000000eda7c050,0x00000000eda80000)
  to   space 5632K, 0% used [0x00000000ef880000,0x00000000ef880000,0x00000000efe00000)
 ParOldGen       total 42496K, used 8295K [0x00000000c2a00000, 0x00000000c5380000, 0x00000000eb900000)
  object space 42496K, 19% used [0x00000000c2a00000,0x00000000c3219e30,0x00000000c5380000)
 Metaspace       used 14200K, capacity 14606K, committed 14848K, reserved 1062912K
  class space    used 1613K, capacity 1727K, committed 1792K, reserved 1048576K
}
Event: 77.687 GC heap before
{Heap before GC invocations=9 (full 1):
 PSYoungGen      total 34304K, used 34288K [0x00000000eb900000, 0x00000000efe00000, 0x0000000100000000)
  eden space 29696K, 100% used [0x00000000eb900000,0x00000000ed600000,0x00000000ed600000)
  from space 4608K, 99% used [0x00000000ed600000,0x00000000eda7c050,0x00000000eda80000)
  to   space 5632K, 0% used [0x00000000ef880000,0x00000000ef880000,0x00000000efe00000)
 ParOldGen       total 42496K, used 8295K [0x00000000c2a00000, 0x00000000c5380000, 0x00000000eb900000)
  object space 42496K, 19% used [0x00000000c2a00000,0x00000000c3219e30,0x00000000c5380000)
 Metaspace       used 14330K, capacity 14720K, committed 14848K, reserved 1062912K
  class space    used 1621K, capacity 1734K, committed 1792K, reserved 1048576K
Event: 77.712 GC heap after
Heap after GC invocations=9 (full 1):
 PSYoungGen      total 64000K, used 5602K [0x00000000eb900000, 0x00000000f0000000, 0x0000000100000000)
  eden space 58368K, 0% used [0x00000000eb900000,0x00000000eb900000,0x00000000ef200000)
  from space 5632K, 99% used [0x00000000ef880000,0x00000000efdf8890,0x00000000efe00000)
  to   space 6656K, 0% used [0x00000000ef200000,0x00000000ef200000,0x00000000ef880000)
 ParOldGen       total 42496K, used 9935K [0x00000000c2a00000, 0x00000000c5380000, 0x00000000eb900000)
  object space 42496K, 23% used [0x00000000c2a00000,0x00000000c33b3ea0,0x00000000c5380000)
 Metaspace       used 14330K, capacity 14720K, committed 14848K, reserved 1062912K
  class space    used 1621K, capacity 1734K, committed 1792K, reserved 1048576K
}
Event: 80.708 GC heap before
{Heap before GC invocations=10 (full 1):
 PSYoungGen      total 64000K, used 63846K [0x00000000eb900000, 0x00000000f0000000, 0x0000000100000000)
  eden space 58368K, 99% used [0x00000000eb900000,0x00000000ef1e11c0,0x00000000ef200000)
  from space 5632K, 99% used [0x00000000ef880000,0x00000000efdf8890,0x00000000efe00000)
  to   space 6656K, 0% used [0x00000000ef200000,0x00000000ef200000,0x00000000ef880000)
 ParOldGen       total 42496K, used 9935K [0x00000000c2a00000, 0x00000000c5380000, 0x00000000eb900000)
  object space 42496K, 23% used [0x00000000c2a00000,0x00000000c33b3ea0,0x00000000c5380000)
 Metaspace       used 14417K, capacity 14796K, committed 15104K, reserved 1062912K
  class space    used 1624K, capacity 1736K, committed 1792K, reserved 1048576K

