# JRE version: Java(TM) SE Runtime Environment (8.0_201-b09) (build 1.8.0_201-b09)
# Java VM: Java HotSpot(TM) 64-Bit Server VM (25.201-b09 mixed mode linux-amd64 compressed oops)
Heap:
 PSYoungGen      total 287744K, used 15653K [0x00000000eb900000, 0x0000000100000000, 0x0000000100000000)
  eden space 249856K, 0% used [0x00000000eb900000,0x00000000eb900000,0x00000000fad00000)
  from space 37888K, 41% used [0x00000000fd580000,0x00000000fe4c9540,0x00000000ffa80000)
  to   space 41472K, 0% used [0x00000000fad00000,0x00000000fad00000,0x00000000fd580000)
 ParOldGen       total 74240K, used 73927K [0x00000000c2a00000, 0x00000000c7280000, 0x00000000eb900000)
  object space 74240K, 99% used [0x00000000c2a00000,0x00000000c7231d38,0x00000000c7280000)
 Metaspace       used 23471K, capacity 24150K, committed 24192K, reserved 1071104K
  class space    used 2486K, capacity 2673K, committed 2688K, reserved 1048576K
GC Heap History (10 events):
Event: 24.891 GC heap after
Heap after GC invocations=14 (full 2):
 PSYoungGen      total 204288K, used 13808K [0x00000000eb900000, 0x00000000fb300000, 0x0000000100000000)
  eden space 190464K, 0% used [0x00000000eb900000,0x00000000eb900000,0x00000000f7300000)
  from space 13824K, 99% used [0x00000000fa580000,0x00000000fb2fc050,0x00000000fb300000)
  to   space 20992K, 0% used [0x00000000f8a00000,0x00000000f8a00000,0x00000000f9e80000)
 ParOldGen       total 74240K, used 39779K [0x00000000c2a00000, 0x00000000c7280000, 0x00000000eb900000)
  object space 74240K, 53% used [0x00000000c2a00000,0x00000000c50d8da0,0x00000000c7280000)
 Metaspace       used 22562K, capacity 23030K, committed 23296K, reserved 1071104K
  class space    used 2421K, capacity 2545K, committed 2560K, reserved 1048576K
}
Event: 34.482 GC heap before
{Heap before GC invocations=15 (full 2):
 PSYoungGen      total 204288K, used 204272K [0x00000000eb900000, 0x00000000fb300000, 0x0000000100000000)
  eden space 190464K, 100% used [0x00000000eb900000,0x00000000f7300000,0x00000000f7300000)
  from space 13824K, 99% used [0x00000000fa580000,0x00000000fb2fc050,0x00000000fb300000)
  to   space 20992K, 0% used [0x00000000f8a00000,0x00000000f8a00000,0x00000000f9e80000)
 ParOldGen       total 74240K, used 39779K [0x00000000c2a00000, 0x00000000c7280000, 0x00000000eb900000)
  object space 74240K, 53% used [0x00000000c2a00000,0x00000000c50d8da0,0x00000000c7280000)
 Metaspace       used 23267K, capacity 23934K, committed 24192K, reserved 1071104K
  class space    used 2484K, capacity 2669K, committed 2688K, reserved 1048576K
Event: 34.623 GC heap after
Heap after GC invocations=15 (full 2):
 PSYoungGen      total 235008K, used 20960K [0x00000000eb900000, 0x00000000fc500000, 0x0000000100000000)
  eden space 214016K, 0% used [0x00000000eb900000,0x00000000eb900000,0x00000000f8a00000)
  from space 20992K, 99% used [0x00000000f8a00000,0x00000000f9e78040,0x00000000f9e80000)
  to   space 27136K, 0% used [0x00000000faa80000,0x00000000faa80000,0x00000000fc500000)
 ParOldGen       total 74240K, used 48070K [0x00000000c2a00000, 0x00000000c7280000, 0x00000000eb900000)
  object space 74240K, 64% used [0x00000000c2a00000,0x00000000c58f1ad0,0x00000000c7280000)
 Metaspace       used 23267K, capacity 23934K, committed 24192K, reserved 1071104K
  class space    used 2484K, capacity 2669K, committed 2688K, reserved 1048576K
}
Event: 39.970 GC heap before
{Heap before GC invocations=16 (full 2):
 PSYoungGen      total 235008K, used 234976K [0x00000000eb900000, 0x00000000fc500000, 0x0000000100000000)
  eden space 214016K, 100% used [0x00000000eb900000,0x00000000f8a00000,0x00000000f8a00000)
  from space 20992K, 99% used [0x00000000f8a00000,0x00000000f9e78040,0x00000000f9e80000)
  to   space 27136K, 0% used [0x00000000faa80000,0x00000000faa80000,0x00000000fc500000)
 ParOldGen       total 74240K, used 48070K [0x00000000c2a00000, 0x00000000c7280000, 0x00000000eb900000)
  object space 74240K, 64% used [0x00000000c2a00000,0x00000000c58f1ad0,0x00000000c7280000)
 Metaspace       used 23318K, capacity 24010K, committed 24192K, reserved 1071104K
  class space    used 2485K, capacity 2671K, committed 2688K, reserved 1048576K
Event: 40.106 GC heap after
Heap after GC invocations=16 (full 2):
 PSYoungGen      total 243712K, used 25312K [0x00000000eb900000, 0x00000000fe800000, 0x0000000100000000)
  eden space 216576K, 0% used [0x00000000eb900000,0x00000000eb900000,0x00000000f8c80000)
  from space 27136K, 93% used [0x00000000faa80000,0x00000000fc338000,0x00000000fc500000)
  to   space 30720K, 0% used [0x00000000f8c80000,0x00000000f8c80000,0x00000000faa80000)
 ParOldGen       total 74240K, used 54614K [0x00000000c2a00000, 0x00000000c7280000, 0x00000000eb900000)
  object space 74240K, 73% used [0x00000000c2a00000,0x00000000c5f55b60,0x00000000c7280000)
 Metaspace       used 23318K, capacity 24010K, committed 24192K, reserved 1071104K
  class space    used 2485K, capacity 2671K, committed 2688K, reserved 1048576K
}
Event: 42.918 GC heap before
{Heap before GC invocations=17 (full 2):
 PSYoungGen      total 243712K, used 241888K [0x00000000eb900000, 0x00000000fe800000, 0x0000000100000000)
  eden space 216576K, 100% used [0x00000000eb900000,0x00000000f8c80000,0x00000000f8c80000)
  from space 27136K, 93% used [0x00000000faa80000,0x00000000fc338000,0x00000000fc500000)
  to   space 30720K, 0% used [0x00000000f8c80000,0x00000000f8c80000,0x00000000faa80000)
 ParOldGen       total 74240K, used 54614K [0x00000000c2a00000, 0x00000000c7280000, 0x00000000eb900000)
  object space 74240K, 73% used [0x00000000c2a00000,0x00000000c5f55b60,0x00000000c7280000)
 Metaspace       used 23428K, capacity 24080K, committed 24192K, reserved 1071104K
  class space    used 2486K, capacity 2672K, committed 2688K, reserved 1048576K
Event: 42.998 GC heap after
Heap after GC invocations=17 (full 2):
 PSYoungGen      total 247296K, used 30720K [0x00000000eb900000, 0x00000000ffa80000, 0x0000000100000000)
  eden space 216576K, 0% used [0x00000000eb900000,0x00000000eb900000,0x00000000f8c80000)
  from space 30720K, 100% used [0x00000000f8c80000,0x00000000faa80000,0x00000000faa80000)
  to   space 37888K, 0% used [0x00000000fd580000,0x00000000fd580000,0x00000000ffa80000)
 ParOldGen       total 74240K, used 60527K [0x00000000c2a00000, 0x00000000c7280000, 0x00000000eb900000)
  object space 74240K, 81% used [0x00000000c2a00000,0x00000000c651beb0,0x00000000c7280000)
 Metaspace       used 23428K, capacity 24080K, committed 24192K, reserved 1071104K
  class space    used 2486K, capacity 2672K, committed 2688K, reserved 1048576K
}
Event: 45.202 GC heap before
{Heap before GC invocations=18 (full 2):
 PSYoungGen      total 247296K, used 247296K [0x00000000eb900000, 0x00000000ffa80000, 0x0000000100000000)
  eden space 216576K, 100% used [0x00000000eb900000,0x00000000f8c80000,0x00000000f8c80000)
  from space 30720K, 100% used [0x00000000f8c80000,0x00000000faa80000,0x00000000faa80000)
  to   space 37888K, 0% used [0x00000000fd580000,0x00000000fd580000,0x00000000ffa80000)
 ParOldGen       total 74240K, used 60527K [0x00000000c2a00000, 0x00000000c7280000, 0x00000000eb900000)
  object space 74240K, 81% used [0x00000000c2a00000,0x00000000c651beb0,0x00000000c7280000)
 Metaspace       used 23471K, capacity 24150K, committed 24192K, reserved 1071104K
  class space    used 2486K, capacity 2673K, committed 2688K, reserved 1048576K
Event: 45.322 GC heap after
Heap after GC invocations=18 (full 2):
 PSYoungGen      total 287744K, used 31328K [0x00000000eb900000, 0x0000000100000000, 0x0000000100000000)
  eden space 249856K, 0% used [0x00000000eb900000,0x00000000eb900000,0x00000000fad00000)
  from space 37888K, 82% used [0x00000000fd580000,0x00000000ff418000,0x00000000ffa80000)
  to   space 41472K, 0% used [0x00000000fad00000,0x00000000fad00000,0x00000000fd580000)
 ParOldGen       total 74240K, used 69716K [0x00000000c2a00000, 0x00000000c7280000, 0x00000000eb900000)
  object space 74240K, 93% used [0x00000000c2a00000,0x00000000c6e153c0,0x00000000c7280000)
 Metaspace       used 23471K, capacity 24150K, committed 24192K, reserved 1071104K
  class space    used 2486K, capacity 2673K, committed 2688K, reserved 1048576K
}
Event: 45.322 GC heap before
{Heap before GC invocations=19 (full 3):
 PSYoungGen      total 287744K, used 31328K [0x00000000eb900000, 0x0000000100000000, 0x0000000100000000)
  eden space 249856K, 0% used [0x00000000eb900000,0x00000000eb900000,0x00000000fad00000)
  from space 37888K, 82% used [0x00000000fd580000,0x00000000ff418000,0x00000000ffa80000)
  to   space 41472K, 0% used [0x00000000fad00000,0x00000000fad00000,0x00000000fd580000)
 ParOldGen       total 74240K, used 69716K [0x00000000c2a00000, 0x00000000c7280000, 0x00000000eb900000)
  object space 74240K, 93% used [0x00000000c2a00000,0x00000000c6e153c0,0x00000000c7280000)
 Metaspace       used 23471K, capacity 24150K, committed 24192K, reserved 1071104K
  class space    used 2486K, capacity 2673K, committed 2688K, reserved 1048576K

