# JRE version: Java(TM) SE Runtime Environment (8.0_201-b09) (build 1.8.0_201-b09)
# Java VM: Java HotSpot(TM) 64-Bit Server VM (25.201-b09 mixed mode linux-amd64 compressed oops)
Heap:
 PSYoungGen      total 66048K, used 6624K [0x00000000eb900000, 0x00000000f0400000, 0x0000000100000000)
  eden space 59392K, 0% used [0x00000000eb900000,0x00000000eb900000,0x00000000ef300000)
  from space 6656K, 99% used [0x00000000ef300000,0x00000000ef978110,0x00000000ef980000)
  to   space 2560K, 0% used [0x00000000ef980000,0x00000000ef980000,0x00000000efc00000)
 ParOldGen       total 42496K, used 13886K [0x00000000c2a00000, 0x00000000c5380000, 0x00000000eb900000)
  object space 42496K, 32% used [0x00000000c2a00000,0x00000000c378f868,0x00000000c5380000)
 Metaspace       used 13934K, capacity 14304K, committed 14592K, reserved 1062912K
  class space    used 1585K, capacity 1702K, committed 1792K, reserved 1048576K
GC Heap History (10 events):
Event: 2.230 GC heap after
Heap after GC invocations=3 (full 1):
 PSYoungGen      total 34304K, used 0K [0x00000000eb900000, 0x00000000edd00000, 0x0000000100000000)
  eden space 31744K, 0% used [0x00000000eb900000,0x00000000eb900000,0x00000000ed800000)
  from space 2560K, 0% used [0x00000000eda80000,0x00000000eda80000,0x00000000edd00000)
  to   space 2560K, 0% used [0x00000000ed800000,0x00000000ed800000,0x00000000eda80000)
 ParOldGen       total 42496K, used 3546K [0x00000000c2a00000, 0x00000000c5380000, 0x00000000eb900000)
  object space 42496K, 8% used [0x00000000c2a00000,0x00000000c2d76a88,0x00000000c5380000)
 Metaspace       used 10232K, capacity 10428K, committed 10624K, reserved 1058816K
  class space    used 1239K, capacity 1324K, committed 1408K, reserved 1048576K
}
Event: 32.602 GC heap before
{Heap before GC invocations=4 (full 1):
 PSYoungGen      total 34304K, used 31744K [0x00000000eb900000, 0x00000000edd00000, 0x0000000100000000)
  eden space 31744K, 100% used [0x00000000eb900000,0x00000000ed800000,0x00000000ed800000)
  from space 2560K, 0% used [0x00000000eda80000,0x00000000eda80000,0x00000000edd00000)
  to   space 2560K, 0% used [0x00000000ed800000,0x00000000ed800000,0x00000000eda80000)
 ParOldGen       total 42496K, used 3546K [0x00000000c2a00000, 0x00000000c5380000, 0x00000000eb900000)
  object space 42496K, 8% used [0x00000000c2a00000,0x00000000c2d76a88,0x00000000c5380000)
 Metaspace       used 13635K, capacity 14048K, committed 14336K, reserved 1062912K
  class space    used 1584K, capacity 1702K, committed 1792K, reserved 1048576K
Event: 32.897 GC heap after
Heap after GC invocations=4 (full 1):
 PSYoungGen      total 34304K, used 2543K [0x00000000eb900000, 0x00000000edd00000, 0x0000000100000000)
  eden space 31744K, 0% used [0x00000000eb900000,0x00000000eb900000,0x00000000ed800000)
  from space 2560K, 99% used [0x00000000ed800000,0x00000000eda7bf78,0x00000000eda80000)
  to   space 2560K, 0% used [0x00000000eda80000,0x00000000eda80000,0x00000000edd00000)
 ParOldGen       total 42496K, used 6655K [0x00000000c2a00000, 0x00000000c5380000, 0x00000000eb900000)
  object space 42496K, 15% used [0x00000000c2a00000,0x00000000c307fff0,0x00000000c5380000)
 Metaspace       used 13635K, capacity 14048K, committed 14336K, reserved 1062912K
  class space    used 1584K, capacity 1702K, committed 1792K, reserved 1048576K
}
Event: 34.716 GC heap before
{Heap before GC invocations=5 (full 1):
 PSYoungGen      total 34304K, used 34287K [0x00000000eb900000, 0x00000000edd00000, 0x0000000100000000)
  eden space 31744K, 100% used [0x00000000eb900000,0x00000000ed800000,0x00000000ed800000)
  from space 2560K, 99% used [0x00000000ed800000,0x00000000eda7bf78,0x00000000eda80000)
  to   space 2560K, 0% used [0x00000000eda80000,0x00000000eda80000,0x00000000edd00000)
 ParOldGen       total 42496K, used 6655K [0x00000000c2a00000, 0x00000000c5380000, 0x00000000eb900000)
  object space 42496K, 15% used [0x00000000c2a00000,0x00000000c307fff0,0x00000000c5380000)
 Metaspace       used 13803K, capacity 14240K, committed 14336K, reserved 1062912K
  class space    used 1585K, capacity 1702K, committed 1792K, reserved 1048576K
Event: 34.733 GC heap after
Heap after GC invocations=5 (full 1):
 PSYoungGen      total 34304K, used 2560K [0x00000000eb900000, 0x00000000edd00000, 0x0000000100000000)
  eden space 31744K, 0% used [0x00000000eb900000,0x00000000eb900000,0x00000000ed800000)
  from space 2560K, 100% used [0x00000000eda80000,0x00000000edd00000,0x00000000edd00000)
  to   space 2560K, 0% used [0x00000000ed800000,0x00000000ed800000,0x00000000eda80000)
 ParOldGen       total 42496K, used 8897K [0x00000000c2a00000, 0x00000000c5380000, 0x00000000eb900000)
  object space 42496K, 20% used [0x00000000c2a00000,0x00000000c32b04c8,0x00000000c5380000)
 Metaspace       used 13803K, capacity 14240K, committed 14336K, reserved 1062912K
  class space    used 1585K, capacity 1702K, committed 1792K, reserved 1048576K
}
Event: 35.292 GC heap before
{Heap before GC invocations=6 (full 1):
 PSYoungGen      total 34304K, used 34304K [0x00000000eb900000, 0x00000000edd00000, 0x0000000100000000)
  eden space 31744K, 100% used [0x00000000eb900000,0x00000000ed800000,0x00000000ed800000)
  from space 2560K, 100% used [0x00000000eda80000,0x00000000edd00000,0x00000000edd00000)
  to   space 2560K, 0% used [0x00000000ed800000,0x00000000ed800000,0x00000000eda80000)
 ParOldGen       total 42496K, used 8897K [0x00000000c2a00000, 0x00000000c5380000, 0x00000000eb900000)
  object space 42496K, 20% used [0x00000000c2a00000,0x00000000c32b04c8,0x00000000c5380000)
 Metaspace       used 13860K, capacity 14240K, committed 14336K, reserved 1062912K
  class space    used 1585K, capacity 1702K, committed 1792K, reserved 1048576K
Event: 35.316 GC heap after
Heap after GC invocations=6 (full 1):
 PSYoungGen      total 34304K, used 2560K [0x00000000eb900000, 0x00000000efc00000, 0x0000000100000000)
  eden space 31744K, 0% used [0x00000000eb900000,0x00000000eb900000,0x00000000ed800000)
  from space 2560K, 100% used [0x00000000ed800000,0x00000000eda80000,0x00000000eda80000)
  to   space 2560K, 0% used [0x00000000ef980000,0x00000000ef980000,0x00000000efc00000)
 ParOldGen       total 42496K, used 10961K [0x00000000c2a00000, 0x00000000c5380000, 0x00000000eb900000)
  object space 42496K, 25% used [0x00000000c2a00000,0x00000000c34b4638,0x00000000c5380000)
 Metaspace       used 13860K, capacity 14240K, committed 14336K, reserved 1062912K
  class space    used 1585K, capacity 1702K, committed 1792K, reserved 1048576K
}
Event: 35.819 GC heap before
{Heap before GC invocations=7 (full 1):
 PSYoungGen      total 34304K, used 34304K [0x00000000eb900000, 0x00000000efc00000, 0x0000000100000000)
  eden space 31744K, 100% used [0x00000000eb900000,0x00000000ed800000,0x00000000ed800000)
  from space 2560K, 100% used [0x00000000ed800000,0x00000000eda80000,0x00000000eda80000)
  to   space 2560K, 0% used [0x00000000ef980000,0x00000000ef980000,0x00000000efc00000)
 ParOldGen       total 42496K, used 10961K [0x00000000c2a00000, 0x00000000c5380000, 0x00000000eb900000)
  object space 42496K, 25% used [0x00000000c2a00000,0x00000000c34b4638,0x00000000c5380000)
 Metaspace       used 13905K, capacity 14304K, committed 14592K, reserved 1062912K
  class space    used 1585K, capacity 1702K, committed 1792K, reserved 1048576K
Event: 36.204 GC heap after
Heap after GC invocations=7 (full 1):
 PSYoungGen      total 61952K, used 2528K [0x00000000eb900000, 0x00000000f0400000, 0x0000000100000000)
  eden space 59392K, 0% used [0x00000000eb900000,0x00000000eb900000,0x00000000ef300000)
  from space 2560K, 98% used [0x00000000ef980000,0x00000000efbf8090,0x00000000efc00000)
  to   space 6656K, 0% used [0x00000000ef300000,0x00000000ef300000,0x00000000ef980000)
 ParOldGen       total 42496K, used 13273K [0x00000000c2a00000, 0x00000000c5380000, 0x00000000eb900000)
  object space 42496K, 31% used [0x00000000c2a00000,0x00000000c36f6510,0x00000000c5380000)
 Metaspace       used 13905K, capacity 14304K, committed 14592K, reserved 1062912K
  class space    used 1585K, capacity 1702K, committed 1792K, reserved 1048576K
}
Event: 37.516 GC heap before
{Heap before GC invocations=8 (full 1):
 PSYoungGen      total 61952K, used 61920K [0x00000000eb900000, 0x00000000f0400000, 0x0000000100000000)
  eden space 59392K, 100% used [0x00000000eb900000,0x00000000ef300000,0x00000000ef300000)
  from space 2560K, 98% used [0x00000000ef980000,0x00000000efbf8090,0x00000000efc00000)
  to   space 6656K, 0% used [0x00000000ef300000,0x00000000ef300000,0x00000000ef980000)
 ParOldGen       total 42496K, used 13273K [0x00000000c2a00000, 0x00000000c5380000, 0x00000000eb900000)
  object space 42496K, 31% used [0x00000000c2a00000,0x00000000c36f6510,0x00000000c5380000)
 Metaspace       used 13934K, capacity 14304K, committed 14592K, reserved 1062912K
  class space    used 1585K, capacity 1702K, committed 1792K, reserved 1048576K

