# JRE version: Java(TM) SE Runtime Environment (8.0_201-b09) (build 1.8.0_201-b09)
# Java VM: Java HotSpot(TM) 64-Bit Server VM (25.201-b09 mixed mode linux-amd64 compressed oops)
Heap:
 PSYoungGen      total 119808K, used 1936K [0x00000000eb900000, 0x00000000f3300000, 0x0000000100000000)
  eden space 114688K, 0% used [0x00000000eb900000,0x00000000eb900000,0x00000000f2900000)
  from space 5120K, 37% used [0x00000000f2900000,0x00000000f2ae4010,0x00000000f2e00000)
  to   space 5120K, 0% used [0x00000000f2e00000,0x00000000f2e00000,0x00000000f3300000)
 ParOldGen       total 42496K, used 17950K [0x00000000c2a00000, 0x00000000c5380000, 0x00000000eb900000)
  object space 42496K, 42% used [0x00000000c2a00000,0x00000000c3b87ad8,0x00000000c5380000)
 Metaspace       used 14002K, capacity 14410K, committed 14592K, reserved 1062912K
  class space    used 1598K, capacity 1709K, committed 1792K, reserved 1048576K
GC Heap History (10 events):
Event: 56.217 GC heap after
Heap after GC invocations=11 (full 1):
 PSYoungGen      total 47616K, used 2960K [0x00000000eb900000, 0x00000000ef680000, 0x0000000100000000)
  eden space 44544K, 0% used [0x00000000eb900000,0x00000000eb900000,0x00000000ee480000)
  from space 3072K, 96% used [0x00000000ef380000,0x00000000ef664010,0x00000000ef680000)
  to   space 4608K, 0% used [0x00000000eed80000,0x00000000eed80000,0x00000000ef200000)
 ParOldGen       total 42496K, used 9236K [0x00000000c2a00000, 0x00000000c5380000, 0x00000000eb900000)
  object space 42496K, 21% used [0x00000000c2a00000,0x00000000c3305178,0x00000000c5380000)
 Metaspace       used 13921K, capacity 14346K, committed 14592K, reserved 1062912K
  class space    used 1598K, capacity 1709K, committed 1792K, reserved 1048576K
}
Event: 56.638 GC heap before
{Heap before GC invocations=12 (full 1):
 PSYoungGen      total 47616K, used 47504K [0x00000000eb900000, 0x00000000ef680000, 0x0000000100000000)
  eden space 44544K, 100% used [0x00000000eb900000,0x00000000ee480000,0x00000000ee480000)
  from space 3072K, 96% used [0x00000000ef380000,0x00000000ef664010,0x00000000ef680000)
  to   space 4608K, 0% used [0x00000000eed80000,0x00000000eed80000,0x00000000ef200000)
 ParOldGen       total 42496K, used 9236K [0x00000000c2a00000, 0x00000000c5380000, 0x00000000eb900000)
  object space 42496K, 21% used [0x00000000c2a00000,0x00000000c3305178,0x00000000c5380000)
 Metaspace       used 13940K, capacity 14346K, committed 14592K, reserved 1062912K
  class space    used 1598K, capacity 1709K, committed 1792K, reserved 1048576K
Event: 56.653 GC heap after
Heap after GC invocations=12 (full 1):
 PSYoungGen      total 58368K, used 960K [0x00000000eb900000, 0x00000000f0900000, 0x0000000100000000)
  eden space 53760K, 0% used [0x00000000eb900000,0x00000000eb900000,0x00000000eed80000)
  from space 4608K, 20% used [0x00000000eed80000,0x00000000eee70000,0x00000000ef200000)
  to   space 5120K, 0% used [0x00000000f0400000,0x00000000f0400000,0x00000000f0900000)
 ParOldGen       total 42496K, used 11922K [0x00000000c2a00000, 0x00000000c5380000, 0x00000000eb900000)
  object space 42496K, 28% used [0x00000000c2a00000,0x00000000c35a4908,0x00000000c5380000)
 Metaspace       used 13940K, capacity 14346K, committed 14592K, reserved 1062912K
  class space    used 1598K, capacity 1709K, committed 1792K, reserved 1048576K
}
Event: 57.555 GC heap before
{Heap before GC invocations=13 (full 1):
 PSYoungGen      total 58368K, used 54720K [0x00000000eb900000, 0x00000000f0900000, 0x0000000100000000)
  eden space 53760K, 100% used [0x00000000eb900000,0x00000000eed80000,0x00000000eed80000)
  from space 4608K, 20% used [0x00000000eed80000,0x00000000eee70000,0x00000000ef200000)
  to   space 5120K, 0% used [0x00000000f0400000,0x00000000f0400000,0x00000000f0900000)
 ParOldGen       total 42496K, used 11922K [0x00000000c2a00000, 0x00000000c5380000, 0x00000000eb900000)
  object space 42496K, 28% used [0x00000000c2a00000,0x00000000c35a4908,0x00000000c5380000)
 Metaspace       used 13959K, capacity 14346K, committed 14592K, reserved 1062912K
  class space    used 1598K, capacity 1709K, committed 1792K, reserved 1048576K
Event: 57.570 GC heap after
Heap after GC invocations=13 (full 1):
 PSYoungGen      total 76800K, used 1424K [0x00000000eb900000, 0x00000000f1700000, 0x0000000100000000)
  eden space 71680K, 0% used [0x00000000eb900000,0x00000000eb900000,0x00000000eff00000)
  from space 5120K, 27% used [0x00000000f0400000,0x00000000f0564020,0x00000000f0900000)
  to   space 5120K, 0% used [0x00000000eff00000,0x00000000eff00000,0x00000000f0400000)
 ParOldGen       total 42496K, used 12856K [0x00000000c2a00000, 0x00000000c5380000, 0x00000000eb900000)
  object space 42496K, 30% used [0x00000000c2a00000,0x00000000c368e3c0,0x00000000c5380000)
 Metaspace       used 13959K, capacity 14346K, committed 14592K, reserved 1062912K
  class space    used 1598K, capacity 1709K, committed 1792K, reserved 1048576K
}
Event: 58.474 GC heap before
{Heap before GC invocations=14 (full 1):
 PSYoungGen      total 76800K, used 73104K [0x00000000eb900000, 0x00000000f1700000, 0x0000000100000000)
  eden space 71680K, 100% used [0x00000000eb900000,0x00000000eff00000,0x00000000eff00000)
  from space 5120K, 27% used [0x00000000f0400000,0x00000000f0564020,0x00000000f0900000)
  to   space 5120K, 0% used [0x00000000eff00000,0x00000000eff00000,0x00000000f0400000)
 ParOldGen       total 42496K, used 12856K [0x00000000c2a00000, 0x00000000c5380000, 0x00000000eb900000)
  object space 42496K, 30% used [0x00000000c2a00000,0x00000000c368e3c0,0x00000000c5380000)
 Metaspace       used 13974K, capacity 14346K, committed 14592K, reserved 1062912K
  class space    used 1598K, capacity 1709K, committed 1792K, reserved 1048576K
Event: 58.501 GC heap after
Heap after GC invocations=14 (full 1):
 PSYoungGen      total 76800K, used 576K [0x00000000eb900000, 0x00000000f3300000, 0x0000000100000000)
  eden space 71680K, 0% used [0x00000000eb900000,0x00000000eb900000,0x00000000eff00000)
  from space 5120K, 11% used [0x00000000eff00000,0x00000000eff90000,0x00000000f0400000)
  to   space 5120K, 0% used [0x00000000f2e00000,0x00000000f2e00000,0x00000000f3300000)
 ParOldGen       total 42496K, used 14260K [0x00000000c2a00000, 0x00000000c5380000, 0x00000000eb900000)
  object space 42496K, 33% used [0x00000000c2a00000,0x00000000c37ed3c8,0x00000000c5380000)
 Metaspace       used 13974K, capacity 14346K, committed 14592K, reserved 1062912K
  class space    used 1598K, capacity 1709K, committed 1792K, reserved 1048576K
}
Event: 59.577 GC heap before
{Heap before GC invocations=15 (full 1):
 PSYoungGen      total 76800K, used 72256K [0x00000000eb900000, 0x00000000f3300000, 0x0000000100000000)
  eden space 71680K, 100% used [0x00000000eb900000,0x00000000eff00000,0x00000000eff00000)
  from space 5120K, 11% used [0x00000000eff00000,0x00000000eff90000,0x00000000f0400000)
  to   space 5120K, 0% used [0x00000000f2e00000,0x00000000f2e00000,0x00000000f3300000)
 ParOldGen       total 42496K, used 14260K [0x00000000c2a00000, 0x00000000c5380000, 0x00000000eb900000)
  object space 42496K, 33% used [0x00000000c2a00000,0x00000000c37ed3c8,0x00000000c5380000)
 Metaspace       used 13994K, capacity 14410K, committed 14592K, reserved 1062912K
  class space    used 1598K, capacity 1709K, committed 1792K, reserved 1048576K
Event: 59.593 GC heap after
Heap after GC invocations=15 (full 1):
 PSYoungGen      total 119808K, used 3184K [0x00000000eb900000, 0x00000000f3300000, 0x0000000100000000)
  eden space 114688K, 0% used [0x00000000eb900000,0x00000000eb900000,0x00000000f2900000)
  from space 5120K, 62% used [0x00000000f2e00000,0x00000000f311c0a0,0x00000000f3300000)
  to   space 5120K, 0% used [0x00000000f2900000,0x00000000f2900000,0x00000000f2e00000)
 ParOldGen       total 42496K, used 14820K [0x00000000c2a00000, 0x00000000c5380000, 0x00000000eb900000)
  object space 42496K, 34% used [0x00000000c2a00000,0x00000000c38793d8,0x00000000c5380000)
 Metaspace       used 13994K, capacity 14410K, committed 14592K, reserved 1062912K
  class space    used 1598K, capacity 1709K, committed 1792K, reserved 1048576K
}
Event: 61.311 GC heap before
{Heap before GC invocations=16 (full 1):
 PSYoungGen      total 119808K, used 117872K [0x00000000eb900000, 0x00000000f3300000, 0x0000000100000000)
  eden space 114688K, 100% used [0x00000000eb900000,0x00000000f2900000,0x00000000f2900000)
  from space 5120K, 62% used [0x00000000f2e00000,0x00000000f311c0a0,0x00000000f3300000)
  to   space 5120K, 0% used [0x00000000f2900000,0x00000000f2900000,0x00000000f2e00000)
 ParOldGen       total 42496K, used 14820K [0x00000000c2a00000, 0x00000000c5380000, 0x00000000eb900000)
  object space 42496K, 34% used [0x00000000c2a00000,0x00000000c38793d8,0x00000000c5380000)
 Metaspace       used 14002K, capacity 14410K, committed 14592K, reserved 1062912K
  class space    used 1598K, capacity 1709K, committed 1792K, reserved 1048576K

