# JRE version: Java(TM) SE Runtime Environment (8.0_201-b09) (build 1.8.0_201-b09)
# Java VM: Java HotSpot(TM) 64-Bit Server VM (25.201-b09 mixed mode linux-amd64 compressed oops)
Heap:
 PSYoungGen      total 289280K, used 82554K [0x00000000eb900000, 0x00000000ffd80000, 0x0000000100000000)
  eden space 249856K, 28% used [0x00000000eb900000,0x00000000efde6ba0,0x00000000fad00000)
  from space 39424K, 30% used [0x00000000fad00000,0x00000000fb8b8000,0x00000000fd380000)
  to   space 38912K, 0% used [0x00000000fd780000,0x00000000fd780000,0x00000000ffd80000)
 ParOldGen       total 62464K, used 52625K [0x00000000c2a00000, 0x00000000c6700000, 0x00000000eb900000)
  object space 62464K, 84% used [0x00000000c2a00000,0x00000000c5d64588,0x00000000c6700000)
 Metaspace       used 28643K, capacity 29500K, committed 29696K, reserved 1075200K
  class space    used 3333K, capacity 3537K, committed 3584K, reserved 1048576K
GC Heap History (10 events):
Event: 66.783 GC heap before
{Heap before GC invocations=23 (full 2):
 PSYoungGen      total 292352K, used 281696K [0x00000000eb900000, 0x0000000100000000, 0x0000000100000000)
  eden space 253952K, 100% used [0x00000000eb900000,0x00000000fb100000,0x00000000fb100000)
  from space 38400K, 72% used [0x00000000fda80000,0x00000000ff598010,0x0000000100000000)
  to   space 40448K, 0% used [0x00000000fb100000,0x00000000fb100000,0x00000000fd880000)
 ParOldGen       total 62464K, used 34913K [0x00000000c2a00000, 0x00000000c6700000, 0x00000000eb900000)
  object space 62464K, 55% used [0x00000000c2a00000,0x00000000c4c187c8,0x00000000c6700000)
 Metaspace       used 28548K, capacity 29394K, committed 29696K, reserved 1075200K
  class space    used 3329K, capacity 3530K, committed 3584K, reserved 1048576K
Event: 66.863 GC heap after
Heap after GC invocations=23 (full 2):
 PSYoungGen      total 285696K, used 31712K [0x00000000eb900000, 0x0000000100000000, 0x0000000100000000)
  eden space 253952K, 0% used [0x00000000eb900000,0x00000000eb900000,0x00000000fb100000)
  from space 31744K, 99% used [0x00000000fb100000,0x00000000fcff8010,0x00000000fd000000)
  to   space 43520K, 0% used [0x00000000fd580000,0x00000000fd580000,0x0000000100000000)
 ParOldGen       total 62464K, used 34921K [0x00000000c2a00000, 0x00000000c6700000, 0x00000000eb900000)
  object space 62464K, 55% used [0x00000000c2a00000,0x00000000c4c1a7c8,0x00000000c6700000)
 Metaspace       used 28548K, capacity 29394K, committed 29696K, reserved 1075200K
  class space    used 3329K, capacity 3530K, committed 3584K, reserved 1048576K
}
Event: 68.729 GC heap before
{Heap before GC invocations=24 (full 2):
 PSYoungGen      total 285696K, used 285664K [0x00000000eb900000, 0x0000000100000000, 0x0000000100000000)
  eden space 253952K, 100% used [0x00000000eb900000,0x00000000fb100000,0x00000000fb100000)
  from space 31744K, 99% used [0x00000000fb100000,0x00000000fcff8010,0x00000000fd000000)
  to   space 43520K, 0% used [0x00000000fd580000,0x00000000fd580000,0x0000000100000000)
 ParOldGen       total 62464K, used 34921K [0x00000000c2a00000, 0x00000000c6700000, 0x00000000eb900000)
  object space 62464K, 55% used [0x00000000c2a00000,0x00000000c4c1a7c8,0x00000000c6700000)
 Metaspace       used 28553K, capacity 29394K, committed 29696K, reserved 1075200K
  class space    used 3329K, capacity 3530K, committed 3584K, reserved 1048576K
Event: 68.785 GC heap after
Heap after GC invocations=24 (full 2):
 PSYoungGen      total 291840K, used 24544K [0x00000000eb900000, 0x0000000100000000, 0x0000000100000000)
  eden space 248320K, 0% used [0x00000000eb900000,0x00000000eb900000,0x00000000fab80000)
  from space 43520K, 56% used [0x00000000fd580000,0x00000000fed78010,0x0000000100000000)
  to   space 43008K, 0% used [0x00000000fab80000,0x00000000fab80000,0x00000000fd580000)
 ParOldGen       total 62464K, used 40078K [0x00000000c2a00000, 0x00000000c6700000, 0x00000000eb900000)
  object space 62464K, 64% used [0x00000000c2a00000,0x00000000c5123838,0x00000000c6700000)
 Metaspace       used 28553K, capacity 29394K, committed 29696K, reserved 1075200K
  class space    used 3329K, capacity 3530K, committed 3584K, reserved 1048576K
}
Event: 70.265 GC heap before
{Heap before GC invocations=25 (full 2):
 PSYoungGen      total 291840K, used 272864K [0x00000000eb900000, 0x0000000100000000, 0x0000000100000000)
  eden space 248320K, 100% used [0x00000000eb900000,0x00000000fab80000,0x00000000fab80000)
  from space 43520K, 56% used [0x00000000fd580000,0x00000000fed78010,0x0000000100000000)
  to   space 43008K, 0% used [0x00000000fab80000,0x00000000fab80000,0x00000000fd580000)
 ParOldGen       total 62464K, used 40078K [0x00000000c2a00000, 0x00000000c6700000, 0x00000000eb900000)
  object space 62464K, 64% used [0x00000000c2a00000,0x00000000c5123838,0x00000000c6700000)
 Metaspace       used 28606K, capacity 29464K, committed 29696K, reserved 1075200K
  class space    used 3330K, capacity 3531K, committed 3584K, reserved 1048576K
Event: 70.321 GC heap after
Heap after GC invocations=25 (full 2):
 PSYoungGen      total 265728K, used 17056K [0x00000000eb900000, 0x00000000ffb80000, 0x0000000100000000)
  eden space 248320K, 0% used [0x00000000eb900000,0x00000000eb900000,0x00000000fab80000)
  from space 17408K, 97% used [0x00000000fab80000,0x00000000fbc28000,0x00000000fbc80000)
  to   space 40960K, 0% used [0x00000000fd380000,0x00000000fd380000,0x00000000ffb80000)
 ParOldGen       total 62464K, used 47085K [0x00000000c2a00000, 0x00000000c6700000, 0x00000000eb900000)
  object space 62464K, 75% used [0x00000000c2a00000,0x00000000c57fb518,0x00000000c6700000)
 Metaspace       used 28606K, capacity 29464K, committed 29696K, reserved 1075200K
  class space    used 3330K, capacity 3531K, committed 3584K, reserved 1048576K
}
Event: 74.500 GC heap before
{Heap before GC invocations=26 (full 2):
 PSYoungGen      total 265728K, used 265376K [0x00000000eb900000, 0x00000000ffb80000, 0x0000000100000000)
  eden space 248320K, 100% used [0x00000000eb900000,0x00000000fab80000,0x00000000fab80000)
  from space 17408K, 97% used [0x00000000fab80000,0x00000000fbc28000,0x00000000fbc80000)
  to   space 40960K, 0% used [0x00000000fd380000,0x00000000fd380000,0x00000000ffb80000)
 ParOldGen       total 62464K, used 47085K [0x00000000c2a00000, 0x00000000c6700000, 0x00000000eb900000)
  object space 62464K, 75% used [0x00000000c2a00000,0x00000000c57fb518,0x00000000c6700000)
 Metaspace       used 28635K, capacity 29500K, committed 29696K, reserved 1075200K
  class space    used 3333K, capacity 3537K, committed 3584K, reserved 1048576K
Event: 74.574 GC heap after
Heap after GC invocations=26 (full 2):
 PSYoungGen      total 290816K, used 15456K [0x00000000eb900000, 0x0000000100000000, 0x0000000100000000)
  eden space 249856K, 0% used [0x00000000eb900000,0x00000000eb900000,0x00000000fad00000)
  from space 40960K, 37% used [0x00000000fd380000,0x00000000fe298000,0x00000000ffb80000)
  to   space 39424K, 0% used [0x00000000fad00000,0x00000000fad00000,0x00000000fd380000)
 ParOldGen       total 62464K, used 52457K [0x00000000c2a00000, 0x00000000c6700000, 0x00000000eb900000)
  object space 62464K, 83% used [0x00000000c2a00000,0x00000000c5d3a588,0x00000000c6700000)
 Metaspace       used 28635K, capacity 29500K, committed 29696K, reserved 1075200K
  class space    used 3333K, capacity 3537K, committed 3584K, reserved 1048576K
}
Event: 77.180 GC heap before
{Heap before GC invocations=27 (full 2):
 PSYoungGen      total 290816K, used 265312K [0x00000000eb900000, 0x0000000100000000, 0x0000000100000000)
  eden space 249856K, 100% used [0x00000000eb900000,0x00000000fad00000,0x00000000fad00000)
  from space 40960K, 37% used [0x00000000fd380000,0x00000000fe298000,0x00000000ffb80000)
  to   space 39424K, 0% used [0x00000000fad00000,0x00000000fad00000,0x00000000fd380000)
 ParOldGen       total 62464K, used 52457K [0x00000000c2a00000, 0x00000000c6700000, 0x00000000eb900000)
  object space 62464K, 83% used [0x00000000c2a00000,0x00000000c5d3a588,0x00000000c6700000)
 Metaspace       used 28643K, capacity 29500K, committed 29696K, reserved 1075200K
  class space    used 3333K, capacity 3537K, committed 3584K, reserved 1048576K
Event: 77.203 GC heap after
Heap after GC invocations=27 (full 2):
 PSYoungGen      total 289280K, used 12000K [0x00000000eb900000, 0x00000000ffd80000, 0x0000000100000000)
  eden space 249856K, 0% used [0x00000000eb900000,0x00000000eb900000,0x00000000fad00000)
  from space 39424K, 30% used [0x00000000fad00000,0x00000000fb8b8000,0x00000000fd380000)
  to   space 38912K, 0% used [0x00000000fd780000,0x00000000fd780000,0x00000000ffd80000)
 ParOldGen       total 62464K, used 52625K [0x00000000c2a00000, 0x00000000c6700000, 0x00000000eb900000)
  object space 62464K, 84% used [0x00000000c2a00000,0x00000000c5d64588,0x00000000c6700000)
 Metaspace       used 28643K, capacity 29500K, committed 29696K, reserved 1075200K
  class space    used 3333K, capacity 3537K, committed 3584K, reserved 1048576K
}

