# JRE version: Java(TM) SE Runtime Environment (8.0_201-b09) (build 1.8.0_201-b09)
# Java VM: Java HotSpot(TM) 64-Bit Server VM (25.201-b09 mixed mode linux-amd64 compressed oops)
Heap:
 PSYoungGen      total 102400K, used 2280K [0x00000000eb900000, 0x00000000f3900000, 0x0000000100000000)
  eden space 95232K, 0% used [0x00000000eb900000,0x00000000eb900000,0x00000000f1600000)
  from space 7168K, 31% used [0x00000000f2b00000,0x00000000f2d3a040,0x00000000f3200000)
  to   space 6144K, 0% used [0x00000000f3300000,0x00000000f3300000,0x00000000f3900000)
 ParOldGen       total 42496K, used 15332K [0x00000000c2a00000, 0x00000000c5380000, 0x00000000eb900000)
  object space 42496K, 36% used [0x00000000c2a00000,0x00000000c38f9290,0x00000000c5380000)
 Metaspace       used 14374K, capacity 14886K, committed 15104K, reserved 1062912K
  class space    used 1604K, capacity 1730K, committed 1792K, reserved 1048576K
GC Heap History (10 events):
Event: 27.432 GC heap after
Heap after GC invocations=7 (full 1):
 PSYoungGen      total 32256K, used 2560K [0x00000000eb900000, 0x00000000ee100000, 0x0000000100000000)
  eden space 29696K, 0% used [0x00000000eb900000,0x00000000eb900000,0x00000000ed600000)
  from space 2560K, 100% used [0x00000000eda80000,0x00000000edd00000,0x00000000edd00000)
  to   space 4608K, 0% used [0x00000000ed600000,0x00000000ed600000,0x00000000eda80000)
 ParOldGen       total 42496K, used 6286K [0x00000000c2a00000, 0x00000000c5380000, 0x00000000eb900000)
  object space 42496K, 14% used [0x00000000c2a00000,0x00000000c3023930,0x00000000c5380000)
 Metaspace       used 13458K, capacity 13816K, committed 14080K, reserved 1060864K
  class space    used 1561K, capacity 1664K, committed 1792K, reserved 1048576K
}
Event: 28.900 GC heap before
{Heap before GC invocations=8 (full 1):
 PSYoungGen      total 32256K, used 32256K [0x00000000eb900000, 0x00000000ee100000, 0x0000000100000000)
  eden space 29696K, 100% used [0x00000000eb900000,0x00000000ed600000,0x00000000ed600000)
  from space 2560K, 100% used [0x00000000eda80000,0x00000000edd00000,0x00000000edd00000)
  to   space 4608K, 0% used [0x00000000ed600000,0x00000000ed600000,0x00000000eda80000)
 ParOldGen       total 42496K, used 6286K [0x00000000c2a00000, 0x00000000c5380000, 0x00000000eb900000)
  object space 42496K, 14% used [0x00000000c2a00000,0x00000000c3023930,0x00000000c5380000)
 Metaspace       used 13577K, capacity 13944K, committed 14080K, reserved 1060864K
  class space    used 1561K, capacity 1664K, committed 1792K, reserved 1048576K
Event: 28.912 GC heap after
Heap after GC invocations=8 (full 1):
 PSYoungGen      total 34304K, used 3952K [0x00000000eb900000, 0x00000000efd00000, 0x0000000100000000)
  eden space 29696K, 0% used [0x00000000eb900000,0x00000000eb900000,0x00000000ed600000)
  from space 4608K, 85% used [0x00000000ed600000,0x00000000ed9dc010,0x00000000eda80000)
  to   space 5120K, 0% used [0x00000000ef800000,0x00000000ef800000,0x00000000efd00000)
 ParOldGen       total 42496K, used 6294K [0x00000000c2a00000, 0x00000000c5380000, 0x00000000eb900000)
  object space 42496K, 14% used [0x00000000c2a00000,0x00000000c3025930,0x00000000c5380000)
 Metaspace       used 13577K, capacity 13944K, committed 14080K, reserved 1060864K
  class space    used 1561K, capacity 1664K, committed 1792K, reserved 1048576K
}
Event: 29.968 GC heap before
{Heap before GC invocations=9 (full 1):
 PSYoungGen      total 34304K, used 33648K [0x00000000eb900000, 0x00000000efd00000, 0x0000000100000000)
  eden space 29696K, 100% used [0x00000000eb900000,0x00000000ed600000,0x00000000ed600000)
  from space 4608K, 85% used [0x00000000ed600000,0x00000000ed9dc010,0x00000000eda80000)
  to   space 5120K, 0% used [0x00000000ef800000,0x00000000ef800000,0x00000000efd00000)
 ParOldGen       total 42496K, used 6294K [0x00000000c2a00000, 0x00000000c5380000, 0x00000000eb900000)
  object space 42496K, 14% used [0x00000000c2a00000,0x00000000c3025930,0x00000000c5380000)
 Metaspace       used 13617K, capacity 14008K, committed 14336K, reserved 1062912K
  class space    used 1561K, capacity 1664K, committed 1792K, reserved 1048576K
Event: 30.087 GC heap after
Heap after GC invocations=9 (full 1):
 PSYoungGen      total 64512K, used 3632K [0x00000000eb900000, 0x00000000efd00000, 0x0000000100000000)
  eden space 59392K, 0% used [0x00000000eb900000,0x00000000eb900000,0x00000000ef300000)
  from space 5120K, 70% used [0x00000000ef800000,0x00000000efb8c050,0x00000000efd00000)
  to   space 5120K, 0% used [0x00000000ef300000,0x00000000ef300000,0x00000000ef800000)
 ParOldGen       total 42496K, used 8499K [0x00000000c2a00000, 0x00000000c5380000, 0x00000000eb900000)
  object space 42496K, 19% used [0x00000000c2a00000,0x00000000c324cca0,0x00000000c5380000)
 Metaspace       used 13617K, capacity 14008K, committed 14336K, reserved 1062912K
  class space    used 1561K, capacity 1664K, committed 1792K, reserved 1048576K
}
Event: 42.476 GC heap before
{Heap before GC invocations=10 (full 1):
 PSYoungGen      total 64512K, used 63024K [0x00000000eb900000, 0x00000000efd00000, 0x0000000100000000)
  eden space 59392K, 100% used [0x00000000eb900000,0x00000000ef300000,0x00000000ef300000)
  from space 5120K, 70% used [0x00000000ef800000,0x00000000efb8c050,0x00000000efd00000)
  to   space 5120K, 0% used [0x00000000ef300000,0x00000000ef300000,0x00000000ef800000)
 ParOldGen       total 42496K, used 8499K [0x00000000c2a00000, 0x00000000c5380000, 0x00000000eb900000)
  object space 42496K, 19% used [0x00000000c2a00000,0x00000000c324cca0,0x00000000c5380000)
 Metaspace       used 14235K, capacity 14718K, committed 14848K, reserved 1062912K
  class space    used 1595K, capacity 1724K, committed 1792K, reserved 1048576K
Event: 42.500 GC heap after
Heap after GC invocations=10 (full 1):
 PSYoungGen      total 64512K, used 5104K [0x00000000eb900000, 0x00000000f3900000, 0x0000000100000000)
  eden space 59392K, 0% used [0x00000000eb900000,0x00000000eb900000,0x00000000ef300000)
  from space 5120K, 99% used [0x00000000ef300000,0x00000000ef7fc060,0x00000000ef800000)
  to   space 6144K, 0% used [0x00000000f3300000,0x00000000f3300000,0x00000000f3900000)
 ParOldGen       total 42496K, used 10201K [0x00000000c2a00000, 0x00000000c5380000, 0x00000000eb900000)
  object space 42496K, 24% used [0x00000000c2a00000,0x00000000c33f6540,0x00000000c5380000)
 Metaspace       used 14235K, capacity 14718K, committed 14848K, reserved 1062912K
  class space    used 1595K, capacity 1724K, committed 1792K, reserved 1048576K
}
Event: 52.900 GC heap before
{Heap before GC invocations=11 (full 1):
 PSYoungGen      total 64512K, used 64496K [0x00000000eb900000, 0x00000000f3900000, 0x0000000100000000)
  eden space 59392K, 100% used [0x00000000eb900000,0x00000000ef300000,0x00000000ef300000)
  from space 5120K, 99% used [0x00000000ef300000,0x00000000ef7fc060,0x00000000ef800000)
  to   space 6144K, 0% used [0x00000000f3300000,0x00000000f3300000,0x00000000f3900000)
 ParOldGen       total 42496K, used 10201K [0x00000000c2a00000, 0x00000000c5380000, 0x00000000eb900000)
  object space 42496K, 24% used [0x00000000c2a00000,0x00000000c33f6540,0x00000000c5380000)
 Metaspace       used 14302K, capacity 14746K, committed 14848K, reserved 1062912K
  class space    used 1600K, capacity 1728K, committed 1792K, reserved 1048576K
Event: 52.936 GC heap after
Heap after GC invocations=11 (full 1):
 PSYoungGen      total 101376K, used 6118K [0x00000000eb900000, 0x00000000f3900000, 0x0000000100000000)
  eden space 95232K, 0% used [0x00000000eb900000,0x00000000eb900000,0x00000000f1600000)
  from space 6144K, 99% used [0x00000000f3300000,0x00000000f38f98b0,0x00000000f3900000)
  to   space 7168K, 0% used [0x00000000f2b00000,0x00000000f2b00000,0x00000000f3200000)
 ParOldGen       total 42496K, used 11456K [0x00000000c2a00000, 0x00000000c5380000, 0x00000000eb900000)
  object space 42496K, 26% used [0x00000000c2a00000,0x00000000c35301e0,0x00000000c5380000)
 Metaspace       used 14302K, capacity 14746K, committed 14848K, reserved 1062912K
  class space    used 1600K, capacity 1728K, committed 1792K, reserved 1048576K
}
Event: 70.251 GC heap before
{Heap before GC invocations=12 (full 1):
 PSYoungGen      total 101376K, used 101350K [0x00000000eb900000, 0x00000000f3900000, 0x0000000100000000)
  eden space 95232K, 100% used [0x00000000eb900000,0x00000000f1600000,0x00000000f1600000)
  from space 6144K, 99% used [0x00000000f3300000,0x00000000f38f98b0,0x00000000f3900000)
  to   space 7168K, 0% used [0x00000000f2b00000,0x00000000f2b00000,0x00000000f3200000)
 ParOldGen       total 42496K, used 11456K [0x00000000c2a00000, 0x00000000c5380000, 0x00000000eb900000)
  object space 42496K, 26% used [0x00000000c2a00000,0x00000000c35301e0,0x00000000c5380000)
 Metaspace       used 14374K, capacity 14886K, committed 15104K, reserved 1062912K
  class space    used 1604K, capacity 1730K, committed 1792K, reserved 1048576K

