# JRE version: Java(TM) SE Runtime Environment (8.0_201-b09) (build 1.8.0_201-b09)
# Java VM: Java HotSpot(TM) 64-Bit Server VM (25.201-b09 mixed mode linux-amd64 compressed oops)
Heap:
 PSYoungGen      total 37888K, used 2672K [0x00000000eb900000, 0x00000000ee400000, 0x0000000100000000)
  eden space 31744K, 0% used [0x00000000eb900000,0x00000000eb900000,0x00000000ed800000)
  from space 6144K, 43% used [0x00000000ed800000,0x00000000eda9c010,0x00000000ede00000)
  to   space 5632K, 0% used [0x00000000ede80000,0x00000000ede80000,0x00000000ee400000)
 ParOldGen       total 42496K, used 7765K [0x00000000c2a00000, 0x00000000c5380000, 0x00000000eb900000)
  object space 42496K, 18% used [0x00000000c2a00000,0x00000000c3195580,0x00000000c5380000)
 Metaspace       used 14586K, capacity 15126K, committed 15488K, reserved 1062912K
  class space    used 1662K, capacity 1807K, committed 1920K, reserved 1048576K
GC Heap History (10 events):
Event: 30.855 GC heap after
Heap after GC invocations=2 (full 0):
 PSYoungGen      total 18432K, used 2556K [0x00000000eb900000, 0x00000000ecd80000, 0x0000000100000000)
  eden space 15872K, 0% used [0x00000000eb900000,0x00000000eb900000,0x00000000ec880000)
  from space 2560K, 99% used [0x00000000ecb00000,0x00000000ecd7f030,0x00000000ecd80000)
  to   space 2560K, 0% used [0x00000000ec880000,0x00000000ec880000,0x00000000ecb00000)
 ParOldGen       total 42496K, used 4992K [0x00000000c2a00000, 0x00000000c5380000, 0x00000000eb900000)
  object space 42496K, 11% used [0x00000000c2a00000,0x00000000c2ee0180,0x00000000c5380000)
 Metaspace       used 13481K, capacity 13884K, committed 14080K, reserved 1060864K
  class space    used 1588K, capacity 1707K, committed 1792K, reserved 1048576K
}
Event: 32.033 GC heap before
{Heap before GC invocations=3 (full 0):
 PSYoungGen      total 18432K, used 18428K [0x00000000eb900000, 0x00000000ecd80000, 0x0000000100000000)
  eden space 15872K, 100% used [0x00000000eb900000,0x00000000ec880000,0x00000000ec880000)
  from space 2560K, 99% used [0x00000000ecb00000,0x00000000ecd7f030,0x00000000ecd80000)
  to   space 2560K, 0% used [0x00000000ec880000,0x00000000ec880000,0x00000000ecb00000)
 ParOldGen       total 42496K, used 4992K [0x00000000c2a00000, 0x00000000c5380000, 0x00000000eb900000)
  object space 42496K, 11% used [0x00000000c2a00000,0x00000000c2ee0180,0x00000000c5380000)
 Metaspace       used 13585K, capacity 13954K, committed 14080K, reserved 1060864K
  class space    used 1589K, capacity 1708K, committed 1792K, reserved 1048576K
Event: 32.051 GC heap after
Heap after GC invocations=3 (full 0):
 PSYoungGen      total 18432K, used 2534K [0x00000000eb900000, 0x00000000ecd80000, 0x0000000100000000)
  eden space 15872K, 0% used [0x00000000eb900000,0x00000000eb900000,0x00000000ec880000)
  from space 2560K, 98% used [0x00000000ec880000,0x00000000ecaf9820,0x00000000ecb00000)
  to   space 2560K, 0% used [0x00000000ecb00000,0x00000000ecb00000,0x00000000ecd80000)
 ParOldGen       total 42496K, used 5320K [0x00000000c2a00000, 0x00000000c5380000, 0x00000000eb900000)
  object space 42496K, 12% used [0x00000000c2a00000,0x00000000c2f32180,0x00000000c5380000)
 Metaspace       used 13585K, capacity 13954K, committed 14080K, reserved 1060864K
  class space    used 1589K, capacity 1708K, committed 1792K, reserved 1048576K
}
Event: 32.544 GC heap before
{Heap before GC invocations=4 (full 0):
 PSYoungGen      total 18432K, used 18406K [0x00000000eb900000, 0x00000000ecd80000, 0x0000000100000000)
  eden space 15872K, 100% used [0x00000000eb900000,0x00000000ec880000,0x00000000ec880000)
  from space 2560K, 98% used [0x00000000ec880000,0x00000000ecaf9820,0x00000000ecb00000)
  to   space 2560K, 0% used [0x00000000ecb00000,0x00000000ecb00000,0x00000000ecd80000)
 ParOldGen       total 42496K, used 5320K [0x00000000c2a00000, 0x00000000c5380000, 0x00000000eb900000)
  object space 42496K, 12% used [0x00000000c2a00000,0x00000000c2f32180,0x00000000c5380000)
 Metaspace       used 13666K, capacity 14082K, committed 14336K, reserved 1062912K
  class space    used 1590K, capacity 1708K, committed 1792K, reserved 1048576K
Event: 32.562 GC heap after
Heap after GC invocations=4 (full 0):
 PSYoungGen      total 18432K, used 2528K [0x00000000eb900000, 0x00000000edd00000, 0x0000000100000000)
  eden space 15872K, 0% used [0x00000000eb900000,0x00000000eb900000,0x00000000ec880000)
  from space 2560K, 98% used [0x00000000ecb00000,0x00000000ecd78020,0x00000000ecd80000)
  to   space 2560K, 0% used [0x00000000ec880000,0x00000000ec880000,0x00000000ecb00000)
 ParOldGen       total 42496K, used 5726K [0x00000000c2a00000, 0x00000000c5380000, 0x00000000eb900000)
  object space 42496K, 13% used [0x00000000c2a00000,0x00000000c2f97840,0x00000000c5380000)
 Metaspace       used 13666K, capacity 14082K, committed 14336K, reserved 1062912K
  class space    used 1590K, capacity 1708K, committed 1792K, reserved 1048576K
}
Event: 33.174 GC heap before
{Heap before GC invocations=5 (full 0):
 PSYoungGen      total 18432K, used 18400K [0x00000000eb900000, 0x00000000edd00000, 0x0000000100000000)
  eden space 15872K, 100% used [0x00000000eb900000,0x00000000ec880000,0x00000000ec880000)
  from space 2560K, 98% used [0x00000000ecb00000,0x00000000ecd78020,0x00000000ecd80000)
  to   space 2560K, 0% used [0x00000000ec880000,0x00000000ec880000,0x00000000ecb00000)
 ParOldGen       total 42496K, used 5726K [0x00000000c2a00000, 0x00000000c5380000, 0x00000000eb900000)
  object space 42496K, 13% used [0x00000000c2a00000,0x00000000c2f97840,0x00000000c5380000)
 Metaspace       used 13742K, capacity 14146K, committed 14336K, reserved 1062912K
  class space    used 1592K, capacity 1708K, committed 1792K, reserved 1048576K
Event: 33.194 GC heap after
Heap after GC invocations=5 (full 0):
 PSYoungGen      total 18432K, used 2560K [0x00000000eb900000, 0x00000000ee500000, 0x0000000100000000)
  eden space 15872K, 0% used [0x00000000eb900000,0x00000000eb900000,0x00000000ec880000)
  from space 2560K, 100% used [0x00000000ec880000,0x00000000ecb00000,0x00000000ecb00000)
  to   space 6656K, 0% used [0x00000000ede80000,0x00000000ede80000,0x00000000ee500000)
 ParOldGen       total 42496K, used 6398K [0x00000000c2a00000, 0x00000000c5380000, 0x00000000eb900000)
  object space 42496K, 15% used [0x00000000c2a00000,0x00000000c303f8e0,0x00000000c5380000)
 Metaspace       used 13742K, capacity 14146K, committed 14336K, reserved 1062912K
  class space    used 1592K, capacity 1708K, committed 1792K, reserved 1048576K
}
Event: 35.347 GC heap before
{Heap before GC invocations=6 (full 0):
 PSYoungGen      total 18432K, used 18432K [0x00000000eb900000, 0x00000000ee500000, 0x0000000100000000)
  eden space 15872K, 100% used [0x00000000eb900000,0x00000000ec880000,0x00000000ec880000)
  from space 2560K, 100% used [0x00000000ec880000,0x00000000ecb00000,0x00000000ecb00000)
  to   space 6656K, 0% used [0x00000000ede80000,0x00000000ede80000,0x00000000ee500000)
 ParOldGen       total 42496K, used 6398K [0x00000000c2a00000, 0x00000000c5380000, 0x00000000eb900000)
  object space 42496K, 15% used [0x00000000c2a00000,0x00000000c303f8e0,0x00000000c5380000)
 Metaspace       used 14285K, capacity 14756K, committed 14848K, reserved 1062912K
  class space    used 1640K, capacity 1764K, committed 1792K, reserved 1048576K
Event: 35.432 GC heap after
Heap after GC invocations=6 (full 0):
 PSYoungGen      total 37376K, used 4014K [0x00000000eb900000, 0x00000000ee400000, 0x0000000100000000)
  eden space 31744K, 0% used [0x00000000eb900000,0x00000000eb900000,0x00000000ed800000)
  from space 5632K, 71% used [0x00000000ede80000,0x00000000ee26b980,0x00000000ee400000)
  to   space 6144K, 0% used [0x00000000ed800000,0x00000000ed800000,0x00000000ede00000)
 ParOldGen       total 42496K, used 6398K [0x00000000c2a00000, 0x00000000c5380000, 0x00000000eb900000)
  object space 42496K, 15% used [0x00000000c2a00000,0x00000000c303f8e0,0x00000000c5380000)
 Metaspace       used 14285K, capacity 14756K, committed 14848K, reserved 1062912K
  class space    used 1640K, capacity 1764K, committed 1792K, reserved 1048576K
}
Event: 58.612 GC heap before
{Heap before GC invocations=7 (full 0):
 PSYoungGen      total 37376K, used 35758K [0x00000000eb900000, 0x00000000ee400000, 0x0000000100000000)
  eden space 31744K, 100% used [0x00000000eb900000,0x00000000ed800000,0x00000000ed800000)
  from space 5632K, 71% used [0x00000000ede80000,0x00000000ee26b980,0x00000000ee400000)
  to   space 6144K, 0% used [0x00000000ed800000,0x00000000ed800000,0x00000000ede00000)
 ParOldGen       total 42496K, used 6398K [0x00000000c2a00000, 0x00000000c5380000, 0x00000000eb900000)
  object space 42496K, 15% used [0x00000000c2a00000,0x00000000c303f8e0,0x00000000c5380000)
 Metaspace       used 14586K, capacity 15126K, committed 15488K, reserved 1062912K
  class space    used 1662K, capacity 1807K, committed 1920K, reserved 1048576K

