# JRE version: Java(TM) SE Runtime Environment (8.0_201-b09) (build 1.8.0_201-b09)
# Java VM: Java HotSpot(TM) 64-Bit Server VM (25.201-b09 mixed mode linux-amd64 compressed oops)
Heap:
 PSYoungGen      total 154112K, used 2440K [0x00000000eb900000, 0x00000000f7680000, 0x0000000100000000)
  eden space 148480K, 0% used [0x00000000eb900000,0x00000000eb900000,0x00000000f4a00000)
  from space 5632K, 43% used [0x00000000f4a00000,0x00000000f4c621b8,0x00000000f4f80000)
  to   space 5632K, 0% used [0x00000000f4f80000,0x00000000f4f80000,0x00000000f5500000)
 ParOldGen       total 42496K, used 19030K [0x00000000c2a00000, 0x00000000c5380000, 0x00000000eb900000)
  object space 42496K, 44% used [0x00000000c2a00000,0x00000000c3c95ac8,0x00000000c5380000)
 Metaspace       used 13985K, capacity 14398K, committed 14592K, reserved 1062912K
  class space    used 1594K, capacity 1707K, committed 1792K, reserved 1048576K
GC Heap History (10 events):
Event: 32.696 GC heap after
Heap after GC invocations=9 (full 1):
 PSYoungGen      total 62976K, used 5072K [0x00000000eb900000, 0x00000000efd00000, 0x0000000100000000)
  eden space 57856K, 0% used [0x00000000eb900000,0x00000000eb900000,0x00000000ef180000)
  from space 5120K, 99% used [0x00000000ef700000,0x00000000efbf4070,0x00000000efc00000)
  to   space 5632K, 0% used [0x00000000ef180000,0x00000000ef180000,0x00000000ef700000)
 ParOldGen       total 42496K, used 6934K [0x00000000c2a00000, 0x00000000c5380000, 0x00000000eb900000)
  object space 42496K, 16% used [0x00000000c2a00000,0x00000000c30c5880,0x00000000c5380000)
 Metaspace       used 13888K, capacity 14270K, committed 14592K, reserved 1062912K
  class space    used 1593K, capacity 1707K, committed 1792K, reserved 1048576K
}
Event: 33.288 GC heap before
{Heap before GC invocations=10 (full 1):
 PSYoungGen      total 62976K, used 62928K [0x00000000eb900000, 0x00000000efd00000, 0x0000000100000000)
  eden space 57856K, 100% used [0x00000000eb900000,0x00000000ef180000,0x00000000ef180000)
  from space 5120K, 99% used [0x00000000ef700000,0x00000000efbf4070,0x00000000efc00000)
  to   space 5632K, 0% used [0x00000000ef180000,0x00000000ef180000,0x00000000ef700000)
 ParOldGen       total 42496K, used 6934K [0x00000000c2a00000, 0x00000000c5380000, 0x00000000eb900000)
  object space 42496K, 16% used [0x00000000c2a00000,0x00000000c30c5880,0x00000000c5380000)
 Metaspace       used 13917K, capacity 14334K, committed 14592K, reserved 1062912K
  class space    used 1593K, capacity 1707K, committed 1792K, reserved 1048576K
Event: 33.312 GC heap after
Heap after GC invocations=10 (full 1):
 PSYoungGen      total 63488K, used 4080K [0x00000000eb900000, 0x00000000f3500000, 0x0000000100000000)
  eden space 57856K, 0% used [0x00000000eb900000,0x00000000eb900000,0x00000000ef180000)
  from space 5632K, 72% used [0x00000000ef180000,0x00000000ef57c010,0x00000000ef700000)
  to   space 5632K, 0% used [0x00000000f2f80000,0x00000000f2f80000,0x00000000f3500000)
 ParOldGen       total 42496K, used 8442K [0x00000000c2a00000, 0x00000000c5380000, 0x00000000eb900000)
  object space 42496K, 19% used [0x00000000c2a00000,0x00000000c323e8b0,0x00000000c5380000)
 Metaspace       used 13917K, capacity 14334K, committed 14592K, reserved 1062912K
  class space    used 1593K, capacity 1707K, committed 1792K, reserved 1048576K
}
Event: 33.696 GC heap before
{Heap before GC invocations=11 (full 1):
 PSYoungGen      total 63488K, used 61936K [0x00000000eb900000, 0x00000000f3500000, 0x0000000100000000)
  eden space 57856K, 100% used [0x00000000eb900000,0x00000000ef180000,0x00000000ef180000)
  from space 5632K, 72% used [0x00000000ef180000,0x00000000ef57c010,0x00000000ef700000)
  to   space 5632K, 0% used [0x00000000f2f80000,0x00000000f2f80000,0x00000000f3500000)
 ParOldGen       total 42496K, used 8442K [0x00000000c2a00000, 0x00000000c5380000, 0x00000000eb900000)
  object space 42496K, 19% used [0x00000000c2a00000,0x00000000c323e8b0,0x00000000c5380000)
 Metaspace       used 13929K, capacity 14334K, committed 14592K, reserved 1062912K
  class space    used 1593K, capacity 1707K, committed 1792K, reserved 1048576K
Event: 33.716 GC heap after
Heap after GC invocations=11 (full 1):
 PSYoungGen      total 96768K, used 4080K [0x00000000eb900000, 0x00000000f3380000, 0x0000000100000000)
  eden space 92672K, 0% used [0x00000000eb900000,0x00000000eb900000,0x00000000f1380000)
  from space 4096K, 99% used [0x00000000f2f80000,0x00000000f337c020,0x00000000f3380000)
  to   space 5632K, 0% used [0x00000000f2880000,0x00000000f2880000,0x00000000f2e00000)
 ParOldGen       total 42496K, used 10144K [0x00000000c2a00000, 0x00000000c5380000, 0x00000000eb900000)
  object space 42496K, 23% used [0x00000000c2a00000,0x00000000c33e82f8,0x00000000c5380000)
 Metaspace       used 13929K, capacity 14334K, committed 14592K, reserved 1062912K
  class space    used 1593K, capacity 1707K, committed 1792K, reserved 1048576K
}
Event: 34.734 GC heap before
{Heap before GC invocations=12 (full 1):
 PSYoungGen      total 96768K, used 96752K [0x00000000eb900000, 0x00000000f3380000, 0x0000000100000000)
  eden space 92672K, 100% used [0x00000000eb900000,0x00000000f1380000,0x00000000f1380000)
  from space 4096K, 99% used [0x00000000f2f80000,0x00000000f337c020,0x00000000f3380000)
  to   space 5632K, 0% used [0x00000000f2880000,0x00000000f2880000,0x00000000f2e00000)
 ParOldGen       total 42496K, used 10144K [0x00000000c2a00000, 0x00000000c5380000, 0x00000000eb900000)
  object space 42496K, 23% used [0x00000000c2a00000,0x00000000c33e82f8,0x00000000c5380000)
 Metaspace       used 13952K, capacity 14334K, committed 14592K, reserved 1062912K
  class space    used 1594K, capacity 1707K, committed 1792K, reserved 1048576K
Event: 35.287 GC heap after
Heap after GC invocations=12 (full 1):
 PSYoungGen      total 119808K, used 2320K [0x00000000eb900000, 0x00000000f5500000, 0x0000000100000000)
  eden space 114176K, 0% used [0x00000000eb900000,0x00000000eb900000,0x00000000f2880000)
  from space 5632K, 41% used [0x00000000f2880000,0x00000000f2ac4020,0x00000000f2e00000)
  to   space 5632K, 0% used [0x00000000f4f80000,0x00000000f4f80000,0x00000000f5500000)
 ParOldGen       total 42496K, used 12509K [0x00000000c2a00000, 0x00000000c5380000, 0x00000000eb900000)
  object space 42496K, 29% used [0x00000000c2a00000,0x00000000c36377c0,0x00000000c5380000)
 Metaspace       used 13952K, capacity 14334K, committed 14592K, reserved 1062912K
  class space    used 1594K, capacity 1707K, committed 1792K, reserved 1048576K
}
Event: 36.531 GC heap before
{Heap before GC invocations=13 (full 1):
 PSYoungGen      total 119808K, used 116496K [0x00000000eb900000, 0x00000000f5500000, 0x0000000100000000)
  eden space 114176K, 100% used [0x00000000eb900000,0x00000000f2880000,0x00000000f2880000)
  from space 5632K, 41% used [0x00000000f2880000,0x00000000f2ac4020,0x00000000f2e00000)
  to   space 5632K, 0% used [0x00000000f4f80000,0x00000000f4f80000,0x00000000f5500000)
 ParOldGen       total 42496K, used 12509K [0x00000000c2a00000, 0x00000000c5380000, 0x00000000eb900000)
  object space 42496K, 29% used [0x00000000c2a00000,0x00000000c36377c0,0x00000000c5380000)
 Metaspace       used 13973K, capacity 14398K, committed 14592K, reserved 1062912K
  class space    used 1594K, capacity 1707K, committed 1792K, reserved 1048576K
Event: 36.566 GC heap after
Heap after GC invocations=13 (full 1):
 PSYoungGen      total 154112K, used 4704K [0x00000000eb900000, 0x00000000f7680000, 0x0000000100000000)
  eden space 148480K, 0% used [0x00000000eb900000,0x00000000eb900000,0x00000000f4a00000)
  from space 5632K, 83% used [0x00000000f4f80000,0x00000000f54181e0,0x00000000f5500000)
  to   space 5632K, 0% used [0x00000000f4a00000,0x00000000f4a00000,0x00000000f4f80000)
 ParOldGen       total 42496K, used 14587K [0x00000000c2a00000, 0x00000000c5380000, 0x00000000eb900000)
  object space 42496K, 34% used [0x00000000c2a00000,0x00000000c383ec78,0x00000000c5380000)
 Metaspace       used 13973K, capacity 14398K, committed 14592K, reserved 1062912K
  class space    used 1594K, capacity 1707K, committed 1792K, reserved 1048576K
}
Event: 39.149 GC heap before
{Heap before GC invocations=14 (full 1):
 PSYoungGen      total 154112K, used 153184K [0x00000000eb900000, 0x00000000f7680000, 0x0000000100000000)
  eden space 148480K, 100% used [0x00000000eb900000,0x00000000f4a00000,0x00000000f4a00000)
  from space 5632K, 83% used [0x00000000f4f80000,0x00000000f54181e0,0x00000000f5500000)
  to   space 5632K, 0% used [0x00000000f4a00000,0x00000000f4a00000,0x00000000f4f80000)
 ParOldGen       total 42496K, used 14587K [0x00000000c2a00000, 0x00000000c5380000, 0x00000000eb900000)
  object space 42496K, 34% used [0x00000000c2a00000,0x00000000c383ec78,0x00000000c5380000)
 Metaspace       used 13985K, capacity 14398K, committed 14592K, reserved 1062912K
  class space    used 1594K, capacity 1707K, committed 1792K, reserved 1048576K

