# JRE version: Java(TM) SE Runtime Environment (8.0_201-b09) (build 1.8.0_201-b09)
# Java VM: Java HotSpot(TM) 64-Bit Server VM (25.201-b09 mixed mode linux-amd64 compressed oops)
Heap:
 PSYoungGen      total 317440K, used 92962K [0x00000000eb900000, 0x0000000100000000, 0x0000000100000000)
  eden space 300032K, 28% used [0x00000000eb900000,0x00000000f0df05e0,0x00000000fde00000)
  from space 17408K, 34% used [0x00000000fde00000,0x00000000fe3d85e8,0x00000000fef00000)
  to   space 16384K, 0% used [0x00000000ff000000,0x00000000ff000000,0x0000000100000000)
 ParOldGen       total 74752K, used 58906K [0x00000000c2a00000, 0x00000000c7300000, 0x00000000eb900000)
  object space 74752K, 78% used [0x00000000c2a00000,0x00000000c6386840,0x00000000c7300000)
 Metaspace       used 23512K, capacity 24164K, committed 24320K, reserved 1071104K
  class space    used 2505K, capacity 2692K, committed 2816K, reserved 1048576K
GC Heap History (10 events):
Event: 17.511 GC heap before
{Heap before GC invocations=15 (full 1):
 PSYoungGen      total 155648K, used 151960K [0x00000000eb900000, 0x00000000faf00000, 0x0000000100000000)
  eden space 149504K, 100% used [0x00000000eb900000,0x00000000f4b00000,0x00000000f4b00000)
  from space 6144K, 39% used [0x00000000f4b00000,0x00000000f4d661a8,0x00000000f5100000)
  to   space 6144K, 0% used [0x00000000fa900000,0x00000000fa900000,0x00000000faf00000)
 ParOldGen       total 42496K, used 20465K [0x00000000c2a00000, 0x00000000c5380000, 0x00000000eb900000)
  object space 42496K, 48% used [0x00000000c2a00000,0x00000000c3dfc750,0x00000000c5380000)
 Metaspace       used 16310K, capacity 16464K, committed 16768K, reserved 1064960K
  class space    used 1831K, capacity 1910K, committed 1920K, reserved 1048576K
Event: 17.526 GC heap after
Heap after GC invocations=15 (full 1):
 PSYoungGen      total 245760K, used 640K [0x00000000eb900000, 0x00000000faf00000, 0x0000000100000000)
  eden space 239616K, 0% used [0x00000000eb900000,0x00000000eb900000,0x00000000fa300000)
  from space 6144K, 10% used [0x00000000fa900000,0x00000000fa9a0000,0x00000000faf00000)
  to   space 6144K, 0% used [0x00000000fa300000,0x00000000fa300000,0x00000000fa900000)
 ParOldGen       total 42496K, used 22766K [0x00000000c2a00000, 0x00000000c5380000, 0x00000000eb900000)
  object space 42496K, 53% used [0x00000000c2a00000,0x00000000c403bb20,0x00000000c5380000)
 Metaspace       used 16310K, capacity 16464K, committed 16768K, reserved 1064960K
  class space    used 1831K, capacity 1910K, committed 1920K, reserved 1048576K
}
Event: 38.991 GC heap before
{Heap before GC invocations=16 (full 1):
 PSYoungGen      total 245760K, used 240256K [0x00000000eb900000, 0x00000000faf00000, 0x0000000100000000)
  eden space 239616K, 100% used [0x00000000eb900000,0x00000000fa300000,0x00000000fa300000)
  from space 6144K, 10% used [0x00000000fa900000,0x00000000fa9a0000,0x00000000faf00000)
  to   space 6144K, 0% used [0x00000000fa300000,0x00000000fa300000,0x00000000fa900000)
 ParOldGen       total 42496K, used 22766K [0x00000000c2a00000, 0x00000000c5380000, 0x00000000eb900000)
  object space 42496K, 53% used [0x00000000c2a00000,0x00000000c403bb20,0x00000000c5380000)
 Metaspace       used 18971K, capacity 19260K, committed 19712K, reserved 1067008K
  class space    used 2137K, capacity 2228K, committed 2304K, reserved 1048576K
Event: 39.168 GC heap after
Heap after GC invocations=16 (full 1):
 PSYoungGen      total 245760K, used 6112K [0x00000000eb900000, 0x0000000100000000, 0x0000000100000000)
  eden space 239616K, 0% used [0x00000000eb900000,0x00000000eb900000,0x00000000fa300000)
  from space 6144K, 99% used [0x00000000fa300000,0x00000000fa8f8170,0x00000000fa900000)
  to   space 12800K, 0% used [0x00000000ff380000,0x00000000ff380000,0x0000000100000000)
 ParOldGen       total 42496K, used 38628K [0x00000000c2a00000, 0x00000000c5380000, 0x00000000eb900000)
  object space 42496K, 90% used [0x00000000c2a00000,0x00000000c4fb9280,0x00000000c5380000)
 Metaspace       used 18971K, capacity 19260K, committed 19712K, reserved 1067008K
  class space    used 2137K, capacity 2228K, committed 2304K, reserved 1048576K
}
Event: 39.168 GC heap before
{Heap before GC invocations=17 (full 2):
 PSYoungGen      total 245760K, used 6112K [0x00000000eb900000, 0x0000000100000000, 0x0000000100000000)
  eden space 239616K, 0% used [0x00000000eb900000,0x00000000eb900000,0x00000000fa300000)
  from space 6144K, 99% used [0x00000000fa300000,0x00000000fa8f8170,0x00000000fa900000)
  to   space 12800K, 0% used [0x00000000ff380000,0x00000000ff380000,0x0000000100000000)
 ParOldGen       total 42496K, used 38628K [0x00000000c2a00000, 0x00000000c5380000, 0x00000000eb900000)
  object space 42496K, 90% used [0x00000000c2a00000,0x00000000c4fb9280,0x00000000c5380000)
 Metaspace       used 18971K, capacity 19260K, committed 19712K, reserved 1067008K
  class space    used 2137K, capacity 2228K, committed 2304K, reserved 1048576K
Event: 40.242 GC heap after
Heap after GC invocations=17 (full 2):
 PSYoungGen      total 245760K, used 0K [0x00000000eb900000, 0x0000000100000000, 0x0000000100000000)
  eden space 239616K, 0% used [0x00000000eb900000,0x00000000eb900000,0x00000000fa300000)
  from space 6144K, 0% used [0x00000000fa300000,0x00000000fa300000,0x00000000fa900000)
  to   space 12800K, 0% used [0x00000000ff380000,0x00000000ff380000,0x0000000100000000)
 ParOldGen       total 74752K, used 39531K [0x00000000c2a00000, 0x00000000c7300000, 0x00000000eb900000)
  object space 74752K, 52% used [0x00000000c2a00000,0x00000000c509aca0,0x00000000c7300000)
 Metaspace       used 18971K, capacity 19260K, committed 19712K, reserved 1067008K
  class space    used 2137K, capacity 2228K, committed 2304K, reserved 1048576K
}
Event: 52.076 GC heap before
{Heap before GC invocations=18 (full 2):
 PSYoungGen      total 245760K, used 239616K [0x00000000eb900000, 0x0000000100000000, 0x0000000100000000)
  eden space 239616K, 100% used [0x00000000eb900000,0x00000000fa300000,0x00000000fa300000)
  from space 6144K, 0% used [0x00000000fa300000,0x00000000fa300000,0x00000000fa900000)
  to   space 12800K, 0% used [0x00000000ff380000,0x00000000ff380000,0x0000000100000000)
 ParOldGen       total 74752K, used 39531K [0x00000000c2a00000, 0x00000000c7300000, 0x00000000eb900000)
  object space 74752K, 52% used [0x00000000c2a00000,0x00000000c509aca0,0x00000000c7300000)
 Metaspace       used 22236K, capacity 22636K, committed 22784K, reserved 1069056K
  class space    used 2426K, capacity 2544K, committed 2560K, reserved 1048576K
Event: 52.239 GC heap after
Heap after GC invocations=18 (full 2):
 PSYoungGen      total 303616K, used 12788K [0x00000000eb900000, 0x0000000100000000, 0x0000000100000000)
  eden space 290816K, 0% used [0x00000000eb900000,0x00000000eb900000,0x00000000fd500000)
  from space 12800K, 99% used [0x00000000ff380000,0x00000000ffffd2c8,0x0000000100000000)
  to   space 17408K, 0% used [0x00000000fde00000,0x00000000fde00000,0x00000000fef00000)
 ParOldGen       total 74752K, used 46216K [0x00000000c2a00000, 0x00000000c7300000, 0x00000000eb900000)
  object space 74752K, 61% used [0x00000000c2a00000,0x00000000c57222a0,0x00000000c7300000)
 Metaspace       used 22236K, capacity 22636K, committed 22784K, reserved 1069056K
  class space    used 2426K, capacity 2544K, committed 2560K, reserved 1048576K
}
Event: 62.906 GC heap before
{Heap before GC invocations=19 (full 2):
 PSYoungGen      total 303616K, used 303604K [0x00000000eb900000, 0x0000000100000000, 0x0000000100000000)
  eden space 290816K, 100% used [0x00000000eb900000,0x00000000fd500000,0x00000000fd500000)
  from space 12800K, 99% used [0x00000000ff380000,0x00000000ffffd2c8,0x0000000100000000)
  to   space 17408K, 0% used [0x00000000fde00000,0x00000000fde00000,0x00000000fef00000)
 ParOldGen       total 74752K, used 46216K [0x00000000c2a00000, 0x00000000c7300000, 0x00000000eb900000)
  object space 74752K, 61% used [0x00000000c2a00000,0x00000000c57222a0,0x00000000c7300000)
 Metaspace       used 23479K, capacity 24100K, committed 24320K, reserved 1071104K
  class space    used 2505K, capacity 2692K, committed 2816K, reserved 1048576K
Event: 63.156 GC heap after
Heap after GC invocations=19 (full 2):
 PSYoungGen      total 317440K, used 5985K [0x00000000eb900000, 0x0000000100000000, 0x0000000100000000)
  eden space 300032K, 0% used [0x00000000eb900000,0x00000000eb900000,0x00000000fde00000)
  from space 17408K, 34% used [0x00000000fde00000,0x00000000fe3d85e8,0x00000000fef00000)
  to   space 16384K, 0% used [0x00000000ff000000,0x00000000ff000000,0x0000000100000000)
 ParOldGen       total 74752K, used 58906K [0x00000000c2a00000, 0x00000000c7300000, 0x00000000eb900000)
  object space 74752K, 78% used [0x00000000c2a00000,0x00000000c6386840,0x00000000c7300000)
 Metaspace       used 23479K, capacity 24100K, committed 24320K, reserved 1071104K
  class space    used 2505K, capacity 2692K, committed 2816K, reserved 1048576K
}

