# JRE version: Java(TM) SE Runtime Environment (8.0_201-b09) (build 1.8.0_201-b09)
# Java VM: Java HotSpot(TM) 64-Bit Server VM (25.201-b09 mixed mode linux-amd64 compressed oops)
Heap:
 PSYoungGen      total 295936K, used 13664K [0x00000000eb900000, 0x00000000ffb80000, 0x0000000100000000)
  eden space 261632K, 0% used [0x00000000eb900000,0x00000000eb900000,0x00000000fb880000)
  from space 34304K, 39% used [0x00000000fb880000,0x00000000fc5d8000,0x00000000fda00000)
  to   space 32768K, 0% used [0x00000000fdb80000,0x00000000fdb80000,0x00000000ffb80000)
 ParOldGen       total 117248K, used 77508K [0x00000000c2a00000, 0x00000000c9c80000, 0x00000000eb900000)
  object space 117248K, 66% used [0x00000000c2a00000,0x00000000c75b13c0,0x00000000c9c80000)
 Metaspace       used 28382K, capacity 29128K, committed 29440K, reserved 1075200K
  class space    used 3302K, capacity 3514K, committed 3584K, reserved 1048576K
GC Heap History (10 events):
Event: 59.676 GC heap after
Heap after GC invocations=27 (full 3):
 PSYoungGen      total 300032K, used 23232K [0x00000000eb900000, 0x0000000100000000, 0x0000000100000000)
  eden space 269312K, 0% used [0x00000000eb900000,0x00000000eb900000,0x00000000fc000000)
  from space 30720K, 75% used [0x00000000fe200000,0x00000000ff8b0000,0x0000000100000000)
  to   space 32768K, 0% used [0x00000000fc000000,0x00000000fc000000,0x00000000fe000000)
 ParOldGen       total 117248K, used 62101K [0x00000000c2a00000, 0x00000000c9c80000, 0x00000000eb900000)
  object space 117248K, 52% used [0x00000000c2a00000,0x00000000c66a57c8,0x00000000c9c80000)
 Metaspace       used 28193K, capacity 28906K, committed 29184K, reserved 1075200K
  class space    used 3299K, capacity 3509K, committed 3584K, reserved 1048576K
}
Event: 62.218 GC heap before
{Heap before GC invocations=28 (full 3):
 PSYoungGen      total 300032K, used 292544K [0x00000000eb900000, 0x0000000100000000, 0x0000000100000000)
  eden space 269312K, 100% used [0x00000000eb900000,0x00000000fc000000,0x00000000fc000000)
  from space 30720K, 75% used [0x00000000fe200000,0x00000000ff8b0000,0x0000000100000000)
  to   space 32768K, 0% used [0x00000000fc000000,0x00000000fc000000,0x00000000fe000000)
 ParOldGen       total 117248K, used 62101K [0x00000000c2a00000, 0x00000000c9c80000, 0x00000000eb900000)
  object space 117248K, 52% used [0x00000000c2a00000,0x00000000c66a57c8,0x00000000c9c80000)
 Metaspace       used 28222K, capacity 29034K, committed 29184K, reserved 1075200K
  class space    used 3299K, capacity 3509K, committed 3584K, reserved 1048576K
Event: 62.291 GC heap after
Heap after GC invocations=28 (full 3):
 PSYoungGen      total 296960K, used 27296K [0x00000000eb900000, 0x0000000100000000, 0x0000000100000000)
  eden space 269312K, 0% used [0x00000000eb900000,0x00000000eb900000,0x00000000fc000000)
  from space 27648K, 98% used [0x00000000fc000000,0x00000000fdaa8020,0x00000000fdb00000)
  to   space 35840K, 0% used [0x00000000fdd00000,0x00000000fdd00000,0x0000000100000000)
 ParOldGen       total 117248K, used 62109K [0x00000000c2a00000, 0x00000000c9c80000, 0x00000000eb900000)
  object space 117248K, 52% used [0x00000000c2a00000,0x00000000c66a77c8,0x00000000c9c80000)
 Metaspace       used 28222K, capacity 29034K, committed 29184K, reserved 1075200K
  class space    used 3299K, capacity 3509K, committed 3584K, reserved 1048576K
}
Event: 63.577 GC heap before
{Heap before GC invocations=29 (full 3):
 PSYoungGen      total 296960K, used 296608K [0x00000000eb900000, 0x0000000100000000, 0x0000000100000000)
  eden space 269312K, 100% used [0x00000000eb900000,0x00000000fc000000,0x00000000fc000000)
  from space 27648K, 98% used [0x00000000fc000000,0x00000000fdaa8020,0x00000000fdb00000)
  to   space 35840K, 0% used [0x00000000fdd00000,0x00000000fdd00000,0x0000000100000000)
 ParOldGen       total 117248K, used 62109K [0x00000000c2a00000, 0x00000000c9c80000, 0x00000000eb900000)
  object space 117248K, 52% used [0x00000000c2a00000,0x00000000c66a77c8,0x00000000c9c80000)
 Metaspace       used 28223K, capacity 29034K, committed 29184K, reserved 1075200K
  class space    used 3299K, capacity 3509K, committed 3584K, reserved 1048576K
Event: 63.647 GC heap after
Heap after GC invocations=29 (full 3):
 PSYoungGen      total 295936K, used 25008K [0x00000000eb900000, 0x0000000100000000, 0x0000000100000000)
  eden space 260096K, 0% used [0x00000000eb900000,0x00000000eb900000,0x00000000fb700000)
  from space 35840K, 69% used [0x00000000fdd00000,0x00000000ff56c010,0x0000000100000000)
  to   space 37376K, 0% used [0x00000000fb700000,0x00000000fb700000,0x00000000fdb80000)
 ParOldGen       total 117248K, used 62109K [0x00000000c2a00000, 0x00000000c9c80000, 0x00000000eb900000)
  object space 117248K, 52% used [0x00000000c2a00000,0x00000000c66a77c8,0x00000000c9c80000)
 Metaspace       used 28223K, capacity 29034K, committed 29184K, reserved 1075200K
  class space    used 3299K, capacity 3509K, committed 3584K, reserved 1048576K
}
Event: 65.312 GC heap before
{Heap before GC invocations=30 (full 3):
 PSYoungGen      total 295936K, used 285104K [0x00000000eb900000, 0x0000000100000000, 0x0000000100000000)
  eden space 260096K, 100% used [0x00000000eb900000,0x00000000fb700000,0x00000000fb700000)
  from space 35840K, 69% used [0x00000000fdd00000,0x00000000ff56c010,0x0000000100000000)
  to   space 37376K, 0% used [0x00000000fb700000,0x00000000fb700000,0x00000000fdb80000)
 ParOldGen       total 117248K, used 62109K [0x00000000c2a00000, 0x00000000c9c80000, 0x00000000eb900000)
  object space 117248K, 52% used [0x00000000c2a00000,0x00000000c66a77c8,0x00000000c9c80000)
 Metaspace       used 28260K, capacity 29040K, committed 29184K, reserved 1075200K
  class space    used 3300K, capacity 3510K, committed 3584K, reserved 1048576K
Event: 65.399 GC heap after
Heap after GC invocations=30 (full 3):
 PSYoungGen      total 297472K, used 17504K [0x00000000eb900000, 0x00000000ffe80000, 0x0000000100000000)
  eden space 260096K, 0% used [0x00000000eb900000,0x00000000eb900000,0x00000000fb700000)
  from space 37376K, 46% used [0x00000000fb700000,0x00000000fc818000,0x00000000fdb80000)
  to   space 35840K, 0% used [0x00000000fdb80000,0x00000000fdb80000,0x00000000ffe80000)
 ParOldGen       total 117248K, used 71052K [0x00000000c2a00000, 0x00000000c9c80000, 0x00000000eb900000)
  object space 117248K, 60% used [0x00000000c2a00000,0x00000000c6f631e0,0x00000000c9c80000)
 Metaspace       used 28260K, capacity 29040K, committed 29184K, reserved 1075200K
  class space    used 3300K, capacity 3510K, committed 3584K, reserved 1048576K
}
Event: 75.570 GC heap before
{Heap before GC invocations=31 (full 3):
 PSYoungGen      total 297472K, used 277600K [0x00000000eb900000, 0x00000000ffe80000, 0x0000000100000000)
  eden space 260096K, 100% used [0x00000000eb900000,0x00000000fb700000,0x00000000fb700000)
  from space 37376K, 46% used [0x00000000fb700000,0x00000000fc818000,0x00000000fdb80000)
  to   space 35840K, 0% used [0x00000000fdb80000,0x00000000fdb80000,0x00000000ffe80000)
 ParOldGen       total 117248K, used 71052K [0x00000000c2a00000, 0x00000000c9c80000, 0x00000000eb900000)
  object space 117248K, 60% used [0x00000000c2a00000,0x00000000c6f631e0,0x00000000c9c80000)
 Metaspace       used 28345K, capacity 29110K, committed 29184K, reserved 1075200K
  class space    used 3300K, capacity 3511K, committed 3584K, reserved 1048576K
Event: 75.694 GC heap after
Heap after GC invocations=31 (full 3):
 PSYoungGen      total 294400K, used 14688K [0x00000000eb900000, 0x00000000ffb80000, 0x0000000100000000)
  eden space 261632K, 0% used [0x00000000eb900000,0x00000000eb900000,0x00000000fb880000)
  from space 32768K, 44% used [0x00000000fdb80000,0x00000000fe9d8000,0x00000000ffb80000)
  to   space 34304K, 0% used [0x00000000fb880000,0x00000000fb880000,0x00000000fda00000)
 ParOldGen       total 117248K, used 77500K [0x00000000c2a00000, 0x00000000c9c80000, 0x00000000eb900000)
  object space 117248K, 66% used [0x00000000c2a00000,0x00000000c75af3c0,0x00000000c9c80000)
 Metaspace       used 28345K, capacity 29110K, committed 29184K, reserved 1075200K
  class space    used 3300K, capacity 3511K, committed 3584K, reserved 1048576K
}
Event: 80.113 GC heap before
{Heap before GC invocations=32 (full 3):
 PSYoungGen      total 294400K, used 276320K [0x00000000eb900000, 0x00000000ffb80000, 0x0000000100000000)
  eden space 261632K, 100% used [0x00000000eb900000,0x00000000fb880000,0x00000000fb880000)
  from space 32768K, 44% used [0x00000000fdb80000,0x00000000fe9d8000,0x00000000ffb80000)
  to   space 34304K, 0% used [0x00000000fb880000,0x00000000fb880000,0x00000000fda00000)
 ParOldGen       total 117248K, used 77500K [0x00000000c2a00000, 0x00000000c9c80000, 0x00000000eb900000)
  object space 117248K, 66% used [0x00000000c2a00000,0x00000000c75af3c0,0x00000000c9c80000)
 Metaspace       used 28382K, capacity 29128K, committed 29440K, reserved 1075200K
  class space    used 3302K, capacity 3514K, committed 3584K, reserved 1048576K

