# JRE version: Java(TM) SE Runtime Environment (8.0_201-b09) (build 1.8.0_201-b09)
# Java VM: Java HotSpot(TM) 64-Bit Server VM (25.201-b09 mixed mode linux-amd64 compressed oops)
Heap:
 PSYoungGen      total 63488K, used 160K [0x00000000eb900000, 0x00000000efc00000, 0x0000000100000000)
  eden space 58368K, 0% used [0x00000000eb900000,0x00000000eb900000,0x00000000ef200000)
  from space 5120K, 3% used [0x00000000ef200000,0x00000000ef228000,0x00000000ef700000)
  to   space 5120K, 0% used [0x00000000ef700000,0x00000000ef700000,0x00000000efc00000)
 ParOldGen       total 42496K, used 7831K [0x00000000c2a00000, 0x00000000c5380000, 0x00000000eb900000)
  object space 42496K, 18% used [0x00000000c2a00000,0x00000000c31a5c88,0x00000000c5380000)
 Metaspace       used 13751K, capacity 14136K, committed 14336K, reserved 1062912K
  class space    used 1589K, capacity 1706K, committed 1792K, reserved 1048576K
GC Heap History (10 events):
Event: 29.313 GC heap after
Heap after GC invocations=5 (full 1):
 PSYoungGen      total 18432K, used 2542K [0x00000000eb900000, 0x00000000ecd80000, 0x0000000100000000)
  eden space 15872K, 0% used [0x00000000eb900000,0x00000000eb900000,0x00000000ec880000)
  from space 2560K, 99% used [0x00000000ecb00000,0x00000000ecd7b840,0x00000000ecd80000)
  to   space 2560K, 0% used [0x00000000ec880000,0x00000000ec880000,0x00000000ecb00000)
 ParOldGen       total 42496K, used 4498K [0x00000000c2a00000, 0x00000000c5380000, 0x00000000eb900000)
  object space 42496K, 10% used [0x00000000c2a00000,0x00000000c2e648e0,0x00000000c5380000)
 Metaspace       used 13672K, capacity 14008K, committed 14336K, reserved 1062912K
  class space    used 1587K, capacity 1706K, committed 1792K, reserved 1048576K
}
Event: 29.919 GC heap before
{Heap before GC invocations=6 (full 1):
 PSYoungGen      total 18432K, used 18414K [0x00000000eb900000, 0x00000000ecd80000, 0x0000000100000000)
  eden space 15872K, 100% used [0x00000000eb900000,0x00000000ec880000,0x00000000ec880000)
  from space 2560K, 99% used [0x00000000ecb00000,0x00000000ecd7b840,0x00000000ecd80000)
  to   space 2560K, 0% used [0x00000000ec880000,0x00000000ec880000,0x00000000ecb00000)
 ParOldGen       total 42496K, used 4498K [0x00000000c2a00000, 0x00000000c5380000, 0x00000000eb900000)
  object space 42496K, 10% used [0x00000000c2a00000,0x00000000c2e648e0,0x00000000c5380000)
 Metaspace       used 13749K, capacity 14136K, committed 14336K, reserved 1062912K
  class space    used 1589K, capacity 1706K, committed 1792K, reserved 1048576K
Event: 29.942 GC heap after
Heap after GC invocations=6 (full 1):
 PSYoungGen      total 18432K, used 2558K [0x00000000eb900000, 0x00000000edd00000, 0x0000000100000000)
  eden space 15872K, 0% used [0x00000000eb900000,0x00000000eb900000,0x00000000ec880000)
  from space 2560K, 99% used [0x00000000ec880000,0x00000000ecaff850,0x00000000ecb00000)
  to   space 2560K, 0% used [0x00000000eda80000,0x00000000eda80000,0x00000000edd00000)
 ParOldGen       total 42496K, used 5248K [0x00000000c2a00000, 0x00000000c5380000, 0x00000000eb900000)
  object space 42496K, 12% used [0x00000000c2a00000,0x00000000c2f20348,0x00000000c5380000)
 Metaspace       used 13749K, capacity 14136K, committed 14336K, reserved 1062912K
  class space    used 1589K, capacity 1706K, committed 1792K, reserved 1048576K
}
Event: 30.076 GC heap before
{Heap before GC invocations=7 (full 1):
 PSYoungGen      total 18432K, used 18430K [0x00000000eb900000, 0x00000000edd00000, 0x0000000100000000)
  eden space 15872K, 100% used [0x00000000eb900000,0x00000000ec880000,0x00000000ec880000)
  from space 2560K, 99% used [0x00000000ec880000,0x00000000ecaff850,0x00000000ecb00000)
  to   space 2560K, 0% used [0x00000000eda80000,0x00000000eda80000,0x00000000edd00000)
 ParOldGen       total 42496K, used 5248K [0x00000000c2a00000, 0x00000000c5380000, 0x00000000eb900000)
  object space 42496K, 12% used [0x00000000c2a00000,0x00000000c2f20348,0x00000000c5380000)
 Metaspace       used 13750K, capacity 14136K, committed 14336K, reserved 1062912K
  class space    used 1589K, capacity 1706K, committed 1792K, reserved 1048576K
Event: 30.084 GC heap after
Heap after GC invocations=7 (full 1):
 PSYoungGen      total 31744K, used 2536K [0x00000000eb900000, 0x00000000ee200000, 0x0000000100000000)
  eden space 29184K, 0% used [0x00000000eb900000,0x00000000eb900000,0x00000000ed580000)
  from space 2560K, 99% used [0x00000000eda80000,0x00000000edcfa040,0x00000000edd00000)
  to   space 5120K, 0% used [0x00000000ed580000,0x00000000ed580000,0x00000000eda80000)
 ParOldGen       total 42496K, used 5264K [0x00000000c2a00000, 0x00000000c5380000, 0x00000000eb900000)
  object space 42496K, 12% used [0x00000000c2a00000,0x00000000c2f24348,0x00000000c5380000)
 Metaspace       used 13750K, capacity 14136K, committed 14336K, reserved 1062912K
  class space    used 1589K, capacity 1706K, committed 1792K, reserved 1048576K
}
Event: 30.301 GC heap before
{Heap before GC invocations=8 (full 1):
 PSYoungGen      total 31744K, used 31720K [0x00000000eb900000, 0x00000000ee200000, 0x0000000100000000)
  eden space 29184K, 100% used [0x00000000eb900000,0x00000000ed580000,0x00000000ed580000)
  from space 2560K, 99% used [0x00000000eda80000,0x00000000edcfa040,0x00000000edd00000)
  to   space 5120K, 0% used [0x00000000ed580000,0x00000000ed580000,0x00000000eda80000)
 ParOldGen       total 42496K, used 5264K [0x00000000c2a00000, 0x00000000c5380000, 0x00000000eb900000)
  object space 42496K, 12% used [0x00000000c2a00000,0x00000000c2f24348,0x00000000c5380000)
 Metaspace       used 13750K, capacity 14136K, committed 14336K, reserved 1062912K
  class space    used 1589K, capacity 1706K, committed 1792K, reserved 1048576K
Event: 30.315 GC heap after
Heap after GC invocations=8 (full 1):
 PSYoungGen      total 34304K, used 2600K [0x00000000eb900000, 0x00000000efc00000, 0x0000000100000000)
  eden space 29184K, 0% used [0x00000000eb900000,0x00000000eb900000,0x00000000ed580000)
  from space 5120K, 50% used [0x00000000ed580000,0x00000000ed80a040,0x00000000eda80000)
  to   space 5120K, 0% used [0x00000000ef700000,0x00000000ef700000,0x00000000efc00000)
 ParOldGen       total 42496K, used 5264K [0x00000000c2a00000, 0x00000000c5380000, 0x00000000eb900000)
  object space 42496K, 12% used [0x00000000c2a00000,0x00000000c2f24348,0x00000000c5380000)
 Metaspace       used 13750K, capacity 14136K, committed 14336K, reserved 1062912K
  class space    used 1589K, capacity 1706K, committed 1792K, reserved 1048576K
}
Event: 30.529 GC heap before
{Heap before GC invocations=9 (full 1):
 PSYoungGen      total 34304K, used 31784K [0x00000000eb900000, 0x00000000efc00000, 0x0000000100000000)
  eden space 29184K, 100% used [0x00000000eb900000,0x00000000ed580000,0x00000000ed580000)
  from space 5120K, 50% used [0x00000000ed580000,0x00000000ed80a040,0x00000000eda80000)
  to   space 5120K, 0% used [0x00000000ef700000,0x00000000ef700000,0x00000000efc00000)
 ParOldGen       total 42496K, used 5264K [0x00000000c2a00000, 0x00000000c5380000, 0x00000000eb900000)
  object space 42496K, 12% used [0x00000000c2a00000,0x00000000c2f24348,0x00000000c5380000)
 Metaspace       used 13750K, capacity 14136K, committed 14336K, reserved 1062912K
  class space    used 1589K, capacity 1706K, committed 1792K, reserved 1048576K
Event: 30.541 GC heap after
Heap after GC invocations=9 (full 1):
 PSYoungGen      total 63488K, used 1280K [0x00000000eb900000, 0x00000000efc00000, 0x0000000100000000)
  eden space 58368K, 0% used [0x00000000eb900000,0x00000000eb900000,0x00000000ef200000)
  from space 5120K, 25% used [0x00000000ef700000,0x00000000ef840000,0x00000000efc00000)
  to   space 5120K, 0% used [0x00000000ef200000,0x00000000ef200000,0x00000000ef700000)
 ParOldGen       total 42496K, used 6611K [0x00000000c2a00000, 0x00000000c5380000, 0x00000000eb900000)
  object space 42496K, 15% used [0x00000000c2a00000,0x00000000c3074c58,0x00000000c5380000)
 Metaspace       used 13750K, capacity 14136K, committed 14336K, reserved 1062912K
  class space    used 1589K, capacity 1706K, committed 1792K, reserved 1048576K
}
Event: 32.039 GC heap before
{Heap before GC invocations=10 (full 1):
 PSYoungGen      total 63488K, used 59648K [0x00000000eb900000, 0x00000000efc00000, 0x0000000100000000)
  eden space 58368K, 100% used [0x00000000eb900000,0x00000000ef200000,0x00000000ef200000)
  from space 5120K, 25% used [0x00000000ef700000,0x00000000ef840000,0x00000000efc00000)
  to   space 5120K, 0% used [0x00000000ef200000,0x00000000ef200000,0x00000000ef700000)
 ParOldGen       total 42496K, used 6611K [0x00000000c2a00000, 0x00000000c5380000, 0x00000000eb900000)
  object space 42496K, 15% used [0x00000000c2a00000,0x00000000c3074c58,0x00000000c5380000)
 Metaspace       used 13751K, capacity 14136K, committed 14336K, reserved 1062912K
  class space    used 1589K, capacity 1706K, committed 1792K, reserved 1048576K

