# JRE version: Java(TM) SE Runtime Environment (8.0_201-b09) (build 1.8.0_201-b09)
# Java VM: Java HotSpot(TM) 64-Bit Server VM (25.201-b09 mixed mode linux-amd64 compressed oops)
Heap:
 PSYoungGen      total 157696K, used 10240K [0x00000000eb900000, 0x00000000f7880000, 0x0000000100000000)
  eden space 147456K, 0% used [0x00000000eb900000,0x00000000eb900000,0x00000000f4900000)
  from space 10240K, 100% used [0x00000000f4900000,0x00000000f5300000,0x00000000f5300000)
  to   space 10240K, 0% used [0x00000000f5300000,0x00000000f5300000,0x00000000f5d00000)
 ParOldGen       total 56832K, used 55446K [0x00000000c2a00000, 0x00000000c6180000, 0x00000000eb900000)
  object space 56832K, 97% used [0x00000000c2a00000,0x00000000c6025938,0x00000000c6180000)
 Metaspace       used 15027K, capacity 15550K, committed 15616K, reserved 1062912K
  class space    used 1641K, capacity 1781K, committed 1792K, reserved 1048576K
GC Heap History (10 events):
Event: 23.310 GC heap after
Heap after GC invocations=9 (full 1):
 PSYoungGen      total 62464K, used 5112K [0x00000000eb900000, 0x00000000efe00000, 0x0000000100000000)
  eden space 57344K, 0% used [0x00000000eb900000,0x00000000eb900000,0x00000000ef100000)
  from space 5120K, 99% used [0x00000000ef700000,0x00000000efbfe238,0x00000000efc00000)
  to   space 6144K, 0% used [0x00000000ef100000,0x00000000ef100000,0x00000000ef700000)
 ParOldGen       total 42496K, used 12028K [0x00000000c2a00000, 0x00000000c5380000, 0x00000000eb900000)
  object space 42496K, 28% used [0x00000000c2a00000,0x00000000c35bf310,0x00000000c5380000)
 Metaspace       used 13885K, capacity 14246K, committed 14336K, reserved 1062912K
  class space    used 1584K, capacity 1703K, committed 1792K, reserved 1048576K
}
Event: 24.379 GC heap before
{Heap before GC invocations=10 (full 1):
 PSYoungGen      total 62464K, used 62456K [0x00000000eb900000, 0x00000000efe00000, 0x0000000100000000)
  eden space 57344K, 100% used [0x00000000eb900000,0x00000000ef100000,0x00000000ef100000)
  from space 5120K, 99% used [0x00000000ef700000,0x00000000efbfe238,0x00000000efc00000)
  to   space 6144K, 0% used [0x00000000ef100000,0x00000000ef100000,0x00000000ef700000)
 ParOldGen       total 42496K, used 12028K [0x00000000c2a00000, 0x00000000c5380000, 0x00000000eb900000)
  object space 42496K, 28% used [0x00000000c2a00000,0x00000000c35bf310,0x00000000c5380000)
 Metaspace       used 13907K, capacity 14246K, committed 14336K, reserved 1062912K
  class space    used 1584K, capacity 1703K, committed 1792K, reserved 1048576K
Event: 24.415 GC heap after
Heap after GC invocations=10 (full 1):
 PSYoungGen      total 63488K, used 6116K [0x00000000eb900000, 0x00000000f3900000, 0x0000000100000000)
  eden space 57344K, 0% used [0x00000000eb900000,0x00000000eb900000,0x00000000ef100000)
  from space 6144K, 99% used [0x00000000ef100000,0x00000000ef6f9278,0x00000000ef700000)
  to   space 8192K, 0% used [0x00000000f3100000,0x00000000f3100000,0x00000000f3900000)
 ParOldGen       total 42496K, used 15329K [0x00000000c2a00000, 0x00000000c5380000, 0x00000000eb900000)
  object space 42496K, 36% used [0x00000000c2a00000,0x00000000c38f8778,0x00000000c5380000)
 Metaspace       used 13907K, capacity 14246K, committed 14336K, reserved 1062912K
  class space    used 1584K, capacity 1703K, committed 1792K, reserved 1048576K
}
Event: 38.557 GC heap before
{Heap before GC invocations=11 (full 1):
 PSYoungGen      total 63488K, used 63460K [0x00000000eb900000, 0x00000000f3900000, 0x0000000100000000)
  eden space 57344K, 100% used [0x00000000eb900000,0x00000000ef100000,0x00000000ef100000)
  from space 6144K, 99% used [0x00000000ef100000,0x00000000ef6f9278,0x00000000ef700000)
  to   space 8192K, 0% used [0x00000000f3100000,0x00000000f3100000,0x00000000f3900000)
 ParOldGen       total 42496K, used 15329K [0x00000000c2a00000, 0x00000000c5380000, 0x00000000eb900000)
  object space 42496K, 36% used [0x00000000c2a00000,0x00000000c38f8778,0x00000000c5380000)
 Metaspace       used 14904K, capacity 15386K, committed 15616K, reserved 1062912K
  class space    used 1635K, capacity 1777K, committed 1792K, reserved 1048576K
Event: 38.592 GC heap after
Heap after GC invocations=11 (full 1):
 PSYoungGen      total 100352K, used 8164K [0x00000000eb900000, 0x00000000f3900000, 0x0000000100000000)
  eden space 92160K, 0% used [0x00000000eb900000,0x00000000eb900000,0x00000000f1300000)
  from space 8192K, 99% used [0x00000000f3100000,0x00000000f38f9288,0x00000000f3900000)
  to   space 10752K, 0% used [0x00000000f2400000,0x00000000f2400000,0x00000000f2e80000)
 ParOldGen       total 42496K, used 19623K [0x00000000c2a00000, 0x00000000c5380000, 0x00000000eb900000)
  object space 42496K, 46% used [0x00000000c2a00000,0x00000000c3d29e30,0x00000000c5380000)
 Metaspace       used 14904K, capacity 15386K, committed 15616K, reserved 1062912K
  class space    used 1635K, capacity 1777K, committed 1792K, reserved 1048576K
}
Event: 49.510 GC heap before
{Heap before GC invocations=12 (full 1):
 PSYoungGen      total 100352K, used 100324K [0x00000000eb900000, 0x00000000f3900000, 0x0000000100000000)
  eden space 92160K, 100% used [0x00000000eb900000,0x00000000f1300000,0x00000000f1300000)
  from space 8192K, 99% used [0x00000000f3100000,0x00000000f38f9288,0x00000000f3900000)
  to   space 10752K, 0% used [0x00000000f2400000,0x00000000f2400000,0x00000000f2e80000)
 ParOldGen       total 42496K, used 19623K [0x00000000c2a00000, 0x00000000c5380000, 0x00000000eb900000)
  object space 42496K, 46% used [0x00000000c2a00000,0x00000000c3d29e30,0x00000000c5380000)
 Metaspace       used 14956K, capacity 15474K, committed 15616K, reserved 1062912K
  class space    used 1638K, capacity 1779K, committed 1792K, reserved 1048576K
Event: 49.543 GC heap after
Heap after GC invocations=12 (full 1):
 PSYoungGen      total 120320K, used 5752K [0x00000000eb900000, 0x00000000f5d00000, 0x0000000100000000)
  eden space 109568K, 0% used [0x00000000eb900000,0x00000000eb900000,0x00000000f2400000)
  from space 10752K, 53% used [0x00000000f2400000,0x00000000f299e030,0x00000000f2e80000)
  to   space 10240K, 0% used [0x00000000f5300000,0x00000000f5300000,0x00000000f5d00000)
 ParOldGen       total 42496K, used 24072K [0x00000000c2a00000, 0x00000000c5380000, 0x00000000eb900000)
  object space 42496K, 56% used [0x00000000c2a00000,0x00000000c41820d8,0x00000000c5380000)
 Metaspace       used 14956K, capacity 15474K, committed 15616K, reserved 1062912K
  class space    used 1638K, capacity 1779K, committed 1792K, reserved 1048576K
}
Event: 70.895 GC heap before
{Heap before GC invocations=13 (full 1):
 PSYoungGen      total 120320K, used 115320K [0x00000000eb900000, 0x00000000f5d00000, 0x0000000100000000)
  eden space 109568K, 100% used [0x00000000eb900000,0x00000000f2400000,0x00000000f2400000)
  from space 10752K, 53% used [0x00000000f2400000,0x00000000f299e030,0x00000000f2e80000)
  to   space 10240K, 0% used [0x00000000f5300000,0x00000000f5300000,0x00000000f5d00000)
 ParOldGen       total 42496K, used 24072K [0x00000000c2a00000, 0x00000000c5380000, 0x00000000eb900000)
  object space 42496K, 56% used [0x00000000c2a00000,0x00000000c41820d8,0x00000000c5380000)
 Metaspace       used 14978K, capacity 15480K, committed 15616K, reserved 1062912K
  class space    used 1639K, capacity 1780K, committed 1792K, reserved 1048576K
Event: 70.902 GC heap after
Heap after GC invocations=13 (full 1):
 PSYoungGen      total 157696K, used 1344K [0x00000000eb900000, 0x00000000f7880000, 0x0000000100000000)
  eden space 147456K, 0% used [0x00000000eb900000,0x00000000eb900000,0x00000000f4900000)
  from space 10240K, 13% used [0x00000000f5300000,0x00000000f5450000,0x00000000f5d00000)
  to   space 10240K, 0% used [0x00000000f4900000,0x00000000f4900000,0x00000000f5300000)
 ParOldGen       total 42496K, used 27897K [0x00000000c2a00000, 0x00000000c5380000, 0x00000000eb900000)
  object space 42496K, 65% used [0x00000000c2a00000,0x00000000c453e6c8,0x00000000c5380000)
 Metaspace       used 14978K, capacity 15480K, committed 15616K, reserved 1062912K
  class space    used 1639K, capacity 1780K, committed 1792K, reserved 1048576K
}
Event: 77.564 GC heap before
{Heap before GC invocations=14 (full 1):
 PSYoungGen      total 157696K, used 148800K [0x00000000eb900000, 0x00000000f7880000, 0x0000000100000000)
  eden space 147456K, 100% used [0x00000000eb900000,0x00000000f4900000,0x00000000f4900000)
  from space 10240K, 13% used [0x00000000f5300000,0x00000000f5450000,0x00000000f5d00000)
  to   space 10240K, 0% used [0x00000000f4900000,0x00000000f4900000,0x00000000f5300000)
 ParOldGen       total 42496K, used 27897K [0x00000000c2a00000, 0x00000000c5380000, 0x00000000eb900000)
  object space 42496K, 65% used [0x00000000c2a00000,0x00000000c453e6c8,0x00000000c5380000)
 Metaspace       used 15027K, capacity 15550K, committed 15616K, reserved 1062912K
  class space    used 1641K, capacity 1781K, committed 1792K, reserved 1048576K

