# JRE version: Java(TM) SE Runtime Environment (8.0_201-b09) (build 1.8.0_201-b09)
# Java VM: Java HotSpot(TM) 64-Bit Server VM (25.201-b09 mixed mode linux-amd64 compressed oops)
Heap:
 PSYoungGen      total 18432K, used 8444K [0x00000000eb900000, 0x00000000ecf80000, 0x0000000100000000)
  eden space 13824K, 39% used [0x00000000eb900000,0x00000000ebe64130,0x00000000ec680000)
  from space 4608K, 63% used [0x00000000ecb00000,0x00000000ecddb020,0x00000000ecf80000)
  to   space 4608K, 0% used [0x00000000ec680000,0x00000000ec680000,0x00000000ecb00000)
 ParOldGen       total 42496K, used 6218K [0x00000000c2a00000, 0x00000000c5380000, 0x00000000eb900000)
  object space 42496K, 14% used [0x00000000c2a00000,0x00000000c3012a08,0x00000000c5380000)
 Metaspace       used 14277K, capacity 14686K, committed 14848K, reserved 1062912K
  class space    used 1619K, capacity 1734K, committed 1792K, reserved 1048576K
GC Heap History (10 events):
Event: 21.391 GC heap before
{Heap before GC invocations=5 (full 1):
 PSYoungGen      total 18432K, used 18416K [0x00000000eb900000, 0x00000000ecd80000, 0x0000000100000000)
  eden space 15872K, 100% used [0x00000000eb900000,0x00000000ec880000,0x00000000ec880000)
  from space 2560K, 99% used [0x00000000ec880000,0x00000000ecafc258,0x00000000ecb00000)
  to   space 2560K, 0% used [0x00000000ecb00000,0x00000000ecb00000,0x00000000ecd80000)
 ParOldGen       total 42496K, used 3751K [0x00000000c2a00000, 0x00000000c5380000, 0x00000000eb900000)
  object space 42496K, 8% used [0x00000000c2a00000,0x00000000c2da9f48,0x00000000c5380000)
 Metaspace       used 13690K, capacity 14078K, committed 14336K, reserved 1062912K
  class space    used 1588K, capacity 1707K, committed 1792K, reserved 1048576K
Event: 21.398 GC heap after
Heap after GC invocations=5 (full 1):
 PSYoungGen      total 18432K, used 2552K [0x00000000eb900000, 0x00000000ecd80000, 0x0000000100000000)
  eden space 15872K, 0% used [0x00000000eb900000,0x00000000eb900000,0x00000000ec880000)
  from space 2560K, 99% used [0x00000000ecb00000,0x00000000ecd7e020,0x00000000ecd80000)
  to   space 2560K, 0% used [0x00000000ec880000,0x00000000ec880000,0x00000000ecb00000)
 ParOldGen       total 42496K, used 4007K [0x00000000c2a00000, 0x00000000c5380000, 0x00000000eb900000)
  object space 42496K, 9% used [0x00000000c2a00000,0x00000000c2de9fc8,0x00000000c5380000)
 Metaspace       used 13690K, capacity 14078K, committed 14336K, reserved 1062912K
  class space    used 1588K, capacity 1707K, committed 1792K, reserved 1048576K
}
Event: 22.083 GC heap before
{Heap before GC invocations=6 (full 1):
 PSYoungGen      total 18432K, used 18424K [0x00000000eb900000, 0x00000000ecd80000, 0x0000000100000000)
  eden space 15872K, 100% used [0x00000000eb900000,0x00000000ec880000,0x00000000ec880000)
  from space 2560K, 99% used [0x00000000ecb00000,0x00000000ecd7e020,0x00000000ecd80000)
  to   space 2560K, 0% used [0x00000000ec880000,0x00000000ec880000,0x00000000ecb00000)
 ParOldGen       total 42496K, used 4007K [0x00000000c2a00000, 0x00000000c5380000, 0x00000000eb900000)
  object space 42496K, 9% used [0x00000000c2a00000,0x00000000c2de9fc8,0x00000000c5380000)
 Metaspace       used 13774K, capacity 14142K, committed 14336K, reserved 1062912K
  class space    used 1588K, capacity 1707K, committed 1792K, reserved 1048576K
Event: 22.090 GC heap after
Heap after GC invocations=6 (full 1):
 PSYoungGen      total 18432K, used 2552K [0x00000000eb900000, 0x00000000ecd80000, 0x0000000100000000)
  eden space 15872K, 0% used [0x00000000eb900000,0x00000000eb900000,0x00000000ec880000)
  from space 2560K, 99% used [0x00000000ec880000,0x00000000ecafe020,0x00000000ecb00000)
  to   space 2560K, 0% used [0x00000000ecb00000,0x00000000ecb00000,0x00000000ecd80000)
 ParOldGen       total 42496K, used 4629K [0x00000000c2a00000, 0x00000000c5380000, 0x00000000eb900000)
  object space 42496K, 10% used [0x00000000c2a00000,0x00000000c2e85408,0x00000000c5380000)
 Metaspace       used 13774K, capacity 14142K, committed 14336K, reserved 1062912K
  class space    used 1588K, capacity 1707K, committed 1792K, reserved 1048576K
}
Event: 22.638 GC heap before
{Heap before GC invocations=7 (full 1):
 PSYoungGen      total 18432K, used 18424K [0x00000000eb900000, 0x00000000ecd80000, 0x0000000100000000)
  eden space 15872K, 100% used [0x00000000eb900000,0x00000000ec880000,0x00000000ec880000)
  from space 2560K, 99% used [0x00000000ec880000,0x00000000ecafe020,0x00000000ecb00000)
  to   space 2560K, 0% used [0x00000000ecb00000,0x00000000ecb00000,0x00000000ecd80000)
 ParOldGen       total 42496K, used 4629K [0x00000000c2a00000, 0x00000000c5380000, 0x00000000eb900000)
  object space 42496K, 10% used [0x00000000c2a00000,0x00000000c2e85408,0x00000000c5380000)
 Metaspace       used 13838K, capacity 14270K, committed 14592K, reserved 1062912K
  class space    used 1588K, capacity 1707K, committed 1792K, reserved 1048576K
Event: 22.646 GC heap after
Heap after GC invocations=7 (full 1):
 PSYoungGen      total 16384K, used 2560K [0x00000000eb900000, 0x00000000ed180000, 0x0000000100000000)
  eden space 13824K, 0% used [0x00000000eb900000,0x00000000eb900000,0x00000000ec680000)
  from space 2560K, 100% used [0x00000000ecb00000,0x00000000ecd80000,0x00000000ecd80000)
  to   space 4608K, 0% used [0x00000000ec680000,0x00000000ec680000,0x00000000ecb00000)
 ParOldGen       total 42496K, used 5410K [0x00000000c2a00000, 0x00000000c5380000, 0x00000000eb900000)
  object space 42496K, 12% used [0x00000000c2a00000,0x00000000c2f489a8,0x00000000c5380000)
 Metaspace       used 13838K, capacity 14270K, committed 14592K, reserved 1062912K
  class space    used 1588K, capacity 1707K, committed 1792K, reserved 1048576K
}
Event: 27.879 GC heap before
{Heap before GC invocations=8 (full 1):
 PSYoungGen      total 16384K, used 16384K [0x00000000eb900000, 0x00000000ed180000, 0x0000000100000000)
  eden space 13824K, 100% used [0x00000000eb900000,0x00000000ec680000,0x00000000ec680000)
  from space 2560K, 100% used [0x00000000ecb00000,0x00000000ecd80000,0x00000000ecd80000)
  to   space 4608K, 0% used [0x00000000ec680000,0x00000000ec680000,0x00000000ecb00000)
 ParOldGen       total 42496K, used 5410K [0x00000000c2a00000, 0x00000000c5380000, 0x00000000eb900000)
  object space 42496K, 12% used [0x00000000c2a00000,0x00000000c2f489a8,0x00000000c5380000)
 Metaspace       used 14220K, capacity 14654K, committed 14848K, reserved 1062912K
  class space    used 1615K, capacity 1730K, committed 1792K, reserved 1048576K
Event: 27.898 GC heap after
Heap after GC invocations=8 (full 1):
 PSYoungGen      total 18432K, used 3488K [0x00000000eb900000, 0x00000000ecf80000, 0x0000000100000000)
  eden space 13824K, 0% used [0x00000000eb900000,0x00000000eb900000,0x00000000ec680000)
  from space 4608K, 75% used [0x00000000ec680000,0x00000000ec9e8000,0x00000000ecb00000)
  to   space 4608K, 0% used [0x00000000ecb00000,0x00000000ecb00000,0x00000000ecf80000)
 ParOldGen       total 42496K, used 5410K [0x00000000c2a00000, 0x00000000c5380000, 0x00000000eb900000)
  object space 42496K, 12% used [0x00000000c2a00000,0x00000000c2f489a8,0x00000000c5380000)
 Metaspace       used 14220K, capacity 14654K, committed 14848K, reserved 1062912K
  class space    used 1615K, capacity 1730K, committed 1792K, reserved 1048576K
}
Event: 37.432 GC heap before
{Heap before GC invocations=9 (full 1):
 PSYoungGen      total 18432K, used 17303K [0x00000000eb900000, 0x00000000ecf80000, 0x0000000100000000)
  eden space 13824K, 99% used [0x00000000eb900000,0x00000000ec67def0,0x00000000ec680000)
  from space 4608K, 75% used [0x00000000ec680000,0x00000000ec9e8000,0x00000000ecb00000)
  to   space 4608K, 0% used [0x00000000ecb00000,0x00000000ecb00000,0x00000000ecf80000)
 ParOldGen       total 42496K, used 5410K [0x00000000c2a00000, 0x00000000c5380000, 0x00000000eb900000)
  object space 42496K, 12% used [0x00000000c2a00000,0x00000000c2f489a8,0x00000000c5380000)
 Metaspace       used 14265K, capacity 14674K, committed 14848K, reserved 1062912K
  class space    used 1618K, capacity 1732K, committed 1792K, reserved 1048576K
Event: 37.506 GC heap after
Heap after GC invocations=9 (full 1):
 PSYoungGen      total 18432K, used 2924K [0x00000000eb900000, 0x00000000ecf80000, 0x0000000100000000)
  eden space 13824K, 0% used [0x00000000eb900000,0x00000000eb900000,0x00000000ec680000)
  from space 4608K, 63% used [0x00000000ecb00000,0x00000000ecddb020,0x00000000ecf80000)
  to   space 4608K, 0% used [0x00000000ec680000,0x00000000ec680000,0x00000000ecb00000)
 ParOldGen       total 42496K, used 6218K [0x00000000c2a00000, 0x00000000c5380000, 0x00000000eb900000)
  object space 42496K, 14% used [0x00000000c2a00000,0x00000000c3012a08,0x00000000c5380000)
 Metaspace       used 14265K, capacity 14674K, committed 14848K, reserved 1062912K
  class space    used 1618K, capacity 1732K, committed 1792K, reserved 1048576K
}

