# JRE version: Java(TM) SE Runtime Environment (8.0_201-b09) (build 1.8.0_201-b09)
# Java VM: Java HotSpot(TM) 64-Bit Server VM (25.201-b09 mixed mode linux-amd64 compressed oops)
Heap:
 PSYoungGen      total 62464K, used 6112K [0x00000000eb900000, 0x00000000efc00000, 0x0000000100000000)
  eden space 56320K, 0% used [0x00000000eb900000,0x00000000eb900000,0x00000000ef000000)
  from space 6144K, 99% used [0x00000000ef000000,0x00000000ef5f8110,0x00000000ef600000)
  to   space 6144K, 0% used [0x00000000ef600000,0x00000000ef600000,0x00000000efc00000)
 ParOldGen       total 42496K, used 16228K [0x00000000c2a00000, 0x00000000c5380000, 0x00000000eb900000)
  object space 42496K, 38% used [0x00000000c2a00000,0x00000000c39d9178,0x00000000c5380000)
 Metaspace       used 14714K, capacity 15188K, committed 15360K, reserved 1062912K
  class space    used 1632K, capacity 1737K, committed 1792K, reserved 1048576K
GC Heap History (10 events):
Event: 33.826 GC heap after
Heap after GC invocations=5 (full 1):
 PSYoungGen      total 34304K, used 2560K [0x00000000eb900000, 0x00000000edd00000, 0x0000000100000000)
  eden space 31744K, 0% used [0x00000000eb900000,0x00000000eb900000,0x00000000ed800000)
  from space 2560K, 100% used [0x00000000eda80000,0x00000000edd00000,0x00000000edd00000)
  to   space 2560K, 0% used [0x00000000ed800000,0x00000000ed800000,0x00000000eda80000)
 ParOldGen       total 42496K, used 8025K [0x00000000c2a00000, 0x00000000c5380000, 0x00000000eb900000)
  object space 42496K, 18% used [0x00000000c2a00000,0x00000000c31d6680,0x00000000c5380000)
 Metaspace       used 13870K, capacity 14282K, committed 14592K, reserved 1062912K
  class space    used 1595K, capacity 1709K, committed 1792K, reserved 1048576K
}
Event: 34.757 GC heap before
{Heap before GC invocations=6 (full 1):
 PSYoungGen      total 34304K, used 34304K [0x00000000eb900000, 0x00000000edd00000, 0x0000000100000000)
  eden space 31744K, 100% used [0x00000000eb900000,0x00000000ed800000,0x00000000ed800000)
  from space 2560K, 100% used [0x00000000eda80000,0x00000000edd00000,0x00000000edd00000)
  to   space 2560K, 0% used [0x00000000ed800000,0x00000000ed800000,0x00000000eda80000)
 ParOldGen       total 42496K, used 8025K [0x00000000c2a00000, 0x00000000c5380000, 0x00000000eb900000)
  object space 42496K, 18% used [0x00000000c2a00000,0x00000000c31d6680,0x00000000c5380000)
 Metaspace       used 13917K, capacity 14282K, committed 14592K, reserved 1062912K
  class space    used 1596K, capacity 1709K, committed 1792K, reserved 1048576K
Event: 34.769 GC heap after
Heap after GC invocations=6 (full 1):
 PSYoungGen      total 34304K, used 2560K [0x00000000eb900000, 0x00000000edd00000, 0x0000000100000000)
  eden space 31744K, 0% used [0x00000000eb900000,0x00000000eb900000,0x00000000ed800000)
  from space 2560K, 100% used [0x00000000ed800000,0x00000000eda80000,0x00000000eda80000)
  to   space 2560K, 0% used [0x00000000eda80000,0x00000000eda80000,0x00000000edd00000)
 ParOldGen       total 42496K, used 9843K [0x00000000c2a00000, 0x00000000c5380000, 0x00000000eb900000)
  object space 42496K, 23% used [0x00000000c2a00000,0x00000000c339ccb0,0x00000000c5380000)
 Metaspace       used 13917K, capacity 14282K, committed 14592K, reserved 1062912K
  class space    used 1596K, capacity 1709K, committed 1792K, reserved 1048576K
}
Event: 35.735 GC heap before
{Heap before GC invocations=7 (full 1):
 PSYoungGen      total 34304K, used 34304K [0x00000000eb900000, 0x00000000edd00000, 0x0000000100000000)
  eden space 31744K, 100% used [0x00000000eb900000,0x00000000ed800000,0x00000000ed800000)
  from space 2560K, 100% used [0x00000000ed800000,0x00000000eda80000,0x00000000eda80000)
  to   space 2560K, 0% used [0x00000000eda80000,0x00000000eda80000,0x00000000edd00000)
 ParOldGen       total 42496K, used 9843K [0x00000000c2a00000, 0x00000000c5380000, 0x00000000eb900000)
  object space 42496K, 23% used [0x00000000c2a00000,0x00000000c339ccb0,0x00000000c5380000)
 Metaspace       used 13980K, capacity 14346K, committed 14592K, reserved 1062912K
  class space    used 1596K, capacity 1709K, committed 1792K, reserved 1048576K
Event: 35.745 GC heap after
Heap after GC invocations=7 (full 1):
 PSYoungGen      total 30720K, used 2544K [0x00000000eb900000, 0x00000000ee300000, 0x0000000100000000)
  eden space 28160K, 0% used [0x00000000eb900000,0x00000000eb900000,0x00000000ed480000)
  from space 2560K, 99% used [0x00000000eda80000,0x00000000edcfc0a0,0x00000000edd00000)
  to   space 6144K, 0% used [0x00000000ed480000,0x00000000ed480000,0x00000000eda80000)
 ParOldGen       total 42496K, used 12002K [0x00000000c2a00000, 0x00000000c5380000, 0x00000000eb900000)
  object space 42496K, 28% used [0x00000000c2a00000,0x00000000c35b8b18,0x00000000c5380000)
 Metaspace       used 13980K, capacity 14346K, committed 14592K, reserved 1062912K
  class space    used 1596K, capacity 1709K, committed 1792K, reserved 1048576K
}
Event: 36.428 GC heap before
{Heap before GC invocations=8 (full 1):
 PSYoungGen      total 30720K, used 30704K [0x00000000eb900000, 0x00000000ee300000, 0x0000000100000000)
  eden space 28160K, 100% used [0x00000000eb900000,0x00000000ed480000,0x00000000ed480000)
  from space 2560K, 99% used [0x00000000eda80000,0x00000000edcfc0a0,0x00000000edd00000)
  to   space 6144K, 0% used [0x00000000ed480000,0x00000000ed480000,0x00000000eda80000)
 ParOldGen       total 42496K, used 12002K [0x00000000c2a00000, 0x00000000c5380000, 0x00000000eb900000)
  object space 42496K, 28% used [0x00000000c2a00000,0x00000000c35b8b18,0x00000000c5380000)
 Metaspace       used 14002K, capacity 14346K, committed 14592K, reserved 1062912K
  class space    used 1596K, capacity 1709K, committed 1792K, reserved 1048576K
Event: 36.438 GC heap after
Heap after GC invocations=8 (full 1):
 PSYoungGen      total 34304K, used 3856K [0x00000000eb900000, 0x00000000efc00000, 0x0000000100000000)
  eden space 28160K, 0% used [0x00000000eb900000,0x00000000eb900000,0x00000000ed480000)
  from space 6144K, 62% used [0x00000000ed480000,0x00000000ed8440a0,0x00000000eda80000)
  to   space 6144K, 0% used [0x00000000ef600000,0x00000000ef600000,0x00000000efc00000)
 ParOldGen       total 42496K, used 12002K [0x00000000c2a00000, 0x00000000c5380000, 0x00000000eb900000)
  object space 42496K, 28% used [0x00000000c2a00000,0x00000000c35b8b18,0x00000000c5380000)
 Metaspace       used 14002K, capacity 14346K, committed 14592K, reserved 1062912K
  class space    used 1596K, capacity 1709K, committed 1792K, reserved 1048576K
}
Event: 37.735 GC heap before
{Heap before GC invocations=9 (full 1):
 PSYoungGen      total 34304K, used 32016K [0x00000000eb900000, 0x00000000efc00000, 0x0000000100000000)
  eden space 28160K, 100% used [0x00000000eb900000,0x00000000ed480000,0x00000000ed480000)
  from space 6144K, 62% used [0x00000000ed480000,0x00000000ed8440a0,0x00000000eda80000)
  to   space 6144K, 0% used [0x00000000ef600000,0x00000000ef600000,0x00000000efc00000)
 ParOldGen       total 42496K, used 12002K [0x00000000c2a00000, 0x00000000c5380000, 0x00000000eb900000)
  object space 42496K, 28% used [0x00000000c2a00000,0x00000000c35b8b18,0x00000000c5380000)
 Metaspace       used 14021K, capacity 14410K, committed 14592K, reserved 1062912K
  class space    used 1596K, capacity 1709K, committed 1792K, reserved 1048576K
Event: 37.850 GC heap after
Heap after GC invocations=9 (full 1):
 PSYoungGen      total 62464K, used 5080K [0x00000000eb900000, 0x00000000efc00000, 0x0000000100000000)
  eden space 56320K, 0% used [0x00000000eb900000,0x00000000eb900000,0x00000000ef000000)
  from space 6144K, 82% used [0x00000000ef600000,0x00000000efaf6238,0x00000000efc00000)
  to   space 6144K, 0% used [0x00000000ef000000,0x00000000ef000000,0x00000000ef600000)
 ParOldGen       total 42496K, used 12626K [0x00000000c2a00000, 0x00000000c5380000, 0x00000000eb900000)
  object space 42496K, 29% used [0x00000000c2a00000,0x00000000c3654918,0x00000000c5380000)
 Metaspace       used 14021K, capacity 14410K, committed 14592K, reserved 1062912K
  class space    used 1596K, capacity 1709K, committed 1792K, reserved 1048576K
}
Event: 41.726 GC heap before
{Heap before GC invocations=10 (full 1):
 PSYoungGen      total 62464K, used 61400K [0x00000000eb900000, 0x00000000efc00000, 0x0000000100000000)
  eden space 56320K, 100% used [0x00000000eb900000,0x00000000ef000000,0x00000000ef000000)
  from space 6144K, 82% used [0x00000000ef600000,0x00000000efaf6238,0x00000000efc00000)
  to   space 6144K, 0% used [0x00000000ef000000,0x00000000ef000000,0x00000000ef600000)
 ParOldGen       total 42496K, used 12626K [0x00000000c2a00000, 0x00000000c5380000, 0x00000000eb900000)
  object space 42496K, 29% used [0x00000000c2a00000,0x00000000c3654918,0x00000000c5380000)
 Metaspace       used 14714K, capacity 15188K, committed 15360K, reserved 1062912K
  class space    used 1632K, capacity 1737K, committed 1792K, reserved 1048576K

