# JRE version: Java(TM) SE Runtime Environment (8.0_201-b09) (build 1.8.0_201-b09)
# Java VM: Java HotSpot(TM) 64-Bit Server VM (25.201-b09 mixed mode linux-amd64 compressed oops)
Heap:
 PSYoungGen      total 64512K, used 5102K [0x00000000eb900000, 0x00000000f0000000, 0x0000000100000000)
  eden space 57856K, 0% used [0x00000000eb900000,0x00000000eb900000,0x00000000ef180000)
  from space 6656K, 76% used [0x00000000ef180000,0x00000000ef67b8c0,0x00000000ef800000)
  to   space 5120K, 0% used [0x00000000ef800000,0x00000000ef800000,0x00000000efd00000)
 ParOldGen       total 42496K, used 12882K [0x00000000c2a00000, 0x00000000c5380000, 0x00000000eb900000)
  object space 42496K, 30% used [0x00000000c2a00000,0x00000000c3694bd0,0x00000000c5380000)
 Metaspace       used 14182K, capacity 14630K, committed 14848K, reserved 1062912K
  class space    used 1590K, capacity 1720K, committed 1792K, reserved 1048576K
GC Heap History (10 events):
Event: 22.783 GC heap after
Heap after GC invocations=5 (full 1):
 PSYoungGen      total 18432K, used 2544K [0x00000000eb900000, 0x00000000edd00000, 0x0000000100000000)
  eden space 15872K, 0% used [0x00000000eb900000,0x00000000eb900000,0x00000000ec880000)
  from space 2560K, 99% used [0x00000000ecb00000,0x00000000ecd7c010,0x00000000ecd80000)
  to   space 2560K, 0% used [0x00000000ec880000,0x00000000ec880000,0x00000000ecb00000)
 ParOldGen       total 42496K, used 6647K [0x00000000c2a00000, 0x00000000c5380000, 0x00000000eb900000)
  object space 42496K, 15% used [0x00000000c2a00000,0x00000000c307de68,0x00000000c5380000)
 Metaspace       used 13415K, capacity 13742K, committed 14080K, reserved 1060864K
  class space    used 1560K, capacity 1663K, committed 1792K, reserved 1048576K
}
Event: 23.356 GC heap before
{Heap before GC invocations=6 (full 1):
 PSYoungGen      total 18432K, used 18416K [0x00000000eb900000, 0x00000000edd00000, 0x0000000100000000)
  eden space 15872K, 100% used [0x00000000eb900000,0x00000000ec880000,0x00000000ec880000)
  from space 2560K, 99% used [0x00000000ecb00000,0x00000000ecd7c010,0x00000000ecd80000)
  to   space 2560K, 0% used [0x00000000ec880000,0x00000000ec880000,0x00000000ecb00000)
 ParOldGen       total 42496K, used 6647K [0x00000000c2a00000, 0x00000000c5380000, 0x00000000eb900000)
  object space 42496K, 15% used [0x00000000c2a00000,0x00000000c307de68,0x00000000c5380000)
 Metaspace       used 13470K, capacity 13870K, committed 14080K, reserved 1060864K
  class space    used 1560K, capacity 1663K, committed 1792K, reserved 1048576K
Event: 23.369 GC heap after
Heap after GC invocations=6 (full 1):
 PSYoungGen      total 18432K, used 2528K [0x00000000eb900000, 0x00000000edd00000, 0x0000000100000000)
  eden space 15872K, 0% used [0x00000000eb900000,0x00000000eb900000,0x00000000ec880000)
  from space 2560K, 98% used [0x00000000ec880000,0x00000000ecaf8060,0x00000000ecb00000)
  to   space 2560K, 0% used [0x00000000eda80000,0x00000000eda80000,0x00000000edd00000)
 ParOldGen       total 42496K, used 7895K [0x00000000c2a00000, 0x00000000c5380000, 0x00000000eb900000)
  object space 42496K, 18% used [0x00000000c2a00000,0x00000000c31b5f38,0x00000000c5380000)
 Metaspace       used 13470K, capacity 13870K, committed 14080K, reserved 1060864K
  class space    used 1560K, capacity 1663K, committed 1792K, reserved 1048576K
}
Event: 23.779 GC heap before
{Heap before GC invocations=7 (full 1):
 PSYoungGen      total 18432K, used 18400K [0x00000000eb900000, 0x00000000edd00000, 0x0000000100000000)
  eden space 15872K, 100% used [0x00000000eb900000,0x00000000ec880000,0x00000000ec880000)
  from space 2560K, 98% used [0x00000000ec880000,0x00000000ecaf8060,0x00000000ecb00000)
  to   space 2560K, 0% used [0x00000000eda80000,0x00000000eda80000,0x00000000edd00000)
 ParOldGen       total 42496K, used 7895K [0x00000000c2a00000, 0x00000000c5380000, 0x00000000eb900000)
  object space 42496K, 18% used [0x00000000c2a00000,0x00000000c31b5f38,0x00000000c5380000)
 Metaspace       used 13499K, capacity 13870K, committed 14080K, reserved 1060864K
  class space    used 1561K, capacity 1663K, committed 1792K, reserved 1048576K
Event: 23.794 GC heap after
Heap after GC invocations=7 (full 1):
 PSYoungGen      total 32256K, used 2544K [0x00000000eb900000, 0x00000000ee100000, 0x0000000100000000)
  eden space 29696K, 0% used [0x00000000eb900000,0x00000000eb900000,0x00000000ed600000)
  from space 2560K, 99% used [0x00000000eda80000,0x00000000edcfc050,0x00000000edd00000)
  to   space 4608K, 0% used [0x00000000ed600000,0x00000000ed600000,0x00000000eda80000)
 ParOldGen       total 42496K, used 8695K [0x00000000c2a00000, 0x00000000c5380000, 0x00000000eb900000)
  object space 42496K, 20% used [0x00000000c2a00000,0x00000000c327df38,0x00000000c5380000)
 Metaspace       used 13499K, capacity 13870K, committed 14080K, reserved 1060864K
  class space    used 1561K, capacity 1663K, committed 1792K, reserved 1048576K
}
Event: 24.807 GC heap before
{Heap before GC invocations=8 (full 1):
 PSYoungGen      total 32256K, used 32240K [0x00000000eb900000, 0x00000000ee100000, 0x0000000100000000)
  eden space 29696K, 100% used [0x00000000eb900000,0x00000000ed600000,0x00000000ed600000)
  from space 2560K, 99% used [0x00000000eda80000,0x00000000edcfc050,0x00000000edd00000)
  to   space 4608K, 0% used [0x00000000ed600000,0x00000000ed600000,0x00000000eda80000)
 ParOldGen       total 42496K, used 8695K [0x00000000c2a00000, 0x00000000c5380000, 0x00000000eb900000)
  object space 42496K, 20% used [0x00000000c2a00000,0x00000000c327df38,0x00000000c5380000)
 Metaspace       used 13547K, capacity 13934K, committed 14080K, reserved 1060864K
  class space    used 1561K, capacity 1663K, committed 1792K, reserved 1048576K
Event: 24.820 GC heap after
Heap after GC invocations=8 (full 1):
 PSYoungGen      total 34304K, used 4592K [0x00000000eb900000, 0x00000000efd00000, 0x0000000100000000)
  eden space 29696K, 0% used [0x00000000eb900000,0x00000000eb900000,0x00000000ed600000)
  from space 4608K, 99% used [0x00000000ed600000,0x00000000eda7c0a0,0x00000000eda80000)
  to   space 5120K, 0% used [0x00000000ef800000,0x00000000ef800000,0x00000000efd00000)
 ParOldGen       total 42496K, used 9175K [0x00000000c2a00000, 0x00000000c5380000, 0x00000000eb900000)
  object space 42496K, 21% used [0x00000000c2a00000,0x00000000c32f5f48,0x00000000c5380000)
 Metaspace       used 13547K, capacity 13934K, committed 14080K, reserved 1060864K
  class space    used 1561K, capacity 1663K, committed 1792K, reserved 1048576K
}
Event: 26.515 GC heap before
{Heap before GC invocations=9 (full 1):
 PSYoungGen      total 34304K, used 34288K [0x00000000eb900000, 0x00000000efd00000, 0x0000000100000000)
  eden space 29696K, 100% used [0x00000000eb900000,0x00000000ed600000,0x00000000ed600000)
  from space 4608K, 99% used [0x00000000ed600000,0x00000000eda7c0a0,0x00000000eda80000)
  to   space 5120K, 0% used [0x00000000ef800000,0x00000000ef800000,0x00000000efd00000)
 ParOldGen       total 42496K, used 9175K [0x00000000c2a00000, 0x00000000c5380000, 0x00000000eb900000)
  object space 42496K, 21% used [0x00000000c2a00000,0x00000000c32f5f48,0x00000000c5380000)
 Metaspace       used 14086K, capacity 14530K, committed 14848K, reserved 1062912K
  class space    used 1586K, capacity 1716K, committed 1792K, reserved 1048576K
Event: 26.532 GC heap after
Heap after GC invocations=9 (full 1):
 PSYoungGen      total 62976K, used 5104K [0x00000000eb900000, 0x00000000f0000000, 0x0000000100000000)
  eden space 57856K, 0% used [0x00000000eb900000,0x00000000eb900000,0x00000000ef180000)
  from space 5120K, 99% used [0x00000000ef800000,0x00000000efcfc0a0,0x00000000efd00000)
  to   space 6656K, 0% used [0x00000000ef180000,0x00000000ef180000,0x00000000ef800000)
 ParOldGen       total 42496K, used 11411K [0x00000000c2a00000, 0x00000000c5380000, 0x00000000eb900000)
  object space 42496K, 26% used [0x00000000c2a00000,0x00000000c3524dd8,0x00000000c5380000)
 Metaspace       used 14086K, capacity 14530K, committed 14848K, reserved 1062912K
  class space    used 1586K, capacity 1716K, committed 1792K, reserved 1048576K
}
Event: 62.774 GC heap before
{Heap before GC invocations=10 (full 1):
 PSYoungGen      total 62976K, used 62960K [0x00000000eb900000, 0x00000000f0000000, 0x0000000100000000)
  eden space 57856K, 100% used [0x00000000eb900000,0x00000000ef180000,0x00000000ef180000)
  from space 5120K, 99% used [0x00000000ef800000,0x00000000efcfc0a0,0x00000000efd00000)
  to   space 6656K, 0% used [0x00000000ef180000,0x00000000ef180000,0x00000000ef800000)
 ParOldGen       total 42496K, used 11411K [0x00000000c2a00000, 0x00000000c5380000, 0x00000000eb900000)
  object space 42496K, 26% used [0x00000000c2a00000,0x00000000c3524dd8,0x00000000c5380000)
 Metaspace       used 14182K, capacity 14630K, committed 14848K, reserved 1062912K
  class space    used 1590K, capacity 1720K, committed 1792K, reserved 1048576K

