# JRE version: Java(TM) SE Runtime Environment (8.0_201-b09) (build 1.8.0_201-b09)
# Java VM: Java HotSpot(TM) 64-Bit Server VM (25.201-b09 mixed mode linux-amd64 compressed oops)
Heap:
 PSYoungGen      total 126976K, used 7680K [0x00000000eb900000, 0x00000000f3e00000, 0x0000000100000000)
  eden space 119296K, 0% used [0x00000000eb900000,0x00000000eb900000,0x00000000f2d80000)
  from space 7680K, 100% used [0x00000000f2d80000,0x00000000f3500000,0x00000000f3500000)
  to   space 6144K, 0% used [0x00000000f3500000,0x00000000f3500000,0x00000000f3b00000)
 ParOldGen       total 42496K, used 19062K [0x00000000c2a00000, 0x00000000c5380000, 0x00000000eb900000)
  object space 42496K, 44% used [0x00000000c2a00000,0x00000000c3c9dbe8,0x00000000c5380000)
 Metaspace       used 13751K, capacity 14118K, committed 14208K, reserved 1062912K
  class space    used 1562K, capacity 1661K, committed 1664K, reserved 1048576K
GC Heap History (10 events):
Event: 43.473 GC heap after
Heap after GC invocations=5 (full 1):
 PSYoungGen      total 34304K, used 2556K [0x00000000eb900000, 0x00000000edd00000, 0x0000000100000000)
  eden space 31744K, 0% used [0x00000000eb900000,0x00000000eb900000,0x00000000ed800000)
  from space 2560K, 99% used [0x00000000eda80000,0x00000000edcff3d8,0x00000000edd00000)
  to   space 2560K, 0% used [0x00000000ed800000,0x00000000ed800000,0x00000000eda80000)
 ParOldGen       total 42496K, used 7938K [0x00000000c2a00000, 0x00000000c5380000, 0x00000000eb900000)
  object space 42496K, 18% used [0x00000000c2a00000,0x00000000c31c0a70,0x00000000c5380000)
 Metaspace       used 13467K, capacity 13862K, committed 13952K, reserved 1060864K
  class space    used 1561K, capacity 1661K, committed 1664K, reserved 1048576K
}
Event: 43.820 GC heap before
{Heap before GC invocations=6 (full 1):
 PSYoungGen      total 34304K, used 34300K [0x00000000eb900000, 0x00000000edd00000, 0x0000000100000000)
  eden space 31744K, 100% used [0x00000000eb900000,0x00000000ed800000,0x00000000ed800000)
  from space 2560K, 99% used [0x00000000eda80000,0x00000000edcff3d8,0x00000000edd00000)
  to   space 2560K, 0% used [0x00000000ed800000,0x00000000ed800000,0x00000000eda80000)
 ParOldGen       total 42496K, used 7938K [0x00000000c2a00000, 0x00000000c5380000, 0x00000000eb900000)
  object space 42496K, 18% used [0x00000000c2a00000,0x00000000c31c0a70,0x00000000c5380000)
 Metaspace       used 13555K, capacity 13926K, committed 13952K, reserved 1060864K
  class space    used 1561K, capacity 1661K, committed 1664K, reserved 1048576K
Event: 43.836 GC heap after
Heap after GC invocations=6 (full 1):
 PSYoungGen      total 34304K, used 2541K [0x00000000eb900000, 0x00000000efc00000, 0x0000000100000000)
  eden space 31744K, 0% used [0x00000000eb900000,0x00000000eb900000,0x00000000ed800000)
  from space 2560K, 99% used [0x00000000ed800000,0x00000000eda7b428,0x00000000eda80000)
  to   space 2560K, 0% used [0x00000000ef980000,0x00000000ef980000,0x00000000efc00000)
 ParOldGen       total 42496K, used 10026K [0x00000000c2a00000, 0x00000000c5380000, 0x00000000eb900000)
  object space 42496K, 23% used [0x00000000c2a00000,0x00000000c33cab50,0x00000000c5380000)
 Metaspace       used 13555K, capacity 13926K, committed 13952K, reserved 1060864K
  class space    used 1561K, capacity 1661K, committed 1664K, reserved 1048576K
}
Event: 43.963 GC heap before
{Heap before GC invocations=7 (full 1):
 PSYoungGen      total 34304K, used 34285K [0x00000000eb900000, 0x00000000efc00000, 0x0000000100000000)
  eden space 31744K, 100% used [0x00000000eb900000,0x00000000ed800000,0x00000000ed800000)
  from space 2560K, 99% used [0x00000000ed800000,0x00000000eda7b428,0x00000000eda80000)
  to   space 2560K, 0% used [0x00000000ef980000,0x00000000ef980000,0x00000000efc00000)
 ParOldGen       total 42496K, used 10026K [0x00000000c2a00000, 0x00000000c5380000, 0x00000000eb900000)
  object space 42496K, 23% used [0x00000000c2a00000,0x00000000c33cab50,0x00000000c5380000)
 Metaspace       used 13624K, capacity 13990K, committed 14208K, reserved 1062912K
  class space    used 1561K, capacity 1661K, committed 1664K, reserved 1048576K
Event: 43.980 GC heap after
Heap after GC invocations=7 (full 1):
 PSYoungGen      total 62976K, used 2556K [0x00000000eb900000, 0x00000000f0200000, 0x0000000100000000)
  eden space 60416K, 0% used [0x00000000eb900000,0x00000000eb900000,0x00000000ef400000)
  from space 2560K, 99% used [0x00000000ef980000,0x00000000efbff3d8,0x00000000efc00000)
  to   space 5632K, 0% used [0x00000000ef400000,0x00000000ef400000,0x00000000ef980000)
 ParOldGen       total 42496K, used 12171K [0x00000000c2a00000, 0x00000000c5380000, 0x00000000eb900000)
  object space 42496K, 28% used [0x00000000c2a00000,0x00000000c35e2c00,0x00000000c5380000)
 Metaspace       used 13624K, capacity 13990K, committed 14208K, reserved 1062912K
  class space    used 1561K, capacity 1661K, committed 1664K, reserved 1048576K
}
Event: 44.073 GC heap before
{Heap before GC invocations=8 (full 1):
 PSYoungGen      total 62976K, used 62972K [0x00000000eb900000, 0x00000000f0200000, 0x0000000100000000)
  eden space 60416K, 100% used [0x00000000eb900000,0x00000000ef400000,0x00000000ef400000)
  from space 2560K, 99% used [0x00000000ef980000,0x00000000efbff3d8,0x00000000efc00000)
  to   space 5632K, 0% used [0x00000000ef400000,0x00000000ef400000,0x00000000ef980000)
 ParOldGen       total 42496K, used 12171K [0x00000000c2a00000, 0x00000000c5380000, 0x00000000eb900000)
  object space 42496K, 28% used [0x00000000c2a00000,0x00000000c35e2c00,0x00000000c5380000)
 Metaspace       used 13656K, capacity 13990K, committed 14208K, reserved 1062912K
  class space    used 1562K, capacity 1661K, committed 1664K, reserved 1048576K
Event: 44.087 GC heap after
Heap after GC invocations=8 (full 1):
 PSYoungGen      total 66048K, used 5149K [0x00000000eb900000, 0x00000000f3b00000, 0x0000000100000000)
  eden space 60416K, 0% used [0x00000000eb900000,0x00000000eb900000,0x00000000ef400000)
  from space 5632K, 91% used [0x00000000ef400000,0x00000000ef907468,0x00000000ef980000)
  to   space 6144K, 0% used [0x00000000f3500000,0x00000000f3500000,0x00000000f3b00000)
 ParOldGen       total 42496K, used 12171K [0x00000000c2a00000, 0x00000000c5380000, 0x00000000eb900000)
  object space 42496K, 28% used [0x00000000c2a00000,0x00000000c35e2c00,0x00000000c5380000)
 Metaspace       used 13656K, capacity 13990K, committed 14208K, reserved 1062912K
  class space    used 1562K, capacity 1661K, committed 1664K, reserved 1048576K
}
Event: 44.163 GC heap before
{Heap before GC invocations=9 (full 1):
 PSYoungGen      total 66048K, used 65565K [0x00000000eb900000, 0x00000000f3b00000, 0x0000000100000000)
  eden space 60416K, 100% used [0x00000000eb900000,0x00000000ef400000,0x00000000ef400000)
  from space 5632K, 91% used [0x00000000ef400000,0x00000000ef907468,0x00000000ef980000)
  to   space 6144K, 0% used [0x00000000f3500000,0x00000000f3500000,0x00000000f3b00000)
 ParOldGen       total 42496K, used 12171K [0x00000000c2a00000, 0x00000000c5380000, 0x00000000eb900000)
  object space 42496K, 28% used [0x00000000c2a00000,0x00000000c35e2c00,0x00000000c5380000)
 Metaspace       used 13695K, capacity 14054K, committed 14208K, reserved 1062912K
  class space    used 1562K, capacity 1661K, committed 1664K, reserved 1048576K
Event: 44.177 GC heap after
Heap after GC invocations=9 (full 1):
 PSYoungGen      total 125440K, used 6128K [0x00000000eb900000, 0x00000000f3e00000, 0x0000000100000000)
  eden space 119296K, 0% used [0x00000000eb900000,0x00000000eb900000,0x00000000f2d80000)
  from space 6144K, 99% used [0x00000000f3500000,0x00000000f3afc020,0x00000000f3b00000)
  to   space 7680K, 0% used [0x00000000f2d80000,0x00000000f2d80000,0x00000000f3500000)
 ParOldGen       total 42496K, used 14093K [0x00000000c2a00000, 0x00000000c5380000, 0x00000000eb900000)
  object space 42496K, 33% used [0x00000000c2a00000,0x00000000c37c36f8,0x00000000c5380000)
 Metaspace       used 13695K, capacity 14054K, committed 14208K, reserved 1062912K
  class space    used 1562K, capacity 1661K, committed 1664K, reserved 1048576K
}
Event: 44.735 GC heap before
{Heap before GC invocations=10 (full 1):
 PSYoungGen      total 125440K, used 125424K [0x00000000eb900000, 0x00000000f3e00000, 0x0000000100000000)
  eden space 119296K, 100% used [0x00000000eb900000,0x00000000f2d80000,0x00000000f2d80000)
  from space 6144K, 99% used [0x00000000f3500000,0x00000000f3afc020,0x00000000f3b00000)
  to   space 7680K, 0% used [0x00000000f2d80000,0x00000000f2d80000,0x00000000f3500000)
 ParOldGen       total 42496K, used 14093K [0x00000000c2a00000, 0x00000000c5380000, 0x00000000eb900000)
  object space 42496K, 33% used [0x00000000c2a00000,0x00000000c37c36f8,0x00000000c5380000)
 Metaspace       used 13751K, capacity 14118K, committed 14208K, reserved 1062912K
  class space    used 1562K, capacity 1661K, committed 1664K, reserved 1048576K

