# JRE version: Java(TM) SE Runtime Environment (8.0_201-b09) (build 1.8.0_201-b09)
# Java VM: Java HotSpot(TM) 64-Bit Server VM (25.201-b09 mixed mode linux-amd64 compressed oops)
Heap:
 PSYoungGen      total 63488K, used 4176K [0x00000000eb900000, 0x00000000efd00000, 0x0000000100000000)
  eden space 57856K, 0% used [0x00000000eb900000,0x00000000eb900000,0x00000000ef180000)
  from space 5632K, 74% used [0x00000000ef180000,0x00000000ef594010,0x00000000ef700000)
  to   space 5120K, 0% used [0x00000000ef700000,0x00000000ef700000,0x00000000efc00000)
 ParOldGen       total 42496K, used 8462K [0x00000000c2a00000, 0x00000000c5380000, 0x00000000eb900000)
  object space 42496K, 19% used [0x00000000c2a00000,0x00000000c3243af8,0x00000000c5380000)
 Metaspace       used 13905K, capacity 14334K, committed 14592K, reserved 1062912K
  class space    used 1593K, capacity 1707K, committed 1792K, reserved 1048576K
GC Heap History (10 events):
Event: 23.479 GC heap after
Heap after GC invocations=5 (full 1):
 PSYoungGen      total 18432K, used 2536K [0x00000000eb900000, 0x00000000edd00000, 0x0000000100000000)
  eden space 15872K, 0% used [0x00000000eb900000,0x00000000eb900000,0x00000000ec880000)
  from space 2560K, 99% used [0x00000000ecb00000,0x00000000ecd7a280,0x00000000ecd80000)
  to   space 2560K, 0% used [0x00000000ec880000,0x00000000ec880000,0x00000000ecb00000)
 ParOldGen       total 42496K, used 4955K [0x00000000c2a00000, 0x00000000c5380000, 0x00000000eb900000)
  object space 42496K, 11% used [0x00000000c2a00000,0x00000000c2ed6da0,0x00000000c5380000)
 Metaspace       used 13715K, capacity 14136K, committed 14336K, reserved 1062912K
  class space    used 1593K, capacity 1706K, committed 1792K, reserved 1048576K
}
Event: 23.906 GC heap before
{Heap before GC invocations=6 (full 1):
 PSYoungGen      total 18432K, used 18408K [0x00000000eb900000, 0x00000000edd00000, 0x0000000100000000)
  eden space 15872K, 100% used [0x00000000eb900000,0x00000000ec880000,0x00000000ec880000)
  from space 2560K, 99% used [0x00000000ecb00000,0x00000000ecd7a280,0x00000000ecd80000)
  to   space 2560K, 0% used [0x00000000ec880000,0x00000000ec880000,0x00000000ecb00000)
 ParOldGen       total 42496K, used 4955K [0x00000000c2a00000, 0x00000000c5380000, 0x00000000eb900000)
  object space 42496K, 11% used [0x00000000c2a00000,0x00000000c2ed6da0,0x00000000c5380000)
 Metaspace       used 13799K, capacity 14200K, committed 14336K, reserved 1062912K
  class space    used 1593K, capacity 1706K, committed 1792K, reserved 1048576K
Event: 23.939 GC heap after
Heap after GC invocations=6 (full 1):
 PSYoungGen      total 18432K, used 2552K [0x00000000eb900000, 0x00000000edd00000, 0x0000000100000000)
  eden space 15872K, 0% used [0x00000000eb900000,0x00000000eb900000,0x00000000ec880000)
  from space 2560K, 99% used [0x00000000ec880000,0x00000000ecafe290,0x00000000ecb00000)
  to   space 2560K, 0% used [0x00000000eda80000,0x00000000eda80000,0x00000000edd00000)
 ParOldGen       total 42496K, used 5872K [0x00000000c2a00000, 0x00000000c5380000, 0x00000000eb900000)
  object space 42496K, 13% used [0x00000000c2a00000,0x00000000c2fbc1b0,0x00000000c5380000)
 Metaspace       used 13799K, capacity 14200K, committed 14336K, reserved 1062912K
  class space    used 1593K, capacity 1706K, committed 1792K, reserved 1048576K
}
Event: 24.249 GC heap before
{Heap before GC invocations=7 (full 1):
 PSYoungGen      total 18432K, used 18424K [0x00000000eb900000, 0x00000000edd00000, 0x0000000100000000)
  eden space 15872K, 100% used [0x00000000eb900000,0x00000000ec880000,0x00000000ec880000)
  from space 2560K, 99% used [0x00000000ec880000,0x00000000ecafe290,0x00000000ecb00000)
  to   space 2560K, 0% used [0x00000000eda80000,0x00000000eda80000,0x00000000edd00000)
 ParOldGen       total 42496K, used 5872K [0x00000000c2a00000, 0x00000000c5380000, 0x00000000eb900000)
  object space 42496K, 13% used [0x00000000c2a00000,0x00000000c2fbc1b0,0x00000000c5380000)
 Metaspace       used 13813K, capacity 14200K, committed 14336K, reserved 1062912K
  class space    used 1593K, capacity 1706K, committed 1792K, reserved 1048576K
Event: 24.267 GC heap after
Heap after GC invocations=7 (full 1):
 PSYoungGen      total 31744K, used 2548K [0x00000000eb900000, 0x00000000ee200000, 0x0000000100000000)
  eden space 29184K, 0% used [0x00000000eb900000,0x00000000eb900000,0x00000000ed580000)
  from space 2560K, 99% used [0x00000000eda80000,0x00000000edcfd140,0x00000000edd00000)
  to   space 5120K, 0% used [0x00000000ed580000,0x00000000ed580000,0x00000000eda80000)
 ParOldGen       total 42496K, used 6077K [0x00000000c2a00000, 0x00000000c5380000, 0x00000000eb900000)
  object space 42496K, 14% used [0x00000000c2a00000,0x00000000c2fef798,0x00000000c5380000)
 Metaspace       used 13813K, capacity 14200K, committed 14336K, reserved 1062912K
  class space    used 1593K, capacity 1706K, committed 1792K, reserved 1048576K
}
Event: 24.893 GC heap before
{Heap before GC invocations=8 (full 1):
 PSYoungGen      total 31744K, used 31732K [0x00000000eb900000, 0x00000000ee200000, 0x0000000100000000)
  eden space 29184K, 100% used [0x00000000eb900000,0x00000000ed580000,0x00000000ed580000)
  from space 2560K, 99% used [0x00000000eda80000,0x00000000edcfd140,0x00000000edd00000)
  to   space 5120K, 0% used [0x00000000ed580000,0x00000000ed580000,0x00000000eda80000)
 ParOldGen       total 42496K, used 6077K [0x00000000c2a00000, 0x00000000c5380000, 0x00000000eb900000)
  object space 42496K, 14% used [0x00000000c2a00000,0x00000000c2fef798,0x00000000c5380000)
 Metaspace       used 13862K, capacity 14200K, committed 14336K, reserved 1062912K
  class space    used 1593K, capacity 1706K, committed 1792K, reserved 1048576K
Event: 24.913 GC heap after
Heap after GC invocations=8 (full 1):
 PSYoungGen      total 34304K, used 4036K [0x00000000eb900000, 0x00000000efc00000, 0x0000000100000000)
  eden space 29184K, 0% used [0x00000000eb900000,0x00000000eb900000,0x00000000ed580000)
  from space 5120K, 78% used [0x00000000ed580000,0x00000000ed971190,0x00000000eda80000)
  to   space 5120K, 0% used [0x00000000ef700000,0x00000000ef700000,0x00000000efc00000)
 ParOldGen       total 42496K, used 6077K [0x00000000c2a00000, 0x00000000c5380000, 0x00000000eb900000)
  object space 42496K, 14% used [0x00000000c2a00000,0x00000000c2fef798,0x00000000c5380000)
 Metaspace       used 13862K, capacity 14200K, committed 14336K, reserved 1062912K
  class space    used 1593K, capacity 1706K, committed 1792K, reserved 1048576K
}
Event: 25.462 GC heap before
{Heap before GC invocations=9 (full 1):
 PSYoungGen      total 34304K, used 33220K [0x00000000eb900000, 0x00000000efc00000, 0x0000000100000000)
  eden space 29184K, 100% used [0x00000000eb900000,0x00000000ed580000,0x00000000ed580000)
  from space 5120K, 78% used [0x00000000ed580000,0x00000000ed971190,0x00000000eda80000)
  to   space 5120K, 0% used [0x00000000ef700000,0x00000000ef700000,0x00000000efc00000)
 ParOldGen       total 42496K, used 6077K [0x00000000c2a00000, 0x00000000c5380000, 0x00000000eb900000)
  object space 42496K, 14% used [0x00000000c2a00000,0x00000000c2fef798,0x00000000c5380000)
 Metaspace       used 13875K, capacity 14264K, committed 14592K, reserved 1062912K
  class space    used 1593K, capacity 1706K, committed 1792K, reserved 1048576K
Event: 25.603 GC heap after
Heap after GC invocations=9 (full 1):
 PSYoungGen      total 62976K, used 4672K [0x00000000eb900000, 0x00000000efd00000, 0x0000000100000000)
  eden space 57856K, 0% used [0x00000000eb900000,0x00000000eb900000,0x00000000ef180000)
  from space 5120K, 91% used [0x00000000ef700000,0x00000000efb90060,0x00000000efc00000)
  to   space 5632K, 0% used [0x00000000ef180000,0x00000000ef180000,0x00000000ef700000)
 ParOldGen       total 42496K, used 7262K [0x00000000c2a00000, 0x00000000c5380000, 0x00000000eb900000)
  object space 42496K, 17% used [0x00000000c2a00000,0x00000000c3117ab8,0x00000000c5380000)
 Metaspace       used 13875K, capacity 14264K, committed 14592K, reserved 1062912K
  class space    used 1593K, capacity 1706K, committed 1792K, reserved 1048576K
}
Event: 27.853 GC heap before
{Heap before GC invocations=10 (full 1):
 PSYoungGen      total 62976K, used 62528K [0x00000000eb900000, 0x00000000efd00000, 0x0000000100000000)
  eden space 57856K, 100% used [0x00000000eb900000,0x00000000ef180000,0x00000000ef180000)
  from space 5120K, 91% used [0x00000000ef700000,0x00000000efb90060,0x00000000efc00000)
  to   space 5632K, 0% used [0x00000000ef180000,0x00000000ef180000,0x00000000ef700000)
 ParOldGen       total 42496K, used 7262K [0x00000000c2a00000, 0x00000000c5380000, 0x00000000eb900000)
  object space 42496K, 17% used [0x00000000c2a00000,0x00000000c3117ab8,0x00000000c5380000)
 Metaspace       used 13905K, capacity 14334K, committed 14592K, reserved 1062912K
  class space    used 1593K, capacity 1707K, committed 1792K, reserved 1048576K

