# JRE version: Java(TM) SE Runtime Environment (8.0_201-b09) (build 1.8.0_201-b09)
# Java VM: Java HotSpot(TM) 64-Bit Server VM (25.201-b09 mixed mode linux-amd64 compressed oops)
Heap:
 PSYoungGen      total 18432K, used 4668K [0x00000000eb900000, 0x00000000ecf80000, 0x0000000100000000)
  eden space 13824K, 25% used [0x00000000eb900000,0x00000000ebc77268,0x00000000ec680000)
  from space 4608K, 24% used [0x00000000ec680000,0x00000000ec798000,0x00000000ecb00000)
  to   space 4608K, 0% used [0x00000000ecb00000,0x00000000ecb00000,0x00000000ecf80000)
 ParOldGen       total 42496K, used 5866K [0x00000000c2a00000, 0x00000000c5380000, 0x00000000eb900000)
  object space 42496K, 13% used [0x00000000c2a00000,0x00000000c2fbaae0,0x00000000c5380000)
 Metaspace       used 14512K, capacity 15006K, committed 15232K, reserved 1062912K
  class space    used 1665K, capacity 1803K, committed 1920K, reserved 1048576K
GC Heap History (10 events):
Event: 20.612 GC heap before
{Heap before GC invocations=6 (full 1):
 PSYoungGen      total 18432K, used 17984K [0x00000000eb900000, 0x00000000ecd80000, 0x0000000100000000)
  eden space 15872K, 100% used [0x00000000eb900000,0x00000000ec880000,0x00000000ec880000)
  from space 2560K, 82% used [0x00000000ecb00000,0x00000000ecd10020,0x00000000ecd80000)
  to   space 2560K, 0% used [0x00000000ec880000,0x00000000ec880000,0x00000000ecb00000)
 ParOldGen       total 42496K, used 3556K [0x00000000c2a00000, 0x00000000c5380000, 0x00000000eb900000)
  object space 42496K, 8% used [0x00000000c2a00000,0x00000000c2d79028,0x00000000c5380000)
 Metaspace       used 13508K, capacity 13876K, committed 14080K, reserved 1060864K
  class space    used 1566K, capacity 1669K, committed 1792K, reserved 1048576K
Event: 20.622 GC heap after
Heap after GC invocations=6 (full 1):
 PSYoungGen      total 18432K, used 2240K [0x00000000eb900000, 0x00000000ecd80000, 0x0000000100000000)
  eden space 15872K, 0% used [0x00000000eb900000,0x00000000eb900000,0x00000000ec880000)
  from space 2560K, 87% used [0x00000000ec880000,0x00000000ecab0020,0x00000000ecb00000)
  to   space 2560K, 0% used [0x00000000ecb00000,0x00000000ecb00000,0x00000000ecd80000)
 ParOldGen       total 42496K, used 3556K [0x00000000c2a00000, 0x00000000c5380000, 0x00000000eb900000)
  object space 42496K, 8% used [0x00000000c2a00000,0x00000000c2d79028,0x00000000c5380000)
 Metaspace       used 13508K, capacity 13876K, committed 14080K, reserved 1060864K
  class space    used 1566K, capacity 1669K, committed 1792K, reserved 1048576K
}
Event: 22.397 GC heap before
{Heap before GC invocations=7 (full 1):
 PSYoungGen      total 18432K, used 18112K [0x00000000eb900000, 0x00000000ecd80000, 0x0000000100000000)
  eden space 15872K, 100% used [0x00000000eb900000,0x00000000ec880000,0x00000000ec880000)
  from space 2560K, 87% used [0x00000000ec880000,0x00000000ecab0020,0x00000000ecb00000)
  to   space 2560K, 0% used [0x00000000ecb00000,0x00000000ecb00000,0x00000000ecd80000)
 ParOldGen       total 42496K, used 3556K [0x00000000c2a00000, 0x00000000c5380000, 0x00000000eb900000)
  object space 42496K, 8% used [0x00000000c2a00000,0x00000000c2d79028,0x00000000c5380000)
 Metaspace       used 14378K, capacity 14788K, committed 14976K, reserved 1062912K
  class space    used 1658K, capacity 1800K, committed 1920K, reserved 1048576K
Event: 22.409 GC heap after
Heap after GC invocations=7 (full 1):
 PSYoungGen      total 16384K, used 2560K [0x00000000eb900000, 0x00000000ed180000, 0x0000000100000000)
  eden space 13824K, 0% used [0x00000000eb900000,0x00000000eb900000,0x00000000ec680000)
  from space 2560K, 100% used [0x00000000ecb00000,0x00000000ecd80000,0x00000000ecd80000)
  to   space 4608K, 0% used [0x00000000ec680000,0x00000000ec680000,0x00000000ecb00000)
 ParOldGen       total 42496K, used 4405K [0x00000000c2a00000, 0x00000000c5380000, 0x00000000eb900000)
  object space 42496K, 10% used [0x00000000c2a00000,0x00000000c2e4d5b0,0x00000000c5380000)
 Metaspace       used 14378K, capacity 14788K, committed 14976K, reserved 1062912K
  class space    used 1658K, capacity 1800K, committed 1920K, reserved 1048576K
}
Event: 36.686 GC heap before
{Heap before GC invocations=8 (full 1):
 PSYoungGen      total 16384K, used 16384K [0x00000000eb900000, 0x00000000ed180000, 0x0000000100000000)
  eden space 13824K, 100% used [0x00000000eb900000,0x00000000ec680000,0x00000000ec680000)
  from space 2560K, 100% used [0x00000000ecb00000,0x00000000ecd80000,0x00000000ecd80000)
  to   space 4608K, 0% used [0x00000000ec680000,0x00000000ec680000,0x00000000ecb00000)
 ParOldGen       total 42496K, used 4405K [0x00000000c2a00000, 0x00000000c5380000, 0x00000000eb900000)
  object space 42496K, 10% used [0x00000000c2a00000,0x00000000c2e4d5b0,0x00000000c5380000)
 Metaspace       used 14447K, capacity 14938K, committed 15232K, reserved 1062912K
  class space    used 1663K, capacity 1803K, committed 1920K, reserved 1048576K
Event: 36.691 GC heap after
Heap after GC invocations=8 (full 1):
 PSYoungGen      total 18432K, used 2416K [0x00000000eb900000, 0x00000000ecf80000, 0x0000000100000000)
  eden space 13824K, 0% used [0x00000000eb900000,0x00000000eb900000,0x00000000ec680000)
  from space 4608K, 52% used [0x00000000ec680000,0x00000000ec8dc010,0x00000000ecb00000)
  to   space 4608K, 0% used [0x00000000ecb00000,0x00000000ecb00000,0x00000000ecf80000)
 ParOldGen       total 42496K, used 4405K [0x00000000c2a00000, 0x00000000c5380000, 0x00000000eb900000)
  object space 42496K, 10% used [0x00000000c2a00000,0x00000000c2e4d5b0,0x00000000c5380000)
 Metaspace       used 14447K, capacity 14938K, committed 15232K, reserved 1062912K
  class space    used 1663K, capacity 1803K, committed 1920K, reserved 1048576K
}
Event: 48.652 GC heap before
{Heap before GC invocations=9 (full 1):
 PSYoungGen      total 18432K, used 16240K [0x00000000eb900000, 0x00000000ecf80000, 0x0000000100000000)
  eden space 13824K, 100% used [0x00000000eb900000,0x00000000ec680000,0x00000000ec680000)
  from space 4608K, 52% used [0x00000000ec680000,0x00000000ec8dc010,0x00000000ecb00000)
  to   space 4608K, 0% used [0x00000000ecb00000,0x00000000ecb00000,0x00000000ecf80000)
 ParOldGen       total 42496K, used 4405K [0x00000000c2a00000, 0x00000000c5380000, 0x00000000eb900000)
  object space 42496K, 10% used [0x00000000c2a00000,0x00000000c2e4d5b0,0x00000000c5380000)
 Metaspace       used 14480K, capacity 14942K, committed 15232K, reserved 1062912K
  class space    used 1664K, capacity 1803K, committed 1920K, reserved 1048576K
Event: 48.658 GC heap after
Heap after GC invocations=9 (full 1):
 PSYoungGen      total 18432K, used 1376K [0x00000000eb900000, 0x00000000ecf80000, 0x0000000100000000)
  eden space 13824K, 0% used [0x00000000eb900000,0x00000000eb900000,0x00000000ec680000)
  from space 4608K, 29% used [0x00000000ecb00000,0x00000000ecc58000,0x00000000ecf80000)
  to   space 4608K, 0% used [0x00000000ec680000,0x00000000ec680000,0x00000000ecb00000)
 ParOldGen       total 42496K, used 5338K [0x00000000c2a00000, 0x00000000c5380000, 0x00000000eb900000)
  object space 42496K, 12% used [0x00000000c2a00000,0x00000000c2f36ae0,0x00000000c5380000)
 Metaspace       used 14480K, capacity 14942K, committed 15232K, reserved 1062912K
  class space    used 1664K, capacity 1803K, committed 1920K, reserved 1048576K
}
Event: 62.784 GC heap before
{Heap before GC invocations=10 (full 1):
 PSYoungGen      total 18432K, used 15200K [0x00000000eb900000, 0x00000000ecf80000, 0x0000000100000000)
  eden space 13824K, 100% used [0x00000000eb900000,0x00000000ec680000,0x00000000ec680000)
  from space 4608K, 29% used [0x00000000ecb00000,0x00000000ecc58000,0x00000000ecf80000)
  to   space 4608K, 0% used [0x00000000ec680000,0x00000000ec680000,0x00000000ecb00000)
 ParOldGen       total 42496K, used 5338K [0x00000000c2a00000, 0x00000000c5380000, 0x00000000eb900000)
  object space 42496K, 12% used [0x00000000c2a00000,0x00000000c2f36ae0,0x00000000c5380000)
 Metaspace       used 14504K, capacity 14942K, committed 15232K, reserved 1062912K
  class space    used 1665K, capacity 1803K, committed 1920K, reserved 1048576K
Event: 62.850 GC heap after
Heap after GC invocations=10 (full 1):
 PSYoungGen      total 18432K, used 1120K [0x00000000eb900000, 0x00000000ecf80000, 0x0000000100000000)
  eden space 13824K, 0% used [0x00000000eb900000,0x00000000eb900000,0x00000000ec680000)
  from space 4608K, 24% used [0x00000000ec680000,0x00000000ec798000,0x00000000ecb00000)
  to   space 4608K, 0% used [0x00000000ecb00000,0x00000000ecb00000,0x00000000ecf80000)
 ParOldGen       total 42496K, used 5866K [0x00000000c2a00000, 0x00000000c5380000, 0x00000000eb900000)
  object space 42496K, 13% used [0x00000000c2a00000,0x00000000c2fbaae0,0x00000000c5380000)
 Metaspace       used 14504K, capacity 14942K, committed 15232K, reserved 1062912K
  class space    used 1665K, capacity 1803K, committed 1920K, reserved 1048576K
}

