# JRE version: Java(TM) SE Runtime Environment (8.0_201-b09) (build 1.8.0_201-b09)
# Java VM: Java HotSpot(TM) 64-Bit Server VM (25.201-b09 mixed mode linux-amd64 compressed oops)
Heap:
 PSYoungGen      total 316416K, used 150560K [0x00000000eb900000, 0x0000000100000000, 0x0000000100000000)
  eden space 299520K, 47% used [0x00000000eb900000,0x00000000f43683b8,0x00000000fdd80000)
  from space 16896K, 52% used [0x00000000fdd80000,0x00000000fe620000,0x00000000fee00000)
  to   space 16896K, 0% used [0x00000000fef80000,0x00000000fef80000,0x0000000100000000)
 ParOldGen       total 61440K, used 33438K [0x00000000c2a00000, 0x00000000c6600000, 0x00000000eb900000)
  object space 61440K, 54% used [0x00000000c2a00000,0x00000000c4aa7be0,0x00000000c6600000)
 Metaspace       used 24105K, capacity 24968K, committed 25088K, reserved 1071104K
  class space    used 2563K, capacity 2740K, committed 2816K, reserved 1048576K
GC Heap History (10 events):
Event: 49.721 GC heap before
{Heap before GC invocations=23 (full 2):
 PSYoungGen      total 314368K, used 307776K [0x00000000eb900000, 0x00000000fff00000, 0x0000000100000000)
  eden space 295936K, 100% used [0x00000000eb900000,0x00000000fda00000,0x00000000fda00000)
  from space 18432K, 64% used [0x00000000fed00000,0x00000000ff890000,0x00000000fff00000)
  to   space 18944K, 0% used [0x00000000fda00000,0x00000000fda00000,0x00000000fec80000)
 ParOldGen       total 61440K, used 29548K [0x00000000c2a00000, 0x00000000c6600000, 0x00000000eb900000)
  object space 61440K, 48% used [0x00000000c2a00000,0x00000000c46db3b0,0x00000000c6600000)
 Metaspace       used 23994K, capacity 24760K, committed 25088K, reserved 1071104K
  class space    used 2562K, capacity 2738K, committed 2816K, reserved 1048576K
Event: 49.765 GC heap after
Heap after GC invocations=23 (full 2):
 PSYoungGen      total 314880K, used 11616K [0x00000000eb900000, 0x00000000fff80000, 0x0000000100000000)
  eden space 295936K, 0% used [0x00000000eb900000,0x00000000eb900000,0x00000000fda00000)
  from space 18944K, 61% used [0x00000000fda00000,0x00000000fe558000,0x00000000fec80000)
  to   space 18432K, 0% used [0x00000000fed80000,0x00000000fed80000,0x00000000fff80000)
 ParOldGen       total 61440K, used 29556K [0x00000000c2a00000, 0x00000000c6600000, 0x00000000eb900000)
  object space 61440K, 48% used [0x00000000c2a00000,0x00000000c46dd3b0,0x00000000c6600000)
 Metaspace       used 23994K, capacity 24760K, committed 25088K, reserved 1071104K
  class space    used 2562K, capacity 2738K, committed 2816K, reserved 1048576K
}
Event: 52.866 GC heap before
{Heap before GC invocations=24 (full 2):
 PSYoungGen      total 314880K, used 307552K [0x00000000eb900000, 0x00000000fff80000, 0x0000000100000000)
  eden space 295936K, 100% used [0x00000000eb900000,0x00000000fda00000,0x00000000fda00000)
  from space 18944K, 61% used [0x00000000fda00000,0x00000000fe558000,0x00000000fec80000)
  to   space 18432K, 0% used [0x00000000fed80000,0x00000000fed80000,0x00000000fff80000)
 ParOldGen       total 61440K, used 29556K [0x00000000c2a00000, 0x00000000c6600000, 0x00000000eb900000)
  object space 61440K, 48% used [0x00000000c2a00000,0x00000000c46dd3b0,0x00000000c6600000)
 Metaspace       used 24000K, capacity 24760K, committed 25088K, reserved 1071104K
  class space    used 2562K, capacity 2738K, committed 2816K, reserved 1048576K
Event: 52.897 GC heap after
Heap after GC invocations=24 (full 2):
 PSYoungGen      total 314880K, used 11424K [0x00000000eb900000, 0x00000000ffe80000, 0x0000000100000000)
  eden space 297472K, 0% used [0x00000000eb900000,0x00000000eb900000,0x00000000fdb80000)
  from space 17408K, 65% used [0x00000000fed80000,0x00000000ff8a8000,0x00000000ffe80000)
  to   space 17920K, 0% used [0x00000000fdb80000,0x00000000fdb80000,0x00000000fed00000)
 ParOldGen       total 61440K, used 29564K [0x00000000c2a00000, 0x00000000c6600000, 0x00000000eb900000)
  object space 61440K, 48% used [0x00000000c2a00000,0x00000000c46df3b0,0x00000000c6600000)
 Metaspace       used 24000K, capacity 24760K, committed 25088K, reserved 1071104K
  class space    used 2562K, capacity 2738K, committed 2816K, reserved 1048576K
}
Event: 56.331 GC heap before
{Heap before GC invocations=25 (full 2):
 PSYoungGen      total 314880K, used 308896K [0x00000000eb900000, 0x00000000ffe80000, 0x0000000100000000)
  eden space 297472K, 100% used [0x00000000eb900000,0x00000000fdb80000,0x00000000fdb80000)
  from space 17408K, 65% used [0x00000000fed80000,0x00000000ff8a8000,0x00000000ffe80000)
  to   space 17920K, 0% used [0x00000000fdb80000,0x00000000fdb80000,0x00000000fed00000)
 ParOldGen       total 61440K, used 29564K [0x00000000c2a00000, 0x00000000c6600000, 0x00000000eb900000)
  object space 61440K, 48% used [0x00000000c2a00000,0x00000000c46df3b0,0x00000000c6600000)
 Metaspace       used 24006K, capacity 24760K, committed 25088K, reserved 1071104K
  class space    used 2562K, capacity 2738K, committed 2816K, reserved 1048576K
Event: 56.354 GC heap after
Heap after GC invocations=25 (full 2):
 PSYoungGen      total 315392K, used 10912K [0x00000000eb900000, 0x00000000fff80000, 0x0000000100000000)
  eden space 297472K, 0% used [0x00000000eb900000,0x00000000eb900000,0x00000000fdb80000)
  from space 17920K, 60% used [0x00000000fdb80000,0x00000000fe628000,0x00000000fed00000)
  to   space 17408K, 0% used [0x00000000fee80000,0x00000000fee80000,0x00000000fff80000)
 ParOldGen       total 61440K, used 29564K [0x00000000c2a00000, 0x00000000c6600000, 0x00000000eb900000)
  object space 61440K, 48% used [0x00000000c2a00000,0x00000000c46df3b0,0x00000000c6600000)
 Metaspace       used 24006K, capacity 24760K, committed 25088K, reserved 1071104K
  class space    used 2562K, capacity 2738K, committed 2816K, reserved 1048576K
}
Event: 60.361 GC heap before
{Heap before GC invocations=26 (full 2):
 PSYoungGen      total 315392K, used 308384K [0x00000000eb900000, 0x00000000fff80000, 0x0000000100000000)
  eden space 297472K, 100% used [0x00000000eb900000,0x00000000fdb80000,0x00000000fdb80000)
  from space 17920K, 60% used [0x00000000fdb80000,0x00000000fe628000,0x00000000fed00000)
  to   space 17408K, 0% used [0x00000000fee80000,0x00000000fee80000,0x00000000fff80000)
 ParOldGen       total 61440K, used 29564K [0x00000000c2a00000, 0x00000000c6600000, 0x00000000eb900000)
  object space 61440K, 48% used [0x00000000c2a00000,0x00000000c46df3b0,0x00000000c6600000)
 Metaspace       used 24044K, capacity 24834K, committed 25088K, reserved 1071104K
  class space    used 2563K, capacity 2739K, committed 2816K, reserved 1048576K
Event: 60.390 GC heap after
Heap after GC invocations=26 (full 2):
 PSYoungGen      total 315904K, used 11904K [0x00000000eb900000, 0x00000000ffe80000, 0x0000000100000000)
  eden space 299520K, 0% used [0x00000000eb900000,0x00000000eb900000,0x00000000fdd80000)
  from space 16384K, 72% used [0x00000000fee80000,0x00000000ffa20000,0x00000000ffe80000)
  to   space 16896K, 0% used [0x00000000fdd80000,0x00000000fdd80000,0x00000000fee00000)
 ParOldGen       total 61440K, used 29564K [0x00000000c2a00000, 0x00000000c6600000, 0x00000000eb900000)
  object space 61440K, 48% used [0x00000000c2a00000,0x00000000c46df3b0,0x00000000c6600000)
 Metaspace       used 24044K, capacity 24834K, committed 25088K, reserved 1071104K
  class space    used 2563K, capacity 2739K, committed 2816K, reserved 1048576K
}
Event: 64.720 GC heap before
{Heap before GC invocations=27 (full 2):
 PSYoungGen      total 315904K, used 311424K [0x00000000eb900000, 0x00000000ffe80000, 0x0000000100000000)
  eden space 299520K, 100% used [0x00000000eb900000,0x00000000fdd80000,0x00000000fdd80000)
  from space 16384K, 72% used [0x00000000fee80000,0x00000000ffa20000,0x00000000ffe80000)
  to   space 16896K, 0% used [0x00000000fdd80000,0x00000000fdd80000,0x00000000fee00000)
 ParOldGen       total 61440K, used 29564K [0x00000000c2a00000, 0x00000000c6600000, 0x00000000eb900000)
  object space 61440K, 48% used [0x00000000c2a00000,0x00000000c46df3b0,0x00000000c6600000)
 Metaspace       used 24095K, capacity 24898K, committed 25088K, reserved 1071104K
  class space    used 2563K, capacity 2739K, committed 2816K, reserved 1048576K
Event: 64.782 GC heap after
Heap after GC invocations=27 (full 2):
 PSYoungGen      total 316416K, used 8832K [0x00000000eb900000, 0x0000000100000000, 0x0000000100000000)
  eden space 299520K, 0% used [0x00000000eb900000,0x00000000eb900000,0x00000000fdd80000)
  from space 16896K, 52% used [0x00000000fdd80000,0x00000000fe620000,0x00000000fee00000)
  to   space 16896K, 0% used [0x00000000fef80000,0x00000000fef80000,0x0000000100000000)
 ParOldGen       total 61440K, used 33438K [0x00000000c2a00000, 0x00000000c6600000, 0x00000000eb900000)
  object space 61440K, 54% used [0x00000000c2a00000,0x00000000c4aa7be0,0x00000000c6600000)
 Metaspace       used 24095K, capacity 24898K, committed 25088K, reserved 1071104K
  class space    used 2563K, capacity 2739K, committed 2816K, reserved 1048576K
}

